2012.07.25 12:18 B C:\Users\COBRIEN\Desktop\Schubert\libraries\joomla\html\editor.php <-- Schubert Rackspace /web/content/libraries/joomla/html editor.php
2012.07.25 12:18 B C:\Users\COBRIEN\Desktop\Schubert\libraries\joomla\html\grid.php <-- Schubert Rackspace /web/content/libraries/joomla/html grid.php
2012.07.25 12:18 B C:\Users\COBRIEN\Desktop\Schubert\libraries\joomla\html\html.php <-- Schubert Rackspace /web/content/libraries/joomla/html html.php
2012.07.25 12:18 B C:\Users\COBRIEN\Desktop\Schubert\libraries\joomla\html\index.html <-- Schubert Rackspace /web/content/libraries/joomla/html index.html
2012.07.25 12:18 B C:\Users\COBRIEN\Desktop\Schubert\libraries\joomla\html\pagination.php <-- Schubert Rackspace /web/content/libraries/joomla/html pagination.php
2012.07.25 12:18 B C:\Users\COBRIEN\Desktop\Schubert\libraries\joomla\html\pane.php <-- Schubert Rackspace /web/content/libraries/joomla/html pane.php
2012.07.25 12:18 B C:\Users\COBRIEN\Desktop\Schubert\libraries\joomla\html\parameter.php <-- Schubert Rackspace /web/content/libraries/joomla/html parameter.php
2012.07.25 12:18 B C:\Users\COBRIEN\Desktop\Schubert\libraries\joomla\html\toolbar.php <-- Schubert Rackspace /web/content/libraries/joomla/html toolbar.php
2012.09.04 10:54 B C:\inetpub\wwwroot\libraries\joomla\html\editor.php --> ftp3.ftptoyoursite.com /web/content/SITE-TEST/libraries/joomla/html editor.php
2012.09.04 10:54 B C:\inetpub\wwwroot\libraries\joomla\html\grid.php --> ftp3.ftptoyoursite.com /web/content/SITE-TEST/libraries/joomla/html grid.php
2012.09.04 10:54 B C:\inetpub\wwwroot\libraries\joomla\html\html.php --> ftp3.ftptoyoursite.com /web/content/SITE-TEST/libraries/joomla/html html.php
2012.09.04 10:54 B C:\inetpub\wwwroot\libraries\joomla\html\index.html --> ftp3.ftptoyoursite.com /web/content/SITE-TEST/libraries/joomla/html index.html
2012.09.04 10:54 B C:\inetpub\wwwroot\libraries\joomla\html\pagination.php --> ftp3.ftptoyoursite.com /web/content/SITE-TEST/libraries/joomla/html pagination.php
2012.09.04 10:54 B C:\inetpub\wwwroot\libraries\joomla\html\pane.php --> ftp3.ftptoyoursite.com /web/content/SITE-TEST/libraries/joomla/html pane.php
2012.09.04 10:54 B C:\inetpub\wwwroot\libraries\joomla\html\parameter.php --> ftp3.ftptoyoursite.com /web/content/SITE-TEST/libraries/joomla/html parameter.php
2012.09.04 10:54 B C:\inetpub\wwwroot\libraries\joomla\html\toolbar.php --> ftp3.ftptoyoursite.com /web/content/SITE-TEST/libraries/joomla/html toolbar.php
2012.09.04 10:54 B C:\inetpub\wwwroot\libraries\joomla\html\WS_FTP.LOG --> ftp3.ftptoyoursite.com /web/content/SITE-TEST/libraries/joomla/html WS_FTP.LOG
2012.09.06 15:12 B C:\inetpub\wwwroot\libraries\joomla\html\editor.php --> ftp3.ftptoyoursite.com /web/content/SITEBACKUP_962012/libraries/joomla/html editor.php
2012.09.06 15:12 B C:\inetpub\wwwroot\libraries\joomla\html\grid.php --> ftp3.ftptoyoursite.com /web/content/SITEBACKUP_962012/libraries/joomla/html grid.php
2012.09.06 15:12 B C:\inetpub\wwwroot\libraries\joomla\html\html.php --> ftp3.ftptoyoursite.com /web/content/SITEBACKUP_962012/libraries/joomla/html html.php
2012.09.06 15:12 B C:\inetpub\wwwroot\libraries\joomla\html\index.html --> ftp3.ftptoyoursite.com /web/content/SITEBACKUP_962012/libraries/joomla/html index.html
2012.09.06 15:12 B C:\inetpub\wwwroot\libraries\joomla\html\pagination.php --> ftp3.ftptoyoursite.com /web/content/SITEBACKUP_962012/libraries/joomla/html pagination.php
2012.09.06 15:12 B C:\inetpub\wwwroot\libraries\joomla\html\pane.php --> ftp3.ftptoyoursite.com /web/content/SITEBACKUP_962012/libraries/joomla/html pane.php
2012.09.06 15:12 B C:\inetpub\wwwroot\libraries\joomla\html\parameter.php --> ftp3.ftptoyoursite.com /web/content/SITEBACKUP_962012/libraries/joomla/html parameter.php
2012.09.06 15:12 B C:\inetpub\wwwroot\libraries\joomla\html\toolbar.php --> ftp3.ftptoyoursite.com /web/content/SITEBACKUP_962012/libraries/joomla/html toolbar.php
2012.09.06 15:12 B C:\inetpub\wwwroot\libraries\joomla\html\WS_FTP.LOG --> ftp3.ftptoyoursite.com /web/content/SITEBACKUP_962012/libraries/joomla/html WS_FTP.LOG
2012.10.23 09:15 B C:\inetpub\wwwroot\libraries\joomla\html\editor.php --> ftp3.ftptoyoursite.com /web/content/libraries/joomla/html editor.php
2012.10.23 09:15 B C:\inetpub\wwwroot\libraries\joomla\html\grid.php --> ftp3.ftptoyoursite.com /web/content/libraries/joomla/html grid.php
2012.10.23 09:15 B C:\inetpub\wwwroot\libraries\joomla\html\html.php --> ftp3.ftptoyoursite.com /web/content/libraries/joomla/html html.php
2012.10.23 09:15 B C:\inetpub\wwwroot\libraries\joomla\html\index.html --> ftp3.ftptoyoursite.com /web/content/libraries/joomla/html index.html
2012.10.23 09:15 B C:\inetpub\wwwroot\libraries\joomla\html\pagination.php --> ftp3.ftptoyoursite.com /web/content/libraries/joomla/html pagination.php
2012.10.23 09:15 B C:\inetpub\wwwroot\libraries\joomla\html\pane.php --> ftp3.ftptoyoursite.com /web/content/libraries/joomla/html pane.php
2012.10.23 09:15 B C:\inetpub\wwwroot\libraries\joomla\html\parameter.php --> ftp3.ftptoyoursite.com /web/content/libraries/joomla/html parameter.php
2012.10.23 09:15 B C:\inetpub\wwwroot\libraries\joomla\html\toolbar.php --> ftp3.ftptoyoursite.com /web/content/libraries/joomla/html toolbar.php
2012.10.23 09:15 B C:\inetpub\wwwroot\libraries\joomla\html\WS_FTP.LOG --> ftp3.ftptoyoursite.com /web/content/libraries/joomla/html WS_FTP.LOG
2013.02.01 14:54 B C:\inetpub\wwwroot\libraries\joomla\html\WS_FTP.LOG <-- Schubert Rackspace /web/content/libraries/joomla/html WS_FTP.LOG
