2012.07.25 12:19 B C:\Users\COBRIEN\Desktop\Schubert\modules\mod_arisexylightbox\includes\js\sexyimages\white\404.png <-- Schubert Rackspace /web/content/modules/mod_arisexylightbox/includes/js/sexyimages/white 404.png
2012.07.25 12:19 B C:\Users\COBRIEN\Desktop\Schubert\modules\mod_arisexylightbox\includes\js\sexyimages\white\404html.png <-- Schubert Rackspace /web/content/modules/mod_arisexylightbox/includes/js/sexyimages/white 404html.png
2012.07.25 12:19 B C:\Users\COBRIEN\Desktop\Schubert\modules\mod_arisexylightbox\includes\js\sexyimages\white\bgSexy.gif <-- Schubert Rackspace /web/content/modules/mod_arisexylightbox/includes/js/sexyimages/white bgSexy.gif
2012.07.25 12:19 B C:\Users\COBRIEN\Desktop\Schubert\modules\mod_arisexylightbox\includes\js\sexyimages\white\bgSexy.png <-- Schubert Rackspace /web/content/modules/mod_arisexylightbox/includes/js/sexyimages/white bgSexy.png
2012.07.25 12:19 B C:\Users\COBRIEN\Desktop\Schubert\modules\mod_arisexylightbox\includes\js\sexyimages\white\buttons.png <-- Schubert Rackspace /web/content/modules/mod_arisexylightbox/includes/js/sexyimages/white buttons.png
2012.07.25 12:19 B C:\Users\COBRIEN\Desktop\Schubert\modules\mod_arisexylightbox\includes\js\sexyimages\white\index.html <-- Schubert Rackspace /web/content/modules/mod_arisexylightbox/includes/js/sexyimages/white index.html
2012.07.25 12:19 B C:\Users\COBRIEN\Desktop\Schubert\modules\mod_arisexylightbox\includes\js\sexyimages\white\loading.gif <-- Schubert Rackspace /web/content/modules/mod_arisexylightbox/includes/js/sexyimages/white loading.gif
2012.09.04 10:55 B C:\inetpub\wwwroot\modules\mod_arisexylightbox\includes\js\sexyimages\white\404.png --> ftp3.ftptoyoursite.com /web/content/SITE-TEST/modules/mod_arisexylightbox/includes/js/sexyimages/white 404.png
2012.09.04 10:55 B C:\inetpub\wwwroot\modules\mod_arisexylightbox\includes\js\sexyimages\white\404html.png --> ftp3.ftptoyoursite.com /web/content/SITE-TEST/modules/mod_arisexylightbox/includes/js/sexyimages/white 404html.png
2012.09.04 10:55 B C:\inetpub\wwwroot\modules\mod_arisexylightbox\includes\js\sexyimages\white\bgSexy.gif --> ftp3.ftptoyoursite.com /web/content/SITE-TEST/modules/mod_arisexylightbox/includes/js/sexyimages/white bgSexy.gif
2012.09.04 10:55 B C:\inetpub\wwwroot\modules\mod_arisexylightbox\includes\js\sexyimages\white\bgSexy.png --> ftp3.ftptoyoursite.com /web/content/SITE-TEST/modules/mod_arisexylightbox/includes/js/sexyimages/white bgSexy.png
2012.09.04 10:55 B C:\inetpub\wwwroot\modules\mod_arisexylightbox\includes\js\sexyimages\white\buttons.png --> ftp3.ftptoyoursite.com /web/content/SITE-TEST/modules/mod_arisexylightbox/includes/js/sexyimages/white buttons.png
2012.09.04 10:55 B C:\inetpub\wwwroot\modules\mod_arisexylightbox\includes\js\sexyimages\white\index.html --> ftp3.ftptoyoursite.com /web/content/SITE-TEST/modules/mod_arisexylightbox/includes/js/sexyimages/white index.html
2012.09.04 10:55 B C:\inetpub\wwwroot\modules\mod_arisexylightbox\includes\js\sexyimages\white\loading.gif --> ftp3.ftptoyoursite.com /web/content/SITE-TEST/modules/mod_arisexylightbox/includes/js/sexyimages/white loading.gif
2012.09.04 10:55 B C:\inetpub\wwwroot\modules\mod_arisexylightbox\includes\js\sexyimages\white\WS_FTP.LOG --> ftp3.ftptoyoursite.com /web/content/SITE-TEST/modules/mod_arisexylightbox/includes/js/sexyimages/white WS_FTP.LOG
2012.09.06 15:14 B C:\inetpub\wwwroot\modules\mod_arisexylightbox\includes\js\sexyimages\white\404.png --> ftp3.ftptoyoursite.com /web/content/SITEBACKUP_962012/modules/mod_arisexylightbox/includes/js/sexyimages/white 404.png
2012.09.06 15:14 B C:\inetpub\wwwroot\modules\mod_arisexylightbox\includes\js\sexyimages\white\404html.png --> ftp3.ftptoyoursite.com /web/content/SITEBACKUP_962012/modules/mod_arisexylightbox/includes/js/sexyimages/white 404html.png
2012.09.06 15:14 B C:\inetpub\wwwroot\modules\mod_arisexylightbox\includes\js\sexyimages\white\bgSexy.gif --> ftp3.ftptoyoursite.com /web/content/SITEBACKUP_962012/modules/mod_arisexylightbox/includes/js/sexyimages/white bgSexy.gif
2012.09.06 15:14 B C:\inetpub\wwwroot\modules\mod_arisexylightbox\includes\js\sexyimages\white\bgSexy.png --> ftp3.ftptoyoursite.com /web/content/SITEBACKUP_962012/modules/mod_arisexylightbox/includes/js/sexyimages/white bgSexy.png
2012.09.06 15:14 B C:\inetpub\wwwroot\modules\mod_arisexylightbox\includes\js\sexyimages\white\buttons.png --> ftp3.ftptoyoursite.com /web/content/SITEBACKUP_962012/modules/mod_arisexylightbox/includes/js/sexyimages/white buttons.png
2012.09.06 15:14 B C:\inetpub\wwwroot\modules\mod_arisexylightbox\includes\js\sexyimages\white\index.html --> ftp3.ftptoyoursite.com /web/content/SITEBACKUP_962012/modules/mod_arisexylightbox/includes/js/sexyimages/white index.html
2012.09.06 15:14 B C:\inetpub\wwwroot\modules\mod_arisexylightbox\includes\js\sexyimages\white\loading.gif --> ftp3.ftptoyoursite.com /web/content/SITEBACKUP_962012/modules/mod_arisexylightbox/includes/js/sexyimages/white loading.gif
2012.09.06 15:14 B C:\inetpub\wwwroot\modules\mod_arisexylightbox\includes\js\sexyimages\white\WS_FTP.LOG --> ftp3.ftptoyoursite.com /web/content/SITEBACKUP_962012/modules/mod_arisexylightbox/includes/js/sexyimages/white WS_FTP.LOG
2012.10.23 09:16 B C:\inetpub\wwwroot\modules\mod_arisexylightbox\includes\js\sexyimages\white\404.png --> ftp3.ftptoyoursite.com /web/content/modules/mod_arisexylightbox/includes/js/sexyimages/white 404.png
2012.10.23 09:16 B C:\inetpub\wwwroot\modules\mod_arisexylightbox\includes\js\sexyimages\white\404html.png --> ftp3.ftptoyoursite.com /web/content/modules/mod_arisexylightbox/includes/js/sexyimages/white 404html.png
2012.10.23 09:16 B C:\inetpub\wwwroot\modules\mod_arisexylightbox\includes\js\sexyimages\white\bgSexy.gif --> ftp3.ftptoyoursite.com /web/content/modules/mod_arisexylightbox/includes/js/sexyimages/white bgSexy.gif
2012.10.23 09:16 B C:\inetpub\wwwroot\modules\mod_arisexylightbox\includes\js\sexyimages\white\bgSexy.png --> ftp3.ftptoyoursite.com /web/content/modules/mod_arisexylightbox/includes/js/sexyimages/white bgSexy.png
2012.10.23 09:16 B C:\inetpub\wwwroot\modules\mod_arisexylightbox\includes\js\sexyimages\white\buttons.png --> ftp3.ftptoyoursite.com /web/content/modules/mod_arisexylightbox/includes/js/sexyimages/white buttons.png
2012.10.23 09:16 B C:\inetpub\wwwroot\modules\mod_arisexylightbox\includes\js\sexyimages\white\index.html --> ftp3.ftptoyoursite.com /web/content/modules/mod_arisexylightbox/includes/js/sexyimages/white index.html
2012.10.23 09:16 B C:\inetpub\wwwroot\modules\mod_arisexylightbox\includes\js\sexyimages\white\loading.gif --> ftp3.ftptoyoursite.com /web/content/modules/mod_arisexylightbox/includes/js/sexyimages/white loading.gif
2012.10.23 09:16 B C:\inetpub\wwwroot\modules\mod_arisexylightbox\includes\js\sexyimages\white\WS_FTP.LOG --> ftp3.ftptoyoursite.com /web/content/modules/mod_arisexylightbox/includes/js/sexyimages/white WS_FTP.LOG
2013.02.01 15:02 B C:\inetpub\wwwroot\modules\mod_arisexylightbox\includes\js\sexyimages\white\WS_FTP.LOG <-- Schubert Rackspace /web/content/modules/mod_arisexylightbox/includes/js/sexyimages/white WS_FTP.LOG
