2012.07.25 12:11 B C:\Users\COBRIEN\Desktop\Schubert\administrator\components\com_jce\access.xml <-- Schubert Rackspace /web/content/administrator/components/com_jce access.xml
2012.07.25 12:11 B C:\Users\COBRIEN\Desktop\Schubert\administrator\components\com_jce\config.xml <-- Schubert Rackspace /web/content/administrator/components/com_jce config.xml
2012.07.25 12:11 B C:\Users\COBRIEN\Desktop\Schubert\administrator\components\com_jce\controller.php <-- Schubert Rackspace /web/content/administrator/components/com_jce controller.php
2012.07.25 12:11 B C:\Users\COBRIEN\Desktop\Schubert\administrator\components\com_jce\index.html <-- Schubert Rackspace /web/content/administrator/components/com_jce index.html
2012.07.25 12:11 B C:\Users\COBRIEN\Desktop\Schubert\administrator\components\com_jce\install.php <-- Schubert Rackspace /web/content/administrator/components/com_jce install.php
2012.07.25 12:11 B C:\Users\COBRIEN\Desktop\Schubert\administrator\components\com_jce\jce.php <-- Schubert Rackspace /web/content/administrator/components/com_jce jce.php
2012.07.25 12:11 B C:\Users\COBRIEN\Desktop\Schubert\administrator\components\com_jce\jce.xml <-- Schubert Rackspace /web/content/administrator/components/com_jce jce.xml
2012.07.25 12:11 B C:\Users\COBRIEN\Desktop\Schubert\administrator\components\com_jce\licence.txt <-- Schubert Rackspace /web/content/administrator/components/com_jce licence.txt
2012.09.04 10:45 B C:\inetpub\wwwroot\administrator\components\com_jce\access.xml --> ftp3.ftptoyoursite.com /web/content/SITE-TEST/administrator/components/com_jce access.xml
2012.09.04 10:45 B C:\inetpub\wwwroot\administrator\components\com_jce\config.xml --> ftp3.ftptoyoursite.com /web/content/SITE-TEST/administrator/components/com_jce config.xml
2012.09.04 10:45 B C:\inetpub\wwwroot\administrator\components\com_jce\controller.php --> ftp3.ftptoyoursite.com /web/content/SITE-TEST/administrator/components/com_jce controller.php
2012.09.04 10:45 B C:\inetpub\wwwroot\administrator\components\com_jce\index.html --> ftp3.ftptoyoursite.com /web/content/SITE-TEST/administrator/components/com_jce index.html
2012.09.04 10:45 B C:\inetpub\wwwroot\administrator\components\com_jce\install.php --> ftp3.ftptoyoursite.com /web/content/SITE-TEST/administrator/components/com_jce install.php
2012.09.04 10:45 B C:\inetpub\wwwroot\administrator\components\com_jce\jce.php --> ftp3.ftptoyoursite.com /web/content/SITE-TEST/administrator/components/com_jce jce.php
2012.09.04 10:45 B C:\inetpub\wwwroot\administrator\components\com_jce\jce.xml --> ftp3.ftptoyoursite.com /web/content/SITE-TEST/administrator/components/com_jce jce.xml
2012.09.04 10:45 B C:\inetpub\wwwroot\administrator\components\com_jce\licence.txt --> ftp3.ftptoyoursite.com /web/content/SITE-TEST/administrator/components/com_jce licence.txt
2012.09.04 10:45 B C:\inetpub\wwwroot\administrator\components\com_jce\WS_FTP.LOG --> ftp3.ftptoyoursite.com /web/content/SITE-TEST/administrator/components/com_jce WS_FTP.LOG
2012.09.06 14:59 B C:\inetpub\wwwroot\administrator\components\com_jce\access.xml --> ftp3.ftptoyoursite.com /web/content/SITEBACKUP_962012/administrator/components/com_jce access.xml
2012.09.06 14:59 B C:\inetpub\wwwroot\administrator\components\com_jce\config.xml --> ftp3.ftptoyoursite.com /web/content/SITEBACKUP_962012/administrator/components/com_jce config.xml
2012.09.06 14:59 B C:\inetpub\wwwroot\administrator\components\com_jce\controller.php --> ftp3.ftptoyoursite.com /web/content/SITEBACKUP_962012/administrator/components/com_jce controller.php
2012.09.06 14:59 B C:\inetpub\wwwroot\administrator\components\com_jce\index.html --> ftp3.ftptoyoursite.com /web/content/SITEBACKUP_962012/administrator/components/com_jce index.html
2012.09.06 14:59 B C:\inetpub\wwwroot\administrator\components\com_jce\install.php --> ftp3.ftptoyoursite.com /web/content/SITEBACKUP_962012/administrator/components/com_jce install.php
2012.09.06 14:59 B C:\inetpub\wwwroot\administrator\components\com_jce\jce.php --> ftp3.ftptoyoursite.com /web/content/SITEBACKUP_962012/administrator/components/com_jce jce.php
2012.09.06 14:59 B C:\inetpub\wwwroot\administrator\components\com_jce\jce.xml --> ftp3.ftptoyoursite.com /web/content/SITEBACKUP_962012/administrator/components/com_jce jce.xml
2012.09.06 14:59 B C:\inetpub\wwwroot\administrator\components\com_jce\licence.txt --> ftp3.ftptoyoursite.com /web/content/SITEBACKUP_962012/administrator/components/com_jce licence.txt
2012.09.06 14:59 B C:\inetpub\wwwroot\administrator\components\com_jce\WS_FTP.LOG --> ftp3.ftptoyoursite.com /web/content/SITEBACKUP_962012/administrator/components/com_jce WS_FTP.LOG
2012.09.06 15:21 B C:\inetpub\wwwroot\administrator\components\com_jce\access.xml <-- Schubert Rackspace /web/content/administrator/components/com_jce access.xml
2012.09.06 15:21 B C:\inetpub\wwwroot\administrator\components\com_jce\config.xml <-- Schubert Rackspace /web/content/administrator/components/com_jce config.xml
2012.09.06 15:21 B C:\inetpub\wwwroot\administrator\components\com_jce\controller.php <-- Schubert Rackspace /web/content/administrator/components/com_jce controller.php
2012.09.06 15:21 B C:\inetpub\wwwroot\administrator\components\com_jce\index.html <-- Schubert Rackspace /web/content/administrator/components/com_jce index.html
2012.09.06 15:21 B C:\inetpub\wwwroot\administrator\components\com_jce\install.php <-- Schubert Rackspace /web/content/administrator/components/com_jce install.php
2012.09.06 15:21 B C:\inetpub\wwwroot\administrator\components\com_jce\install.script.php <-- Schubert Rackspace /web/content/administrator/components/com_jce install.script.php
2012.09.06 15:21 B C:\inetpub\wwwroot\administrator\components\com_jce\jce.php <-- Schubert Rackspace /web/content/administrator/components/com_jce jce.php
2012.09.06 15:21 B C:\inetpub\wwwroot\administrator\components\com_jce\jce.xml <-- Schubert Rackspace /web/content/administrator/components/com_jce jce.xml
2012.09.06 15:21 B C:\inetpub\wwwroot\administrator\components\com_jce\licence.txt <-- Schubert Rackspace /web/content/administrator/components/com_jce licence.txt
2012.09.06 15:44 B C:\inetpub\wwwroot\administrator\components\com_jce\access.xml <-- Schubert Rackspace /web/content/SITEBACKUP_962012/administrator/components/com_jce access.xml
2012.09.06 15:44 B C:\inetpub\wwwroot\administrator\components\com_jce\config.xml <-- Schubert Rackspace /web/content/SITEBACKUP_962012/administrator/components/com_jce config.xml
2012.09.06 15:44 B C:\inetpub\wwwroot\administrator\components\com_jce\controller.php <-- Schubert Rackspace /web/content/SITEBACKUP_962012/administrator/components/com_jce controller.php
2012.09.06 15:44 B C:\inetpub\wwwroot\administrator\components\com_jce\index.html <-- Schubert Rackspace /web/content/SITEBACKUP_962012/administrator/components/com_jce index.html
2012.09.06 15:44 B C:\inetpub\wwwroot\administrator\components\com_jce\install.php <-- Schubert Rackspace /web/content/SITEBACKUP_962012/administrator/components/com_jce install.php
2012.09.06 15:44 B C:\inetpub\wwwroot\administrator\components\com_jce\jce.php <-- Schubert Rackspace /web/content/SITEBACKUP_962012/administrator/components/com_jce jce.php
2012.09.06 15:44 B C:\inetpub\wwwroot\administrator\components\com_jce\jce.xml <-- Schubert Rackspace /web/content/SITEBACKUP_962012/administrator/components/com_jce jce.xml
2012.09.06 15:44 B C:\inetpub\wwwroot\administrator\components\com_jce\licence.txt <-- Schubert Rackspace /web/content/SITEBACKUP_962012/administrator/components/com_jce licence.txt
2012.10.23 09:05 B C:\inetpub\wwwroot\administrator\components\com_jce\access.xml --> ftp3.ftptoyoursite.com /web/content/administrator/components/com_jce access.xml
2012.10.23 09:05 B C:\inetpub\wwwroot\administrator\components\com_jce\config.xml --> ftp3.ftptoyoursite.com /web/content/administrator/components/com_jce config.xml
2012.10.23 09:05 B C:\inetpub\wwwroot\administrator\components\com_jce\controller.php --> ftp3.ftptoyoursite.com /web/content/administrator/components/com_jce controller.php
2012.10.23 09:05 B C:\inetpub\wwwroot\administrator\components\com_jce\index.html --> ftp3.ftptoyoursite.com /web/content/administrator/components/com_jce index.html
2012.10.23 09:05 B C:\inetpub\wwwroot\administrator\components\com_jce\install.php --> ftp3.ftptoyoursite.com /web/content/administrator/components/com_jce install.php
2012.10.23 09:05 B C:\inetpub\wwwroot\administrator\components\com_jce\install.script.php --> ftp3.ftptoyoursite.com /web/content/administrator/components/com_jce install.script.php
2012.10.23 09:05 B C:\inetpub\wwwroot\administrator\components\com_jce\jce.php --> ftp3.ftptoyoursite.com /web/content/administrator/components/com_jce jce.php
2012.10.23 09:05 B C:\inetpub\wwwroot\administrator\components\com_jce\jce.xml --> ftp3.ftptoyoursite.com /web/content/administrator/components/com_jce jce.xml
2012.10.23 09:05 B C:\inetpub\wwwroot\administrator\components\com_jce\licence.txt --> ftp3.ftptoyoursite.com /web/content/administrator/components/com_jce licence.txt
2012.10.23 09:05 B C:\inetpub\wwwroot\administrator\components\com_jce\WS_FTP.LOG --> ftp3.ftptoyoursite.com /web/content/administrator/components/com_jce WS_FTP.LOG
2013.02.01 14:41 B C:\inetpub\wwwroot\administrator\components\com_jce\WS_FTP.LOG <-- Schubert Rackspace /web/content/administrator/components/com_jce WS_FTP.LOG
