2012.07.25 12:15 B C:\Users\COBRIEN\Desktop\Schubert\components\com_jce\editor\libraries\img\broken.png <-- Schubert Rackspace /web/content/components/com_jce/editor/libraries/img broken.png
2012.07.25 12:15 B C:\Users\COBRIEN\Desktop\Schubert\components\com_jce\editor\libraries\img\dash.gif <-- Schubert Rackspace /web/content/components/com_jce/editor/libraries/img dash.gif
2012.07.25 12:15 B C:\Users\COBRIEN\Desktop\Schubert\components\com_jce\editor\libraries\img\drag.png <-- Schubert Rackspace /web/content/components/com_jce/editor/libraries/img drag.png
2012.07.25 12:15 B C:\Users\COBRIEN\Desktop\Schubert\components\com_jce\editor\libraries\img\ext.png <-- Schubert Rackspace /web/content/components/com_jce/editor/libraries/img ext.png
2012.07.25 12:15 B C:\Users\COBRIEN\Desktop\Schubert\components\com_jce\editor\libraries\img\icons-24.png <-- Schubert Rackspace /web/content/components/com_jce/editor/libraries/img icons-24.png
2012.07.25 12:15 B C:\Users\COBRIEN\Desktop\Schubert\components\com_jce\editor\libraries\img\icons.png <-- Schubert Rackspace /web/content/components/com_jce/editor/libraries/img icons.png
2012.07.25 12:15 B C:\Users\COBRIEN\Desktop\Schubert\components\com_jce\editor\libraries\img\index.html <-- Schubert Rackspace /web/content/components/com_jce/editor/libraries/img index.html
2012.07.25 12:15 B C:\Users\COBRIEN\Desktop\Schubert\components\com_jce\editor\libraries\img\load.gif <-- Schubert Rackspace /web/content/components/com_jce/editor/libraries/img load.gif
2012.07.25 12:15 B C:\Users\COBRIEN\Desktop\Schubert\components\com_jce\editor\libraries\img\marker.png <-- Schubert Rackspace /web/content/components/com_jce/editor/libraries/img marker.png
2012.07.25 12:15 B C:\Users\COBRIEN\Desktop\Schubert\components\com_jce\editor\libraries\img\mask.png <-- Schubert Rackspace /web/content/components/com_jce/editor/libraries/img mask.png
2012.07.25 12:15 B C:\Users\COBRIEN\Desktop\Schubert\components\com_jce\editor\libraries\img\sample.jpg <-- Schubert Rackspace /web/content/components/com_jce/editor/libraries/img sample.jpg
2012.07.25 12:15 B C:\Users\COBRIEN\Desktop\Schubert\components\com_jce\editor\libraries\img\spacer.gif <-- Schubert Rackspace /web/content/components/com_jce/editor/libraries/img spacer.gif
2012.07.25 12:15 B C:\Users\COBRIEN\Desktop\Schubert\components\com_jce\editor\libraries\img\wheel.png <-- Schubert Rackspace /web/content/components/com_jce/editor/libraries/img wheel.png
2012.09.04 10:50 B C:\inetpub\wwwroot\components\com_jce\editor\libraries\img\broken.png --> ftp3.ftptoyoursite.com /web/content/SITE-TEST/components/com_jce/editor/libraries/img broken.png
2012.09.04 10:50 B C:\inetpub\wwwroot\components\com_jce\editor\libraries\img\dash.gif --> ftp3.ftptoyoursite.com /web/content/SITE-TEST/components/com_jce/editor/libraries/img dash.gif
2012.09.04 10:50 B C:\inetpub\wwwroot\components\com_jce\editor\libraries\img\drag.png --> ftp3.ftptoyoursite.com /web/content/SITE-TEST/components/com_jce/editor/libraries/img drag.png
2012.09.04 10:50 B C:\inetpub\wwwroot\components\com_jce\editor\libraries\img\ext.png --> ftp3.ftptoyoursite.com /web/content/SITE-TEST/components/com_jce/editor/libraries/img ext.png
2012.09.04 10:50 B C:\inetpub\wwwroot\components\com_jce\editor\libraries\img\icons-24.png --> ftp3.ftptoyoursite.com /web/content/SITE-TEST/components/com_jce/editor/libraries/img icons-24.png
2012.09.04 10:50 B C:\inetpub\wwwroot\components\com_jce\editor\libraries\img\icons.png --> ftp3.ftptoyoursite.com /web/content/SITE-TEST/components/com_jce/editor/libraries/img icons.png
2012.09.04 10:50 B C:\inetpub\wwwroot\components\com_jce\editor\libraries\img\index.html --> ftp3.ftptoyoursite.com /web/content/SITE-TEST/components/com_jce/editor/libraries/img index.html
2012.09.04 10:50 B C:\inetpub\wwwroot\components\com_jce\editor\libraries\img\load.gif --> ftp3.ftptoyoursite.com /web/content/SITE-TEST/components/com_jce/editor/libraries/img load.gif
2012.09.04 10:50 B C:\inetpub\wwwroot\components\com_jce\editor\libraries\img\marker.png --> ftp3.ftptoyoursite.com /web/content/SITE-TEST/components/com_jce/editor/libraries/img marker.png
2012.09.04 10:50 B C:\inetpub\wwwroot\components\com_jce\editor\libraries\img\mask.png --> ftp3.ftptoyoursite.com /web/content/SITE-TEST/components/com_jce/editor/libraries/img mask.png
2012.09.04 10:50 B C:\inetpub\wwwroot\components\com_jce\editor\libraries\img\sample.jpg --> ftp3.ftptoyoursite.com /web/content/SITE-TEST/components/com_jce/editor/libraries/img sample.jpg
2012.09.04 10:50 B C:\inetpub\wwwroot\components\com_jce\editor\libraries\img\spacer.gif --> ftp3.ftptoyoursite.com /web/content/SITE-TEST/components/com_jce/editor/libraries/img spacer.gif
2012.09.04 10:50 B C:\inetpub\wwwroot\components\com_jce\editor\libraries\img\wheel.png --> ftp3.ftptoyoursite.com /web/content/SITE-TEST/components/com_jce/editor/libraries/img wheel.png
2012.09.04 10:50 B C:\inetpub\wwwroot\components\com_jce\editor\libraries\img\WS_FTP.LOG --> ftp3.ftptoyoursite.com /web/content/SITE-TEST/components/com_jce/editor/libraries/img WS_FTP.LOG
2012.09.06 15:07 B C:\inetpub\wwwroot\components\com_jce\editor\libraries\img\broken.png --> ftp3.ftptoyoursite.com /web/content/SITEBACKUP_962012/components/com_jce/editor/libraries/img broken.png
2012.09.06 15:07 B C:\inetpub\wwwroot\components\com_jce\editor\libraries\img\dash.gif --> ftp3.ftptoyoursite.com /web/content/SITEBACKUP_962012/components/com_jce/editor/libraries/img dash.gif
2012.09.06 15:07 B C:\inetpub\wwwroot\components\com_jce\editor\libraries\img\drag.png --> ftp3.ftptoyoursite.com /web/content/SITEBACKUP_962012/components/com_jce/editor/libraries/img drag.png
2012.09.06 15:07 B C:\inetpub\wwwroot\components\com_jce\editor\libraries\img\ext.png --> ftp3.ftptoyoursite.com /web/content/SITEBACKUP_962012/components/com_jce/editor/libraries/img ext.png
2012.09.06 15:07 B C:\inetpub\wwwroot\components\com_jce\editor\libraries\img\icons-24.png --> ftp3.ftptoyoursite.com /web/content/SITEBACKUP_962012/components/com_jce/editor/libraries/img icons-24.png
2012.09.06 15:07 B C:\inetpub\wwwroot\components\com_jce\editor\libraries\img\icons.png --> ftp3.ftptoyoursite.com /web/content/SITEBACKUP_962012/components/com_jce/editor/libraries/img icons.png
2012.09.06 15:07 B C:\inetpub\wwwroot\components\com_jce\editor\libraries\img\index.html --> ftp3.ftptoyoursite.com /web/content/SITEBACKUP_962012/components/com_jce/editor/libraries/img index.html
2012.09.06 15:07 B C:\inetpub\wwwroot\components\com_jce\editor\libraries\img\load.gif --> ftp3.ftptoyoursite.com /web/content/SITEBACKUP_962012/components/com_jce/editor/libraries/img load.gif
2012.09.06 15:07 B C:\inetpub\wwwroot\components\com_jce\editor\libraries\img\marker.png --> ftp3.ftptoyoursite.com /web/content/SITEBACKUP_962012/components/com_jce/editor/libraries/img marker.png
2012.09.06 15:07 B C:\inetpub\wwwroot\components\com_jce\editor\libraries\img\mask.png --> ftp3.ftptoyoursite.com /web/content/SITEBACKUP_962012/components/com_jce/editor/libraries/img mask.png
2012.09.06 15:07 B C:\inetpub\wwwroot\components\com_jce\editor\libraries\img\sample.jpg --> ftp3.ftptoyoursite.com /web/content/SITEBACKUP_962012/components/com_jce/editor/libraries/img sample.jpg
2012.09.06 15:07 B C:\inetpub\wwwroot\components\com_jce\editor\libraries\img\spacer.gif --> ftp3.ftptoyoursite.com /web/content/SITEBACKUP_962012/components/com_jce/editor/libraries/img spacer.gif
2012.09.06 15:07 B C:\inetpub\wwwroot\components\com_jce\editor\libraries\img\wheel.png --> ftp3.ftptoyoursite.com /web/content/SITEBACKUP_962012/components/com_jce/editor/libraries/img wheel.png
2012.09.06 15:07 B C:\inetpub\wwwroot\components\com_jce\editor\libraries\img\WS_FTP.LOG --> ftp3.ftptoyoursite.com /web/content/SITEBACKUP_962012/components/com_jce/editor/libraries/img WS_FTP.LOG
2012.09.06 15:48 B C:\inetpub\wwwroot\components\com_jce\editor\libraries\img\broken.png <-- Schubert Rackspace /web/content/SITEBACKUP_962012/components/com_jce/editor/libraries/img broken.png
2012.09.06 15:48 B C:\inetpub\wwwroot\components\com_jce\editor\libraries\img\dash.gif <-- Schubert Rackspace /web/content/SITEBACKUP_962012/components/com_jce/editor/libraries/img dash.gif
2012.09.06 15:48 B C:\inetpub\wwwroot\components\com_jce\editor\libraries\img\drag.png <-- Schubert Rackspace /web/content/SITEBACKUP_962012/components/com_jce/editor/libraries/img drag.png
2012.09.06 15:48 B C:\inetpub\wwwroot\components\com_jce\editor\libraries\img\ext.png <-- Schubert Rackspace /web/content/SITEBACKUP_962012/components/com_jce/editor/libraries/img ext.png
2012.09.06 15:48 B C:\inetpub\wwwroot\components\com_jce\editor\libraries\img\icons-24.png <-- Schubert Rackspace /web/content/SITEBACKUP_962012/components/com_jce/editor/libraries/img icons-24.png
2012.09.06 15:48 B C:\inetpub\wwwroot\components\com_jce\editor\libraries\img\icons.png <-- Schubert Rackspace /web/content/SITEBACKUP_962012/components/com_jce/editor/libraries/img icons.png
2012.09.06 15:48 B C:\inetpub\wwwroot\components\com_jce\editor\libraries\img\index.html <-- Schubert Rackspace /web/content/SITEBACKUP_962012/components/com_jce/editor/libraries/img index.html
2012.09.06 15:48 B C:\inetpub\wwwroot\components\com_jce\editor\libraries\img\load.gif <-- Schubert Rackspace /web/content/SITEBACKUP_962012/components/com_jce/editor/libraries/img load.gif
2012.09.06 15:48 B C:\inetpub\wwwroot\components\com_jce\editor\libraries\img\marker.png <-- Schubert Rackspace /web/content/SITEBACKUP_962012/components/com_jce/editor/libraries/img marker.png
2012.09.06 15:48 B C:\inetpub\wwwroot\components\com_jce\editor\libraries\img\mask.png <-- Schubert Rackspace /web/content/SITEBACKUP_962012/components/com_jce/editor/libraries/img mask.png
2012.09.06 15:48 B C:\inetpub\wwwroot\components\com_jce\editor\libraries\img\sample.jpg <-- Schubert Rackspace /web/content/SITEBACKUP_962012/components/com_jce/editor/libraries/img sample.jpg
2012.09.06 15:48 B C:\inetpub\wwwroot\components\com_jce\editor\libraries\img\spacer.gif <-- Schubert Rackspace /web/content/SITEBACKUP_962012/components/com_jce/editor/libraries/img spacer.gif
2012.09.06 15:48 B C:\inetpub\wwwroot\components\com_jce\editor\libraries\img\wheel.png <-- Schubert Rackspace /web/content/SITEBACKUP_962012/components/com_jce/editor/libraries/img wheel.png
2012.10.23 09:11 B C:\inetpub\wwwroot\components\com_jce\editor\libraries\img\broken.png --> ftp3.ftptoyoursite.com /web/content/components/com_jce/editor/libraries/img broken.png
2012.10.23 09:11 B C:\inetpub\wwwroot\components\com_jce\editor\libraries\img\dash.gif --> ftp3.ftptoyoursite.com /web/content/components/com_jce/editor/libraries/img dash.gif
2012.10.23 09:11 B C:\inetpub\wwwroot\components\com_jce\editor\libraries\img\drag.png --> ftp3.ftptoyoursite.com /web/content/components/com_jce/editor/libraries/img drag.png
2012.10.23 09:11 B C:\inetpub\wwwroot\components\com_jce\editor\libraries\img\ext.png --> ftp3.ftptoyoursite.com /web/content/components/com_jce/editor/libraries/img ext.png
2012.10.23 09:11 B C:\inetpub\wwwroot\components\com_jce\editor\libraries\img\icons-24.png --> ftp3.ftptoyoursite.com /web/content/components/com_jce/editor/libraries/img icons-24.png
2012.10.23 09:11 B C:\inetpub\wwwroot\components\com_jce\editor\libraries\img\icons.png --> ftp3.ftptoyoursite.com /web/content/components/com_jce/editor/libraries/img icons.png
2012.10.23 09:11 B C:\inetpub\wwwroot\components\com_jce\editor\libraries\img\index.html --> ftp3.ftptoyoursite.com /web/content/components/com_jce/editor/libraries/img index.html
2012.10.23 09:11 B C:\inetpub\wwwroot\components\com_jce\editor\libraries\img\load.gif --> ftp3.ftptoyoursite.com /web/content/components/com_jce/editor/libraries/img load.gif
2012.10.23 09:11 B C:\inetpub\wwwroot\components\com_jce\editor\libraries\img\marker.png --> ftp3.ftptoyoursite.com /web/content/components/com_jce/editor/libraries/img marker.png
2012.10.23 09:11 B C:\inetpub\wwwroot\components\com_jce\editor\libraries\img\mask.png --> ftp3.ftptoyoursite.com /web/content/components/com_jce/editor/libraries/img mask.png
2012.10.23 09:11 B C:\inetpub\wwwroot\components\com_jce\editor\libraries\img\sample.jpg --> ftp3.ftptoyoursite.com /web/content/components/com_jce/editor/libraries/img sample.jpg
2012.10.23 09:11 B C:\inetpub\wwwroot\components\com_jce\editor\libraries\img\spacer.gif --> ftp3.ftptoyoursite.com /web/content/components/com_jce/editor/libraries/img spacer.gif
2012.10.23 09:11 B C:\inetpub\wwwroot\components\com_jce\editor\libraries\img\wheel.png --> ftp3.ftptoyoursite.com /web/content/components/com_jce/editor/libraries/img wheel.png
2012.10.23 09:11 B C:\inetpub\wwwroot\components\com_jce\editor\libraries\img\WS_FTP.LOG --> ftp3.ftptoyoursite.com /web/content/components/com_jce/editor/libraries/img WS_FTP.LOG
2013.02.01 14:48 B C:\inetpub\wwwroot\components\com_jce\editor\libraries\img\WS_FTP.LOG <-- Schubert Rackspace /web/content/components/com_jce/editor/libraries/img WS_FTP.LOG
