2012.07.25 12:18 B C:\Users\COBRIEN\Desktop\Schubert\libraries\phputf8\utils\ascii.php <-- Schubert Rackspace /web/content/libraries/phputf8/utils ascii.php
2012.07.25 12:18 B C:\Users\COBRIEN\Desktop\Schubert\libraries\phputf8\utils\bad.php <-- Schubert Rackspace /web/content/libraries/phputf8/utils bad.php
2012.07.25 12:18 B C:\Users\COBRIEN\Desktop\Schubert\libraries\phputf8\utils\index.html <-- Schubert Rackspace /web/content/libraries/phputf8/utils index.html
2012.07.25 12:18 B C:\Users\COBRIEN\Desktop\Schubert\libraries\phputf8\utils\patterns.php <-- Schubert Rackspace /web/content/libraries/phputf8/utils patterns.php
2012.07.25 12:18 B C:\Users\COBRIEN\Desktop\Schubert\libraries\phputf8\utils\position.php <-- Schubert Rackspace /web/content/libraries/phputf8/utils position.php
2012.07.25 12:18 B C:\Users\COBRIEN\Desktop\Schubert\libraries\phputf8\utils\specials.php <-- Schubert Rackspace /web/content/libraries/phputf8/utils specials.php
2012.07.25 12:18 B C:\Users\COBRIEN\Desktop\Schubert\libraries\phputf8\utils\unicode.php <-- Schubert Rackspace /web/content/libraries/phputf8/utils unicode.php
2012.07.25 12:18 B C:\Users\COBRIEN\Desktop\Schubert\libraries\phputf8\utils\validation.php <-- Schubert Rackspace /web/content/libraries/phputf8/utils validation.php
2012.09.04 10:54 B C:\inetpub\wwwroot\libraries\phputf8\utils\ascii.php --> ftp3.ftptoyoursite.com /web/content/SITE-TEST/libraries/phputf8/utils ascii.php
2012.09.04 10:54 B C:\inetpub\wwwroot\libraries\phputf8\utils\bad.php --> ftp3.ftptoyoursite.com /web/content/SITE-TEST/libraries/phputf8/utils bad.php
2012.09.04 10:54 B C:\inetpub\wwwroot\libraries\phputf8\utils\index.html --> ftp3.ftptoyoursite.com /web/content/SITE-TEST/libraries/phputf8/utils index.html
2012.09.04 10:54 B C:\inetpub\wwwroot\libraries\phputf8\utils\patterns.php --> ftp3.ftptoyoursite.com /web/content/SITE-TEST/libraries/phputf8/utils patterns.php
2012.09.04 10:54 B C:\inetpub\wwwroot\libraries\phputf8\utils\position.php --> ftp3.ftptoyoursite.com /web/content/SITE-TEST/libraries/phputf8/utils position.php
2012.09.04 10:54 B C:\inetpub\wwwroot\libraries\phputf8\utils\specials.php --> ftp3.ftptoyoursite.com /web/content/SITE-TEST/libraries/phputf8/utils specials.php
2012.09.04 10:54 B C:\inetpub\wwwroot\libraries\phputf8\utils\unicode.php --> ftp3.ftptoyoursite.com /web/content/SITE-TEST/libraries/phputf8/utils unicode.php
2012.09.04 10:54 B C:\inetpub\wwwroot\libraries\phputf8\utils\validation.php --> ftp3.ftptoyoursite.com /web/content/SITE-TEST/libraries/phputf8/utils validation.php
2012.09.04 10:54 B C:\inetpub\wwwroot\libraries\phputf8\utils\WS_FTP.LOG --> ftp3.ftptoyoursite.com /web/content/SITE-TEST/libraries/phputf8/utils WS_FTP.LOG
2012.09.06 15:13 B C:\inetpub\wwwroot\libraries\phputf8\utils\ascii.php --> ftp3.ftptoyoursite.com /web/content/SITEBACKUP_962012/libraries/phputf8/utils ascii.php
2012.09.06 15:13 B C:\inetpub\wwwroot\libraries\phputf8\utils\bad.php --> ftp3.ftptoyoursite.com /web/content/SITEBACKUP_962012/libraries/phputf8/utils bad.php
2012.09.06 15:13 B C:\inetpub\wwwroot\libraries\phputf8\utils\index.html --> ftp3.ftptoyoursite.com /web/content/SITEBACKUP_962012/libraries/phputf8/utils index.html
2012.09.06 15:13 B C:\inetpub\wwwroot\libraries\phputf8\utils\patterns.php --> ftp3.ftptoyoursite.com /web/content/SITEBACKUP_962012/libraries/phputf8/utils patterns.php
2012.09.06 15:13 B C:\inetpub\wwwroot\libraries\phputf8\utils\position.php --> ftp3.ftptoyoursite.com /web/content/SITEBACKUP_962012/libraries/phputf8/utils position.php
2012.09.06 15:13 B C:\inetpub\wwwroot\libraries\phputf8\utils\specials.php --> ftp3.ftptoyoursite.com /web/content/SITEBACKUP_962012/libraries/phputf8/utils specials.php
2012.09.06 15:13 B C:\inetpub\wwwroot\libraries\phputf8\utils\unicode.php --> ftp3.ftptoyoursite.com /web/content/SITEBACKUP_962012/libraries/phputf8/utils unicode.php
2012.09.06 15:13 B C:\inetpub\wwwroot\libraries\phputf8\utils\validation.php --> ftp3.ftptoyoursite.com /web/content/SITEBACKUP_962012/libraries/phputf8/utils validation.php
2012.09.06 15:13 B C:\inetpub\wwwroot\libraries\phputf8\utils\WS_FTP.LOG --> ftp3.ftptoyoursite.com /web/content/SITEBACKUP_962012/libraries/phputf8/utils WS_FTP.LOG
2012.10.23 09:15 B C:\inetpub\wwwroot\libraries\phputf8\utils\ascii.php --> ftp3.ftptoyoursite.com /web/content/libraries/phputf8/utils ascii.php
2012.10.23 09:15 B C:\inetpub\wwwroot\libraries\phputf8\utils\bad.php --> ftp3.ftptoyoursite.com /web/content/libraries/phputf8/utils bad.php
2012.10.23 09:15 B C:\inetpub\wwwroot\libraries\phputf8\utils\index.html --> ftp3.ftptoyoursite.com /web/content/libraries/phputf8/utils index.html
2012.10.23 09:15 B C:\inetpub\wwwroot\libraries\phputf8\utils\patterns.php --> ftp3.ftptoyoursite.com /web/content/libraries/phputf8/utils patterns.php
2012.10.23 09:15 B C:\inetpub\wwwroot\libraries\phputf8\utils\position.php --> ftp3.ftptoyoursite.com /web/content/libraries/phputf8/utils position.php
2012.10.23 09:15 B C:\inetpub\wwwroot\libraries\phputf8\utils\specials.php --> ftp3.ftptoyoursite.com /web/content/libraries/phputf8/utils specials.php
2012.10.23 09:15 B C:\inetpub\wwwroot\libraries\phputf8\utils\unicode.php --> ftp3.ftptoyoursite.com /web/content/libraries/phputf8/utils unicode.php
2012.10.23 09:15 B C:\inetpub\wwwroot\libraries\phputf8\utils\validation.php --> ftp3.ftptoyoursite.com /web/content/libraries/phputf8/utils validation.php
2012.10.23 09:15 B C:\inetpub\wwwroot\libraries\phputf8\utils\WS_FTP.LOG --> ftp3.ftptoyoursite.com /web/content/libraries/phputf8/utils WS_FTP.LOG
2013.02.01 14:54 B C:\inetpub\wwwroot\libraries\phputf8\utils\WS_FTP.LOG <-- Schubert Rackspace /web/content/libraries/phputf8/utils WS_FTP.LOG
