2012.07.25 12:11 B C:\Users\COBRIEN\Desktop\Schubert\administrator\components\com_jce\elements\browser.php <-- Schubert Rackspace /web/content/administrator/components/com_jce/elements browser.php
2012.07.25 12:11 B C:\Users\COBRIEN\Desktop\Schubert\administrator\components\com_jce\elements\extension.php <-- Schubert Rackspace /web/content/administrator/components/com_jce/elements extension.php
2012.07.25 12:11 B C:\Users\COBRIEN\Desktop\Schubert\administrator\components\com_jce\elements\index.html <-- Schubert Rackspace /web/content/administrator/components/com_jce/elements index.html
2012.07.25 12:11 B C:\Users\COBRIEN\Desktop\Schubert\administrator\components\com_jce\elements\list.php <-- Schubert Rackspace /web/content/administrator/components/com_jce/elements list.php
2012.07.25 12:11 B C:\Users\COBRIEN\Desktop\Schubert\administrator\components\com_jce\elements\text.php <-- Schubert Rackspace /web/content/administrator/components/com_jce/elements text.php
2012.07.25 12:11 B C:\Users\COBRIEN\Desktop\Schubert\administrator\components\com_jce\elements\textarea.php <-- Schubert Rackspace /web/content/administrator/components/com_jce/elements textarea.php
2012.09.04 10:44 B C:\inetpub\wwwroot\administrator\components\com_jce\elements\browser.php --> ftp3.ftptoyoursite.com /web/content/SITE-TEST/administrator/components/com_jce/elements browser.php
2012.09.04 10:44 B C:\inetpub\wwwroot\administrator\components\com_jce\elements\extension.php --> ftp3.ftptoyoursite.com /web/content/SITE-TEST/administrator/components/com_jce/elements extension.php
2012.09.04 10:44 B C:\inetpub\wwwroot\administrator\components\com_jce\elements\index.html --> ftp3.ftptoyoursite.com /web/content/SITE-TEST/administrator/components/com_jce/elements index.html
2012.09.04 10:44 B C:\inetpub\wwwroot\administrator\components\com_jce\elements\list.php --> ftp3.ftptoyoursite.com /web/content/SITE-TEST/administrator/components/com_jce/elements list.php
2012.09.04 10:44 B C:\inetpub\wwwroot\administrator\components\com_jce\elements\text.php --> ftp3.ftptoyoursite.com /web/content/SITE-TEST/administrator/components/com_jce/elements text.php
2012.09.04 10:44 B C:\inetpub\wwwroot\administrator\components\com_jce\elements\textarea.php --> ftp3.ftptoyoursite.com /web/content/SITE-TEST/administrator/components/com_jce/elements textarea.php
2012.09.04 10:44 B C:\inetpub\wwwroot\administrator\components\com_jce\elements\WS_FTP.LOG --> ftp3.ftptoyoursite.com /web/content/SITE-TEST/administrator/components/com_jce/elements WS_FTP.LOG
2012.09.06 14:59 B C:\inetpub\wwwroot\administrator\components\com_jce\elements\browser.php --> ftp3.ftptoyoursite.com /web/content/SITEBACKUP_962012/administrator/components/com_jce/elements browser.php
2012.09.06 14:59 B C:\inetpub\wwwroot\administrator\components\com_jce\elements\extension.php --> ftp3.ftptoyoursite.com /web/content/SITEBACKUP_962012/administrator/components/com_jce/elements extension.php
2012.09.06 14:59 B C:\inetpub\wwwroot\administrator\components\com_jce\elements\index.html --> ftp3.ftptoyoursite.com /web/content/SITEBACKUP_962012/administrator/components/com_jce/elements index.html
2012.09.06 14:59 B C:\inetpub\wwwroot\administrator\components\com_jce\elements\list.php --> ftp3.ftptoyoursite.com /web/content/SITEBACKUP_962012/administrator/components/com_jce/elements list.php
2012.09.06 14:59 B C:\inetpub\wwwroot\administrator\components\com_jce\elements\text.php --> ftp3.ftptoyoursite.com /web/content/SITEBACKUP_962012/administrator/components/com_jce/elements text.php
2012.09.06 14:59 B C:\inetpub\wwwroot\administrator\components\com_jce\elements\textarea.php --> ftp3.ftptoyoursite.com /web/content/SITEBACKUP_962012/administrator/components/com_jce/elements textarea.php
2012.09.06 14:59 B C:\inetpub\wwwroot\administrator\components\com_jce\elements\WS_FTP.LOG --> ftp3.ftptoyoursite.com /web/content/SITEBACKUP_962012/administrator/components/com_jce/elements WS_FTP.LOG
2012.09.06 15:20 B C:\inetpub\wwwroot\administrator\components\com_jce\elements\browser.php <-- Schubert Rackspace /web/content/administrator/components/com_jce/elements browser.php
2012.09.06 15:20 B C:\inetpub\wwwroot\administrator\components\com_jce\elements\extension.php <-- Schubert Rackspace /web/content/administrator/components/com_jce/elements extension.php
2012.09.06 15:20 B C:\inetpub\wwwroot\administrator\components\com_jce\elements\filelist.php <-- Schubert Rackspace /web/content/administrator/components/com_jce/elements filelist.php
2012.09.06 15:20 B C:\inetpub\wwwroot\administrator\components\com_jce\elements\folderlist.php <-- Schubert Rackspace /web/content/administrator/components/com_jce/elements folderlist.php
2012.09.06 15:20 B C:\inetpub\wwwroot\administrator\components\com_jce\elements\index.html <-- Schubert Rackspace /web/content/administrator/components/com_jce/elements index.html
2012.09.06 15:20 B C:\inetpub\wwwroot\administrator\components\com_jce\elements\list.php <-- Schubert Rackspace /web/content/administrator/components/com_jce/elements list.php
2012.09.06 15:20 B C:\inetpub\wwwroot\administrator\components\com_jce\elements\password.php <-- Schubert Rackspace /web/content/administrator/components/com_jce/elements password.php
2012.09.06 15:20 B C:\inetpub\wwwroot\administrator\components\com_jce\elements\radio.php <-- Schubert Rackspace /web/content/administrator/components/com_jce/elements radio.php
2012.09.06 15:20 B C:\inetpub\wwwroot\administrator\components\com_jce\elements\spacer.php <-- Schubert Rackspace /web/content/administrator/components/com_jce/elements spacer.php
2012.09.06 15:20 B C:\inetpub\wwwroot\administrator\components\com_jce\elements\text.php <-- Schubert Rackspace /web/content/administrator/components/com_jce/elements text.php
2012.09.06 15:20 B C:\inetpub\wwwroot\administrator\components\com_jce\elements\textarea.php <-- Schubert Rackspace /web/content/administrator/components/com_jce/elements textarea.php
2012.09.06 15:44 B C:\inetpub\wwwroot\administrator\components\com_jce\elements\browser.php <-- Schubert Rackspace /web/content/SITEBACKUP_962012/administrator/components/com_jce/elements browser.php
2012.09.06 15:44 B C:\inetpub\wwwroot\administrator\components\com_jce\elements\extension.php <-- Schubert Rackspace /web/content/SITEBACKUP_962012/administrator/components/com_jce/elements extension.php
2012.09.06 15:44 B C:\inetpub\wwwroot\administrator\components\com_jce\elements\index.html <-- Schubert Rackspace /web/content/SITEBACKUP_962012/administrator/components/com_jce/elements index.html
2012.09.06 15:44 B C:\inetpub\wwwroot\administrator\components\com_jce\elements\list.php <-- Schubert Rackspace /web/content/SITEBACKUP_962012/administrator/components/com_jce/elements list.php
2012.09.06 15:44 B C:\inetpub\wwwroot\administrator\components\com_jce\elements\text.php <-- Schubert Rackspace /web/content/SITEBACKUP_962012/administrator/components/com_jce/elements text.php
2012.09.06 15:44 B C:\inetpub\wwwroot\administrator\components\com_jce\elements\textarea.php <-- Schubert Rackspace /web/content/SITEBACKUP_962012/administrator/components/com_jce/elements textarea.php
2012.10.23 09:04 B C:\inetpub\wwwroot\administrator\components\com_jce\elements\browser.php --> ftp3.ftptoyoursite.com /web/content/administrator/components/com_jce/elements browser.php
2012.10.23 09:04 B C:\inetpub\wwwroot\administrator\components\com_jce\elements\extension.php --> ftp3.ftptoyoursite.com /web/content/administrator/components/com_jce/elements extension.php
2012.10.23 09:04 B C:\inetpub\wwwroot\administrator\components\com_jce\elements\filelist.php --> ftp3.ftptoyoursite.com /web/content/administrator/components/com_jce/elements filelist.php
2012.10.23 09:04 B C:\inetpub\wwwroot\administrator\components\com_jce\elements\folderlist.php --> ftp3.ftptoyoursite.com /web/content/administrator/components/com_jce/elements folderlist.php
2012.10.23 09:04 B C:\inetpub\wwwroot\administrator\components\com_jce\elements\index.html --> ftp3.ftptoyoursite.com /web/content/administrator/components/com_jce/elements index.html
2012.10.23 09:04 B C:\inetpub\wwwroot\administrator\components\com_jce\elements\list.php --> ftp3.ftptoyoursite.com /web/content/administrator/components/com_jce/elements list.php
2012.10.23 09:04 B C:\inetpub\wwwroot\administrator\components\com_jce\elements\password.php --> ftp3.ftptoyoursite.com /web/content/administrator/components/com_jce/elements password.php
2012.10.23 09:04 B C:\inetpub\wwwroot\administrator\components\com_jce\elements\radio.php --> ftp3.ftptoyoursite.com /web/content/administrator/components/com_jce/elements radio.php
2012.10.23 09:04 B C:\inetpub\wwwroot\administrator\components\com_jce\elements\spacer.php --> ftp3.ftptoyoursite.com /web/content/administrator/components/com_jce/elements spacer.php
2012.10.23 09:04 B C:\inetpub\wwwroot\administrator\components\com_jce\elements\text.php --> ftp3.ftptoyoursite.com /web/content/administrator/components/com_jce/elements text.php
2012.10.23 09:04 B C:\inetpub\wwwroot\administrator\components\com_jce\elements\textarea.php --> ftp3.ftptoyoursite.com /web/content/administrator/components/com_jce/elements textarea.php
2012.10.23 09:04 B C:\inetpub\wwwroot\administrator\components\com_jce\elements\WS_FTP.LOG --> ftp3.ftptoyoursite.com /web/content/administrator/components/com_jce/elements WS_FTP.LOG
2013.02.01 14:40 B C:\inetpub\wwwroot\administrator\components\com_jce\elements\WS_FTP.LOG <-- Schubert Rackspace /web/content/administrator/components/com_jce/elements WS_FTP.LOG
