2012.07.25 12:10 B C:\Users\COBRIEN\Desktop\Schubert\administrator\components\com_finder\models\filter.php <-- Schubert Rackspace /web/content/administrator/components/com_finder/models filter.php
2012.07.25 12:10 B C:\Users\COBRIEN\Desktop\Schubert\administrator\components\com_finder\models\filters.php <-- Schubert Rackspace /web/content/administrator/components/com_finder/models filters.php
2012.07.25 12:10 B C:\Users\COBRIEN\Desktop\Schubert\administrator\components\com_finder\models\index.html <-- Schubert Rackspace /web/content/administrator/components/com_finder/models index.html
2012.07.25 12:10 B C:\Users\COBRIEN\Desktop\Schubert\administrator\components\com_finder\models\index.php <-- Schubert Rackspace /web/content/administrator/components/com_finder/models index.php
2012.07.25 12:10 B C:\Users\COBRIEN\Desktop\Schubert\administrator\components\com_finder\models\indexer.php <-- Schubert Rackspace /web/content/administrator/components/com_finder/models indexer.php
2012.07.25 12:10 B C:\Users\COBRIEN\Desktop\Schubert\administrator\components\com_finder\models\maps.php <-- Schubert Rackspace /web/content/administrator/components/com_finder/models maps.php
2012.07.25 12:10 B C:\Users\COBRIEN\Desktop\Schubert\administrator\components\com_finder\models\statistics.php <-- Schubert Rackspace /web/content/administrator/components/com_finder/models statistics.php
2012.09.04 10:44 B C:\inetpub\wwwroot\administrator\components\com_finder\models\filter.php --> ftp3.ftptoyoursite.com /web/content/SITE-TEST/administrator/components/com_finder/models filter.php
2012.09.04 10:44 B C:\inetpub\wwwroot\administrator\components\com_finder\models\filters.php --> ftp3.ftptoyoursite.com /web/content/SITE-TEST/administrator/components/com_finder/models filters.php
2012.09.04 10:44 B C:\inetpub\wwwroot\administrator\components\com_finder\models\index.html --> ftp3.ftptoyoursite.com /web/content/SITE-TEST/administrator/components/com_finder/models index.html
2012.09.04 10:44 B C:\inetpub\wwwroot\administrator\components\com_finder\models\index.php --> ftp3.ftptoyoursite.com /web/content/SITE-TEST/administrator/components/com_finder/models index.php
2012.09.04 10:44 B C:\inetpub\wwwroot\administrator\components\com_finder\models\indexer.php --> ftp3.ftptoyoursite.com /web/content/SITE-TEST/administrator/components/com_finder/models indexer.php
2012.09.04 10:44 B C:\inetpub\wwwroot\administrator\components\com_finder\models\maps.php --> ftp3.ftptoyoursite.com /web/content/SITE-TEST/administrator/components/com_finder/models maps.php
2012.09.04 10:44 B C:\inetpub\wwwroot\administrator\components\com_finder\models\statistics.php --> ftp3.ftptoyoursite.com /web/content/SITE-TEST/administrator/components/com_finder/models statistics.php
2012.09.04 10:44 B C:\inetpub\wwwroot\administrator\components\com_finder\models\WS_FTP.LOG --> ftp3.ftptoyoursite.com /web/content/SITE-TEST/administrator/components/com_finder/models WS_FTP.LOG
2012.09.06 14:59 B C:\inetpub\wwwroot\administrator\components\com_finder\models\filter.php --> ftp3.ftptoyoursite.com /web/content/SITEBACKUP_962012/administrator/components/com_finder/models filter.php
2012.09.06 14:59 B C:\inetpub\wwwroot\administrator\components\com_finder\models\filters.php --> ftp3.ftptoyoursite.com /web/content/SITEBACKUP_962012/administrator/components/com_finder/models filters.php
2012.09.06 14:59 B C:\inetpub\wwwroot\administrator\components\com_finder\models\index.html --> ftp3.ftptoyoursite.com /web/content/SITEBACKUP_962012/administrator/components/com_finder/models index.html
2012.09.06 14:59 B C:\inetpub\wwwroot\administrator\components\com_finder\models\index.php --> ftp3.ftptoyoursite.com /web/content/SITEBACKUP_962012/administrator/components/com_finder/models index.php
2012.09.06 14:59 B C:\inetpub\wwwroot\administrator\components\com_finder\models\indexer.php --> ftp3.ftptoyoursite.com /web/content/SITEBACKUP_962012/administrator/components/com_finder/models indexer.php
2012.09.06 14:59 B C:\inetpub\wwwroot\administrator\components\com_finder\models\maps.php --> ftp3.ftptoyoursite.com /web/content/SITEBACKUP_962012/administrator/components/com_finder/models maps.php
2012.09.06 14:59 B C:\inetpub\wwwroot\administrator\components\com_finder\models\statistics.php --> ftp3.ftptoyoursite.com /web/content/SITEBACKUP_962012/administrator/components/com_finder/models statistics.php
2012.09.06 14:59 B C:\inetpub\wwwroot\administrator\components\com_finder\models\WS_FTP.LOG --> ftp3.ftptoyoursite.com /web/content/SITEBACKUP_962012/administrator/components/com_finder/models WS_FTP.LOG
2012.09.06 15:20 B C:\inetpub\wwwroot\administrator\components\com_finder\models\filter.php <-- Schubert Rackspace /web/content/administrator/components/com_finder/models filter.php
2012.09.06 15:20 B C:\inetpub\wwwroot\administrator\components\com_finder\models\filters.php <-- Schubert Rackspace /web/content/administrator/components/com_finder/models filters.php
2012.09.06 15:20 B C:\inetpub\wwwroot\administrator\components\com_finder\models\index.html <-- Schubert Rackspace /web/content/administrator/components/com_finder/models index.html
2012.09.06 15:20 B C:\inetpub\wwwroot\administrator\components\com_finder\models\index.php <-- Schubert Rackspace /web/content/administrator/components/com_finder/models index.php
2012.09.06 15:20 B C:\inetpub\wwwroot\administrator\components\com_finder\models\indexer.php <-- Schubert Rackspace /web/content/administrator/components/com_finder/models indexer.php
2012.09.06 15:20 B C:\inetpub\wwwroot\administrator\components\com_finder\models\maps.php <-- Schubert Rackspace /web/content/administrator/components/com_finder/models maps.php
2012.09.06 15:20 B C:\inetpub\wwwroot\administrator\components\com_finder\models\statistics.php <-- Schubert Rackspace /web/content/administrator/components/com_finder/models statistics.php
2012.09.06 15:43 B C:\inetpub\wwwroot\administrator\components\com_finder\models\filter.php <-- Schubert Rackspace /web/content/SITEBACKUP_962012/administrator/components/com_finder/models filter.php
2012.09.06 15:43 B C:\inetpub\wwwroot\administrator\components\com_finder\models\filters.php <-- Schubert Rackspace /web/content/SITEBACKUP_962012/administrator/components/com_finder/models filters.php
2012.09.06 15:43 B C:\inetpub\wwwroot\administrator\components\com_finder\models\index.html <-- Schubert Rackspace /web/content/SITEBACKUP_962012/administrator/components/com_finder/models index.html
2012.09.06 15:44 B C:\inetpub\wwwroot\administrator\components\com_finder\models\index.php <-- Schubert Rackspace /web/content/SITEBACKUP_962012/administrator/components/com_finder/models index.php
2012.09.06 15:44 B C:\inetpub\wwwroot\administrator\components\com_finder\models\indexer.php <-- Schubert Rackspace /web/content/SITEBACKUP_962012/administrator/components/com_finder/models indexer.php
2012.09.06 15:44 B C:\inetpub\wwwroot\administrator\components\com_finder\models\maps.php <-- Schubert Rackspace /web/content/SITEBACKUP_962012/administrator/components/com_finder/models maps.php
2012.09.06 15:44 B C:\inetpub\wwwroot\administrator\components\com_finder\models\statistics.php <-- Schubert Rackspace /web/content/SITEBACKUP_962012/administrator/components/com_finder/models statistics.php
2012.10.23 09:04 B C:\inetpub\wwwroot\administrator\components\com_finder\models\filter.php --> ftp3.ftptoyoursite.com /web/content/administrator/components/com_finder/models filter.php
2012.10.23 09:04 B C:\inetpub\wwwroot\administrator\components\com_finder\models\filters.php --> ftp3.ftptoyoursite.com /web/content/administrator/components/com_finder/models filters.php
2012.10.23 09:04 B C:\inetpub\wwwroot\administrator\components\com_finder\models\index.html --> ftp3.ftptoyoursite.com /web/content/administrator/components/com_finder/models index.html
2012.10.23 09:04 B C:\inetpub\wwwroot\administrator\components\com_finder\models\index.php --> ftp3.ftptoyoursite.com /web/content/administrator/components/com_finder/models index.php
2012.10.23 09:04 B C:\inetpub\wwwroot\administrator\components\com_finder\models\indexer.php --> ftp3.ftptoyoursite.com /web/content/administrator/components/com_finder/models indexer.php
2012.10.23 09:04 B C:\inetpub\wwwroot\administrator\components\com_finder\models\maps.php --> ftp3.ftptoyoursite.com /web/content/administrator/components/com_finder/models maps.php
2012.10.23 09:04 B C:\inetpub\wwwroot\administrator\components\com_finder\models\statistics.php --> ftp3.ftptoyoursite.com /web/content/administrator/components/com_finder/models statistics.php
2012.10.23 09:04 B C:\inetpub\wwwroot\administrator\components\com_finder\models\WS_FTP.LOG --> ftp3.ftptoyoursite.com /web/content/administrator/components/com_finder/models WS_FTP.LOG
2013.02.01 14:40 B C:\inetpub\wwwroot\administrator\components\com_finder\models\WS_FTP.LOG <-- Schubert Rackspace /web/content/administrator/components/com_finder/models WS_FTP.LOG
