2012.07.25 12:19 B C:\Users\COBRIEN\Desktop\Schubert\modules\mod_dropdown_megamenu\assets\images\arrow.png <-- Schubert Rackspace /web/content/modules/mod_dropdown_megamenu/assets/images arrow.png
2012.07.25 12:19 B C:\Users\COBRIEN\Desktop\Schubert\modules\mod_dropdown_megamenu\assets\images\arrow2.png <-- Schubert Rackspace /web/content/modules/mod_dropdown_megamenu/assets/images arrow2.png
2012.07.25 12:19 B C:\Users\COBRIEN\Desktop\Schubert\modules\mod_dropdown_megamenu\assets\images\arrow3.png <-- Schubert Rackspace /web/content/modules/mod_dropdown_megamenu/assets/images arrow3.png
2012.07.25 12:19 B C:\Users\COBRIEN\Desktop\Schubert\modules\mod_dropdown_megamenu\assets\images\arrow3_joo.png <-- Schubert Rackspace /web/content/modules/mod_dropdown_megamenu/assets/images arrow3_joo.png
2012.07.25 12:19 B C:\Users\COBRIEN\Desktop\Schubert\modules\mod_dropdown_megamenu\assets\images\arrow4_joom.png <-- Schubert Rackspace /web/content/modules/mod_dropdown_megamenu/assets/images arrow4_joom.png
2012.07.25 12:19 B C:\Users\COBRIEN\Desktop\Schubert\modules\mod_dropdown_megamenu\assets\images\arrow5.png <-- Schubert Rackspace /web/content/modules/mod_dropdown_megamenu/assets/images arrow5.png
2012.07.25 12:19 B C:\Users\COBRIEN\Desktop\Schubert\modules\mod_dropdown_megamenu\assets\images\bullet2.gif <-- Schubert Rackspace /web/content/modules/mod_dropdown_megamenu/assets/images bullet2.gif
2012.07.25 12:19 B C:\Users\COBRIEN\Desktop\Schubert\modules\mod_dropdown_megamenu\assets\images\grad-01.gif <-- Schubert Rackspace /web/content/modules/mod_dropdown_megamenu/assets/images grad-01.gif
2012.07.25 12:19 B C:\Users\COBRIEN\Desktop\Schubert\modules\mod_dropdown_megamenu\assets\images\grad1-mask.png <-- Schubert Rackspace /web/content/modules/mod_dropdown_megamenu/assets/images grad1-mask.png
2012.07.25 12:19 B C:\Users\COBRIEN\Desktop\Schubert\modules\mod_dropdown_megamenu\assets\images\header-bg2.gif <-- Schubert Rackspace /web/content/modules/mod_dropdown_megamenu/assets/images header-bg2.gif
2012.07.25 12:19 B C:\Users\COBRIEN\Desktop\Schubert\modules\mod_dropdown_megamenu\assets\images\index.html <-- Schubert Rackspace /web/content/modules/mod_dropdown_megamenu/assets/images index.html
2012.07.25 12:19 B C:\Users\COBRIEN\Desktop\Schubert\modules\mod_dropdown_megamenu\assets\images\mainnav-active-l.png <-- Schubert Rackspace /web/content/modules/mod_dropdown_megamenu/assets/images mainnav-active-l.png
2012.07.25 12:19 B C:\Users\COBRIEN\Desktop\Schubert\modules\mod_dropdown_megamenu\assets\images\mainnav-active-r.png <-- Schubert Rackspace /web/content/modules/mod_dropdown_megamenu/assets/images mainnav-active-r.png
2012.09.04 10:56 B C:\inetpub\wwwroot\modules\mod_dropdown_megamenu\assets\images\arrow.png --> ftp3.ftptoyoursite.com /web/content/SITE-TEST/modules/mod_dropdown_megamenu/assets/images arrow.png
2012.09.04 10:56 B C:\inetpub\wwwroot\modules\mod_dropdown_megamenu\assets\images\arrow2.png --> ftp3.ftptoyoursite.com /web/content/SITE-TEST/modules/mod_dropdown_megamenu/assets/images arrow2.png
2012.09.04 10:56 B C:\inetpub\wwwroot\modules\mod_dropdown_megamenu\assets\images\arrow3.png --> ftp3.ftptoyoursite.com /web/content/SITE-TEST/modules/mod_dropdown_megamenu/assets/images arrow3.png
2012.09.04 10:56 B C:\inetpub\wwwroot\modules\mod_dropdown_megamenu\assets\images\arrow3_joo.png --> ftp3.ftptoyoursite.com /web/content/SITE-TEST/modules/mod_dropdown_megamenu/assets/images arrow3_joo.png
2012.09.04 10:56 B C:\inetpub\wwwroot\modules\mod_dropdown_megamenu\assets\images\arrow4_joom.png --> ftp3.ftptoyoursite.com /web/content/SITE-TEST/modules/mod_dropdown_megamenu/assets/images arrow4_joom.png
2012.09.04 10:56 B C:\inetpub\wwwroot\modules\mod_dropdown_megamenu\assets\images\arrow5.png --> ftp3.ftptoyoursite.com /web/content/SITE-TEST/modules/mod_dropdown_megamenu/assets/images arrow5.png
2012.09.04 10:56 B C:\inetpub\wwwroot\modules\mod_dropdown_megamenu\assets\images\bullet2.gif --> ftp3.ftptoyoursite.com /web/content/SITE-TEST/modules/mod_dropdown_megamenu/assets/images bullet2.gif
2012.09.04 10:56 B C:\inetpub\wwwroot\modules\mod_dropdown_megamenu\assets\images\grad-01.gif --> ftp3.ftptoyoursite.com /web/content/SITE-TEST/modules/mod_dropdown_megamenu/assets/images grad-01.gif
2012.09.04 10:56 B C:\inetpub\wwwroot\modules\mod_dropdown_megamenu\assets\images\grad1-mask.png --> ftp3.ftptoyoursite.com /web/content/SITE-TEST/modules/mod_dropdown_megamenu/assets/images grad1-mask.png
2012.09.04 10:56 B C:\inetpub\wwwroot\modules\mod_dropdown_megamenu\assets\images\header-bg2.gif --> ftp3.ftptoyoursite.com /web/content/SITE-TEST/modules/mod_dropdown_megamenu/assets/images header-bg2.gif
2012.09.04 10:56 B C:\inetpub\wwwroot\modules\mod_dropdown_megamenu\assets\images\index.html --> ftp3.ftptoyoursite.com /web/content/SITE-TEST/modules/mod_dropdown_megamenu/assets/images index.html
2012.09.04 10:56 B C:\inetpub\wwwroot\modules\mod_dropdown_megamenu\assets\images\mainnav-active-l.png --> ftp3.ftptoyoursite.com /web/content/SITE-TEST/modules/mod_dropdown_megamenu/assets/images mainnav-active-l.png
2012.09.04 10:56 B C:\inetpub\wwwroot\modules\mod_dropdown_megamenu\assets\images\mainnav-active-r.png --> ftp3.ftptoyoursite.com /web/content/SITE-TEST/modules/mod_dropdown_megamenu/assets/images mainnav-active-r.png
2012.09.04 10:56 B C:\inetpub\wwwroot\modules\mod_dropdown_megamenu\assets\images\WS_FTP.LOG --> ftp3.ftptoyoursite.com /web/content/SITE-TEST/modules/mod_dropdown_megamenu/assets/images WS_FTP.LOG
2012.09.06 10:59 B C:\inetpub\wwwroot\modules\mod_dropdown_megamenu\assets\images\arrow.png <-- Schubert Rackspace /web/content/modules/mod_dropdown_megamenu/assets/images arrow.png
2012.09.06 10:59 B C:\inetpub\wwwroot\modules\mod_dropdown_megamenu\assets\images\arrow2.png <-- Schubert Rackspace /web/content/modules/mod_dropdown_megamenu/assets/images arrow2.png
2012.09.06 10:59 B C:\inetpub\wwwroot\modules\mod_dropdown_megamenu\assets\images\arrow3.png <-- Schubert Rackspace /web/content/modules/mod_dropdown_megamenu/assets/images arrow3.png
2012.09.06 10:59 B C:\inetpub\wwwroot\modules\mod_dropdown_megamenu\assets\images\arrow3_joo.png <-- Schubert Rackspace /web/content/modules/mod_dropdown_megamenu/assets/images arrow3_joo.png
2012.09.06 10:59 B C:\inetpub\wwwroot\modules\mod_dropdown_megamenu\assets\images\arrow4_joom.png <-- Schubert Rackspace /web/content/modules/mod_dropdown_megamenu/assets/images arrow4_joom.png
2012.09.06 10:59 B C:\inetpub\wwwroot\modules\mod_dropdown_megamenu\assets\images\arrow5.png <-- Schubert Rackspace /web/content/modules/mod_dropdown_megamenu/assets/images arrow5.png
2012.09.06 10:59 B C:\inetpub\wwwroot\modules\mod_dropdown_megamenu\assets\images\bullet2.gif <-- Schubert Rackspace /web/content/modules/mod_dropdown_megamenu/assets/images bullet2.gif
2012.09.06 10:59 B C:\inetpub\wwwroot\modules\mod_dropdown_megamenu\assets\images\grad-01.gif <-- Schubert Rackspace /web/content/modules/mod_dropdown_megamenu/assets/images grad-01.gif
2012.09.06 10:59 B C:\inetpub\wwwroot\modules\mod_dropdown_megamenu\assets\images\grad1-mask.png <-- Schubert Rackspace /web/content/modules/mod_dropdown_megamenu/assets/images grad1-mask.png
2012.09.06 10:59 B C:\inetpub\wwwroot\modules\mod_dropdown_megamenu\assets\images\header-bg2.gif <-- Schubert Rackspace /web/content/modules/mod_dropdown_megamenu/assets/images header-bg2.gif
2012.09.06 10:59 B C:\inetpub\wwwroot\modules\mod_dropdown_megamenu\assets\images\index.html <-- Schubert Rackspace /web/content/modules/mod_dropdown_megamenu/assets/images index.html
2012.09.06 10:59 B C:\inetpub\wwwroot\modules\mod_dropdown_megamenu\assets\images\mainnav-active-l.png <-- Schubert Rackspace /web/content/modules/mod_dropdown_megamenu/assets/images mainnav-active-l.png
2012.09.06 10:59 B C:\inetpub\wwwroot\modules\mod_dropdown_megamenu\assets\images\mainnav-active-r.png <-- Schubert Rackspace /web/content/modules/mod_dropdown_megamenu/assets/images mainnav-active-r.png
2012.09.06 15:15 B C:\inetpub\wwwroot\modules\mod_dropdown_megamenu\assets\images\arrow.png --> ftp3.ftptoyoursite.com /web/content/SITEBACKUP_962012/modules/mod_dropdown_megamenu/assets/images arrow.png
2012.09.06 15:15 B C:\inetpub\wwwroot\modules\mod_dropdown_megamenu\assets\images\arrow2.png --> ftp3.ftptoyoursite.com /web/content/SITEBACKUP_962012/modules/mod_dropdown_megamenu/assets/images arrow2.png
2012.09.06 15:15 B C:\inetpub\wwwroot\modules\mod_dropdown_megamenu\assets\images\arrow3.png --> ftp3.ftptoyoursite.com /web/content/SITEBACKUP_962012/modules/mod_dropdown_megamenu/assets/images arrow3.png
2012.09.06 15:15 B C:\inetpub\wwwroot\modules\mod_dropdown_megamenu\assets\images\arrow3_joo.png --> ftp3.ftptoyoursite.com /web/content/SITEBACKUP_962012/modules/mod_dropdown_megamenu/assets/images arrow3_joo.png
2012.09.06 15:15 B C:\inetpub\wwwroot\modules\mod_dropdown_megamenu\assets\images\arrow4_joom.png --> ftp3.ftptoyoursite.com /web/content/SITEBACKUP_962012/modules/mod_dropdown_megamenu/assets/images arrow4_joom.png
2012.09.06 15:15 B C:\inetpub\wwwroot\modules\mod_dropdown_megamenu\assets\images\arrow5.png --> ftp3.ftptoyoursite.com /web/content/SITEBACKUP_962012/modules/mod_dropdown_megamenu/assets/images arrow5.png
2012.09.06 15:15 B C:\inetpub\wwwroot\modules\mod_dropdown_megamenu\assets\images\bullet2.gif --> ftp3.ftptoyoursite.com /web/content/SITEBACKUP_962012/modules/mod_dropdown_megamenu/assets/images bullet2.gif
2012.09.06 15:15 B C:\inetpub\wwwroot\modules\mod_dropdown_megamenu\assets\images\grad-01.gif --> ftp3.ftptoyoursite.com /web/content/SITEBACKUP_962012/modules/mod_dropdown_megamenu/assets/images grad-01.gif
2012.09.06 15:15 B C:\inetpub\wwwroot\modules\mod_dropdown_megamenu\assets\images\grad1-mask.png --> ftp3.ftptoyoursite.com /web/content/SITEBACKUP_962012/modules/mod_dropdown_megamenu/assets/images grad1-mask.png
2012.09.06 15:15 B C:\inetpub\wwwroot\modules\mod_dropdown_megamenu\assets\images\header-bg2.gif --> ftp3.ftptoyoursite.com /web/content/SITEBACKUP_962012/modules/mod_dropdown_megamenu/assets/images header-bg2.gif
2012.09.06 15:15 B C:\inetpub\wwwroot\modules\mod_dropdown_megamenu\assets\images\index.html --> ftp3.ftptoyoursite.com /web/content/SITEBACKUP_962012/modules/mod_dropdown_megamenu/assets/images index.html
2012.09.06 15:15 B C:\inetpub\wwwroot\modules\mod_dropdown_megamenu\assets\images\mainnav-active-l.png --> ftp3.ftptoyoursite.com /web/content/SITEBACKUP_962012/modules/mod_dropdown_megamenu/assets/images mainnav-active-l.png
2012.09.06 15:15 B C:\inetpub\wwwroot\modules\mod_dropdown_megamenu\assets\images\mainnav-active-r.png --> ftp3.ftptoyoursite.com /web/content/SITEBACKUP_962012/modules/mod_dropdown_megamenu/assets/images mainnav-active-r.png
2012.09.06 15:15 B C:\inetpub\wwwroot\modules\mod_dropdown_megamenu\assets\images\WS_FTP.LOG --> ftp3.ftptoyoursite.com /web/content/SITEBACKUP_962012/modules/mod_dropdown_megamenu/assets/images WS_FTP.LOG
2012.10.02 13:25 B C:\inetpub\wwwroot\modules\mod_dropdown_megamenu\assets\images\close.png <-- Schubert Rackspace /web/content/modules/mod_dropdown_megamenu/assets/images close.png
2012.10.02 13:25 B C:\inetpub\wwwroot\modules\mod_dropdown_megamenu\assets\images\close_hover.png <-- Schubert Rackspace /web/content/modules/mod_dropdown_megamenu/assets/images close_hover.png
2012.10.02 13:38 B C:\inetpub\wwwroot\modules\mod_dropdown_megamenu\assets\images\close.png <-- Schubert Rackspace /web/content/modules/mod_dropdown_megamenu/assets/images close.png
2012.10.02 13:38 B C:\inetpub\wwwroot\modules\mod_dropdown_megamenu\assets\images\close_hover.png <-- Schubert Rackspace /web/content/modules/mod_dropdown_megamenu/assets/images close_hover.png
2012.10.02 13:40 B C:\inetpub\wwwroot\modules\mod_dropdown_megamenu\assets\images\close.png <-- Schubert Rackspace /web/content/modules/mod_dropdown_megamenu/assets/images close.png
2012.10.02 13:40 B C:\inetpub\wwwroot\modules\mod_dropdown_megamenu\assets\images\close_hover.png <-- Schubert Rackspace /web/content/modules/mod_dropdown_megamenu/assets/images close_hover.png
2012.10.02 13:40 B C:\inetpub\wwwroot\modules\mod_dropdown_megamenu\assets\images\close.png <-- Schubert Rackspace /web/content/modules/mod_dropdown_megamenu/assets/images close.png
2012.10.02 13:40 B C:\inetpub\wwwroot\modules\mod_dropdown_megamenu\assets\images\close_hover.png <-- Schubert Rackspace /web/content/modules/mod_dropdown_megamenu/assets/images close_hover.png
2012.10.02 13:42 B C:\inetpub\wwwroot\modules\mod_dropdown_megamenu\assets\images\close.png <-- Schubert Rackspace /web/content/modules/mod_dropdown_megamenu/assets/images close.png
2012.10.02 13:42 B C:\inetpub\wwwroot\modules\mod_dropdown_megamenu\assets\images\close_hover.png <-- Schubert Rackspace /web/content/modules/mod_dropdown_megamenu/assets/images close_hover.png
2012.10.02 13:42 B C:\inetpub\wwwroot\modules\mod_dropdown_megamenu\assets\images\close.png <-- Schubert Rackspace /web/content/modules/mod_dropdown_megamenu/assets/images close.png
2012.10.02 13:42 B C:\inetpub\wwwroot\modules\mod_dropdown_megamenu\assets\images\close_hover.png <-- Schubert Rackspace /web/content/modules/mod_dropdown_megamenu/assets/images close_hover.png
2012.10.23 09:16 B C:\inetpub\wwwroot\modules\mod_dropdown_megamenu\assets\images\arrow.png --> ftp3.ftptoyoursite.com /web/content/modules/mod_dropdown_megamenu/assets/images arrow.png
2012.10.23 09:16 B C:\inetpub\wwwroot\modules\mod_dropdown_megamenu\assets\images\arrow2.png --> ftp3.ftptoyoursite.com /web/content/modules/mod_dropdown_megamenu/assets/images arrow2.png
2012.10.23 09:16 B C:\inetpub\wwwroot\modules\mod_dropdown_megamenu\assets\images\arrow3.png --> ftp3.ftptoyoursite.com /web/content/modules/mod_dropdown_megamenu/assets/images arrow3.png
2012.10.23 09:16 B C:\inetpub\wwwroot\modules\mod_dropdown_megamenu\assets\images\arrow3_joo.png --> ftp3.ftptoyoursite.com /web/content/modules/mod_dropdown_megamenu/assets/images arrow3_joo.png
2012.10.23 09:16 B C:\inetpub\wwwroot\modules\mod_dropdown_megamenu\assets\images\arrow4_joom.png --> ftp3.ftptoyoursite.com /web/content/modules/mod_dropdown_megamenu/assets/images arrow4_joom.png
2012.10.23 09:16 B C:\inetpub\wwwroot\modules\mod_dropdown_megamenu\assets\images\arrow5.png --> ftp3.ftptoyoursite.com /web/content/modules/mod_dropdown_megamenu/assets/images arrow5.png
2012.10.23 09:16 B C:\inetpub\wwwroot\modules\mod_dropdown_megamenu\assets\images\bullet2.gif --> ftp3.ftptoyoursite.com /web/content/modules/mod_dropdown_megamenu/assets/images bullet2.gif
2012.10.23 09:16 B C:\inetpub\wwwroot\modules\mod_dropdown_megamenu\assets\images\close.png --> ftp3.ftptoyoursite.com /web/content/modules/mod_dropdown_megamenu/assets/images close.png
2012.10.23 09:16 B C:\inetpub\wwwroot\modules\mod_dropdown_megamenu\assets\images\close_hover.png --> ftp3.ftptoyoursite.com /web/content/modules/mod_dropdown_megamenu/assets/images close_hover.png
2012.10.23 09:16 B C:\inetpub\wwwroot\modules\mod_dropdown_megamenu\assets\images\grad-01.gif --> ftp3.ftptoyoursite.com /web/content/modules/mod_dropdown_megamenu/assets/images grad-01.gif
2012.10.23 09:16 B C:\inetpub\wwwroot\modules\mod_dropdown_megamenu\assets\images\grad1-mask.png --> ftp3.ftptoyoursite.com /web/content/modules/mod_dropdown_megamenu/assets/images grad1-mask.png
2012.10.23 09:16 B C:\inetpub\wwwroot\modules\mod_dropdown_megamenu\assets\images\header-bg2.gif --> ftp3.ftptoyoursite.com /web/content/modules/mod_dropdown_megamenu/assets/images header-bg2.gif
2012.10.23 09:16 B C:\inetpub\wwwroot\modules\mod_dropdown_megamenu\assets\images\index.html --> ftp3.ftptoyoursite.com /web/content/modules/mod_dropdown_megamenu/assets/images index.html
2012.10.23 09:16 B C:\inetpub\wwwroot\modules\mod_dropdown_megamenu\assets\images\mainnav-active-l.png --> ftp3.ftptoyoursite.com /web/content/modules/mod_dropdown_megamenu/assets/images mainnav-active-l.png
2012.10.23 09:16 B C:\inetpub\wwwroot\modules\mod_dropdown_megamenu\assets\images\mainnav-active-r.png --> ftp3.ftptoyoursite.com /web/content/modules/mod_dropdown_megamenu/assets/images mainnav-active-r.png
2012.10.23 09:16 B C:\inetpub\wwwroot\modules\mod_dropdown_megamenu\assets\images\WS_FTP.LOG --> ftp3.ftptoyoursite.com /web/content/modules/mod_dropdown_megamenu/assets/images WS_FTP.LOG
2013.02.01 15:02 B C:\inetpub\wwwroot\modules\mod_dropdown_megamenu\assets\images\WS_FTP.LOG <-- Schubert Rackspace /web/content/modules/mod_dropdown_megamenu/assets/images WS_FTP.LOG
