2012.07.25 12:20 B C:\Users\COBRIEN\Desktop\Schubert\modules\mod_unite_nivoslider\tmpl\themes\pure\arrows.png <-- Schubert Rackspace /web/content/modules/mod_unite_nivoslider/tmpl/themes/pure arrows.png
2012.07.25 12:20 B C:\Users\COBRIEN\Desktop\Schubert\modules\mod_unite_nivoslider\tmpl\themes\pure\bullets.png <-- Schubert Rackspace /web/content/modules/mod_unite_nivoslider/tmpl/themes/pure bullets.png
2012.07.25 12:20 B C:\Users\COBRIEN\Desktop\Schubert\modules\mod_unite_nivoslider\tmpl\themes\pure\loading.gif <-- Schubert Rackspace /web/content/modules/mod_unite_nivoslider/tmpl/themes/pure loading.gif
2012.07.25 12:20 B C:\Users\COBRIEN\Desktop\Schubert\modules\mod_unite_nivoslider\tmpl\themes\pure\pure.css <-- Schubert Rackspace /web/content/modules/mod_unite_nivoslider/tmpl/themes/pure pure.css
2012.09.04 10:56 B C:\inetpub\wwwroot\modules\mod_unite_nivoslider\tmpl\themes\pure\arrows.png --> ftp3.ftptoyoursite.com /web/content/SITE-TEST/modules/mod_unite_nivoslider/tmpl/themes/pure arrows.png
2012.09.04 10:56 B C:\inetpub\wwwroot\modules\mod_unite_nivoslider\tmpl\themes\pure\bullets.png --> ftp3.ftptoyoursite.com /web/content/SITE-TEST/modules/mod_unite_nivoslider/tmpl/themes/pure bullets.png
2012.09.04 10:56 B C:\inetpub\wwwroot\modules\mod_unite_nivoslider\tmpl\themes\pure\loading.gif --> ftp3.ftptoyoursite.com /web/content/SITE-TEST/modules/mod_unite_nivoslider/tmpl/themes/pure loading.gif
2012.09.04 10:56 B C:\inetpub\wwwroot\modules\mod_unite_nivoslider\tmpl\themes\pure\pure.css --> ftp3.ftptoyoursite.com /web/content/SITE-TEST/modules/mod_unite_nivoslider/tmpl/themes/pure pure.css
2012.09.04 10:56 B C:\inetpub\wwwroot\modules\mod_unite_nivoslider\tmpl\themes\pure\WS_FTP.LOG --> ftp3.ftptoyoursite.com /web/content/SITE-TEST/modules/mod_unite_nivoslider/tmpl/themes/pure WS_FTP.LOG
2012.09.06 15:15 B C:\inetpub\wwwroot\modules\mod_unite_nivoslider\tmpl\themes\pure\arrows.png --> ftp3.ftptoyoursite.com /web/content/SITEBACKUP_962012/modules/mod_unite_nivoslider/tmpl/themes/pure arrows.png
2012.09.06 15:15 B C:\inetpub\wwwroot\modules\mod_unite_nivoslider\tmpl\themes\pure\bullets.png --> ftp3.ftptoyoursite.com /web/content/SITEBACKUP_962012/modules/mod_unite_nivoslider/tmpl/themes/pure bullets.png
2012.09.06 15:15 B C:\inetpub\wwwroot\modules\mod_unite_nivoslider\tmpl\themes\pure\loading.gif --> ftp3.ftptoyoursite.com /web/content/SITEBACKUP_962012/modules/mod_unite_nivoslider/tmpl/themes/pure loading.gif
2012.09.06 15:15 B C:\inetpub\wwwroot\modules\mod_unite_nivoslider\tmpl\themes\pure\pure.css --> ftp3.ftptoyoursite.com /web/content/SITEBACKUP_962012/modules/mod_unite_nivoslider/tmpl/themes/pure pure.css
2012.09.06 15:15 B C:\inetpub\wwwroot\modules\mod_unite_nivoslider\tmpl\themes\pure\WS_FTP.LOG --> ftp3.ftptoyoursite.com /web/content/SITEBACKUP_962012/modules/mod_unite_nivoslider/tmpl/themes/pure WS_FTP.LOG
2012.10.23 09:17 B C:\inetpub\wwwroot\modules\mod_unite_nivoslider\tmpl\themes\pure\arrows.png --> ftp3.ftptoyoursite.com /web/content/modules/mod_unite_nivoslider/tmpl/themes/pure arrows.png
2012.10.23 09:17 B C:\inetpub\wwwroot\modules\mod_unite_nivoslider\tmpl\themes\pure\bullets.png --> ftp3.ftptoyoursite.com /web/content/modules/mod_unite_nivoslider/tmpl/themes/pure bullets.png
2012.10.23 09:17 B C:\inetpub\wwwroot\modules\mod_unite_nivoslider\tmpl\themes\pure\loading.gif --> ftp3.ftptoyoursite.com /web/content/modules/mod_unite_nivoslider/tmpl/themes/pure loading.gif
2012.10.23 09:17 B C:\inetpub\wwwroot\modules\mod_unite_nivoslider\tmpl\themes\pure\pure.css --> ftp3.ftptoyoursite.com /web/content/modules/mod_unite_nivoslider/tmpl/themes/pure pure.css
2012.10.23 09:17 B C:\inetpub\wwwroot\modules\mod_unite_nivoslider\tmpl\themes\pure\WS_FTP.LOG --> ftp3.ftptoyoursite.com /web/content/modules/mod_unite_nivoslider/tmpl/themes/pure WS_FTP.LOG
2013.02.01 15:03 B C:\inetpub\wwwroot\modules\mod_unite_nivoslider\tmpl\themes\pure\WS_FTP.LOG <-- Schubert Rackspace /web/content/modules/mod_unite_nivoslider/tmpl/themes/pure WS_FTP.LOG
