2012.07.25 12:10 B C:\Users\COBRIEN\Desktop\Schubert\administrator\components\com_installer\controllers\database.php <-- Schubert Rackspace /web/content/administrator/components/com_installer/controllers database.php
2012.07.25 12:10 B C:\Users\COBRIEN\Desktop\Schubert\administrator\components\com_installer\controllers\discover.php <-- Schubert Rackspace /web/content/administrator/components/com_installer/controllers discover.php
2012.07.25 12:10 B C:\Users\COBRIEN\Desktop\Schubert\administrator\components\com_installer\controllers\index.html <-- Schubert Rackspace /web/content/administrator/components/com_installer/controllers index.html
2012.07.25 12:10 B C:\Users\COBRIEN\Desktop\Schubert\administrator\components\com_installer\controllers\install.php <-- Schubert Rackspace /web/content/administrator/components/com_installer/controllers install.php
2012.07.25 12:10 B C:\Users\COBRIEN\Desktop\Schubert\administrator\components\com_installer\controllers\manage.php <-- Schubert Rackspace /web/content/administrator/components/com_installer/controllers manage.php
2012.07.25 12:10 B C:\Users\COBRIEN\Desktop\Schubert\administrator\components\com_installer\controllers\update.php <-- Schubert Rackspace /web/content/administrator/components/com_installer/controllers update.php
2012.09.04 10:44 B C:\inetpub\wwwroot\administrator\components\com_installer\controllers\database.php --> ftp3.ftptoyoursite.com /web/content/SITE-TEST/administrator/components/com_installer/controllers database.php
2012.09.04 10:44 B C:\inetpub\wwwroot\administrator\components\com_installer\controllers\discover.php --> ftp3.ftptoyoursite.com /web/content/SITE-TEST/administrator/components/com_installer/controllers discover.php
2012.09.04 10:44 B C:\inetpub\wwwroot\administrator\components\com_installer\controllers\index.html --> ftp3.ftptoyoursite.com /web/content/SITE-TEST/administrator/components/com_installer/controllers index.html
2012.09.04 10:44 B C:\inetpub\wwwroot\administrator\components\com_installer\controllers\install.php --> ftp3.ftptoyoursite.com /web/content/SITE-TEST/administrator/components/com_installer/controllers install.php
2012.09.04 10:44 B C:\inetpub\wwwroot\administrator\components\com_installer\controllers\manage.php --> ftp3.ftptoyoursite.com /web/content/SITE-TEST/administrator/components/com_installer/controllers manage.php
2012.09.04 10:44 B C:\inetpub\wwwroot\administrator\components\com_installer\controllers\update.php --> ftp3.ftptoyoursite.com /web/content/SITE-TEST/administrator/components/com_installer/controllers update.php
2012.09.04 10:44 B C:\inetpub\wwwroot\administrator\components\com_installer\controllers\WS_FTP.LOG --> ftp3.ftptoyoursite.com /web/content/SITE-TEST/administrator/components/com_installer/controllers WS_FTP.LOG
2012.09.06 14:59 B C:\inetpub\wwwroot\administrator\components\com_installer\controllers\database.php --> ftp3.ftptoyoursite.com /web/content/SITEBACKUP_962012/administrator/components/com_installer/controllers database.php
2012.09.06 14:59 B C:\inetpub\wwwroot\administrator\components\com_installer\controllers\discover.php --> ftp3.ftptoyoursite.com /web/content/SITEBACKUP_962012/administrator/components/com_installer/controllers discover.php
2012.09.06 14:59 B C:\inetpub\wwwroot\administrator\components\com_installer\controllers\index.html --> ftp3.ftptoyoursite.com /web/content/SITEBACKUP_962012/administrator/components/com_installer/controllers index.html
2012.09.06 14:59 B C:\inetpub\wwwroot\administrator\components\com_installer\controllers\install.php --> ftp3.ftptoyoursite.com /web/content/SITEBACKUP_962012/administrator/components/com_installer/controllers install.php
2012.09.06 14:59 B C:\inetpub\wwwroot\administrator\components\com_installer\controllers\manage.php --> ftp3.ftptoyoursite.com /web/content/SITEBACKUP_962012/administrator/components/com_installer/controllers manage.php
2012.09.06 14:59 B C:\inetpub\wwwroot\administrator\components\com_installer\controllers\update.php --> ftp3.ftptoyoursite.com /web/content/SITEBACKUP_962012/administrator/components/com_installer/controllers update.php
2012.09.06 14:59 B C:\inetpub\wwwroot\administrator\components\com_installer\controllers\WS_FTP.LOG --> ftp3.ftptoyoursite.com /web/content/SITEBACKUP_962012/administrator/components/com_installer/controllers WS_FTP.LOG
2012.09.06 15:20 B C:\inetpub\wwwroot\administrator\components\com_installer\controllers\database.php <-- Schubert Rackspace /web/content/administrator/components/com_installer/controllers database.php
2012.09.06 15:20 B C:\inetpub\wwwroot\administrator\components\com_installer\controllers\discover.php <-- Schubert Rackspace /web/content/administrator/components/com_installer/controllers discover.php
2012.09.06 15:20 B C:\inetpub\wwwroot\administrator\components\com_installer\controllers\index.html <-- Schubert Rackspace /web/content/administrator/components/com_installer/controllers index.html
2012.09.06 15:20 B C:\inetpub\wwwroot\administrator\components\com_installer\controllers\install.php <-- Schubert Rackspace /web/content/administrator/components/com_installer/controllers install.php
2012.09.06 15:20 B C:\inetpub\wwwroot\administrator\components\com_installer\controllers\manage.php <-- Schubert Rackspace /web/content/administrator/components/com_installer/controllers manage.php
2012.09.06 15:20 B C:\inetpub\wwwroot\administrator\components\com_installer\controllers\update.php <-- Schubert Rackspace /web/content/administrator/components/com_installer/controllers update.php
2012.09.06 15:44 B C:\inetpub\wwwroot\administrator\components\com_installer\controllers\database.php <-- Schubert Rackspace /web/content/SITEBACKUP_962012/administrator/components/com_installer/controllers database.php
2012.09.06 15:44 B C:\inetpub\wwwroot\administrator\components\com_installer\controllers\discover.php <-- Schubert Rackspace /web/content/SITEBACKUP_962012/administrator/components/com_installer/controllers discover.php
2012.09.06 15:44 B C:\inetpub\wwwroot\administrator\components\com_installer\controllers\index.html <-- Schubert Rackspace /web/content/SITEBACKUP_962012/administrator/components/com_installer/controllers index.html
2012.09.06 15:44 B C:\inetpub\wwwroot\administrator\components\com_installer\controllers\install.php <-- Schubert Rackspace /web/content/SITEBACKUP_962012/administrator/components/com_installer/controllers install.php
2012.09.06 15:44 B C:\inetpub\wwwroot\administrator\components\com_installer\controllers\manage.php <-- Schubert Rackspace /web/content/SITEBACKUP_962012/administrator/components/com_installer/controllers manage.php
2012.09.06 15:44 B C:\inetpub\wwwroot\administrator\components\com_installer\controllers\update.php <-- Schubert Rackspace /web/content/SITEBACKUP_962012/administrator/components/com_installer/controllers update.php
2012.10.23 09:04 B C:\inetpub\wwwroot\administrator\components\com_installer\controllers\database.php --> ftp3.ftptoyoursite.com /web/content/administrator/components/com_installer/controllers database.php
2012.10.23 09:04 B C:\inetpub\wwwroot\administrator\components\com_installer\controllers\discover.php --> ftp3.ftptoyoursite.com /web/content/administrator/components/com_installer/controllers discover.php
2012.10.23 09:04 B C:\inetpub\wwwroot\administrator\components\com_installer\controllers\index.html --> ftp3.ftptoyoursite.com /web/content/administrator/components/com_installer/controllers index.html
2012.10.23 09:04 B C:\inetpub\wwwroot\administrator\components\com_installer\controllers\install.php --> ftp3.ftptoyoursite.com /web/content/administrator/components/com_installer/controllers install.php
2012.10.23 09:04 B C:\inetpub\wwwroot\administrator\components\com_installer\controllers\manage.php --> ftp3.ftptoyoursite.com /web/content/administrator/components/com_installer/controllers manage.php
2012.10.23 09:04 B C:\inetpub\wwwroot\administrator\components\com_installer\controllers\update.php --> ftp3.ftptoyoursite.com /web/content/administrator/components/com_installer/controllers update.php
2012.10.23 09:04 B C:\inetpub\wwwroot\administrator\components\com_installer\controllers\WS_FTP.LOG --> ftp3.ftptoyoursite.com /web/content/administrator/components/com_installer/controllers WS_FTP.LOG
2013.02.01 14:40 B C:\inetpub\wwwroot\administrator\components\com_installer\controllers\WS_FTP.LOG <-- Schubert Rackspace /web/content/administrator/components/com_installer/controllers WS_FTP.LOG
