2012.07.25 12:11 B C:\Users\COBRIEN\Desktop\Schubert\administrator\components\com_installer\views\manage\tmpl\default.php <-- Schubert Rackspace /web/content/administrator/components/com_installer/views/manage/tmpl default.php
2012.07.25 12:11 B C:\Users\COBRIEN\Desktop\Schubert\administrator\components\com_installer\views\manage\tmpl\default_filter.php <-- Schubert Rackspace /web/content/administrator/components/com_installer/views/manage/tmpl default_filter.php
2012.07.25 12:11 B C:\Users\COBRIEN\Desktop\Schubert\administrator\components\com_installer\views\manage\tmpl\index.html <-- Schubert Rackspace /web/content/administrator/components/com_installer/views/manage/tmpl index.html
2012.09.04 10:44 B C:\inetpub\wwwroot\administrator\components\com_installer\views\manage\tmpl\default.php --> ftp3.ftptoyoursite.com /web/content/SITE-TEST/administrator/components/com_installer/views/manage/tmpl default.php
2012.09.04 10:44 B C:\inetpub\wwwroot\administrator\components\com_installer\views\manage\tmpl\default_filter.php --> ftp3.ftptoyoursite.com /web/content/SITE-TEST/administrator/components/com_installer/views/manage/tmpl default_filter.php
2012.09.04 10:44 B C:\inetpub\wwwroot\administrator\components\com_installer\views\manage\tmpl\index.html --> ftp3.ftptoyoursite.com /web/content/SITE-TEST/administrator/components/com_installer/views/manage/tmpl index.html
2012.09.04 10:44 B C:\inetpub\wwwroot\administrator\components\com_installer\views\manage\tmpl\WS_FTP.LOG --> ftp3.ftptoyoursite.com /web/content/SITE-TEST/administrator/components/com_installer/views/manage/tmpl WS_FTP.LOG
2012.09.06 14:59 B C:\inetpub\wwwroot\administrator\components\com_installer\views\manage\tmpl\default.php --> ftp3.ftptoyoursite.com /web/content/SITEBACKUP_962012/administrator/components/com_installer/views/manage/tmpl default.php
2012.09.06 14:59 B C:\inetpub\wwwroot\administrator\components\com_installer\views\manage\tmpl\default_filter.php --> ftp3.ftptoyoursite.com /web/content/SITEBACKUP_962012/administrator/components/com_installer/views/manage/tmpl default_filter.php
2012.09.06 14:59 B C:\inetpub\wwwroot\administrator\components\com_installer\views\manage\tmpl\index.html --> ftp3.ftptoyoursite.com /web/content/SITEBACKUP_962012/administrator/components/com_installer/views/manage/tmpl index.html
2012.09.06 14:59 B C:\inetpub\wwwroot\administrator\components\com_installer\views\manage\tmpl\WS_FTP.LOG --> ftp3.ftptoyoursite.com /web/content/SITEBACKUP_962012/administrator/components/com_installer/views/manage/tmpl WS_FTP.LOG
2012.09.06 15:20 B C:\inetpub\wwwroot\administrator\components\com_installer\views\manage\tmpl\default.php <-- Schubert Rackspace /web/content/administrator/components/com_installer/views/manage/tmpl default.php
2012.09.06 15:20 B C:\inetpub\wwwroot\administrator\components\com_installer\views\manage\tmpl\default_filter.php <-- Schubert Rackspace /web/content/administrator/components/com_installer/views/manage/tmpl default_filter.php
2012.09.06 15:20 B C:\inetpub\wwwroot\administrator\components\com_installer\views\manage\tmpl\index.html <-- Schubert Rackspace /web/content/administrator/components/com_installer/views/manage/tmpl index.html
2012.09.06 15:44 B C:\inetpub\wwwroot\administrator\components\com_installer\views\manage\tmpl\default.php <-- Schubert Rackspace /web/content/SITEBACKUP_962012/administrator/components/com_installer/views/manage/tmpl default.php
2012.09.06 15:44 B C:\inetpub\wwwroot\administrator\components\com_installer\views\manage\tmpl\default_filter.php <-- Schubert Rackspace /web/content/SITEBACKUP_962012/administrator/components/com_installer/views/manage/tmpl default_filter.php
2012.09.06 15:44 B C:\inetpub\wwwroot\administrator\components\com_installer\views\manage\tmpl\index.html <-- Schubert Rackspace /web/content/SITEBACKUP_962012/administrator/components/com_installer/views/manage/tmpl index.html
2012.10.23 09:04 B C:\inetpub\wwwroot\administrator\components\com_installer\views\manage\tmpl\default.php --> ftp3.ftptoyoursite.com /web/content/administrator/components/com_installer/views/manage/tmpl default.php
2012.10.23 09:04 B C:\inetpub\wwwroot\administrator\components\com_installer\views\manage\tmpl\default_filter.php --> ftp3.ftptoyoursite.com /web/content/administrator/components/com_installer/views/manage/tmpl default_filter.php
2012.10.23 09:04 B C:\inetpub\wwwroot\administrator\components\com_installer\views\manage\tmpl\index.html --> ftp3.ftptoyoursite.com /web/content/administrator/components/com_installer/views/manage/tmpl index.html
2012.10.23 09:04 B C:\inetpub\wwwroot\administrator\components\com_installer\views\manage\tmpl\WS_FTP.LOG --> ftp3.ftptoyoursite.com /web/content/administrator/components/com_installer/views/manage/tmpl WS_FTP.LOG
2013.02.01 14:40 B C:\inetpub\wwwroot\administrator\components\com_installer\views\manage\tmpl\WS_FTP.LOG <-- Schubert Rackspace /web/content/administrator/components/com_installer/views/manage/tmpl WS_FTP.LOG
