2012.07.25 12:20 B C:\Users\COBRIEN\Desktop\Schubert\plugins\system\nnframework\helpers\assignments\browsers.php <-- Schubert Rackspace /web/content/plugins/system/nnframework/helpers/assignments browsers.php
2012.07.25 12:20 B C:\Users\COBRIEN\Desktop\Schubert\plugins\system\nnframework\helpers\assignments\components.php <-- Schubert Rackspace /web/content/plugins/system/nnframework/helpers/assignments components.php
2012.07.25 12:20 B C:\Users\COBRIEN\Desktop\Schubert\plugins\system\nnframework\helpers\assignments\content.php <-- Schubert Rackspace /web/content/plugins/system/nnframework/helpers/assignments content.php
2012.07.25 12:20 B C:\Users\COBRIEN\Desktop\Schubert\plugins\system\nnframework\helpers\assignments\datetime.php <-- Schubert Rackspace /web/content/plugins/system/nnframework/helpers/assignments datetime.php
2012.07.25 12:20 B C:\Users\COBRIEN\Desktop\Schubert\plugins\system\nnframework\helpers\assignments\flexicontent.php <-- Schubert Rackspace /web/content/plugins/system/nnframework/helpers/assignments flexicontent.php
2012.07.25 12:20 B C:\Users\COBRIEN\Desktop\Schubert\plugins\system\nnframework\helpers\assignments\index.html <-- Schubert Rackspace /web/content/plugins/system/nnframework/helpers/assignments index.html
2012.07.25 12:20 B C:\Users\COBRIEN\Desktop\Schubert\plugins\system\nnframework\helpers\assignments\k2.php <-- Schubert Rackspace /web/content/plugins/system/nnframework/helpers/assignments k2.php
2012.07.25 12:20 B C:\Users\COBRIEN\Desktop\Schubert\plugins\system\nnframework\helpers\assignments\languages.php <-- Schubert Rackspace /web/content/plugins/system/nnframework/helpers/assignments languages.php
2012.07.25 12:20 B C:\Users\COBRIEN\Desktop\Schubert\plugins\system\nnframework\helpers\assignments\menu.php <-- Schubert Rackspace /web/content/plugins/system/nnframework/helpers/assignments menu.php
2012.07.25 12:20 B C:\Users\COBRIEN\Desktop\Schubert\plugins\system\nnframework\helpers\assignments\php.php <-- Schubert Rackspace /web/content/plugins/system/nnframework/helpers/assignments php.php
2012.07.25 12:20 B C:\Users\COBRIEN\Desktop\Schubert\plugins\system\nnframework\helpers\assignments\resources.php <-- Schubert Rackspace /web/content/plugins/system/nnframework/helpers/assignments resources.php
2012.07.25 12:20 B C:\Users\COBRIEN\Desktop\Schubert\plugins\system\nnframework\helpers\assignments\templates.php <-- Schubert Rackspace /web/content/plugins/system/nnframework/helpers/assignments templates.php
2012.07.25 12:20 B C:\Users\COBRIEN\Desktop\Schubert\plugins\system\nnframework\helpers\assignments\url.php <-- Schubert Rackspace /web/content/plugins/system/nnframework/helpers/assignments url.php
2012.07.25 12:20 B C:\Users\COBRIEN\Desktop\Schubert\plugins\system\nnframework\helpers\assignments\users.php <-- Schubert Rackspace /web/content/plugins/system/nnframework/helpers/assignments users.php
2012.07.25 12:20 B C:\Users\COBRIEN\Desktop\Schubert\plugins\system\nnframework\helpers\assignments\virtuemart.php <-- Schubert Rackspace /web/content/plugins/system/nnframework/helpers/assignments virtuemart.php
2012.07.25 12:20 B C:\Users\COBRIEN\Desktop\Schubert\plugins\system\nnframework\helpers\assignments\zoo.php <-- Schubert Rackspace /web/content/plugins/system/nnframework/helpers/assignments zoo.php
2012.09.04 10:58 B C:\inetpub\wwwroot\plugins\system\nnframework\helpers\assignments\browsers.php --> ftp3.ftptoyoursite.com /web/content/SITE-TEST/plugins/system/nnframework/helpers/assignments browsers.php
2012.09.04 10:58 B C:\inetpub\wwwroot\plugins\system\nnframework\helpers\assignments\components.php --> ftp3.ftptoyoursite.com /web/content/SITE-TEST/plugins/system/nnframework/helpers/assignments components.php
2012.09.04 10:58 B C:\inetpub\wwwroot\plugins\system\nnframework\helpers\assignments\content.php --> ftp3.ftptoyoursite.com /web/content/SITE-TEST/plugins/system/nnframework/helpers/assignments content.php
2012.09.04 10:58 B C:\inetpub\wwwroot\plugins\system\nnframework\helpers\assignments\datetime.php --> ftp3.ftptoyoursite.com /web/content/SITE-TEST/plugins/system/nnframework/helpers/assignments datetime.php
2012.09.04 10:58 B C:\inetpub\wwwroot\plugins\system\nnframework\helpers\assignments\flexicontent.php --> ftp3.ftptoyoursite.com /web/content/SITE-TEST/plugins/system/nnframework/helpers/assignments flexicontent.php
2012.09.04 10:58 B C:\inetpub\wwwroot\plugins\system\nnframework\helpers\assignments\index.html --> ftp3.ftptoyoursite.com /web/content/SITE-TEST/plugins/system/nnframework/helpers/assignments index.html
2012.09.04 10:58 B C:\inetpub\wwwroot\plugins\system\nnframework\helpers\assignments\k2.php --> ftp3.ftptoyoursite.com /web/content/SITE-TEST/plugins/system/nnframework/helpers/assignments k2.php
2012.09.04 10:58 B C:\inetpub\wwwroot\plugins\system\nnframework\helpers\assignments\languages.php --> ftp3.ftptoyoursite.com /web/content/SITE-TEST/plugins/system/nnframework/helpers/assignments languages.php
2012.09.04 10:58 B C:\inetpub\wwwroot\plugins\system\nnframework\helpers\assignments\menu.php --> ftp3.ftptoyoursite.com /web/content/SITE-TEST/plugins/system/nnframework/helpers/assignments menu.php
2012.09.04 10:58 B C:\inetpub\wwwroot\plugins\system\nnframework\helpers\assignments\php.php --> ftp3.ftptoyoursite.com /web/content/SITE-TEST/plugins/system/nnframework/helpers/assignments php.php
2012.09.04 10:58 B C:\inetpub\wwwroot\plugins\system\nnframework\helpers\assignments\resources.php --> ftp3.ftptoyoursite.com /web/content/SITE-TEST/plugins/system/nnframework/helpers/assignments resources.php
2012.09.04 10:58 B C:\inetpub\wwwroot\plugins\system\nnframework\helpers\assignments\templates.php --> ftp3.ftptoyoursite.com /web/content/SITE-TEST/plugins/system/nnframework/helpers/assignments templates.php
2012.09.04 10:58 B C:\inetpub\wwwroot\plugins\system\nnframework\helpers\assignments\url.php --> ftp3.ftptoyoursite.com /web/content/SITE-TEST/plugins/system/nnframework/helpers/assignments url.php
2012.09.04 10:58 B C:\inetpub\wwwroot\plugins\system\nnframework\helpers\assignments\users.php --> ftp3.ftptoyoursite.com /web/content/SITE-TEST/plugins/system/nnframework/helpers/assignments users.php
2012.09.04 10:58 B C:\inetpub\wwwroot\plugins\system\nnframework\helpers\assignments\virtuemart.php --> ftp3.ftptoyoursite.com /web/content/SITE-TEST/plugins/system/nnframework/helpers/assignments virtuemart.php
2012.09.04 10:58 B C:\inetpub\wwwroot\plugins\system\nnframework\helpers\assignments\WS_FTP.LOG --> ftp3.ftptoyoursite.com /web/content/SITE-TEST/plugins/system/nnframework/helpers/assignments WS_FTP.LOG
2012.09.04 10:58 B C:\inetpub\wwwroot\plugins\system\nnframework\helpers\assignments\zoo.php --> ftp3.ftptoyoursite.com /web/content/SITE-TEST/plugins/system/nnframework/helpers/assignments zoo.php
2012.09.06 15:16 B C:\inetpub\wwwroot\plugins\system\nnframework\helpers\assignments\browsers.php --> ftp3.ftptoyoursite.com /web/content/SITEBACKUP_962012/plugins/system/nnframework/helpers/assignments browsers.php
2012.09.06 15:16 B C:\inetpub\wwwroot\plugins\system\nnframework\helpers\assignments\components.php --> ftp3.ftptoyoursite.com /web/content/SITEBACKUP_962012/plugins/system/nnframework/helpers/assignments components.php
2012.09.06 15:16 B C:\inetpub\wwwroot\plugins\system\nnframework\helpers\assignments\content.php --> ftp3.ftptoyoursite.com /web/content/SITEBACKUP_962012/plugins/system/nnframework/helpers/assignments content.php
2012.09.06 15:16 B C:\inetpub\wwwroot\plugins\system\nnframework\helpers\assignments\datetime.php --> ftp3.ftptoyoursite.com /web/content/SITEBACKUP_962012/plugins/system/nnframework/helpers/assignments datetime.php
2012.09.06 15:16 B C:\inetpub\wwwroot\plugins\system\nnframework\helpers\assignments\flexicontent.php --> ftp3.ftptoyoursite.com /web/content/SITEBACKUP_962012/plugins/system/nnframework/helpers/assignments flexicontent.php
2012.09.06 15:16 B C:\inetpub\wwwroot\plugins\system\nnframework\helpers\assignments\homepage.php --> ftp3.ftptoyoursite.com /web/content/SITEBACKUP_962012/plugins/system/nnframework/helpers/assignments homepage.php
2012.09.06 15:16 B C:\inetpub\wwwroot\plugins\system\nnframework\helpers\assignments\index.html --> ftp3.ftptoyoursite.com /web/content/SITEBACKUP_962012/plugins/system/nnframework/helpers/assignments index.html
2012.09.06 15:16 B C:\inetpub\wwwroot\plugins\system\nnframework\helpers\assignments\k2.php --> ftp3.ftptoyoursite.com /web/content/SITEBACKUP_962012/plugins/system/nnframework/helpers/assignments k2.php
2012.09.06 15:16 B C:\inetpub\wwwroot\plugins\system\nnframework\helpers\assignments\languages.php --> ftp3.ftptoyoursite.com /web/content/SITEBACKUP_962012/plugins/system/nnframework/helpers/assignments languages.php
2012.09.06 15:16 B C:\inetpub\wwwroot\plugins\system\nnframework\helpers\assignments\menu.php --> ftp3.ftptoyoursite.com /web/content/SITEBACKUP_962012/plugins/system/nnframework/helpers/assignments menu.php
2012.09.06 15:16 B C:\inetpub\wwwroot\plugins\system\nnframework\helpers\assignments\php.php --> ftp3.ftptoyoursite.com /web/content/SITEBACKUP_962012/plugins/system/nnframework/helpers/assignments php.php
2012.09.06 15:16 B C:\inetpub\wwwroot\plugins\system\nnframework\helpers\assignments\resources.php --> ftp3.ftptoyoursite.com /web/content/SITEBACKUP_962012/plugins/system/nnframework/helpers/assignments resources.php
2012.09.06 15:16 B C:\inetpub\wwwroot\plugins\system\nnframework\helpers\assignments\templates.php --> ftp3.ftptoyoursite.com /web/content/SITEBACKUP_962012/plugins/system/nnframework/helpers/assignments templates.php
2012.09.06 15:16 B C:\inetpub\wwwroot\plugins\system\nnframework\helpers\assignments\url.php --> ftp3.ftptoyoursite.com /web/content/SITEBACKUP_962012/plugins/system/nnframework/helpers/assignments url.php
2012.09.06 15:16 B C:\inetpub\wwwroot\plugins\system\nnframework\helpers\assignments\users.php --> ftp3.ftptoyoursite.com /web/content/SITEBACKUP_962012/plugins/system/nnframework/helpers/assignments users.php
2012.09.06 15:16 B C:\inetpub\wwwroot\plugins\system\nnframework\helpers\assignments\virtuemart.php --> ftp3.ftptoyoursite.com /web/content/SITEBACKUP_962012/plugins/system/nnframework/helpers/assignments virtuemart.php
2012.09.06 15:16 B C:\inetpub\wwwroot\plugins\system\nnframework\helpers\assignments\WS_FTP.LOG --> ftp3.ftptoyoursite.com /web/content/SITEBACKUP_962012/plugins/system/nnframework/helpers/assignments WS_FTP.LOG
2012.09.06 15:16 B C:\inetpub\wwwroot\plugins\system\nnframework\helpers\assignments\zoo.php --> ftp3.ftptoyoursite.com /web/content/SITEBACKUP_962012/plugins/system/nnframework/helpers/assignments zoo.php
2012.10.23 09:18 B C:\inetpub\wwwroot\plugins\system\nnframework\helpers\assignments\browsers.php --> ftp3.ftptoyoursite.com /web/content/plugins/system/nnframework/helpers/assignments browsers.php
2012.10.23 09:18 B C:\inetpub\wwwroot\plugins\system\nnframework\helpers\assignments\components.php --> ftp3.ftptoyoursite.com /web/content/plugins/system/nnframework/helpers/assignments components.php
2012.10.23 09:18 B C:\inetpub\wwwroot\plugins\system\nnframework\helpers\assignments\content.php --> ftp3.ftptoyoursite.com /web/content/plugins/system/nnframework/helpers/assignments content.php
2012.10.23 09:18 B C:\inetpub\wwwroot\plugins\system\nnframework\helpers\assignments\datetime.php --> ftp3.ftptoyoursite.com /web/content/plugins/system/nnframework/helpers/assignments datetime.php
2012.10.23 09:18 B C:\inetpub\wwwroot\plugins\system\nnframework\helpers\assignments\flexicontent.php --> ftp3.ftptoyoursite.com /web/content/plugins/system/nnframework/helpers/assignments flexicontent.php
2012.10.23 09:18 B C:\inetpub\wwwroot\plugins\system\nnframework\helpers\assignments\homepage.php --> ftp3.ftptoyoursite.com /web/content/plugins/system/nnframework/helpers/assignments homepage.php
2012.10.23 09:18 B C:\inetpub\wwwroot\plugins\system\nnframework\helpers\assignments\index.html --> ftp3.ftptoyoursite.com /web/content/plugins/system/nnframework/helpers/assignments index.html
2012.10.23 09:18 B C:\inetpub\wwwroot\plugins\system\nnframework\helpers\assignments\k2.php --> ftp3.ftptoyoursite.com /web/content/plugins/system/nnframework/helpers/assignments k2.php
2012.10.23 09:18 B C:\inetpub\wwwroot\plugins\system\nnframework\helpers\assignments\languages.php --> ftp3.ftptoyoursite.com /web/content/plugins/system/nnframework/helpers/assignments languages.php
2012.10.23 09:18 B C:\inetpub\wwwroot\plugins\system\nnframework\helpers\assignments\menu.php --> ftp3.ftptoyoursite.com /web/content/plugins/system/nnframework/helpers/assignments menu.php
2012.10.23 09:18 B C:\inetpub\wwwroot\plugins\system\nnframework\helpers\assignments\php.php --> ftp3.ftptoyoursite.com /web/content/plugins/system/nnframework/helpers/assignments php.php
2012.10.23 09:18 B C:\inetpub\wwwroot\plugins\system\nnframework\helpers\assignments\resources.php --> ftp3.ftptoyoursite.com /web/content/plugins/system/nnframework/helpers/assignments resources.php
2012.10.23 09:18 B C:\inetpub\wwwroot\plugins\system\nnframework\helpers\assignments\templates.php --> ftp3.ftptoyoursite.com /web/content/plugins/system/nnframework/helpers/assignments templates.php
2012.10.23 09:18 B C:\inetpub\wwwroot\plugins\system\nnframework\helpers\assignments\url.php --> ftp3.ftptoyoursite.com /web/content/plugins/system/nnframework/helpers/assignments url.php
2012.10.23 09:18 B C:\inetpub\wwwroot\plugins\system\nnframework\helpers\assignments\users.php --> ftp3.ftptoyoursite.com /web/content/plugins/system/nnframework/helpers/assignments users.php
2012.10.23 09:18 B C:\inetpub\wwwroot\plugins\system\nnframework\helpers\assignments\virtuemart.php --> ftp3.ftptoyoursite.com /web/content/plugins/system/nnframework/helpers/assignments virtuemart.php
2012.10.23 09:18 B C:\inetpub\wwwroot\plugins\system\nnframework\helpers\assignments\WS_FTP.LOG --> ftp3.ftptoyoursite.com /web/content/plugins/system/nnframework/helpers/assignments WS_FTP.LOG
2012.10.23 09:18 B C:\inetpub\wwwroot\plugins\system\nnframework\helpers\assignments\zoo.php --> ftp3.ftptoyoursite.com /web/content/plugins/system/nnframework/helpers/assignments zoo.php
2013.02.01 15:04 B C:\inetpub\wwwroot\plugins\system\nnframework\helpers\assignments\WS_FTP.LOG <-- Schubert Rackspace /web/content/plugins/system/nnframework/helpers/assignments WS_FTP.LOG
2013.02.01 15:04 B C:\inetpub\wwwroot\plugins\system\nnframework\helpers\assignments\zoo.php <-- Schubert Rackspace /web/content/plugins/system/nnframework/helpers/assignments zoo.php
