2012.07.25 12:19 B C:\Users\COBRIEN\Desktop\Schubert\modules\mod_PlimunNivoSlider\images\001.jpg <-- Schubert Rackspace /web/content/modules/mod_PlimunNivoSlider/images 001.jpg
2012.07.25 12:19 B C:\Users\COBRIEN\Desktop\Schubert\modules\mod_PlimunNivoSlider\images\002.jpg <-- Schubert Rackspace /web/content/modules/mod_PlimunNivoSlider/images 002.jpg
2012.07.25 12:19 B C:\Users\COBRIEN\Desktop\Schubert\modules\mod_PlimunNivoSlider\images\blank.gif <-- Schubert Rackspace /web/content/modules/mod_PlimunNivoSlider/images blank.gif
2012.07.25 12:19 B C:\Users\COBRIEN\Desktop\Schubert\modules\mod_PlimunNivoSlider\images\glossyback2.gif <-- Schubert Rackspace /web/content/modules/mod_PlimunNivoSlider/images glossyback2.gif
2012.07.25 12:19 B C:\Users\COBRIEN\Desktop\Schubert\modules\mod_PlimunNivoSlider\images\index.html <-- Schubert Rackspace /web/content/modules/mod_PlimunNivoSlider/images index.html
2012.07.25 12:19 B C:\Users\COBRIEN\Desktop\Schubert\modules\mod_PlimunNivoSlider\images\moor_arrows.gif <-- Schubert Rackspace /web/content/modules/mod_PlimunNivoSlider/images moor_arrows.gif
2012.07.25 12:19 B C:\Users\COBRIEN\Desktop\Schubert\modules\mod_PlimunNivoSlider\images\moor_boverlay.png <-- Schubert Rackspace /web/content/modules/mod_PlimunNivoSlider/images moor_boverlay.png
2012.07.25 12:19 B C:\Users\COBRIEN\Desktop\Schubert\modules\mod_PlimunNivoSlider\images\moor_cursor.gif <-- Schubert Rackspace /web/content/modules/mod_PlimunNivoSlider/images moor_cursor.gif
2012.07.25 12:19 B C:\Users\COBRIEN\Desktop\Schubert\modules\mod_PlimunNivoSlider\images\moor_slider.png <-- Schubert Rackspace /web/content/modules/mod_PlimunNivoSlider/images moor_slider.png
2012.07.25 12:19 B C:\Users\COBRIEN\Desktop\Schubert\modules\mod_PlimunNivoSlider\images\moor_woverlay.png <-- Schubert Rackspace /web/content/modules/mod_PlimunNivoSlider/images moor_woverlay.png
2012.07.25 12:19 B C:\Users\COBRIEN\Desktop\Schubert\modules\mod_PlimunNivoSlider\images\rainbow.png <-- Schubert Rackspace /web/content/modules/mod_PlimunNivoSlider/images rainbow.png
2012.09.04 10:56 B C:\inetpub\wwwroot\modules\mod_PlimunNivoSlider\images\001.jpg --> ftp3.ftptoyoursite.com /web/content/SITE-TEST/modules/mod_PlimunNivoSlider/images 001.jpg
2012.09.04 10:56 B C:\inetpub\wwwroot\modules\mod_PlimunNivoSlider\images\002.jpg --> ftp3.ftptoyoursite.com /web/content/SITE-TEST/modules/mod_PlimunNivoSlider/images 002.jpg
2012.09.04 10:56 B C:\inetpub\wwwroot\modules\mod_PlimunNivoSlider\images\blank.gif --> ftp3.ftptoyoursite.com /web/content/SITE-TEST/modules/mod_PlimunNivoSlider/images blank.gif
2012.09.04 10:56 B C:\inetpub\wwwroot\modules\mod_PlimunNivoSlider\images\glossyback2.gif --> ftp3.ftptoyoursite.com /web/content/SITE-TEST/modules/mod_PlimunNivoSlider/images glossyback2.gif
2012.09.04 10:56 B C:\inetpub\wwwroot\modules\mod_PlimunNivoSlider\images\index.html --> ftp3.ftptoyoursite.com /web/content/SITE-TEST/modules/mod_PlimunNivoSlider/images index.html
2012.09.04 10:56 B C:\inetpub\wwwroot\modules\mod_PlimunNivoSlider\images\moor_arrows.gif --> ftp3.ftptoyoursite.com /web/content/SITE-TEST/modules/mod_PlimunNivoSlider/images moor_arrows.gif
2012.09.04 10:56 B C:\inetpub\wwwroot\modules\mod_PlimunNivoSlider\images\moor_boverlay.png --> ftp3.ftptoyoursite.com /web/content/SITE-TEST/modules/mod_PlimunNivoSlider/images moor_boverlay.png
2012.09.04 10:56 B C:\inetpub\wwwroot\modules\mod_PlimunNivoSlider\images\moor_cursor.gif --> ftp3.ftptoyoursite.com /web/content/SITE-TEST/modules/mod_PlimunNivoSlider/images moor_cursor.gif
2012.09.04 10:56 B C:\inetpub\wwwroot\modules\mod_PlimunNivoSlider\images\moor_slider.png --> ftp3.ftptoyoursite.com /web/content/SITE-TEST/modules/mod_PlimunNivoSlider/images moor_slider.png
2012.09.04 10:56 B C:\inetpub\wwwroot\modules\mod_PlimunNivoSlider\images\moor_woverlay.png --> ftp3.ftptoyoursite.com /web/content/SITE-TEST/modules/mod_PlimunNivoSlider/images moor_woverlay.png
2012.09.04 10:56 B C:\inetpub\wwwroot\modules\mod_PlimunNivoSlider\images\rainbow.png --> ftp3.ftptoyoursite.com /web/content/SITE-TEST/modules/mod_PlimunNivoSlider/images rainbow.png
2012.09.04 10:56 B C:\inetpub\wwwroot\modules\mod_PlimunNivoSlider\images\WS_FTP.LOG --> ftp3.ftptoyoursite.com /web/content/SITE-TEST/modules/mod_PlimunNivoSlider/images WS_FTP.LOG
2012.09.06 15:15 B C:\inetpub\wwwroot\modules\mod_PlimunNivoSlider\images\001.jpg --> ftp3.ftptoyoursite.com /web/content/SITEBACKUP_962012/modules/mod_PlimunNivoSlider/images 001.jpg
2012.09.06 15:15 B C:\inetpub\wwwroot\modules\mod_PlimunNivoSlider\images\002.jpg --> ftp3.ftptoyoursite.com /web/content/SITEBACKUP_962012/modules/mod_PlimunNivoSlider/images 002.jpg
2012.09.06 15:15 B C:\inetpub\wwwroot\modules\mod_PlimunNivoSlider\images\blank.gif --> ftp3.ftptoyoursite.com /web/content/SITEBACKUP_962012/modules/mod_PlimunNivoSlider/images blank.gif
2012.09.06 15:15 B C:\inetpub\wwwroot\modules\mod_PlimunNivoSlider\images\glossyback2.gif --> ftp3.ftptoyoursite.com /web/content/SITEBACKUP_962012/modules/mod_PlimunNivoSlider/images glossyback2.gif
2012.09.06 15:15 B C:\inetpub\wwwroot\modules\mod_PlimunNivoSlider\images\index.html --> ftp3.ftptoyoursite.com /web/content/SITEBACKUP_962012/modules/mod_PlimunNivoSlider/images index.html
2012.09.06 15:15 B C:\inetpub\wwwroot\modules\mod_PlimunNivoSlider\images\moor_arrows.gif --> ftp3.ftptoyoursite.com /web/content/SITEBACKUP_962012/modules/mod_PlimunNivoSlider/images moor_arrows.gif
2012.09.06 15:15 B C:\inetpub\wwwroot\modules\mod_PlimunNivoSlider\images\moor_boverlay.png --> ftp3.ftptoyoursite.com /web/content/SITEBACKUP_962012/modules/mod_PlimunNivoSlider/images moor_boverlay.png
2012.09.06 15:15 B C:\inetpub\wwwroot\modules\mod_PlimunNivoSlider\images\moor_cursor.gif --> ftp3.ftptoyoursite.com /web/content/SITEBACKUP_962012/modules/mod_PlimunNivoSlider/images moor_cursor.gif
2012.09.06 15:15 B C:\inetpub\wwwroot\modules\mod_PlimunNivoSlider\images\moor_slider.png --> ftp3.ftptoyoursite.com /web/content/SITEBACKUP_962012/modules/mod_PlimunNivoSlider/images moor_slider.png
2012.09.06 15:15 B C:\inetpub\wwwroot\modules\mod_PlimunNivoSlider\images\moor_woverlay.png --> ftp3.ftptoyoursite.com /web/content/SITEBACKUP_962012/modules/mod_PlimunNivoSlider/images moor_woverlay.png
2012.09.06 15:15 B C:\inetpub\wwwroot\modules\mod_PlimunNivoSlider\images\rainbow.png --> ftp3.ftptoyoursite.com /web/content/SITEBACKUP_962012/modules/mod_PlimunNivoSlider/images rainbow.png
2012.09.06 15:15 B C:\inetpub\wwwroot\modules\mod_PlimunNivoSlider\images\WS_FTP.LOG --> ftp3.ftptoyoursite.com /web/content/SITEBACKUP_962012/modules/mod_PlimunNivoSlider/images WS_FTP.LOG
2012.10.23 09:17 B C:\inetpub\wwwroot\modules\mod_PlimunNivoSlider\images\001.jpg --> ftp3.ftptoyoursite.com /web/content/modules/mod_PlimunNivoSlider/images 001.jpg
2012.10.23 09:17 B C:\inetpub\wwwroot\modules\mod_PlimunNivoSlider\images\002.jpg --> ftp3.ftptoyoursite.com /web/content/modules/mod_PlimunNivoSlider/images 002.jpg
2012.10.23 09:17 B C:\inetpub\wwwroot\modules\mod_PlimunNivoSlider\images\blank.gif --> ftp3.ftptoyoursite.com /web/content/modules/mod_PlimunNivoSlider/images blank.gif
2012.10.23 09:17 B C:\inetpub\wwwroot\modules\mod_PlimunNivoSlider\images\glossyback2.gif --> ftp3.ftptoyoursite.com /web/content/modules/mod_PlimunNivoSlider/images glossyback2.gif
2012.10.23 09:17 B C:\inetpub\wwwroot\modules\mod_PlimunNivoSlider\images\index.html --> ftp3.ftptoyoursite.com /web/content/modules/mod_PlimunNivoSlider/images index.html
2012.10.23 09:17 B C:\inetpub\wwwroot\modules\mod_PlimunNivoSlider\images\moor_arrows.gif --> ftp3.ftptoyoursite.com /web/content/modules/mod_PlimunNivoSlider/images moor_arrows.gif
2012.10.23 09:17 B C:\inetpub\wwwroot\modules\mod_PlimunNivoSlider\images\moor_boverlay.png --> ftp3.ftptoyoursite.com /web/content/modules/mod_PlimunNivoSlider/images moor_boverlay.png
2012.10.23 09:17 B C:\inetpub\wwwroot\modules\mod_PlimunNivoSlider\images\moor_cursor.gif --> ftp3.ftptoyoursite.com /web/content/modules/mod_PlimunNivoSlider/images moor_cursor.gif
2012.10.23 09:17 B C:\inetpub\wwwroot\modules\mod_PlimunNivoSlider\images\moor_slider.png --> ftp3.ftptoyoursite.com /web/content/modules/mod_PlimunNivoSlider/images moor_slider.png
2012.10.23 09:17 B C:\inetpub\wwwroot\modules\mod_PlimunNivoSlider\images\moor_woverlay.png --> ftp3.ftptoyoursite.com /web/content/modules/mod_PlimunNivoSlider/images moor_woverlay.png
2012.10.23 09:17 B C:\inetpub\wwwroot\modules\mod_PlimunNivoSlider\images\rainbow.png --> ftp3.ftptoyoursite.com /web/content/modules/mod_PlimunNivoSlider/images rainbow.png
2012.10.23 09:17 B C:\inetpub\wwwroot\modules\mod_PlimunNivoSlider\images\WS_FTP.LOG --> ftp3.ftptoyoursite.com /web/content/modules/mod_PlimunNivoSlider/images WS_FTP.LOG
2013.02.01 15:03 B C:\inetpub\wwwroot\modules\mod_PlimunNivoSlider\images\WS_FTP.LOG <-- Schubert Rackspace /web/content/modules/mod_PlimunNivoSlider/images WS_FTP.LOG
