2012.07.25 12:18 B C:\Users\COBRIEN\Desktop\Schubert\libraries\joomla\installer\extension.php <-- Schubert Rackspace /web/content/libraries/joomla/installer extension.php
2012.07.25 12:18 B C:\Users\COBRIEN\Desktop\Schubert\libraries\joomla\installer\helper.php <-- Schubert Rackspace /web/content/libraries/joomla/installer helper.php
2012.07.25 12:18 B C:\Users\COBRIEN\Desktop\Schubert\libraries\joomla\installer\index.html <-- Schubert Rackspace /web/content/libraries/joomla/installer index.html
2012.07.25 12:18 B C:\Users\COBRIEN\Desktop\Schubert\libraries\joomla\installer\installer.php <-- Schubert Rackspace /web/content/libraries/joomla/installer installer.php
2012.07.25 12:18 B C:\Users\COBRIEN\Desktop\Schubert\libraries\joomla\installer\librarymanifest.php <-- Schubert Rackspace /web/content/libraries/joomla/installer librarymanifest.php
2012.07.25 12:18 B C:\Users\COBRIEN\Desktop\Schubert\libraries\joomla\installer\packagemanifest.php <-- Schubert Rackspace /web/content/libraries/joomla/installer packagemanifest.php
2012.09.04 10:54 B C:\inetpub\wwwroot\libraries\joomla\installer\extension.php --> ftp3.ftptoyoursite.com /web/content/SITE-TEST/libraries/joomla/installer extension.php
2012.09.04 10:54 B C:\inetpub\wwwroot\libraries\joomla\installer\helper.php --> ftp3.ftptoyoursite.com /web/content/SITE-TEST/libraries/joomla/installer helper.php
2012.09.04 10:54 B C:\inetpub\wwwroot\libraries\joomla\installer\index.html --> ftp3.ftptoyoursite.com /web/content/SITE-TEST/libraries/joomla/installer index.html
2012.09.04 10:54 B C:\inetpub\wwwroot\libraries\joomla\installer\installer.php --> ftp3.ftptoyoursite.com /web/content/SITE-TEST/libraries/joomla/installer installer.php
2012.09.04 10:54 B C:\inetpub\wwwroot\libraries\joomla\installer\librarymanifest.php --> ftp3.ftptoyoursite.com /web/content/SITE-TEST/libraries/joomla/installer librarymanifest.php
2012.09.04 10:54 B C:\inetpub\wwwroot\libraries\joomla\installer\packagemanifest.php --> ftp3.ftptoyoursite.com /web/content/SITE-TEST/libraries/joomla/installer packagemanifest.php
2012.09.04 10:54 B C:\inetpub\wwwroot\libraries\joomla\installer\WS_FTP.LOG --> ftp3.ftptoyoursite.com /web/content/SITE-TEST/libraries/joomla/installer WS_FTP.LOG
2012.09.06 15:13 B C:\inetpub\wwwroot\libraries\joomla\installer\extension.php --> ftp3.ftptoyoursite.com /web/content/SITEBACKUP_962012/libraries/joomla/installer extension.php
2012.09.06 15:13 B C:\inetpub\wwwroot\libraries\joomla\installer\helper.php --> ftp3.ftptoyoursite.com /web/content/SITEBACKUP_962012/libraries/joomla/installer helper.php
2012.09.06 15:13 B C:\inetpub\wwwroot\libraries\joomla\installer\index.html --> ftp3.ftptoyoursite.com /web/content/SITEBACKUP_962012/libraries/joomla/installer index.html
2012.09.06 15:13 B C:\inetpub\wwwroot\libraries\joomla\installer\installer.php --> ftp3.ftptoyoursite.com /web/content/SITEBACKUP_962012/libraries/joomla/installer installer.php
2012.09.06 15:13 B C:\inetpub\wwwroot\libraries\joomla\installer\librarymanifest.php --> ftp3.ftptoyoursite.com /web/content/SITEBACKUP_962012/libraries/joomla/installer librarymanifest.php
2012.09.06 15:13 B C:\inetpub\wwwroot\libraries\joomla\installer\packagemanifest.php --> ftp3.ftptoyoursite.com /web/content/SITEBACKUP_962012/libraries/joomla/installer packagemanifest.php
2012.09.06 15:13 B C:\inetpub\wwwroot\libraries\joomla\installer\WS_FTP.LOG --> ftp3.ftptoyoursite.com /web/content/SITEBACKUP_962012/libraries/joomla/installer WS_FTP.LOG
2012.10.23 09:15 B C:\inetpub\wwwroot\libraries\joomla\installer\extension.php --> ftp3.ftptoyoursite.com /web/content/libraries/joomla/installer extension.php
2012.10.23 09:15 B C:\inetpub\wwwroot\libraries\joomla\installer\helper.php --> ftp3.ftptoyoursite.com /web/content/libraries/joomla/installer helper.php
2012.10.23 09:15 B C:\inetpub\wwwroot\libraries\joomla\installer\index.html --> ftp3.ftptoyoursite.com /web/content/libraries/joomla/installer index.html
2012.10.23 09:15 B C:\inetpub\wwwroot\libraries\joomla\installer\installer.php --> ftp3.ftptoyoursite.com /web/content/libraries/joomla/installer installer.php
2012.10.23 09:15 B C:\inetpub\wwwroot\libraries\joomla\installer\librarymanifest.php --> ftp3.ftptoyoursite.com /web/content/libraries/joomla/installer librarymanifest.php
2012.10.23 09:15 B C:\inetpub\wwwroot\libraries\joomla\installer\packagemanifest.php --> ftp3.ftptoyoursite.com /web/content/libraries/joomla/installer packagemanifest.php
2012.10.23 09:15 B C:\inetpub\wwwroot\libraries\joomla\installer\WS_FTP.LOG --> ftp3.ftptoyoursite.com /web/content/libraries/joomla/installer WS_FTP.LOG
2013.02.01 14:54 B C:\inetpub\wwwroot\libraries\joomla\installer\WS_FTP.LOG <-- Schubert Rackspace /web/content/libraries/joomla/installer WS_FTP.LOG
