2012.07.25 12:18 B C:\Users\COBRIEN\Desktop\Schubert\libraries\joomla\form\rules\boolean.php <-- Schubert Rackspace /web/content/libraries/joomla/form/rules boolean.php
2012.07.25 12:18 B C:\Users\COBRIEN\Desktop\Schubert\libraries\joomla\form\rules\color.php <-- Schubert Rackspace /web/content/libraries/joomla/form/rules color.php
2012.07.25 12:18 B C:\Users\COBRIEN\Desktop\Schubert\libraries\joomla\form\rules\email.php <-- Schubert Rackspace /web/content/libraries/joomla/form/rules email.php
2012.07.25 12:18 B C:\Users\COBRIEN\Desktop\Schubert\libraries\joomla\form\rules\equals.php <-- Schubert Rackspace /web/content/libraries/joomla/form/rules equals.php
2012.07.25 12:18 B C:\Users\COBRIEN\Desktop\Schubert\libraries\joomla\form\rules\index.html <-- Schubert Rackspace /web/content/libraries/joomla/form/rules index.html
2012.07.25 12:18 B C:\Users\COBRIEN\Desktop\Schubert\libraries\joomla\form\rules\options.php <-- Schubert Rackspace /web/content/libraries/joomla/form/rules options.php
2012.07.25 12:18 B C:\Users\COBRIEN\Desktop\Schubert\libraries\joomla\form\rules\rules.php <-- Schubert Rackspace /web/content/libraries/joomla/form/rules rules.php
2012.07.25 12:18 B C:\Users\COBRIEN\Desktop\Schubert\libraries\joomla\form\rules\tel.php <-- Schubert Rackspace /web/content/libraries/joomla/form/rules tel.php
2012.07.25 12:18 B C:\Users\COBRIEN\Desktop\Schubert\libraries\joomla\form\rules\url.php <-- Schubert Rackspace /web/content/libraries/joomla/form/rules url.php
2012.07.25 12:18 B C:\Users\COBRIEN\Desktop\Schubert\libraries\joomla\form\rules\username.php <-- Schubert Rackspace /web/content/libraries/joomla/form/rules username.php
2012.09.04 10:54 B C:\inetpub\wwwroot\libraries\joomla\form\rules\boolean.php --> ftp3.ftptoyoursite.com /web/content/SITE-TEST/libraries/joomla/form/rules boolean.php
2012.09.04 10:54 B C:\inetpub\wwwroot\libraries\joomla\form\rules\color.php --> ftp3.ftptoyoursite.com /web/content/SITE-TEST/libraries/joomla/form/rules color.php
2012.09.04 10:54 B C:\inetpub\wwwroot\libraries\joomla\form\rules\email.php --> ftp3.ftptoyoursite.com /web/content/SITE-TEST/libraries/joomla/form/rules email.php
2012.09.04 10:54 B C:\inetpub\wwwroot\libraries\joomla\form\rules\equals.php --> ftp3.ftptoyoursite.com /web/content/SITE-TEST/libraries/joomla/form/rules equals.php
2012.09.04 10:54 B C:\inetpub\wwwroot\libraries\joomla\form\rules\index.html --> ftp3.ftptoyoursite.com /web/content/SITE-TEST/libraries/joomla/form/rules index.html
2012.09.04 10:54 B C:\inetpub\wwwroot\libraries\joomla\form\rules\options.php --> ftp3.ftptoyoursite.com /web/content/SITE-TEST/libraries/joomla/form/rules options.php
2012.09.04 10:54 B C:\inetpub\wwwroot\libraries\joomla\form\rules\rules.php --> ftp3.ftptoyoursite.com /web/content/SITE-TEST/libraries/joomla/form/rules rules.php
2012.09.04 10:54 B C:\inetpub\wwwroot\libraries\joomla\form\rules\tel.php --> ftp3.ftptoyoursite.com /web/content/SITE-TEST/libraries/joomla/form/rules tel.php
2012.09.04 10:54 B C:\inetpub\wwwroot\libraries\joomla\form\rules\url.php --> ftp3.ftptoyoursite.com /web/content/SITE-TEST/libraries/joomla/form/rules url.php
2012.09.04 10:54 B C:\inetpub\wwwroot\libraries\joomla\form\rules\username.php --> ftp3.ftptoyoursite.com /web/content/SITE-TEST/libraries/joomla/form/rules username.php
2012.09.04 10:54 B C:\inetpub\wwwroot\libraries\joomla\form\rules\WS_FTP.LOG --> ftp3.ftptoyoursite.com /web/content/SITE-TEST/libraries/joomla/form/rules WS_FTP.LOG
2012.09.06 15:12 B C:\inetpub\wwwroot\libraries\joomla\form\rules\boolean.php --> ftp3.ftptoyoursite.com /web/content/SITEBACKUP_962012/libraries/joomla/form/rules boolean.php
2012.09.06 15:12 B C:\inetpub\wwwroot\libraries\joomla\form\rules\color.php --> ftp3.ftptoyoursite.com /web/content/SITEBACKUP_962012/libraries/joomla/form/rules color.php
2012.09.06 15:12 B C:\inetpub\wwwroot\libraries\joomla\form\rules\email.php --> ftp3.ftptoyoursite.com /web/content/SITEBACKUP_962012/libraries/joomla/form/rules email.php
2012.09.06 15:12 B C:\inetpub\wwwroot\libraries\joomla\form\rules\equals.php --> ftp3.ftptoyoursite.com /web/content/SITEBACKUP_962012/libraries/joomla/form/rules equals.php
2012.09.06 15:12 B C:\inetpub\wwwroot\libraries\joomla\form\rules\index.html --> ftp3.ftptoyoursite.com /web/content/SITEBACKUP_962012/libraries/joomla/form/rules index.html
2012.09.06 15:12 B C:\inetpub\wwwroot\libraries\joomla\form\rules\options.php --> ftp3.ftptoyoursite.com /web/content/SITEBACKUP_962012/libraries/joomla/form/rules options.php
2012.09.06 15:12 B C:\inetpub\wwwroot\libraries\joomla\form\rules\rules.php --> ftp3.ftptoyoursite.com /web/content/SITEBACKUP_962012/libraries/joomla/form/rules rules.php
2012.09.06 15:12 B C:\inetpub\wwwroot\libraries\joomla\form\rules\tel.php --> ftp3.ftptoyoursite.com /web/content/SITEBACKUP_962012/libraries/joomla/form/rules tel.php
2012.09.06 15:12 B C:\inetpub\wwwroot\libraries\joomla\form\rules\url.php --> ftp3.ftptoyoursite.com /web/content/SITEBACKUP_962012/libraries/joomla/form/rules url.php
2012.09.06 15:12 B C:\inetpub\wwwroot\libraries\joomla\form\rules\username.php --> ftp3.ftptoyoursite.com /web/content/SITEBACKUP_962012/libraries/joomla/form/rules username.php
2012.09.06 15:12 B C:\inetpub\wwwroot\libraries\joomla\form\rules\WS_FTP.LOG --> ftp3.ftptoyoursite.com /web/content/SITEBACKUP_962012/libraries/joomla/form/rules WS_FTP.LOG
2012.10.23 09:15 B C:\inetpub\wwwroot\libraries\joomla\form\rules\boolean.php --> ftp3.ftptoyoursite.com /web/content/libraries/joomla/form/rules boolean.php
2012.10.23 09:15 B C:\inetpub\wwwroot\libraries\joomla\form\rules\color.php --> ftp3.ftptoyoursite.com /web/content/libraries/joomla/form/rules color.php
2012.10.23 09:15 B C:\inetpub\wwwroot\libraries\joomla\form\rules\email.php --> ftp3.ftptoyoursite.com /web/content/libraries/joomla/form/rules email.php
2012.10.23 09:15 B C:\inetpub\wwwroot\libraries\joomla\form\rules\equals.php --> ftp3.ftptoyoursite.com /web/content/libraries/joomla/form/rules equals.php
2012.10.23 09:15 B C:\inetpub\wwwroot\libraries\joomla\form\rules\index.html --> ftp3.ftptoyoursite.com /web/content/libraries/joomla/form/rules index.html
2012.10.23 09:15 B C:\inetpub\wwwroot\libraries\joomla\form\rules\options.php --> ftp3.ftptoyoursite.com /web/content/libraries/joomla/form/rules options.php
2012.10.23 09:15 B C:\inetpub\wwwroot\libraries\joomla\form\rules\rules.php --> ftp3.ftptoyoursite.com /web/content/libraries/joomla/form/rules rules.php
2012.10.23 09:15 B C:\inetpub\wwwroot\libraries\joomla\form\rules\tel.php --> ftp3.ftptoyoursite.com /web/content/libraries/joomla/form/rules tel.php
2012.10.23 09:15 B C:\inetpub\wwwroot\libraries\joomla\form\rules\url.php --> ftp3.ftptoyoursite.com /web/content/libraries/joomla/form/rules url.php
2012.10.23 09:15 B C:\inetpub\wwwroot\libraries\joomla\form\rules\username.php --> ftp3.ftptoyoursite.com /web/content/libraries/joomla/form/rules username.php
2012.10.23 09:15 B C:\inetpub\wwwroot\libraries\joomla\form\rules\WS_FTP.LOG --> ftp3.ftptoyoursite.com /web/content/libraries/joomla/form/rules WS_FTP.LOG
2013.02.01 14:54 B C:\inetpub\wwwroot\libraries\joomla\form\rules\WS_FTP.LOG <-- Schubert Rackspace /web/content/libraries/joomla/form/rules WS_FTP.LOG
