2012.07.25 12:10 B C:\Users\COBRIEN\Desktop\Schubert\administrator\components\com_banners\models\banner.php <-- Schubert Rackspace /web/content/administrator/components/com_banners/models banner.php
2012.07.25 12:10 B C:\Users\COBRIEN\Desktop\Schubert\administrator\components\com_banners\models\banners.php <-- Schubert Rackspace /web/content/administrator/components/com_banners/models banners.php
2012.07.25 12:10 B C:\Users\COBRIEN\Desktop\Schubert\administrator\components\com_banners\models\client.php <-- Schubert Rackspace /web/content/administrator/components/com_banners/models client.php
2012.07.25 12:10 B C:\Users\COBRIEN\Desktop\Schubert\administrator\components\com_banners\models\clients.php <-- Schubert Rackspace /web/content/administrator/components/com_banners/models clients.php
2012.07.25 12:10 B C:\Users\COBRIEN\Desktop\Schubert\administrator\components\com_banners\models\download.php <-- Schubert Rackspace /web/content/administrator/components/com_banners/models download.php
2012.07.25 12:10 B C:\Users\COBRIEN\Desktop\Schubert\administrator\components\com_banners\models\index.html <-- Schubert Rackspace /web/content/administrator/components/com_banners/models index.html
2012.07.25 12:10 B C:\Users\COBRIEN\Desktop\Schubert\administrator\components\com_banners\models\tracks.php <-- Schubert Rackspace /web/content/administrator/components/com_banners/models tracks.php
2012.09.04 10:44 B C:\inetpub\wwwroot\administrator\components\com_banners\models\banner.php --> ftp3.ftptoyoursite.com /web/content/SITE-TEST/administrator/components/com_banners/models banner.php
2012.09.04 10:44 B C:\inetpub\wwwroot\administrator\components\com_banners\models\banners.php --> ftp3.ftptoyoursite.com /web/content/SITE-TEST/administrator/components/com_banners/models banners.php
2012.09.04 10:44 B C:\inetpub\wwwroot\administrator\components\com_banners\models\client.php --> ftp3.ftptoyoursite.com /web/content/SITE-TEST/administrator/components/com_banners/models client.php
2012.09.04 10:44 B C:\inetpub\wwwroot\administrator\components\com_banners\models\clients.php --> ftp3.ftptoyoursite.com /web/content/SITE-TEST/administrator/components/com_banners/models clients.php
2012.09.04 10:44 B C:\inetpub\wwwroot\administrator\components\com_banners\models\download.php --> ftp3.ftptoyoursite.com /web/content/SITE-TEST/administrator/components/com_banners/models download.php
2012.09.04 10:44 B C:\inetpub\wwwroot\administrator\components\com_banners\models\index.html --> ftp3.ftptoyoursite.com /web/content/SITE-TEST/administrator/components/com_banners/models index.html
2012.09.04 10:44 B C:\inetpub\wwwroot\administrator\components\com_banners\models\tracks.php --> ftp3.ftptoyoursite.com /web/content/SITE-TEST/administrator/components/com_banners/models tracks.php
2012.09.04 10:44 B C:\inetpub\wwwroot\administrator\components\com_banners\models\WS_FTP.LOG --> ftp3.ftptoyoursite.com /web/content/SITE-TEST/administrator/components/com_banners/models WS_FTP.LOG
2012.09.06 14:58 B C:\inetpub\wwwroot\administrator\components\com_banners\models\banner.php --> ftp3.ftptoyoursite.com /web/content/SITEBACKUP_962012/administrator/components/com_banners/models banner.php
2012.09.06 14:58 B C:\inetpub\wwwroot\administrator\components\com_banners\models\banners.php --> ftp3.ftptoyoursite.com /web/content/SITEBACKUP_962012/administrator/components/com_banners/models banners.php
2012.09.06 14:58 B C:\inetpub\wwwroot\administrator\components\com_banners\models\client.php --> ftp3.ftptoyoursite.com /web/content/SITEBACKUP_962012/administrator/components/com_banners/models client.php
2012.09.06 14:58 B C:\inetpub\wwwroot\administrator\components\com_banners\models\clients.php --> ftp3.ftptoyoursite.com /web/content/SITEBACKUP_962012/administrator/components/com_banners/models clients.php
2012.09.06 14:58 B C:\inetpub\wwwroot\administrator\components\com_banners\models\download.php --> ftp3.ftptoyoursite.com /web/content/SITEBACKUP_962012/administrator/components/com_banners/models download.php
2012.09.06 14:58 B C:\inetpub\wwwroot\administrator\components\com_banners\models\index.html --> ftp3.ftptoyoursite.com /web/content/SITEBACKUP_962012/administrator/components/com_banners/models index.html
2012.09.06 14:58 B C:\inetpub\wwwroot\administrator\components\com_banners\models\tracks.php --> ftp3.ftptoyoursite.com /web/content/SITEBACKUP_962012/administrator/components/com_banners/models tracks.php
2012.09.06 14:58 B C:\inetpub\wwwroot\administrator\components\com_banners\models\WS_FTP.LOG --> ftp3.ftptoyoursite.com /web/content/SITEBACKUP_962012/administrator/components/com_banners/models WS_FTP.LOG
2012.09.06 15:20 B C:\inetpub\wwwroot\administrator\components\com_banners\models\banner.php <-- Schubert Rackspace /web/content/administrator/components/com_banners/models banner.php
2012.09.06 15:20 B C:\inetpub\wwwroot\administrator\components\com_banners\models\banners.php <-- Schubert Rackspace /web/content/administrator/components/com_banners/models banners.php
2012.09.06 15:20 B C:\inetpub\wwwroot\administrator\components\com_banners\models\client.php <-- Schubert Rackspace /web/content/administrator/components/com_banners/models client.php
2012.09.06 15:20 B C:\inetpub\wwwroot\administrator\components\com_banners\models\clients.php <-- Schubert Rackspace /web/content/administrator/components/com_banners/models clients.php
2012.09.06 15:20 B C:\inetpub\wwwroot\administrator\components\com_banners\models\download.php <-- Schubert Rackspace /web/content/administrator/components/com_banners/models download.php
2012.09.06 15:20 B C:\inetpub\wwwroot\administrator\components\com_banners\models\index.html <-- Schubert Rackspace /web/content/administrator/components/com_banners/models index.html
2012.09.06 15:20 B C:\inetpub\wwwroot\administrator\components\com_banners\models\tracks.php <-- Schubert Rackspace /web/content/administrator/components/com_banners/models tracks.php
2012.09.06 15:43 B C:\inetpub\wwwroot\administrator\components\com_banners\models\banner.php <-- Schubert Rackspace /web/content/SITEBACKUP_962012/administrator/components/com_banners/models banner.php
2012.09.06 15:43 B C:\inetpub\wwwroot\administrator\components\com_banners\models\banners.php <-- Schubert Rackspace /web/content/SITEBACKUP_962012/administrator/components/com_banners/models banners.php
2012.09.06 15:43 B C:\inetpub\wwwroot\administrator\components\com_banners\models\client.php <-- Schubert Rackspace /web/content/SITEBACKUP_962012/administrator/components/com_banners/models client.php
2012.09.06 15:43 B C:\inetpub\wwwroot\administrator\components\com_banners\models\clients.php <-- Schubert Rackspace /web/content/SITEBACKUP_962012/administrator/components/com_banners/models clients.php
2012.09.06 15:43 B C:\inetpub\wwwroot\administrator\components\com_banners\models\download.php <-- Schubert Rackspace /web/content/SITEBACKUP_962012/administrator/components/com_banners/models download.php
2012.09.06 15:43 B C:\inetpub\wwwroot\administrator\components\com_banners\models\index.html <-- Schubert Rackspace /web/content/SITEBACKUP_962012/administrator/components/com_banners/models index.html
2012.09.06 15:43 B C:\inetpub\wwwroot\administrator\components\com_banners\models\tracks.php <-- Schubert Rackspace /web/content/SITEBACKUP_962012/administrator/components/com_banners/models tracks.php
2012.10.23 09:03 B C:\inetpub\wwwroot\administrator\components\com_banners\models\banner.php --> ftp3.ftptoyoursite.com /web/content/administrator/components/com_banners/models banner.php
2012.10.23 09:03 B C:\inetpub\wwwroot\administrator\components\com_banners\models\banners.php --> ftp3.ftptoyoursite.com /web/content/administrator/components/com_banners/models banners.php
2012.10.23 09:03 B C:\inetpub\wwwroot\administrator\components\com_banners\models\client.php --> ftp3.ftptoyoursite.com /web/content/administrator/components/com_banners/models client.php
2012.10.23 09:03 B C:\inetpub\wwwroot\administrator\components\com_banners\models\clients.php --> ftp3.ftptoyoursite.com /web/content/administrator/components/com_banners/models clients.php
2012.10.23 09:03 B C:\inetpub\wwwroot\administrator\components\com_banners\models\download.php --> ftp3.ftptoyoursite.com /web/content/administrator/components/com_banners/models download.php
2012.10.23 09:03 B C:\inetpub\wwwroot\administrator\components\com_banners\models\index.html --> ftp3.ftptoyoursite.com /web/content/administrator/components/com_banners/models index.html
2012.10.23 09:03 B C:\inetpub\wwwroot\administrator\components\com_banners\models\tracks.php --> ftp3.ftptoyoursite.com /web/content/administrator/components/com_banners/models tracks.php
2012.10.23 09:03 B C:\inetpub\wwwroot\administrator\components\com_banners\models\WS_FTP.LOG --> ftp3.ftptoyoursite.com /web/content/administrator/components/com_banners/models WS_FTP.LOG
2013.02.01 14:40 B C:\inetpub\wwwroot\administrator\components\com_banners\models\WS_FTP.LOG <-- Schubert Rackspace /web/content/administrator/components/com_banners/models WS_FTP.LOG
