2012.07.25 12:15 B C:\Users\COBRIEN\Desktop\Schubert\components\com_jce\editor\tiny_mce\plugins\xhtmlxtras\tmpl\attributes.php <-- Schubert Rackspace /web/content/components/com_jce/editor/tiny_mce/plugins/xhtmlxtras/tmpl attributes.php
2012.07.25 12:15 B C:\Users\COBRIEN\Desktop\Schubert\components\com_jce\editor\tiny_mce\plugins\xhtmlxtras\tmpl\default.php <-- Schubert Rackspace /web/content/components/com_jce/editor/tiny_mce/plugins/xhtmlxtras/tmpl default.php
2012.07.25 12:15 B C:\Users\COBRIEN\Desktop\Schubert\components\com_jce\editor\tiny_mce\plugins\xhtmlxtras\tmpl\events.php <-- Schubert Rackspace /web/content/components/com_jce/editor/tiny_mce/plugins/xhtmlxtras/tmpl events.php
2012.07.25 12:15 B C:\Users\COBRIEN\Desktop\Schubert\components\com_jce\editor\tiny_mce\plugins\xhtmlxtras\tmpl\index.html <-- Schubert Rackspace /web/content/components/com_jce/editor/tiny_mce/plugins/xhtmlxtras/tmpl index.html
2012.07.25 12:15 B C:\Users\COBRIEN\Desktop\Schubert\components\com_jce\editor\tiny_mce\plugins\xhtmlxtras\tmpl\standard.php <-- Schubert Rackspace /web/content/components/com_jce/editor/tiny_mce/plugins/xhtmlxtras/tmpl standard.php
2012.07.25 12:15 B C:\Users\COBRIEN\Desktop\Schubert\components\com_jce\editor\tiny_mce\plugins\xhtmlxtras\tmpl\standard_datetime.php <-- Schubert Rackspace /web/content/components/com_jce/editor/tiny_mce/plugins/xhtmlxtras/tmpl standard_datetime.php
2012.09.04 10:51 B C:\inetpub\wwwroot\components\com_jce\editor\tiny_mce\plugins\xhtmlxtras\tmpl\attributes.php --> ftp3.ftptoyoursite.com /web/content/SITE-TEST/components/com_jce/editor/tiny_mce/plugins/xhtmlxtras/tmpl attributes.php
2012.09.04 10:51 B C:\inetpub\wwwroot\components\com_jce\editor\tiny_mce\plugins\xhtmlxtras\tmpl\default.php --> ftp3.ftptoyoursite.com /web/content/SITE-TEST/components/com_jce/editor/tiny_mce/plugins/xhtmlxtras/tmpl default.php
2012.09.04 10:51 B C:\inetpub\wwwroot\components\com_jce\editor\tiny_mce\plugins\xhtmlxtras\tmpl\events.php --> ftp3.ftptoyoursite.com /web/content/SITE-TEST/components/com_jce/editor/tiny_mce/plugins/xhtmlxtras/tmpl events.php
2012.09.04 10:51 B C:\inetpub\wwwroot\components\com_jce\editor\tiny_mce\plugins\xhtmlxtras\tmpl\index.html --> ftp3.ftptoyoursite.com /web/content/SITE-TEST/components/com_jce/editor/tiny_mce/plugins/xhtmlxtras/tmpl index.html
2012.09.04 10:51 B C:\inetpub\wwwroot\components\com_jce\editor\tiny_mce\plugins\xhtmlxtras\tmpl\standard.php --> ftp3.ftptoyoursite.com /web/content/SITE-TEST/components/com_jce/editor/tiny_mce/plugins/xhtmlxtras/tmpl standard.php
2012.09.04 10:51 B C:\inetpub\wwwroot\components\com_jce\editor\tiny_mce\plugins\xhtmlxtras\tmpl\standard_datetime.php --> ftp3.ftptoyoursite.com /web/content/SITE-TEST/components/com_jce/editor/tiny_mce/plugins/xhtmlxtras/tmpl standard_datetime.php
2012.09.04 10:51 B C:\inetpub\wwwroot\components\com_jce\editor\tiny_mce\plugins\xhtmlxtras\tmpl\WS_FTP.LOG --> ftp3.ftptoyoursite.com /web/content/SITE-TEST/components/com_jce/editor/tiny_mce/plugins/xhtmlxtras/tmpl WS_FTP.LOG
2012.09.06 15:08 B C:\inetpub\wwwroot\components\com_jce\editor\tiny_mce\plugins\xhtmlxtras\tmpl\attributes.php --> ftp3.ftptoyoursite.com /web/content/SITEBACKUP_962012/components/com_jce/editor/tiny_mce/plugins/xhtmlxtras/tmpl attributes.php
2012.09.06 15:08 B C:\inetpub\wwwroot\components\com_jce\editor\tiny_mce\plugins\xhtmlxtras\tmpl\default.php --> ftp3.ftptoyoursite.com /web/content/SITEBACKUP_962012/components/com_jce/editor/tiny_mce/plugins/xhtmlxtras/tmpl default.php
2012.09.06 15:08 B C:\inetpub\wwwroot\components\com_jce\editor\tiny_mce\plugins\xhtmlxtras\tmpl\events.php --> ftp3.ftptoyoursite.com /web/content/SITEBACKUP_962012/components/com_jce/editor/tiny_mce/plugins/xhtmlxtras/tmpl events.php
2012.09.06 15:08 B C:\inetpub\wwwroot\components\com_jce\editor\tiny_mce\plugins\xhtmlxtras\tmpl\index.html --> ftp3.ftptoyoursite.com /web/content/SITEBACKUP_962012/components/com_jce/editor/tiny_mce/plugins/xhtmlxtras/tmpl index.html
2012.09.06 15:08 B C:\inetpub\wwwroot\components\com_jce\editor\tiny_mce\plugins\xhtmlxtras\tmpl\standard.php --> ftp3.ftptoyoursite.com /web/content/SITEBACKUP_962012/components/com_jce/editor/tiny_mce/plugins/xhtmlxtras/tmpl standard.php
2012.09.06 15:08 B C:\inetpub\wwwroot\components\com_jce\editor\tiny_mce\plugins\xhtmlxtras\tmpl\standard_datetime.php --> ftp3.ftptoyoursite.com /web/content/SITEBACKUP_962012/components/com_jce/editor/tiny_mce/plugins/xhtmlxtras/tmpl standard_datetime.php
2012.09.06 15:08 B C:\inetpub\wwwroot\components\com_jce\editor\tiny_mce\plugins\xhtmlxtras\tmpl\WS_FTP.LOG --> ftp3.ftptoyoursite.com /web/content/SITEBACKUP_962012/components/com_jce/editor/tiny_mce/plugins/xhtmlxtras/tmpl WS_FTP.LOG
2012.09.06 15:49 B C:\inetpub\wwwroot\components\com_jce\editor\tiny_mce\plugins\xhtmlxtras\tmpl\attributes.php <-- Schubert Rackspace /web/content/SITEBACKUP_962012/components/com_jce/editor/tiny_mce/plugins/xhtmlxtras/tmpl attributes.php
2012.09.06 15:49 B C:\inetpub\wwwroot\components\com_jce\editor\tiny_mce\plugins\xhtmlxtras\tmpl\default.php <-- Schubert Rackspace /web/content/SITEBACKUP_962012/components/com_jce/editor/tiny_mce/plugins/xhtmlxtras/tmpl default.php
2012.09.06 15:49 B C:\inetpub\wwwroot\components\com_jce\editor\tiny_mce\plugins\xhtmlxtras\tmpl\events.php <-- Schubert Rackspace /web/content/SITEBACKUP_962012/components/com_jce/editor/tiny_mce/plugins/xhtmlxtras/tmpl events.php
2012.09.06 15:49 B C:\inetpub\wwwroot\components\com_jce\editor\tiny_mce\plugins\xhtmlxtras\tmpl\index.html <-- Schubert Rackspace /web/content/SITEBACKUP_962012/components/com_jce/editor/tiny_mce/plugins/xhtmlxtras/tmpl index.html
2012.09.06 15:49 B C:\inetpub\wwwroot\components\com_jce\editor\tiny_mce\plugins\xhtmlxtras\tmpl\standard.php <-- Schubert Rackspace /web/content/SITEBACKUP_962012/components/com_jce/editor/tiny_mce/plugins/xhtmlxtras/tmpl standard.php
2012.09.06 15:49 B C:\inetpub\wwwroot\components\com_jce\editor\tiny_mce\plugins\xhtmlxtras\tmpl\standard_datetime.php <-- Schubert Rackspace /web/content/SITEBACKUP_962012/components/com_jce/editor/tiny_mce/plugins/xhtmlxtras/tmpl standard_datetime.php
2012.10.23 09:12 B C:\inetpub\wwwroot\components\com_jce\editor\tiny_mce\plugins\xhtmlxtras\tmpl\attributes.php --> ftp3.ftptoyoursite.com /web/content/components/com_jce/editor/tiny_mce/plugins/xhtmlxtras/tmpl attributes.php
2012.10.23 09:12 B C:\inetpub\wwwroot\components\com_jce\editor\tiny_mce\plugins\xhtmlxtras\tmpl\default.php --> ftp3.ftptoyoursite.com /web/content/components/com_jce/editor/tiny_mce/plugins/xhtmlxtras/tmpl default.php
2012.10.23 09:12 B C:\inetpub\wwwroot\components\com_jce\editor\tiny_mce\plugins\xhtmlxtras\tmpl\events.php --> ftp3.ftptoyoursite.com /web/content/components/com_jce/editor/tiny_mce/plugins/xhtmlxtras/tmpl events.php
2012.10.23 09:12 B C:\inetpub\wwwroot\components\com_jce\editor\tiny_mce\plugins\xhtmlxtras\tmpl\index.html --> ftp3.ftptoyoursite.com /web/content/components/com_jce/editor/tiny_mce/plugins/xhtmlxtras/tmpl index.html
2012.10.23 09:12 B C:\inetpub\wwwroot\components\com_jce\editor\tiny_mce\plugins\xhtmlxtras\tmpl\standard.php --> ftp3.ftptoyoursite.com /web/content/components/com_jce/editor/tiny_mce/plugins/xhtmlxtras/tmpl standard.php
2012.10.23 09:12 B C:\inetpub\wwwroot\components\com_jce\editor\tiny_mce\plugins\xhtmlxtras\tmpl\standard_datetime.php --> ftp3.ftptoyoursite.com /web/content/components/com_jce/editor/tiny_mce/plugins/xhtmlxtras/tmpl standard_datetime.php
2012.10.23 09:12 B C:\inetpub\wwwroot\components\com_jce\editor\tiny_mce\plugins\xhtmlxtras\tmpl\WS_FTP.LOG --> ftp3.ftptoyoursite.com /web/content/components/com_jce/editor/tiny_mce/plugins/xhtmlxtras/tmpl WS_FTP.LOG
2013.02.01 14:49 B C:\inetpub\wwwroot\components\com_jce\editor\tiny_mce\plugins\xhtmlxtras\tmpl\WS_FTP.LOG <-- Schubert Rackspace /web/content/components/com_jce/editor/tiny_mce/plugins/xhtmlxtras/tmpl WS_FTP.LOG
