2012.07.25 12:14 B C:\Users\COBRIEN\Desktop\Schubert\administrator\templates\bluestork\component.php <-- Schubert Rackspace /web/content/administrator/templates/bluestork component.php
2012.07.25 12:14 B C:\Users\COBRIEN\Desktop\Schubert\administrator\templates\bluestork\cpanel.php <-- Schubert Rackspace /web/content/administrator/templates/bluestork cpanel.php
2012.07.25 12:14 B C:\Users\COBRIEN\Desktop\Schubert\administrator\templates\bluestork\error.php <-- Schubert Rackspace /web/content/administrator/templates/bluestork error.php
2012.07.25 12:14 B C:\Users\COBRIEN\Desktop\Schubert\administrator\templates\bluestork\favicon.ico <-- Schubert Rackspace /web/content/administrator/templates/bluestork favicon.ico
2012.07.25 12:14 B C:\Users\COBRIEN\Desktop\Schubert\administrator\templates\bluestork\index.html <-- Schubert Rackspace /web/content/administrator/templates/bluestork index.html
2012.07.25 12:14 B C:\Users\COBRIEN\Desktop\Schubert\administrator\templates\bluestork\index.php <-- Schubert Rackspace /web/content/administrator/templates/bluestork index.php
2012.07.25 12:14 B C:\Users\COBRIEN\Desktop\Schubert\administrator\templates\bluestork\login.php <-- Schubert Rackspace /web/content/administrator/templates/bluestork login.php
2012.07.25 12:14 B C:\Users\COBRIEN\Desktop\Schubert\administrator\templates\bluestork\template_preview.png <-- Schubert Rackspace /web/content/administrator/templates/bluestork template_preview.png
2012.07.25 12:14 B C:\Users\COBRIEN\Desktop\Schubert\administrator\templates\bluestork\template_thumbnail.png <-- Schubert Rackspace /web/content/administrator/templates/bluestork template_thumbnail.png
2012.07.25 12:14 B C:\Users\COBRIEN\Desktop\Schubert\administrator\templates\bluestork\templateDetails.xml <-- Schubert Rackspace /web/content/administrator/templates/bluestork templateDetails.xml
2012.09.04 10:48 B C:\inetpub\wwwroot\administrator\templates\bluestork\component.php --> ftp3.ftptoyoursite.com /web/content/SITE-TEST/administrator/templates/bluestork component.php
2012.09.04 10:48 B C:\inetpub\wwwroot\administrator\templates\bluestork\cpanel.php --> ftp3.ftptoyoursite.com /web/content/SITE-TEST/administrator/templates/bluestork cpanel.php
2012.09.04 10:48 B C:\inetpub\wwwroot\administrator\templates\bluestork\error.php --> ftp3.ftptoyoursite.com /web/content/SITE-TEST/administrator/templates/bluestork error.php
2012.09.04 10:48 B C:\inetpub\wwwroot\administrator\templates\bluestork\favicon.ico --> ftp3.ftptoyoursite.com /web/content/SITE-TEST/administrator/templates/bluestork favicon.ico
2012.09.04 10:48 B C:\inetpub\wwwroot\administrator\templates\bluestork\index.html --> ftp3.ftptoyoursite.com /web/content/SITE-TEST/administrator/templates/bluestork index.html
2012.09.04 10:48 B C:\inetpub\wwwroot\administrator\templates\bluestork\index.php --> ftp3.ftptoyoursite.com /web/content/SITE-TEST/administrator/templates/bluestork index.php
2012.09.04 10:48 B C:\inetpub\wwwroot\administrator\templates\bluestork\login.php --> ftp3.ftptoyoursite.com /web/content/SITE-TEST/administrator/templates/bluestork login.php
2012.09.04 10:48 B C:\inetpub\wwwroot\administrator\templates\bluestork\template_preview.png --> ftp3.ftptoyoursite.com /web/content/SITE-TEST/administrator/templates/bluestork template_preview.png
2012.09.04 10:48 B C:\inetpub\wwwroot\administrator\templates\bluestork\template_thumbnail.png --> ftp3.ftptoyoursite.com /web/content/SITE-TEST/administrator/templates/bluestork template_thumbnail.png
2012.09.04 10:48 B C:\inetpub\wwwroot\administrator\templates\bluestork\templateDetails.xml --> ftp3.ftptoyoursite.com /web/content/SITE-TEST/administrator/templates/bluestork templateDetails.xml
2012.09.04 10:48 B C:\inetpub\wwwroot\administrator\templates\bluestork\WS_FTP.LOG --> ftp3.ftptoyoursite.com /web/content/SITE-TEST/administrator/templates/bluestork WS_FTP.LOG
2012.09.06 15:05 B C:\inetpub\wwwroot\administrator\templates\bluestork\component.php --> ftp3.ftptoyoursite.com /web/content/SITEBACKUP_962012/administrator/templates/bluestork component.php
2012.09.06 15:05 B C:\inetpub\wwwroot\administrator\templates\bluestork\cpanel.php --> ftp3.ftptoyoursite.com /web/content/SITEBACKUP_962012/administrator/templates/bluestork cpanel.php
2012.09.06 15:05 B C:\inetpub\wwwroot\administrator\templates\bluestork\error.php --> ftp3.ftptoyoursite.com /web/content/SITEBACKUP_962012/administrator/templates/bluestork error.php
2012.09.06 15:05 B C:\inetpub\wwwroot\administrator\templates\bluestork\favicon.ico --> ftp3.ftptoyoursite.com /web/content/SITEBACKUP_962012/administrator/templates/bluestork favicon.ico
2012.09.06 15:05 B C:\inetpub\wwwroot\administrator\templates\bluestork\index.html --> ftp3.ftptoyoursite.com /web/content/SITEBACKUP_962012/administrator/templates/bluestork index.html
2012.09.06 15:05 B C:\inetpub\wwwroot\administrator\templates\bluestork\index.php --> ftp3.ftptoyoursite.com /web/content/SITEBACKUP_962012/administrator/templates/bluestork index.php
2012.09.06 15:05 B C:\inetpub\wwwroot\administrator\templates\bluestork\login.php --> ftp3.ftptoyoursite.com /web/content/SITEBACKUP_962012/administrator/templates/bluestork login.php
2012.09.06 15:05 B C:\inetpub\wwwroot\administrator\templates\bluestork\template_preview.png --> ftp3.ftptoyoursite.com /web/content/SITEBACKUP_962012/administrator/templates/bluestork template_preview.png
2012.09.06 15:05 B C:\inetpub\wwwroot\administrator\templates\bluestork\template_thumbnail.png --> ftp3.ftptoyoursite.com /web/content/SITEBACKUP_962012/administrator/templates/bluestork template_thumbnail.png
2012.09.06 15:05 B C:\inetpub\wwwroot\administrator\templates\bluestork\templateDetails.xml --> ftp3.ftptoyoursite.com /web/content/SITEBACKUP_962012/administrator/templates/bluestork templateDetails.xml
2012.09.06 15:05 B C:\inetpub\wwwroot\administrator\templates\bluestork\WS_FTP.LOG --> ftp3.ftptoyoursite.com /web/content/SITEBACKUP_962012/administrator/templates/bluestork WS_FTP.LOG
2012.09.06 15:47 B C:\inetpub\wwwroot\administrator\templates\bluestork\component.php <-- Schubert Rackspace /web/content/SITEBACKUP_962012/administrator/templates/bluestork component.php
2012.09.06 15:47 B C:\inetpub\wwwroot\administrator\templates\bluestork\cpanel.php <-- Schubert Rackspace /web/content/SITEBACKUP_962012/administrator/templates/bluestork cpanel.php
2012.09.06 15:47 B C:\inetpub\wwwroot\administrator\templates\bluestork\error.php <-- Schubert Rackspace /web/content/SITEBACKUP_962012/administrator/templates/bluestork error.php
2012.09.06 15:47 B C:\inetpub\wwwroot\administrator\templates\bluestork\favicon.ico <-- Schubert Rackspace /web/content/SITEBACKUP_962012/administrator/templates/bluestork favicon.ico
2012.09.06 15:47 B C:\inetpub\wwwroot\administrator\templates\bluestork\index.html <-- Schubert Rackspace /web/content/SITEBACKUP_962012/administrator/templates/bluestork index.html
2012.09.06 15:47 B C:\inetpub\wwwroot\administrator\templates\bluestork\index.php <-- Schubert Rackspace /web/content/SITEBACKUP_962012/administrator/templates/bluestork index.php
2012.09.06 15:47 B C:\inetpub\wwwroot\administrator\templates\bluestork\login.php <-- Schubert Rackspace /web/content/SITEBACKUP_962012/administrator/templates/bluestork login.php
2012.09.06 15:47 B C:\inetpub\wwwroot\administrator\templates\bluestork\template_preview.png <-- Schubert Rackspace /web/content/SITEBACKUP_962012/administrator/templates/bluestork template_preview.png
2012.09.06 15:47 B C:\inetpub\wwwroot\administrator\templates\bluestork\template_thumbnail.png <-- Schubert Rackspace /web/content/SITEBACKUP_962012/administrator/templates/bluestork template_thumbnail.png
2012.09.06 15:47 B C:\inetpub\wwwroot\administrator\templates\bluestork\templateDetails.xml <-- Schubert Rackspace /web/content/SITEBACKUP_962012/administrator/templates/bluestork templateDetails.xml
2012.10.23 09:09 B C:\inetpub\wwwroot\administrator\templates\bluestork\component.php --> ftp3.ftptoyoursite.com /web/content/administrator/templates/bluestork component.php
2012.10.23 09:09 B C:\inetpub\wwwroot\administrator\templates\bluestork\cpanel.php --> ftp3.ftptoyoursite.com /web/content/administrator/templates/bluestork cpanel.php
2012.10.23 09:09 B C:\inetpub\wwwroot\administrator\templates\bluestork\error.php --> ftp3.ftptoyoursite.com /web/content/administrator/templates/bluestork error.php
2012.10.23 09:09 B C:\inetpub\wwwroot\administrator\templates\bluestork\favicon.ico --> ftp3.ftptoyoursite.com /web/content/administrator/templates/bluestork favicon.ico
2012.10.23 09:09 B C:\inetpub\wwwroot\administrator\templates\bluestork\index.html --> ftp3.ftptoyoursite.com /web/content/administrator/templates/bluestork index.html
2012.10.23 09:09 B C:\inetpub\wwwroot\administrator\templates\bluestork\index.php --> ftp3.ftptoyoursite.com /web/content/administrator/templates/bluestork index.php
2012.10.23 09:09 B C:\inetpub\wwwroot\administrator\templates\bluestork\login.php --> ftp3.ftptoyoursite.com /web/content/administrator/templates/bluestork login.php
2012.10.23 09:09 B C:\inetpub\wwwroot\administrator\templates\bluestork\template_preview.png --> ftp3.ftptoyoursite.com /web/content/administrator/templates/bluestork template_preview.png
2012.10.23 09:09 B C:\inetpub\wwwroot\administrator\templates\bluestork\template_thumbnail.png --> ftp3.ftptoyoursite.com /web/content/administrator/templates/bluestork template_thumbnail.png
2012.10.23 09:09 B C:\inetpub\wwwroot\administrator\templates\bluestork\templateDetails.xml --> ftp3.ftptoyoursite.com /web/content/administrator/templates/bluestork templateDetails.xml
2012.10.23 09:09 B C:\inetpub\wwwroot\administrator\templates\bluestork\WS_FTP.LOG --> ftp3.ftptoyoursite.com /web/content/administrator/templates/bluestork WS_FTP.LOG
2013.02.01 14:46 B C:\inetpub\wwwroot\administrator\templates\bluestork\WS_FTP.LOG <-- Schubert Rackspace /web/content/administrator/templates/bluestork WS_FTP.LOG
