2012.07.25 12:19 B C:\Users\COBRIEN\Desktop\Schubert\modules\mod_arisexylightbox\includes\kernel\Image\Asido\class.asido.php <-- Schubert Rackspace /web/content/modules/mod_arisexylightbox/includes/kernel/Image/Asido class.asido.php
2012.07.25 12:19 B C:\Users\COBRIEN\Desktop\Schubert\modules\mod_arisexylightbox\includes\kernel\Image\Asido\class.AsidoHelper.php <-- Schubert Rackspace /web/content/modules/mod_arisexylightbox/includes/kernel/Image/Asido class.AsidoHelper.php
2012.07.25 12:19 B C:\Users\COBRIEN\Desktop\Schubert\modules\mod_arisexylightbox\includes\kernel\Image\Asido\class.driver.gd.php <-- Schubert Rackspace /web/content/modules/mod_arisexylightbox/includes/kernel/Image/Asido class.driver.gd.php
2012.07.25 12:19 B C:\Users\COBRIEN\Desktop\Schubert\modules\mod_arisexylightbox\includes\kernel\Image\Asido\class.driver.gd_hack.php <-- Schubert Rackspace /web/content/modules/mod_arisexylightbox/includes/kernel/Image/Asido class.driver.gd_hack.php
2012.07.25 12:19 B C:\Users\COBRIEN\Desktop\Schubert\modules\mod_arisexylightbox\includes\kernel\Image\Asido\class.driver.imagick2_ext.php <-- Schubert Rackspace /web/content/modules/mod_arisexylightbox/includes/kernel/Image/Asido class.driver.imagick2_ext.php
2012.07.25 12:19 B C:\Users\COBRIEN\Desktop\Schubert\modules\mod_arisexylightbox\includes\kernel\Image\Asido\class.driver.imagick2_ext_hack.php <-- Schubert Rackspace /web/content/modules/mod_arisexylightbox/includes/kernel/Image/Asido class.driver.imagick2_ext_hack.php
2012.07.25 12:19 B C:\Users\COBRIEN\Desktop\Schubert\modules\mod_arisexylightbox\includes\kernel\Image\Asido\class.driver.imagick_ext.php <-- Schubert Rackspace /web/content/modules/mod_arisexylightbox/includes/kernel/Image/Asido class.driver.imagick_ext.php
2012.07.25 12:19 B C:\Users\COBRIEN\Desktop\Schubert\modules\mod_arisexylightbox\includes\kernel\Image\Asido\class.driver.imagick_ext_hack.php <-- Schubert Rackspace /web/content/modules/mod_arisexylightbox/includes/kernel/Image/Asido class.driver.imagick_ext_hack.php
2012.07.25 12:19 B C:\Users\COBRIEN\Desktop\Schubert\modules\mod_arisexylightbox\includes\kernel\Image\Asido\class.driver.imagick_shell.php <-- Schubert Rackspace /web/content/modules/mod_arisexylightbox/includes/kernel/Image/Asido class.driver.imagick_shell.php
2012.07.25 12:19 B C:\Users\COBRIEN\Desktop\Schubert\modules\mod_arisexylightbox\includes\kernel\Image\Asido\class.driver.imagick_shell_hack.php <-- Schubert Rackspace /web/content/modules/mod_arisexylightbox/includes/kernel/Image/Asido class.driver.imagick_shell_hack.php
2012.07.25 12:19 B C:\Users\COBRIEN\Desktop\Schubert\modules\mod_arisexylightbox\includes\kernel\Image\Asido\class.driver.magick_wand.php <-- Schubert Rackspace /web/content/modules/mod_arisexylightbox/includes/kernel/Image/Asido class.driver.magick_wand.php
2012.07.25 12:19 B C:\Users\COBRIEN\Desktop\Schubert\modules\mod_arisexylightbox\includes\kernel\Image\Asido\class.driver.php <-- Schubert Rackspace /web/content/modules/mod_arisexylightbox/includes/kernel/Image/Asido class.driver.php
2012.07.25 12:19 B C:\Users\COBRIEN\Desktop\Schubert\modules\mod_arisexylightbox\includes\kernel\Image\Asido\class.driver.shell.php <-- Schubert Rackspace /web/content/modules/mod_arisexylightbox/includes/kernel/Image/Asido class.driver.shell.php
2012.07.25 12:19 B C:\Users\COBRIEN\Desktop\Schubert\modules\mod_arisexylightbox\includes\kernel\Image\Asido\class.image.php <-- Schubert Rackspace /web/content/modules/mod_arisexylightbox/includes/kernel/Image/Asido class.image.php
2012.07.25 12:19 B C:\Users\COBRIEN\Desktop\Schubert\modules\mod_arisexylightbox\includes\kernel\Image\Asido\class.imagick.php <-- Schubert Rackspace /web/content/modules/mod_arisexylightbox/includes/kernel/Image/Asido class.imagick.php
2012.07.25 12:19 B C:\Users\COBRIEN\Desktop\Schubert\modules\mod_arisexylightbox\includes\kernel\Image\Asido\index.html <-- Schubert Rackspace /web/content/modules/mod_arisexylightbox/includes/kernel/Image/Asido index.html
2012.09.04 10:55 B C:\inetpub\wwwroot\modules\mod_arisexylightbox\includes\kernel\Image\Asido\class.asido.php --> ftp3.ftptoyoursite.com /web/content/SITE-TEST/modules/mod_arisexylightbox/includes/kernel/Image/Asido class.asido.php
2012.09.04 10:55 B C:\inetpub\wwwroot\modules\mod_arisexylightbox\includes\kernel\Image\Asido\class.AsidoHelper.php --> ftp3.ftptoyoursite.com /web/content/SITE-TEST/modules/mod_arisexylightbox/includes/kernel/Image/Asido class.AsidoHelper.php
2012.09.04 10:55 B C:\inetpub\wwwroot\modules\mod_arisexylightbox\includes\kernel\Image\Asido\class.driver.gd.php --> ftp3.ftptoyoursite.com /web/content/SITE-TEST/modules/mod_arisexylightbox/includes/kernel/Image/Asido class.driver.gd.php
2012.09.04 10:55 B C:\inetpub\wwwroot\modules\mod_arisexylightbox\includes\kernel\Image\Asido\class.driver.gd_hack.php --> ftp3.ftptoyoursite.com /web/content/SITE-TEST/modules/mod_arisexylightbox/includes/kernel/Image/Asido class.driver.gd_hack.php
2012.09.04 10:55 B C:\inetpub\wwwroot\modules\mod_arisexylightbox\includes\kernel\Image\Asido\class.driver.imagick2_ext.php --> ftp3.ftptoyoursite.com /web/content/SITE-TEST/modules/mod_arisexylightbox/includes/kernel/Image/Asido class.driver.imagick2_ext.php
2012.09.04 10:55 B C:\inetpub\wwwroot\modules\mod_arisexylightbox\includes\kernel\Image\Asido\class.driver.imagick2_ext_hack.php --> ftp3.ftptoyoursite.com /web/content/SITE-TEST/modules/mod_arisexylightbox/includes/kernel/Image/Asido class.driver.imagick2_ext_hack.php
2012.09.04 10:55 B C:\inetpub\wwwroot\modules\mod_arisexylightbox\includes\kernel\Image\Asido\class.driver.imagick_ext.php --> ftp3.ftptoyoursite.com /web/content/SITE-TEST/modules/mod_arisexylightbox/includes/kernel/Image/Asido class.driver.imagick_ext.php
2012.09.04 10:55 B C:\inetpub\wwwroot\modules\mod_arisexylightbox\includes\kernel\Image\Asido\class.driver.imagick_ext_hack.php --> ftp3.ftptoyoursite.com /web/content/SITE-TEST/modules/mod_arisexylightbox/includes/kernel/Image/Asido class.driver.imagick_ext_hack.php
2012.09.04 10:55 B C:\inetpub\wwwroot\modules\mod_arisexylightbox\includes\kernel\Image\Asido\class.driver.imagick_shell.php --> ftp3.ftptoyoursite.com /web/content/SITE-TEST/modules/mod_arisexylightbox/includes/kernel/Image/Asido class.driver.imagick_shell.php
2012.09.04 10:55 B C:\inetpub\wwwroot\modules\mod_arisexylightbox\includes\kernel\Image\Asido\class.driver.imagick_shell_hack.php --> ftp3.ftptoyoursite.com /web/content/SITE-TEST/modules/mod_arisexylightbox/includes/kernel/Image/Asido class.driver.imagick_shell_hack.php
2012.09.04 10:55 B C:\inetpub\wwwroot\modules\mod_arisexylightbox\includes\kernel\Image\Asido\class.driver.magick_wand.php --> ftp3.ftptoyoursite.com /web/content/SITE-TEST/modules/mod_arisexylightbox/includes/kernel/Image/Asido class.driver.magick_wand.php
2012.09.04 10:55 B C:\inetpub\wwwroot\modules\mod_arisexylightbox\includes\kernel\Image\Asido\class.driver.php --> ftp3.ftptoyoursite.com /web/content/SITE-TEST/modules/mod_arisexylightbox/includes/kernel/Image/Asido class.driver.php
2012.09.04 10:55 B C:\inetpub\wwwroot\modules\mod_arisexylightbox\includes\kernel\Image\Asido\class.driver.shell.php --> ftp3.ftptoyoursite.com /web/content/SITE-TEST/modules/mod_arisexylightbox/includes/kernel/Image/Asido class.driver.shell.php
2012.09.04 10:55 B C:\inetpub\wwwroot\modules\mod_arisexylightbox\includes\kernel\Image\Asido\class.image.php --> ftp3.ftptoyoursite.com /web/content/SITE-TEST/modules/mod_arisexylightbox/includes/kernel/Image/Asido class.image.php
2012.09.04 10:55 B C:\inetpub\wwwroot\modules\mod_arisexylightbox\includes\kernel\Image\Asido\class.imagick.php --> ftp3.ftptoyoursite.com /web/content/SITE-TEST/modules/mod_arisexylightbox/includes/kernel/Image/Asido class.imagick.php
2012.09.04 10:55 B C:\inetpub\wwwroot\modules\mod_arisexylightbox\includes\kernel\Image\Asido\index.html --> ftp3.ftptoyoursite.com /web/content/SITE-TEST/modules/mod_arisexylightbox/includes/kernel/Image/Asido index.html
2012.09.04 10:55 B C:\inetpub\wwwroot\modules\mod_arisexylightbox\includes\kernel\Image\Asido\WS_FTP.LOG --> ftp3.ftptoyoursite.com /web/content/SITE-TEST/modules/mod_arisexylightbox/includes/kernel/Image/Asido WS_FTP.LOG
2012.09.06 15:14 B C:\inetpub\wwwroot\modules\mod_arisexylightbox\includes\kernel\Image\Asido\class.asido.php --> ftp3.ftptoyoursite.com /web/content/SITEBACKUP_962012/modules/mod_arisexylightbox/includes/kernel/Image/Asido class.asido.php
2012.09.06 15:14 B C:\inetpub\wwwroot\modules\mod_arisexylightbox\includes\kernel\Image\Asido\class.AsidoHelper.php --> ftp3.ftptoyoursite.com /web/content/SITEBACKUP_962012/modules/mod_arisexylightbox/includes/kernel/Image/Asido class.AsidoHelper.php
2012.09.06 15:14 B C:\inetpub\wwwroot\modules\mod_arisexylightbox\includes\kernel\Image\Asido\class.driver.gd.php --> ftp3.ftptoyoursite.com /web/content/SITEBACKUP_962012/modules/mod_arisexylightbox/includes/kernel/Image/Asido class.driver.gd.php
2012.09.06 15:14 B C:\inetpub\wwwroot\modules\mod_arisexylightbox\includes\kernel\Image\Asido\class.driver.gd_hack.php --> ftp3.ftptoyoursite.com /web/content/SITEBACKUP_962012/modules/mod_arisexylightbox/includes/kernel/Image/Asido class.driver.gd_hack.php
2012.09.06 15:14 B C:\inetpub\wwwroot\modules\mod_arisexylightbox\includes\kernel\Image\Asido\class.driver.imagick2_ext.php --> ftp3.ftptoyoursite.com /web/content/SITEBACKUP_962012/modules/mod_arisexylightbox/includes/kernel/Image/Asido class.driver.imagick2_ext.php
2012.09.06 15:14 B C:\inetpub\wwwroot\modules\mod_arisexylightbox\includes\kernel\Image\Asido\class.driver.imagick2_ext_hack.php --> ftp3.ftptoyoursite.com /web/content/SITEBACKUP_962012/modules/mod_arisexylightbox/includes/kernel/Image/Asido class.driver.imagick2_ext_hack.php
2012.09.06 15:14 B C:\inetpub\wwwroot\modules\mod_arisexylightbox\includes\kernel\Image\Asido\class.driver.imagick_ext.php --> ftp3.ftptoyoursite.com /web/content/SITEBACKUP_962012/modules/mod_arisexylightbox/includes/kernel/Image/Asido class.driver.imagick_ext.php
2012.09.06 15:14 B C:\inetpub\wwwroot\modules\mod_arisexylightbox\includes\kernel\Image\Asido\class.driver.imagick_ext_hack.php --> ftp3.ftptoyoursite.com /web/content/SITEBACKUP_962012/modules/mod_arisexylightbox/includes/kernel/Image/Asido class.driver.imagick_ext_hack.php
2012.09.06 15:14 B C:\inetpub\wwwroot\modules\mod_arisexylightbox\includes\kernel\Image\Asido\class.driver.imagick_shell.php --> ftp3.ftptoyoursite.com /web/content/SITEBACKUP_962012/modules/mod_arisexylightbox/includes/kernel/Image/Asido class.driver.imagick_shell.php
2012.09.06 15:14 B C:\inetpub\wwwroot\modules\mod_arisexylightbox\includes\kernel\Image\Asido\class.driver.imagick_shell_hack.php --> ftp3.ftptoyoursite.com /web/content/SITEBACKUP_962012/modules/mod_arisexylightbox/includes/kernel/Image/Asido class.driver.imagick_shell_hack.php
2012.09.06 15:14 B C:\inetpub\wwwroot\modules\mod_arisexylightbox\includes\kernel\Image\Asido\class.driver.magick_wand.php --> ftp3.ftptoyoursite.com /web/content/SITEBACKUP_962012/modules/mod_arisexylightbox/includes/kernel/Image/Asido class.driver.magick_wand.php
2012.09.06 15:14 B C:\inetpub\wwwroot\modules\mod_arisexylightbox\includes\kernel\Image\Asido\class.driver.php --> ftp3.ftptoyoursite.com /web/content/SITEBACKUP_962012/modules/mod_arisexylightbox/includes/kernel/Image/Asido class.driver.php
2012.09.06 15:14 B C:\inetpub\wwwroot\modules\mod_arisexylightbox\includes\kernel\Image\Asido\class.driver.shell.php --> ftp3.ftptoyoursite.com /web/content/SITEBACKUP_962012/modules/mod_arisexylightbox/includes/kernel/Image/Asido class.driver.shell.php
2012.09.06 15:14 B C:\inetpub\wwwroot\modules\mod_arisexylightbox\includes\kernel\Image\Asido\class.image.php --> ftp3.ftptoyoursite.com /web/content/SITEBACKUP_962012/modules/mod_arisexylightbox/includes/kernel/Image/Asido class.image.php
2012.09.06 15:14 B C:\inetpub\wwwroot\modules\mod_arisexylightbox\includes\kernel\Image\Asido\class.imagick.php --> ftp3.ftptoyoursite.com /web/content/SITEBACKUP_962012/modules/mod_arisexylightbox/includes/kernel/Image/Asido class.imagick.php
2012.09.06 15:14 B C:\inetpub\wwwroot\modules\mod_arisexylightbox\includes\kernel\Image\Asido\index.html --> ftp3.ftptoyoursite.com /web/content/SITEBACKUP_962012/modules/mod_arisexylightbox/includes/kernel/Image/Asido index.html
2012.09.06 15:14 B C:\inetpub\wwwroot\modules\mod_arisexylightbox\includes\kernel\Image\Asido\WS_FTP.LOG --> ftp3.ftptoyoursite.com /web/content/SITEBACKUP_962012/modules/mod_arisexylightbox/includes/kernel/Image/Asido WS_FTP.LOG
2012.10.23 09:16 B C:\inetpub\wwwroot\modules\mod_arisexylightbox\includes\kernel\Image\Asido\class.asido.php --> ftp3.ftptoyoursite.com /web/content/modules/mod_arisexylightbox/includes/kernel/Image/Asido class.asido.php
2012.10.23 09:16 B C:\inetpub\wwwroot\modules\mod_arisexylightbox\includes\kernel\Image\Asido\class.AsidoHelper.php --> ftp3.ftptoyoursite.com /web/content/modules/mod_arisexylightbox/includes/kernel/Image/Asido class.AsidoHelper.php
2012.10.23 09:16 B C:\inetpub\wwwroot\modules\mod_arisexylightbox\includes\kernel\Image\Asido\class.driver.gd.php --> ftp3.ftptoyoursite.com /web/content/modules/mod_arisexylightbox/includes/kernel/Image/Asido class.driver.gd.php
2012.10.23 09:16 B C:\inetpub\wwwroot\modules\mod_arisexylightbox\includes\kernel\Image\Asido\class.driver.gd_hack.php --> ftp3.ftptoyoursite.com /web/content/modules/mod_arisexylightbox/includes/kernel/Image/Asido class.driver.gd_hack.php
2012.10.23 09:16 B C:\inetpub\wwwroot\modules\mod_arisexylightbox\includes\kernel\Image\Asido\class.driver.imagick2_ext.php --> ftp3.ftptoyoursite.com /web/content/modules/mod_arisexylightbox/includes/kernel/Image/Asido class.driver.imagick2_ext.php
2012.10.23 09:16 B C:\inetpub\wwwroot\modules\mod_arisexylightbox\includes\kernel\Image\Asido\class.driver.imagick2_ext_hack.php --> ftp3.ftptoyoursite.com /web/content/modules/mod_arisexylightbox/includes/kernel/Image/Asido class.driver.imagick2_ext_hack.php
2012.10.23 09:16 B C:\inetpub\wwwroot\modules\mod_arisexylightbox\includes\kernel\Image\Asido\class.driver.imagick_ext.php --> ftp3.ftptoyoursite.com /web/content/modules/mod_arisexylightbox/includes/kernel/Image/Asido class.driver.imagick_ext.php
2012.10.23 09:16 B C:\inetpub\wwwroot\modules\mod_arisexylightbox\includes\kernel\Image\Asido\class.driver.imagick_ext_hack.php --> ftp3.ftptoyoursite.com /web/content/modules/mod_arisexylightbox/includes/kernel/Image/Asido class.driver.imagick_ext_hack.php
2012.10.23 09:16 B C:\inetpub\wwwroot\modules\mod_arisexylightbox\includes\kernel\Image\Asido\class.driver.imagick_shell.php --> ftp3.ftptoyoursite.com /web/content/modules/mod_arisexylightbox/includes/kernel/Image/Asido class.driver.imagick_shell.php
2012.10.23 09:16 B C:\inetpub\wwwroot\modules\mod_arisexylightbox\includes\kernel\Image\Asido\class.driver.imagick_shell_hack.php --> ftp3.ftptoyoursite.com /web/content/modules/mod_arisexylightbox/includes/kernel/Image/Asido class.driver.imagick_shell_hack.php
2012.10.23 09:16 B C:\inetpub\wwwroot\modules\mod_arisexylightbox\includes\kernel\Image\Asido\class.driver.magick_wand.php --> ftp3.ftptoyoursite.com /web/content/modules/mod_arisexylightbox/includes/kernel/Image/Asido class.driver.magick_wand.php
2012.10.23 09:16 B C:\inetpub\wwwroot\modules\mod_arisexylightbox\includes\kernel\Image\Asido\class.driver.php --> ftp3.ftptoyoursite.com /web/content/modules/mod_arisexylightbox/includes/kernel/Image/Asido class.driver.php
2012.10.23 09:16 B C:\inetpub\wwwroot\modules\mod_arisexylightbox\includes\kernel\Image\Asido\class.driver.shell.php --> ftp3.ftptoyoursite.com /web/content/modules/mod_arisexylightbox/includes/kernel/Image/Asido class.driver.shell.php
2012.10.23 09:16 B C:\inetpub\wwwroot\modules\mod_arisexylightbox\includes\kernel\Image\Asido\class.image.php --> ftp3.ftptoyoursite.com /web/content/modules/mod_arisexylightbox/includes/kernel/Image/Asido class.image.php
2012.10.23 09:16 B C:\inetpub\wwwroot\modules\mod_arisexylightbox\includes\kernel\Image\Asido\class.imagick.php --> ftp3.ftptoyoursite.com /web/content/modules/mod_arisexylightbox/includes/kernel/Image/Asido class.imagick.php
2012.10.23 09:16 B C:\inetpub\wwwroot\modules\mod_arisexylightbox\includes\kernel\Image\Asido\index.html --> ftp3.ftptoyoursite.com /web/content/modules/mod_arisexylightbox/includes/kernel/Image/Asido index.html
2012.10.23 09:16 B C:\inetpub\wwwroot\modules\mod_arisexylightbox\includes\kernel\Image\Asido\WS_FTP.LOG --> ftp3.ftptoyoursite.com /web/content/modules/mod_arisexylightbox/includes/kernel/Image/Asido WS_FTP.LOG
2013.02.01 15:02 B C:\inetpub\wwwroot\modules\mod_arisexylightbox\includes\kernel\Image\Asido\WS_FTP.LOG <-- Schubert Rackspace /web/content/modules/mod_arisexylightbox/includes/kernel/Image/Asido WS_FTP.LOG
