2012.07.25 12:19 B C:\Users\COBRIEN\Desktop\Schubert\modules\mod_arisexylightbox\includes\fields\color.php <-- Schubert Rackspace /web/content/modules/mod_arisexylightbox/includes/fields color.php
2012.07.25 12:19 B C:\Users\COBRIEN\Desktop\Schubert\modules\mod_arisexylightbox\includes\fields\columns_settings.css <-- Schubert Rackspace /web/content/modules/mod_arisexylightbox/includes/fields columns_settings.css
2012.07.25 12:19 B C:\Users\COBRIEN\Desktop\Schubert\modules\mod_arisexylightbox\includes\fields\elementscloner.php <-- Schubert Rackspace /web/content/modules/mod_arisexylightbox/includes/fields elementscloner.php
2012.07.25 12:19 B C:\Users\COBRIEN\Desktop\Schubert\modules\mod_arisexylightbox\includes\fields\fieldsgroups.php <-- Schubert Rackspace /web/content/modules/mod_arisexylightbox/includes/fields fieldsgroups.php
2012.07.25 12:19 B C:\Users\COBRIEN\Desktop\Schubert\modules\mod_arisexylightbox\includes\fields\groups.css <-- Schubert Rackspace /web/content/modules/mod_arisexylightbox/includes/fields groups.css
2012.07.25 12:19 B C:\Users\COBRIEN\Desktop\Schubert\modules\mod_arisexylightbox\includes\fields\groups.js <-- Schubert Rackspace /web/content/modules/mod_arisexylightbox/includes/fields groups.js
2012.07.25 12:19 B C:\Users\COBRIEN\Desktop\Schubert\modules\mod_arisexylightbox\includes\fields\header.php <-- Schubert Rackspace /web/content/modules/mod_arisexylightbox/includes/fields header.php
2012.07.25 12:19 B C:\Users\COBRIEN\Desktop\Schubert\modules\mod_arisexylightbox\includes\fields\index.html <-- Schubert Rackspace /web/content/modules/mod_arisexylightbox/includes/fields index.html
2012.07.25 12:19 B C:\Users\COBRIEN\Desktop\Schubert\modules\mod_arisexylightbox\includes\fields\modal.php <-- Schubert Rackspace /web/content/modules/mod_arisexylightbox/includes/fields modal.php
2012.07.25 12:19 B C:\Users\COBRIEN\Desktop\Schubert\modules\mod_arisexylightbox\includes\fields\module.php <-- Schubert Rackspace /web/content/modules/mod_arisexylightbox/includes/fields module.php
2012.09.04 10:55 B C:\inetpub\wwwroot\modules\mod_arisexylightbox\includes\fields\color.php --> ftp3.ftptoyoursite.com /web/content/SITE-TEST/modules/mod_arisexylightbox/includes/fields color.php
2012.09.04 10:55 B C:\inetpub\wwwroot\modules\mod_arisexylightbox\includes\fields\columns_settings.css --> ftp3.ftptoyoursite.com /web/content/SITE-TEST/modules/mod_arisexylightbox/includes/fields columns_settings.css
2012.09.04 10:55 B C:\inetpub\wwwroot\modules\mod_arisexylightbox\includes\fields\elementscloner.php --> ftp3.ftptoyoursite.com /web/content/SITE-TEST/modules/mod_arisexylightbox/includes/fields elementscloner.php
2012.09.04 10:55 B C:\inetpub\wwwroot\modules\mod_arisexylightbox\includes\fields\fieldsgroups.php --> ftp3.ftptoyoursite.com /web/content/SITE-TEST/modules/mod_arisexylightbox/includes/fields fieldsgroups.php
2012.09.04 10:55 B C:\inetpub\wwwroot\modules\mod_arisexylightbox\includes\fields\groups.css --> ftp3.ftptoyoursite.com /web/content/SITE-TEST/modules/mod_arisexylightbox/includes/fields groups.css
2012.09.04 10:55 B C:\inetpub\wwwroot\modules\mod_arisexylightbox\includes\fields\groups.js --> ftp3.ftptoyoursite.com /web/content/SITE-TEST/modules/mod_arisexylightbox/includes/fields groups.js
2012.09.04 10:55 B C:\inetpub\wwwroot\modules\mod_arisexylightbox\includes\fields\header.php --> ftp3.ftptoyoursite.com /web/content/SITE-TEST/modules/mod_arisexylightbox/includes/fields header.php
2012.09.04 10:55 B C:\inetpub\wwwroot\modules\mod_arisexylightbox\includes\fields\index.html --> ftp3.ftptoyoursite.com /web/content/SITE-TEST/modules/mod_arisexylightbox/includes/fields index.html
2012.09.04 10:55 B C:\inetpub\wwwroot\modules\mod_arisexylightbox\includes\fields\modal.php --> ftp3.ftptoyoursite.com /web/content/SITE-TEST/modules/mod_arisexylightbox/includes/fields modal.php
2012.09.04 10:55 B C:\inetpub\wwwroot\modules\mod_arisexylightbox\includes\fields\module.php --> ftp3.ftptoyoursite.com /web/content/SITE-TEST/modules/mod_arisexylightbox/includes/fields module.php
2012.09.04 10:55 B C:\inetpub\wwwroot\modules\mod_arisexylightbox\includes\fields\WS_FTP.LOG --> ftp3.ftptoyoursite.com /web/content/SITE-TEST/modules/mod_arisexylightbox/includes/fields WS_FTP.LOG
2012.09.06 15:14 B C:\inetpub\wwwroot\modules\mod_arisexylightbox\includes\fields\color.php --> ftp3.ftptoyoursite.com /web/content/SITEBACKUP_962012/modules/mod_arisexylightbox/includes/fields color.php
2012.09.06 15:14 B C:\inetpub\wwwroot\modules\mod_arisexylightbox\includes\fields\columns_settings.css --> ftp3.ftptoyoursite.com /web/content/SITEBACKUP_962012/modules/mod_arisexylightbox/includes/fields columns_settings.css
2012.09.06 15:14 B C:\inetpub\wwwroot\modules\mod_arisexylightbox\includes\fields\elementscloner.php --> ftp3.ftptoyoursite.com /web/content/SITEBACKUP_962012/modules/mod_arisexylightbox/includes/fields elementscloner.php
2012.09.06 15:14 B C:\inetpub\wwwroot\modules\mod_arisexylightbox\includes\fields\fieldsgroups.php --> ftp3.ftptoyoursite.com /web/content/SITEBACKUP_962012/modules/mod_arisexylightbox/includes/fields fieldsgroups.php
2012.09.06 15:14 B C:\inetpub\wwwroot\modules\mod_arisexylightbox\includes\fields\groups.css --> ftp3.ftptoyoursite.com /web/content/SITEBACKUP_962012/modules/mod_arisexylightbox/includes/fields groups.css
2012.09.06 15:14 B C:\inetpub\wwwroot\modules\mod_arisexylightbox\includes\fields\groups.js --> ftp3.ftptoyoursite.com /web/content/SITEBACKUP_962012/modules/mod_arisexylightbox/includes/fields groups.js
2012.09.06 15:14 B C:\inetpub\wwwroot\modules\mod_arisexylightbox\includes\fields\header.php --> ftp3.ftptoyoursite.com /web/content/SITEBACKUP_962012/modules/mod_arisexylightbox/includes/fields header.php
2012.09.06 15:14 B C:\inetpub\wwwroot\modules\mod_arisexylightbox\includes\fields\index.html --> ftp3.ftptoyoursite.com /web/content/SITEBACKUP_962012/modules/mod_arisexylightbox/includes/fields index.html
2012.09.06 15:14 B C:\inetpub\wwwroot\modules\mod_arisexylightbox\includes\fields\modal.php --> ftp3.ftptoyoursite.com /web/content/SITEBACKUP_962012/modules/mod_arisexylightbox/includes/fields modal.php
2012.09.06 15:14 B C:\inetpub\wwwroot\modules\mod_arisexylightbox\includes\fields\module.php --> ftp3.ftptoyoursite.com /web/content/SITEBACKUP_962012/modules/mod_arisexylightbox/includes/fields module.php
2012.09.06 15:14 B C:\inetpub\wwwroot\modules\mod_arisexylightbox\includes\fields\WS_FTP.LOG --> ftp3.ftptoyoursite.com /web/content/SITEBACKUP_962012/modules/mod_arisexylightbox/includes/fields WS_FTP.LOG
2012.10.23 09:16 B C:\inetpub\wwwroot\modules\mod_arisexylightbox\includes\fields\color.php --> ftp3.ftptoyoursite.com /web/content/modules/mod_arisexylightbox/includes/fields color.php
2012.10.23 09:16 B C:\inetpub\wwwroot\modules\mod_arisexylightbox\includes\fields\columns_settings.css --> ftp3.ftptoyoursite.com /web/content/modules/mod_arisexylightbox/includes/fields columns_settings.css
2012.10.23 09:16 B C:\inetpub\wwwroot\modules\mod_arisexylightbox\includes\fields\elementscloner.php --> ftp3.ftptoyoursite.com /web/content/modules/mod_arisexylightbox/includes/fields elementscloner.php
2012.10.23 09:16 B C:\inetpub\wwwroot\modules\mod_arisexylightbox\includes\fields\fieldsgroups.php --> ftp3.ftptoyoursite.com /web/content/modules/mod_arisexylightbox/includes/fields fieldsgroups.php
2012.10.23 09:16 B C:\inetpub\wwwroot\modules\mod_arisexylightbox\includes\fields\groups.css --> ftp3.ftptoyoursite.com /web/content/modules/mod_arisexylightbox/includes/fields groups.css
2012.10.23 09:16 B C:\inetpub\wwwroot\modules\mod_arisexylightbox\includes\fields\groups.js --> ftp3.ftptoyoursite.com /web/content/modules/mod_arisexylightbox/includes/fields groups.js
2012.10.23 09:16 B C:\inetpub\wwwroot\modules\mod_arisexylightbox\includes\fields\header.php --> ftp3.ftptoyoursite.com /web/content/modules/mod_arisexylightbox/includes/fields header.php
2012.10.23 09:16 B C:\inetpub\wwwroot\modules\mod_arisexylightbox\includes\fields\index.html --> ftp3.ftptoyoursite.com /web/content/modules/mod_arisexylightbox/includes/fields index.html
2012.10.23 09:16 B C:\inetpub\wwwroot\modules\mod_arisexylightbox\includes\fields\modal.php --> ftp3.ftptoyoursite.com /web/content/modules/mod_arisexylightbox/includes/fields modal.php
2012.10.23 09:16 B C:\inetpub\wwwroot\modules\mod_arisexylightbox\includes\fields\module.php --> ftp3.ftptoyoursite.com /web/content/modules/mod_arisexylightbox/includes/fields module.php
2012.10.23 09:16 B C:\inetpub\wwwroot\modules\mod_arisexylightbox\includes\fields\WS_FTP.LOG --> ftp3.ftptoyoursite.com /web/content/modules/mod_arisexylightbox/includes/fields WS_FTP.LOG
2013.02.01 15:02 B C:\inetpub\wwwroot\modules\mod_arisexylightbox\includes\fields\WS_FTP.LOG <-- Schubert Rackspace /web/content/modules/mod_arisexylightbox/includes/fields WS_FTP.LOG
