2012.07.25 12:18 B C:\Users\COBRIEN\Desktop\Schubert\media\editors\tinymce\jscripts\tiny_mce\themes\advanced\img\colorpicker.jpg <-- Schubert Rackspace /web/content/media/editors/tinymce/jscripts/tiny_mce/themes/advanced/img colorpicker.jpg
2012.07.25 12:18 B C:\Users\COBRIEN\Desktop\Schubert\media\editors\tinymce\jscripts\tiny_mce\themes\advanced\img\flash.gif <-- Schubert Rackspace /web/content/media/editors/tinymce/jscripts/tiny_mce/themes/advanced/img flash.gif
2012.07.25 12:18 B C:\Users\COBRIEN\Desktop\Schubert\media\editors\tinymce\jscripts\tiny_mce\themes\advanced\img\icons.gif <-- Schubert Rackspace /web/content/media/editors/tinymce/jscripts/tiny_mce/themes/advanced/img icons.gif
2012.07.25 12:18 B C:\Users\COBRIEN\Desktop\Schubert\media\editors\tinymce\jscripts\tiny_mce\themes\advanced\img\iframe.gif <-- Schubert Rackspace /web/content/media/editors/tinymce/jscripts/tiny_mce/themes/advanced/img iframe.gif
2012.07.25 12:18 B C:\Users\COBRIEN\Desktop\Schubert\media\editors\tinymce\jscripts\tiny_mce\themes\advanced\img\index.html <-- Schubert Rackspace /web/content/media/editors/tinymce/jscripts/tiny_mce/themes/advanced/img index.html
2012.07.25 12:18 B C:\Users\COBRIEN\Desktop\Schubert\media\editors\tinymce\jscripts\tiny_mce\themes\advanced\img\pagebreak.gif <-- Schubert Rackspace /web/content/media/editors/tinymce/jscripts/tiny_mce/themes/advanced/img pagebreak.gif
2012.07.25 12:18 B C:\Users\COBRIEN\Desktop\Schubert\media\editors\tinymce\jscripts\tiny_mce\themes\advanced\img\quicktime.gif <-- Schubert Rackspace /web/content/media/editors/tinymce/jscripts/tiny_mce/themes/advanced/img quicktime.gif
2012.07.25 12:18 B C:\Users\COBRIEN\Desktop\Schubert\media\editors\tinymce\jscripts\tiny_mce\themes\advanced\img\realmedia.gif <-- Schubert Rackspace /web/content/media/editors/tinymce/jscripts/tiny_mce/themes/advanced/img realmedia.gif
2012.07.25 12:18 B C:\Users\COBRIEN\Desktop\Schubert\media\editors\tinymce\jscripts\tiny_mce\themes\advanced\img\shockwave.gif <-- Schubert Rackspace /web/content/media/editors/tinymce/jscripts/tiny_mce/themes/advanced/img shockwave.gif
2012.07.25 12:18 B C:\Users\COBRIEN\Desktop\Schubert\media\editors\tinymce\jscripts\tiny_mce\themes\advanced\img\trans.gif <-- Schubert Rackspace /web/content/media/editors/tinymce/jscripts/tiny_mce/themes/advanced/img trans.gif
2012.07.25 12:18 B C:\Users\COBRIEN\Desktop\Schubert\media\editors\tinymce\jscripts\tiny_mce\themes\advanced\img\video.gif <-- Schubert Rackspace /web/content/media/editors/tinymce/jscripts/tiny_mce/themes/advanced/img video.gif
2012.07.25 12:18 B C:\Users\COBRIEN\Desktop\Schubert\media\editors\tinymce\jscripts\tiny_mce\themes\advanced\img\windowsmedia.gif <-- Schubert Rackspace /web/content/media/editors/tinymce/jscripts/tiny_mce/themes/advanced/img windowsmedia.gif
2012.09.04 10:55 B C:\inetpub\wwwroot\media\editors\tinymce\jscripts\tiny_mce\themes\advanced\img\colorpicker.jpg --> ftp3.ftptoyoursite.com /web/content/SITE-TEST/media/editors/tinymce/jscripts/tiny_mce/themes/advanced/img colorpicker.jpg
2012.09.04 10:55 B C:\inetpub\wwwroot\media\editors\tinymce\jscripts\tiny_mce\themes\advanced\img\flash.gif --> ftp3.ftptoyoursite.com /web/content/SITE-TEST/media/editors/tinymce/jscripts/tiny_mce/themes/advanced/img flash.gif
2012.09.04 10:55 B C:\inetpub\wwwroot\media\editors\tinymce\jscripts\tiny_mce\themes\advanced\img\icons.gif --> ftp3.ftptoyoursite.com /web/content/SITE-TEST/media/editors/tinymce/jscripts/tiny_mce/themes/advanced/img icons.gif
2012.09.04 10:55 B C:\inetpub\wwwroot\media\editors\tinymce\jscripts\tiny_mce\themes\advanced\img\iframe.gif --> ftp3.ftptoyoursite.com /web/content/SITE-TEST/media/editors/tinymce/jscripts/tiny_mce/themes/advanced/img iframe.gif
2012.09.04 10:55 B C:\inetpub\wwwroot\media\editors\tinymce\jscripts\tiny_mce\themes\advanced\img\index.html --> ftp3.ftptoyoursite.com /web/content/SITE-TEST/media/editors/tinymce/jscripts/tiny_mce/themes/advanced/img index.html
2012.09.04 10:55 B C:\inetpub\wwwroot\media\editors\tinymce\jscripts\tiny_mce\themes\advanced\img\pagebreak.gif --> ftp3.ftptoyoursite.com /web/content/SITE-TEST/media/editors/tinymce/jscripts/tiny_mce/themes/advanced/img pagebreak.gif
2012.09.04 10:55 B C:\inetpub\wwwroot\media\editors\tinymce\jscripts\tiny_mce\themes\advanced\img\quicktime.gif --> ftp3.ftptoyoursite.com /web/content/SITE-TEST/media/editors/tinymce/jscripts/tiny_mce/themes/advanced/img quicktime.gif
2012.09.04 10:55 B C:\inetpub\wwwroot\media\editors\tinymce\jscripts\tiny_mce\themes\advanced\img\realmedia.gif --> ftp3.ftptoyoursite.com /web/content/SITE-TEST/media/editors/tinymce/jscripts/tiny_mce/themes/advanced/img realmedia.gif
2012.09.04 10:55 B C:\inetpub\wwwroot\media\editors\tinymce\jscripts\tiny_mce\themes\advanced\img\shockwave.gif --> ftp3.ftptoyoursite.com /web/content/SITE-TEST/media/editors/tinymce/jscripts/tiny_mce/themes/advanced/img shockwave.gif
2012.09.04 10:55 B C:\inetpub\wwwroot\media\editors\tinymce\jscripts\tiny_mce\themes\advanced\img\trans.gif --> ftp3.ftptoyoursite.com /web/content/SITE-TEST/media/editors/tinymce/jscripts/tiny_mce/themes/advanced/img trans.gif
2012.09.04 10:55 B C:\inetpub\wwwroot\media\editors\tinymce\jscripts\tiny_mce\themes\advanced\img\video.gif --> ftp3.ftptoyoursite.com /web/content/SITE-TEST/media/editors/tinymce/jscripts/tiny_mce/themes/advanced/img video.gif
2012.09.04 10:55 B C:\inetpub\wwwroot\media\editors\tinymce\jscripts\tiny_mce\themes\advanced\img\windowsmedia.gif --> ftp3.ftptoyoursite.com /web/content/SITE-TEST/media/editors/tinymce/jscripts/tiny_mce/themes/advanced/img windowsmedia.gif
2012.09.04 10:55 B C:\inetpub\wwwroot\media\editors\tinymce\jscripts\tiny_mce\themes\advanced\img\WS_FTP.LOG --> ftp3.ftptoyoursite.com /web/content/SITE-TEST/media/editors/tinymce/jscripts/tiny_mce/themes/advanced/img WS_FTP.LOG
2012.09.06 15:13 B C:\inetpub\wwwroot\media\editors\tinymce\jscripts\tiny_mce\themes\advanced\img\colorpicker.jpg --> ftp3.ftptoyoursite.com /web/content/SITEBACKUP_962012/media/editors/tinymce/jscripts/tiny_mce/themes/advanced/img colorpicker.jpg
2012.09.06 15:13 B C:\inetpub\wwwroot\media\editors\tinymce\jscripts\tiny_mce\themes\advanced\img\flash.gif --> ftp3.ftptoyoursite.com /web/content/SITEBACKUP_962012/media/editors/tinymce/jscripts/tiny_mce/themes/advanced/img flash.gif
2012.09.06 15:13 B C:\inetpub\wwwroot\media\editors\tinymce\jscripts\tiny_mce\themes\advanced\img\icons.gif --> ftp3.ftptoyoursite.com /web/content/SITEBACKUP_962012/media/editors/tinymce/jscripts/tiny_mce/themes/advanced/img icons.gif
2012.09.06 15:13 B C:\inetpub\wwwroot\media\editors\tinymce\jscripts\tiny_mce\themes\advanced\img\iframe.gif --> ftp3.ftptoyoursite.com /web/content/SITEBACKUP_962012/media/editors/tinymce/jscripts/tiny_mce/themes/advanced/img iframe.gif
2012.09.06 15:13 B C:\inetpub\wwwroot\media\editors\tinymce\jscripts\tiny_mce\themes\advanced\img\index.html --> ftp3.ftptoyoursite.com /web/content/SITEBACKUP_962012/media/editors/tinymce/jscripts/tiny_mce/themes/advanced/img index.html
2012.09.06 15:13 B C:\inetpub\wwwroot\media\editors\tinymce\jscripts\tiny_mce\themes\advanced\img\pagebreak.gif --> ftp3.ftptoyoursite.com /web/content/SITEBACKUP_962012/media/editors/tinymce/jscripts/tiny_mce/themes/advanced/img pagebreak.gif
2012.09.06 15:13 B C:\inetpub\wwwroot\media\editors\tinymce\jscripts\tiny_mce\themes\advanced\img\quicktime.gif --> ftp3.ftptoyoursite.com /web/content/SITEBACKUP_962012/media/editors/tinymce/jscripts/tiny_mce/themes/advanced/img quicktime.gif
2012.09.06 15:13 B C:\inetpub\wwwroot\media\editors\tinymce\jscripts\tiny_mce\themes\advanced\img\realmedia.gif --> ftp3.ftptoyoursite.com /web/content/SITEBACKUP_962012/media/editors/tinymce/jscripts/tiny_mce/themes/advanced/img realmedia.gif
2012.09.06 15:13 B C:\inetpub\wwwroot\media\editors\tinymce\jscripts\tiny_mce\themes\advanced\img\shockwave.gif --> ftp3.ftptoyoursite.com /web/content/SITEBACKUP_962012/media/editors/tinymce/jscripts/tiny_mce/themes/advanced/img shockwave.gif
2012.09.06 15:13 B C:\inetpub\wwwroot\media\editors\tinymce\jscripts\tiny_mce\themes\advanced\img\trans.gif --> ftp3.ftptoyoursite.com /web/content/SITEBACKUP_962012/media/editors/tinymce/jscripts/tiny_mce/themes/advanced/img trans.gif
2012.09.06 15:13 B C:\inetpub\wwwroot\media\editors\tinymce\jscripts\tiny_mce\themes\advanced\img\video.gif --> ftp3.ftptoyoursite.com /web/content/SITEBACKUP_962012/media/editors/tinymce/jscripts/tiny_mce/themes/advanced/img video.gif
2012.09.06 15:13 B C:\inetpub\wwwroot\media\editors\tinymce\jscripts\tiny_mce\themes\advanced\img\windowsmedia.gif --> ftp3.ftptoyoursite.com /web/content/SITEBACKUP_962012/media/editors/tinymce/jscripts/tiny_mce/themes/advanced/img windowsmedia.gif
2012.09.06 15:13 B C:\inetpub\wwwroot\media\editors\tinymce\jscripts\tiny_mce\themes\advanced\img\WS_FTP.LOG --> ftp3.ftptoyoursite.com /web/content/SITEBACKUP_962012/media/editors/tinymce/jscripts/tiny_mce/themes/advanced/img WS_FTP.LOG
2012.10.23 09:16 B C:\inetpub\wwwroot\media\editors\tinymce\jscripts\tiny_mce\themes\advanced\img\colorpicker.jpg --> ftp3.ftptoyoursite.com /web/content/media/editors/tinymce/jscripts/tiny_mce/themes/advanced/img colorpicker.jpg
2012.10.23 09:16 B C:\inetpub\wwwroot\media\editors\tinymce\jscripts\tiny_mce\themes\advanced\img\flash.gif --> ftp3.ftptoyoursite.com /web/content/media/editors/tinymce/jscripts/tiny_mce/themes/advanced/img flash.gif
2012.10.23 09:16 B C:\inetpub\wwwroot\media\editors\tinymce\jscripts\tiny_mce\themes\advanced\img\icons.gif --> ftp3.ftptoyoursite.com /web/content/media/editors/tinymce/jscripts/tiny_mce/themes/advanced/img icons.gif
2012.10.23 09:16 B C:\inetpub\wwwroot\media\editors\tinymce\jscripts\tiny_mce\themes\advanced\img\iframe.gif --> ftp3.ftptoyoursite.com /web/content/media/editors/tinymce/jscripts/tiny_mce/themes/advanced/img iframe.gif
2012.10.23 09:16 B C:\inetpub\wwwroot\media\editors\tinymce\jscripts\tiny_mce\themes\advanced\img\index.html --> ftp3.ftptoyoursite.com /web/content/media/editors/tinymce/jscripts/tiny_mce/themes/advanced/img index.html
2012.10.23 09:16 B C:\inetpub\wwwroot\media\editors\tinymce\jscripts\tiny_mce\themes\advanced\img\pagebreak.gif --> ftp3.ftptoyoursite.com /web/content/media/editors/tinymce/jscripts/tiny_mce/themes/advanced/img pagebreak.gif
2012.10.23 09:16 B C:\inetpub\wwwroot\media\editors\tinymce\jscripts\tiny_mce\themes\advanced\img\quicktime.gif --> ftp3.ftptoyoursite.com /web/content/media/editors/tinymce/jscripts/tiny_mce/themes/advanced/img quicktime.gif
2012.10.23 09:16 B C:\inetpub\wwwroot\media\editors\tinymce\jscripts\tiny_mce\themes\advanced\img\realmedia.gif --> ftp3.ftptoyoursite.com /web/content/media/editors/tinymce/jscripts/tiny_mce/themes/advanced/img realmedia.gif
2012.10.23 09:16 B C:\inetpub\wwwroot\media\editors\tinymce\jscripts\tiny_mce\themes\advanced\img\shockwave.gif --> ftp3.ftptoyoursite.com /web/content/media/editors/tinymce/jscripts/tiny_mce/themes/advanced/img shockwave.gif
2012.10.23 09:16 B C:\inetpub\wwwroot\media\editors\tinymce\jscripts\tiny_mce\themes\advanced\img\trans.gif --> ftp3.ftptoyoursite.com /web/content/media/editors/tinymce/jscripts/tiny_mce/themes/advanced/img trans.gif
2012.10.23 09:16 B C:\inetpub\wwwroot\media\editors\tinymce\jscripts\tiny_mce\themes\advanced\img\video.gif --> ftp3.ftptoyoursite.com /web/content/media/editors/tinymce/jscripts/tiny_mce/themes/advanced/img video.gif
2012.10.23 09:16 B C:\inetpub\wwwroot\media\editors\tinymce\jscripts\tiny_mce\themes\advanced\img\windowsmedia.gif --> ftp3.ftptoyoursite.com /web/content/media/editors/tinymce/jscripts/tiny_mce/themes/advanced/img windowsmedia.gif
2012.10.23 09:16 B C:\inetpub\wwwroot\media\editors\tinymce\jscripts\tiny_mce\themes\advanced\img\WS_FTP.LOG --> ftp3.ftptoyoursite.com /web/content/media/editors/tinymce/jscripts/tiny_mce/themes/advanced/img WS_FTP.LOG
2013.02.01 14:55 B C:\inetpub\wwwroot\media\editors\tinymce\jscripts\tiny_mce\themes\advanced\img\WS_FTP.LOG <-- Schubert Rackspace /web/content/media/editors/tinymce/jscripts/tiny_mce/themes/advanced/img WS_FTP.LOG
