2012.07.25 12:12 B C:\Users\COBRIEN\Desktop\Schubert\administrator\components\com_search\config.xml <-- Schubert Rackspace /web/content/administrator/components/com_search config.xml
2012.07.25 12:12 B C:\Users\COBRIEN\Desktop\Schubert\administrator\components\com_search\controller.php <-- Schubert Rackspace /web/content/administrator/components/com_search controller.php
2012.07.25 12:12 B C:\Users\COBRIEN\Desktop\Schubert\administrator\components\com_search\index.html <-- Schubert Rackspace /web/content/administrator/components/com_search index.html
2012.07.25 12:12 B C:\Users\COBRIEN\Desktop\Schubert\administrator\components\com_search\search.php <-- Schubert Rackspace /web/content/administrator/components/com_search search.php
2012.07.25 12:12 B C:\Users\COBRIEN\Desktop\Schubert\administrator\components\com_search\search.xml <-- Schubert Rackspace /web/content/administrator/components/com_search search.xml
2012.09.04 10:46 B C:\inetpub\wwwroot\administrator\components\com_search\config.xml --> ftp3.ftptoyoursite.com /web/content/SITE-TEST/administrator/components/com_search config.xml
2012.09.04 10:46 B C:\inetpub\wwwroot\administrator\components\com_search\controller.php --> ftp3.ftptoyoursite.com /web/content/SITE-TEST/administrator/components/com_search controller.php
2012.09.04 10:46 B C:\inetpub\wwwroot\administrator\components\com_search\index.html --> ftp3.ftptoyoursite.com /web/content/SITE-TEST/administrator/components/com_search index.html
2012.09.04 10:46 B C:\inetpub\wwwroot\administrator\components\com_search\search.php --> ftp3.ftptoyoursite.com /web/content/SITE-TEST/administrator/components/com_search search.php
2012.09.04 10:46 B C:\inetpub\wwwroot\administrator\components\com_search\search.xml --> ftp3.ftptoyoursite.com /web/content/SITE-TEST/administrator/components/com_search search.xml
2012.09.04 10:46 B C:\inetpub\wwwroot\administrator\components\com_search\WS_FTP.LOG --> ftp3.ftptoyoursite.com /web/content/SITE-TEST/administrator/components/com_search WS_FTP.LOG
2012.09.06 15:03 B C:\inetpub\wwwroot\administrator\components\com_search\config.xml --> ftp3.ftptoyoursite.com /web/content/SITEBACKUP_962012/administrator/components/com_search config.xml
2012.09.06 15:03 B C:\inetpub\wwwroot\administrator\components\com_search\controller.php --> ftp3.ftptoyoursite.com /web/content/SITEBACKUP_962012/administrator/components/com_search controller.php
2012.09.06 15:03 B C:\inetpub\wwwroot\administrator\components\com_search\index.html --> ftp3.ftptoyoursite.com /web/content/SITEBACKUP_962012/administrator/components/com_search index.html
2012.09.06 15:03 B C:\inetpub\wwwroot\administrator\components\com_search\search.php --> ftp3.ftptoyoursite.com /web/content/SITEBACKUP_962012/administrator/components/com_search search.php
2012.09.06 15:03 B C:\inetpub\wwwroot\administrator\components\com_search\search.xml --> ftp3.ftptoyoursite.com /web/content/SITEBACKUP_962012/administrator/components/com_search search.xml
2012.09.06 15:03 B C:\inetpub\wwwroot\administrator\components\com_search\WS_FTP.LOG --> ftp3.ftptoyoursite.com /web/content/SITEBACKUP_962012/administrator/components/com_search WS_FTP.LOG
2012.09.06 15:45 B C:\inetpub\wwwroot\administrator\components\com_search\config.xml <-- Schubert Rackspace /web/content/SITEBACKUP_962012/administrator/components/com_search config.xml
2012.09.06 15:45 B C:\inetpub\wwwroot\administrator\components\com_search\controller.php <-- Schubert Rackspace /web/content/SITEBACKUP_962012/administrator/components/com_search controller.php
2012.09.06 15:45 B C:\inetpub\wwwroot\administrator\components\com_search\index.html <-- Schubert Rackspace /web/content/SITEBACKUP_962012/administrator/components/com_search index.html
2012.09.06 15:45 B C:\inetpub\wwwroot\administrator\components\com_search\search.php <-- Schubert Rackspace /web/content/SITEBACKUP_962012/administrator/components/com_search search.php
2012.09.06 15:45 B C:\inetpub\wwwroot\administrator\components\com_search\search.xml <-- Schubert Rackspace /web/content/SITEBACKUP_962012/administrator/components/com_search search.xml
2012.10.23 09:07 B C:\inetpub\wwwroot\administrator\components\com_search\config.xml --> ftp3.ftptoyoursite.com /web/content/administrator/components/com_search config.xml
2012.10.23 09:07 B C:\inetpub\wwwroot\administrator\components\com_search\controller.php --> ftp3.ftptoyoursite.com /web/content/administrator/components/com_search controller.php
2012.10.23 09:07 B C:\inetpub\wwwroot\administrator\components\com_search\index.html --> ftp3.ftptoyoursite.com /web/content/administrator/components/com_search index.html
2012.10.23 09:07 B C:\inetpub\wwwroot\administrator\components\com_search\search.php --> ftp3.ftptoyoursite.com /web/content/administrator/components/com_search search.php
2012.10.23 09:07 B C:\inetpub\wwwroot\administrator\components\com_search\search.xml --> ftp3.ftptoyoursite.com /web/content/administrator/components/com_search search.xml
2012.10.23 09:07 B C:\inetpub\wwwroot\administrator\components\com_search\WS_FTP.LOG --> ftp3.ftptoyoursite.com /web/content/administrator/components/com_search WS_FTP.LOG
2013.02.01 14:43 B C:\inetpub\wwwroot\administrator\components\com_search\WS_FTP.LOG <-- Schubert Rackspace /web/content/administrator/components/com_search WS_FTP.LOG
