2012.07.25 12:18 B C:\Users\COBRIEN\Desktop\Schubert\libraries\joomla\http\transport\cacert.pem <-- Schubert Rackspace /web/content/libraries/joomla/http/transport cacert.pem
2012.07.25 12:18 B C:\Users\COBRIEN\Desktop\Schubert\libraries\joomla\http\transport\curl.php <-- Schubert Rackspace /web/content/libraries/joomla/http/transport curl.php
2012.07.25 12:18 B C:\Users\COBRIEN\Desktop\Schubert\libraries\joomla\http\transport\index.html <-- Schubert Rackspace /web/content/libraries/joomla/http/transport index.html
2012.07.25 12:18 B C:\Users\COBRIEN\Desktop\Schubert\libraries\joomla\http\transport\socket.php <-- Schubert Rackspace /web/content/libraries/joomla/http/transport socket.php
2012.07.25 12:18 B C:\Users\COBRIEN\Desktop\Schubert\libraries\joomla\http\transport\stream.php <-- Schubert Rackspace /web/content/libraries/joomla/http/transport stream.php
2012.09.04 10:54 B C:\inetpub\wwwroot\libraries\joomla\http\transport\cacert.pem --> ftp3.ftptoyoursite.com /web/content/SITE-TEST/libraries/joomla/http/transport cacert.pem
2012.09.04 10:54 B C:\inetpub\wwwroot\libraries\joomla\http\transport\curl.php --> ftp3.ftptoyoursite.com /web/content/SITE-TEST/libraries/joomla/http/transport curl.php
2012.09.04 10:54 B C:\inetpub\wwwroot\libraries\joomla\http\transport\index.html --> ftp3.ftptoyoursite.com /web/content/SITE-TEST/libraries/joomla/http/transport index.html
2012.09.04 10:54 B C:\inetpub\wwwroot\libraries\joomla\http\transport\socket.php --> ftp3.ftptoyoursite.com /web/content/SITE-TEST/libraries/joomla/http/transport socket.php
2012.09.04 10:54 B C:\inetpub\wwwroot\libraries\joomla\http\transport\stream.php --> ftp3.ftptoyoursite.com /web/content/SITE-TEST/libraries/joomla/http/transport stream.php
2012.09.04 10:54 B C:\inetpub\wwwroot\libraries\joomla\http\transport\WS_FTP.LOG --> ftp3.ftptoyoursite.com /web/content/SITE-TEST/libraries/joomla/http/transport WS_FTP.LOG
2012.09.06 15:12 B C:\inetpub\wwwroot\libraries\joomla\http\transport\cacert.pem --> ftp3.ftptoyoursite.com /web/content/SITEBACKUP_962012/libraries/joomla/http/transport cacert.pem
2012.09.06 15:12 B C:\inetpub\wwwroot\libraries\joomla\http\transport\curl.php --> ftp3.ftptoyoursite.com /web/content/SITEBACKUP_962012/libraries/joomla/http/transport curl.php
2012.09.06 15:12 B C:\inetpub\wwwroot\libraries\joomla\http\transport\index.html --> ftp3.ftptoyoursite.com /web/content/SITEBACKUP_962012/libraries/joomla/http/transport index.html
2012.09.06 15:12 B C:\inetpub\wwwroot\libraries\joomla\http\transport\socket.php --> ftp3.ftptoyoursite.com /web/content/SITEBACKUP_962012/libraries/joomla/http/transport socket.php
2012.09.06 15:12 B C:\inetpub\wwwroot\libraries\joomla\http\transport\stream.php --> ftp3.ftptoyoursite.com /web/content/SITEBACKUP_962012/libraries/joomla/http/transport stream.php
2012.09.06 15:12 B C:\inetpub\wwwroot\libraries\joomla\http\transport\WS_FTP.LOG --> ftp3.ftptoyoursite.com /web/content/SITEBACKUP_962012/libraries/joomla/http/transport WS_FTP.LOG
2012.10.23 09:15 B C:\inetpub\wwwroot\libraries\joomla\http\transport\cacert.pem --> ftp3.ftptoyoursite.com /web/content/libraries/joomla/http/transport cacert.pem
2012.10.23 09:15 B C:\inetpub\wwwroot\libraries\joomla\http\transport\curl.php --> ftp3.ftptoyoursite.com /web/content/libraries/joomla/http/transport curl.php
2012.10.23 09:15 B C:\inetpub\wwwroot\libraries\joomla\http\transport\index.html --> ftp3.ftptoyoursite.com /web/content/libraries/joomla/http/transport index.html
2012.10.23 09:15 B C:\inetpub\wwwroot\libraries\joomla\http\transport\socket.php --> ftp3.ftptoyoursite.com /web/content/libraries/joomla/http/transport socket.php
2012.10.23 09:15 B C:\inetpub\wwwroot\libraries\joomla\http\transport\stream.php --> ftp3.ftptoyoursite.com /web/content/libraries/joomla/http/transport stream.php
2012.10.23 09:15 B C:\inetpub\wwwroot\libraries\joomla\http\transport\WS_FTP.LOG --> ftp3.ftptoyoursite.com /web/content/libraries/joomla/http/transport WS_FTP.LOG
2013.02.01 14:54 B C:\inetpub\wwwroot\libraries\joomla\http\transport\WS_FTP.LOG <-- Schubert Rackspace /web/content/libraries/joomla/http/transport WS_FTP.LOG
