2012.07.25 12:19 B C:\Users\COBRIEN\Desktop\Schubert\media\system\images\mooRainbow\blank.gif <-- Schubert Rackspace /web/content/media/system/images/mooRainbow blank.gif
2012.07.25 12:19 B C:\Users\COBRIEN\Desktop\Schubert\media\system\images\mooRainbow\index.html <-- Schubert Rackspace /web/content/media/system/images/mooRainbow index.html
2012.07.25 12:19 B C:\Users\COBRIEN\Desktop\Schubert\media\system\images\mooRainbow\moor_arrows.gif <-- Schubert Rackspace /web/content/media/system/images/mooRainbow moor_arrows.gif
2012.07.25 12:19 B C:\Users\COBRIEN\Desktop\Schubert\media\system\images\mooRainbow\moor_boverlay.png <-- Schubert Rackspace /web/content/media/system/images/mooRainbow moor_boverlay.png
2012.07.25 12:19 B C:\Users\COBRIEN\Desktop\Schubert\media\system\images\mooRainbow\moor_cursor.gif <-- Schubert Rackspace /web/content/media/system/images/mooRainbow moor_cursor.gif
2012.07.25 12:19 B C:\Users\COBRIEN\Desktop\Schubert\media\system\images\mooRainbow\moor_slider.png <-- Schubert Rackspace /web/content/media/system/images/mooRainbow moor_slider.png
2012.07.25 12:19 B C:\Users\COBRIEN\Desktop\Schubert\media\system\images\mooRainbow\moor_woverlay.png <-- Schubert Rackspace /web/content/media/system/images/mooRainbow moor_woverlay.png
2012.09.04 10:55 B C:\inetpub\wwwroot\media\system\images\mooRainbow\blank.gif --> ftp3.ftptoyoursite.com /web/content/SITE-TEST/media/system/images/mooRainbow blank.gif
2012.09.04 10:55 B C:\inetpub\wwwroot\media\system\images\mooRainbow\index.html --> ftp3.ftptoyoursite.com /web/content/SITE-TEST/media/system/images/mooRainbow index.html
2012.09.04 10:55 B C:\inetpub\wwwroot\media\system\images\mooRainbow\moor_arrows.gif --> ftp3.ftptoyoursite.com /web/content/SITE-TEST/media/system/images/mooRainbow moor_arrows.gif
2012.09.04 10:55 B C:\inetpub\wwwroot\media\system\images\mooRainbow\moor_boverlay.png --> ftp3.ftptoyoursite.com /web/content/SITE-TEST/media/system/images/mooRainbow moor_boverlay.png
2012.09.04 10:55 B C:\inetpub\wwwroot\media\system\images\mooRainbow\moor_cursor.gif --> ftp3.ftptoyoursite.com /web/content/SITE-TEST/media/system/images/mooRainbow moor_cursor.gif
2012.09.04 10:55 B C:\inetpub\wwwroot\media\system\images\mooRainbow\moor_slider.png --> ftp3.ftptoyoursite.com /web/content/SITE-TEST/media/system/images/mooRainbow moor_slider.png
2012.09.04 10:55 B C:\inetpub\wwwroot\media\system\images\mooRainbow\moor_woverlay.png --> ftp3.ftptoyoursite.com /web/content/SITE-TEST/media/system/images/mooRainbow moor_woverlay.png
2012.09.04 10:55 B C:\inetpub\wwwroot\media\system\images\mooRainbow\WS_FTP.LOG --> ftp3.ftptoyoursite.com /web/content/SITE-TEST/media/system/images/mooRainbow WS_FTP.LOG
2012.09.06 15:14 B C:\inetpub\wwwroot\media\system\images\mooRainbow\blank.gif --> ftp3.ftptoyoursite.com /web/content/SITEBACKUP_962012/media/system/images/mooRainbow blank.gif
2012.09.06 15:14 B C:\inetpub\wwwroot\media\system\images\mooRainbow\index.html --> ftp3.ftptoyoursite.com /web/content/SITEBACKUP_962012/media/system/images/mooRainbow index.html
2012.09.06 15:14 B C:\inetpub\wwwroot\media\system\images\mooRainbow\moor_arrows.gif --> ftp3.ftptoyoursite.com /web/content/SITEBACKUP_962012/media/system/images/mooRainbow moor_arrows.gif
2012.09.06 15:14 B C:\inetpub\wwwroot\media\system\images\mooRainbow\moor_boverlay.png --> ftp3.ftptoyoursite.com /web/content/SITEBACKUP_962012/media/system/images/mooRainbow moor_boverlay.png
2012.09.06 15:14 B C:\inetpub\wwwroot\media\system\images\mooRainbow\moor_cursor.gif --> ftp3.ftptoyoursite.com /web/content/SITEBACKUP_962012/media/system/images/mooRainbow moor_cursor.gif
2012.09.06 15:14 B C:\inetpub\wwwroot\media\system\images\mooRainbow\moor_slider.png --> ftp3.ftptoyoursite.com /web/content/SITEBACKUP_962012/media/system/images/mooRainbow moor_slider.png
2012.09.06 15:14 B C:\inetpub\wwwroot\media\system\images\mooRainbow\moor_woverlay.png --> ftp3.ftptoyoursite.com /web/content/SITEBACKUP_962012/media/system/images/mooRainbow moor_woverlay.png
2012.09.06 15:14 B C:\inetpub\wwwroot\media\system\images\mooRainbow\WS_FTP.LOG --> ftp3.ftptoyoursite.com /web/content/SITEBACKUP_962012/media/system/images/mooRainbow WS_FTP.LOG
2012.10.23 09:16 B C:\inetpub\wwwroot\media\system\images\mooRainbow\blank.gif --> ftp3.ftptoyoursite.com /web/content/media/system/images/mooRainbow blank.gif
2012.10.23 09:16 B C:\inetpub\wwwroot\media\system\images\mooRainbow\index.html --> ftp3.ftptoyoursite.com /web/content/media/system/images/mooRainbow index.html
2012.10.23 09:16 B C:\inetpub\wwwroot\media\system\images\mooRainbow\moor_arrows.gif --> ftp3.ftptoyoursite.com /web/content/media/system/images/mooRainbow moor_arrows.gif
2012.10.23 09:16 B C:\inetpub\wwwroot\media\system\images\mooRainbow\moor_boverlay.png --> ftp3.ftptoyoursite.com /web/content/media/system/images/mooRainbow moor_boverlay.png
2012.10.23 09:16 B C:\inetpub\wwwroot\media\system\images\mooRainbow\moor_cursor.gif --> ftp3.ftptoyoursite.com /web/content/media/system/images/mooRainbow moor_cursor.gif
2012.10.23 09:16 B C:\inetpub\wwwroot\media\system\images\mooRainbow\moor_slider.png --> ftp3.ftptoyoursite.com /web/content/media/system/images/mooRainbow moor_slider.png
2012.10.23 09:16 B C:\inetpub\wwwroot\media\system\images\mooRainbow\moor_woverlay.png --> ftp3.ftptoyoursite.com /web/content/media/system/images/mooRainbow moor_woverlay.png
2012.10.23 09:16 B C:\inetpub\wwwroot\media\system\images\mooRainbow\WS_FTP.LOG --> ftp3.ftptoyoursite.com /web/content/media/system/images/mooRainbow WS_FTP.LOG
2013.02.01 15:01 B C:\inetpub\wwwroot\media\system\images\mooRainbow\WS_FTP.LOG <-- Schubert Rackspace /web/content/media/system/images/mooRainbow WS_FTP.LOG
