2012.07.25 12:15 B C:\Users\COBRIEN\Desktop\Schubert\components\com_jce\editor\extensions\popups\index.html <-- Schubert Rackspace /web/content/components/com_jce/editor/extensions/popups index.html
2012.07.25 12:15 B C:\Users\COBRIEN\Desktop\Schubert\components\com_jce\editor\extensions\popups\jcemediabox.php <-- Schubert Rackspace /web/content/components/com_jce/editor/extensions/popups jcemediabox.php
2012.07.25 12:15 B C:\Users\COBRIEN\Desktop\Schubert\components\com_jce\editor\extensions\popups\jcemediabox.xml <-- Schubert Rackspace /web/content/components/com_jce/editor/extensions/popups jcemediabox.xml
2012.07.25 12:15 B C:\Users\COBRIEN\Desktop\Schubert\components\com_jce\editor\extensions\popups\window.php <-- Schubert Rackspace /web/content/components/com_jce/editor/extensions/popups window.php
2012.07.25 12:15 B C:\Users\COBRIEN\Desktop\Schubert\components\com_jce\editor\extensions\popups\window.xml <-- Schubert Rackspace /web/content/components/com_jce/editor/extensions/popups window.xml
2012.09.04 10:50 B C:\inetpub\wwwroot\components\com_jce\editor\extensions\popups\index.html --> ftp3.ftptoyoursite.com /web/content/SITE-TEST/components/com_jce/editor/extensions/popups index.html
2012.09.04 10:50 B C:\inetpub\wwwroot\components\com_jce\editor\extensions\popups\jcemediabox.php --> ftp3.ftptoyoursite.com /web/content/SITE-TEST/components/com_jce/editor/extensions/popups jcemediabox.php
2012.09.04 10:50 B C:\inetpub\wwwroot\components\com_jce\editor\extensions\popups\jcemediabox.xml --> ftp3.ftptoyoursite.com /web/content/SITE-TEST/components/com_jce/editor/extensions/popups jcemediabox.xml
2012.09.04 10:50 B C:\inetpub\wwwroot\components\com_jce\editor\extensions\popups\window.php --> ftp3.ftptoyoursite.com /web/content/SITE-TEST/components/com_jce/editor/extensions/popups window.php
2012.09.04 10:50 B C:\inetpub\wwwroot\components\com_jce\editor\extensions\popups\window.xml --> ftp3.ftptoyoursite.com /web/content/SITE-TEST/components/com_jce/editor/extensions/popups window.xml
2012.09.04 10:50 B C:\inetpub\wwwroot\components\com_jce\editor\extensions\popups\WS_FTP.LOG --> ftp3.ftptoyoursite.com /web/content/SITE-TEST/components/com_jce/editor/extensions/popups WS_FTP.LOG
2012.09.06 15:07 B C:\inetpub\wwwroot\components\com_jce\editor\extensions\popups\index.html --> ftp3.ftptoyoursite.com /web/content/SITEBACKUP_962012/components/com_jce/editor/extensions/popups index.html
2012.09.06 15:07 B C:\inetpub\wwwroot\components\com_jce\editor\extensions\popups\jcemediabox.php --> ftp3.ftptoyoursite.com /web/content/SITEBACKUP_962012/components/com_jce/editor/extensions/popups jcemediabox.php
2012.09.06 15:07 B C:\inetpub\wwwroot\components\com_jce\editor\extensions\popups\jcemediabox.xml --> ftp3.ftptoyoursite.com /web/content/SITEBACKUP_962012/components/com_jce/editor/extensions/popups jcemediabox.xml
2012.09.06 15:07 B C:\inetpub\wwwroot\components\com_jce\editor\extensions\popups\window.php --> ftp3.ftptoyoursite.com /web/content/SITEBACKUP_962012/components/com_jce/editor/extensions/popups window.php
2012.09.06 15:07 B C:\inetpub\wwwroot\components\com_jce\editor\extensions\popups\window.xml --> ftp3.ftptoyoursite.com /web/content/SITEBACKUP_962012/components/com_jce/editor/extensions/popups window.xml
2012.09.06 15:07 B C:\inetpub\wwwroot\components\com_jce\editor\extensions\popups\WS_FTP.LOG --> ftp3.ftptoyoursite.com /web/content/SITEBACKUP_962012/components/com_jce/editor/extensions/popups WS_FTP.LOG
2012.09.06 15:48 B C:\inetpub\wwwroot\components\com_jce\editor\extensions\popups\index.html <-- Schubert Rackspace /web/content/SITEBACKUP_962012/components/com_jce/editor/extensions/popups index.html
2012.09.06 15:48 B C:\inetpub\wwwroot\components\com_jce\editor\extensions\popups\jcemediabox.php <-- Schubert Rackspace /web/content/SITEBACKUP_962012/components/com_jce/editor/extensions/popups jcemediabox.php
2012.09.06 15:48 B C:\inetpub\wwwroot\components\com_jce\editor\extensions\popups\jcemediabox.xml <-- Schubert Rackspace /web/content/SITEBACKUP_962012/components/com_jce/editor/extensions/popups jcemediabox.xml
2012.09.06 15:48 B C:\inetpub\wwwroot\components\com_jce\editor\extensions\popups\window.php <-- Schubert Rackspace /web/content/SITEBACKUP_962012/components/com_jce/editor/extensions/popups window.php
2012.09.06 15:48 B C:\inetpub\wwwroot\components\com_jce\editor\extensions\popups\window.xml <-- Schubert Rackspace /web/content/SITEBACKUP_962012/components/com_jce/editor/extensions/popups window.xml
2012.10.23 09:11 B C:\inetpub\wwwroot\components\com_jce\editor\extensions\popups\index.html --> ftp3.ftptoyoursite.com /web/content/components/com_jce/editor/extensions/popups index.html
2012.10.23 09:11 B C:\inetpub\wwwroot\components\com_jce\editor\extensions\popups\jcemediabox.php --> ftp3.ftptoyoursite.com /web/content/components/com_jce/editor/extensions/popups jcemediabox.php
2012.10.23 09:11 B C:\inetpub\wwwroot\components\com_jce\editor\extensions\popups\jcemediabox.xml --> ftp3.ftptoyoursite.com /web/content/components/com_jce/editor/extensions/popups jcemediabox.xml
2012.10.23 09:11 B C:\inetpub\wwwroot\components\com_jce\editor\extensions\popups\window.php --> ftp3.ftptoyoursite.com /web/content/components/com_jce/editor/extensions/popups window.php
2012.10.23 09:11 B C:\inetpub\wwwroot\components\com_jce\editor\extensions\popups\window.xml --> ftp3.ftptoyoursite.com /web/content/components/com_jce/editor/extensions/popups window.xml
2012.10.23 09:11 B C:\inetpub\wwwroot\components\com_jce\editor\extensions\popups\WS_FTP.LOG --> ftp3.ftptoyoursite.com /web/content/components/com_jce/editor/extensions/popups WS_FTP.LOG
2013.02.01 14:48 B C:\inetpub\wwwroot\components\com_jce\editor\extensions\popups\WS_FTP.LOG <-- Schubert Rackspace /web/content/components/com_jce/editor/extensions/popups WS_FTP.LOG
