2012.07.25 12:19 B C:\Users\COBRIEN\Desktop\Schubert\modules\mod_lofaccordion\libs\elements\media\add.png <-- Schubert Rackspace /web/content/modules/mod_lofaccordion/libs/elements/media add.png
2012.07.25 12:19 B C:\Users\COBRIEN\Desktop\Schubert\modules\mod_lofaccordion\libs\elements\media\form.css <-- Schubert Rackspace /web/content/modules/mod_lofaccordion/libs/elements/media form.css
2012.07.25 12:19 B C:\Users\COBRIEN\Desktop\Schubert\modules\mod_lofaccordion\libs\elements\media\form.js <-- Schubert Rackspace /web/content/modules/mod_lofaccordion/libs/elements/media form.js
2012.07.25 12:19 B C:\Users\COBRIEN\Desktop\Schubert\modules\mod_lofaccordion\libs\elements\media\index.html <-- Schubert Rackspace /web/content/modules/mod_lofaccordion/libs/elements/media index.html
2012.07.25 12:19 B C:\Users\COBRIEN\Desktop\Schubert\modules\mod_lofaccordion\libs\elements\media\remove.png <-- Schubert Rackspace /web/content/modules/mod_lofaccordion/libs/elements/media remove.png
2012.07.25 12:19 B C:\Users\COBRIEN\Desktop\Schubert\modules\mod_lofaccordion\libs\elements\media\style.css <-- Schubert Rackspace /web/content/modules/mod_lofaccordion/libs/elements/media style.css
2012.07.25 12:19 B C:\Users\COBRIEN\Desktop\Schubert\modules\mod_lofaccordion\libs\elements\media\yes_no.png <-- Schubert Rackspace /web/content/modules/mod_lofaccordion/libs/elements/media yes_no.png
2012.09.04 10:56 B C:\inetpub\wwwroot\modules\mod_lofaccordion\libs\elements\media\add.png --> ftp3.ftptoyoursite.com /web/content/SITE-TEST/modules/mod_lofaccordion/libs/elements/media add.png
2012.09.04 10:56 B C:\inetpub\wwwroot\modules\mod_lofaccordion\libs\elements\media\form.css --> ftp3.ftptoyoursite.com /web/content/SITE-TEST/modules/mod_lofaccordion/libs/elements/media form.css
2012.09.04 10:56 B C:\inetpub\wwwroot\modules\mod_lofaccordion\libs\elements\media\form.js --> ftp3.ftptoyoursite.com /web/content/SITE-TEST/modules/mod_lofaccordion/libs/elements/media form.js
2012.09.04 10:56 B C:\inetpub\wwwroot\modules\mod_lofaccordion\libs\elements\media\index.html --> ftp3.ftptoyoursite.com /web/content/SITE-TEST/modules/mod_lofaccordion/libs/elements/media index.html
2012.09.04 10:56 B C:\inetpub\wwwroot\modules\mod_lofaccordion\libs\elements\media\remove.png --> ftp3.ftptoyoursite.com /web/content/SITE-TEST/modules/mod_lofaccordion/libs/elements/media remove.png
2012.09.04 10:56 B C:\inetpub\wwwroot\modules\mod_lofaccordion\libs\elements\media\script.js --> ftp3.ftptoyoursite.com /web/content/SITE-TEST/modules/mod_lofaccordion/libs/elements/media script.js
2012.09.04 10:56 B C:\inetpub\wwwroot\modules\mod_lofaccordion\libs\elements\media\style.css --> ftp3.ftptoyoursite.com /web/content/SITE-TEST/modules/mod_lofaccordion/libs/elements/media style.css
2012.09.04 10:56 B C:\inetpub\wwwroot\modules\mod_lofaccordion\libs\elements\media\WS_FTP.LOG --> ftp3.ftptoyoursite.com /web/content/SITE-TEST/modules/mod_lofaccordion/libs/elements/media WS_FTP.LOG
2012.09.04 10:56 B C:\inetpub\wwwroot\modules\mod_lofaccordion\libs\elements\media\yes_no.png --> ftp3.ftptoyoursite.com /web/content/SITE-TEST/modules/mod_lofaccordion/libs/elements/media yes_no.png
2012.09.06 15:15 B C:\inetpub\wwwroot\modules\mod_lofaccordion\libs\elements\media\add.png --> ftp3.ftptoyoursite.com /web/content/SITEBACKUP_962012/modules/mod_lofaccordion/libs/elements/media add.png
2012.09.06 15:15 B C:\inetpub\wwwroot\modules\mod_lofaccordion\libs\elements\media\form.css --> ftp3.ftptoyoursite.com /web/content/SITEBACKUP_962012/modules/mod_lofaccordion/libs/elements/media form.css
2012.09.06 15:15 B C:\inetpub\wwwroot\modules\mod_lofaccordion\libs\elements\media\form.js --> ftp3.ftptoyoursite.com /web/content/SITEBACKUP_962012/modules/mod_lofaccordion/libs/elements/media form.js
2012.09.06 15:15 B C:\inetpub\wwwroot\modules\mod_lofaccordion\libs\elements\media\index.html --> ftp3.ftptoyoursite.com /web/content/SITEBACKUP_962012/modules/mod_lofaccordion/libs/elements/media index.html
2012.09.06 15:15 B C:\inetpub\wwwroot\modules\mod_lofaccordion\libs\elements\media\remove.png --> ftp3.ftptoyoursite.com /web/content/SITEBACKUP_962012/modules/mod_lofaccordion/libs/elements/media remove.png
2012.09.06 15:15 B C:\inetpub\wwwroot\modules\mod_lofaccordion\libs\elements\media\script.js --> ftp3.ftptoyoursite.com /web/content/SITEBACKUP_962012/modules/mod_lofaccordion/libs/elements/media script.js
2012.09.06 15:15 B C:\inetpub\wwwroot\modules\mod_lofaccordion\libs\elements\media\style.css --> ftp3.ftptoyoursite.com /web/content/SITEBACKUP_962012/modules/mod_lofaccordion/libs/elements/media style.css
2012.09.06 15:15 B C:\inetpub\wwwroot\modules\mod_lofaccordion\libs\elements\media\WS_FTP.LOG --> ftp3.ftptoyoursite.com /web/content/SITEBACKUP_962012/modules/mod_lofaccordion/libs/elements/media WS_FTP.LOG
2012.09.06 15:15 B C:\inetpub\wwwroot\modules\mod_lofaccordion\libs\elements\media\yes_no.png --> ftp3.ftptoyoursite.com /web/content/SITEBACKUP_962012/modules/mod_lofaccordion/libs/elements/media yes_no.png
2012.10.23 09:17 B C:\inetpub\wwwroot\modules\mod_lofaccordion\libs\elements\media\add.png --> ftp3.ftptoyoursite.com /web/content/modules/mod_lofaccordion/libs/elements/media add.png
2012.10.23 09:17 B C:\inetpub\wwwroot\modules\mod_lofaccordion\libs\elements\media\form.css --> ftp3.ftptoyoursite.com /web/content/modules/mod_lofaccordion/libs/elements/media form.css
2012.10.23 09:17 B C:\inetpub\wwwroot\modules\mod_lofaccordion\libs\elements\media\form.js --> ftp3.ftptoyoursite.com /web/content/modules/mod_lofaccordion/libs/elements/media form.js
2012.10.23 09:17 B C:\inetpub\wwwroot\modules\mod_lofaccordion\libs\elements\media\index.html --> ftp3.ftptoyoursite.com /web/content/modules/mod_lofaccordion/libs/elements/media index.html
2012.10.23 09:17 B C:\inetpub\wwwroot\modules\mod_lofaccordion\libs\elements\media\remove.png --> ftp3.ftptoyoursite.com /web/content/modules/mod_lofaccordion/libs/elements/media remove.png
2012.10.23 09:17 B C:\inetpub\wwwroot\modules\mod_lofaccordion\libs\elements\media\script.js --> ftp3.ftptoyoursite.com /web/content/modules/mod_lofaccordion/libs/elements/media script.js
2012.10.23 09:17 B C:\inetpub\wwwroot\modules\mod_lofaccordion\libs\elements\media\style.css --> ftp3.ftptoyoursite.com /web/content/modules/mod_lofaccordion/libs/elements/media style.css
2012.10.23 09:17 B C:\inetpub\wwwroot\modules\mod_lofaccordion\libs\elements\media\WS_FTP.LOG --> ftp3.ftptoyoursite.com /web/content/modules/mod_lofaccordion/libs/elements/media WS_FTP.LOG
2012.10.23 09:17 B C:\inetpub\wwwroot\modules\mod_lofaccordion\libs\elements\media\yes_no.png --> ftp3.ftptoyoursite.com /web/content/modules/mod_lofaccordion/libs/elements/media yes_no.png
2013.02.01 15:03 B C:\inetpub\wwwroot\modules\mod_lofaccordion\libs\elements\media\WS_FTP.LOG <-- Schubert Rackspace /web/content/modules/mod_lofaccordion/libs/elements/media WS_FTP.LOG
2013.02.01 15:03 B C:\inetpub\wwwroot\modules\mod_lofaccordion\libs\elements\media\yes_no.png <-- Schubert Rackspace /web/content/modules/mod_lofaccordion/libs/elements/media yes_no.png
