2012.07.25 12:15 B C:\Users\COBRIEN\Desktop\Schubert\components\com_jce\editor\extensions\aggregator\index.html <-- Schubert Rackspace /web/content/components/com_jce/editor/extensions/aggregator index.html
2012.07.25 12:15 B C:\Users\COBRIEN\Desktop\Schubert\components\com_jce\editor\extensions\aggregator\vimeo.php <-- Schubert Rackspace /web/content/components/com_jce/editor/extensions/aggregator vimeo.php
2012.07.25 12:15 B C:\Users\COBRIEN\Desktop\Schubert\components\com_jce\editor\extensions\aggregator\vimeo.xml <-- Schubert Rackspace /web/content/components/com_jce/editor/extensions/aggregator vimeo.xml
2012.07.25 12:15 B C:\Users\COBRIEN\Desktop\Schubert\components\com_jce\editor\extensions\aggregator\youtube.php <-- Schubert Rackspace /web/content/components/com_jce/editor/extensions/aggregator youtube.php
2012.07.25 12:15 B C:\Users\COBRIEN\Desktop\Schubert\components\com_jce\editor\extensions\aggregator\youtube.xml <-- Schubert Rackspace /web/content/components/com_jce/editor/extensions/aggregator youtube.xml
2012.09.04 10:50 B C:\inetpub\wwwroot\components\com_jce\editor\extensions\aggregator\index.html --> ftp3.ftptoyoursite.com /web/content/SITE-TEST/components/com_jce/editor/extensions/aggregator index.html
2012.09.04 10:50 B C:\inetpub\wwwroot\components\com_jce\editor\extensions\aggregator\vimeo.php --> ftp3.ftptoyoursite.com /web/content/SITE-TEST/components/com_jce/editor/extensions/aggregator vimeo.php
2012.09.04 10:50 B C:\inetpub\wwwroot\components\com_jce\editor\extensions\aggregator\vimeo.xml --> ftp3.ftptoyoursite.com /web/content/SITE-TEST/components/com_jce/editor/extensions/aggregator vimeo.xml
2012.09.04 10:50 B C:\inetpub\wwwroot\components\com_jce\editor\extensions\aggregator\WS_FTP.LOG --> ftp3.ftptoyoursite.com /web/content/SITE-TEST/components/com_jce/editor/extensions/aggregator WS_FTP.LOG
2012.09.04 10:50 B C:\inetpub\wwwroot\components\com_jce\editor\extensions\aggregator\youtube.php --> ftp3.ftptoyoursite.com /web/content/SITE-TEST/components/com_jce/editor/extensions/aggregator youtube.php
2012.09.04 10:50 B C:\inetpub\wwwroot\components\com_jce\editor\extensions\aggregator\youtube.xml --> ftp3.ftptoyoursite.com /web/content/SITE-TEST/components/com_jce/editor/extensions/aggregator youtube.xml
2012.09.06 15:07 B C:\inetpub\wwwroot\components\com_jce\editor\extensions\aggregator\index.html --> ftp3.ftptoyoursite.com /web/content/SITEBACKUP_962012/components/com_jce/editor/extensions/aggregator index.html
2012.09.06 15:07 B C:\inetpub\wwwroot\components\com_jce\editor\extensions\aggregator\vimeo.php --> ftp3.ftptoyoursite.com /web/content/SITEBACKUP_962012/components/com_jce/editor/extensions/aggregator vimeo.php
2012.09.06 15:07 B C:\inetpub\wwwroot\components\com_jce\editor\extensions\aggregator\vimeo.xml --> ftp3.ftptoyoursite.com /web/content/SITEBACKUP_962012/components/com_jce/editor/extensions/aggregator vimeo.xml
2012.09.06 15:07 B C:\inetpub\wwwroot\components\com_jce\editor\extensions\aggregator\WS_FTP.LOG --> ftp3.ftptoyoursite.com /web/content/SITEBACKUP_962012/components/com_jce/editor/extensions/aggregator WS_FTP.LOG
2012.09.06 15:07 B C:\inetpub\wwwroot\components\com_jce\editor\extensions\aggregator\youtube.php --> ftp3.ftptoyoursite.com /web/content/SITEBACKUP_962012/components/com_jce/editor/extensions/aggregator youtube.php
2012.09.06 15:07 B C:\inetpub\wwwroot\components\com_jce\editor\extensions\aggregator\youtube.xml --> ftp3.ftptoyoursite.com /web/content/SITEBACKUP_962012/components/com_jce/editor/extensions/aggregator youtube.xml
2012.09.06 15:48 B C:\inetpub\wwwroot\components\com_jce\editor\extensions\aggregator\index.html <-- Schubert Rackspace /web/content/SITEBACKUP_962012/components/com_jce/editor/extensions/aggregator index.html
2012.09.06 15:48 B C:\inetpub\wwwroot\components\com_jce\editor\extensions\aggregator\vimeo.php <-- Schubert Rackspace /web/content/SITEBACKUP_962012/components/com_jce/editor/extensions/aggregator vimeo.php
2012.09.06 15:48 B C:\inetpub\wwwroot\components\com_jce\editor\extensions\aggregator\vimeo.xml <-- Schubert Rackspace /web/content/SITEBACKUP_962012/components/com_jce/editor/extensions/aggregator vimeo.xml
2012.09.06 15:48 B C:\inetpub\wwwroot\components\com_jce\editor\extensions\aggregator\youtube.php <-- Schubert Rackspace /web/content/SITEBACKUP_962012/components/com_jce/editor/extensions/aggregator youtube.php
2012.09.06 15:48 B C:\inetpub\wwwroot\components\com_jce\editor\extensions\aggregator\youtube.xml <-- Schubert Rackspace /web/content/SITEBACKUP_962012/components/com_jce/editor/extensions/aggregator youtube.xml
2012.10.23 09:11 B C:\inetpub\wwwroot\components\com_jce\editor\extensions\aggregator\index.html --> ftp3.ftptoyoursite.com /web/content/components/com_jce/editor/extensions/aggregator index.html
2012.10.23 09:11 B C:\inetpub\wwwroot\components\com_jce\editor\extensions\aggregator\vimeo.php --> ftp3.ftptoyoursite.com /web/content/components/com_jce/editor/extensions/aggregator vimeo.php
2012.10.23 09:11 B C:\inetpub\wwwroot\components\com_jce\editor\extensions\aggregator\vimeo.xml --> ftp3.ftptoyoursite.com /web/content/components/com_jce/editor/extensions/aggregator vimeo.xml
2012.10.23 09:11 B C:\inetpub\wwwroot\components\com_jce\editor\extensions\aggregator\WS_FTP.LOG --> ftp3.ftptoyoursite.com /web/content/components/com_jce/editor/extensions/aggregator WS_FTP.LOG
2012.10.23 09:11 B C:\inetpub\wwwroot\components\com_jce\editor\extensions\aggregator\youtube.php --> ftp3.ftptoyoursite.com /web/content/components/com_jce/editor/extensions/aggregator youtube.php
2012.10.23 09:11 B C:\inetpub\wwwroot\components\com_jce\editor\extensions\aggregator\youtube.xml --> ftp3.ftptoyoursite.com /web/content/components/com_jce/editor/extensions/aggregator youtube.xml
2013.02.01 14:48 B C:\inetpub\wwwroot\components\com_jce\editor\extensions\aggregator\WS_FTP.LOG <-- Schubert Rackspace /web/content/components/com_jce/editor/extensions/aggregator WS_FTP.LOG
2013.02.01 14:48 B C:\inetpub\wwwroot\components\com_jce\editor\extensions\aggregator\youtube.php <-- Schubert Rackspace /web/content/components/com_jce/editor/extensions/aggregator youtube.php
2013.02.01 14:48 B C:\inetpub\wwwroot\components\com_jce\editor\extensions\aggregator\youtube.xml <-- Schubert Rackspace /web/content/components/com_jce/editor/extensions/aggregator youtube.xml
