2012.07.25 12:20 B C:\Users\COBRIEN\Desktop\Schubert\templates\templatename\js\index.html <-- Schubert Rackspace /web/content/templates/templatename/js index.html
2012.07.25 12:20 B C:\Users\COBRIEN\Desktop\Schubert\templates\templatename\js\modernizr.js <-- Schubert Rackspace /web/content/templates/templatename/js modernizr.js
2012.07.25 12:20 B C:\Users\COBRIEN\Desktop\Schubert\templates\templatename\js\PIE.htc <-- Schubert Rackspace /web/content/templates/templatename/js PIE.htc
2012.07.25 12:20 B C:\Users\COBRIEN\Desktop\Schubert\templates\templatename\js\template.js.php <-- Schubert Rackspace /web/content/templates/templatename/js template.js.php
2012.08.10 16:53 B C:\inetpub\wwwroot\templates\templatename\js\index.html --> ftp3.ftptoyoursite.com /web/content/templates/templates/templatename/js index.html
2012.08.10 16:53 B C:\inetpub\wwwroot\templates\templatename\js\modernizr.js --> ftp3.ftptoyoursite.com /web/content/templates/templates/templatename/js modernizr.js
2012.08.10 16:53 B C:\inetpub\wwwroot\templates\templatename\js\PIE.htc --> ftp3.ftptoyoursite.com /web/content/templates/templates/templatename/js PIE.htc
2012.08.10 16:53 B C:\inetpub\wwwroot\templates\templatename\js\template.js.php --> ftp3.ftptoyoursite.com /web/content/templates/templates/templatename/js template.js.php
2012.08.10 16:53 B C:\inetpub\wwwroot\templates\templatename\js\WS_FTP.LOG --> ftp3.ftptoyoursite.com /web/content/templates/templates/templatename/js WS_FTP.LOG
2012.09.04 10:58 B C:\inetpub\wwwroot\templates\templatename\js\index.html --> ftp3.ftptoyoursite.com /web/content/SITE-TEST/templates/templatename/js index.html
2012.09.04 10:58 B C:\inetpub\wwwroot\templates\templatename\js\modernizr.js --> ftp3.ftptoyoursite.com /web/content/SITE-TEST/templates/templatename/js modernizr.js
2012.09.04 10:58 B C:\inetpub\wwwroot\templates\templatename\js\PIE.htc --> ftp3.ftptoyoursite.com /web/content/SITE-TEST/templates/templatename/js PIE.htc
2012.09.04 10:58 B C:\inetpub\wwwroot\templates\templatename\js\template.js.php --> ftp3.ftptoyoursite.com /web/content/SITE-TEST/templates/templatename/js template.js.php
2012.09.04 10:58 B C:\inetpub\wwwroot\templates\templatename\js\WS_FTP.LOG --> ftp3.ftptoyoursite.com /web/content/SITE-TEST/templates/templatename/js WS_FTP.LOG
2012.09.06 15:16 B C:\inetpub\wwwroot\templates\templatename\js\index.html --> ftp3.ftptoyoursite.com /web/content/SITEBACKUP_962012/templates/templatename/js index.html
2012.09.06 15:16 B C:\inetpub\wwwroot\templates\templatename\js\modernizr.js --> ftp3.ftptoyoursite.com /web/content/SITEBACKUP_962012/templates/templatename/js modernizr.js
2012.09.06 15:16 B C:\inetpub\wwwroot\templates\templatename\js\PIE.htc --> ftp3.ftptoyoursite.com /web/content/SITEBACKUP_962012/templates/templatename/js PIE.htc
2012.09.06 15:16 B C:\inetpub\wwwroot\templates\templatename\js\template.js.php --> ftp3.ftptoyoursite.com /web/content/SITEBACKUP_962012/templates/templatename/js template.js.php
2012.09.06 15:16 B C:\inetpub\wwwroot\templates\templatename\js\WS_FTP.LOG --> ftp3.ftptoyoursite.com /web/content/SITEBACKUP_962012/templates/templatename/js WS_FTP.LOG
2012.09.06 16:53 B C:\inetpub\wwwroot\templates\templatename\js\template.js.php <-- Schubert Rackspace /web/content/templates/templatename/js template.js.php
2012.09.06 16:53 B C:\inetpub\wwwroot\templates\templatename\js\template.js.php <-- Schubert Rackspace /web/content/templates/templatename/js template.js.php
2012.10.23 09:19 B C:\inetpub\wwwroot\templates\templatename\js\index.html --> ftp3.ftptoyoursite.com /web/content/templates/templatename/js index.html
2012.10.23 09:19 B C:\inetpub\wwwroot\templates\templatename\js\modernizr.js --> ftp3.ftptoyoursite.com /web/content/templates/templatename/js modernizr.js
2012.10.23 09:19 B C:\inetpub\wwwroot\templates\templatename\js\PIE.htc --> ftp3.ftptoyoursite.com /web/content/templates/templatename/js PIE.htc
2012.10.23 09:19 B C:\inetpub\wwwroot\templates\templatename\js\template.js.php --> ftp3.ftptoyoursite.com /web/content/templates/templatename/js template.js.php
2012.10.23 09:19 B C:\inetpub\wwwroot\templates\templatename\js\WS_FTP.LOG --> ftp3.ftptoyoursite.com /web/content/templates/templatename/js WS_FTP.LOG
2013.02.01 15:05 B C:\inetpub\wwwroot\templates\templatename\js\WS_FTP.LOG <-- Schubert Rackspace /web/content/templates/templatename/js WS_FTP.LOG
