2012.07.25 12:18 B C:\Users\COBRIEN\Desktop\Schubert\libraries\joomla\github\forks.php <-- Schubert Rackspace /web/content/libraries/joomla/github forks.php
2012.07.25 12:18 B C:\Users\COBRIEN\Desktop\Schubert\libraries\joomla\github\gists.php <-- Schubert Rackspace /web/content/libraries/joomla/github gists.php
2012.07.25 12:18 B C:\Users\COBRIEN\Desktop\Schubert\libraries\joomla\github\github.php <-- Schubert Rackspace /web/content/libraries/joomla/github github.php
2012.07.25 12:18 B C:\Users\COBRIEN\Desktop\Schubert\libraries\joomla\github\http.php <-- Schubert Rackspace /web/content/libraries/joomla/github http.php
2012.07.25 12:18 B C:\Users\COBRIEN\Desktop\Schubert\libraries\joomla\github\index.html <-- Schubert Rackspace /web/content/libraries/joomla/github index.html
2012.07.25 12:18 B C:\Users\COBRIEN\Desktop\Schubert\libraries\joomla\github\issues.php <-- Schubert Rackspace /web/content/libraries/joomla/github issues.php
2012.07.25 12:18 B C:\Users\COBRIEN\Desktop\Schubert\libraries\joomla\github\object.php <-- Schubert Rackspace /web/content/libraries/joomla/github object.php
2012.07.25 12:18 B C:\Users\COBRIEN\Desktop\Schubert\libraries\joomla\github\pulls.php <-- Schubert Rackspace /web/content/libraries/joomla/github pulls.php
2012.07.25 12:18 B C:\Users\COBRIEN\Desktop\Schubert\libraries\joomla\github\refs.php <-- Schubert Rackspace /web/content/libraries/joomla/github refs.php
2012.09.04 10:54 B C:\inetpub\wwwroot\libraries\joomla\github\forks.php --> ftp3.ftptoyoursite.com /web/content/SITE-TEST/libraries/joomla/github forks.php
2012.09.04 10:54 B C:\inetpub\wwwroot\libraries\joomla\github\gists.php --> ftp3.ftptoyoursite.com /web/content/SITE-TEST/libraries/joomla/github gists.php
2012.09.04 10:54 B C:\inetpub\wwwroot\libraries\joomla\github\github.php --> ftp3.ftptoyoursite.com /web/content/SITE-TEST/libraries/joomla/github github.php
2012.09.04 10:54 B C:\inetpub\wwwroot\libraries\joomla\github\http.php --> ftp3.ftptoyoursite.com /web/content/SITE-TEST/libraries/joomla/github http.php
2012.09.04 10:54 B C:\inetpub\wwwroot\libraries\joomla\github\index.html --> ftp3.ftptoyoursite.com /web/content/SITE-TEST/libraries/joomla/github index.html
2012.09.04 10:54 B C:\inetpub\wwwroot\libraries\joomla\github\issues.php --> ftp3.ftptoyoursite.com /web/content/SITE-TEST/libraries/joomla/github issues.php
2012.09.04 10:54 B C:\inetpub\wwwroot\libraries\joomla\github\object.php --> ftp3.ftptoyoursite.com /web/content/SITE-TEST/libraries/joomla/github object.php
2012.09.04 10:54 B C:\inetpub\wwwroot\libraries\joomla\github\pulls.php --> ftp3.ftptoyoursite.com /web/content/SITE-TEST/libraries/joomla/github pulls.php
2012.09.04 10:54 B C:\inetpub\wwwroot\libraries\joomla\github\refs.php --> ftp3.ftptoyoursite.com /web/content/SITE-TEST/libraries/joomla/github refs.php
2012.09.04 10:54 B C:\inetpub\wwwroot\libraries\joomla\github\WS_FTP.LOG --> ftp3.ftptoyoursite.com /web/content/SITE-TEST/libraries/joomla/github WS_FTP.LOG
2012.09.06 15:12 B C:\inetpub\wwwroot\libraries\joomla\github\forks.php --> ftp3.ftptoyoursite.com /web/content/SITEBACKUP_962012/libraries/joomla/github forks.php
2012.09.06 15:12 B C:\inetpub\wwwroot\libraries\joomla\github\gists.php --> ftp3.ftptoyoursite.com /web/content/SITEBACKUP_962012/libraries/joomla/github gists.php
2012.09.06 15:12 B C:\inetpub\wwwroot\libraries\joomla\github\github.php --> ftp3.ftptoyoursite.com /web/content/SITEBACKUP_962012/libraries/joomla/github github.php
2012.09.06 15:12 B C:\inetpub\wwwroot\libraries\joomla\github\http.php --> ftp3.ftptoyoursite.com /web/content/SITEBACKUP_962012/libraries/joomla/github http.php
2012.09.06 15:12 B C:\inetpub\wwwroot\libraries\joomla\github\index.html --> ftp3.ftptoyoursite.com /web/content/SITEBACKUP_962012/libraries/joomla/github index.html
2012.09.06 15:12 B C:\inetpub\wwwroot\libraries\joomla\github\issues.php --> ftp3.ftptoyoursite.com /web/content/SITEBACKUP_962012/libraries/joomla/github issues.php
2012.09.06 15:12 B C:\inetpub\wwwroot\libraries\joomla\github\object.php --> ftp3.ftptoyoursite.com /web/content/SITEBACKUP_962012/libraries/joomla/github object.php
2012.09.06 15:12 B C:\inetpub\wwwroot\libraries\joomla\github\pulls.php --> ftp3.ftptoyoursite.com /web/content/SITEBACKUP_962012/libraries/joomla/github pulls.php
2012.09.06 15:12 B C:\inetpub\wwwroot\libraries\joomla\github\refs.php --> ftp3.ftptoyoursite.com /web/content/SITEBACKUP_962012/libraries/joomla/github refs.php
2012.09.06 15:12 B C:\inetpub\wwwroot\libraries\joomla\github\WS_FTP.LOG --> ftp3.ftptoyoursite.com /web/content/SITEBACKUP_962012/libraries/joomla/github WS_FTP.LOG
2012.10.23 09:15 B C:\inetpub\wwwroot\libraries\joomla\github\forks.php --> ftp3.ftptoyoursite.com /web/content/libraries/joomla/github forks.php
2012.10.23 09:15 B C:\inetpub\wwwroot\libraries\joomla\github\gists.php --> ftp3.ftptoyoursite.com /web/content/libraries/joomla/github gists.php
2012.10.23 09:15 B C:\inetpub\wwwroot\libraries\joomla\github\github.php --> ftp3.ftptoyoursite.com /web/content/libraries/joomla/github github.php
2012.10.23 09:15 B C:\inetpub\wwwroot\libraries\joomla\github\http.php --> ftp3.ftptoyoursite.com /web/content/libraries/joomla/github http.php
2012.10.23 09:15 B C:\inetpub\wwwroot\libraries\joomla\github\index.html --> ftp3.ftptoyoursite.com /web/content/libraries/joomla/github index.html
2012.10.23 09:15 B C:\inetpub\wwwroot\libraries\joomla\github\issues.php --> ftp3.ftptoyoursite.com /web/content/libraries/joomla/github issues.php
2012.10.23 09:15 B C:\inetpub\wwwroot\libraries\joomla\github\object.php --> ftp3.ftptoyoursite.com /web/content/libraries/joomla/github object.php
2012.10.23 09:15 B C:\inetpub\wwwroot\libraries\joomla\github\pulls.php --> ftp3.ftptoyoursite.com /web/content/libraries/joomla/github pulls.php
2012.10.23 09:15 B C:\inetpub\wwwroot\libraries\joomla\github\refs.php --> ftp3.ftptoyoursite.com /web/content/libraries/joomla/github refs.php
2012.10.23 09:15 B C:\inetpub\wwwroot\libraries\joomla\github\WS_FTP.LOG --> ftp3.ftptoyoursite.com /web/content/libraries/joomla/github WS_FTP.LOG
2013.02.01 14:54 B C:\inetpub\wwwroot\libraries\joomla\github\WS_FTP.LOG <-- Schubert Rackspace /web/content/libraries/joomla/github WS_FTP.LOG
