2012.07.25 12:20 B C:\Users\COBRIEN\Desktop\Schubert\modules\mod_random_image\helper.php <-- Schubert Rackspace /web/content/modules/mod_random_image helper.php
2012.07.25 12:20 B C:\Users\COBRIEN\Desktop\Schubert\modules\mod_random_image\index.html <-- Schubert Rackspace /web/content/modules/mod_random_image index.html
2012.07.25 12:20 B C:\Users\COBRIEN\Desktop\Schubert\modules\mod_random_image\mod_random_image.php <-- Schubert Rackspace /web/content/modules/mod_random_image mod_random_image.php
2012.07.25 12:20 B C:\Users\COBRIEN\Desktop\Schubert\modules\mod_random_image\mod_random_image.xml <-- Schubert Rackspace /web/content/modules/mod_random_image mod_random_image.xml
2012.09.04 10:56 B C:\inetpub\wwwroot\modules\mod_random_image\helper.php --> ftp3.ftptoyoursite.com /web/content/SITE-TEST/modules/mod_random_image helper.php
2012.09.04 10:56 B C:\inetpub\wwwroot\modules\mod_random_image\index.html --> ftp3.ftptoyoursite.com /web/content/SITE-TEST/modules/mod_random_image index.html
2012.09.04 10:56 B C:\inetpub\wwwroot\modules\mod_random_image\mod_random_image.php --> ftp3.ftptoyoursite.com /web/content/SITE-TEST/modules/mod_random_image mod_random_image.php
2012.09.04 10:56 B C:\inetpub\wwwroot\modules\mod_random_image\mod_random_image.xml --> ftp3.ftptoyoursite.com /web/content/SITE-TEST/modules/mod_random_image mod_random_image.xml
2012.09.04 10:56 B C:\inetpub\wwwroot\modules\mod_random_image\WS_FTP.LOG --> ftp3.ftptoyoursite.com /web/content/SITE-TEST/modules/mod_random_image WS_FTP.LOG
2012.09.06 15:15 B C:\inetpub\wwwroot\modules\mod_random_image\helper.php --> ftp3.ftptoyoursite.com /web/content/SITEBACKUP_962012/modules/mod_random_image helper.php
2012.09.06 15:15 B C:\inetpub\wwwroot\modules\mod_random_image\index.html --> ftp3.ftptoyoursite.com /web/content/SITEBACKUP_962012/modules/mod_random_image index.html
2012.09.06 15:15 B C:\inetpub\wwwroot\modules\mod_random_image\mod_random_image.php --> ftp3.ftptoyoursite.com /web/content/SITEBACKUP_962012/modules/mod_random_image mod_random_image.php
2012.09.06 15:15 B C:\inetpub\wwwroot\modules\mod_random_image\mod_random_image.xml --> ftp3.ftptoyoursite.com /web/content/SITEBACKUP_962012/modules/mod_random_image mod_random_image.xml
2012.09.06 15:15 B C:\inetpub\wwwroot\modules\mod_random_image\WS_FTP.LOG --> ftp3.ftptoyoursite.com /web/content/SITEBACKUP_962012/modules/mod_random_image WS_FTP.LOG
2012.10.23 09:17 B C:\inetpub\wwwroot\modules\mod_random_image\helper.php --> ftp3.ftptoyoursite.com /web/content/modules/mod_random_image helper.php
2012.10.23 09:17 B C:\inetpub\wwwroot\modules\mod_random_image\index.html --> ftp3.ftptoyoursite.com /web/content/modules/mod_random_image index.html
2012.10.23 09:17 B C:\inetpub\wwwroot\modules\mod_random_image\mod_random_image.php --> ftp3.ftptoyoursite.com /web/content/modules/mod_random_image mod_random_image.php
2012.10.23 09:17 B C:\inetpub\wwwroot\modules\mod_random_image\mod_random_image.xml --> ftp3.ftptoyoursite.com /web/content/modules/mod_random_image mod_random_image.xml
2012.10.23 09:17 B C:\inetpub\wwwroot\modules\mod_random_image\WS_FTP.LOG --> ftp3.ftptoyoursite.com /web/content/modules/mod_random_image WS_FTP.LOG
2013.02.01 15:03 B C:\inetpub\wwwroot\modules\mod_random_image\WS_FTP.LOG <-- Schubert Rackspace /web/content/modules/mod_random_image WS_FTP.LOG
