2012.07.25 12:14 B C:\Users\COBRIEN\Desktop\Schubert\administrator\templates\hathor\images\arrow.png <-- Schubert Rackspace /web/content/administrator/templates/hathor/images arrow.png
2012.07.25 12:14 B C:\Users\COBRIEN\Desktop\Schubert\administrator\templates\hathor\images\bg-menu.gif <-- Schubert Rackspace /web/content/administrator/templates/hathor/images bg-menu.gif
2012.07.25 12:14 B C:\Users\COBRIEN\Desktop\Schubert\administrator\templates\hathor\images\calendar.png <-- Schubert Rackspace /web/content/administrator/templates/hathor/images calendar.png
2012.07.25 12:14 B C:\Users\COBRIEN\Desktop\Schubert\administrator\templates\hathor\images\index.html <-- Schubert Rackspace /web/content/administrator/templates/hathor/images index.html
2012.07.25 12:14 B C:\Users\COBRIEN\Desktop\Schubert\administrator\templates\hathor\images\j_arrow.png <-- Schubert Rackspace /web/content/administrator/templates/hathor/images j_arrow.png
2012.07.25 12:14 B C:\Users\COBRIEN\Desktop\Schubert\administrator\templates\hathor\images\j_arrow_down.png <-- Schubert Rackspace /web/content/administrator/templates/hathor/images j_arrow_down.png
2012.07.25 12:14 B C:\Users\COBRIEN\Desktop\Schubert\administrator\templates\hathor\images\j_arrow_left.png <-- Schubert Rackspace /web/content/administrator/templates/hathor/images j_arrow_left.png
2012.07.25 12:14 B C:\Users\COBRIEN\Desktop\Schubert\administrator\templates\hathor\images\j_arrow_right.png <-- Schubert Rackspace /web/content/administrator/templates/hathor/images j_arrow_right.png
2012.07.25 12:14 B C:\Users\COBRIEN\Desktop\Schubert\administrator\templates\hathor\images\j_login_lock.png <-- Schubert Rackspace /web/content/administrator/templates/hathor/images j_login_lock.png
2012.07.25 12:14 B C:\Users\COBRIEN\Desktop\Schubert\administrator\templates\hathor\images\j_logo.png <-- Schubert Rackspace /web/content/administrator/templates/hathor/images j_logo.png
2012.07.25 12:14 B C:\Users\COBRIEN\Desktop\Schubert\administrator\templates\hathor\images\mini_icon.png <-- Schubert Rackspace /web/content/administrator/templates/hathor/images mini_icon.png
2012.07.25 12:14 B C:\Users\COBRIEN\Desktop\Schubert\administrator\templates\hathor\images\notice-alert.png <-- Schubert Rackspace /web/content/administrator/templates/hathor/images notice-alert.png
2012.07.25 12:14 B C:\Users\COBRIEN\Desktop\Schubert\administrator\templates\hathor\images\notice-info.png <-- Schubert Rackspace /web/content/administrator/templates/hathor/images notice-info.png
2012.07.25 12:14 B C:\Users\COBRIEN\Desktop\Schubert\administrator\templates\hathor\images\notice-note.png <-- Schubert Rackspace /web/content/administrator/templates/hathor/images notice-note.png
2012.07.25 12:14 B C:\Users\COBRIEN\Desktop\Schubert\administrator\templates\hathor\images\required.png <-- Schubert Rackspace /web/content/administrator/templates/hathor/images required.png
2012.07.25 12:14 B C:\Users\COBRIEN\Desktop\Schubert\administrator\templates\hathor\images\selector-arrow-hc.png <-- Schubert Rackspace /web/content/administrator/templates/hathor/images selector-arrow-hc.png
2012.07.25 12:14 B C:\Users\COBRIEN\Desktop\Schubert\administrator\templates\hathor\images\selector-arrow-rtl.png <-- Schubert Rackspace /web/content/administrator/templates/hathor/images selector-arrow-rtl.png
2012.07.25 12:14 B C:\Users\COBRIEN\Desktop\Schubert\administrator\templates\hathor\images\selector-arrow-std.png <-- Schubert Rackspace /web/content/administrator/templates/hathor/images selector-arrow-std.png
2012.07.25 12:14 B C:\Users\COBRIEN\Desktop\Schubert\administrator\templates\hathor\images\selector-arrow.png <-- Schubert Rackspace /web/content/administrator/templates/hathor/images selector-arrow.png
2012.09.04 10:49 B C:\inetpub\wwwroot\administrator\templates\hathor\images\arrow.png --> ftp3.ftptoyoursite.com /web/content/SITE-TEST/administrator/templates/hathor/images arrow.png
2012.09.04 10:49 B C:\inetpub\wwwroot\administrator\templates\hathor\images\bg-menu.gif --> ftp3.ftptoyoursite.com /web/content/SITE-TEST/administrator/templates/hathor/images bg-menu.gif
2012.09.04 10:49 B C:\inetpub\wwwroot\administrator\templates\hathor\images\calendar.png --> ftp3.ftptoyoursite.com /web/content/SITE-TEST/administrator/templates/hathor/images calendar.png
2012.09.04 10:49 B C:\inetpub\wwwroot\administrator\templates\hathor\images\index.html --> ftp3.ftptoyoursite.com /web/content/SITE-TEST/administrator/templates/hathor/images index.html
2012.09.04 10:49 B C:\inetpub\wwwroot\administrator\templates\hathor\images\j_arrow.png --> ftp3.ftptoyoursite.com /web/content/SITE-TEST/administrator/templates/hathor/images j_arrow.png
2012.09.04 10:49 B C:\inetpub\wwwroot\administrator\templates\hathor\images\j_arrow_down.png --> ftp3.ftptoyoursite.com /web/content/SITE-TEST/administrator/templates/hathor/images j_arrow_down.png
2012.09.04 10:49 B C:\inetpub\wwwroot\administrator\templates\hathor\images\j_arrow_left.png --> ftp3.ftptoyoursite.com /web/content/SITE-TEST/administrator/templates/hathor/images j_arrow_left.png
2012.09.04 10:49 B C:\inetpub\wwwroot\administrator\templates\hathor\images\j_arrow_right.png --> ftp3.ftptoyoursite.com /web/content/SITE-TEST/administrator/templates/hathor/images j_arrow_right.png
2012.09.04 10:49 B C:\inetpub\wwwroot\administrator\templates\hathor\images\j_login_lock.png --> ftp3.ftptoyoursite.com /web/content/SITE-TEST/administrator/templates/hathor/images j_login_lock.png
2012.09.04 10:49 B C:\inetpub\wwwroot\administrator\templates\hathor\images\j_logo.png --> ftp3.ftptoyoursite.com /web/content/SITE-TEST/administrator/templates/hathor/images j_logo.png
2012.09.04 10:49 B C:\inetpub\wwwroot\administrator\templates\hathor\images\mini_icon.png --> ftp3.ftptoyoursite.com /web/content/SITE-TEST/administrator/templates/hathor/images mini_icon.png
2012.09.04 10:49 B C:\inetpub\wwwroot\administrator\templates\hathor\images\notice-alert.png --> ftp3.ftptoyoursite.com /web/content/SITE-TEST/administrator/templates/hathor/images notice-alert.png
2012.09.04 10:49 B C:\inetpub\wwwroot\administrator\templates\hathor\images\notice-info.png --> ftp3.ftptoyoursite.com /web/content/SITE-TEST/administrator/templates/hathor/images notice-info.png
2012.09.04 10:49 B C:\inetpub\wwwroot\administrator\templates\hathor\images\notice-note.png --> ftp3.ftptoyoursite.com /web/content/SITE-TEST/administrator/templates/hathor/images notice-note.png
2012.09.04 10:49 B C:\inetpub\wwwroot\administrator\templates\hathor\images\required.png --> ftp3.ftptoyoursite.com /web/content/SITE-TEST/administrator/templates/hathor/images required.png
2012.09.04 10:49 B C:\inetpub\wwwroot\administrator\templates\hathor\images\selector-arrow-hc.png --> ftp3.ftptoyoursite.com /web/content/SITE-TEST/administrator/templates/hathor/images selector-arrow-hc.png
2012.09.04 10:49 B C:\inetpub\wwwroot\administrator\templates\hathor\images\selector-arrow-rtl.png --> ftp3.ftptoyoursite.com /web/content/SITE-TEST/administrator/templates/hathor/images selector-arrow-rtl.png
2012.09.04 10:49 B C:\inetpub\wwwroot\administrator\templates\hathor\images\selector-arrow-std.png --> ftp3.ftptoyoursite.com /web/content/SITE-TEST/administrator/templates/hathor/images selector-arrow-std.png
2012.09.04 10:49 B C:\inetpub\wwwroot\administrator\templates\hathor\images\selector-arrow.png --> ftp3.ftptoyoursite.com /web/content/SITE-TEST/administrator/templates/hathor/images selector-arrow.png
2012.09.04 10:49 B C:\inetpub\wwwroot\administrator\templates\hathor\images\WS_FTP.LOG --> ftp3.ftptoyoursite.com /web/content/SITE-TEST/administrator/templates/hathor/images WS_FTP.LOG
2012.09.06 15:06 B C:\inetpub\wwwroot\administrator\templates\hathor\images\arrow.png --> ftp3.ftptoyoursite.com /web/content/SITEBACKUP_962012/administrator/templates/hathor/images arrow.png
2012.09.06 15:06 B C:\inetpub\wwwroot\administrator\templates\hathor\images\bg-menu.gif --> ftp3.ftptoyoursite.com /web/content/SITEBACKUP_962012/administrator/templates/hathor/images bg-menu.gif
2012.09.06 15:06 B C:\inetpub\wwwroot\administrator\templates\hathor\images\calendar.png --> ftp3.ftptoyoursite.com /web/content/SITEBACKUP_962012/administrator/templates/hathor/images calendar.png
2012.09.06 15:06 B C:\inetpub\wwwroot\administrator\templates\hathor\images\index.html --> ftp3.ftptoyoursite.com /web/content/SITEBACKUP_962012/administrator/templates/hathor/images index.html
2012.09.06 15:06 B C:\inetpub\wwwroot\administrator\templates\hathor\images\j_arrow.png --> ftp3.ftptoyoursite.com /web/content/SITEBACKUP_962012/administrator/templates/hathor/images j_arrow.png
2012.09.06 15:06 B C:\inetpub\wwwroot\administrator\templates\hathor\images\j_arrow_down.png --> ftp3.ftptoyoursite.com /web/content/SITEBACKUP_962012/administrator/templates/hathor/images j_arrow_down.png
2012.09.06 15:06 B C:\inetpub\wwwroot\administrator\templates\hathor\images\j_arrow_left.png --> ftp3.ftptoyoursite.com /web/content/SITEBACKUP_962012/administrator/templates/hathor/images j_arrow_left.png
2012.09.06 15:06 B C:\inetpub\wwwroot\administrator\templates\hathor\images\j_arrow_right.png --> ftp3.ftptoyoursite.com /web/content/SITEBACKUP_962012/administrator/templates/hathor/images j_arrow_right.png
2012.09.06 15:06 B C:\inetpub\wwwroot\administrator\templates\hathor\images\j_login_lock.png --> ftp3.ftptoyoursite.com /web/content/SITEBACKUP_962012/administrator/templates/hathor/images j_login_lock.png
2012.09.06 15:06 B C:\inetpub\wwwroot\administrator\templates\hathor\images\j_logo.png --> ftp3.ftptoyoursite.com /web/content/SITEBACKUP_962012/administrator/templates/hathor/images j_logo.png
2012.09.06 15:06 B C:\inetpub\wwwroot\administrator\templates\hathor\images\mini_icon.png --> ftp3.ftptoyoursite.com /web/content/SITEBACKUP_962012/administrator/templates/hathor/images mini_icon.png
2012.09.06 15:06 B C:\inetpub\wwwroot\administrator\templates\hathor\images\notice-alert.png --> ftp3.ftptoyoursite.com /web/content/SITEBACKUP_962012/administrator/templates/hathor/images notice-alert.png
2012.09.06 15:06 B C:\inetpub\wwwroot\administrator\templates\hathor\images\notice-info.png --> ftp3.ftptoyoursite.com /web/content/SITEBACKUP_962012/administrator/templates/hathor/images notice-info.png
2012.09.06 15:06 B C:\inetpub\wwwroot\administrator\templates\hathor\images\notice-note.png --> ftp3.ftptoyoursite.com /web/content/SITEBACKUP_962012/administrator/templates/hathor/images notice-note.png
2012.09.06 15:06 B C:\inetpub\wwwroot\administrator\templates\hathor\images\required.png --> ftp3.ftptoyoursite.com /web/content/SITEBACKUP_962012/administrator/templates/hathor/images required.png
2012.09.06 15:06 B C:\inetpub\wwwroot\administrator\templates\hathor\images\selector-arrow-hc.png --> ftp3.ftptoyoursite.com /web/content/SITEBACKUP_962012/administrator/templates/hathor/images selector-arrow-hc.png
2012.09.06 15:06 B C:\inetpub\wwwroot\administrator\templates\hathor\images\selector-arrow-rtl.png --> ftp3.ftptoyoursite.com /web/content/SITEBACKUP_962012/administrator/templates/hathor/images selector-arrow-rtl.png
2012.09.06 15:06 B C:\inetpub\wwwroot\administrator\templates\hathor\images\selector-arrow-std.png --> ftp3.ftptoyoursite.com /web/content/SITEBACKUP_962012/administrator/templates/hathor/images selector-arrow-std.png
2012.09.06 15:06 B C:\inetpub\wwwroot\administrator\templates\hathor\images\selector-arrow.png --> ftp3.ftptoyoursite.com /web/content/SITEBACKUP_962012/administrator/templates/hathor/images selector-arrow.png
2012.09.06 15:06 B C:\inetpub\wwwroot\administrator\templates\hathor\images\WS_FTP.LOG --> ftp3.ftptoyoursite.com /web/content/SITEBACKUP_962012/administrator/templates/hathor/images WS_FTP.LOG
2012.09.06 15:47 B C:\inetpub\wwwroot\administrator\templates\hathor\images\arrow.png <-- Schubert Rackspace /web/content/SITEBACKUP_962012/administrator/templates/hathor/images arrow.png
2012.09.06 15:47 B C:\inetpub\wwwroot\administrator\templates\hathor\images\bg-menu.gif <-- Schubert Rackspace /web/content/SITEBACKUP_962012/administrator/templates/hathor/images bg-menu.gif
2012.09.06 15:47 B C:\inetpub\wwwroot\administrator\templates\hathor\images\calendar.png <-- Schubert Rackspace /web/content/SITEBACKUP_962012/administrator/templates/hathor/images calendar.png
2012.09.06 15:47 B C:\inetpub\wwwroot\administrator\templates\hathor\images\index.html <-- Schubert Rackspace /web/content/SITEBACKUP_962012/administrator/templates/hathor/images index.html
2012.09.06 15:47 B C:\inetpub\wwwroot\administrator\templates\hathor\images\j_arrow.png <-- Schubert Rackspace /web/content/SITEBACKUP_962012/administrator/templates/hathor/images j_arrow.png
2012.09.06 15:47 B C:\inetpub\wwwroot\administrator\templates\hathor\images\j_arrow_down.png <-- Schubert Rackspace /web/content/SITEBACKUP_962012/administrator/templates/hathor/images j_arrow_down.png
2012.09.06 15:47 B C:\inetpub\wwwroot\administrator\templates\hathor\images\j_arrow_left.png <-- Schubert Rackspace /web/content/SITEBACKUP_962012/administrator/templates/hathor/images j_arrow_left.png
2012.09.06 15:47 B C:\inetpub\wwwroot\administrator\templates\hathor\images\j_arrow_right.png <-- Schubert Rackspace /web/content/SITEBACKUP_962012/administrator/templates/hathor/images j_arrow_right.png
2012.09.06 15:47 B C:\inetpub\wwwroot\administrator\templates\hathor\images\j_login_lock.png <-- Schubert Rackspace /web/content/SITEBACKUP_962012/administrator/templates/hathor/images j_login_lock.png
2012.09.06 15:47 B C:\inetpub\wwwroot\administrator\templates\hathor\images\j_logo.png <-- Schubert Rackspace /web/content/SITEBACKUP_962012/administrator/templates/hathor/images j_logo.png
2012.09.06 15:47 B C:\inetpub\wwwroot\administrator\templates\hathor\images\mini_icon.png <-- Schubert Rackspace /web/content/SITEBACKUP_962012/administrator/templates/hathor/images mini_icon.png
2012.09.06 15:47 B C:\inetpub\wwwroot\administrator\templates\hathor\images\notice-alert.png <-- Schubert Rackspace /web/content/SITEBACKUP_962012/administrator/templates/hathor/images notice-alert.png
2012.09.06 15:47 B C:\inetpub\wwwroot\administrator\templates\hathor\images\notice-info.png <-- Schubert Rackspace /web/content/SITEBACKUP_962012/administrator/templates/hathor/images notice-info.png
2012.09.06 15:47 B C:\inetpub\wwwroot\administrator\templates\hathor\images\notice-note.png <-- Schubert Rackspace /web/content/SITEBACKUP_962012/administrator/templates/hathor/images notice-note.png
2012.09.06 15:47 B C:\inetpub\wwwroot\administrator\templates\hathor\images\required.png <-- Schubert Rackspace /web/content/SITEBACKUP_962012/administrator/templates/hathor/images required.png
2012.09.06 15:47 B C:\inetpub\wwwroot\administrator\templates\hathor\images\selector-arrow-hc.png <-- Schubert Rackspace /web/content/SITEBACKUP_962012/administrator/templates/hathor/images selector-arrow-hc.png
2012.09.06 15:47 B C:\inetpub\wwwroot\administrator\templates\hathor\images\selector-arrow-rtl.png <-- Schubert Rackspace /web/content/SITEBACKUP_962012/administrator/templates/hathor/images selector-arrow-rtl.png
2012.09.06 15:47 B C:\inetpub\wwwroot\administrator\templates\hathor\images\selector-arrow-std.png <-- Schubert Rackspace /web/content/SITEBACKUP_962012/administrator/templates/hathor/images selector-arrow-std.png
2012.09.06 15:47 B C:\inetpub\wwwroot\administrator\templates\hathor\images\selector-arrow.png <-- Schubert Rackspace /web/content/SITEBACKUP_962012/administrator/templates/hathor/images selector-arrow.png
2012.10.23 09:10 B C:\inetpub\wwwroot\administrator\templates\hathor\images\arrow.png --> ftp3.ftptoyoursite.com /web/content/administrator/templates/hathor/images arrow.png
2012.10.23 09:10 B C:\inetpub\wwwroot\administrator\templates\hathor\images\bg-menu.gif --> ftp3.ftptoyoursite.com /web/content/administrator/templates/hathor/images bg-menu.gif
2012.10.23 09:10 B C:\inetpub\wwwroot\administrator\templates\hathor\images\calendar.png --> ftp3.ftptoyoursite.com /web/content/administrator/templates/hathor/images calendar.png
2012.10.23 09:10 B C:\inetpub\wwwroot\administrator\templates\hathor\images\index.html --> ftp3.ftptoyoursite.com /web/content/administrator/templates/hathor/images index.html
2012.10.23 09:10 B C:\inetpub\wwwroot\administrator\templates\hathor\images\j_arrow.png --> ftp3.ftptoyoursite.com /web/content/administrator/templates/hathor/images j_arrow.png
2012.10.23 09:10 B C:\inetpub\wwwroot\administrator\templates\hathor\images\j_arrow_down.png --> ftp3.ftptoyoursite.com /web/content/administrator/templates/hathor/images j_arrow_down.png
2012.10.23 09:10 B C:\inetpub\wwwroot\administrator\templates\hathor\images\j_arrow_left.png --> ftp3.ftptoyoursite.com /web/content/administrator/templates/hathor/images j_arrow_left.png
2012.10.23 09:10 B C:\inetpub\wwwroot\administrator\templates\hathor\images\j_arrow_right.png --> ftp3.ftptoyoursite.com /web/content/administrator/templates/hathor/images j_arrow_right.png
2012.10.23 09:10 B C:\inetpub\wwwroot\administrator\templates\hathor\images\j_login_lock.png --> ftp3.ftptoyoursite.com /web/content/administrator/templates/hathor/images j_login_lock.png
2012.10.23 09:10 B C:\inetpub\wwwroot\administrator\templates\hathor\images\j_logo.png --> ftp3.ftptoyoursite.com /web/content/administrator/templates/hathor/images j_logo.png
2012.10.23 09:10 B C:\inetpub\wwwroot\administrator\templates\hathor\images\mini_icon.png --> ftp3.ftptoyoursite.com /web/content/administrator/templates/hathor/images mini_icon.png
2012.10.23 09:10 B C:\inetpub\wwwroot\administrator\templates\hathor\images\notice-alert.png --> ftp3.ftptoyoursite.com /web/content/administrator/templates/hathor/images notice-alert.png
2012.10.23 09:10 B C:\inetpub\wwwroot\administrator\templates\hathor\images\notice-info.png --> ftp3.ftptoyoursite.com /web/content/administrator/templates/hathor/images notice-info.png
2012.10.23 09:10 B C:\inetpub\wwwroot\administrator\templates\hathor\images\notice-note.png --> ftp3.ftptoyoursite.com /web/content/administrator/templates/hathor/images notice-note.png
2012.10.23 09:10 B C:\inetpub\wwwroot\administrator\templates\hathor\images\required.png --> ftp3.ftptoyoursite.com /web/content/administrator/templates/hathor/images required.png
2012.10.23 09:10 B C:\inetpub\wwwroot\administrator\templates\hathor\images\selector-arrow-hc.png --> ftp3.ftptoyoursite.com /web/content/administrator/templates/hathor/images selector-arrow-hc.png
2012.10.23 09:10 B C:\inetpub\wwwroot\administrator\templates\hathor\images\selector-arrow-rtl.png --> ftp3.ftptoyoursite.com /web/content/administrator/templates/hathor/images selector-arrow-rtl.png
2012.10.23 09:10 B C:\inetpub\wwwroot\administrator\templates\hathor\images\selector-arrow-std.png --> ftp3.ftptoyoursite.com /web/content/administrator/templates/hathor/images selector-arrow-std.png
2012.10.23 09:10 B C:\inetpub\wwwroot\administrator\templates\hathor\images\selector-arrow.png --> ftp3.ftptoyoursite.com /web/content/administrator/templates/hathor/images selector-arrow.png
2012.10.23 09:10 B C:\inetpub\wwwroot\administrator\templates\hathor\images\WS_FTP.LOG --> ftp3.ftptoyoursite.com /web/content/administrator/templates/hathor/images WS_FTP.LOG
2013.02.01 14:47 B C:\inetpub\wwwroot\administrator\templates\hathor\images\WS_FTP.LOG <-- Schubert Rackspace /web/content/administrator/templates/hathor/images WS_FTP.LOG
