2012.07.25 12:19 B C:\Users\COBRIEN\Desktop\Schubert\modules\mod_arisexylightbox\includes\kernel\SexyLightbox\Models\class.SexyLightboxArticleModel.php <-- Schubert Rackspace /web/content/modules/mod_arisexylightbox/includes/kernel/SexyLightbox/Models class.SexyLightboxArticleModel.php
2012.07.25 12:19 B C:\Users\COBRIEN\Desktop\Schubert\modules\mod_arisexylightbox\includes\kernel\SexyLightbox\Models\class.SexyLightboxErrorModel.php <-- Schubert Rackspace /web/content/modules/mod_arisexylightbox/includes/kernel/SexyLightbox/Models class.SexyLightboxErrorModel.php
2012.07.25 12:19 B C:\Users\COBRIEN\Desktop\Schubert\modules\mod_arisexylightbox\includes\kernel\SexyLightbox\Models\class.SexyLightboxFlickrModel.php <-- Schubert Rackspace /web/content/modules/mod_arisexylightbox/includes/kernel/SexyLightbox/Models class.SexyLightboxFlickrModel.php
2012.07.25 12:19 B C:\Users\COBRIEN\Desktop\Schubert\modules\mod_arisexylightbox\includes\kernel\SexyLightbox\Models\class.SexyLightboxIcontentModel.php <-- Schubert Rackspace /web/content/modules/mod_arisexylightbox/includes/kernel/SexyLightbox/Models class.SexyLightboxIcontentModel.php
2012.07.25 12:19 B C:\Users\COBRIEN\Desktop\Schubert\modules\mod_arisexylightbox\includes\kernel\SexyLightbox\Models\class.SexyLightboxImglistModel.php <-- Schubert Rackspace /web/content/modules/mod_arisexylightbox/includes/kernel/SexyLightbox/Models class.SexyLightboxImglistModel.php
2012.07.25 12:19 B C:\Users\COBRIEN\Desktop\Schubert\modules\mod_arisexylightbox\includes\kernel\SexyLightbox\Models\class.SexyLightboxInlineimgModel.php <-- Schubert Rackspace /web/content/modules/mod_arisexylightbox/includes/kernel/SexyLightbox/Models class.SexyLightboxInlineimgModel.php
2012.07.25 12:19 B C:\Users\COBRIEN\Desktop\Schubert\modules\mod_arisexylightbox\includes\kernel\SexyLightbox\Models\class.SexyLightboxModel.php <-- Schubert Rackspace /web/content/modules/mod_arisexylightbox/includes/kernel/SexyLightbox/Models class.SexyLightboxModel.php
2012.07.25 12:19 B C:\Users\COBRIEN\Desktop\Schubert\modules\mod_arisexylightbox\includes\kernel\SexyLightbox\Models\class.SexyLightboxModuleModel.php <-- Schubert Rackspace /web/content/modules/mod_arisexylightbox/includes/kernel/SexyLightbox/Models class.SexyLightboxModuleModel.php
2012.07.25 12:19 B C:\Users\COBRIEN\Desktop\Schubert\modules\mod_arisexylightbox\includes\kernel\SexyLightbox\Models\class.SexyLightboxPicasaModel.php <-- Schubert Rackspace /web/content/modules/mod_arisexylightbox/includes/kernel/SexyLightbox/Models class.SexyLightboxPicasaModel.php
2012.07.25 12:19 B C:\Users\COBRIEN\Desktop\Schubert\modules\mod_arisexylightbox\includes\kernel\SexyLightbox\Models\class.SexyLightboxRcontentModel.php <-- Schubert Rackspace /web/content/modules/mod_arisexylightbox/includes/kernel/SexyLightbox/Models class.SexyLightboxRcontentModel.php
2012.07.25 12:19 B C:\Users\COBRIEN\Desktop\Schubert\modules\mod_arisexylightbox\includes\kernel\SexyLightbox\Models\index.html <-- Schubert Rackspace /web/content/modules/mod_arisexylightbox/includes/kernel/SexyLightbox/Models index.html
2012.09.04 10:56 B C:\inetpub\wwwroot\modules\mod_arisexylightbox\includes\kernel\SexyLightbox\Models\class.SexyLightboxArticleModel.php --> ftp3.ftptoyoursite.com /web/content/SITE-TEST/modules/mod_arisexylightbox/includes/kernel/SexyLightbox/Models class.SexyLightboxArticleModel.php
2012.09.04 10:56 B C:\inetpub\wwwroot\modules\mod_arisexylightbox\includes\kernel\SexyLightbox\Models\class.SexyLightboxErrorModel.php --> ftp3.ftptoyoursite.com /web/content/SITE-TEST/modules/mod_arisexylightbox/includes/kernel/SexyLightbox/Models class.SexyLightboxErrorModel.php
2012.09.04 10:56 B C:\inetpub\wwwroot\modules\mod_arisexylightbox\includes\kernel\SexyLightbox\Models\class.SexyLightboxFlickrModel.php --> ftp3.ftptoyoursite.com /web/content/SITE-TEST/modules/mod_arisexylightbox/includes/kernel/SexyLightbox/Models class.SexyLightboxFlickrModel.php
2012.09.04 10:56 B C:\inetpub\wwwroot\modules\mod_arisexylightbox\includes\kernel\SexyLightbox\Models\class.SexyLightboxIcontentModel.php --> ftp3.ftptoyoursite.com /web/content/SITE-TEST/modules/mod_arisexylightbox/includes/kernel/SexyLightbox/Models class.SexyLightboxIcontentModel.php
2012.09.04 10:56 B C:\inetpub\wwwroot\modules\mod_arisexylightbox\includes\kernel\SexyLightbox\Models\class.SexyLightboxImglistModel.php --> ftp3.ftptoyoursite.com /web/content/SITE-TEST/modules/mod_arisexylightbox/includes/kernel/SexyLightbox/Models class.SexyLightboxImglistModel.php
2012.09.04 10:56 B C:\inetpub\wwwroot\modules\mod_arisexylightbox\includes\kernel\SexyLightbox\Models\class.SexyLightboxInlineimgModel.php --> ftp3.ftptoyoursite.com /web/content/SITE-TEST/modules/mod_arisexylightbox/includes/kernel/SexyLightbox/Models class.SexyLightboxInlineimgModel.php
2012.09.04 10:56 B C:\inetpub\wwwroot\modules\mod_arisexylightbox\includes\kernel\SexyLightbox\Models\class.SexyLightboxModel.php --> ftp3.ftptoyoursite.com /web/content/SITE-TEST/modules/mod_arisexylightbox/includes/kernel/SexyLightbox/Models class.SexyLightboxModel.php
2012.09.04 10:56 B C:\inetpub\wwwroot\modules\mod_arisexylightbox\includes\kernel\SexyLightbox\Models\class.SexyLightboxModuleModel.php --> ftp3.ftptoyoursite.com /web/content/SITE-TEST/modules/mod_arisexylightbox/includes/kernel/SexyLightbox/Models class.SexyLightboxModuleModel.php
2012.09.04 10:56 B C:\inetpub\wwwroot\modules\mod_arisexylightbox\includes\kernel\SexyLightbox\Models\class.SexyLightboxPicasaModel.php --> ftp3.ftptoyoursite.com /web/content/SITE-TEST/modules/mod_arisexylightbox/includes/kernel/SexyLightbox/Models class.SexyLightboxPicasaModel.php
2012.09.04 10:56 B C:\inetpub\wwwroot\modules\mod_arisexylightbox\includes\kernel\SexyLightbox\Models\class.SexyLightboxRcontentModel.php --> ftp3.ftptoyoursite.com /web/content/SITE-TEST/modules/mod_arisexylightbox/includes/kernel/SexyLightbox/Models class.SexyLightboxRcontentModel.php
2012.09.04 10:56 B C:\inetpub\wwwroot\modules\mod_arisexylightbox\includes\kernel\SexyLightbox\Models\index.html --> ftp3.ftptoyoursite.com /web/content/SITE-TEST/modules/mod_arisexylightbox/includes/kernel/SexyLightbox/Models index.html
2012.09.04 10:56 B C:\inetpub\wwwroot\modules\mod_arisexylightbox\includes\kernel\SexyLightbox\Models\WS_FTP.LOG --> ftp3.ftptoyoursite.com /web/content/SITE-TEST/modules/mod_arisexylightbox/includes/kernel/SexyLightbox/Models WS_FTP.LOG
2012.09.06 15:14 B C:\inetpub\wwwroot\modules\mod_arisexylightbox\includes\kernel\SexyLightbox\Models\class.SexyLightboxArticleModel.php --> ftp3.ftptoyoursite.com /web/content/SITEBACKUP_962012/modules/mod_arisexylightbox/includes/kernel/SexyLightbox/Models class.SexyLightboxArticleModel.php
2012.09.06 15:14 B C:\inetpub\wwwroot\modules\mod_arisexylightbox\includes\kernel\SexyLightbox\Models\class.SexyLightboxErrorModel.php --> ftp3.ftptoyoursite.com /web/content/SITEBACKUP_962012/modules/mod_arisexylightbox/includes/kernel/SexyLightbox/Models class.SexyLightboxErrorModel.php
2012.09.06 15:14 B C:\inetpub\wwwroot\modules\mod_arisexylightbox\includes\kernel\SexyLightbox\Models\class.SexyLightboxFlickrModel.php --> ftp3.ftptoyoursite.com /web/content/SITEBACKUP_962012/modules/mod_arisexylightbox/includes/kernel/SexyLightbox/Models class.SexyLightboxFlickrModel.php
2012.09.06 15:14 B C:\inetpub\wwwroot\modules\mod_arisexylightbox\includes\kernel\SexyLightbox\Models\class.SexyLightboxIcontentModel.php --> ftp3.ftptoyoursite.com /web/content/SITEBACKUP_962012/modules/mod_arisexylightbox/includes/kernel/SexyLightbox/Models class.SexyLightboxIcontentModel.php
2012.09.06 15:14 B C:\inetpub\wwwroot\modules\mod_arisexylightbox\includes\kernel\SexyLightbox\Models\class.SexyLightboxImglistModel.php --> ftp3.ftptoyoursite.com /web/content/SITEBACKUP_962012/modules/mod_arisexylightbox/includes/kernel/SexyLightbox/Models class.SexyLightboxImglistModel.php
2012.09.06 15:14 B C:\inetpub\wwwroot\modules\mod_arisexylightbox\includes\kernel\SexyLightbox\Models\class.SexyLightboxInlineimgModel.php --> ftp3.ftptoyoursite.com /web/content/SITEBACKUP_962012/modules/mod_arisexylightbox/includes/kernel/SexyLightbox/Models class.SexyLightboxInlineimgModel.php
2012.09.06 15:14 B C:\inetpub\wwwroot\modules\mod_arisexylightbox\includes\kernel\SexyLightbox\Models\class.SexyLightboxModel.php --> ftp3.ftptoyoursite.com /web/content/SITEBACKUP_962012/modules/mod_arisexylightbox/includes/kernel/SexyLightbox/Models class.SexyLightboxModel.php
2012.09.06 15:14 B C:\inetpub\wwwroot\modules\mod_arisexylightbox\includes\kernel\SexyLightbox\Models\class.SexyLightboxModuleModel.php --> ftp3.ftptoyoursite.com /web/content/SITEBACKUP_962012/modules/mod_arisexylightbox/includes/kernel/SexyLightbox/Models class.SexyLightboxModuleModel.php
2012.09.06 15:14 B C:\inetpub\wwwroot\modules\mod_arisexylightbox\includes\kernel\SexyLightbox\Models\class.SexyLightboxPicasaModel.php --> ftp3.ftptoyoursite.com /web/content/SITEBACKUP_962012/modules/mod_arisexylightbox/includes/kernel/SexyLightbox/Models class.SexyLightboxPicasaModel.php
2012.09.06 15:14 B C:\inetpub\wwwroot\modules\mod_arisexylightbox\includes\kernel\SexyLightbox\Models\class.SexyLightboxRcontentModel.php --> ftp3.ftptoyoursite.com /web/content/SITEBACKUP_962012/modules/mod_arisexylightbox/includes/kernel/SexyLightbox/Models class.SexyLightboxRcontentModel.php
2012.09.06 15:14 B C:\inetpub\wwwroot\modules\mod_arisexylightbox\includes\kernel\SexyLightbox\Models\index.html --> ftp3.ftptoyoursite.com /web/content/SITEBACKUP_962012/modules/mod_arisexylightbox/includes/kernel/SexyLightbox/Models index.html
2012.09.06 15:14 B C:\inetpub\wwwroot\modules\mod_arisexylightbox\includes\kernel\SexyLightbox\Models\WS_FTP.LOG --> ftp3.ftptoyoursite.com /web/content/SITEBACKUP_962012/modules/mod_arisexylightbox/includes/kernel/SexyLightbox/Models WS_FTP.LOG
2012.10.23 09:16 B C:\inetpub\wwwroot\modules\mod_arisexylightbox\includes\kernel\SexyLightbox\Models\class.SexyLightboxArticleModel.php --> ftp3.ftptoyoursite.com /web/content/modules/mod_arisexylightbox/includes/kernel/SexyLightbox/Models class.SexyLightboxArticleModel.php
2012.10.23 09:16 B C:\inetpub\wwwroot\modules\mod_arisexylightbox\includes\kernel\SexyLightbox\Models\class.SexyLightboxErrorModel.php --> ftp3.ftptoyoursite.com /web/content/modules/mod_arisexylightbox/includes/kernel/SexyLightbox/Models class.SexyLightboxErrorModel.php
2012.10.23 09:16 B C:\inetpub\wwwroot\modules\mod_arisexylightbox\includes\kernel\SexyLightbox\Models\class.SexyLightboxFlickrModel.php --> ftp3.ftptoyoursite.com /web/content/modules/mod_arisexylightbox/includes/kernel/SexyLightbox/Models class.SexyLightboxFlickrModel.php
2012.10.23 09:16 B C:\inetpub\wwwroot\modules\mod_arisexylightbox\includes\kernel\SexyLightbox\Models\class.SexyLightboxIcontentModel.php --> ftp3.ftptoyoursite.com /web/content/modules/mod_arisexylightbox/includes/kernel/SexyLightbox/Models class.SexyLightboxIcontentModel.php
2012.10.23 09:16 B C:\inetpub\wwwroot\modules\mod_arisexylightbox\includes\kernel\SexyLightbox\Models\class.SexyLightboxImglistModel.php --> ftp3.ftptoyoursite.com /web/content/modules/mod_arisexylightbox/includes/kernel/SexyLightbox/Models class.SexyLightboxImglistModel.php
2012.10.23 09:16 B C:\inetpub\wwwroot\modules\mod_arisexylightbox\includes\kernel\SexyLightbox\Models\class.SexyLightboxInlineimgModel.php --> ftp3.ftptoyoursite.com /web/content/modules/mod_arisexylightbox/includes/kernel/SexyLightbox/Models class.SexyLightboxInlineimgModel.php
2012.10.23 09:16 B C:\inetpub\wwwroot\modules\mod_arisexylightbox\includes\kernel\SexyLightbox\Models\class.SexyLightboxModel.php --> ftp3.ftptoyoursite.com /web/content/modules/mod_arisexylightbox/includes/kernel/SexyLightbox/Models class.SexyLightboxModel.php
2012.10.23 09:16 B C:\inetpub\wwwroot\modules\mod_arisexylightbox\includes\kernel\SexyLightbox\Models\class.SexyLightboxModuleModel.php --> ftp3.ftptoyoursite.com /web/content/modules/mod_arisexylightbox/includes/kernel/SexyLightbox/Models class.SexyLightboxModuleModel.php
2012.10.23 09:16 B C:\inetpub\wwwroot\modules\mod_arisexylightbox\includes\kernel\SexyLightbox\Models\class.SexyLightboxPicasaModel.php --> ftp3.ftptoyoursite.com /web/content/modules/mod_arisexylightbox/includes/kernel/SexyLightbox/Models class.SexyLightboxPicasaModel.php
2012.10.23 09:16 B C:\inetpub\wwwroot\modules\mod_arisexylightbox\includes\kernel\SexyLightbox\Models\class.SexyLightboxRcontentModel.php --> ftp3.ftptoyoursite.com /web/content/modules/mod_arisexylightbox/includes/kernel/SexyLightbox/Models class.SexyLightboxRcontentModel.php
2012.10.23 09:16 B C:\inetpub\wwwroot\modules\mod_arisexylightbox\includes\kernel\SexyLightbox\Models\index.html --> ftp3.ftptoyoursite.com /web/content/modules/mod_arisexylightbox/includes/kernel/SexyLightbox/Models index.html
2012.10.23 09:16 B C:\inetpub\wwwroot\modules\mod_arisexylightbox\includes\kernel\SexyLightbox\Models\WS_FTP.LOG --> ftp3.ftptoyoursite.com /web/content/modules/mod_arisexylightbox/includes/kernel/SexyLightbox/Models WS_FTP.LOG
2013.02.01 15:02 B C:\inetpub\wwwroot\modules\mod_arisexylightbox\includes\kernel\SexyLightbox\Models\WS_FTP.LOG <-- Schubert Rackspace /web/content/modules/mod_arisexylightbox/includes/kernel/SexyLightbox/Models WS_FTP.LOG
