2012.07.25 12:20 B C:\Users\COBRIEN\Desktop\Schubert\plugins\content\jdownloadsfilelist\css\basic.css <-- Schubert Rackspace /web/content/plugins/content/jdownloadsfilelist/css basic.css
2012.07.25 12:20 B C:\Users\COBRIEN\Desktop\Schubert\plugins\content\jdownloadsfilelist\css\bluescale.css <-- Schubert Rackspace /web/content/plugins/content/jdownloadsfilelist/css bluescale.css
2012.07.25 12:20 B C:\Users\COBRIEN\Desktop\Schubert\plugins\content\jdownloadsfilelist\css\dark.css <-- Schubert Rackspace /web/content/plugins/content/jdownloadsfilelist/css dark.css
2012.07.25 12:20 B C:\Users\COBRIEN\Desktop\Schubert\plugins\content\jdownloadsfilelist\css\default.css <-- Schubert Rackspace /web/content/plugins/content/jdownloadsfilelist/css default.css
2012.07.25 12:20 B C:\Users\COBRIEN\Desktop\Schubert\plugins\content\jdownloadsfilelist\css\example.txt <-- Schubert Rackspace /web/content/plugins/content/jdownloadsfilelist/css example.txt
2012.07.25 12:20 B C:\Users\COBRIEN\Desktop\Schubert\plugins\content\jdownloadsfilelist\css\greenscale.css <-- Schubert Rackspace /web/content/plugins/content/jdownloadsfilelist/css greenscale.css
2012.07.25 12:20 B C:\Users\COBRIEN\Desktop\Schubert\plugins\content\jdownloadsfilelist\css\index.html <-- Schubert Rackspace /web/content/plugins/content/jdownloadsfilelist/css index.html
2012.07.25 12:20 B C:\Users\COBRIEN\Desktop\Schubert\plugins\content\jdownloadsfilelist\css\joomla.css <-- Schubert Rackspace /web/content/plugins/content/jdownloadsfilelist/css joomla.css
2012.07.25 12:20 B C:\Users\COBRIEN\Desktop\Schubert\plugins\content\jdownloadsfilelist\css\merlin.css <-- Schubert Rackspace /web/content/plugins/content/jdownloadsfilelist/css merlin.css
2012.07.25 12:20 B C:\Users\COBRIEN\Desktop\Schubert\plugins\content\jdownloadsfilelist\css\redscale.css <-- Schubert Rackspace /web/content/plugins/content/jdownloadsfilelist/css redscale.css
2012.09.04 10:57 B C:\inetpub\wwwroot\plugins\content\jdownloadsfilelist\css\basic.css --> ftp3.ftptoyoursite.com /web/content/SITE-TEST/plugins/content/jdownloadsfilelist/css basic.css
2012.09.04 10:57 B C:\inetpub\wwwroot\plugins\content\jdownloadsfilelist\css\bluescale.css --> ftp3.ftptoyoursite.com /web/content/SITE-TEST/plugins/content/jdownloadsfilelist/css bluescale.css
2012.09.04 10:57 B C:\inetpub\wwwroot\plugins\content\jdownloadsfilelist\css\dark.css --> ftp3.ftptoyoursite.com /web/content/SITE-TEST/plugins/content/jdownloadsfilelist/css dark.css
2012.09.04 10:57 B C:\inetpub\wwwroot\plugins\content\jdownloadsfilelist\css\default.css --> ftp3.ftptoyoursite.com /web/content/SITE-TEST/plugins/content/jdownloadsfilelist/css default.css
2012.09.04 10:57 B C:\inetpub\wwwroot\plugins\content\jdownloadsfilelist\css\example.txt --> ftp3.ftptoyoursite.com /web/content/SITE-TEST/plugins/content/jdownloadsfilelist/css example.txt
2012.09.04 10:57 B C:\inetpub\wwwroot\plugins\content\jdownloadsfilelist\css\greenscale.css --> ftp3.ftptoyoursite.com /web/content/SITE-TEST/plugins/content/jdownloadsfilelist/css greenscale.css
2012.09.04 10:57 B C:\inetpub\wwwroot\plugins\content\jdownloadsfilelist\css\index.html --> ftp3.ftptoyoursite.com /web/content/SITE-TEST/plugins/content/jdownloadsfilelist/css index.html
2012.09.04 10:57 B C:\inetpub\wwwroot\plugins\content\jdownloadsfilelist\css\joomla.css --> ftp3.ftptoyoursite.com /web/content/SITE-TEST/plugins/content/jdownloadsfilelist/css joomla.css
2012.09.04 10:57 B C:\inetpub\wwwroot\plugins\content\jdownloadsfilelist\css\merlin.css --> ftp3.ftptoyoursite.com /web/content/SITE-TEST/plugins/content/jdownloadsfilelist/css merlin.css
2012.09.04 10:57 B C:\inetpub\wwwroot\plugins\content\jdownloadsfilelist\css\redscale.css --> ftp3.ftptoyoursite.com /web/content/SITE-TEST/plugins/content/jdownloadsfilelist/css redscale.css
2012.09.04 10:57 B C:\inetpub\wwwroot\plugins\content\jdownloadsfilelist\css\WS_FTP.LOG --> ftp3.ftptoyoursite.com /web/content/SITE-TEST/plugins/content/jdownloadsfilelist/css WS_FTP.LOG
2012.09.06 15:15 B C:\inetpub\wwwroot\plugins\content\jdownloadsfilelist\css\basic.css --> ftp3.ftptoyoursite.com /web/content/SITEBACKUP_962012/plugins/content/jdownloadsfilelist/css basic.css
2012.09.06 15:15 B C:\inetpub\wwwroot\plugins\content\jdownloadsfilelist\css\bluescale.css --> ftp3.ftptoyoursite.com /web/content/SITEBACKUP_962012/plugins/content/jdownloadsfilelist/css bluescale.css
2012.09.06 15:15 B C:\inetpub\wwwroot\plugins\content\jdownloadsfilelist\css\dark.css --> ftp3.ftptoyoursite.com /web/content/SITEBACKUP_962012/plugins/content/jdownloadsfilelist/css dark.css
2012.09.06 15:15 B C:\inetpub\wwwroot\plugins\content\jdownloadsfilelist\css\default.css --> ftp3.ftptoyoursite.com /web/content/SITEBACKUP_962012/plugins/content/jdownloadsfilelist/css default.css
2012.09.06 15:15 B C:\inetpub\wwwroot\plugins\content\jdownloadsfilelist\css\example.txt --> ftp3.ftptoyoursite.com /web/content/SITEBACKUP_962012/plugins/content/jdownloadsfilelist/css example.txt
2012.09.06 15:15 B C:\inetpub\wwwroot\plugins\content\jdownloadsfilelist\css\greenscale.css --> ftp3.ftptoyoursite.com /web/content/SITEBACKUP_962012/plugins/content/jdownloadsfilelist/css greenscale.css
2012.09.06 15:15 B C:\inetpub\wwwroot\plugins\content\jdownloadsfilelist\css\index.html --> ftp3.ftptoyoursite.com /web/content/SITEBACKUP_962012/plugins/content/jdownloadsfilelist/css index.html
2012.09.06 15:15 B C:\inetpub\wwwroot\plugins\content\jdownloadsfilelist\css\joomla.css --> ftp3.ftptoyoursite.com /web/content/SITEBACKUP_962012/plugins/content/jdownloadsfilelist/css joomla.css
2012.09.06 15:15 B C:\inetpub\wwwroot\plugins\content\jdownloadsfilelist\css\merlin.css --> ftp3.ftptoyoursite.com /web/content/SITEBACKUP_962012/plugins/content/jdownloadsfilelist/css merlin.css
2012.09.06 15:15 B C:\inetpub\wwwroot\plugins\content\jdownloadsfilelist\css\redscale.css --> ftp3.ftptoyoursite.com /web/content/SITEBACKUP_962012/plugins/content/jdownloadsfilelist/css redscale.css
2012.09.06 15:15 B C:\inetpub\wwwroot\plugins\content\jdownloadsfilelist\css\WS_FTP.LOG --> ftp3.ftptoyoursite.com /web/content/SITEBACKUP_962012/plugins/content/jdownloadsfilelist/css WS_FTP.LOG
2012.10.23 09:18 B C:\inetpub\wwwroot\plugins\content\jdownloadsfilelist\css\basic.css --> ftp3.ftptoyoursite.com /web/content/plugins/content/jdownloadsfilelist/css basic.css
2012.10.23 09:18 B C:\inetpub\wwwroot\plugins\content\jdownloadsfilelist\css\bluescale.css --> ftp3.ftptoyoursite.com /web/content/plugins/content/jdownloadsfilelist/css bluescale.css
2012.10.23 09:18 B C:\inetpub\wwwroot\plugins\content\jdownloadsfilelist\css\dark.css --> ftp3.ftptoyoursite.com /web/content/plugins/content/jdownloadsfilelist/css dark.css
2012.10.23 09:18 B C:\inetpub\wwwroot\plugins\content\jdownloadsfilelist\css\default.css --> ftp3.ftptoyoursite.com /web/content/plugins/content/jdownloadsfilelist/css default.css
2012.10.23 09:18 B C:\inetpub\wwwroot\plugins\content\jdownloadsfilelist\css\example.txt --> ftp3.ftptoyoursite.com /web/content/plugins/content/jdownloadsfilelist/css example.txt
2012.10.23 09:18 B C:\inetpub\wwwroot\plugins\content\jdownloadsfilelist\css\greenscale.css --> ftp3.ftptoyoursite.com /web/content/plugins/content/jdownloadsfilelist/css greenscale.css
2012.10.23 09:18 B C:\inetpub\wwwroot\plugins\content\jdownloadsfilelist\css\index.html --> ftp3.ftptoyoursite.com /web/content/plugins/content/jdownloadsfilelist/css index.html
2012.10.23 09:18 B C:\inetpub\wwwroot\plugins\content\jdownloadsfilelist\css\joomla.css --> ftp3.ftptoyoursite.com /web/content/plugins/content/jdownloadsfilelist/css joomla.css
2012.10.23 09:18 B C:\inetpub\wwwroot\plugins\content\jdownloadsfilelist\css\merlin.css --> ftp3.ftptoyoursite.com /web/content/plugins/content/jdownloadsfilelist/css merlin.css
2012.10.23 09:18 B C:\inetpub\wwwroot\plugins\content\jdownloadsfilelist\css\redscale.css --> ftp3.ftptoyoursite.com /web/content/plugins/content/jdownloadsfilelist/css redscale.css
2012.10.23 09:18 B C:\inetpub\wwwroot\plugins\content\jdownloadsfilelist\css\WS_FTP.LOG --> ftp3.ftptoyoursite.com /web/content/plugins/content/jdownloadsfilelist/css WS_FTP.LOG
2013.02.01 15:04 B C:\inetpub\wwwroot\plugins\content\jdownloadsfilelist\css\WS_FTP.LOG <-- Schubert Rackspace /web/content/plugins/content/jdownloadsfilelist/css WS_FTP.LOG
