2012.07.25 12:18 B C:\Users\COBRIEN\Desktop\Schubert\libraries\joomla\installer\adapters\acesearch_ext.php <-- Schubert Rackspace /web/content/libraries/joomla/installer/adapters acesearch_ext.php
2012.07.25 12:18 B C:\Users\COBRIEN\Desktop\Schubert\libraries\joomla\installer\adapters\component.php <-- Schubert Rackspace /web/content/libraries/joomla/installer/adapters component.php
2012.07.25 12:18 B C:\Users\COBRIEN\Desktop\Schubert\libraries\joomla\installer\adapters\file.php <-- Schubert Rackspace /web/content/libraries/joomla/installer/adapters file.php
2012.07.25 12:18 B C:\Users\COBRIEN\Desktop\Schubert\libraries\joomla\installer\adapters\index.html <-- Schubert Rackspace /web/content/libraries/joomla/installer/adapters index.html
2012.07.25 12:18 B C:\Users\COBRIEN\Desktop\Schubert\libraries\joomla\installer\adapters\language.php <-- Schubert Rackspace /web/content/libraries/joomla/installer/adapters language.php
2012.07.25 12:18 B C:\Users\COBRIEN\Desktop\Schubert\libraries\joomla\installer\adapters\library.php <-- Schubert Rackspace /web/content/libraries/joomla/installer/adapters library.php
2012.07.25 12:18 B C:\Users\COBRIEN\Desktop\Schubert\libraries\joomla\installer\adapters\module.php <-- Schubert Rackspace /web/content/libraries/joomla/installer/adapters module.php
2012.07.25 12:18 B C:\Users\COBRIEN\Desktop\Schubert\libraries\joomla\installer\adapters\package.php <-- Schubert Rackspace /web/content/libraries/joomla/installer/adapters package.php
2012.07.25 12:18 B C:\Users\COBRIEN\Desktop\Schubert\libraries\joomla\installer\adapters\plugin.php <-- Schubert Rackspace /web/content/libraries/joomla/installer/adapters plugin.php
2012.07.25 12:18 B C:\Users\COBRIEN\Desktop\Schubert\libraries\joomla\installer\adapters\template.php <-- Schubert Rackspace /web/content/libraries/joomla/installer/adapters template.php
2012.09.04 10:54 B C:\inetpub\wwwroot\libraries\joomla\installer\adapters\acesearch_ext.php --> ftp3.ftptoyoursite.com /web/content/SITE-TEST/libraries/joomla/installer/adapters acesearch_ext.php
2012.09.04 10:54 B C:\inetpub\wwwroot\libraries\joomla\installer\adapters\component.php --> ftp3.ftptoyoursite.com /web/content/SITE-TEST/libraries/joomla/installer/adapters component.php
2012.09.04 10:54 B C:\inetpub\wwwroot\libraries\joomla\installer\adapters\file.php --> ftp3.ftptoyoursite.com /web/content/SITE-TEST/libraries/joomla/installer/adapters file.php
2012.09.04 10:54 B C:\inetpub\wwwroot\libraries\joomla\installer\adapters\index.html --> ftp3.ftptoyoursite.com /web/content/SITE-TEST/libraries/joomla/installer/adapters index.html
2012.09.04 10:54 B C:\inetpub\wwwroot\libraries\joomla\installer\adapters\language.php --> ftp3.ftptoyoursite.com /web/content/SITE-TEST/libraries/joomla/installer/adapters language.php
2012.09.04 10:54 B C:\inetpub\wwwroot\libraries\joomla\installer\adapters\library.php --> ftp3.ftptoyoursite.com /web/content/SITE-TEST/libraries/joomla/installer/adapters library.php
2012.09.04 10:54 B C:\inetpub\wwwroot\libraries\joomla\installer\adapters\module.php --> ftp3.ftptoyoursite.com /web/content/SITE-TEST/libraries/joomla/installer/adapters module.php
2012.09.04 10:54 B C:\inetpub\wwwroot\libraries\joomla\installer\adapters\package.php --> ftp3.ftptoyoursite.com /web/content/SITE-TEST/libraries/joomla/installer/adapters package.php
2012.09.04 10:54 B C:\inetpub\wwwroot\libraries\joomla\installer\adapters\plugin.php --> ftp3.ftptoyoursite.com /web/content/SITE-TEST/libraries/joomla/installer/adapters plugin.php
2012.09.04 10:54 B C:\inetpub\wwwroot\libraries\joomla\installer\adapters\template.php --> ftp3.ftptoyoursite.com /web/content/SITE-TEST/libraries/joomla/installer/adapters template.php
2012.09.04 10:54 B C:\inetpub\wwwroot\libraries\joomla\installer\adapters\WS_FTP.LOG --> ftp3.ftptoyoursite.com /web/content/SITE-TEST/libraries/joomla/installer/adapters WS_FTP.LOG
2012.09.06 15:13 B C:\inetpub\wwwroot\libraries\joomla\installer\adapters\acesearch_ext.php --> ftp3.ftptoyoursite.com /web/content/SITEBACKUP_962012/libraries/joomla/installer/adapters acesearch_ext.php
2012.09.06 15:13 B C:\inetpub\wwwroot\libraries\joomla\installer\adapters\component.php --> ftp3.ftptoyoursite.com /web/content/SITEBACKUP_962012/libraries/joomla/installer/adapters component.php
2012.09.06 15:13 B C:\inetpub\wwwroot\libraries\joomla\installer\adapters\file.php --> ftp3.ftptoyoursite.com /web/content/SITEBACKUP_962012/libraries/joomla/installer/adapters file.php
2012.09.06 15:13 B C:\inetpub\wwwroot\libraries\joomla\installer\adapters\index.html --> ftp3.ftptoyoursite.com /web/content/SITEBACKUP_962012/libraries/joomla/installer/adapters index.html
2012.09.06 15:13 B C:\inetpub\wwwroot\libraries\joomla\installer\adapters\language.php --> ftp3.ftptoyoursite.com /web/content/SITEBACKUP_962012/libraries/joomla/installer/adapters language.php
2012.09.06 15:13 B C:\inetpub\wwwroot\libraries\joomla\installer\adapters\library.php --> ftp3.ftptoyoursite.com /web/content/SITEBACKUP_962012/libraries/joomla/installer/adapters library.php
2012.09.06 15:13 B C:\inetpub\wwwroot\libraries\joomla\installer\adapters\module.php --> ftp3.ftptoyoursite.com /web/content/SITEBACKUP_962012/libraries/joomla/installer/adapters module.php
2012.09.06 15:13 B C:\inetpub\wwwroot\libraries\joomla\installer\adapters\package.php --> ftp3.ftptoyoursite.com /web/content/SITEBACKUP_962012/libraries/joomla/installer/adapters package.php
2012.09.06 15:13 B C:\inetpub\wwwroot\libraries\joomla\installer\adapters\plugin.php --> ftp3.ftptoyoursite.com /web/content/SITEBACKUP_962012/libraries/joomla/installer/adapters plugin.php
2012.09.06 15:13 B C:\inetpub\wwwroot\libraries\joomla\installer\adapters\template.php --> ftp3.ftptoyoursite.com /web/content/SITEBACKUP_962012/libraries/joomla/installer/adapters template.php
2012.09.06 15:13 B C:\inetpub\wwwroot\libraries\joomla\installer\adapters\WS_FTP.LOG --> ftp3.ftptoyoursite.com /web/content/SITEBACKUP_962012/libraries/joomla/installer/adapters WS_FTP.LOG
2012.10.23 09:15 B C:\inetpub\wwwroot\libraries\joomla\installer\adapters\acesearch_ext.php --> ftp3.ftptoyoursite.com /web/content/libraries/joomla/installer/adapters acesearch_ext.php
2012.10.23 09:15 B C:\inetpub\wwwroot\libraries\joomla\installer\adapters\component.php --> ftp3.ftptoyoursite.com /web/content/libraries/joomla/installer/adapters component.php
2012.10.23 09:15 B C:\inetpub\wwwroot\libraries\joomla\installer\adapters\file.php --> ftp3.ftptoyoursite.com /web/content/libraries/joomla/installer/adapters file.php
2012.10.23 09:15 B C:\inetpub\wwwroot\libraries\joomla\installer\adapters\index.html --> ftp3.ftptoyoursite.com /web/content/libraries/joomla/installer/adapters index.html
2012.10.23 09:15 B C:\inetpub\wwwroot\libraries\joomla\installer\adapters\language.php --> ftp3.ftptoyoursite.com /web/content/libraries/joomla/installer/adapters language.php
2012.10.23 09:15 B C:\inetpub\wwwroot\libraries\joomla\installer\adapters\library.php --> ftp3.ftptoyoursite.com /web/content/libraries/joomla/installer/adapters library.php
2012.10.23 09:15 B C:\inetpub\wwwroot\libraries\joomla\installer\adapters\module.php --> ftp3.ftptoyoursite.com /web/content/libraries/joomla/installer/adapters module.php
2012.10.23 09:15 B C:\inetpub\wwwroot\libraries\joomla\installer\adapters\package.php --> ftp3.ftptoyoursite.com /web/content/libraries/joomla/installer/adapters package.php
2012.10.23 09:15 B C:\inetpub\wwwroot\libraries\joomla\installer\adapters\plugin.php --> ftp3.ftptoyoursite.com /web/content/libraries/joomla/installer/adapters plugin.php
2012.10.23 09:15 B C:\inetpub\wwwroot\libraries\joomla\installer\adapters\template.php --> ftp3.ftptoyoursite.com /web/content/libraries/joomla/installer/adapters template.php
2012.10.23 09:15 B C:\inetpub\wwwroot\libraries\joomla\installer\adapters\WS_FTP.LOG --> ftp3.ftptoyoursite.com /web/content/libraries/joomla/installer/adapters WS_FTP.LOG
2013.02.01 14:54 B C:\inetpub\wwwroot\libraries\joomla\installer\adapters\WS_FTP.LOG <-- Schubert Rackspace /web/content/libraries/joomla/installer/adapters WS_FTP.LOG
