2012.07.25 12:17 B C:\Users\COBRIEN\Desktop\Schubert\libraries\joomla\application\component\controller.php <-- Schubert Rackspace /web/content/libraries/joomla/application/component controller.php
2012.07.25 12:17 B C:\Users\COBRIEN\Desktop\Schubert\libraries\joomla\application\component\controlleradmin.php <-- Schubert Rackspace /web/content/libraries/joomla/application/component controlleradmin.php
2012.07.25 12:17 B C:\Users\COBRIEN\Desktop\Schubert\libraries\joomla\application\component\controllerform.php <-- Schubert Rackspace /web/content/libraries/joomla/application/component controllerform.php
2012.07.25 12:17 B C:\Users\COBRIEN\Desktop\Schubert\libraries\joomla\application\component\helper.php <-- Schubert Rackspace /web/content/libraries/joomla/application/component helper.php
2012.07.25 12:17 B C:\Users\COBRIEN\Desktop\Schubert\libraries\joomla\application\component\index.html <-- Schubert Rackspace /web/content/libraries/joomla/application/component index.html
2012.07.25 12:17 B C:\Users\COBRIEN\Desktop\Schubert\libraries\joomla\application\component\model.php <-- Schubert Rackspace /web/content/libraries/joomla/application/component model.php
2012.07.25 12:17 B C:\Users\COBRIEN\Desktop\Schubert\libraries\joomla\application\component\modeladmin.php <-- Schubert Rackspace /web/content/libraries/joomla/application/component modeladmin.php
2012.07.25 12:17 B C:\Users\COBRIEN\Desktop\Schubert\libraries\joomla\application\component\modelform.php <-- Schubert Rackspace /web/content/libraries/joomla/application/component modelform.php
2012.07.25 12:17 B C:\Users\COBRIEN\Desktop\Schubert\libraries\joomla\application\component\modelitem.php <-- Schubert Rackspace /web/content/libraries/joomla/application/component modelitem.php
2012.07.25 12:17 B C:\Users\COBRIEN\Desktop\Schubert\libraries\joomla\application\component\modellist.php <-- Schubert Rackspace /web/content/libraries/joomla/application/component modellist.php
2012.07.25 12:17 B C:\Users\COBRIEN\Desktop\Schubert\libraries\joomla\application\component\view.php <-- Schubert Rackspace /web/content/libraries/joomla/application/component view.php
2012.09.04 10:53 B C:\inetpub\wwwroot\libraries\joomla\application\component\controller.php --> ftp3.ftptoyoursite.com /web/content/SITE-TEST/libraries/joomla/application/component controller.php
2012.09.04 10:53 B C:\inetpub\wwwroot\libraries\joomla\application\component\controlleradmin.php --> ftp3.ftptoyoursite.com /web/content/SITE-TEST/libraries/joomla/application/component controlleradmin.php
2012.09.04 10:53 B C:\inetpub\wwwroot\libraries\joomla\application\component\controllerform.php --> ftp3.ftptoyoursite.com /web/content/SITE-TEST/libraries/joomla/application/component controllerform.php
2012.09.04 10:53 B C:\inetpub\wwwroot\libraries\joomla\application\component\helper.php --> ftp3.ftptoyoursite.com /web/content/SITE-TEST/libraries/joomla/application/component helper.php
2012.09.04 10:53 B C:\inetpub\wwwroot\libraries\joomla\application\component\index.html --> ftp3.ftptoyoursite.com /web/content/SITE-TEST/libraries/joomla/application/component index.html
2012.09.04 10:53 B C:\inetpub\wwwroot\libraries\joomla\application\component\model.php --> ftp3.ftptoyoursite.com /web/content/SITE-TEST/libraries/joomla/application/component model.php
2012.09.04 10:53 B C:\inetpub\wwwroot\libraries\joomla\application\component\modeladmin.php --> ftp3.ftptoyoursite.com /web/content/SITE-TEST/libraries/joomla/application/component modeladmin.php
2012.09.04 10:53 B C:\inetpub\wwwroot\libraries\joomla\application\component\modelform.php --> ftp3.ftptoyoursite.com /web/content/SITE-TEST/libraries/joomla/application/component modelform.php
2012.09.04 10:53 B C:\inetpub\wwwroot\libraries\joomla\application\component\modelitem.php --> ftp3.ftptoyoursite.com /web/content/SITE-TEST/libraries/joomla/application/component modelitem.php
2012.09.04 10:53 B C:\inetpub\wwwroot\libraries\joomla\application\component\modellist.php --> ftp3.ftptoyoursite.com /web/content/SITE-TEST/libraries/joomla/application/component modellist.php
2012.09.04 10:53 B C:\inetpub\wwwroot\libraries\joomla\application\component\view.php --> ftp3.ftptoyoursite.com /web/content/SITE-TEST/libraries/joomla/application/component view.php
2012.09.04 10:53 B C:\inetpub\wwwroot\libraries\joomla\application\component\WS_FTP.LOG --> ftp3.ftptoyoursite.com /web/content/SITE-TEST/libraries/joomla/application/component WS_FTP.LOG
2012.09.06 15:12 B C:\inetpub\wwwroot\libraries\joomla\application\component\controller.php --> ftp3.ftptoyoursite.com /web/content/SITEBACKUP_962012/libraries/joomla/application/component controller.php
2012.09.06 15:12 B C:\inetpub\wwwroot\libraries\joomla\application\component\controlleradmin.php --> ftp3.ftptoyoursite.com /web/content/SITEBACKUP_962012/libraries/joomla/application/component controlleradmin.php
2012.09.06 15:12 B C:\inetpub\wwwroot\libraries\joomla\application\component\controllerform.php --> ftp3.ftptoyoursite.com /web/content/SITEBACKUP_962012/libraries/joomla/application/component controllerform.php
2012.09.06 15:12 B C:\inetpub\wwwroot\libraries\joomla\application\component\helper.php --> ftp3.ftptoyoursite.com /web/content/SITEBACKUP_962012/libraries/joomla/application/component helper.php
2012.09.06 15:12 B C:\inetpub\wwwroot\libraries\joomla\application\component\index.html --> ftp3.ftptoyoursite.com /web/content/SITEBACKUP_962012/libraries/joomla/application/component index.html
2012.09.06 15:12 B C:\inetpub\wwwroot\libraries\joomla\application\component\model.php --> ftp3.ftptoyoursite.com /web/content/SITEBACKUP_962012/libraries/joomla/application/component model.php
2012.09.06 15:12 B C:\inetpub\wwwroot\libraries\joomla\application\component\modeladmin.php --> ftp3.ftptoyoursite.com /web/content/SITEBACKUP_962012/libraries/joomla/application/component modeladmin.php
2012.09.06 15:12 B C:\inetpub\wwwroot\libraries\joomla\application\component\modelform.php --> ftp3.ftptoyoursite.com /web/content/SITEBACKUP_962012/libraries/joomla/application/component modelform.php
2012.09.06 15:12 B C:\inetpub\wwwroot\libraries\joomla\application\component\modelitem.php --> ftp3.ftptoyoursite.com /web/content/SITEBACKUP_962012/libraries/joomla/application/component modelitem.php
2012.09.06 15:12 B C:\inetpub\wwwroot\libraries\joomla\application\component\modellist.php --> ftp3.ftptoyoursite.com /web/content/SITEBACKUP_962012/libraries/joomla/application/component modellist.php
2012.09.06 15:12 B C:\inetpub\wwwroot\libraries\joomla\application\component\view.php --> ftp3.ftptoyoursite.com /web/content/SITEBACKUP_962012/libraries/joomla/application/component view.php
2012.09.06 15:12 B C:\inetpub\wwwroot\libraries\joomla\application\component\WS_FTP.LOG --> ftp3.ftptoyoursite.com /web/content/SITEBACKUP_962012/libraries/joomla/application/component WS_FTP.LOG
2012.10.23 09:14 B C:\inetpub\wwwroot\libraries\joomla\application\component\controller.php --> ftp3.ftptoyoursite.com /web/content/libraries/joomla/application/component controller.php
2012.10.23 09:14 B C:\inetpub\wwwroot\libraries\joomla\application\component\controlleradmin.php --> ftp3.ftptoyoursite.com /web/content/libraries/joomla/application/component controlleradmin.php
2012.10.23 09:14 B C:\inetpub\wwwroot\libraries\joomla\application\component\controllerform.php --> ftp3.ftptoyoursite.com /web/content/libraries/joomla/application/component controllerform.php
2012.10.23 09:14 B C:\inetpub\wwwroot\libraries\joomla\application\component\helper.php --> ftp3.ftptoyoursite.com /web/content/libraries/joomla/application/component helper.php
2012.10.23 09:14 B C:\inetpub\wwwroot\libraries\joomla\application\component\index.html --> ftp3.ftptoyoursite.com /web/content/libraries/joomla/application/component index.html
2012.10.23 09:14 B C:\inetpub\wwwroot\libraries\joomla\application\component\model.php --> ftp3.ftptoyoursite.com /web/content/libraries/joomla/application/component model.php
2012.10.23 09:14 B C:\inetpub\wwwroot\libraries\joomla\application\component\modeladmin.php --> ftp3.ftptoyoursite.com /web/content/libraries/joomla/application/component modeladmin.php
2012.10.23 09:14 B C:\inetpub\wwwroot\libraries\joomla\application\component\modelform.php --> ftp3.ftptoyoursite.com /web/content/libraries/joomla/application/component modelform.php
2012.10.23 09:14 B C:\inetpub\wwwroot\libraries\joomla\application\component\modelitem.php --> ftp3.ftptoyoursite.com /web/content/libraries/joomla/application/component modelitem.php
2012.10.23 09:14 B C:\inetpub\wwwroot\libraries\joomla\application\component\modellist.php --> ftp3.ftptoyoursite.com /web/content/libraries/joomla/application/component modellist.php
2012.10.23 09:14 B C:\inetpub\wwwroot\libraries\joomla\application\component\view.php --> ftp3.ftptoyoursite.com /web/content/libraries/joomla/application/component view.php
2012.10.23 09:14 B C:\inetpub\wwwroot\libraries\joomla\application\component\WS_FTP.LOG --> ftp3.ftptoyoursite.com /web/content/libraries/joomla/application/component WS_FTP.LOG
2013.02.01 14:54 B C:\inetpub\wwwroot\libraries\joomla\application\component\WS_FTP.LOG <-- Schubert Rackspace /web/content/libraries/joomla/application/component WS_FTP.LOG
