2012.07.25 12:15 B C:\Users\COBRIEN\Desktop\Schubert\components\com_jce\editor\libraries\css\dialog.css <-- Schubert Rackspace /web/content/components/com_jce/editor/libraries/css dialog.css
2012.07.25 12:15 B C:\Users\COBRIEN\Desktop\Schubert\components\com_jce\editor\libraries\css\editor.css <-- Schubert Rackspace /web/content/components/com_jce/editor/libraries/css editor.css
2012.07.25 12:15 B C:\Users\COBRIEN\Desktop\Schubert\components\com_jce\editor\libraries\css\files.css <-- Schubert Rackspace /web/content/components/com_jce/editor/libraries/css files.css
2012.07.25 12:15 B C:\Users\COBRIEN\Desktop\Schubert\components\com_jce\editor\libraries\css\help.css <-- Schubert Rackspace /web/content/components/com_jce/editor/libraries/css help.css
2012.07.25 12:15 B C:\Users\COBRIEN\Desktop\Schubert\components\com_jce\editor\libraries\css\index.html <-- Schubert Rackspace /web/content/components/com_jce/editor/libraries/css index.html
2012.07.25 12:15 B C:\Users\COBRIEN\Desktop\Schubert\components\com_jce\editor\libraries\css\plugin.css <-- Schubert Rackspace /web/content/components/com_jce/editor/libraries/css plugin.css
2012.07.25 12:15 B C:\Users\COBRIEN\Desktop\Schubert\components\com_jce\editor\libraries\css\popup.css <-- Schubert Rackspace /web/content/components/com_jce/editor/libraries/css popup.css
2012.07.25 12:15 B C:\Users\COBRIEN\Desktop\Schubert\components\com_jce\editor\libraries\css\reset.css <-- Schubert Rackspace /web/content/components/com_jce/editor/libraries/css reset.css
2012.07.25 12:15 B C:\Users\COBRIEN\Desktop\Schubert\components\com_jce\editor\libraries\css\select.css <-- Schubert Rackspace /web/content/components/com_jce/editor/libraries/css select.css
2012.07.25 12:15 B C:\Users\COBRIEN\Desktop\Schubert\components\com_jce\editor\libraries\css\theme.css <-- Schubert Rackspace /web/content/components/com_jce/editor/libraries/css theme.css
2012.07.25 12:15 B C:\Users\COBRIEN\Desktop\Schubert\components\com_jce\editor\libraries\css\tips.css <-- Schubert Rackspace /web/content/components/com_jce/editor/libraries/css tips.css
2012.07.25 12:15 B C:\Users\COBRIEN\Desktop\Schubert\components\com_jce\editor\libraries\css\tree.css <-- Schubert Rackspace /web/content/components/com_jce/editor/libraries/css tree.css
2012.07.25 12:15 B C:\Users\COBRIEN\Desktop\Schubert\components\com_jce\editor\libraries\css\upload.css <-- Schubert Rackspace /web/content/components/com_jce/editor/libraries/css upload.css
2012.09.04 10:50 B C:\inetpub\wwwroot\components\com_jce\editor\libraries\css\dialog.css --> ftp3.ftptoyoursite.com /web/content/SITE-TEST/components/com_jce/editor/libraries/css dialog.css
2012.09.04 10:50 B C:\inetpub\wwwroot\components\com_jce\editor\libraries\css\editor.css --> ftp3.ftptoyoursite.com /web/content/SITE-TEST/components/com_jce/editor/libraries/css editor.css
2012.09.04 10:50 B C:\inetpub\wwwroot\components\com_jce\editor\libraries\css\files.css --> ftp3.ftptoyoursite.com /web/content/SITE-TEST/components/com_jce/editor/libraries/css files.css
2012.09.04 10:50 B C:\inetpub\wwwroot\components\com_jce\editor\libraries\css\help.css --> ftp3.ftptoyoursite.com /web/content/SITE-TEST/components/com_jce/editor/libraries/css help.css
2012.09.04 10:50 B C:\inetpub\wwwroot\components\com_jce\editor\libraries\css\index.html --> ftp3.ftptoyoursite.com /web/content/SITE-TEST/components/com_jce/editor/libraries/css index.html
2012.09.04 10:50 B C:\inetpub\wwwroot\components\com_jce\editor\libraries\css\plugin.css --> ftp3.ftptoyoursite.com /web/content/SITE-TEST/components/com_jce/editor/libraries/css plugin.css
2012.09.04 10:50 B C:\inetpub\wwwroot\components\com_jce\editor\libraries\css\popup.css --> ftp3.ftptoyoursite.com /web/content/SITE-TEST/components/com_jce/editor/libraries/css popup.css
2012.09.04 10:50 B C:\inetpub\wwwroot\components\com_jce\editor\libraries\css\reset.css --> ftp3.ftptoyoursite.com /web/content/SITE-TEST/components/com_jce/editor/libraries/css reset.css
2012.09.04 10:50 B C:\inetpub\wwwroot\components\com_jce\editor\libraries\css\select.css --> ftp3.ftptoyoursite.com /web/content/SITE-TEST/components/com_jce/editor/libraries/css select.css
2012.09.04 10:50 B C:\inetpub\wwwroot\components\com_jce\editor\libraries\css\theme.css --> ftp3.ftptoyoursite.com /web/content/SITE-TEST/components/com_jce/editor/libraries/css theme.css
2012.09.04 10:50 B C:\inetpub\wwwroot\components\com_jce\editor\libraries\css\tips.css --> ftp3.ftptoyoursite.com /web/content/SITE-TEST/components/com_jce/editor/libraries/css tips.css
2012.09.04 10:50 B C:\inetpub\wwwroot\components\com_jce\editor\libraries\css\tree.css --> ftp3.ftptoyoursite.com /web/content/SITE-TEST/components/com_jce/editor/libraries/css tree.css
2012.09.04 10:50 B C:\inetpub\wwwroot\components\com_jce\editor\libraries\css\upload.css --> ftp3.ftptoyoursite.com /web/content/SITE-TEST/components/com_jce/editor/libraries/css upload.css
2012.09.04 10:50 B C:\inetpub\wwwroot\components\com_jce\editor\libraries\css\WS_FTP.LOG --> ftp3.ftptoyoursite.com /web/content/SITE-TEST/components/com_jce/editor/libraries/css WS_FTP.LOG
2012.09.06 15:07 B C:\inetpub\wwwroot\components\com_jce\editor\libraries\css\dialog.css --> ftp3.ftptoyoursite.com /web/content/SITEBACKUP_962012/components/com_jce/editor/libraries/css dialog.css
2012.09.06 15:07 B C:\inetpub\wwwroot\components\com_jce\editor\libraries\css\editor.css --> ftp3.ftptoyoursite.com /web/content/SITEBACKUP_962012/components/com_jce/editor/libraries/css editor.css
2012.09.06 15:07 B C:\inetpub\wwwroot\components\com_jce\editor\libraries\css\files.css --> ftp3.ftptoyoursite.com /web/content/SITEBACKUP_962012/components/com_jce/editor/libraries/css files.css
2012.09.06 15:07 B C:\inetpub\wwwroot\components\com_jce\editor\libraries\css\help.css --> ftp3.ftptoyoursite.com /web/content/SITEBACKUP_962012/components/com_jce/editor/libraries/css help.css
2012.09.06 15:07 B C:\inetpub\wwwroot\components\com_jce\editor\libraries\css\index.html --> ftp3.ftptoyoursite.com /web/content/SITEBACKUP_962012/components/com_jce/editor/libraries/css index.html
2012.09.06 15:07 B C:\inetpub\wwwroot\components\com_jce\editor\libraries\css\plugin.css --> ftp3.ftptoyoursite.com /web/content/SITEBACKUP_962012/components/com_jce/editor/libraries/css plugin.css
2012.09.06 15:07 B C:\inetpub\wwwroot\components\com_jce\editor\libraries\css\popup.css --> ftp3.ftptoyoursite.com /web/content/SITEBACKUP_962012/components/com_jce/editor/libraries/css popup.css
2012.09.06 15:07 B C:\inetpub\wwwroot\components\com_jce\editor\libraries\css\reset.css --> ftp3.ftptoyoursite.com /web/content/SITEBACKUP_962012/components/com_jce/editor/libraries/css reset.css
2012.09.06 15:07 B C:\inetpub\wwwroot\components\com_jce\editor\libraries\css\select.css --> ftp3.ftptoyoursite.com /web/content/SITEBACKUP_962012/components/com_jce/editor/libraries/css select.css
2012.09.06 15:07 B C:\inetpub\wwwroot\components\com_jce\editor\libraries\css\theme.css --> ftp3.ftptoyoursite.com /web/content/SITEBACKUP_962012/components/com_jce/editor/libraries/css theme.css
2012.09.06 15:07 B C:\inetpub\wwwroot\components\com_jce\editor\libraries\css\tips.css --> ftp3.ftptoyoursite.com /web/content/SITEBACKUP_962012/components/com_jce/editor/libraries/css tips.css
2012.09.06 15:07 B C:\inetpub\wwwroot\components\com_jce\editor\libraries\css\tree.css --> ftp3.ftptoyoursite.com /web/content/SITEBACKUP_962012/components/com_jce/editor/libraries/css tree.css
2012.09.06 15:07 B C:\inetpub\wwwroot\components\com_jce\editor\libraries\css\upload.css --> ftp3.ftptoyoursite.com /web/content/SITEBACKUP_962012/components/com_jce/editor/libraries/css upload.css
2012.09.06 15:07 B C:\inetpub\wwwroot\components\com_jce\editor\libraries\css\WS_FTP.LOG --> ftp3.ftptoyoursite.com /web/content/SITEBACKUP_962012/components/com_jce/editor/libraries/css WS_FTP.LOG
2012.09.06 15:48 B C:\inetpub\wwwroot\components\com_jce\editor\libraries\css\dialog.css <-- Schubert Rackspace /web/content/SITEBACKUP_962012/components/com_jce/editor/libraries/css dialog.css
2012.09.06 15:48 B C:\inetpub\wwwroot\components\com_jce\editor\libraries\css\editor.css <-- Schubert Rackspace /web/content/SITEBACKUP_962012/components/com_jce/editor/libraries/css editor.css
2012.09.06 15:48 B C:\inetpub\wwwroot\components\com_jce\editor\libraries\css\files.css <-- Schubert Rackspace /web/content/SITEBACKUP_962012/components/com_jce/editor/libraries/css files.css
2012.09.06 15:48 B C:\inetpub\wwwroot\components\com_jce\editor\libraries\css\help.css <-- Schubert Rackspace /web/content/SITEBACKUP_962012/components/com_jce/editor/libraries/css help.css
2012.09.06 15:48 B C:\inetpub\wwwroot\components\com_jce\editor\libraries\css\index.html <-- Schubert Rackspace /web/content/SITEBACKUP_962012/components/com_jce/editor/libraries/css index.html
2012.09.06 15:48 B C:\inetpub\wwwroot\components\com_jce\editor\libraries\css\plugin.css <-- Schubert Rackspace /web/content/SITEBACKUP_962012/components/com_jce/editor/libraries/css plugin.css
2012.09.06 15:48 B C:\inetpub\wwwroot\components\com_jce\editor\libraries\css\popup.css <-- Schubert Rackspace /web/content/SITEBACKUP_962012/components/com_jce/editor/libraries/css popup.css
2012.09.06 15:48 B C:\inetpub\wwwroot\components\com_jce\editor\libraries\css\reset.css <-- Schubert Rackspace /web/content/SITEBACKUP_962012/components/com_jce/editor/libraries/css reset.css
2012.09.06 15:48 B C:\inetpub\wwwroot\components\com_jce\editor\libraries\css\select.css <-- Schubert Rackspace /web/content/SITEBACKUP_962012/components/com_jce/editor/libraries/css select.css
2012.09.06 15:48 B C:\inetpub\wwwroot\components\com_jce\editor\libraries\css\theme.css <-- Schubert Rackspace /web/content/SITEBACKUP_962012/components/com_jce/editor/libraries/css theme.css
2012.09.06 15:48 B C:\inetpub\wwwroot\components\com_jce\editor\libraries\css\tips.css <-- Schubert Rackspace /web/content/SITEBACKUP_962012/components/com_jce/editor/libraries/css tips.css
2012.09.06 15:48 B C:\inetpub\wwwroot\components\com_jce\editor\libraries\css\tree.css <-- Schubert Rackspace /web/content/SITEBACKUP_962012/components/com_jce/editor/libraries/css tree.css
2012.09.06 15:48 B C:\inetpub\wwwroot\components\com_jce\editor\libraries\css\upload.css <-- Schubert Rackspace /web/content/SITEBACKUP_962012/components/com_jce/editor/libraries/css upload.css
2012.10.23 09:11 B C:\inetpub\wwwroot\components\com_jce\editor\libraries\css\dialog.css --> ftp3.ftptoyoursite.com /web/content/components/com_jce/editor/libraries/css dialog.css
2012.10.23 09:11 B C:\inetpub\wwwroot\components\com_jce\editor\libraries\css\editor.css --> ftp3.ftptoyoursite.com /web/content/components/com_jce/editor/libraries/css editor.css
2012.10.23 09:11 B C:\inetpub\wwwroot\components\com_jce\editor\libraries\css\files.css --> ftp3.ftptoyoursite.com /web/content/components/com_jce/editor/libraries/css files.css
2012.10.23 09:11 B C:\inetpub\wwwroot\components\com_jce\editor\libraries\css\help.css --> ftp3.ftptoyoursite.com /web/content/components/com_jce/editor/libraries/css help.css
2012.10.23 09:11 B C:\inetpub\wwwroot\components\com_jce\editor\libraries\css\index.html --> ftp3.ftptoyoursite.com /web/content/components/com_jce/editor/libraries/css index.html
2012.10.23 09:11 B C:\inetpub\wwwroot\components\com_jce\editor\libraries\css\plugin.css --> ftp3.ftptoyoursite.com /web/content/components/com_jce/editor/libraries/css plugin.css
2012.10.23 09:11 B C:\inetpub\wwwroot\components\com_jce\editor\libraries\css\popup.css --> ftp3.ftptoyoursite.com /web/content/components/com_jce/editor/libraries/css popup.css
2012.10.23 09:11 B C:\inetpub\wwwroot\components\com_jce\editor\libraries\css\reset.css --> ftp3.ftptoyoursite.com /web/content/components/com_jce/editor/libraries/css reset.css
2012.10.23 09:11 B C:\inetpub\wwwroot\components\com_jce\editor\libraries\css\select.css --> ftp3.ftptoyoursite.com /web/content/components/com_jce/editor/libraries/css select.css
2012.10.23 09:11 B C:\inetpub\wwwroot\components\com_jce\editor\libraries\css\theme.css --> ftp3.ftptoyoursite.com /web/content/components/com_jce/editor/libraries/css theme.css
2012.10.23 09:11 B C:\inetpub\wwwroot\components\com_jce\editor\libraries\css\tips.css --> ftp3.ftptoyoursite.com /web/content/components/com_jce/editor/libraries/css tips.css
2012.10.23 09:11 B C:\inetpub\wwwroot\components\com_jce\editor\libraries\css\tree.css --> ftp3.ftptoyoursite.com /web/content/components/com_jce/editor/libraries/css tree.css
2012.10.23 09:11 B C:\inetpub\wwwroot\components\com_jce\editor\libraries\css\upload.css --> ftp3.ftptoyoursite.com /web/content/components/com_jce/editor/libraries/css upload.css
2012.10.23 09:11 B C:\inetpub\wwwroot\components\com_jce\editor\libraries\css\WS_FTP.LOG --> ftp3.ftptoyoursite.com /web/content/components/com_jce/editor/libraries/css WS_FTP.LOG
2013.02.01 14:48 B C:\inetpub\wwwroot\components\com_jce\editor\libraries\css\WS_FTP.LOG <-- Schubert Rackspace /web/content/components/com_jce/editor/libraries/css WS_FTP.LOG
