2012.07.25 12:18 B C:\Users\COBRIEN\Desktop\Schubert\media\media\css\index.html <-- Schubert Rackspace /web/content/media/media/css index.html
2012.07.25 12:18 B C:\Users\COBRIEN\Desktop\Schubert\media\media\css\medialist-details.css <-- Schubert Rackspace /web/content/media/media/css medialist-details.css
2012.07.25 12:18 B C:\Users\COBRIEN\Desktop\Schubert\media\media\css\medialist-details_rtl.css <-- Schubert Rackspace /web/content/media/media/css medialist-details_rtl.css
2012.07.25 12:18 B C:\Users\COBRIEN\Desktop\Schubert\media\media\css\medialist-thumbs.css <-- Schubert Rackspace /web/content/media/media/css medialist-thumbs.css
2012.07.25 12:18 B C:\Users\COBRIEN\Desktop\Schubert\media\media\css\medialist-thumbs_rtl.css <-- Schubert Rackspace /web/content/media/media/css medialist-thumbs_rtl.css
2012.07.25 12:18 B C:\Users\COBRIEN\Desktop\Schubert\media\media\css\mediamanager.css <-- Schubert Rackspace /web/content/media/media/css mediamanager.css
2012.07.25 12:18 B C:\Users\COBRIEN\Desktop\Schubert\media\media\css\mediamanager_rtl.css <-- Schubert Rackspace /web/content/media/media/css mediamanager_rtl.css
2012.07.25 12:18 B C:\Users\COBRIEN\Desktop\Schubert\media\media\css\popup-imagelist.css <-- Schubert Rackspace /web/content/media/media/css popup-imagelist.css
2012.07.25 12:18 B C:\Users\COBRIEN\Desktop\Schubert\media\media\css\popup-imagelist_rtl.css <-- Schubert Rackspace /web/content/media/media/css popup-imagelist_rtl.css
2012.07.25 12:18 B C:\Users\COBRIEN\Desktop\Schubert\media\media\css\popup-imagemanager.css <-- Schubert Rackspace /web/content/media/media/css popup-imagemanager.css
2012.07.25 12:18 B C:\Users\COBRIEN\Desktop\Schubert\media\media\css\popup-imagemanager_rtl.css <-- Schubert Rackspace /web/content/media/media/css popup-imagemanager_rtl.css
2012.09.04 10:55 B C:\inetpub\wwwroot\media\media\css\index.html --> ftp3.ftptoyoursite.com /web/content/SITE-TEST/media/media/css index.html
2012.09.04 10:55 B C:\inetpub\wwwroot\media\media\css\medialist-details.css --> ftp3.ftptoyoursite.com /web/content/SITE-TEST/media/media/css medialist-details.css
2012.09.04 10:55 B C:\inetpub\wwwroot\media\media\css\medialist-details_rtl.css --> ftp3.ftptoyoursite.com /web/content/SITE-TEST/media/media/css medialist-details_rtl.css
2012.09.04 10:55 B C:\inetpub\wwwroot\media\media\css\medialist-thumbs.css --> ftp3.ftptoyoursite.com /web/content/SITE-TEST/media/media/css medialist-thumbs.css
2012.09.04 10:55 B C:\inetpub\wwwroot\media\media\css\medialist-thumbs_rtl.css --> ftp3.ftptoyoursite.com /web/content/SITE-TEST/media/media/css medialist-thumbs_rtl.css
2012.09.04 10:55 B C:\inetpub\wwwroot\media\media\css\mediamanager.css --> ftp3.ftptoyoursite.com /web/content/SITE-TEST/media/media/css mediamanager.css
2012.09.04 10:55 B C:\inetpub\wwwroot\media\media\css\mediamanager_rtl.css --> ftp3.ftptoyoursite.com /web/content/SITE-TEST/media/media/css mediamanager_rtl.css
2012.09.04 10:55 B C:\inetpub\wwwroot\media\media\css\popup-imagelist.css --> ftp3.ftptoyoursite.com /web/content/SITE-TEST/media/media/css popup-imagelist.css
2012.09.04 10:55 B C:\inetpub\wwwroot\media\media\css\popup-imagelist_rtl.css --> ftp3.ftptoyoursite.com /web/content/SITE-TEST/media/media/css popup-imagelist_rtl.css
2012.09.04 10:55 B C:\inetpub\wwwroot\media\media\css\popup-imagemanager.css --> ftp3.ftptoyoursite.com /web/content/SITE-TEST/media/media/css popup-imagemanager.css
2012.09.04 10:55 B C:\inetpub\wwwroot\media\media\css\popup-imagemanager_rtl.css --> ftp3.ftptoyoursite.com /web/content/SITE-TEST/media/media/css popup-imagemanager_rtl.css
2012.09.04 10:55 B C:\inetpub\wwwroot\media\media\css\WS_FTP.LOG --> ftp3.ftptoyoursite.com /web/content/SITE-TEST/media/media/css WS_FTP.LOG
2012.09.06 15:14 B C:\inetpub\wwwroot\media\media\css\index.html --> ftp3.ftptoyoursite.com /web/content/SITEBACKUP_962012/media/media/css index.html
2012.09.06 15:14 B C:\inetpub\wwwroot\media\media\css\medialist-details.css --> ftp3.ftptoyoursite.com /web/content/SITEBACKUP_962012/media/media/css medialist-details.css
2012.09.06 15:14 B C:\inetpub\wwwroot\media\media\css\medialist-details_rtl.css --> ftp3.ftptoyoursite.com /web/content/SITEBACKUP_962012/media/media/css medialist-details_rtl.css
2012.09.06 15:14 B C:\inetpub\wwwroot\media\media\css\medialist-thumbs.css --> ftp3.ftptoyoursite.com /web/content/SITEBACKUP_962012/media/media/css medialist-thumbs.css
2012.09.06 15:14 B C:\inetpub\wwwroot\media\media\css\medialist-thumbs_rtl.css --> ftp3.ftptoyoursite.com /web/content/SITEBACKUP_962012/media/media/css medialist-thumbs_rtl.css
2012.09.06 15:14 B C:\inetpub\wwwroot\media\media\css\mediamanager.css --> ftp3.ftptoyoursite.com /web/content/SITEBACKUP_962012/media/media/css mediamanager.css
2012.09.06 15:14 B C:\inetpub\wwwroot\media\media\css\mediamanager_rtl.css --> ftp3.ftptoyoursite.com /web/content/SITEBACKUP_962012/media/media/css mediamanager_rtl.css
2012.09.06 15:14 B C:\inetpub\wwwroot\media\media\css\popup-imagelist.css --> ftp3.ftptoyoursite.com /web/content/SITEBACKUP_962012/media/media/css popup-imagelist.css
2012.09.06 15:14 B C:\inetpub\wwwroot\media\media\css\popup-imagelist_rtl.css --> ftp3.ftptoyoursite.com /web/content/SITEBACKUP_962012/media/media/css popup-imagelist_rtl.css
2012.09.06 15:14 B C:\inetpub\wwwroot\media\media\css\popup-imagemanager.css --> ftp3.ftptoyoursite.com /web/content/SITEBACKUP_962012/media/media/css popup-imagemanager.css
2012.09.06 15:14 B C:\inetpub\wwwroot\media\media\css\popup-imagemanager_rtl.css --> ftp3.ftptoyoursite.com /web/content/SITEBACKUP_962012/media/media/css popup-imagemanager_rtl.css
2012.09.06 15:14 B C:\inetpub\wwwroot\media\media\css\WS_FTP.LOG --> ftp3.ftptoyoursite.com /web/content/SITEBACKUP_962012/media/media/css WS_FTP.LOG
2012.10.23 09:16 B C:\inetpub\wwwroot\media\media\css\index.html --> ftp3.ftptoyoursite.com /web/content/media/media/css index.html
2012.10.23 09:16 B C:\inetpub\wwwroot\media\media\css\medialist-details.css --> ftp3.ftptoyoursite.com /web/content/media/media/css medialist-details.css
2012.10.23 09:16 B C:\inetpub\wwwroot\media\media\css\medialist-details_rtl.css --> ftp3.ftptoyoursite.com /web/content/media/media/css medialist-details_rtl.css
2012.10.23 09:16 B C:\inetpub\wwwroot\media\media\css\medialist-thumbs.css --> ftp3.ftptoyoursite.com /web/content/media/media/css medialist-thumbs.css
2012.10.23 09:16 B C:\inetpub\wwwroot\media\media\css\medialist-thumbs_rtl.css --> ftp3.ftptoyoursite.com /web/content/media/media/css medialist-thumbs_rtl.css
2012.10.23 09:16 B C:\inetpub\wwwroot\media\media\css\mediamanager.css --> ftp3.ftptoyoursite.com /web/content/media/media/css mediamanager.css
2012.10.23 09:16 B C:\inetpub\wwwroot\media\media\css\mediamanager_rtl.css --> ftp3.ftptoyoursite.com /web/content/media/media/css mediamanager_rtl.css
2012.10.23 09:16 B C:\inetpub\wwwroot\media\media\css\popup-imagelist.css --> ftp3.ftptoyoursite.com /web/content/media/media/css popup-imagelist.css
2012.10.23 09:16 B C:\inetpub\wwwroot\media\media\css\popup-imagelist_rtl.css --> ftp3.ftptoyoursite.com /web/content/media/media/css popup-imagelist_rtl.css
2012.10.23 09:16 B C:\inetpub\wwwroot\media\media\css\popup-imagemanager.css --> ftp3.ftptoyoursite.com /web/content/media/media/css popup-imagemanager.css
2012.10.23 09:16 B C:\inetpub\wwwroot\media\media\css\popup-imagemanager_rtl.css --> ftp3.ftptoyoursite.com /web/content/media/media/css popup-imagemanager_rtl.css
2012.10.23 09:16 B C:\inetpub\wwwroot\media\media\css\WS_FTP.LOG --> ftp3.ftptoyoursite.com /web/content/media/media/css WS_FTP.LOG
2013.02.01 14:56 B C:\inetpub\wwwroot\media\media\css\WS_FTP.LOG <-- Schubert Rackspace /web/content/media/media/css WS_FTP.LOG
