2012.07.25 12:12 B C:\Users\COBRIEN\Desktop\Schubert\administrator\components\com_rsform\controllers\components.php <-- Schubert Rackspace /web/content/administrator/components/com_rsform/controllers components.php
2012.07.25 12:12 B C:\Users\COBRIEN\Desktop\Schubert\administrator\components\com_rsform\controllers\conditions.php <-- Schubert Rackspace /web/content/administrator/components/com_rsform/controllers conditions.php
2012.07.25 12:12 B C:\Users\COBRIEN\Desktop\Schubert\administrator\components\com_rsform\controllers\configuration.php <-- Schubert Rackspace /web/content/administrator/components/com_rsform/controllers configuration.php
2012.07.25 12:12 B C:\Users\COBRIEN\Desktop\Schubert\administrator\components\com_rsform\controllers\emails.php <-- Schubert Rackspace /web/content/administrator/components/com_rsform/controllers emails.php
2012.07.25 12:12 B C:\Users\COBRIEN\Desktop\Schubert\administrator\components\com_rsform\controllers\files.php <-- Schubert Rackspace /web/content/administrator/components/com_rsform/controllers files.php
2012.07.25 12:12 B C:\Users\COBRIEN\Desktop\Schubert\administrator\components\com_rsform\controllers\forms.php <-- Schubert Rackspace /web/content/administrator/components/com_rsform/controllers forms.php
2012.07.25 12:12 B C:\Users\COBRIEN\Desktop\Schubert\administrator\components\com_rsform\controllers\index.html <-- Schubert Rackspace /web/content/administrator/components/com_rsform/controllers index.html
2012.07.25 12:12 B C:\Users\COBRIEN\Desktop\Schubert\administrator\components\com_rsform\controllers\mappings.php <-- Schubert Rackspace /web/content/administrator/components/com_rsform/controllers mappings.php
2012.07.25 12:12 B C:\Users\COBRIEN\Desktop\Schubert\administrator\components\com_rsform\controllers\richtext.php <-- Schubert Rackspace /web/content/administrator/components/com_rsform/controllers richtext.php
2012.07.25 12:12 B C:\Users\COBRIEN\Desktop\Schubert\administrator\components\com_rsform\controllers\submissions.php <-- Schubert Rackspace /web/content/administrator/components/com_rsform/controllers submissions.php
2012.09.04 10:46 B C:\inetpub\wwwroot\administrator\components\com_rsform\controllers\components.php --> ftp3.ftptoyoursite.com /web/content/SITE-TEST/administrator/components/com_rsform/controllers components.php
2012.09.04 10:46 B C:\inetpub\wwwroot\administrator\components\com_rsform\controllers\conditions.php --> ftp3.ftptoyoursite.com /web/content/SITE-TEST/administrator/components/com_rsform/controllers conditions.php
2012.09.04 10:46 B C:\inetpub\wwwroot\administrator\components\com_rsform\controllers\configuration.php --> ftp3.ftptoyoursite.com /web/content/SITE-TEST/administrator/components/com_rsform/controllers configuration.php
2012.09.04 10:46 B C:\inetpub\wwwroot\administrator\components\com_rsform\controllers\emails.php --> ftp3.ftptoyoursite.com /web/content/SITE-TEST/administrator/components/com_rsform/controllers emails.php
2012.09.04 10:46 B C:\inetpub\wwwroot\administrator\components\com_rsform\controllers\files.php --> ftp3.ftptoyoursite.com /web/content/SITE-TEST/administrator/components/com_rsform/controllers files.php
2012.09.04 10:46 B C:\inetpub\wwwroot\administrator\components\com_rsform\controllers\forms.php --> ftp3.ftptoyoursite.com /web/content/SITE-TEST/administrator/components/com_rsform/controllers forms.php
2012.09.04 10:46 B C:\inetpub\wwwroot\administrator\components\com_rsform\controllers\index.html --> ftp3.ftptoyoursite.com /web/content/SITE-TEST/administrator/components/com_rsform/controllers index.html
2012.09.04 10:46 B C:\inetpub\wwwroot\administrator\components\com_rsform\controllers\mappings.php --> ftp3.ftptoyoursite.com /web/content/SITE-TEST/administrator/components/com_rsform/controllers mappings.php
2012.09.04 10:46 B C:\inetpub\wwwroot\administrator\components\com_rsform\controllers\richtext.php --> ftp3.ftptoyoursite.com /web/content/SITE-TEST/administrator/components/com_rsform/controllers richtext.php
2012.09.04 10:46 B C:\inetpub\wwwroot\administrator\components\com_rsform\controllers\submissions.php --> ftp3.ftptoyoursite.com /web/content/SITE-TEST/administrator/components/com_rsform/controllers submissions.php
2012.09.04 10:46 B C:\inetpub\wwwroot\administrator\components\com_rsform\controllers\WS_FTP.LOG --> ftp3.ftptoyoursite.com /web/content/SITE-TEST/administrator/components/com_rsform/controllers WS_FTP.LOG
2012.09.06 15:03 B C:\inetpub\wwwroot\administrator\components\com_rsform\controllers\components.php --> ftp3.ftptoyoursite.com /web/content/SITEBACKUP_962012/administrator/components/com_rsform/controllers components.php
2012.09.06 15:03 B C:\inetpub\wwwroot\administrator\components\com_rsform\controllers\conditions.php --> ftp3.ftptoyoursite.com /web/content/SITEBACKUP_962012/administrator/components/com_rsform/controllers conditions.php
2012.09.06 15:03 B C:\inetpub\wwwroot\administrator\components\com_rsform\controllers\configuration.php --> ftp3.ftptoyoursite.com /web/content/SITEBACKUP_962012/administrator/components/com_rsform/controllers configuration.php
2012.09.06 15:03 B C:\inetpub\wwwroot\administrator\components\com_rsform\controllers\emails.php --> ftp3.ftptoyoursite.com /web/content/SITEBACKUP_962012/administrator/components/com_rsform/controllers emails.php
2012.09.06 15:03 B C:\inetpub\wwwroot\administrator\components\com_rsform\controllers\files.php --> ftp3.ftptoyoursite.com /web/content/SITEBACKUP_962012/administrator/components/com_rsform/controllers files.php
2012.09.06 15:03 B C:\inetpub\wwwroot\administrator\components\com_rsform\controllers\forms.php --> ftp3.ftptoyoursite.com /web/content/SITEBACKUP_962012/administrator/components/com_rsform/controllers forms.php
2012.09.06 15:03 B C:\inetpub\wwwroot\administrator\components\com_rsform\controllers\index.html --> ftp3.ftptoyoursite.com /web/content/SITEBACKUP_962012/administrator/components/com_rsform/controllers index.html
2012.09.06 15:03 B C:\inetpub\wwwroot\administrator\components\com_rsform\controllers\mappings.php --> ftp3.ftptoyoursite.com /web/content/SITEBACKUP_962012/administrator/components/com_rsform/controllers mappings.php
2012.09.06 15:03 B C:\inetpub\wwwroot\administrator\components\com_rsform\controllers\richtext.php --> ftp3.ftptoyoursite.com /web/content/SITEBACKUP_962012/administrator/components/com_rsform/controllers richtext.php
2012.09.06 15:03 B C:\inetpub\wwwroot\administrator\components\com_rsform\controllers\submissions.php --> ftp3.ftptoyoursite.com /web/content/SITEBACKUP_962012/administrator/components/com_rsform/controllers submissions.php
2012.09.06 15:03 B C:\inetpub\wwwroot\administrator\components\com_rsform\controllers\WS_FTP.LOG --> ftp3.ftptoyoursite.com /web/content/SITEBACKUP_962012/administrator/components/com_rsform/controllers WS_FTP.LOG
2012.09.06 15:45 B C:\inetpub\wwwroot\administrator\components\com_rsform\controllers\components.php <-- Schubert Rackspace /web/content/SITEBACKUP_962012/administrator/components/com_rsform/controllers components.php
2012.09.06 15:45 B C:\inetpub\wwwroot\administrator\components\com_rsform\controllers\conditions.php <-- Schubert Rackspace /web/content/SITEBACKUP_962012/administrator/components/com_rsform/controllers conditions.php
2012.09.06 15:45 B C:\inetpub\wwwroot\administrator\components\com_rsform\controllers\configuration.php <-- Schubert Rackspace /web/content/SITEBACKUP_962012/administrator/components/com_rsform/controllers configuration.php
2012.09.06 15:45 B C:\inetpub\wwwroot\administrator\components\com_rsform\controllers\emails.php <-- Schubert Rackspace /web/content/SITEBACKUP_962012/administrator/components/com_rsform/controllers emails.php
2012.09.06 15:45 B C:\inetpub\wwwroot\administrator\components\com_rsform\controllers\files.php <-- Schubert Rackspace /web/content/SITEBACKUP_962012/administrator/components/com_rsform/controllers files.php
2012.09.06 15:45 B C:\inetpub\wwwroot\administrator\components\com_rsform\controllers\forms.php <-- Schubert Rackspace /web/content/SITEBACKUP_962012/administrator/components/com_rsform/controllers forms.php
2012.09.06 15:45 B C:\inetpub\wwwroot\administrator\components\com_rsform\controllers\index.html <-- Schubert Rackspace /web/content/SITEBACKUP_962012/administrator/components/com_rsform/controllers index.html
2012.09.06 15:45 B C:\inetpub\wwwroot\administrator\components\com_rsform\controllers\mappings.php <-- Schubert Rackspace /web/content/SITEBACKUP_962012/administrator/components/com_rsform/controllers mappings.php
2012.09.06 15:45 B C:\inetpub\wwwroot\administrator\components\com_rsform\controllers\richtext.php <-- Schubert Rackspace /web/content/SITEBACKUP_962012/administrator/components/com_rsform/controllers richtext.php
2012.09.06 15:45 B C:\inetpub\wwwroot\administrator\components\com_rsform\controllers\submissions.php <-- Schubert Rackspace /web/content/SITEBACKUP_962012/administrator/components/com_rsform/controllers submissions.php
2012.10.23 09:07 B C:\inetpub\wwwroot\administrator\components\com_rsform\controllers\components.php --> ftp3.ftptoyoursite.com /web/content/administrator/components/com_rsform/controllers components.php
2012.10.23 09:07 B C:\inetpub\wwwroot\administrator\components\com_rsform\controllers\conditions.php --> ftp3.ftptoyoursite.com /web/content/administrator/components/com_rsform/controllers conditions.php
2012.10.23 09:07 B C:\inetpub\wwwroot\administrator\components\com_rsform\controllers\configuration.php --> ftp3.ftptoyoursite.com /web/content/administrator/components/com_rsform/controllers configuration.php
2012.10.23 09:07 B C:\inetpub\wwwroot\administrator\components\com_rsform\controllers\emails.php --> ftp3.ftptoyoursite.com /web/content/administrator/components/com_rsform/controllers emails.php
2012.10.23 09:07 B C:\inetpub\wwwroot\administrator\components\com_rsform\controllers\files.php --> ftp3.ftptoyoursite.com /web/content/administrator/components/com_rsform/controllers files.php
2012.10.23 09:07 B C:\inetpub\wwwroot\administrator\components\com_rsform\controllers\forms.php --> ftp3.ftptoyoursite.com /web/content/administrator/components/com_rsform/controllers forms.php
2012.10.23 09:07 B C:\inetpub\wwwroot\administrator\components\com_rsform\controllers\index.html --> ftp3.ftptoyoursite.com /web/content/administrator/components/com_rsform/controllers index.html
2012.10.23 09:07 B C:\inetpub\wwwroot\administrator\components\com_rsform\controllers\mappings.php --> ftp3.ftptoyoursite.com /web/content/administrator/components/com_rsform/controllers mappings.php
2012.10.23 09:07 B C:\inetpub\wwwroot\administrator\components\com_rsform\controllers\richtext.php --> ftp3.ftptoyoursite.com /web/content/administrator/components/com_rsform/controllers richtext.php
2012.10.23 09:07 B C:\inetpub\wwwroot\administrator\components\com_rsform\controllers\submissions.php --> ftp3.ftptoyoursite.com /web/content/administrator/components/com_rsform/controllers submissions.php
2012.10.23 09:07 B C:\inetpub\wwwroot\administrator\components\com_rsform\controllers\WS_FTP.LOG --> ftp3.ftptoyoursite.com /web/content/administrator/components/com_rsform/controllers WS_FTP.LOG
2013.02.01 14:43 B C:\inetpub\wwwroot\administrator\components\com_rsform\controllers\WS_FTP.LOG <-- Schubert Rackspace /web/content/administrator/components/com_rsform/controllers WS_FTP.LOG
