2012.07.25 12:17 B C:\Users\COBRIEN\Desktop\Schubert\libraries\joomla\access\access.php <-- Schubert Rackspace /web/content/libraries/joomla/access access.php
2012.07.25 12:17 B C:\Users\COBRIEN\Desktop\Schubert\libraries\joomla\access\index.html <-- Schubert Rackspace /web/content/libraries/joomla/access index.html
2012.07.25 12:17 B C:\Users\COBRIEN\Desktop\Schubert\libraries\joomla\access\rule.php <-- Schubert Rackspace /web/content/libraries/joomla/access rule.php
2012.07.25 12:17 B C:\Users\COBRIEN\Desktop\Schubert\libraries\joomla\access\rules.php <-- Schubert Rackspace /web/content/libraries/joomla/access rules.php
2012.09.04 10:53 B C:\inetpub\wwwroot\libraries\joomla\access\access.php --> ftp3.ftptoyoursite.com /web/content/SITE-TEST/libraries/joomla/access access.php
2012.09.04 10:53 B C:\inetpub\wwwroot\libraries\joomla\access\index.html --> ftp3.ftptoyoursite.com /web/content/SITE-TEST/libraries/joomla/access index.html
2012.09.04 10:53 B C:\inetpub\wwwroot\libraries\joomla\access\rule.php --> ftp3.ftptoyoursite.com /web/content/SITE-TEST/libraries/joomla/access rule.php
2012.09.04 10:53 B C:\inetpub\wwwroot\libraries\joomla\access\rules.php --> ftp3.ftptoyoursite.com /web/content/SITE-TEST/libraries/joomla/access rules.php
2012.09.04 10:53 B C:\inetpub\wwwroot\libraries\joomla\access\WS_FTP.LOG --> ftp3.ftptoyoursite.com /web/content/SITE-TEST/libraries/joomla/access WS_FTP.LOG
2012.09.06 15:12 B C:\inetpub\wwwroot\libraries\joomla\access\access.php --> ftp3.ftptoyoursite.com /web/content/SITEBACKUP_962012/libraries/joomla/access access.php
2012.09.06 15:12 B C:\inetpub\wwwroot\libraries\joomla\access\index.html --> ftp3.ftptoyoursite.com /web/content/SITEBACKUP_962012/libraries/joomla/access index.html
2012.09.06 15:12 B C:\inetpub\wwwroot\libraries\joomla\access\rule.php --> ftp3.ftptoyoursite.com /web/content/SITEBACKUP_962012/libraries/joomla/access rule.php
2012.09.06 15:12 B C:\inetpub\wwwroot\libraries\joomla\access\rules.php --> ftp3.ftptoyoursite.com /web/content/SITEBACKUP_962012/libraries/joomla/access rules.php
2012.09.06 15:12 B C:\inetpub\wwwroot\libraries\joomla\access\WS_FTP.LOG --> ftp3.ftptoyoursite.com /web/content/SITEBACKUP_962012/libraries/joomla/access WS_FTP.LOG
2012.10.23 09:14 B C:\inetpub\wwwroot\libraries\joomla\access\access.php --> ftp3.ftptoyoursite.com /web/content/libraries/joomla/access access.php
2012.10.23 09:14 B C:\inetpub\wwwroot\libraries\joomla\access\index.html --> ftp3.ftptoyoursite.com /web/content/libraries/joomla/access index.html
2012.10.23 09:14 B C:\inetpub\wwwroot\libraries\joomla\access\rule.php --> ftp3.ftptoyoursite.com /web/content/libraries/joomla/access rule.php
2012.10.23 09:14 B C:\inetpub\wwwroot\libraries\joomla\access\rules.php --> ftp3.ftptoyoursite.com /web/content/libraries/joomla/access rules.php
2012.10.23 09:14 B C:\inetpub\wwwroot\libraries\joomla\access\WS_FTP.LOG --> ftp3.ftptoyoursite.com /web/content/libraries/joomla/access WS_FTP.LOG
2013.02.01 14:54 B C:\inetpub\wwwroot\libraries\joomla\access\WS_FTP.LOG <-- Schubert Rackspace /web/content/libraries/joomla/access WS_FTP.LOG
