2012.07.25 12:17 B C:\Users\COBRIEN\Desktop\Schubert\libraries\joomla\application\application.php <-- Schubert Rackspace /web/content/libraries/joomla/application application.php
2012.07.25 12:17 B C:\Users\COBRIEN\Desktop\Schubert\libraries\joomla\application\categories.php <-- Schubert Rackspace /web/content/libraries/joomla/application categories.php
2012.07.25 12:17 B C:\Users\COBRIEN\Desktop\Schubert\libraries\joomla\application\cli.php <-- Schubert Rackspace /web/content/libraries/joomla/application cli.php
2012.07.25 12:17 B C:\Users\COBRIEN\Desktop\Schubert\libraries\joomla\application\daemon.php <-- Schubert Rackspace /web/content/libraries/joomla/application daemon.php
2012.07.25 12:17 B C:\Users\COBRIEN\Desktop\Schubert\libraries\joomla\application\helper.php <-- Schubert Rackspace /web/content/libraries/joomla/application helper.php
2012.07.25 12:17 B C:\Users\COBRIEN\Desktop\Schubert\libraries\joomla\application\index.html <-- Schubert Rackspace /web/content/libraries/joomla/application index.html
2012.07.25 12:17 B C:\Users\COBRIEN\Desktop\Schubert\libraries\joomla\application\input.php <-- Schubert Rackspace /web/content/libraries/joomla/application input.php
2012.07.25 12:17 B C:\Users\COBRIEN\Desktop\Schubert\libraries\joomla\application\menu.php <-- Schubert Rackspace /web/content/libraries/joomla/application menu.php
2012.07.25 12:17 B C:\Users\COBRIEN\Desktop\Schubert\libraries\joomla\application\pathway.php <-- Schubert Rackspace /web/content/libraries/joomla/application pathway.php
2012.07.25 12:17 B C:\Users\COBRIEN\Desktop\Schubert\libraries\joomla\application\router.php <-- Schubert Rackspace /web/content/libraries/joomla/application router.php
2012.07.25 12:17 B C:\Users\COBRIEN\Desktop\Schubert\libraries\joomla\application\web.php <-- Schubert Rackspace /web/content/libraries/joomla/application web.php
2012.09.04 10:53 B C:\inetpub\wwwroot\libraries\joomla\application\application.php --> ftp3.ftptoyoursite.com /web/content/SITE-TEST/libraries/joomla/application application.php
2012.09.04 10:53 B C:\inetpub\wwwroot\libraries\joomla\application\categories.php --> ftp3.ftptoyoursite.com /web/content/SITE-TEST/libraries/joomla/application categories.php
2012.09.04 10:53 B C:\inetpub\wwwroot\libraries\joomla\application\cli.php --> ftp3.ftptoyoursite.com /web/content/SITE-TEST/libraries/joomla/application cli.php
2012.09.04 10:53 B C:\inetpub\wwwroot\libraries\joomla\application\daemon.php --> ftp3.ftptoyoursite.com /web/content/SITE-TEST/libraries/joomla/application daemon.php
2012.09.04 10:53 B C:\inetpub\wwwroot\libraries\joomla\application\helper.php --> ftp3.ftptoyoursite.com /web/content/SITE-TEST/libraries/joomla/application helper.php
2012.09.04 10:53 B C:\inetpub\wwwroot\libraries\joomla\application\index.html --> ftp3.ftptoyoursite.com /web/content/SITE-TEST/libraries/joomla/application index.html
2012.09.04 10:53 B C:\inetpub\wwwroot\libraries\joomla\application\input.php --> ftp3.ftptoyoursite.com /web/content/SITE-TEST/libraries/joomla/application input.php
2012.09.04 10:53 B C:\inetpub\wwwroot\libraries\joomla\application\menu.php --> ftp3.ftptoyoursite.com /web/content/SITE-TEST/libraries/joomla/application menu.php
2012.09.04 10:53 B C:\inetpub\wwwroot\libraries\joomla\application\pathway.php --> ftp3.ftptoyoursite.com /web/content/SITE-TEST/libraries/joomla/application pathway.php
2012.09.04 10:53 B C:\inetpub\wwwroot\libraries\joomla\application\router.php --> ftp3.ftptoyoursite.com /web/content/SITE-TEST/libraries/joomla/application router.php
2012.09.04 10:53 B C:\inetpub\wwwroot\libraries\joomla\application\web.php --> ftp3.ftptoyoursite.com /web/content/SITE-TEST/libraries/joomla/application web.php
2012.09.04 10:53 B C:\inetpub\wwwroot\libraries\joomla\application\WS_FTP.LOG --> ftp3.ftptoyoursite.com /web/content/SITE-TEST/libraries/joomla/application WS_FTP.LOG
2012.09.06 15:12 B C:\inetpub\wwwroot\libraries\joomla\application\application.php --> ftp3.ftptoyoursite.com /web/content/SITEBACKUP_962012/libraries/joomla/application application.php
2012.09.06 15:12 B C:\inetpub\wwwroot\libraries\joomla\application\categories.php --> ftp3.ftptoyoursite.com /web/content/SITEBACKUP_962012/libraries/joomla/application categories.php
2012.09.06 15:12 B C:\inetpub\wwwroot\libraries\joomla\application\cli.php --> ftp3.ftptoyoursite.com /web/content/SITEBACKUP_962012/libraries/joomla/application cli.php
2012.09.06 15:12 B C:\inetpub\wwwroot\libraries\joomla\application\daemon.php --> ftp3.ftptoyoursite.com /web/content/SITEBACKUP_962012/libraries/joomla/application daemon.php
2012.09.06 15:12 B C:\inetpub\wwwroot\libraries\joomla\application\helper.php --> ftp3.ftptoyoursite.com /web/content/SITEBACKUP_962012/libraries/joomla/application helper.php
2012.09.06 15:12 B C:\inetpub\wwwroot\libraries\joomla\application\index.html --> ftp3.ftptoyoursite.com /web/content/SITEBACKUP_962012/libraries/joomla/application index.html
2012.09.06 15:12 B C:\inetpub\wwwroot\libraries\joomla\application\input.php --> ftp3.ftptoyoursite.com /web/content/SITEBACKUP_962012/libraries/joomla/application input.php
2012.09.06 15:12 B C:\inetpub\wwwroot\libraries\joomla\application\menu.php --> ftp3.ftptoyoursite.com /web/content/SITEBACKUP_962012/libraries/joomla/application menu.php
2012.09.06 15:12 B C:\inetpub\wwwroot\libraries\joomla\application\pathway.php --> ftp3.ftptoyoursite.com /web/content/SITEBACKUP_962012/libraries/joomla/application pathway.php
2012.09.06 15:12 B C:\inetpub\wwwroot\libraries\joomla\application\router.php --> ftp3.ftptoyoursite.com /web/content/SITEBACKUP_962012/libraries/joomla/application router.php
2012.09.06 15:12 B C:\inetpub\wwwroot\libraries\joomla\application\web.php --> ftp3.ftptoyoursite.com /web/content/SITEBACKUP_962012/libraries/joomla/application web.php
2012.09.06 15:12 B C:\inetpub\wwwroot\libraries\joomla\application\WS_FTP.LOG --> ftp3.ftptoyoursite.com /web/content/SITEBACKUP_962012/libraries/joomla/application WS_FTP.LOG
2012.10.23 09:14 B C:\inetpub\wwwroot\libraries\joomla\application\application.php --> ftp3.ftptoyoursite.com /web/content/libraries/joomla/application application.php
2012.10.23 09:14 B C:\inetpub\wwwroot\libraries\joomla\application\categories.php --> ftp3.ftptoyoursite.com /web/content/libraries/joomla/application categories.php
2012.10.23 09:14 B C:\inetpub\wwwroot\libraries\joomla\application\cli.php --> ftp3.ftptoyoursite.com /web/content/libraries/joomla/application cli.php
2012.10.23 09:14 B C:\inetpub\wwwroot\libraries\joomla\application\daemon.php --> ftp3.ftptoyoursite.com /web/content/libraries/joomla/application daemon.php
2012.10.23 09:14 B C:\inetpub\wwwroot\libraries\joomla\application\helper.php --> ftp3.ftptoyoursite.com /web/content/libraries/joomla/application helper.php
2012.10.23 09:14 B C:\inetpub\wwwroot\libraries\joomla\application\index.html --> ftp3.ftptoyoursite.com /web/content/libraries/joomla/application index.html
2012.10.23 09:14 B C:\inetpub\wwwroot\libraries\joomla\application\input.php --> ftp3.ftptoyoursite.com /web/content/libraries/joomla/application input.php
2012.10.23 09:14 B C:\inetpub\wwwroot\libraries\joomla\application\menu.php --> ftp3.ftptoyoursite.com /web/content/libraries/joomla/application menu.php
2012.10.23 09:14 B C:\inetpub\wwwroot\libraries\joomla\application\pathway.php --> ftp3.ftptoyoursite.com /web/content/libraries/joomla/application pathway.php
2012.10.23 09:14 B C:\inetpub\wwwroot\libraries\joomla\application\router.php --> ftp3.ftptoyoursite.com /web/content/libraries/joomla/application router.php
2012.10.23 09:14 B C:\inetpub\wwwroot\libraries\joomla\application\web.php --> ftp3.ftptoyoursite.com /web/content/libraries/joomla/application web.php
2013.02.01 14:54 B C:\inetpub\wwwroot\libraries\joomla\application\WS_FTP.LOG <-- Schubert Rackspace /web/content/libraries/joomla/application WS_FTP.LOG
