2012.07.25 12:20 B C:\Users\COBRIEN\Desktop\Schubert\modules\mod_unite_nivoslider\tmpl\themes\orman\arrows.png <-- Schubert Rackspace /web/content/modules/mod_unite_nivoslider/tmpl/themes/orman arrows.png
2012.07.25 12:20 B C:\Users\COBRIEN\Desktop\Schubert\modules\mod_unite_nivoslider\tmpl\themes\orman\bullets.png <-- Schubert Rackspace /web/content/modules/mod_unite_nivoslider/tmpl/themes/orman bullets.png
2012.07.25 12:20 B C:\Users\COBRIEN\Desktop\Schubert\modules\mod_unite_nivoslider\tmpl\themes\orman\loading.gif <-- Schubert Rackspace /web/content/modules/mod_unite_nivoslider/tmpl/themes/orman loading.gif
2012.07.25 12:20 B C:\Users\COBRIEN\Desktop\Schubert\modules\mod_unite_nivoslider\tmpl\themes\orman\orman.css <-- Schubert Rackspace /web/content/modules/mod_unite_nivoslider/tmpl/themes/orman orman.css
2012.07.25 12:20 B C:\Users\COBRIEN\Desktop\Schubert\modules\mod_unite_nivoslider\tmpl\themes\orman\readme.txt <-- Schubert Rackspace /web/content/modules/mod_unite_nivoslider/tmpl/themes/orman readme.txt
2012.07.25 12:20 B C:\Users\COBRIEN\Desktop\Schubert\modules\mod_unite_nivoslider\tmpl\themes\orman\ribbon.png <-- Schubert Rackspace /web/content/modules/mod_unite_nivoslider/tmpl/themes/orman ribbon.png
2012.07.25 12:20 B C:\Users\COBRIEN\Desktop\Schubert\modules\mod_unite_nivoslider\tmpl\themes\orman\slider.png <-- Schubert Rackspace /web/content/modules/mod_unite_nivoslider/tmpl/themes/orman slider.png
2012.09.04 10:56 B C:\inetpub\wwwroot\modules\mod_unite_nivoslider\tmpl\themes\orman\arrows.png --> ftp3.ftptoyoursite.com /web/content/SITE-TEST/modules/mod_unite_nivoslider/tmpl/themes/orman arrows.png
2012.09.04 10:56 B C:\inetpub\wwwroot\modules\mod_unite_nivoslider\tmpl\themes\orman\bullets.png --> ftp3.ftptoyoursite.com /web/content/SITE-TEST/modules/mod_unite_nivoslider/tmpl/themes/orman bullets.png
2012.09.04 10:56 B C:\inetpub\wwwroot\modules\mod_unite_nivoslider\tmpl\themes\orman\loading.gif --> ftp3.ftptoyoursite.com /web/content/SITE-TEST/modules/mod_unite_nivoslider/tmpl/themes/orman loading.gif
2012.09.04 10:56 B C:\inetpub\wwwroot\modules\mod_unite_nivoslider\tmpl\themes\orman\orman.css --> ftp3.ftptoyoursite.com /web/content/SITE-TEST/modules/mod_unite_nivoslider/tmpl/themes/orman orman.css
2012.09.04 10:56 B C:\inetpub\wwwroot\modules\mod_unite_nivoslider\tmpl\themes\orman\readme.txt --> ftp3.ftptoyoursite.com /web/content/SITE-TEST/modules/mod_unite_nivoslider/tmpl/themes/orman readme.txt
2012.09.04 10:56 B C:\inetpub\wwwroot\modules\mod_unite_nivoslider\tmpl\themes\orman\ribbon.png --> ftp3.ftptoyoursite.com /web/content/SITE-TEST/modules/mod_unite_nivoslider/tmpl/themes/orman ribbon.png
2012.09.04 10:56 B C:\inetpub\wwwroot\modules\mod_unite_nivoslider\tmpl\themes\orman\slider.png --> ftp3.ftptoyoursite.com /web/content/SITE-TEST/modules/mod_unite_nivoslider/tmpl/themes/orman slider.png
2012.09.04 10:56 B C:\inetpub\wwwroot\modules\mod_unite_nivoslider\tmpl\themes\orman\WS_FTP.LOG --> ftp3.ftptoyoursite.com /web/content/SITE-TEST/modules/mod_unite_nivoslider/tmpl/themes/orman WS_FTP.LOG
2012.09.06 15:15 B C:\inetpub\wwwroot\modules\mod_unite_nivoslider\tmpl\themes\orman\arrows.png --> ftp3.ftptoyoursite.com /web/content/SITEBACKUP_962012/modules/mod_unite_nivoslider/tmpl/themes/orman arrows.png
2012.09.06 15:15 B C:\inetpub\wwwroot\modules\mod_unite_nivoslider\tmpl\themes\orman\bullets.png --> ftp3.ftptoyoursite.com /web/content/SITEBACKUP_962012/modules/mod_unite_nivoslider/tmpl/themes/orman bullets.png
2012.09.06 15:15 B C:\inetpub\wwwroot\modules\mod_unite_nivoslider\tmpl\themes\orman\loading.gif --> ftp3.ftptoyoursite.com /web/content/SITEBACKUP_962012/modules/mod_unite_nivoslider/tmpl/themes/orman loading.gif
2012.09.06 15:15 B C:\inetpub\wwwroot\modules\mod_unite_nivoslider\tmpl\themes\orman\orman.css --> ftp3.ftptoyoursite.com /web/content/SITEBACKUP_962012/modules/mod_unite_nivoslider/tmpl/themes/orman orman.css
2012.09.06 15:15 B C:\inetpub\wwwroot\modules\mod_unite_nivoslider\tmpl\themes\orman\readme.txt --> ftp3.ftptoyoursite.com /web/content/SITEBACKUP_962012/modules/mod_unite_nivoslider/tmpl/themes/orman readme.txt
2012.09.06 15:15 B C:\inetpub\wwwroot\modules\mod_unite_nivoslider\tmpl\themes\orman\ribbon.png --> ftp3.ftptoyoursite.com /web/content/SITEBACKUP_962012/modules/mod_unite_nivoslider/tmpl/themes/orman ribbon.png
2012.09.06 15:15 B C:\inetpub\wwwroot\modules\mod_unite_nivoslider\tmpl\themes\orman\slider.png --> ftp3.ftptoyoursite.com /web/content/SITEBACKUP_962012/modules/mod_unite_nivoslider/tmpl/themes/orman slider.png
2012.09.06 15:15 B C:\inetpub\wwwroot\modules\mod_unite_nivoslider\tmpl\themes\orman\WS_FTP.LOG --> ftp3.ftptoyoursite.com /web/content/SITEBACKUP_962012/modules/mod_unite_nivoslider/tmpl/themes/orman WS_FTP.LOG
2012.10.23 09:17 B C:\inetpub\wwwroot\modules\mod_unite_nivoslider\tmpl\themes\orman\arrows.png --> ftp3.ftptoyoursite.com /web/content/modules/mod_unite_nivoslider/tmpl/themes/orman arrows.png
2012.10.23 09:17 B C:\inetpub\wwwroot\modules\mod_unite_nivoslider\tmpl\themes\orman\bullets.png --> ftp3.ftptoyoursite.com /web/content/modules/mod_unite_nivoslider/tmpl/themes/orman bullets.png
2012.10.23 09:17 B C:\inetpub\wwwroot\modules\mod_unite_nivoslider\tmpl\themes\orman\loading.gif --> ftp3.ftptoyoursite.com /web/content/modules/mod_unite_nivoslider/tmpl/themes/orman loading.gif
2012.10.23 09:17 B C:\inetpub\wwwroot\modules\mod_unite_nivoslider\tmpl\themes\orman\orman.css --> ftp3.ftptoyoursite.com /web/content/modules/mod_unite_nivoslider/tmpl/themes/orman orman.css
2012.10.23 09:17 B C:\inetpub\wwwroot\modules\mod_unite_nivoslider\tmpl\themes\orman\readme.txt --> ftp3.ftptoyoursite.com /web/content/modules/mod_unite_nivoslider/tmpl/themes/orman readme.txt
2012.10.23 09:17 B C:\inetpub\wwwroot\modules\mod_unite_nivoslider\tmpl\themes\orman\ribbon.png --> ftp3.ftptoyoursite.com /web/content/modules/mod_unite_nivoslider/tmpl/themes/orman ribbon.png
2012.10.23 09:17 B C:\inetpub\wwwroot\modules\mod_unite_nivoslider\tmpl\themes\orman\slider.png --> ftp3.ftptoyoursite.com /web/content/modules/mod_unite_nivoslider/tmpl/themes/orman slider.png
2012.10.23 09:17 B C:\inetpub\wwwroot\modules\mod_unite_nivoslider\tmpl\themes\orman\WS_FTP.LOG --> ftp3.ftptoyoursite.com /web/content/modules/mod_unite_nivoslider/tmpl/themes/orman WS_FTP.LOG
2013.02.01 15:03 B C:\inetpub\wwwroot\modules\mod_unite_nivoslider\tmpl\themes\orman\WS_FTP.LOG <-- Schubert Rackspace /web/content/modules/mod_unite_nivoslider/tmpl/themes/orman WS_FTP.LOG
