2012.07.25 12:20 B C:\Users\COBRIEN\Desktop\Schubert\templates\templatename\images\btns\about.png <-- Schubert Rackspace /web/content/templates/templatename/images/btns about.png
2012.07.25 12:20 B C:\Users\COBRIEN\Desktop\Schubert\templates\templatename\images\btns\contact.png <-- Schubert Rackspace /web/content/templates/templatename/images/btns contact.png
2012.07.25 12:20 B C:\Users\COBRIEN\Desktop\Schubert\templates\templatename\images\btns\psw.png <-- Schubert Rackspace /web/content/templates/templatename/images/btns psw.png
2012.07.25 12:20 B C:\Users\COBRIEN\Desktop\Schubert\templates\templatename\images\btns\sustainability.png <-- Schubert Rackspace /web/content/templates/templatename/images/btns sustainability.png
2012.08.10 16:53 B C:\inetpub\wwwroot\templates\templatename\images\btns\about.png --> ftp3.ftptoyoursite.com /web/content/templates/templates/templatename/images/btns about.png
2012.08.10 16:53 B C:\inetpub\wwwroot\templates\templatename\images\btns\contact.png --> ftp3.ftptoyoursite.com /web/content/templates/templates/templatename/images/btns contact.png
2012.08.10 16:53 B C:\inetpub\wwwroot\templates\templatename\images\btns\psw.png --> ftp3.ftptoyoursite.com /web/content/templates/templates/templatename/images/btns psw.png
2012.08.10 16:53 B C:\inetpub\wwwroot\templates\templatename\images\btns\sustainability.png --> ftp3.ftptoyoursite.com /web/content/templates/templates/templatename/images/btns sustainability.png
2012.08.10 16:53 B C:\inetpub\wwwroot\templates\templatename\images\btns\WS_FTP.LOG --> ftp3.ftptoyoursite.com /web/content/templates/templates/templatename/images/btns WS_FTP.LOG
2012.09.04 10:58 B C:\inetpub\wwwroot\templates\templatename\images\btns\about.png --> ftp3.ftptoyoursite.com /web/content/SITE-TEST/templates/templatename/images/btns about.png
2012.09.04 10:58 B C:\inetpub\wwwroot\templates\templatename\images\btns\contact.png --> ftp3.ftptoyoursite.com /web/content/SITE-TEST/templates/templatename/images/btns contact.png
2012.09.04 10:58 B C:\inetpub\wwwroot\templates\templatename\images\btns\psw.png --> ftp3.ftptoyoursite.com /web/content/SITE-TEST/templates/templatename/images/btns psw.png
2012.09.04 10:58 B C:\inetpub\wwwroot\templates\templatename\images\btns\sustainability.png --> ftp3.ftptoyoursite.com /web/content/SITE-TEST/templates/templatename/images/btns sustainability.png
2012.09.04 10:58 B C:\inetpub\wwwroot\templates\templatename\images\btns\WS_FTP.LOG --> ftp3.ftptoyoursite.com /web/content/SITE-TEST/templates/templatename/images/btns WS_FTP.LOG
2012.09.06 15:16 B C:\inetpub\wwwroot\templates\templatename\images\btns\about.png --> ftp3.ftptoyoursite.com /web/content/SITEBACKUP_962012/templates/templatename/images/btns about.png
2012.09.06 15:16 B C:\inetpub\wwwroot\templates\templatename\images\btns\contact.png --> ftp3.ftptoyoursite.com /web/content/SITEBACKUP_962012/templates/templatename/images/btns contact.png
2012.09.06 15:16 B C:\inetpub\wwwroot\templates\templatename\images\btns\psw.png --> ftp3.ftptoyoursite.com /web/content/SITEBACKUP_962012/templates/templatename/images/btns psw.png
2012.09.06 15:16 B C:\inetpub\wwwroot\templates\templatename\images\btns\sustainability.png --> ftp3.ftptoyoursite.com /web/content/SITEBACKUP_962012/templates/templatename/images/btns sustainability.png
2012.09.06 15:16 B C:\inetpub\wwwroot\templates\templatename\images\btns\WS_FTP.LOG --> ftp3.ftptoyoursite.com /web/content/SITEBACKUP_962012/templates/templatename/images/btns WS_FTP.LOG
2012.09.11 09:53 B C:\inetpub\wwwroot\templates\templatename\images\btns\irbtn.png <-- Schubert Rackspace /web/content/templates/templatename/images/btns irbtn.png
2012.09.19 15:59 B C:\inetpub\wwwroot\templates\templatename\images\btns\careersbtn.png <-- Schubert Rackspace /web/content/templates/templatename/images/btns careersbtn.png
2012.09.19 15:59 B C:\inetpub\wwwroot\templates\templatename\images\btns\newsbtn.png <-- Schubert Rackspace /web/content/templates/templatename/images/btns newsbtn.png
2012.09.19 15:59 B C:\inetpub\wwwroot\templates\templatename\images\btns\safetybtn.png <-- Schubert Rackspace /web/content/templates/templatename/images/btns safetybtn.png
2012.09.20 10:03 B C:\inetpub\wwwroot\templates\templatename\images\btns\customerservicebtn.png <-- Schubert Rackspace /web/content/templates/templatename/images/btns customerservicebtn.png
2012.09.20 10:07 B C:\inetpub\wwwroot\templates\templatename\images\btns\customerservicebtn.png <-- Schubert Rackspace /web/content/templates/templatename/images/btns customerservicebtn.png
2012.09.20 10:08 B C:\inetpub\wwwroot\templates\templatename\images\btns\customerservicebtn.png <-- Schubert Rackspace /web/content/templates/templatename/images/btns customerservicebtn.png
2012.09.20 10:08 B C:\inetpub\wwwroot\templates\templatename\images\btns\customerservicebtn.png <-- Schubert Rackspace /web/content/templates/templatename/images/btns customerservicebtn.png
2012.10.03 12:13 B C:\inetpub\wwwroot\templates\templatename\images\btns\facilitiesbtn.png <-- Schubert Rackspace /web/content/templates/templatename/images/btns facilitiesbtn.png
2012.10.03 12:14 B C:\inetpub\wwwroot\templates\templatename\images\btns\techServicesbtn.png <-- Schubert Rackspace /web/content/templates/templatename/images/btns techServicesbtn.png
2012.10.03 12:36 B C:\inetpub\wwwroot\templates\templatename\images\btns\techServicesbtn.png <-- Schubert Rackspace /web/content/templates/templatename/images/btns techServicesbtn.png
2012.10.03 12:36 B C:\inetpub\wwwroot\templates\templatename\images\btns\techServicesbtn.png <-- Schubert Rackspace /web/content/templates/templatename/images/btns techServicesbtn.png
2012.10.11 17:35 B C:\inetpub\wwwroot\templates\templatename\images\btns\submitInquirybtn.png <-- Schubert Rackspace /web/content/templates/templatename/images/btns submitInquirybtn.png
2012.10.23 09:19 B C:\inetpub\wwwroot\templates\templatename\images\btns\about.png --> ftp3.ftptoyoursite.com /web/content/templates/templatename/images/btns about.png
2012.10.23 09:19 B C:\inetpub\wwwroot\templates\templatename\images\btns\careersbtn.png --> ftp3.ftptoyoursite.com /web/content/templates/templatename/images/btns careersbtn.png
2012.10.23 09:19 B C:\inetpub\wwwroot\templates\templatename\images\btns\contact.png --> ftp3.ftptoyoursite.com /web/content/templates/templatename/images/btns contact.png
2012.10.23 09:19 B C:\inetpub\wwwroot\templates\templatename\images\btns\customerservicebtn.png --> ftp3.ftptoyoursite.com /web/content/templates/templatename/images/btns customerservicebtn.png
2012.10.23 09:19 B C:\inetpub\wwwroot\templates\templatename\images\btns\facilitiesbtn.png --> ftp3.ftptoyoursite.com /web/content/templates/templatename/images/btns facilitiesbtn.png
2012.10.23 09:19 B C:\inetpub\wwwroot\templates\templatename\images\btns\irbtn.png --> ftp3.ftptoyoursite.com /web/content/templates/templatename/images/btns irbtn.png
2012.10.23 09:19 B C:\inetpub\wwwroot\templates\templatename\images\btns\newsbtn.png --> ftp3.ftptoyoursite.com /web/content/templates/templatename/images/btns newsbtn.png
2012.10.23 09:19 B C:\inetpub\wwwroot\templates\templatename\images\btns\psw.png --> ftp3.ftptoyoursite.com /web/content/templates/templatename/images/btns psw.png
2012.10.23 09:19 B C:\inetpub\wwwroot\templates\templatename\images\btns\safetybtn.png --> ftp3.ftptoyoursite.com /web/content/templates/templatename/images/btns safetybtn.png
2012.10.23 09:19 B C:\inetpub\wwwroot\templates\templatename\images\btns\submitInquirybtn.png --> ftp3.ftptoyoursite.com /web/content/templates/templatename/images/btns submitInquirybtn.png
2012.10.23 09:19 B C:\inetpub\wwwroot\templates\templatename\images\btns\sustainability.png --> ftp3.ftptoyoursite.com /web/content/templates/templatename/images/btns sustainability.png
2012.10.23 09:19 B C:\inetpub\wwwroot\templates\templatename\images\btns\techServicesbtn.png --> ftp3.ftptoyoursite.com /web/content/templates/templatename/images/btns techServicesbtn.png
2012.10.23 09:19 B C:\inetpub\wwwroot\templates\templatename\images\btns\WS_FTP.LOG --> ftp3.ftptoyoursite.com /web/content/templates/templatename/images/btns WS_FTP.LOG
2012.11.16 15:50 B C:\inetpub\wwwroot\templates\templatename\images\btns\careers.png <-- Schubert Rackspace /web/content/templates/templatename/images/btns careers.png
2013.02.01 15:05 B C:\inetpub\wwwroot\templates\templatename\images\btns\WS_FTP.LOG <-- Schubert Rackspace /web/content/templates/templatename/images/btns WS_FTP.LOG
