2012.07.25 12:16 B C:\Users\COBRIEN\Desktop\Schubert\images\sampledata\parks\landscape\120px_pinnacles_western_australia.jpg <-- Schubert Rackspace /web/content/images/sampledata/parks/landscape 120px_pinnacles_western_australia.jpg
2012.07.25 12:16 B C:\Users\COBRIEN\Desktop\Schubert\images\sampledata\parks\landscape\120px_rainforest_bluemountainsnsw.jpg <-- Schubert Rackspace /web/content/images/sampledata/parks/landscape 120px_rainforest_bluemountainsnsw.jpg
2012.07.25 12:16 B C:\Users\COBRIEN\Desktop\Schubert\images\sampledata\parks\landscape\180px_ormiston_pound.jpg <-- Schubert Rackspace /web/content/images/sampledata/parks/landscape 180px_ormiston_pound.jpg
2012.07.25 12:16 B C:\Users\COBRIEN\Desktop\Schubert\images\sampledata\parks\landscape\250px_cradle_mountain_seen_from_barn_bluff.jpg <-- Schubert Rackspace /web/content/images/sampledata/parks/landscape 250px_cradle_mountain_seen_from_barn_bluff.jpg
2012.07.25 12:16 B C:\Users\COBRIEN\Desktop\Schubert\images\sampledata\parks\landscape\727px_rainforest_bluemountainsnsw.jpg <-- Schubert Rackspace /web/content/images/sampledata/parks/landscape 727px_rainforest_bluemountainsnsw.jpg
2012.07.25 12:16 B C:\Users\COBRIEN\Desktop\Schubert\images\sampledata\parks\landscape\800px_cradle_mountain_seen_from_barn_bluff.jpg <-- Schubert Rackspace /web/content/images/sampledata/parks/landscape 800px_cradle_mountain_seen_from_barn_bluff.jpg
2012.07.25 12:16 B C:\Users\COBRIEN\Desktop\Schubert\images\sampledata\parks\landscape\800px_ormiston_pound.jpg <-- Schubert Rackspace /web/content/images/sampledata/parks/landscape 800px_ormiston_pound.jpg
2012.07.25 12:16 B C:\Users\COBRIEN\Desktop\Schubert\images\sampledata\parks\landscape\800px_pinnacles_western_australia.jpg <-- Schubert Rackspace /web/content/images/sampledata/parks/landscape 800px_pinnacles_western_australia.jpg
2012.07.25 12:16 B C:\Users\COBRIEN\Desktop\Schubert\images\sampledata\parks\landscape\index.html <-- Schubert Rackspace /web/content/images/sampledata/parks/landscape index.html
2012.09.04 10:52 B C:\inetpub\wwwroot\images\sampledata\parks\landscape\120px_pinnacles_western_australia.jpg --> ftp3.ftptoyoursite.com /web/content/SITE-TEST/images/sampledata/parks/landscape 120px_pinnacles_western_australia.jpg
2012.09.04 10:52 B C:\inetpub\wwwroot\images\sampledata\parks\landscape\120px_rainforest_bluemountainsnsw.jpg --> ftp3.ftptoyoursite.com /web/content/SITE-TEST/images/sampledata/parks/landscape 120px_rainforest_bluemountainsnsw.jpg
2012.09.04 10:52 B C:\inetpub\wwwroot\images\sampledata\parks\landscape\180px_ormiston_pound.jpg --> ftp3.ftptoyoursite.com /web/content/SITE-TEST/images/sampledata/parks/landscape 180px_ormiston_pound.jpg
2012.09.04 10:52 B C:\inetpub\wwwroot\images\sampledata\parks\landscape\250px_cradle_mountain_seen_from_barn_bluff.jpg --> ftp3.ftptoyoursite.com /web/content/SITE-TEST/images/sampledata/parks/landscape 250px_cradle_mountain_seen_from_barn_bluff.jpg
2012.09.04 10:52 B C:\inetpub\wwwroot\images\sampledata\parks\landscape\727px_rainforest_bluemountainsnsw.jpg --> ftp3.ftptoyoursite.com /web/content/SITE-TEST/images/sampledata/parks/landscape 727px_rainforest_bluemountainsnsw.jpg
2012.09.04 10:52 B C:\inetpub\wwwroot\images\sampledata\parks\landscape\800px_cradle_mountain_seen_from_barn_bluff.jpg --> ftp3.ftptoyoursite.com /web/content/SITE-TEST/images/sampledata/parks/landscape 800px_cradle_mountain_seen_from_barn_bluff.jpg
2012.09.04 10:52 B C:\inetpub\wwwroot\images\sampledata\parks\landscape\800px_ormiston_pound.jpg --> ftp3.ftptoyoursite.com /web/content/SITE-TEST/images/sampledata/parks/landscape 800px_ormiston_pound.jpg
2012.09.04 10:52 B C:\inetpub\wwwroot\images\sampledata\parks\landscape\800px_pinnacles_western_australia.jpg --> ftp3.ftptoyoursite.com /web/content/SITE-TEST/images/sampledata/parks/landscape 800px_pinnacles_western_australia.jpg
2012.09.04 10:52 B C:\inetpub\wwwroot\images\sampledata\parks\landscape\index.html --> ftp3.ftptoyoursite.com /web/content/SITE-TEST/images/sampledata/parks/landscape index.html
2012.09.04 10:52 B C:\inetpub\wwwroot\images\sampledata\parks\landscape\WS_FTP.LOG --> ftp3.ftptoyoursite.com /web/content/SITE-TEST/images/sampledata/parks/landscape WS_FTP.LOG
2012.09.06 15:10 B C:\inetpub\wwwroot\images\sampledata\parks\landscape\120px_pinnacles_western_australia.jpg --> ftp3.ftptoyoursite.com /web/content/SITEBACKUP_962012/images/sampledata/parks/landscape 120px_pinnacles_western_australia.jpg
2012.09.06 15:10 B C:\inetpub\wwwroot\images\sampledata\parks\landscape\120px_rainforest_bluemountainsnsw.jpg --> ftp3.ftptoyoursite.com /web/content/SITEBACKUP_962012/images/sampledata/parks/landscape 120px_rainforest_bluemountainsnsw.jpg
2012.09.06 15:10 B C:\inetpub\wwwroot\images\sampledata\parks\landscape\180px_ormiston_pound.jpg --> ftp3.ftptoyoursite.com /web/content/SITEBACKUP_962012/images/sampledata/parks/landscape 180px_ormiston_pound.jpg
2012.09.06 15:10 B C:\inetpub\wwwroot\images\sampledata\parks\landscape\250px_cradle_mountain_seen_from_barn_bluff.jpg --> ftp3.ftptoyoursite.com /web/content/SITEBACKUP_962012/images/sampledata/parks/landscape 250px_cradle_mountain_seen_from_barn_bluff.jpg
2012.09.06 15:10 B C:\inetpub\wwwroot\images\sampledata\parks\landscape\727px_rainforest_bluemountainsnsw.jpg --> ftp3.ftptoyoursite.com /web/content/SITEBACKUP_962012/images/sampledata/parks/landscape 727px_rainforest_bluemountainsnsw.jpg
2012.09.06 15:10 B C:\inetpub\wwwroot\images\sampledata\parks\landscape\800px_cradle_mountain_seen_from_barn_bluff.jpg --> ftp3.ftptoyoursite.com /web/content/SITEBACKUP_962012/images/sampledata/parks/landscape 800px_cradle_mountain_seen_from_barn_bluff.jpg
2012.09.06 15:10 B C:\inetpub\wwwroot\images\sampledata\parks\landscape\800px_ormiston_pound.jpg --> ftp3.ftptoyoursite.com /web/content/SITEBACKUP_962012/images/sampledata/parks/landscape 800px_ormiston_pound.jpg
2012.09.06 15:10 B C:\inetpub\wwwroot\images\sampledata\parks\landscape\800px_pinnacles_western_australia.jpg --> ftp3.ftptoyoursite.com /web/content/SITEBACKUP_962012/images/sampledata/parks/landscape 800px_pinnacles_western_australia.jpg
2012.09.06 15:10 B C:\inetpub\wwwroot\images\sampledata\parks\landscape\index.html --> ftp3.ftptoyoursite.com /web/content/SITEBACKUP_962012/images/sampledata/parks/landscape index.html
2012.09.06 15:10 B C:\inetpub\wwwroot\images\sampledata\parks\landscape\WS_FTP.LOG --> ftp3.ftptoyoursite.com /web/content/SITEBACKUP_962012/images/sampledata/parks/landscape WS_FTP.LOG
2012.09.06 15:33 B C:\inetpub\wwwroot\images\sampledata\parks\landscape\120px_pinnacles_western_australia.jpg <-- Schubert Rackspace /web/content/images/sampledata/parks/landscape 120px_pinnacles_western_australia.jpg
2012.09.06 15:33 B C:\inetpub\wwwroot\images\sampledata\parks\landscape\120px_rainforest_bluemountainsnsw.jpg <-- Schubert Rackspace /web/content/images/sampledata/parks/landscape 120px_rainforest_bluemountainsnsw.jpg
2012.09.06 15:33 B C:\inetpub\wwwroot\images\sampledata\parks\landscape\180px_ormiston_pound.jpg <-- Schubert Rackspace /web/content/images/sampledata/parks/landscape 180px_ormiston_pound.jpg
2012.09.06 15:33 B C:\inetpub\wwwroot\images\sampledata\parks\landscape\250px_cradle_mountain_seen_from_barn_bluff.jpg <-- Schubert Rackspace /web/content/images/sampledata/parks/landscape 250px_cradle_mountain_seen_from_barn_bluff.jpg
2012.09.06 15:33 B C:\inetpub\wwwroot\images\sampledata\parks\landscape\727px_rainforest_bluemountainsnsw.jpg <-- Schubert Rackspace /web/content/images/sampledata/parks/landscape 727px_rainforest_bluemountainsnsw.jpg
2012.09.06 15:33 B C:\inetpub\wwwroot\images\sampledata\parks\landscape\800px_cradle_mountain_seen_from_barn_bluff.jpg <-- Schubert Rackspace /web/content/images/sampledata/parks/landscape 800px_cradle_mountain_seen_from_barn_bluff.jpg
2012.09.06 15:33 B C:\inetpub\wwwroot\images\sampledata\parks\landscape\800px_ormiston_pound.jpg <-- Schubert Rackspace /web/content/images/sampledata/parks/landscape 800px_ormiston_pound.jpg
2012.09.06 15:33 B C:\inetpub\wwwroot\images\sampledata\parks\landscape\800px_pinnacles_western_australia.jpg <-- Schubert Rackspace /web/content/images/sampledata/parks/landscape 800px_pinnacles_western_australia.jpg
2012.09.06 15:33 B C:\inetpub\wwwroot\images\sampledata\parks\landscape\index.html <-- Schubert Rackspace /web/content/images/sampledata/parks/landscape index.html
2012.10.23 09:13 B C:\inetpub\wwwroot\images\sampledata\parks\landscape\120px_pinnacles_western_australia.jpg --> ftp3.ftptoyoursite.com /web/content/images/sampledata/parks/landscape 120px_pinnacles_western_australia.jpg
2012.10.23 09:13 B C:\inetpub\wwwroot\images\sampledata\parks\landscape\120px_rainforest_bluemountainsnsw.jpg --> ftp3.ftptoyoursite.com /web/content/images/sampledata/parks/landscape 120px_rainforest_bluemountainsnsw.jpg
2012.10.23 09:13 B C:\inetpub\wwwroot\images\sampledata\parks\landscape\180px_ormiston_pound.jpg --> ftp3.ftptoyoursite.com /web/content/images/sampledata/parks/landscape 180px_ormiston_pound.jpg
2012.10.23 09:13 B C:\inetpub\wwwroot\images\sampledata\parks\landscape\250px_cradle_mountain_seen_from_barn_bluff.jpg --> ftp3.ftptoyoursite.com /web/content/images/sampledata/parks/landscape 250px_cradle_mountain_seen_from_barn_bluff.jpg
2012.10.23 09:13 B C:\inetpub\wwwroot\images\sampledata\parks\landscape\727px_rainforest_bluemountainsnsw.jpg --> ftp3.ftptoyoursite.com /web/content/images/sampledata/parks/landscape 727px_rainforest_bluemountainsnsw.jpg
2012.10.23 09:13 B C:\inetpub\wwwroot\images\sampledata\parks\landscape\800px_cradle_mountain_seen_from_barn_bluff.jpg --> ftp3.ftptoyoursite.com /web/content/images/sampledata/parks/landscape 800px_cradle_mountain_seen_from_barn_bluff.jpg
2012.10.23 09:13 B C:\inetpub\wwwroot\images\sampledata\parks\landscape\800px_ormiston_pound.jpg --> ftp3.ftptoyoursite.com /web/content/images/sampledata/parks/landscape 800px_ormiston_pound.jpg
2012.10.23 09:13 B C:\inetpub\wwwroot\images\sampledata\parks\landscape\800px_pinnacles_western_australia.jpg --> ftp3.ftptoyoursite.com /web/content/images/sampledata/parks/landscape 800px_pinnacles_western_australia.jpg
2012.10.23 09:13 B C:\inetpub\wwwroot\images\sampledata\parks\landscape\index.html --> ftp3.ftptoyoursite.com /web/content/images/sampledata/parks/landscape index.html
2012.10.23 09:13 B C:\inetpub\wwwroot\images\sampledata\parks\landscape\WS_FTP.LOG --> ftp3.ftptoyoursite.com /web/content/images/sampledata/parks/landscape WS_FTP.LOG
2013.02.01 14:50 B C:\inetpub\wwwroot\images\sampledata\parks\landscape\WS_FTP.LOG <-- Schubert Rackspace /web/content/images/sampledata/parks/landscape WS_FTP.LOG
