2012.07.25 12:12 B C:\Users\COBRIEN\Desktop\Schubert\administrator\components\com_rsform\models\backuprestore.php <-- Schubert Rackspace /web/content/administrator/components/com_rsform/models backuprestore.php
2012.07.25 12:12 B C:\Users\COBRIEN\Desktop\Schubert\administrator\components\com_rsform\models\conditions.php <-- Schubert Rackspace /web/content/administrator/components/com_rsform/models conditions.php
2012.07.25 12:12 B C:\Users\COBRIEN\Desktop\Schubert\administrator\components\com_rsform\models\configuration.php <-- Schubert Rackspace /web/content/administrator/components/com_rsform/models configuration.php
2012.07.25 12:12 B C:\Users\COBRIEN\Desktop\Schubert\administrator\components\com_rsform\models\files.php <-- Schubert Rackspace /web/content/administrator/components/com_rsform/models files.php
2012.07.25 12:12 B C:\Users\COBRIEN\Desktop\Schubert\administrator\components\com_rsform\models\formajax.php <-- Schubert Rackspace /web/content/administrator/components/com_rsform/models formajax.php
2012.07.25 12:12 B C:\Users\COBRIEN\Desktop\Schubert\administrator\components\com_rsform\models\forms.php <-- Schubert Rackspace /web/content/administrator/components/com_rsform/models forms.php
2012.07.25 12:12 B C:\Users\COBRIEN\Desktop\Schubert\administrator\components\com_rsform\models\index.html <-- Schubert Rackspace /web/content/administrator/components/com_rsform/models index.html
2012.07.25 12:12 B C:\Users\COBRIEN\Desktop\Schubert\administrator\components\com_rsform\models\mappings.php <-- Schubert Rackspace /web/content/administrator/components/com_rsform/models mappings.php
2012.07.25 12:12 B C:\Users\COBRIEN\Desktop\Schubert\administrator\components\com_rsform\models\menus.php <-- Schubert Rackspace /web/content/administrator/components/com_rsform/models menus.php
2012.07.25 12:12 B C:\Users\COBRIEN\Desktop\Schubert\administrator\components\com_rsform\models\submissions.php <-- Schubert Rackspace /web/content/administrator/components/com_rsform/models submissions.php
2012.09.04 10:46 B C:\inetpub\wwwroot\administrator\components\com_rsform\models\backuprestore.php --> ftp3.ftptoyoursite.com /web/content/SITE-TEST/administrator/components/com_rsform/models backuprestore.php
2012.09.04 10:46 B C:\inetpub\wwwroot\administrator\components\com_rsform\models\conditions.php --> ftp3.ftptoyoursite.com /web/content/SITE-TEST/administrator/components/com_rsform/models conditions.php
2012.09.04 10:46 B C:\inetpub\wwwroot\administrator\components\com_rsform\models\configuration.php --> ftp3.ftptoyoursite.com /web/content/SITE-TEST/administrator/components/com_rsform/models configuration.php
2012.09.04 10:46 B C:\inetpub\wwwroot\administrator\components\com_rsform\models\files.php --> ftp3.ftptoyoursite.com /web/content/SITE-TEST/administrator/components/com_rsform/models files.php
2012.09.04 10:46 B C:\inetpub\wwwroot\administrator\components\com_rsform\models\formajax.php --> ftp3.ftptoyoursite.com /web/content/SITE-TEST/administrator/components/com_rsform/models formajax.php
2012.09.04 10:46 B C:\inetpub\wwwroot\administrator\components\com_rsform\models\forms.php --> ftp3.ftptoyoursite.com /web/content/SITE-TEST/administrator/components/com_rsform/models forms.php
2012.09.04 10:46 B C:\inetpub\wwwroot\administrator\components\com_rsform\models\index.html --> ftp3.ftptoyoursite.com /web/content/SITE-TEST/administrator/components/com_rsform/models index.html
2012.09.04 10:46 B C:\inetpub\wwwroot\administrator\components\com_rsform\models\mappings.php --> ftp3.ftptoyoursite.com /web/content/SITE-TEST/administrator/components/com_rsform/models mappings.php
2012.09.04 10:46 B C:\inetpub\wwwroot\administrator\components\com_rsform\models\menus.php --> ftp3.ftptoyoursite.com /web/content/SITE-TEST/administrator/components/com_rsform/models menus.php
2012.09.04 10:46 B C:\inetpub\wwwroot\administrator\components\com_rsform\models\submissions.php --> ftp3.ftptoyoursite.com /web/content/SITE-TEST/administrator/components/com_rsform/models submissions.php
2012.09.04 10:46 B C:\inetpub\wwwroot\administrator\components\com_rsform\models\WS_FTP.LOG --> ftp3.ftptoyoursite.com /web/content/SITE-TEST/administrator/components/com_rsform/models WS_FTP.LOG
2012.09.06 15:03 B C:\inetpub\wwwroot\administrator\components\com_rsform\models\backuprestore.php --> ftp3.ftptoyoursite.com /web/content/SITEBACKUP_962012/administrator/components/com_rsform/models backuprestore.php
2012.09.06 15:03 B C:\inetpub\wwwroot\administrator\components\com_rsform\models\conditions.php --> ftp3.ftptoyoursite.com /web/content/SITEBACKUP_962012/administrator/components/com_rsform/models conditions.php
2012.09.06 15:03 B C:\inetpub\wwwroot\administrator\components\com_rsform\models\configuration.php --> ftp3.ftptoyoursite.com /web/content/SITEBACKUP_962012/administrator/components/com_rsform/models configuration.php
2012.09.06 15:03 B C:\inetpub\wwwroot\administrator\components\com_rsform\models\files.php --> ftp3.ftptoyoursite.com /web/content/SITEBACKUP_962012/administrator/components/com_rsform/models files.php
2012.09.06 15:03 B C:\inetpub\wwwroot\administrator\components\com_rsform\models\formajax.php --> ftp3.ftptoyoursite.com /web/content/SITEBACKUP_962012/administrator/components/com_rsform/models formajax.php
2012.09.06 15:03 B C:\inetpub\wwwroot\administrator\components\com_rsform\models\forms.php --> ftp3.ftptoyoursite.com /web/content/SITEBACKUP_962012/administrator/components/com_rsform/models forms.php
2012.09.06 15:03 B C:\inetpub\wwwroot\administrator\components\com_rsform\models\index.html --> ftp3.ftptoyoursite.com /web/content/SITEBACKUP_962012/administrator/components/com_rsform/models index.html
2012.09.06 15:03 B C:\inetpub\wwwroot\administrator\components\com_rsform\models\mappings.php --> ftp3.ftptoyoursite.com /web/content/SITEBACKUP_962012/administrator/components/com_rsform/models mappings.php
2012.09.06 15:03 B C:\inetpub\wwwroot\administrator\components\com_rsform\models\menus.php --> ftp3.ftptoyoursite.com /web/content/SITEBACKUP_962012/administrator/components/com_rsform/models menus.php
2012.09.06 15:03 B C:\inetpub\wwwroot\administrator\components\com_rsform\models\submissions.php --> ftp3.ftptoyoursite.com /web/content/SITEBACKUP_962012/administrator/components/com_rsform/models submissions.php
2012.09.06 15:03 B C:\inetpub\wwwroot\administrator\components\com_rsform\models\WS_FTP.LOG --> ftp3.ftptoyoursite.com /web/content/SITEBACKUP_962012/administrator/components/com_rsform/models WS_FTP.LOG
2012.09.06 15:45 B C:\inetpub\wwwroot\administrator\components\com_rsform\models\backuprestore.php <-- Schubert Rackspace /web/content/SITEBACKUP_962012/administrator/components/com_rsform/models backuprestore.php
2012.09.06 15:45 B C:\inetpub\wwwroot\administrator\components\com_rsform\models\conditions.php <-- Schubert Rackspace /web/content/SITEBACKUP_962012/administrator/components/com_rsform/models conditions.php
2012.09.06 15:45 B C:\inetpub\wwwroot\administrator\components\com_rsform\models\configuration.php <-- Schubert Rackspace /web/content/SITEBACKUP_962012/administrator/components/com_rsform/models configuration.php
2012.09.06 15:45 B C:\inetpub\wwwroot\administrator\components\com_rsform\models\files.php <-- Schubert Rackspace /web/content/SITEBACKUP_962012/administrator/components/com_rsform/models files.php
2012.09.06 15:45 B C:\inetpub\wwwroot\administrator\components\com_rsform\models\formajax.php <-- Schubert Rackspace /web/content/SITEBACKUP_962012/administrator/components/com_rsform/models formajax.php
2012.09.06 15:45 B C:\inetpub\wwwroot\administrator\components\com_rsform\models\forms.php <-- Schubert Rackspace /web/content/SITEBACKUP_962012/administrator/components/com_rsform/models forms.php
2012.09.06 15:45 B C:\inetpub\wwwroot\administrator\components\com_rsform\models\index.html <-- Schubert Rackspace /web/content/SITEBACKUP_962012/administrator/components/com_rsform/models index.html
2012.09.06 15:45 B C:\inetpub\wwwroot\administrator\components\com_rsform\models\mappings.php <-- Schubert Rackspace /web/content/SITEBACKUP_962012/administrator/components/com_rsform/models mappings.php
2012.09.06 15:45 B C:\inetpub\wwwroot\administrator\components\com_rsform\models\menus.php <-- Schubert Rackspace /web/content/SITEBACKUP_962012/administrator/components/com_rsform/models menus.php
2012.09.06 15:45 B C:\inetpub\wwwroot\administrator\components\com_rsform\models\submissions.php <-- Schubert Rackspace /web/content/SITEBACKUP_962012/administrator/components/com_rsform/models submissions.php
2012.10.23 09:07 B C:\inetpub\wwwroot\administrator\components\com_rsform\models\backuprestore.php --> ftp3.ftptoyoursite.com /web/content/administrator/components/com_rsform/models backuprestore.php
2012.10.23 09:07 B C:\inetpub\wwwroot\administrator\components\com_rsform\models\conditions.php --> ftp3.ftptoyoursite.com /web/content/administrator/components/com_rsform/models conditions.php
2012.10.23 09:07 B C:\inetpub\wwwroot\administrator\components\com_rsform\models\configuration.php --> ftp3.ftptoyoursite.com /web/content/administrator/components/com_rsform/models configuration.php
2012.10.23 09:07 B C:\inetpub\wwwroot\administrator\components\com_rsform\models\files.php --> ftp3.ftptoyoursite.com /web/content/administrator/components/com_rsform/models files.php
2012.10.23 09:07 B C:\inetpub\wwwroot\administrator\components\com_rsform\models\formajax.php --> ftp3.ftptoyoursite.com /web/content/administrator/components/com_rsform/models formajax.php
2012.10.23 09:07 B C:\inetpub\wwwroot\administrator\components\com_rsform\models\forms.php --> ftp3.ftptoyoursite.com /web/content/administrator/components/com_rsform/models forms.php
2012.10.23 09:07 B C:\inetpub\wwwroot\administrator\components\com_rsform\models\index.html --> ftp3.ftptoyoursite.com /web/content/administrator/components/com_rsform/models index.html
2012.10.23 09:07 B C:\inetpub\wwwroot\administrator\components\com_rsform\models\mappings.php --> ftp3.ftptoyoursite.com /web/content/administrator/components/com_rsform/models mappings.php
2012.10.23 09:07 B C:\inetpub\wwwroot\administrator\components\com_rsform\models\menus.php --> ftp3.ftptoyoursite.com /web/content/administrator/components/com_rsform/models menus.php
2012.10.23 09:07 B C:\inetpub\wwwroot\administrator\components\com_rsform\models\submissions.php --> ftp3.ftptoyoursite.com /web/content/administrator/components/com_rsform/models submissions.php
2012.10.23 09:07 B C:\inetpub\wwwroot\administrator\components\com_rsform\models\WS_FTP.LOG --> ftp3.ftptoyoursite.com /web/content/administrator/components/com_rsform/models WS_FTP.LOG
2013.02.01 14:43 B C:\inetpub\wwwroot\administrator\components\com_rsform\models\WS_FTP.LOG <-- Schubert Rackspace /web/content/administrator/components/com_rsform/models WS_FTP.LOG
