2012.07.25 12:20 B C:\Users\COBRIEN\Desktop\Schubert\configuration.php <-- Schubert Rackspace /web/content configuration.php
2012.07.25 12:20 B C:\Users\COBRIEN\Desktop\Schubert\htaccess.txt <-- Schubert Rackspace /web/content htaccess.txt
2012.07.25 12:20 B C:\Users\COBRIEN\Desktop\Schubert\index.html <-- Schubert Rackspace /web/content index.html
2012.07.25 12:20 B C:\Users\COBRIEN\Desktop\Schubert\index.php <-- Schubert Rackspace /web/content index.php
2012.07.25 12:20 B C:\Users\COBRIEN\Desktop\Schubert\LICENSE.txt <-- Schubert Rackspace /web/content LICENSE.txt
2012.07.25 12:20 B C:\Users\COBRIEN\Desktop\Schubert\README.txt <-- Schubert Rackspace /web/content README.txt
2012.07.25 12:20 B C:\Users\COBRIEN\Desktop\Schubert\robots.txt <-- Schubert Rackspace /web/content robots.txt
2012.07.25 12:20 B C:\Users\COBRIEN\Desktop\Schubert\web.config.txt <-- Schubert Rackspace /web/content web.config.txt
2012.08.13 16:43 B C:\inetpub\wwwroot\index.php <-- Schubert Rackspace /web/content/templates/templates/templatename index.php
2012.08.13 16:44 B C:\inetpub\wwwroot\index.php <-- Schubert Rackspace /web/content index.php
2012.08.24 17:10 B C:\inetpub\wwwroot\web.config --> ftp3.ftptoyoursite.com /web/content web.config
2012.08.24 17:14 B C:\inetpub\wwwroot\web.config <-- Schubert Rackspace /web/content web.config
2012.08.24 17:17 B C:\inetpub\wwwroot\web.config <-- Schubert Rackspace /web/content web.config
2012.08.24 17:18 B C:\inetpub\wwwroot\web.config <-- Schubert Rackspace /web/content web.config
2012.08.24 17:22 B C:\inetpub\wwwroot\web.config <-- Schubert Rackspace /web/content web.config
2012.08.27 13:14 B C:\inetpub\wwwroot\setup.js <-- Schubert Rackspace /web/content/zoommap setup.js
2012.08.27 16:05 B C:\inetpub\wwwroot\web.config --> ftp3.ftptoyoursite.com /web/content web.config
2012.08.27 16:05 B C:\inetpub\wwwroot\web.config --> ftp3.ftptoyoursite.com /web/content web.config
2012.08.27 16:44 B C:\inetpub\wwwroot\web.config <-- Schubert Rackspace /web/content web.config
2012.08.27 16:47 B C:\inetpub\wwwroot\web.config <-- Schubert Rackspace /web/content web.config
2012.08.27 16:47 B C:\inetpub\wwwroot\web.config <-- Schubert Rackspace /web/content web.config
2012.08.27 16:52 B C:\inetpub\wwwroot\web.config <-- Schubert Rackspace /web/content web.config
2012.08.27 16:52 B C:\inetpub\wwwroot\web.config <-- Schubert Rackspace /web/content web.config
2012.08.27 16:54 B C:\inetpub\wwwroot\web.config <-- Schubert Rackspace /web/content web.config
2012.08.27 16:54 B C:\inetpub\wwwroot\web.config <-- Schubert Rackspace /web/content web.config
2012.08.27 16:54 B C:\inetpub\wwwroot\web.config <-- Schubert Rackspace /web/content web.config
2012.08.27 16:58 B C:\inetpub\wwwroot\web.config <-- Schubert Rackspace /web/content web.config
2012.08.27 17:03 B C:\inetpub\wwwroot\web.config <-- Schubert Rackspace /web/content web.config
2012.08.27 17:03 B C:\inetpub\wwwroot\web.config <-- Schubert Rackspace /web/content web.config
2012.08.27 17:04 B C:\inetpub\wwwroot\web.config <-- Schubert Rackspace /web/content web.config
2012.08.27 17:10 B C:\inetpub\wwwroot\web.config <-- Schubert Rackspace /web/content web.config
2012.08.27 17:10 B C:\inetpub\wwwroot\web.config <-- Schubert Rackspace /web/content web.config
2012.08.27 17:10 B C:\inetpub\wwwroot\web.config <-- Schubert Rackspace /web/content web.config
2012.08.27 17:10 B C:\inetpub\wwwroot\web.config <-- Schubert Rackspace /web/content web.config
2012.08.27 17:15 B C:\inetpub\wwwroot\web.config --> ftp3.ftptoyoursite.com /web/content web.config
2012.08.27 17:16 B C:\inetpub\wwwroot\web.config --> ftp3.ftptoyoursite.com /web web.config
2012.08.27 17:17 B C:\inetpub\wwwroot\web.config <-- Schubert Rackspace /web web.config
2012.08.27 19:12 B C:\inetpub\wwwroot\web.config <-- Schubert Rackspace /web web.config
2012.08.27 19:37 B C:\inetpub\wwwroot\web.config --> ftp3.ftptoyoursite.com /web/content web.config
2012.08.27 19:38 B C:\inetpub\wwwroot\web.config <-- Schubert Rackspace /web/content web.config
2012.08.28 08:54 B C:\inetpub\wwwroot\web.config <-- Schubert Rackspace /web/content web.config
2012.08.28 08:55 B C:\inetpub\wwwroot\web.config <-- Schubert Rackspace /web/content web.config
2012.08.28 09:04 B C:\inetpub\wwwroot\web.config <-- Schubert Rackspace /web/content web.config
2012.08.28 09:04 B C:\inetpub\wwwroot\web.config <-- Schubert Rackspace /web/content web.config
2012.08.28 09:06 B C:\inetpub\wwwroot\web.config <-- Schubert Rackspace /web/content web.config
2012.08.28 09:07 B C:\inetpub\wwwroot\web.config <-- Schubert Rackspace /web/content web.config
2012.08.28 09:15 B C:\inetpub\wwwroot\web.config <-- Schubert Rackspace /web/content web.config
2012.08.28 09:16 B C:\inetpub\wwwroot\web.config <-- Schubert Rackspace /web/content web.config
2012.08.28 09:17 B C:\inetpub\wwwroot\web.config <-- Schubert Rackspace /web/content web.config
2012.08.28 09:36 B C:\inetpub\wwwroot\web.config <-- Schubert Rackspace /web/content web.config
2012.08.28 09:36 B C:\inetpub\wwwroot\web.config <-- Schubert Rackspace /web/content web.config
2012.08.28 09:37 B C:\inetpub\wwwroot\web.config <-- Schubert Rackspace /web/content web.config
2012.08.28 09:39 B C:\inetpub\wwwroot\web.config <-- Schubert Rackspace /web/content web.config
2012.08.28 09:39 B C:\inetpub\wwwroot\web.config <-- Schubert Rackspace /web/content web.config
2012.08.28 09:40 B C:\inetpub\wwwroot\web.config <-- Schubert Rackspace /web/content web.config
2012.08.28 09:41 B C:\inetpub\wwwroot\web.config <-- Schubert Rackspace /web/content web.config
2012.08.28 10:07 B C:\inetpub\wwwroot\web.config <-- Schubert Rackspace /web/content web.config
2012.08.28 10:07 B C:\inetpub\wwwroot\web.config <-- Schubert Rackspace /web/content web.config
2012.08.28 10:08 B C:\inetpub\wwwroot\web.config <-- Schubert Rackspace /web/content web.config
2012.08.28 10:09 B C:\inetpub\wwwroot\web.config <-- Schubert Rackspace /web/content web.config
2012.08.28 10:09 B C:\inetpub\wwwroot\web.config <-- Schubert Rackspace /web/content web.config
2012.08.28 10:10 B C:\inetpub\wwwroot\web.config <-- Schubert Rackspace /web/content web.config
2012.08.28 10:17 B C:\inetpub\wwwroot\web.config <-- Schubert Rackspace /web/content web.config
2012.08.28 10:19 B C:\inetpub\wwwroot\web.config <-- Schubert Rackspace /web/content web.config
2012.08.28 11:20 B C:\inetpub\wwwroot\web.config <-- Schubert Rackspace /web/content web.config
2012.08.28 11:20 B C:\inetpub\wwwroot\web.config <-- Schubert Rackspace /web/content web.config
2012.08.28 11:26 B C:\inetpub\wwwroot\web.config <-- Schubert Rackspace /web/content web.config
2012.08.28 11:26 B C:\inetpub\wwwroot\web.config <-- Schubert Rackspace /web/content web.config
2012.08.28 11:27 B C:\inetpub\wwwroot\web.config <-- Schubert Rackspace /web/content web.config
2012.08.28 11:32 B C:\inetpub\wwwroot\web.config <-- Schubert Rackspace /web/content web.config
2012.08.28 11:32 B C:\inetpub\wwwroot\web.config <-- Schubert Rackspace /web/content web.config
2012.08.28 11:33 B C:\inetpub\wwwroot\web.config <-- Schubert Rackspace /web/content web.config
2012.08.28 11:34 B C:\inetpub\wwwroot\web.config <-- Schubert Rackspace /web/content web.config
2012.08.28 12:04 B C:\inetpub\wwwroot\web.config <-- Schubert Rackspace /web/content web.config
2012.08.28 12:04 B C:\inetpub\wwwroot\web.config <-- Schubert Rackspace /web/content web.config
2012.08.28 12:12 B C:\inetpub\wwwroot\web.config <-- Schubert Rackspace /web/content web.config
2012.08.28 12:14 B C:\inetpub\wwwroot\web.config <-- Schubert Rackspace /web/content web.config
2012.08.28 12:16 B C:\inetpub\wwwroot\web.config <-- Schubert Rackspace /web/content web.config
2012.09.04 10:58 B C:\inetpub\wwwroot\.htaccess --> ftp3.ftptoyoursite.com /web/content/SITE-TEST .htaccess
2012.09.04 10:58 B C:\inetpub\wwwroot\configuration-0.php --> ftp3.ftptoyoursite.com /web/content/SITE-TEST configuration-0.php
2012.09.04 10:58 B C:\inetpub\wwwroot\configuration.php --> ftp3.ftptoyoursite.com /web/content/SITE-TEST configuration.php
2012.09.04 10:58 B C:\inetpub\wwwroot\htaccess.htaccess --> ftp3.ftptoyoursite.com /web/content/SITE-TEST htaccess.htaccess
2012.09.04 10:58 B C:\inetpub\wwwroot\htaccess.txt --> ftp3.ftptoyoursite.com /web/content/SITE-TEST htaccess.txt
2012.09.04 10:58 B C:\inetpub\wwwroot\index.php --> ftp3.ftptoyoursite.com /web/content/SITE-TEST index.php
2012.09.04 10:58 B C:\inetpub\wwwroot\LICENSE.txt --> ftp3.ftptoyoursite.com /web/content/SITE-TEST LICENSE.txt
2012.09.04 10:58 B C:\inetpub\wwwroot\README.txt --> ftp3.ftptoyoursite.com /web/content/SITE-TEST README.txt
2012.09.04 10:58 B C:\inetpub\wwwroot\robots.txt --> ftp3.ftptoyoursite.com /web/content/SITE-TEST robots.txt
2012.09.04 10:58 B C:\inetpub\wwwroot\sitemap.xml --> ftp3.ftptoyoursite.com /web/content/SITE-TEST sitemap.xml
2012.09.04 10:58 B C:\inetpub\wwwroot\web-1.config --> ftp3.ftptoyoursite.com /web/content/SITE-TEST web-1.config
2012.09.04 10:58 B C:\inetpub\wwwroot\web.config --> ftp3.ftptoyoursite.com /web/content/SITE-TEST web.config
2012.09.04 10:58 B C:\inetpub\wwwroot\web.config-1.txt --> ftp3.ftptoyoursite.com /web/content/SITE-TEST web.config-1.txt
2012.09.04 10:58 B C:\inetpub\wwwroot\WS_FTP.LOG --> ftp3.ftptoyoursite.com /web/content/SITE-TEST WS_FTP.LOG
2012.09.06 15:18 B C:\inetpub\wwwroot\.htaccess --> ftp3.ftptoyoursite.com /web/content/SITEBACKUP_962012 .htaccess
2012.09.06 15:18 B C:\inetpub\wwwroot\configuration-0.php --> ftp3.ftptoyoursite.com /web/content/SITEBACKUP_962012 configuration-0.php
2012.09.06 15:18 B C:\inetpub\wwwroot\configuration.php --> ftp3.ftptoyoursite.com /web/content/SITEBACKUP_962012 configuration.php
2012.09.06 15:18 B C:\inetpub\wwwroot\htaccess.htaccess --> ftp3.ftptoyoursite.com /web/content/SITEBACKUP_962012 htaccess.htaccess
2012.09.06 15:18 B C:\inetpub\wwwroot\htaccess.txt --> ftp3.ftptoyoursite.com /web/content/SITEBACKUP_962012 htaccess.txt
2012.09.06 15:18 B C:\inetpub\wwwroot\index.php --> ftp3.ftptoyoursite.com /web/content/SITEBACKUP_962012 index.php
2012.09.06 15:18 B C:\inetpub\wwwroot\LICENSE.txt --> ftp3.ftptoyoursite.com /web/content/SITEBACKUP_962012 LICENSE.txt
2012.09.06 15:18 B C:\inetpub\wwwroot\README.txt --> ftp3.ftptoyoursite.com /web/content/SITEBACKUP_962012 README.txt
2012.09.06 15:18 B C:\inetpub\wwwroot\robots.txt --> ftp3.ftptoyoursite.com /web/content/SITEBACKUP_962012 robots.txt
2012.09.06 15:18 B C:\inetpub\wwwroot\sitemap.xml --> ftp3.ftptoyoursite.com /web/content/SITEBACKUP_962012 sitemap.xml
2012.09.06 15:18 B C:\inetpub\wwwroot\web-1.config --> ftp3.ftptoyoursite.com /web/content/SITEBACKUP_962012 web-1.config
2012.09.06 15:18 B C:\inetpub\wwwroot\web.config --> ftp3.ftptoyoursite.com /web/content/SITEBACKUP_962012 web.config
2012.09.06 15:18 B C:\inetpub\wwwroot\web.config-1.txt --> ftp3.ftptoyoursite.com /web/content/SITEBACKUP_962012 web.config-1.txt
2012.10.19 14:06 B C:\inetpub\wwwroot\configuration.php --> ftp3.ftptoyoursite.com /web/content/database configuration.php
2012.10.23 09:20 B C:\inetpub\wwwroot\.htaccess --> ftp3.ftptoyoursite.com /web/content .htaccess
2012.10.23 09:20 B C:\inetpub\wwwroot\configuration-0.php --> ftp3.ftptoyoursite.com /web/content configuration-0.php
2012.10.23 09:20 B C:\inetpub\wwwroot\htaccess.htaccess --> ftp3.ftptoyoursite.com /web/content htaccess.htaccess
2012.10.23 09:20 B C:\inetpub\wwwroot\htaccess.txt --> ftp3.ftptoyoursite.com /web/content htaccess.txt
2012.10.23 09:20 B C:\inetpub\wwwroot\index.php --> ftp3.ftptoyoursite.com /web/content index.php
2012.10.23 09:20 B C:\inetpub\wwwroot\LICENSE.txt --> ftp3.ftptoyoursite.com /web/content LICENSE.txt
2012.10.23 09:20 B C:\inetpub\wwwroot\README.txt --> ftp3.ftptoyoursite.com /web/content README.txt
2012.10.23 09:20 B C:\inetpub\wwwroot\robots.txt --> ftp3.ftptoyoursite.com /web/content robots.txt
2012.10.23 09:20 B C:\inetpub\wwwroot\sitemap.xml --> ftp3.ftptoyoursite.com /web/content sitemap.xml
2012.10.23 09:20 B C:\inetpub\wwwroot\WS_FTP.LOG --> ftp3.ftptoyoursite.com /web/content WS_FTP.LOG
2012.10.23 09:28 B C:\inetpub\wwwroot\.htaccess --> ftp3.ftptoyoursite.com /web/content/KRONOS_ServerFiles .htaccess
2012.10.23 09:28 B C:\inetpub\wwwroot\configuration-0.php --> ftp3.ftptoyoursite.com /web/content/KRONOS_ServerFiles configuration-0.php
2012.10.23 09:28 B C:\inetpub\wwwroot\configuration.php --> ftp3.ftptoyoursite.com /web/content/KRONOS_ServerFiles configuration.php
2012.10.23 09:28 B C:\inetpub\wwwroot\htaccess.htaccess --> ftp3.ftptoyoursite.com /web/content/KRONOS_ServerFiles htaccess.htaccess
2012.10.23 09:28 B C:\inetpub\wwwroot\htaccess.txt --> ftp3.ftptoyoursite.com /web/content/KRONOS_ServerFiles htaccess.txt
2012.10.23 09:28 B C:\inetpub\wwwroot\web-1.config --> ftp3.ftptoyoursite.com /web/content/KRONOS_ServerFiles web-1.config
2012.10.23 09:28 B C:\inetpub\wwwroot\web.config --> ftp3.ftptoyoursite.com /web/content/KRONOS_ServerFiles web.config
2012.10.23 09:28 B C:\inetpub\wwwroot\web.config-1.txt --> ftp3.ftptoyoursite.com /web/content/KRONOS_ServerFiles web.config-1.txt
2012.10.26 11:20 B C:\inetpub\wwwroot\configuration.php --> ftp3.ftptoyoursite.com / configuration.php
2012.11.26 17:32 B C:\inetpub\wwwroot\index.php --> ftp3.ftptoyoursite.com /web/content index.php
2012.11.26 17:32 B C:\inetpub\wwwroot\LICENSE.txt --> ftp3.ftptoyoursite.com /web/content LICENSE.txt
2012.11.26 17:32 B C:\inetpub\wwwroot\README.txt --> ftp3.ftptoyoursite.com /web/content README.txt
2012.11.26 17:32 B C:\inetpub\wwwroot\robots.txt --> ftp3.ftptoyoursite.com /web/content robots.txt
2012.11.26 17:32 B C:\inetpub\wwwroot\sitemap.xml --> ftp3.ftptoyoursite.com /web/content sitemap.xml
2012.11.27 10:01 B C:\inetpub\wwwroot\configuration.php --> ftp3.ftptoyoursite.com /web/content/beta_config configuration.php
2013.02.01 16:36 B C:\inetpub\wwwroot\configuration.php --> ftp3.ftptoyoursite.com /web/content/beta_config configuration.php
2013.02.04 08:58 B C:\inetpub\wwwroot\configuration.php --> ftp3.ftptoyoursite.com /web/content/db configuration.php
2013.02.04 08:58 B C:\inetpub\wwwroot\configuration.php --> ftp3.ftptoyoursite.com /web/content/db configuration.php
2013.02.04 08:58 B C:\inetpub\wwwroot\configuration.php --> ftp3.ftptoyoursite.com /web/content/beta_config configuration.php
2013.02.04 11:41 B C:\inetpub\wwwroot\517725_devkronos.sql <-- Schubert Rackspace /web/content/db 517725_devkronos.sql
2013.02.04 11:41 B C:\inetpub\wwwroot\bigdump.php <-- Schubert Rackspace /web/content/db bigdump.php
2013.02.04 11:43 B C:\inetpub\wwwroot\bigdump.php <-- Schubert Rackspace /web/content/db bigdump.php
2013.02.04 11:57 B C:\inetpub\wwwroot\517725_devkronos_revised.sql <-- Schubert Rackspace /web/content/db 517725_devkronos_revised.sql
2013.02.04 11:57 B C:\inetpub\wwwroot\bigdump.php <-- Schubert Rackspace /web/content/db bigdump.php
2013.02.04 12:02 B C:\inetpub\wwwroot\517725_devkronos_revised.sql <-- Schubert Rackspace /web/content/db 517725_devkronos_revised.sql
