2012.07.25 12:20 B C:\Users\COBRIEN\Desktop\Schubert\templates\system\images\calendar.png <-- Schubert Rackspace /web/content/templates/system/images calendar.png
2012.07.25 12:20 B C:\Users\COBRIEN\Desktop\Schubert\templates\system\images\index.html <-- Schubert Rackspace /web/content/templates/system/images index.html
2012.07.25 12:20 B C:\Users\COBRIEN\Desktop\Schubert\templates\system\images\j_button2_blank.png <-- Schubert Rackspace /web/content/templates/system/images j_button2_blank.png
2012.07.25 12:20 B C:\Users\COBRIEN\Desktop\Schubert\templates\system\images\j_button2_image.png <-- Schubert Rackspace /web/content/templates/system/images j_button2_image.png
2012.07.25 12:20 B C:\Users\COBRIEN\Desktop\Schubert\templates\system\images\j_button2_left.png <-- Schubert Rackspace /web/content/templates/system/images j_button2_left.png
2012.07.25 12:20 B C:\Users\COBRIEN\Desktop\Schubert\templates\system\images\j_button2_pagebreak.png <-- Schubert Rackspace /web/content/templates/system/images j_button2_pagebreak.png
2012.07.25 12:20 B C:\Users\COBRIEN\Desktop\Schubert\templates\system\images\j_button2_readmore.png <-- Schubert Rackspace /web/content/templates/system/images j_button2_readmore.png
2012.07.25 12:20 B C:\Users\COBRIEN\Desktop\Schubert\templates\system\images\j_button2_right.png <-- Schubert Rackspace /web/content/templates/system/images j_button2_right.png
2012.07.25 12:20 B C:\Users\COBRIEN\Desktop\Schubert\templates\system\images\selector-arrow.png <-- Schubert Rackspace /web/content/templates/system/images selector-arrow.png
2012.08.10 16:52 B C:\inetpub\wwwroot\templates\system\images\calendar.png --> ftp3.ftptoyoursite.com /web/content/templates/templates/system/images calendar.png
2012.08.10 16:52 B C:\inetpub\wwwroot\templates\system\images\index.html --> ftp3.ftptoyoursite.com /web/content/templates/templates/system/images index.html
2012.08.10 16:52 B C:\inetpub\wwwroot\templates\system\images\j_button2_blank.png --> ftp3.ftptoyoursite.com /web/content/templates/templates/system/images j_button2_blank.png
2012.08.10 16:52 B C:\inetpub\wwwroot\templates\system\images\j_button2_image.png --> ftp3.ftptoyoursite.com /web/content/templates/templates/system/images j_button2_image.png
2012.08.10 16:52 B C:\inetpub\wwwroot\templates\system\images\j_button2_left.png --> ftp3.ftptoyoursite.com /web/content/templates/templates/system/images j_button2_left.png
2012.08.10 16:52 B C:\inetpub\wwwroot\templates\system\images\j_button2_pagebreak.png --> ftp3.ftptoyoursite.com /web/content/templates/templates/system/images j_button2_pagebreak.png
2012.08.10 16:52 B C:\inetpub\wwwroot\templates\system\images\j_button2_readmore.png --> ftp3.ftptoyoursite.com /web/content/templates/templates/system/images j_button2_readmore.png
2012.08.10 16:52 B C:\inetpub\wwwroot\templates\system\images\j_button2_right.png --> ftp3.ftptoyoursite.com /web/content/templates/templates/system/images j_button2_right.png
2012.08.10 16:52 B C:\inetpub\wwwroot\templates\system\images\selector-arrow.png --> ftp3.ftptoyoursite.com /web/content/templates/templates/system/images selector-arrow.png
2012.08.10 16:52 B C:\inetpub\wwwroot\templates\system\images\WS_FTP.LOG --> ftp3.ftptoyoursite.com /web/content/templates/templates/system/images WS_FTP.LOG
2012.09.04 10:58 B C:\inetpub\wwwroot\templates\system\images\calendar.png --> ftp3.ftptoyoursite.com /web/content/SITE-TEST/templates/system/images calendar.png
2012.09.04 10:58 B C:\inetpub\wwwroot\templates\system\images\index.html --> ftp3.ftptoyoursite.com /web/content/SITE-TEST/templates/system/images index.html
2012.09.04 10:58 B C:\inetpub\wwwroot\templates\system\images\j_button2_blank.png --> ftp3.ftptoyoursite.com /web/content/SITE-TEST/templates/system/images j_button2_blank.png
2012.09.04 10:58 B C:\inetpub\wwwroot\templates\system\images\j_button2_image.png --> ftp3.ftptoyoursite.com /web/content/SITE-TEST/templates/system/images j_button2_image.png
2012.09.04 10:58 B C:\inetpub\wwwroot\templates\system\images\j_button2_left.png --> ftp3.ftptoyoursite.com /web/content/SITE-TEST/templates/system/images j_button2_left.png
2012.09.04 10:58 B C:\inetpub\wwwroot\templates\system\images\j_button2_pagebreak.png --> ftp3.ftptoyoursite.com /web/content/SITE-TEST/templates/system/images j_button2_pagebreak.png
2012.09.04 10:58 B C:\inetpub\wwwroot\templates\system\images\j_button2_readmore.png --> ftp3.ftptoyoursite.com /web/content/SITE-TEST/templates/system/images j_button2_readmore.png
2012.09.04 10:58 B C:\inetpub\wwwroot\templates\system\images\j_button2_right.png --> ftp3.ftptoyoursite.com /web/content/SITE-TEST/templates/system/images j_button2_right.png
2012.09.04 10:58 B C:\inetpub\wwwroot\templates\system\images\selector-arrow.png --> ftp3.ftptoyoursite.com /web/content/SITE-TEST/templates/system/images selector-arrow.png
2012.09.04 10:58 B C:\inetpub\wwwroot\templates\system\images\WS_FTP.LOG --> ftp3.ftptoyoursite.com /web/content/SITE-TEST/templates/system/images WS_FTP.LOG
2012.09.06 15:16 B C:\inetpub\wwwroot\templates\system\images\calendar.png --> ftp3.ftptoyoursite.com /web/content/SITEBACKUP_962012/templates/system/images calendar.png
2012.09.06 15:16 B C:\inetpub\wwwroot\templates\system\images\index.html --> ftp3.ftptoyoursite.com /web/content/SITEBACKUP_962012/templates/system/images index.html
2012.09.06 15:16 B C:\inetpub\wwwroot\templates\system\images\j_button2_blank.png --> ftp3.ftptoyoursite.com /web/content/SITEBACKUP_962012/templates/system/images j_button2_blank.png
2012.09.06 15:16 B C:\inetpub\wwwroot\templates\system\images\j_button2_image.png --> ftp3.ftptoyoursite.com /web/content/SITEBACKUP_962012/templates/system/images j_button2_image.png
2012.09.06 15:16 B C:\inetpub\wwwroot\templates\system\images\j_button2_left.png --> ftp3.ftptoyoursite.com /web/content/SITEBACKUP_962012/templates/system/images j_button2_left.png
2012.09.06 15:16 B C:\inetpub\wwwroot\templates\system\images\j_button2_pagebreak.png --> ftp3.ftptoyoursite.com /web/content/SITEBACKUP_962012/templates/system/images j_button2_pagebreak.png
2012.09.06 15:16 B C:\inetpub\wwwroot\templates\system\images\j_button2_readmore.png --> ftp3.ftptoyoursite.com /web/content/SITEBACKUP_962012/templates/system/images j_button2_readmore.png
2012.09.06 15:16 B C:\inetpub\wwwroot\templates\system\images\j_button2_right.png --> ftp3.ftptoyoursite.com /web/content/SITEBACKUP_962012/templates/system/images j_button2_right.png
2012.09.06 15:16 B C:\inetpub\wwwroot\templates\system\images\selector-arrow.png --> ftp3.ftptoyoursite.com /web/content/SITEBACKUP_962012/templates/system/images selector-arrow.png
2012.09.06 15:16 B C:\inetpub\wwwroot\templates\system\images\WS_FTP.LOG --> ftp3.ftptoyoursite.com /web/content/SITEBACKUP_962012/templates/system/images WS_FTP.LOG
2012.10.23 09:18 B C:\inetpub\wwwroot\templates\system\images\calendar.png --> ftp3.ftptoyoursite.com /web/content/templates/system/images calendar.png
2012.10.23 09:18 B C:\inetpub\wwwroot\templates\system\images\index.html --> ftp3.ftptoyoursite.com /web/content/templates/system/images index.html
2012.10.23 09:19 B C:\inetpub\wwwroot\templates\system\images\j_button2_blank.png --> ftp3.ftptoyoursite.com /web/content/templates/system/images j_button2_blank.png
2012.10.23 09:19 B C:\inetpub\wwwroot\templates\system\images\j_button2_image.png --> ftp3.ftptoyoursite.com /web/content/templates/system/images j_button2_image.png
2012.10.23 09:19 B C:\inetpub\wwwroot\templates\system\images\j_button2_left.png --> ftp3.ftptoyoursite.com /web/content/templates/system/images j_button2_left.png
2012.10.23 09:19 B C:\inetpub\wwwroot\templates\system\images\j_button2_pagebreak.png --> ftp3.ftptoyoursite.com /web/content/templates/system/images j_button2_pagebreak.png
2012.10.23 09:19 B C:\inetpub\wwwroot\templates\system\images\j_button2_readmore.png --> ftp3.ftptoyoursite.com /web/content/templates/system/images j_button2_readmore.png
2012.10.23 09:19 B C:\inetpub\wwwroot\templates\system\images\j_button2_right.png --> ftp3.ftptoyoursite.com /web/content/templates/system/images j_button2_right.png
2012.10.23 09:19 B C:\inetpub\wwwroot\templates\system\images\selector-arrow.png --> ftp3.ftptoyoursite.com /web/content/templates/system/images selector-arrow.png
2012.10.23 09:19 B C:\inetpub\wwwroot\templates\system\images\WS_FTP.LOG --> ftp3.ftptoyoursite.com /web/content/templates/system/images WS_FTP.LOG
2013.02.01 15:04 B C:\inetpub\wwwroot\templates\system\images\WS_FTP.LOG <-- Schubert Rackspace /web/content/templates/system/images WS_FTP.LOG
