2012.07.25 12:11 B C:\Users\COBRIEN\Desktop\Schubert\administrator\components\com_jce\media\css\colorpicker.css <-- Schubert Rackspace /web/content/administrator/components/com_jce/media/css colorpicker.css
2012.07.25 12:11 B C:\Users\COBRIEN\Desktop\Schubert\administrator\components\com_jce\media\css\cpanel.css <-- Schubert Rackspace /web/content/administrator/components/com_jce/media/css cpanel.css
2012.07.25 12:11 B C:\Users\COBRIEN\Desktop\Schubert\administrator\components\com_jce\media\css\extensions.css <-- Schubert Rackspace /web/content/administrator/components/com_jce/media/css extensions.css
2012.07.25 12:11 B C:\Users\COBRIEN\Desktop\Schubert\administrator\components\com_jce\media\css\global.css <-- Schubert Rackspace /web/content/administrator/components/com_jce/media/css global.css
2012.07.25 12:11 B C:\Users\COBRIEN\Desktop\Schubert\administrator\components\com_jce\media\css\icons.css <-- Schubert Rackspace /web/content/administrator/components/com_jce/media/css icons.css
2012.07.25 12:11 B C:\Users\COBRIEN\Desktop\Schubert\administrator\components\com_jce\media\css\index.html <-- Schubert Rackspace /web/content/administrator/components/com_jce/media/css index.html
2012.07.25 12:11 B C:\Users\COBRIEN\Desktop\Schubert\administrator\components\com_jce\media\css\installer.css <-- Schubert Rackspace /web/content/administrator/components/com_jce/media/css installer.css
2012.07.25 12:11 B C:\Users\COBRIEN\Desktop\Schubert\administrator\components\com_jce\media\css\layout.css <-- Schubert Rackspace /web/content/administrator/components/com_jce/media/css layout.css
2012.07.25 12:11 B C:\Users\COBRIEN\Desktop\Schubert\administrator\components\com_jce\media\css\legend.css <-- Schubert Rackspace /web/content/administrator/components/com_jce/media/css legend.css
2012.07.25 12:11 B C:\Users\COBRIEN\Desktop\Schubert\administrator\components\com_jce\media\css\preferences.css <-- Schubert Rackspace /web/content/administrator/components/com_jce/media/css preferences.css
2012.07.25 12:11 B C:\Users\COBRIEN\Desktop\Schubert\administrator\components\com_jce\media\css\profiles.css <-- Schubert Rackspace /web/content/administrator/components/com_jce/media/css profiles.css
2012.07.25 12:11 B C:\Users\COBRIEN\Desktop\Schubert\administrator\components\com_jce\media\css\styles.css <-- Schubert Rackspace /web/content/administrator/components/com_jce/media/css styles.css
2012.07.25 12:11 B C:\Users\COBRIEN\Desktop\Schubert\administrator\components\com_jce\media\css\updates.css <-- Schubert Rackspace /web/content/administrator/components/com_jce/media/css updates.css
2012.07.25 12:11 B C:\Users\COBRIEN\Desktop\Schubert\administrator\components\com_jce\media\css\upload.css <-- Schubert Rackspace /web/content/administrator/components/com_jce/media/css upload.css
2012.09.04 10:44 B C:\inetpub\wwwroot\administrator\components\com_jce\media\css\colorpicker.css --> ftp3.ftptoyoursite.com /web/content/SITE-TEST/administrator/components/com_jce/media/css colorpicker.css
2012.09.04 10:44 B C:\inetpub\wwwroot\administrator\components\com_jce\media\css\cpanel.css --> ftp3.ftptoyoursite.com /web/content/SITE-TEST/administrator/components/com_jce/media/css cpanel.css
2012.09.04 10:44 B C:\inetpub\wwwroot\administrator\components\com_jce\media\css\extensions.css --> ftp3.ftptoyoursite.com /web/content/SITE-TEST/administrator/components/com_jce/media/css extensions.css
2012.09.04 10:44 B C:\inetpub\wwwroot\administrator\components\com_jce\media\css\global.css --> ftp3.ftptoyoursite.com /web/content/SITE-TEST/administrator/components/com_jce/media/css global.css
2012.09.04 10:44 B C:\inetpub\wwwroot\administrator\components\com_jce\media\css\icons.css --> ftp3.ftptoyoursite.com /web/content/SITE-TEST/administrator/components/com_jce/media/css icons.css
2012.09.04 10:44 B C:\inetpub\wwwroot\administrator\components\com_jce\media\css\index.html --> ftp3.ftptoyoursite.com /web/content/SITE-TEST/administrator/components/com_jce/media/css index.html
2012.09.04 10:44 B C:\inetpub\wwwroot\administrator\components\com_jce\media\css\installer.css --> ftp3.ftptoyoursite.com /web/content/SITE-TEST/administrator/components/com_jce/media/css installer.css
2012.09.04 10:44 B C:\inetpub\wwwroot\administrator\components\com_jce\media\css\layout.css --> ftp3.ftptoyoursite.com /web/content/SITE-TEST/administrator/components/com_jce/media/css layout.css
2012.09.04 10:44 B C:\inetpub\wwwroot\administrator\components\com_jce\media\css\legend.css --> ftp3.ftptoyoursite.com /web/content/SITE-TEST/administrator/components/com_jce/media/css legend.css
2012.09.04 10:44 B C:\inetpub\wwwroot\administrator\components\com_jce\media\css\preferences.css --> ftp3.ftptoyoursite.com /web/content/SITE-TEST/administrator/components/com_jce/media/css preferences.css
2012.09.04 10:44 B C:\inetpub\wwwroot\administrator\components\com_jce\media\css\profiles.css --> ftp3.ftptoyoursite.com /web/content/SITE-TEST/administrator/components/com_jce/media/css profiles.css
2012.09.04 10:44 B C:\inetpub\wwwroot\administrator\components\com_jce\media\css\styles.css --> ftp3.ftptoyoursite.com /web/content/SITE-TEST/administrator/components/com_jce/media/css styles.css
2012.09.04 10:44 B C:\inetpub\wwwroot\administrator\components\com_jce\media\css\updates.css --> ftp3.ftptoyoursite.com /web/content/SITE-TEST/administrator/components/com_jce/media/css updates.css
2012.09.04 10:44 B C:\inetpub\wwwroot\administrator\components\com_jce\media\css\upload.css --> ftp3.ftptoyoursite.com /web/content/SITE-TEST/administrator/components/com_jce/media/css upload.css
2012.09.04 10:44 B C:\inetpub\wwwroot\administrator\components\com_jce\media\css\WS_FTP.LOG --> ftp3.ftptoyoursite.com /web/content/SITE-TEST/administrator/components/com_jce/media/css WS_FTP.LOG
2012.09.06 14:59 B C:\inetpub\wwwroot\administrator\components\com_jce\media\css\colorpicker.css --> ftp3.ftptoyoursite.com /web/content/SITEBACKUP_962012/administrator/components/com_jce/media/css colorpicker.css
2012.09.06 14:59 B C:\inetpub\wwwroot\administrator\components\com_jce\media\css\cpanel.css --> ftp3.ftptoyoursite.com /web/content/SITEBACKUP_962012/administrator/components/com_jce/media/css cpanel.css
2012.09.06 14:59 B C:\inetpub\wwwroot\administrator\components\com_jce\media\css\extensions.css --> ftp3.ftptoyoursite.com /web/content/SITEBACKUP_962012/administrator/components/com_jce/media/css extensions.css
2012.09.06 14:59 B C:\inetpub\wwwroot\administrator\components\com_jce\media\css\global.css --> ftp3.ftptoyoursite.com /web/content/SITEBACKUP_962012/administrator/components/com_jce/media/css global.css
2012.09.06 14:59 B C:\inetpub\wwwroot\administrator\components\com_jce\media\css\icons.css --> ftp3.ftptoyoursite.com /web/content/SITEBACKUP_962012/administrator/components/com_jce/media/css icons.css
2012.09.06 14:59 B C:\inetpub\wwwroot\administrator\components\com_jce\media\css\index.html --> ftp3.ftptoyoursite.com /web/content/SITEBACKUP_962012/administrator/components/com_jce/media/css index.html
2012.09.06 14:59 B C:\inetpub\wwwroot\administrator\components\com_jce\media\css\installer.css --> ftp3.ftptoyoursite.com /web/content/SITEBACKUP_962012/administrator/components/com_jce/media/css installer.css
2012.09.06 14:59 B C:\inetpub\wwwroot\administrator\components\com_jce\media\css\layout.css --> ftp3.ftptoyoursite.com /web/content/SITEBACKUP_962012/administrator/components/com_jce/media/css layout.css
2012.09.06 14:59 B C:\inetpub\wwwroot\administrator\components\com_jce\media\css\legend.css --> ftp3.ftptoyoursite.com /web/content/SITEBACKUP_962012/administrator/components/com_jce/media/css legend.css
2012.09.06 14:59 B C:\inetpub\wwwroot\administrator\components\com_jce\media\css\preferences.css --> ftp3.ftptoyoursite.com /web/content/SITEBACKUP_962012/administrator/components/com_jce/media/css preferences.css
2012.09.06 14:59 B C:\inetpub\wwwroot\administrator\components\com_jce\media\css\profiles.css --> ftp3.ftptoyoursite.com /web/content/SITEBACKUP_962012/administrator/components/com_jce/media/css profiles.css
2012.09.06 14:59 B C:\inetpub\wwwroot\administrator\components\com_jce\media\css\styles.css --> ftp3.ftptoyoursite.com /web/content/SITEBACKUP_962012/administrator/components/com_jce/media/css styles.css
2012.09.06 14:59 B C:\inetpub\wwwroot\administrator\components\com_jce\media\css\updates.css --> ftp3.ftptoyoursite.com /web/content/SITEBACKUP_962012/administrator/components/com_jce/media/css updates.css
2012.09.06 14:59 B C:\inetpub\wwwroot\administrator\components\com_jce\media\css\upload.css --> ftp3.ftptoyoursite.com /web/content/SITEBACKUP_962012/administrator/components/com_jce/media/css upload.css
2012.09.06 14:59 B C:\inetpub\wwwroot\administrator\components\com_jce\media\css\WS_FTP.LOG --> ftp3.ftptoyoursite.com /web/content/SITEBACKUP_962012/administrator/components/com_jce/media/css WS_FTP.LOG
2012.09.06 15:20 B C:\inetpub\wwwroot\administrator\components\com_jce\media\css\colorpicker.css <-- Schubert Rackspace /web/content/administrator/components/com_jce/media/css colorpicker.css
2012.09.06 15:20 B C:\inetpub\wwwroot\administrator\components\com_jce\media\css\cpanel.css <-- Schubert Rackspace /web/content/administrator/components/com_jce/media/css cpanel.css
2012.09.06 15:20 B C:\inetpub\wwwroot\administrator\components\com_jce\media\css\extensions.css <-- Schubert Rackspace /web/content/administrator/components/com_jce/media/css extensions.css
2012.09.06 15:20 B C:\inetpub\wwwroot\administrator\components\com_jce\media\css\global.css <-- Schubert Rackspace /web/content/administrator/components/com_jce/media/css global.css
2012.09.06 15:20 B C:\inetpub\wwwroot\administrator\components\com_jce\media\css\icons.css <-- Schubert Rackspace /web/content/administrator/components/com_jce/media/css icons.css
2012.09.06 15:20 B C:\inetpub\wwwroot\administrator\components\com_jce\media\css\index.html <-- Schubert Rackspace /web/content/administrator/components/com_jce/media/css index.html
2012.09.06 15:20 B C:\inetpub\wwwroot\administrator\components\com_jce\media\css\install.css <-- Schubert Rackspace /web/content/administrator/components/com_jce/media/css install.css
2012.09.06 15:20 B C:\inetpub\wwwroot\administrator\components\com_jce\media\css\installer.css <-- Schubert Rackspace /web/content/administrator/components/com_jce/media/css installer.css
2012.09.06 15:20 B C:\inetpub\wwwroot\administrator\components\com_jce\media\css\layout.css <-- Schubert Rackspace /web/content/administrator/components/com_jce/media/css layout.css
2012.09.06 15:20 B C:\inetpub\wwwroot\administrator\components\com_jce\media\css\legend.css <-- Schubert Rackspace /web/content/administrator/components/com_jce/media/css legend.css
2012.09.06 15:20 B C:\inetpub\wwwroot\administrator\components\com_jce\media\css\module.css <-- Schubert Rackspace /web/content/administrator/components/com_jce/media/css module.css
2012.09.06 15:20 B C:\inetpub\wwwroot\administrator\components\com_jce\media\css\preferences.css <-- Schubert Rackspace /web/content/administrator/components/com_jce/media/css preferences.css
2012.09.06 15:20 B C:\inetpub\wwwroot\administrator\components\com_jce\media\css\profiles.css <-- Schubert Rackspace /web/content/administrator/components/com_jce/media/css profiles.css
2012.09.06 15:20 B C:\inetpub\wwwroot\administrator\components\com_jce\media\css\styles.css <-- Schubert Rackspace /web/content/administrator/components/com_jce/media/css styles.css
2012.09.06 15:20 B C:\inetpub\wwwroot\administrator\components\com_jce\media\css\updates.css <-- Schubert Rackspace /web/content/administrator/components/com_jce/media/css updates.css
2012.09.06 15:20 B C:\inetpub\wwwroot\administrator\components\com_jce\media\css\upload.css <-- Schubert Rackspace /web/content/administrator/components/com_jce/media/css upload.css
2012.09.06 15:44 B C:\inetpub\wwwroot\administrator\components\com_jce\media\css\colorpicker.css <-- Schubert Rackspace /web/content/SITEBACKUP_962012/administrator/components/com_jce/media/css colorpicker.css
2012.09.06 15:44 B C:\inetpub\wwwroot\administrator\components\com_jce\media\css\cpanel.css <-- Schubert Rackspace /web/content/SITEBACKUP_962012/administrator/components/com_jce/media/css cpanel.css
2012.09.06 15:44 B C:\inetpub\wwwroot\administrator\components\com_jce\media\css\extensions.css <-- Schubert Rackspace /web/content/SITEBACKUP_962012/administrator/components/com_jce/media/css extensions.css
2012.09.06 15:44 B C:\inetpub\wwwroot\administrator\components\com_jce\media\css\global.css <-- Schubert Rackspace /web/content/SITEBACKUP_962012/administrator/components/com_jce/media/css global.css
2012.09.06 15:44 B C:\inetpub\wwwroot\administrator\components\com_jce\media\css\icons.css <-- Schubert Rackspace /web/content/SITEBACKUP_962012/administrator/components/com_jce/media/css icons.css
2012.09.06 15:44 B C:\inetpub\wwwroot\administrator\components\com_jce\media\css\index.html <-- Schubert Rackspace /web/content/SITEBACKUP_962012/administrator/components/com_jce/media/css index.html
2012.09.06 15:44 B C:\inetpub\wwwroot\administrator\components\com_jce\media\css\installer.css <-- Schubert Rackspace /web/content/SITEBACKUP_962012/administrator/components/com_jce/media/css installer.css
2012.09.06 15:44 B C:\inetpub\wwwroot\administrator\components\com_jce\media\css\layout.css <-- Schubert Rackspace /web/content/SITEBACKUP_962012/administrator/components/com_jce/media/css layout.css
2012.09.06 15:44 B C:\inetpub\wwwroot\administrator\components\com_jce\media\css\legend.css <-- Schubert Rackspace /web/content/SITEBACKUP_962012/administrator/components/com_jce/media/css legend.css
2012.09.06 15:44 B C:\inetpub\wwwroot\administrator\components\com_jce\media\css\preferences.css <-- Schubert Rackspace /web/content/SITEBACKUP_962012/administrator/components/com_jce/media/css preferences.css
2012.09.06 15:44 B C:\inetpub\wwwroot\administrator\components\com_jce\media\css\profiles.css <-- Schubert Rackspace /web/content/SITEBACKUP_962012/administrator/components/com_jce/media/css profiles.css
2012.09.06 15:44 B C:\inetpub\wwwroot\administrator\components\com_jce\media\css\styles.css <-- Schubert Rackspace /web/content/SITEBACKUP_962012/administrator/components/com_jce/media/css styles.css
2012.09.06 15:44 B C:\inetpub\wwwroot\administrator\components\com_jce\media\css\updates.css <-- Schubert Rackspace /web/content/SITEBACKUP_962012/administrator/components/com_jce/media/css updates.css
2012.09.06 15:44 B C:\inetpub\wwwroot\administrator\components\com_jce\media\css\upload.css <-- Schubert Rackspace /web/content/SITEBACKUP_962012/administrator/components/com_jce/media/css upload.css
2012.10.23 09:04 B C:\inetpub\wwwroot\administrator\components\com_jce\media\css\colorpicker.css --> ftp3.ftptoyoursite.com /web/content/administrator/components/com_jce/media/css colorpicker.css
2012.10.23 09:04 B C:\inetpub\wwwroot\administrator\components\com_jce\media\css\cpanel.css --> ftp3.ftptoyoursite.com /web/content/administrator/components/com_jce/media/css cpanel.css
2012.10.23 09:04 B C:\inetpub\wwwroot\administrator\components\com_jce\media\css\extensions.css --> ftp3.ftptoyoursite.com /web/content/administrator/components/com_jce/media/css extensions.css
2012.10.23 09:04 B C:\inetpub\wwwroot\administrator\components\com_jce\media\css\global.css --> ftp3.ftptoyoursite.com /web/content/administrator/components/com_jce/media/css global.css
2012.10.23 09:04 B C:\inetpub\wwwroot\administrator\components\com_jce\media\css\icons.css --> ftp3.ftptoyoursite.com /web/content/administrator/components/com_jce/media/css icons.css
2012.10.23 09:04 B C:\inetpub\wwwroot\administrator\components\com_jce\media\css\index.html --> ftp3.ftptoyoursite.com /web/content/administrator/components/com_jce/media/css index.html
2012.10.23 09:04 B C:\inetpub\wwwroot\administrator\components\com_jce\media\css\install.css --> ftp3.ftptoyoursite.com /web/content/administrator/components/com_jce/media/css install.css
2012.10.23 09:04 B C:\inetpub\wwwroot\administrator\components\com_jce\media\css\installer.css --> ftp3.ftptoyoursite.com /web/content/administrator/components/com_jce/media/css installer.css
2012.10.23 09:04 B C:\inetpub\wwwroot\administrator\components\com_jce\media\css\layout.css --> ftp3.ftptoyoursite.com /web/content/administrator/components/com_jce/media/css layout.css
2012.10.23 09:04 B C:\inetpub\wwwroot\administrator\components\com_jce\media\css\legend.css --> ftp3.ftptoyoursite.com /web/content/administrator/components/com_jce/media/css legend.css
2012.10.23 09:04 B C:\inetpub\wwwroot\administrator\components\com_jce\media\css\module.css --> ftp3.ftptoyoursite.com /web/content/administrator/components/com_jce/media/css module.css
2012.10.23 09:04 B C:\inetpub\wwwroot\administrator\components\com_jce\media\css\preferences.css --> ftp3.ftptoyoursite.com /web/content/administrator/components/com_jce/media/css preferences.css
2012.10.23 09:04 B C:\inetpub\wwwroot\administrator\components\com_jce\media\css\profiles.css --> ftp3.ftptoyoursite.com /web/content/administrator/components/com_jce/media/css profiles.css
2012.10.23 09:04 B C:\inetpub\wwwroot\administrator\components\com_jce\media\css\styles.css --> ftp3.ftptoyoursite.com /web/content/administrator/components/com_jce/media/css styles.css
2012.10.23 09:04 B C:\inetpub\wwwroot\administrator\components\com_jce\media\css\updates.css --> ftp3.ftptoyoursite.com /web/content/administrator/components/com_jce/media/css updates.css
2012.10.23 09:04 B C:\inetpub\wwwroot\administrator\components\com_jce\media\css\upload.css --> ftp3.ftptoyoursite.com /web/content/administrator/components/com_jce/media/css upload.css
2012.10.23 09:04 B C:\inetpub\wwwroot\administrator\components\com_jce\media\css\WS_FTP.LOG --> ftp3.ftptoyoursite.com /web/content/administrator/components/com_jce/media/css WS_FTP.LOG
2013.02.01 14:40 B C:\inetpub\wwwroot\administrator\components\com_jce\media\css\WS_FTP.LOG <-- Schubert Rackspace /web/content/administrator/components/com_jce/media/css WS_FTP.LOG
