2012.07.25 12:18 B C:\Users\COBRIEN\Desktop\Schubert\libraries\phpmailer\index.html <-- Schubert Rackspace /web/content/libraries/phpmailer index.html
2012.07.25 12:18 B C:\Users\COBRIEN\Desktop\Schubert\libraries\phpmailer\LICENSE <-- Schubert Rackspace /web/content/libraries/phpmailer LICENSE
2012.07.25 12:18 B C:\Users\COBRIEN\Desktop\Schubert\libraries\phpmailer\phpmailer.php <-- Schubert Rackspace /web/content/libraries/phpmailer phpmailer.php
2012.07.25 12:18 B C:\Users\COBRIEN\Desktop\Schubert\libraries\phpmailer\pop3.php <-- Schubert Rackspace /web/content/libraries/phpmailer pop3.php
2012.07.25 12:18 B C:\Users\COBRIEN\Desktop\Schubert\libraries\phpmailer\smtp.php <-- Schubert Rackspace /web/content/libraries/phpmailer smtp.php
2012.09.04 10:54 B C:\inetpub\wwwroot\libraries\phpmailer\index.html --> ftp3.ftptoyoursite.com /web/content/SITE-TEST/libraries/phpmailer index.html
2012.09.04 10:54 B C:\inetpub\wwwroot\libraries\phpmailer\LICENSE --> ftp3.ftptoyoursite.com /web/content/SITE-TEST/libraries/phpmailer LICENSE
2012.09.04 10:54 B C:\inetpub\wwwroot\libraries\phpmailer\phpmailer.php --> ftp3.ftptoyoursite.com /web/content/SITE-TEST/libraries/phpmailer phpmailer.php
2012.09.04 10:54 B C:\inetpub\wwwroot\libraries\phpmailer\pop3.php --> ftp3.ftptoyoursite.com /web/content/SITE-TEST/libraries/phpmailer pop3.php
2012.09.04 10:54 B C:\inetpub\wwwroot\libraries\phpmailer\smtp.php --> ftp3.ftptoyoursite.com /web/content/SITE-TEST/libraries/phpmailer smtp.php
2012.09.04 10:54 B C:\inetpub\wwwroot\libraries\phpmailer\WS_FTP.LOG --> ftp3.ftptoyoursite.com /web/content/SITE-TEST/libraries/phpmailer WS_FTP.LOG
2012.09.06 15:13 B C:\inetpub\wwwroot\libraries\phpmailer\index.html --> ftp3.ftptoyoursite.com /web/content/SITEBACKUP_962012/libraries/phpmailer index.html
2012.09.06 15:13 B C:\inetpub\wwwroot\libraries\phpmailer\LICENSE --> ftp3.ftptoyoursite.com /web/content/SITEBACKUP_962012/libraries/phpmailer LICENSE
2012.09.06 15:13 B C:\inetpub\wwwroot\libraries\phpmailer\phpmailer.php --> ftp3.ftptoyoursite.com /web/content/SITEBACKUP_962012/libraries/phpmailer phpmailer.php
2012.09.06 15:13 B C:\inetpub\wwwroot\libraries\phpmailer\pop3.php --> ftp3.ftptoyoursite.com /web/content/SITEBACKUP_962012/libraries/phpmailer pop3.php
2012.09.06 15:13 B C:\inetpub\wwwroot\libraries\phpmailer\smtp.php --> ftp3.ftptoyoursite.com /web/content/SITEBACKUP_962012/libraries/phpmailer smtp.php
2012.09.06 15:13 B C:\inetpub\wwwroot\libraries\phpmailer\WS_FTP.LOG --> ftp3.ftptoyoursite.com /web/content/SITEBACKUP_962012/libraries/phpmailer WS_FTP.LOG
2012.10.23 09:15 B C:\inetpub\wwwroot\libraries\phpmailer\index.html --> ftp3.ftptoyoursite.com /web/content/libraries/phpmailer index.html
2012.10.23 09:15 B C:\inetpub\wwwroot\libraries\phpmailer\LICENSE --> ftp3.ftptoyoursite.com /web/content/libraries/phpmailer LICENSE
2012.10.23 09:15 B C:\inetpub\wwwroot\libraries\phpmailer\phpmailer.php --> ftp3.ftptoyoursite.com /web/content/libraries/phpmailer phpmailer.php
2012.10.23 09:15 B C:\inetpub\wwwroot\libraries\phpmailer\pop3.php --> ftp3.ftptoyoursite.com /web/content/libraries/phpmailer pop3.php
2012.10.23 09:15 B C:\inetpub\wwwroot\libraries\phpmailer\smtp.php --> ftp3.ftptoyoursite.com /web/content/libraries/phpmailer smtp.php
2012.10.23 09:15 B C:\inetpub\wwwroot\libraries\phpmailer\WS_FTP.LOG --> ftp3.ftptoyoursite.com /web/content/libraries/phpmailer WS_FTP.LOG
2013.02.01 14:54 B C:\inetpub\wwwroot\libraries\phpmailer\WS_FTP.LOG <-- Schubert Rackspace /web/content/libraries/phpmailer WS_FTP.LOG
