2013.02.04 11:33 B C:\inetpub\wwwroot\phpMyAdmin\js\common.js <-- Schubert Rackspace /web/content/db/phpMyAdmin/js common.js
2013.02.04 11:33 B C:\inetpub\wwwroot\phpMyAdmin\js\config.js <-- Schubert Rackspace /web/content/db/phpMyAdmin/js config.js
2013.02.04 11:33 B C:\inetpub\wwwroot\phpMyAdmin\js\cross_framing_protection.js <-- Schubert Rackspace /web/content/db/phpMyAdmin/js cross_framing_protection.js
2013.02.04 11:33 B C:\inetpub\wwwroot\phpMyAdmin\js\date.js <-- Schubert Rackspace /web/content/db/phpMyAdmin/js date.js
2013.02.04 11:33 B C:\inetpub\wwwroot\phpMyAdmin\js\db_operations.js <-- Schubert Rackspace /web/content/db/phpMyAdmin/js db_operations.js
2013.02.04 11:33 B C:\inetpub\wwwroot\phpMyAdmin\js\db_search.js <-- Schubert Rackspace /web/content/db/phpMyAdmin/js db_search.js
2013.02.04 11:33 B C:\inetpub\wwwroot\phpMyAdmin\js\db_structure.js <-- Schubert Rackspace /web/content/db/phpMyAdmin/js db_structure.js
2013.02.04 11:33 B C:\inetpub\wwwroot\phpMyAdmin\js\dom-drag.js <-- Schubert Rackspace /web/content/db/phpMyAdmin/js dom-drag.js
2013.02.04 11:33 B C:\inetpub\wwwroot\phpMyAdmin\js\export.js <-- Schubert Rackspace /web/content/db/phpMyAdmin/js export.js
2013.02.04 11:33 B C:\inetpub\wwwroot\phpMyAdmin\js\functions.js <-- Schubert Rackspace /web/content/db/phpMyAdmin/js functions.js
2013.02.04 11:33 B C:\inetpub\wwwroot\phpMyAdmin\js\get_image.js.php <-- Schubert Rackspace /web/content/db/phpMyAdmin/js get_image.js.php
2013.02.04 11:33 B C:\inetpub\wwwroot\phpMyAdmin\js\gis_data_editor.js <-- Schubert Rackspace /web/content/db/phpMyAdmin/js gis_data_editor.js
2013.02.04 11:33 B C:\inetpub\wwwroot\phpMyAdmin\js\import.js <-- Schubert Rackspace /web/content/db/phpMyAdmin/js import.js
2013.02.04 11:33 B C:\inetpub\wwwroot\phpMyAdmin\js\indexes.js <-- Schubert Rackspace /web/content/db/phpMyAdmin/js indexes.js
2013.02.04 11:33 B C:\inetpub\wwwroot\phpMyAdmin\js\keyhandler.js <-- Schubert Rackspace /web/content/db/phpMyAdmin/js keyhandler.js
2013.02.04 11:33 B C:\inetpub\wwwroot\phpMyAdmin\js\makegrid.js <-- Schubert Rackspace /web/content/db/phpMyAdmin/js makegrid.js
2013.02.04 11:33 B C:\inetpub\wwwroot\phpMyAdmin\js\messages.php <-- Schubert Rackspace /web/content/db/phpMyAdmin/js messages.php
2013.02.04 11:33 B C:\inetpub\wwwroot\phpMyAdmin\js\navigation.js <-- Schubert Rackspace /web/content/db/phpMyAdmin/js navigation.js
2013.02.04 11:33 B C:\inetpub\wwwroot\phpMyAdmin\js\OpenStreetMap.js <-- Schubert Rackspace /web/content/db/phpMyAdmin/js OpenStreetMap.js
2013.02.04 11:33 B C:\inetpub\wwwroot\phpMyAdmin\js\querywindow.js <-- Schubert Rackspace /web/content/db/phpMyAdmin/js querywindow.js
2013.02.04 11:33 B C:\inetpub\wwwroot\phpMyAdmin\js\replication.js <-- Schubert Rackspace /web/content/db/phpMyAdmin/js replication.js
2013.02.04 11:33 B C:\inetpub\wwwroot\phpMyAdmin\js\server_plugins.js <-- Schubert Rackspace /web/content/db/phpMyAdmin/js server_plugins.js
2013.02.04 11:33 B C:\inetpub\wwwroot\phpMyAdmin\js\server_privileges.js <-- Schubert Rackspace /web/content/db/phpMyAdmin/js server_privileges.js
2013.02.04 11:33 B C:\inetpub\wwwroot\phpMyAdmin\js\server_status.js <-- Schubert Rackspace /web/content/db/phpMyAdmin/js server_status.js
2013.02.04 11:33 B C:\inetpub\wwwroot\phpMyAdmin\js\server_status_monitor.js <-- Schubert Rackspace /web/content/db/phpMyAdmin/js server_status_monitor.js
2013.02.04 11:33 B C:\inetpub\wwwroot\phpMyAdmin\js\server_synchronize.js <-- Schubert Rackspace /web/content/db/phpMyAdmin/js server_synchronize.js
2013.02.04 11:33 B C:\inetpub\wwwroot\phpMyAdmin\js\server_variables.js <-- Schubert Rackspace /web/content/db/phpMyAdmin/js server_variables.js
2013.02.04 11:33 B C:\inetpub\wwwroot\phpMyAdmin\js\sql.js <-- Schubert Rackspace /web/content/db/phpMyAdmin/js sql.js
2013.02.04 11:33 B C:\inetpub\wwwroot\phpMyAdmin\js\tbl_change.js <-- Schubert Rackspace /web/content/db/phpMyAdmin/js tbl_change.js
2013.02.04 11:33 B C:\inetpub\wwwroot\phpMyAdmin\js\tbl_chart.js <-- Schubert Rackspace /web/content/db/phpMyAdmin/js tbl_chart.js
2013.02.04 11:33 B C:\inetpub\wwwroot\phpMyAdmin\js\tbl_gis_visualization.js <-- Schubert Rackspace /web/content/db/phpMyAdmin/js tbl_gis_visualization.js
2013.02.04 11:33 B C:\inetpub\wwwroot\phpMyAdmin\js\tbl_relation.js <-- Schubert Rackspace /web/content/db/phpMyAdmin/js tbl_relation.js
2013.02.04 11:33 B C:\inetpub\wwwroot\phpMyAdmin\js\tbl_select.js <-- Schubert Rackspace /web/content/db/phpMyAdmin/js tbl_select.js
2013.02.04 11:33 B C:\inetpub\wwwroot\phpMyAdmin\js\tbl_structure.js <-- Schubert Rackspace /web/content/db/phpMyAdmin/js tbl_structure.js
2013.02.04 11:33 B C:\inetpub\wwwroot\phpMyAdmin\js\tbl_zoom_plot_jqplot.js <-- Schubert Rackspace /web/content/db/phpMyAdmin/js tbl_zoom_plot_jqplot.js
2013.02.04 11:33 B C:\inetpub\wwwroot\phpMyAdmin\js\update-location.js <-- Schubert Rackspace /web/content/db/phpMyAdmin/js update-location.js
