2012.07.25 12:11 B C:\Users\COBRIEN\Desktop\Schubert\administrator\components\com_media\views\imageslist\tmpl\default.php <-- Schubert Rackspace /web/content/administrator/components/com_media/views/imageslist/tmpl default.php
2012.07.25 12:11 B C:\Users\COBRIEN\Desktop\Schubert\administrator\components\com_media\views\imageslist\tmpl\default_folder.php <-- Schubert Rackspace /web/content/administrator/components/com_media/views/imageslist/tmpl default_folder.php
2012.07.25 12:11 B C:\Users\COBRIEN\Desktop\Schubert\administrator\components\com_media\views\imageslist\tmpl\default_image.php <-- Schubert Rackspace /web/content/administrator/components/com_media/views/imageslist/tmpl default_image.php
2012.07.25 12:11 B C:\Users\COBRIEN\Desktop\Schubert\administrator\components\com_media\views\imageslist\tmpl\index.html <-- Schubert Rackspace /web/content/administrator/components/com_media/views/imageslist/tmpl index.html
2012.09.04 10:45 B C:\inetpub\wwwroot\administrator\components\com_media\views\imageslist\tmpl\default.php --> ftp3.ftptoyoursite.com /web/content/SITE-TEST/administrator/components/com_media/views/imageslist/tmpl default.php
2012.09.04 10:45 B C:\inetpub\wwwroot\administrator\components\com_media\views\imageslist\tmpl\default_folder.php --> ftp3.ftptoyoursite.com /web/content/SITE-TEST/administrator/components/com_media/views/imageslist/tmpl default_folder.php
2012.09.04 10:45 B C:\inetpub\wwwroot\administrator\components\com_media\views\imageslist\tmpl\default_image.php --> ftp3.ftptoyoursite.com /web/content/SITE-TEST/administrator/components/com_media/views/imageslist/tmpl default_image.php
2012.09.04 10:45 B C:\inetpub\wwwroot\administrator\components\com_media\views\imageslist\tmpl\index.html --> ftp3.ftptoyoursite.com /web/content/SITE-TEST/administrator/components/com_media/views/imageslist/tmpl index.html
2012.09.04 10:45 B C:\inetpub\wwwroot\administrator\components\com_media\views\imageslist\tmpl\WS_FTP.LOG --> ftp3.ftptoyoursite.com /web/content/SITE-TEST/administrator/components/com_media/views/imageslist/tmpl WS_FTP.LOG
2012.09.06 15:00 B C:\inetpub\wwwroot\administrator\components\com_media\views\imageslist\tmpl\default.php --> ftp3.ftptoyoursite.com /web/content/SITEBACKUP_962012/administrator/components/com_media/views/imageslist/tmpl default.php
2012.09.06 15:00 B C:\inetpub\wwwroot\administrator\components\com_media\views\imageslist\tmpl\default_folder.php --> ftp3.ftptoyoursite.com /web/content/SITEBACKUP_962012/administrator/components/com_media/views/imageslist/tmpl default_folder.php
2012.09.06 15:00 B C:\inetpub\wwwroot\administrator\components\com_media\views\imageslist\tmpl\default_image.php --> ftp3.ftptoyoursite.com /web/content/SITEBACKUP_962012/administrator/components/com_media/views/imageslist/tmpl default_image.php
2012.09.06 15:00 B C:\inetpub\wwwroot\administrator\components\com_media\views\imageslist\tmpl\index.html --> ftp3.ftptoyoursite.com /web/content/SITEBACKUP_962012/administrator/components/com_media/views/imageslist/tmpl index.html
2012.09.06 15:00 B C:\inetpub\wwwroot\administrator\components\com_media\views\imageslist\tmpl\WS_FTP.LOG --> ftp3.ftptoyoursite.com /web/content/SITEBACKUP_962012/administrator/components/com_media/views/imageslist/tmpl WS_FTP.LOG
2012.09.06 15:21 B C:\inetpub\wwwroot\administrator\components\com_media\views\imageslist\tmpl\default.php <-- Schubert Rackspace /web/content/administrator/components/com_media/views/imageslist/tmpl default.php
2012.09.06 15:21 B C:\inetpub\wwwroot\administrator\components\com_media\views\imageslist\tmpl\default_folder.php <-- Schubert Rackspace /web/content/administrator/components/com_media/views/imageslist/tmpl default_folder.php
2012.09.06 15:21 B C:\inetpub\wwwroot\administrator\components\com_media\views\imageslist\tmpl\default_image.php <-- Schubert Rackspace /web/content/administrator/components/com_media/views/imageslist/tmpl default_image.php
2012.09.06 15:21 B C:\inetpub\wwwroot\administrator\components\com_media\views\imageslist\tmpl\index.html <-- Schubert Rackspace /web/content/administrator/components/com_media/views/imageslist/tmpl index.html
2012.09.06 15:44 B C:\inetpub\wwwroot\administrator\components\com_media\views\imageslist\tmpl\default.php <-- Schubert Rackspace /web/content/SITEBACKUP_962012/administrator/components/com_media/views/imageslist/tmpl default.php
2012.09.06 15:44 B C:\inetpub\wwwroot\administrator\components\com_media\views\imageslist\tmpl\default_folder.php <-- Schubert Rackspace /web/content/SITEBACKUP_962012/administrator/components/com_media/views/imageslist/tmpl default_folder.php
2012.09.06 15:44 B C:\inetpub\wwwroot\administrator\components\com_media\views\imageslist\tmpl\default_image.php <-- Schubert Rackspace /web/content/SITEBACKUP_962012/administrator/components/com_media/views/imageslist/tmpl default_image.php
2012.09.06 15:44 B C:\inetpub\wwwroot\administrator\components\com_media\views\imageslist\tmpl\index.html <-- Schubert Rackspace /web/content/SITEBACKUP_962012/administrator/components/com_media/views/imageslist/tmpl index.html
2012.10.23 09:05 B C:\inetpub\wwwroot\administrator\components\com_media\views\imageslist\tmpl\default.php --> ftp3.ftptoyoursite.com /web/content/administrator/components/com_media/views/imageslist/tmpl default.php
2012.10.23 09:05 B C:\inetpub\wwwroot\administrator\components\com_media\views\imageslist\tmpl\default_folder.php --> ftp3.ftptoyoursite.com /web/content/administrator/components/com_media/views/imageslist/tmpl default_folder.php
2012.10.23 09:05 B C:\inetpub\wwwroot\administrator\components\com_media\views\imageslist\tmpl\default_image.php --> ftp3.ftptoyoursite.com /web/content/administrator/components/com_media/views/imageslist/tmpl default_image.php
2012.10.23 09:05 B C:\inetpub\wwwroot\administrator\components\com_media\views\imageslist\tmpl\index.html --> ftp3.ftptoyoursite.com /web/content/administrator/components/com_media/views/imageslist/tmpl index.html
2012.10.23 09:05 B C:\inetpub\wwwroot\administrator\components\com_media\views\imageslist\tmpl\WS_FTP.LOG --> ftp3.ftptoyoursite.com /web/content/administrator/components/com_media/views/imageslist/tmpl WS_FTP.LOG
2013.02.01 14:42 B C:\inetpub\wwwroot\administrator\components\com_media\views\imageslist\tmpl\WS_FTP.LOG <-- Schubert Rackspace /web/content/administrator/components/com_media/views/imageslist/tmpl WS_FTP.LOG
