2012.07.25 12:19 B C:\Users\COBRIEN\Desktop\Schubert\modules\mod_PlimunNivoSlider\js\-jquery.nivo.slider.js <-- Schubert Rackspace /web/content/modules/mod_PlimunNivoSlider/js -jquery.nivo.slider.js
2012.07.25 12:19 B C:\Users\COBRIEN\Desktop\Schubert\modules\mod_PlimunNivoSlider\js\color-picker.js <-- Schubert Rackspace /web/content/modules/mod_PlimunNivoSlider/js color-picker.js
2012.07.25 12:19 B C:\Users\COBRIEN\Desktop\Schubert\modules\mod_PlimunNivoSlider\js\index.html <-- Schubert Rackspace /web/content/modules/mod_PlimunNivoSlider/js index.html
2012.07.25 12:19 B C:\Users\COBRIEN\Desktop\Schubert\modules\mod_PlimunNivoSlider\js\jquery-1.6.1.min.js <-- Schubert Rackspace /web/content/modules/mod_PlimunNivoSlider/js jquery-1.6.1.min.js
2012.07.25 12:19 B C:\Users\COBRIEN\Desktop\Schubert\modules\mod_PlimunNivoSlider\js\jquery.nivo.slider.js <-- Schubert Rackspace /web/content/modules/mod_PlimunNivoSlider/js jquery.nivo.slider.js
2012.09.04 10:56 B C:\inetpub\wwwroot\modules\mod_PlimunNivoSlider\js\-jquery.nivo.slider.js --> ftp3.ftptoyoursite.com /web/content/SITE-TEST/modules/mod_PlimunNivoSlider/js -jquery.nivo.slider.js
2012.09.04 10:56 B C:\inetpub\wwwroot\modules\mod_PlimunNivoSlider\js\color-picker.js --> ftp3.ftptoyoursite.com /web/content/SITE-TEST/modules/mod_PlimunNivoSlider/js color-picker.js
2012.09.04 10:56 B C:\inetpub\wwwroot\modules\mod_PlimunNivoSlider\js\index.html --> ftp3.ftptoyoursite.com /web/content/SITE-TEST/modules/mod_PlimunNivoSlider/js index.html
2012.09.04 10:56 B C:\inetpub\wwwroot\modules\mod_PlimunNivoSlider\js\jquery-1.6.1.min.js --> ftp3.ftptoyoursite.com /web/content/SITE-TEST/modules/mod_PlimunNivoSlider/js jquery-1.6.1.min.js
2012.09.04 10:56 B C:\inetpub\wwwroot\modules\mod_PlimunNivoSlider\js\jquery.nivo.slider.js --> ftp3.ftptoyoursite.com /web/content/SITE-TEST/modules/mod_PlimunNivoSlider/js jquery.nivo.slider.js
2012.09.04 10:56 B C:\inetpub\wwwroot\modules\mod_PlimunNivoSlider\js\WS_FTP.LOG --> ftp3.ftptoyoursite.com /web/content/SITE-TEST/modules/mod_PlimunNivoSlider/js WS_FTP.LOG
2012.09.06 15:15 B C:\inetpub\wwwroot\modules\mod_PlimunNivoSlider\js\-jquery.nivo.slider.js --> ftp3.ftptoyoursite.com /web/content/SITEBACKUP_962012/modules/mod_PlimunNivoSlider/js -jquery.nivo.slider.js
2012.09.06 15:15 B C:\inetpub\wwwroot\modules\mod_PlimunNivoSlider\js\color-picker.js --> ftp3.ftptoyoursite.com /web/content/SITEBACKUP_962012/modules/mod_PlimunNivoSlider/js color-picker.js
2012.09.06 15:15 B C:\inetpub\wwwroot\modules\mod_PlimunNivoSlider\js\index.html --> ftp3.ftptoyoursite.com /web/content/SITEBACKUP_962012/modules/mod_PlimunNivoSlider/js index.html
2012.09.06 15:15 B C:\inetpub\wwwroot\modules\mod_PlimunNivoSlider\js\jquery-1.6.1.min.js --> ftp3.ftptoyoursite.com /web/content/SITEBACKUP_962012/modules/mod_PlimunNivoSlider/js jquery-1.6.1.min.js
2012.09.06 15:15 B C:\inetpub\wwwroot\modules\mod_PlimunNivoSlider\js\jquery.nivo.slider.js --> ftp3.ftptoyoursite.com /web/content/SITEBACKUP_962012/modules/mod_PlimunNivoSlider/js jquery.nivo.slider.js
2012.09.06 15:15 B C:\inetpub\wwwroot\modules\mod_PlimunNivoSlider\js\WS_FTP.LOG --> ftp3.ftptoyoursite.com /web/content/SITEBACKUP_962012/modules/mod_PlimunNivoSlider/js WS_FTP.LOG
2012.10.23 09:17 B C:\inetpub\wwwroot\modules\mod_PlimunNivoSlider\js\-jquery.nivo.slider.js --> ftp3.ftptoyoursite.com /web/content/modules/mod_PlimunNivoSlider/js -jquery.nivo.slider.js
2012.10.23 09:17 B C:\inetpub\wwwroot\modules\mod_PlimunNivoSlider\js\color-picker.js --> ftp3.ftptoyoursite.com /web/content/modules/mod_PlimunNivoSlider/js color-picker.js
2012.10.23 09:17 B C:\inetpub\wwwroot\modules\mod_PlimunNivoSlider\js\index.html --> ftp3.ftptoyoursite.com /web/content/modules/mod_PlimunNivoSlider/js index.html
2012.10.23 09:17 B C:\inetpub\wwwroot\modules\mod_PlimunNivoSlider\js\jquery-1.6.1.min.js --> ftp3.ftptoyoursite.com /web/content/modules/mod_PlimunNivoSlider/js jquery-1.6.1.min.js
2012.10.23 09:17 B C:\inetpub\wwwroot\modules\mod_PlimunNivoSlider\js\jquery.nivo.slider.js --> ftp3.ftptoyoursite.com /web/content/modules/mod_PlimunNivoSlider/js jquery.nivo.slider.js
2012.10.23 09:17 B C:\inetpub\wwwroot\modules\mod_PlimunNivoSlider\js\WS_FTP.LOG --> ftp3.ftptoyoursite.com /web/content/modules/mod_PlimunNivoSlider/js WS_FTP.LOG
2013.02.01 15:03 B C:\inetpub\wwwroot\modules\mod_PlimunNivoSlider\js\WS_FTP.LOG <-- Schubert Rackspace /web/content/modules/mod_PlimunNivoSlider/js WS_FTP.LOG
