2012.07.25 12:12 B C:\Users\COBRIEN\Desktop\Schubert\administrator\components\com_rsform\admin.rsform.php <-- Schubert Rackspace /web/content/administrator/components/com_rsform admin.rsform.php
2012.07.25 12:12 B C:\Users\COBRIEN\Desktop\Schubert\administrator\components\com_rsform\config.xml <-- Schubert Rackspace /web/content/administrator/components/com_rsform config.xml
2012.07.25 12:12 B C:\Users\COBRIEN\Desktop\Schubert\administrator\components\com_rsform\controller.php <-- Schubert Rackspace /web/content/administrator/components/com_rsform controller.php
2012.07.25 12:12 B C:\Users\COBRIEN\Desktop\Schubert\administrator\components\com_rsform\index.html <-- Schubert Rackspace /web/content/administrator/components/com_rsform index.html
2012.07.25 12:12 B C:\Users\COBRIEN\Desktop\Schubert\administrator\components\com_rsform\install.rsform.nonutf8.sql <-- Schubert Rackspace /web/content/administrator/components/com_rsform install.rsform.nonutf8.sql
2012.07.25 12:12 B C:\Users\COBRIEN\Desktop\Schubert\administrator\components\com_rsform\install.rsform.php <-- Schubert Rackspace /web/content/administrator/components/com_rsform install.rsform.php
2012.07.25 12:12 B C:\Users\COBRIEN\Desktop\Schubert\administrator\components\com_rsform\install.rsform.utf8.sql <-- Schubert Rackspace /web/content/administrator/components/com_rsform install.rsform.utf8.sql
2012.07.25 12:12 B C:\Users\COBRIEN\Desktop\Schubert\administrator\components\com_rsform\rsform.xml <-- Schubert Rackspace /web/content/administrator/components/com_rsform rsform.xml
2012.07.25 12:12 B C:\Users\COBRIEN\Desktop\Schubert\administrator\components\com_rsform\sample.rsform.sql <-- Schubert Rackspace /web/content/administrator/components/com_rsform sample.rsform.sql
2012.07.25 12:12 B C:\Users\COBRIEN\Desktop\Schubert\administrator\components\com_rsform\script.rsform.php <-- Schubert Rackspace /web/content/administrator/components/com_rsform script.rsform.php
2012.07.25 12:12 B C:\Users\COBRIEN\Desktop\Schubert\administrator\components\com_rsform\toolbar.rsform.php <-- Schubert Rackspace /web/content/administrator/components/com_rsform toolbar.rsform.php
2012.07.25 12:12 B C:\Users\COBRIEN\Desktop\Schubert\administrator\components\com_rsform\uninstall.rsform.php <-- Schubert Rackspace /web/content/administrator/components/com_rsform uninstall.rsform.php
2012.07.25 12:12 B C:\Users\COBRIEN\Desktop\Schubert\administrator\components\com_rsform\uninstall.rsform.sql <-- Schubert Rackspace /web/content/administrator/components/com_rsform uninstall.rsform.sql
2012.09.04 10:46 B C:\inetpub\wwwroot\administrator\components\com_rsform\admin.rsform.php --> ftp3.ftptoyoursite.com /web/content/SITE-TEST/administrator/components/com_rsform admin.rsform.php
2012.09.04 10:46 B C:\inetpub\wwwroot\administrator\components\com_rsform\config.xml --> ftp3.ftptoyoursite.com /web/content/SITE-TEST/administrator/components/com_rsform config.xml
2012.09.04 10:46 B C:\inetpub\wwwroot\administrator\components\com_rsform\controller.php --> ftp3.ftptoyoursite.com /web/content/SITE-TEST/administrator/components/com_rsform controller.php
2012.09.04 10:46 B C:\inetpub\wwwroot\administrator\components\com_rsform\index.html --> ftp3.ftptoyoursite.com /web/content/SITE-TEST/administrator/components/com_rsform index.html
2012.09.04 10:46 B C:\inetpub\wwwroot\administrator\components\com_rsform\install.rsform.nonutf8.sql --> ftp3.ftptoyoursite.com /web/content/SITE-TEST/administrator/components/com_rsform install.rsform.nonutf8.sql
2012.09.04 10:46 B C:\inetpub\wwwroot\administrator\components\com_rsform\install.rsform.php --> ftp3.ftptoyoursite.com /web/content/SITE-TEST/administrator/components/com_rsform install.rsform.php
2012.09.04 10:46 B C:\inetpub\wwwroot\administrator\components\com_rsform\install.rsform.utf8.sql --> ftp3.ftptoyoursite.com /web/content/SITE-TEST/administrator/components/com_rsform install.rsform.utf8.sql
2012.09.04 10:46 B C:\inetpub\wwwroot\administrator\components\com_rsform\rsform.xml --> ftp3.ftptoyoursite.com /web/content/SITE-TEST/administrator/components/com_rsform rsform.xml
2012.09.04 10:46 B C:\inetpub\wwwroot\administrator\components\com_rsform\sample.rsform.sql --> ftp3.ftptoyoursite.com /web/content/SITE-TEST/administrator/components/com_rsform sample.rsform.sql
2012.09.04 10:46 B C:\inetpub\wwwroot\administrator\components\com_rsform\script.rsform.php --> ftp3.ftptoyoursite.com /web/content/SITE-TEST/administrator/components/com_rsform script.rsform.php
2012.09.04 10:46 B C:\inetpub\wwwroot\administrator\components\com_rsform\toolbar.rsform.php --> ftp3.ftptoyoursite.com /web/content/SITE-TEST/administrator/components/com_rsform toolbar.rsform.php
2012.09.04 10:46 B C:\inetpub\wwwroot\administrator\components\com_rsform\uninstall.rsform.php --> ftp3.ftptoyoursite.com /web/content/SITE-TEST/administrator/components/com_rsform uninstall.rsform.php
2012.09.04 10:46 B C:\inetpub\wwwroot\administrator\components\com_rsform\uninstall.rsform.sql --> ftp3.ftptoyoursite.com /web/content/SITE-TEST/administrator/components/com_rsform uninstall.rsform.sql
2012.09.04 10:46 B C:\inetpub\wwwroot\administrator\components\com_rsform\WS_FTP.LOG --> ftp3.ftptoyoursite.com /web/content/SITE-TEST/administrator/components/com_rsform WS_FTP.LOG
2012.09.06 15:03 B C:\inetpub\wwwroot\administrator\components\com_rsform\admin.rsform.php --> ftp3.ftptoyoursite.com /web/content/SITEBACKUP_962012/administrator/components/com_rsform admin.rsform.php
2012.09.06 15:03 B C:\inetpub\wwwroot\administrator\components\com_rsform\config.xml --> ftp3.ftptoyoursite.com /web/content/SITEBACKUP_962012/administrator/components/com_rsform config.xml
2012.09.06 15:03 B C:\inetpub\wwwroot\administrator\components\com_rsform\controller.php --> ftp3.ftptoyoursite.com /web/content/SITEBACKUP_962012/administrator/components/com_rsform controller.php
2012.09.06 15:03 B C:\inetpub\wwwroot\administrator\components\com_rsform\index.html --> ftp3.ftptoyoursite.com /web/content/SITEBACKUP_962012/administrator/components/com_rsform index.html
2012.09.06 15:03 B C:\inetpub\wwwroot\administrator\components\com_rsform\install.rsform.nonutf8.sql --> ftp3.ftptoyoursite.com /web/content/SITEBACKUP_962012/administrator/components/com_rsform install.rsform.nonutf8.sql
2012.09.06 15:03 B C:\inetpub\wwwroot\administrator\components\com_rsform\install.rsform.php --> ftp3.ftptoyoursite.com /web/content/SITEBACKUP_962012/administrator/components/com_rsform install.rsform.php
2012.09.06 15:03 B C:\inetpub\wwwroot\administrator\components\com_rsform\install.rsform.utf8.sql --> ftp3.ftptoyoursite.com /web/content/SITEBACKUP_962012/administrator/components/com_rsform install.rsform.utf8.sql
2012.09.06 15:03 B C:\inetpub\wwwroot\administrator\components\com_rsform\rsform.xml --> ftp3.ftptoyoursite.com /web/content/SITEBACKUP_962012/administrator/components/com_rsform rsform.xml
2012.09.06 15:03 B C:\inetpub\wwwroot\administrator\components\com_rsform\sample.rsform.sql --> ftp3.ftptoyoursite.com /web/content/SITEBACKUP_962012/administrator/components/com_rsform sample.rsform.sql
2012.09.06 15:03 B C:\inetpub\wwwroot\administrator\components\com_rsform\script.rsform.php --> ftp3.ftptoyoursite.com /web/content/SITEBACKUP_962012/administrator/components/com_rsform script.rsform.php
2012.09.06 15:03 B C:\inetpub\wwwroot\administrator\components\com_rsform\toolbar.rsform.php --> ftp3.ftptoyoursite.com /web/content/SITEBACKUP_962012/administrator/components/com_rsform toolbar.rsform.php
2012.09.06 15:03 B C:\inetpub\wwwroot\administrator\components\com_rsform\uninstall.rsform.php --> ftp3.ftptoyoursite.com /web/content/SITEBACKUP_962012/administrator/components/com_rsform uninstall.rsform.php
2012.09.06 15:03 B C:\inetpub\wwwroot\administrator\components\com_rsform\uninstall.rsform.sql --> ftp3.ftptoyoursite.com /web/content/SITEBACKUP_962012/administrator/components/com_rsform uninstall.rsform.sql
2012.09.06 15:03 B C:\inetpub\wwwroot\administrator\components\com_rsform\WS_FTP.LOG --> ftp3.ftptoyoursite.com /web/content/SITEBACKUP_962012/administrator/components/com_rsform WS_FTP.LOG
2012.09.06 15:45 B C:\inetpub\wwwroot\administrator\components\com_rsform\admin.rsform.php <-- Schubert Rackspace /web/content/SITEBACKUP_962012/administrator/components/com_rsform admin.rsform.php
2012.09.06 15:45 B C:\inetpub\wwwroot\administrator\components\com_rsform\config.xml <-- Schubert Rackspace /web/content/SITEBACKUP_962012/administrator/components/com_rsform config.xml
2012.09.06 15:45 B C:\inetpub\wwwroot\administrator\components\com_rsform\controller.php <-- Schubert Rackspace /web/content/SITEBACKUP_962012/administrator/components/com_rsform controller.php
2012.09.06 15:45 B C:\inetpub\wwwroot\administrator\components\com_rsform\index.html <-- Schubert Rackspace /web/content/SITEBACKUP_962012/administrator/components/com_rsform index.html
2012.09.06 15:45 B C:\inetpub\wwwroot\administrator\components\com_rsform\install.rsform.nonutf8.sql <-- Schubert Rackspace /web/content/SITEBACKUP_962012/administrator/components/com_rsform install.rsform.nonutf8.sql
2012.09.06 15:45 B C:\inetpub\wwwroot\administrator\components\com_rsform\install.rsform.php <-- Schubert Rackspace /web/content/SITEBACKUP_962012/administrator/components/com_rsform install.rsform.php
2012.09.06 15:45 B C:\inetpub\wwwroot\administrator\components\com_rsform\install.rsform.utf8.sql <-- Schubert Rackspace /web/content/SITEBACKUP_962012/administrator/components/com_rsform install.rsform.utf8.sql
2012.09.06 15:45 B C:\inetpub\wwwroot\administrator\components\com_rsform\rsform.xml <-- Schubert Rackspace /web/content/SITEBACKUP_962012/administrator/components/com_rsform rsform.xml
2012.09.06 15:45 B C:\inetpub\wwwroot\administrator\components\com_rsform\sample.rsform.sql <-- Schubert Rackspace /web/content/SITEBACKUP_962012/administrator/components/com_rsform sample.rsform.sql
2012.09.06 15:45 B C:\inetpub\wwwroot\administrator\components\com_rsform\script.rsform.php <-- Schubert Rackspace /web/content/SITEBACKUP_962012/administrator/components/com_rsform script.rsform.php
2012.09.06 15:45 B C:\inetpub\wwwroot\administrator\components\com_rsform\toolbar.rsform.php <-- Schubert Rackspace /web/content/SITEBACKUP_962012/administrator/components/com_rsform toolbar.rsform.php
2012.09.06 15:45 B C:\inetpub\wwwroot\administrator\components\com_rsform\uninstall.rsform.php <-- Schubert Rackspace /web/content/SITEBACKUP_962012/administrator/components/com_rsform uninstall.rsform.php
2012.09.06 15:45 B C:\inetpub\wwwroot\administrator\components\com_rsform\uninstall.rsform.sql <-- Schubert Rackspace /web/content/SITEBACKUP_962012/administrator/components/com_rsform uninstall.rsform.sql
2012.10.23 09:07 B C:\inetpub\wwwroot\administrator\components\com_rsform\admin.rsform.php --> ftp3.ftptoyoursite.com /web/content/administrator/components/com_rsform admin.rsform.php
2012.10.23 09:07 B C:\inetpub\wwwroot\administrator\components\com_rsform\config.xml --> ftp3.ftptoyoursite.com /web/content/administrator/components/com_rsform config.xml
2012.10.23 09:07 B C:\inetpub\wwwroot\administrator\components\com_rsform\controller.php --> ftp3.ftptoyoursite.com /web/content/administrator/components/com_rsform controller.php
2012.10.23 09:07 B C:\inetpub\wwwroot\administrator\components\com_rsform\index.html --> ftp3.ftptoyoursite.com /web/content/administrator/components/com_rsform index.html
2012.10.23 09:07 B C:\inetpub\wwwroot\administrator\components\com_rsform\install.rsform.nonutf8.sql --> ftp3.ftptoyoursite.com /web/content/administrator/components/com_rsform install.rsform.nonutf8.sql
2012.10.23 09:07 B C:\inetpub\wwwroot\administrator\components\com_rsform\install.rsform.php --> ftp3.ftptoyoursite.com /web/content/administrator/components/com_rsform install.rsform.php
2012.10.23 09:07 B C:\inetpub\wwwroot\administrator\components\com_rsform\install.rsform.utf8.sql --> ftp3.ftptoyoursite.com /web/content/administrator/components/com_rsform install.rsform.utf8.sql
2012.10.23 09:07 B C:\inetpub\wwwroot\administrator\components\com_rsform\rsform.xml --> ftp3.ftptoyoursite.com /web/content/administrator/components/com_rsform rsform.xml
2012.10.23 09:07 B C:\inetpub\wwwroot\administrator\components\com_rsform\sample.rsform.sql --> ftp3.ftptoyoursite.com /web/content/administrator/components/com_rsform sample.rsform.sql
2012.10.23 09:07 B C:\inetpub\wwwroot\administrator\components\com_rsform\script.rsform.php --> ftp3.ftptoyoursite.com /web/content/administrator/components/com_rsform script.rsform.php
2012.10.23 09:07 B C:\inetpub\wwwroot\administrator\components\com_rsform\toolbar.rsform.php --> ftp3.ftptoyoursite.com /web/content/administrator/components/com_rsform toolbar.rsform.php
2012.10.23 09:07 B C:\inetpub\wwwroot\administrator\components\com_rsform\uninstall.rsform.php --> ftp3.ftptoyoursite.com /web/content/administrator/components/com_rsform uninstall.rsform.php
2012.10.23 09:07 B C:\inetpub\wwwroot\administrator\components\com_rsform\uninstall.rsform.sql --> ftp3.ftptoyoursite.com /web/content/administrator/components/com_rsform uninstall.rsform.sql
2012.10.23 09:07 B C:\inetpub\wwwroot\administrator\components\com_rsform\WS_FTP.LOG --> ftp3.ftptoyoursite.com /web/content/administrator/components/com_rsform WS_FTP.LOG
2013.02.01 14:43 B C:\inetpub\wwwroot\administrator\components\com_rsform\WS_FTP.LOG <-- Schubert Rackspace /web/content/administrator/components/com_rsform WS_FTP.LOG
