2012.07.25 12:12 B C:\Users\COBRIEN\Desktop\Schubert\administrator\components\com_templates\models\forms\index.html <-- Schubert Rackspace /web/content/administrator/components/com_templates/models/forms index.html
2012.07.25 12:12 B C:\Users\COBRIEN\Desktop\Schubert\administrator\components\com_templates\models\forms\source.xml <-- Schubert Rackspace /web/content/administrator/components/com_templates/models/forms source.xml
2012.07.25 12:12 B C:\Users\COBRIEN\Desktop\Schubert\administrator\components\com_templates\models\forms\style.xml <-- Schubert Rackspace /web/content/administrator/components/com_templates/models/forms style.xml
2012.07.25 12:12 B C:\Users\COBRIEN\Desktop\Schubert\administrator\components\com_templates\models\forms\style_administrator.xml <-- Schubert Rackspace /web/content/administrator/components/com_templates/models/forms style_administrator.xml
2012.07.25 12:12 B C:\Users\COBRIEN\Desktop\Schubert\administrator\components\com_templates\models\forms\style_site.xml <-- Schubert Rackspace /web/content/administrator/components/com_templates/models/forms style_site.xml
2012.09.04 10:46 B C:\inetpub\wwwroot\administrator\components\com_templates\models\forms\index.html --> ftp3.ftptoyoursite.com /web/content/SITE-TEST/administrator/components/com_templates/models/forms index.html
2012.09.04 10:46 B C:\inetpub\wwwroot\administrator\components\com_templates\models\forms\source.xml --> ftp3.ftptoyoursite.com /web/content/SITE-TEST/administrator/components/com_templates/models/forms source.xml
2012.09.04 10:46 B C:\inetpub\wwwroot\administrator\components\com_templates\models\forms\style.xml --> ftp3.ftptoyoursite.com /web/content/SITE-TEST/administrator/components/com_templates/models/forms style.xml
2012.09.04 10:46 B C:\inetpub\wwwroot\administrator\components\com_templates\models\forms\style_administrator.xml --> ftp3.ftptoyoursite.com /web/content/SITE-TEST/administrator/components/com_templates/models/forms style_administrator.xml
2012.09.04 10:46 B C:\inetpub\wwwroot\administrator\components\com_templates\models\forms\style_site.xml --> ftp3.ftptoyoursite.com /web/content/SITE-TEST/administrator/components/com_templates/models/forms style_site.xml
2012.09.04 10:46 B C:\inetpub\wwwroot\administrator\components\com_templates\models\forms\WS_FTP.LOG --> ftp3.ftptoyoursite.com /web/content/SITE-TEST/administrator/components/com_templates/models/forms WS_FTP.LOG
2012.09.06 15:03 B C:\inetpub\wwwroot\administrator\components\com_templates\models\forms\index.html --> ftp3.ftptoyoursite.com /web/content/SITEBACKUP_962012/administrator/components/com_templates/models/forms index.html
2012.09.06 15:03 B C:\inetpub\wwwroot\administrator\components\com_templates\models\forms\source.xml --> ftp3.ftptoyoursite.com /web/content/SITEBACKUP_962012/administrator/components/com_templates/models/forms source.xml
2012.09.06 15:03 B C:\inetpub\wwwroot\administrator\components\com_templates\models\forms\style.xml --> ftp3.ftptoyoursite.com /web/content/SITEBACKUP_962012/administrator/components/com_templates/models/forms style.xml
2012.09.06 15:03 B C:\inetpub\wwwroot\administrator\components\com_templates\models\forms\style_administrator.xml --> ftp3.ftptoyoursite.com /web/content/SITEBACKUP_962012/administrator/components/com_templates/models/forms style_administrator.xml
2012.09.06 15:03 B C:\inetpub\wwwroot\administrator\components\com_templates\models\forms\style_site.xml --> ftp3.ftptoyoursite.com /web/content/SITEBACKUP_962012/administrator/components/com_templates/models/forms style_site.xml
2012.09.06 15:03 B C:\inetpub\wwwroot\administrator\components\com_templates\models\forms\WS_FTP.LOG --> ftp3.ftptoyoursite.com /web/content/SITEBACKUP_962012/administrator/components/com_templates/models/forms WS_FTP.LOG
2012.09.06 15:45 B C:\inetpub\wwwroot\administrator\components\com_templates\models\forms\index.html <-- Schubert Rackspace /web/content/SITEBACKUP_962012/administrator/components/com_templates/models/forms index.html
2012.09.06 15:45 B C:\inetpub\wwwroot\administrator\components\com_templates\models\forms\source.xml <-- Schubert Rackspace /web/content/SITEBACKUP_962012/administrator/components/com_templates/models/forms source.xml
2012.09.06 15:45 B C:\inetpub\wwwroot\administrator\components\com_templates\models\forms\style.xml <-- Schubert Rackspace /web/content/SITEBACKUP_962012/administrator/components/com_templates/models/forms style.xml
2012.09.06 15:45 B C:\inetpub\wwwroot\administrator\components\com_templates\models\forms\style_administrator.xml <-- Schubert Rackspace /web/content/SITEBACKUP_962012/administrator/components/com_templates/models/forms style_administrator.xml
2012.09.06 15:45 B C:\inetpub\wwwroot\administrator\components\com_templates\models\forms\style_site.xml <-- Schubert Rackspace /web/content/SITEBACKUP_962012/administrator/components/com_templates/models/forms style_site.xml
2012.10.23 09:07 B C:\inetpub\wwwroot\administrator\components\com_templates\models\forms\index.html --> ftp3.ftptoyoursite.com /web/content/administrator/components/com_templates/models/forms index.html
2012.10.23 09:07 B C:\inetpub\wwwroot\administrator\components\com_templates\models\forms\source.xml --> ftp3.ftptoyoursite.com /web/content/administrator/components/com_templates/models/forms source.xml
2012.10.23 09:07 B C:\inetpub\wwwroot\administrator\components\com_templates\models\forms\style.xml --> ftp3.ftptoyoursite.com /web/content/administrator/components/com_templates/models/forms style.xml
2012.10.23 09:07 B C:\inetpub\wwwroot\administrator\components\com_templates\models\forms\style_administrator.xml --> ftp3.ftptoyoursite.com /web/content/administrator/components/com_templates/models/forms style_administrator.xml
2012.10.23 09:07 B C:\inetpub\wwwroot\administrator\components\com_templates\models\forms\style_site.xml --> ftp3.ftptoyoursite.com /web/content/administrator/components/com_templates/models/forms style_site.xml
2012.10.23 09:07 B C:\inetpub\wwwroot\administrator\components\com_templates\models\forms\WS_FTP.LOG --> ftp3.ftptoyoursite.com /web/content/administrator/components/com_templates/models/forms WS_FTP.LOG
2013.02.01 14:43 B C:\inetpub\wwwroot\administrator\components\com_templates\models\forms\WS_FTP.LOG <-- Schubert Rackspace /web/content/administrator/components/com_templates/models/forms WS_FTP.LOG
