2012.07.25 12:14 B C:\Users\COBRIEN\Desktop\Schubert\administrator\templates\hathor\css\boldtext.css <-- Schubert Rackspace /web/content/administrator/templates/hathor/css boldtext.css
2012.07.25 12:14 B C:\Users\COBRIEN\Desktop\Schubert\administrator\templates\hathor\css\colour_blue.css <-- Schubert Rackspace /web/content/administrator/templates/hathor/css colour_blue.css
2012.07.25 12:14 B C:\Users\COBRIEN\Desktop\Schubert\administrator\templates\hathor\css\colour_blue_rtl.css <-- Schubert Rackspace /web/content/administrator/templates/hathor/css colour_blue_rtl.css
2012.07.25 12:14 B C:\Users\COBRIEN\Desktop\Schubert\administrator\templates\hathor\css\colour_brown.css <-- Schubert Rackspace /web/content/administrator/templates/hathor/css colour_brown.css
2012.07.25 12:14 B C:\Users\COBRIEN\Desktop\Schubert\administrator\templates\hathor\css\colour_brown_rtl.css <-- Schubert Rackspace /web/content/administrator/templates/hathor/css colour_brown_rtl.css
2012.07.25 12:14 B C:\Users\COBRIEN\Desktop\Schubert\administrator\templates\hathor\css\colour_highcontrast.css <-- Schubert Rackspace /web/content/administrator/templates/hathor/css colour_highcontrast.css
2012.07.25 12:14 B C:\Users\COBRIEN\Desktop\Schubert\administrator\templates\hathor\css\colour_highcontrast_rtl.css <-- Schubert Rackspace /web/content/administrator/templates/hathor/css colour_highcontrast_rtl.css
2012.07.25 12:14 B C:\Users\COBRIEN\Desktop\Schubert\administrator\templates\hathor\css\colour_standard.css <-- Schubert Rackspace /web/content/administrator/templates/hathor/css colour_standard.css
2012.07.25 12:14 B C:\Users\COBRIEN\Desktop\Schubert\administrator\templates\hathor\css\colour_standard_rtl.css <-- Schubert Rackspace /web/content/administrator/templates/hathor/css colour_standard_rtl.css
2012.07.25 12:14 B C:\Users\COBRIEN\Desktop\Schubert\administrator\templates\hathor\css\error.css <-- Schubert Rackspace /web/content/administrator/templates/hathor/css error.css
2012.07.25 12:14 B C:\Users\COBRIEN\Desktop\Schubert\administrator\templates\hathor\css\ie6.css <-- Schubert Rackspace /web/content/administrator/templates/hathor/css ie6.css
2012.07.25 12:14 B C:\Users\COBRIEN\Desktop\Schubert\administrator\templates\hathor\css\ie7.css <-- Schubert Rackspace /web/content/administrator/templates/hathor/css ie7.css
2012.07.25 12:14 B C:\Users\COBRIEN\Desktop\Schubert\administrator\templates\hathor\css\ie8.css <-- Schubert Rackspace /web/content/administrator/templates/hathor/css ie8.css
2012.07.25 12:14 B C:\Users\COBRIEN\Desktop\Schubert\administrator\templates\hathor\css\index.html <-- Schubert Rackspace /web/content/administrator/templates/hathor/css index.html
2012.07.25 12:14 B C:\Users\COBRIEN\Desktop\Schubert\administrator\templates\hathor\css\template.css <-- Schubert Rackspace /web/content/administrator/templates/hathor/css template.css
2012.07.25 12:14 B C:\Users\COBRIEN\Desktop\Schubert\administrator\templates\hathor\css\template_rtl.css <-- Schubert Rackspace /web/content/administrator/templates/hathor/css template_rtl.css
2012.07.25 12:14 B C:\Users\COBRIEN\Desktop\Schubert\administrator\templates\hathor\css\theme.css <-- Schubert Rackspace /web/content/administrator/templates/hathor/css theme.css
2012.09.04 10:48 B C:\inetpub\wwwroot\administrator\templates\hathor\css\boldtext.css --> ftp3.ftptoyoursite.com /web/content/SITE-TEST/administrator/templates/hathor/css boldtext.css
2012.09.04 10:48 B C:\inetpub\wwwroot\administrator\templates\hathor\css\colour_blue.css --> ftp3.ftptoyoursite.com /web/content/SITE-TEST/administrator/templates/hathor/css colour_blue.css
2012.09.04 10:48 B C:\inetpub\wwwroot\administrator\templates\hathor\css\colour_blue_rtl.css --> ftp3.ftptoyoursite.com /web/content/SITE-TEST/administrator/templates/hathor/css colour_blue_rtl.css
2012.09.04 10:48 B C:\inetpub\wwwroot\administrator\templates\hathor\css\colour_brown.css --> ftp3.ftptoyoursite.com /web/content/SITE-TEST/administrator/templates/hathor/css colour_brown.css
2012.09.04 10:48 B C:\inetpub\wwwroot\administrator\templates\hathor\css\colour_brown_rtl.css --> ftp3.ftptoyoursite.com /web/content/SITE-TEST/administrator/templates/hathor/css colour_brown_rtl.css
2012.09.04 10:48 B C:\inetpub\wwwroot\administrator\templates\hathor\css\colour_highcontrast.css --> ftp3.ftptoyoursite.com /web/content/SITE-TEST/administrator/templates/hathor/css colour_highcontrast.css
2012.09.04 10:48 B C:\inetpub\wwwroot\administrator\templates\hathor\css\colour_highcontrast_rtl.css --> ftp3.ftptoyoursite.com /web/content/SITE-TEST/administrator/templates/hathor/css colour_highcontrast_rtl.css
2012.09.04 10:48 B C:\inetpub\wwwroot\administrator\templates\hathor\css\colour_standard.css --> ftp3.ftptoyoursite.com /web/content/SITE-TEST/administrator/templates/hathor/css colour_standard.css
2012.09.04 10:48 B C:\inetpub\wwwroot\administrator\templates\hathor\css\colour_standard_rtl.css --> ftp3.ftptoyoursite.com /web/content/SITE-TEST/administrator/templates/hathor/css colour_standard_rtl.css
2012.09.04 10:48 B C:\inetpub\wwwroot\administrator\templates\hathor\css\error.css --> ftp3.ftptoyoursite.com /web/content/SITE-TEST/administrator/templates/hathor/css error.css
2012.09.04 10:48 B C:\inetpub\wwwroot\administrator\templates\hathor\css\ie6.css --> ftp3.ftptoyoursite.com /web/content/SITE-TEST/administrator/templates/hathor/css ie6.css
2012.09.04 10:48 B C:\inetpub\wwwroot\administrator\templates\hathor\css\ie7.css --> ftp3.ftptoyoursite.com /web/content/SITE-TEST/administrator/templates/hathor/css ie7.css
2012.09.04 10:48 B C:\inetpub\wwwroot\administrator\templates\hathor\css\ie8.css --> ftp3.ftptoyoursite.com /web/content/SITE-TEST/administrator/templates/hathor/css ie8.css
2012.09.04 10:48 B C:\inetpub\wwwroot\administrator\templates\hathor\css\index.html --> ftp3.ftptoyoursite.com /web/content/SITE-TEST/administrator/templates/hathor/css index.html
2012.09.04 10:48 B C:\inetpub\wwwroot\administrator\templates\hathor\css\template.css --> ftp3.ftptoyoursite.com /web/content/SITE-TEST/administrator/templates/hathor/css template.css
2012.09.04 10:48 B C:\inetpub\wwwroot\administrator\templates\hathor\css\template_rtl.css --> ftp3.ftptoyoursite.com /web/content/SITE-TEST/administrator/templates/hathor/css template_rtl.css
2012.09.04 10:48 B C:\inetpub\wwwroot\administrator\templates\hathor\css\theme.css --> ftp3.ftptoyoursite.com /web/content/SITE-TEST/administrator/templates/hathor/css theme.css
2012.09.04 10:48 B C:\inetpub\wwwroot\administrator\templates\hathor\css\WS_FTP.LOG --> ftp3.ftptoyoursite.com /web/content/SITE-TEST/administrator/templates/hathor/css WS_FTP.LOG
2012.09.06 15:05 B C:\inetpub\wwwroot\administrator\templates\hathor\css\boldtext.css --> ftp3.ftptoyoursite.com /web/content/SITEBACKUP_962012/administrator/templates/hathor/css boldtext.css
2012.09.06 15:05 B C:\inetpub\wwwroot\administrator\templates\hathor\css\colour_blue.css --> ftp3.ftptoyoursite.com /web/content/SITEBACKUP_962012/administrator/templates/hathor/css colour_blue.css
2012.09.06 15:05 B C:\inetpub\wwwroot\administrator\templates\hathor\css\colour_blue_rtl.css --> ftp3.ftptoyoursite.com /web/content/SITEBACKUP_962012/administrator/templates/hathor/css colour_blue_rtl.css
2012.09.06 15:05 B C:\inetpub\wwwroot\administrator\templates\hathor\css\colour_brown.css --> ftp3.ftptoyoursite.com /web/content/SITEBACKUP_962012/administrator/templates/hathor/css colour_brown.css
2012.09.06 15:05 B C:\inetpub\wwwroot\administrator\templates\hathor\css\colour_brown_rtl.css --> ftp3.ftptoyoursite.com /web/content/SITEBACKUP_962012/administrator/templates/hathor/css colour_brown_rtl.css
2012.09.06 15:05 B C:\inetpub\wwwroot\administrator\templates\hathor\css\colour_highcontrast.css --> ftp3.ftptoyoursite.com /web/content/SITEBACKUP_962012/administrator/templates/hathor/css colour_highcontrast.css
2012.09.06 15:05 B C:\inetpub\wwwroot\administrator\templates\hathor\css\colour_highcontrast_rtl.css --> ftp3.ftptoyoursite.com /web/content/SITEBACKUP_962012/administrator/templates/hathor/css colour_highcontrast_rtl.css
2012.09.06 15:05 B C:\inetpub\wwwroot\administrator\templates\hathor\css\colour_standard.css --> ftp3.ftptoyoursite.com /web/content/SITEBACKUP_962012/administrator/templates/hathor/css colour_standard.css
2012.09.06 15:05 B C:\inetpub\wwwroot\administrator\templates\hathor\css\colour_standard_rtl.css --> ftp3.ftptoyoursite.com /web/content/SITEBACKUP_962012/administrator/templates/hathor/css colour_standard_rtl.css
2012.09.06 15:05 B C:\inetpub\wwwroot\administrator\templates\hathor\css\error.css --> ftp3.ftptoyoursite.com /web/content/SITEBACKUP_962012/administrator/templates/hathor/css error.css
2012.09.06 15:05 B C:\inetpub\wwwroot\administrator\templates\hathor\css\ie6.css --> ftp3.ftptoyoursite.com /web/content/SITEBACKUP_962012/administrator/templates/hathor/css ie6.css
2012.09.06 15:05 B C:\inetpub\wwwroot\administrator\templates\hathor\css\ie7.css --> ftp3.ftptoyoursite.com /web/content/SITEBACKUP_962012/administrator/templates/hathor/css ie7.css
2012.09.06 15:05 B C:\inetpub\wwwroot\administrator\templates\hathor\css\ie8.css --> ftp3.ftptoyoursite.com /web/content/SITEBACKUP_962012/administrator/templates/hathor/css ie8.css
2012.09.06 15:05 B C:\inetpub\wwwroot\administrator\templates\hathor\css\index.html --> ftp3.ftptoyoursite.com /web/content/SITEBACKUP_962012/administrator/templates/hathor/css index.html
2012.09.06 15:05 B C:\inetpub\wwwroot\administrator\templates\hathor\css\template.css --> ftp3.ftptoyoursite.com /web/content/SITEBACKUP_962012/administrator/templates/hathor/css template.css
2012.09.06 15:05 B C:\inetpub\wwwroot\administrator\templates\hathor\css\template_rtl.css --> ftp3.ftptoyoursite.com /web/content/SITEBACKUP_962012/administrator/templates/hathor/css template_rtl.css
2012.09.06 15:05 B C:\inetpub\wwwroot\administrator\templates\hathor\css\theme.css --> ftp3.ftptoyoursite.com /web/content/SITEBACKUP_962012/administrator/templates/hathor/css theme.css
2012.09.06 15:05 B C:\inetpub\wwwroot\administrator\templates\hathor\css\WS_FTP.LOG --> ftp3.ftptoyoursite.com /web/content/SITEBACKUP_962012/administrator/templates/hathor/css WS_FTP.LOG
2012.09.06 15:47 B C:\inetpub\wwwroot\administrator\templates\hathor\css\boldtext.css <-- Schubert Rackspace /web/content/SITEBACKUP_962012/administrator/templates/hathor/css boldtext.css
2012.09.06 15:47 B C:\inetpub\wwwroot\administrator\templates\hathor\css\colour_blue.css <-- Schubert Rackspace /web/content/SITEBACKUP_962012/administrator/templates/hathor/css colour_blue.css
2012.09.06 15:47 B C:\inetpub\wwwroot\administrator\templates\hathor\css\colour_blue_rtl.css <-- Schubert Rackspace /web/content/SITEBACKUP_962012/administrator/templates/hathor/css colour_blue_rtl.css
2012.09.06 15:47 B C:\inetpub\wwwroot\administrator\templates\hathor\css\colour_brown.css <-- Schubert Rackspace /web/content/SITEBACKUP_962012/administrator/templates/hathor/css colour_brown.css
2012.09.06 15:47 B C:\inetpub\wwwroot\administrator\templates\hathor\css\colour_brown_rtl.css <-- Schubert Rackspace /web/content/SITEBACKUP_962012/administrator/templates/hathor/css colour_brown_rtl.css
2012.09.06 15:47 B C:\inetpub\wwwroot\administrator\templates\hathor\css\colour_highcontrast.css <-- Schubert Rackspace /web/content/SITEBACKUP_962012/administrator/templates/hathor/css colour_highcontrast.css
2012.09.06 15:47 B C:\inetpub\wwwroot\administrator\templates\hathor\css\colour_highcontrast_rtl.css <-- Schubert Rackspace /web/content/SITEBACKUP_962012/administrator/templates/hathor/css colour_highcontrast_rtl.css
2012.09.06 15:47 B C:\inetpub\wwwroot\administrator\templates\hathor\css\colour_standard.css <-- Schubert Rackspace /web/content/SITEBACKUP_962012/administrator/templates/hathor/css colour_standard.css
2012.09.06 15:47 B C:\inetpub\wwwroot\administrator\templates\hathor\css\colour_standard_rtl.css <-- Schubert Rackspace /web/content/SITEBACKUP_962012/administrator/templates/hathor/css colour_standard_rtl.css
2012.09.06 15:47 B C:\inetpub\wwwroot\administrator\templates\hathor\css\error.css <-- Schubert Rackspace /web/content/SITEBACKUP_962012/administrator/templates/hathor/css error.css
2012.09.06 15:47 B C:\inetpub\wwwroot\administrator\templates\hathor\css\ie6.css <-- Schubert Rackspace /web/content/SITEBACKUP_962012/administrator/templates/hathor/css ie6.css
2012.09.06 15:47 B C:\inetpub\wwwroot\administrator\templates\hathor\css\ie7.css <-- Schubert Rackspace /web/content/SITEBACKUP_962012/administrator/templates/hathor/css ie7.css
2012.09.06 15:47 B C:\inetpub\wwwroot\administrator\templates\hathor\css\ie8.css <-- Schubert Rackspace /web/content/SITEBACKUP_962012/administrator/templates/hathor/css ie8.css
2012.09.06 15:47 B C:\inetpub\wwwroot\administrator\templates\hathor\css\index.html <-- Schubert Rackspace /web/content/SITEBACKUP_962012/administrator/templates/hathor/css index.html
2012.09.06 15:47 B C:\inetpub\wwwroot\administrator\templates\hathor\css\template.css <-- Schubert Rackspace /web/content/SITEBACKUP_962012/administrator/templates/hathor/css template.css
2012.09.06 15:47 B C:\inetpub\wwwroot\administrator\templates\hathor\css\template_rtl.css <-- Schubert Rackspace /web/content/SITEBACKUP_962012/administrator/templates/hathor/css template_rtl.css
2012.09.06 15:47 B C:\inetpub\wwwroot\administrator\templates\hathor\css\theme.css <-- Schubert Rackspace /web/content/SITEBACKUP_962012/administrator/templates/hathor/css theme.css
2012.10.23 09:09 B C:\inetpub\wwwroot\administrator\templates\hathor\css\boldtext.css --> ftp3.ftptoyoursite.com /web/content/administrator/templates/hathor/css boldtext.css
2012.10.23 09:09 B C:\inetpub\wwwroot\administrator\templates\hathor\css\colour_blue.css --> ftp3.ftptoyoursite.com /web/content/administrator/templates/hathor/css colour_blue.css
2012.10.23 09:09 B C:\inetpub\wwwroot\administrator\templates\hathor\css\colour_blue_rtl.css --> ftp3.ftptoyoursite.com /web/content/administrator/templates/hathor/css colour_blue_rtl.css
2012.10.23 09:09 B C:\inetpub\wwwroot\administrator\templates\hathor\css\colour_brown.css --> ftp3.ftptoyoursite.com /web/content/administrator/templates/hathor/css colour_brown.css
2012.10.23 09:09 B C:\inetpub\wwwroot\administrator\templates\hathor\css\colour_brown_rtl.css --> ftp3.ftptoyoursite.com /web/content/administrator/templates/hathor/css colour_brown_rtl.css
2012.10.23 09:09 B C:\inetpub\wwwroot\administrator\templates\hathor\css\colour_highcontrast.css --> ftp3.ftptoyoursite.com /web/content/administrator/templates/hathor/css colour_highcontrast.css
2012.10.23 09:09 B C:\inetpub\wwwroot\administrator\templates\hathor\css\colour_highcontrast_rtl.css --> ftp3.ftptoyoursite.com /web/content/administrator/templates/hathor/css colour_highcontrast_rtl.css
2012.10.23 09:09 B C:\inetpub\wwwroot\administrator\templates\hathor\css\colour_standard.css --> ftp3.ftptoyoursite.com /web/content/administrator/templates/hathor/css colour_standard.css
2012.10.23 09:09 B C:\inetpub\wwwroot\administrator\templates\hathor\css\colour_standard_rtl.css --> ftp3.ftptoyoursite.com /web/content/administrator/templates/hathor/css colour_standard_rtl.css
2012.10.23 09:09 B C:\inetpub\wwwroot\administrator\templates\hathor\css\error.css --> ftp3.ftptoyoursite.com /web/content/administrator/templates/hathor/css error.css
2012.10.23 09:09 B C:\inetpub\wwwroot\administrator\templates\hathor\css\ie6.css --> ftp3.ftptoyoursite.com /web/content/administrator/templates/hathor/css ie6.css
2012.10.23 09:09 B C:\inetpub\wwwroot\administrator\templates\hathor\css\ie7.css --> ftp3.ftptoyoursite.com /web/content/administrator/templates/hathor/css ie7.css
2012.10.23 09:09 B C:\inetpub\wwwroot\administrator\templates\hathor\css\ie8.css --> ftp3.ftptoyoursite.com /web/content/administrator/templates/hathor/css ie8.css
2012.10.23 09:09 B C:\inetpub\wwwroot\administrator\templates\hathor\css\index.html --> ftp3.ftptoyoursite.com /web/content/administrator/templates/hathor/css index.html
2012.10.23 09:09 B C:\inetpub\wwwroot\administrator\templates\hathor\css\template.css --> ftp3.ftptoyoursite.com /web/content/administrator/templates/hathor/css template.css
2012.10.23 09:09 B C:\inetpub\wwwroot\administrator\templates\hathor\css\template_rtl.css --> ftp3.ftptoyoursite.com /web/content/administrator/templates/hathor/css template_rtl.css
2012.10.23 09:09 B C:\inetpub\wwwroot\administrator\templates\hathor\css\theme.css --> ftp3.ftptoyoursite.com /web/content/administrator/templates/hathor/css theme.css
2012.10.23 09:09 B C:\inetpub\wwwroot\administrator\templates\hathor\css\WS_FTP.LOG --> ftp3.ftptoyoursite.com /web/content/administrator/templates/hathor/css WS_FTP.LOG
2013.02.01 14:46 B C:\inetpub\wwwroot\administrator\templates\hathor\css\WS_FTP.LOG <-- Schubert Rackspace /web/content/administrator/templates/hathor/css WS_FTP.LOG
