2012.07.25 12:18 B C:\Users\COBRIEN\Desktop\Schubert\media\contacts\images\con_address.png <-- Schubert Rackspace /web/content/media/contacts/images con_address.png
2012.07.25 12:18 B C:\Users\COBRIEN\Desktop\Schubert\media\contacts\images\con_fax.png <-- Schubert Rackspace /web/content/media/contacts/images con_fax.png
2012.07.25 12:18 B C:\Users\COBRIEN\Desktop\Schubert\media\contacts\images\con_info.png <-- Schubert Rackspace /web/content/media/contacts/images con_info.png
2012.07.25 12:18 B C:\Users\COBRIEN\Desktop\Schubert\media\contacts\images\con_mobile.png <-- Schubert Rackspace /web/content/media/contacts/images con_mobile.png
2012.07.25 12:18 B C:\Users\COBRIEN\Desktop\Schubert\media\contacts\images\con_tel.png <-- Schubert Rackspace /web/content/media/contacts/images con_tel.png
2012.07.25 12:18 B C:\Users\COBRIEN\Desktop\Schubert\media\contacts\images\emailButton.png <-- Schubert Rackspace /web/content/media/contacts/images emailButton.png
2012.07.25 12:18 B C:\Users\COBRIEN\Desktop\Schubert\media\contacts\images\index.html <-- Schubert Rackspace /web/content/media/contacts/images index.html
2012.09.04 10:54 B C:\inetpub\wwwroot\media\contacts\images\con_address.png --> ftp3.ftptoyoursite.com /web/content/SITE-TEST/media/contacts/images con_address.png
2012.09.04 10:54 B C:\inetpub\wwwroot\media\contacts\images\con_fax.png --> ftp3.ftptoyoursite.com /web/content/SITE-TEST/media/contacts/images con_fax.png
2012.09.04 10:54 B C:\inetpub\wwwroot\media\contacts\images\con_info.png --> ftp3.ftptoyoursite.com /web/content/SITE-TEST/media/contacts/images con_info.png
2012.09.04 10:54 B C:\inetpub\wwwroot\media\contacts\images\con_mobile.png --> ftp3.ftptoyoursite.com /web/content/SITE-TEST/media/contacts/images con_mobile.png
2012.09.04 10:54 B C:\inetpub\wwwroot\media\contacts\images\con_tel.png --> ftp3.ftptoyoursite.com /web/content/SITE-TEST/media/contacts/images con_tel.png
2012.09.04 10:54 B C:\inetpub\wwwroot\media\contacts\images\emailButton.png --> ftp3.ftptoyoursite.com /web/content/SITE-TEST/media/contacts/images emailButton.png
2012.09.04 10:54 B C:\inetpub\wwwroot\media\contacts\images\index.html --> ftp3.ftptoyoursite.com /web/content/SITE-TEST/media/contacts/images index.html
2012.09.04 10:54 B C:\inetpub\wwwroot\media\contacts\images\WS_FTP.LOG --> ftp3.ftptoyoursite.com /web/content/SITE-TEST/media/contacts/images WS_FTP.LOG
2012.09.06 15:13 B C:\inetpub\wwwroot\media\contacts\images\con_address.png --> ftp3.ftptoyoursite.com /web/content/SITEBACKUP_962012/media/contacts/images con_address.png
2012.09.06 15:13 B C:\inetpub\wwwroot\media\contacts\images\con_fax.png --> ftp3.ftptoyoursite.com /web/content/SITEBACKUP_962012/media/contacts/images con_fax.png
2012.09.06 15:13 B C:\inetpub\wwwroot\media\contacts\images\con_info.png --> ftp3.ftptoyoursite.com /web/content/SITEBACKUP_962012/media/contacts/images con_info.png
2012.09.06 15:13 B C:\inetpub\wwwroot\media\contacts\images\con_mobile.png --> ftp3.ftptoyoursite.com /web/content/SITEBACKUP_962012/media/contacts/images con_mobile.png
2012.09.06 15:13 B C:\inetpub\wwwroot\media\contacts\images\con_tel.png --> ftp3.ftptoyoursite.com /web/content/SITEBACKUP_962012/media/contacts/images con_tel.png
2012.09.06 15:13 B C:\inetpub\wwwroot\media\contacts\images\emailButton.png --> ftp3.ftptoyoursite.com /web/content/SITEBACKUP_962012/media/contacts/images emailButton.png
2012.09.06 15:13 B C:\inetpub\wwwroot\media\contacts\images\index.html --> ftp3.ftptoyoursite.com /web/content/SITEBACKUP_962012/media/contacts/images index.html
2012.09.06 15:13 B C:\inetpub\wwwroot\media\contacts\images\WS_FTP.LOG --> ftp3.ftptoyoursite.com /web/content/SITEBACKUP_962012/media/contacts/images WS_FTP.LOG
2012.10.23 09:15 B C:\inetpub\wwwroot\media\contacts\images\con_address.png --> ftp3.ftptoyoursite.com /web/content/media/contacts/images con_address.png
2012.10.23 09:15 B C:\inetpub\wwwroot\media\contacts\images\con_fax.png --> ftp3.ftptoyoursite.com /web/content/media/contacts/images con_fax.png
2012.10.23 09:15 B C:\inetpub\wwwroot\media\contacts\images\con_info.png --> ftp3.ftptoyoursite.com /web/content/media/contacts/images con_info.png
2012.10.23 09:15 B C:\inetpub\wwwroot\media\contacts\images\con_mobile.png --> ftp3.ftptoyoursite.com /web/content/media/contacts/images con_mobile.png
2012.10.23 09:15 B C:\inetpub\wwwroot\media\contacts\images\con_tel.png --> ftp3.ftptoyoursite.com /web/content/media/contacts/images con_tel.png
2012.10.23 09:15 B C:\inetpub\wwwroot\media\contacts\images\emailButton.png --> ftp3.ftptoyoursite.com /web/content/media/contacts/images emailButton.png
2012.10.23 09:15 B C:\inetpub\wwwroot\media\contacts\images\index.html --> ftp3.ftptoyoursite.com /web/content/media/contacts/images index.html
2012.10.23 09:15 B C:\inetpub\wwwroot\media\contacts\images\WS_FTP.LOG --> ftp3.ftptoyoursite.com /web/content/media/contacts/images WS_FTP.LOG
2013.02.01 14:55 B C:\inetpub\wwwroot\media\contacts\images\WS_FTP.LOG <-- Schubert Rackspace /web/content/media/contacts/images WS_FTP.LOG
