2012.07.25 12:11 B C:\Users\COBRIEN\Desktop\Schubert\administrator\components\com_languages\controllers\index.html <-- Schubert Rackspace /web/content/administrator/components/com_languages/controllers index.html
2012.07.25 12:11 B C:\Users\COBRIEN\Desktop\Schubert\administrator\components\com_languages\controllers\installed.php <-- Schubert Rackspace /web/content/administrator/components/com_languages/controllers installed.php
2012.07.25 12:11 B C:\Users\COBRIEN\Desktop\Schubert\administrator\components\com_languages\controllers\language.php <-- Schubert Rackspace /web/content/administrator/components/com_languages/controllers language.php
2012.07.25 12:11 B C:\Users\COBRIEN\Desktop\Schubert\administrator\components\com_languages\controllers\languages.php <-- Schubert Rackspace /web/content/administrator/components/com_languages/controllers languages.php
2012.07.25 12:11 B C:\Users\COBRIEN\Desktop\Schubert\administrator\components\com_languages\controllers\override.php <-- Schubert Rackspace /web/content/administrator/components/com_languages/controllers override.php
2012.07.25 12:11 B C:\Users\COBRIEN\Desktop\Schubert\administrator\components\com_languages\controllers\overrides.php <-- Schubert Rackspace /web/content/administrator/components/com_languages/controllers overrides.php
2012.07.25 12:11 B C:\Users\COBRIEN\Desktop\Schubert\administrator\components\com_languages\controllers\strings.json.php <-- Schubert Rackspace /web/content/administrator/components/com_languages/controllers strings.json.php
2012.09.04 10:45 B C:\inetpub\wwwroot\administrator\components\com_languages\controllers\index.html --> ftp3.ftptoyoursite.com /web/content/SITE-TEST/administrator/components/com_languages/controllers index.html
2012.09.04 10:45 B C:\inetpub\wwwroot\administrator\components\com_languages\controllers\installed.php --> ftp3.ftptoyoursite.com /web/content/SITE-TEST/administrator/components/com_languages/controllers installed.php
2012.09.04 10:45 B C:\inetpub\wwwroot\administrator\components\com_languages\controllers\language.php --> ftp3.ftptoyoursite.com /web/content/SITE-TEST/administrator/components/com_languages/controllers language.php
2012.09.04 10:45 B C:\inetpub\wwwroot\administrator\components\com_languages\controllers\languages.php --> ftp3.ftptoyoursite.com /web/content/SITE-TEST/administrator/components/com_languages/controllers languages.php
2012.09.04 10:45 B C:\inetpub\wwwroot\administrator\components\com_languages\controllers\override.php --> ftp3.ftptoyoursite.com /web/content/SITE-TEST/administrator/components/com_languages/controllers override.php
2012.09.04 10:45 B C:\inetpub\wwwroot\administrator\components\com_languages\controllers\overrides.php --> ftp3.ftptoyoursite.com /web/content/SITE-TEST/administrator/components/com_languages/controllers overrides.php
2012.09.04 10:45 B C:\inetpub\wwwroot\administrator\components\com_languages\controllers\strings.json.php --> ftp3.ftptoyoursite.com /web/content/SITE-TEST/administrator/components/com_languages/controllers strings.json.php
2012.09.04 10:45 B C:\inetpub\wwwroot\administrator\components\com_languages\controllers\WS_FTP.LOG --> ftp3.ftptoyoursite.com /web/content/SITE-TEST/administrator/components/com_languages/controllers WS_FTP.LOG
2012.09.06 14:59 B C:\inetpub\wwwroot\administrator\components\com_languages\controllers\index.html --> ftp3.ftptoyoursite.com /web/content/SITEBACKUP_962012/administrator/components/com_languages/controllers index.html
2012.09.06 14:59 B C:\inetpub\wwwroot\administrator\components\com_languages\controllers\installed.php --> ftp3.ftptoyoursite.com /web/content/SITEBACKUP_962012/administrator/components/com_languages/controllers installed.php
2012.09.06 14:59 B C:\inetpub\wwwroot\administrator\components\com_languages\controllers\language.php --> ftp3.ftptoyoursite.com /web/content/SITEBACKUP_962012/administrator/components/com_languages/controllers language.php
2012.09.06 14:59 B C:\inetpub\wwwroot\administrator\components\com_languages\controllers\languages.php --> ftp3.ftptoyoursite.com /web/content/SITEBACKUP_962012/administrator/components/com_languages/controllers languages.php
2012.09.06 14:59 B C:\inetpub\wwwroot\administrator\components\com_languages\controllers\override.php --> ftp3.ftptoyoursite.com /web/content/SITEBACKUP_962012/administrator/components/com_languages/controllers override.php
2012.09.06 14:59 B C:\inetpub\wwwroot\administrator\components\com_languages\controllers\overrides.php --> ftp3.ftptoyoursite.com /web/content/SITEBACKUP_962012/administrator/components/com_languages/controllers overrides.php
2012.09.06 14:59 B C:\inetpub\wwwroot\administrator\components\com_languages\controllers\strings.json.php --> ftp3.ftptoyoursite.com /web/content/SITEBACKUP_962012/administrator/components/com_languages/controllers strings.json.php
2012.09.06 14:59 B C:\inetpub\wwwroot\administrator\components\com_languages\controllers\WS_FTP.LOG --> ftp3.ftptoyoursite.com /web/content/SITEBACKUP_962012/administrator/components/com_languages/controllers WS_FTP.LOG
2012.09.06 15:21 B C:\inetpub\wwwroot\administrator\components\com_languages\controllers\index.html <-- Schubert Rackspace /web/content/administrator/components/com_languages/controllers index.html
2012.09.06 15:21 B C:\inetpub\wwwroot\administrator\components\com_languages\controllers\installed.php <-- Schubert Rackspace /web/content/administrator/components/com_languages/controllers installed.php
2012.09.06 15:21 B C:\inetpub\wwwroot\administrator\components\com_languages\controllers\language.php <-- Schubert Rackspace /web/content/administrator/components/com_languages/controllers language.php
2012.09.06 15:21 B C:\inetpub\wwwroot\administrator\components\com_languages\controllers\languages.php <-- Schubert Rackspace /web/content/administrator/components/com_languages/controllers languages.php
2012.09.06 15:21 B C:\inetpub\wwwroot\administrator\components\com_languages\controllers\override.php <-- Schubert Rackspace /web/content/administrator/components/com_languages/controllers override.php
2012.09.06 15:21 B C:\inetpub\wwwroot\administrator\components\com_languages\controllers\overrides.php <-- Schubert Rackspace /web/content/administrator/components/com_languages/controllers overrides.php
2012.09.06 15:21 B C:\inetpub\wwwroot\administrator\components\com_languages\controllers\strings.json.php <-- Schubert Rackspace /web/content/administrator/components/com_languages/controllers strings.json.php
2012.09.06 15:44 B C:\inetpub\wwwroot\administrator\components\com_languages\controllers\index.html <-- Schubert Rackspace /web/content/SITEBACKUP_962012/administrator/components/com_languages/controllers index.html
2012.09.06 15:44 B C:\inetpub\wwwroot\administrator\components\com_languages\controllers\installed.php <-- Schubert Rackspace /web/content/SITEBACKUP_962012/administrator/components/com_languages/controllers installed.php
2012.09.06 15:44 B C:\inetpub\wwwroot\administrator\components\com_languages\controllers\language.php <-- Schubert Rackspace /web/content/SITEBACKUP_962012/administrator/components/com_languages/controllers language.php
2012.09.06 15:44 B C:\inetpub\wwwroot\administrator\components\com_languages\controllers\languages.php <-- Schubert Rackspace /web/content/SITEBACKUP_962012/administrator/components/com_languages/controllers languages.php
2012.09.06 15:44 B C:\inetpub\wwwroot\administrator\components\com_languages\controllers\override.php <-- Schubert Rackspace /web/content/SITEBACKUP_962012/administrator/components/com_languages/controllers override.php
2012.09.06 15:44 B C:\inetpub\wwwroot\administrator\components\com_languages\controllers\overrides.php <-- Schubert Rackspace /web/content/SITEBACKUP_962012/administrator/components/com_languages/controllers overrides.php
2012.09.06 15:44 B C:\inetpub\wwwroot\administrator\components\com_languages\controllers\strings.json.php <-- Schubert Rackspace /web/content/SITEBACKUP_962012/administrator/components/com_languages/controllers strings.json.php
2012.10.23 09:05 B C:\inetpub\wwwroot\administrator\components\com_languages\controllers\index.html --> ftp3.ftptoyoursite.com /web/content/administrator/components/com_languages/controllers index.html
2012.10.23 09:05 B C:\inetpub\wwwroot\administrator\components\com_languages\controllers\installed.php --> ftp3.ftptoyoursite.com /web/content/administrator/components/com_languages/controllers installed.php
2012.10.23 09:05 B C:\inetpub\wwwroot\administrator\components\com_languages\controllers\language.php --> ftp3.ftptoyoursite.com /web/content/administrator/components/com_languages/controllers language.php
2012.10.23 09:05 B C:\inetpub\wwwroot\administrator\components\com_languages\controllers\languages.php --> ftp3.ftptoyoursite.com /web/content/administrator/components/com_languages/controllers languages.php
2012.10.23 09:05 B C:\inetpub\wwwroot\administrator\components\com_languages\controllers\override.php --> ftp3.ftptoyoursite.com /web/content/administrator/components/com_languages/controllers override.php
2012.10.23 09:05 B C:\inetpub\wwwroot\administrator\components\com_languages\controllers\overrides.php --> ftp3.ftptoyoursite.com /web/content/administrator/components/com_languages/controllers overrides.php
2012.10.23 09:05 B C:\inetpub\wwwroot\administrator\components\com_languages\controllers\strings.json.php --> ftp3.ftptoyoursite.com /web/content/administrator/components/com_languages/controllers strings.json.php
2012.10.23 09:05 B C:\inetpub\wwwroot\administrator\components\com_languages\controllers\WS_FTP.LOG --> ftp3.ftptoyoursite.com /web/content/administrator/components/com_languages/controllers WS_FTP.LOG
2013.02.01 14:41 B C:\inetpub\wwwroot\administrator\components\com_languages\controllers\WS_FTP.LOG <-- Schubert Rackspace /web/content/administrator/components/com_languages/controllers WS_FTP.LOG
