2012.07.25 12:19 B C:\Users\COBRIEN\Desktop\Schubert\modules\mod_arisexylightbox\includes\kernel\Module\Lightbox\Models\templates\gallery\customtext.html.php <-- Schubert Rackspace /web/content/modules/mod_arisexylightbox/includes/kernel/Module/Lightbox/Models/templates/gallery customtext.html.php
2012.07.25 12:19 B C:\Users\COBRIEN\Desktop\Schubert\modules\mod_arisexylightbox\includes\kernel\Module\Lightbox\Models\templates\gallery\gallery.html.php <-- Schubert Rackspace /web/content/modules/mod_arisexylightbox/includes/kernel/Module/Lightbox/Models/templates/gallery gallery.html.php
2012.07.25 12:19 B C:\Users\COBRIEN\Desktop\Schubert\modules\mod_arisexylightbox\includes\kernel\Module\Lightbox\Models\templates\gallery\index.html <-- Schubert Rackspace /web/content/modules/mod_arisexylightbox/includes/kernel/Module/Lightbox/Models/templates/gallery index.html
2012.07.25 12:19 B C:\Users\COBRIEN\Desktop\Schubert\modules\mod_arisexylightbox\includes\kernel\Module\Lightbox\Models\templates\gallery\singleimage.html.php <-- Schubert Rackspace /web/content/modules/mod_arisexylightbox/includes/kernel/Module/Lightbox/Models/templates/gallery singleimage.html.php
2012.07.25 12:19 B C:\Users\COBRIEN\Desktop\Schubert\modules\mod_arisexylightbox\includes\kernel\Module\Lightbox\Models\templates\gallery\slickgallery.html.php <-- Schubert Rackspace /web/content/modules/mod_arisexylightbox/includes/kernel/Module/Lightbox/Models/templates/gallery slickgallery.html.php
2012.09.04 10:55 B C:\inetpub\wwwroot\modules\mod_arisexylightbox\includes\kernel\Module\Lightbox\Models\templates\gallery\customtext.html.php --> ftp3.ftptoyoursite.com /web/content/SITE-TEST/modules/mod_arisexylightbox/includes/kernel/Module/Lightbox/Models/templates/gallery customtext.html.php
2012.09.04 10:55 B C:\inetpub\wwwroot\modules\mod_arisexylightbox\includes\kernel\Module\Lightbox\Models\templates\gallery\gallery.html.php --> ftp3.ftptoyoursite.com /web/content/SITE-TEST/modules/mod_arisexylightbox/includes/kernel/Module/Lightbox/Models/templates/gallery gallery.html.php
2012.09.04 10:55 B C:\inetpub\wwwroot\modules\mod_arisexylightbox\includes\kernel\Module\Lightbox\Models\templates\gallery\index.html --> ftp3.ftptoyoursite.com /web/content/SITE-TEST/modules/mod_arisexylightbox/includes/kernel/Module/Lightbox/Models/templates/gallery index.html
2012.09.04 10:55 B C:\inetpub\wwwroot\modules\mod_arisexylightbox\includes\kernel\Module\Lightbox\Models\templates\gallery\singleimage.html.php --> ftp3.ftptoyoursite.com /web/content/SITE-TEST/modules/mod_arisexylightbox/includes/kernel/Module/Lightbox/Models/templates/gallery singleimage.html.php
2012.09.04 10:55 B C:\inetpub\wwwroot\modules\mod_arisexylightbox\includes\kernel\Module\Lightbox\Models\templates\gallery\slickgallery.html.php --> ftp3.ftptoyoursite.com /web/content/SITE-TEST/modules/mod_arisexylightbox/includes/kernel/Module/Lightbox/Models/templates/gallery slickgallery.html.php
2012.09.04 10:55 B C:\inetpub\wwwroot\modules\mod_arisexylightbox\includes\kernel\Module\Lightbox\Models\templates\gallery\WS_FTP.LOG --> ftp3.ftptoyoursite.com /web/content/SITE-TEST/modules/mod_arisexylightbox/includes/kernel/Module/Lightbox/Models/templates/gallery WS_FTP.LOG
2012.09.06 15:14 B C:\inetpub\wwwroot\modules\mod_arisexylightbox\includes\kernel\Module\Lightbox\Models\templates\gallery\customtext.html.php --> ftp3.ftptoyoursite.com /web/content/SITEBACKUP_962012/modules/mod_arisexylightbox/includes/kernel/Module/Lightbox/Models/templates/gallery customtext.html.php
2012.09.06 15:14 B C:\inetpub\wwwroot\modules\mod_arisexylightbox\includes\kernel\Module\Lightbox\Models\templates\gallery\gallery.html.php --> ftp3.ftptoyoursite.com /web/content/SITEBACKUP_962012/modules/mod_arisexylightbox/includes/kernel/Module/Lightbox/Models/templates/gallery gallery.html.php
2012.09.06 15:14 B C:\inetpub\wwwroot\modules\mod_arisexylightbox\includes\kernel\Module\Lightbox\Models\templates\gallery\index.html --> ftp3.ftptoyoursite.com /web/content/SITEBACKUP_962012/modules/mod_arisexylightbox/includes/kernel/Module/Lightbox/Models/templates/gallery index.html
2012.09.06 15:14 B C:\inetpub\wwwroot\modules\mod_arisexylightbox\includes\kernel\Module\Lightbox\Models\templates\gallery\singleimage.html.php --> ftp3.ftptoyoursite.com /web/content/SITEBACKUP_962012/modules/mod_arisexylightbox/includes/kernel/Module/Lightbox/Models/templates/gallery singleimage.html.php
2012.09.06 15:14 B C:\inetpub\wwwroot\modules\mod_arisexylightbox\includes\kernel\Module\Lightbox\Models\templates\gallery\slickgallery.html.php --> ftp3.ftptoyoursite.com /web/content/SITEBACKUP_962012/modules/mod_arisexylightbox/includes/kernel/Module/Lightbox/Models/templates/gallery slickgallery.html.php
2012.09.06 15:14 B C:\inetpub\wwwroot\modules\mod_arisexylightbox\includes\kernel\Module\Lightbox\Models\templates\gallery\WS_FTP.LOG --> ftp3.ftptoyoursite.com /web/content/SITEBACKUP_962012/modules/mod_arisexylightbox/includes/kernel/Module/Lightbox/Models/templates/gallery WS_FTP.LOG
2012.10.23 09:16 B C:\inetpub\wwwroot\modules\mod_arisexylightbox\includes\kernel\Module\Lightbox\Models\templates\gallery\customtext.html.php --> ftp3.ftptoyoursite.com /web/content/modules/mod_arisexylightbox/includes/kernel/Module/Lightbox/Models/templates/gallery customtext.html.php
2012.10.23 09:16 B C:\inetpub\wwwroot\modules\mod_arisexylightbox\includes\kernel\Module\Lightbox\Models\templates\gallery\gallery.html.php --> ftp3.ftptoyoursite.com /web/content/modules/mod_arisexylightbox/includes/kernel/Module/Lightbox/Models/templates/gallery gallery.html.php
2012.10.23 09:16 B C:\inetpub\wwwroot\modules\mod_arisexylightbox\includes\kernel\Module\Lightbox\Models\templates\gallery\index.html --> ftp3.ftptoyoursite.com /web/content/modules/mod_arisexylightbox/includes/kernel/Module/Lightbox/Models/templates/gallery index.html
2012.10.23 09:16 B C:\inetpub\wwwroot\modules\mod_arisexylightbox\includes\kernel\Module\Lightbox\Models\templates\gallery\singleimage.html.php --> ftp3.ftptoyoursite.com /web/content/modules/mod_arisexylightbox/includes/kernel/Module/Lightbox/Models/templates/gallery singleimage.html.php
2012.10.23 09:16 B C:\inetpub\wwwroot\modules\mod_arisexylightbox\includes\kernel\Module\Lightbox\Models\templates\gallery\slickgallery.html.php --> ftp3.ftptoyoursite.com /web/content/modules/mod_arisexylightbox/includes/kernel/Module/Lightbox/Models/templates/gallery slickgallery.html.php
2012.10.23 09:16 B C:\inetpub\wwwroot\modules\mod_arisexylightbox\includes\kernel\Module\Lightbox\Models\templates\gallery\WS_FTP.LOG --> ftp3.ftptoyoursite.com /web/content/modules/mod_arisexylightbox/includes/kernel/Module/Lightbox/Models/templates/gallery WS_FTP.LOG
2013.02.01 15:02 B C:\inetpub\wwwroot\modules\mod_arisexylightbox\includes\kernel\Module\Lightbox\Models\templates\gallery\WS_FTP.LOG <-- Schubert Rackspace /web/content/modules/mod_arisexylightbox/includes/kernel/Module/Lightbox/Models/templates/gallery WS_FTP.LOG
