2012.07.25 12:17 B C:\Users\COBRIEN\Desktop\Schubert\libraries\joomla\application\input\cli.php <-- Schubert Rackspace /web/content/libraries/joomla/application/input cli.php
2012.07.25 12:17 B C:\Users\COBRIEN\Desktop\Schubert\libraries\joomla\application\input\cookie.php <-- Schubert Rackspace /web/content/libraries/joomla/application/input cookie.php
2012.07.25 12:17 B C:\Users\COBRIEN\Desktop\Schubert\libraries\joomla\application\input\files.php <-- Schubert Rackspace /web/content/libraries/joomla/application/input files.php
2012.07.25 12:17 B C:\Users\COBRIEN\Desktop\Schubert\libraries\joomla\application\input\index.html <-- Schubert Rackspace /web/content/libraries/joomla/application/input index.html
2012.09.04 10:53 B C:\inetpub\wwwroot\libraries\joomla\application\input\cli.php --> ftp3.ftptoyoursite.com /web/content/SITE-TEST/libraries/joomla/application/input cli.php
2012.09.04 10:53 B C:\inetpub\wwwroot\libraries\joomla\application\input\cookie.php --> ftp3.ftptoyoursite.com /web/content/SITE-TEST/libraries/joomla/application/input cookie.php
2012.09.04 10:53 B C:\inetpub\wwwroot\libraries\joomla\application\input\files.php --> ftp3.ftptoyoursite.com /web/content/SITE-TEST/libraries/joomla/application/input files.php
2012.09.04 10:53 B C:\inetpub\wwwroot\libraries\joomla\application\input\index.html --> ftp3.ftptoyoursite.com /web/content/SITE-TEST/libraries/joomla/application/input index.html
2012.09.04 10:53 B C:\inetpub\wwwroot\libraries\joomla\application\input\WS_FTP.LOG --> ftp3.ftptoyoursite.com /web/content/SITE-TEST/libraries/joomla/application/input WS_FTP.LOG
2012.09.06 15:12 B C:\inetpub\wwwroot\libraries\joomla\application\input\cli.php --> ftp3.ftptoyoursite.com /web/content/SITEBACKUP_962012/libraries/joomla/application/input cli.php
2012.09.06 15:12 B C:\inetpub\wwwroot\libraries\joomla\application\input\cookie.php --> ftp3.ftptoyoursite.com /web/content/SITEBACKUP_962012/libraries/joomla/application/input cookie.php
2012.09.06 15:12 B C:\inetpub\wwwroot\libraries\joomla\application\input\files.php --> ftp3.ftptoyoursite.com /web/content/SITEBACKUP_962012/libraries/joomla/application/input files.php
2012.09.06 15:12 B C:\inetpub\wwwroot\libraries\joomla\application\input\index.html --> ftp3.ftptoyoursite.com /web/content/SITEBACKUP_962012/libraries/joomla/application/input index.html
2012.09.06 15:12 B C:\inetpub\wwwroot\libraries\joomla\application\input\WS_FTP.LOG --> ftp3.ftptoyoursite.com /web/content/SITEBACKUP_962012/libraries/joomla/application/input WS_FTP.LOG
2012.10.23 09:14 B C:\inetpub\wwwroot\libraries\joomla\application\input\cli.php --> ftp3.ftptoyoursite.com /web/content/libraries/joomla/application/input cli.php
2012.10.23 09:14 B C:\inetpub\wwwroot\libraries\joomla\application\input\cookie.php --> ftp3.ftptoyoursite.com /web/content/libraries/joomla/application/input cookie.php
2012.10.23 09:14 B C:\inetpub\wwwroot\libraries\joomla\application\input\files.php --> ftp3.ftptoyoursite.com /web/content/libraries/joomla/application/input files.php
2012.10.23 09:14 B C:\inetpub\wwwroot\libraries\joomla\application\input\index.html --> ftp3.ftptoyoursite.com /web/content/libraries/joomla/application/input index.html
2012.10.23 09:14 B C:\inetpub\wwwroot\libraries\joomla\application\input\WS_FTP.LOG --> ftp3.ftptoyoursite.com /web/content/libraries/joomla/application/input WS_FTP.LOG
2013.02.01 14:54 B C:\inetpub\wwwroot\libraries\joomla\application\input\WS_FTP.LOG <-- Schubert Rackspace /web/content/libraries/joomla/application/input WS_FTP.LOG
