2012.07.25 12:10 B C:\Users\COBRIEN\Desktop\Schubert\administrator\components\com_finder\access.xml <-- Schubert Rackspace /web/content/administrator/components/com_finder access.xml
2012.07.25 12:10 B C:\Users\COBRIEN\Desktop\Schubert\administrator\components\com_finder\config.xml <-- Schubert Rackspace /web/content/administrator/components/com_finder config.xml
2012.07.25 12:10 B C:\Users\COBRIEN\Desktop\Schubert\administrator\components\com_finder\controller.php <-- Schubert Rackspace /web/content/administrator/components/com_finder controller.php
2012.07.25 12:10 B C:\Users\COBRIEN\Desktop\Schubert\administrator\components\com_finder\finder.php <-- Schubert Rackspace /web/content/administrator/components/com_finder finder.php
2012.07.25 12:10 B C:\Users\COBRIEN\Desktop\Schubert\administrator\components\com_finder\finder.xml <-- Schubert Rackspace /web/content/administrator/components/com_finder finder.xml
2012.07.25 12:10 B C:\Users\COBRIEN\Desktop\Schubert\administrator\components\com_finder\index.html <-- Schubert Rackspace /web/content/administrator/components/com_finder index.html
2012.09.04 10:44 B C:\inetpub\wwwroot\administrator\components\com_finder\access.xml --> ftp3.ftptoyoursite.com /web/content/SITE-TEST/administrator/components/com_finder access.xml
2012.09.04 10:44 B C:\inetpub\wwwroot\administrator\components\com_finder\config.xml --> ftp3.ftptoyoursite.com /web/content/SITE-TEST/administrator/components/com_finder config.xml
2012.09.04 10:44 B C:\inetpub\wwwroot\administrator\components\com_finder\controller.php --> ftp3.ftptoyoursite.com /web/content/SITE-TEST/administrator/components/com_finder controller.php
2012.09.04 10:44 B C:\inetpub\wwwroot\administrator\components\com_finder\finder.php --> ftp3.ftptoyoursite.com /web/content/SITE-TEST/administrator/components/com_finder finder.php
2012.09.04 10:44 B C:\inetpub\wwwroot\administrator\components\com_finder\finder.xml --> ftp3.ftptoyoursite.com /web/content/SITE-TEST/administrator/components/com_finder finder.xml
2012.09.04 10:44 B C:\inetpub\wwwroot\administrator\components\com_finder\index.html --> ftp3.ftptoyoursite.com /web/content/SITE-TEST/administrator/components/com_finder index.html
2012.09.04 10:44 B C:\inetpub\wwwroot\administrator\components\com_finder\WS_FTP.LOG --> ftp3.ftptoyoursite.com /web/content/SITE-TEST/administrator/components/com_finder WS_FTP.LOG
2012.09.06 14:59 B C:\inetpub\wwwroot\administrator\components\com_finder\access.xml --> ftp3.ftptoyoursite.com /web/content/SITEBACKUP_962012/administrator/components/com_finder access.xml
2012.09.06 14:59 B C:\inetpub\wwwroot\administrator\components\com_finder\config.xml --> ftp3.ftptoyoursite.com /web/content/SITEBACKUP_962012/administrator/components/com_finder config.xml
2012.09.06 14:59 B C:\inetpub\wwwroot\administrator\components\com_finder\controller.php --> ftp3.ftptoyoursite.com /web/content/SITEBACKUP_962012/administrator/components/com_finder controller.php
2012.09.06 14:59 B C:\inetpub\wwwroot\administrator\components\com_finder\finder.php --> ftp3.ftptoyoursite.com /web/content/SITEBACKUP_962012/administrator/components/com_finder finder.php
2012.09.06 14:59 B C:\inetpub\wwwroot\administrator\components\com_finder\finder.xml --> ftp3.ftptoyoursite.com /web/content/SITEBACKUP_962012/administrator/components/com_finder finder.xml
2012.09.06 14:59 B C:\inetpub\wwwroot\administrator\components\com_finder\index.html --> ftp3.ftptoyoursite.com /web/content/SITEBACKUP_962012/administrator/components/com_finder index.html
2012.09.06 14:59 B C:\inetpub\wwwroot\administrator\components\com_finder\WS_FTP.LOG --> ftp3.ftptoyoursite.com /web/content/SITEBACKUP_962012/administrator/components/com_finder WS_FTP.LOG
2012.09.06 15:20 B C:\inetpub\wwwroot\administrator\components\com_finder\access.xml <-- Schubert Rackspace /web/content/administrator/components/com_finder access.xml
2012.09.06 15:20 B C:\inetpub\wwwroot\administrator\components\com_finder\config.xml <-- Schubert Rackspace /web/content/administrator/components/com_finder config.xml
2012.09.06 15:20 B C:\inetpub\wwwroot\administrator\components\com_finder\controller.php <-- Schubert Rackspace /web/content/administrator/components/com_finder controller.php
2012.09.06 15:20 B C:\inetpub\wwwroot\administrator\components\com_finder\finder.php <-- Schubert Rackspace /web/content/administrator/components/com_finder finder.php
2012.09.06 15:20 B C:\inetpub\wwwroot\administrator\components\com_finder\finder.xml <-- Schubert Rackspace /web/content/administrator/components/com_finder finder.xml
2012.09.06 15:20 B C:\inetpub\wwwroot\administrator\components\com_finder\index.html <-- Schubert Rackspace /web/content/administrator/components/com_finder index.html
2012.09.06 15:44 B C:\inetpub\wwwroot\administrator\components\com_finder\access.xml <-- Schubert Rackspace /web/content/SITEBACKUP_962012/administrator/components/com_finder access.xml
2012.09.06 15:44 B C:\inetpub\wwwroot\administrator\components\com_finder\config.xml <-- Schubert Rackspace /web/content/SITEBACKUP_962012/administrator/components/com_finder config.xml
2012.09.06 15:44 B C:\inetpub\wwwroot\administrator\components\com_finder\controller.php <-- Schubert Rackspace /web/content/SITEBACKUP_962012/administrator/components/com_finder controller.php
2012.09.06 15:44 B C:\inetpub\wwwroot\administrator\components\com_finder\finder.php <-- Schubert Rackspace /web/content/SITEBACKUP_962012/administrator/components/com_finder finder.php
2012.09.06 15:44 B C:\inetpub\wwwroot\administrator\components\com_finder\finder.xml <-- Schubert Rackspace /web/content/SITEBACKUP_962012/administrator/components/com_finder finder.xml
2012.09.06 15:44 B C:\inetpub\wwwroot\administrator\components\com_finder\index.html <-- Schubert Rackspace /web/content/SITEBACKUP_962012/administrator/components/com_finder index.html
2012.10.23 09:04 B C:\inetpub\wwwroot\administrator\components\com_finder\access.xml --> ftp3.ftptoyoursite.com /web/content/administrator/components/com_finder access.xml
2012.10.23 09:04 B C:\inetpub\wwwroot\administrator\components\com_finder\config.xml --> ftp3.ftptoyoursite.com /web/content/administrator/components/com_finder config.xml
2012.10.23 09:04 B C:\inetpub\wwwroot\administrator\components\com_finder\controller.php --> ftp3.ftptoyoursite.com /web/content/administrator/components/com_finder controller.php
2012.10.23 09:04 B C:\inetpub\wwwroot\administrator\components\com_finder\finder.php --> ftp3.ftptoyoursite.com /web/content/administrator/components/com_finder finder.php
2012.10.23 09:04 B C:\inetpub\wwwroot\administrator\components\com_finder\finder.xml --> ftp3.ftptoyoursite.com /web/content/administrator/components/com_finder finder.xml
2012.10.23 09:04 B C:\inetpub\wwwroot\administrator\components\com_finder\index.html --> ftp3.ftptoyoursite.com /web/content/administrator/components/com_finder index.html
2012.10.23 09:04 B C:\inetpub\wwwroot\administrator\components\com_finder\WS_FTP.LOG --> ftp3.ftptoyoursite.com /web/content/administrator/components/com_finder WS_FTP.LOG
2013.02.01 14:40 B C:\inetpub\wwwroot\administrator\components\com_finder\WS_FTP.LOG <-- Schubert Rackspace /web/content/administrator/components/com_finder WS_FTP.LOG
