2013.02.04 11:33 B C:\inetpub\wwwroot\phpMyAdmin\js\openlayers\img\blank.gif <-- Schubert Rackspace /web/content/db/phpMyAdmin/js/openlayers/img blank.gif
2013.02.04 11:33 B C:\inetpub\wwwroot\phpMyAdmin\js\openlayers\img\cloud-popup-relative.png <-- Schubert Rackspace /web/content/db/phpMyAdmin/js/openlayers/img cloud-popup-relative.png
2013.02.04 11:33 B C:\inetpub\wwwroot\phpMyAdmin\js\openlayers\img\drag-rectangle-off.png <-- Schubert Rackspace /web/content/db/phpMyAdmin/js/openlayers/img drag-rectangle-off.png
2013.02.04 11:33 B C:\inetpub\wwwroot\phpMyAdmin\js\openlayers\img\drag-rectangle-on.png <-- Schubert Rackspace /web/content/db/phpMyAdmin/js/openlayers/img drag-rectangle-on.png
2013.02.04 11:33 B C:\inetpub\wwwroot\phpMyAdmin\js\openlayers\img\east-mini.png <-- Schubert Rackspace /web/content/db/phpMyAdmin/js/openlayers/img east-mini.png
2013.02.04 11:33 B C:\inetpub\wwwroot\phpMyAdmin\js\openlayers\img\layer-switcher-maximize.png <-- Schubert Rackspace /web/content/db/phpMyAdmin/js/openlayers/img layer-switcher-maximize.png
2013.02.04 11:33 B C:\inetpub\wwwroot\phpMyAdmin\js\openlayers\img\layer-switcher-minimize.png <-- Schubert Rackspace /web/content/db/phpMyAdmin/js/openlayers/img layer-switcher-minimize.png
2013.02.04 11:33 B C:\inetpub\wwwroot\phpMyAdmin\js\openlayers\img\marker-blue.png <-- Schubert Rackspace /web/content/db/phpMyAdmin/js/openlayers/img marker-blue.png
2013.02.04 11:33 B C:\inetpub\wwwroot\phpMyAdmin\js\openlayers\img\marker-gold.png <-- Schubert Rackspace /web/content/db/phpMyAdmin/js/openlayers/img marker-gold.png
2013.02.04 11:33 B C:\inetpub\wwwroot\phpMyAdmin\js\openlayers\img\marker-green.png <-- Schubert Rackspace /web/content/db/phpMyAdmin/js/openlayers/img marker-green.png
2013.02.04 11:33 B C:\inetpub\wwwroot\phpMyAdmin\js\openlayers\img\marker.png <-- Schubert Rackspace /web/content/db/phpMyAdmin/js/openlayers/img marker.png
2013.02.04 11:33 B C:\inetpub\wwwroot\phpMyAdmin\js\openlayers\img\measuring-stick-off.png <-- Schubert Rackspace /web/content/db/phpMyAdmin/js/openlayers/img measuring-stick-off.png
2013.02.04 11:33 B C:\inetpub\wwwroot\phpMyAdmin\js\openlayers\img\measuring-stick-on.png <-- Schubert Rackspace /web/content/db/phpMyAdmin/js/openlayers/img measuring-stick-on.png
2013.02.04 11:33 B C:\inetpub\wwwroot\phpMyAdmin\js\openlayers\img\north-mini.png <-- Schubert Rackspace /web/content/db/phpMyAdmin/js/openlayers/img north-mini.png
2013.02.04 11:33 B C:\inetpub\wwwroot\phpMyAdmin\js\openlayers\img\panning-hand-off.png <-- Schubert Rackspace /web/content/db/phpMyAdmin/js/openlayers/img panning-hand-off.png
2013.02.04 11:33 B C:\inetpub\wwwroot\phpMyAdmin\js\openlayers\img\panning-hand-on.png <-- Schubert Rackspace /web/content/db/phpMyAdmin/js/openlayers/img panning-hand-on.png
2013.02.04 11:33 B C:\inetpub\wwwroot\phpMyAdmin\js\openlayers\img\slider.png <-- Schubert Rackspace /web/content/db/phpMyAdmin/js/openlayers/img slider.png
2013.02.04 11:33 B C:\inetpub\wwwroot\phpMyAdmin\js\openlayers\img\south-mini.png <-- Schubert Rackspace /web/content/db/phpMyAdmin/js/openlayers/img south-mini.png
2013.02.04 11:33 B C:\inetpub\wwwroot\phpMyAdmin\js\openlayers\img\west-mini.png <-- Schubert Rackspace /web/content/db/phpMyAdmin/js/openlayers/img west-mini.png
2013.02.04 11:33 B C:\inetpub\wwwroot\phpMyAdmin\js\openlayers\img\zoom-minus-mini.png <-- Schubert Rackspace /web/content/db/phpMyAdmin/js/openlayers/img zoom-minus-mini.png
2013.02.04 11:33 B C:\inetpub\wwwroot\phpMyAdmin\js\openlayers\img\zoom-plus-mini.png <-- Schubert Rackspace /web/content/db/phpMyAdmin/js/openlayers/img zoom-plus-mini.png
2013.02.04 11:33 B C:\inetpub\wwwroot\phpMyAdmin\js\openlayers\img\zoom-world-mini.png <-- Schubert Rackspace /web/content/db/phpMyAdmin/js/openlayers/img zoom-world-mini.png
2013.02.04 11:33 B C:\inetpub\wwwroot\phpMyAdmin\js\openlayers\img\zoombar.png <-- Schubert Rackspace /web/content/db/phpMyAdmin/js/openlayers/img zoombar.png
