2012.07.25 12:11 B C:\Users\COBRIEN\Desktop\Schubert\administrator\components\com_jce\sql\index.html <-- Schubert Rackspace /web/content/administrator/components/com_jce/sql index.html
2012.07.25 12:11 B C:\Users\COBRIEN\Desktop\Schubert\administrator\components\com_jce\sql\mysql.sql <-- Schubert Rackspace /web/content/administrator/components/com_jce/sql mysql.sql
2012.07.25 12:11 B C:\Users\COBRIEN\Desktop\Schubert\administrator\components\com_jce\sql\sqlsrv.sql <-- Schubert Rackspace /web/content/administrator/components/com_jce/sql sqlsrv.sql
2012.09.04 10:44 B C:\inetpub\wwwroot\administrator\components\com_jce\sql\index.html --> ftp3.ftptoyoursite.com /web/content/SITE-TEST/administrator/components/com_jce/sql index.html
2012.09.04 10:44 B C:\inetpub\wwwroot\administrator\components\com_jce\sql\mysql.sql --> ftp3.ftptoyoursite.com /web/content/SITE-TEST/administrator/components/com_jce/sql mysql.sql
2012.09.04 10:44 B C:\inetpub\wwwroot\administrator\components\com_jce\sql\sqlsrv.sql --> ftp3.ftptoyoursite.com /web/content/SITE-TEST/administrator/components/com_jce/sql sqlsrv.sql
2012.09.04 10:44 B C:\inetpub\wwwroot\administrator\components\com_jce\sql\WS_FTP.LOG --> ftp3.ftptoyoursite.com /web/content/SITE-TEST/administrator/components/com_jce/sql WS_FTP.LOG
2012.09.06 14:59 B C:\inetpub\wwwroot\administrator\components\com_jce\sql\index.html --> ftp3.ftptoyoursite.com /web/content/SITEBACKUP_962012/administrator/components/com_jce/sql index.html
2012.09.06 14:59 B C:\inetpub\wwwroot\administrator\components\com_jce\sql\mysql.sql --> ftp3.ftptoyoursite.com /web/content/SITEBACKUP_962012/administrator/components/com_jce/sql mysql.sql
2012.09.06 14:59 B C:\inetpub\wwwroot\administrator\components\com_jce\sql\sqlsrv.sql --> ftp3.ftptoyoursite.com /web/content/SITEBACKUP_962012/administrator/components/com_jce/sql sqlsrv.sql
2012.09.06 14:59 B C:\inetpub\wwwroot\administrator\components\com_jce\sql\WS_FTP.LOG --> ftp3.ftptoyoursite.com /web/content/SITEBACKUP_962012/administrator/components/com_jce/sql WS_FTP.LOG
2012.09.06 15:21 B C:\inetpub\wwwroot\administrator\components\com_jce\sql\index.html <-- Schubert Rackspace /web/content/administrator/components/com_jce/sql index.html
2012.09.06 15:21 B C:\inetpub\wwwroot\administrator\components\com_jce\sql\mysql.sql <-- Schubert Rackspace /web/content/administrator/components/com_jce/sql mysql.sql
2012.09.06 15:21 B C:\inetpub\wwwroot\administrator\components\com_jce\sql\sqlsrv.sql <-- Schubert Rackspace /web/content/administrator/components/com_jce/sql sqlsrv.sql
2012.09.06 15:44 B C:\inetpub\wwwroot\administrator\components\com_jce\sql\index.html <-- Schubert Rackspace /web/content/SITEBACKUP_962012/administrator/components/com_jce/sql index.html
2012.09.06 15:44 B C:\inetpub\wwwroot\administrator\components\com_jce\sql\mysql.sql <-- Schubert Rackspace /web/content/SITEBACKUP_962012/administrator/components/com_jce/sql mysql.sql
2012.09.06 15:44 B C:\inetpub\wwwroot\administrator\components\com_jce\sql\sqlsrv.sql <-- Schubert Rackspace /web/content/SITEBACKUP_962012/administrator/components/com_jce/sql sqlsrv.sql
2012.10.23 09:04 B C:\inetpub\wwwroot\administrator\components\com_jce\sql\index.html --> ftp3.ftptoyoursite.com /web/content/administrator/components/com_jce/sql index.html
2012.10.23 09:04 B C:\inetpub\wwwroot\administrator\components\com_jce\sql\mysql.sql --> ftp3.ftptoyoursite.com /web/content/administrator/components/com_jce/sql mysql.sql
2012.10.23 09:04 B C:\inetpub\wwwroot\administrator\components\com_jce\sql\sqlsrv.sql --> ftp3.ftptoyoursite.com /web/content/administrator/components/com_jce/sql sqlsrv.sql
2012.10.23 09:04 B C:\inetpub\wwwroot\administrator\components\com_jce\sql\WS_FTP.LOG --> ftp3.ftptoyoursite.com /web/content/administrator/components/com_jce/sql WS_FTP.LOG
2013.02.01 14:41 B C:\inetpub\wwwroot\administrator\components\com_jce\sql\WS_FTP.LOG <-- Schubert Rackspace /web/content/administrator/components/com_jce/sql WS_FTP.LOG
