2012.07.25 12:16 B C:\Users\COBRIEN\Desktop\Schubert\images\sampledata\parks\animals\180px_koala_ag1.jpg <-- Schubert Rackspace /web/content/images/sampledata/parks/animals 180px_koala_ag1.jpg
2012.07.25 12:16 B C:\Users\COBRIEN\Desktop\Schubert\images\sampledata\parks\animals\180px_wobbegong.jpg <-- Schubert Rackspace /web/content/images/sampledata/parks/animals 180px_wobbegong.jpg
2012.07.25 12:16 B C:\Users\COBRIEN\Desktop\Schubert\images\sampledata\parks\animals\200px_phyllopteryx_taeniolatus1.jpg <-- Schubert Rackspace /web/content/images/sampledata/parks/animals 200px_phyllopteryx_taeniolatus1.jpg
2012.07.25 12:16 B C:\Users\COBRIEN\Desktop\Schubert\images\sampledata\parks\animals\220px_spottedquoll_2005_seanmcclean.jpg <-- Schubert Rackspace /web/content/images/sampledata/parks/animals 220px_spottedquoll_2005_seanmcclean.jpg
2012.07.25 12:16 B C:\Users\COBRIEN\Desktop\Schubert\images\sampledata\parks\animals\789px_spottedquoll_2005_seanmcclean.jpg <-- Schubert Rackspace /web/content/images/sampledata/parks/animals 789px_spottedquoll_2005_seanmcclean.jpg
2012.07.25 12:16 B C:\Users\COBRIEN\Desktop\Schubert\images\sampledata\parks\animals\800px_koala_ag1.jpg <-- Schubert Rackspace /web/content/images/sampledata/parks/animals 800px_koala_ag1.jpg
2012.07.25 12:16 B C:\Users\COBRIEN\Desktop\Schubert\images\sampledata\parks\animals\800px_phyllopteryx_taeniolatus1.jpg <-- Schubert Rackspace /web/content/images/sampledata/parks/animals 800px_phyllopteryx_taeniolatus1.jpg
2012.07.25 12:16 B C:\Users\COBRIEN\Desktop\Schubert\images\sampledata\parks\animals\800px_wobbegong.jpg <-- Schubert Rackspace /web/content/images/sampledata/parks/animals 800px_wobbegong.jpg
2012.07.25 12:16 B C:\Users\COBRIEN\Desktop\Schubert\images\sampledata\parks\animals\index.html <-- Schubert Rackspace /web/content/images/sampledata/parks/animals index.html
2012.09.04 10:52 B C:\inetpub\wwwroot\images\sampledata\parks\animals\180px_koala_ag1.jpg --> ftp3.ftptoyoursite.com /web/content/SITE-TEST/images/sampledata/parks/animals 180px_koala_ag1.jpg
2012.09.04 10:52 B C:\inetpub\wwwroot\images\sampledata\parks\animals\180px_wobbegong.jpg --> ftp3.ftptoyoursite.com /web/content/SITE-TEST/images/sampledata/parks/animals 180px_wobbegong.jpg
2012.09.04 10:52 B C:\inetpub\wwwroot\images\sampledata\parks\animals\200px_phyllopteryx_taeniolatus1.jpg --> ftp3.ftptoyoursite.com /web/content/SITE-TEST/images/sampledata/parks/animals 200px_phyllopteryx_taeniolatus1.jpg
2012.09.04 10:52 B C:\inetpub\wwwroot\images\sampledata\parks\animals\220px_spottedquoll_2005_seanmcclean.jpg --> ftp3.ftptoyoursite.com /web/content/SITE-TEST/images/sampledata/parks/animals 220px_spottedquoll_2005_seanmcclean.jpg
2012.09.04 10:52 B C:\inetpub\wwwroot\images\sampledata\parks\animals\789px_spottedquoll_2005_seanmcclean.jpg --> ftp3.ftptoyoursite.com /web/content/SITE-TEST/images/sampledata/parks/animals 789px_spottedquoll_2005_seanmcclean.jpg
2012.09.04 10:52 B C:\inetpub\wwwroot\images\sampledata\parks\animals\800px_koala_ag1.jpg --> ftp3.ftptoyoursite.com /web/content/SITE-TEST/images/sampledata/parks/animals 800px_koala_ag1.jpg
2012.09.04 10:52 B C:\inetpub\wwwroot\images\sampledata\parks\animals\800px_phyllopteryx_taeniolatus1.jpg --> ftp3.ftptoyoursite.com /web/content/SITE-TEST/images/sampledata/parks/animals 800px_phyllopteryx_taeniolatus1.jpg
2012.09.04 10:52 B C:\inetpub\wwwroot\images\sampledata\parks\animals\800px_wobbegong.jpg --> ftp3.ftptoyoursite.com /web/content/SITE-TEST/images/sampledata/parks/animals 800px_wobbegong.jpg
2012.09.04 10:52 B C:\inetpub\wwwroot\images\sampledata\parks\animals\index.html --> ftp3.ftptoyoursite.com /web/content/SITE-TEST/images/sampledata/parks/animals index.html
2012.09.04 10:52 B C:\inetpub\wwwroot\images\sampledata\parks\animals\WS_FTP.LOG --> ftp3.ftptoyoursite.com /web/content/SITE-TEST/images/sampledata/parks/animals WS_FTP.LOG
2012.09.06 15:10 B C:\inetpub\wwwroot\images\sampledata\parks\animals\180px_koala_ag1.jpg --> ftp3.ftptoyoursite.com /web/content/SITEBACKUP_962012/images/sampledata/parks/animals 180px_koala_ag1.jpg
2012.09.06 15:10 B C:\inetpub\wwwroot\images\sampledata\parks\animals\180px_wobbegong.jpg --> ftp3.ftptoyoursite.com /web/content/SITEBACKUP_962012/images/sampledata/parks/animals 180px_wobbegong.jpg
2012.09.06 15:10 B C:\inetpub\wwwroot\images\sampledata\parks\animals\200px_phyllopteryx_taeniolatus1.jpg --> ftp3.ftptoyoursite.com /web/content/SITEBACKUP_962012/images/sampledata/parks/animals 200px_phyllopteryx_taeniolatus1.jpg
2012.09.06 15:10 B C:\inetpub\wwwroot\images\sampledata\parks\animals\220px_spottedquoll_2005_seanmcclean.jpg --> ftp3.ftptoyoursite.com /web/content/SITEBACKUP_962012/images/sampledata/parks/animals 220px_spottedquoll_2005_seanmcclean.jpg
2012.09.06 15:10 B C:\inetpub\wwwroot\images\sampledata\parks\animals\789px_spottedquoll_2005_seanmcclean.jpg --> ftp3.ftptoyoursite.com /web/content/SITEBACKUP_962012/images/sampledata/parks/animals 789px_spottedquoll_2005_seanmcclean.jpg
2012.09.06 15:10 B C:\inetpub\wwwroot\images\sampledata\parks\animals\800px_koala_ag1.jpg --> ftp3.ftptoyoursite.com /web/content/SITEBACKUP_962012/images/sampledata/parks/animals 800px_koala_ag1.jpg
2012.09.06 15:10 B C:\inetpub\wwwroot\images\sampledata\parks\animals\800px_phyllopteryx_taeniolatus1.jpg --> ftp3.ftptoyoursite.com /web/content/SITEBACKUP_962012/images/sampledata/parks/animals 800px_phyllopteryx_taeniolatus1.jpg
2012.09.06 15:10 B C:\inetpub\wwwroot\images\sampledata\parks\animals\800px_wobbegong.jpg --> ftp3.ftptoyoursite.com /web/content/SITEBACKUP_962012/images/sampledata/parks/animals 800px_wobbegong.jpg
2012.09.06 15:10 B C:\inetpub\wwwroot\images\sampledata\parks\animals\index.html --> ftp3.ftptoyoursite.com /web/content/SITEBACKUP_962012/images/sampledata/parks/animals index.html
2012.09.06 15:10 B C:\inetpub\wwwroot\images\sampledata\parks\animals\WS_FTP.LOG --> ftp3.ftptoyoursite.com /web/content/SITEBACKUP_962012/images/sampledata/parks/animals WS_FTP.LOG
2012.09.06 15:33 B C:\inetpub\wwwroot\images\sampledata\parks\animals\180px_koala_ag1.jpg <-- Schubert Rackspace /web/content/images/sampledata/parks/animals 180px_koala_ag1.jpg
2012.09.06 15:33 B C:\inetpub\wwwroot\images\sampledata\parks\animals\180px_wobbegong.jpg <-- Schubert Rackspace /web/content/images/sampledata/parks/animals 180px_wobbegong.jpg
2012.09.06 15:33 B C:\inetpub\wwwroot\images\sampledata\parks\animals\200px_phyllopteryx_taeniolatus1.jpg <-- Schubert Rackspace /web/content/images/sampledata/parks/animals 200px_phyllopteryx_taeniolatus1.jpg
2012.09.06 15:33 B C:\inetpub\wwwroot\images\sampledata\parks\animals\220px_spottedquoll_2005_seanmcclean.jpg <-- Schubert Rackspace /web/content/images/sampledata/parks/animals 220px_spottedquoll_2005_seanmcclean.jpg
2012.09.06 15:33 B C:\inetpub\wwwroot\images\sampledata\parks\animals\789px_spottedquoll_2005_seanmcclean.jpg <-- Schubert Rackspace /web/content/images/sampledata/parks/animals 789px_spottedquoll_2005_seanmcclean.jpg
2012.09.06 15:33 B C:\inetpub\wwwroot\images\sampledata\parks\animals\800px_koala_ag1.jpg <-- Schubert Rackspace /web/content/images/sampledata/parks/animals 800px_koala_ag1.jpg
2012.09.06 15:33 B C:\inetpub\wwwroot\images\sampledata\parks\animals\800px_phyllopteryx_taeniolatus1.jpg <-- Schubert Rackspace /web/content/images/sampledata/parks/animals 800px_phyllopteryx_taeniolatus1.jpg
2012.09.06 15:33 B C:\inetpub\wwwroot\images\sampledata\parks\animals\800px_wobbegong.jpg <-- Schubert Rackspace /web/content/images/sampledata/parks/animals 800px_wobbegong.jpg
2012.09.06 15:33 B C:\inetpub\wwwroot\images\sampledata\parks\animals\index.html <-- Schubert Rackspace /web/content/images/sampledata/parks/animals index.html
2012.10.23 09:13 B C:\inetpub\wwwroot\images\sampledata\parks\animals\180px_koala_ag1.jpg --> ftp3.ftptoyoursite.com /web/content/images/sampledata/parks/animals 180px_koala_ag1.jpg
2012.10.23 09:13 B C:\inetpub\wwwroot\images\sampledata\parks\animals\180px_wobbegong.jpg --> ftp3.ftptoyoursite.com /web/content/images/sampledata/parks/animals 180px_wobbegong.jpg
2012.10.23 09:13 B C:\inetpub\wwwroot\images\sampledata\parks\animals\200px_phyllopteryx_taeniolatus1.jpg --> ftp3.ftptoyoursite.com /web/content/images/sampledata/parks/animals 200px_phyllopteryx_taeniolatus1.jpg
2012.10.23 09:13 B C:\inetpub\wwwroot\images\sampledata\parks\animals\220px_spottedquoll_2005_seanmcclean.jpg --> ftp3.ftptoyoursite.com /web/content/images/sampledata/parks/animals 220px_spottedquoll_2005_seanmcclean.jpg
2012.10.23 09:13 B C:\inetpub\wwwroot\images\sampledata\parks\animals\789px_spottedquoll_2005_seanmcclean.jpg --> ftp3.ftptoyoursite.com /web/content/images/sampledata/parks/animals 789px_spottedquoll_2005_seanmcclean.jpg
2012.10.23 09:13 B C:\inetpub\wwwroot\images\sampledata\parks\animals\800px_koala_ag1.jpg --> ftp3.ftptoyoursite.com /web/content/images/sampledata/parks/animals 800px_koala_ag1.jpg
2012.10.23 09:13 B C:\inetpub\wwwroot\images\sampledata\parks\animals\800px_phyllopteryx_taeniolatus1.jpg --> ftp3.ftptoyoursite.com /web/content/images/sampledata/parks/animals 800px_phyllopteryx_taeniolatus1.jpg
2012.10.23 09:13 B C:\inetpub\wwwroot\images\sampledata\parks\animals\800px_wobbegong.jpg --> ftp3.ftptoyoursite.com /web/content/images/sampledata/parks/animals 800px_wobbegong.jpg
2012.10.23 09:13 B C:\inetpub\wwwroot\images\sampledata\parks\animals\index.html --> ftp3.ftptoyoursite.com /web/content/images/sampledata/parks/animals index.html
2012.10.23 09:13 B C:\inetpub\wwwroot\images\sampledata\parks\animals\WS_FTP.LOG --> ftp3.ftptoyoursite.com /web/content/images/sampledata/parks/animals WS_FTP.LOG
2013.02.01 14:50 B C:\inetpub\wwwroot\images\sampledata\parks\animals\WS_FTP.LOG <-- Schubert Rackspace /web/content/images/sampledata/parks/animals WS_FTP.LOG
