2012.07.25 12:11 B C:\Users\COBRIEN\Desktop\Schubert\administrator\components\com_modules\views\module\tmpl\edit.php <-- Schubert Rackspace /web/content/administrator/components/com_modules/views/module/tmpl edit.php
2012.07.25 12:11 B C:\Users\COBRIEN\Desktop\Schubert\administrator\components\com_modules\views\module\tmpl\edit_assignment.php <-- Schubert Rackspace /web/content/administrator/components/com_modules/views/module/tmpl edit_assignment.php
2012.07.25 12:11 B C:\Users\COBRIEN\Desktop\Schubert\administrator\components\com_modules\views\module\tmpl\edit_options.php <-- Schubert Rackspace /web/content/administrator/components/com_modules/views/module/tmpl edit_options.php
2012.07.25 12:11 B C:\Users\COBRIEN\Desktop\Schubert\administrator\components\com_modules\views\module\tmpl\index.html <-- Schubert Rackspace /web/content/administrator/components/com_modules/views/module/tmpl index.html
2012.07.25 12:11 B C:\Users\COBRIEN\Desktop\Schubert\administrator\components\com_modules\views\module\tmpl\modal.php <-- Schubert Rackspace /web/content/administrator/components/com_modules/views/module/tmpl modal.php
2012.09.04 10:45 B C:\inetpub\wwwroot\administrator\components\com_modules\views\module\tmpl\edit.php --> ftp3.ftptoyoursite.com /web/content/SITE-TEST/administrator/components/com_modules/views/module/tmpl edit.php
2012.09.04 10:45 B C:\inetpub\wwwroot\administrator\components\com_modules\views\module\tmpl\edit_assignment.php --> ftp3.ftptoyoursite.com /web/content/SITE-TEST/administrator/components/com_modules/views/module/tmpl edit_assignment.php
2012.09.04 10:45 B C:\inetpub\wwwroot\administrator\components\com_modules\views\module\tmpl\edit_options.php --> ftp3.ftptoyoursite.com /web/content/SITE-TEST/administrator/components/com_modules/views/module/tmpl edit_options.php
2012.09.04 10:45 B C:\inetpub\wwwroot\administrator\components\com_modules\views\module\tmpl\index.html --> ftp3.ftptoyoursite.com /web/content/SITE-TEST/administrator/components/com_modules/views/module/tmpl index.html
2012.09.04 10:45 B C:\inetpub\wwwroot\administrator\components\com_modules\views\module\tmpl\modal.php --> ftp3.ftptoyoursite.com /web/content/SITE-TEST/administrator/components/com_modules/views/module/tmpl modal.php
2012.09.04 10:45 B C:\inetpub\wwwroot\administrator\components\com_modules\views\module\tmpl\WS_FTP.LOG --> ftp3.ftptoyoursite.com /web/content/SITE-TEST/administrator/components/com_modules/views/module/tmpl WS_FTP.LOG
2012.09.06 15:01 B C:\inetpub\wwwroot\administrator\components\com_modules\views\module\tmpl\edit.php --> ftp3.ftptoyoursite.com /web/content/SITEBACKUP_962012/administrator/components/com_modules/views/module/tmpl edit.php
2012.09.06 15:01 B C:\inetpub\wwwroot\administrator\components\com_modules\views\module\tmpl\edit_assignment.php --> ftp3.ftptoyoursite.com /web/content/SITEBACKUP_962012/administrator/components/com_modules/views/module/tmpl edit_assignment.php
2012.09.06 15:01 B C:\inetpub\wwwroot\administrator\components\com_modules\views\module\tmpl\edit_options.php --> ftp3.ftptoyoursite.com /web/content/SITEBACKUP_962012/administrator/components/com_modules/views/module/tmpl edit_options.php
2012.09.06 15:01 B C:\inetpub\wwwroot\administrator\components\com_modules\views\module\tmpl\index.html --> ftp3.ftptoyoursite.com /web/content/SITEBACKUP_962012/administrator/components/com_modules/views/module/tmpl index.html
2012.09.06 15:01 B C:\inetpub\wwwroot\administrator\components\com_modules\views\module\tmpl\modal.php --> ftp3.ftptoyoursite.com /web/content/SITEBACKUP_962012/administrator/components/com_modules/views/module/tmpl modal.php
2012.09.06 15:01 B C:\inetpub\wwwroot\administrator\components\com_modules\views\module\tmpl\WS_FTP.LOG --> ftp3.ftptoyoursite.com /web/content/SITEBACKUP_962012/administrator/components/com_modules/views/module/tmpl WS_FTP.LOG
2012.09.06 15:21 B C:\inetpub\wwwroot\administrator\components\com_modules\views\module\tmpl\edit.php <-- Schubert Rackspace /web/content/administrator/components/com_modules/views/module/tmpl edit.php
2012.09.06 15:44 B C:\inetpub\wwwroot\administrator\components\com_modules\views\module\tmpl\edit.php <-- Schubert Rackspace /web/content/SITEBACKUP_962012/administrator/components/com_modules/views/module/tmpl edit.php
2012.09.06 15:44 B C:\inetpub\wwwroot\administrator\components\com_modules\views\module\tmpl\edit_assignment.php <-- Schubert Rackspace /web/content/SITEBACKUP_962012/administrator/components/com_modules/views/module/tmpl edit_assignment.php
2012.09.06 15:44 B C:\inetpub\wwwroot\administrator\components\com_modules\views\module\tmpl\edit_options.php <-- Schubert Rackspace /web/content/SITEBACKUP_962012/administrator/components/com_modules/views/module/tmpl edit_options.php
2012.09.06 15:44 B C:\inetpub\wwwroot\administrator\components\com_modules\views\module\tmpl\index.html <-- Schubert Rackspace /web/content/SITEBACKUP_962012/administrator/components/com_modules/views/module/tmpl index.html
2012.09.06 15:44 B C:\inetpub\wwwroot\administrator\components\com_modules\views\module\tmpl\modal.php <-- Schubert Rackspace /web/content/SITEBACKUP_962012/administrator/components/com_modules/views/module/tmpl modal.php
2012.10.23 09:06 B C:\inetpub\wwwroot\administrator\components\com_modules\views\module\tmpl\edit.php --> ftp3.ftptoyoursite.com /web/content/administrator/components/com_modules/views/module/tmpl edit.php
2012.10.23 09:06 B C:\inetpub\wwwroot\administrator\components\com_modules\views\module\tmpl\edit_assignment.php --> ftp3.ftptoyoursite.com /web/content/administrator/components/com_modules/views/module/tmpl edit_assignment.php
2012.10.23 09:06 B C:\inetpub\wwwroot\administrator\components\com_modules\views\module\tmpl\edit_options.php --> ftp3.ftptoyoursite.com /web/content/administrator/components/com_modules/views/module/tmpl edit_options.php
2012.10.23 09:06 B C:\inetpub\wwwroot\administrator\components\com_modules\views\module\tmpl\index.html --> ftp3.ftptoyoursite.com /web/content/administrator/components/com_modules/views/module/tmpl index.html
2012.10.23 09:06 B C:\inetpub\wwwroot\administrator\components\com_modules\views\module\tmpl\modal.php --> ftp3.ftptoyoursite.com /web/content/administrator/components/com_modules/views/module/tmpl modal.php
2012.10.23 09:06 B C:\inetpub\wwwroot\administrator\components\com_modules\views\module\tmpl\WS_FTP.LOG --> ftp3.ftptoyoursite.com /web/content/administrator/components/com_modules/views/module/tmpl WS_FTP.LOG
2013.02.01 14:42 B C:\inetpub\wwwroot\administrator\components\com_modules\views\module\tmpl\WS_FTP.LOG <-- Schubert Rackspace /web/content/administrator/components/com_modules/views/module/tmpl WS_FTP.LOG
