2012.07.25 12:16 B C:\Users\COBRIEN\Desktop\Schubert\images\sampledata\fruitshop\apple.jpg <-- Schubert Rackspace /web/content/images/sampledata/fruitshop apple.jpg
2012.07.25 12:16 B C:\Users\COBRIEN\Desktop\Schubert\images\sampledata\fruitshop\bananas_2.jpg <-- Schubert Rackspace /web/content/images/sampledata/fruitshop bananas_2.jpg
2012.07.25 12:16 B C:\Users\COBRIEN\Desktop\Schubert\images\sampledata\fruitshop\fruits.gif <-- Schubert Rackspace /web/content/images/sampledata/fruitshop fruits.gif
2012.07.25 12:16 B C:\Users\COBRIEN\Desktop\Schubert\images\sampledata\fruitshop\index.html <-- Schubert Rackspace /web/content/images/sampledata/fruitshop index.html
2012.07.25 12:16 B C:\Users\COBRIEN\Desktop\Schubert\images\sampledata\fruitshop\tamarind.jpg <-- Schubert Rackspace /web/content/images/sampledata/fruitshop tamarind.jpg
2012.09.04 10:52 B C:\inetpub\wwwroot\images\sampledata\fruitshop\apple.jpg --> ftp3.ftptoyoursite.com /web/content/SITE-TEST/images/sampledata/fruitshop apple.jpg
2012.09.04 10:52 B C:\inetpub\wwwroot\images\sampledata\fruitshop\bananas_2.jpg --> ftp3.ftptoyoursite.com /web/content/SITE-TEST/images/sampledata/fruitshop bananas_2.jpg
2012.09.04 10:52 B C:\inetpub\wwwroot\images\sampledata\fruitshop\fruits.gif --> ftp3.ftptoyoursite.com /web/content/SITE-TEST/images/sampledata/fruitshop fruits.gif
2012.09.04 10:52 B C:\inetpub\wwwroot\images\sampledata\fruitshop\index.html --> ftp3.ftptoyoursite.com /web/content/SITE-TEST/images/sampledata/fruitshop index.html
2012.09.04 10:52 B C:\inetpub\wwwroot\images\sampledata\fruitshop\tamarind.jpg --> ftp3.ftptoyoursite.com /web/content/SITE-TEST/images/sampledata/fruitshop tamarind.jpg
2012.09.04 10:52 B C:\inetpub\wwwroot\images\sampledata\fruitshop\WS_FTP.LOG --> ftp3.ftptoyoursite.com /web/content/SITE-TEST/images/sampledata/fruitshop WS_FTP.LOG
2012.09.06 15:10 B C:\inetpub\wwwroot\images\sampledata\fruitshop\apple.jpg --> ftp3.ftptoyoursite.com /web/content/SITEBACKUP_962012/images/sampledata/fruitshop apple.jpg
2012.09.06 15:10 B C:\inetpub\wwwroot\images\sampledata\fruitshop\bananas_2.jpg --> ftp3.ftptoyoursite.com /web/content/SITEBACKUP_962012/images/sampledata/fruitshop bananas_2.jpg
2012.09.06 15:10 B C:\inetpub\wwwroot\images\sampledata\fruitshop\fruits.gif --> ftp3.ftptoyoursite.com /web/content/SITEBACKUP_962012/images/sampledata/fruitshop fruits.gif
2012.09.06 15:10 B C:\inetpub\wwwroot\images\sampledata\fruitshop\index.html --> ftp3.ftptoyoursite.com /web/content/SITEBACKUP_962012/images/sampledata/fruitshop index.html
2012.09.06 15:10 B C:\inetpub\wwwroot\images\sampledata\fruitshop\tamarind.jpg --> ftp3.ftptoyoursite.com /web/content/SITEBACKUP_962012/images/sampledata/fruitshop tamarind.jpg
2012.09.06 15:10 B C:\inetpub\wwwroot\images\sampledata\fruitshop\WS_FTP.LOG --> ftp3.ftptoyoursite.com /web/content/SITEBACKUP_962012/images/sampledata/fruitshop WS_FTP.LOG
2012.09.06 15:33 B C:\inetpub\wwwroot\images\sampledata\fruitshop\apple.jpg <-- Schubert Rackspace /web/content/images/sampledata/fruitshop apple.jpg
2012.09.06 15:33 B C:\inetpub\wwwroot\images\sampledata\fruitshop\bananas_2.jpg <-- Schubert Rackspace /web/content/images/sampledata/fruitshop bananas_2.jpg
2012.09.06 15:33 B C:\inetpub\wwwroot\images\sampledata\fruitshop\fruits.gif <-- Schubert Rackspace /web/content/images/sampledata/fruitshop fruits.gif
2012.09.06 15:33 B C:\inetpub\wwwroot\images\sampledata\fruitshop\index.html <-- Schubert Rackspace /web/content/images/sampledata/fruitshop index.html
2012.09.06 15:33 B C:\inetpub\wwwroot\images\sampledata\fruitshop\tamarind.jpg <-- Schubert Rackspace /web/content/images/sampledata/fruitshop tamarind.jpg
2012.10.23 09:13 B C:\inetpub\wwwroot\images\sampledata\fruitshop\apple.jpg --> ftp3.ftptoyoursite.com /web/content/images/sampledata/fruitshop apple.jpg
2012.10.23 09:13 B C:\inetpub\wwwroot\images\sampledata\fruitshop\bananas_2.jpg --> ftp3.ftptoyoursite.com /web/content/images/sampledata/fruitshop bananas_2.jpg
2012.10.23 09:13 B C:\inetpub\wwwroot\images\sampledata\fruitshop\fruits.gif --> ftp3.ftptoyoursite.com /web/content/images/sampledata/fruitshop fruits.gif
2012.10.23 09:13 B C:\inetpub\wwwroot\images\sampledata\fruitshop\index.html --> ftp3.ftptoyoursite.com /web/content/images/sampledata/fruitshop index.html
2012.10.23 09:13 B C:\inetpub\wwwroot\images\sampledata\fruitshop\tamarind.jpg --> ftp3.ftptoyoursite.com /web/content/images/sampledata/fruitshop tamarind.jpg
2012.10.23 09:13 B C:\inetpub\wwwroot\images\sampledata\fruitshop\WS_FTP.LOG --> ftp3.ftptoyoursite.com /web/content/images/sampledata/fruitshop WS_FTP.LOG
2013.02.01 14:50 B C:\inetpub\wwwroot\images\sampledata\fruitshop\WS_FTP.LOG <-- Schubert Rackspace /web/content/images/sampledata/fruitshop WS_FTP.LOG
