2012.07.25 12:10 B C:\Users\COBRIEN\Desktop\Schubert\administrator\components\com_finder\helpers\indexer\adapter.php <-- Schubert Rackspace /web/content/administrator/components/com_finder/helpers/indexer adapter.php
2012.07.25 12:10 B C:\Users\COBRIEN\Desktop\Schubert\administrator\components\com_finder\helpers\indexer\helper.php <-- Schubert Rackspace /web/content/administrator/components/com_finder/helpers/indexer helper.php
2012.07.25 12:10 B C:\Users\COBRIEN\Desktop\Schubert\administrator\components\com_finder\helpers\indexer\index.html <-- Schubert Rackspace /web/content/administrator/components/com_finder/helpers/indexer index.html
2012.07.25 12:10 B C:\Users\COBRIEN\Desktop\Schubert\administrator\components\com_finder\helpers\indexer\indexer.php <-- Schubert Rackspace /web/content/administrator/components/com_finder/helpers/indexer indexer.php
2012.07.25 12:10 B C:\Users\COBRIEN\Desktop\Schubert\administrator\components\com_finder\helpers\indexer\parser.php <-- Schubert Rackspace /web/content/administrator/components/com_finder/helpers/indexer parser.php
2012.07.25 12:10 B C:\Users\COBRIEN\Desktop\Schubert\administrator\components\com_finder\helpers\indexer\query.php <-- Schubert Rackspace /web/content/administrator/components/com_finder/helpers/indexer query.php
2012.07.25 12:10 B C:\Users\COBRIEN\Desktop\Schubert\administrator\components\com_finder\helpers\indexer\result.php <-- Schubert Rackspace /web/content/administrator/components/com_finder/helpers/indexer result.php
2012.07.25 12:10 B C:\Users\COBRIEN\Desktop\Schubert\administrator\components\com_finder\helpers\indexer\stemmer.php <-- Schubert Rackspace /web/content/administrator/components/com_finder/helpers/indexer stemmer.php
2012.07.25 12:10 B C:\Users\COBRIEN\Desktop\Schubert\administrator\components\com_finder\helpers\indexer\taxonomy.php <-- Schubert Rackspace /web/content/administrator/components/com_finder/helpers/indexer taxonomy.php
2012.07.25 12:10 B C:\Users\COBRIEN\Desktop\Schubert\administrator\components\com_finder\helpers\indexer\token.php <-- Schubert Rackspace /web/content/administrator/components/com_finder/helpers/indexer token.php
2012.09.04 10:44 B C:\inetpub\wwwroot\administrator\components\com_finder\helpers\indexer\adapter.php --> ftp3.ftptoyoursite.com /web/content/SITE-TEST/administrator/components/com_finder/helpers/indexer adapter.php
2012.09.04 10:44 B C:\inetpub\wwwroot\administrator\components\com_finder\helpers\indexer\helper.php --> ftp3.ftptoyoursite.com /web/content/SITE-TEST/administrator/components/com_finder/helpers/indexer helper.php
2012.09.04 10:44 B C:\inetpub\wwwroot\administrator\components\com_finder\helpers\indexer\index.html --> ftp3.ftptoyoursite.com /web/content/SITE-TEST/administrator/components/com_finder/helpers/indexer index.html
2012.09.04 10:44 B C:\inetpub\wwwroot\administrator\components\com_finder\helpers\indexer\indexer.php --> ftp3.ftptoyoursite.com /web/content/SITE-TEST/administrator/components/com_finder/helpers/indexer indexer.php
2012.09.04 10:44 B C:\inetpub\wwwroot\administrator\components\com_finder\helpers\indexer\parser.php --> ftp3.ftptoyoursite.com /web/content/SITE-TEST/administrator/components/com_finder/helpers/indexer parser.php
2012.09.04 10:44 B C:\inetpub\wwwroot\administrator\components\com_finder\helpers\indexer\query.php --> ftp3.ftptoyoursite.com /web/content/SITE-TEST/administrator/components/com_finder/helpers/indexer query.php
2012.09.04 10:44 B C:\inetpub\wwwroot\administrator\components\com_finder\helpers\indexer\result.php --> ftp3.ftptoyoursite.com /web/content/SITE-TEST/administrator/components/com_finder/helpers/indexer result.php
2012.09.04 10:44 B C:\inetpub\wwwroot\administrator\components\com_finder\helpers\indexer\stemmer.php --> ftp3.ftptoyoursite.com /web/content/SITE-TEST/administrator/components/com_finder/helpers/indexer stemmer.php
2012.09.04 10:44 B C:\inetpub\wwwroot\administrator\components\com_finder\helpers\indexer\taxonomy.php --> ftp3.ftptoyoursite.com /web/content/SITE-TEST/administrator/components/com_finder/helpers/indexer taxonomy.php
2012.09.04 10:44 B C:\inetpub\wwwroot\administrator\components\com_finder\helpers\indexer\token.php --> ftp3.ftptoyoursite.com /web/content/SITE-TEST/administrator/components/com_finder/helpers/indexer token.php
2012.09.04 10:44 B C:\inetpub\wwwroot\administrator\components\com_finder\helpers\indexer\WS_FTP.LOG --> ftp3.ftptoyoursite.com /web/content/SITE-TEST/administrator/components/com_finder/helpers/indexer WS_FTP.LOG
2012.09.06 14:59 B C:\inetpub\wwwroot\administrator\components\com_finder\helpers\indexer\adapter.php --> ftp3.ftptoyoursite.com /web/content/SITEBACKUP_962012/administrator/components/com_finder/helpers/indexer adapter.php
2012.09.06 14:59 B C:\inetpub\wwwroot\administrator\components\com_finder\helpers\indexer\helper.php --> ftp3.ftptoyoursite.com /web/content/SITEBACKUP_962012/administrator/components/com_finder/helpers/indexer helper.php
2012.09.06 14:59 B C:\inetpub\wwwroot\administrator\components\com_finder\helpers\indexer\index.html --> ftp3.ftptoyoursite.com /web/content/SITEBACKUP_962012/administrator/components/com_finder/helpers/indexer index.html
2012.09.06 14:59 B C:\inetpub\wwwroot\administrator\components\com_finder\helpers\indexer\indexer.php --> ftp3.ftptoyoursite.com /web/content/SITEBACKUP_962012/administrator/components/com_finder/helpers/indexer indexer.php
2012.09.06 14:59 B C:\inetpub\wwwroot\administrator\components\com_finder\helpers\indexer\parser.php --> ftp3.ftptoyoursite.com /web/content/SITEBACKUP_962012/administrator/components/com_finder/helpers/indexer parser.php
2012.09.06 14:59 B C:\inetpub\wwwroot\administrator\components\com_finder\helpers\indexer\query.php --> ftp3.ftptoyoursite.com /web/content/SITEBACKUP_962012/administrator/components/com_finder/helpers/indexer query.php
2012.09.06 14:59 B C:\inetpub\wwwroot\administrator\components\com_finder\helpers\indexer\result.php --> ftp3.ftptoyoursite.com /web/content/SITEBACKUP_962012/administrator/components/com_finder/helpers/indexer result.php
2012.09.06 14:59 B C:\inetpub\wwwroot\administrator\components\com_finder\helpers\indexer\stemmer.php --> ftp3.ftptoyoursite.com /web/content/SITEBACKUP_962012/administrator/components/com_finder/helpers/indexer stemmer.php
2012.09.06 14:59 B C:\inetpub\wwwroot\administrator\components\com_finder\helpers\indexer\taxonomy.php --> ftp3.ftptoyoursite.com /web/content/SITEBACKUP_962012/administrator/components/com_finder/helpers/indexer taxonomy.php
2012.09.06 14:59 B C:\inetpub\wwwroot\administrator\components\com_finder\helpers\indexer\token.php --> ftp3.ftptoyoursite.com /web/content/SITEBACKUP_962012/administrator/components/com_finder/helpers/indexer token.php
2012.09.06 14:59 B C:\inetpub\wwwroot\administrator\components\com_finder\helpers\indexer\WS_FTP.LOG --> ftp3.ftptoyoursite.com /web/content/SITEBACKUP_962012/administrator/components/com_finder/helpers/indexer WS_FTP.LOG
2012.09.06 15:20 B C:\inetpub\wwwroot\administrator\components\com_finder\helpers\indexer\adapter.php <-- Schubert Rackspace /web/content/administrator/components/com_finder/helpers/indexer adapter.php
2012.09.06 15:20 B C:\inetpub\wwwroot\administrator\components\com_finder\helpers\indexer\helper.php <-- Schubert Rackspace /web/content/administrator/components/com_finder/helpers/indexer helper.php
2012.09.06 15:20 B C:\inetpub\wwwroot\administrator\components\com_finder\helpers\indexer\index.html <-- Schubert Rackspace /web/content/administrator/components/com_finder/helpers/indexer index.html
2012.09.06 15:20 B C:\inetpub\wwwroot\administrator\components\com_finder\helpers\indexer\indexer.php <-- Schubert Rackspace /web/content/administrator/components/com_finder/helpers/indexer indexer.php
2012.09.06 15:20 B C:\inetpub\wwwroot\administrator\components\com_finder\helpers\indexer\parser.php <-- Schubert Rackspace /web/content/administrator/components/com_finder/helpers/indexer parser.php
2012.09.06 15:20 B C:\inetpub\wwwroot\administrator\components\com_finder\helpers\indexer\query.php <-- Schubert Rackspace /web/content/administrator/components/com_finder/helpers/indexer query.php
2012.09.06 15:20 B C:\inetpub\wwwroot\administrator\components\com_finder\helpers\indexer\result.php <-- Schubert Rackspace /web/content/administrator/components/com_finder/helpers/indexer result.php
2012.09.06 15:20 B C:\inetpub\wwwroot\administrator\components\com_finder\helpers\indexer\stemmer.php <-- Schubert Rackspace /web/content/administrator/components/com_finder/helpers/indexer stemmer.php
2012.09.06 15:20 B C:\inetpub\wwwroot\administrator\components\com_finder\helpers\indexer\taxonomy.php <-- Schubert Rackspace /web/content/administrator/components/com_finder/helpers/indexer taxonomy.php
2012.09.06 15:20 B C:\inetpub\wwwroot\administrator\components\com_finder\helpers\indexer\token.php <-- Schubert Rackspace /web/content/administrator/components/com_finder/helpers/indexer token.php
2012.09.06 15:43 B C:\inetpub\wwwroot\administrator\components\com_finder\helpers\indexer\adapter.php <-- Schubert Rackspace /web/content/SITEBACKUP_962012/administrator/components/com_finder/helpers/indexer adapter.php
2012.09.06 15:43 B C:\inetpub\wwwroot\administrator\components\com_finder\helpers\indexer\helper.php <-- Schubert Rackspace /web/content/SITEBACKUP_962012/administrator/components/com_finder/helpers/indexer helper.php
2012.09.06 15:43 B C:\inetpub\wwwroot\administrator\components\com_finder\helpers\indexer\index.html <-- Schubert Rackspace /web/content/SITEBACKUP_962012/administrator/components/com_finder/helpers/indexer index.html
2012.09.06 15:43 B C:\inetpub\wwwroot\administrator\components\com_finder\helpers\indexer\indexer.php <-- Schubert Rackspace /web/content/SITEBACKUP_962012/administrator/components/com_finder/helpers/indexer indexer.php
2012.09.06 15:43 B C:\inetpub\wwwroot\administrator\components\com_finder\helpers\indexer\parser.php <-- Schubert Rackspace /web/content/SITEBACKUP_962012/administrator/components/com_finder/helpers/indexer parser.php
2012.09.06 15:43 B C:\inetpub\wwwroot\administrator\components\com_finder\helpers\indexer\query.php <-- Schubert Rackspace /web/content/SITEBACKUP_962012/administrator/components/com_finder/helpers/indexer query.php
2012.09.06 15:43 B C:\inetpub\wwwroot\administrator\components\com_finder\helpers\indexer\result.php <-- Schubert Rackspace /web/content/SITEBACKUP_962012/administrator/components/com_finder/helpers/indexer result.php
2012.09.06 15:43 B C:\inetpub\wwwroot\administrator\components\com_finder\helpers\indexer\stemmer.php <-- Schubert Rackspace /web/content/SITEBACKUP_962012/administrator/components/com_finder/helpers/indexer stemmer.php
2012.09.06 15:43 B C:\inetpub\wwwroot\administrator\components\com_finder\helpers\indexer\taxonomy.php <-- Schubert Rackspace /web/content/SITEBACKUP_962012/administrator/components/com_finder/helpers/indexer taxonomy.php
2012.09.06 15:43 B C:\inetpub\wwwroot\administrator\components\com_finder\helpers\indexer\token.php <-- Schubert Rackspace /web/content/SITEBACKUP_962012/administrator/components/com_finder/helpers/indexer token.php
2012.10.23 09:04 B C:\inetpub\wwwroot\administrator\components\com_finder\helpers\indexer\adapter.php --> ftp3.ftptoyoursite.com /web/content/administrator/components/com_finder/helpers/indexer adapter.php
2012.10.23 09:04 B C:\inetpub\wwwroot\administrator\components\com_finder\helpers\indexer\helper.php --> ftp3.ftptoyoursite.com /web/content/administrator/components/com_finder/helpers/indexer helper.php
2012.10.23 09:04 B C:\inetpub\wwwroot\administrator\components\com_finder\helpers\indexer\index.html --> ftp3.ftptoyoursite.com /web/content/administrator/components/com_finder/helpers/indexer index.html
2012.10.23 09:04 B C:\inetpub\wwwroot\administrator\components\com_finder\helpers\indexer\indexer.php --> ftp3.ftptoyoursite.com /web/content/administrator/components/com_finder/helpers/indexer indexer.php
2012.10.23 09:04 B C:\inetpub\wwwroot\administrator\components\com_finder\helpers\indexer\parser.php --> ftp3.ftptoyoursite.com /web/content/administrator/components/com_finder/helpers/indexer parser.php
2012.10.23 09:04 B C:\inetpub\wwwroot\administrator\components\com_finder\helpers\indexer\query.php --> ftp3.ftptoyoursite.com /web/content/administrator/components/com_finder/helpers/indexer query.php
2012.10.23 09:04 B C:\inetpub\wwwroot\administrator\components\com_finder\helpers\indexer\result.php --> ftp3.ftptoyoursite.com /web/content/administrator/components/com_finder/helpers/indexer result.php
2012.10.23 09:04 B C:\inetpub\wwwroot\administrator\components\com_finder\helpers\indexer\stemmer.php --> ftp3.ftptoyoursite.com /web/content/administrator/components/com_finder/helpers/indexer stemmer.php
2012.10.23 09:04 B C:\inetpub\wwwroot\administrator\components\com_finder\helpers\indexer\taxonomy.php --> ftp3.ftptoyoursite.com /web/content/administrator/components/com_finder/helpers/indexer taxonomy.php
2012.10.23 09:04 B C:\inetpub\wwwroot\administrator\components\com_finder\helpers\indexer\token.php --> ftp3.ftptoyoursite.com /web/content/administrator/components/com_finder/helpers/indexer token.php
2012.10.23 09:04 B C:\inetpub\wwwroot\administrator\components\com_finder\helpers\indexer\WS_FTP.LOG --> ftp3.ftptoyoursite.com /web/content/administrator/components/com_finder/helpers/indexer WS_FTP.LOG
2013.02.01 14:40 B C:\inetpub\wwwroot\administrator\components\com_finder\helpers\indexer\WS_FTP.LOG <-- Schubert Rackspace /web/content/administrator/components/com_finder/helpers/indexer WS_FTP.LOG
