2012.07.25 12:20 B C:\Users\COBRIEN\Desktop\Schubert\plugins\system\nnframework\fields\articles.php <-- Schubert Rackspace /web/content/plugins/system/nnframework/fields articles.php
2012.07.25 12:20 B C:\Users\COBRIEN\Desktop\Schubert\plugins\system\nnframework\fields\author.php <-- Schubert Rackspace /web/content/plugins/system/nnframework/fields author.php
2012.07.25 12:20 B C:\Users\COBRIEN\Desktop\Schubert\plugins\system\nnframework\fields\block.php <-- Schubert Rackspace /web/content/plugins/system/nnframework/fields block.php
2012.07.25 12:20 B C:\Users\COBRIEN\Desktop\Schubert\plugins\system\nnframework\fields\browsers.php <-- Schubert Rackspace /web/content/plugins/system/nnframework/fields browsers.php
2012.07.25 12:20 B C:\Users\COBRIEN\Desktop\Schubert\plugins\system\nnframework\fields\categories.php <-- Schubert Rackspace /web/content/plugins/system/nnframework/fields categories.php
2012.07.25 12:20 B C:\Users\COBRIEN\Desktop\Schubert\plugins\system\nnframework\fields\categoriesfc.php <-- Schubert Rackspace /web/content/plugins/system/nnframework/fields categoriesfc.php
2012.07.25 12:20 B C:\Users\COBRIEN\Desktop\Schubert\plugins\system\nnframework\fields\categoriesk2.php <-- Schubert Rackspace /web/content/plugins/system/nnframework/fields categoriesk2.php
2012.07.25 12:20 B C:\Users\COBRIEN\Desktop\Schubert\plugins\system\nnframework\fields\categoriesmr.php <-- Schubert Rackspace /web/content/plugins/system/nnframework/fields categoriesmr.php
2012.07.25 12:20 B C:\Users\COBRIEN\Desktop\Schubert\plugins\system\nnframework\fields\categorieszoo.php <-- Schubert Rackspace /web/content/plugins/system/nnframework/fields categorieszoo.php
2012.07.25 12:20 B C:\Users\COBRIEN\Desktop\Schubert\plugins\system\nnframework\fields\cats.php <-- Schubert Rackspace /web/content/plugins/system/nnframework/fields cats.php
2012.07.25 12:20 B C:\Users\COBRIEN\Desktop\Schubert\plugins\system\nnframework\fields\checkbox.php <-- Schubert Rackspace /web/content/plugins/system/nnframework/fields checkbox.php
2012.07.25 12:20 B C:\Users\COBRIEN\Desktop\Schubert\plugins\system\nnframework\fields\colorpicker.php <-- Schubert Rackspace /web/content/plugins/system/nnframework/fields colorpicker.php
2012.07.25 12:20 B C:\Users\COBRIEN\Desktop\Schubert\plugins\system\nnframework\fields\components.php <-- Schubert Rackspace /web/content/plugins/system/nnframework/fields components.php
2012.07.25 12:20 B C:\Users\COBRIEN\Desktop\Schubert\plugins\system\nnframework\fields\customfieldkey.php <-- Schubert Rackspace /web/content/plugins/system/nnframework/fields customfieldkey.php
2012.07.25 12:20 B C:\Users\COBRIEN\Desktop\Schubert\plugins\system\nnframework\fields\customfieldvalue.php <-- Schubert Rackspace /web/content/plugins/system/nnframework/fields customfieldvalue.php
2012.07.25 12:20 B C:\Users\COBRIEN\Desktop\Schubert\plugins\system\nnframework\fields\datetime.php <-- Schubert Rackspace /web/content/plugins/system/nnframework/fields datetime.php
2012.07.25 12:20 B C:\Users\COBRIEN\Desktop\Schubert\plugins\system\nnframework\fields\dependency.php <-- Schubert Rackspace /web/content/plugins/system/nnframework/fields dependency.php
2012.07.25 12:20 B C:\Users\COBRIEN\Desktop\Schubert\plugins\system\nnframework\fields\editor.php <-- Schubert Rackspace /web/content/plugins/system/nnframework/fields editor.php
2012.07.25 12:20 B C:\Users\COBRIEN\Desktop\Schubert\plugins\system\nnframework\fields\grouplevel.php <-- Schubert Rackspace /web/content/plugins/system/nnframework/fields grouplevel.php
2012.07.25 12:20 B C:\Users\COBRIEN\Desktop\Schubert\plugins\system\nnframework\fields\header.php <-- Schubert Rackspace /web/content/plugins/system/nnframework/fields header.php
2012.07.25 12:20 B C:\Users\COBRIEN\Desktop\Schubert\plugins\system\nnframework\fields\hr.php <-- Schubert Rackspace /web/content/plugins/system/nnframework/fields hr.php
2012.07.25 12:20 B C:\Users\COBRIEN\Desktop\Schubert\plugins\system\nnframework\fields\index.html <-- Schubert Rackspace /web/content/plugins/system/nnframework/fields index.html
2012.07.25 12:20 B C:\Users\COBRIEN\Desktop\Schubert\plugins\system\nnframework\fields\jssection.php <-- Schubert Rackspace /web/content/plugins/system/nnframework/fields jssection.php
2012.07.25 12:20 B C:\Users\COBRIEN\Desktop\Schubert\plugins\system\nnframework\fields\languages.php <-- Schubert Rackspace /web/content/plugins/system/nnframework/fields languages.php
2012.07.25 12:20 B C:\Users\COBRIEN\Desktop\Schubert\plugins\system\nnframework\fields\license.php <-- Schubert Rackspace /web/content/plugins/system/nnframework/fields license.php
2012.07.25 12:20 B C:\Users\COBRIEN\Desktop\Schubert\plugins\system\nnframework\fields\loadlanguage.php <-- Schubert Rackspace /web/content/plugins/system/nnframework/fields loadlanguage.php
2012.07.25 12:20 B C:\Users\COBRIEN\Desktop\Schubert\plugins\system\nnframework\fields\menuitems.php <-- Schubert Rackspace /web/content/plugins/system/nnframework/fields menuitems.php
2012.07.25 12:20 B C:\Users\COBRIEN\Desktop\Schubert\plugins\system\nnframework\fields\modules.php <-- Schubert Rackspace /web/content/plugins/system/nnframework/fields modules.php
2012.07.25 12:20 B C:\Users\COBRIEN\Desktop\Schubert\plugins\system\nnframework\fields\plaintext.php <-- Schubert Rackspace /web/content/plugins/system/nnframework/fields plaintext.php
2012.07.25 12:20 B C:\Users\COBRIEN\Desktop\Schubert\plugins\system\nnframework\fields\radioimages.php <-- Schubert Rackspace /web/content/plugins/system/nnframework/fields radioimages.php
2012.07.25 12:20 B C:\Users\COBRIEN\Desktop\Schubert\plugins\system\nnframework\fields\radiolist.php <-- Schubert Rackspace /web/content/plugins/system/nnframework/fields radiolist.php
2012.07.25 12:20 B C:\Users\COBRIEN\Desktop\Schubert\plugins\system\nnframework\fields\secscats.php <-- Schubert Rackspace /web/content/plugins/system/nnframework/fields secscats.php
2012.07.25 12:20 B C:\Users\COBRIEN\Desktop\Schubert\plugins\system\nnframework\fields\sections.php <-- Schubert Rackspace /web/content/plugins/system/nnframework/fields sections.php
2012.07.25 12:20 B C:\Users\COBRIEN\Desktop\Schubert\plugins\system\nnframework\fields\slide.php <-- Schubert Rackspace /web/content/plugins/system/nnframework/fields slide.php
2012.07.25 12:20 B C:\Users\COBRIEN\Desktop\Schubert\plugins\system\nnframework\fields\style.css <-- Schubert Rackspace /web/content/plugins/system/nnframework/fields style.css
2012.07.25 12:20 B C:\Users\COBRIEN\Desktop\Schubert\plugins\system\nnframework\fields\templates.php <-- Schubert Rackspace /web/content/plugins/system/nnframework/fields templates.php
2012.07.25 12:20 B C:\Users\COBRIEN\Desktop\Schubert\plugins\system\nnframework\fields\textareaplus.php <-- Schubert Rackspace /web/content/plugins/system/nnframework/fields textareaplus.php
2012.07.25 12:20 B C:\Users\COBRIEN\Desktop\Schubert\plugins\system\nnframework\fields\title.php <-- Schubert Rackspace /web/content/plugins/system/nnframework/fields title.php
2012.07.25 12:20 B C:\Users\COBRIEN\Desktop\Schubert\plugins\system\nnframework\fields\toggler.js <-- Schubert Rackspace /web/content/plugins/system/nnframework/fields toggler.js
2012.07.25 12:20 B C:\Users\COBRIEN\Desktop\Schubert\plugins\system\nnframework\fields\toggler.php <-- Schubert Rackspace /web/content/plugins/system/nnframework/fields toggler.php
2012.07.25 12:20 B C:\Users\COBRIEN\Desktop\Schubert\plugins\system\nnframework\fields\toggler_unpacked.js <-- Schubert Rackspace /web/content/plugins/system/nnframework/fields toggler_unpacked.js
2012.07.25 12:20 B C:\Users\COBRIEN\Desktop\Schubert\plugins\system\nnframework\fields\typesfc.php <-- Schubert Rackspace /web/content/plugins/system/nnframework/fields typesfc.php
2012.07.25 12:20 B C:\Users\COBRIEN\Desktop\Schubert\plugins\system\nnframework\fields\version.php <-- Schubert Rackspace /web/content/plugins/system/nnframework/fields version.php
2012.07.25 12:20 B C:\Users\COBRIEN\Desktop\Schubert\plugins\system\nnframework\fields\version_check.php <-- Schubert Rackspace /web/content/plugins/system/nnframework/fields version_check.php
2012.09.04 10:58 B C:\inetpub\wwwroot\plugins\system\nnframework\fields\articles.php --> ftp3.ftptoyoursite.com /web/content/SITE-TEST/plugins/system/nnframework/fields articles.php
2012.09.04 10:58 B C:\inetpub\wwwroot\plugins\system\nnframework\fields\author.php --> ftp3.ftptoyoursite.com /web/content/SITE-TEST/plugins/system/nnframework/fields author.php
2012.09.04 10:58 B C:\inetpub\wwwroot\plugins\system\nnframework\fields\block.php --> ftp3.ftptoyoursite.com /web/content/SITE-TEST/plugins/system/nnframework/fields block.php
2012.09.04 10:58 B C:\inetpub\wwwroot\plugins\system\nnframework\fields\browsers.php --> ftp3.ftptoyoursite.com /web/content/SITE-TEST/plugins/system/nnframework/fields browsers.php
2012.09.04 10:58 B C:\inetpub\wwwroot\plugins\system\nnframework\fields\categories.php --> ftp3.ftptoyoursite.com /web/content/SITE-TEST/plugins/system/nnframework/fields categories.php
2012.09.04 10:58 B C:\inetpub\wwwroot\plugins\system\nnframework\fields\categoriesfc.php --> ftp3.ftptoyoursite.com /web/content/SITE-TEST/plugins/system/nnframework/fields categoriesfc.php
2012.09.04 10:58 B C:\inetpub\wwwroot\plugins\system\nnframework\fields\categoriesk2.php --> ftp3.ftptoyoursite.com /web/content/SITE-TEST/plugins/system/nnframework/fields categoriesk2.php
2012.09.04 10:58 B C:\inetpub\wwwroot\plugins\system\nnframework\fields\categoriesmr.php --> ftp3.ftptoyoursite.com /web/content/SITE-TEST/plugins/system/nnframework/fields categoriesmr.php
2012.09.04 10:58 B C:\inetpub\wwwroot\plugins\system\nnframework\fields\categorieszoo.php --> ftp3.ftptoyoursite.com /web/content/SITE-TEST/plugins/system/nnframework/fields categorieszoo.php
2012.09.04 10:58 B C:\inetpub\wwwroot\plugins\system\nnframework\fields\cats.php --> ftp3.ftptoyoursite.com /web/content/SITE-TEST/plugins/system/nnframework/fields cats.php
2012.09.04 10:58 B C:\inetpub\wwwroot\plugins\system\nnframework\fields\checkbox.php --> ftp3.ftptoyoursite.com /web/content/SITE-TEST/plugins/system/nnframework/fields checkbox.php
2012.09.04 10:58 B C:\inetpub\wwwroot\plugins\system\nnframework\fields\colorpicker.php --> ftp3.ftptoyoursite.com /web/content/SITE-TEST/plugins/system/nnframework/fields colorpicker.php
2012.09.04 10:58 B C:\inetpub\wwwroot\plugins\system\nnframework\fields\components.php --> ftp3.ftptoyoursite.com /web/content/SITE-TEST/plugins/system/nnframework/fields components.php
2012.09.04 10:58 B C:\inetpub\wwwroot\plugins\system\nnframework\fields\customfieldkey.php --> ftp3.ftptoyoursite.com /web/content/SITE-TEST/plugins/system/nnframework/fields customfieldkey.php
2012.09.04 10:58 B C:\inetpub\wwwroot\plugins\system\nnframework\fields\customfieldvalue.php --> ftp3.ftptoyoursite.com /web/content/SITE-TEST/plugins/system/nnframework/fields customfieldvalue.php
2012.09.04 10:58 B C:\inetpub\wwwroot\plugins\system\nnframework\fields\datetime.php --> ftp3.ftptoyoursite.com /web/content/SITE-TEST/plugins/system/nnframework/fields datetime.php
2012.09.04 10:58 B C:\inetpub\wwwroot\plugins\system\nnframework\fields\dependency.php --> ftp3.ftptoyoursite.com /web/content/SITE-TEST/plugins/system/nnframework/fields dependency.php
2012.09.04 10:58 B C:\inetpub\wwwroot\plugins\system\nnframework\fields\editor.php --> ftp3.ftptoyoursite.com /web/content/SITE-TEST/plugins/system/nnframework/fields editor.php
2012.09.04 10:58 B C:\inetpub\wwwroot\plugins\system\nnframework\fields\grouplevel.php --> ftp3.ftptoyoursite.com /web/content/SITE-TEST/plugins/system/nnframework/fields grouplevel.php
2012.09.04 10:58 B C:\inetpub\wwwroot\plugins\system\nnframework\fields\header.php --> ftp3.ftptoyoursite.com /web/content/SITE-TEST/plugins/system/nnframework/fields header.php
2012.09.04 10:58 B C:\inetpub\wwwroot\plugins\system\nnframework\fields\hr.php --> ftp3.ftptoyoursite.com /web/content/SITE-TEST/plugins/system/nnframework/fields hr.php
2012.09.04 10:58 B C:\inetpub\wwwroot\plugins\system\nnframework\fields\index.html --> ftp3.ftptoyoursite.com /web/content/SITE-TEST/plugins/system/nnframework/fields index.html
2012.09.04 10:58 B C:\inetpub\wwwroot\plugins\system\nnframework\fields\jssection.php --> ftp3.ftptoyoursite.com /web/content/SITE-TEST/plugins/system/nnframework/fields jssection.php
2012.09.04 10:58 B C:\inetpub\wwwroot\plugins\system\nnframework\fields\languages.php --> ftp3.ftptoyoursite.com /web/content/SITE-TEST/plugins/system/nnframework/fields languages.php
2012.09.04 10:58 B C:\inetpub\wwwroot\plugins\system\nnframework\fields\license.php --> ftp3.ftptoyoursite.com /web/content/SITE-TEST/plugins/system/nnframework/fields license.php
2012.09.04 10:58 B C:\inetpub\wwwroot\plugins\system\nnframework\fields\loadlanguage.php --> ftp3.ftptoyoursite.com /web/content/SITE-TEST/plugins/system/nnframework/fields loadlanguage.php
2012.09.04 10:58 B C:\inetpub\wwwroot\plugins\system\nnframework\fields\menuitems.php --> ftp3.ftptoyoursite.com /web/content/SITE-TEST/plugins/system/nnframework/fields menuitems.php
2012.09.04 10:58 B C:\inetpub\wwwroot\plugins\system\nnframework\fields\modules.php --> ftp3.ftptoyoursite.com /web/content/SITE-TEST/plugins/system/nnframework/fields modules.php
2012.09.04 10:58 B C:\inetpub\wwwroot\plugins\system\nnframework\fields\plaintext.php --> ftp3.ftptoyoursite.com /web/content/SITE-TEST/plugins/system/nnframework/fields plaintext.php
2012.09.04 10:58 B C:\inetpub\wwwroot\plugins\system\nnframework\fields\radioimages.php --> ftp3.ftptoyoursite.com /web/content/SITE-TEST/plugins/system/nnframework/fields radioimages.php
2012.09.04 10:58 B C:\inetpub\wwwroot\plugins\system\nnframework\fields\radiolist.php --> ftp3.ftptoyoursite.com /web/content/SITE-TEST/plugins/system/nnframework/fields radiolist.php
2012.09.04 10:58 B C:\inetpub\wwwroot\plugins\system\nnframework\fields\secscats.php --> ftp3.ftptoyoursite.com /web/content/SITE-TEST/plugins/system/nnframework/fields secscats.php
2012.09.04 10:58 B C:\inetpub\wwwroot\plugins\system\nnframework\fields\sections.php --> ftp3.ftptoyoursite.com /web/content/SITE-TEST/plugins/system/nnframework/fields sections.php
2012.09.04 10:58 B C:\inetpub\wwwroot\plugins\system\nnframework\fields\slide.php --> ftp3.ftptoyoursite.com /web/content/SITE-TEST/plugins/system/nnframework/fields slide.php
2012.09.04 10:58 B C:\inetpub\wwwroot\plugins\system\nnframework\fields\style.css --> ftp3.ftptoyoursite.com /web/content/SITE-TEST/plugins/system/nnframework/fields style.css
2012.09.04 10:58 B C:\inetpub\wwwroot\plugins\system\nnframework\fields\templates.php --> ftp3.ftptoyoursite.com /web/content/SITE-TEST/plugins/system/nnframework/fields templates.php
2012.09.04 10:58 B C:\inetpub\wwwroot\plugins\system\nnframework\fields\textareaplus.php --> ftp3.ftptoyoursite.com /web/content/SITE-TEST/plugins/system/nnframework/fields textareaplus.php
2012.09.04 10:58 B C:\inetpub\wwwroot\plugins\system\nnframework\fields\title.php --> ftp3.ftptoyoursite.com /web/content/SITE-TEST/plugins/system/nnframework/fields title.php
2012.09.04 10:58 B C:\inetpub\wwwroot\plugins\system\nnframework\fields\toggler.js --> ftp3.ftptoyoursite.com /web/content/SITE-TEST/plugins/system/nnframework/fields toggler.js
2012.09.04 10:58 B C:\inetpub\wwwroot\plugins\system\nnframework\fields\toggler.php --> ftp3.ftptoyoursite.com /web/content/SITE-TEST/plugins/system/nnframework/fields toggler.php
2012.09.04 10:58 B C:\inetpub\wwwroot\plugins\system\nnframework\fields\toggler_unpacked.js --> ftp3.ftptoyoursite.com /web/content/SITE-TEST/plugins/system/nnframework/fields toggler_unpacked.js
2012.09.04 10:58 B C:\inetpub\wwwroot\plugins\system\nnframework\fields\typesfc.php --> ftp3.ftptoyoursite.com /web/content/SITE-TEST/plugins/system/nnframework/fields typesfc.php
2012.09.04 10:58 B C:\inetpub\wwwroot\plugins\system\nnframework\fields\version.php --> ftp3.ftptoyoursite.com /web/content/SITE-TEST/plugins/system/nnframework/fields version.php
2012.09.04 10:58 B C:\inetpub\wwwroot\plugins\system\nnframework\fields\version_check.php --> ftp3.ftptoyoursite.com /web/content/SITE-TEST/plugins/system/nnframework/fields version_check.php
2012.09.04 10:58 B C:\inetpub\wwwroot\plugins\system\nnframework\fields\WS_FTP.LOG --> ftp3.ftptoyoursite.com /web/content/SITE-TEST/plugins/system/nnframework/fields WS_FTP.LOG
2012.09.06 15:16 B C:\inetpub\wwwroot\plugins\system\nnframework\fields\articles.php --> ftp3.ftptoyoursite.com /web/content/SITEBACKUP_962012/plugins/system/nnframework/fields articles.php
2012.09.06 15:16 B C:\inetpub\wwwroot\plugins\system\nnframework\fields\author.php --> ftp3.ftptoyoursite.com /web/content/SITEBACKUP_962012/plugins/system/nnframework/fields author.php
2012.09.06 15:16 B C:\inetpub\wwwroot\plugins\system\nnframework\fields\block.php --> ftp3.ftptoyoursite.com /web/content/SITEBACKUP_962012/plugins/system/nnframework/fields block.php
2012.09.06 15:16 B C:\inetpub\wwwroot\plugins\system\nnframework\fields\browsers.php --> ftp3.ftptoyoursite.com /web/content/SITEBACKUP_962012/plugins/system/nnframework/fields browsers.php
2012.09.06 15:16 B C:\inetpub\wwwroot\plugins\system\nnframework\fields\categories.php --> ftp3.ftptoyoursite.com /web/content/SITEBACKUP_962012/plugins/system/nnframework/fields categories.php
2012.09.06 15:16 B C:\inetpub\wwwroot\plugins\system\nnframework\fields\categoriesfc.php --> ftp3.ftptoyoursite.com /web/content/SITEBACKUP_962012/plugins/system/nnframework/fields categoriesfc.php
2012.09.06 15:16 B C:\inetpub\wwwroot\plugins\system\nnframework\fields\categoriesk2.php --> ftp3.ftptoyoursite.com /web/content/SITEBACKUP_962012/plugins/system/nnframework/fields categoriesk2.php
2012.09.06 15:16 B C:\inetpub\wwwroot\plugins\system\nnframework\fields\categoriesmr.php --> ftp3.ftptoyoursite.com /web/content/SITEBACKUP_962012/plugins/system/nnframework/fields categoriesmr.php
2012.09.06 15:16 B C:\inetpub\wwwroot\plugins\system\nnframework\fields\categorieszoo.php --> ftp3.ftptoyoursite.com /web/content/SITEBACKUP_962012/plugins/system/nnframework/fields categorieszoo.php
2012.09.06 15:16 B C:\inetpub\wwwroot\plugins\system\nnframework\fields\cats.php --> ftp3.ftptoyoursite.com /web/content/SITEBACKUP_962012/plugins/system/nnframework/fields cats.php
2012.09.06 15:16 B C:\inetpub\wwwroot\plugins\system\nnframework\fields\checkbox.php --> ftp3.ftptoyoursite.com /web/content/SITEBACKUP_962012/plugins/system/nnframework/fields checkbox.php
2012.09.06 15:16 B C:\inetpub\wwwroot\plugins\system\nnframework\fields\colorpicker.php --> ftp3.ftptoyoursite.com /web/content/SITEBACKUP_962012/plugins/system/nnframework/fields colorpicker.php
2012.09.06 15:16 B C:\inetpub\wwwroot\plugins\system\nnframework\fields\components.php --> ftp3.ftptoyoursite.com /web/content/SITEBACKUP_962012/plugins/system/nnframework/fields components.php
2012.09.06 15:16 B C:\inetpub\wwwroot\plugins\system\nnframework\fields\customfieldkey.php --> ftp3.ftptoyoursite.com /web/content/SITEBACKUP_962012/plugins/system/nnframework/fields customfieldkey.php
2012.09.06 15:16 B C:\inetpub\wwwroot\plugins\system\nnframework\fields\customfieldvalue.php --> ftp3.ftptoyoursite.com /web/content/SITEBACKUP_962012/plugins/system/nnframework/fields customfieldvalue.php
2012.09.06 15:16 B C:\inetpub\wwwroot\plugins\system\nnframework\fields\datetime.php --> ftp3.ftptoyoursite.com /web/content/SITEBACKUP_962012/plugins/system/nnframework/fields datetime.php
2012.09.06 15:16 B C:\inetpub\wwwroot\plugins\system\nnframework\fields\dependency.php --> ftp3.ftptoyoursite.com /web/content/SITEBACKUP_962012/plugins/system/nnframework/fields dependency.php
2012.09.06 15:16 B C:\inetpub\wwwroot\plugins\system\nnframework\fields\editor.php --> ftp3.ftptoyoursite.com /web/content/SITEBACKUP_962012/plugins/system/nnframework/fields editor.php
2012.09.06 15:16 B C:\inetpub\wwwroot\plugins\system\nnframework\fields\grouplevel.php --> ftp3.ftptoyoursite.com /web/content/SITEBACKUP_962012/plugins/system/nnframework/fields grouplevel.php
2012.09.06 15:16 B C:\inetpub\wwwroot\plugins\system\nnframework\fields\header.php --> ftp3.ftptoyoursite.com /web/content/SITEBACKUP_962012/plugins/system/nnframework/fields header.php
2012.09.06 15:16 B C:\inetpub\wwwroot\plugins\system\nnframework\fields\hr.php --> ftp3.ftptoyoursite.com /web/content/SITEBACKUP_962012/plugins/system/nnframework/fields hr.php
2012.09.06 15:16 B C:\inetpub\wwwroot\plugins\system\nnframework\fields\index.html --> ftp3.ftptoyoursite.com /web/content/SITEBACKUP_962012/plugins/system/nnframework/fields index.html
2012.09.06 15:16 B C:\inetpub\wwwroot\plugins\system\nnframework\fields\jssection.php --> ftp3.ftptoyoursite.com /web/content/SITEBACKUP_962012/plugins/system/nnframework/fields jssection.php
2012.09.06 15:16 B C:\inetpub\wwwroot\plugins\system\nnframework\fields\languages.php --> ftp3.ftptoyoursite.com /web/content/SITEBACKUP_962012/plugins/system/nnframework/fields languages.php
2012.09.06 15:16 B C:\inetpub\wwwroot\plugins\system\nnframework\fields\license.php --> ftp3.ftptoyoursite.com /web/content/SITEBACKUP_962012/plugins/system/nnframework/fields license.php
2012.09.06 15:16 B C:\inetpub\wwwroot\plugins\system\nnframework\fields\loadlanguage.php --> ftp3.ftptoyoursite.com /web/content/SITEBACKUP_962012/plugins/system/nnframework/fields loadlanguage.php
2012.09.06 15:16 B C:\inetpub\wwwroot\plugins\system\nnframework\fields\menuitems.php --> ftp3.ftptoyoursite.com /web/content/SITEBACKUP_962012/plugins/system/nnframework/fields menuitems.php
2012.09.06 15:16 B C:\inetpub\wwwroot\plugins\system\nnframework\fields\modules.php --> ftp3.ftptoyoursite.com /web/content/SITEBACKUP_962012/plugins/system/nnframework/fields modules.php
2012.09.06 15:16 B C:\inetpub\wwwroot\plugins\system\nnframework\fields\plaintext.php --> ftp3.ftptoyoursite.com /web/content/SITEBACKUP_962012/plugins/system/nnframework/fields plaintext.php
2012.09.06 15:16 B C:\inetpub\wwwroot\plugins\system\nnframework\fields\radioimages.php --> ftp3.ftptoyoursite.com /web/content/SITEBACKUP_962012/plugins/system/nnframework/fields radioimages.php
2012.09.06 15:16 B C:\inetpub\wwwroot\plugins\system\nnframework\fields\radiolist.php --> ftp3.ftptoyoursite.com /web/content/SITEBACKUP_962012/plugins/system/nnframework/fields radiolist.php
2012.09.06 15:16 B C:\inetpub\wwwroot\plugins\system\nnframework\fields\secscats.php --> ftp3.ftptoyoursite.com /web/content/SITEBACKUP_962012/plugins/system/nnframework/fields secscats.php
2012.09.06 15:16 B C:\inetpub\wwwroot\plugins\system\nnframework\fields\sections.php --> ftp3.ftptoyoursite.com /web/content/SITEBACKUP_962012/plugins/system/nnframework/fields sections.php
2012.09.06 15:16 B C:\inetpub\wwwroot\plugins\system\nnframework\fields\slide.php --> ftp3.ftptoyoursite.com /web/content/SITEBACKUP_962012/plugins/system/nnframework/fields slide.php
2012.09.06 15:16 B C:\inetpub\wwwroot\plugins\system\nnframework\fields\style.css --> ftp3.ftptoyoursite.com /web/content/SITEBACKUP_962012/plugins/system/nnframework/fields style.css
2012.09.06 15:16 B C:\inetpub\wwwroot\plugins\system\nnframework\fields\templates.php --> ftp3.ftptoyoursite.com /web/content/SITEBACKUP_962012/plugins/system/nnframework/fields templates.php
2012.09.06 15:16 B C:\inetpub\wwwroot\plugins\system\nnframework\fields\textareaplus.php --> ftp3.ftptoyoursite.com /web/content/SITEBACKUP_962012/plugins/system/nnframework/fields textareaplus.php
2012.09.06 15:16 B C:\inetpub\wwwroot\plugins\system\nnframework\fields\title.php --> ftp3.ftptoyoursite.com /web/content/SITEBACKUP_962012/plugins/system/nnframework/fields title.php
2012.09.06 15:16 B C:\inetpub\wwwroot\plugins\system\nnframework\fields\toggler.js --> ftp3.ftptoyoursite.com /web/content/SITEBACKUP_962012/plugins/system/nnframework/fields toggler.js
2012.09.06 15:16 B C:\inetpub\wwwroot\plugins\system\nnframework\fields\toggler.php --> ftp3.ftptoyoursite.com /web/content/SITEBACKUP_962012/plugins/system/nnframework/fields toggler.php
2012.09.06 15:16 B C:\inetpub\wwwroot\plugins\system\nnframework\fields\toggler_unpacked.js --> ftp3.ftptoyoursite.com /web/content/SITEBACKUP_962012/plugins/system/nnframework/fields toggler_unpacked.js
2012.09.06 15:16 B C:\inetpub\wwwroot\plugins\system\nnframework\fields\typesfc.php --> ftp3.ftptoyoursite.com /web/content/SITEBACKUP_962012/plugins/system/nnframework/fields typesfc.php
2012.09.06 15:16 B C:\inetpub\wwwroot\plugins\system\nnframework\fields\version.php --> ftp3.ftptoyoursite.com /web/content/SITEBACKUP_962012/plugins/system/nnframework/fields version.php
2012.09.06 15:16 B C:\inetpub\wwwroot\plugins\system\nnframework\fields\version_check.php --> ftp3.ftptoyoursite.com /web/content/SITEBACKUP_962012/plugins/system/nnframework/fields version_check.php
2012.09.06 15:16 B C:\inetpub\wwwroot\plugins\system\nnframework\fields\WS_FTP.LOG --> ftp3.ftptoyoursite.com /web/content/SITEBACKUP_962012/plugins/system/nnframework/fields WS_FTP.LOG
2012.10.23 09:18 B C:\inetpub\wwwroot\plugins\system\nnframework\fields\articles.php --> ftp3.ftptoyoursite.com /web/content/plugins/system/nnframework/fields articles.php
2012.10.23 09:18 B C:\inetpub\wwwroot\plugins\system\nnframework\fields\author.php --> ftp3.ftptoyoursite.com /web/content/plugins/system/nnframework/fields author.php
2012.10.23 09:18 B C:\inetpub\wwwroot\plugins\system\nnframework\fields\block.php --> ftp3.ftptoyoursite.com /web/content/plugins/system/nnframework/fields block.php
2012.10.23 09:18 B C:\inetpub\wwwroot\plugins\system\nnframework\fields\browsers.php --> ftp3.ftptoyoursite.com /web/content/plugins/system/nnframework/fields browsers.php
2012.10.23 09:18 B C:\inetpub\wwwroot\plugins\system\nnframework\fields\categories.php --> ftp3.ftptoyoursite.com /web/content/plugins/system/nnframework/fields categories.php
2012.10.23 09:18 B C:\inetpub\wwwroot\plugins\system\nnframework\fields\categoriesfc.php --> ftp3.ftptoyoursite.com /web/content/plugins/system/nnframework/fields categoriesfc.php
2012.10.23 09:18 B C:\inetpub\wwwroot\plugins\system\nnframework\fields\categoriesk2.php --> ftp3.ftptoyoursite.com /web/content/plugins/system/nnframework/fields categoriesk2.php
2012.10.23 09:18 B C:\inetpub\wwwroot\plugins\system\nnframework\fields\categoriesmr.php --> ftp3.ftptoyoursite.com /web/content/plugins/system/nnframework/fields categoriesmr.php
2012.10.23 09:18 B C:\inetpub\wwwroot\plugins\system\nnframework\fields\categorieszoo.php --> ftp3.ftptoyoursite.com /web/content/plugins/system/nnframework/fields categorieszoo.php
2012.10.23 09:18 B C:\inetpub\wwwroot\plugins\system\nnframework\fields\cats.php --> ftp3.ftptoyoursite.com /web/content/plugins/system/nnframework/fields cats.php
2012.10.23 09:18 B C:\inetpub\wwwroot\plugins\system\nnframework\fields\checkbox.php --> ftp3.ftptoyoursite.com /web/content/plugins/system/nnframework/fields checkbox.php
2012.10.23 09:18 B C:\inetpub\wwwroot\plugins\system\nnframework\fields\colorpicker.php --> ftp3.ftptoyoursite.com /web/content/plugins/system/nnframework/fields colorpicker.php
2012.10.23 09:18 B C:\inetpub\wwwroot\plugins\system\nnframework\fields\components.php --> ftp3.ftptoyoursite.com /web/content/plugins/system/nnframework/fields components.php
2012.10.23 09:18 B C:\inetpub\wwwroot\plugins\system\nnframework\fields\customfieldkey.php --> ftp3.ftptoyoursite.com /web/content/plugins/system/nnframework/fields customfieldkey.php
2012.10.23 09:18 B C:\inetpub\wwwroot\plugins\system\nnframework\fields\customfieldvalue.php --> ftp3.ftptoyoursite.com /web/content/plugins/system/nnframework/fields customfieldvalue.php
2012.10.23 09:18 B C:\inetpub\wwwroot\plugins\system\nnframework\fields\datetime.php --> ftp3.ftptoyoursite.com /web/content/plugins/system/nnframework/fields datetime.php
2012.10.23 09:18 B C:\inetpub\wwwroot\plugins\system\nnframework\fields\dependency.php --> ftp3.ftptoyoursite.com /web/content/plugins/system/nnframework/fields dependency.php
2012.10.23 09:18 B C:\inetpub\wwwroot\plugins\system\nnframework\fields\editor.php --> ftp3.ftptoyoursite.com /web/content/plugins/system/nnframework/fields editor.php
2012.10.23 09:18 B C:\inetpub\wwwroot\plugins\system\nnframework\fields\grouplevel.php --> ftp3.ftptoyoursite.com /web/content/plugins/system/nnframework/fields grouplevel.php
2012.10.23 09:18 B C:\inetpub\wwwroot\plugins\system\nnframework\fields\header.php --> ftp3.ftptoyoursite.com /web/content/plugins/system/nnframework/fields header.php
2012.10.23 09:18 B C:\inetpub\wwwroot\plugins\system\nnframework\fields\hr.php --> ftp3.ftptoyoursite.com /web/content/plugins/system/nnframework/fields hr.php
2012.10.23 09:18 B C:\inetpub\wwwroot\plugins\system\nnframework\fields\index.html --> ftp3.ftptoyoursite.com /web/content/plugins/system/nnframework/fields index.html
2012.10.23 09:18 B C:\inetpub\wwwroot\plugins\system\nnframework\fields\jssection.php --> ftp3.ftptoyoursite.com /web/content/plugins/system/nnframework/fields jssection.php
2012.10.23 09:18 B C:\inetpub\wwwroot\plugins\system\nnframework\fields\languages.php --> ftp3.ftptoyoursite.com /web/content/plugins/system/nnframework/fields languages.php
2012.10.23 09:18 B C:\inetpub\wwwroot\plugins\system\nnframework\fields\license.php --> ftp3.ftptoyoursite.com /web/content/plugins/system/nnframework/fields license.php
2012.10.23 09:18 B C:\inetpub\wwwroot\plugins\system\nnframework\fields\loadlanguage.php --> ftp3.ftptoyoursite.com /web/content/plugins/system/nnframework/fields loadlanguage.php
2012.10.23 09:18 B C:\inetpub\wwwroot\plugins\system\nnframework\fields\menuitems.php --> ftp3.ftptoyoursite.com /web/content/plugins/system/nnframework/fields menuitems.php
2012.10.23 09:18 B C:\inetpub\wwwroot\plugins\system\nnframework\fields\modules.php --> ftp3.ftptoyoursite.com /web/content/plugins/system/nnframework/fields modules.php
2012.10.23 09:18 B C:\inetpub\wwwroot\plugins\system\nnframework\fields\plaintext.php --> ftp3.ftptoyoursite.com /web/content/plugins/system/nnframework/fields plaintext.php
2012.10.23 09:18 B C:\inetpub\wwwroot\plugins\system\nnframework\fields\radioimages.php --> ftp3.ftptoyoursite.com /web/content/plugins/system/nnframework/fields radioimages.php
2012.10.23 09:18 B C:\inetpub\wwwroot\plugins\system\nnframework\fields\radiolist.php --> ftp3.ftptoyoursite.com /web/content/plugins/system/nnframework/fields radiolist.php
2012.10.23 09:18 B C:\inetpub\wwwroot\plugins\system\nnframework\fields\secscats.php --> ftp3.ftptoyoursite.com /web/content/plugins/system/nnframework/fields secscats.php
2012.10.23 09:18 B C:\inetpub\wwwroot\plugins\system\nnframework\fields\sections.php --> ftp3.ftptoyoursite.com /web/content/plugins/system/nnframework/fields sections.php
2012.10.23 09:18 B C:\inetpub\wwwroot\plugins\system\nnframework\fields\slide.php --> ftp3.ftptoyoursite.com /web/content/plugins/system/nnframework/fields slide.php
2012.10.23 09:18 B C:\inetpub\wwwroot\plugins\system\nnframework\fields\style.css --> ftp3.ftptoyoursite.com /web/content/plugins/system/nnframework/fields style.css
2012.10.23 09:18 B C:\inetpub\wwwroot\plugins\system\nnframework\fields\templates.php --> ftp3.ftptoyoursite.com /web/content/plugins/system/nnframework/fields templates.php
2012.10.23 09:18 B C:\inetpub\wwwroot\plugins\system\nnframework\fields\textareaplus.php --> ftp3.ftptoyoursite.com /web/content/plugins/system/nnframework/fields textareaplus.php
2012.10.23 09:18 B C:\inetpub\wwwroot\plugins\system\nnframework\fields\title.php --> ftp3.ftptoyoursite.com /web/content/plugins/system/nnframework/fields title.php
2012.10.23 09:18 B C:\inetpub\wwwroot\plugins\system\nnframework\fields\toggler.js --> ftp3.ftptoyoursite.com /web/content/plugins/system/nnframework/fields toggler.js
2012.10.23 09:18 B C:\inetpub\wwwroot\plugins\system\nnframework\fields\toggler.php --> ftp3.ftptoyoursite.com /web/content/plugins/system/nnframework/fields toggler.php
2012.10.23 09:18 B C:\inetpub\wwwroot\plugins\system\nnframework\fields\toggler_unpacked.js --> ftp3.ftptoyoursite.com /web/content/plugins/system/nnframework/fields toggler_unpacked.js
2012.10.23 09:18 B C:\inetpub\wwwroot\plugins\system\nnframework\fields\typesfc.php --> ftp3.ftptoyoursite.com /web/content/plugins/system/nnframework/fields typesfc.php
2012.10.23 09:18 B C:\inetpub\wwwroot\plugins\system\nnframework\fields\version.php --> ftp3.ftptoyoursite.com /web/content/plugins/system/nnframework/fields version.php
2012.10.23 09:18 B C:\inetpub\wwwroot\plugins\system\nnframework\fields\version_check.php --> ftp3.ftptoyoursite.com /web/content/plugins/system/nnframework/fields version_check.php
2012.10.23 09:18 B C:\inetpub\wwwroot\plugins\system\nnframework\fields\WS_FTP.LOG --> ftp3.ftptoyoursite.com /web/content/plugins/system/nnframework/fields WS_FTP.LOG
2013.02.01 15:04 B C:\inetpub\wwwroot\plugins\system\nnframework\fields\WS_FTP.LOG <-- Schubert Rackspace /web/content/plugins/system/nnframework/fields WS_FTP.LOG
