2012.07.25 12:10 B C:\Users\COBRIEN\Desktop\Schubert\administrator\components\com_contact\models\contact.php <-- Schubert Rackspace /web/content/administrator/components/com_contact/models contact.php
2012.07.25 12:10 B C:\Users\COBRIEN\Desktop\Schubert\administrator\components\com_contact\models\contacts.php <-- Schubert Rackspace /web/content/administrator/components/com_contact/models contacts.php
2012.07.25 12:10 B C:\Users\COBRIEN\Desktop\Schubert\administrator\components\com_contact\models\index.html <-- Schubert Rackspace /web/content/administrator/components/com_contact/models index.html
2012.09.04 10:44 B C:\inetpub\wwwroot\administrator\components\com_contact\models\contact.php --> ftp3.ftptoyoursite.com /web/content/SITE-TEST/administrator/components/com_contact/models contact.php
2012.09.04 10:44 B C:\inetpub\wwwroot\administrator\components\com_contact\models\contacts.php --> ftp3.ftptoyoursite.com /web/content/SITE-TEST/administrator/components/com_contact/models contacts.php
2012.09.04 10:44 B C:\inetpub\wwwroot\administrator\components\com_contact\models\index.html --> ftp3.ftptoyoursite.com /web/content/SITE-TEST/administrator/components/com_contact/models index.html
2012.09.04 10:44 B C:\inetpub\wwwroot\administrator\components\com_contact\models\WS_FTP.LOG --> ftp3.ftptoyoursite.com /web/content/SITE-TEST/administrator/components/com_contact/models WS_FTP.LOG
2012.09.06 14:58 B C:\inetpub\wwwroot\administrator\components\com_contact\models\contact.php --> ftp3.ftptoyoursite.com /web/content/SITEBACKUP_962012/administrator/components/com_contact/models contact.php
2012.09.06 14:58 B C:\inetpub\wwwroot\administrator\components\com_contact\models\contacts.php --> ftp3.ftptoyoursite.com /web/content/SITEBACKUP_962012/administrator/components/com_contact/models contacts.php
2012.09.06 14:58 B C:\inetpub\wwwroot\administrator\components\com_contact\models\index.html --> ftp3.ftptoyoursite.com /web/content/SITEBACKUP_962012/administrator/components/com_contact/models index.html
2012.09.06 14:58 B C:\inetpub\wwwroot\administrator\components\com_contact\models\WS_FTP.LOG --> ftp3.ftptoyoursite.com /web/content/SITEBACKUP_962012/administrator/components/com_contact/models WS_FTP.LOG
2012.09.06 15:20 B C:\inetpub\wwwroot\administrator\components\com_contact\models\contact.php <-- Schubert Rackspace /web/content/administrator/components/com_contact/models contact.php
2012.09.06 15:20 B C:\inetpub\wwwroot\administrator\components\com_contact\models\contacts.php <-- Schubert Rackspace /web/content/administrator/components/com_contact/models contacts.php
2012.09.06 15:20 B C:\inetpub\wwwroot\administrator\components\com_contact\models\index.html <-- Schubert Rackspace /web/content/administrator/components/com_contact/models index.html
2012.09.06 15:43 B C:\inetpub\wwwroot\administrator\components\com_contact\models\contact.php <-- Schubert Rackspace /web/content/SITEBACKUP_962012/administrator/components/com_contact/models contact.php
2012.09.06 15:43 B C:\inetpub\wwwroot\administrator\components\com_contact\models\contacts.php <-- Schubert Rackspace /web/content/SITEBACKUP_962012/administrator/components/com_contact/models contacts.php
2012.09.06 15:43 B C:\inetpub\wwwroot\administrator\components\com_contact\models\index.html <-- Schubert Rackspace /web/content/SITEBACKUP_962012/administrator/components/com_contact/models index.html
2012.10.23 09:04 B C:\inetpub\wwwroot\administrator\components\com_contact\models\contact.php --> ftp3.ftptoyoursite.com /web/content/administrator/components/com_contact/models contact.php
2012.10.23 09:04 B C:\inetpub\wwwroot\administrator\components\com_contact\models\contacts.php --> ftp3.ftptoyoursite.com /web/content/administrator/components/com_contact/models contacts.php
2012.10.23 09:04 B C:\inetpub\wwwroot\administrator\components\com_contact\models\index.html --> ftp3.ftptoyoursite.com /web/content/administrator/components/com_contact/models index.html
2012.10.23 09:04 B C:\inetpub\wwwroot\administrator\components\com_contact\models\WS_FTP.LOG --> ftp3.ftptoyoursite.com /web/content/administrator/components/com_contact/models WS_FTP.LOG
2013.02.01 14:40 B C:\inetpub\wwwroot\administrator\components\com_contact\models\WS_FTP.LOG <-- Schubert Rackspace /web/content/administrator/components/com_contact/models WS_FTP.LOG
