2012.07.25 12:20 B C:\Users\COBRIEN\Desktop\Schubert\plugins\system\nnframework\helpers\assignments.php <-- Schubert Rackspace /web/content/plugins/system/nnframework/helpers assignments.php
2012.07.25 12:20 B C:\Users\COBRIEN\Desktop\Schubert\plugins\system\nnframework\helpers\functions.php <-- Schubert Rackspace /web/content/plugins/system/nnframework/helpers functions.php
2012.07.25 12:20 B C:\Users\COBRIEN\Desktop\Schubert\plugins\system\nnframework\helpers\html.php <-- Schubert Rackspace /web/content/plugins/system/nnframework/helpers html.php
2012.07.25 12:20 B C:\Users\COBRIEN\Desktop\Schubert\plugins\system\nnframework\helpers\index.html <-- Schubert Rackspace /web/content/plugins/system/nnframework/helpers index.html
2012.07.25 12:20 B C:\Users\COBRIEN\Desktop\Schubert\plugins\system\nnframework\helpers\licenses.php <-- Schubert Rackspace /web/content/plugins/system/nnframework/helpers licenses.php
2012.07.25 12:20 B C:\Users\COBRIEN\Desktop\Schubert\plugins\system\nnframework\helpers\parameters.php <-- Schubert Rackspace /web/content/plugins/system/nnframework/helpers parameters.php
2012.07.25 12:20 B C:\Users\COBRIEN\Desktop\Schubert\plugins\system\nnframework\helpers\search.php <-- Schubert Rackspace /web/content/plugins/system/nnframework/helpers search.php
2012.07.25 12:20 B C:\Users\COBRIEN\Desktop\Schubert\plugins\system\nnframework\helpers\versions.php <-- Schubert Rackspace /web/content/plugins/system/nnframework/helpers versions.php
2012.09.04 10:58 B C:\inetpub\wwwroot\plugins\system\nnframework\helpers\assignments.php --> ftp3.ftptoyoursite.com /web/content/SITE-TEST/plugins/system/nnframework/helpers assignments.php
2012.09.04 10:58 B C:\inetpub\wwwroot\plugins\system\nnframework\helpers\functions.php --> ftp3.ftptoyoursite.com /web/content/SITE-TEST/plugins/system/nnframework/helpers functions.php
2012.09.04 10:58 B C:\inetpub\wwwroot\plugins\system\nnframework\helpers\html.php --> ftp3.ftptoyoursite.com /web/content/SITE-TEST/plugins/system/nnframework/helpers html.php
2012.09.04 10:58 B C:\inetpub\wwwroot\plugins\system\nnframework\helpers\index.html --> ftp3.ftptoyoursite.com /web/content/SITE-TEST/plugins/system/nnframework/helpers index.html
2012.09.04 10:58 B C:\inetpub\wwwroot\plugins\system\nnframework\helpers\licenses.php --> ftp3.ftptoyoursite.com /web/content/SITE-TEST/plugins/system/nnframework/helpers licenses.php
2012.09.04 10:58 B C:\inetpub\wwwroot\plugins\system\nnframework\helpers\parameters.php --> ftp3.ftptoyoursite.com /web/content/SITE-TEST/plugins/system/nnframework/helpers parameters.php
2012.09.04 10:58 B C:\inetpub\wwwroot\plugins\system\nnframework\helpers\search.php --> ftp3.ftptoyoursite.com /web/content/SITE-TEST/plugins/system/nnframework/helpers search.php
2012.09.04 10:58 B C:\inetpub\wwwroot\plugins\system\nnframework\helpers\versions.php --> ftp3.ftptoyoursite.com /web/content/SITE-TEST/plugins/system/nnframework/helpers versions.php
2012.09.04 10:58 B C:\inetpub\wwwroot\plugins\system\nnframework\helpers\WS_FTP.LOG --> ftp3.ftptoyoursite.com /web/content/SITE-TEST/plugins/system/nnframework/helpers WS_FTP.LOG
2012.09.06 15:16 B C:\inetpub\wwwroot\plugins\system\nnframework\helpers\assignments.php --> ftp3.ftptoyoursite.com /web/content/SITEBACKUP_962012/plugins/system/nnframework/helpers assignments.php
2012.09.06 15:16 B C:\inetpub\wwwroot\plugins\system\nnframework\helpers\functions.php --> ftp3.ftptoyoursite.com /web/content/SITEBACKUP_962012/plugins/system/nnframework/helpers functions.php
2012.09.06 15:16 B C:\inetpub\wwwroot\plugins\system\nnframework\helpers\html.php --> ftp3.ftptoyoursite.com /web/content/SITEBACKUP_962012/plugins/system/nnframework/helpers html.php
2012.09.06 15:16 B C:\inetpub\wwwroot\plugins\system\nnframework\helpers\index.html --> ftp3.ftptoyoursite.com /web/content/SITEBACKUP_962012/plugins/system/nnframework/helpers index.html
2012.09.06 15:16 B C:\inetpub\wwwroot\plugins\system\nnframework\helpers\licenses.php --> ftp3.ftptoyoursite.com /web/content/SITEBACKUP_962012/plugins/system/nnframework/helpers licenses.php
2012.09.06 15:16 B C:\inetpub\wwwroot\plugins\system\nnframework\helpers\parameters.php --> ftp3.ftptoyoursite.com /web/content/SITEBACKUP_962012/plugins/system/nnframework/helpers parameters.php
2012.09.06 15:16 B C:\inetpub\wwwroot\plugins\system\nnframework\helpers\protect.php --> ftp3.ftptoyoursite.com /web/content/SITEBACKUP_962012/plugins/system/nnframework/helpers protect.php
2012.09.06 15:16 B C:\inetpub\wwwroot\plugins\system\nnframework\helpers\search.php --> ftp3.ftptoyoursite.com /web/content/SITEBACKUP_962012/plugins/system/nnframework/helpers search.php
2012.09.06 15:16 B C:\inetpub\wwwroot\plugins\system\nnframework\helpers\tags.php --> ftp3.ftptoyoursite.com /web/content/SITEBACKUP_962012/plugins/system/nnframework/helpers tags.php
2012.09.06 15:16 B C:\inetpub\wwwroot\plugins\system\nnframework\helpers\text.php --> ftp3.ftptoyoursite.com /web/content/SITEBACKUP_962012/plugins/system/nnframework/helpers text.php
2012.09.06 15:16 B C:\inetpub\wwwroot\plugins\system\nnframework\helpers\versions.php --> ftp3.ftptoyoursite.com /web/content/SITEBACKUP_962012/plugins/system/nnframework/helpers versions.php
2012.09.06 15:16 B C:\inetpub\wwwroot\plugins\system\nnframework\helpers\WS_FTP.LOG --> ftp3.ftptoyoursite.com /web/content/SITEBACKUP_962012/plugins/system/nnframework/helpers WS_FTP.LOG
2012.10.23 09:18 B C:\inetpub\wwwroot\plugins\system\nnframework\helpers\assignments.php --> ftp3.ftptoyoursite.com /web/content/plugins/system/nnframework/helpers assignments.php
2012.10.23 09:18 B C:\inetpub\wwwroot\plugins\system\nnframework\helpers\functions.php --> ftp3.ftptoyoursite.com /web/content/plugins/system/nnframework/helpers functions.php
2012.10.23 09:18 B C:\inetpub\wwwroot\plugins\system\nnframework\helpers\html.php --> ftp3.ftptoyoursite.com /web/content/plugins/system/nnframework/helpers html.php
2012.10.23 09:18 B C:\inetpub\wwwroot\plugins\system\nnframework\helpers\index.html --> ftp3.ftptoyoursite.com /web/content/plugins/system/nnframework/helpers index.html
2012.10.23 09:18 B C:\inetpub\wwwroot\plugins\system\nnframework\helpers\licenses.php --> ftp3.ftptoyoursite.com /web/content/plugins/system/nnframework/helpers licenses.php
2012.10.23 09:18 B C:\inetpub\wwwroot\plugins\system\nnframework\helpers\parameters.php --> ftp3.ftptoyoursite.com /web/content/plugins/system/nnframework/helpers parameters.php
2012.10.23 09:18 B C:\inetpub\wwwroot\plugins\system\nnframework\helpers\protect.php --> ftp3.ftptoyoursite.com /web/content/plugins/system/nnframework/helpers protect.php
2012.10.23 09:18 B C:\inetpub\wwwroot\plugins\system\nnframework\helpers\search.php --> ftp3.ftptoyoursite.com /web/content/plugins/system/nnframework/helpers search.php
2012.10.23 09:18 B C:\inetpub\wwwroot\plugins\system\nnframework\helpers\tags.php --> ftp3.ftptoyoursite.com /web/content/plugins/system/nnframework/helpers tags.php
2012.10.23 09:18 B C:\inetpub\wwwroot\plugins\system\nnframework\helpers\text.php --> ftp3.ftptoyoursite.com /web/content/plugins/system/nnframework/helpers text.php
2012.10.23 09:18 B C:\inetpub\wwwroot\plugins\system\nnframework\helpers\versions.php --> ftp3.ftptoyoursite.com /web/content/plugins/system/nnframework/helpers versions.php
2012.10.23 09:18 B C:\inetpub\wwwroot\plugins\system\nnframework\helpers\WS_FTP.LOG --> ftp3.ftptoyoursite.com /web/content/plugins/system/nnframework/helpers WS_FTP.LOG
2013.02.01 15:04 B C:\inetpub\wwwroot\plugins\system\nnframework\helpers\WS_FTP.LOG <-- Schubert Rackspace /web/content/plugins/system/nnframework/helpers WS_FTP.LOG
