2012.07.25 12:15 B C:\Users\COBRIEN\Desktop\Schubert\components\com_jce\editor\tiny_mce\plugins\visualchars\img\address.gif <-- Schubert Rackspace /web/content/components/com_jce/editor/tiny_mce/plugins/visualchars/img address.gif
2012.07.25 12:15 B C:\Users\COBRIEN\Desktop\Schubert\components\com_jce\editor\tiny_mce\plugins\visualchars\img\blockquote.gif <-- Schubert Rackspace /web/content/components/com_jce/editor/tiny_mce/plugins/visualchars/img blockquote.gif
2012.07.25 12:15 B C:\Users\COBRIEN\Desktop\Schubert\components\com_jce\editor\tiny_mce\plugins\visualchars\img\code.gif <-- Schubert Rackspace /web/content/components/com_jce/editor/tiny_mce/plugins/visualchars/img code.gif
2012.07.25 12:15 B C:\Users\COBRIEN\Desktop\Schubert\components\com_jce\editor\tiny_mce\plugins\visualchars\img\div.gif <-- Schubert Rackspace /web/content/components/com_jce/editor/tiny_mce/plugins/visualchars/img div.gif
2012.07.25 12:15 B C:\Users\COBRIEN\Desktop\Schubert\components\com_jce\editor\tiny_mce\plugins\visualchars\img\h1.gif <-- Schubert Rackspace /web/content/components/com_jce/editor/tiny_mce/plugins/visualchars/img h1.gif
2012.07.25 12:15 B C:\Users\COBRIEN\Desktop\Schubert\components\com_jce\editor\tiny_mce\plugins\visualchars\img\h2.gif <-- Schubert Rackspace /web/content/components/com_jce/editor/tiny_mce/plugins/visualchars/img h2.gif
2012.07.25 12:15 B C:\Users\COBRIEN\Desktop\Schubert\components\com_jce\editor\tiny_mce\plugins\visualchars\img\h3.gif <-- Schubert Rackspace /web/content/components/com_jce/editor/tiny_mce/plugins/visualchars/img h3.gif
2012.07.25 12:15 B C:\Users\COBRIEN\Desktop\Schubert\components\com_jce\editor\tiny_mce\plugins\visualchars\img\h4.gif <-- Schubert Rackspace /web/content/components/com_jce/editor/tiny_mce/plugins/visualchars/img h4.gif
2012.07.25 12:15 B C:\Users\COBRIEN\Desktop\Schubert\components\com_jce\editor\tiny_mce\plugins\visualchars\img\h5.gif <-- Schubert Rackspace /web/content/components/com_jce/editor/tiny_mce/plugins/visualchars/img h5.gif
2012.07.25 12:15 B C:\Users\COBRIEN\Desktop\Schubert\components\com_jce\editor\tiny_mce\plugins\visualchars\img\h6.gif <-- Schubert Rackspace /web/content/components/com_jce/editor/tiny_mce/plugins/visualchars/img h6.gif
2012.07.25 12:15 B C:\Users\COBRIEN\Desktop\Schubert\components\com_jce\editor\tiny_mce\plugins\visualchars\img\index.html <-- Schubert Rackspace /web/content/components/com_jce/editor/tiny_mce/plugins/visualchars/img index.html
2012.07.25 12:15 B C:\Users\COBRIEN\Desktop\Schubert\components\com_jce\editor\tiny_mce\plugins\visualchars\img\ol.gif <-- Schubert Rackspace /web/content/components/com_jce/editor/tiny_mce/plugins/visualchars/img ol.gif
2012.07.25 12:15 B C:\Users\COBRIEN\Desktop\Schubert\components\com_jce\editor\tiny_mce\plugins\visualchars\img\p.gif <-- Schubert Rackspace /web/content/components/com_jce/editor/tiny_mce/plugins/visualchars/img p.gif
2012.07.25 12:15 B C:\Users\COBRIEN\Desktop\Schubert\components\com_jce\editor\tiny_mce\plugins\visualchars\img\pre.gif <-- Schubert Rackspace /web/content/components/com_jce/editor/tiny_mce/plugins/visualchars/img pre.gif
2012.07.25 12:15 B C:\Users\COBRIEN\Desktop\Schubert\components\com_jce\editor\tiny_mce\plugins\visualchars\img\ul.gif <-- Schubert Rackspace /web/content/components/com_jce/editor/tiny_mce/plugins/visualchars/img ul.gif
2012.09.04 10:51 B C:\inetpub\wwwroot\components\com_jce\editor\tiny_mce\plugins\visualchars\img\address.gif --> ftp3.ftptoyoursite.com /web/content/SITE-TEST/components/com_jce/editor/tiny_mce/plugins/visualchars/img address.gif
2012.09.04 10:51 B C:\inetpub\wwwroot\components\com_jce\editor\tiny_mce\plugins\visualchars\img\blockquote.gif --> ftp3.ftptoyoursite.com /web/content/SITE-TEST/components/com_jce/editor/tiny_mce/plugins/visualchars/img blockquote.gif
2012.09.04 10:51 B C:\inetpub\wwwroot\components\com_jce\editor\tiny_mce\plugins\visualchars\img\code.gif --> ftp3.ftptoyoursite.com /web/content/SITE-TEST/components/com_jce/editor/tiny_mce/plugins/visualchars/img code.gif
2012.09.04 10:51 B C:\inetpub\wwwroot\components\com_jce\editor\tiny_mce\plugins\visualchars\img\div.gif --> ftp3.ftptoyoursite.com /web/content/SITE-TEST/components/com_jce/editor/tiny_mce/plugins/visualchars/img div.gif
2012.09.04 10:51 B C:\inetpub\wwwroot\components\com_jce\editor\tiny_mce\plugins\visualchars\img\h1.gif --> ftp3.ftptoyoursite.com /web/content/SITE-TEST/components/com_jce/editor/tiny_mce/plugins/visualchars/img h1.gif
2012.09.04 10:51 B C:\inetpub\wwwroot\components\com_jce\editor\tiny_mce\plugins\visualchars\img\h2.gif --> ftp3.ftptoyoursite.com /web/content/SITE-TEST/components/com_jce/editor/tiny_mce/plugins/visualchars/img h2.gif
2012.09.04 10:51 B C:\inetpub\wwwroot\components\com_jce\editor\tiny_mce\plugins\visualchars\img\h3.gif --> ftp3.ftptoyoursite.com /web/content/SITE-TEST/components/com_jce/editor/tiny_mce/plugins/visualchars/img h3.gif
2012.09.04 10:51 B C:\inetpub\wwwroot\components\com_jce\editor\tiny_mce\plugins\visualchars\img\h4.gif --> ftp3.ftptoyoursite.com /web/content/SITE-TEST/components/com_jce/editor/tiny_mce/plugins/visualchars/img h4.gif
2012.09.04 10:51 B C:\inetpub\wwwroot\components\com_jce\editor\tiny_mce\plugins\visualchars\img\h5.gif --> ftp3.ftptoyoursite.com /web/content/SITE-TEST/components/com_jce/editor/tiny_mce/plugins/visualchars/img h5.gif
2012.09.04 10:51 B C:\inetpub\wwwroot\components\com_jce\editor\tiny_mce\plugins\visualchars\img\h6.gif --> ftp3.ftptoyoursite.com /web/content/SITE-TEST/components/com_jce/editor/tiny_mce/plugins/visualchars/img h6.gif
2012.09.04 10:51 B C:\inetpub\wwwroot\components\com_jce\editor\tiny_mce\plugins\visualchars\img\index.html --> ftp3.ftptoyoursite.com /web/content/SITE-TEST/components/com_jce/editor/tiny_mce/plugins/visualchars/img index.html
2012.09.04 10:51 B C:\inetpub\wwwroot\components\com_jce\editor\tiny_mce\plugins\visualchars\img\ol.gif --> ftp3.ftptoyoursite.com /web/content/SITE-TEST/components/com_jce/editor/tiny_mce/plugins/visualchars/img ol.gif
2012.09.04 10:51 B C:\inetpub\wwwroot\components\com_jce\editor\tiny_mce\plugins\visualchars\img\p.gif --> ftp3.ftptoyoursite.com /web/content/SITE-TEST/components/com_jce/editor/tiny_mce/plugins/visualchars/img p.gif
2012.09.04 10:51 B C:\inetpub\wwwroot\components\com_jce\editor\tiny_mce\plugins\visualchars\img\pre.gif --> ftp3.ftptoyoursite.com /web/content/SITE-TEST/components/com_jce/editor/tiny_mce/plugins/visualchars/img pre.gif
2012.09.04 10:51 B C:\inetpub\wwwroot\components\com_jce\editor\tiny_mce\plugins\visualchars\img\ul.gif --> ftp3.ftptoyoursite.com /web/content/SITE-TEST/components/com_jce/editor/tiny_mce/plugins/visualchars/img ul.gif
2012.09.04 10:51 B C:\inetpub\wwwroot\components\com_jce\editor\tiny_mce\plugins\visualchars\img\WS_FTP.LOG --> ftp3.ftptoyoursite.com /web/content/SITE-TEST/components/com_jce/editor/tiny_mce/plugins/visualchars/img WS_FTP.LOG
2012.09.06 15:08 B C:\inetpub\wwwroot\components\com_jce\editor\tiny_mce\plugins\visualchars\img\address.gif --> ftp3.ftptoyoursite.com /web/content/SITEBACKUP_962012/components/com_jce/editor/tiny_mce/plugins/visualchars/img address.gif
2012.09.06 15:08 B C:\inetpub\wwwroot\components\com_jce\editor\tiny_mce\plugins\visualchars\img\blockquote.gif --> ftp3.ftptoyoursite.com /web/content/SITEBACKUP_962012/components/com_jce/editor/tiny_mce/plugins/visualchars/img blockquote.gif
2012.09.06 15:08 B C:\inetpub\wwwroot\components\com_jce\editor\tiny_mce\plugins\visualchars\img\code.gif --> ftp3.ftptoyoursite.com /web/content/SITEBACKUP_962012/components/com_jce/editor/tiny_mce/plugins/visualchars/img code.gif
2012.09.06 15:08 B C:\inetpub\wwwroot\components\com_jce\editor\tiny_mce\plugins\visualchars\img\div.gif --> ftp3.ftptoyoursite.com /web/content/SITEBACKUP_962012/components/com_jce/editor/tiny_mce/plugins/visualchars/img div.gif
2012.09.06 15:08 B C:\inetpub\wwwroot\components\com_jce\editor\tiny_mce\plugins\visualchars\img\h1.gif --> ftp3.ftptoyoursite.com /web/content/SITEBACKUP_962012/components/com_jce/editor/tiny_mce/plugins/visualchars/img h1.gif
2012.09.06 15:08 B C:\inetpub\wwwroot\components\com_jce\editor\tiny_mce\plugins\visualchars\img\h2.gif --> ftp3.ftptoyoursite.com /web/content/SITEBACKUP_962012/components/com_jce/editor/tiny_mce/plugins/visualchars/img h2.gif
2012.09.06 15:08 B C:\inetpub\wwwroot\components\com_jce\editor\tiny_mce\plugins\visualchars\img\h3.gif --> ftp3.ftptoyoursite.com /web/content/SITEBACKUP_962012/components/com_jce/editor/tiny_mce/plugins/visualchars/img h3.gif
2012.09.06 15:08 B C:\inetpub\wwwroot\components\com_jce\editor\tiny_mce\plugins\visualchars\img\h4.gif --> ftp3.ftptoyoursite.com /web/content/SITEBACKUP_962012/components/com_jce/editor/tiny_mce/plugins/visualchars/img h4.gif
2012.09.06 15:08 B C:\inetpub\wwwroot\components\com_jce\editor\tiny_mce\plugins\visualchars\img\h5.gif --> ftp3.ftptoyoursite.com /web/content/SITEBACKUP_962012/components/com_jce/editor/tiny_mce/plugins/visualchars/img h5.gif
2012.09.06 15:08 B C:\inetpub\wwwroot\components\com_jce\editor\tiny_mce\plugins\visualchars\img\h6.gif --> ftp3.ftptoyoursite.com /web/content/SITEBACKUP_962012/components/com_jce/editor/tiny_mce/plugins/visualchars/img h6.gif
2012.09.06 15:08 B C:\inetpub\wwwroot\components\com_jce\editor\tiny_mce\plugins\visualchars\img\index.html --> ftp3.ftptoyoursite.com /web/content/SITEBACKUP_962012/components/com_jce/editor/tiny_mce/plugins/visualchars/img index.html
2012.09.06 15:08 B C:\inetpub\wwwroot\components\com_jce\editor\tiny_mce\plugins\visualchars\img\ol.gif --> ftp3.ftptoyoursite.com /web/content/SITEBACKUP_962012/components/com_jce/editor/tiny_mce/plugins/visualchars/img ol.gif
2012.09.06 15:08 B C:\inetpub\wwwroot\components\com_jce\editor\tiny_mce\plugins\visualchars\img\p.gif --> ftp3.ftptoyoursite.com /web/content/SITEBACKUP_962012/components/com_jce/editor/tiny_mce/plugins/visualchars/img p.gif
2012.09.06 15:08 B C:\inetpub\wwwroot\components\com_jce\editor\tiny_mce\plugins\visualchars\img\pre.gif --> ftp3.ftptoyoursite.com /web/content/SITEBACKUP_962012/components/com_jce/editor/tiny_mce/plugins/visualchars/img pre.gif
2012.09.06 15:08 B C:\inetpub\wwwroot\components\com_jce\editor\tiny_mce\plugins\visualchars\img\ul.gif --> ftp3.ftptoyoursite.com /web/content/SITEBACKUP_962012/components/com_jce/editor/tiny_mce/plugins/visualchars/img ul.gif
2012.09.06 15:08 B C:\inetpub\wwwroot\components\com_jce\editor\tiny_mce\plugins\visualchars\img\WS_FTP.LOG --> ftp3.ftptoyoursite.com /web/content/SITEBACKUP_962012/components/com_jce/editor/tiny_mce/plugins/visualchars/img WS_FTP.LOG
2012.09.06 15:49 B C:\inetpub\wwwroot\components\com_jce\editor\tiny_mce\plugins\visualchars\img\address.gif <-- Schubert Rackspace /web/content/SITEBACKUP_962012/components/com_jce/editor/tiny_mce/plugins/visualchars/img address.gif
2012.09.06 15:49 B C:\inetpub\wwwroot\components\com_jce\editor\tiny_mce\plugins\visualchars\img\blockquote.gif <-- Schubert Rackspace /web/content/SITEBACKUP_962012/components/com_jce/editor/tiny_mce/plugins/visualchars/img blockquote.gif
2012.09.06 15:49 B C:\inetpub\wwwroot\components\com_jce\editor\tiny_mce\plugins\visualchars\img\code.gif <-- Schubert Rackspace /web/content/SITEBACKUP_962012/components/com_jce/editor/tiny_mce/plugins/visualchars/img code.gif
2012.09.06 15:49 B C:\inetpub\wwwroot\components\com_jce\editor\tiny_mce\plugins\visualchars\img\div.gif <-- Schubert Rackspace /web/content/SITEBACKUP_962012/components/com_jce/editor/tiny_mce/plugins/visualchars/img div.gif
2012.09.06 15:49 B C:\inetpub\wwwroot\components\com_jce\editor\tiny_mce\plugins\visualchars\img\h1.gif <-- Schubert Rackspace /web/content/SITEBACKUP_962012/components/com_jce/editor/tiny_mce/plugins/visualchars/img h1.gif
2012.09.06 15:49 B C:\inetpub\wwwroot\components\com_jce\editor\tiny_mce\plugins\visualchars\img\h2.gif <-- Schubert Rackspace /web/content/SITEBACKUP_962012/components/com_jce/editor/tiny_mce/plugins/visualchars/img h2.gif
2012.09.06 15:49 B C:\inetpub\wwwroot\components\com_jce\editor\tiny_mce\plugins\visualchars\img\h3.gif <-- Schubert Rackspace /web/content/SITEBACKUP_962012/components/com_jce/editor/tiny_mce/plugins/visualchars/img h3.gif
2012.09.06 15:49 B C:\inetpub\wwwroot\components\com_jce\editor\tiny_mce\plugins\visualchars\img\h4.gif <-- Schubert Rackspace /web/content/SITEBACKUP_962012/components/com_jce/editor/tiny_mce/plugins/visualchars/img h4.gif
2012.09.06 15:49 B C:\inetpub\wwwroot\components\com_jce\editor\tiny_mce\plugins\visualchars\img\h5.gif <-- Schubert Rackspace /web/content/SITEBACKUP_962012/components/com_jce/editor/tiny_mce/plugins/visualchars/img h5.gif
2012.09.06 15:49 B C:\inetpub\wwwroot\components\com_jce\editor\tiny_mce\plugins\visualchars\img\h6.gif <-- Schubert Rackspace /web/content/SITEBACKUP_962012/components/com_jce/editor/tiny_mce/plugins/visualchars/img h6.gif
2012.09.06 15:49 B C:\inetpub\wwwroot\components\com_jce\editor\tiny_mce\plugins\visualchars\img\index.html <-- Schubert Rackspace /web/content/SITEBACKUP_962012/components/com_jce/editor/tiny_mce/plugins/visualchars/img index.html
2012.09.06 15:49 B C:\inetpub\wwwroot\components\com_jce\editor\tiny_mce\plugins\visualchars\img\ol.gif <-- Schubert Rackspace /web/content/SITEBACKUP_962012/components/com_jce/editor/tiny_mce/plugins/visualchars/img ol.gif
2012.09.06 15:49 B C:\inetpub\wwwroot\components\com_jce\editor\tiny_mce\plugins\visualchars\img\p.gif <-- Schubert Rackspace /web/content/SITEBACKUP_962012/components/com_jce/editor/tiny_mce/plugins/visualchars/img p.gif
2012.09.06 15:49 B C:\inetpub\wwwroot\components\com_jce\editor\tiny_mce\plugins\visualchars\img\pre.gif <-- Schubert Rackspace /web/content/SITEBACKUP_962012/components/com_jce/editor/tiny_mce/plugins/visualchars/img pre.gif
2012.09.06 15:49 B C:\inetpub\wwwroot\components\com_jce\editor\tiny_mce\plugins\visualchars\img\ul.gif <-- Schubert Rackspace /web/content/SITEBACKUP_962012/components/com_jce/editor/tiny_mce/plugins/visualchars/img ul.gif
2012.10.23 09:12 B C:\inetpub\wwwroot\components\com_jce\editor\tiny_mce\plugins\visualchars\img\address.gif --> ftp3.ftptoyoursite.com /web/content/components/com_jce/editor/tiny_mce/plugins/visualchars/img address.gif
2012.10.23 09:12 B C:\inetpub\wwwroot\components\com_jce\editor\tiny_mce\plugins\visualchars\img\blockquote.gif --> ftp3.ftptoyoursite.com /web/content/components/com_jce/editor/tiny_mce/plugins/visualchars/img blockquote.gif
2012.10.23 09:12 B C:\inetpub\wwwroot\components\com_jce\editor\tiny_mce\plugins\visualchars\img\code.gif --> ftp3.ftptoyoursite.com /web/content/components/com_jce/editor/tiny_mce/plugins/visualchars/img code.gif
2012.10.23 09:12 B C:\inetpub\wwwroot\components\com_jce\editor\tiny_mce\plugins\visualchars\img\div.gif --> ftp3.ftptoyoursite.com /web/content/components/com_jce/editor/tiny_mce/plugins/visualchars/img div.gif
2012.10.23 09:12 B C:\inetpub\wwwroot\components\com_jce\editor\tiny_mce\plugins\visualchars\img\h1.gif --> ftp3.ftptoyoursite.com /web/content/components/com_jce/editor/tiny_mce/plugins/visualchars/img h1.gif
2012.10.23 09:12 B C:\inetpub\wwwroot\components\com_jce\editor\tiny_mce\plugins\visualchars\img\h2.gif --> ftp3.ftptoyoursite.com /web/content/components/com_jce/editor/tiny_mce/plugins/visualchars/img h2.gif
2012.10.23 09:12 B C:\inetpub\wwwroot\components\com_jce\editor\tiny_mce\plugins\visualchars\img\h3.gif --> ftp3.ftptoyoursite.com /web/content/components/com_jce/editor/tiny_mce/plugins/visualchars/img h3.gif
2012.10.23 09:12 B C:\inetpub\wwwroot\components\com_jce\editor\tiny_mce\plugins\visualchars\img\h4.gif --> ftp3.ftptoyoursite.com /web/content/components/com_jce/editor/tiny_mce/plugins/visualchars/img h4.gif
2012.10.23 09:12 B C:\inetpub\wwwroot\components\com_jce\editor\tiny_mce\plugins\visualchars\img\h5.gif --> ftp3.ftptoyoursite.com /web/content/components/com_jce/editor/tiny_mce/plugins/visualchars/img h5.gif
2012.10.23 09:12 B C:\inetpub\wwwroot\components\com_jce\editor\tiny_mce\plugins\visualchars\img\h6.gif --> ftp3.ftptoyoursite.com /web/content/components/com_jce/editor/tiny_mce/plugins/visualchars/img h6.gif
2012.10.23 09:12 B C:\inetpub\wwwroot\components\com_jce\editor\tiny_mce\plugins\visualchars\img\index.html --> ftp3.ftptoyoursite.com /web/content/components/com_jce/editor/tiny_mce/plugins/visualchars/img index.html
2012.10.23 09:12 B C:\inetpub\wwwroot\components\com_jce\editor\tiny_mce\plugins\visualchars\img\ol.gif --> ftp3.ftptoyoursite.com /web/content/components/com_jce/editor/tiny_mce/plugins/visualchars/img ol.gif
2012.10.23 09:12 B C:\inetpub\wwwroot\components\com_jce\editor\tiny_mce\plugins\visualchars\img\p.gif --> ftp3.ftptoyoursite.com /web/content/components/com_jce/editor/tiny_mce/plugins/visualchars/img p.gif
2012.10.23 09:12 B C:\inetpub\wwwroot\components\com_jce\editor\tiny_mce\plugins\visualchars\img\pre.gif --> ftp3.ftptoyoursite.com /web/content/components/com_jce/editor/tiny_mce/plugins/visualchars/img pre.gif
2012.10.23 09:12 B C:\inetpub\wwwroot\components\com_jce\editor\tiny_mce\plugins\visualchars\img\ul.gif --> ftp3.ftptoyoursite.com /web/content/components/com_jce/editor/tiny_mce/plugins/visualchars/img ul.gif
2012.10.23 09:12 B C:\inetpub\wwwroot\components\com_jce\editor\tiny_mce\plugins\visualchars\img\WS_FTP.LOG --> ftp3.ftptoyoursite.com /web/content/components/com_jce/editor/tiny_mce/plugins/visualchars/img WS_FTP.LOG
2013.02.01 14:49 B C:\inetpub\wwwroot\components\com_jce\editor\tiny_mce\plugins\visualchars\img\WS_FTP.LOG <-- Schubert Rackspace /web/content/components/com_jce/editor/tiny_mce/plugins/visualchars/img WS_FTP.LOG
