2012.07.25 12:20 B C:\Users\COBRIEN\Desktop\Schubert\plugins\system\nnframework\images\button_blank.png <-- Schubert Rackspace /web/content/plugins/system/nnframework/images button_blank.png
2012.07.25 12:20 B C:\Users\COBRIEN\Desktop\Schubert\plugins\system\nnframework\images\button_left.png <-- Schubert Rackspace /web/content/plugins/system/nnframework/images button_left.png
2012.07.25 12:20 B C:\Users\COBRIEN\Desktop\Schubert\plugins\system\nnframework\images\button_right_apply.png <-- Schubert Rackspace /web/content/plugins/system/nnframework/images button_right_apply.png
2012.07.25 12:20 B C:\Users\COBRIEN\Desktop\Schubert\plugins\system\nnframework\images\button_right_cancel.png <-- Schubert Rackspace /web/content/plugins/system/nnframework/images button_right_cancel.png
2012.07.25 12:20 B C:\Users\COBRIEN\Desktop\Schubert\plugins\system\nnframework\images\close.png <-- Schubert Rackspace /web/content/plugins/system/nnframework/images close.png
2012.07.25 12:20 B C:\Users\COBRIEN\Desktop\Schubert\plugins\system\nnframework\images\disabled.png <-- Schubert Rackspace /web/content/plugins/system/nnframework/images disabled.png
2012.07.25 12:20 B C:\Users\COBRIEN\Desktop\Schubert\plugins\system\nnframework\images\disabled_l.png <-- Schubert Rackspace /web/content/plugins/system/nnframework/images disabled_l.png
2012.07.25 12:20 B C:\Users\COBRIEN\Desktop\Schubert\plugins\system\nnframework\images\icon-32-cancel.png <-- Schubert Rackspace /web/content/plugins/system/nnframework/images icon-32-cancel.png
2012.07.25 12:20 B C:\Users\COBRIEN\Desktop\Schubert\plugins\system\nnframework\images\icon-32-config.png <-- Schubert Rackspace /web/content/plugins/system/nnframework/images icon-32-config.png
2012.07.25 12:20 B C:\Users\COBRIEN\Desktop\Schubert\plugins\system\nnframework\images\icon-32-copy.png <-- Schubert Rackspace /web/content/plugins/system/nnframework/images icon-32-copy.png
2012.07.25 12:20 B C:\Users\COBRIEN\Desktop\Schubert\plugins\system\nnframework\images\icon-32-delete.png <-- Schubert Rackspace /web/content/plugins/system/nnframework/images icon-32-delete.png
2012.07.25 12:20 B C:\Users\COBRIEN\Desktop\Schubert\plugins\system\nnframework\images\icon-32-edit.png <-- Schubert Rackspace /web/content/plugins/system/nnframework/images icon-32-edit.png
2012.07.25 12:20 B C:\Users\COBRIEN\Desktop\Schubert\plugins\system\nnframework\images\icon-32-export.png <-- Schubert Rackspace /web/content/plugins/system/nnframework/images icon-32-export.png
2012.07.25 12:20 B C:\Users\COBRIEN\Desktop\Schubert\plugins\system\nnframework\images\icon-32-export2.png <-- Schubert Rackspace /web/content/plugins/system/nnframework/images icon-32-export2.png
2012.07.25 12:20 B C:\Users\COBRIEN\Desktop\Schubert\plugins\system\nnframework\images\icon-32-help.png <-- Schubert Rackspace /web/content/plugins/system/nnframework/images icon-32-help.png
2012.07.25 12:20 B C:\Users\COBRIEN\Desktop\Schubert\plugins\system\nnframework\images\icon-32-import.png <-- Schubert Rackspace /web/content/plugins/system/nnframework/images icon-32-import.png
2012.07.25 12:20 B C:\Users\COBRIEN\Desktop\Schubert\plugins\system\nnframework\images\icon-32-import2.png <-- Schubert Rackspace /web/content/plugins/system/nnframework/images icon-32-import2.png
2012.07.25 12:20 B C:\Users\COBRIEN\Desktop\Schubert\plugins\system\nnframework\images\icon-32-new.png <-- Schubert Rackspace /web/content/plugins/system/nnframework/images icon-32-new.png
2012.07.25 12:20 B C:\Users\COBRIEN\Desktop\Schubert\plugins\system\nnframework\images\icon-32-publish.png <-- Schubert Rackspace /web/content/plugins/system/nnframework/images icon-32-publish.png
2012.07.25 12:20 B C:\Users\COBRIEN\Desktop\Schubert\plugins\system\nnframework\images\icon-32-save-apply.png <-- Schubert Rackspace /web/content/plugins/system/nnframework/images icon-32-save-apply.png
2012.07.25 12:20 B C:\Users\COBRIEN\Desktop\Schubert\plugins\system\nnframework\images\icon-32-save-apply2.png <-- Schubert Rackspace /web/content/plugins/system/nnframework/images icon-32-save-apply2.png
2012.07.25 12:20 B C:\Users\COBRIEN\Desktop\Schubert\plugins\system\nnframework\images\icon-32-save-close.png <-- Schubert Rackspace /web/content/plugins/system/nnframework/images icon-32-save-close.png
2012.07.25 12:20 B C:\Users\COBRIEN\Desktop\Schubert\plugins\system\nnframework\images\icon-32-save-close2.png <-- Schubert Rackspace /web/content/plugins/system/nnframework/images icon-32-save-close2.png
2012.07.25 12:20 B C:\Users\COBRIEN\Desktop\Schubert\plugins\system\nnframework\images\icon-32-save-copy.png <-- Schubert Rackspace /web/content/plugins/system/nnframework/images icon-32-save-copy.png
2012.07.25 12:20 B C:\Users\COBRIEN\Desktop\Schubert\plugins\system\nnframework\images\icon-32-save-new.png <-- Schubert Rackspace /web/content/plugins/system/nnframework/images icon-32-save-new.png
2012.07.25 12:20 B C:\Users\COBRIEN\Desktop\Schubert\plugins\system\nnframework\images\icon-32-save-new2.png <-- Schubert Rackspace /web/content/plugins/system/nnframework/images icon-32-save-new2.png
2012.07.25 12:20 B C:\Users\COBRIEN\Desktop\Schubert\plugins\system\nnframework\images\icon-32-unpublish.png <-- Schubert Rackspace /web/content/plugins/system/nnframework/images icon-32-unpublish.png
2012.07.25 12:20 B C:\Users\COBRIEN\Desktop\Schubert\plugins\system\nnframework\images\icons-16_ap3.png <-- Schubert Rackspace /web/content/plugins/system/nnframework/images icons-16_ap3.png
2012.07.25 12:20 B C:\Users\COBRIEN\Desktop\Schubert\plugins\system\nnframework\images\icons-24_ap3.png <-- Schubert Rackspace /web/content/plugins/system/nnframework/images icons-24_ap3.png
2012.07.25 12:20 B C:\Users\COBRIEN\Desktop\Schubert\plugins\system\nnframework\images\icons-32_ap3.png <-- Schubert Rackspace /web/content/plugins/system/nnframework/images icons-32_ap3.png
2012.07.25 12:20 B C:\Users\COBRIEN\Desktop\Schubert\plugins\system\nnframework\images\index.html <-- Schubert Rackspace /web/content/plugins/system/nnframework/images index.html
2012.07.25 12:20 B C:\Users\COBRIEN\Desktop\Schubert\plugins\system\nnframework\images\loading.gif <-- Schubert Rackspace /web/content/plugins/system/nnframework/images loading.gif
2012.07.25 12:20 B C:\Users\COBRIEN\Desktop\Schubert\plugins\system\nnframework\images\publish_g.png <-- Schubert Rackspace /web/content/plugins/system/nnframework/images publish_g.png
2012.07.25 12:20 B C:\Users\COBRIEN\Desktop\Schubert\plugins\system\nnframework\images\publish_g_l.png <-- Schubert Rackspace /web/content/plugins/system/nnframework/images publish_g_l.png
2012.07.25 12:20 B C:\Users\COBRIEN\Desktop\Schubert\plugins\system\nnframework\images\publish_r.png <-- Schubert Rackspace /web/content/plugins/system/nnframework/images publish_r.png
2012.07.25 12:20 B C:\Users\COBRIEN\Desktop\Schubert\plugins\system\nnframework\images\publish_r_l.png <-- Schubert Rackspace /web/content/plugins/system/nnframework/images publish_r_l.png
2012.07.25 12:20 B C:\Users\COBRIEN\Desktop\Schubert\plugins\system\nnframework\images\publish_x.png <-- Schubert Rackspace /web/content/plugins/system/nnframework/images publish_x.png
2012.07.25 12:20 B C:\Users\COBRIEN\Desktop\Schubert\plugins\system\nnframework\images\publish_x_l.png <-- Schubert Rackspace /web/content/plugins/system/nnframework/images publish_x_l.png
2012.07.25 12:20 B C:\Users\COBRIEN\Desktop\Schubert\plugins\system\nnframework\images\publish_y.png <-- Schubert Rackspace /web/content/plugins/system/nnframework/images publish_y.png
2012.07.25 12:20 B C:\Users\COBRIEN\Desktop\Schubert\plugins\system\nnframework\images\publish_y_l.png <-- Schubert Rackspace /web/content/plugins/system/nnframework/images publish_y_l.png
2012.07.25 12:20 B C:\Users\COBRIEN\Desktop\Schubert\plugins\system\nnframework\images\state_advanced.png <-- Schubert Rackspace /web/content/plugins/system/nnframework/images state_advanced.png
2012.07.25 12:20 B C:\Users\COBRIEN\Desktop\Schubert\plugins\system\nnframework\images\state_normal.png <-- Schubert Rackspace /web/content/plugins/system/nnframework/images state_normal.png
2012.07.25 12:20 B C:\Users\COBRIEN\Desktop\Schubert\plugins\system\nnframework\images\state_simple.png <-- Schubert Rackspace /web/content/plugins/system/nnframework/images state_simple.png
2012.07.25 12:20 B C:\Users\COBRIEN\Desktop\Schubert\plugins\system\nnframework\images\status.png <-- Schubert Rackspace /web/content/plugins/system/nnframework/images status.png
2012.07.25 12:20 B C:\Users\COBRIEN\Desktop\Schubert\plugins\system\nnframework\images\status2.png <-- Schubert Rackspace /web/content/plugins/system/nnframework/images status2.png
2012.07.25 12:20 B C:\Users\COBRIEN\Desktop\Schubert\plugins\system\nnframework\images\tick.png <-- Schubert Rackspace /web/content/plugins/system/nnframework/images tick.png
2012.07.25 12:20 B C:\Users\COBRIEN\Desktop\Schubert\plugins\system\nnframework\images\tick_l.png <-- Schubert Rackspace /web/content/plugins/system/nnframework/images tick_l.png
2012.09.04 10:58 B C:\inetpub\wwwroot\plugins\system\nnframework\images\button_blank.png --> ftp3.ftptoyoursite.com /web/content/SITE-TEST/plugins/system/nnframework/images button_blank.png
2012.09.04 10:58 B C:\inetpub\wwwroot\plugins\system\nnframework\images\button_left.png --> ftp3.ftptoyoursite.com /web/content/SITE-TEST/plugins/system/nnframework/images button_left.png
2012.09.04 10:58 B C:\inetpub\wwwroot\plugins\system\nnframework\images\button_right_apply.png --> ftp3.ftptoyoursite.com /web/content/SITE-TEST/plugins/system/nnframework/images button_right_apply.png
2012.09.04 10:58 B C:\inetpub\wwwroot\plugins\system\nnframework\images\button_right_cancel.png --> ftp3.ftptoyoursite.com /web/content/SITE-TEST/plugins/system/nnframework/images button_right_cancel.png
2012.09.04 10:58 B C:\inetpub\wwwroot\plugins\system\nnframework\images\close.png --> ftp3.ftptoyoursite.com /web/content/SITE-TEST/plugins/system/nnframework/images close.png
2012.09.04 10:58 B C:\inetpub\wwwroot\plugins\system\nnframework\images\disabled.png --> ftp3.ftptoyoursite.com /web/content/SITE-TEST/plugins/system/nnframework/images disabled.png
2012.09.04 10:58 B C:\inetpub\wwwroot\plugins\system\nnframework\images\disabled_l.png --> ftp3.ftptoyoursite.com /web/content/SITE-TEST/plugins/system/nnframework/images disabled_l.png
2012.09.04 10:58 B C:\inetpub\wwwroot\plugins\system\nnframework\images\icon-32-cancel.png --> ftp3.ftptoyoursite.com /web/content/SITE-TEST/plugins/system/nnframework/images icon-32-cancel.png
2012.09.04 10:58 B C:\inetpub\wwwroot\plugins\system\nnframework\images\icon-32-config.png --> ftp3.ftptoyoursite.com /web/content/SITE-TEST/plugins/system/nnframework/images icon-32-config.png
2012.09.04 10:58 B C:\inetpub\wwwroot\plugins\system\nnframework\images\icon-32-copy.png --> ftp3.ftptoyoursite.com /web/content/SITE-TEST/plugins/system/nnframework/images icon-32-copy.png
2012.09.04 10:58 B C:\inetpub\wwwroot\plugins\system\nnframework\images\icon-32-delete.png --> ftp3.ftptoyoursite.com /web/content/SITE-TEST/plugins/system/nnframework/images icon-32-delete.png
2012.09.04 10:58 B C:\inetpub\wwwroot\plugins\system\nnframework\images\icon-32-edit.png --> ftp3.ftptoyoursite.com /web/content/SITE-TEST/plugins/system/nnframework/images icon-32-edit.png
2012.09.04 10:58 B C:\inetpub\wwwroot\plugins\system\nnframework\images\icon-32-export.png --> ftp3.ftptoyoursite.com /web/content/SITE-TEST/plugins/system/nnframework/images icon-32-export.png
2012.09.04 10:58 B C:\inetpub\wwwroot\plugins\system\nnframework\images\icon-32-export2.png --> ftp3.ftptoyoursite.com /web/content/SITE-TEST/plugins/system/nnframework/images icon-32-export2.png
2012.09.04 10:58 B C:\inetpub\wwwroot\plugins\system\nnframework\images\icon-32-help.png --> ftp3.ftptoyoursite.com /web/content/SITE-TEST/plugins/system/nnframework/images icon-32-help.png
2012.09.04 10:58 B C:\inetpub\wwwroot\plugins\system\nnframework\images\icon-32-import.png --> ftp3.ftptoyoursite.com /web/content/SITE-TEST/plugins/system/nnframework/images icon-32-import.png
2012.09.04 10:58 B C:\inetpub\wwwroot\plugins\system\nnframework\images\icon-32-import2.png --> ftp3.ftptoyoursite.com /web/content/SITE-TEST/plugins/system/nnframework/images icon-32-import2.png
2012.09.04 10:58 B C:\inetpub\wwwroot\plugins\system\nnframework\images\icon-32-new.png --> ftp3.ftptoyoursite.com /web/content/SITE-TEST/plugins/system/nnframework/images icon-32-new.png
2012.09.04 10:58 B C:\inetpub\wwwroot\plugins\system\nnframework\images\icon-32-publish.png --> ftp3.ftptoyoursite.com /web/content/SITE-TEST/plugins/system/nnframework/images icon-32-publish.png
2012.09.04 10:58 B C:\inetpub\wwwroot\plugins\system\nnframework\images\icon-32-save-apply.png --> ftp3.ftptoyoursite.com /web/content/SITE-TEST/plugins/system/nnframework/images icon-32-save-apply.png
2012.09.04 10:58 B C:\inetpub\wwwroot\plugins\system\nnframework\images\icon-32-save-apply2.png --> ftp3.ftptoyoursite.com /web/content/SITE-TEST/plugins/system/nnframework/images icon-32-save-apply2.png
2012.09.04 10:58 B C:\inetpub\wwwroot\plugins\system\nnframework\images\icon-32-save-close.png --> ftp3.ftptoyoursite.com /web/content/SITE-TEST/plugins/system/nnframework/images icon-32-save-close.png
2012.09.04 10:58 B C:\inetpub\wwwroot\plugins\system\nnframework\images\icon-32-save-close2.png --> ftp3.ftptoyoursite.com /web/content/SITE-TEST/plugins/system/nnframework/images icon-32-save-close2.png
2012.09.04 10:58 B C:\inetpub\wwwroot\plugins\system\nnframework\images\icon-32-save-copy.png --> ftp3.ftptoyoursite.com /web/content/SITE-TEST/plugins/system/nnframework/images icon-32-save-copy.png
2012.09.04 10:58 B C:\inetpub\wwwroot\plugins\system\nnframework\images\icon-32-save-new.png --> ftp3.ftptoyoursite.com /web/content/SITE-TEST/plugins/system/nnframework/images icon-32-save-new.png
2012.09.04 10:58 B C:\inetpub\wwwroot\plugins\system\nnframework\images\icon-32-save-new2.png --> ftp3.ftptoyoursite.com /web/content/SITE-TEST/plugins/system/nnframework/images icon-32-save-new2.png
2012.09.04 10:58 B C:\inetpub\wwwroot\plugins\system\nnframework\images\icon-32-unpublish.png --> ftp3.ftptoyoursite.com /web/content/SITE-TEST/plugins/system/nnframework/images icon-32-unpublish.png
2012.09.04 10:58 B C:\inetpub\wwwroot\plugins\system\nnframework\images\icons-16_ap3.png --> ftp3.ftptoyoursite.com /web/content/SITE-TEST/plugins/system/nnframework/images icons-16_ap3.png
2012.09.04 10:58 B C:\inetpub\wwwroot\plugins\system\nnframework\images\icons-24_ap3.png --> ftp3.ftptoyoursite.com /web/content/SITE-TEST/plugins/system/nnframework/images icons-24_ap3.png
2012.09.04 10:58 B C:\inetpub\wwwroot\plugins\system\nnframework\images\icons-32_ap3.png --> ftp3.ftptoyoursite.com /web/content/SITE-TEST/plugins/system/nnframework/images icons-32_ap3.png
2012.09.04 10:58 B C:\inetpub\wwwroot\plugins\system\nnframework\images\index.html --> ftp3.ftptoyoursite.com /web/content/SITE-TEST/plugins/system/nnframework/images index.html
2012.09.04 10:58 B C:\inetpub\wwwroot\plugins\system\nnframework\images\loading.gif --> ftp3.ftptoyoursite.com /web/content/SITE-TEST/plugins/system/nnframework/images loading.gif
2012.09.04 10:58 B C:\inetpub\wwwroot\plugins\system\nnframework\images\publish_g.png --> ftp3.ftptoyoursite.com /web/content/SITE-TEST/plugins/system/nnframework/images publish_g.png
2012.09.04 10:58 B C:\inetpub\wwwroot\plugins\system\nnframework\images\publish_g_l.png --> ftp3.ftptoyoursite.com /web/content/SITE-TEST/plugins/system/nnframework/images publish_g_l.png
2012.09.04 10:58 B C:\inetpub\wwwroot\plugins\system\nnframework\images\publish_r.png --> ftp3.ftptoyoursite.com /web/content/SITE-TEST/plugins/system/nnframework/images publish_r.png
2012.09.04 10:58 B C:\inetpub\wwwroot\plugins\system\nnframework\images\publish_r_l.png --> ftp3.ftptoyoursite.com /web/content/SITE-TEST/plugins/system/nnframework/images publish_r_l.png
2012.09.04 10:58 B C:\inetpub\wwwroot\plugins\system\nnframework\images\publish_x.png --> ftp3.ftptoyoursite.com /web/content/SITE-TEST/plugins/system/nnframework/images publish_x.png
2012.09.04 10:58 B C:\inetpub\wwwroot\plugins\system\nnframework\images\publish_x_l.png --> ftp3.ftptoyoursite.com /web/content/SITE-TEST/plugins/system/nnframework/images publish_x_l.png
2012.09.04 10:58 B C:\inetpub\wwwroot\plugins\system\nnframework\images\publish_y.png --> ftp3.ftptoyoursite.com /web/content/SITE-TEST/plugins/system/nnframework/images publish_y.png
2012.09.04 10:58 B C:\inetpub\wwwroot\plugins\system\nnframework\images\publish_y_l.png --> ftp3.ftptoyoursite.com /web/content/SITE-TEST/plugins/system/nnframework/images publish_y_l.png
2012.09.04 10:58 B C:\inetpub\wwwroot\plugins\system\nnframework\images\state_advanced.png --> ftp3.ftptoyoursite.com /web/content/SITE-TEST/plugins/system/nnframework/images state_advanced.png
2012.09.04 10:58 B C:\inetpub\wwwroot\plugins\system\nnframework\images\state_normal.png --> ftp3.ftptoyoursite.com /web/content/SITE-TEST/plugins/system/nnframework/images state_normal.png
2012.09.04 10:58 B C:\inetpub\wwwroot\plugins\system\nnframework\images\state_simple.png --> ftp3.ftptoyoursite.com /web/content/SITE-TEST/plugins/system/nnframework/images state_simple.png
2012.09.04 10:58 B C:\inetpub\wwwroot\plugins\system\nnframework\images\status.png --> ftp3.ftptoyoursite.com /web/content/SITE-TEST/plugins/system/nnframework/images status.png
2012.09.04 10:58 B C:\inetpub\wwwroot\plugins\system\nnframework\images\status2.png --> ftp3.ftptoyoursite.com /web/content/SITE-TEST/plugins/system/nnframework/images status2.png
2012.09.04 10:58 B C:\inetpub\wwwroot\plugins\system\nnframework\images\tick.png --> ftp3.ftptoyoursite.com /web/content/SITE-TEST/plugins/system/nnframework/images tick.png
2012.09.04 10:58 B C:\inetpub\wwwroot\plugins\system\nnframework\images\tick_l.png --> ftp3.ftptoyoursite.com /web/content/SITE-TEST/plugins/system/nnframework/images tick_l.png
2012.09.04 10:58 B C:\inetpub\wwwroot\plugins\system\nnframework\images\WS_FTP.LOG --> ftp3.ftptoyoursite.com /web/content/SITE-TEST/plugins/system/nnframework/images WS_FTP.LOG
2012.09.06 15:16 B C:\inetpub\wwwroot\plugins\system\nnframework\images\button_blank.png --> ftp3.ftptoyoursite.com /web/content/SITEBACKUP_962012/plugins/system/nnframework/images button_blank.png
2012.09.06 15:16 B C:\inetpub\wwwroot\plugins\system\nnframework\images\button_left.png --> ftp3.ftptoyoursite.com /web/content/SITEBACKUP_962012/plugins/system/nnframework/images button_left.png
2012.09.06 15:16 B C:\inetpub\wwwroot\plugins\system\nnframework\images\button_right_apply.png --> ftp3.ftptoyoursite.com /web/content/SITEBACKUP_962012/plugins/system/nnframework/images button_right_apply.png
2012.09.06 15:16 B C:\inetpub\wwwroot\plugins\system\nnframework\images\button_right_cancel.png --> ftp3.ftptoyoursite.com /web/content/SITEBACKUP_962012/plugins/system/nnframework/images button_right_cancel.png
2012.09.06 15:16 B C:\inetpub\wwwroot\plugins\system\nnframework\images\close.png --> ftp3.ftptoyoursite.com /web/content/SITEBACKUP_962012/plugins/system/nnframework/images close.png
2012.09.06 15:16 B C:\inetpub\wwwroot\plugins\system\nnframework\images\disabled.png --> ftp3.ftptoyoursite.com /web/content/SITEBACKUP_962012/plugins/system/nnframework/images disabled.png
2012.09.06 15:16 B C:\inetpub\wwwroot\plugins\system\nnframework\images\disabled_l.png --> ftp3.ftptoyoursite.com /web/content/SITEBACKUP_962012/plugins/system/nnframework/images disabled_l.png
2012.09.06 15:16 B C:\inetpub\wwwroot\plugins\system\nnframework\images\icon-32-cancel.png --> ftp3.ftptoyoursite.com /web/content/SITEBACKUP_962012/plugins/system/nnframework/images icon-32-cancel.png
2012.09.06 15:16 B C:\inetpub\wwwroot\plugins\system\nnframework\images\icon-32-config.png --> ftp3.ftptoyoursite.com /web/content/SITEBACKUP_962012/plugins/system/nnframework/images icon-32-config.png
2012.09.06 15:16 B C:\inetpub\wwwroot\plugins\system\nnframework\images\icon-32-copy.png --> ftp3.ftptoyoursite.com /web/content/SITEBACKUP_962012/plugins/system/nnframework/images icon-32-copy.png
2012.09.06 15:16 B C:\inetpub\wwwroot\plugins\system\nnframework\images\icon-32-delete.png --> ftp3.ftptoyoursite.com /web/content/SITEBACKUP_962012/plugins/system/nnframework/images icon-32-delete.png
2012.09.06 15:16 B C:\inetpub\wwwroot\plugins\system\nnframework\images\icon-32-edit.png --> ftp3.ftptoyoursite.com /web/content/SITEBACKUP_962012/plugins/system/nnframework/images icon-32-edit.png
2012.09.06 15:16 B C:\inetpub\wwwroot\plugins\system\nnframework\images\icon-32-export.png --> ftp3.ftptoyoursite.com /web/content/SITEBACKUP_962012/plugins/system/nnframework/images icon-32-export.png
2012.09.06 15:16 B C:\inetpub\wwwroot\plugins\system\nnframework\images\icon-32-export2.png --> ftp3.ftptoyoursite.com /web/content/SITEBACKUP_962012/plugins/system/nnframework/images icon-32-export2.png
2012.09.06 15:16 B C:\inetpub\wwwroot\plugins\system\nnframework\images\icon-32-help.png --> ftp3.ftptoyoursite.com /web/content/SITEBACKUP_962012/plugins/system/nnframework/images icon-32-help.png
2012.09.06 15:16 B C:\inetpub\wwwroot\plugins\system\nnframework\images\icon-32-import.png --> ftp3.ftptoyoursite.com /web/content/SITEBACKUP_962012/plugins/system/nnframework/images icon-32-import.png
2012.09.06 15:16 B C:\inetpub\wwwroot\plugins\system\nnframework\images\icon-32-import2.png --> ftp3.ftptoyoursite.com /web/content/SITEBACKUP_962012/plugins/system/nnframework/images icon-32-import2.png
2012.09.06 15:16 B C:\inetpub\wwwroot\plugins\system\nnframework\images\icon-32-new.png --> ftp3.ftptoyoursite.com /web/content/SITEBACKUP_962012/plugins/system/nnframework/images icon-32-new.png
2012.09.06 15:16 B C:\inetpub\wwwroot\plugins\system\nnframework\images\icon-32-publish.png --> ftp3.ftptoyoursite.com /web/content/SITEBACKUP_962012/plugins/system/nnframework/images icon-32-publish.png
2012.09.06 15:16 B C:\inetpub\wwwroot\plugins\system\nnframework\images\icon-32-save-apply.png --> ftp3.ftptoyoursite.com /web/content/SITEBACKUP_962012/plugins/system/nnframework/images icon-32-save-apply.png
2012.09.06 15:16 B C:\inetpub\wwwroot\plugins\system\nnframework\images\icon-32-save-apply2.png --> ftp3.ftptoyoursite.com /web/content/SITEBACKUP_962012/plugins/system/nnframework/images icon-32-save-apply2.png
2012.09.06 15:16 B C:\inetpub\wwwroot\plugins\system\nnframework\images\icon-32-save-close.png --> ftp3.ftptoyoursite.com /web/content/SITEBACKUP_962012/plugins/system/nnframework/images icon-32-save-close.png
2012.09.06 15:16 B C:\inetpub\wwwroot\plugins\system\nnframework\images\icon-32-save-close2.png --> ftp3.ftptoyoursite.com /web/content/SITEBACKUP_962012/plugins/system/nnframework/images icon-32-save-close2.png
2012.09.06 15:16 B C:\inetpub\wwwroot\plugins\system\nnframework\images\icon-32-save-copy.png --> ftp3.ftptoyoursite.com /web/content/SITEBACKUP_962012/plugins/system/nnframework/images icon-32-save-copy.png
2012.09.06 15:16 B C:\inetpub\wwwroot\plugins\system\nnframework\images\icon-32-save-new.png --> ftp3.ftptoyoursite.com /web/content/SITEBACKUP_962012/plugins/system/nnframework/images icon-32-save-new.png
2012.09.06 15:16 B C:\inetpub\wwwroot\plugins\system\nnframework\images\icon-32-save-new2.png --> ftp3.ftptoyoursite.com /web/content/SITEBACKUP_962012/plugins/system/nnframework/images icon-32-save-new2.png
2012.09.06 15:16 B C:\inetpub\wwwroot\plugins\system\nnframework\images\icon-32-unpublish.png --> ftp3.ftptoyoursite.com /web/content/SITEBACKUP_962012/plugins/system/nnframework/images icon-32-unpublish.png
2012.09.06 15:16 B C:\inetpub\wwwroot\plugins\system\nnframework\images\icons-16_ap3.png --> ftp3.ftptoyoursite.com /web/content/SITEBACKUP_962012/plugins/system/nnframework/images icons-16_ap3.png
2012.09.06 15:16 B C:\inetpub\wwwroot\plugins\system\nnframework\images\icons-24_ap3.png --> ftp3.ftptoyoursite.com /web/content/SITEBACKUP_962012/plugins/system/nnframework/images icons-24_ap3.png
2012.09.06 15:16 B C:\inetpub\wwwroot\plugins\system\nnframework\images\icons-32_ap3.png --> ftp3.ftptoyoursite.com /web/content/SITEBACKUP_962012/plugins/system/nnframework/images icons-32_ap3.png
2012.09.06 15:16 B C:\inetpub\wwwroot\plugins\system\nnframework\images\index.html --> ftp3.ftptoyoursite.com /web/content/SITEBACKUP_962012/plugins/system/nnframework/images index.html
2012.09.06 15:16 B C:\inetpub\wwwroot\plugins\system\nnframework\images\loading.gif --> ftp3.ftptoyoursite.com /web/content/SITEBACKUP_962012/plugins/system/nnframework/images loading.gif
2012.09.06 15:16 B C:\inetpub\wwwroot\plugins\system\nnframework\images\publish_g.png --> ftp3.ftptoyoursite.com /web/content/SITEBACKUP_962012/plugins/system/nnframework/images publish_g.png
2012.09.06 15:16 B C:\inetpub\wwwroot\plugins\system\nnframework\images\publish_g_l.png --> ftp3.ftptoyoursite.com /web/content/SITEBACKUP_962012/plugins/system/nnframework/images publish_g_l.png
2012.09.06 15:16 B C:\inetpub\wwwroot\plugins\system\nnframework\images\publish_r.png --> ftp3.ftptoyoursite.com /web/content/SITEBACKUP_962012/plugins/system/nnframework/images publish_r.png
2012.09.06 15:16 B C:\inetpub\wwwroot\plugins\system\nnframework\images\publish_r_l.png --> ftp3.ftptoyoursite.com /web/content/SITEBACKUP_962012/plugins/system/nnframework/images publish_r_l.png
2012.09.06 15:16 B C:\inetpub\wwwroot\plugins\system\nnframework\images\publish_x.png --> ftp3.ftptoyoursite.com /web/content/SITEBACKUP_962012/plugins/system/nnframework/images publish_x.png
2012.09.06 15:16 B C:\inetpub\wwwroot\plugins\system\nnframework\images\publish_x_l.png --> ftp3.ftptoyoursite.com /web/content/SITEBACKUP_962012/plugins/system/nnframework/images publish_x_l.png
2012.09.06 15:16 B C:\inetpub\wwwroot\plugins\system\nnframework\images\publish_y.png --> ftp3.ftptoyoursite.com /web/content/SITEBACKUP_962012/plugins/system/nnframework/images publish_y.png
2012.09.06 15:16 B C:\inetpub\wwwroot\plugins\system\nnframework\images\publish_y_l.png --> ftp3.ftptoyoursite.com /web/content/SITEBACKUP_962012/plugins/system/nnframework/images publish_y_l.png
2012.09.06 15:16 B C:\inetpub\wwwroot\plugins\system\nnframework\images\state_advanced.png --> ftp3.ftptoyoursite.com /web/content/SITEBACKUP_962012/plugins/system/nnframework/images state_advanced.png
2012.09.06 15:16 B C:\inetpub\wwwroot\plugins\system\nnframework\images\state_normal.png --> ftp3.ftptoyoursite.com /web/content/SITEBACKUP_962012/plugins/system/nnframework/images state_normal.png
2012.09.06 15:16 B C:\inetpub\wwwroot\plugins\system\nnframework\images\state_simple.png --> ftp3.ftptoyoursite.com /web/content/SITEBACKUP_962012/plugins/system/nnframework/images state_simple.png
2012.09.06 15:16 B C:\inetpub\wwwroot\plugins\system\nnframework\images\status.png --> ftp3.ftptoyoursite.com /web/content/SITEBACKUP_962012/plugins/system/nnframework/images status.png
2012.09.06 15:16 B C:\inetpub\wwwroot\plugins\system\nnframework\images\status2.png --> ftp3.ftptoyoursite.com /web/content/SITEBACKUP_962012/plugins/system/nnframework/images status2.png
2012.09.06 15:16 B C:\inetpub\wwwroot\plugins\system\nnframework\images\tick.png --> ftp3.ftptoyoursite.com /web/content/SITEBACKUP_962012/plugins/system/nnframework/images tick.png
2012.09.06 15:16 B C:\inetpub\wwwroot\plugins\system\nnframework\images\tick_l.png --> ftp3.ftptoyoursite.com /web/content/SITEBACKUP_962012/plugins/system/nnframework/images tick_l.png
2012.09.06 15:16 B C:\inetpub\wwwroot\plugins\system\nnframework\images\WS_FTP.LOG --> ftp3.ftptoyoursite.com /web/content/SITEBACKUP_962012/plugins/system/nnframework/images WS_FTP.LOG
2012.10.23 09:18 B C:\inetpub\wwwroot\plugins\system\nnframework\images\button_blank.png --> ftp3.ftptoyoursite.com /web/content/plugins/system/nnframework/images button_blank.png
2012.10.23 09:18 B C:\inetpub\wwwroot\plugins\system\nnframework\images\button_left.png --> ftp3.ftptoyoursite.com /web/content/plugins/system/nnframework/images button_left.png
2012.10.23 09:18 B C:\inetpub\wwwroot\plugins\system\nnframework\images\button_right_apply.png --> ftp3.ftptoyoursite.com /web/content/plugins/system/nnframework/images button_right_apply.png
2012.10.23 09:18 B C:\inetpub\wwwroot\plugins\system\nnframework\images\button_right_cancel.png --> ftp3.ftptoyoursite.com /web/content/plugins/system/nnframework/images button_right_cancel.png
2012.10.23 09:18 B C:\inetpub\wwwroot\plugins\system\nnframework\images\close.png --> ftp3.ftptoyoursite.com /web/content/plugins/system/nnframework/images close.png
2012.10.23 09:18 B C:\inetpub\wwwroot\plugins\system\nnframework\images\disabled.png --> ftp3.ftptoyoursite.com /web/content/plugins/system/nnframework/images disabled.png
2012.10.23 09:18 B C:\inetpub\wwwroot\plugins\system\nnframework\images\disabled_l.png --> ftp3.ftptoyoursite.com /web/content/plugins/system/nnframework/images disabled_l.png
2012.10.23 09:18 B C:\inetpub\wwwroot\plugins\system\nnframework\images\icon-32-cancel.png --> ftp3.ftptoyoursite.com /web/content/plugins/system/nnframework/images icon-32-cancel.png
2012.10.23 09:18 B C:\inetpub\wwwroot\plugins\system\nnframework\images\icon-32-config.png --> ftp3.ftptoyoursite.com /web/content/plugins/system/nnframework/images icon-32-config.png
2012.10.23 09:18 B C:\inetpub\wwwroot\plugins\system\nnframework\images\icon-32-copy.png --> ftp3.ftptoyoursite.com /web/content/plugins/system/nnframework/images icon-32-copy.png
2012.10.23 09:18 B C:\inetpub\wwwroot\plugins\system\nnframework\images\icon-32-delete.png --> ftp3.ftptoyoursite.com /web/content/plugins/system/nnframework/images icon-32-delete.png
2012.10.23 09:18 B C:\inetpub\wwwroot\plugins\system\nnframework\images\icon-32-edit.png --> ftp3.ftptoyoursite.com /web/content/plugins/system/nnframework/images icon-32-edit.png
2012.10.23 09:18 B C:\inetpub\wwwroot\plugins\system\nnframework\images\icon-32-export.png --> ftp3.ftptoyoursite.com /web/content/plugins/system/nnframework/images icon-32-export.png
2012.10.23 09:18 B C:\inetpub\wwwroot\plugins\system\nnframework\images\icon-32-export2.png --> ftp3.ftptoyoursite.com /web/content/plugins/system/nnframework/images icon-32-export2.png
2012.10.23 09:18 B C:\inetpub\wwwroot\plugins\system\nnframework\images\icon-32-help.png --> ftp3.ftptoyoursite.com /web/content/plugins/system/nnframework/images icon-32-help.png
2012.10.23 09:18 B C:\inetpub\wwwroot\plugins\system\nnframework\images\icon-32-import.png --> ftp3.ftptoyoursite.com /web/content/plugins/system/nnframework/images icon-32-import.png
2012.10.23 09:18 B C:\inetpub\wwwroot\plugins\system\nnframework\images\icon-32-import2.png --> ftp3.ftptoyoursite.com /web/content/plugins/system/nnframework/images icon-32-import2.png
2012.10.23 09:18 B C:\inetpub\wwwroot\plugins\system\nnframework\images\icon-32-new.png --> ftp3.ftptoyoursite.com /web/content/plugins/system/nnframework/images icon-32-new.png
2012.10.23 09:18 B C:\inetpub\wwwroot\plugins\system\nnframework\images\icon-32-publish.png --> ftp3.ftptoyoursite.com /web/content/plugins/system/nnframework/images icon-32-publish.png
2012.10.23 09:18 B C:\inetpub\wwwroot\plugins\system\nnframework\images\icon-32-save-apply.png --> ftp3.ftptoyoursite.com /web/content/plugins/system/nnframework/images icon-32-save-apply.png
2012.10.23 09:18 B C:\inetpub\wwwroot\plugins\system\nnframework\images\icon-32-save-apply2.png --> ftp3.ftptoyoursite.com /web/content/plugins/system/nnframework/images icon-32-save-apply2.png
2012.10.23 09:18 B C:\inetpub\wwwroot\plugins\system\nnframework\images\icon-32-save-close.png --> ftp3.ftptoyoursite.com /web/content/plugins/system/nnframework/images icon-32-save-close.png
2012.10.23 09:18 B C:\inetpub\wwwroot\plugins\system\nnframework\images\icon-32-save-close2.png --> ftp3.ftptoyoursite.com /web/content/plugins/system/nnframework/images icon-32-save-close2.png
2012.10.23 09:18 B C:\inetpub\wwwroot\plugins\system\nnframework\images\icon-32-save-copy.png --> ftp3.ftptoyoursite.com /web/content/plugins/system/nnframework/images icon-32-save-copy.png
2012.10.23 09:18 B C:\inetpub\wwwroot\plugins\system\nnframework\images\icon-32-save-new.png --> ftp3.ftptoyoursite.com /web/content/plugins/system/nnframework/images icon-32-save-new.png
2012.10.23 09:18 B C:\inetpub\wwwroot\plugins\system\nnframework\images\icon-32-save-new2.png --> ftp3.ftptoyoursite.com /web/content/plugins/system/nnframework/images icon-32-save-new2.png
2012.10.23 09:18 B C:\inetpub\wwwroot\plugins\system\nnframework\images\icon-32-unpublish.png --> ftp3.ftptoyoursite.com /web/content/plugins/system/nnframework/images icon-32-unpublish.png
2012.10.23 09:18 B C:\inetpub\wwwroot\plugins\system\nnframework\images\icons-16_ap3.png --> ftp3.ftptoyoursite.com /web/content/plugins/system/nnframework/images icons-16_ap3.png
2012.10.23 09:18 B C:\inetpub\wwwroot\plugins\system\nnframework\images\icons-24_ap3.png --> ftp3.ftptoyoursite.com /web/content/plugins/system/nnframework/images icons-24_ap3.png
2012.10.23 09:18 B C:\inetpub\wwwroot\plugins\system\nnframework\images\icons-32_ap3.png --> ftp3.ftptoyoursite.com /web/content/plugins/system/nnframework/images icons-32_ap3.png
2012.10.23 09:18 B C:\inetpub\wwwroot\plugins\system\nnframework\images\index.html --> ftp3.ftptoyoursite.com /web/content/plugins/system/nnframework/images index.html
2012.10.23 09:18 B C:\inetpub\wwwroot\plugins\system\nnframework\images\loading.gif --> ftp3.ftptoyoursite.com /web/content/plugins/system/nnframework/images loading.gif
2012.10.23 09:18 B C:\inetpub\wwwroot\plugins\system\nnframework\images\publish_g.png --> ftp3.ftptoyoursite.com /web/content/plugins/system/nnframework/images publish_g.png
2012.10.23 09:18 B C:\inetpub\wwwroot\plugins\system\nnframework\images\publish_g_l.png --> ftp3.ftptoyoursite.com /web/content/plugins/system/nnframework/images publish_g_l.png
2012.10.23 09:18 B C:\inetpub\wwwroot\plugins\system\nnframework\images\publish_r.png --> ftp3.ftptoyoursite.com /web/content/plugins/system/nnframework/images publish_r.png
2012.10.23 09:18 B C:\inetpub\wwwroot\plugins\system\nnframework\images\publish_r_l.png --> ftp3.ftptoyoursite.com /web/content/plugins/system/nnframework/images publish_r_l.png
2012.10.23 09:18 B C:\inetpub\wwwroot\plugins\system\nnframework\images\publish_x.png --> ftp3.ftptoyoursite.com /web/content/plugins/system/nnframework/images publish_x.png
2012.10.23 09:18 B C:\inetpub\wwwroot\plugins\system\nnframework\images\publish_x_l.png --> ftp3.ftptoyoursite.com /web/content/plugins/system/nnframework/images publish_x_l.png
2012.10.23 09:18 B C:\inetpub\wwwroot\plugins\system\nnframework\images\publish_y.png --> ftp3.ftptoyoursite.com /web/content/plugins/system/nnframework/images publish_y.png
2012.10.23 09:18 B C:\inetpub\wwwroot\plugins\system\nnframework\images\publish_y_l.png --> ftp3.ftptoyoursite.com /web/content/plugins/system/nnframework/images publish_y_l.png
2012.10.23 09:18 B C:\inetpub\wwwroot\plugins\system\nnframework\images\state_advanced.png --> ftp3.ftptoyoursite.com /web/content/plugins/system/nnframework/images state_advanced.png
2012.10.23 09:18 B C:\inetpub\wwwroot\plugins\system\nnframework\images\state_normal.png --> ftp3.ftptoyoursite.com /web/content/plugins/system/nnframework/images state_normal.png
2012.10.23 09:18 B C:\inetpub\wwwroot\plugins\system\nnframework\images\state_simple.png --> ftp3.ftptoyoursite.com /web/content/plugins/system/nnframework/images state_simple.png
2012.10.23 09:18 B C:\inetpub\wwwroot\plugins\system\nnframework\images\status.png --> ftp3.ftptoyoursite.com /web/content/plugins/system/nnframework/images status.png
2012.10.23 09:18 B C:\inetpub\wwwroot\plugins\system\nnframework\images\status2.png --> ftp3.ftptoyoursite.com /web/content/plugins/system/nnframework/images status2.png
2012.10.23 09:18 B C:\inetpub\wwwroot\plugins\system\nnframework\images\tick.png --> ftp3.ftptoyoursite.com /web/content/plugins/system/nnframework/images tick.png
2012.10.23 09:18 B C:\inetpub\wwwroot\plugins\system\nnframework\images\tick_l.png --> ftp3.ftptoyoursite.com /web/content/plugins/system/nnframework/images tick_l.png
2012.10.23 09:18 B C:\inetpub\wwwroot\plugins\system\nnframework\images\WS_FTP.LOG --> ftp3.ftptoyoursite.com /web/content/plugins/system/nnframework/images WS_FTP.LOG
2013.02.01 15:04 B C:\inetpub\wwwroot\plugins\system\nnframework\images\WS_FTP.LOG <-- Schubert Rackspace /web/content/plugins/system/nnframework/images WS_FTP.LOG
