2012.07.25 12:18 B C:\Users\COBRIEN\Desktop\Schubert\libraries\simplepie\index.html <-- Schubert Rackspace /web/content/libraries/simplepie index.html
2012.07.25 12:18 B C:\Users\COBRIEN\Desktop\Schubert\libraries\simplepie\LICENSE.txt <-- Schubert Rackspace /web/content/libraries/simplepie LICENSE.txt
2012.07.25 12:18 B C:\Users\COBRIEN\Desktop\Schubert\libraries\simplepie\README.txt <-- Schubert Rackspace /web/content/libraries/simplepie README.txt
2012.07.25 12:18 B C:\Users\COBRIEN\Desktop\Schubert\libraries\simplepie\simplepie.php <-- Schubert Rackspace /web/content/libraries/simplepie simplepie.php
2012.09.04 10:54 B C:\inetpub\wwwroot\libraries\simplepie\index.html --> ftp3.ftptoyoursite.com /web/content/SITE-TEST/libraries/simplepie index.html
2012.09.04 10:54 B C:\inetpub\wwwroot\libraries\simplepie\LICENSE.txt --> ftp3.ftptoyoursite.com /web/content/SITE-TEST/libraries/simplepie LICENSE.txt
2012.09.04 10:54 B C:\inetpub\wwwroot\libraries\simplepie\README.txt --> ftp3.ftptoyoursite.com /web/content/SITE-TEST/libraries/simplepie README.txt
2012.09.04 10:54 B C:\inetpub\wwwroot\libraries\simplepie\simplepie.php --> ftp3.ftptoyoursite.com /web/content/SITE-TEST/libraries/simplepie simplepie.php
2012.09.04 10:54 B C:\inetpub\wwwroot\libraries\simplepie\WS_FTP.LOG --> ftp3.ftptoyoursite.com /web/content/SITE-TEST/libraries/simplepie WS_FTP.LOG
2012.09.06 15:13 B C:\inetpub\wwwroot\libraries\simplepie\index.html --> ftp3.ftptoyoursite.com /web/content/SITEBACKUP_962012/libraries/simplepie index.html
2012.09.06 15:13 B C:\inetpub\wwwroot\libraries\simplepie\LICENSE.txt --> ftp3.ftptoyoursite.com /web/content/SITEBACKUP_962012/libraries/simplepie LICENSE.txt
2012.09.06 15:13 B C:\inetpub\wwwroot\libraries\simplepie\README.txt --> ftp3.ftptoyoursite.com /web/content/SITEBACKUP_962012/libraries/simplepie README.txt
2012.09.06 15:13 B C:\inetpub\wwwroot\libraries\simplepie\simplepie.php --> ftp3.ftptoyoursite.com /web/content/SITEBACKUP_962012/libraries/simplepie simplepie.php
2012.09.06 15:13 B C:\inetpub\wwwroot\libraries\simplepie\WS_FTP.LOG --> ftp3.ftptoyoursite.com /web/content/SITEBACKUP_962012/libraries/simplepie WS_FTP.LOG
2012.10.23 09:15 B C:\inetpub\wwwroot\libraries\simplepie\index.html --> ftp3.ftptoyoursite.com /web/content/libraries/simplepie index.html
2012.10.23 09:15 B C:\inetpub\wwwroot\libraries\simplepie\LICENSE.txt --> ftp3.ftptoyoursite.com /web/content/libraries/simplepie LICENSE.txt
2012.10.23 09:15 B C:\inetpub\wwwroot\libraries\simplepie\README.txt --> ftp3.ftptoyoursite.com /web/content/libraries/simplepie README.txt
2012.10.23 09:15 B C:\inetpub\wwwroot\libraries\simplepie\simplepie.php --> ftp3.ftptoyoursite.com /web/content/libraries/simplepie simplepie.php
2012.10.23 09:15 B C:\inetpub\wwwroot\libraries\simplepie\WS_FTP.LOG --> ftp3.ftptoyoursite.com /web/content/libraries/simplepie WS_FTP.LOG
2013.02.01 14:55 B C:\inetpub\wwwroot\libraries\simplepie\WS_FTP.LOG <-- Schubert Rackspace /web/content/libraries/simplepie WS_FTP.LOG
