2012.07.25 12:12 B C:\Users\COBRIEN\Desktop\Schubert\administrator\components\com_rsform\assets\js\index.html <-- Schubert Rackspace /web/content/administrator/components/com_rsform/assets/js index.html
2012.07.25 12:12 B C:\Users\COBRIEN\Desktop\Schubert\administrator\components\com_rsform\assets\js\jquery.js <-- Schubert Rackspace /web/content/administrator/components/com_rsform/assets/js jquery.js
2012.07.25 12:12 B C:\Users\COBRIEN\Desktop\Schubert\administrator\components\com_rsform\assets\js\jquery.scrollto.js <-- Schubert Rackspace /web/content/administrator/components/com_rsform/assets/js jquery.scrollto.js
2012.07.25 12:12 B C:\Users\COBRIEN\Desktop\Schubert\administrator\components\com_rsform\assets\js\script.js <-- Schubert Rackspace /web/content/administrator/components/com_rsform/assets/js script.js
2012.07.25 12:12 B C:\Users\COBRIEN\Desktop\Schubert\administrator\components\com_rsform\assets\js\tablednd.js <-- Schubert Rackspace /web/content/administrator/components/com_rsform/assets/js tablednd.js
2012.09.04 10:46 B C:\inetpub\wwwroot\administrator\components\com_rsform\assets\js\index.html --> ftp3.ftptoyoursite.com /web/content/SITE-TEST/administrator/components/com_rsform/assets/js index.html
2012.09.04 10:46 B C:\inetpub\wwwroot\administrator\components\com_rsform\assets\js\jquery.js --> ftp3.ftptoyoursite.com /web/content/SITE-TEST/administrator/components/com_rsform/assets/js jquery.js
2012.09.04 10:46 B C:\inetpub\wwwroot\administrator\components\com_rsform\assets\js\jquery.scrollto.js --> ftp3.ftptoyoursite.com /web/content/SITE-TEST/administrator/components/com_rsform/assets/js jquery.scrollto.js
2012.09.04 10:46 B C:\inetpub\wwwroot\administrator\components\com_rsform\assets\js\script.js --> ftp3.ftptoyoursite.com /web/content/SITE-TEST/administrator/components/com_rsform/assets/js script.js
2012.09.04 10:46 B C:\inetpub\wwwroot\administrator\components\com_rsform\assets\js\tablednd.js --> ftp3.ftptoyoursite.com /web/content/SITE-TEST/administrator/components/com_rsform/assets/js tablednd.js
2012.09.04 10:46 B C:\inetpub\wwwroot\administrator\components\com_rsform\assets\js\WS_FTP.LOG --> ftp3.ftptoyoursite.com /web/content/SITE-TEST/administrator/components/com_rsform/assets/js WS_FTP.LOG
2012.09.06 15:03 B C:\inetpub\wwwroot\administrator\components\com_rsform\assets\js\index.html --> ftp3.ftptoyoursite.com /web/content/SITEBACKUP_962012/administrator/components/com_rsform/assets/js index.html
2012.09.06 15:03 B C:\inetpub\wwwroot\administrator\components\com_rsform\assets\js\jquery.js --> ftp3.ftptoyoursite.com /web/content/SITEBACKUP_962012/administrator/components/com_rsform/assets/js jquery.js
2012.09.06 15:03 B C:\inetpub\wwwroot\administrator\components\com_rsform\assets\js\jquery.scrollto.js --> ftp3.ftptoyoursite.com /web/content/SITEBACKUP_962012/administrator/components/com_rsform/assets/js jquery.scrollto.js
2012.09.06 15:03 B C:\inetpub\wwwroot\administrator\components\com_rsform\assets\js\script.js --> ftp3.ftptoyoursite.com /web/content/SITEBACKUP_962012/administrator/components/com_rsform/assets/js script.js
2012.09.06 15:03 B C:\inetpub\wwwroot\administrator\components\com_rsform\assets\js\tablednd.js --> ftp3.ftptoyoursite.com /web/content/SITEBACKUP_962012/administrator/components/com_rsform/assets/js tablednd.js
2012.09.06 15:03 B C:\inetpub\wwwroot\administrator\components\com_rsform\assets\js\WS_FTP.LOG --> ftp3.ftptoyoursite.com /web/content/SITEBACKUP_962012/administrator/components/com_rsform/assets/js WS_FTP.LOG
2012.09.06 15:45 B C:\inetpub\wwwroot\administrator\components\com_rsform\assets\js\index.html <-- Schubert Rackspace /web/content/SITEBACKUP_962012/administrator/components/com_rsform/assets/js index.html
2012.09.06 15:45 B C:\inetpub\wwwroot\administrator\components\com_rsform\assets\js\jquery.js <-- Schubert Rackspace /web/content/SITEBACKUP_962012/administrator/components/com_rsform/assets/js jquery.js
2012.09.06 15:45 B C:\inetpub\wwwroot\administrator\components\com_rsform\assets\js\jquery.scrollto.js <-- Schubert Rackspace /web/content/SITEBACKUP_962012/administrator/components/com_rsform/assets/js jquery.scrollto.js
2012.09.06 15:45 B C:\inetpub\wwwroot\administrator\components\com_rsform\assets\js\script.js <-- Schubert Rackspace /web/content/SITEBACKUP_962012/administrator/components/com_rsform/assets/js script.js
2012.09.06 15:45 B C:\inetpub\wwwroot\administrator\components\com_rsform\assets\js\tablednd.js <-- Schubert Rackspace /web/content/SITEBACKUP_962012/administrator/components/com_rsform/assets/js tablednd.js
2012.10.23 09:07 B C:\inetpub\wwwroot\administrator\components\com_rsform\assets\js\index.html --> ftp3.ftptoyoursite.com /web/content/administrator/components/com_rsform/assets/js index.html
2012.10.23 09:07 B C:\inetpub\wwwroot\administrator\components\com_rsform\assets\js\jquery.js --> ftp3.ftptoyoursite.com /web/content/administrator/components/com_rsform/assets/js jquery.js
2012.10.23 09:07 B C:\inetpub\wwwroot\administrator\components\com_rsform\assets\js\jquery.scrollto.js --> ftp3.ftptoyoursite.com /web/content/administrator/components/com_rsform/assets/js jquery.scrollto.js
2012.10.23 09:07 B C:\inetpub\wwwroot\administrator\components\com_rsform\assets\js\script.js --> ftp3.ftptoyoursite.com /web/content/administrator/components/com_rsform/assets/js script.js
2012.10.23 09:07 B C:\inetpub\wwwroot\administrator\components\com_rsform\assets\js\tablednd.js --> ftp3.ftptoyoursite.com /web/content/administrator/components/com_rsform/assets/js tablednd.js
2012.10.23 09:07 B C:\inetpub\wwwroot\administrator\components\com_rsform\assets\js\WS_FTP.LOG --> ftp3.ftptoyoursite.com /web/content/administrator/components/com_rsform/assets/js WS_FTP.LOG
2013.02.01 14:43 B C:\inetpub\wwwroot\administrator\components\com_rsform\assets\js\WS_FTP.LOG <-- Schubert Rackspace /web/content/administrator/components/com_rsform/assets/js WS_FTP.LOG
