2012.07.25 12:19 B C:\Users\COBRIEN\Desktop\Schubert\modules\mod_PlimunNivoSlider\themes\default\-bullets2.png <-- Schubert Rackspace /web/content/modules/mod_PlimunNivoSlider/themes/default -bullets2.png
2012.07.25 12:19 B C:\Users\COBRIEN\Desktop\Schubert\modules\mod_PlimunNivoSlider\themes\default\arrows.png <-- Schubert Rackspace /web/content/modules/mod_PlimunNivoSlider/themes/default arrows.png
2012.07.25 12:19 B C:\Users\COBRIEN\Desktop\Schubert\modules\mod_PlimunNivoSlider\themes\default\arrows10.png <-- Schubert Rackspace /web/content/modules/mod_PlimunNivoSlider/themes/default arrows10.png
2012.07.25 12:19 B C:\Users\COBRIEN\Desktop\Schubert\modules\mod_PlimunNivoSlider\themes\default\arrows11.png <-- Schubert Rackspace /web/content/modules/mod_PlimunNivoSlider/themes/default arrows11.png
2012.07.25 12:19 B C:\Users\COBRIEN\Desktop\Schubert\modules\mod_PlimunNivoSlider\themes\default\arrows12.png <-- Schubert Rackspace /web/content/modules/mod_PlimunNivoSlider/themes/default arrows12.png
2012.07.25 12:19 B C:\Users\COBRIEN\Desktop\Schubert\modules\mod_PlimunNivoSlider\themes\default\arrows2.gif <-- Schubert Rackspace /web/content/modules/mod_PlimunNivoSlider/themes/default arrows2.gif
2012.07.25 12:19 B C:\Users\COBRIEN\Desktop\Schubert\modules\mod_PlimunNivoSlider\themes\default\arrows3.png <-- Schubert Rackspace /web/content/modules/mod_PlimunNivoSlider/themes/default arrows3.png
2012.07.25 12:19 B C:\Users\COBRIEN\Desktop\Schubert\modules\mod_PlimunNivoSlider\themes\default\arrows4.png <-- Schubert Rackspace /web/content/modules/mod_PlimunNivoSlider/themes/default arrows4.png
2012.07.25 12:19 B C:\Users\COBRIEN\Desktop\Schubert\modules\mod_PlimunNivoSlider\themes\default\arrows5.png <-- Schubert Rackspace /web/content/modules/mod_PlimunNivoSlider/themes/default arrows5.png
2012.07.25 12:19 B C:\Users\COBRIEN\Desktop\Schubert\modules\mod_PlimunNivoSlider\themes\default\arrows6_next.png <-- Schubert Rackspace /web/content/modules/mod_PlimunNivoSlider/themes/default arrows6_next.png
2012.07.25 12:19 B C:\Users\COBRIEN\Desktop\Schubert\modules\mod_PlimunNivoSlider\themes\default\arrows6_prev.png <-- Schubert Rackspace /web/content/modules/mod_PlimunNivoSlider/themes/default arrows6_prev.png
2012.07.25 12:19 B C:\Users\COBRIEN\Desktop\Schubert\modules\mod_PlimunNivoSlider\themes\default\arrows7.png <-- Schubert Rackspace /web/content/modules/mod_PlimunNivoSlider/themes/default arrows7.png
2012.07.25 12:19 B C:\Users\COBRIEN\Desktop\Schubert\modules\mod_PlimunNivoSlider\themes\default\arrows8.png <-- Schubert Rackspace /web/content/modules/mod_PlimunNivoSlider/themes/default arrows8.png
2012.07.25 12:19 B C:\Users\COBRIEN\Desktop\Schubert\modules\mod_PlimunNivoSlider\themes\default\arrows9.png <-- Schubert Rackspace /web/content/modules/mod_PlimunNivoSlider/themes/default arrows9.png
2012.07.25 12:19 B C:\Users\COBRIEN\Desktop\Schubert\modules\mod_PlimunNivoSlider\themes\default\bullets.png <-- Schubert Rackspace /web/content/modules/mod_PlimunNivoSlider/themes/default bullets.png
2012.07.25 12:19 B C:\Users\COBRIEN\Desktop\Schubert\modules\mod_PlimunNivoSlider\themes\default\bullets10.png <-- Schubert Rackspace /web/content/modules/mod_PlimunNivoSlider/themes/default bullets10.png
2012.07.25 12:19 B C:\Users\COBRIEN\Desktop\Schubert\modules\mod_PlimunNivoSlider\themes\default\bullets11.png <-- Schubert Rackspace /web/content/modules/mod_PlimunNivoSlider/themes/default bullets11.png
2012.07.25 12:19 B C:\Users\COBRIEN\Desktop\Schubert\modules\mod_PlimunNivoSlider\themes\default\bullets12.png <-- Schubert Rackspace /web/content/modules/mod_PlimunNivoSlider/themes/default bullets12.png
2012.07.25 12:19 B C:\Users\COBRIEN\Desktop\Schubert\modules\mod_PlimunNivoSlider\themes\default\bullets2.png <-- Schubert Rackspace /web/content/modules/mod_PlimunNivoSlider/themes/default bullets2.png
2012.07.25 12:19 B C:\Users\COBRIEN\Desktop\Schubert\modules\mod_PlimunNivoSlider\themes\default\bullets3.png <-- Schubert Rackspace /web/content/modules/mod_PlimunNivoSlider/themes/default bullets3.png
2012.07.25 12:19 B C:\Users\COBRIEN\Desktop\Schubert\modules\mod_PlimunNivoSlider\themes\default\bullets4.png <-- Schubert Rackspace /web/content/modules/mod_PlimunNivoSlider/themes/default bullets4.png
2012.07.25 12:19 B C:\Users\COBRIEN\Desktop\Schubert\modules\mod_PlimunNivoSlider\themes\default\bullets5.png <-- Schubert Rackspace /web/content/modules/mod_PlimunNivoSlider/themes/default bullets5.png
2012.07.25 12:19 B C:\Users\COBRIEN\Desktop\Schubert\modules\mod_PlimunNivoSlider\themes\default\bullets6.png <-- Schubert Rackspace /web/content/modules/mod_PlimunNivoSlider/themes/default bullets6.png
2012.07.25 12:19 B C:\Users\COBRIEN\Desktop\Schubert\modules\mod_PlimunNivoSlider\themes\default\bullets7.png <-- Schubert Rackspace /web/content/modules/mod_PlimunNivoSlider/themes/default bullets7.png
2012.07.25 12:19 B C:\Users\COBRIEN\Desktop\Schubert\modules\mod_PlimunNivoSlider\themes\default\bullets8.png <-- Schubert Rackspace /web/content/modules/mod_PlimunNivoSlider/themes/default bullets8.png
2012.07.25 12:19 B C:\Users\COBRIEN\Desktop\Schubert\modules\mod_PlimunNivoSlider\themes\default\bullets9.png <-- Schubert Rackspace /web/content/modules/mod_PlimunNivoSlider/themes/default bullets9.png
2012.07.25 12:19 B C:\Users\COBRIEN\Desktop\Schubert\modules\mod_PlimunNivoSlider\themes\default\control-nav.png <-- Schubert Rackspace /web/content/modules/mod_PlimunNivoSlider/themes/default control-nav.png
2012.07.25 12:19 B C:\Users\COBRIEN\Desktop\Schubert\modules\mod_PlimunNivoSlider\themes\default\controlnav.png <-- Schubert Rackspace /web/content/modules/mod_PlimunNivoSlider/themes/default controlnav.png
2012.07.25 12:19 B C:\Users\COBRIEN\Desktop\Schubert\modules\mod_PlimunNivoSlider\themes\default\default.css <-- Schubert Rackspace /web/content/modules/mod_PlimunNivoSlider/themes/default default.css
2012.07.25 12:19 B C:\Users\COBRIEN\Desktop\Schubert\modules\mod_PlimunNivoSlider\themes\default\line.png <-- Schubert Rackspace /web/content/modules/mod_PlimunNivoSlider/themes/default line.png
2012.07.25 12:19 B C:\Users\COBRIEN\Desktop\Schubert\modules\mod_PlimunNivoSlider\themes\default\loading.gif <-- Schubert Rackspace /web/content/modules/mod_PlimunNivoSlider/themes/default loading.gif
2012.07.25 12:19 B C:\Users\COBRIEN\Desktop\Schubert\modules\mod_PlimunNivoSlider\themes\default\Thumbs.db <-- Schubert Rackspace /web/content/modules/mod_PlimunNivoSlider/themes/default Thumbs.db
2012.09.04 10:56 B C:\inetpub\wwwroot\modules\mod_PlimunNivoSlider\themes\default\-bullets2.png --> ftp3.ftptoyoursite.com /web/content/SITE-TEST/modules/mod_PlimunNivoSlider/themes/default -bullets2.png
2012.09.04 10:56 B C:\inetpub\wwwroot\modules\mod_PlimunNivoSlider\themes\default\arrows.png --> ftp3.ftptoyoursite.com /web/content/SITE-TEST/modules/mod_PlimunNivoSlider/themes/default arrows.png
2012.09.04 10:56 B C:\inetpub\wwwroot\modules\mod_PlimunNivoSlider\themes\default\arrows10.png --> ftp3.ftptoyoursite.com /web/content/SITE-TEST/modules/mod_PlimunNivoSlider/themes/default arrows10.png
2012.09.04 10:56 B C:\inetpub\wwwroot\modules\mod_PlimunNivoSlider\themes\default\arrows11.png --> ftp3.ftptoyoursite.com /web/content/SITE-TEST/modules/mod_PlimunNivoSlider/themes/default arrows11.png
2012.09.04 10:56 B C:\inetpub\wwwroot\modules\mod_PlimunNivoSlider\themes\default\arrows12.png --> ftp3.ftptoyoursite.com /web/content/SITE-TEST/modules/mod_PlimunNivoSlider/themes/default arrows12.png
2012.09.04 10:56 B C:\inetpub\wwwroot\modules\mod_PlimunNivoSlider\themes\default\arrows2.gif --> ftp3.ftptoyoursite.com /web/content/SITE-TEST/modules/mod_PlimunNivoSlider/themes/default arrows2.gif
2012.09.04 10:56 B C:\inetpub\wwwroot\modules\mod_PlimunNivoSlider\themes\default\arrows3.png --> ftp3.ftptoyoursite.com /web/content/SITE-TEST/modules/mod_PlimunNivoSlider/themes/default arrows3.png
2012.09.04 10:56 B C:\inetpub\wwwroot\modules\mod_PlimunNivoSlider\themes\default\arrows4.png --> ftp3.ftptoyoursite.com /web/content/SITE-TEST/modules/mod_PlimunNivoSlider/themes/default arrows4.png
2012.09.04 10:56 B C:\inetpub\wwwroot\modules\mod_PlimunNivoSlider\themes\default\arrows5.png --> ftp3.ftptoyoursite.com /web/content/SITE-TEST/modules/mod_PlimunNivoSlider/themes/default arrows5.png
2012.09.04 10:56 B C:\inetpub\wwwroot\modules\mod_PlimunNivoSlider\themes\default\arrows6_next.png --> ftp3.ftptoyoursite.com /web/content/SITE-TEST/modules/mod_PlimunNivoSlider/themes/default arrows6_next.png
2012.09.04 10:56 B C:\inetpub\wwwroot\modules\mod_PlimunNivoSlider\themes\default\arrows6_prev.png --> ftp3.ftptoyoursite.com /web/content/SITE-TEST/modules/mod_PlimunNivoSlider/themes/default arrows6_prev.png
2012.09.04 10:56 B C:\inetpub\wwwroot\modules\mod_PlimunNivoSlider\themes\default\arrows7.png --> ftp3.ftptoyoursite.com /web/content/SITE-TEST/modules/mod_PlimunNivoSlider/themes/default arrows7.png
2012.09.04 10:56 B C:\inetpub\wwwroot\modules\mod_PlimunNivoSlider\themes\default\arrows8.png --> ftp3.ftptoyoursite.com /web/content/SITE-TEST/modules/mod_PlimunNivoSlider/themes/default arrows8.png
2012.09.04 10:56 B C:\inetpub\wwwroot\modules\mod_PlimunNivoSlider\themes\default\arrows9.png --> ftp3.ftptoyoursite.com /web/content/SITE-TEST/modules/mod_PlimunNivoSlider/themes/default arrows9.png
2012.09.04 10:56 B C:\inetpub\wwwroot\modules\mod_PlimunNivoSlider\themes\default\bullets.png --> ftp3.ftptoyoursite.com /web/content/SITE-TEST/modules/mod_PlimunNivoSlider/themes/default bullets.png
2012.09.04 10:56 B C:\inetpub\wwwroot\modules\mod_PlimunNivoSlider\themes\default\bullets10.png --> ftp3.ftptoyoursite.com /web/content/SITE-TEST/modules/mod_PlimunNivoSlider/themes/default bullets10.png
2012.09.04 10:56 B C:\inetpub\wwwroot\modules\mod_PlimunNivoSlider\themes\default\bullets11.png --> ftp3.ftptoyoursite.com /web/content/SITE-TEST/modules/mod_PlimunNivoSlider/themes/default bullets11.png
2012.09.04 10:56 B C:\inetpub\wwwroot\modules\mod_PlimunNivoSlider\themes\default\bullets12.png --> ftp3.ftptoyoursite.com /web/content/SITE-TEST/modules/mod_PlimunNivoSlider/themes/default bullets12.png
2012.09.04 10:56 B C:\inetpub\wwwroot\modules\mod_PlimunNivoSlider\themes\default\bullets2.png --> ftp3.ftptoyoursite.com /web/content/SITE-TEST/modules/mod_PlimunNivoSlider/themes/default bullets2.png
2012.09.04 10:56 B C:\inetpub\wwwroot\modules\mod_PlimunNivoSlider\themes\default\bullets3.png --> ftp3.ftptoyoursite.com /web/content/SITE-TEST/modules/mod_PlimunNivoSlider/themes/default bullets3.png
2012.09.04 10:56 B C:\inetpub\wwwroot\modules\mod_PlimunNivoSlider\themes\default\bullets4.png --> ftp3.ftptoyoursite.com /web/content/SITE-TEST/modules/mod_PlimunNivoSlider/themes/default bullets4.png
2012.09.04 10:56 B C:\inetpub\wwwroot\modules\mod_PlimunNivoSlider\themes\default\bullets5.png --> ftp3.ftptoyoursite.com /web/content/SITE-TEST/modules/mod_PlimunNivoSlider/themes/default bullets5.png
2012.09.04 10:56 B C:\inetpub\wwwroot\modules\mod_PlimunNivoSlider\themes\default\bullets6.png --> ftp3.ftptoyoursite.com /web/content/SITE-TEST/modules/mod_PlimunNivoSlider/themes/default bullets6.png
2012.09.04 10:56 B C:\inetpub\wwwroot\modules\mod_PlimunNivoSlider\themes\default\bullets7.png --> ftp3.ftptoyoursite.com /web/content/SITE-TEST/modules/mod_PlimunNivoSlider/themes/default bullets7.png
2012.09.04 10:56 B C:\inetpub\wwwroot\modules\mod_PlimunNivoSlider\themes\default\bullets8.png --> ftp3.ftptoyoursite.com /web/content/SITE-TEST/modules/mod_PlimunNivoSlider/themes/default bullets8.png
2012.09.04 10:56 B C:\inetpub\wwwroot\modules\mod_PlimunNivoSlider\themes\default\bullets9.png --> ftp3.ftptoyoursite.com /web/content/SITE-TEST/modules/mod_PlimunNivoSlider/themes/default bullets9.png
2012.09.04 10:56 B C:\inetpub\wwwroot\modules\mod_PlimunNivoSlider\themes\default\control-nav.png --> ftp3.ftptoyoursite.com /web/content/SITE-TEST/modules/mod_PlimunNivoSlider/themes/default control-nav.png
2012.09.04 10:56 B C:\inetpub\wwwroot\modules\mod_PlimunNivoSlider\themes\default\controlnav.png --> ftp3.ftptoyoursite.com /web/content/SITE-TEST/modules/mod_PlimunNivoSlider/themes/default controlnav.png
2012.09.04 10:56 B C:\inetpub\wwwroot\modules\mod_PlimunNivoSlider\themes\default\default.css --> ftp3.ftptoyoursite.com /web/content/SITE-TEST/modules/mod_PlimunNivoSlider/themes/default default.css
2012.09.04 10:56 B C:\inetpub\wwwroot\modules\mod_PlimunNivoSlider\themes\default\line.png --> ftp3.ftptoyoursite.com /web/content/SITE-TEST/modules/mod_PlimunNivoSlider/themes/default line.png
2012.09.04 10:56 B C:\inetpub\wwwroot\modules\mod_PlimunNivoSlider\themes\default\loading.gif --> ftp3.ftptoyoursite.com /web/content/SITE-TEST/modules/mod_PlimunNivoSlider/themes/default loading.gif
2012.09.04 10:56 B C:\inetpub\wwwroot\modules\mod_PlimunNivoSlider\themes\default\Thumbs.db --> ftp3.ftptoyoursite.com /web/content/SITE-TEST/modules/mod_PlimunNivoSlider/themes/default Thumbs.db
2012.09.04 10:56 B C:\inetpub\wwwroot\modules\mod_PlimunNivoSlider\themes\default\WS_FTP.LOG --> ftp3.ftptoyoursite.com /web/content/SITE-TEST/modules/mod_PlimunNivoSlider/themes/default WS_FTP.LOG
2012.09.06 15:15 B C:\inetpub\wwwroot\modules\mod_PlimunNivoSlider\themes\default\-bullets2.png --> ftp3.ftptoyoursite.com /web/content/SITEBACKUP_962012/modules/mod_PlimunNivoSlider/themes/default -bullets2.png
2012.09.06 15:15 B C:\inetpub\wwwroot\modules\mod_PlimunNivoSlider\themes\default\arrows.png --> ftp3.ftptoyoursite.com /web/content/SITEBACKUP_962012/modules/mod_PlimunNivoSlider/themes/default arrows.png
2012.09.06 15:15 B C:\inetpub\wwwroot\modules\mod_PlimunNivoSlider\themes\default\arrows10.png --> ftp3.ftptoyoursite.com /web/content/SITEBACKUP_962012/modules/mod_PlimunNivoSlider/themes/default arrows10.png
2012.09.06 15:15 B C:\inetpub\wwwroot\modules\mod_PlimunNivoSlider\themes\default\arrows11.png --> ftp3.ftptoyoursite.com /web/content/SITEBACKUP_962012/modules/mod_PlimunNivoSlider/themes/default arrows11.png
2012.09.06 15:15 B C:\inetpub\wwwroot\modules\mod_PlimunNivoSlider\themes\default\arrows12.png --> ftp3.ftptoyoursite.com /web/content/SITEBACKUP_962012/modules/mod_PlimunNivoSlider/themes/default arrows12.png
2012.09.06 15:15 B C:\inetpub\wwwroot\modules\mod_PlimunNivoSlider\themes\default\arrows2.gif --> ftp3.ftptoyoursite.com /web/content/SITEBACKUP_962012/modules/mod_PlimunNivoSlider/themes/default arrows2.gif
2012.09.06 15:15 B C:\inetpub\wwwroot\modules\mod_PlimunNivoSlider\themes\default\arrows3.png --> ftp3.ftptoyoursite.com /web/content/SITEBACKUP_962012/modules/mod_PlimunNivoSlider/themes/default arrows3.png
2012.09.06 15:15 B C:\inetpub\wwwroot\modules\mod_PlimunNivoSlider\themes\default\arrows4.png --> ftp3.ftptoyoursite.com /web/content/SITEBACKUP_962012/modules/mod_PlimunNivoSlider/themes/default arrows4.png
2012.09.06 15:15 B C:\inetpub\wwwroot\modules\mod_PlimunNivoSlider\themes\default\arrows5.png --> ftp3.ftptoyoursite.com /web/content/SITEBACKUP_962012/modules/mod_PlimunNivoSlider/themes/default arrows5.png
2012.09.06 15:15 B C:\inetpub\wwwroot\modules\mod_PlimunNivoSlider\themes\default\arrows6_next.png --> ftp3.ftptoyoursite.com /web/content/SITEBACKUP_962012/modules/mod_PlimunNivoSlider/themes/default arrows6_next.png
2012.09.06 15:15 B C:\inetpub\wwwroot\modules\mod_PlimunNivoSlider\themes\default\arrows6_prev.png --> ftp3.ftptoyoursite.com /web/content/SITEBACKUP_962012/modules/mod_PlimunNivoSlider/themes/default arrows6_prev.png
2012.09.06 15:15 B C:\inetpub\wwwroot\modules\mod_PlimunNivoSlider\themes\default\arrows7.png --> ftp3.ftptoyoursite.com /web/content/SITEBACKUP_962012/modules/mod_PlimunNivoSlider/themes/default arrows7.png
2012.09.06 15:15 B C:\inetpub\wwwroot\modules\mod_PlimunNivoSlider\themes\default\arrows8.png --> ftp3.ftptoyoursite.com /web/content/SITEBACKUP_962012/modules/mod_PlimunNivoSlider/themes/default arrows8.png
2012.09.06 15:15 B C:\inetpub\wwwroot\modules\mod_PlimunNivoSlider\themes\default\arrows9.png --> ftp3.ftptoyoursite.com /web/content/SITEBACKUP_962012/modules/mod_PlimunNivoSlider/themes/default arrows9.png
2012.09.06 15:15 B C:\inetpub\wwwroot\modules\mod_PlimunNivoSlider\themes\default\bullets.png --> ftp3.ftptoyoursite.com /web/content/SITEBACKUP_962012/modules/mod_PlimunNivoSlider/themes/default bullets.png
2012.09.06 15:15 B C:\inetpub\wwwroot\modules\mod_PlimunNivoSlider\themes\default\bullets10.png --> ftp3.ftptoyoursite.com /web/content/SITEBACKUP_962012/modules/mod_PlimunNivoSlider/themes/default bullets10.png
2012.09.06 15:15 B C:\inetpub\wwwroot\modules\mod_PlimunNivoSlider\themes\default\bullets11.png --> ftp3.ftptoyoursite.com /web/content/SITEBACKUP_962012/modules/mod_PlimunNivoSlider/themes/default bullets11.png
2012.09.06 15:15 B C:\inetpub\wwwroot\modules\mod_PlimunNivoSlider\themes\default\bullets12.png --> ftp3.ftptoyoursite.com /web/content/SITEBACKUP_962012/modules/mod_PlimunNivoSlider/themes/default bullets12.png
2012.09.06 15:15 B C:\inetpub\wwwroot\modules\mod_PlimunNivoSlider\themes\default\bullets2.png --> ftp3.ftptoyoursite.com /web/content/SITEBACKUP_962012/modules/mod_PlimunNivoSlider/themes/default bullets2.png
2012.09.06 15:15 B C:\inetpub\wwwroot\modules\mod_PlimunNivoSlider\themes\default\bullets3.png --> ftp3.ftptoyoursite.com /web/content/SITEBACKUP_962012/modules/mod_PlimunNivoSlider/themes/default bullets3.png
2012.09.06 15:15 B C:\inetpub\wwwroot\modules\mod_PlimunNivoSlider\themes\default\bullets4.png --> ftp3.ftptoyoursite.com /web/content/SITEBACKUP_962012/modules/mod_PlimunNivoSlider/themes/default bullets4.png
2012.09.06 15:15 B C:\inetpub\wwwroot\modules\mod_PlimunNivoSlider\themes\default\bullets5.png --> ftp3.ftptoyoursite.com /web/content/SITEBACKUP_962012/modules/mod_PlimunNivoSlider/themes/default bullets5.png
2012.09.06 15:15 B C:\inetpub\wwwroot\modules\mod_PlimunNivoSlider\themes\default\bullets6.png --> ftp3.ftptoyoursite.com /web/content/SITEBACKUP_962012/modules/mod_PlimunNivoSlider/themes/default bullets6.png
2012.09.06 15:15 B C:\inetpub\wwwroot\modules\mod_PlimunNivoSlider\themes\default\bullets7.png --> ftp3.ftptoyoursite.com /web/content/SITEBACKUP_962012/modules/mod_PlimunNivoSlider/themes/default bullets7.png
2012.09.06 15:15 B C:\inetpub\wwwroot\modules\mod_PlimunNivoSlider\themes\default\bullets8.png --> ftp3.ftptoyoursite.com /web/content/SITEBACKUP_962012/modules/mod_PlimunNivoSlider/themes/default bullets8.png
2012.09.06 15:15 B C:\inetpub\wwwroot\modules\mod_PlimunNivoSlider\themes\default\bullets9.png --> ftp3.ftptoyoursite.com /web/content/SITEBACKUP_962012/modules/mod_PlimunNivoSlider/themes/default bullets9.png
2012.09.06 15:15 B C:\inetpub\wwwroot\modules\mod_PlimunNivoSlider\themes\default\control-nav.png --> ftp3.ftptoyoursite.com /web/content/SITEBACKUP_962012/modules/mod_PlimunNivoSlider/themes/default control-nav.png
2012.09.06 15:15 B C:\inetpub\wwwroot\modules\mod_PlimunNivoSlider\themes\default\controlnav.png --> ftp3.ftptoyoursite.com /web/content/SITEBACKUP_962012/modules/mod_PlimunNivoSlider/themes/default controlnav.png
2012.09.06 15:15 B C:\inetpub\wwwroot\modules\mod_PlimunNivoSlider\themes\default\default.css --> ftp3.ftptoyoursite.com /web/content/SITEBACKUP_962012/modules/mod_PlimunNivoSlider/themes/default default.css
2012.09.06 15:15 B C:\inetpub\wwwroot\modules\mod_PlimunNivoSlider\themes\default\line.png --> ftp3.ftptoyoursite.com /web/content/SITEBACKUP_962012/modules/mod_PlimunNivoSlider/themes/default line.png
2012.09.06 15:15 B C:\inetpub\wwwroot\modules\mod_PlimunNivoSlider\themes\default\loading.gif --> ftp3.ftptoyoursite.com /web/content/SITEBACKUP_962012/modules/mod_PlimunNivoSlider/themes/default loading.gif
2012.09.06 15:15 B C:\inetpub\wwwroot\modules\mod_PlimunNivoSlider\themes\default\Thumbs.db --> ftp3.ftptoyoursite.com /web/content/SITEBACKUP_962012/modules/mod_PlimunNivoSlider/themes/default Thumbs.db
2012.09.06 15:15 B C:\inetpub\wwwroot\modules\mod_PlimunNivoSlider\themes\default\WS_FTP.LOG --> ftp3.ftptoyoursite.com /web/content/SITEBACKUP_962012/modules/mod_PlimunNivoSlider/themes/default WS_FTP.LOG
2012.10.23 09:17 B C:\inetpub\wwwroot\modules\mod_PlimunNivoSlider\themes\default\-bullets2.png --> ftp3.ftptoyoursite.com /web/content/modules/mod_PlimunNivoSlider/themes/default -bullets2.png
2012.10.23 09:17 B C:\inetpub\wwwroot\modules\mod_PlimunNivoSlider\themes\default\arrows.png --> ftp3.ftptoyoursite.com /web/content/modules/mod_PlimunNivoSlider/themes/default arrows.png
2012.10.23 09:17 B C:\inetpub\wwwroot\modules\mod_PlimunNivoSlider\themes\default\arrows10.png --> ftp3.ftptoyoursite.com /web/content/modules/mod_PlimunNivoSlider/themes/default arrows10.png
2012.10.23 09:17 B C:\inetpub\wwwroot\modules\mod_PlimunNivoSlider\themes\default\arrows11.png --> ftp3.ftptoyoursite.com /web/content/modules/mod_PlimunNivoSlider/themes/default arrows11.png
2012.10.23 09:17 B C:\inetpub\wwwroot\modules\mod_PlimunNivoSlider\themes\default\arrows12.png --> ftp3.ftptoyoursite.com /web/content/modules/mod_PlimunNivoSlider/themes/default arrows12.png
2012.10.23 09:17 B C:\inetpub\wwwroot\modules\mod_PlimunNivoSlider\themes\default\arrows2.gif --> ftp3.ftptoyoursite.com /web/content/modules/mod_PlimunNivoSlider/themes/default arrows2.gif
2012.10.23 09:17 B C:\inetpub\wwwroot\modules\mod_PlimunNivoSlider\themes\default\arrows3.png --> ftp3.ftptoyoursite.com /web/content/modules/mod_PlimunNivoSlider/themes/default arrows3.png
2012.10.23 09:17 B C:\inetpub\wwwroot\modules\mod_PlimunNivoSlider\themes\default\arrows4.png --> ftp3.ftptoyoursite.com /web/content/modules/mod_PlimunNivoSlider/themes/default arrows4.png
2012.10.23 09:17 B C:\inetpub\wwwroot\modules\mod_PlimunNivoSlider\themes\default\arrows5.png --> ftp3.ftptoyoursite.com /web/content/modules/mod_PlimunNivoSlider/themes/default arrows5.png
2012.10.23 09:17 B C:\inetpub\wwwroot\modules\mod_PlimunNivoSlider\themes\default\arrows6_next.png --> ftp3.ftptoyoursite.com /web/content/modules/mod_PlimunNivoSlider/themes/default arrows6_next.png
2012.10.23 09:17 B C:\inetpub\wwwroot\modules\mod_PlimunNivoSlider\themes\default\arrows6_prev.png --> ftp3.ftptoyoursite.com /web/content/modules/mod_PlimunNivoSlider/themes/default arrows6_prev.png
2012.10.23 09:17 B C:\inetpub\wwwroot\modules\mod_PlimunNivoSlider\themes\default\arrows7.png --> ftp3.ftptoyoursite.com /web/content/modules/mod_PlimunNivoSlider/themes/default arrows7.png
2012.10.23 09:17 B C:\inetpub\wwwroot\modules\mod_PlimunNivoSlider\themes\default\arrows8.png --> ftp3.ftptoyoursite.com /web/content/modules/mod_PlimunNivoSlider/themes/default arrows8.png
2012.10.23 09:17 B C:\inetpub\wwwroot\modules\mod_PlimunNivoSlider\themes\default\arrows9.png --> ftp3.ftptoyoursite.com /web/content/modules/mod_PlimunNivoSlider/themes/default arrows9.png
2012.10.23 09:17 B C:\inetpub\wwwroot\modules\mod_PlimunNivoSlider\themes\default\bullets.png --> ftp3.ftptoyoursite.com /web/content/modules/mod_PlimunNivoSlider/themes/default bullets.png
2012.10.23 09:17 B C:\inetpub\wwwroot\modules\mod_PlimunNivoSlider\themes\default\bullets10.png --> ftp3.ftptoyoursite.com /web/content/modules/mod_PlimunNivoSlider/themes/default bullets10.png
2012.10.23 09:17 B C:\inetpub\wwwroot\modules\mod_PlimunNivoSlider\themes\default\bullets11.png --> ftp3.ftptoyoursite.com /web/content/modules/mod_PlimunNivoSlider/themes/default bullets11.png
2012.10.23 09:17 B C:\inetpub\wwwroot\modules\mod_PlimunNivoSlider\themes\default\bullets12.png --> ftp3.ftptoyoursite.com /web/content/modules/mod_PlimunNivoSlider/themes/default bullets12.png
2012.10.23 09:17 B C:\inetpub\wwwroot\modules\mod_PlimunNivoSlider\themes\default\bullets2.png --> ftp3.ftptoyoursite.com /web/content/modules/mod_PlimunNivoSlider/themes/default bullets2.png
2012.10.23 09:17 B C:\inetpub\wwwroot\modules\mod_PlimunNivoSlider\themes\default\bullets3.png --> ftp3.ftptoyoursite.com /web/content/modules/mod_PlimunNivoSlider/themes/default bullets3.png
2012.10.23 09:17 B C:\inetpub\wwwroot\modules\mod_PlimunNivoSlider\themes\default\bullets4.png --> ftp3.ftptoyoursite.com /web/content/modules/mod_PlimunNivoSlider/themes/default bullets4.png
2012.10.23 09:17 B C:\inetpub\wwwroot\modules\mod_PlimunNivoSlider\themes\default\bullets5.png --> ftp3.ftptoyoursite.com /web/content/modules/mod_PlimunNivoSlider/themes/default bullets5.png
2012.10.23 09:17 B C:\inetpub\wwwroot\modules\mod_PlimunNivoSlider\themes\default\bullets6.png --> ftp3.ftptoyoursite.com /web/content/modules/mod_PlimunNivoSlider/themes/default bullets6.png
2012.10.23 09:17 B C:\inetpub\wwwroot\modules\mod_PlimunNivoSlider\themes\default\bullets7.png --> ftp3.ftptoyoursite.com /web/content/modules/mod_PlimunNivoSlider/themes/default bullets7.png
2012.10.23 09:17 B C:\inetpub\wwwroot\modules\mod_PlimunNivoSlider\themes\default\bullets8.png --> ftp3.ftptoyoursite.com /web/content/modules/mod_PlimunNivoSlider/themes/default bullets8.png
2012.10.23 09:17 B C:\inetpub\wwwroot\modules\mod_PlimunNivoSlider\themes\default\bullets9.png --> ftp3.ftptoyoursite.com /web/content/modules/mod_PlimunNivoSlider/themes/default bullets9.png
2012.10.23 09:17 B C:\inetpub\wwwroot\modules\mod_PlimunNivoSlider\themes\default\control-nav.png --> ftp3.ftptoyoursite.com /web/content/modules/mod_PlimunNivoSlider/themes/default control-nav.png
2012.10.23 09:17 B C:\inetpub\wwwroot\modules\mod_PlimunNivoSlider\themes\default\controlnav.png --> ftp3.ftptoyoursite.com /web/content/modules/mod_PlimunNivoSlider/themes/default controlnav.png
2012.10.23 09:17 B C:\inetpub\wwwroot\modules\mod_PlimunNivoSlider\themes\default\default.css --> ftp3.ftptoyoursite.com /web/content/modules/mod_PlimunNivoSlider/themes/default default.css
2012.10.23 09:17 B C:\inetpub\wwwroot\modules\mod_PlimunNivoSlider\themes\default\line.png --> ftp3.ftptoyoursite.com /web/content/modules/mod_PlimunNivoSlider/themes/default line.png
2012.10.23 09:17 B C:\inetpub\wwwroot\modules\mod_PlimunNivoSlider\themes\default\loading.gif --> ftp3.ftptoyoursite.com /web/content/modules/mod_PlimunNivoSlider/themes/default loading.gif
2012.10.23 09:17 B C:\inetpub\wwwroot\modules\mod_PlimunNivoSlider\themes\default\Thumbs.db --> ftp3.ftptoyoursite.com /web/content/modules/mod_PlimunNivoSlider/themes/default Thumbs.db
2012.10.23 09:17 B C:\inetpub\wwwroot\modules\mod_PlimunNivoSlider\themes\default\WS_FTP.LOG --> ftp3.ftptoyoursite.com /web/content/modules/mod_PlimunNivoSlider/themes/default WS_FTP.LOG
2013.02.01 15:03 B C:\inetpub\wwwroot\modules\mod_PlimunNivoSlider\themes\default\WS_FTP.LOG <-- Schubert Rackspace /web/content/modules/mod_PlimunNivoSlider/themes/default WS_FTP.LOG
