2012.07.25 12:10 B C:\Users\COBRIEN\Desktop\Schubert\administrator\components\com_admin\views\sysinfo\tmpl\default.php <-- Schubert Rackspace /web/content/administrator/components/com_admin/views/sysinfo/tmpl default.php
2012.07.25 12:10 B C:\Users\COBRIEN\Desktop\Schubert\administrator\components\com_admin\views\sysinfo\tmpl\default_config.php <-- Schubert Rackspace /web/content/administrator/components/com_admin/views/sysinfo/tmpl default_config.php
2012.07.25 12:10 B C:\Users\COBRIEN\Desktop\Schubert\administrator\components\com_admin\views\sysinfo\tmpl\default_directory.php <-- Schubert Rackspace /web/content/administrator/components/com_admin/views/sysinfo/tmpl default_directory.php
2012.07.25 12:10 B C:\Users\COBRIEN\Desktop\Schubert\administrator\components\com_admin\views\sysinfo\tmpl\default_navigation.php <-- Schubert Rackspace /web/content/administrator/components/com_admin/views/sysinfo/tmpl default_navigation.php
2012.07.25 12:10 B C:\Users\COBRIEN\Desktop\Schubert\administrator\components\com_admin\views\sysinfo\tmpl\default_phpinfo.php <-- Schubert Rackspace /web/content/administrator/components/com_admin/views/sysinfo/tmpl default_phpinfo.php
2012.07.25 12:10 B C:\Users\COBRIEN\Desktop\Schubert\administrator\components\com_admin\views\sysinfo\tmpl\default_phpsettings.php <-- Schubert Rackspace /web/content/administrator/components/com_admin/views/sysinfo/tmpl default_phpsettings.php
2012.07.25 12:10 B C:\Users\COBRIEN\Desktop\Schubert\administrator\components\com_admin\views\sysinfo\tmpl\default_system.php <-- Schubert Rackspace /web/content/administrator/components/com_admin/views/sysinfo/tmpl default_system.php
2012.07.25 12:10 B C:\Users\COBRIEN\Desktop\Schubert\administrator\components\com_admin\views\sysinfo\tmpl\index.html <-- Schubert Rackspace /web/content/administrator/components/com_admin/views/sysinfo/tmpl index.html
2012.09.04 10:44 B C:\inetpub\wwwroot\administrator\components\com_admin\views\sysinfo\tmpl\default.php --> ftp3.ftptoyoursite.com /web/content/SITE-TEST/administrator/components/com_admin/views/sysinfo/tmpl default.php
2012.09.04 10:44 B C:\inetpub\wwwroot\administrator\components\com_admin\views\sysinfo\tmpl\default_config.php --> ftp3.ftptoyoursite.com /web/content/SITE-TEST/administrator/components/com_admin/views/sysinfo/tmpl default_config.php
2012.09.04 10:44 B C:\inetpub\wwwroot\administrator\components\com_admin\views\sysinfo\tmpl\default_directory.php --> ftp3.ftptoyoursite.com /web/content/SITE-TEST/administrator/components/com_admin/views/sysinfo/tmpl default_directory.php
2012.09.04 10:44 B C:\inetpub\wwwroot\administrator\components\com_admin\views\sysinfo\tmpl\default_navigation.php --> ftp3.ftptoyoursite.com /web/content/SITE-TEST/administrator/components/com_admin/views/sysinfo/tmpl default_navigation.php
2012.09.04 10:44 B C:\inetpub\wwwroot\administrator\components\com_admin\views\sysinfo\tmpl\default_phpinfo.php --> ftp3.ftptoyoursite.com /web/content/SITE-TEST/administrator/components/com_admin/views/sysinfo/tmpl default_phpinfo.php
2012.09.04 10:44 B C:\inetpub\wwwroot\administrator\components\com_admin\views\sysinfo\tmpl\default_phpsettings.php --> ftp3.ftptoyoursite.com /web/content/SITE-TEST/administrator/components/com_admin/views/sysinfo/tmpl default_phpsettings.php
2012.09.04 10:44 B C:\inetpub\wwwroot\administrator\components\com_admin\views\sysinfo\tmpl\default_system.php --> ftp3.ftptoyoursite.com /web/content/SITE-TEST/administrator/components/com_admin/views/sysinfo/tmpl default_system.php
2012.09.04 10:44 B C:\inetpub\wwwroot\administrator\components\com_admin\views\sysinfo\tmpl\index.html --> ftp3.ftptoyoursite.com /web/content/SITE-TEST/administrator/components/com_admin/views/sysinfo/tmpl index.html
2012.09.04 10:44 B C:\inetpub\wwwroot\administrator\components\com_admin\views\sysinfo\tmpl\WS_FTP.LOG --> ftp3.ftptoyoursite.com /web/content/SITE-TEST/administrator/components/com_admin/views/sysinfo/tmpl WS_FTP.LOG
2012.09.06 14:58 B C:\inetpub\wwwroot\administrator\components\com_admin\views\sysinfo\tmpl\default.php --> ftp3.ftptoyoursite.com /web/content/SITEBACKUP_962012/administrator/components/com_admin/views/sysinfo/tmpl default.php
2012.09.06 14:58 B C:\inetpub\wwwroot\administrator\components\com_admin\views\sysinfo\tmpl\default_config.php --> ftp3.ftptoyoursite.com /web/content/SITEBACKUP_962012/administrator/components/com_admin/views/sysinfo/tmpl default_config.php
2012.09.06 14:58 B C:\inetpub\wwwroot\administrator\components\com_admin\views\sysinfo\tmpl\default_directory.php --> ftp3.ftptoyoursite.com /web/content/SITEBACKUP_962012/administrator/components/com_admin/views/sysinfo/tmpl default_directory.php
2012.09.06 14:58 B C:\inetpub\wwwroot\administrator\components\com_admin\views\sysinfo\tmpl\default_navigation.php --> ftp3.ftptoyoursite.com /web/content/SITEBACKUP_962012/administrator/components/com_admin/views/sysinfo/tmpl default_navigation.php
2012.09.06 14:58 B C:\inetpub\wwwroot\administrator\components\com_admin\views\sysinfo\tmpl\default_phpinfo.php --> ftp3.ftptoyoursite.com /web/content/SITEBACKUP_962012/administrator/components/com_admin/views/sysinfo/tmpl default_phpinfo.php
2012.09.06 14:58 B C:\inetpub\wwwroot\administrator\components\com_admin\views\sysinfo\tmpl\default_phpsettings.php --> ftp3.ftptoyoursite.com /web/content/SITEBACKUP_962012/administrator/components/com_admin/views/sysinfo/tmpl default_phpsettings.php
2012.09.06 14:58 B C:\inetpub\wwwroot\administrator\components\com_admin\views\sysinfo\tmpl\default_system.php --> ftp3.ftptoyoursite.com /web/content/SITEBACKUP_962012/administrator/components/com_admin/views/sysinfo/tmpl default_system.php
2012.09.06 14:58 B C:\inetpub\wwwroot\administrator\components\com_admin\views\sysinfo\tmpl\index.html --> ftp3.ftptoyoursite.com /web/content/SITEBACKUP_962012/administrator/components/com_admin/views/sysinfo/tmpl index.html
2012.09.06 14:58 B C:\inetpub\wwwroot\administrator\components\com_admin\views\sysinfo\tmpl\WS_FTP.LOG --> ftp3.ftptoyoursite.com /web/content/SITEBACKUP_962012/administrator/components/com_admin/views/sysinfo/tmpl WS_FTP.LOG
2012.09.06 15:20 B C:\inetpub\wwwroot\administrator\components\com_admin\views\sysinfo\tmpl\default.php <-- Schubert Rackspace /web/content/administrator/components/com_admin/views/sysinfo/tmpl default.php
2012.09.06 15:20 B C:\inetpub\wwwroot\administrator\components\com_admin\views\sysinfo\tmpl\default_config.php <-- Schubert Rackspace /web/content/administrator/components/com_admin/views/sysinfo/tmpl default_config.php
2012.09.06 15:20 B C:\inetpub\wwwroot\administrator\components\com_admin\views\sysinfo\tmpl\default_directory.php <-- Schubert Rackspace /web/content/administrator/components/com_admin/views/sysinfo/tmpl default_directory.php
2012.09.06 15:20 B C:\inetpub\wwwroot\administrator\components\com_admin\views\sysinfo\tmpl\default_navigation.php <-- Schubert Rackspace /web/content/administrator/components/com_admin/views/sysinfo/tmpl default_navigation.php
2012.09.06 15:20 B C:\inetpub\wwwroot\administrator\components\com_admin\views\sysinfo\tmpl\default_phpinfo.php <-- Schubert Rackspace /web/content/administrator/components/com_admin/views/sysinfo/tmpl default_phpinfo.php
2012.09.06 15:20 B C:\inetpub\wwwroot\administrator\components\com_admin\views\sysinfo\tmpl\default_phpsettings.php <-- Schubert Rackspace /web/content/administrator/components/com_admin/views/sysinfo/tmpl default_phpsettings.php
2012.09.06 15:20 B C:\inetpub\wwwroot\administrator\components\com_admin\views\sysinfo\tmpl\default_system.php <-- Schubert Rackspace /web/content/administrator/components/com_admin/views/sysinfo/tmpl default_system.php
2012.09.06 15:20 B C:\inetpub\wwwroot\administrator\components\com_admin\views\sysinfo\tmpl\index.html <-- Schubert Rackspace /web/content/administrator/components/com_admin/views/sysinfo/tmpl index.html
2012.09.06 15:43 B C:\inetpub\wwwroot\administrator\components\com_admin\views\sysinfo\tmpl\default.php <-- Schubert Rackspace /web/content/SITEBACKUP_962012/administrator/components/com_admin/views/sysinfo/tmpl default.php
2012.09.06 15:43 B C:\inetpub\wwwroot\administrator\components\com_admin\views\sysinfo\tmpl\default_config.php <-- Schubert Rackspace /web/content/SITEBACKUP_962012/administrator/components/com_admin/views/sysinfo/tmpl default_config.php
2012.09.06 15:43 B C:\inetpub\wwwroot\administrator\components\com_admin\views\sysinfo\tmpl\default_directory.php <-- Schubert Rackspace /web/content/SITEBACKUP_962012/administrator/components/com_admin/views/sysinfo/tmpl default_directory.php
2012.09.06 15:43 B C:\inetpub\wwwroot\administrator\components\com_admin\views\sysinfo\tmpl\default_navigation.php <-- Schubert Rackspace /web/content/SITEBACKUP_962012/administrator/components/com_admin/views/sysinfo/tmpl default_navigation.php
2012.09.06 15:43 B C:\inetpub\wwwroot\administrator\components\com_admin\views\sysinfo\tmpl\default_phpinfo.php <-- Schubert Rackspace /web/content/SITEBACKUP_962012/administrator/components/com_admin/views/sysinfo/tmpl default_phpinfo.php
2012.09.06 15:43 B C:\inetpub\wwwroot\administrator\components\com_admin\views\sysinfo\tmpl\default_phpsettings.php <-- Schubert Rackspace /web/content/SITEBACKUP_962012/administrator/components/com_admin/views/sysinfo/tmpl default_phpsettings.php
2012.09.06 15:43 B C:\inetpub\wwwroot\administrator\components\com_admin\views\sysinfo\tmpl\default_system.php <-- Schubert Rackspace /web/content/SITEBACKUP_962012/administrator/components/com_admin/views/sysinfo/tmpl default_system.php
2012.09.06 15:43 B C:\inetpub\wwwroot\administrator\components\com_admin\views\sysinfo\tmpl\index.html <-- Schubert Rackspace /web/content/SITEBACKUP_962012/administrator/components/com_admin/views/sysinfo/tmpl index.html
2012.10.23 09:03 B C:\inetpub\wwwroot\administrator\components\com_admin\views\sysinfo\tmpl\default.php --> ftp3.ftptoyoursite.com /web/content/administrator/components/com_admin/views/sysinfo/tmpl default.php
2012.10.23 09:03 B C:\inetpub\wwwroot\administrator\components\com_admin\views\sysinfo\tmpl\default_config.php --> ftp3.ftptoyoursite.com /web/content/administrator/components/com_admin/views/sysinfo/tmpl default_config.php
2012.10.23 09:03 B C:\inetpub\wwwroot\administrator\components\com_admin\views\sysinfo\tmpl\default_directory.php --> ftp3.ftptoyoursite.com /web/content/administrator/components/com_admin/views/sysinfo/tmpl default_directory.php
2012.10.23 09:03 B C:\inetpub\wwwroot\administrator\components\com_admin\views\sysinfo\tmpl\default_navigation.php --> ftp3.ftptoyoursite.com /web/content/administrator/components/com_admin/views/sysinfo/tmpl default_navigation.php
2012.10.23 09:03 B C:\inetpub\wwwroot\administrator\components\com_admin\views\sysinfo\tmpl\default_phpinfo.php --> ftp3.ftptoyoursite.com /web/content/administrator/components/com_admin/views/sysinfo/tmpl default_phpinfo.php
2012.10.23 09:03 B C:\inetpub\wwwroot\administrator\components\com_admin\views\sysinfo\tmpl\default_phpsettings.php --> ftp3.ftptoyoursite.com /web/content/administrator/components/com_admin/views/sysinfo/tmpl default_phpsettings.php
2012.10.23 09:03 B C:\inetpub\wwwroot\administrator\components\com_admin\views\sysinfo\tmpl\default_system.php --> ftp3.ftptoyoursite.com /web/content/administrator/components/com_admin/views/sysinfo/tmpl default_system.php
2012.10.23 09:03 B C:\inetpub\wwwroot\administrator\components\com_admin\views\sysinfo\tmpl\index.html --> ftp3.ftptoyoursite.com /web/content/administrator/components/com_admin/views/sysinfo/tmpl index.html
2012.10.23 09:03 B C:\inetpub\wwwroot\administrator\components\com_admin\views\sysinfo\tmpl\WS_FTP.LOG --> ftp3.ftptoyoursite.com /web/content/administrator/components/com_admin/views/sysinfo/tmpl WS_FTP.LOG
2013.02.01 14:39 B C:\inetpub\wwwroot\administrator\components\com_admin\views\sysinfo\tmpl\WS_FTP.LOG <-- Schubert Rackspace /web/content/administrator/components/com_admin/views/sysinfo/tmpl WS_FTP.LOG
