2012.07.25 12:10 B C:\Users\COBRIEN\Desktop\Schubert\administrator\components\com_acesearch\assets\images\acesearch.png <-- Schubert Rackspace /web/content/administrator/components/com_acesearch/assets/images acesearch.png
2012.07.25 12:10 B C:\Users\COBRIEN\Desktop\Schubert\administrator\components\com_acesearch\assets\images\blank.gif <-- Schubert Rackspace /web/content/administrator/components/com_acesearch/assets/images blank.gif
2012.07.25 12:10 B C:\Users\COBRIEN\Desktop\Schubert\administrator\components\com_acesearch\assets\images\calendar.gif <-- Schubert Rackspace /web/content/administrator/components/com_acesearch/assets/images calendar.gif
2012.07.25 12:10 B C:\Users\COBRIEN\Desktop\Schubert\administrator\components\com_acesearch\assets\images\colorpicker_background.png <-- Schubert Rackspace /web/content/administrator/components/com_acesearch/assets/images colorpicker_background.png
2012.07.25 12:10 B C:\Users\COBRIEN\Desktop\Schubert\administrator\components\com_acesearch\assets\images\colorpicker_hex.png <-- Schubert Rackspace /web/content/administrator/components/com_acesearch/assets/images colorpicker_hex.png
2012.07.25 12:10 B C:\Users\COBRIEN\Desktop\Schubert\administrator\components\com_acesearch\assets\images\colorpicker_hsb_b.png <-- Schubert Rackspace /web/content/administrator/components/com_acesearch/assets/images colorpicker_hsb_b.png
2012.07.25 12:10 B C:\Users\COBRIEN\Desktop\Schubert\administrator\components\com_acesearch\assets\images\colorpicker_hsb_h.png <-- Schubert Rackspace /web/content/administrator/components/com_acesearch/assets/images colorpicker_hsb_h.png
2012.07.25 12:10 B C:\Users\COBRIEN\Desktop\Schubert\administrator\components\com_acesearch\assets\images\colorpicker_hsb_s.png <-- Schubert Rackspace /web/content/administrator/components/com_acesearch/assets/images colorpicker_hsb_s.png
2012.07.25 12:10 B C:\Users\COBRIEN\Desktop\Schubert\administrator\components\com_acesearch\assets\images\colorpicker_indic.gif <-- Schubert Rackspace /web/content/administrator/components/com_acesearch/assets/images colorpicker_indic.gif
2012.07.25 12:10 B C:\Users\COBRIEN\Desktop\Schubert\administrator\components\com_acesearch\assets\images\colorpicker_overlay.png <-- Schubert Rackspace /web/content/administrator/components/com_acesearch/assets/images colorpicker_overlay.png
2012.07.25 12:10 B C:\Users\COBRIEN\Desktop\Schubert\administrator\components\com_acesearch\assets\images\colorpicker_rgb_b.png <-- Schubert Rackspace /web/content/administrator/components/com_acesearch/assets/images colorpicker_rgb_b.png
2012.07.25 12:10 B C:\Users\COBRIEN\Desktop\Schubert\administrator\components\com_acesearch\assets\images\colorpicker_rgb_g.png <-- Schubert Rackspace /web/content/administrator/components/com_acesearch/assets/images colorpicker_rgb_g.png
2012.07.25 12:10 B C:\Users\COBRIEN\Desktop\Schubert\administrator\components\com_acesearch\assets\images\colorpicker_rgb_r.png <-- Schubert Rackspace /web/content/administrator/components/com_acesearch/assets/images colorpicker_rgb_r.png
2012.07.25 12:10 B C:\Users\COBRIEN\Desktop\Schubert\administrator\components\com_acesearch\assets\images\colorpicker_select.gif <-- Schubert Rackspace /web/content/administrator/components/com_acesearch/assets/images colorpicker_select.gif
2012.07.25 12:10 B C:\Users\COBRIEN\Desktop\Schubert\administrator\components\com_acesearch\assets\images\colorpicker_submit.png <-- Schubert Rackspace /web/content/administrator/components/com_acesearch/assets/images colorpicker_submit.png
2012.07.25 12:10 B C:\Users\COBRIEN\Desktop\Schubert\administrator\components\com_acesearch\assets\images\custom_indic.gif <-- Schubert Rackspace /web/content/administrator/components/com_acesearch/assets/images custom_indic.gif
2012.07.25 12:10 B C:\Users\COBRIEN\Desktop\Schubert\administrator\components\com_acesearch\assets\images\icon-14-tooltip.png <-- Schubert Rackspace /web/content/administrator/components/com_acesearch/assets/images icon-14-tooltip.png
2012.07.25 12:10 B C:\Users\COBRIEN\Desktop\Schubert\administrator\components\com_acesearch\assets\images\icon-16-as-changelog.png <-- Schubert Rackspace /web/content/administrator/components/com_acesearch/assets/images icon-16-as-changelog.png
2012.07.25 12:10 B C:\Users\COBRIEN\Desktop\Schubert\administrator\components\com_acesearch\assets\images\icon-16-as-config.png <-- Schubert Rackspace /web/content/administrator/components/com_acesearch/assets/images icon-16-as-config.png
2012.07.25 12:10 B C:\Users\COBRIEN\Desktop\Schubert\administrator\components\com_acesearch\assets\images\icon-16-as-css.png <-- Schubert Rackspace /web/content/administrator/components/com_acesearch/assets/images icon-16-as-css.png
2012.07.25 12:10 B C:\Users\COBRIEN\Desktop\Schubert\administrator\components\com_acesearch\assets\images\icon-16-as-extensions.png <-- Schubert Rackspace /web/content/administrator/components/com_acesearch/assets/images icon-16-as-extensions.png
2012.07.25 12:10 B C:\Users\COBRIEN\Desktop\Schubert\administrator\components\com_acesearch\assets\images\icon-16-as-filters.png <-- Schubert Rackspace /web/content/administrator/components/com_acesearch/assets/images icon-16-as-filters.png
2012.07.25 12:10 B C:\Users\COBRIEN\Desktop\Schubert\administrator\components\com_acesearch\assets\images\icon-16-as-search.png <-- Schubert Rackspace /web/content/administrator/components/com_acesearch/assets/images icon-16-as-search.png
2012.07.25 12:10 B C:\Users\COBRIEN\Desktop\Schubert\administrator\components\com_acesearch\assets\images\icon-16-as-statistics.png <-- Schubert Rackspace /web/content/administrator/components/com_acesearch/assets/images icon-16-as-statistics.png
2012.07.25 12:10 B C:\Users\COBRIEN\Desktop\Schubert\administrator\components\com_acesearch\assets\images\icon-16-as-support.png <-- Schubert Rackspace /web/content/administrator/components/com_acesearch/assets/images icon-16-as-support.png
2012.07.25 12:10 B C:\Users\COBRIEN\Desktop\Schubert\administrator\components\com_acesearch\assets\images\icon-16-as-upgrade.png <-- Schubert Rackspace /web/content/administrator/components/com_acesearch/assets/images icon-16-as-upgrade.png
2012.07.25 12:10 B C:\Users\COBRIEN\Desktop\Schubert\administrator\components\com_acesearch\assets\images\icon-16-backend.png <-- Schubert Rackspace /web/content/administrator/components/com_acesearch/assets/images icon-16-backend.png
2012.07.25 12:10 B C:\Users\COBRIEN\Desktop\Schubert\administrator\components\com_acesearch\assets\images\icon-16-frontend.png <-- Schubert Rackspace /web/content/administrator/components/com_acesearch/assets/images icon-16-frontend.png
2012.07.25 12:10 B C:\Users\COBRIEN\Desktop\Schubert\administrator\components\com_acesearch\assets\images\icon-16-google.png <-- Schubert Rackspace /web/content/administrator/components/com_acesearch/assets/images icon-16-google.png
2012.07.25 12:10 B C:\Users\COBRIEN\Desktop\Schubert\administrator\components\com_acesearch\assets\images\icon-16-published-off.png <-- Schubert Rackspace /web/content/administrator/components/com_acesearch/assets/images icon-16-published-off.png
2012.07.25 12:10 B C:\Users\COBRIEN\Desktop\Schubert\administrator\components\com_acesearch\assets\images\icon-16-published-on.png <-- Schubert Rackspace /web/content/administrator/components/com_acesearch/assets/images icon-16-published-on.png
2012.07.25 12:10 B C:\Users\COBRIEN\Desktop\Schubert\administrator\components\com_acesearch\assets\images\icon-32-apply1.png <-- Schubert Rackspace /web/content/administrator/components/com_acesearch/assets/images icon-32-apply1.png
2012.07.25 12:10 B C:\Users\COBRIEN\Desktop\Schubert\administrator\components\com_acesearch\assets\images\icon-32-cancel1.png <-- Schubert Rackspace /web/content/administrator/components/com_acesearch/assets/images icon-32-cancel1.png
2012.07.25 12:10 B C:\Users\COBRIEN\Desktop\Schubert\administrator\components\com_acesearch\assets\images\icon-32-edit1.png <-- Schubert Rackspace /web/content/administrator/components/com_acesearch/assets/images icon-32-edit1.png
2012.07.25 12:10 B C:\Users\COBRIEN\Desktop\Schubert\administrator\components\com_acesearch\assets\images\icon-32-new1.png <-- Schubert Rackspace /web/content/administrator/components/com_acesearch/assets/images icon-32-new1.png
2012.07.25 12:10 B C:\Users\COBRIEN\Desktop\Schubert\administrator\components\com_acesearch\assets\images\icon-32-popup-cache.png <-- Schubert Rackspace /web/content/administrator/components/com_acesearch/assets/images icon-32-popup-cache.png
2012.07.25 12:10 B C:\Users\COBRIEN\Desktop\Schubert\administrator\components\com_acesearch\assets\images\icon-32-popup-help1.png <-- Schubert Rackspace /web/content/administrator/components/com_acesearch/assets/images icon-32-popup-help1.png
2012.07.25 12:10 B C:\Users\COBRIEN\Desktop\Schubert\administrator\components\com_acesearch\assets\images\icon-32-publish1.png <-- Schubert Rackspace /web/content/administrator/components/com_acesearch/assets/images icon-32-publish1.png
2012.07.25 12:10 B C:\Users\COBRIEN\Desktop\Schubert\administrator\components\com_acesearch\assets\images\icon-32-save1.png <-- Schubert Rackspace /web/content/administrator/components/com_acesearch/assets/images icon-32-save1.png
2012.07.25 12:10 B C:\Users\COBRIEN\Desktop\Schubert\administrator\components\com_acesearch\assets\images\icon-32-uninstall.png <-- Schubert Rackspace /web/content/administrator/components/com_acesearch/assets/images icon-32-uninstall.png
2012.07.25 12:10 B C:\Users\COBRIEN\Desktop\Schubert\administrator\components\com_acesearch\assets\images\icon-32-unpublish1.png <-- Schubert Rackspace /web/content/administrator/components/com_acesearch/assets/images icon-32-unpublish1.png
2012.07.25 12:10 B C:\Users\COBRIEN\Desktop\Schubert\administrator\components\com_acesearch\assets\images\icon-48-changelog.png <-- Schubert Rackspace /web/content/administrator/components/com_acesearch/assets/images icon-48-changelog.png
2012.07.25 12:10 B C:\Users\COBRIEN\Desktop\Schubert\administrator\components\com_acesearch\assets\images\icon-48-configuration.png <-- Schubert Rackspace /web/content/administrator/components/com_acesearch/assets/images icon-48-configuration.png
2012.07.25 12:10 B C:\Users\COBRIEN\Desktop\Schubert\administrator\components\com_acesearch\assets\images\icon-48-css.png <-- Schubert Rackspace /web/content/administrator/components/com_acesearch/assets/images icon-48-css.png
2012.07.25 12:10 B C:\Users\COBRIEN\Desktop\Schubert\administrator\components\com_acesearch\assets\images\icon-48-extensions.png <-- Schubert Rackspace /web/content/administrator/components/com_acesearch/assets/images icon-48-extensions.png
2012.07.25 12:10 B C:\Users\COBRIEN\Desktop\Schubert\administrator\components\com_acesearch\assets\images\icon-48-filters.png <-- Schubert Rackspace /web/content/administrator/components/com_acesearch/assets/images icon-48-filters.png
2012.07.25 12:10 B C:\Users\COBRIEN\Desktop\Schubert\administrator\components\com_acesearch\assets\images\icon-48-joomace.png <-- Schubert Rackspace /web/content/administrator/components/com_acesearch/assets/images icon-48-joomace.png
2012.07.25 12:10 B C:\Users\COBRIEN\Desktop\Schubert\administrator\components\com_acesearch\assets\images\icon-48-search.png <-- Schubert Rackspace /web/content/administrator/components/com_acesearch/assets/images icon-48-search.png
2012.07.25 12:10 B C:\Users\COBRIEN\Desktop\Schubert\administrator\components\com_acesearch\assets\images\icon-48-statistics.png <-- Schubert Rackspace /web/content/administrator/components/com_acesearch/assets/images icon-48-statistics.png
2012.07.25 12:10 B C:\Users\COBRIEN\Desktop\Schubert\administrator\components\com_acesearch\assets\images\icon-48-support.png <-- Schubert Rackspace /web/content/administrator/components/com_acesearch/assets/images icon-48-support.png
2012.07.25 12:10 B C:\Users\COBRIEN\Desktop\Schubert\administrator\components\com_acesearch\assets\images\icon-48-translators.png <-- Schubert Rackspace /web/content/administrator/components/com_acesearch/assets/images icon-48-translators.png
2012.07.25 12:10 B C:\Users\COBRIEN\Desktop\Schubert\administrator\components\com_acesearch\assets\images\icon-48-upgrade.png <-- Schubert Rackspace /web/content/administrator/components/com_acesearch/assets/images icon-48-upgrade.png
2012.07.25 12:10 B C:\Users\COBRIEN\Desktop\Schubert\administrator\components\com_acesearch\assets\images\icon-48-version-ok.png <-- Schubert Rackspace /web/content/administrator/components/com_acesearch/assets/images icon-48-version-ok.png
2012.07.25 12:10 B C:\Users\COBRIEN\Desktop\Schubert\administrator\components\com_acesearch\assets\images\icon-48-version-up.png <-- Schubert Rackspace /web/content/administrator/components/com_acesearch/assets/images icon-48-version-up.png
2012.07.25 12:10 B C:\Users\COBRIEN\Desktop\Schubert\administrator\components\com_acesearch\assets\images\index.html <-- Schubert Rackspace /web/content/administrator/components/com_acesearch/assets/images index.html
2012.07.25 12:10 B C:\Users\COBRIEN\Desktop\Schubert\administrator\components\com_acesearch\assets\images\indicator.png <-- Schubert Rackspace /web/content/administrator/components/com_acesearch/assets/images indicator.png
2012.07.25 12:10 B C:\Users\COBRIEN\Desktop\Schubert\administrator\components\com_acesearch\assets\images\logo.png <-- Schubert Rackspace /web/content/administrator/components/com_acesearch/assets/images logo.png
2012.07.25 12:10 B C:\Users\COBRIEN\Desktop\Schubert\administrator\components\com_acesearch\assets\images\ordering.png <-- Schubert Rackspace /web/content/administrator/components/com_acesearch/assets/images ordering.png
2012.07.25 12:10 B C:\Users\COBRIEN\Desktop\Schubert\administrator\components\com_acesearch\assets\images\publish_x.png <-- Schubert Rackspace /web/content/administrator/components/com_acesearch/assets/images publish_x.png
2012.07.25 12:10 B C:\Users\COBRIEN\Desktop\Schubert\administrator\components\com_acesearch\assets\images\remove.gif <-- Schubert Rackspace /web/content/administrator/components/com_acesearch/assets/images remove.gif
2012.07.25 12:10 B C:\Users\COBRIEN\Desktop\Schubert\administrator\components\com_acesearch\assets\images\shading.png <-- Schubert Rackspace /web/content/administrator/components/com_acesearch/assets/images shading.png
2012.07.25 12:10 B C:\Users\COBRIEN\Desktop\Schubert\administrator\components\com_acesearch\assets\images\slider.png <-- Schubert Rackspace /web/content/administrator/components/com_acesearch/assets/images slider.png
2012.07.25 12:10 B C:\Users\COBRIEN\Desktop\Schubert\administrator\components\com_acesearch\assets\images\toolbar.png <-- Schubert Rackspace /web/content/administrator/components/com_acesearch/assets/images toolbar.png
2012.09.04 10:43 B C:\inetpub\wwwroot\administrator\components\com_acesearch\assets\images\acesearch.png --> ftp3.ftptoyoursite.com /web/content/SITE-TEST/administrator/components/com_acesearch/assets/images acesearch.png
2012.09.04 10:43 B C:\inetpub\wwwroot\administrator\components\com_acesearch\assets\images\blank.gif --> ftp3.ftptoyoursite.com /web/content/SITE-TEST/administrator/components/com_acesearch/assets/images blank.gif
2012.09.04 10:43 B C:\inetpub\wwwroot\administrator\components\com_acesearch\assets\images\calendar.gif --> ftp3.ftptoyoursite.com /web/content/SITE-TEST/administrator/components/com_acesearch/assets/images calendar.gif
2012.09.04 10:43 B C:\inetpub\wwwroot\administrator\components\com_acesearch\assets\images\colorpicker_background.png --> ftp3.ftptoyoursite.com /web/content/SITE-TEST/administrator/components/com_acesearch/assets/images colorpicker_background.png
2012.09.04 10:43 B C:\inetpub\wwwroot\administrator\components\com_acesearch\assets\images\colorpicker_hex.png --> ftp3.ftptoyoursite.com /web/content/SITE-TEST/administrator/components/com_acesearch/assets/images colorpicker_hex.png
2012.09.04 10:43 B C:\inetpub\wwwroot\administrator\components\com_acesearch\assets\images\colorpicker_hsb_b.png --> ftp3.ftptoyoursite.com /web/content/SITE-TEST/administrator/components/com_acesearch/assets/images colorpicker_hsb_b.png
2012.09.04 10:43 B C:\inetpub\wwwroot\administrator\components\com_acesearch\assets\images\colorpicker_hsb_h.png --> ftp3.ftptoyoursite.com /web/content/SITE-TEST/administrator/components/com_acesearch/assets/images colorpicker_hsb_h.png
2012.09.04 10:43 B C:\inetpub\wwwroot\administrator\components\com_acesearch\assets\images\colorpicker_hsb_s.png --> ftp3.ftptoyoursite.com /web/content/SITE-TEST/administrator/components/com_acesearch/assets/images colorpicker_hsb_s.png
2012.09.04 10:43 B C:\inetpub\wwwroot\administrator\components\com_acesearch\assets\images\colorpicker_indic.gif --> ftp3.ftptoyoursite.com /web/content/SITE-TEST/administrator/components/com_acesearch/assets/images colorpicker_indic.gif
2012.09.04 10:43 B C:\inetpub\wwwroot\administrator\components\com_acesearch\assets\images\colorpicker_overlay.png --> ftp3.ftptoyoursite.com /web/content/SITE-TEST/administrator/components/com_acesearch/assets/images colorpicker_overlay.png
2012.09.04 10:43 B C:\inetpub\wwwroot\administrator\components\com_acesearch\assets\images\colorpicker_rgb_b.png --> ftp3.ftptoyoursite.com /web/content/SITE-TEST/administrator/components/com_acesearch/assets/images colorpicker_rgb_b.png
2012.09.04 10:43 B C:\inetpub\wwwroot\administrator\components\com_acesearch\assets\images\colorpicker_rgb_g.png --> ftp3.ftptoyoursite.com /web/content/SITE-TEST/administrator/components/com_acesearch/assets/images colorpicker_rgb_g.png
2012.09.04 10:43 B C:\inetpub\wwwroot\administrator\components\com_acesearch\assets\images\colorpicker_rgb_r.png --> ftp3.ftptoyoursite.com /web/content/SITE-TEST/administrator/components/com_acesearch/assets/images colorpicker_rgb_r.png
2012.09.04 10:43 B C:\inetpub\wwwroot\administrator\components\com_acesearch\assets\images\colorpicker_select.gif --> ftp3.ftptoyoursite.com /web/content/SITE-TEST/administrator/components/com_acesearch/assets/images colorpicker_select.gif
2012.09.04 10:43 B C:\inetpub\wwwroot\administrator\components\com_acesearch\assets\images\colorpicker_submit.png --> ftp3.ftptoyoursite.com /web/content/SITE-TEST/administrator/components/com_acesearch/assets/images colorpicker_submit.png
2012.09.04 10:43 B C:\inetpub\wwwroot\administrator\components\com_acesearch\assets\images\custom_indic.gif --> ftp3.ftptoyoursite.com /web/content/SITE-TEST/administrator/components/com_acesearch/assets/images custom_indic.gif
2012.09.04 10:43 B C:\inetpub\wwwroot\administrator\components\com_acesearch\assets\images\icon-14-tooltip.png --> ftp3.ftptoyoursite.com /web/content/SITE-TEST/administrator/components/com_acesearch/assets/images icon-14-tooltip.png
2012.09.04 10:43 B C:\inetpub\wwwroot\administrator\components\com_acesearch\assets\images\icon-16-as-changelog.png --> ftp3.ftptoyoursite.com /web/content/SITE-TEST/administrator/components/com_acesearch/assets/images icon-16-as-changelog.png
2012.09.04 10:43 B C:\inetpub\wwwroot\administrator\components\com_acesearch\assets\images\icon-16-as-config.png --> ftp3.ftptoyoursite.com /web/content/SITE-TEST/administrator/components/com_acesearch/assets/images icon-16-as-config.png
2012.09.04 10:43 B C:\inetpub\wwwroot\administrator\components\com_acesearch\assets\images\icon-16-as-css.png --> ftp3.ftptoyoursite.com /web/content/SITE-TEST/administrator/components/com_acesearch/assets/images icon-16-as-css.png
2012.09.04 10:43 B C:\inetpub\wwwroot\administrator\components\com_acesearch\assets\images\icon-16-as-extensions.png --> ftp3.ftptoyoursite.com /web/content/SITE-TEST/administrator/components/com_acesearch/assets/images icon-16-as-extensions.png
2012.09.04 10:43 B C:\inetpub\wwwroot\administrator\components\com_acesearch\assets\images\icon-16-as-filters.png --> ftp3.ftptoyoursite.com /web/content/SITE-TEST/administrator/components/com_acesearch/assets/images icon-16-as-filters.png
2012.09.04 10:43 B C:\inetpub\wwwroot\administrator\components\com_acesearch\assets\images\icon-16-as-search.png --> ftp3.ftptoyoursite.com /web/content/SITE-TEST/administrator/components/com_acesearch/assets/images icon-16-as-search.png
2012.09.04 10:43 B C:\inetpub\wwwroot\administrator\components\com_acesearch\assets\images\icon-16-as-statistics.png --> ftp3.ftptoyoursite.com /web/content/SITE-TEST/administrator/components/com_acesearch/assets/images icon-16-as-statistics.png
2012.09.04 10:43 B C:\inetpub\wwwroot\administrator\components\com_acesearch\assets\images\icon-16-as-support.png --> ftp3.ftptoyoursite.com /web/content/SITE-TEST/administrator/components/com_acesearch/assets/images icon-16-as-support.png
2012.09.04 10:43 B C:\inetpub\wwwroot\administrator\components\com_acesearch\assets\images\icon-16-as-upgrade.png --> ftp3.ftptoyoursite.com /web/content/SITE-TEST/administrator/components/com_acesearch/assets/images icon-16-as-upgrade.png
2012.09.04 10:43 B C:\inetpub\wwwroot\administrator\components\com_acesearch\assets\images\icon-16-backend.png --> ftp3.ftptoyoursite.com /web/content/SITE-TEST/administrator/components/com_acesearch/assets/images icon-16-backend.png
2012.09.04 10:43 B C:\inetpub\wwwroot\administrator\components\com_acesearch\assets\images\icon-16-frontend.png --> ftp3.ftptoyoursite.com /web/content/SITE-TEST/administrator/components/com_acesearch/assets/images icon-16-frontend.png
2012.09.04 10:43 B C:\inetpub\wwwroot\administrator\components\com_acesearch\assets\images\icon-16-google.png --> ftp3.ftptoyoursite.com /web/content/SITE-TEST/administrator/components/com_acesearch/assets/images icon-16-google.png
2012.09.04 10:43 B C:\inetpub\wwwroot\administrator\components\com_acesearch\assets\images\icon-16-published-off.png --> ftp3.ftptoyoursite.com /web/content/SITE-TEST/administrator/components/com_acesearch/assets/images icon-16-published-off.png
2012.09.04 10:43 B C:\inetpub\wwwroot\administrator\components\com_acesearch\assets\images\icon-16-published-on.png --> ftp3.ftptoyoursite.com /web/content/SITE-TEST/administrator/components/com_acesearch/assets/images icon-16-published-on.png
2012.09.04 10:43 B C:\inetpub\wwwroot\administrator\components\com_acesearch\assets\images\icon-32-apply1.png --> ftp3.ftptoyoursite.com /web/content/SITE-TEST/administrator/components/com_acesearch/assets/images icon-32-apply1.png
2012.09.04 10:43 B C:\inetpub\wwwroot\administrator\components\com_acesearch\assets\images\icon-32-cancel1.png --> ftp3.ftptoyoursite.com /web/content/SITE-TEST/administrator/components/com_acesearch/assets/images icon-32-cancel1.png
2012.09.04 10:43 B C:\inetpub\wwwroot\administrator\components\com_acesearch\assets\images\icon-32-edit1.png --> ftp3.ftptoyoursite.com /web/content/SITE-TEST/administrator/components/com_acesearch/assets/images icon-32-edit1.png
2012.09.04 10:43 B C:\inetpub\wwwroot\administrator\components\com_acesearch\assets\images\icon-32-new1.png --> ftp3.ftptoyoursite.com /web/content/SITE-TEST/administrator/components/com_acesearch/assets/images icon-32-new1.png
2012.09.04 10:43 B C:\inetpub\wwwroot\administrator\components\com_acesearch\assets\images\icon-32-popup-cache.png --> ftp3.ftptoyoursite.com /web/content/SITE-TEST/administrator/components/com_acesearch/assets/images icon-32-popup-cache.png
2012.09.04 10:43 B C:\inetpub\wwwroot\administrator\components\com_acesearch\assets\images\icon-32-popup-help1.png --> ftp3.ftptoyoursite.com /web/content/SITE-TEST/administrator/components/com_acesearch/assets/images icon-32-popup-help1.png
2012.09.04 10:43 B C:\inetpub\wwwroot\administrator\components\com_acesearch\assets\images\icon-32-publish1.png --> ftp3.ftptoyoursite.com /web/content/SITE-TEST/administrator/components/com_acesearch/assets/images icon-32-publish1.png
2012.09.04 10:43 B C:\inetpub\wwwroot\administrator\components\com_acesearch\assets\images\icon-32-save1.png --> ftp3.ftptoyoursite.com /web/content/SITE-TEST/administrator/components/com_acesearch/assets/images icon-32-save1.png
2012.09.04 10:43 B C:\inetpub\wwwroot\administrator\components\com_acesearch\assets\images\icon-32-uninstall.png --> ftp3.ftptoyoursite.com /web/content/SITE-TEST/administrator/components/com_acesearch/assets/images icon-32-uninstall.png
2012.09.04 10:43 B C:\inetpub\wwwroot\administrator\components\com_acesearch\assets\images\icon-32-unpublish1.png --> ftp3.ftptoyoursite.com /web/content/SITE-TEST/administrator/components/com_acesearch/assets/images icon-32-unpublish1.png
2012.09.04 10:43 B C:\inetpub\wwwroot\administrator\components\com_acesearch\assets\images\icon-48-changelog.png --> ftp3.ftptoyoursite.com /web/content/SITE-TEST/administrator/components/com_acesearch/assets/images icon-48-changelog.png
2012.09.04 10:43 B C:\inetpub\wwwroot\administrator\components\com_acesearch\assets\images\icon-48-configuration.png --> ftp3.ftptoyoursite.com /web/content/SITE-TEST/administrator/components/com_acesearch/assets/images icon-48-configuration.png
2012.09.04 10:43 B C:\inetpub\wwwroot\administrator\components\com_acesearch\assets\images\icon-48-css.png --> ftp3.ftptoyoursite.com /web/content/SITE-TEST/administrator/components/com_acesearch/assets/images icon-48-css.png
2012.09.04 10:43 B C:\inetpub\wwwroot\administrator\components\com_acesearch\assets\images\icon-48-extensions.png --> ftp3.ftptoyoursite.com /web/content/SITE-TEST/administrator/components/com_acesearch/assets/images icon-48-extensions.png
2012.09.04 10:43 B C:\inetpub\wwwroot\administrator\components\com_acesearch\assets\images\icon-48-filters.png --> ftp3.ftptoyoursite.com /web/content/SITE-TEST/administrator/components/com_acesearch/assets/images icon-48-filters.png
2012.09.04 10:43 B C:\inetpub\wwwroot\administrator\components\com_acesearch\assets\images\icon-48-joomace.png --> ftp3.ftptoyoursite.com /web/content/SITE-TEST/administrator/components/com_acesearch/assets/images icon-48-joomace.png
2012.09.04 10:43 B C:\inetpub\wwwroot\administrator\components\com_acesearch\assets\images\icon-48-search.png --> ftp3.ftptoyoursite.com /web/content/SITE-TEST/administrator/components/com_acesearch/assets/images icon-48-search.png
2012.09.04 10:43 B C:\inetpub\wwwroot\administrator\components\com_acesearch\assets\images\icon-48-statistics.png --> ftp3.ftptoyoursite.com /web/content/SITE-TEST/administrator/components/com_acesearch/assets/images icon-48-statistics.png
2012.09.04 10:43 B C:\inetpub\wwwroot\administrator\components\com_acesearch\assets\images\icon-48-support.png --> ftp3.ftptoyoursite.com /web/content/SITE-TEST/administrator/components/com_acesearch/assets/images icon-48-support.png
2012.09.04 10:43 B C:\inetpub\wwwroot\administrator\components\com_acesearch\assets\images\icon-48-translators.png --> ftp3.ftptoyoursite.com /web/content/SITE-TEST/administrator/components/com_acesearch/assets/images icon-48-translators.png
2012.09.04 10:43 B C:\inetpub\wwwroot\administrator\components\com_acesearch\assets\images\icon-48-upgrade.png --> ftp3.ftptoyoursite.com /web/content/SITE-TEST/administrator/components/com_acesearch/assets/images icon-48-upgrade.png
2012.09.04 10:43 B C:\inetpub\wwwroot\administrator\components\com_acesearch\assets\images\icon-48-version-ok.png --> ftp3.ftptoyoursite.com /web/content/SITE-TEST/administrator/components/com_acesearch/assets/images icon-48-version-ok.png
2012.09.04 10:43 B C:\inetpub\wwwroot\administrator\components\com_acesearch\assets\images\icon-48-version-up.png --> ftp3.ftptoyoursite.com /web/content/SITE-TEST/administrator/components/com_acesearch/assets/images icon-48-version-up.png
2012.09.04 10:43 B C:\inetpub\wwwroot\administrator\components\com_acesearch\assets\images\index.html --> ftp3.ftptoyoursite.com /web/content/SITE-TEST/administrator/components/com_acesearch/assets/images index.html
2012.09.04 10:43 B C:\inetpub\wwwroot\administrator\components\com_acesearch\assets\images\indicator.png --> ftp3.ftptoyoursite.com /web/content/SITE-TEST/administrator/components/com_acesearch/assets/images indicator.png
2012.09.04 10:43 B C:\inetpub\wwwroot\administrator\components\com_acesearch\assets\images\logo.png --> ftp3.ftptoyoursite.com /web/content/SITE-TEST/administrator/components/com_acesearch/assets/images logo.png
2012.09.04 10:43 B C:\inetpub\wwwroot\administrator\components\com_acesearch\assets\images\ordering.png --> ftp3.ftptoyoursite.com /web/content/SITE-TEST/administrator/components/com_acesearch/assets/images ordering.png
2012.09.04 10:43 B C:\inetpub\wwwroot\administrator\components\com_acesearch\assets\images\publish_x.png --> ftp3.ftptoyoursite.com /web/content/SITE-TEST/administrator/components/com_acesearch/assets/images publish_x.png
2012.09.04 10:43 B C:\inetpub\wwwroot\administrator\components\com_acesearch\assets\images\remove.gif --> ftp3.ftptoyoursite.com /web/content/SITE-TEST/administrator/components/com_acesearch/assets/images remove.gif
2012.09.04 10:43 B C:\inetpub\wwwroot\administrator\components\com_acesearch\assets\images\shading.png --> ftp3.ftptoyoursite.com /web/content/SITE-TEST/administrator/components/com_acesearch/assets/images shading.png
2012.09.04 10:43 B C:\inetpub\wwwroot\administrator\components\com_acesearch\assets\images\slider.png --> ftp3.ftptoyoursite.com /web/content/SITE-TEST/administrator/components/com_acesearch/assets/images slider.png
2012.09.04 10:43 B C:\inetpub\wwwroot\administrator\components\com_acesearch\assets\images\toolbar.png --> ftp3.ftptoyoursite.com /web/content/SITE-TEST/administrator/components/com_acesearch/assets/images toolbar.png
2012.09.04 10:43 B C:\inetpub\wwwroot\administrator\components\com_acesearch\assets\images\WS_FTP.LOG --> ftp3.ftptoyoursite.com /web/content/SITE-TEST/administrator/components/com_acesearch/assets/images WS_FTP.LOG
2012.09.06 14:57 B C:\inetpub\wwwroot\administrator\components\com_acesearch\assets\images\acesearch.png --> ftp3.ftptoyoursite.com /web/content/SITEBACKUP_962012/administrator/components/com_acesearch/assets/images acesearch.png
2012.09.06 14:57 B C:\inetpub\wwwroot\administrator\components\com_acesearch\assets\images\blank.gif --> ftp3.ftptoyoursite.com /web/content/SITEBACKUP_962012/administrator/components/com_acesearch/assets/images blank.gif
2012.09.06 14:57 B C:\inetpub\wwwroot\administrator\components\com_acesearch\assets\images\calendar.gif --> ftp3.ftptoyoursite.com /web/content/SITEBACKUP_962012/administrator/components/com_acesearch/assets/images calendar.gif
2012.09.06 14:57 B C:\inetpub\wwwroot\administrator\components\com_acesearch\assets\images\colorpicker_background.png --> ftp3.ftptoyoursite.com /web/content/SITEBACKUP_962012/administrator/components/com_acesearch/assets/images colorpicker_background.png
2012.09.06 14:57 B C:\inetpub\wwwroot\administrator\components\com_acesearch\assets\images\colorpicker_hex.png --> ftp3.ftptoyoursite.com /web/content/SITEBACKUP_962012/administrator/components/com_acesearch/assets/images colorpicker_hex.png
2012.09.06 14:57 B C:\inetpub\wwwroot\administrator\components\com_acesearch\assets\images\colorpicker_hsb_b.png --> ftp3.ftptoyoursite.com /web/content/SITEBACKUP_962012/administrator/components/com_acesearch/assets/images colorpicker_hsb_b.png
2012.09.06 14:57 B C:\inetpub\wwwroot\administrator\components\com_acesearch\assets\images\colorpicker_hsb_h.png --> ftp3.ftptoyoursite.com /web/content/SITEBACKUP_962012/administrator/components/com_acesearch/assets/images colorpicker_hsb_h.png
2012.09.06 14:57 B C:\inetpub\wwwroot\administrator\components\com_acesearch\assets\images\colorpicker_hsb_s.png --> ftp3.ftptoyoursite.com /web/content/SITEBACKUP_962012/administrator/components/com_acesearch/assets/images colorpicker_hsb_s.png
2012.09.06 14:57 B C:\inetpub\wwwroot\administrator\components\com_acesearch\assets\images\colorpicker_indic.gif --> ftp3.ftptoyoursite.com /web/content/SITEBACKUP_962012/administrator/components/com_acesearch/assets/images colorpicker_indic.gif
2012.09.06 14:57 B C:\inetpub\wwwroot\administrator\components\com_acesearch\assets\images\colorpicker_overlay.png --> ftp3.ftptoyoursite.com /web/content/SITEBACKUP_962012/administrator/components/com_acesearch/assets/images colorpicker_overlay.png
2012.09.06 14:57 B C:\inetpub\wwwroot\administrator\components\com_acesearch\assets\images\colorpicker_rgb_b.png --> ftp3.ftptoyoursite.com /web/content/SITEBACKUP_962012/administrator/components/com_acesearch/assets/images colorpicker_rgb_b.png
2012.09.06 14:57 B C:\inetpub\wwwroot\administrator\components\com_acesearch\assets\images\colorpicker_rgb_g.png --> ftp3.ftptoyoursite.com /web/content/SITEBACKUP_962012/administrator/components/com_acesearch/assets/images colorpicker_rgb_g.png
2012.09.06 14:57 B C:\inetpub\wwwroot\administrator\components\com_acesearch\assets\images\colorpicker_rgb_r.png --> ftp3.ftptoyoursite.com /web/content/SITEBACKUP_962012/administrator/components/com_acesearch/assets/images colorpicker_rgb_r.png
2012.09.06 14:57 B C:\inetpub\wwwroot\administrator\components\com_acesearch\assets\images\colorpicker_select.gif --> ftp3.ftptoyoursite.com /web/content/SITEBACKUP_962012/administrator/components/com_acesearch/assets/images colorpicker_select.gif
2012.09.06 14:57 B C:\inetpub\wwwroot\administrator\components\com_acesearch\assets\images\colorpicker_submit.png --> ftp3.ftptoyoursite.com /web/content/SITEBACKUP_962012/administrator/components/com_acesearch/assets/images colorpicker_submit.png
2012.09.06 14:57 B C:\inetpub\wwwroot\administrator\components\com_acesearch\assets\images\custom_indic.gif --> ftp3.ftptoyoursite.com /web/content/SITEBACKUP_962012/administrator/components/com_acesearch/assets/images custom_indic.gif
2012.09.06 14:57 B C:\inetpub\wwwroot\administrator\components\com_acesearch\assets\images\icon-14-tooltip.png --> ftp3.ftptoyoursite.com /web/content/SITEBACKUP_962012/administrator/components/com_acesearch/assets/images icon-14-tooltip.png
2012.09.06 14:57 B C:\inetpub\wwwroot\administrator\components\com_acesearch\assets\images\icon-16-as-changelog.png --> ftp3.ftptoyoursite.com /web/content/SITEBACKUP_962012/administrator/components/com_acesearch/assets/images icon-16-as-changelog.png
2012.09.06 14:57 B C:\inetpub\wwwroot\administrator\components\com_acesearch\assets\images\icon-16-as-config.png --> ftp3.ftptoyoursite.com /web/content/SITEBACKUP_962012/administrator/components/com_acesearch/assets/images icon-16-as-config.png
2012.09.06 14:57 B C:\inetpub\wwwroot\administrator\components\com_acesearch\assets\images\icon-16-as-css.png --> ftp3.ftptoyoursite.com /web/content/SITEBACKUP_962012/administrator/components/com_acesearch/assets/images icon-16-as-css.png
2012.09.06 14:57 B C:\inetpub\wwwroot\administrator\components\com_acesearch\assets\images\icon-16-as-extensions.png --> ftp3.ftptoyoursite.com /web/content/SITEBACKUP_962012/administrator/components/com_acesearch/assets/images icon-16-as-extensions.png
2012.09.06 14:57 B C:\inetpub\wwwroot\administrator\components\com_acesearch\assets\images\icon-16-as-filters.png --> ftp3.ftptoyoursite.com /web/content/SITEBACKUP_962012/administrator/components/com_acesearch/assets/images icon-16-as-filters.png
2012.09.06 14:57 B C:\inetpub\wwwroot\administrator\components\com_acesearch\assets\images\icon-16-as-search.png --> ftp3.ftptoyoursite.com /web/content/SITEBACKUP_962012/administrator/components/com_acesearch/assets/images icon-16-as-search.png
2012.09.06 14:57 B C:\inetpub\wwwroot\administrator\components\com_acesearch\assets\images\icon-16-as-statistics.png --> ftp3.ftptoyoursite.com /web/content/SITEBACKUP_962012/administrator/components/com_acesearch/assets/images icon-16-as-statistics.png
2012.09.06 14:57 B C:\inetpub\wwwroot\administrator\components\com_acesearch\assets\images\icon-16-as-support.png --> ftp3.ftptoyoursite.com /web/content/SITEBACKUP_962012/administrator/components/com_acesearch/assets/images icon-16-as-support.png
2012.09.06 14:57 B C:\inetpub\wwwroot\administrator\components\com_acesearch\assets\images\icon-16-as-upgrade.png --> ftp3.ftptoyoursite.com /web/content/SITEBACKUP_962012/administrator/components/com_acesearch/assets/images icon-16-as-upgrade.png
2012.09.06 14:57 B C:\inetpub\wwwroot\administrator\components\com_acesearch\assets\images\icon-16-backend.png --> ftp3.ftptoyoursite.com /web/content/SITEBACKUP_962012/administrator/components/com_acesearch/assets/images icon-16-backend.png
2012.09.06 14:57 B C:\inetpub\wwwroot\administrator\components\com_acesearch\assets\images\icon-16-frontend.png --> ftp3.ftptoyoursite.com /web/content/SITEBACKUP_962012/administrator/components/com_acesearch/assets/images icon-16-frontend.png
2012.09.06 14:57 B C:\inetpub\wwwroot\administrator\components\com_acesearch\assets\images\icon-16-google.png --> ftp3.ftptoyoursite.com /web/content/SITEBACKUP_962012/administrator/components/com_acesearch/assets/images icon-16-google.png
2012.09.06 14:57 B C:\inetpub\wwwroot\administrator\components\com_acesearch\assets\images\icon-16-published-off.png --> ftp3.ftptoyoursite.com /web/content/SITEBACKUP_962012/administrator/components/com_acesearch/assets/images icon-16-published-off.png
2012.09.06 14:57 B C:\inetpub\wwwroot\administrator\components\com_acesearch\assets\images\icon-16-published-on.png --> ftp3.ftptoyoursite.com /web/content/SITEBACKUP_962012/administrator/components/com_acesearch/assets/images icon-16-published-on.png
2012.09.06 14:57 B C:\inetpub\wwwroot\administrator\components\com_acesearch\assets\images\icon-32-apply1.png --> ftp3.ftptoyoursite.com /web/content/SITEBACKUP_962012/administrator/components/com_acesearch/assets/images icon-32-apply1.png
2012.09.06 14:57 B C:\inetpub\wwwroot\administrator\components\com_acesearch\assets\images\icon-32-cancel1.png --> ftp3.ftptoyoursite.com /web/content/SITEBACKUP_962012/administrator/components/com_acesearch/assets/images icon-32-cancel1.png
2012.09.06 14:57 B C:\inetpub\wwwroot\administrator\components\com_acesearch\assets\images\icon-32-edit1.png --> ftp3.ftptoyoursite.com /web/content/SITEBACKUP_962012/administrator/components/com_acesearch/assets/images icon-32-edit1.png
2012.09.06 14:57 B C:\inetpub\wwwroot\administrator\components\com_acesearch\assets\images\icon-32-new1.png --> ftp3.ftptoyoursite.com /web/content/SITEBACKUP_962012/administrator/components/com_acesearch/assets/images icon-32-new1.png
2012.09.06 14:57 B C:\inetpub\wwwroot\administrator\components\com_acesearch\assets\images\icon-32-popup-cache.png --> ftp3.ftptoyoursite.com /web/content/SITEBACKUP_962012/administrator/components/com_acesearch/assets/images icon-32-popup-cache.png
2012.09.06 14:57 B C:\inetpub\wwwroot\administrator\components\com_acesearch\assets\images\icon-32-popup-help1.png --> ftp3.ftptoyoursite.com /web/content/SITEBACKUP_962012/administrator/components/com_acesearch/assets/images icon-32-popup-help1.png
2012.09.06 14:57 B C:\inetpub\wwwroot\administrator\components\com_acesearch\assets\images\icon-32-publish1.png --> ftp3.ftptoyoursite.com /web/content/SITEBACKUP_962012/administrator/components/com_acesearch/assets/images icon-32-publish1.png
2012.09.06 14:57 B C:\inetpub\wwwroot\administrator\components\com_acesearch\assets\images\icon-32-save1.png --> ftp3.ftptoyoursite.com /web/content/SITEBACKUP_962012/administrator/components/com_acesearch/assets/images icon-32-save1.png
2012.09.06 14:57 B C:\inetpub\wwwroot\administrator\components\com_acesearch\assets\images\icon-32-uninstall.png --> ftp3.ftptoyoursite.com /web/content/SITEBACKUP_962012/administrator/components/com_acesearch/assets/images icon-32-uninstall.png
2012.09.06 14:57 B C:\inetpub\wwwroot\administrator\components\com_acesearch\assets\images\icon-32-unpublish1.png --> ftp3.ftptoyoursite.com /web/content/SITEBACKUP_962012/administrator/components/com_acesearch/assets/images icon-32-unpublish1.png
2012.09.06 14:57 B C:\inetpub\wwwroot\administrator\components\com_acesearch\assets\images\icon-48-changelog.png --> ftp3.ftptoyoursite.com /web/content/SITEBACKUP_962012/administrator/components/com_acesearch/assets/images icon-48-changelog.png
2012.09.06 14:57 B C:\inetpub\wwwroot\administrator\components\com_acesearch\assets\images\icon-48-configuration.png --> ftp3.ftptoyoursite.com /web/content/SITEBACKUP_962012/administrator/components/com_acesearch/assets/images icon-48-configuration.png
2012.09.06 14:57 B C:\inetpub\wwwroot\administrator\components\com_acesearch\assets\images\icon-48-css.png --> ftp3.ftptoyoursite.com /web/content/SITEBACKUP_962012/administrator/components/com_acesearch/assets/images icon-48-css.png
2012.09.06 14:57 B C:\inetpub\wwwroot\administrator\components\com_acesearch\assets\images\icon-48-extensions.png --> ftp3.ftptoyoursite.com /web/content/SITEBACKUP_962012/administrator/components/com_acesearch/assets/images icon-48-extensions.png
2012.09.06 14:57 B C:\inetpub\wwwroot\administrator\components\com_acesearch\assets\images\icon-48-filters.png --> ftp3.ftptoyoursite.com /web/content/SITEBACKUP_962012/administrator/components/com_acesearch/assets/images icon-48-filters.png
2012.09.06 14:57 B C:\inetpub\wwwroot\administrator\components\com_acesearch\assets\images\icon-48-joomace.png --> ftp3.ftptoyoursite.com /web/content/SITEBACKUP_962012/administrator/components/com_acesearch/assets/images icon-48-joomace.png
2012.09.06 14:57 B C:\inetpub\wwwroot\administrator\components\com_acesearch\assets\images\icon-48-search.png --> ftp3.ftptoyoursite.com /web/content/SITEBACKUP_962012/administrator/components/com_acesearch/assets/images icon-48-search.png
2012.09.06 14:57 B C:\inetpub\wwwroot\administrator\components\com_acesearch\assets\images\icon-48-statistics.png --> ftp3.ftptoyoursite.com /web/content/SITEBACKUP_962012/administrator/components/com_acesearch/assets/images icon-48-statistics.png
2012.09.06 14:57 B C:\inetpub\wwwroot\administrator\components\com_acesearch\assets\images\icon-48-support.png --> ftp3.ftptoyoursite.com /web/content/SITEBACKUP_962012/administrator/components/com_acesearch/assets/images icon-48-support.png
2012.09.06 14:57 B C:\inetpub\wwwroot\administrator\components\com_acesearch\assets\images\icon-48-translators.png --> ftp3.ftptoyoursite.com /web/content/SITEBACKUP_962012/administrator/components/com_acesearch/assets/images icon-48-translators.png
2012.09.06 14:57 B C:\inetpub\wwwroot\administrator\components\com_acesearch\assets\images\icon-48-upgrade.png --> ftp3.ftptoyoursite.com /web/content/SITEBACKUP_962012/administrator/components/com_acesearch/assets/images icon-48-upgrade.png
2012.09.06 14:57 B C:\inetpub\wwwroot\administrator\components\com_acesearch\assets\images\icon-48-version-ok.png --> ftp3.ftptoyoursite.com /web/content/SITEBACKUP_962012/administrator/components/com_acesearch/assets/images icon-48-version-ok.png
2012.09.06 14:57 B C:\inetpub\wwwroot\administrator\components\com_acesearch\assets\images\icon-48-version-up.png --> ftp3.ftptoyoursite.com /web/content/SITEBACKUP_962012/administrator/components/com_acesearch/assets/images icon-48-version-up.png
2012.09.06 14:57 B C:\inetpub\wwwroot\administrator\components\com_acesearch\assets\images\index.html --> ftp3.ftptoyoursite.com /web/content/SITEBACKUP_962012/administrator/components/com_acesearch/assets/images index.html
2012.09.06 14:57 B C:\inetpub\wwwroot\administrator\components\com_acesearch\assets\images\indicator.png --> ftp3.ftptoyoursite.com /web/content/SITEBACKUP_962012/administrator/components/com_acesearch/assets/images indicator.png
2012.09.06 14:57 B C:\inetpub\wwwroot\administrator\components\com_acesearch\assets\images\logo.png --> ftp3.ftptoyoursite.com /web/content/SITEBACKUP_962012/administrator/components/com_acesearch/assets/images logo.png
2012.09.06 14:57 B C:\inetpub\wwwroot\administrator\components\com_acesearch\assets\images\ordering.png --> ftp3.ftptoyoursite.com /web/content/SITEBACKUP_962012/administrator/components/com_acesearch/assets/images ordering.png
2012.09.06 14:57 B C:\inetpub\wwwroot\administrator\components\com_acesearch\assets\images\publish_x.png --> ftp3.ftptoyoursite.com /web/content/SITEBACKUP_962012/administrator/components/com_acesearch/assets/images publish_x.png
2012.09.06 14:57 B C:\inetpub\wwwroot\administrator\components\com_acesearch\assets\images\remove.gif --> ftp3.ftptoyoursite.com /web/content/SITEBACKUP_962012/administrator/components/com_acesearch/assets/images remove.gif
2012.09.06 14:57 B C:\inetpub\wwwroot\administrator\components\com_acesearch\assets\images\shading.png --> ftp3.ftptoyoursite.com /web/content/SITEBACKUP_962012/administrator/components/com_acesearch/assets/images shading.png
2012.09.06 14:57 B C:\inetpub\wwwroot\administrator\components\com_acesearch\assets\images\slider.png --> ftp3.ftptoyoursite.com /web/content/SITEBACKUP_962012/administrator/components/com_acesearch/assets/images slider.png
2012.09.06 14:57 B C:\inetpub\wwwroot\administrator\components\com_acesearch\assets\images\toolbar.png --> ftp3.ftptoyoursite.com /web/content/SITEBACKUP_962012/administrator/components/com_acesearch/assets/images toolbar.png
2012.09.06 14:57 B C:\inetpub\wwwroot\administrator\components\com_acesearch\assets\images\WS_FTP.LOG --> ftp3.ftptoyoursite.com /web/content/SITEBACKUP_962012/administrator/components/com_acesearch/assets/images WS_FTP.LOG
2012.09.06 15:19 B C:\inetpub\wwwroot\administrator\components\com_acesearch\assets\images\acesearch.png <-- Schubert Rackspace /web/content/administrator/components/com_acesearch/assets/images acesearch.png
2012.09.06 15:19 B C:\inetpub\wwwroot\administrator\components\com_acesearch\assets\images\blank.gif <-- Schubert Rackspace /web/content/administrator/components/com_acesearch/assets/images blank.gif
2012.09.06 15:19 B C:\inetpub\wwwroot\administrator\components\com_acesearch\assets\images\calendar.gif <-- Schubert Rackspace /web/content/administrator/components/com_acesearch/assets/images calendar.gif
2012.09.06 15:19 B C:\inetpub\wwwroot\administrator\components\com_acesearch\assets\images\colorpicker_background.png <-- Schubert Rackspace /web/content/administrator/components/com_acesearch/assets/images colorpicker_background.png
2012.09.06 15:19 B C:\inetpub\wwwroot\administrator\components\com_acesearch\assets\images\colorpicker_hex.png <-- Schubert Rackspace /web/content/administrator/components/com_acesearch/assets/images colorpicker_hex.png
2012.09.06 15:19 B C:\inetpub\wwwroot\administrator\components\com_acesearch\assets\images\colorpicker_hsb_b.png <-- Schubert Rackspace /web/content/administrator/components/com_acesearch/assets/images colorpicker_hsb_b.png
2012.09.06 15:19 B C:\inetpub\wwwroot\administrator\components\com_acesearch\assets\images\colorpicker_hsb_h.png <-- Schubert Rackspace /web/content/administrator/components/com_acesearch/assets/images colorpicker_hsb_h.png
2012.09.06 15:19 B C:\inetpub\wwwroot\administrator\components\com_acesearch\assets\images\colorpicker_hsb_s.png <-- Schubert Rackspace /web/content/administrator/components/com_acesearch/assets/images colorpicker_hsb_s.png
2012.09.06 15:19 B C:\inetpub\wwwroot\administrator\components\com_acesearch\assets\images\colorpicker_indic.gif <-- Schubert Rackspace /web/content/administrator/components/com_acesearch/assets/images colorpicker_indic.gif
2012.09.06 15:19 B C:\inetpub\wwwroot\administrator\components\com_acesearch\assets\images\colorpicker_overlay.png <-- Schubert Rackspace /web/content/administrator/components/com_acesearch/assets/images colorpicker_overlay.png
2012.09.06 15:19 B C:\inetpub\wwwroot\administrator\components\com_acesearch\assets\images\colorpicker_rgb_b.png <-- Schubert Rackspace /web/content/administrator/components/com_acesearch/assets/images colorpicker_rgb_b.png
2012.09.06 15:19 B C:\inetpub\wwwroot\administrator\components\com_acesearch\assets\images\colorpicker_rgb_g.png <-- Schubert Rackspace /web/content/administrator/components/com_acesearch/assets/images colorpicker_rgb_g.png
2012.09.06 15:19 B C:\inetpub\wwwroot\administrator\components\com_acesearch\assets\images\colorpicker_rgb_r.png <-- Schubert Rackspace /web/content/administrator/components/com_acesearch/assets/images colorpicker_rgb_r.png
2012.09.06 15:19 B C:\inetpub\wwwroot\administrator\components\com_acesearch\assets\images\colorpicker_select.gif <-- Schubert Rackspace /web/content/administrator/components/com_acesearch/assets/images colorpicker_select.gif
2012.09.06 15:19 B C:\inetpub\wwwroot\administrator\components\com_acesearch\assets\images\colorpicker_submit.png <-- Schubert Rackspace /web/content/administrator/components/com_acesearch/assets/images colorpicker_submit.png
2012.09.06 15:19 B C:\inetpub\wwwroot\administrator\components\com_acesearch\assets\images\custom_indic.gif <-- Schubert Rackspace /web/content/administrator/components/com_acesearch/assets/images custom_indic.gif
2012.09.06 15:19 B C:\inetpub\wwwroot\administrator\components\com_acesearch\assets\images\icon-14-tooltip.png <-- Schubert Rackspace /web/content/administrator/components/com_acesearch/assets/images icon-14-tooltip.png
2012.09.06 15:19 B C:\inetpub\wwwroot\administrator\components\com_acesearch\assets\images\icon-16-as-changelog.png <-- Schubert Rackspace /web/content/administrator/components/com_acesearch/assets/images icon-16-as-changelog.png
2012.09.06 15:19 B C:\inetpub\wwwroot\administrator\components\com_acesearch\assets\images\icon-16-as-config.png <-- Schubert Rackspace /web/content/administrator/components/com_acesearch/assets/images icon-16-as-config.png
2012.09.06 15:19 B C:\inetpub\wwwroot\administrator\components\com_acesearch\assets\images\icon-16-as-css.png <-- Schubert Rackspace /web/content/administrator/components/com_acesearch/assets/images icon-16-as-css.png
2012.09.06 15:19 B C:\inetpub\wwwroot\administrator\components\com_acesearch\assets\images\icon-16-as-extensions.png <-- Schubert Rackspace /web/content/administrator/components/com_acesearch/assets/images icon-16-as-extensions.png
2012.09.06 15:19 B C:\inetpub\wwwroot\administrator\components\com_acesearch\assets\images\icon-16-as-filters.png <-- Schubert Rackspace /web/content/administrator/components/com_acesearch/assets/images icon-16-as-filters.png
2012.09.06 15:19 B C:\inetpub\wwwroot\administrator\components\com_acesearch\assets\images\icon-16-as-search.png <-- Schubert Rackspace /web/content/administrator/components/com_acesearch/assets/images icon-16-as-search.png
2012.09.06 15:19 B C:\inetpub\wwwroot\administrator\components\com_acesearch\assets\images\icon-16-as-statistics.png <-- Schubert Rackspace /web/content/administrator/components/com_acesearch/assets/images icon-16-as-statistics.png
2012.09.06 15:19 B C:\inetpub\wwwroot\administrator\components\com_acesearch\assets\images\icon-16-as-support.png <-- Schubert Rackspace /web/content/administrator/components/com_acesearch/assets/images icon-16-as-support.png
2012.09.06 15:19 B C:\inetpub\wwwroot\administrator\components\com_acesearch\assets\images\icon-16-as-upgrade.png <-- Schubert Rackspace /web/content/administrator/components/com_acesearch/assets/images icon-16-as-upgrade.png
2012.09.06 15:19 B C:\inetpub\wwwroot\administrator\components\com_acesearch\assets\images\icon-16-backend.png <-- Schubert Rackspace /web/content/administrator/components/com_acesearch/assets/images icon-16-backend.png
2012.09.06 15:19 B C:\inetpub\wwwroot\administrator\components\com_acesearch\assets\images\icon-16-frontend.png <-- Schubert Rackspace /web/content/administrator/components/com_acesearch/assets/images icon-16-frontend.png
2012.09.06 15:19 B C:\inetpub\wwwroot\administrator\components\com_acesearch\assets\images\icon-16-google.png <-- Schubert Rackspace /web/content/administrator/components/com_acesearch/assets/images icon-16-google.png
2012.09.06 15:19 B C:\inetpub\wwwroot\administrator\components\com_acesearch\assets\images\icon-16-published-off.png <-- Schubert Rackspace /web/content/administrator/components/com_acesearch/assets/images icon-16-published-off.png
2012.09.06 15:19 B C:\inetpub\wwwroot\administrator\components\com_acesearch\assets\images\icon-16-published-on.png <-- Schubert Rackspace /web/content/administrator/components/com_acesearch/assets/images icon-16-published-on.png
2012.09.06 15:19 B C:\inetpub\wwwroot\administrator\components\com_acesearch\assets\images\icon-32-apply1.png <-- Schubert Rackspace /web/content/administrator/components/com_acesearch/assets/images icon-32-apply1.png
2012.09.06 15:19 B C:\inetpub\wwwroot\administrator\components\com_acesearch\assets\images\icon-32-cancel1.png <-- Schubert Rackspace /web/content/administrator/components/com_acesearch/assets/images icon-32-cancel1.png
2012.09.06 15:19 B C:\inetpub\wwwroot\administrator\components\com_acesearch\assets\images\icon-32-edit1.png <-- Schubert Rackspace /web/content/administrator/components/com_acesearch/assets/images icon-32-edit1.png
2012.09.06 15:19 B C:\inetpub\wwwroot\administrator\components\com_acesearch\assets\images\icon-32-new1.png <-- Schubert Rackspace /web/content/administrator/components/com_acesearch/assets/images icon-32-new1.png
2012.09.06 15:19 B C:\inetpub\wwwroot\administrator\components\com_acesearch\assets\images\icon-32-popup-cache.png <-- Schubert Rackspace /web/content/administrator/components/com_acesearch/assets/images icon-32-popup-cache.png
2012.09.06 15:19 B C:\inetpub\wwwroot\administrator\components\com_acesearch\assets\images\icon-32-popup-help1.png <-- Schubert Rackspace /web/content/administrator/components/com_acesearch/assets/images icon-32-popup-help1.png
2012.09.06 15:19 B C:\inetpub\wwwroot\administrator\components\com_acesearch\assets\images\icon-32-publish1.png <-- Schubert Rackspace /web/content/administrator/components/com_acesearch/assets/images icon-32-publish1.png
2012.09.06 15:19 B C:\inetpub\wwwroot\administrator\components\com_acesearch\assets\images\icon-32-save1.png <-- Schubert Rackspace /web/content/administrator/components/com_acesearch/assets/images icon-32-save1.png
2012.09.06 15:19 B C:\inetpub\wwwroot\administrator\components\com_acesearch\assets\images\icon-32-uninstall.png <-- Schubert Rackspace /web/content/administrator/components/com_acesearch/assets/images icon-32-uninstall.png
2012.09.06 15:19 B C:\inetpub\wwwroot\administrator\components\com_acesearch\assets\images\icon-32-unpublish1.png <-- Schubert Rackspace /web/content/administrator/components/com_acesearch/assets/images icon-32-unpublish1.png
2012.09.06 15:19 B C:\inetpub\wwwroot\administrator\components\com_acesearch\assets\images\icon-48-changelog.png <-- Schubert Rackspace /web/content/administrator/components/com_acesearch/assets/images icon-48-changelog.png
2012.09.06 15:19 B C:\inetpub\wwwroot\administrator\components\com_acesearch\assets\images\icon-48-configuration.png <-- Schubert Rackspace /web/content/administrator/components/com_acesearch/assets/images icon-48-configuration.png
2012.09.06 15:19 B C:\inetpub\wwwroot\administrator\components\com_acesearch\assets\images\icon-48-css.png <-- Schubert Rackspace /web/content/administrator/components/com_acesearch/assets/images icon-48-css.png
2012.09.06 15:19 B C:\inetpub\wwwroot\administrator\components\com_acesearch\assets\images\icon-48-extensions.png <-- Schubert Rackspace /web/content/administrator/components/com_acesearch/assets/images icon-48-extensions.png
2012.09.06 15:19 B C:\inetpub\wwwroot\administrator\components\com_acesearch\assets\images\icon-48-filters.png <-- Schubert Rackspace /web/content/administrator/components/com_acesearch/assets/images icon-48-filters.png
2012.09.06 15:19 B C:\inetpub\wwwroot\administrator\components\com_acesearch\assets\images\icon-48-joomace.png <-- Schubert Rackspace /web/content/administrator/components/com_acesearch/assets/images icon-48-joomace.png
2012.09.06 15:19 B C:\inetpub\wwwroot\administrator\components\com_acesearch\assets\images\icon-48-search.png <-- Schubert Rackspace /web/content/administrator/components/com_acesearch/assets/images icon-48-search.png
2012.09.06 15:19 B C:\inetpub\wwwroot\administrator\components\com_acesearch\assets\images\icon-48-statistics.png <-- Schubert Rackspace /web/content/administrator/components/com_acesearch/assets/images icon-48-statistics.png
2012.09.06 15:19 B C:\inetpub\wwwroot\administrator\components\com_acesearch\assets\images\icon-48-support.png <-- Schubert Rackspace /web/content/administrator/components/com_acesearch/assets/images icon-48-support.png
2012.09.06 15:19 B C:\inetpub\wwwroot\administrator\components\com_acesearch\assets\images\icon-48-translators.png <-- Schubert Rackspace /web/content/administrator/components/com_acesearch/assets/images icon-48-translators.png
2012.09.06 15:19 B C:\inetpub\wwwroot\administrator\components\com_acesearch\assets\images\icon-48-upgrade.png <-- Schubert Rackspace /web/content/administrator/components/com_acesearch/assets/images icon-48-upgrade.png
2012.09.06 15:19 B C:\inetpub\wwwroot\administrator\components\com_acesearch\assets\images\icon-48-version-ok.png <-- Schubert Rackspace /web/content/administrator/components/com_acesearch/assets/images icon-48-version-ok.png
2012.09.06 15:19 B C:\inetpub\wwwroot\administrator\components\com_acesearch\assets\images\icon-48-version-up.png <-- Schubert Rackspace /web/content/administrator/components/com_acesearch/assets/images icon-48-version-up.png
2012.09.06 15:19 B C:\inetpub\wwwroot\administrator\components\com_acesearch\assets\images\index.html <-- Schubert Rackspace /web/content/administrator/components/com_acesearch/assets/images index.html
2012.09.06 15:19 B C:\inetpub\wwwroot\administrator\components\com_acesearch\assets\images\indicator.png <-- Schubert Rackspace /web/content/administrator/components/com_acesearch/assets/images indicator.png
2012.09.06 15:20 B C:\inetpub\wwwroot\administrator\components\com_acesearch\assets\images\logo.png <-- Schubert Rackspace /web/content/administrator/components/com_acesearch/assets/images logo.png
2012.09.06 15:20 B C:\inetpub\wwwroot\administrator\components\com_acesearch\assets\images\ordering.png <-- Schubert Rackspace /web/content/administrator/components/com_acesearch/assets/images ordering.png
2012.09.06 15:20 B C:\inetpub\wwwroot\administrator\components\com_acesearch\assets\images\publish_x.png <-- Schubert Rackspace /web/content/administrator/components/com_acesearch/assets/images publish_x.png
2012.09.06 15:20 B C:\inetpub\wwwroot\administrator\components\com_acesearch\assets\images\remove.gif <-- Schubert Rackspace /web/content/administrator/components/com_acesearch/assets/images remove.gif
2012.09.06 15:20 B C:\inetpub\wwwroot\administrator\components\com_acesearch\assets\images\shading.png <-- Schubert Rackspace /web/content/administrator/components/com_acesearch/assets/images shading.png
2012.09.06 15:20 B C:\inetpub\wwwroot\administrator\components\com_acesearch\assets\images\slider.png <-- Schubert Rackspace /web/content/administrator/components/com_acesearch/assets/images slider.png
2012.09.06 15:20 B C:\inetpub\wwwroot\administrator\components\com_acesearch\assets\images\toolbar.png <-- Schubert Rackspace /web/content/administrator/components/com_acesearch/assets/images toolbar.png
2012.09.06 15:43 B C:\inetpub\wwwroot\administrator\components\com_acesearch\assets\images\acesearch.png <-- Schubert Rackspace /web/content/SITEBACKUP_962012/administrator/components/com_acesearch/assets/images acesearch.png
2012.09.06 15:43 B C:\inetpub\wwwroot\administrator\components\com_acesearch\assets\images\blank.gif <-- Schubert Rackspace /web/content/SITEBACKUP_962012/administrator/components/com_acesearch/assets/images blank.gif
2012.09.06 15:43 B C:\inetpub\wwwroot\administrator\components\com_acesearch\assets\images\calendar.gif <-- Schubert Rackspace /web/content/SITEBACKUP_962012/administrator/components/com_acesearch/assets/images calendar.gif
2012.09.06 15:43 B C:\inetpub\wwwroot\administrator\components\com_acesearch\assets\images\colorpicker_background.png <-- Schubert Rackspace /web/content/SITEBACKUP_962012/administrator/components/com_acesearch/assets/images colorpicker_background.png
2012.09.06 15:43 B C:\inetpub\wwwroot\administrator\components\com_acesearch\assets\images\colorpicker_hex.png <-- Schubert Rackspace /web/content/SITEBACKUP_962012/administrator/components/com_acesearch/assets/images colorpicker_hex.png
2012.09.06 15:43 B C:\inetpub\wwwroot\administrator\components\com_acesearch\assets\images\colorpicker_hsb_b.png <-- Schubert Rackspace /web/content/SITEBACKUP_962012/administrator/components/com_acesearch/assets/images colorpicker_hsb_b.png
2012.09.06 15:43 B C:\inetpub\wwwroot\administrator\components\com_acesearch\assets\images\colorpicker_hsb_h.png <-- Schubert Rackspace /web/content/SITEBACKUP_962012/administrator/components/com_acesearch/assets/images colorpicker_hsb_h.png
2012.09.06 15:43 B C:\inetpub\wwwroot\administrator\components\com_acesearch\assets\images\colorpicker_hsb_s.png <-- Schubert Rackspace /web/content/SITEBACKUP_962012/administrator/components/com_acesearch/assets/images colorpicker_hsb_s.png
2012.09.06 15:43 B C:\inetpub\wwwroot\administrator\components\com_acesearch\assets\images\colorpicker_indic.gif <-- Schubert Rackspace /web/content/SITEBACKUP_962012/administrator/components/com_acesearch/assets/images colorpicker_indic.gif
2012.09.06 15:43 B C:\inetpub\wwwroot\administrator\components\com_acesearch\assets\images\colorpicker_overlay.png <-- Schubert Rackspace /web/content/SITEBACKUP_962012/administrator/components/com_acesearch/assets/images colorpicker_overlay.png
2012.09.06 15:43 B C:\inetpub\wwwroot\administrator\components\com_acesearch\assets\images\colorpicker_rgb_b.png <-- Schubert Rackspace /web/content/SITEBACKUP_962012/administrator/components/com_acesearch/assets/images colorpicker_rgb_b.png
2012.09.06 15:43 B C:\inetpub\wwwroot\administrator\components\com_acesearch\assets\images\colorpicker_rgb_g.png <-- Schubert Rackspace /web/content/SITEBACKUP_962012/administrator/components/com_acesearch/assets/images colorpicker_rgb_g.png
2012.09.06 15:43 B C:\inetpub\wwwroot\administrator\components\com_acesearch\assets\images\colorpicker_rgb_r.png <-- Schubert Rackspace /web/content/SITEBACKUP_962012/administrator/components/com_acesearch/assets/images colorpicker_rgb_r.png
2012.09.06 15:43 B C:\inetpub\wwwroot\administrator\components\com_acesearch\assets\images\colorpicker_select.gif <-- Schubert Rackspace /web/content/SITEBACKUP_962012/administrator/components/com_acesearch/assets/images colorpicker_select.gif
2012.09.06 15:43 B C:\inetpub\wwwroot\administrator\components\com_acesearch\assets\images\colorpicker_submit.png <-- Schubert Rackspace /web/content/SITEBACKUP_962012/administrator/components/com_acesearch/assets/images colorpicker_submit.png
2012.09.06 15:43 B C:\inetpub\wwwroot\administrator\components\com_acesearch\assets\images\custom_indic.gif <-- Schubert Rackspace /web/content/SITEBACKUP_962012/administrator/components/com_acesearch/assets/images custom_indic.gif
2012.09.06 15:43 B C:\inetpub\wwwroot\administrator\components\com_acesearch\assets\images\icon-14-tooltip.png <-- Schubert Rackspace /web/content/SITEBACKUP_962012/administrator/components/com_acesearch/assets/images icon-14-tooltip.png
2012.09.06 15:43 B C:\inetpub\wwwroot\administrator\components\com_acesearch\assets\images\icon-16-as-changelog.png <-- Schubert Rackspace /web/content/SITEBACKUP_962012/administrator/components/com_acesearch/assets/images icon-16-as-changelog.png
2012.09.06 15:43 B C:\inetpub\wwwroot\administrator\components\com_acesearch\assets\images\icon-16-as-config.png <-- Schubert Rackspace /web/content/SITEBACKUP_962012/administrator/components/com_acesearch/assets/images icon-16-as-config.png
2012.09.06 15:43 B C:\inetpub\wwwroot\administrator\components\com_acesearch\assets\images\icon-16-as-css.png <-- Schubert Rackspace /web/content/SITEBACKUP_962012/administrator/components/com_acesearch/assets/images icon-16-as-css.png
2012.09.06 15:43 B C:\inetpub\wwwroot\administrator\components\com_acesearch\assets\images\icon-16-as-extensions.png <-- Schubert Rackspace /web/content/SITEBACKUP_962012/administrator/components/com_acesearch/assets/images icon-16-as-extensions.png
2012.09.06 15:43 B C:\inetpub\wwwroot\administrator\components\com_acesearch\assets\images\icon-16-as-filters.png <-- Schubert Rackspace /web/content/SITEBACKUP_962012/administrator/components/com_acesearch/assets/images icon-16-as-filters.png
2012.09.06 15:43 B C:\inetpub\wwwroot\administrator\components\com_acesearch\assets\images\icon-16-as-search.png <-- Schubert Rackspace /web/content/SITEBACKUP_962012/administrator/components/com_acesearch/assets/images icon-16-as-search.png
2012.09.06 15:43 B C:\inetpub\wwwroot\administrator\components\com_acesearch\assets\images\icon-16-as-statistics.png <-- Schubert Rackspace /web/content/SITEBACKUP_962012/administrator/components/com_acesearch/assets/images icon-16-as-statistics.png
2012.09.06 15:43 B C:\inetpub\wwwroot\administrator\components\com_acesearch\assets\images\icon-16-as-support.png <-- Schubert Rackspace /web/content/SITEBACKUP_962012/administrator/components/com_acesearch/assets/images icon-16-as-support.png
2012.09.06 15:43 B C:\inetpub\wwwroot\administrator\components\com_acesearch\assets\images\icon-16-as-upgrade.png <-- Schubert Rackspace /web/content/SITEBACKUP_962012/administrator/components/com_acesearch/assets/images icon-16-as-upgrade.png
2012.09.06 15:43 B C:\inetpub\wwwroot\administrator\components\com_acesearch\assets\images\icon-16-backend.png <-- Schubert Rackspace /web/content/SITEBACKUP_962012/administrator/components/com_acesearch/assets/images icon-16-backend.png
2012.09.06 15:43 B C:\inetpub\wwwroot\administrator\components\com_acesearch\assets\images\icon-16-frontend.png <-- Schubert Rackspace /web/content/SITEBACKUP_962012/administrator/components/com_acesearch/assets/images icon-16-frontend.png
2012.09.06 15:43 B C:\inetpub\wwwroot\administrator\components\com_acesearch\assets\images\icon-16-google.png <-- Schubert Rackspace /web/content/SITEBACKUP_962012/administrator/components/com_acesearch/assets/images icon-16-google.png
2012.09.06 15:43 B C:\inetpub\wwwroot\administrator\components\com_acesearch\assets\images\icon-16-published-off.png <-- Schubert Rackspace /web/content/SITEBACKUP_962012/administrator/components/com_acesearch/assets/images icon-16-published-off.png
2012.09.06 15:43 B C:\inetpub\wwwroot\administrator\components\com_acesearch\assets\images\icon-16-published-on.png <-- Schubert Rackspace /web/content/SITEBACKUP_962012/administrator/components/com_acesearch/assets/images icon-16-published-on.png
2012.09.06 15:43 B C:\inetpub\wwwroot\administrator\components\com_acesearch\assets\images\icon-32-apply1.png <-- Schubert Rackspace /web/content/SITEBACKUP_962012/administrator/components/com_acesearch/assets/images icon-32-apply1.png
2012.09.06 15:43 B C:\inetpub\wwwroot\administrator\components\com_acesearch\assets\images\icon-32-cancel1.png <-- Schubert Rackspace /web/content/SITEBACKUP_962012/administrator/components/com_acesearch/assets/images icon-32-cancel1.png
2012.09.06 15:43 B C:\inetpub\wwwroot\administrator\components\com_acesearch\assets\images\icon-32-edit1.png <-- Schubert Rackspace /web/content/SITEBACKUP_962012/administrator/components/com_acesearch/assets/images icon-32-edit1.png
2012.09.06 15:43 B C:\inetpub\wwwroot\administrator\components\com_acesearch\assets\images\icon-32-new1.png <-- Schubert Rackspace /web/content/SITEBACKUP_962012/administrator/components/com_acesearch/assets/images icon-32-new1.png
2012.09.06 15:43 B C:\inetpub\wwwroot\administrator\components\com_acesearch\assets\images\icon-32-popup-cache.png <-- Schubert Rackspace /web/content/SITEBACKUP_962012/administrator/components/com_acesearch/assets/images icon-32-popup-cache.png
2012.09.06 15:43 B C:\inetpub\wwwroot\administrator\components\com_acesearch\assets\images\icon-32-popup-help1.png <-- Schubert Rackspace /web/content/SITEBACKUP_962012/administrator/components/com_acesearch/assets/images icon-32-popup-help1.png
2012.09.06 15:43 B C:\inetpub\wwwroot\administrator\components\com_acesearch\assets\images\icon-32-publish1.png <-- Schubert Rackspace /web/content/SITEBACKUP_962012/administrator/components/com_acesearch/assets/images icon-32-publish1.png
2012.09.06 15:43 B C:\inetpub\wwwroot\administrator\components\com_acesearch\assets\images\icon-32-save1.png <-- Schubert Rackspace /web/content/SITEBACKUP_962012/administrator/components/com_acesearch/assets/images icon-32-save1.png
2012.09.06 15:43 B C:\inetpub\wwwroot\administrator\components\com_acesearch\assets\images\icon-32-uninstall.png <-- Schubert Rackspace /web/content/SITEBACKUP_962012/administrator/components/com_acesearch/assets/images icon-32-uninstall.png
2012.09.06 15:43 B C:\inetpub\wwwroot\administrator\components\com_acesearch\assets\images\icon-32-unpublish1.png <-- Schubert Rackspace /web/content/SITEBACKUP_962012/administrator/components/com_acesearch/assets/images icon-32-unpublish1.png
2012.09.06 15:43 B C:\inetpub\wwwroot\administrator\components\com_acesearch\assets\images\icon-48-changelog.png <-- Schubert Rackspace /web/content/SITEBACKUP_962012/administrator/components/com_acesearch/assets/images icon-48-changelog.png
2012.09.06 15:43 B C:\inetpub\wwwroot\administrator\components\com_acesearch\assets\images\icon-48-configuration.png <-- Schubert Rackspace /web/content/SITEBACKUP_962012/administrator/components/com_acesearch/assets/images icon-48-configuration.png
2012.09.06 15:43 B C:\inetpub\wwwroot\administrator\components\com_acesearch\assets\images\icon-48-css.png <-- Schubert Rackspace /web/content/SITEBACKUP_962012/administrator/components/com_acesearch/assets/images icon-48-css.png
2012.09.06 15:43 B C:\inetpub\wwwroot\administrator\components\com_acesearch\assets\images\icon-48-extensions.png <-- Schubert Rackspace /web/content/SITEBACKUP_962012/administrator/components/com_acesearch/assets/images icon-48-extensions.png
2012.09.06 15:43 B C:\inetpub\wwwroot\administrator\components\com_acesearch\assets\images\icon-48-filters.png <-- Schubert Rackspace /web/content/SITEBACKUP_962012/administrator/components/com_acesearch/assets/images icon-48-filters.png
2012.09.06 15:43 B C:\inetpub\wwwroot\administrator\components\com_acesearch\assets\images\icon-48-joomace.png <-- Schubert Rackspace /web/content/SITEBACKUP_962012/administrator/components/com_acesearch/assets/images icon-48-joomace.png
2012.09.06 15:43 B C:\inetpub\wwwroot\administrator\components\com_acesearch\assets\images\icon-48-search.png <-- Schubert Rackspace /web/content/SITEBACKUP_962012/administrator/components/com_acesearch/assets/images icon-48-search.png
2012.09.06 15:43 B C:\inetpub\wwwroot\administrator\components\com_acesearch\assets\images\icon-48-statistics.png <-- Schubert Rackspace /web/content/SITEBACKUP_962012/administrator/components/com_acesearch/assets/images icon-48-statistics.png
2012.09.06 15:43 B C:\inetpub\wwwroot\administrator\components\com_acesearch\assets\images\icon-48-support.png <-- Schubert Rackspace /web/content/SITEBACKUP_962012/administrator/components/com_acesearch/assets/images icon-48-support.png
2012.09.06 15:43 B C:\inetpub\wwwroot\administrator\components\com_acesearch\assets\images\icon-48-translators.png <-- Schubert Rackspace /web/content/SITEBACKUP_962012/administrator/components/com_acesearch/assets/images icon-48-translators.png
2012.09.06 15:43 B C:\inetpub\wwwroot\administrator\components\com_acesearch\assets\images\icon-48-upgrade.png <-- Schubert Rackspace /web/content/SITEBACKUP_962012/administrator/components/com_acesearch/assets/images icon-48-upgrade.png
2012.09.06 15:43 B C:\inetpub\wwwroot\administrator\components\com_acesearch\assets\images\icon-48-version-ok.png <-- Schubert Rackspace /web/content/SITEBACKUP_962012/administrator/components/com_acesearch/assets/images icon-48-version-ok.png
2012.09.06 15:43 B C:\inetpub\wwwroot\administrator\components\com_acesearch\assets\images\icon-48-version-up.png <-- Schubert Rackspace /web/content/SITEBACKUP_962012/administrator/components/com_acesearch/assets/images icon-48-version-up.png
2012.09.06 15:43 B C:\inetpub\wwwroot\administrator\components\com_acesearch\assets\images\index.html <-- Schubert Rackspace /web/content/SITEBACKUP_962012/administrator/components/com_acesearch/assets/images index.html
2012.09.06 15:43 B C:\inetpub\wwwroot\administrator\components\com_acesearch\assets\images\indicator.png <-- Schubert Rackspace /web/content/SITEBACKUP_962012/administrator/components/com_acesearch/assets/images indicator.png
2012.09.06 15:43 B C:\inetpub\wwwroot\administrator\components\com_acesearch\assets\images\logo.png <-- Schubert Rackspace /web/content/SITEBACKUP_962012/administrator/components/com_acesearch/assets/images logo.png
2012.09.06 15:43 B C:\inetpub\wwwroot\administrator\components\com_acesearch\assets\images\ordering.png <-- Schubert Rackspace /web/content/SITEBACKUP_962012/administrator/components/com_acesearch/assets/images ordering.png
2012.09.06 15:43 B C:\inetpub\wwwroot\administrator\components\com_acesearch\assets\images\publish_x.png <-- Schubert Rackspace /web/content/SITEBACKUP_962012/administrator/components/com_acesearch/assets/images publish_x.png
2012.09.06 15:43 B C:\inetpub\wwwroot\administrator\components\com_acesearch\assets\images\remove.gif <-- Schubert Rackspace /web/content/SITEBACKUP_962012/administrator/components/com_acesearch/assets/images remove.gif
2012.09.06 15:43 B C:\inetpub\wwwroot\administrator\components\com_acesearch\assets\images\shading.png <-- Schubert Rackspace /web/content/SITEBACKUP_962012/administrator/components/com_acesearch/assets/images shading.png
2012.09.06 15:43 B C:\inetpub\wwwroot\administrator\components\com_acesearch\assets\images\slider.png <-- Schubert Rackspace /web/content/SITEBACKUP_962012/administrator/components/com_acesearch/assets/images slider.png
2012.09.06 15:43 B C:\inetpub\wwwroot\administrator\components\com_acesearch\assets\images\toolbar.png <-- Schubert Rackspace /web/content/SITEBACKUP_962012/administrator/components/com_acesearch/assets/images toolbar.png
2012.10.23 09:03 B C:\inetpub\wwwroot\administrator\components\com_acesearch\assets\images\acesearch.png --> ftp3.ftptoyoursite.com /web/content/administrator/components/com_acesearch/assets/images acesearch.png
2012.10.23 09:03 B C:\inetpub\wwwroot\administrator\components\com_acesearch\assets\images\blank.gif --> ftp3.ftptoyoursite.com /web/content/administrator/components/com_acesearch/assets/images blank.gif
2012.10.23 09:03 B C:\inetpub\wwwroot\administrator\components\com_acesearch\assets\images\calendar.gif --> ftp3.ftptoyoursite.com /web/content/administrator/components/com_acesearch/assets/images calendar.gif
2012.10.23 09:03 B C:\inetpub\wwwroot\administrator\components\com_acesearch\assets\images\colorpicker_background.png --> ftp3.ftptoyoursite.com /web/content/administrator/components/com_acesearch/assets/images colorpicker_background.png
2012.10.23 09:03 B C:\inetpub\wwwroot\administrator\components\com_acesearch\assets\images\colorpicker_hex.png --> ftp3.ftptoyoursite.com /web/content/administrator/components/com_acesearch/assets/images colorpicker_hex.png
2012.10.23 09:03 B C:\inetpub\wwwroot\administrator\components\com_acesearch\assets\images\colorpicker_hsb_b.png --> ftp3.ftptoyoursite.com /web/content/administrator/components/com_acesearch/assets/images colorpicker_hsb_b.png
2012.10.23 09:03 B C:\inetpub\wwwroot\administrator\components\com_acesearch\assets\images\colorpicker_hsb_h.png --> ftp3.ftptoyoursite.com /web/content/administrator/components/com_acesearch/assets/images colorpicker_hsb_h.png
2012.10.23 09:03 B C:\inetpub\wwwroot\administrator\components\com_acesearch\assets\images\colorpicker_hsb_s.png --> ftp3.ftptoyoursite.com /web/content/administrator/components/com_acesearch/assets/images colorpicker_hsb_s.png
2012.10.23 09:03 B C:\inetpub\wwwroot\administrator\components\com_acesearch\assets\images\colorpicker_indic.gif --> ftp3.ftptoyoursite.com /web/content/administrator/components/com_acesearch/assets/images colorpicker_indic.gif
2012.10.23 09:03 B C:\inetpub\wwwroot\administrator\components\com_acesearch\assets\images\colorpicker_overlay.png --> ftp3.ftptoyoursite.com /web/content/administrator/components/com_acesearch/assets/images colorpicker_overlay.png
2012.10.23 09:03 B C:\inetpub\wwwroot\administrator\components\com_acesearch\assets\images\colorpicker_rgb_b.png --> ftp3.ftptoyoursite.com /web/content/administrator/components/com_acesearch/assets/images colorpicker_rgb_b.png
2012.10.23 09:03 B C:\inetpub\wwwroot\administrator\components\com_acesearch\assets\images\colorpicker_rgb_g.png --> ftp3.ftptoyoursite.com /web/content/administrator/components/com_acesearch/assets/images colorpicker_rgb_g.png
2012.10.23 09:03 B C:\inetpub\wwwroot\administrator\components\com_acesearch\assets\images\colorpicker_rgb_r.png --> ftp3.ftptoyoursite.com /web/content/administrator/components/com_acesearch/assets/images colorpicker_rgb_r.png
2012.10.23 09:03 B C:\inetpub\wwwroot\administrator\components\com_acesearch\assets\images\colorpicker_select.gif --> ftp3.ftptoyoursite.com /web/content/administrator/components/com_acesearch/assets/images colorpicker_select.gif
2012.10.23 09:03 B C:\inetpub\wwwroot\administrator\components\com_acesearch\assets\images\colorpicker_submit.png --> ftp3.ftptoyoursite.com /web/content/administrator/components/com_acesearch/assets/images colorpicker_submit.png
2012.10.23 09:03 B C:\inetpub\wwwroot\administrator\components\com_acesearch\assets\images\custom_indic.gif --> ftp3.ftptoyoursite.com /web/content/administrator/components/com_acesearch/assets/images custom_indic.gif
2012.10.23 09:03 B C:\inetpub\wwwroot\administrator\components\com_acesearch\assets\images\icon-14-tooltip.png --> ftp3.ftptoyoursite.com /web/content/administrator/components/com_acesearch/assets/images icon-14-tooltip.png
2012.10.23 09:03 B C:\inetpub\wwwroot\administrator\components\com_acesearch\assets\images\icon-16-as-changelog.png --> ftp3.ftptoyoursite.com /web/content/administrator/components/com_acesearch/assets/images icon-16-as-changelog.png
2012.10.23 09:03 B C:\inetpub\wwwroot\administrator\components\com_acesearch\assets\images\icon-16-as-config.png --> ftp3.ftptoyoursite.com /web/content/administrator/components/com_acesearch/assets/images icon-16-as-config.png
2012.10.23 09:03 B C:\inetpub\wwwroot\administrator\components\com_acesearch\assets\images\icon-16-as-css.png --> ftp3.ftptoyoursite.com /web/content/administrator/components/com_acesearch/assets/images icon-16-as-css.png
2012.10.23 09:03 B C:\inetpub\wwwroot\administrator\components\com_acesearch\assets\images\icon-16-as-extensions.png --> ftp3.ftptoyoursite.com /web/content/administrator/components/com_acesearch/assets/images icon-16-as-extensions.png
2012.10.23 09:03 B C:\inetpub\wwwroot\administrator\components\com_acesearch\assets\images\icon-16-as-filters.png --> ftp3.ftptoyoursite.com /web/content/administrator/components/com_acesearch/assets/images icon-16-as-filters.png
2012.10.23 09:03 B C:\inetpub\wwwroot\administrator\components\com_acesearch\assets\images\icon-16-as-search.png --> ftp3.ftptoyoursite.com /web/content/administrator/components/com_acesearch/assets/images icon-16-as-search.png
2012.10.23 09:03 B C:\inetpub\wwwroot\administrator\components\com_acesearch\assets\images\icon-16-as-statistics.png --> ftp3.ftptoyoursite.com /web/content/administrator/components/com_acesearch/assets/images icon-16-as-statistics.png
2012.10.23 09:03 B C:\inetpub\wwwroot\administrator\components\com_acesearch\assets\images\icon-16-as-support.png --> ftp3.ftptoyoursite.com /web/content/administrator/components/com_acesearch/assets/images icon-16-as-support.png
2012.10.23 09:03 B C:\inetpub\wwwroot\administrator\components\com_acesearch\assets\images\icon-16-as-upgrade.png --> ftp3.ftptoyoursite.com /web/content/administrator/components/com_acesearch/assets/images icon-16-as-upgrade.png
2012.10.23 09:03 B C:\inetpub\wwwroot\administrator\components\com_acesearch\assets\images\icon-16-backend.png --> ftp3.ftptoyoursite.com /web/content/administrator/components/com_acesearch/assets/images icon-16-backend.png
2012.10.23 09:03 B C:\inetpub\wwwroot\administrator\components\com_acesearch\assets\images\icon-16-frontend.png --> ftp3.ftptoyoursite.com /web/content/administrator/components/com_acesearch/assets/images icon-16-frontend.png
2012.10.23 09:03 B C:\inetpub\wwwroot\administrator\components\com_acesearch\assets\images\icon-16-google.png --> ftp3.ftptoyoursite.com /web/content/administrator/components/com_acesearch/assets/images icon-16-google.png
2012.10.23 09:03 B C:\inetpub\wwwroot\administrator\components\com_acesearch\assets\images\icon-16-published-off.png --> ftp3.ftptoyoursite.com /web/content/administrator/components/com_acesearch/assets/images icon-16-published-off.png
2012.10.23 09:03 B C:\inetpub\wwwroot\administrator\components\com_acesearch\assets\images\icon-16-published-on.png --> ftp3.ftptoyoursite.com /web/content/administrator/components/com_acesearch/assets/images icon-16-published-on.png
2012.10.23 09:03 B C:\inetpub\wwwroot\administrator\components\com_acesearch\assets\images\icon-32-apply1.png --> ftp3.ftptoyoursite.com /web/content/administrator/components/com_acesearch/assets/images icon-32-apply1.png
2012.10.23 09:03 B C:\inetpub\wwwroot\administrator\components\com_acesearch\assets\images\icon-32-cancel1.png --> ftp3.ftptoyoursite.com /web/content/administrator/components/com_acesearch/assets/images icon-32-cancel1.png
2012.10.23 09:03 B C:\inetpub\wwwroot\administrator\components\com_acesearch\assets\images\icon-32-edit1.png --> ftp3.ftptoyoursite.com /web/content/administrator/components/com_acesearch/assets/images icon-32-edit1.png
2012.10.23 09:03 B C:\inetpub\wwwroot\administrator\components\com_acesearch\assets\images\icon-32-new1.png --> ftp3.ftptoyoursite.com /web/content/administrator/components/com_acesearch/assets/images icon-32-new1.png
2012.10.23 09:03 B C:\inetpub\wwwroot\administrator\components\com_acesearch\assets\images\icon-32-popup-cache.png --> ftp3.ftptoyoursite.com /web/content/administrator/components/com_acesearch/assets/images icon-32-popup-cache.png
2012.10.23 09:03 B C:\inetpub\wwwroot\administrator\components\com_acesearch\assets\images\icon-32-popup-help1.png --> ftp3.ftptoyoursite.com /web/content/administrator/components/com_acesearch/assets/images icon-32-popup-help1.png
2012.10.23 09:03 B C:\inetpub\wwwroot\administrator\components\com_acesearch\assets\images\icon-32-publish1.png --> ftp3.ftptoyoursite.com /web/content/administrator/components/com_acesearch/assets/images icon-32-publish1.png
2012.10.23 09:03 B C:\inetpub\wwwroot\administrator\components\com_acesearch\assets\images\icon-32-save1.png --> ftp3.ftptoyoursite.com /web/content/administrator/components/com_acesearch/assets/images icon-32-save1.png
2012.10.23 09:03 B C:\inetpub\wwwroot\administrator\components\com_acesearch\assets\images\icon-32-uninstall.png --> ftp3.ftptoyoursite.com /web/content/administrator/components/com_acesearch/assets/images icon-32-uninstall.png
2012.10.23 09:03 B C:\inetpub\wwwroot\administrator\components\com_acesearch\assets\images\icon-32-unpublish1.png --> ftp3.ftptoyoursite.com /web/content/administrator/components/com_acesearch/assets/images icon-32-unpublish1.png
2012.10.23 09:03 B C:\inetpub\wwwroot\administrator\components\com_acesearch\assets\images\icon-48-changelog.png --> ftp3.ftptoyoursite.com /web/content/administrator/components/com_acesearch/assets/images icon-48-changelog.png
2012.10.23 09:03 B C:\inetpub\wwwroot\administrator\components\com_acesearch\assets\images\icon-48-configuration.png --> ftp3.ftptoyoursite.com /web/content/administrator/components/com_acesearch/assets/images icon-48-configuration.png
2012.10.23 09:03 B C:\inetpub\wwwroot\administrator\components\com_acesearch\assets\images\icon-48-css.png --> ftp3.ftptoyoursite.com /web/content/administrator/components/com_acesearch/assets/images icon-48-css.png
2012.10.23 09:03 B C:\inetpub\wwwroot\administrator\components\com_acesearch\assets\images\icon-48-extensions.png --> ftp3.ftptoyoursite.com /web/content/administrator/components/com_acesearch/assets/images icon-48-extensions.png
2012.10.23 09:03 B C:\inetpub\wwwroot\administrator\components\com_acesearch\assets\images\icon-48-filters.png --> ftp3.ftptoyoursite.com /web/content/administrator/components/com_acesearch/assets/images icon-48-filters.png
2012.10.23 09:03 B C:\inetpub\wwwroot\administrator\components\com_acesearch\assets\images\icon-48-joomace.png --> ftp3.ftptoyoursite.com /web/content/administrator/components/com_acesearch/assets/images icon-48-joomace.png
2012.10.23 09:03 B C:\inetpub\wwwroot\administrator\components\com_acesearch\assets\images\icon-48-search.png --> ftp3.ftptoyoursite.com /web/content/administrator/components/com_acesearch/assets/images icon-48-search.png
2012.10.23 09:03 B C:\inetpub\wwwroot\administrator\components\com_acesearch\assets\images\icon-48-statistics.png --> ftp3.ftptoyoursite.com /web/content/administrator/components/com_acesearch/assets/images icon-48-statistics.png
2012.10.23 09:03 B C:\inetpub\wwwroot\administrator\components\com_acesearch\assets\images\icon-48-support.png --> ftp3.ftptoyoursite.com /web/content/administrator/components/com_acesearch/assets/images icon-48-support.png
2012.10.23 09:03 B C:\inetpub\wwwroot\administrator\components\com_acesearch\assets\images\icon-48-translators.png --> ftp3.ftptoyoursite.com /web/content/administrator/components/com_acesearch/assets/images icon-48-translators.png
2012.10.23 09:03 B C:\inetpub\wwwroot\administrator\components\com_acesearch\assets\images\icon-48-upgrade.png --> ftp3.ftptoyoursite.com /web/content/administrator/components/com_acesearch/assets/images icon-48-upgrade.png
2012.10.23 09:03 B C:\inetpub\wwwroot\administrator\components\com_acesearch\assets\images\icon-48-version-ok.png --> ftp3.ftptoyoursite.com /web/content/administrator/components/com_acesearch/assets/images icon-48-version-ok.png
2012.10.23 09:03 B C:\inetpub\wwwroot\administrator\components\com_acesearch\assets\images\icon-48-version-up.png --> ftp3.ftptoyoursite.com /web/content/administrator/components/com_acesearch/assets/images icon-48-version-up.png
2012.10.23 09:03 B C:\inetpub\wwwroot\administrator\components\com_acesearch\assets\images\index.html --> ftp3.ftptoyoursite.com /web/content/administrator/components/com_acesearch/assets/images index.html
2012.10.23 09:03 B C:\inetpub\wwwroot\administrator\components\com_acesearch\assets\images\indicator.png --> ftp3.ftptoyoursite.com /web/content/administrator/components/com_acesearch/assets/images indicator.png
2012.10.23 09:03 B C:\inetpub\wwwroot\administrator\components\com_acesearch\assets\images\logo.png --> ftp3.ftptoyoursite.com /web/content/administrator/components/com_acesearch/assets/images logo.png
2012.10.23 09:03 B C:\inetpub\wwwroot\administrator\components\com_acesearch\assets\images\ordering.png --> ftp3.ftptoyoursite.com /web/content/administrator/components/com_acesearch/assets/images ordering.png
2012.10.23 09:03 B C:\inetpub\wwwroot\administrator\components\com_acesearch\assets\images\publish_x.png --> ftp3.ftptoyoursite.com /web/content/administrator/components/com_acesearch/assets/images publish_x.png
2012.10.23 09:03 B C:\inetpub\wwwroot\administrator\components\com_acesearch\assets\images\remove.gif --> ftp3.ftptoyoursite.com /web/content/administrator/components/com_acesearch/assets/images remove.gif
2012.10.23 09:03 B C:\inetpub\wwwroot\administrator\components\com_acesearch\assets\images\shading.png --> ftp3.ftptoyoursite.com /web/content/administrator/components/com_acesearch/assets/images shading.png
2012.10.23 09:03 B C:\inetpub\wwwroot\administrator\components\com_acesearch\assets\images\slider.png --> ftp3.ftptoyoursite.com /web/content/administrator/components/com_acesearch/assets/images slider.png
2012.10.23 09:03 B C:\inetpub\wwwroot\administrator\components\com_acesearch\assets\images\toolbar.png --> ftp3.ftptoyoursite.com /web/content/administrator/components/com_acesearch/assets/images toolbar.png
2012.10.23 09:03 B C:\inetpub\wwwroot\administrator\components\com_acesearch\assets\images\WS_FTP.LOG --> ftp3.ftptoyoursite.com /web/content/administrator/components/com_acesearch/assets/images WS_FTP.LOG
2013.02.01 14:39 B C:\inetpub\wwwroot\administrator\components\com_acesearch\assets\images\WS_FTP.LOG <-- Schubert Rackspace /web/content/administrator/components/com_acesearch/assets/images WS_FTP.LOG
