2012.07.25 12:18 B C:\Users\COBRIEN\Desktop\Schubert\media\editors\tinymce\jscripts\tiny_mce\themes\advanced\skins\default\img\buttons.png <-- Schubert Rackspace /web/content/media/editors/tinymce/jscripts/tiny_mce/themes/advanced/skins/default/img buttons.png
2012.07.25 12:18 B C:\Users\COBRIEN\Desktop\Schubert\media\editors\tinymce\jscripts\tiny_mce\themes\advanced\skins\default\img\index.html <-- Schubert Rackspace /web/content/media/editors/tinymce/jscripts/tiny_mce/themes/advanced/skins/default/img index.html
2012.07.25 12:18 B C:\Users\COBRIEN\Desktop\Schubert\media\editors\tinymce\jscripts\tiny_mce\themes\advanced\skins\default\img\items.gif <-- Schubert Rackspace /web/content/media/editors/tinymce/jscripts/tiny_mce/themes/advanced/skins/default/img items.gif
2012.07.25 12:18 B C:\Users\COBRIEN\Desktop\Schubert\media\editors\tinymce\jscripts\tiny_mce\themes\advanced\skins\default\img\menu_arrow.gif <-- Schubert Rackspace /web/content/media/editors/tinymce/jscripts/tiny_mce/themes/advanced/skins/default/img menu_arrow.gif
2012.07.25 12:18 B C:\Users\COBRIEN\Desktop\Schubert\media\editors\tinymce\jscripts\tiny_mce\themes\advanced\skins\default\img\menu_check.gif <-- Schubert Rackspace /web/content/media/editors/tinymce/jscripts/tiny_mce/themes/advanced/skins/default/img menu_check.gif
2012.07.25 12:18 B C:\Users\COBRIEN\Desktop\Schubert\media\editors\tinymce\jscripts\tiny_mce\themes\advanced\skins\default\img\progress.gif <-- Schubert Rackspace /web/content/media/editors/tinymce/jscripts/tiny_mce/themes/advanced/skins/default/img progress.gif
2012.07.25 12:18 B C:\Users\COBRIEN\Desktop\Schubert\media\editors\tinymce\jscripts\tiny_mce\themes\advanced\skins\default\img\tabs.gif <-- Schubert Rackspace /web/content/media/editors/tinymce/jscripts/tiny_mce/themes/advanced/skins/default/img tabs.gif
2012.09.04 10:55 B C:\inetpub\wwwroot\media\editors\tinymce\jscripts\tiny_mce\themes\advanced\skins\default\img\buttons.png --> ftp3.ftptoyoursite.com /web/content/SITE-TEST/media/editors/tinymce/jscripts/tiny_mce/themes/advanced/skins/default/img buttons.png
2012.09.04 10:55 B C:\inetpub\wwwroot\media\editors\tinymce\jscripts\tiny_mce\themes\advanced\skins\default\img\index.html --> ftp3.ftptoyoursite.com /web/content/SITE-TEST/media/editors/tinymce/jscripts/tiny_mce/themes/advanced/skins/default/img index.html
2012.09.04 10:55 B C:\inetpub\wwwroot\media\editors\tinymce\jscripts\tiny_mce\themes\advanced\skins\default\img\items.gif --> ftp3.ftptoyoursite.com /web/content/SITE-TEST/media/editors/tinymce/jscripts/tiny_mce/themes/advanced/skins/default/img items.gif
2012.09.04 10:55 B C:\inetpub\wwwroot\media\editors\tinymce\jscripts\tiny_mce\themes\advanced\skins\default\img\menu_arrow.gif --> ftp3.ftptoyoursite.com /web/content/SITE-TEST/media/editors/tinymce/jscripts/tiny_mce/themes/advanced/skins/default/img menu_arrow.gif
2012.09.04 10:55 B C:\inetpub\wwwroot\media\editors\tinymce\jscripts\tiny_mce\themes\advanced\skins\default\img\menu_check.gif --> ftp3.ftptoyoursite.com /web/content/SITE-TEST/media/editors/tinymce/jscripts/tiny_mce/themes/advanced/skins/default/img menu_check.gif
2012.09.04 10:55 B C:\inetpub\wwwroot\media\editors\tinymce\jscripts\tiny_mce\themes\advanced\skins\default\img\progress.gif --> ftp3.ftptoyoursite.com /web/content/SITE-TEST/media/editors/tinymce/jscripts/tiny_mce/themes/advanced/skins/default/img progress.gif
2012.09.04 10:55 B C:\inetpub\wwwroot\media\editors\tinymce\jscripts\tiny_mce\themes\advanced\skins\default\img\tabs.gif --> ftp3.ftptoyoursite.com /web/content/SITE-TEST/media/editors/tinymce/jscripts/tiny_mce/themes/advanced/skins/default/img tabs.gif
2012.09.04 10:55 B C:\inetpub\wwwroot\media\editors\tinymce\jscripts\tiny_mce\themes\advanced\skins\default\img\WS_FTP.LOG --> ftp3.ftptoyoursite.com /web/content/SITE-TEST/media/editors/tinymce/jscripts/tiny_mce/themes/advanced/skins/default/img WS_FTP.LOG
2012.09.06 15:13 B C:\inetpub\wwwroot\media\editors\tinymce\jscripts\tiny_mce\themes\advanced\skins\default\img\buttons.png --> ftp3.ftptoyoursite.com /web/content/SITEBACKUP_962012/media/editors/tinymce/jscripts/tiny_mce/themes/advanced/skins/default/img buttons.png
2012.09.06 15:13 B C:\inetpub\wwwroot\media\editors\tinymce\jscripts\tiny_mce\themes\advanced\skins\default\img\index.html --> ftp3.ftptoyoursite.com /web/content/SITEBACKUP_962012/media/editors/tinymce/jscripts/tiny_mce/themes/advanced/skins/default/img index.html
2012.09.06 15:13 B C:\inetpub\wwwroot\media\editors\tinymce\jscripts\tiny_mce\themes\advanced\skins\default\img\items.gif --> ftp3.ftptoyoursite.com /web/content/SITEBACKUP_962012/media/editors/tinymce/jscripts/tiny_mce/themes/advanced/skins/default/img items.gif
2012.09.06 15:13 B C:\inetpub\wwwroot\media\editors\tinymce\jscripts\tiny_mce\themes\advanced\skins\default\img\menu_arrow.gif --> ftp3.ftptoyoursite.com /web/content/SITEBACKUP_962012/media/editors/tinymce/jscripts/tiny_mce/themes/advanced/skins/default/img menu_arrow.gif
2012.09.06 15:13 B C:\inetpub\wwwroot\media\editors\tinymce\jscripts\tiny_mce\themes\advanced\skins\default\img\menu_check.gif --> ftp3.ftptoyoursite.com /web/content/SITEBACKUP_962012/media/editors/tinymce/jscripts/tiny_mce/themes/advanced/skins/default/img menu_check.gif
2012.09.06 15:13 B C:\inetpub\wwwroot\media\editors\tinymce\jscripts\tiny_mce\themes\advanced\skins\default\img\progress.gif --> ftp3.ftptoyoursite.com /web/content/SITEBACKUP_962012/media/editors/tinymce/jscripts/tiny_mce/themes/advanced/skins/default/img progress.gif
2012.09.06 15:13 B C:\inetpub\wwwroot\media\editors\tinymce\jscripts\tiny_mce\themes\advanced\skins\default\img\tabs.gif --> ftp3.ftptoyoursite.com /web/content/SITEBACKUP_962012/media/editors/tinymce/jscripts/tiny_mce/themes/advanced/skins/default/img tabs.gif
2012.09.06 15:13 B C:\inetpub\wwwroot\media\editors\tinymce\jscripts\tiny_mce\themes\advanced\skins\default\img\WS_FTP.LOG --> ftp3.ftptoyoursite.com /web/content/SITEBACKUP_962012/media/editors/tinymce/jscripts/tiny_mce/themes/advanced/skins/default/img WS_FTP.LOG
2012.10.23 09:16 B C:\inetpub\wwwroot\media\editors\tinymce\jscripts\tiny_mce\themes\advanced\skins\default\img\buttons.png --> ftp3.ftptoyoursite.com /web/content/media/editors/tinymce/jscripts/tiny_mce/themes/advanced/skins/default/img buttons.png
2012.10.23 09:16 B C:\inetpub\wwwroot\media\editors\tinymce\jscripts\tiny_mce\themes\advanced\skins\default\img\index.html --> ftp3.ftptoyoursite.com /web/content/media/editors/tinymce/jscripts/tiny_mce/themes/advanced/skins/default/img index.html
2012.10.23 09:16 B C:\inetpub\wwwroot\media\editors\tinymce\jscripts\tiny_mce\themes\advanced\skins\default\img\items.gif --> ftp3.ftptoyoursite.com /web/content/media/editors/tinymce/jscripts/tiny_mce/themes/advanced/skins/default/img items.gif
2012.10.23 09:16 B C:\inetpub\wwwroot\media\editors\tinymce\jscripts\tiny_mce\themes\advanced\skins\default\img\menu_arrow.gif --> ftp3.ftptoyoursite.com /web/content/media/editors/tinymce/jscripts/tiny_mce/themes/advanced/skins/default/img menu_arrow.gif
2012.10.23 09:16 B C:\inetpub\wwwroot\media\editors\tinymce\jscripts\tiny_mce\themes\advanced\skins\default\img\menu_check.gif --> ftp3.ftptoyoursite.com /web/content/media/editors/tinymce/jscripts/tiny_mce/themes/advanced/skins/default/img menu_check.gif
2012.10.23 09:16 B C:\inetpub\wwwroot\media\editors\tinymce\jscripts\tiny_mce\themes\advanced\skins\default\img\progress.gif --> ftp3.ftptoyoursite.com /web/content/media/editors/tinymce/jscripts/tiny_mce/themes/advanced/skins/default/img progress.gif
2012.10.23 09:16 B C:\inetpub\wwwroot\media\editors\tinymce\jscripts\tiny_mce\themes\advanced\skins\default\img\tabs.gif --> ftp3.ftptoyoursite.com /web/content/media/editors/tinymce/jscripts/tiny_mce/themes/advanced/skins/default/img tabs.gif
2012.10.23 09:16 B C:\inetpub\wwwroot\media\editors\tinymce\jscripts\tiny_mce\themes\advanced\skins\default\img\WS_FTP.LOG --> ftp3.ftptoyoursite.com /web/content/media/editors/tinymce/jscripts/tiny_mce/themes/advanced/skins/default/img WS_FTP.LOG
2013.02.01 14:55 B C:\inetpub\wwwroot\media\editors\tinymce\jscripts\tiny_mce\themes\advanced\skins\default\img\WS_FTP.LOG <-- Schubert Rackspace /web/content/media/editors/tinymce/jscripts/tiny_mce/themes/advanced/skins/default/img WS_FTP.LOG
