2012.07.25 12:11 B C:\Users\COBRIEN\Desktop\Schubert\administrator\components\com_nivoslider\assets\icon-image.png <-- Schubert Rackspace /web/content/administrator/components/com_nivoslider/assets icon-image.png
2012.07.25 12:11 B C:\Users\COBRIEN\Desktop\Schubert\administrator\components\com_nivoslider\assets\jsfunc.js <-- Schubert Rackspace /web/content/administrator/components/com_nivoslider/assets jsfunc.js
2012.07.25 12:11 B C:\Users\COBRIEN\Desktop\Schubert\administrator\components\com_nivoslider\assets\style.css <-- Schubert Rackspace /web/content/administrator/components/com_nivoslider/assets style.css
2012.09.04 10:45 B C:\inetpub\wwwroot\administrator\components\com_nivoslider\assets\icon-image.png --> ftp3.ftptoyoursite.com /web/content/SITE-TEST/administrator/components/com_nivoslider/assets icon-image.png
2012.09.04 10:45 B C:\inetpub\wwwroot\administrator\components\com_nivoslider\assets\index.html --> ftp3.ftptoyoursite.com /web/content/SITE-TEST/administrator/components/com_nivoslider/assets index.html
2012.09.04 10:45 B C:\inetpub\wwwroot\administrator\components\com_nivoslider\assets\jsfunc.js --> ftp3.ftptoyoursite.com /web/content/SITE-TEST/administrator/components/com_nivoslider/assets jsfunc.js
2012.09.04 10:45 B C:\inetpub\wwwroot\administrator\components\com_nivoslider\assets\style.css --> ftp3.ftptoyoursite.com /web/content/SITE-TEST/administrator/components/com_nivoslider/assets style.css
2012.09.04 10:45 B C:\inetpub\wwwroot\administrator\components\com_nivoslider\assets\WS_FTP.LOG --> ftp3.ftptoyoursite.com /web/content/SITE-TEST/administrator/components/com_nivoslider/assets WS_FTP.LOG
2012.09.06 15:02 B C:\inetpub\wwwroot\administrator\components\com_nivoslider\assets\icon-image.png --> ftp3.ftptoyoursite.com /web/content/SITEBACKUP_962012/administrator/components/com_nivoslider/assets icon-image.png
2012.09.06 15:02 B C:\inetpub\wwwroot\administrator\components\com_nivoslider\assets\index.html --> ftp3.ftptoyoursite.com /web/content/SITEBACKUP_962012/administrator/components/com_nivoslider/assets index.html
2012.09.06 15:02 B C:\inetpub\wwwroot\administrator\components\com_nivoslider\assets\jsfunc.js --> ftp3.ftptoyoursite.com /web/content/SITEBACKUP_962012/administrator/components/com_nivoslider/assets jsfunc.js
2012.09.06 15:02 B C:\inetpub\wwwroot\administrator\components\com_nivoslider\assets\style.css --> ftp3.ftptoyoursite.com /web/content/SITEBACKUP_962012/administrator/components/com_nivoslider/assets style.css
2012.09.06 15:02 B C:\inetpub\wwwroot\administrator\components\com_nivoslider\assets\WS_FTP.LOG --> ftp3.ftptoyoursite.com /web/content/SITEBACKUP_962012/administrator/components/com_nivoslider/assets WS_FTP.LOG
2012.09.06 15:45 B C:\inetpub\wwwroot\administrator\components\com_nivoslider\assets\icon-image.png <-- Schubert Rackspace /web/content/SITEBACKUP_962012/administrator/components/com_nivoslider/assets icon-image.png
2012.09.06 15:45 B C:\inetpub\wwwroot\administrator\components\com_nivoslider\assets\jsfunc.js <-- Schubert Rackspace /web/content/SITEBACKUP_962012/administrator/components/com_nivoslider/assets jsfunc.js
2012.09.06 15:45 B C:\inetpub\wwwroot\administrator\components\com_nivoslider\assets\style.css <-- Schubert Rackspace /web/content/SITEBACKUP_962012/administrator/components/com_nivoslider/assets style.css
2012.10.23 09:06 B C:\inetpub\wwwroot\administrator\components\com_nivoslider\assets\icon-image.png --> ftp3.ftptoyoursite.com /web/content/administrator/components/com_nivoslider/assets icon-image.png
2012.10.23 09:06 B C:\inetpub\wwwroot\administrator\components\com_nivoslider\assets\index.html --> ftp3.ftptoyoursite.com /web/content/administrator/components/com_nivoslider/assets index.html
2012.10.23 09:06 B C:\inetpub\wwwroot\administrator\components\com_nivoslider\assets\jsfunc.js --> ftp3.ftptoyoursite.com /web/content/administrator/components/com_nivoslider/assets jsfunc.js
2012.10.23 09:06 B C:\inetpub\wwwroot\administrator\components\com_nivoslider\assets\style.css --> ftp3.ftptoyoursite.com /web/content/administrator/components/com_nivoslider/assets style.css
2012.10.23 09:06 B C:\inetpub\wwwroot\administrator\components\com_nivoslider\assets\WS_FTP.LOG --> ftp3.ftptoyoursite.com /web/content/administrator/components/com_nivoslider/assets WS_FTP.LOG
2013.02.01 14:42 B C:\inetpub\wwwroot\administrator\components\com_nivoslider\assets\WS_FTP.LOG <-- Schubert Rackspace /web/content/administrator/components/com_nivoslider/assets WS_FTP.LOG
