2012.07.25 12:18 B C:\Users\COBRIEN\Desktop\Schubert\media\editors\tinymce\jscripts\tiny_mce\plugins\table\js\cell.js <-- Schubert Rackspace /web/content/media/editors/tinymce/jscripts/tiny_mce/plugins/table/js cell.js
2012.07.25 12:18 B C:\Users\COBRIEN\Desktop\Schubert\media\editors\tinymce\jscripts\tiny_mce\plugins\table\js\index.html <-- Schubert Rackspace /web/content/media/editors/tinymce/jscripts/tiny_mce/plugins/table/js index.html
2012.07.25 12:18 B C:\Users\COBRIEN\Desktop\Schubert\media\editors\tinymce\jscripts\tiny_mce\plugins\table\js\merge_cells.js <-- Schubert Rackspace /web/content/media/editors/tinymce/jscripts/tiny_mce/plugins/table/js merge_cells.js
2012.07.25 12:18 B C:\Users\COBRIEN\Desktop\Schubert\media\editors\tinymce\jscripts\tiny_mce\plugins\table\js\row.js <-- Schubert Rackspace /web/content/media/editors/tinymce/jscripts/tiny_mce/plugins/table/js row.js
2012.07.25 12:18 B C:\Users\COBRIEN\Desktop\Schubert\media\editors\tinymce\jscripts\tiny_mce\plugins\table\js\table.js <-- Schubert Rackspace /web/content/media/editors/tinymce/jscripts/tiny_mce/plugins/table/js table.js
2012.09.04 10:55 B C:\inetpub\wwwroot\media\editors\tinymce\jscripts\tiny_mce\plugins\table\js\cell.js --> ftp3.ftptoyoursite.com /web/content/SITE-TEST/media/editors/tinymce/jscripts/tiny_mce/plugins/table/js cell.js
2012.09.04 10:55 B C:\inetpub\wwwroot\media\editors\tinymce\jscripts\tiny_mce\plugins\table\js\index.html --> ftp3.ftptoyoursite.com /web/content/SITE-TEST/media/editors/tinymce/jscripts/tiny_mce/plugins/table/js index.html
2012.09.04 10:55 B C:\inetpub\wwwroot\media\editors\tinymce\jscripts\tiny_mce\plugins\table\js\merge_cells.js --> ftp3.ftptoyoursite.com /web/content/SITE-TEST/media/editors/tinymce/jscripts/tiny_mce/plugins/table/js merge_cells.js
2012.09.04 10:55 B C:\inetpub\wwwroot\media\editors\tinymce\jscripts\tiny_mce\plugins\table\js\row.js --> ftp3.ftptoyoursite.com /web/content/SITE-TEST/media/editors/tinymce/jscripts/tiny_mce/plugins/table/js row.js
2012.09.04 10:55 B C:\inetpub\wwwroot\media\editors\tinymce\jscripts\tiny_mce\plugins\table\js\table.js --> ftp3.ftptoyoursite.com /web/content/SITE-TEST/media/editors/tinymce/jscripts/tiny_mce/plugins/table/js table.js
2012.09.04 10:55 B C:\inetpub\wwwroot\media\editors\tinymce\jscripts\tiny_mce\plugins\table\js\WS_FTP.LOG --> ftp3.ftptoyoursite.com /web/content/SITE-TEST/media/editors/tinymce/jscripts/tiny_mce/plugins/table/js WS_FTP.LOG
2012.09.06 15:13 B C:\inetpub\wwwroot\media\editors\tinymce\jscripts\tiny_mce\plugins\table\js\cell.js --> ftp3.ftptoyoursite.com /web/content/SITEBACKUP_962012/media/editors/tinymce/jscripts/tiny_mce/plugins/table/js cell.js
2012.09.06 15:13 B C:\inetpub\wwwroot\media\editors\tinymce\jscripts\tiny_mce\plugins\table\js\index.html --> ftp3.ftptoyoursite.com /web/content/SITEBACKUP_962012/media/editors/tinymce/jscripts/tiny_mce/plugins/table/js index.html
2012.09.06 15:13 B C:\inetpub\wwwroot\media\editors\tinymce\jscripts\tiny_mce\plugins\table\js\merge_cells.js --> ftp3.ftptoyoursite.com /web/content/SITEBACKUP_962012/media/editors/tinymce/jscripts/tiny_mce/plugins/table/js merge_cells.js
2012.09.06 15:13 B C:\inetpub\wwwroot\media\editors\tinymce\jscripts\tiny_mce\plugins\table\js\row.js --> ftp3.ftptoyoursite.com /web/content/SITEBACKUP_962012/media/editors/tinymce/jscripts/tiny_mce/plugins/table/js row.js
2012.09.06 15:13 B C:\inetpub\wwwroot\media\editors\tinymce\jscripts\tiny_mce\plugins\table\js\table.js --> ftp3.ftptoyoursite.com /web/content/SITEBACKUP_962012/media/editors/tinymce/jscripts/tiny_mce/plugins/table/js table.js
2012.09.06 15:13 B C:\inetpub\wwwroot\media\editors\tinymce\jscripts\tiny_mce\plugins\table\js\WS_FTP.LOG --> ftp3.ftptoyoursite.com /web/content/SITEBACKUP_962012/media/editors/tinymce/jscripts/tiny_mce/plugins/table/js WS_FTP.LOG
2012.10.23 09:15 B C:\inetpub\wwwroot\media\editors\tinymce\jscripts\tiny_mce\plugins\table\js\cell.js --> ftp3.ftptoyoursite.com /web/content/media/editors/tinymce/jscripts/tiny_mce/plugins/table/js cell.js
2012.10.23 09:15 B C:\inetpub\wwwroot\media\editors\tinymce\jscripts\tiny_mce\plugins\table\js\index.html --> ftp3.ftptoyoursite.com /web/content/media/editors/tinymce/jscripts/tiny_mce/plugins/table/js index.html
2012.10.23 09:15 B C:\inetpub\wwwroot\media\editors\tinymce\jscripts\tiny_mce\plugins\table\js\merge_cells.js --> ftp3.ftptoyoursite.com /web/content/media/editors/tinymce/jscripts/tiny_mce/plugins/table/js merge_cells.js
2012.10.23 09:15 B C:\inetpub\wwwroot\media\editors\tinymce\jscripts\tiny_mce\plugins\table\js\row.js --> ftp3.ftptoyoursite.com /web/content/media/editors/tinymce/jscripts/tiny_mce/plugins/table/js row.js
2012.10.23 09:15 B C:\inetpub\wwwroot\media\editors\tinymce\jscripts\tiny_mce\plugins\table\js\table.js --> ftp3.ftptoyoursite.com /web/content/media/editors/tinymce/jscripts/tiny_mce/plugins/table/js table.js
2013.02.01 14:55 B C:\inetpub\wwwroot\media\editors\tinymce\jscripts\tiny_mce\plugins\table\js\WS_FTP.LOG <-- Schubert Rackspace /web/content/media/editors/tinymce/jscripts/tiny_mce/plugins/table/js WS_FTP.LOG
