2012.07.25 12:15 B C:\Users\COBRIEN\Desktop\Schubert\components\com_jce\editor\libraries\classes\document.php <-- Schubert Rackspace /web/content/components/com_jce/editor/libraries/classes document.php
2012.07.25 12:15 B C:\Users\COBRIEN\Desktop\Schubert\components\com_jce\editor\libraries\classes\editor.php <-- Schubert Rackspace /web/content/components/com_jce/editor/libraries/classes editor.php
2012.07.25 12:15 B C:\Users\COBRIEN\Desktop\Schubert\components\com_jce\editor\libraries\classes\error.php <-- Schubert Rackspace /web/content/components/com_jce/editor/libraries/classes error.php
2012.07.25 12:15 B C:\Users\COBRIEN\Desktop\Schubert\components\com_jce\editor\libraries\classes\extensions.php <-- Schubert Rackspace /web/content/components/com_jce/editor/libraries/classes extensions.php
2012.07.25 12:15 B C:\Users\COBRIEN\Desktop\Schubert\components\com_jce\editor\libraries\classes\index.html <-- Schubert Rackspace /web/content/components/com_jce/editor/libraries/classes index.html
2012.07.25 12:15 B C:\Users\COBRIEN\Desktop\Schubert\components\com_jce\editor\libraries\classes\manager.php <-- Schubert Rackspace /web/content/components/com_jce/editor/libraries/classes manager.php
2012.07.25 12:15 B C:\Users\COBRIEN\Desktop\Schubert\components\com_jce\editor\libraries\classes\mime.php <-- Schubert Rackspace /web/content/components/com_jce/editor/libraries/classes mime.php
2012.07.25 12:15 B C:\Users\COBRIEN\Desktop\Schubert\components\com_jce\editor\libraries\classes\plugin.php <-- Schubert Rackspace /web/content/components/com_jce/editor/libraries/classes plugin.php
2012.07.25 12:15 B C:\Users\COBRIEN\Desktop\Schubert\components\com_jce\editor\libraries\classes\request.php <-- Schubert Rackspace /web/content/components/com_jce/editor/libraries/classes request.php
2012.07.25 12:15 B C:\Users\COBRIEN\Desktop\Schubert\components\com_jce\editor\libraries\classes\tabs.php <-- Schubert Rackspace /web/content/components/com_jce/editor/libraries/classes tabs.php
2012.07.25 12:15 B C:\Users\COBRIEN\Desktop\Schubert\components\com_jce\editor\libraries\classes\theme.php <-- Schubert Rackspace /web/content/components/com_jce/editor/libraries/classes theme.php
2012.07.25 12:15 B C:\Users\COBRIEN\Desktop\Schubert\components\com_jce\editor\libraries\classes\token.php <-- Schubert Rackspace /web/content/components/com_jce/editor/libraries/classes token.php
2012.07.25 12:15 B C:\Users\COBRIEN\Desktop\Schubert\components\com_jce\editor\libraries\classes\utility.php <-- Schubert Rackspace /web/content/components/com_jce/editor/libraries/classes utility.php
2012.07.25 12:15 B C:\Users\COBRIEN\Desktop\Schubert\components\com_jce\editor\libraries\classes\view.php <-- Schubert Rackspace /web/content/components/com_jce/editor/libraries/classes view.php
2012.09.04 10:50 B C:\inetpub\wwwroot\components\com_jce\editor\libraries\classes\document.php --> ftp3.ftptoyoursite.com /web/content/SITE-TEST/components/com_jce/editor/libraries/classes document.php
2012.09.04 10:50 B C:\inetpub\wwwroot\components\com_jce\editor\libraries\classes\editor.php --> ftp3.ftptoyoursite.com /web/content/SITE-TEST/components/com_jce/editor/libraries/classes editor.php
2012.09.04 10:50 B C:\inetpub\wwwroot\components\com_jce\editor\libraries\classes\error.php --> ftp3.ftptoyoursite.com /web/content/SITE-TEST/components/com_jce/editor/libraries/classes error.php
2012.09.04 10:50 B C:\inetpub\wwwroot\components\com_jce\editor\libraries\classes\extensions.php --> ftp3.ftptoyoursite.com /web/content/SITE-TEST/components/com_jce/editor/libraries/classes extensions.php
2012.09.04 10:50 B C:\inetpub\wwwroot\components\com_jce\editor\libraries\classes\index.html --> ftp3.ftptoyoursite.com /web/content/SITE-TEST/components/com_jce/editor/libraries/classes index.html
2012.09.04 10:50 B C:\inetpub\wwwroot\components\com_jce\editor\libraries\classes\manager.php --> ftp3.ftptoyoursite.com /web/content/SITE-TEST/components/com_jce/editor/libraries/classes manager.php
2012.09.04 10:50 B C:\inetpub\wwwroot\components\com_jce\editor\libraries\classes\mime.php --> ftp3.ftptoyoursite.com /web/content/SITE-TEST/components/com_jce/editor/libraries/classes mime.php
2012.09.04 10:50 B C:\inetpub\wwwroot\components\com_jce\editor\libraries\classes\plugin.php --> ftp3.ftptoyoursite.com /web/content/SITE-TEST/components/com_jce/editor/libraries/classes plugin.php
2012.09.04 10:50 B C:\inetpub\wwwroot\components\com_jce\editor\libraries\classes\request.php --> ftp3.ftptoyoursite.com /web/content/SITE-TEST/components/com_jce/editor/libraries/classes request.php
2012.09.04 10:50 B C:\inetpub\wwwroot\components\com_jce\editor\libraries\classes\tabs.php --> ftp3.ftptoyoursite.com /web/content/SITE-TEST/components/com_jce/editor/libraries/classes tabs.php
2012.09.04 10:50 B C:\inetpub\wwwroot\components\com_jce\editor\libraries\classes\theme.php --> ftp3.ftptoyoursite.com /web/content/SITE-TEST/components/com_jce/editor/libraries/classes theme.php
2012.09.04 10:50 B C:\inetpub\wwwroot\components\com_jce\editor\libraries\classes\token.php --> ftp3.ftptoyoursite.com /web/content/SITE-TEST/components/com_jce/editor/libraries/classes token.php
2012.09.04 10:50 B C:\inetpub\wwwroot\components\com_jce\editor\libraries\classes\utility.php --> ftp3.ftptoyoursite.com /web/content/SITE-TEST/components/com_jce/editor/libraries/classes utility.php
2012.09.04 10:50 B C:\inetpub\wwwroot\components\com_jce\editor\libraries\classes\view.php --> ftp3.ftptoyoursite.com /web/content/SITE-TEST/components/com_jce/editor/libraries/classes view.php
2012.09.04 10:50 B C:\inetpub\wwwroot\components\com_jce\editor\libraries\classes\WS_FTP.LOG --> ftp3.ftptoyoursite.com /web/content/SITE-TEST/components/com_jce/editor/libraries/classes WS_FTP.LOG
2012.09.06 15:07 B C:\inetpub\wwwroot\components\com_jce\editor\libraries\classes\document.php --> ftp3.ftptoyoursite.com /web/content/SITEBACKUP_962012/components/com_jce/editor/libraries/classes document.php
2012.09.06 15:07 B C:\inetpub\wwwroot\components\com_jce\editor\libraries\classes\editor.php --> ftp3.ftptoyoursite.com /web/content/SITEBACKUP_962012/components/com_jce/editor/libraries/classes editor.php
2012.09.06 15:07 B C:\inetpub\wwwroot\components\com_jce\editor\libraries\classes\error.php --> ftp3.ftptoyoursite.com /web/content/SITEBACKUP_962012/components/com_jce/editor/libraries/classes error.php
2012.09.06 15:07 B C:\inetpub\wwwroot\components\com_jce\editor\libraries\classes\extensions.php --> ftp3.ftptoyoursite.com /web/content/SITEBACKUP_962012/components/com_jce/editor/libraries/classes extensions.php
2012.09.06 15:07 B C:\inetpub\wwwroot\components\com_jce\editor\libraries\classes\index.html --> ftp3.ftptoyoursite.com /web/content/SITEBACKUP_962012/components/com_jce/editor/libraries/classes index.html
2012.09.06 15:07 B C:\inetpub\wwwroot\components\com_jce\editor\libraries\classes\manager.php --> ftp3.ftptoyoursite.com /web/content/SITEBACKUP_962012/components/com_jce/editor/libraries/classes manager.php
2012.09.06 15:07 B C:\inetpub\wwwroot\components\com_jce\editor\libraries\classes\mime.php --> ftp3.ftptoyoursite.com /web/content/SITEBACKUP_962012/components/com_jce/editor/libraries/classes mime.php
2012.09.06 15:07 B C:\inetpub\wwwroot\components\com_jce\editor\libraries\classes\plugin.php --> ftp3.ftptoyoursite.com /web/content/SITEBACKUP_962012/components/com_jce/editor/libraries/classes plugin.php
2012.09.06 15:07 B C:\inetpub\wwwroot\components\com_jce\editor\libraries\classes\request.php --> ftp3.ftptoyoursite.com /web/content/SITEBACKUP_962012/components/com_jce/editor/libraries/classes request.php
2012.09.06 15:07 B C:\inetpub\wwwroot\components\com_jce\editor\libraries\classes\tabs.php --> ftp3.ftptoyoursite.com /web/content/SITEBACKUP_962012/components/com_jce/editor/libraries/classes tabs.php
2012.09.06 15:07 B C:\inetpub\wwwroot\components\com_jce\editor\libraries\classes\theme.php --> ftp3.ftptoyoursite.com /web/content/SITEBACKUP_962012/components/com_jce/editor/libraries/classes theme.php
2012.09.06 15:07 B C:\inetpub\wwwroot\components\com_jce\editor\libraries\classes\token.php --> ftp3.ftptoyoursite.com /web/content/SITEBACKUP_962012/components/com_jce/editor/libraries/classes token.php
2012.09.06 15:07 B C:\inetpub\wwwroot\components\com_jce\editor\libraries\classes\utility.php --> ftp3.ftptoyoursite.com /web/content/SITEBACKUP_962012/components/com_jce/editor/libraries/classes utility.php
2012.09.06 15:07 B C:\inetpub\wwwroot\components\com_jce\editor\libraries\classes\view.php --> ftp3.ftptoyoursite.com /web/content/SITEBACKUP_962012/components/com_jce/editor/libraries/classes view.php
2012.09.06 15:07 B C:\inetpub\wwwroot\components\com_jce\editor\libraries\classes\WS_FTP.LOG --> ftp3.ftptoyoursite.com /web/content/SITEBACKUP_962012/components/com_jce/editor/libraries/classes WS_FTP.LOG
2012.09.06 15:48 B C:\inetpub\wwwroot\components\com_jce\editor\libraries\classes\document.php <-- Schubert Rackspace /web/content/SITEBACKUP_962012/components/com_jce/editor/libraries/classes document.php
2012.09.06 15:48 B C:\inetpub\wwwroot\components\com_jce\editor\libraries\classes\editor.php <-- Schubert Rackspace /web/content/SITEBACKUP_962012/components/com_jce/editor/libraries/classes editor.php
2012.09.06 15:48 B C:\inetpub\wwwroot\components\com_jce\editor\libraries\classes\error.php <-- Schubert Rackspace /web/content/SITEBACKUP_962012/components/com_jce/editor/libraries/classes error.php
2012.09.06 15:48 B C:\inetpub\wwwroot\components\com_jce\editor\libraries\classes\extensions.php <-- Schubert Rackspace /web/content/SITEBACKUP_962012/components/com_jce/editor/libraries/classes extensions.php
2012.09.06 15:48 B C:\inetpub\wwwroot\components\com_jce\editor\libraries\classes\index.html <-- Schubert Rackspace /web/content/SITEBACKUP_962012/components/com_jce/editor/libraries/classes index.html
2012.09.06 15:48 B C:\inetpub\wwwroot\components\com_jce\editor\libraries\classes\manager.php <-- Schubert Rackspace /web/content/SITEBACKUP_962012/components/com_jce/editor/libraries/classes manager.php
2012.09.06 15:48 B C:\inetpub\wwwroot\components\com_jce\editor\libraries\classes\mime.php <-- Schubert Rackspace /web/content/SITEBACKUP_962012/components/com_jce/editor/libraries/classes mime.php
2012.09.06 15:48 B C:\inetpub\wwwroot\components\com_jce\editor\libraries\classes\plugin.php <-- Schubert Rackspace /web/content/SITEBACKUP_962012/components/com_jce/editor/libraries/classes plugin.php
2012.09.06 15:48 B C:\inetpub\wwwroot\components\com_jce\editor\libraries\classes\request.php <-- Schubert Rackspace /web/content/SITEBACKUP_962012/components/com_jce/editor/libraries/classes request.php
2012.09.06 15:48 B C:\inetpub\wwwroot\components\com_jce\editor\libraries\classes\tabs.php <-- Schubert Rackspace /web/content/SITEBACKUP_962012/components/com_jce/editor/libraries/classes tabs.php
2012.09.06 15:48 B C:\inetpub\wwwroot\components\com_jce\editor\libraries\classes\theme.php <-- Schubert Rackspace /web/content/SITEBACKUP_962012/components/com_jce/editor/libraries/classes theme.php
2012.09.06 15:48 B C:\inetpub\wwwroot\components\com_jce\editor\libraries\classes\token.php <-- Schubert Rackspace /web/content/SITEBACKUP_962012/components/com_jce/editor/libraries/classes token.php
2012.09.06 15:48 B C:\inetpub\wwwroot\components\com_jce\editor\libraries\classes\utility.php <-- Schubert Rackspace /web/content/SITEBACKUP_962012/components/com_jce/editor/libraries/classes utility.php
2012.09.06 15:48 B C:\inetpub\wwwroot\components\com_jce\editor\libraries\classes\view.php <-- Schubert Rackspace /web/content/SITEBACKUP_962012/components/com_jce/editor/libraries/classes view.php
2012.10.23 09:11 B C:\inetpub\wwwroot\components\com_jce\editor\libraries\classes\document.php --> ftp3.ftptoyoursite.com /web/content/components/com_jce/editor/libraries/classes document.php
2012.10.23 09:11 B C:\inetpub\wwwroot\components\com_jce\editor\libraries\classes\editor.php --> ftp3.ftptoyoursite.com /web/content/components/com_jce/editor/libraries/classes editor.php
2012.10.23 09:11 B C:\inetpub\wwwroot\components\com_jce\editor\libraries\classes\error.php --> ftp3.ftptoyoursite.com /web/content/components/com_jce/editor/libraries/classes error.php
2012.10.23 09:11 B C:\inetpub\wwwroot\components\com_jce\editor\libraries\classes\extensions.php --> ftp3.ftptoyoursite.com /web/content/components/com_jce/editor/libraries/classes extensions.php
2012.10.23 09:11 B C:\inetpub\wwwroot\components\com_jce\editor\libraries\classes\index.html --> ftp3.ftptoyoursite.com /web/content/components/com_jce/editor/libraries/classes index.html
2012.10.23 09:11 B C:\inetpub\wwwroot\components\com_jce\editor\libraries\classes\manager.php --> ftp3.ftptoyoursite.com /web/content/components/com_jce/editor/libraries/classes manager.php
2012.10.23 09:11 B C:\inetpub\wwwroot\components\com_jce\editor\libraries\classes\mime.php --> ftp3.ftptoyoursite.com /web/content/components/com_jce/editor/libraries/classes mime.php
2012.10.23 09:11 B C:\inetpub\wwwroot\components\com_jce\editor\libraries\classes\plugin.php --> ftp3.ftptoyoursite.com /web/content/components/com_jce/editor/libraries/classes plugin.php
2012.10.23 09:11 B C:\inetpub\wwwroot\components\com_jce\editor\libraries\classes\request.php --> ftp3.ftptoyoursite.com /web/content/components/com_jce/editor/libraries/classes request.php
2012.10.23 09:11 B C:\inetpub\wwwroot\components\com_jce\editor\libraries\classes\tabs.php --> ftp3.ftptoyoursite.com /web/content/components/com_jce/editor/libraries/classes tabs.php
2012.10.23 09:11 B C:\inetpub\wwwroot\components\com_jce\editor\libraries\classes\theme.php --> ftp3.ftptoyoursite.com /web/content/components/com_jce/editor/libraries/classes theme.php
2012.10.23 09:11 B C:\inetpub\wwwroot\components\com_jce\editor\libraries\classes\token.php --> ftp3.ftptoyoursite.com /web/content/components/com_jce/editor/libraries/classes token.php
2012.10.23 09:11 B C:\inetpub\wwwroot\components\com_jce\editor\libraries\classes\utility.php --> ftp3.ftptoyoursite.com /web/content/components/com_jce/editor/libraries/classes utility.php
2012.10.23 09:11 B C:\inetpub\wwwroot\components\com_jce\editor\libraries\classes\view.php --> ftp3.ftptoyoursite.com /web/content/components/com_jce/editor/libraries/classes view.php
2012.10.23 09:11 B C:\inetpub\wwwroot\components\com_jce\editor\libraries\classes\WS_FTP.LOG --> ftp3.ftptoyoursite.com /web/content/components/com_jce/editor/libraries/classes WS_FTP.LOG
2013.02.01 14:48 B C:\inetpub\wwwroot\components\com_jce\editor\libraries\classes\WS_FTP.LOG <-- Schubert Rackspace /web/content/components/com_jce/editor/libraries/classes WS_FTP.LOG
