2013.02.01 14:49 B C:\inetpub\wwwroot\components\com_k2\images\social\delicious.png <-- Schubert Rackspace /web/content/components/com_k2/images/social delicious.png
2013.02.01 14:49 B C:\inetpub\wwwroot\components\com_k2\images\social\delicious_16.png <-- Schubert Rackspace /web/content/components/com_k2/images/social delicious_16.png
2013.02.01 14:49 B C:\inetpub\wwwroot\components\com_k2\images\social\digg.png <-- Schubert Rackspace /web/content/components/com_k2/images/social digg.png
2013.02.01 14:49 B C:\inetpub\wwwroot\components\com_k2\images\social\digg_16.png <-- Schubert Rackspace /web/content/components/com_k2/images/social digg_16.png
2013.02.01 14:49 B C:\inetpub\wwwroot\components\com_k2\images\social\email.png <-- Schubert Rackspace /web/content/components/com_k2/images/social email.png
2013.02.01 14:49 B C:\inetpub\wwwroot\components\com_k2\images\social\facebook.png <-- Schubert Rackspace /web/content/components/com_k2/images/social facebook.png
2013.02.01 14:49 B C:\inetpub\wwwroot\components\com_k2\images\social\facebook_16.png <-- Schubert Rackspace /web/content/components/com_k2/images/social facebook_16.png
2013.02.01 14:49 B C:\inetpub\wwwroot\components\com_k2\images\social\feed.png <-- Schubert Rackspace /web/content/components/com_k2/images/social feed.png
2013.02.01 14:49 B C:\inetpub\wwwroot\components\com_k2\images\social\friendfeed.png <-- Schubert Rackspace /web/content/components/com_k2/images/social friendfeed.png
2013.02.01 14:49 B C:\inetpub\wwwroot\components\com_k2\images\social\googlebuzz_16.png <-- Schubert Rackspace /web/content/components/com_k2/images/social googlebuzz_16.png
2013.02.01 14:49 B C:\inetpub\wwwroot\components\com_k2\images\social\myspace.png <-- Schubert Rackspace /web/content/components/com_k2/images/social myspace.png
2013.02.01 14:49 B C:\inetpub\wwwroot\components\com_k2\images\social\myspace_16.png <-- Schubert Rackspace /web/content/components/com_k2/images/social myspace_16.png
2013.02.01 14:49 B C:\inetpub\wwwroot\components\com_k2\images\social\reddit.png <-- Schubert Rackspace /web/content/components/com_k2/images/social reddit.png
2013.02.01 14:49 B C:\inetpub\wwwroot\components\com_k2\images\social\reddit_16.png <-- Schubert Rackspace /web/content/components/com_k2/images/social reddit_16.png
2013.02.01 14:49 B C:\inetpub\wwwroot\components\com_k2\images\social\stumble.png <-- Schubert Rackspace /web/content/components/com_k2/images/social stumble.png
2013.02.01 14:49 B C:\inetpub\wwwroot\components\com_k2\images\social\stumbleupon_16.png <-- Schubert Rackspace /web/content/components/com_k2/images/social stumbleupon_16.png
2013.02.01 14:49 B C:\inetpub\wwwroot\components\com_k2\images\social\technorati.png <-- Schubert Rackspace /web/content/components/com_k2/images/social technorati.png
2013.02.01 14:49 B C:\inetpub\wwwroot\components\com_k2\images\social\technorati_16.png <-- Schubert Rackspace /web/content/components/com_k2/images/social technorati_16.png
2013.02.01 14:49 B C:\inetpub\wwwroot\components\com_k2\images\social\twitter.png <-- Schubert Rackspace /web/content/components/com_k2/images/social twitter.png
2013.02.01 14:49 B C:\inetpub\wwwroot\components\com_k2\images\social\twitter_16.png <-- Schubert Rackspace /web/content/components/com_k2/images/social twitter_16.png
