2012.07.25 12:19 B C:\Users\COBRIEN\Desktop\Schubert\media\system\images\arrow.png <-- Schubert Rackspace /web/content/media/system/images arrow.png
2012.07.25 12:19 B C:\Users\COBRIEN\Desktop\Schubert\media\system\images\arrow_rtl.png <-- Schubert Rackspace /web/content/media/system/images arrow_rtl.png
2012.07.25 12:19 B C:\Users\COBRIEN\Desktop\Schubert\media\system\images\blank.png <-- Schubert Rackspace /web/content/media/system/images blank.png
2012.07.25 12:19 B C:\Users\COBRIEN\Desktop\Schubert\media\system\images\calendar.png <-- Schubert Rackspace /web/content/media/system/images calendar.png
2012.07.25 12:19 B C:\Users\COBRIEN\Desktop\Schubert\media\system\images\checked_out.png <-- Schubert Rackspace /web/content/media/system/images checked_out.png
2012.07.25 12:19 B C:\Users\COBRIEN\Desktop\Schubert\media\system\images\edit.png <-- Schubert Rackspace /web/content/media/system/images edit.png
2012.07.25 12:19 B C:\Users\COBRIEN\Desktop\Schubert\media\system\images\edit_unpublished.png <-- Schubert Rackspace /web/content/media/system/images edit_unpublished.png
2012.07.25 12:19 B C:\Users\COBRIEN\Desktop\Schubert\media\system\images\emailButton.png <-- Schubert Rackspace /web/content/media/system/images emailButton.png
2012.07.25 12:19 B C:\Users\COBRIEN\Desktop\Schubert\media\system\images\icon-16-logout.png <-- Schubert Rackspace /web/content/media/system/images icon-16-logout.png
2012.07.25 12:19 B C:\Users\COBRIEN\Desktop\Schubert\media\system\images\icon_error.gif <-- Schubert Rackspace /web/content/media/system/images icon_error.gif
2012.07.25 12:19 B C:\Users\COBRIEN\Desktop\Schubert\media\system\images\indent.png <-- Schubert Rackspace /web/content/media/system/images indent.png
2012.07.25 12:19 B C:\Users\COBRIEN\Desktop\Schubert\media\system\images\indent1.png <-- Schubert Rackspace /web/content/media/system/images indent1.png
2012.07.25 12:19 B C:\Users\COBRIEN\Desktop\Schubert\media\system\images\indent2.png <-- Schubert Rackspace /web/content/media/system/images indent2.png
2012.07.25 12:19 B C:\Users\COBRIEN\Desktop\Schubert\media\system\images\indent3.png <-- Schubert Rackspace /web/content/media/system/images indent3.png
2012.07.25 12:19 B C:\Users\COBRIEN\Desktop\Schubert\media\system\images\indent4.png <-- Schubert Rackspace /web/content/media/system/images indent4.png
2012.07.25 12:19 B C:\Users\COBRIEN\Desktop\Schubert\media\system\images\indent5.png <-- Schubert Rackspace /web/content/media/system/images indent5.png
2012.07.25 12:19 B C:\Users\COBRIEN\Desktop\Schubert\media\system\images\index.html <-- Schubert Rackspace /web/content/media/system/images index.html
2012.07.25 12:19 B C:\Users\COBRIEN\Desktop\Schubert\media\system\images\livemarks-rtl.png <-- Schubert Rackspace /web/content/media/system/images livemarks-rtl.png
2012.07.25 12:19 B C:\Users\COBRIEN\Desktop\Schubert\media\system\images\livemarks.png <-- Schubert Rackspace /web/content/media/system/images livemarks.png
2012.07.25 12:19 B C:\Users\COBRIEN\Desktop\Schubert\media\system\images\mootree.gif <-- Schubert Rackspace /web/content/media/system/images mootree.gif
2012.07.25 12:19 B C:\Users\COBRIEN\Desktop\Schubert\media\system\images\mootree_loader.gif <-- Schubert Rackspace /web/content/media/system/images mootree_loader.gif
2012.07.25 12:19 B C:\Users\COBRIEN\Desktop\Schubert\media\system\images\new.png <-- Schubert Rackspace /web/content/media/system/images new.png
2012.07.25 12:19 B C:\Users\COBRIEN\Desktop\Schubert\media\system\images\no_indent.png <-- Schubert Rackspace /web/content/media/system/images no_indent.png
2012.07.25 12:19 B C:\Users\COBRIEN\Desktop\Schubert\media\system\images\notice-alert.png <-- Schubert Rackspace /web/content/media/system/images notice-alert.png
2012.07.25 12:19 B C:\Users\COBRIEN\Desktop\Schubert\media\system\images\notice-download.png <-- Schubert Rackspace /web/content/media/system/images notice-download.png
2012.07.25 12:19 B C:\Users\COBRIEN\Desktop\Schubert\media\system\images\notice-info.png <-- Schubert Rackspace /web/content/media/system/images notice-info.png
2012.07.25 12:19 B C:\Users\COBRIEN\Desktop\Schubert\media\system\images\notice-note.png <-- Schubert Rackspace /web/content/media/system/images notice-note.png
2012.07.25 12:19 B C:\Users\COBRIEN\Desktop\Schubert\media\system\images\pdf_button.png <-- Schubert Rackspace /web/content/media/system/images pdf_button.png
2012.07.25 12:19 B C:\Users\COBRIEN\Desktop\Schubert\media\system\images\printButton.png <-- Schubert Rackspace /web/content/media/system/images printButton.png
2012.07.25 12:19 B C:\Users\COBRIEN\Desktop\Schubert\media\system\images\rating_star.png <-- Schubert Rackspace /web/content/media/system/images rating_star.png
2012.07.25 12:19 B C:\Users\COBRIEN\Desktop\Schubert\media\system\images\rating_star_blank.png <-- Schubert Rackspace /web/content/media/system/images rating_star_blank.png
2012.07.25 12:19 B C:\Users\COBRIEN\Desktop\Schubert\media\system\images\sort0.png <-- Schubert Rackspace /web/content/media/system/images sort0.png
2012.07.25 12:19 B C:\Users\COBRIEN\Desktop\Schubert\media\system\images\sort1.png <-- Schubert Rackspace /web/content/media/system/images sort1.png
2012.07.25 12:19 B C:\Users\COBRIEN\Desktop\Schubert\media\system\images\sort_asc.png <-- Schubert Rackspace /web/content/media/system/images sort_asc.png
2012.07.25 12:19 B C:\Users\COBRIEN\Desktop\Schubert\media\system\images\sort_desc.png <-- Schubert Rackspace /web/content/media/system/images sort_desc.png
2012.07.25 12:19 B C:\Users\COBRIEN\Desktop\Schubert\media\system\images\sort_none.png <-- Schubert Rackspace /web/content/media/system/images sort_none.png
2012.07.25 12:19 B C:\Users\COBRIEN\Desktop\Schubert\media\system\images\tooltip.png <-- Schubert Rackspace /web/content/media/system/images tooltip.png
2012.07.25 12:19 B C:\Users\COBRIEN\Desktop\Schubert\media\system\images\weblink.png <-- Schubert Rackspace /web/content/media/system/images weblink.png
2012.09.04 10:55 B C:\inetpub\wwwroot\media\system\images\arrow.png --> ftp3.ftptoyoursite.com /web/content/SITE-TEST/media/system/images arrow.png
2012.09.04 10:55 B C:\inetpub\wwwroot\media\system\images\arrow_rtl.png --> ftp3.ftptoyoursite.com /web/content/SITE-TEST/media/system/images arrow_rtl.png
2012.09.04 10:55 B C:\inetpub\wwwroot\media\system\images\blank.png --> ftp3.ftptoyoursite.com /web/content/SITE-TEST/media/system/images blank.png
2012.09.04 10:55 B C:\inetpub\wwwroot\media\system\images\calendar.png --> ftp3.ftptoyoursite.com /web/content/SITE-TEST/media/system/images calendar.png
2012.09.04 10:55 B C:\inetpub\wwwroot\media\system\images\checked_out.png --> ftp3.ftptoyoursite.com /web/content/SITE-TEST/media/system/images checked_out.png
2012.09.04 10:55 B C:\inetpub\wwwroot\media\system\images\edit.png --> ftp3.ftptoyoursite.com /web/content/SITE-TEST/media/system/images edit.png
2012.09.04 10:55 B C:\inetpub\wwwroot\media\system\images\edit_unpublished.png --> ftp3.ftptoyoursite.com /web/content/SITE-TEST/media/system/images edit_unpublished.png
2012.09.04 10:55 B C:\inetpub\wwwroot\media\system\images\emailButton.png --> ftp3.ftptoyoursite.com /web/content/SITE-TEST/media/system/images emailButton.png
2012.09.04 10:55 B C:\inetpub\wwwroot\media\system\images\icon-16-logout.png --> ftp3.ftptoyoursite.com /web/content/SITE-TEST/media/system/images icon-16-logout.png
2012.09.04 10:55 B C:\inetpub\wwwroot\media\system\images\icon_error.gif --> ftp3.ftptoyoursite.com /web/content/SITE-TEST/media/system/images icon_error.gif
2012.09.04 10:55 B C:\inetpub\wwwroot\media\system\images\indent.png --> ftp3.ftptoyoursite.com /web/content/SITE-TEST/media/system/images indent.png
2012.09.04 10:55 B C:\inetpub\wwwroot\media\system\images\indent1.png --> ftp3.ftptoyoursite.com /web/content/SITE-TEST/media/system/images indent1.png
2012.09.04 10:55 B C:\inetpub\wwwroot\media\system\images\indent2.png --> ftp3.ftptoyoursite.com /web/content/SITE-TEST/media/system/images indent2.png
2012.09.04 10:55 B C:\inetpub\wwwroot\media\system\images\indent3.png --> ftp3.ftptoyoursite.com /web/content/SITE-TEST/media/system/images indent3.png
2012.09.04 10:55 B C:\inetpub\wwwroot\media\system\images\indent4.png --> ftp3.ftptoyoursite.com /web/content/SITE-TEST/media/system/images indent4.png
2012.09.04 10:55 B C:\inetpub\wwwroot\media\system\images\indent5.png --> ftp3.ftptoyoursite.com /web/content/SITE-TEST/media/system/images indent5.png
2012.09.04 10:55 B C:\inetpub\wwwroot\media\system\images\index.html --> ftp3.ftptoyoursite.com /web/content/SITE-TEST/media/system/images index.html
2012.09.04 10:55 B C:\inetpub\wwwroot\media\system\images\livemarks-rtl.png --> ftp3.ftptoyoursite.com /web/content/SITE-TEST/media/system/images livemarks-rtl.png
2012.09.04 10:55 B C:\inetpub\wwwroot\media\system\images\livemarks.png --> ftp3.ftptoyoursite.com /web/content/SITE-TEST/media/system/images livemarks.png
2012.09.04 10:55 B C:\inetpub\wwwroot\media\system\images\mootree.gif --> ftp3.ftptoyoursite.com /web/content/SITE-TEST/media/system/images mootree.gif
2012.09.04 10:55 B C:\inetpub\wwwroot\media\system\images\mootree_loader.gif --> ftp3.ftptoyoursite.com /web/content/SITE-TEST/media/system/images mootree_loader.gif
2012.09.04 10:55 B C:\inetpub\wwwroot\media\system\images\new.png --> ftp3.ftptoyoursite.com /web/content/SITE-TEST/media/system/images new.png
2012.09.04 10:55 B C:\inetpub\wwwroot\media\system\images\no_indent.png --> ftp3.ftptoyoursite.com /web/content/SITE-TEST/media/system/images no_indent.png
2012.09.04 10:55 B C:\inetpub\wwwroot\media\system\images\notice-alert.png --> ftp3.ftptoyoursite.com /web/content/SITE-TEST/media/system/images notice-alert.png
2012.09.04 10:55 B C:\inetpub\wwwroot\media\system\images\notice-download.png --> ftp3.ftptoyoursite.com /web/content/SITE-TEST/media/system/images notice-download.png
2012.09.04 10:55 B C:\inetpub\wwwroot\media\system\images\notice-info.png --> ftp3.ftptoyoursite.com /web/content/SITE-TEST/media/system/images notice-info.png
2012.09.04 10:55 B C:\inetpub\wwwroot\media\system\images\notice-note.png --> ftp3.ftptoyoursite.com /web/content/SITE-TEST/media/system/images notice-note.png
2012.09.04 10:55 B C:\inetpub\wwwroot\media\system\images\pdf_button.png --> ftp3.ftptoyoursite.com /web/content/SITE-TEST/media/system/images pdf_button.png
2012.09.04 10:55 B C:\inetpub\wwwroot\media\system\images\printButton.png --> ftp3.ftptoyoursite.com /web/content/SITE-TEST/media/system/images printButton.png
2012.09.04 10:55 B C:\inetpub\wwwroot\media\system\images\rating_star.png --> ftp3.ftptoyoursite.com /web/content/SITE-TEST/media/system/images rating_star.png
2012.09.04 10:55 B C:\inetpub\wwwroot\media\system\images\rating_star_blank.png --> ftp3.ftptoyoursite.com /web/content/SITE-TEST/media/system/images rating_star_blank.png
2012.09.04 10:55 B C:\inetpub\wwwroot\media\system\images\sort0.png --> ftp3.ftptoyoursite.com /web/content/SITE-TEST/media/system/images sort0.png
2012.09.04 10:55 B C:\inetpub\wwwroot\media\system\images\sort1.png --> ftp3.ftptoyoursite.com /web/content/SITE-TEST/media/system/images sort1.png
2012.09.04 10:55 B C:\inetpub\wwwroot\media\system\images\sort_asc.png --> ftp3.ftptoyoursite.com /web/content/SITE-TEST/media/system/images sort_asc.png
2012.09.04 10:55 B C:\inetpub\wwwroot\media\system\images\sort_desc.png --> ftp3.ftptoyoursite.com /web/content/SITE-TEST/media/system/images sort_desc.png
2012.09.04 10:55 B C:\inetpub\wwwroot\media\system\images\sort_none.png --> ftp3.ftptoyoursite.com /web/content/SITE-TEST/media/system/images sort_none.png
2012.09.04 10:55 B C:\inetpub\wwwroot\media\system\images\tooltip.png --> ftp3.ftptoyoursite.com /web/content/SITE-TEST/media/system/images tooltip.png
2012.09.04 10:55 B C:\inetpub\wwwroot\media\system\images\weblink.png --> ftp3.ftptoyoursite.com /web/content/SITE-TEST/media/system/images weblink.png
2012.09.04 10:55 B C:\inetpub\wwwroot\media\system\images\WS_FTP.LOG --> ftp3.ftptoyoursite.com /web/content/SITE-TEST/media/system/images WS_FTP.LOG
2012.09.06 15:14 B C:\inetpub\wwwroot\media\system\images\arrow.png --> ftp3.ftptoyoursite.com /web/content/SITEBACKUP_962012/media/system/images arrow.png
2012.09.06 15:14 B C:\inetpub\wwwroot\media\system\images\arrow_rtl.png --> ftp3.ftptoyoursite.com /web/content/SITEBACKUP_962012/media/system/images arrow_rtl.png
2012.09.06 15:14 B C:\inetpub\wwwroot\media\system\images\blank.png --> ftp3.ftptoyoursite.com /web/content/SITEBACKUP_962012/media/system/images blank.png
2012.09.06 15:14 B C:\inetpub\wwwroot\media\system\images\calendar.png --> ftp3.ftptoyoursite.com /web/content/SITEBACKUP_962012/media/system/images calendar.png
2012.09.06 15:14 B C:\inetpub\wwwroot\media\system\images\checked_out.png --> ftp3.ftptoyoursite.com /web/content/SITEBACKUP_962012/media/system/images checked_out.png
2012.09.06 15:14 B C:\inetpub\wwwroot\media\system\images\edit.png --> ftp3.ftptoyoursite.com /web/content/SITEBACKUP_962012/media/system/images edit.png
2012.09.06 15:14 B C:\inetpub\wwwroot\media\system\images\edit_unpublished.png --> ftp3.ftptoyoursite.com /web/content/SITEBACKUP_962012/media/system/images edit_unpublished.png
2012.09.06 15:14 B C:\inetpub\wwwroot\media\system\images\emailButton.png --> ftp3.ftptoyoursite.com /web/content/SITEBACKUP_962012/media/system/images emailButton.png
2012.09.06 15:14 B C:\inetpub\wwwroot\media\system\images\icon-16-logout.png --> ftp3.ftptoyoursite.com /web/content/SITEBACKUP_962012/media/system/images icon-16-logout.png
2012.09.06 15:14 B C:\inetpub\wwwroot\media\system\images\icon_error.gif --> ftp3.ftptoyoursite.com /web/content/SITEBACKUP_962012/media/system/images icon_error.gif
2012.09.06 15:14 B C:\inetpub\wwwroot\media\system\images\indent.png --> ftp3.ftptoyoursite.com /web/content/SITEBACKUP_962012/media/system/images indent.png
2012.09.06 15:14 B C:\inetpub\wwwroot\media\system\images\indent1.png --> ftp3.ftptoyoursite.com /web/content/SITEBACKUP_962012/media/system/images indent1.png
2012.09.06 15:14 B C:\inetpub\wwwroot\media\system\images\indent2.png --> ftp3.ftptoyoursite.com /web/content/SITEBACKUP_962012/media/system/images indent2.png
2012.09.06 15:14 B C:\inetpub\wwwroot\media\system\images\indent3.png --> ftp3.ftptoyoursite.com /web/content/SITEBACKUP_962012/media/system/images indent3.png
2012.09.06 15:14 B C:\inetpub\wwwroot\media\system\images\indent4.png --> ftp3.ftptoyoursite.com /web/content/SITEBACKUP_962012/media/system/images indent4.png
2012.09.06 15:14 B C:\inetpub\wwwroot\media\system\images\indent5.png --> ftp3.ftptoyoursite.com /web/content/SITEBACKUP_962012/media/system/images indent5.png
2012.09.06 15:14 B C:\inetpub\wwwroot\media\system\images\index.html --> ftp3.ftptoyoursite.com /web/content/SITEBACKUP_962012/media/system/images index.html
2012.09.06 15:14 B C:\inetpub\wwwroot\media\system\images\livemarks-rtl.png --> ftp3.ftptoyoursite.com /web/content/SITEBACKUP_962012/media/system/images livemarks-rtl.png
2012.09.06 15:14 B C:\inetpub\wwwroot\media\system\images\livemarks.png --> ftp3.ftptoyoursite.com /web/content/SITEBACKUP_962012/media/system/images livemarks.png
2012.09.06 15:14 B C:\inetpub\wwwroot\media\system\images\mootree.gif --> ftp3.ftptoyoursite.com /web/content/SITEBACKUP_962012/media/system/images mootree.gif
2012.09.06 15:14 B C:\inetpub\wwwroot\media\system\images\mootree_loader.gif --> ftp3.ftptoyoursite.com /web/content/SITEBACKUP_962012/media/system/images mootree_loader.gif
2012.09.06 15:14 B C:\inetpub\wwwroot\media\system\images\new.png --> ftp3.ftptoyoursite.com /web/content/SITEBACKUP_962012/media/system/images new.png
2012.09.06 15:14 B C:\inetpub\wwwroot\media\system\images\no_indent.png --> ftp3.ftptoyoursite.com /web/content/SITEBACKUP_962012/media/system/images no_indent.png
2012.09.06 15:14 B C:\inetpub\wwwroot\media\system\images\notice-alert.png --> ftp3.ftptoyoursite.com /web/content/SITEBACKUP_962012/media/system/images notice-alert.png
2012.09.06 15:14 B C:\inetpub\wwwroot\media\system\images\notice-download.png --> ftp3.ftptoyoursite.com /web/content/SITEBACKUP_962012/media/system/images notice-download.png
2012.09.06 15:14 B C:\inetpub\wwwroot\media\system\images\notice-info.png --> ftp3.ftptoyoursite.com /web/content/SITEBACKUP_962012/media/system/images notice-info.png
2012.09.06 15:14 B C:\inetpub\wwwroot\media\system\images\notice-note.png --> ftp3.ftptoyoursite.com /web/content/SITEBACKUP_962012/media/system/images notice-note.png
2012.09.06 15:14 B C:\inetpub\wwwroot\media\system\images\pdf_button.png --> ftp3.ftptoyoursite.com /web/content/SITEBACKUP_962012/media/system/images pdf_button.png
2012.09.06 15:14 B C:\inetpub\wwwroot\media\system\images\printButton.png --> ftp3.ftptoyoursite.com /web/content/SITEBACKUP_962012/media/system/images printButton.png
2012.09.06 15:14 B C:\inetpub\wwwroot\media\system\images\rating_star.png --> ftp3.ftptoyoursite.com /web/content/SITEBACKUP_962012/media/system/images rating_star.png
2012.09.06 15:14 B C:\inetpub\wwwroot\media\system\images\rating_star_blank.png --> ftp3.ftptoyoursite.com /web/content/SITEBACKUP_962012/media/system/images rating_star_blank.png
2012.09.06 15:14 B C:\inetpub\wwwroot\media\system\images\sort0.png --> ftp3.ftptoyoursite.com /web/content/SITEBACKUP_962012/media/system/images sort0.png
2012.09.06 15:14 B C:\inetpub\wwwroot\media\system\images\sort1.png --> ftp3.ftptoyoursite.com /web/content/SITEBACKUP_962012/media/system/images sort1.png
2012.09.06 15:14 B C:\inetpub\wwwroot\media\system\images\sort_asc.png --> ftp3.ftptoyoursite.com /web/content/SITEBACKUP_962012/media/system/images sort_asc.png
2012.09.06 15:14 B C:\inetpub\wwwroot\media\system\images\sort_desc.png --> ftp3.ftptoyoursite.com /web/content/SITEBACKUP_962012/media/system/images sort_desc.png
2012.09.06 15:14 B C:\inetpub\wwwroot\media\system\images\sort_none.png --> ftp3.ftptoyoursite.com /web/content/SITEBACKUP_962012/media/system/images sort_none.png
2012.09.06 15:14 B C:\inetpub\wwwroot\media\system\images\tooltip.png --> ftp3.ftptoyoursite.com /web/content/SITEBACKUP_962012/media/system/images tooltip.png
2012.09.06 15:14 B C:\inetpub\wwwroot\media\system\images\weblink.png --> ftp3.ftptoyoursite.com /web/content/SITEBACKUP_962012/media/system/images weblink.png
2012.09.06 15:14 B C:\inetpub\wwwroot\media\system\images\WS_FTP.LOG --> ftp3.ftptoyoursite.com /web/content/SITEBACKUP_962012/media/system/images WS_FTP.LOG
2012.10.23 09:16 B C:\inetpub\wwwroot\media\system\images\arrow.png --> ftp3.ftptoyoursite.com /web/content/media/system/images arrow.png
2012.10.23 09:16 B C:\inetpub\wwwroot\media\system\images\arrow_rtl.png --> ftp3.ftptoyoursite.com /web/content/media/system/images arrow_rtl.png
2012.10.23 09:16 B C:\inetpub\wwwroot\media\system\images\blank.png --> ftp3.ftptoyoursite.com /web/content/media/system/images blank.png
2012.10.23 09:16 B C:\inetpub\wwwroot\media\system\images\calendar.png --> ftp3.ftptoyoursite.com /web/content/media/system/images calendar.png
2012.10.23 09:16 B C:\inetpub\wwwroot\media\system\images\checked_out.png --> ftp3.ftptoyoursite.com /web/content/media/system/images checked_out.png
2012.10.23 09:16 B C:\inetpub\wwwroot\media\system\images\edit.png --> ftp3.ftptoyoursite.com /web/content/media/system/images edit.png
2012.10.23 09:16 B C:\inetpub\wwwroot\media\system\images\edit_unpublished.png --> ftp3.ftptoyoursite.com /web/content/media/system/images edit_unpublished.png
2012.10.23 09:16 B C:\inetpub\wwwroot\media\system\images\emailButton.png --> ftp3.ftptoyoursite.com /web/content/media/system/images emailButton.png
2012.10.23 09:16 B C:\inetpub\wwwroot\media\system\images\icon-16-logout.png --> ftp3.ftptoyoursite.com /web/content/media/system/images icon-16-logout.png
2012.10.23 09:16 B C:\inetpub\wwwroot\media\system\images\icon_error.gif --> ftp3.ftptoyoursite.com /web/content/media/system/images icon_error.gif
2012.10.23 09:16 B C:\inetpub\wwwroot\media\system\images\indent.png --> ftp3.ftptoyoursite.com /web/content/media/system/images indent.png
2012.10.23 09:16 B C:\inetpub\wwwroot\media\system\images\indent1.png --> ftp3.ftptoyoursite.com /web/content/media/system/images indent1.png
2012.10.23 09:16 B C:\inetpub\wwwroot\media\system\images\indent2.png --> ftp3.ftptoyoursite.com /web/content/media/system/images indent2.png
2012.10.23 09:16 B C:\inetpub\wwwroot\media\system\images\indent3.png --> ftp3.ftptoyoursite.com /web/content/media/system/images indent3.png
2012.10.23 09:16 B C:\inetpub\wwwroot\media\system\images\indent4.png --> ftp3.ftptoyoursite.com /web/content/media/system/images indent4.png
2012.10.23 09:16 B C:\inetpub\wwwroot\media\system\images\indent5.png --> ftp3.ftptoyoursite.com /web/content/media/system/images indent5.png
2012.10.23 09:16 B C:\inetpub\wwwroot\media\system\images\index.html --> ftp3.ftptoyoursite.com /web/content/media/system/images index.html
2012.10.23 09:16 B C:\inetpub\wwwroot\media\system\images\livemarks-rtl.png --> ftp3.ftptoyoursite.com /web/content/media/system/images livemarks-rtl.png
2012.10.23 09:16 B C:\inetpub\wwwroot\media\system\images\livemarks.png --> ftp3.ftptoyoursite.com /web/content/media/system/images livemarks.png
2012.10.23 09:16 B C:\inetpub\wwwroot\media\system\images\mootree.gif --> ftp3.ftptoyoursite.com /web/content/media/system/images mootree.gif
2012.10.23 09:16 B C:\inetpub\wwwroot\media\system\images\mootree_loader.gif --> ftp3.ftptoyoursite.com /web/content/media/system/images mootree_loader.gif
2012.10.23 09:16 B C:\inetpub\wwwroot\media\system\images\new.png --> ftp3.ftptoyoursite.com /web/content/media/system/images new.png
2012.10.23 09:16 B C:\inetpub\wwwroot\media\system\images\no_indent.png --> ftp3.ftptoyoursite.com /web/content/media/system/images no_indent.png
2012.10.23 09:16 B C:\inetpub\wwwroot\media\system\images\notice-alert.png --> ftp3.ftptoyoursite.com /web/content/media/system/images notice-alert.png
2012.10.23 09:16 B C:\inetpub\wwwroot\media\system\images\notice-download.png --> ftp3.ftptoyoursite.com /web/content/media/system/images notice-download.png
2012.10.23 09:16 B C:\inetpub\wwwroot\media\system\images\notice-info.png --> ftp3.ftptoyoursite.com /web/content/media/system/images notice-info.png
2012.10.23 09:16 B C:\inetpub\wwwroot\media\system\images\notice-note.png --> ftp3.ftptoyoursite.com /web/content/media/system/images notice-note.png
2012.10.23 09:16 B C:\inetpub\wwwroot\media\system\images\pdf_button.png --> ftp3.ftptoyoursite.com /web/content/media/system/images pdf_button.png
2012.10.23 09:16 B C:\inetpub\wwwroot\media\system\images\printButton.png --> ftp3.ftptoyoursite.com /web/content/media/system/images printButton.png
2012.10.23 09:16 B C:\inetpub\wwwroot\media\system\images\rating_star.png --> ftp3.ftptoyoursite.com /web/content/media/system/images rating_star.png
2012.10.23 09:16 B C:\inetpub\wwwroot\media\system\images\rating_star_blank.png --> ftp3.ftptoyoursite.com /web/content/media/system/images rating_star_blank.png
2012.10.23 09:16 B C:\inetpub\wwwroot\media\system\images\sort0.png --> ftp3.ftptoyoursite.com /web/content/media/system/images sort0.png
2012.10.23 09:16 B C:\inetpub\wwwroot\media\system\images\sort1.png --> ftp3.ftptoyoursite.com /web/content/media/system/images sort1.png
2012.10.23 09:16 B C:\inetpub\wwwroot\media\system\images\sort_asc.png --> ftp3.ftptoyoursite.com /web/content/media/system/images sort_asc.png
2012.10.23 09:16 B C:\inetpub\wwwroot\media\system\images\sort_desc.png --> ftp3.ftptoyoursite.com /web/content/media/system/images sort_desc.png
2012.10.23 09:16 B C:\inetpub\wwwroot\media\system\images\sort_none.png --> ftp3.ftptoyoursite.com /web/content/media/system/images sort_none.png
2012.10.23 09:16 B C:\inetpub\wwwroot\media\system\images\tooltip.png --> ftp3.ftptoyoursite.com /web/content/media/system/images tooltip.png
2012.10.23 09:16 B C:\inetpub\wwwroot\media\system\images\weblink.png --> ftp3.ftptoyoursite.com /web/content/media/system/images weblink.png
2012.10.23 09:16 B C:\inetpub\wwwroot\media\system\images\WS_FTP.LOG --> ftp3.ftptoyoursite.com /web/content/media/system/images WS_FTP.LOG
2013.02.01 15:01 B C:\inetpub\wwwroot\media\system\images\WS_FTP.LOG <-- Schubert Rackspace /web/content/media/system/images WS_FTP.LOG
