2012.07.25 12:20 B C:\Users\COBRIEN\Desktop\Schubert\modules\mod_users_latest\helper.php <-- Schubert Rackspace /web/content/modules/mod_users_latest helper.php
2012.07.25 12:20 B C:\Users\COBRIEN\Desktop\Schubert\modules\mod_users_latest\index.html <-- Schubert Rackspace /web/content/modules/mod_users_latest index.html
2012.07.25 12:20 B C:\Users\COBRIEN\Desktop\Schubert\modules\mod_users_latest\mod_users_latest.php <-- Schubert Rackspace /web/content/modules/mod_users_latest mod_users_latest.php
2012.07.25 12:20 B C:\Users\COBRIEN\Desktop\Schubert\modules\mod_users_latest\mod_users_latest.xml <-- Schubert Rackspace /web/content/modules/mod_users_latest mod_users_latest.xml
2012.09.04 10:56 B C:\inetpub\wwwroot\modules\mod_users_latest\helper.php --> ftp3.ftptoyoursite.com /web/content/SITE-TEST/modules/mod_users_latest helper.php
2012.09.04 10:56 B C:\inetpub\wwwroot\modules\mod_users_latest\index.html --> ftp3.ftptoyoursite.com /web/content/SITE-TEST/modules/mod_users_latest index.html
2012.09.04 10:56 B C:\inetpub\wwwroot\modules\mod_users_latest\mod_users_latest.php --> ftp3.ftptoyoursite.com /web/content/SITE-TEST/modules/mod_users_latest mod_users_latest.php
2012.09.04 10:56 B C:\inetpub\wwwroot\modules\mod_users_latest\mod_users_latest.xml --> ftp3.ftptoyoursite.com /web/content/SITE-TEST/modules/mod_users_latest mod_users_latest.xml
2012.09.04 10:56 B C:\inetpub\wwwroot\modules\mod_users_latest\WS_FTP.LOG --> ftp3.ftptoyoursite.com /web/content/SITE-TEST/modules/mod_users_latest WS_FTP.LOG
2012.09.06 15:15 B C:\inetpub\wwwroot\modules\mod_users_latest\helper.php --> ftp3.ftptoyoursite.com /web/content/SITEBACKUP_962012/modules/mod_users_latest helper.php
2012.09.06 15:15 B C:\inetpub\wwwroot\modules\mod_users_latest\index.html --> ftp3.ftptoyoursite.com /web/content/SITEBACKUP_962012/modules/mod_users_latest index.html
2012.09.06 15:15 B C:\inetpub\wwwroot\modules\mod_users_latest\mod_users_latest.php --> ftp3.ftptoyoursite.com /web/content/SITEBACKUP_962012/modules/mod_users_latest mod_users_latest.php
2012.09.06 15:15 B C:\inetpub\wwwroot\modules\mod_users_latest\mod_users_latest.xml --> ftp3.ftptoyoursite.com /web/content/SITEBACKUP_962012/modules/mod_users_latest mod_users_latest.xml
2012.09.06 15:15 B C:\inetpub\wwwroot\modules\mod_users_latest\WS_FTP.LOG --> ftp3.ftptoyoursite.com /web/content/SITEBACKUP_962012/modules/mod_users_latest WS_FTP.LOG
2012.10.23 09:17 B C:\inetpub\wwwroot\modules\mod_users_latest\helper.php --> ftp3.ftptoyoursite.com /web/content/modules/mod_users_latest helper.php
2012.10.23 09:17 B C:\inetpub\wwwroot\modules\mod_users_latest\index.html --> ftp3.ftptoyoursite.com /web/content/modules/mod_users_latest index.html
2012.10.23 09:17 B C:\inetpub\wwwroot\modules\mod_users_latest\mod_users_latest.php --> ftp3.ftptoyoursite.com /web/content/modules/mod_users_latest mod_users_latest.php
2012.10.23 09:17 B C:\inetpub\wwwroot\modules\mod_users_latest\mod_users_latest.xml --> ftp3.ftptoyoursite.com /web/content/modules/mod_users_latest mod_users_latest.xml
2012.10.23 09:17 B C:\inetpub\wwwroot\modules\mod_users_latest\WS_FTP.LOG --> ftp3.ftptoyoursite.com /web/content/modules/mod_users_latest WS_FTP.LOG
2013.02.01 15:03 B C:\inetpub\wwwroot\modules\mod_users_latest\WS_FTP.LOG <-- Schubert Rackspace /web/content/modules/mod_users_latest WS_FTP.LOG
