2012.07.25 12:20 B C:\Users\COBRIEN\Desktop\Schubert\plugins\system\modulesanywhere\helper.php <-- Schubert Rackspace /web/content/plugins/system/modulesanywhere helper.php
2012.07.25 12:20 B C:\Users\COBRIEN\Desktop\Schubert\plugins\system\modulesanywhere\index.html <-- Schubert Rackspace /web/content/plugins/system/modulesanywhere index.html
2012.07.25 12:20 B C:\Users\COBRIEN\Desktop\Schubert\plugins\system\modulesanywhere\modulesanywhere.php <-- Schubert Rackspace /web/content/plugins/system/modulesanywhere modulesanywhere.php
2012.07.25 12:20 B C:\Users\COBRIEN\Desktop\Schubert\plugins\system\modulesanywhere\modulesanywhere.xml <-- Schubert Rackspace /web/content/plugins/system/modulesanywhere modulesanywhere.xml
2012.09.04 10:58 B C:\inetpub\wwwroot\plugins\system\modulesanywhere\helper.php --> ftp3.ftptoyoursite.com /web/content/SITE-TEST/plugins/system/modulesanywhere helper.php
2012.09.04 10:58 B C:\inetpub\wwwroot\plugins\system\modulesanywhere\index.html --> ftp3.ftptoyoursite.com /web/content/SITE-TEST/plugins/system/modulesanywhere index.html
2012.09.04 10:58 B C:\inetpub\wwwroot\plugins\system\modulesanywhere\modulesanywhere.php --> ftp3.ftptoyoursite.com /web/content/SITE-TEST/plugins/system/modulesanywhere modulesanywhere.php
2012.09.04 10:58 B C:\inetpub\wwwroot\plugins\system\modulesanywhere\modulesanywhere.xml --> ftp3.ftptoyoursite.com /web/content/SITE-TEST/plugins/system/modulesanywhere modulesanywhere.xml
2012.09.04 10:58 B C:\inetpub\wwwroot\plugins\system\modulesanywhere\WS_FTP.LOG --> ftp3.ftptoyoursite.com /web/content/SITE-TEST/plugins/system/modulesanywhere WS_FTP.LOG
2012.09.06 15:16 B C:\inetpub\wwwroot\plugins\system\modulesanywhere\helper.php --> ftp3.ftptoyoursite.com /web/content/SITEBACKUP_962012/plugins/system/modulesanywhere helper.php
2012.09.06 15:16 B C:\inetpub\wwwroot\plugins\system\modulesanywhere\index.html --> ftp3.ftptoyoursite.com /web/content/SITEBACKUP_962012/plugins/system/modulesanywhere index.html
2012.09.06 15:16 B C:\inetpub\wwwroot\plugins\system\modulesanywhere\modulesanywhere.php --> ftp3.ftptoyoursite.com /web/content/SITEBACKUP_962012/plugins/system/modulesanywhere modulesanywhere.php
2012.09.06 15:16 B C:\inetpub\wwwroot\plugins\system\modulesanywhere\modulesanywhere.xml --> ftp3.ftptoyoursite.com /web/content/SITEBACKUP_962012/plugins/system/modulesanywhere modulesanywhere.xml
2012.09.06 15:16 B C:\inetpub\wwwroot\plugins\system\modulesanywhere\WS_FTP.LOG --> ftp3.ftptoyoursite.com /web/content/SITEBACKUP_962012/plugins/system/modulesanywhere WS_FTP.LOG
2012.10.23 09:18 B C:\inetpub\wwwroot\plugins\system\modulesanywhere\helper.php --> ftp3.ftptoyoursite.com /web/content/plugins/system/modulesanywhere helper.php
2012.10.23 09:18 B C:\inetpub\wwwroot\plugins\system\modulesanywhere\index.html --> ftp3.ftptoyoursite.com /web/content/plugins/system/modulesanywhere index.html
2012.10.23 09:18 B C:\inetpub\wwwroot\plugins\system\modulesanywhere\modulesanywhere.php --> ftp3.ftptoyoursite.com /web/content/plugins/system/modulesanywhere modulesanywhere.php
2012.10.23 09:18 B C:\inetpub\wwwroot\plugins\system\modulesanywhere\modulesanywhere.xml --> ftp3.ftptoyoursite.com /web/content/plugins/system/modulesanywhere modulesanywhere.xml
2012.10.23 09:18 B C:\inetpub\wwwroot\plugins\system\modulesanywhere\WS_FTP.LOG --> ftp3.ftptoyoursite.com /web/content/plugins/system/modulesanywhere WS_FTP.LOG
2013.02.01 15:04 B C:\inetpub\wwwroot\plugins\system\modulesanywhere\WS_FTP.LOG <-- Schubert Rackspace /web/content/plugins/system/modulesanywhere WS_FTP.LOG
