2012.07.25 12:20 B C:\Users\COBRIEN\Desktop\Schubert\templates\system\css\editor.css <-- Schubert Rackspace /web/content/templates/system/css editor.css
2012.07.25 12:20 B C:\Users\COBRIEN\Desktop\Schubert\templates\system\css\error.css <-- Schubert Rackspace /web/content/templates/system/css error.css
2012.07.25 12:20 B C:\Users\COBRIEN\Desktop\Schubert\templates\system\css\error_rtl.css <-- Schubert Rackspace /web/content/templates/system/css error_rtl.css
2012.07.25 12:20 B C:\Users\COBRIEN\Desktop\Schubert\templates\system\css\general.css <-- Schubert Rackspace /web/content/templates/system/css general.css
2012.07.25 12:20 B C:\Users\COBRIEN\Desktop\Schubert\templates\system\css\index.html <-- Schubert Rackspace /web/content/templates/system/css index.html
2012.07.25 12:20 B C:\Users\COBRIEN\Desktop\Schubert\templates\system\css\offline.css <-- Schubert Rackspace /web/content/templates/system/css offline.css
2012.07.25 12:20 B C:\Users\COBRIEN\Desktop\Schubert\templates\system\css\offline_rtl.css <-- Schubert Rackspace /web/content/templates/system/css offline_rtl.css
2012.07.25 12:20 B C:\Users\COBRIEN\Desktop\Schubert\templates\system\css\system.css <-- Schubert Rackspace /web/content/templates/system/css system.css
2012.07.25 12:20 B C:\Users\COBRIEN\Desktop\Schubert\templates\system\css\toolbar.css <-- Schubert Rackspace /web/content/templates/system/css toolbar.css
2012.08.10 16:52 B C:\inetpub\wwwroot\templates\system\css\editor.css --> ftp3.ftptoyoursite.com /web/content/templates/templates/system/css editor.css
2012.08.10 16:52 B C:\inetpub\wwwroot\templates\system\css\error.css --> ftp3.ftptoyoursite.com /web/content/templates/templates/system/css error.css
2012.08.10 16:52 B C:\inetpub\wwwroot\templates\system\css\error_rtl.css --> ftp3.ftptoyoursite.com /web/content/templates/templates/system/css error_rtl.css
2012.08.10 16:52 B C:\inetpub\wwwroot\templates\system\css\general.css --> ftp3.ftptoyoursite.com /web/content/templates/templates/system/css general.css
2012.08.10 16:52 B C:\inetpub\wwwroot\templates\system\css\index.html --> ftp3.ftptoyoursite.com /web/content/templates/templates/system/css index.html
2012.08.10 16:52 B C:\inetpub\wwwroot\templates\system\css\offline.css --> ftp3.ftptoyoursite.com /web/content/templates/templates/system/css offline.css
2012.08.10 16:52 B C:\inetpub\wwwroot\templates\system\css\offline_rtl.css --> ftp3.ftptoyoursite.com /web/content/templates/templates/system/css offline_rtl.css
2012.08.10 16:52 B C:\inetpub\wwwroot\templates\system\css\system.css --> ftp3.ftptoyoursite.com /web/content/templates/templates/system/css system.css
2012.08.10 16:52 B C:\inetpub\wwwroot\templates\system\css\toolbar.css --> ftp3.ftptoyoursite.com /web/content/templates/templates/system/css toolbar.css
2012.08.10 16:52 B C:\inetpub\wwwroot\templates\system\css\WS_FTP.LOG --> ftp3.ftptoyoursite.com /web/content/templates/templates/system/css WS_FTP.LOG
2012.09.04 10:58 B C:\inetpub\wwwroot\templates\system\css\editor.css --> ftp3.ftptoyoursite.com /web/content/SITE-TEST/templates/system/css editor.css
2012.09.04 10:58 B C:\inetpub\wwwroot\templates\system\css\error.css --> ftp3.ftptoyoursite.com /web/content/SITE-TEST/templates/system/css error.css
2012.09.04 10:58 B C:\inetpub\wwwroot\templates\system\css\error_rtl.css --> ftp3.ftptoyoursite.com /web/content/SITE-TEST/templates/system/css error_rtl.css
2012.09.04 10:58 B C:\inetpub\wwwroot\templates\system\css\general.css --> ftp3.ftptoyoursite.com /web/content/SITE-TEST/templates/system/css general.css
2012.09.04 10:58 B C:\inetpub\wwwroot\templates\system\css\index.html --> ftp3.ftptoyoursite.com /web/content/SITE-TEST/templates/system/css index.html
2012.09.04 10:58 B C:\inetpub\wwwroot\templates\system\css\offline.css --> ftp3.ftptoyoursite.com /web/content/SITE-TEST/templates/system/css offline.css
2012.09.04 10:58 B C:\inetpub\wwwroot\templates\system\css\offline_rtl.css --> ftp3.ftptoyoursite.com /web/content/SITE-TEST/templates/system/css offline_rtl.css
2012.09.04 10:58 B C:\inetpub\wwwroot\templates\system\css\system.css --> ftp3.ftptoyoursite.com /web/content/SITE-TEST/templates/system/css system.css
2012.09.04 10:58 B C:\inetpub\wwwroot\templates\system\css\toolbar.css --> ftp3.ftptoyoursite.com /web/content/SITE-TEST/templates/system/css toolbar.css
2012.09.04 10:58 B C:\inetpub\wwwroot\templates\system\css\WS_FTP.LOG --> ftp3.ftptoyoursite.com /web/content/SITE-TEST/templates/system/css WS_FTP.LOG
2012.09.06 15:16 B C:\inetpub\wwwroot\templates\system\css\editor.css --> ftp3.ftptoyoursite.com /web/content/SITEBACKUP_962012/templates/system/css editor.css
2012.09.06 15:16 B C:\inetpub\wwwroot\templates\system\css\error.css --> ftp3.ftptoyoursite.com /web/content/SITEBACKUP_962012/templates/system/css error.css
2012.09.06 15:16 B C:\inetpub\wwwroot\templates\system\css\error_rtl.css --> ftp3.ftptoyoursite.com /web/content/SITEBACKUP_962012/templates/system/css error_rtl.css
2012.09.06 15:16 B C:\inetpub\wwwroot\templates\system\css\general.css --> ftp3.ftptoyoursite.com /web/content/SITEBACKUP_962012/templates/system/css general.css
2012.09.06 15:16 B C:\inetpub\wwwroot\templates\system\css\index.html --> ftp3.ftptoyoursite.com /web/content/SITEBACKUP_962012/templates/system/css index.html
2012.09.06 15:16 B C:\inetpub\wwwroot\templates\system\css\offline.css --> ftp3.ftptoyoursite.com /web/content/SITEBACKUP_962012/templates/system/css offline.css
2012.09.06 15:16 B C:\inetpub\wwwroot\templates\system\css\offline_rtl.css --> ftp3.ftptoyoursite.com /web/content/SITEBACKUP_962012/templates/system/css offline_rtl.css
2012.09.06 15:16 B C:\inetpub\wwwroot\templates\system\css\system.css --> ftp3.ftptoyoursite.com /web/content/SITEBACKUP_962012/templates/system/css system.css
2012.09.06 15:16 B C:\inetpub\wwwroot\templates\system\css\toolbar.css --> ftp3.ftptoyoursite.com /web/content/SITEBACKUP_962012/templates/system/css toolbar.css
2012.09.06 15:16 B C:\inetpub\wwwroot\templates\system\css\WS_FTP.LOG --> ftp3.ftptoyoursite.com /web/content/SITEBACKUP_962012/templates/system/css WS_FTP.LOG
2012.10.23 09:18 B C:\inetpub\wwwroot\templates\system\css\editor.css --> ftp3.ftptoyoursite.com /web/content/templates/system/css editor.css
2012.10.23 09:18 B C:\inetpub\wwwroot\templates\system\css\error.css --> ftp3.ftptoyoursite.com /web/content/templates/system/css error.css
2012.10.23 09:18 B C:\inetpub\wwwroot\templates\system\css\error_rtl.css --> ftp3.ftptoyoursite.com /web/content/templates/system/css error_rtl.css
2012.10.23 09:18 B C:\inetpub\wwwroot\templates\system\css\general.css --> ftp3.ftptoyoursite.com /web/content/templates/system/css general.css
2012.10.23 09:18 B C:\inetpub\wwwroot\templates\system\css\index.html --> ftp3.ftptoyoursite.com /web/content/templates/system/css index.html
2012.10.23 09:18 B C:\inetpub\wwwroot\templates\system\css\offline.css --> ftp3.ftptoyoursite.com /web/content/templates/system/css offline.css
2012.10.23 09:18 B C:\inetpub\wwwroot\templates\system\css\offline_rtl.css --> ftp3.ftptoyoursite.com /web/content/templates/system/css offline_rtl.css
2012.10.23 09:18 B C:\inetpub\wwwroot\templates\system\css\system.css --> ftp3.ftptoyoursite.com /web/content/templates/system/css system.css
2012.10.23 09:18 B C:\inetpub\wwwroot\templates\system\css\toolbar.css --> ftp3.ftptoyoursite.com /web/content/templates/system/css toolbar.css
2013.02.01 15:04 B C:\inetpub\wwwroot\templates\system\css\WS_FTP.LOG <-- Schubert Rackspace /web/content/templates/system/css WS_FTP.LOG
