2012.07.25 12:12 B C:\Users\COBRIEN\Desktop\Schubert\administrator\components\com_users\models\forms\group.xml <-- Schubert Rackspace /web/content/administrator/components/com_users/models/forms group.xml
2012.07.25 12:12 B C:\Users\COBRIEN\Desktop\Schubert\administrator\components\com_users\models\forms\index.html <-- Schubert Rackspace /web/content/administrator/components/com_users/models/forms index.html
2012.07.25 12:12 B C:\Users\COBRIEN\Desktop\Schubert\administrator\components\com_users\models\forms\level.xml <-- Schubert Rackspace /web/content/administrator/components/com_users/models/forms level.xml
2012.07.25 12:12 B C:\Users\COBRIEN\Desktop\Schubert\administrator\components\com_users\models\forms\mail.xml <-- Schubert Rackspace /web/content/administrator/components/com_users/models/forms mail.xml
2012.07.25 12:12 B C:\Users\COBRIEN\Desktop\Schubert\administrator\components\com_users\models\forms\note.xml <-- Schubert Rackspace /web/content/administrator/components/com_users/models/forms note.xml
2012.07.25 12:12 B C:\Users\COBRIEN\Desktop\Schubert\administrator\components\com_users\models\forms\user.xml <-- Schubert Rackspace /web/content/administrator/components/com_users/models/forms user.xml
2012.09.04 10:46 B C:\inetpub\wwwroot\administrator\components\com_users\models\forms\group.xml --> ftp3.ftptoyoursite.com /web/content/SITE-TEST/administrator/components/com_users/models/forms group.xml
2012.09.04 10:46 B C:\inetpub\wwwroot\administrator\components\com_users\models\forms\index.html --> ftp3.ftptoyoursite.com /web/content/SITE-TEST/administrator/components/com_users/models/forms index.html
2012.09.04 10:46 B C:\inetpub\wwwroot\administrator\components\com_users\models\forms\level.xml --> ftp3.ftptoyoursite.com /web/content/SITE-TEST/administrator/components/com_users/models/forms level.xml
2012.09.04 10:46 B C:\inetpub\wwwroot\administrator\components\com_users\models\forms\mail.xml --> ftp3.ftptoyoursite.com /web/content/SITE-TEST/administrator/components/com_users/models/forms mail.xml
2012.09.04 10:46 B C:\inetpub\wwwroot\administrator\components\com_users\models\forms\note.xml --> ftp3.ftptoyoursite.com /web/content/SITE-TEST/administrator/components/com_users/models/forms note.xml
2012.09.04 10:46 B C:\inetpub\wwwroot\administrator\components\com_users\models\forms\user.xml --> ftp3.ftptoyoursite.com /web/content/SITE-TEST/administrator/components/com_users/models/forms user.xml
2012.09.04 10:46 B C:\inetpub\wwwroot\administrator\components\com_users\models\forms\WS_FTP.LOG --> ftp3.ftptoyoursite.com /web/content/SITE-TEST/administrator/components/com_users/models/forms WS_FTP.LOG
2012.09.06 15:04 B C:\inetpub\wwwroot\administrator\components\com_users\models\forms\group.xml --> ftp3.ftptoyoursite.com /web/content/SITEBACKUP_962012/administrator/components/com_users/models/forms group.xml
2012.09.06 15:04 B C:\inetpub\wwwroot\administrator\components\com_users\models\forms\index.html --> ftp3.ftptoyoursite.com /web/content/SITEBACKUP_962012/administrator/components/com_users/models/forms index.html
2012.09.06 15:04 B C:\inetpub\wwwroot\administrator\components\com_users\models\forms\level.xml --> ftp3.ftptoyoursite.com /web/content/SITEBACKUP_962012/administrator/components/com_users/models/forms level.xml
2012.09.06 15:04 B C:\inetpub\wwwroot\administrator\components\com_users\models\forms\mail.xml --> ftp3.ftptoyoursite.com /web/content/SITEBACKUP_962012/administrator/components/com_users/models/forms mail.xml
2012.09.06 15:04 B C:\inetpub\wwwroot\administrator\components\com_users\models\forms\note.xml --> ftp3.ftptoyoursite.com /web/content/SITEBACKUP_962012/administrator/components/com_users/models/forms note.xml
2012.09.06 15:04 B C:\inetpub\wwwroot\administrator\components\com_users\models\forms\user.xml --> ftp3.ftptoyoursite.com /web/content/SITEBACKUP_962012/administrator/components/com_users/models/forms user.xml
2012.09.06 15:04 B C:\inetpub\wwwroot\administrator\components\com_users\models\forms\WS_FTP.LOG --> ftp3.ftptoyoursite.com /web/content/SITEBACKUP_962012/administrator/components/com_users/models/forms WS_FTP.LOG
2012.09.06 15:45 B C:\inetpub\wwwroot\administrator\components\com_users\models\forms\group.xml <-- Schubert Rackspace /web/content/SITEBACKUP_962012/administrator/components/com_users/models/forms group.xml
2012.09.06 15:45 B C:\inetpub\wwwroot\administrator\components\com_users\models\forms\index.html <-- Schubert Rackspace /web/content/SITEBACKUP_962012/administrator/components/com_users/models/forms index.html
2012.09.06 15:45 B C:\inetpub\wwwroot\administrator\components\com_users\models\forms\level.xml <-- Schubert Rackspace /web/content/SITEBACKUP_962012/administrator/components/com_users/models/forms level.xml
2012.09.06 15:45 B C:\inetpub\wwwroot\administrator\components\com_users\models\forms\mail.xml <-- Schubert Rackspace /web/content/SITEBACKUP_962012/administrator/components/com_users/models/forms mail.xml
2012.09.06 15:45 B C:\inetpub\wwwroot\administrator\components\com_users\models\forms\note.xml <-- Schubert Rackspace /web/content/SITEBACKUP_962012/administrator/components/com_users/models/forms note.xml
2012.09.06 15:45 B C:\inetpub\wwwroot\administrator\components\com_users\models\forms\user.xml <-- Schubert Rackspace /web/content/SITEBACKUP_962012/administrator/components/com_users/models/forms user.xml
2012.10.23 09:07 B C:\inetpub\wwwroot\administrator\components\com_users\models\forms\group.xml --> ftp3.ftptoyoursite.com /web/content/administrator/components/com_users/models/forms group.xml
2012.10.23 09:07 B C:\inetpub\wwwroot\administrator\components\com_users\models\forms\index.html --> ftp3.ftptoyoursite.com /web/content/administrator/components/com_users/models/forms index.html
2012.10.23 09:07 B C:\inetpub\wwwroot\administrator\components\com_users\models\forms\level.xml --> ftp3.ftptoyoursite.com /web/content/administrator/components/com_users/models/forms level.xml
2012.10.23 09:07 B C:\inetpub\wwwroot\administrator\components\com_users\models\forms\mail.xml --> ftp3.ftptoyoursite.com /web/content/administrator/components/com_users/models/forms mail.xml
2012.10.23 09:07 B C:\inetpub\wwwroot\administrator\components\com_users\models\forms\note.xml --> ftp3.ftptoyoursite.com /web/content/administrator/components/com_users/models/forms note.xml
2012.10.23 09:07 B C:\inetpub\wwwroot\administrator\components\com_users\models\forms\user.xml --> ftp3.ftptoyoursite.com /web/content/administrator/components/com_users/models/forms user.xml
2012.10.23 09:07 B C:\inetpub\wwwroot\administrator\components\com_users\models\forms\WS_FTP.LOG --> ftp3.ftptoyoursite.com /web/content/administrator/components/com_users/models/forms WS_FTP.LOG
2013.02.01 14:43 B C:\inetpub\wwwroot\administrator\components\com_users\models\forms\WS_FTP.LOG <-- Schubert Rackspace /web/content/administrator/components/com_users/models/forms WS_FTP.LOG
