2012.07.25 12:20 B C:\Users\COBRIEN\Desktop\Schubert\plugins\content\jdownloadsfilelist\css\images\bluescale-back.png <-- Schubert Rackspace /web/content/plugins/content/jdownloadsfilelist/css/images bluescale-back.png
2012.07.25 12:20 B C:\Users\COBRIEN\Desktop\Schubert\plugins\content\jdownloadsfilelist\css\images\bluescale-spaces.png <-- Schubert Rackspace /web/content/plugins/content/jdownloadsfilelist/css/images bluescale-spaces.png
2012.07.25 12:20 B C:\Users\COBRIEN\Desktop\Schubert\plugins\content\jdownloadsfilelist\css\images\greenscale-back.png <-- Schubert Rackspace /web/content/plugins/content/jdownloadsfilelist/css/images greenscale-back.png
2012.07.25 12:20 B C:\Users\COBRIEN\Desktop\Schubert\plugins\content\jdownloadsfilelist\css\images\greenscale-spaces.png <-- Schubert Rackspace /web/content/plugins/content/jdownloadsfilelist/css/images greenscale-spaces.png
2012.07.25 12:20 B C:\Users\COBRIEN\Desktop\Schubert\plugins\content\jdownloadsfilelist\css\images\index.html <-- Schubert Rackspace /web/content/plugins/content/jdownloadsfilelist/css/images index.html
2012.07.25 12:20 B C:\Users\COBRIEN\Desktop\Schubert\plugins\content\jdownloadsfilelist\css\images\joomla-back.png <-- Schubert Rackspace /web/content/plugins/content/jdownloadsfilelist/css/images joomla-back.png
2012.07.25 12:20 B C:\Users\COBRIEN\Desktop\Schubert\plugins\content\jdownloadsfilelist\css\images\merlin-fon.png <-- Schubert Rackspace /web/content/plugins/content/jdownloadsfilelist/css/images merlin-fon.png
2012.07.25 12:20 B C:\Users\COBRIEN\Desktop\Schubert\plugins\content\jdownloadsfilelist\css\images\red-fon.png <-- Schubert Rackspace /web/content/plugins/content/jdownloadsfilelist/css/images red-fon.png
2012.07.25 12:20 B C:\Users\COBRIEN\Desktop\Schubert\plugins\content\jdownloadsfilelist\css\images\red-spaces.png <-- Schubert Rackspace /web/content/plugins/content/jdownloadsfilelist/css/images red-spaces.png
2012.09.04 10:57 B C:\inetpub\wwwroot\plugins\content\jdownloadsfilelist\css\images\bluescale-back.png --> ftp3.ftptoyoursite.com /web/content/SITE-TEST/plugins/content/jdownloadsfilelist/css/images bluescale-back.png
2012.09.04 10:57 B C:\inetpub\wwwroot\plugins\content\jdownloadsfilelist\css\images\bluescale-spaces.png --> ftp3.ftptoyoursite.com /web/content/SITE-TEST/plugins/content/jdownloadsfilelist/css/images bluescale-spaces.png
2012.09.04 10:57 B C:\inetpub\wwwroot\plugins\content\jdownloadsfilelist\css\images\greenscale-back.png --> ftp3.ftptoyoursite.com /web/content/SITE-TEST/plugins/content/jdownloadsfilelist/css/images greenscale-back.png
2012.09.04 10:57 B C:\inetpub\wwwroot\plugins\content\jdownloadsfilelist\css\images\greenscale-spaces.png --> ftp3.ftptoyoursite.com /web/content/SITE-TEST/plugins/content/jdownloadsfilelist/css/images greenscale-spaces.png
2012.09.04 10:57 B C:\inetpub\wwwroot\plugins\content\jdownloadsfilelist\css\images\index.html --> ftp3.ftptoyoursite.com /web/content/SITE-TEST/plugins/content/jdownloadsfilelist/css/images index.html
2012.09.04 10:57 B C:\inetpub\wwwroot\plugins\content\jdownloadsfilelist\css\images\joomla-back.png --> ftp3.ftptoyoursite.com /web/content/SITE-TEST/plugins/content/jdownloadsfilelist/css/images joomla-back.png
2012.09.04 10:57 B C:\inetpub\wwwroot\plugins\content\jdownloadsfilelist\css\images\merlin-fon.png --> ftp3.ftptoyoursite.com /web/content/SITE-TEST/plugins/content/jdownloadsfilelist/css/images merlin-fon.png
2012.09.04 10:57 B C:\inetpub\wwwroot\plugins\content\jdownloadsfilelist\css\images\red-fon.png --> ftp3.ftptoyoursite.com /web/content/SITE-TEST/plugins/content/jdownloadsfilelist/css/images red-fon.png
2012.09.04 10:57 B C:\inetpub\wwwroot\plugins\content\jdownloadsfilelist\css\images\red-spaces.png --> ftp3.ftptoyoursite.com /web/content/SITE-TEST/plugins/content/jdownloadsfilelist/css/images red-spaces.png
2012.09.04 10:57 B C:\inetpub\wwwroot\plugins\content\jdownloadsfilelist\css\images\WS_FTP.LOG --> ftp3.ftptoyoursite.com /web/content/SITE-TEST/plugins/content/jdownloadsfilelist/css/images WS_FTP.LOG
2012.09.06 15:15 B C:\inetpub\wwwroot\plugins\content\jdownloadsfilelist\css\images\bluescale-back.png --> ftp3.ftptoyoursite.com /web/content/SITEBACKUP_962012/plugins/content/jdownloadsfilelist/css/images bluescale-back.png
2012.09.06 15:15 B C:\inetpub\wwwroot\plugins\content\jdownloadsfilelist\css\images\bluescale-spaces.png --> ftp3.ftptoyoursite.com /web/content/SITEBACKUP_962012/plugins/content/jdownloadsfilelist/css/images bluescale-spaces.png
2012.09.06 15:15 B C:\inetpub\wwwroot\plugins\content\jdownloadsfilelist\css\images\greenscale-back.png --> ftp3.ftptoyoursite.com /web/content/SITEBACKUP_962012/plugins/content/jdownloadsfilelist/css/images greenscale-back.png
2012.09.06 15:15 B C:\inetpub\wwwroot\plugins\content\jdownloadsfilelist\css\images\greenscale-spaces.png --> ftp3.ftptoyoursite.com /web/content/SITEBACKUP_962012/plugins/content/jdownloadsfilelist/css/images greenscale-spaces.png
2012.09.06 15:15 B C:\inetpub\wwwroot\plugins\content\jdownloadsfilelist\css\images\index.html --> ftp3.ftptoyoursite.com /web/content/SITEBACKUP_962012/plugins/content/jdownloadsfilelist/css/images index.html
2012.09.06 15:15 B C:\inetpub\wwwroot\plugins\content\jdownloadsfilelist\css\images\joomla-back.png --> ftp3.ftptoyoursite.com /web/content/SITEBACKUP_962012/plugins/content/jdownloadsfilelist/css/images joomla-back.png
2012.09.06 15:15 B C:\inetpub\wwwroot\plugins\content\jdownloadsfilelist\css\images\merlin-fon.png --> ftp3.ftptoyoursite.com /web/content/SITEBACKUP_962012/plugins/content/jdownloadsfilelist/css/images merlin-fon.png
2012.09.06 15:15 B C:\inetpub\wwwroot\plugins\content\jdownloadsfilelist\css\images\red-fon.png --> ftp3.ftptoyoursite.com /web/content/SITEBACKUP_962012/plugins/content/jdownloadsfilelist/css/images red-fon.png
2012.09.06 15:15 B C:\inetpub\wwwroot\plugins\content\jdownloadsfilelist\css\images\red-spaces.png --> ftp3.ftptoyoursite.com /web/content/SITEBACKUP_962012/plugins/content/jdownloadsfilelist/css/images red-spaces.png
2012.09.06 15:15 B C:\inetpub\wwwroot\plugins\content\jdownloadsfilelist\css\images\WS_FTP.LOG --> ftp3.ftptoyoursite.com /web/content/SITEBACKUP_962012/plugins/content/jdownloadsfilelist/css/images WS_FTP.LOG
2012.10.23 09:18 B C:\inetpub\wwwroot\plugins\content\jdownloadsfilelist\css\images\bluescale-back.png --> ftp3.ftptoyoursite.com /web/content/plugins/content/jdownloadsfilelist/css/images bluescale-back.png
2012.10.23 09:18 B C:\inetpub\wwwroot\plugins\content\jdownloadsfilelist\css\images\bluescale-spaces.png --> ftp3.ftptoyoursite.com /web/content/plugins/content/jdownloadsfilelist/css/images bluescale-spaces.png
2012.10.23 09:18 B C:\inetpub\wwwroot\plugins\content\jdownloadsfilelist\css\images\greenscale-back.png --> ftp3.ftptoyoursite.com /web/content/plugins/content/jdownloadsfilelist/css/images greenscale-back.png
2012.10.23 09:18 B C:\inetpub\wwwroot\plugins\content\jdownloadsfilelist\css\images\greenscale-spaces.png --> ftp3.ftptoyoursite.com /web/content/plugins/content/jdownloadsfilelist/css/images greenscale-spaces.png
2012.10.23 09:18 B C:\inetpub\wwwroot\plugins\content\jdownloadsfilelist\css\images\index.html --> ftp3.ftptoyoursite.com /web/content/plugins/content/jdownloadsfilelist/css/images index.html
2012.10.23 09:18 B C:\inetpub\wwwroot\plugins\content\jdownloadsfilelist\css\images\joomla-back.png --> ftp3.ftptoyoursite.com /web/content/plugins/content/jdownloadsfilelist/css/images joomla-back.png
2012.10.23 09:18 B C:\inetpub\wwwroot\plugins\content\jdownloadsfilelist\css\images\merlin-fon.png --> ftp3.ftptoyoursite.com /web/content/plugins/content/jdownloadsfilelist/css/images merlin-fon.png
2012.10.23 09:18 B C:\inetpub\wwwroot\plugins\content\jdownloadsfilelist\css\images\red-fon.png --> ftp3.ftptoyoursite.com /web/content/plugins/content/jdownloadsfilelist/css/images red-fon.png
2012.10.23 09:18 B C:\inetpub\wwwroot\plugins\content\jdownloadsfilelist\css\images\red-spaces.png --> ftp3.ftptoyoursite.com /web/content/plugins/content/jdownloadsfilelist/css/images red-spaces.png
2012.10.23 09:18 B C:\inetpub\wwwroot\plugins\content\jdownloadsfilelist\css\images\WS_FTP.LOG --> ftp3.ftptoyoursite.com /web/content/plugins/content/jdownloadsfilelist/css/images WS_FTP.LOG
2013.02.01 15:04 B C:\inetpub\wwwroot\plugins\content\jdownloadsfilelist\css\images\WS_FTP.LOG <-- Schubert Rackspace /web/content/plugins/content/jdownloadsfilelist/css/images WS_FTP.LOG
