2012.07.25 12:19 B C:\Users\COBRIEN\Desktop\Schubert\modules\mod_arisexylightbox\includes\templates\article.html.php <-- Schubert Rackspace /web/content/modules/mod_arisexylightbox/includes/templates article.html.php
2012.07.25 12:19 B C:\Users\COBRIEN\Desktop\Schubert\modules\mod_arisexylightbox\includes\templates\error.html.php <-- Schubert Rackspace /web/content/modules/mod_arisexylightbox/includes/templates error.html.php
2012.07.25 12:19 B C:\Users\COBRIEN\Desktop\Schubert\modules\mod_arisexylightbox\includes\templates\flickrimage.html.php <-- Schubert Rackspace /web/content/modules/mod_arisexylightbox/includes/templates flickrimage.html.php
2012.07.25 12:19 B C:\Users\COBRIEN\Desktop\Schubert\modules\mod_arisexylightbox\includes\templates\flickrphotosets.html.php <-- Schubert Rackspace /web/content/modules/mod_arisexylightbox/includes/templates flickrphotosets.html.php
2012.07.25 12:19 B C:\Users\COBRIEN\Desktop\Schubert\modules\mod_arisexylightbox\includes\templates\icontent.html.php <-- Schubert Rackspace /web/content/modules/mod_arisexylightbox/includes/templates icontent.html.php
2012.07.25 12:19 B C:\Users\COBRIEN\Desktop\Schubert\modules\mod_arisexylightbox\includes\templates\index.html <-- Schubert Rackspace /web/content/modules/mod_arisexylightbox/includes/templates index.html
2012.07.25 12:19 B C:\Users\COBRIEN\Desktop\Schubert\modules\mod_arisexylightbox\includes\templates\inlineimg.html.php <-- Schubert Rackspace /web/content/modules/mod_arisexylightbox/includes/templates inlineimg.html.php
2012.07.25 12:19 B C:\Users\COBRIEN\Desktop\Schubert\modules\mod_arisexylightbox\includes\templates\module.html.php <-- Schubert Rackspace /web/content/modules/mod_arisexylightbox/includes/templates module.html.php
2012.07.25 12:19 B C:\Users\COBRIEN\Desktop\Schubert\modules\mod_arisexylightbox\includes\templates\rcontent.html.php <-- Schubert Rackspace /web/content/modules/mod_arisexylightbox/includes/templates rcontent.html.php
2012.09.04 10:56 B C:\inetpub\wwwroot\modules\mod_arisexylightbox\includes\templates\article.html.php --> ftp3.ftptoyoursite.com /web/content/SITE-TEST/modules/mod_arisexylightbox/includes/templates article.html.php
2012.09.04 10:56 B C:\inetpub\wwwroot\modules\mod_arisexylightbox\includes\templates\error.html.php --> ftp3.ftptoyoursite.com /web/content/SITE-TEST/modules/mod_arisexylightbox/includes/templates error.html.php
2012.09.04 10:56 B C:\inetpub\wwwroot\modules\mod_arisexylightbox\includes\templates\flickrimage.html.php --> ftp3.ftptoyoursite.com /web/content/SITE-TEST/modules/mod_arisexylightbox/includes/templates flickrimage.html.php
2012.09.04 10:56 B C:\inetpub\wwwroot\modules\mod_arisexylightbox\includes\templates\flickrphotosets.html.php --> ftp3.ftptoyoursite.com /web/content/SITE-TEST/modules/mod_arisexylightbox/includes/templates flickrphotosets.html.php
2012.09.04 10:56 B C:\inetpub\wwwroot\modules\mod_arisexylightbox\includes\templates\icontent.html.php --> ftp3.ftptoyoursite.com /web/content/SITE-TEST/modules/mod_arisexylightbox/includes/templates icontent.html.php
2012.09.04 10:56 B C:\inetpub\wwwroot\modules\mod_arisexylightbox\includes\templates\index.html --> ftp3.ftptoyoursite.com /web/content/SITE-TEST/modules/mod_arisexylightbox/includes/templates index.html
2012.09.04 10:56 B C:\inetpub\wwwroot\modules\mod_arisexylightbox\includes\templates\inlineimg.html.php --> ftp3.ftptoyoursite.com /web/content/SITE-TEST/modules/mod_arisexylightbox/includes/templates inlineimg.html.php
2012.09.04 10:56 B C:\inetpub\wwwroot\modules\mod_arisexylightbox\includes\templates\module.html.php --> ftp3.ftptoyoursite.com /web/content/SITE-TEST/modules/mod_arisexylightbox/includes/templates module.html.php
2012.09.04 10:56 B C:\inetpub\wwwroot\modules\mod_arisexylightbox\includes\templates\rcontent.html.php --> ftp3.ftptoyoursite.com /web/content/SITE-TEST/modules/mod_arisexylightbox/includes/templates rcontent.html.php
2012.09.04 10:56 B C:\inetpub\wwwroot\modules\mod_arisexylightbox\includes\templates\WS_FTP.LOG --> ftp3.ftptoyoursite.com /web/content/SITE-TEST/modules/mod_arisexylightbox/includes/templates WS_FTP.LOG
2012.09.06 15:14 B C:\inetpub\wwwroot\modules\mod_arisexylightbox\includes\templates\article.html.php --> ftp3.ftptoyoursite.com /web/content/SITEBACKUP_962012/modules/mod_arisexylightbox/includes/templates article.html.php
2012.09.06 15:14 B C:\inetpub\wwwroot\modules\mod_arisexylightbox\includes\templates\error.html.php --> ftp3.ftptoyoursite.com /web/content/SITEBACKUP_962012/modules/mod_arisexylightbox/includes/templates error.html.php
2012.09.06 15:14 B C:\inetpub\wwwroot\modules\mod_arisexylightbox\includes\templates\flickrimage.html.php --> ftp3.ftptoyoursite.com /web/content/SITEBACKUP_962012/modules/mod_arisexylightbox/includes/templates flickrimage.html.php
2012.09.06 15:14 B C:\inetpub\wwwroot\modules\mod_arisexylightbox\includes\templates\flickrphotosets.html.php --> ftp3.ftptoyoursite.com /web/content/SITEBACKUP_962012/modules/mod_arisexylightbox/includes/templates flickrphotosets.html.php
2012.09.06 15:14 B C:\inetpub\wwwroot\modules\mod_arisexylightbox\includes\templates\icontent.html.php --> ftp3.ftptoyoursite.com /web/content/SITEBACKUP_962012/modules/mod_arisexylightbox/includes/templates icontent.html.php
2012.09.06 15:14 B C:\inetpub\wwwroot\modules\mod_arisexylightbox\includes\templates\index.html --> ftp3.ftptoyoursite.com /web/content/SITEBACKUP_962012/modules/mod_arisexylightbox/includes/templates index.html
2012.09.06 15:14 B C:\inetpub\wwwroot\modules\mod_arisexylightbox\includes\templates\inlineimg.html.php --> ftp3.ftptoyoursite.com /web/content/SITEBACKUP_962012/modules/mod_arisexylightbox/includes/templates inlineimg.html.php
2012.09.06 15:14 B C:\inetpub\wwwroot\modules\mod_arisexylightbox\includes\templates\module.html.php --> ftp3.ftptoyoursite.com /web/content/SITEBACKUP_962012/modules/mod_arisexylightbox/includes/templates module.html.php
2012.09.06 15:14 B C:\inetpub\wwwroot\modules\mod_arisexylightbox\includes\templates\rcontent.html.php --> ftp3.ftptoyoursite.com /web/content/SITEBACKUP_962012/modules/mod_arisexylightbox/includes/templates rcontent.html.php
2012.09.06 15:14 B C:\inetpub\wwwroot\modules\mod_arisexylightbox\includes\templates\WS_FTP.LOG --> ftp3.ftptoyoursite.com /web/content/SITEBACKUP_962012/modules/mod_arisexylightbox/includes/templates WS_FTP.LOG
2012.10.23 09:16 B C:\inetpub\wwwroot\modules\mod_arisexylightbox\includes\templates\article.html.php --> ftp3.ftptoyoursite.com /web/content/modules/mod_arisexylightbox/includes/templates article.html.php
2012.10.23 09:16 B C:\inetpub\wwwroot\modules\mod_arisexylightbox\includes\templates\error.html.php --> ftp3.ftptoyoursite.com /web/content/modules/mod_arisexylightbox/includes/templates error.html.php
2012.10.23 09:16 B C:\inetpub\wwwroot\modules\mod_arisexylightbox\includes\templates\flickrimage.html.php --> ftp3.ftptoyoursite.com /web/content/modules/mod_arisexylightbox/includes/templates flickrimage.html.php
2012.10.23 09:16 B C:\inetpub\wwwroot\modules\mod_arisexylightbox\includes\templates\flickrphotosets.html.php --> ftp3.ftptoyoursite.com /web/content/modules/mod_arisexylightbox/includes/templates flickrphotosets.html.php
2012.10.23 09:16 B C:\inetpub\wwwroot\modules\mod_arisexylightbox\includes\templates\icontent.html.php --> ftp3.ftptoyoursite.com /web/content/modules/mod_arisexylightbox/includes/templates icontent.html.php
2012.10.23 09:16 B C:\inetpub\wwwroot\modules\mod_arisexylightbox\includes\templates\index.html --> ftp3.ftptoyoursite.com /web/content/modules/mod_arisexylightbox/includes/templates index.html
2012.10.23 09:16 B C:\inetpub\wwwroot\modules\mod_arisexylightbox\includes\templates\inlineimg.html.php --> ftp3.ftptoyoursite.com /web/content/modules/mod_arisexylightbox/includes/templates inlineimg.html.php
2012.10.23 09:16 B C:\inetpub\wwwroot\modules\mod_arisexylightbox\includes\templates\module.html.php --> ftp3.ftptoyoursite.com /web/content/modules/mod_arisexylightbox/includes/templates module.html.php
2012.10.23 09:16 B C:\inetpub\wwwroot\modules\mod_arisexylightbox\includes\templates\rcontent.html.php --> ftp3.ftptoyoursite.com /web/content/modules/mod_arisexylightbox/includes/templates rcontent.html.php
2012.10.23 09:16 B C:\inetpub\wwwroot\modules\mod_arisexylightbox\includes\templates\WS_FTP.LOG --> ftp3.ftptoyoursite.com /web/content/modules/mod_arisexylightbox/includes/templates WS_FTP.LOG
2013.02.01 15:02 B C:\inetpub\wwwroot\modules\mod_arisexylightbox\includes\templates\WS_FTP.LOG <-- Schubert Rackspace /web/content/modules/mod_arisexylightbox/includes/templates WS_FTP.LOG
