2012.07.25 12:12 B C:\Users\COBRIEN\Desktop\Schubert\administrator\components\com_users\models\debuggroup.php <-- Schubert Rackspace /web/content/administrator/components/com_users/models debuggroup.php
2012.07.25 12:12 B C:\Users\COBRIEN\Desktop\Schubert\administrator\components\com_users\models\debuguser.php <-- Schubert Rackspace /web/content/administrator/components/com_users/models debuguser.php
2012.07.25 12:12 B C:\Users\COBRIEN\Desktop\Schubert\administrator\components\com_users\models\group.php <-- Schubert Rackspace /web/content/administrator/components/com_users/models group.php
2012.07.25 12:12 B C:\Users\COBRIEN\Desktop\Schubert\administrator\components\com_users\models\groups.php <-- Schubert Rackspace /web/content/administrator/components/com_users/models groups.php
2012.07.25 12:12 B C:\Users\COBRIEN\Desktop\Schubert\administrator\components\com_users\models\index.html <-- Schubert Rackspace /web/content/administrator/components/com_users/models index.html
2012.07.25 12:12 B C:\Users\COBRIEN\Desktop\Schubert\administrator\components\com_users\models\level.php <-- Schubert Rackspace /web/content/administrator/components/com_users/models level.php
2012.07.25 12:12 B C:\Users\COBRIEN\Desktop\Schubert\administrator\components\com_users\models\levels.php <-- Schubert Rackspace /web/content/administrator/components/com_users/models levels.php
2012.07.25 12:12 B C:\Users\COBRIEN\Desktop\Schubert\administrator\components\com_users\models\mail.php <-- Schubert Rackspace /web/content/administrator/components/com_users/models mail.php
2012.07.25 12:12 B C:\Users\COBRIEN\Desktop\Schubert\administrator\components\com_users\models\note.php <-- Schubert Rackspace /web/content/administrator/components/com_users/models note.php
2012.07.25 12:12 B C:\Users\COBRIEN\Desktop\Schubert\administrator\components\com_users\models\notes.php <-- Schubert Rackspace /web/content/administrator/components/com_users/models notes.php
2012.07.25 12:12 B C:\Users\COBRIEN\Desktop\Schubert\administrator\components\com_users\models\user.php <-- Schubert Rackspace /web/content/administrator/components/com_users/models user.php
2012.07.25 12:12 B C:\Users\COBRIEN\Desktop\Schubert\administrator\components\com_users\models\users.php <-- Schubert Rackspace /web/content/administrator/components/com_users/models users.php
2012.09.04 10:46 B C:\inetpub\wwwroot\administrator\components\com_users\models\debuggroup.php --> ftp3.ftptoyoursite.com /web/content/SITE-TEST/administrator/components/com_users/models debuggroup.php
2012.09.04 10:46 B C:\inetpub\wwwroot\administrator\components\com_users\models\debuguser.php --> ftp3.ftptoyoursite.com /web/content/SITE-TEST/administrator/components/com_users/models debuguser.php
2012.09.04 10:46 B C:\inetpub\wwwroot\administrator\components\com_users\models\group.php --> ftp3.ftptoyoursite.com /web/content/SITE-TEST/administrator/components/com_users/models group.php
2012.09.04 10:46 B C:\inetpub\wwwroot\administrator\components\com_users\models\groups.php --> ftp3.ftptoyoursite.com /web/content/SITE-TEST/administrator/components/com_users/models groups.php
2012.09.04 10:46 B C:\inetpub\wwwroot\administrator\components\com_users\models\index.html --> ftp3.ftptoyoursite.com /web/content/SITE-TEST/administrator/components/com_users/models index.html
2012.09.04 10:46 B C:\inetpub\wwwroot\administrator\components\com_users\models\level.php --> ftp3.ftptoyoursite.com /web/content/SITE-TEST/administrator/components/com_users/models level.php
2012.09.04 10:46 B C:\inetpub\wwwroot\administrator\components\com_users\models\levels.php --> ftp3.ftptoyoursite.com /web/content/SITE-TEST/administrator/components/com_users/models levels.php
2012.09.04 10:46 B C:\inetpub\wwwroot\administrator\components\com_users\models\mail.php --> ftp3.ftptoyoursite.com /web/content/SITE-TEST/administrator/components/com_users/models mail.php
2012.09.04 10:46 B C:\inetpub\wwwroot\administrator\components\com_users\models\note.php --> ftp3.ftptoyoursite.com /web/content/SITE-TEST/administrator/components/com_users/models note.php
2012.09.04 10:46 B C:\inetpub\wwwroot\administrator\components\com_users\models\notes.php --> ftp3.ftptoyoursite.com /web/content/SITE-TEST/administrator/components/com_users/models notes.php
2012.09.04 10:46 B C:\inetpub\wwwroot\administrator\components\com_users\models\user.php --> ftp3.ftptoyoursite.com /web/content/SITE-TEST/administrator/components/com_users/models user.php
2012.09.04 10:46 B C:\inetpub\wwwroot\administrator\components\com_users\models\users.php --> ftp3.ftptoyoursite.com /web/content/SITE-TEST/administrator/components/com_users/models users.php
2012.09.04 10:46 B C:\inetpub\wwwroot\administrator\components\com_users\models\WS_FTP.LOG --> ftp3.ftptoyoursite.com /web/content/SITE-TEST/administrator/components/com_users/models WS_FTP.LOG
2012.09.06 15:04 B C:\inetpub\wwwroot\administrator\components\com_users\models\debuggroup.php --> ftp3.ftptoyoursite.com /web/content/SITEBACKUP_962012/administrator/components/com_users/models debuggroup.php
2012.09.06 15:04 B C:\inetpub\wwwroot\administrator\components\com_users\models\debuguser.php --> ftp3.ftptoyoursite.com /web/content/SITEBACKUP_962012/administrator/components/com_users/models debuguser.php
2012.09.06 15:04 B C:\inetpub\wwwroot\administrator\components\com_users\models\group.php --> ftp3.ftptoyoursite.com /web/content/SITEBACKUP_962012/administrator/components/com_users/models group.php
2012.09.06 15:04 B C:\inetpub\wwwroot\administrator\components\com_users\models\groups.php --> ftp3.ftptoyoursite.com /web/content/SITEBACKUP_962012/administrator/components/com_users/models groups.php
2012.09.06 15:04 B C:\inetpub\wwwroot\administrator\components\com_users\models\index.html --> ftp3.ftptoyoursite.com /web/content/SITEBACKUP_962012/administrator/components/com_users/models index.html
2012.09.06 15:04 B C:\inetpub\wwwroot\administrator\components\com_users\models\level.php --> ftp3.ftptoyoursite.com /web/content/SITEBACKUP_962012/administrator/components/com_users/models level.php
2012.09.06 15:04 B C:\inetpub\wwwroot\administrator\components\com_users\models\levels.php --> ftp3.ftptoyoursite.com /web/content/SITEBACKUP_962012/administrator/components/com_users/models levels.php
2012.09.06 15:04 B C:\inetpub\wwwroot\administrator\components\com_users\models\mail.php --> ftp3.ftptoyoursite.com /web/content/SITEBACKUP_962012/administrator/components/com_users/models mail.php
2012.09.06 15:04 B C:\inetpub\wwwroot\administrator\components\com_users\models\note.php --> ftp3.ftptoyoursite.com /web/content/SITEBACKUP_962012/administrator/components/com_users/models note.php
2012.09.06 15:04 B C:\inetpub\wwwroot\administrator\components\com_users\models\notes.php --> ftp3.ftptoyoursite.com /web/content/SITEBACKUP_962012/administrator/components/com_users/models notes.php
2012.09.06 15:04 B C:\inetpub\wwwroot\administrator\components\com_users\models\user.php --> ftp3.ftptoyoursite.com /web/content/SITEBACKUP_962012/administrator/components/com_users/models user.php
2012.09.06 15:04 B C:\inetpub\wwwroot\administrator\components\com_users\models\users.php --> ftp3.ftptoyoursite.com /web/content/SITEBACKUP_962012/administrator/components/com_users/models users.php
2012.09.06 15:04 B C:\inetpub\wwwroot\administrator\components\com_users\models\WS_FTP.LOG --> ftp3.ftptoyoursite.com /web/content/SITEBACKUP_962012/administrator/components/com_users/models WS_FTP.LOG
2012.09.06 15:45 B C:\inetpub\wwwroot\administrator\components\com_users\models\debuggroup.php <-- Schubert Rackspace /web/content/SITEBACKUP_962012/administrator/components/com_users/models debuggroup.php
2012.09.06 15:45 B C:\inetpub\wwwroot\administrator\components\com_users\models\debuguser.php <-- Schubert Rackspace /web/content/SITEBACKUP_962012/administrator/components/com_users/models debuguser.php
2012.09.06 15:45 B C:\inetpub\wwwroot\administrator\components\com_users\models\group.php <-- Schubert Rackspace /web/content/SITEBACKUP_962012/administrator/components/com_users/models group.php
2012.09.06 15:45 B C:\inetpub\wwwroot\administrator\components\com_users\models\groups.php <-- Schubert Rackspace /web/content/SITEBACKUP_962012/administrator/components/com_users/models groups.php
2012.09.06 15:45 B C:\inetpub\wwwroot\administrator\components\com_users\models\index.html <-- Schubert Rackspace /web/content/SITEBACKUP_962012/administrator/components/com_users/models index.html
2012.09.06 15:45 B C:\inetpub\wwwroot\administrator\components\com_users\models\level.php <-- Schubert Rackspace /web/content/SITEBACKUP_962012/administrator/components/com_users/models level.php
2012.09.06 15:45 B C:\inetpub\wwwroot\administrator\components\com_users\models\levels.php <-- Schubert Rackspace /web/content/SITEBACKUP_962012/administrator/components/com_users/models levels.php
2012.09.06 15:45 B C:\inetpub\wwwroot\administrator\components\com_users\models\mail.php <-- Schubert Rackspace /web/content/SITEBACKUP_962012/administrator/components/com_users/models mail.php
2012.09.06 15:45 B C:\inetpub\wwwroot\administrator\components\com_users\models\note.php <-- Schubert Rackspace /web/content/SITEBACKUP_962012/administrator/components/com_users/models note.php
2012.09.06 15:45 B C:\inetpub\wwwroot\administrator\components\com_users\models\notes.php <-- Schubert Rackspace /web/content/SITEBACKUP_962012/administrator/components/com_users/models notes.php
2012.09.06 15:45 B C:\inetpub\wwwroot\administrator\components\com_users\models\user.php <-- Schubert Rackspace /web/content/SITEBACKUP_962012/administrator/components/com_users/models user.php
2012.09.06 15:45 B C:\inetpub\wwwroot\administrator\components\com_users\models\users.php <-- Schubert Rackspace /web/content/SITEBACKUP_962012/administrator/components/com_users/models users.php
2012.10.23 09:07 B C:\inetpub\wwwroot\administrator\components\com_users\models\debuggroup.php --> ftp3.ftptoyoursite.com /web/content/administrator/components/com_users/models debuggroup.php
2012.10.23 09:07 B C:\inetpub\wwwroot\administrator\components\com_users\models\debuguser.php --> ftp3.ftptoyoursite.com /web/content/administrator/components/com_users/models debuguser.php
2012.10.23 09:07 B C:\inetpub\wwwroot\administrator\components\com_users\models\group.php --> ftp3.ftptoyoursite.com /web/content/administrator/components/com_users/models group.php
2012.10.23 09:07 B C:\inetpub\wwwroot\administrator\components\com_users\models\groups.php --> ftp3.ftptoyoursite.com /web/content/administrator/components/com_users/models groups.php
2012.10.23 09:07 B C:\inetpub\wwwroot\administrator\components\com_users\models\index.html --> ftp3.ftptoyoursite.com /web/content/administrator/components/com_users/models index.html
2012.10.23 09:07 B C:\inetpub\wwwroot\administrator\components\com_users\models\level.php --> ftp3.ftptoyoursite.com /web/content/administrator/components/com_users/models level.php
2012.10.23 09:07 B C:\inetpub\wwwroot\administrator\components\com_users\models\levels.php --> ftp3.ftptoyoursite.com /web/content/administrator/components/com_users/models levels.php
2012.10.23 09:07 B C:\inetpub\wwwroot\administrator\components\com_users\models\mail.php --> ftp3.ftptoyoursite.com /web/content/administrator/components/com_users/models mail.php
2012.10.23 09:07 B C:\inetpub\wwwroot\administrator\components\com_users\models\note.php --> ftp3.ftptoyoursite.com /web/content/administrator/components/com_users/models note.php
2012.10.23 09:07 B C:\inetpub\wwwroot\administrator\components\com_users\models\notes.php --> ftp3.ftptoyoursite.com /web/content/administrator/components/com_users/models notes.php
2012.10.23 09:07 B C:\inetpub\wwwroot\administrator\components\com_users\models\user.php --> ftp3.ftptoyoursite.com /web/content/administrator/components/com_users/models user.php
2012.10.23 09:07 B C:\inetpub\wwwroot\administrator\components\com_users\models\users.php --> ftp3.ftptoyoursite.com /web/content/administrator/components/com_users/models users.php
2012.10.23 09:07 B C:\inetpub\wwwroot\administrator\components\com_users\models\WS_FTP.LOG --> ftp3.ftptoyoursite.com /web/content/administrator/components/com_users/models WS_FTP.LOG
2013.02.01 14:43 B C:\inetpub\wwwroot\administrator\components\com_users\models\WS_FTP.LOG <-- Schubert Rackspace /web/content/administrator/components/com_users/models WS_FTP.LOG
