2012.07.25 12:18 B C:\Users\COBRIEN\Desktop\Schubert\libraries\tcpdf\fonts\freesans.ctg.z <-- Schubert Rackspace /web/content/libraries/tcpdf/fonts freesans.ctg.z
2012.07.25 12:18 B C:\Users\COBRIEN\Desktop\Schubert\libraries\tcpdf\fonts\freesans.php <-- Schubert Rackspace /web/content/libraries/tcpdf/fonts freesans.php
2012.07.25 12:18 B C:\Users\COBRIEN\Desktop\Schubert\libraries\tcpdf\fonts\freesans.z <-- Schubert Rackspace /web/content/libraries/tcpdf/fonts freesans.z
2012.07.25 12:18 B C:\Users\COBRIEN\Desktop\Schubert\libraries\tcpdf\fonts\index.html <-- Schubert Rackspace /web/content/libraries/tcpdf/fonts index.html
2012.09.04 10:54 B C:\inetpub\wwwroot\libraries\tcpdf\fonts\freesans.ctg.z --> ftp3.ftptoyoursite.com /web/content/SITE-TEST/libraries/tcpdf/fonts freesans.ctg.z
2012.09.04 10:54 B C:\inetpub\wwwroot\libraries\tcpdf\fonts\freesans.php --> ftp3.ftptoyoursite.com /web/content/SITE-TEST/libraries/tcpdf/fonts freesans.php
2012.09.04 10:54 B C:\inetpub\wwwroot\libraries\tcpdf\fonts\freesans.z --> ftp3.ftptoyoursite.com /web/content/SITE-TEST/libraries/tcpdf/fonts freesans.z
2012.09.04 10:54 B C:\inetpub\wwwroot\libraries\tcpdf\fonts\index.html --> ftp3.ftptoyoursite.com /web/content/SITE-TEST/libraries/tcpdf/fonts index.html
2012.09.04 10:54 B C:\inetpub\wwwroot\libraries\tcpdf\fonts\WS_FTP.LOG --> ftp3.ftptoyoursite.com /web/content/SITE-TEST/libraries/tcpdf/fonts WS_FTP.LOG
2012.09.06 15:13 B C:\inetpub\wwwroot\libraries\tcpdf\fonts\freesans.ctg.z --> ftp3.ftptoyoursite.com /web/content/SITEBACKUP_962012/libraries/tcpdf/fonts freesans.ctg.z
2012.09.06 15:13 B C:\inetpub\wwwroot\libraries\tcpdf\fonts\freesans.php --> ftp3.ftptoyoursite.com /web/content/SITEBACKUP_962012/libraries/tcpdf/fonts freesans.php
2012.09.06 15:13 B C:\inetpub\wwwroot\libraries\tcpdf\fonts\freesans.z --> ftp3.ftptoyoursite.com /web/content/SITEBACKUP_962012/libraries/tcpdf/fonts freesans.z
2012.09.06 15:13 B C:\inetpub\wwwroot\libraries\tcpdf\fonts\index.html --> ftp3.ftptoyoursite.com /web/content/SITEBACKUP_962012/libraries/tcpdf/fonts index.html
2012.09.06 15:13 B C:\inetpub\wwwroot\libraries\tcpdf\fonts\WS_FTP.LOG --> ftp3.ftptoyoursite.com /web/content/SITEBACKUP_962012/libraries/tcpdf/fonts WS_FTP.LOG
2012.10.23 09:15 B C:\inetpub\wwwroot\libraries\tcpdf\fonts\freesans.ctg.z --> ftp3.ftptoyoursite.com /web/content/libraries/tcpdf/fonts freesans.ctg.z
2012.10.23 09:15 B C:\inetpub\wwwroot\libraries\tcpdf\fonts\freesans.php --> ftp3.ftptoyoursite.com /web/content/libraries/tcpdf/fonts freesans.php
2012.10.23 09:15 B C:\inetpub\wwwroot\libraries\tcpdf\fonts\freesans.z --> ftp3.ftptoyoursite.com /web/content/libraries/tcpdf/fonts freesans.z
2012.10.23 09:15 B C:\inetpub\wwwroot\libraries\tcpdf\fonts\index.html --> ftp3.ftptoyoursite.com /web/content/libraries/tcpdf/fonts index.html
2012.10.23 09:15 B C:\inetpub\wwwroot\libraries\tcpdf\fonts\WS_FTP.LOG --> ftp3.ftptoyoursite.com /web/content/libraries/tcpdf/fonts WS_FTP.LOG
2013.02.01 14:55 B C:\inetpub\wwwroot\libraries\tcpdf\fonts\WS_FTP.LOG <-- Schubert Rackspace /web/content/libraries/tcpdf/fonts WS_FTP.LOG
