2012.07.25 12:17 B C:\Users\COBRIEN\Desktop\Schubert\libraries\joomla\database\database.php <-- Schubert Rackspace /web/content/libraries/joomla/database database.php
2012.07.25 12:17 B C:\Users\COBRIEN\Desktop\Schubert\libraries\joomla\database\exception.php <-- Schubert Rackspace /web/content/libraries/joomla/database exception.php
2012.07.25 12:17 B C:\Users\COBRIEN\Desktop\Schubert\libraries\joomla\database\index.html <-- Schubert Rackspace /web/content/libraries/joomla/database index.html
2012.07.25 12:17 B C:\Users\COBRIEN\Desktop\Schubert\libraries\joomla\database\query.php <-- Schubert Rackspace /web/content/libraries/joomla/database query.php
2012.07.25 12:17 B C:\Users\COBRIEN\Desktop\Schubert\libraries\joomla\database\table.php <-- Schubert Rackspace /web/content/libraries/joomla/database table.php
2012.07.25 12:17 B C:\Users\COBRIEN\Desktop\Schubert\libraries\joomla\database\tablenested.php <-- Schubert Rackspace /web/content/libraries/joomla/database tablenested.php
2012.09.04 10:54 B C:\inetpub\wwwroot\libraries\joomla\database\database.php --> ftp3.ftptoyoursite.com /web/content/SITE-TEST/libraries/joomla/database database.php
2012.09.04 10:54 B C:\inetpub\wwwroot\libraries\joomla\database\exception.php --> ftp3.ftptoyoursite.com /web/content/SITE-TEST/libraries/joomla/database exception.php
2012.09.04 10:54 B C:\inetpub\wwwroot\libraries\joomla\database\index.html --> ftp3.ftptoyoursite.com /web/content/SITE-TEST/libraries/joomla/database index.html
2012.09.04 10:54 B C:\inetpub\wwwroot\libraries\joomla\database\query.php --> ftp3.ftptoyoursite.com /web/content/SITE-TEST/libraries/joomla/database query.php
2012.09.04 10:54 B C:\inetpub\wwwroot\libraries\joomla\database\table.php --> ftp3.ftptoyoursite.com /web/content/SITE-TEST/libraries/joomla/database table.php
2012.09.04 10:54 B C:\inetpub\wwwroot\libraries\joomla\database\tablenested.php --> ftp3.ftptoyoursite.com /web/content/SITE-TEST/libraries/joomla/database tablenested.php
2012.09.04 10:54 B C:\inetpub\wwwroot\libraries\joomla\database\WS_FTP.LOG --> ftp3.ftptoyoursite.com /web/content/SITE-TEST/libraries/joomla/database WS_FTP.LOG
2012.09.06 15:12 B C:\inetpub\wwwroot\libraries\joomla\database\database.php --> ftp3.ftptoyoursite.com /web/content/SITEBACKUP_962012/libraries/joomla/database database.php
2012.09.06 15:12 B C:\inetpub\wwwroot\libraries\joomla\database\exception.php --> ftp3.ftptoyoursite.com /web/content/SITEBACKUP_962012/libraries/joomla/database exception.php
2012.09.06 15:12 B C:\inetpub\wwwroot\libraries\joomla\database\index.html --> ftp3.ftptoyoursite.com /web/content/SITEBACKUP_962012/libraries/joomla/database index.html
2012.09.06 15:12 B C:\inetpub\wwwroot\libraries\joomla\database\query.php --> ftp3.ftptoyoursite.com /web/content/SITEBACKUP_962012/libraries/joomla/database query.php
2012.09.06 15:12 B C:\inetpub\wwwroot\libraries\joomla\database\table.php --> ftp3.ftptoyoursite.com /web/content/SITEBACKUP_962012/libraries/joomla/database table.php
2012.09.06 15:12 B C:\inetpub\wwwroot\libraries\joomla\database\tablenested.php --> ftp3.ftptoyoursite.com /web/content/SITEBACKUP_962012/libraries/joomla/database tablenested.php
2012.09.06 15:12 B C:\inetpub\wwwroot\libraries\joomla\database\WS_FTP.LOG --> ftp3.ftptoyoursite.com /web/content/SITEBACKUP_962012/libraries/joomla/database WS_FTP.LOG
2012.10.23 09:15 B C:\inetpub\wwwroot\libraries\joomla\database\database.php --> ftp3.ftptoyoursite.com /web/content/libraries/joomla/database database.php
2012.10.23 09:15 B C:\inetpub\wwwroot\libraries\joomla\database\exception.php --> ftp3.ftptoyoursite.com /web/content/libraries/joomla/database exception.php
2012.10.23 09:15 B C:\inetpub\wwwroot\libraries\joomla\database\index.html --> ftp3.ftptoyoursite.com /web/content/libraries/joomla/database index.html
2012.10.23 09:15 B C:\inetpub\wwwroot\libraries\joomla\database\query.php --> ftp3.ftptoyoursite.com /web/content/libraries/joomla/database query.php
2012.10.23 09:15 B C:\inetpub\wwwroot\libraries\joomla\database\table.php --> ftp3.ftptoyoursite.com /web/content/libraries/joomla/database table.php
2012.10.23 09:15 B C:\inetpub\wwwroot\libraries\joomla\database\tablenested.php --> ftp3.ftptoyoursite.com /web/content/libraries/joomla/database tablenested.php
2012.10.23 09:15 B C:\inetpub\wwwroot\libraries\joomla\database\WS_FTP.LOG --> ftp3.ftptoyoursite.com /web/content/libraries/joomla/database WS_FTP.LOG
2013.02.01 14:54 B C:\inetpub\wwwroot\libraries\joomla\database\WS_FTP.LOG <-- Schubert Rackspace /web/content/libraries/joomla/database WS_FTP.LOG
