2013.02.04 11:35 B C:\inetpub\wwwroot\phpMyAdmin\themes\original\img\pmd\1.png <-- Schubert Rackspace /web/content/db/phpMyAdmin/themes/original/img/pmd 1.png
2013.02.04 11:35 B C:\inetpub\wwwroot\phpMyAdmin\themes\original\img\pmd\2.png <-- Schubert Rackspace /web/content/db/phpMyAdmin/themes/original/img/pmd 2.png
2013.02.04 11:35 B C:\inetpub\wwwroot\phpMyAdmin\themes\original\img\pmd\2leftarrow.png <-- Schubert Rackspace /web/content/db/phpMyAdmin/themes/original/img/pmd 2leftarrow.png
2013.02.04 11:35 B C:\inetpub\wwwroot\phpMyAdmin\themes\original\img\pmd\2leftarrow_m.png <-- Schubert Rackspace /web/content/db/phpMyAdmin/themes/original/img/pmd 2leftarrow_m.png
2013.02.04 11:35 B C:\inetpub\wwwroot\phpMyAdmin\themes\original\img\pmd\2rightarrow.png <-- Schubert Rackspace /web/content/db/phpMyAdmin/themes/original/img/pmd 2rightarrow.png
2013.02.04 11:35 B C:\inetpub\wwwroot\phpMyAdmin\themes\original\img\pmd\2rightarrow_m.png <-- Schubert Rackspace /web/content/db/phpMyAdmin/themes/original/img/pmd 2rightarrow_m.png
2013.02.04 11:35 B C:\inetpub\wwwroot\phpMyAdmin\themes\original\img\pmd\3.png <-- Schubert Rackspace /web/content/db/phpMyAdmin/themes/original/img/pmd 3.png
2013.02.04 11:35 B C:\inetpub\wwwroot\phpMyAdmin\themes\original\img\pmd\4.png <-- Schubert Rackspace /web/content/db/phpMyAdmin/themes/original/img/pmd 4.png
2013.02.04 11:35 B C:\inetpub\wwwroot\phpMyAdmin\themes\original\img\pmd\5.png <-- Schubert Rackspace /web/content/db/phpMyAdmin/themes/original/img/pmd 5.png
2013.02.04 11:35 B C:\inetpub\wwwroot\phpMyAdmin\themes\original\img\pmd\6.png <-- Schubert Rackspace /web/content/db/phpMyAdmin/themes/original/img/pmd 6.png
2013.02.04 11:35 B C:\inetpub\wwwroot\phpMyAdmin\themes\original\img\pmd\7.png <-- Schubert Rackspace /web/content/db/phpMyAdmin/themes/original/img/pmd 7.png
2013.02.04 11:35 B C:\inetpub\wwwroot\phpMyAdmin\themes\original\img\pmd\8.png <-- Schubert Rackspace /web/content/db/phpMyAdmin/themes/original/img/pmd 8.png
2013.02.04 11:35 B C:\inetpub\wwwroot\phpMyAdmin\themes\original\img\pmd\and_icon.png <-- Schubert Rackspace /web/content/db/phpMyAdmin/themes/original/img/pmd and_icon.png
2013.02.04 11:35 B C:\inetpub\wwwroot\phpMyAdmin\themes\original\img\pmd\ang_direct.png <-- Schubert Rackspace /web/content/db/phpMyAdmin/themes/original/img/pmd ang_direct.png
2013.02.04 11:35 B C:\inetpub\wwwroot\phpMyAdmin\themes\original\img\pmd\bord.png <-- Schubert Rackspace /web/content/db/phpMyAdmin/themes/original/img/pmd bord.png
2013.02.04 11:35 B C:\inetpub\wwwroot\phpMyAdmin\themes\original\img\pmd\bottom.png <-- Schubert Rackspace /web/content/db/phpMyAdmin/themes/original/img/pmd bottom.png
2013.02.04 11:35 B C:\inetpub\wwwroot\phpMyAdmin\themes\original\img\pmd\def.png <-- Schubert Rackspace /web/content/db/phpMyAdmin/themes/original/img/pmd def.png
2013.02.04 11:35 B C:\inetpub\wwwroot\phpMyAdmin\themes\original\img\pmd\display_field.png <-- Schubert Rackspace /web/content/db/phpMyAdmin/themes/original/img/pmd display_field.png
2013.02.04 11:35 B C:\inetpub\wwwroot\phpMyAdmin\themes\original\img\pmd\downarrow1.png <-- Schubert Rackspace /web/content/db/phpMyAdmin/themes/original/img/pmd downarrow1.png
2013.02.04 11:35 B C:\inetpub\wwwroot\phpMyAdmin\themes\original\img\pmd\downarrow2.png <-- Schubert Rackspace /web/content/db/phpMyAdmin/themes/original/img/pmd downarrow2.png
2013.02.04 11:35 B C:\inetpub\wwwroot\phpMyAdmin\themes\original\img\pmd\downarrow2_m.png <-- Schubert Rackspace /web/content/db/phpMyAdmin/themes/original/img/pmd downarrow2_m.png
2013.02.04 11:35 B C:\inetpub\wwwroot\phpMyAdmin\themes\original\img\pmd\exec.png <-- Schubert Rackspace /web/content/db/phpMyAdmin/themes/original/img/pmd exec.png
2013.02.04 11:35 B C:\inetpub\wwwroot\phpMyAdmin\themes\original\img\pmd\exec_small.png <-- Schubert Rackspace /web/content/db/phpMyAdmin/themes/original/img/pmd exec_small.png
2013.02.04 11:35 B C:\inetpub\wwwroot\phpMyAdmin\themes\original\img\pmd\favicon.ico <-- Schubert Rackspace /web/content/db/phpMyAdmin/themes/original/img/pmd favicon.ico
2013.02.04 11:35 B C:\inetpub\wwwroot\phpMyAdmin\themes\original\img\pmd\Field_small.png <-- Schubert Rackspace /web/content/db/phpMyAdmin/themes/original/img/pmd Field_small.png
2013.02.04 11:35 B C:\inetpub\wwwroot\phpMyAdmin\themes\original\img\pmd\Field_small_char.png <-- Schubert Rackspace /web/content/db/phpMyAdmin/themes/original/img/pmd Field_small_char.png
2013.02.04 11:35 B C:\inetpub\wwwroot\phpMyAdmin\themes\original\img\pmd\Field_small_date.png <-- Schubert Rackspace /web/content/db/phpMyAdmin/themes/original/img/pmd Field_small_date.png
2013.02.04 11:35 B C:\inetpub\wwwroot\phpMyAdmin\themes\original\img\pmd\Field_small_int.png <-- Schubert Rackspace /web/content/db/phpMyAdmin/themes/original/img/pmd Field_small_int.png
2013.02.04 11:35 B C:\inetpub\wwwroot\phpMyAdmin\themes\original\img\pmd\FieldKey_small.png <-- Schubert Rackspace /web/content/db/phpMyAdmin/themes/original/img/pmd FieldKey_small.png
2013.02.04 11:35 B C:\inetpub\wwwroot\phpMyAdmin\themes\original\img\pmd\grid.png <-- Schubert Rackspace /web/content/db/phpMyAdmin/themes/original/img/pmd grid.png
2013.02.04 11:35 B C:\inetpub\wwwroot\phpMyAdmin\themes\original\img\pmd\Header.png <-- Schubert Rackspace /web/content/db/phpMyAdmin/themes/original/img/pmd Header.png
2013.02.04 11:35 B C:\inetpub\wwwroot\phpMyAdmin\themes\original\img\pmd\Header_Linked.png <-- Schubert Rackspace /web/content/db/phpMyAdmin/themes/original/img/pmd Header_Linked.png
2013.02.04 11:35 B C:\inetpub\wwwroot\phpMyAdmin\themes\original\img\pmd\help.png <-- Schubert Rackspace /web/content/db/phpMyAdmin/themes/original/img/pmd help.png
2013.02.04 11:35 B C:\inetpub\wwwroot\phpMyAdmin\themes\original\img\pmd\help_relation.png <-- Schubert Rackspace /web/content/db/phpMyAdmin/themes/original/img/pmd help_relation.png
2013.02.04 11:35 B C:\inetpub\wwwroot\phpMyAdmin\themes\original\img\pmd\left_panel_butt.png <-- Schubert Rackspace /web/content/db/phpMyAdmin/themes/original/img/pmd left_panel_butt.png
2013.02.04 11:35 B C:\inetpub\wwwroot\phpMyAdmin\themes\original\img\pmd\left_panel_tab.png <-- Schubert Rackspace /web/content/db/phpMyAdmin/themes/original/img/pmd left_panel_tab.png
2013.02.04 11:35 B C:\inetpub\wwwroot\phpMyAdmin\themes\original\img\pmd\minus.png <-- Schubert Rackspace /web/content/db/phpMyAdmin/themes/original/img/pmd minus.png
2013.02.04 11:35 B C:\inetpub\wwwroot\phpMyAdmin\themes\original\img\pmd\or_icon.png <-- Schubert Rackspace /web/content/db/phpMyAdmin/themes/original/img/pmd or_icon.png
2013.02.04 11:35 B C:\inetpub\wwwroot\phpMyAdmin\themes\original\img\pmd\pdf.png <-- Schubert Rackspace /web/content/db/phpMyAdmin/themes/original/img/pmd pdf.png
2013.02.04 11:35 B C:\inetpub\wwwroot\phpMyAdmin\themes\original\img\pmd\plus.png <-- Schubert Rackspace /web/content/db/phpMyAdmin/themes/original/img/pmd plus.png
2013.02.04 11:35 B C:\inetpub\wwwroot\phpMyAdmin\themes\original\img\pmd\query_builder.png <-- Schubert Rackspace /web/content/db/phpMyAdmin/themes/original/img/pmd query_builder.png
2013.02.04 11:35 B C:\inetpub\wwwroot\phpMyAdmin\themes\original\img\pmd\relation.png <-- Schubert Rackspace /web/content/db/phpMyAdmin/themes/original/img/pmd relation.png
2013.02.04 11:35 B C:\inetpub\wwwroot\phpMyAdmin\themes\original\img\pmd\reload.png <-- Schubert Rackspace /web/content/db/phpMyAdmin/themes/original/img/pmd reload.png
2013.02.04 11:35 B C:\inetpub\wwwroot\phpMyAdmin\themes\original\img\pmd\resize.png <-- Schubert Rackspace /web/content/db/phpMyAdmin/themes/original/img/pmd resize.png
2013.02.04 11:35 B C:\inetpub\wwwroot\phpMyAdmin\themes\original\img\pmd\rightarrow1.png <-- Schubert Rackspace /web/content/db/phpMyAdmin/themes/original/img/pmd rightarrow1.png
2013.02.04 11:35 B C:\inetpub\wwwroot\phpMyAdmin\themes\original\img\pmd\rightarrow2.png <-- Schubert Rackspace /web/content/db/phpMyAdmin/themes/original/img/pmd rightarrow2.png
2013.02.04 11:35 B C:\inetpub\wwwroot\phpMyAdmin\themes\original\img\pmd\save.png <-- Schubert Rackspace /web/content/db/phpMyAdmin/themes/original/img/pmd save.png
2013.02.04 11:35 B C:\inetpub\wwwroot\phpMyAdmin\themes\original\img\pmd\small_tab.png <-- Schubert Rackspace /web/content/db/phpMyAdmin/themes/original/img/pmd small_tab.png
2013.02.04 11:35 B C:\inetpub\wwwroot\phpMyAdmin\themes\original\img\pmd\table.png <-- Schubert Rackspace /web/content/db/phpMyAdmin/themes/original/img/pmd table.png
2013.02.04 11:35 B C:\inetpub\wwwroot\phpMyAdmin\themes\original\img\pmd\toggle_lines.png <-- Schubert Rackspace /web/content/db/phpMyAdmin/themes/original/img/pmd toggle_lines.png
2013.02.04 11:35 B C:\inetpub\wwwroot\phpMyAdmin\themes\original\img\pmd\top_panel.png <-- Schubert Rackspace /web/content/db/phpMyAdmin/themes/original/img/pmd top_panel.png
2013.02.04 11:35 B C:\inetpub\wwwroot\phpMyAdmin\themes\original\img\pmd\uparrow2_m.png <-- Schubert Rackspace /web/content/db/phpMyAdmin/themes/original/img/pmd uparrow2_m.png
