2012.07.25 12:12 B C:\Users\COBRIEN\Desktop\Schubert\administrator\components\com_rsform\views\submissions\tmpl\default.php <-- Schubert Rackspace /web/content/administrator/components/com_rsform/views/submissions/tmpl default.php
2012.07.25 12:12 B C:\Users\COBRIEN\Desktop\Schubert\administrator\components\com_rsform\views\submissions\tmpl\edit.php <-- Schubert Rackspace /web/content/administrator/components/com_rsform/views/submissions/tmpl edit.php
2012.07.25 12:12 B C:\Users\COBRIEN\Desktop\Schubert\administrator\components\com_rsform\views\submissions\tmpl\edit_pdf.php <-- Schubert Rackspace /web/content/administrator/components/com_rsform/views/submissions/tmpl edit_pdf.php
2012.07.25 12:12 B C:\Users\COBRIEN\Desktop\Schubert\administrator\components\com_rsform\views\submissions\tmpl\export.php <-- Schubert Rackspace /web/content/administrator/components/com_rsform/views/submissions/tmpl export.php
2012.07.25 12:12 B C:\Users\COBRIEN\Desktop\Schubert\administrator\components\com_rsform\views\submissions\tmpl\exportprocess.php <-- Schubert Rackspace /web/content/administrator/components/com_rsform/views/submissions/tmpl exportprocess.php
2012.07.25 12:12 B C:\Users\COBRIEN\Desktop\Schubert\administrator\components\com_rsform\views\submissions\tmpl\index.html <-- Schubert Rackspace /web/content/administrator/components/com_rsform/views/submissions/tmpl index.html
2012.09.04 10:46 B C:\inetpub\wwwroot\administrator\components\com_rsform\views\submissions\tmpl\default.php --> ftp3.ftptoyoursite.com /web/content/SITE-TEST/administrator/components/com_rsform/views/submissions/tmpl default.php
2012.09.04 10:46 B C:\inetpub\wwwroot\administrator\components\com_rsform\views\submissions\tmpl\edit.php --> ftp3.ftptoyoursite.com /web/content/SITE-TEST/administrator/components/com_rsform/views/submissions/tmpl edit.php
2012.09.04 10:46 B C:\inetpub\wwwroot\administrator\components\com_rsform\views\submissions\tmpl\edit_pdf.php --> ftp3.ftptoyoursite.com /web/content/SITE-TEST/administrator/components/com_rsform/views/submissions/tmpl edit_pdf.php
2012.09.04 10:46 B C:\inetpub\wwwroot\administrator\components\com_rsform\views\submissions\tmpl\export.php --> ftp3.ftptoyoursite.com /web/content/SITE-TEST/administrator/components/com_rsform/views/submissions/tmpl export.php
2012.09.04 10:46 B C:\inetpub\wwwroot\administrator\components\com_rsform\views\submissions\tmpl\exportprocess.php --> ftp3.ftptoyoursite.com /web/content/SITE-TEST/administrator/components/com_rsform/views/submissions/tmpl exportprocess.php
2012.09.04 10:46 B C:\inetpub\wwwroot\administrator\components\com_rsform\views\submissions\tmpl\index.html --> ftp3.ftptoyoursite.com /web/content/SITE-TEST/administrator/components/com_rsform/views/submissions/tmpl index.html
2012.09.04 10:46 B C:\inetpub\wwwroot\administrator\components\com_rsform\views\submissions\tmpl\WS_FTP.LOG --> ftp3.ftptoyoursite.com /web/content/SITE-TEST/administrator/components/com_rsform/views/submissions/tmpl WS_FTP.LOG
2012.09.06 15:03 B C:\inetpub\wwwroot\administrator\components\com_rsform\views\submissions\tmpl\default.php --> ftp3.ftptoyoursite.com /web/content/SITEBACKUP_962012/administrator/components/com_rsform/views/submissions/tmpl default.php
2012.09.06 15:03 B C:\inetpub\wwwroot\administrator\components\com_rsform\views\submissions\tmpl\edit.php --> ftp3.ftptoyoursite.com /web/content/SITEBACKUP_962012/administrator/components/com_rsform/views/submissions/tmpl edit.php
2012.09.06 15:03 B C:\inetpub\wwwroot\administrator\components\com_rsform\views\submissions\tmpl\edit_pdf.php --> ftp3.ftptoyoursite.com /web/content/SITEBACKUP_962012/administrator/components/com_rsform/views/submissions/tmpl edit_pdf.php
2012.09.06 15:03 B C:\inetpub\wwwroot\administrator\components\com_rsform\views\submissions\tmpl\export.php --> ftp3.ftptoyoursite.com /web/content/SITEBACKUP_962012/administrator/components/com_rsform/views/submissions/tmpl export.php
2012.09.06 15:03 B C:\inetpub\wwwroot\administrator\components\com_rsform\views\submissions\tmpl\exportprocess.php --> ftp3.ftptoyoursite.com /web/content/SITEBACKUP_962012/administrator/components/com_rsform/views/submissions/tmpl exportprocess.php
2012.09.06 15:03 B C:\inetpub\wwwroot\administrator\components\com_rsform\views\submissions\tmpl\index.html --> ftp3.ftptoyoursite.com /web/content/SITEBACKUP_962012/administrator/components/com_rsform/views/submissions/tmpl index.html
2012.09.06 15:03 B C:\inetpub\wwwroot\administrator\components\com_rsform\views\submissions\tmpl\WS_FTP.LOG --> ftp3.ftptoyoursite.com /web/content/SITEBACKUP_962012/administrator/components/com_rsform/views/submissions/tmpl WS_FTP.LOG
2012.09.06 15:45 B C:\inetpub\wwwroot\administrator\components\com_rsform\views\submissions\tmpl\default.php <-- Schubert Rackspace /web/content/SITEBACKUP_962012/administrator/components/com_rsform/views/submissions/tmpl default.php
2012.09.06 15:45 B C:\inetpub\wwwroot\administrator\components\com_rsform\views\submissions\tmpl\edit.php <-- Schubert Rackspace /web/content/SITEBACKUP_962012/administrator/components/com_rsform/views/submissions/tmpl edit.php
2012.09.06 15:45 B C:\inetpub\wwwroot\administrator\components\com_rsform\views\submissions\tmpl\edit_pdf.php <-- Schubert Rackspace /web/content/SITEBACKUP_962012/administrator/components/com_rsform/views/submissions/tmpl edit_pdf.php
2012.09.06 15:45 B C:\inetpub\wwwroot\administrator\components\com_rsform\views\submissions\tmpl\export.php <-- Schubert Rackspace /web/content/SITEBACKUP_962012/administrator/components/com_rsform/views/submissions/tmpl export.php
2012.09.06 15:45 B C:\inetpub\wwwroot\administrator\components\com_rsform\views\submissions\tmpl\exportprocess.php <-- Schubert Rackspace /web/content/SITEBACKUP_962012/administrator/components/com_rsform/views/submissions/tmpl exportprocess.php
2012.09.06 15:45 B C:\inetpub\wwwroot\administrator\components\com_rsform\views\submissions\tmpl\index.html <-- Schubert Rackspace /web/content/SITEBACKUP_962012/administrator/components/com_rsform/views/submissions/tmpl index.html
2012.10.23 09:07 B C:\inetpub\wwwroot\administrator\components\com_rsform\views\submissions\tmpl\default.php --> ftp3.ftptoyoursite.com /web/content/administrator/components/com_rsform/views/submissions/tmpl default.php
2012.10.23 09:07 B C:\inetpub\wwwroot\administrator\components\com_rsform\views\submissions\tmpl\edit.php --> ftp3.ftptoyoursite.com /web/content/administrator/components/com_rsform/views/submissions/tmpl edit.php
2012.10.23 09:07 B C:\inetpub\wwwroot\administrator\components\com_rsform\views\submissions\tmpl\edit_pdf.php --> ftp3.ftptoyoursite.com /web/content/administrator/components/com_rsform/views/submissions/tmpl edit_pdf.php
2012.10.23 09:07 B C:\inetpub\wwwroot\administrator\components\com_rsform\views\submissions\tmpl\export.php --> ftp3.ftptoyoursite.com /web/content/administrator/components/com_rsform/views/submissions/tmpl export.php
2012.10.23 09:07 B C:\inetpub\wwwroot\administrator\components\com_rsform\views\submissions\tmpl\exportprocess.php --> ftp3.ftptoyoursite.com /web/content/administrator/components/com_rsform/views/submissions/tmpl exportprocess.php
2012.10.23 09:07 B C:\inetpub\wwwroot\administrator\components\com_rsform\views\submissions\tmpl\index.html --> ftp3.ftptoyoursite.com /web/content/administrator/components/com_rsform/views/submissions/tmpl index.html
2012.10.23 09:07 B C:\inetpub\wwwroot\administrator\components\com_rsform\views\submissions\tmpl\WS_FTP.LOG --> ftp3.ftptoyoursite.com /web/content/administrator/components/com_rsform/views/submissions/tmpl WS_FTP.LOG
2013.02.01 14:43 B C:\inetpub\wwwroot\administrator\components\com_rsform\views\submissions\tmpl\WS_FTP.LOG <-- Schubert Rackspace /web/content/administrator/components/com_rsform/views/submissions/tmpl WS_FTP.LOG
