2012.07.25 12:17 B C:\Users\COBRIEN\Desktop\Schubert\libraries\cms\schema\changeitem.php <-- Schubert Rackspace /web/content/libraries/cms/schema changeitem.php
2012.07.25 12:17 B C:\Users\COBRIEN\Desktop\Schubert\libraries\cms\schema\changeitemmysql.php <-- Schubert Rackspace /web/content/libraries/cms/schema changeitemmysql.php
2012.07.25 12:17 B C:\Users\COBRIEN\Desktop\Schubert\libraries\cms\schema\changeitemsqlazure.php <-- Schubert Rackspace /web/content/libraries/cms/schema changeitemsqlazure.php
2012.07.25 12:17 B C:\Users\COBRIEN\Desktop\Schubert\libraries\cms\schema\changeitemsqlsrv.php <-- Schubert Rackspace /web/content/libraries/cms/schema changeitemsqlsrv.php
2012.07.25 12:17 B C:\Users\COBRIEN\Desktop\Schubert\libraries\cms\schema\changeset.php <-- Schubert Rackspace /web/content/libraries/cms/schema changeset.php
2012.07.25 12:17 B C:\Users\COBRIEN\Desktop\Schubert\libraries\cms\schema\index.html <-- Schubert Rackspace /web/content/libraries/cms/schema index.html
2012.09.04 10:53 B C:\inetpub\wwwroot\libraries\cms\schema\changeitem.php --> ftp3.ftptoyoursite.com /web/content/SITE-TEST/libraries/cms/schema changeitem.php
2012.09.04 10:53 B C:\inetpub\wwwroot\libraries\cms\schema\changeitemmysql.php --> ftp3.ftptoyoursite.com /web/content/SITE-TEST/libraries/cms/schema changeitemmysql.php
2012.09.04 10:53 B C:\inetpub\wwwroot\libraries\cms\schema\changeitemsqlazure.php --> ftp3.ftptoyoursite.com /web/content/SITE-TEST/libraries/cms/schema changeitemsqlazure.php
2012.09.04 10:53 B C:\inetpub\wwwroot\libraries\cms\schema\changeitemsqlsrv.php --> ftp3.ftptoyoursite.com /web/content/SITE-TEST/libraries/cms/schema changeitemsqlsrv.php
2012.09.04 10:53 B C:\inetpub\wwwroot\libraries\cms\schema\changeset.php --> ftp3.ftptoyoursite.com /web/content/SITE-TEST/libraries/cms/schema changeset.php
2012.09.04 10:53 B C:\inetpub\wwwroot\libraries\cms\schema\index.html --> ftp3.ftptoyoursite.com /web/content/SITE-TEST/libraries/cms/schema index.html
2012.09.04 10:53 B C:\inetpub\wwwroot\libraries\cms\schema\WS_FTP.LOG --> ftp3.ftptoyoursite.com /web/content/SITE-TEST/libraries/cms/schema WS_FTP.LOG
2012.09.06 15:12 B C:\inetpub\wwwroot\libraries\cms\schema\changeitem.php --> ftp3.ftptoyoursite.com /web/content/SITEBACKUP_962012/libraries/cms/schema changeitem.php
2012.09.06 15:12 B C:\inetpub\wwwroot\libraries\cms\schema\changeitemmysql.php --> ftp3.ftptoyoursite.com /web/content/SITEBACKUP_962012/libraries/cms/schema changeitemmysql.php
2012.09.06 15:12 B C:\inetpub\wwwroot\libraries\cms\schema\changeitemsqlazure.php --> ftp3.ftptoyoursite.com /web/content/SITEBACKUP_962012/libraries/cms/schema changeitemsqlazure.php
2012.09.06 15:12 B C:\inetpub\wwwroot\libraries\cms\schema\changeitemsqlsrv.php --> ftp3.ftptoyoursite.com /web/content/SITEBACKUP_962012/libraries/cms/schema changeitemsqlsrv.php
2012.09.06 15:12 B C:\inetpub\wwwroot\libraries\cms\schema\changeset.php --> ftp3.ftptoyoursite.com /web/content/SITEBACKUP_962012/libraries/cms/schema changeset.php
2012.09.06 15:12 B C:\inetpub\wwwroot\libraries\cms\schema\index.html --> ftp3.ftptoyoursite.com /web/content/SITEBACKUP_962012/libraries/cms/schema index.html
2012.09.06 15:12 B C:\inetpub\wwwroot\libraries\cms\schema\WS_FTP.LOG --> ftp3.ftptoyoursite.com /web/content/SITEBACKUP_962012/libraries/cms/schema WS_FTP.LOG
2012.10.23 09:14 B C:\inetpub\wwwroot\libraries\cms\schema\changeitem.php --> ftp3.ftptoyoursite.com /web/content/libraries/cms/schema changeitem.php
2012.10.23 09:14 B C:\inetpub\wwwroot\libraries\cms\schema\changeitemmysql.php --> ftp3.ftptoyoursite.com /web/content/libraries/cms/schema changeitemmysql.php
2012.10.23 09:14 B C:\inetpub\wwwroot\libraries\cms\schema\changeitemsqlazure.php --> ftp3.ftptoyoursite.com /web/content/libraries/cms/schema changeitemsqlazure.php
2012.10.23 09:14 B C:\inetpub\wwwroot\libraries\cms\schema\changeitemsqlsrv.php --> ftp3.ftptoyoursite.com /web/content/libraries/cms/schema changeitemsqlsrv.php
2012.10.23 09:14 B C:\inetpub\wwwroot\libraries\cms\schema\changeset.php --> ftp3.ftptoyoursite.com /web/content/libraries/cms/schema changeset.php
2012.10.23 09:14 B C:\inetpub\wwwroot\libraries\cms\schema\index.html --> ftp3.ftptoyoursite.com /web/content/libraries/cms/schema index.html
2012.10.23 09:14 B C:\inetpub\wwwroot\libraries\cms\schema\WS_FTP.LOG --> ftp3.ftptoyoursite.com /web/content/libraries/cms/schema WS_FTP.LOG
2013.02.01 14:54 B C:\inetpub\wwwroot\libraries\cms\schema\WS_FTP.LOG <-- Schubert Rackspace /web/content/libraries/cms/schema WS_FTP.LOG
