2012.07.25 12:11 B C:\Users\COBRIEN\Desktop\Schubert\administrator\components\com_jce\helpers\browser.php <-- Schubert Rackspace /web/content/administrator/components/com_jce/helpers browser.php
2012.07.25 12:11 B C:\Users\COBRIEN\Desktop\Schubert\administrator\components\com_jce\helpers\editor.php <-- Schubert Rackspace /web/content/administrator/components/com_jce/helpers editor.php
2012.07.25 12:11 B C:\Users\COBRIEN\Desktop\Schubert\administrator\components\com_jce\helpers\extension.php <-- Schubert Rackspace /web/content/administrator/components/com_jce/helpers extension.php
2012.07.25 12:11 B C:\Users\COBRIEN\Desktop\Schubert\administrator\components\com_jce\helpers\index.html <-- Schubert Rackspace /web/content/administrator/components/com_jce/helpers index.html
2012.07.25 12:11 B C:\Users\COBRIEN\Desktop\Schubert\administrator\components\com_jce\helpers\parameter.php <-- Schubert Rackspace /web/content/administrator/components/com_jce/helpers parameter.php
2012.07.25 12:11 B C:\Users\COBRIEN\Desktop\Schubert\administrator\components\com_jce\helpers\system.php <-- Schubert Rackspace /web/content/administrator/components/com_jce/helpers system.php
2012.07.25 12:11 B C:\Users\COBRIEN\Desktop\Schubert\administrator\components\com_jce\helpers\toolbar.php <-- Schubert Rackspace /web/content/administrator/components/com_jce/helpers toolbar.php
2012.07.25 12:11 B C:\Users\COBRIEN\Desktop\Schubert\administrator\components\com_jce\helpers\tools.php <-- Schubert Rackspace /web/content/administrator/components/com_jce/helpers tools.php
2012.07.25 12:11 B C:\Users\COBRIEN\Desktop\Schubert\administrator\components\com_jce\helpers\xml.php <-- Schubert Rackspace /web/content/administrator/components/com_jce/helpers xml.php
2012.09.04 10:44 B C:\inetpub\wwwroot\administrator\components\com_jce\helpers\browser.php --> ftp3.ftptoyoursite.com /web/content/SITE-TEST/administrator/components/com_jce/helpers browser.php
2012.09.04 10:44 B C:\inetpub\wwwroot\administrator\components\com_jce\helpers\editor.php --> ftp3.ftptoyoursite.com /web/content/SITE-TEST/administrator/components/com_jce/helpers editor.php
2012.09.04 10:44 B C:\inetpub\wwwroot\administrator\components\com_jce\helpers\extension.php --> ftp3.ftptoyoursite.com /web/content/SITE-TEST/administrator/components/com_jce/helpers extension.php
2012.09.04 10:44 B C:\inetpub\wwwroot\administrator\components\com_jce\helpers\index.html --> ftp3.ftptoyoursite.com /web/content/SITE-TEST/administrator/components/com_jce/helpers index.html
2012.09.04 10:44 B C:\inetpub\wwwroot\administrator\components\com_jce\helpers\parameter.php --> ftp3.ftptoyoursite.com /web/content/SITE-TEST/administrator/components/com_jce/helpers parameter.php
2012.09.04 10:44 B C:\inetpub\wwwroot\administrator\components\com_jce\helpers\system.php --> ftp3.ftptoyoursite.com /web/content/SITE-TEST/administrator/components/com_jce/helpers system.php
2012.09.04 10:44 B C:\inetpub\wwwroot\administrator\components\com_jce\helpers\toolbar.php --> ftp3.ftptoyoursite.com /web/content/SITE-TEST/administrator/components/com_jce/helpers toolbar.php
2012.09.04 10:44 B C:\inetpub\wwwroot\administrator\components\com_jce\helpers\tools.php --> ftp3.ftptoyoursite.com /web/content/SITE-TEST/administrator/components/com_jce/helpers tools.php
2012.09.04 10:44 B C:\inetpub\wwwroot\administrator\components\com_jce\helpers\WS_FTP.LOG --> ftp3.ftptoyoursite.com /web/content/SITE-TEST/administrator/components/com_jce/helpers WS_FTP.LOG
2012.09.04 10:44 B C:\inetpub\wwwroot\administrator\components\com_jce\helpers\xml.php --> ftp3.ftptoyoursite.com /web/content/SITE-TEST/administrator/components/com_jce/helpers xml.php
2012.09.06 14:59 B C:\inetpub\wwwroot\administrator\components\com_jce\helpers\browser.php --> ftp3.ftptoyoursite.com /web/content/SITEBACKUP_962012/administrator/components/com_jce/helpers browser.php
2012.09.06 14:59 B C:\inetpub\wwwroot\administrator\components\com_jce\helpers\editor.php --> ftp3.ftptoyoursite.com /web/content/SITEBACKUP_962012/administrator/components/com_jce/helpers editor.php
2012.09.06 14:59 B C:\inetpub\wwwroot\administrator\components\com_jce\helpers\extension.php --> ftp3.ftptoyoursite.com /web/content/SITEBACKUP_962012/administrator/components/com_jce/helpers extension.php
2012.09.06 14:59 B C:\inetpub\wwwroot\administrator\components\com_jce\helpers\index.html --> ftp3.ftptoyoursite.com /web/content/SITEBACKUP_962012/administrator/components/com_jce/helpers index.html
2012.09.06 14:59 B C:\inetpub\wwwroot\administrator\components\com_jce\helpers\parameter.php --> ftp3.ftptoyoursite.com /web/content/SITEBACKUP_962012/administrator/components/com_jce/helpers parameter.php
2012.09.06 14:59 B C:\inetpub\wwwroot\administrator\components\com_jce\helpers\system.php --> ftp3.ftptoyoursite.com /web/content/SITEBACKUP_962012/administrator/components/com_jce/helpers system.php
2012.09.06 14:59 B C:\inetpub\wwwroot\administrator\components\com_jce\helpers\toolbar.php --> ftp3.ftptoyoursite.com /web/content/SITEBACKUP_962012/administrator/components/com_jce/helpers toolbar.php
2012.09.06 14:59 B C:\inetpub\wwwroot\administrator\components\com_jce\helpers\tools.php --> ftp3.ftptoyoursite.com /web/content/SITEBACKUP_962012/administrator/components/com_jce/helpers tools.php
2012.09.06 14:59 B C:\inetpub\wwwroot\administrator\components\com_jce\helpers\WS_FTP.LOG --> ftp3.ftptoyoursite.com /web/content/SITEBACKUP_962012/administrator/components/com_jce/helpers WS_FTP.LOG
2012.09.06 14:59 B C:\inetpub\wwwroot\administrator\components\com_jce\helpers\xml.php --> ftp3.ftptoyoursite.com /web/content/SITEBACKUP_962012/administrator/components/com_jce/helpers xml.php
2012.09.06 15:20 B C:\inetpub\wwwroot\administrator\components\com_jce\helpers\browser.php <-- Schubert Rackspace /web/content/administrator/components/com_jce/helpers browser.php
2012.09.06 15:20 B C:\inetpub\wwwroot\administrator\components\com_jce\helpers\editor.php <-- Schubert Rackspace /web/content/administrator/components/com_jce/helpers editor.php
2012.09.06 15:20 B C:\inetpub\wwwroot\administrator\components\com_jce\helpers\extension.php <-- Schubert Rackspace /web/content/administrator/components/com_jce/helpers extension.php
2012.09.06 15:20 B C:\inetpub\wwwroot\administrator\components\com_jce\helpers\index.html <-- Schubert Rackspace /web/content/administrator/components/com_jce/helpers index.html
2012.09.06 15:20 B C:\inetpub\wwwroot\administrator\components\com_jce\helpers\parameter.php <-- Schubert Rackspace /web/content/administrator/components/com_jce/helpers parameter.php
2012.09.06 15:20 B C:\inetpub\wwwroot\administrator\components\com_jce\helpers\system.php <-- Schubert Rackspace /web/content/administrator/components/com_jce/helpers system.php
2012.09.06 15:20 B C:\inetpub\wwwroot\administrator\components\com_jce\helpers\toolbar.php <-- Schubert Rackspace /web/content/administrator/components/com_jce/helpers toolbar.php
2012.09.06 15:20 B C:\inetpub\wwwroot\administrator\components\com_jce\helpers\tools.php <-- Schubert Rackspace /web/content/administrator/components/com_jce/helpers tools.php
2012.09.06 15:20 B C:\inetpub\wwwroot\administrator\components\com_jce\helpers\xml.php <-- Schubert Rackspace /web/content/administrator/components/com_jce/helpers xml.php
2012.09.06 15:44 B C:\inetpub\wwwroot\administrator\components\com_jce\helpers\browser.php <-- Schubert Rackspace /web/content/SITEBACKUP_962012/administrator/components/com_jce/helpers browser.php
2012.09.06 15:44 B C:\inetpub\wwwroot\administrator\components\com_jce\helpers\editor.php <-- Schubert Rackspace /web/content/SITEBACKUP_962012/administrator/components/com_jce/helpers editor.php
2012.09.06 15:44 B C:\inetpub\wwwroot\administrator\components\com_jce\helpers\extension.php <-- Schubert Rackspace /web/content/SITEBACKUP_962012/administrator/components/com_jce/helpers extension.php
2012.09.06 15:44 B C:\inetpub\wwwroot\administrator\components\com_jce\helpers\index.html <-- Schubert Rackspace /web/content/SITEBACKUP_962012/administrator/components/com_jce/helpers index.html
2012.09.06 15:44 B C:\inetpub\wwwroot\administrator\components\com_jce\helpers\parameter.php <-- Schubert Rackspace /web/content/SITEBACKUP_962012/administrator/components/com_jce/helpers parameter.php
2012.09.06 15:44 B C:\inetpub\wwwroot\administrator\components\com_jce\helpers\system.php <-- Schubert Rackspace /web/content/SITEBACKUP_962012/administrator/components/com_jce/helpers system.php
2012.09.06 15:44 B C:\inetpub\wwwroot\administrator\components\com_jce\helpers\toolbar.php <-- Schubert Rackspace /web/content/SITEBACKUP_962012/administrator/components/com_jce/helpers toolbar.php
2012.09.06 15:44 B C:\inetpub\wwwroot\administrator\components\com_jce\helpers\tools.php <-- Schubert Rackspace /web/content/SITEBACKUP_962012/administrator/components/com_jce/helpers tools.php
2012.09.06 15:44 B C:\inetpub\wwwroot\administrator\components\com_jce\helpers\xml.php <-- Schubert Rackspace /web/content/SITEBACKUP_962012/administrator/components/com_jce/helpers xml.php
2012.10.23 09:04 B C:\inetpub\wwwroot\administrator\components\com_jce\helpers\browser.php --> ftp3.ftptoyoursite.com /web/content/administrator/components/com_jce/helpers browser.php
2012.10.23 09:04 B C:\inetpub\wwwroot\administrator\components\com_jce\helpers\editor.php --> ftp3.ftptoyoursite.com /web/content/administrator/components/com_jce/helpers editor.php
2012.10.23 09:04 B C:\inetpub\wwwroot\administrator\components\com_jce\helpers\extension.php --> ftp3.ftptoyoursite.com /web/content/administrator/components/com_jce/helpers extension.php
2012.10.23 09:04 B C:\inetpub\wwwroot\administrator\components\com_jce\helpers\index.html --> ftp3.ftptoyoursite.com /web/content/administrator/components/com_jce/helpers index.html
2012.10.23 09:04 B C:\inetpub\wwwroot\administrator\components\com_jce\helpers\parameter.php --> ftp3.ftptoyoursite.com /web/content/administrator/components/com_jce/helpers parameter.php
2012.10.23 09:04 B C:\inetpub\wwwroot\administrator\components\com_jce\helpers\system.php --> ftp3.ftptoyoursite.com /web/content/administrator/components/com_jce/helpers system.php
2012.10.23 09:04 B C:\inetpub\wwwroot\administrator\components\com_jce\helpers\toolbar.php --> ftp3.ftptoyoursite.com /web/content/administrator/components/com_jce/helpers toolbar.php
2012.10.23 09:04 B C:\inetpub\wwwroot\administrator\components\com_jce\helpers\tools.php --> ftp3.ftptoyoursite.com /web/content/administrator/components/com_jce/helpers tools.php
2012.10.23 09:04 B C:\inetpub\wwwroot\administrator\components\com_jce\helpers\WS_FTP.LOG --> ftp3.ftptoyoursite.com /web/content/administrator/components/com_jce/helpers WS_FTP.LOG
2012.10.23 09:04 B C:\inetpub\wwwroot\administrator\components\com_jce\helpers\xml.php --> ftp3.ftptoyoursite.com /web/content/administrator/components/com_jce/helpers xml.php
2013.02.01 14:40 B C:\inetpub\wwwroot\administrator\components\com_jce\helpers\WS_FTP.LOG <-- Schubert Rackspace /web/content/administrator/components/com_jce/helpers WS_FTP.LOG
2013.02.01 14:40 B C:\inetpub\wwwroot\administrator\components\com_jce\helpers\xml.php <-- Schubert Rackspace /web/content/administrator/components/com_jce/helpers xml.php
