2012.07.25 12:18 B C:\Users\COBRIEN\Desktop\Schubert\libraries\joomla\html\parameter\element\calendar.php <-- Schubert Rackspace /web/content/libraries/joomla/html/parameter/element calendar.php
2012.07.25 12:18 B C:\Users\COBRIEN\Desktop\Schubert\libraries\joomla\html\parameter\element\category.php <-- Schubert Rackspace /web/content/libraries/joomla/html/parameter/element category.php
2012.07.25 12:18 B C:\Users\COBRIEN\Desktop\Schubert\libraries\joomla\html\parameter\element\componentlayouts.php <-- Schubert Rackspace /web/content/libraries/joomla/html/parameter/element componentlayouts.php
2012.07.25 12:18 B C:\Users\COBRIEN\Desktop\Schubert\libraries\joomla\html\parameter\element\contentlanguages.php <-- Schubert Rackspace /web/content/libraries/joomla/html/parameter/element contentlanguages.php
2012.07.25 12:18 B C:\Users\COBRIEN\Desktop\Schubert\libraries\joomla\html\parameter\element\editors.php <-- Schubert Rackspace /web/content/libraries/joomla/html/parameter/element editors.php
2012.07.25 12:18 B C:\Users\COBRIEN\Desktop\Schubert\libraries\joomla\html\parameter\element\filelist.php <-- Schubert Rackspace /web/content/libraries/joomla/html/parameter/element filelist.php
2012.07.25 12:18 B C:\Users\COBRIEN\Desktop\Schubert\libraries\joomla\html\parameter\element\folderlist.php <-- Schubert Rackspace /web/content/libraries/joomla/html/parameter/element folderlist.php
2012.07.25 12:18 B C:\Users\COBRIEN\Desktop\Schubert\libraries\joomla\html\parameter\element\helpsites.php <-- Schubert Rackspace /web/content/libraries/joomla/html/parameter/element helpsites.php
2012.07.25 12:18 B C:\Users\COBRIEN\Desktop\Schubert\libraries\joomla\html\parameter\element\hidden.php <-- Schubert Rackspace /web/content/libraries/joomla/html/parameter/element hidden.php
2012.07.25 12:18 B C:\Users\COBRIEN\Desktop\Schubert\libraries\joomla\html\parameter\element\imagelist.php <-- Schubert Rackspace /web/content/libraries/joomla/html/parameter/element imagelist.php
2012.07.25 12:18 B C:\Users\COBRIEN\Desktop\Schubert\libraries\joomla\html\parameter\element\index.html <-- Schubert Rackspace /web/content/libraries/joomla/html/parameter/element index.html
2012.07.25 12:18 B C:\Users\COBRIEN\Desktop\Schubert\libraries\joomla\html\parameter\element\languages.php <-- Schubert Rackspace /web/content/libraries/joomla/html/parameter/element languages.php
2012.07.25 12:18 B C:\Users\COBRIEN\Desktop\Schubert\libraries\joomla\html\parameter\element\list.php <-- Schubert Rackspace /web/content/libraries/joomla/html/parameter/element list.php
2012.07.25 12:18 B C:\Users\COBRIEN\Desktop\Schubert\libraries\joomla\html\parameter\element\menu.php <-- Schubert Rackspace /web/content/libraries/joomla/html/parameter/element menu.php
2012.07.25 12:18 B C:\Users\COBRIEN\Desktop\Schubert\libraries\joomla\html\parameter\element\menuitem.php <-- Schubert Rackspace /web/content/libraries/joomla/html/parameter/element menuitem.php
2012.07.25 12:18 B C:\Users\COBRIEN\Desktop\Schubert\libraries\joomla\html\parameter\element\modulelayouts.php <-- Schubert Rackspace /web/content/libraries/joomla/html/parameter/element modulelayouts.php
2012.07.25 12:18 B C:\Users\COBRIEN\Desktop\Schubert\libraries\joomla\html\parameter\element\password.php <-- Schubert Rackspace /web/content/libraries/joomla/html/parameter/element password.php
2012.07.25 12:18 B C:\Users\COBRIEN\Desktop\Schubert\libraries\joomla\html\parameter\element\radio.php <-- Schubert Rackspace /web/content/libraries/joomla/html/parameter/element radio.php
2012.07.25 12:18 B C:\Users\COBRIEN\Desktop\Schubert\libraries\joomla\html\parameter\element\spacer.php <-- Schubert Rackspace /web/content/libraries/joomla/html/parameter/element spacer.php
2012.07.25 12:18 B C:\Users\COBRIEN\Desktop\Schubert\libraries\joomla\html\parameter\element\sql.php <-- Schubert Rackspace /web/content/libraries/joomla/html/parameter/element sql.php
2012.07.25 12:18 B C:\Users\COBRIEN\Desktop\Schubert\libraries\joomla\html\parameter\element\templatestyle.php <-- Schubert Rackspace /web/content/libraries/joomla/html/parameter/element templatestyle.php
2012.07.25 12:18 B C:\Users\COBRIEN\Desktop\Schubert\libraries\joomla\html\parameter\element\text.php <-- Schubert Rackspace /web/content/libraries/joomla/html/parameter/element text.php
2012.07.25 12:18 B C:\Users\COBRIEN\Desktop\Schubert\libraries\joomla\html\parameter\element\textarea.php <-- Schubert Rackspace /web/content/libraries/joomla/html/parameter/element textarea.php
2012.07.25 12:18 B C:\Users\COBRIEN\Desktop\Schubert\libraries\joomla\html\parameter\element\timezones.php <-- Schubert Rackspace /web/content/libraries/joomla/html/parameter/element timezones.php
2012.07.25 12:18 B C:\Users\COBRIEN\Desktop\Schubert\libraries\joomla\html\parameter\element\usergroup.php <-- Schubert Rackspace /web/content/libraries/joomla/html/parameter/element usergroup.php
2012.09.04 10:54 B C:\inetpub\wwwroot\libraries\joomla\html\parameter\element\calendar.php --> ftp3.ftptoyoursite.com /web/content/SITE-TEST/libraries/joomla/html/parameter/element calendar.php
2012.09.04 10:54 B C:\inetpub\wwwroot\libraries\joomla\html\parameter\element\category.php --> ftp3.ftptoyoursite.com /web/content/SITE-TEST/libraries/joomla/html/parameter/element category.php
2012.09.04 10:54 B C:\inetpub\wwwroot\libraries\joomla\html\parameter\element\componentlayouts.php --> ftp3.ftptoyoursite.com /web/content/SITE-TEST/libraries/joomla/html/parameter/element componentlayouts.php
2012.09.04 10:54 B C:\inetpub\wwwroot\libraries\joomla\html\parameter\element\contentlanguages.php --> ftp3.ftptoyoursite.com /web/content/SITE-TEST/libraries/joomla/html/parameter/element contentlanguages.php
2012.09.04 10:54 B C:\inetpub\wwwroot\libraries\joomla\html\parameter\element\editors.php --> ftp3.ftptoyoursite.com /web/content/SITE-TEST/libraries/joomla/html/parameter/element editors.php
2012.09.04 10:54 B C:\inetpub\wwwroot\libraries\joomla\html\parameter\element\filelist.php --> ftp3.ftptoyoursite.com /web/content/SITE-TEST/libraries/joomla/html/parameter/element filelist.php
2012.09.04 10:54 B C:\inetpub\wwwroot\libraries\joomla\html\parameter\element\folderlist.php --> ftp3.ftptoyoursite.com /web/content/SITE-TEST/libraries/joomla/html/parameter/element folderlist.php
2012.09.04 10:54 B C:\inetpub\wwwroot\libraries\joomla\html\parameter\element\helpsites.php --> ftp3.ftptoyoursite.com /web/content/SITE-TEST/libraries/joomla/html/parameter/element helpsites.php
2012.09.04 10:54 B C:\inetpub\wwwroot\libraries\joomla\html\parameter\element\hidden.php --> ftp3.ftptoyoursite.com /web/content/SITE-TEST/libraries/joomla/html/parameter/element hidden.php
2012.09.04 10:54 B C:\inetpub\wwwroot\libraries\joomla\html\parameter\element\imagelist.php --> ftp3.ftptoyoursite.com /web/content/SITE-TEST/libraries/joomla/html/parameter/element imagelist.php
2012.09.04 10:54 B C:\inetpub\wwwroot\libraries\joomla\html\parameter\element\index.html --> ftp3.ftptoyoursite.com /web/content/SITE-TEST/libraries/joomla/html/parameter/element index.html
2012.09.04 10:54 B C:\inetpub\wwwroot\libraries\joomla\html\parameter\element\languages.php --> ftp3.ftptoyoursite.com /web/content/SITE-TEST/libraries/joomla/html/parameter/element languages.php
2012.09.04 10:54 B C:\inetpub\wwwroot\libraries\joomla\html\parameter\element\list.php --> ftp3.ftptoyoursite.com /web/content/SITE-TEST/libraries/joomla/html/parameter/element list.php
2012.09.04 10:54 B C:\inetpub\wwwroot\libraries\joomla\html\parameter\element\menu.php --> ftp3.ftptoyoursite.com /web/content/SITE-TEST/libraries/joomla/html/parameter/element menu.php
2012.09.04 10:54 B C:\inetpub\wwwroot\libraries\joomla\html\parameter\element\menuitem.php --> ftp3.ftptoyoursite.com /web/content/SITE-TEST/libraries/joomla/html/parameter/element menuitem.php
2012.09.04 10:54 B C:\inetpub\wwwroot\libraries\joomla\html\parameter\element\modulelayouts.php --> ftp3.ftptoyoursite.com /web/content/SITE-TEST/libraries/joomla/html/parameter/element modulelayouts.php
2012.09.04 10:54 B C:\inetpub\wwwroot\libraries\joomla\html\parameter\element\password.php --> ftp3.ftptoyoursite.com /web/content/SITE-TEST/libraries/joomla/html/parameter/element password.php
2012.09.04 10:54 B C:\inetpub\wwwroot\libraries\joomla\html\parameter\element\radio.php --> ftp3.ftptoyoursite.com /web/content/SITE-TEST/libraries/joomla/html/parameter/element radio.php
2012.09.04 10:54 B C:\inetpub\wwwroot\libraries\joomla\html\parameter\element\spacer.php --> ftp3.ftptoyoursite.com /web/content/SITE-TEST/libraries/joomla/html/parameter/element spacer.php
2012.09.04 10:54 B C:\inetpub\wwwroot\libraries\joomla\html\parameter\element\sql.php --> ftp3.ftptoyoursite.com /web/content/SITE-TEST/libraries/joomla/html/parameter/element sql.php
2012.09.04 10:54 B C:\inetpub\wwwroot\libraries\joomla\html\parameter\element\templatestyle.php --> ftp3.ftptoyoursite.com /web/content/SITE-TEST/libraries/joomla/html/parameter/element templatestyle.php
2012.09.04 10:54 B C:\inetpub\wwwroot\libraries\joomla\html\parameter\element\text.php --> ftp3.ftptoyoursite.com /web/content/SITE-TEST/libraries/joomla/html/parameter/element text.php
2012.09.04 10:54 B C:\inetpub\wwwroot\libraries\joomla\html\parameter\element\textarea.php --> ftp3.ftptoyoursite.com /web/content/SITE-TEST/libraries/joomla/html/parameter/element textarea.php
2012.09.04 10:54 B C:\inetpub\wwwroot\libraries\joomla\html\parameter\element\timezones.php --> ftp3.ftptoyoursite.com /web/content/SITE-TEST/libraries/joomla/html/parameter/element timezones.php
2012.09.04 10:54 B C:\inetpub\wwwroot\libraries\joomla\html\parameter\element\usergroup.php --> ftp3.ftptoyoursite.com /web/content/SITE-TEST/libraries/joomla/html/parameter/element usergroup.php
2012.09.04 10:54 B C:\inetpub\wwwroot\libraries\joomla\html\parameter\element\WS_FTP.LOG --> ftp3.ftptoyoursite.com /web/content/SITE-TEST/libraries/joomla/html/parameter/element WS_FTP.LOG
2012.09.06 15:12 B C:\inetpub\wwwroot\libraries\joomla\html\parameter\element\calendar.php --> ftp3.ftptoyoursite.com /web/content/SITEBACKUP_962012/libraries/joomla/html/parameter/element calendar.php
2012.09.06 15:12 B C:\inetpub\wwwroot\libraries\joomla\html\parameter\element\category.php --> ftp3.ftptoyoursite.com /web/content/SITEBACKUP_962012/libraries/joomla/html/parameter/element category.php
2012.09.06 15:12 B C:\inetpub\wwwroot\libraries\joomla\html\parameter\element\componentlayouts.php --> ftp3.ftptoyoursite.com /web/content/SITEBACKUP_962012/libraries/joomla/html/parameter/element componentlayouts.php
2012.09.06 15:12 B C:\inetpub\wwwroot\libraries\joomla\html\parameter\element\contentlanguages.php --> ftp3.ftptoyoursite.com /web/content/SITEBACKUP_962012/libraries/joomla/html/parameter/element contentlanguages.php
2012.09.06 15:12 B C:\inetpub\wwwroot\libraries\joomla\html\parameter\element\editors.php --> ftp3.ftptoyoursite.com /web/content/SITEBACKUP_962012/libraries/joomla/html/parameter/element editors.php
2012.09.06 15:12 B C:\inetpub\wwwroot\libraries\joomla\html\parameter\element\filelist.php --> ftp3.ftptoyoursite.com /web/content/SITEBACKUP_962012/libraries/joomla/html/parameter/element filelist.php
2012.09.06 15:12 B C:\inetpub\wwwroot\libraries\joomla\html\parameter\element\folderlist.php --> ftp3.ftptoyoursite.com /web/content/SITEBACKUP_962012/libraries/joomla/html/parameter/element folderlist.php
2012.09.06 15:12 B C:\inetpub\wwwroot\libraries\joomla\html\parameter\element\helpsites.php --> ftp3.ftptoyoursite.com /web/content/SITEBACKUP_962012/libraries/joomla/html/parameter/element helpsites.php
2012.09.06 15:12 B C:\inetpub\wwwroot\libraries\joomla\html\parameter\element\hidden.php --> ftp3.ftptoyoursite.com /web/content/SITEBACKUP_962012/libraries/joomla/html/parameter/element hidden.php
2012.09.06 15:12 B C:\inetpub\wwwroot\libraries\joomla\html\parameter\element\imagelist.php --> ftp3.ftptoyoursite.com /web/content/SITEBACKUP_962012/libraries/joomla/html/parameter/element imagelist.php
2012.09.06 15:12 B C:\inetpub\wwwroot\libraries\joomla\html\parameter\element\index.html --> ftp3.ftptoyoursite.com /web/content/SITEBACKUP_962012/libraries/joomla/html/parameter/element index.html
2012.09.06 15:12 B C:\inetpub\wwwroot\libraries\joomla\html\parameter\element\languages.php --> ftp3.ftptoyoursite.com /web/content/SITEBACKUP_962012/libraries/joomla/html/parameter/element languages.php
2012.09.06 15:12 B C:\inetpub\wwwroot\libraries\joomla\html\parameter\element\list.php --> ftp3.ftptoyoursite.com /web/content/SITEBACKUP_962012/libraries/joomla/html/parameter/element list.php
2012.09.06 15:12 B C:\inetpub\wwwroot\libraries\joomla\html\parameter\element\menu.php --> ftp3.ftptoyoursite.com /web/content/SITEBACKUP_962012/libraries/joomla/html/parameter/element menu.php
2012.09.06 15:12 B C:\inetpub\wwwroot\libraries\joomla\html\parameter\element\menuitem.php --> ftp3.ftptoyoursite.com /web/content/SITEBACKUP_962012/libraries/joomla/html/parameter/element menuitem.php
2012.09.06 15:12 B C:\inetpub\wwwroot\libraries\joomla\html\parameter\element\modulelayouts.php --> ftp3.ftptoyoursite.com /web/content/SITEBACKUP_962012/libraries/joomla/html/parameter/element modulelayouts.php
2012.09.06 15:12 B C:\inetpub\wwwroot\libraries\joomla\html\parameter\element\password.php --> ftp3.ftptoyoursite.com /web/content/SITEBACKUP_962012/libraries/joomla/html/parameter/element password.php
2012.09.06 15:12 B C:\inetpub\wwwroot\libraries\joomla\html\parameter\element\radio.php --> ftp3.ftptoyoursite.com /web/content/SITEBACKUP_962012/libraries/joomla/html/parameter/element radio.php
2012.09.06 15:12 B C:\inetpub\wwwroot\libraries\joomla\html\parameter\element\spacer.php --> ftp3.ftptoyoursite.com /web/content/SITEBACKUP_962012/libraries/joomla/html/parameter/element spacer.php
2012.09.06 15:12 B C:\inetpub\wwwroot\libraries\joomla\html\parameter\element\sql.php --> ftp3.ftptoyoursite.com /web/content/SITEBACKUP_962012/libraries/joomla/html/parameter/element sql.php
2012.09.06 15:12 B C:\inetpub\wwwroot\libraries\joomla\html\parameter\element\templatestyle.php --> ftp3.ftptoyoursite.com /web/content/SITEBACKUP_962012/libraries/joomla/html/parameter/element templatestyle.php
2012.09.06 15:12 B C:\inetpub\wwwroot\libraries\joomla\html\parameter\element\text.php --> ftp3.ftptoyoursite.com /web/content/SITEBACKUP_962012/libraries/joomla/html/parameter/element text.php
2012.09.06 15:12 B C:\inetpub\wwwroot\libraries\joomla\html\parameter\element\textarea.php --> ftp3.ftptoyoursite.com /web/content/SITEBACKUP_962012/libraries/joomla/html/parameter/element textarea.php
2012.09.06 15:12 B C:\inetpub\wwwroot\libraries\joomla\html\parameter\element\timezones.php --> ftp3.ftptoyoursite.com /web/content/SITEBACKUP_962012/libraries/joomla/html/parameter/element timezones.php
2012.09.06 15:12 B C:\inetpub\wwwroot\libraries\joomla\html\parameter\element\usergroup.php --> ftp3.ftptoyoursite.com /web/content/SITEBACKUP_962012/libraries/joomla/html/parameter/element usergroup.php
2012.09.06 15:12 B C:\inetpub\wwwroot\libraries\joomla\html\parameter\element\WS_FTP.LOG --> ftp3.ftptoyoursite.com /web/content/SITEBACKUP_962012/libraries/joomla/html/parameter/element WS_FTP.LOG
2012.10.23 09:15 B C:\inetpub\wwwroot\libraries\joomla\html\parameter\element\calendar.php --> ftp3.ftptoyoursite.com /web/content/libraries/joomla/html/parameter/element calendar.php
2012.10.23 09:15 B C:\inetpub\wwwroot\libraries\joomla\html\parameter\element\category.php --> ftp3.ftptoyoursite.com /web/content/libraries/joomla/html/parameter/element category.php
2012.10.23 09:15 B C:\inetpub\wwwroot\libraries\joomla\html\parameter\element\componentlayouts.php --> ftp3.ftptoyoursite.com /web/content/libraries/joomla/html/parameter/element componentlayouts.php
2012.10.23 09:15 B C:\inetpub\wwwroot\libraries\joomla\html\parameter\element\contentlanguages.php --> ftp3.ftptoyoursite.com /web/content/libraries/joomla/html/parameter/element contentlanguages.php
2012.10.23 09:15 B C:\inetpub\wwwroot\libraries\joomla\html\parameter\element\editors.php --> ftp3.ftptoyoursite.com /web/content/libraries/joomla/html/parameter/element editors.php
2012.10.23 09:15 B C:\inetpub\wwwroot\libraries\joomla\html\parameter\element\filelist.php --> ftp3.ftptoyoursite.com /web/content/libraries/joomla/html/parameter/element filelist.php
2012.10.23 09:15 B C:\inetpub\wwwroot\libraries\joomla\html\parameter\element\folderlist.php --> ftp3.ftptoyoursite.com /web/content/libraries/joomla/html/parameter/element folderlist.php
2012.10.23 09:15 B C:\inetpub\wwwroot\libraries\joomla\html\parameter\element\helpsites.php --> ftp3.ftptoyoursite.com /web/content/libraries/joomla/html/parameter/element helpsites.php
2012.10.23 09:15 B C:\inetpub\wwwroot\libraries\joomla\html\parameter\element\hidden.php --> ftp3.ftptoyoursite.com /web/content/libraries/joomla/html/parameter/element hidden.php
2012.10.23 09:15 B C:\inetpub\wwwroot\libraries\joomla\html\parameter\element\imagelist.php --> ftp3.ftptoyoursite.com /web/content/libraries/joomla/html/parameter/element imagelist.php
2012.10.23 09:15 B C:\inetpub\wwwroot\libraries\joomla\html\parameter\element\index.html --> ftp3.ftptoyoursite.com /web/content/libraries/joomla/html/parameter/element index.html
2012.10.23 09:15 B C:\inetpub\wwwroot\libraries\joomla\html\parameter\element\languages.php --> ftp3.ftptoyoursite.com /web/content/libraries/joomla/html/parameter/element languages.php
2012.10.23 09:15 B C:\inetpub\wwwroot\libraries\joomla\html\parameter\element\list.php --> ftp3.ftptoyoursite.com /web/content/libraries/joomla/html/parameter/element list.php
2012.10.23 09:15 B C:\inetpub\wwwroot\libraries\joomla\html\parameter\element\menu.php --> ftp3.ftptoyoursite.com /web/content/libraries/joomla/html/parameter/element menu.php
2012.10.23 09:15 B C:\inetpub\wwwroot\libraries\joomla\html\parameter\element\menuitem.php --> ftp3.ftptoyoursite.com /web/content/libraries/joomla/html/parameter/element menuitem.php
2012.10.23 09:15 B C:\inetpub\wwwroot\libraries\joomla\html\parameter\element\modulelayouts.php --> ftp3.ftptoyoursite.com /web/content/libraries/joomla/html/parameter/element modulelayouts.php
2012.10.23 09:15 B C:\inetpub\wwwroot\libraries\joomla\html\parameter\element\password.php --> ftp3.ftptoyoursite.com /web/content/libraries/joomla/html/parameter/element password.php
2012.10.23 09:15 B C:\inetpub\wwwroot\libraries\joomla\html\parameter\element\radio.php --> ftp3.ftptoyoursite.com /web/content/libraries/joomla/html/parameter/element radio.php
2012.10.23 09:15 B C:\inetpub\wwwroot\libraries\joomla\html\parameter\element\spacer.php --> ftp3.ftptoyoursite.com /web/content/libraries/joomla/html/parameter/element spacer.php
2012.10.23 09:15 B C:\inetpub\wwwroot\libraries\joomla\html\parameter\element\sql.php --> ftp3.ftptoyoursite.com /web/content/libraries/joomla/html/parameter/element sql.php
2012.10.23 09:15 B C:\inetpub\wwwroot\libraries\joomla\html\parameter\element\templatestyle.php --> ftp3.ftptoyoursite.com /web/content/libraries/joomla/html/parameter/element templatestyle.php
2012.10.23 09:15 B C:\inetpub\wwwroot\libraries\joomla\html\parameter\element\text.php --> ftp3.ftptoyoursite.com /web/content/libraries/joomla/html/parameter/element text.php
2012.10.23 09:15 B C:\inetpub\wwwroot\libraries\joomla\html\parameter\element\textarea.php --> ftp3.ftptoyoursite.com /web/content/libraries/joomla/html/parameter/element textarea.php
2012.10.23 09:15 B C:\inetpub\wwwroot\libraries\joomla\html\parameter\element\timezones.php --> ftp3.ftptoyoursite.com /web/content/libraries/joomla/html/parameter/element timezones.php
2012.10.23 09:15 B C:\inetpub\wwwroot\libraries\joomla\html\parameter\element\usergroup.php --> ftp3.ftptoyoursite.com /web/content/libraries/joomla/html/parameter/element usergroup.php
2012.10.23 09:15 B C:\inetpub\wwwroot\libraries\joomla\html\parameter\element\WS_FTP.LOG --> ftp3.ftptoyoursite.com /web/content/libraries/joomla/html/parameter/element WS_FTP.LOG
2013.02.01 14:54 B C:\inetpub\wwwroot\libraries\joomla\html\parameter\element\WS_FTP.LOG <-- Schubert Rackspace /web/content/libraries/joomla/html/parameter/element WS_FTP.LOG
