2012.07.25 12:16 B C:\Users\COBRIEN\Desktop\Schubert\components\com_weblinks\helpers\category.php <-- Schubert Rackspace /web/content/components/com_weblinks/helpers category.php
2012.07.25 12:16 B C:\Users\COBRIEN\Desktop\Schubert\components\com_weblinks\helpers\icon.php <-- Schubert Rackspace /web/content/components/com_weblinks/helpers icon.php
2012.07.25 12:16 B C:\Users\COBRIEN\Desktop\Schubert\components\com_weblinks\helpers\index.html <-- Schubert Rackspace /web/content/components/com_weblinks/helpers index.html
2012.07.25 12:16 B C:\Users\COBRIEN\Desktop\Schubert\components\com_weblinks\helpers\route.php <-- Schubert Rackspace /web/content/components/com_weblinks/helpers route.php
2012.09.04 10:52 B C:\inetpub\wwwroot\components\com_weblinks\helpers\category.php --> ftp3.ftptoyoursite.com /web/content/SITE-TEST/components/com_weblinks/helpers category.php
2012.09.04 10:52 B C:\inetpub\wwwroot\components\com_weblinks\helpers\icon.php --> ftp3.ftptoyoursite.com /web/content/SITE-TEST/components/com_weblinks/helpers icon.php
2012.09.04 10:52 B C:\inetpub\wwwroot\components\com_weblinks\helpers\index.html --> ftp3.ftptoyoursite.com /web/content/SITE-TEST/components/com_weblinks/helpers index.html
2012.09.04 10:52 B C:\inetpub\wwwroot\components\com_weblinks\helpers\route.php --> ftp3.ftptoyoursite.com /web/content/SITE-TEST/components/com_weblinks/helpers route.php
2012.09.04 10:52 B C:\inetpub\wwwroot\components\com_weblinks\helpers\WS_FTP.LOG --> ftp3.ftptoyoursite.com /web/content/SITE-TEST/components/com_weblinks/helpers WS_FTP.LOG
2012.09.06 15:09 B C:\inetpub\wwwroot\components\com_weblinks\helpers\category.php --> ftp3.ftptoyoursite.com /web/content/SITEBACKUP_962012/components/com_weblinks/helpers category.php
2012.09.06 15:09 B C:\inetpub\wwwroot\components\com_weblinks\helpers\icon.php --> ftp3.ftptoyoursite.com /web/content/SITEBACKUP_962012/components/com_weblinks/helpers icon.php
2012.09.06 15:09 B C:\inetpub\wwwroot\components\com_weblinks\helpers\index.html --> ftp3.ftptoyoursite.com /web/content/SITEBACKUP_962012/components/com_weblinks/helpers index.html
2012.09.06 15:09 B C:\inetpub\wwwroot\components\com_weblinks\helpers\route.php --> ftp3.ftptoyoursite.com /web/content/SITEBACKUP_962012/components/com_weblinks/helpers route.php
2012.09.06 15:09 B C:\inetpub\wwwroot\components\com_weblinks\helpers\WS_FTP.LOG --> ftp3.ftptoyoursite.com /web/content/SITEBACKUP_962012/components/com_weblinks/helpers WS_FTP.LOG
2012.09.06 15:49 B C:\inetpub\wwwroot\components\com_weblinks\helpers\category.php <-- Schubert Rackspace /web/content/SITEBACKUP_962012/components/com_weblinks/helpers category.php
2012.09.06 15:49 B C:\inetpub\wwwroot\components\com_weblinks\helpers\icon.php <-- Schubert Rackspace /web/content/SITEBACKUP_962012/components/com_weblinks/helpers icon.php
2012.09.06 15:49 B C:\inetpub\wwwroot\components\com_weblinks\helpers\index.html <-- Schubert Rackspace /web/content/SITEBACKUP_962012/components/com_weblinks/helpers index.html
2012.09.06 15:49 B C:\inetpub\wwwroot\components\com_weblinks\helpers\route.php <-- Schubert Rackspace /web/content/SITEBACKUP_962012/components/com_weblinks/helpers route.php
2012.10.23 09:13 B C:\inetpub\wwwroot\components\com_weblinks\helpers\category.php --> ftp3.ftptoyoursite.com /web/content/components/com_weblinks/helpers category.php
2012.10.23 09:13 B C:\inetpub\wwwroot\components\com_weblinks\helpers\icon.php --> ftp3.ftptoyoursite.com /web/content/components/com_weblinks/helpers icon.php
2012.10.23 09:13 B C:\inetpub\wwwroot\components\com_weblinks\helpers\index.html --> ftp3.ftptoyoursite.com /web/content/components/com_weblinks/helpers index.html
2012.10.23 09:13 B C:\inetpub\wwwroot\components\com_weblinks\helpers\route.php --> ftp3.ftptoyoursite.com /web/content/components/com_weblinks/helpers route.php
2012.10.23 09:13 B C:\inetpub\wwwroot\components\com_weblinks\helpers\WS_FTP.LOG --> ftp3.ftptoyoursite.com /web/content/components/com_weblinks/helpers WS_FTP.LOG
2013.02.01 14:50 B C:\inetpub\wwwroot\components\com_weblinks\helpers\WS_FTP.LOG <-- Schubert Rackspace /web/content/components/com_weblinks/helpers WS_FTP.LOG
