2012.07.25 12:20 B C:\Users\COBRIEN\Desktop\Schubert\templates\templatename\apple-touch-icon-114x114.png <-- Schubert Rackspace /web/content/templates/templatename apple-touch-icon-114x114.png
2012.07.25 12:20 B C:\Users\COBRIEN\Desktop\Schubert\templates\templatename\apple-touch-icon-57x57.png <-- Schubert Rackspace /web/content/templates/templatename apple-touch-icon-57x57.png
2012.07.25 12:20 B C:\Users\COBRIEN\Desktop\Schubert\templates\templatename\apple-touch-icon-72x72.png <-- Schubert Rackspace /web/content/templates/templatename apple-touch-icon-72x72.png
2012.07.25 12:20 B C:\Users\COBRIEN\Desktop\Schubert\templates\templatename\component.php <-- Schubert Rackspace /web/content/templates/templatename component.php
2012.07.25 12:20 B C:\Users\COBRIEN\Desktop\Schubert\templates\templatename\error.php <-- Schubert Rackspace /web/content/templates/templatename error.php
2012.07.25 12:20 B C:\Users\COBRIEN\Desktop\Schubert\templates\templatename\favicon.ico <-- Schubert Rackspace /web/content/templates/templatename favicon.ico
2012.07.25 12:20 B C:\Users\COBRIEN\Desktop\Schubert\templates\templatename\index.php <-- Schubert Rackspace /web/content/templates/templatename index.php
2012.07.25 12:20 B C:\Users\COBRIEN\Desktop\Schubert\templates\templatename\offline.php <-- Schubert Rackspace /web/content/templates/templatename offline.php
2012.07.25 12:20 B C:\Users\COBRIEN\Desktop\Schubert\templates\templatename\template_preview.png <-- Schubert Rackspace /web/content/templates/templatename template_preview.png
2012.07.25 12:20 B C:\Users\COBRIEN\Desktop\Schubert\templates\templatename\template_thumbnail.png <-- Schubert Rackspace /web/content/templates/templatename template_thumbnail.png
2012.07.25 12:20 B C:\Users\COBRIEN\Desktop\Schubert\templates\templatename\templateDetails.xml <-- Schubert Rackspace /web/content/templates/templatename templateDetails.xml
2012.07.31 14:16 B C:\inetpub\wwwroot\templates\templatename\index.php <-- Schubert Rackspace /web/content/templates/templatename index.php
2012.07.31 14:16 B C:\inetpub\wwwroot\templates\templatename\index.php --> ftp3.ftptoyoursite.com /web/content/templates/templatename index.php
2012.07.31 14:18 B C:\inetpub\wwwroot\templates\templatename\index.php <-- Schubert Rackspace /web/content/templates/templatename index.php
2012.08.10 16:53 B C:\inetpub\wwwroot\templates\templatename\apple-touch-icon-114x114.png --> ftp3.ftptoyoursite.com /web/content/templates/templates/templatename apple-touch-icon-114x114.png
2012.08.10 16:53 B C:\inetpub\wwwroot\templates\templatename\apple-touch-icon-57x57.png --> ftp3.ftptoyoursite.com /web/content/templates/templates/templatename apple-touch-icon-57x57.png
2012.08.10 16:53 B C:\inetpub\wwwroot\templates\templatename\apple-touch-icon-72x72.png --> ftp3.ftptoyoursite.com /web/content/templates/templates/templatename apple-touch-icon-72x72.png
2012.08.10 16:53 B C:\inetpub\wwwroot\templates\templatename\component.php --> ftp3.ftptoyoursite.com /web/content/templates/templates/templatename component.php
2012.08.10 16:53 B C:\inetpub\wwwroot\templates\templatename\error.php --> ftp3.ftptoyoursite.com /web/content/templates/templates/templatename error.php
2012.08.10 16:53 B C:\inetpub\wwwroot\templates\templatename\favicon.ico --> ftp3.ftptoyoursite.com /web/content/templates/templates/templatename favicon.ico
2012.08.10 16:53 B C:\inetpub\wwwroot\templates\templatename\index.php --> ftp3.ftptoyoursite.com /web/content/templates/templates/templatename index.php
2012.08.10 16:53 B C:\inetpub\wwwroot\templates\templatename\offline.php --> ftp3.ftptoyoursite.com /web/content/templates/templates/templatename offline.php
2012.08.10 16:53 B C:\inetpub\wwwroot\templates\templatename\template_preview.png --> ftp3.ftptoyoursite.com /web/content/templates/templates/templatename template_preview.png
2012.08.10 16:53 B C:\inetpub\wwwroot\templates\templatename\template_thumbnail.png --> ftp3.ftptoyoursite.com /web/content/templates/templates/templatename template_thumbnail.png
2012.08.10 16:53 B C:\inetpub\wwwroot\templates\templatename\templateDetails.xml --> ftp3.ftptoyoursite.com /web/content/templates/templates/templatename templateDetails.xml
2012.08.10 16:53 B C:\inetpub\wwwroot\templates\templatename\WS_FTP.LOG --> ftp3.ftptoyoursite.com /web/content/templates/templates/templatename WS_FTP.LOG
2012.08.13 16:34 B C:\inetpub\wwwroot\templates\templatename\index.php <-- Schubert Rackspace /web/content/templates/templates/templatename index.php
2012.08.13 16:36 B C:\inetpub\wwwroot\templates\templatename\index.php <-- Schubert Rackspace /web/content/templates/templates/templatename index.php
2012.08.13 16:37 B C:\inetpub\wwwroot\templates\templatename\index.php <-- Schubert Rackspace /web/content/templates/templates/templatename index.php
2012.08.13 16:43 B C:\inetpub\wwwroot\templates\templatename\index.php <-- Schubert Rackspace /web/content/templates/templates/templatename index.php
2012.08.13 16:44 B C:\inetpub\wwwroot\templates\templatename\index.php <-- Schubert Rackspace /web/content/templates/templates/templatename index.php
2012.08.13 16:46 B C:\inetpub\wwwroot\templates\templatename\index.php <-- Schubert Rackspace /web/content/templates/templates/templatename index.php
2012.08.13 16:52 B C:\inetpub\wwwroot\templates\templatename\index.php <-- Schubert Rackspace / index.php
2012.08.13 16:53 B C:\inetpub\wwwroot\templates\templatename\index.php <-- Schubert Rackspace / index.php
2012.08.13 16:58 B C:\inetpub\wwwroot\templates\templatename\index.php <-- Schubert Rackspace /web/content/templates/templates/templatename index.php
2012.08.13 17:00 B C:\inetpub\wwwroot\templates\templatename\index.php <-- Schubert Rackspace / index.php
2012.08.14 08:34 B C:\inetpub\wwwroot\templates\templatename\index.php <-- Schubert Rackspace /web/content/templates/templatename index.php
2012.08.14 08:39 B C:\inetpub\wwwroot\templates\templatename\index.php <-- Schubert Rackspace /web/content/templates/templatename index.php
2012.08.14 08:46 B C:\inetpub\wwwroot\templates\templatename\index.php <-- Schubert Rackspace /web/content/templates/templatename index.php
2012.08.14 08:58 B C:\inetpub\wwwroot\templates\templatename\index.php <-- Schubert Rackspace /web/content/templates/templatename index.php
2012.08.14 08:59 B C:\inetpub\wwwroot\templates\templatename\index.php <-- Schubert Rackspace /web/content/templates/templatename index.php
2012.08.14 09:01 B C:\inetpub\wwwroot\templates\templatename\index.php <-- Schubert Rackspace /web/content/templates/templatename index.php
2012.08.14 09:03 B C:\inetpub\wwwroot\templates\templatename\index.php <-- Schubert Rackspace /web/content/templates/templatename index.php
2012.08.14 09:07 B C:\inetpub\wwwroot\templates\templatename\index.php <-- Schubert Rackspace /web/content/templates/templatename index.php
2012.08.14 10:59 B C:\inetpub\wwwroot\templates\templatename\index.php <-- Schubert Rackspace /web/content/templates/templatename index.php
2012.08.14 11:00 B C:\inetpub\wwwroot\templates\templatename\index.php <-- Schubert Rackspace /web/content/templates/templatename index.php
2012.08.14 11:03 B C:\inetpub\wwwroot\templates\templatename\index.php <-- Schubert Rackspace /web/content/templates/templatename index.php
2012.08.14 11:05 B C:\inetpub\wwwroot\templates\templatename\index.php <-- Schubert Rackspace /web/content/templates/templatename index.php
2012.08.14 12:15 B C:\inetpub\wwwroot\templates\templatename\index.php --> ftp3.ftptoyoursite.com /web/content/templates/templatename index.php
2012.08.14 12:17 B C:\inetpub\wwwroot\templates\templatename\index.php <-- Schubert Rackspace /web/content/templates/templatename index.php
2012.08.14 12:20 B C:\inetpub\wwwroot\templates\templatename\index.php <-- Schubert Rackspace /web/content/templates/templatename index.php
2012.08.14 12:35 B C:\inetpub\wwwroot\templates\templatename\index.php <-- Schubert Rackspace /web/content/templates/templatename index.php
2012.08.14 12:47 B C:\inetpub\wwwroot\templates\templatename\index.php <-- Schubert Rackspace /web/content/templates/templatename index.php
2012.08.14 12:47 B C:\inetpub\wwwroot\templates\templatename\index.php <-- Schubert Rackspace /web/content/templates/templatename index.php
2012.08.14 12:49 B C:\inetpub\wwwroot\templates\templatename\index.php <-- Schubert Rackspace /web/content/templates/templatename index.php
2012.08.14 12:54 B C:\inetpub\wwwroot\templates\templatename\index.php <-- Schubert Rackspace /web/content/templates/templatename index.php
2012.08.14 12:58 B C:\inetpub\wwwroot\templates\templatename\index.php <-- Schubert Rackspace /web/content/templates/templatename index.php
2012.08.14 13:00 B C:\inetpub\wwwroot\templates\templatename\index.php <-- Schubert Rackspace /web/content/templates/templatename index.php
2012.08.14 13:02 B C:\inetpub\wwwroot\templates\templatename\index.php <-- Schubert Rackspace /web/content/templates/templatename index.php
2012.08.20 17:00 B C:\inetpub\wwwroot\templates\templatename\index.php <-- Schubert Rackspace /web/content/templates/templatename index.php
2012.08.20 17:02 B C:\inetpub\wwwroot\templates\templatename\index.php <-- Schubert Rackspace /web/content/templates/templatename index.php
2012.08.20 17:03 B C:\inetpub\wwwroot\templates\templatename\index.php <-- Schubert Rackspace /web/content/templates/templatename index.php
2012.08.20 17:03 B C:\inetpub\wwwroot\templates\templatename\index.php <-- Schubert Rackspace /web/content/templates/templatename index.php
2012.08.20 17:04 B C:\inetpub\wwwroot\templates\templatename\index.php <-- Schubert Rackspace /web/content/templates/templatename index.php
2012.08.20 17:06 B C:\inetpub\wwwroot\templates\templatename\index.php <-- Schubert Rackspace /web/content/templates/templatename index.php
2012.08.20 17:08 B C:\inetpub\wwwroot\templates\templatename\index.php <-- Schubert Rackspace /web/content/templates/templatename index.php
2012.08.20 17:11 B C:\inetpub\wwwroot\templates\templatename\index.php <-- Schubert Rackspace /web/content/templates/templatename index.php
2012.08.20 17:12 B C:\inetpub\wwwroot\templates\templatename\index.php <-- Schubert Rackspace /web/content/templates/templatename index.php
2012.08.20 17:18 B C:\inetpub\wwwroot\templates\templatename\index.php <-- Schubert Rackspace /web/content/templates/templatename index.php
2012.08.20 17:19 B C:\inetpub\wwwroot\templates\templatename\index.php <-- Schubert Rackspace /web/content/templates/templatename index.php
2012.08.20 17:25 B C:\inetpub\wwwroot\templates\templatename\index.php <-- Schubert Rackspace /web/content/templates/templatename index.php
2012.08.20 17:27 B C:\inetpub\wwwroot\templates\templatename\index.php <-- Schubert Rackspace /web/content/templates/templatename index.php
2012.08.20 17:29 B C:\inetpub\wwwroot\templates\templatename\index.php <-- Schubert Rackspace /web/content/templates/templatename index.php
2012.08.21 13:51 B C:\inetpub\wwwroot\templates\templatename\index.php <-- Schubert Rackspace /web/content/templates/templatename index.php
2012.08.21 13:57 B C:\inetpub\wwwroot\templates\templatename\index.php <-- Schubert Rackspace /web/content/templates/templatename index.php
2012.08.21 14:02 B C:\inetpub\wwwroot\templates\templatename\index.php <-- Schubert Rackspace /web/content/templates/templatename index.php
2012.08.21 14:06 B C:\inetpub\wwwroot\templates\templatename\index.php <-- Schubert Rackspace /web/content/templates/templatename index.php
2012.08.21 14:13 B C:\inetpub\wwwroot\templates\templatename\index.php <-- Schubert Rackspace /web/content/templates/templatename index.php
2012.08.21 14:19 B C:\inetpub\wwwroot\templates\templatename\index.php <-- Schubert Rackspace /web/content/templates/templatename index.php
2012.08.21 14:24 B C:\inetpub\wwwroot\templates\templatename\index.php <-- Schubert Rackspace /web/content/templates/templatename index.php
2012.08.21 14:24 B C:\inetpub\wwwroot\templates\templatename\index.php <-- Schubert Rackspace /web/content/templates/templatename index.php
2012.08.21 14:40 B C:\inetpub\wwwroot\templates\templatename\index.php <-- Schubert Rackspace /web/content/templates/templatename index.php
2012.08.21 14:40 B C:\inetpub\wwwroot\templates\templatename\index.php <-- Schubert Rackspace /web/content/templates/templatename index.php
2012.08.21 14:40 B C:\inetpub\wwwroot\templates\templatename\index.php <-- Schubert Rackspace /web/content/templates/templatename index.php
2012.08.21 14:41 B C:\inetpub\wwwroot\templates\templatename\index.php <-- Schubert Rackspace /web/content/templates/templatename index.php
2012.08.21 14:41 B C:\inetpub\wwwroot\templates\templatename\index.php <-- Schubert Rackspace /web/content/templates/templatename index.php
2012.08.21 14:44 B C:\inetpub\wwwroot\templates\templatename\index.php <-- Schubert Rackspace /web/content/templates/templatename index.php
2012.08.21 14:51 B C:\inetpub\wwwroot\templates\templatename\index.php <-- Schubert Rackspace /web/content/templates/templatename index.php
2012.08.21 14:54 B C:\inetpub\wwwroot\templates\templatename\index.php <-- Schubert Rackspace /web/content/templates/templatename index.php
2012.08.21 14:59 B C:\inetpub\wwwroot\templates\templatename\index.php <-- Schubert Rackspace /web/content/templates/templatename index.php
2012.08.21 15:06 B C:\inetpub\wwwroot\templates\templatename\index.php <-- Schubert Rackspace /web/content/templates/templatename index.php
2012.08.21 15:09 B C:\inetpub\wwwroot\templates\templatename\index.php <-- Schubert Rackspace /web/content/templates/templatename index.php
2012.08.21 15:09 B C:\inetpub\wwwroot\templates\templatename\index.php <-- Schubert Rackspace /web/content/templates/templatename index.php
2012.08.21 15:14 B C:\inetpub\wwwroot\templates\templatename\index.php <-- Schubert Rackspace /web/content/templates/templatename index.php
2012.08.21 15:15 B C:\inetpub\wwwroot\templates\templatename\setup.js <-- Schubert Rackspace /web/content/zoommap setup.js
2012.08.21 15:38 B C:\inetpub\wwwroot\templates\templatename\index.php <-- Schubert Rackspace /web/content/templates/templatename index.php
2012.08.21 15:39 B C:\inetpub\wwwroot\templates\templatename\index.php <-- Schubert Rackspace /web/content/templates/templatename index.php
2012.08.21 15:45 B C:\inetpub\wwwroot\templates\templatename\index.php <-- Schubert Rackspace /web/content/templates/templatename index.php
2012.08.21 16:14 B C:\inetpub\wwwroot\templates\templatename\index.php <-- Schubert Rackspace /web/content/templates/templatename index.php
2012.08.21 16:20 B C:\inetpub\wwwroot\templates\templatename\index.php <-- Schubert Rackspace /web/content/templates/templatename index.php
2012.08.21 16:24 B C:\inetpub\wwwroot\templates\templatename\index.php <-- Schubert Rackspace /web/content/templates/templatename index.php
2012.08.21 16:25 B C:\inetpub\wwwroot\templates\templatename\index.php <-- Schubert Rackspace /web/content/templates/templatename index.php
2012.08.21 16:42 B C:\inetpub\wwwroot\templates\templatename\index.php <-- Schubert Rackspace /web/content/templates/templatename index.php
2012.08.21 16:43 B C:\inetpub\wwwroot\templates\templatename\index.php <-- Schubert Rackspace /web/content/templates/templatename index.php
2012.08.21 17:00 B C:\inetpub\wwwroot\templates\templatename\index.php <-- Schubert Rackspace /web/content/templates/templatename index.php
2012.08.21 17:01 B C:\inetpub\wwwroot\templates\templatename\index.php <-- Schubert Rackspace /web/content/templates/templatename index.php
2012.08.21 17:01 B C:\inetpub\wwwroot\templates\templatename\index.php <-- Schubert Rackspace /web/content/templates/templatename index.php
2012.08.21 17:01 B C:\inetpub\wwwroot\templates\templatename\index.php <-- Schubert Rackspace /web/content/templates/templatename index.php
2012.08.21 17:01 B C:\inetpub\wwwroot\templates\templatename\index.php <-- Schubert Rackspace /web/content/templates/templatename index.php
2012.08.21 17:02 B C:\inetpub\wwwroot\templates\templatename\index.php <-- Schubert Rackspace /web/content/templates/templatename index.php
2012.08.21 17:02 B C:\inetpub\wwwroot\templates\templatename\index.php <-- Schubert Rackspace /web/content/templates/templatename index.php
2012.08.21 17:05 B C:\inetpub\wwwroot\templates\templatename\index.php <-- Schubert Rackspace /web/content/templates/templatename index.php
2012.08.21 17:05 B C:\inetpub\wwwroot\templates\templatename\index.php <-- Schubert Rackspace /web/content/templates/templatename index.php
2012.08.21 17:09 B C:\inetpub\wwwroot\templates\templatename\index.php <-- Schubert Rackspace /web/content/templates/templatename index.php
2012.08.21 17:14 B C:\inetpub\wwwroot\templates\templatename\index.php <-- Schubert Rackspace /web/content/templates/templatename index.php
2012.08.21 17:15 B C:\inetpub\wwwroot\templates\templatename\index.php <-- Schubert Rackspace /web/content/templates/templatename index.php
2012.08.27 12:12 B C:\inetpub\wwwroot\templates\templatename\index.php <-- Schubert Rackspace /web/content/templates/templatename index.php
2012.08.27 12:34 B C:\inetpub\wwwroot\templates\templatename\index.php <-- Schubert Rackspace /web/content/templates/templatename index.php
2012.08.27 13:11 B C:\inetpub\wwwroot\templates\templatename\index.php <-- Schubert Rackspace /web/content/templates/templatename index.php
2012.08.27 13:12 B C:\inetpub\wwwroot\templates\templatename\index.php --> ftp3.ftptoyoursite.com /web/content/templates/templatename index.php
2012.08.27 13:13 B C:\inetpub\wwwroot\templates\templatename\index.php <-- Schubert Rackspace /web/content/templates/templatename index.php
2012.08.27 13:18 B C:\inetpub\wwwroot\templates\templatename\index.php <-- Schubert Rackspace /web/content/templates/templatename index.php
2012.08.27 13:34 B C:\inetpub\wwwroot\templates\templatename\index.php <-- Schubert Rackspace /web/content/templates/templatename index.php
2012.08.27 13:36 B C:\inetpub\wwwroot\templates\templatename\index.php <-- Schubert Rackspace /web/content/templates/templatename index.php
2012.08.27 13:38 B C:\inetpub\wwwroot\templates\templatename\index.php <-- Schubert Rackspace /web/content/templates/templatename index.php
2012.08.27 13:40 B C:\inetpub\wwwroot\templates\templatename\index.php <-- Schubert Rackspace /web/content/templates/templatename index.php
2012.08.27 13:42 B C:\inetpub\wwwroot\templates\templatename\index.php <-- Schubert Rackspace /web/content/templates/templatename index.php
2012.08.27 13:43 B C:\inetpub\wwwroot\templates\templatename\index.php <-- Schubert Rackspace /web/content/templates/templatename index.php
2012.08.27 13:43 B C:\inetpub\wwwroot\templates\templatename\index.php <-- Schubert Rackspace /web/content/templates/templatename index.php
2012.08.27 13:45 B C:\inetpub\wwwroot\templates\templatename\index.php <-- Schubert Rackspace /web/content/templates/templatename index.php
2012.08.27 13:50 B C:\inetpub\wwwroot\templates\templatename\index.php <-- Schubert Rackspace /web/content/templates/templatename index.php
2012.08.27 13:54 B C:\inetpub\wwwroot\templates\templatename\index.php <-- Schubert Rackspace /web/content/templates/templatename index.php
2012.08.27 13:58 B C:\inetpub\wwwroot\templates\templatename\index.php <-- Schubert Rackspace /web/content/templates/templatename index.php
2012.08.27 14:34 B C:\inetpub\wwwroot\templates\templatename\index.php <-- Schubert Rackspace /web/content/templates/templatename index.php
2012.08.27 14:36 B C:\inetpub\wwwroot\templates\templatename\index.php <-- Schubert Rackspace /web/content/templates/templatename index.php
2012.08.27 14:38 B C:\inetpub\wwwroot\templates\templatename\index.php <-- Schubert Rackspace /web/content/templates/templatename index.php
2012.08.27 14:38 B C:\inetpub\wwwroot\templates\templatename\index.php <-- Schubert Rackspace /web/content/templates/templatename index.php
2012.08.27 15:41 B C:\inetpub\wwwroot\templates\templatename\index.php <-- Schubert Rackspace /web/content/templates/templatename index.php
2012.08.28 09:19 B C:\inetpub\wwwroot\templates\templatename\index.php <-- Schubert Rackspace /web/content/templates/templatename index.php
2012.08.28 09:25 B C:\inetpub\wwwroot\templates\templatename\index.php <-- Schubert Rackspace /web/content/templates/templatename index.php
2012.08.28 09:26 B C:\inetpub\wwwroot\templates\templatename\index.php <-- Schubert Rackspace /web/content/templates/templatename index.php
2012.08.28 09:30 B C:\inetpub\wwwroot\templates\templatename\index.php <-- Schubert Rackspace /web/content/templates/templatename index.php
2012.08.28 09:33 B C:\inetpub\wwwroot\templates\templatename\index.php <-- Schubert Rackspace /web/content/templates/templatename index.php
2012.08.28 09:34 B C:\inetpub\wwwroot\templates\templatename\index.php <-- Schubert Rackspace /web/content/templates/templatename index.php
2012.08.28 10:15 B C:\inetpub\wwwroot\templates\templatename\index.php <-- Schubert Rackspace /web/content/templates/templatename index.php
2012.08.28 10:16 B C:\inetpub\wwwroot\templates\templatename\index.php <-- Schubert Rackspace /web/content/templates/templatename index.php
2012.08.28 12:25 B C:\inetpub\wwwroot\templates\templatename\index.php <-- Schubert Rackspace /web/content/templates/templatename index.php
2012.08.28 12:32 B C:\inetpub\wwwroot\templates\templatename\index.php <-- Schubert Rackspace /web/content/templates/templatename index.php
2012.08.28 12:46 B C:\inetpub\wwwroot\templates\templatename\index.php <-- Schubert Rackspace /web/content/templates/templatename index.php
2012.08.30 16:11 B C:\inetpub\wwwroot\templates\templatename\index.php <-- Schubert Rackspace /web/content/templates/templatename index.php
2012.08.31 10:47 B C:\inetpub\wwwroot\templates\templatename\index.php <-- Schubert Rackspace /web/content/templates/templatename index.php
2012.08.31 12:08 B C:\inetpub\wwwroot\templates\templatename\index.php <-- Schubert Rackspace /web/content/templates/templatename index.php
2012.08.31 12:12 B C:\inetpub\wwwroot\templates\templatename\index.php <-- Schubert Rackspace /web/content/templates/templatename index.php
2012.08.31 12:13 B C:\inetpub\wwwroot\templates\templatename\index.php <-- Schubert Rackspace /web/content/templates/templatename index.php
2012.08.31 12:14 B C:\inetpub\wwwroot\templates\templatename\index.php <-- Schubert Rackspace /web/content/templates/templatename index.php
2012.08.31 12:30 B C:\inetpub\wwwroot\templates\templatename\ie8.css <-- Schubert Rackspace /web/content/templates/templatename/css ie8.css
2012.08.31 12:32 B C:\inetpub\wwwroot\templates\templatename\ie8.css <-- Schubert Rackspace /web/content/templates/templatename/css ie8.css
2012.08.31 14:29 B C:\inetpub\wwwroot\templates\templatename\index.php <-- Schubert Rackspace /web/content/templates/templatename index.php
2012.09.04 10:58 B C:\inetpub\wwwroot\templates\templatename\apple-touch-icon-114x114.png --> ftp3.ftptoyoursite.com /web/content/SITE-TEST/templates/templatename apple-touch-icon-114x114.png
2012.09.04 10:58 B C:\inetpub\wwwroot\templates\templatename\apple-touch-icon-57x57.png --> ftp3.ftptoyoursite.com /web/content/SITE-TEST/templates/templatename apple-touch-icon-57x57.png
2012.09.04 10:58 B C:\inetpub\wwwroot\templates\templatename\apple-touch-icon-72x72.png --> ftp3.ftptoyoursite.com /web/content/SITE-TEST/templates/templatename apple-touch-icon-72x72.png
2012.09.04 10:58 B C:\inetpub\wwwroot\templates\templatename\component.php --> ftp3.ftptoyoursite.com /web/content/SITE-TEST/templates/templatename component.php
2012.09.04 10:58 B C:\inetpub\wwwroot\templates\templatename\error.php --> ftp3.ftptoyoursite.com /web/content/SITE-TEST/templates/templatename error.php
2012.09.04 10:58 B C:\inetpub\wwwroot\templates\templatename\favicon.ico --> ftp3.ftptoyoursite.com /web/content/SITE-TEST/templates/templatename favicon.ico
2012.09.04 10:58 B C:\inetpub\wwwroot\templates\templatename\index.php --> ftp3.ftptoyoursite.com /web/content/SITE-TEST/templates/templatename index.php
2012.09.04 10:58 B C:\inetpub\wwwroot\templates\templatename\offline.php --> ftp3.ftptoyoursite.com /web/content/SITE-TEST/templates/templatename offline.php
2012.09.04 10:58 B C:\inetpub\wwwroot\templates\templatename\template_preview.png --> ftp3.ftptoyoursite.com /web/content/SITE-TEST/templates/templatename template_preview.png
2012.09.04 10:58 B C:\inetpub\wwwroot\templates\templatename\template_thumbnail.png --> ftp3.ftptoyoursite.com /web/content/SITE-TEST/templates/templatename template_thumbnail.png
2012.09.04 10:58 B C:\inetpub\wwwroot\templates\templatename\templateDetails.xml --> ftp3.ftptoyoursite.com /web/content/SITE-TEST/templates/templatename templateDetails.xml
2012.09.04 10:58 B C:\inetpub\wwwroot\templates\templatename\WS_FTP.LOG --> ftp3.ftptoyoursite.com /web/content/SITE-TEST/templates/templatename WS_FTP.LOG
2012.09.06 10:04 B C:\inetpub\wwwroot\templates\templatename\index.php <-- Schubert Rackspace /web/content/templates/templatename index.php
2012.09.06 11:03 B C:\inetpub\wwwroot\templates\templatename\index.php <-- Schubert Rackspace /web/content/templates/templatename index.php
2012.09.06 11:03 B C:\inetpub\wwwroot\templates\templatename\index.php <-- Schubert Rackspace /web/content/templates/templatename index.php
2012.09.06 11:04 B C:\inetpub\wwwroot\templates\templatename\index.php <-- Schubert Rackspace /web/content/templates/templatename index.php
2012.09.06 11:04 B C:\inetpub\wwwroot\templates\templatename\index.php <-- Schubert Rackspace /web/content/templates/templatename index.php
2012.09.06 11:15 B C:\inetpub\wwwroot\templates\templatename\index.php <-- Schubert Rackspace /web/content/templates/templatename index.php
2012.09.06 12:19 B C:\inetpub\wwwroot\templates\templatename\index.php <-- Schubert Rackspace /web/content/templates/templatename index.php
2012.09.06 12:36 B C:\inetpub\wwwroot\templates\templatename\index.php <-- Schubert Rackspace /web/content/templates/templatename index.php
2012.09.06 12:46 B C:\inetpub\wwwroot\templates\templatename\index.php <-- Schubert Rackspace /web/content/templates/templatename index.php
2012.09.06 12:55 B C:\inetpub\wwwroot\templates\templatename\index.php <-- Schubert Rackspace /web/content/templates/templatename index.php
2012.09.06 12:56 B C:\inetpub\wwwroot\templates\templatename\index.php <-- Schubert Rackspace /web/content/templates/templatename index.php
2012.09.06 14:53 B C:\inetpub\wwwroot\templates\templatename\index.php <-- Schubert Rackspace /web/content/templates/templatename index.php
2012.09.06 15:16 B C:\inetpub\wwwroot\templates\templatename\apple-touch-icon-114x114.png --> ftp3.ftptoyoursite.com /web/content/SITEBACKUP_962012/templates/templatename apple-touch-icon-114x114.png
2012.09.06 15:16 B C:\inetpub\wwwroot\templates\templatename\apple-touch-icon-57x57.png --> ftp3.ftptoyoursite.com /web/content/SITEBACKUP_962012/templates/templatename apple-touch-icon-57x57.png
2012.09.06 15:16 B C:\inetpub\wwwroot\templates\templatename\apple-touch-icon-72x72.png --> ftp3.ftptoyoursite.com /web/content/SITEBACKUP_962012/templates/templatename apple-touch-icon-72x72.png
2012.09.06 15:16 B C:\inetpub\wwwroot\templates\templatename\component.php --> ftp3.ftptoyoursite.com /web/content/SITEBACKUP_962012/templates/templatename component.php
2012.09.06 15:16 B C:\inetpub\wwwroot\templates\templatename\error.php --> ftp3.ftptoyoursite.com /web/content/SITEBACKUP_962012/templates/templatename error.php
2012.09.06 15:16 B C:\inetpub\wwwroot\templates\templatename\favicon.ico --> ftp3.ftptoyoursite.com /web/content/SITEBACKUP_962012/templates/templatename favicon.ico
2012.09.06 15:16 B C:\inetpub\wwwroot\templates\templatename\index.php --> ftp3.ftptoyoursite.com /web/content/SITEBACKUP_962012/templates/templatename index.php
2012.09.06 15:16 B C:\inetpub\wwwroot\templates\templatename\offline.php --> ftp3.ftptoyoursite.com /web/content/SITEBACKUP_962012/templates/templatename offline.php
2012.09.06 15:16 B C:\inetpub\wwwroot\templates\templatename\template_preview.png --> ftp3.ftptoyoursite.com /web/content/SITEBACKUP_962012/templates/templatename template_preview.png
2012.09.06 15:16 B C:\inetpub\wwwroot\templates\templatename\template_thumbnail.png --> ftp3.ftptoyoursite.com /web/content/SITEBACKUP_962012/templates/templatename template_thumbnail.png
2012.09.06 15:16 B C:\inetpub\wwwroot\templates\templatename\templateDetails.xml --> ftp3.ftptoyoursite.com /web/content/SITEBACKUP_962012/templates/templatename templateDetails.xml
2012.09.06 15:16 B C:\inetpub\wwwroot\templates\templatename\WS_FTP.LOG --> ftp3.ftptoyoursite.com /web/content/SITEBACKUP_962012/templates/templatename WS_FTP.LOG
2012.09.06 15:30 B C:\inetpub\wwwroot\templates\templatename\index.php <-- Schubert Rackspace /web/content/templates/templatename index.php
2012.09.06 16:06 B C:\inetpub\wwwroot\templates\templatename\index.php <-- Schubert Rackspace /web/content/templates/templatename index.php
2012.09.06 16:17 B C:\inetpub\wwwroot\templates\templatename\index.php <-- Schubert Rackspace /web/content/templates/templatename index.php
2012.09.06 16:20 B C:\inetpub\wwwroot\templates\templatename\index.php <-- Schubert Rackspace /web/content/templates/templatename index.php
2012.09.06 16:30 B C:\inetpub\wwwroot\templates\templatename\index.php <-- Schubert Rackspace /web/content/templates/templatename index.php
2012.09.06 16:31 B C:\inetpub\wwwroot\templates\templatename\index.php <-- Schubert Rackspace /web/content/templates/templatename index.php
2012.09.06 16:31 B C:\inetpub\wwwroot\templates\templatename\index.php <-- Schubert Rackspace /web/content/templates/templatename index.php
2012.09.06 16:32 B C:\inetpub\wwwroot\templates\templatename\index.php <-- Schubert Rackspace /web/content/templates/templatename index.php
2012.09.06 16:35 B C:\inetpub\wwwroot\templates\templatename\index.php <-- Schubert Rackspace /web/content/templates/templatename index.php
2012.09.06 16:40 B C:\inetpub\wwwroot\templates\templatename\index.php <-- Schubert Rackspace /web/content/templates/templatename index.php
2012.09.06 16:42 B C:\inetpub\wwwroot\templates\templatename\index.php <-- Schubert Rackspace /web/content/templates/templatename index.php
2012.09.06 16:47 B C:\inetpub\wwwroot\templates\templatename\index.php <-- Schubert Rackspace /web/content/templates/templatename index.php
2012.09.06 16:54 B C:\inetpub\wwwroot\templates\templatename\index.php <-- Schubert Rackspace /web/content/templates/templatename index.php
2012.09.06 16:56 B C:\inetpub\wwwroot\templates\templatename\index.php <-- Schubert Rackspace /web/content/templates/templatename index.php
2012.09.06 16:56 B C:\inetpub\wwwroot\templates\templatename\index.php <-- Schubert Rackspace /web/content/templates/templatename index.php
2012.09.06 16:57 B C:\inetpub\wwwroot\templates\templatename\index.php <-- Schubert Rackspace /web/content/templates/templatename index.php
2012.09.06 17:17 B C:\inetpub\wwwroot\templates\templatename\index.php <-- Schubert Rackspace /web/content/templates/templatename index.php
2012.09.06 17:17 B C:\inetpub\wwwroot\templates\templatename\index.php <-- Schubert Rackspace /web/content/templates/templatename index.php
2012.09.20 14:29 B C:\inetpub\wwwroot\templates\templatename\index.php <-- Schubert Rackspace /web/content/templates/templatename index.php
2012.09.28 08:40 B C:\inetpub\wwwroot\templates\templatename\error.php <-- Schubert Rackspace /web/content/templates/templatename error.php
2012.09.28 08:40 B C:\inetpub\wwwroot\templates\templatename\error.php <-- Schubert Rackspace /web/content/templates/templatename error.php
2012.10.01 15:11 B C:\inetpub\wwwroot\templates\templatename\index.php <-- Schubert Rackspace /web/content/templates/templatename index.php
2012.10.01 15:12 B C:\inetpub\wwwroot\templates\templatename\index.php <-- Schubert Rackspace /web/content/templates/templatename index.php
2012.10.01 15:15 B C:\inetpub\wwwroot\templates\templatename\index.php <-- Schubert Rackspace /web/content/templates/templatename index.php
2012.10.01 15:15 B C:\inetpub\wwwroot\templates\templatename\index.php <-- Schubert Rackspace /web/content/templates/templatename index.php
2012.10.01 15:20 B C:\inetpub\wwwroot\templates\templatename\index.php <-- Schubert Rackspace /web/content/templates/templatename index.php
2012.10.01 15:20 B C:\inetpub\wwwroot\templates\templatename\index.php <-- Schubert Rackspace /web/content/templates/templatename index.php
2012.10.01 15:27 B C:\inetpub\wwwroot\templates\templatename\index.php <-- Schubert Rackspace /web/content/templates/templatename index.php
2012.10.01 15:27 B C:\inetpub\wwwroot\templates\templatename\index.php <-- Schubert Rackspace /web/content/templates/templatename index.php
2012.10.01 15:29 B C:\inetpub\wwwroot\templates\templatename\index.php <-- Schubert Rackspace /web/content/templates/templatename index.php
2012.10.01 15:29 B C:\inetpub\wwwroot\templates\templatename\index.php <-- Schubert Rackspace /web/content/templates/templatename index.php
2012.10.01 15:33 B C:\inetpub\wwwroot\templates\templatename\index.php <-- Schubert Rackspace /web/content/templates/templatename index.php
2012.10.01 15:33 B C:\inetpub\wwwroot\templates\templatename\index.php <-- Schubert Rackspace /web/content/templates/templatename index.php
2012.10.01 15:34 B C:\inetpub\wwwroot\templates\templatename\index.php <-- Schubert Rackspace /web/content/templates/templatename index.php
2012.10.01 15:34 B C:\inetpub\wwwroot\templates\templatename\index.php <-- Schubert Rackspace /web/content/templates/templatename index.php
2012.10.01 15:36 B C:\inetpub\wwwroot\templates\templatename\index.php <-- Schubert Rackspace /web/content/templates/templatename index.php
2012.10.01 15:36 B C:\inetpub\wwwroot\templates\templatename\index.php <-- Schubert Rackspace /web/content/templates/templatename index.php
2012.10.01 15:44 B C:\inetpub\wwwroot\templates\templatename\index.php <-- Schubert Rackspace /web/content/templates/templatename index.php
2012.10.01 15:44 B C:\inetpub\wwwroot\templates\templatename\index.php <-- Schubert Rackspace /web/content/templates/templatename index.php
2012.10.01 15:44 B C:\inetpub\wwwroot\templates\templatename\index.php <-- Schubert Rackspace /web/content/templates/templatename index.php
2012.10.01 15:46 B C:\inetpub\wwwroot\templates\templatename\index.php <-- Schubert Rackspace /web/content/templates/templatename index.php
2012.10.01 15:48 B C:\inetpub\wwwroot\templates\templatename\index.php <-- Schubert Rackspace /web/content/templates/templatename index.php
2012.10.01 15:48 B C:\inetpub\wwwroot\templates\templatename\index.php <-- Schubert Rackspace /web/content/templates/templatename index.php
2012.10.01 15:48 B C:\inetpub\wwwroot\templates\templatename\index.php <-- Schubert Rackspace /web/content/templates/templatename index.php
2012.10.01 16:02 B C:\inetpub\wwwroot\templates\templatename\index.php <-- Schubert Rackspace /web/content/templates/templatename index.php
2012.10.01 16:02 B C:\inetpub\wwwroot\templates\templatename\index.php <-- Schubert Rackspace /web/content/templates/templatename index.php
2012.10.01 16:06 B C:\inetpub\wwwroot\templates\templatename\index.php <-- Schubert Rackspace /web/content/templates/templatename index.php
2012.10.01 16:06 B C:\inetpub\wwwroot\templates\templatename\index.php <-- Schubert Rackspace /web/content/templates/templatename index.php
2012.10.01 16:07 B C:\inetpub\wwwroot\templates\templatename\index.php <-- Schubert Rackspace /web/content/templates/templatename index.php
2012.10.01 16:07 B C:\inetpub\wwwroot\templates\templatename\index.php <-- Schubert Rackspace /web/content/templates/templatename index.php
2012.10.01 16:08 B C:\inetpub\wwwroot\templates\templatename\index.php <-- Schubert Rackspace /web/content/templates/templatename index.php
2012.10.01 16:08 B C:\inetpub\wwwroot\templates\templatename\index.php <-- Schubert Rackspace /web/content/templates/templatename index.php
2012.10.01 16:15 B C:\inetpub\wwwroot\templates\templatename\index.php <-- Schubert Rackspace /web/content/templates/templatename index.php
2012.10.01 16:20 B C:\inetpub\wwwroot\templates\templatename\index.php <-- Schubert Rackspace /web/content/templates/templatename index.php
2012.10.01 16:21 B C:\inetpub\wwwroot\templates\templatename\index.php <-- Schubert Rackspace /web/content/templates/templatename index.php
2012.10.01 16:53 B C:\inetpub\wwwroot\templates\templatename\index.php <-- Schubert Rackspace /web/content/templates/templatename index.php
2012.10.01 16:58 B C:\inetpub\wwwroot\templates\templatename\index.php <-- Schubert Rackspace /web/content/templates/templatename index.php
2012.10.01 16:58 B C:\inetpub\wwwroot\templates\templatename\index.php <-- Schubert Rackspace /web/content/templates/templatename index.php
2012.10.01 16:58 B C:\inetpub\wwwroot\templates\templatename\index.php <-- Schubert Rackspace /web/content/templates/templatename index.php
2012.10.01 17:01 B C:\inetpub\wwwroot\templates\templatename\index.php <-- Schubert Rackspace /web/content/templates/templatename index.php
2012.10.01 17:01 B C:\inetpub\wwwroot\templates\templatename\index.php <-- Schubert Rackspace /web/content/templates/templatename index.php
2012.10.01 17:07 B C:\inetpub\wwwroot\templates\templatename\index.php <-- Schubert Rackspace /web/content/templates/templatename index.php
2012.10.01 17:07 B C:\inetpub\wwwroot\templates\templatename\index.php <-- Schubert Rackspace /web/content/templates/templatename index.php
2012.10.01 17:15 B C:\inetpub\wwwroot\templates\templatename\index.php <-- Schubert Rackspace /web/content/templates/templatename index.php
2012.10.01 17:18 B C:\inetpub\wwwroot\templates\templatename\index.php <-- Schubert Rackspace /web/content/templates/templatename index.php
2012.10.01 17:18 B C:\inetpub\wwwroot\templates\templatename\index.php <-- Schubert Rackspace /web/content/templates/templatename index.php
2012.10.01 17:23 B C:\inetpub\wwwroot\templates\templatename\index.php <-- Schubert Rackspace /web/content/templates/templatename index.php
2012.10.01 17:23 B C:\inetpub\wwwroot\templates\templatename\index.php <-- Schubert Rackspace /web/content/templates/templatename index.php
2012.10.01 17:23 B C:\inetpub\wwwroot\templates\templatename\index.php <-- Schubert Rackspace /web/content/templates/templatename index.php
2012.10.01 17:24 B C:\inetpub\wwwroot\templates\templatename\index.php <-- Schubert Rackspace /web/content/templates/templatename index.php
2012.10.01 17:24 B C:\inetpub\wwwroot\templates\templatename\index.php <-- Schubert Rackspace /web/content/templates/templatename index.php
2012.10.01 17:28 B C:\inetpub\wwwroot\templates\templatename\index.php <-- Schubert Rackspace /web/content/templates/templatename index.php
2012.10.01 17:28 B C:\inetpub\wwwroot\templates\templatename\index.php <-- Schubert Rackspace /web/content/templates/templatename index.php
2012.10.01 17:34 B C:\inetpub\wwwroot\templates\templatename\index.php <-- Schubert Rackspace /web/content/templates/templatename index.php
2012.10.01 17:34 B C:\inetpub\wwwroot\templates\templatename\index.php <-- Schubert Rackspace /web/content/templates/templatename index.php
2012.10.01 17:37 B C:\inetpub\wwwroot\templates\templatename\index.php <-- Schubert Rackspace /web/content/templates/templatename index.php
2012.10.01 17:37 B C:\inetpub\wwwroot\templates\templatename\index.php <-- Schubert Rackspace /web/content/templates/templatename index.php
2012.10.01 17:40 B C:\inetpub\wwwroot\templates\templatename\index.php <-- Schubert Rackspace /web/content/templates/templatename index.php
2012.10.01 17:42 B C:\inetpub\wwwroot\templates\templatename\index.php <-- Schubert Rackspace /web/content/templates/templatename index.php
2012.10.01 17:42 B C:\inetpub\wwwroot\templates\templatename\index.php <-- Schubert Rackspace /web/content/templates/templatename index.php
2012.10.01 17:43 B C:\inetpub\wwwroot\templates\templatename\index.php <-- Schubert Rackspace /web/content/templates/templatename index.php
2012.10.01 17:43 B C:\inetpub\wwwroot\templates\templatename\index.php <-- Schubert Rackspace /web/content/templates/templatename index.php
2012.10.02 08:56 B C:\inetpub\wwwroot\templates\templatename\index.php <-- Schubert Rackspace /web/content/templates/templatename index.php
2012.10.02 08:57 B C:\inetpub\wwwroot\templates\templatename\index.php <-- Schubert Rackspace /web/content/templates/templatename index.php
2012.10.02 08:57 B C:\inetpub\wwwroot\templates\templatename\index.php <-- Schubert Rackspace /web/content/templates/templatename index.php
2012.10.02 08:57 B C:\inetpub\wwwroot\templates\templatename\index.php <-- Schubert Rackspace /web/content/templates/templatename index.php
2012.10.02 09:02 B C:\inetpub\wwwroot\templates\templatename\index.php <-- Schubert Rackspace /web/content/templates/templatename index.php
2012.10.02 09:02 B C:\inetpub\wwwroot\templates\templatename\index.php <-- Schubert Rackspace /web/content/templates/templatename index.php
2012.10.02 11:38 B C:\inetpub\wwwroot\templates\templatename\helper.php <-- Schubert Rackspace /web/content/modules/mod_dropdown_megamenu helper.php
2012.10.02 11:41 B C:\inetpub\wwwroot\templates\templatename\index.php <-- Schubert Rackspace /web/content/templates/templatename index.php
2012.10.02 11:41 B C:\inetpub\wwwroot\templates\templatename\index.php <-- Schubert Rackspace /web/content/templates/templatename index.php
2012.10.02 11:47 B C:\inetpub\wwwroot\templates\templatename\index.php <-- Schubert Rackspace /web/content/templates/templatename index.php
2012.10.02 11:53 B C:\inetpub\wwwroot\templates\templatename\index.php <-- Schubert Rackspace /web/content/templates/templatename index.php
2012.10.02 11:53 B C:\inetpub\wwwroot\templates\templatename\index.php <-- Schubert Rackspace /web/content/templates/templatename index.php
2012.10.08 08:24 B C:\inetpub\wwwroot\templates\templatename\favicon.ico <-- Schubert Rackspace /web/content/templates/templatename favicon.ico
2012.10.08 08:24 B C:\inetpub\wwwroot\templates\templatename\favicon.ico <-- Schubert Rackspace /web/content/templates/templatename favicon.ico
2012.10.08 08:32 B C:\inetpub\wwwroot\templates\templatename\index.php <-- Schubert Rackspace /web/content/templates/templatename index.php
2012.10.08 10:23 B C:\inetpub\wwwroot\templates\templatename\favicon.ico <-- Schubert Rackspace /web/content/templates/templatename favicon.ico
2012.10.08 10:24 B C:\inetpub\wwwroot\templates\templatename\favicon.ico <-- Schubert Rackspace /web/content/templates/templatename favicon.ico
2012.10.11 11:23 B C:\inetpub\wwwroot\templates\templatename\favicon.ico <-- Schubert Rackspace /web/content/templates/templatename favicon.ico
2012.10.16 11:07 B C:\inetpub\wwwroot\templates\templatename\favicon.ico <-- Schubert Rackspace /web/content/templates/templatename favicon.ico
2012.10.23 09:19 B C:\inetpub\wwwroot\templates\templatename\apple-touch-icon-114x114.png --> ftp3.ftptoyoursite.com /web/content/templates/templatename apple-touch-icon-114x114.png
2012.10.23 09:19 B C:\inetpub\wwwroot\templates\templatename\apple-touch-icon-57x57.png --> ftp3.ftptoyoursite.com /web/content/templates/templatename apple-touch-icon-57x57.png
2012.10.23 09:19 B C:\inetpub\wwwroot\templates\templatename\apple-touch-icon-72x72.png --> ftp3.ftptoyoursite.com /web/content/templates/templatename apple-touch-icon-72x72.png
2012.10.23 09:19 B C:\inetpub\wwwroot\templates\templatename\component.php --> ftp3.ftptoyoursite.com /web/content/templates/templatename component.php
2012.10.23 09:19 B C:\inetpub\wwwroot\templates\templatename\error.php --> ftp3.ftptoyoursite.com /web/content/templates/templatename error.php
2012.10.23 09:19 B C:\inetpub\wwwroot\templates\templatename\favicon.ico --> ftp3.ftptoyoursite.com /web/content/templates/templatename favicon.ico
2012.10.23 09:19 B C:\inetpub\wwwroot\templates\templatename\index.php --> ftp3.ftptoyoursite.com /web/content/templates/templatename index.php
2012.10.23 09:19 B C:\inetpub\wwwroot\templates\templatename\offline.php --> ftp3.ftptoyoursite.com /web/content/templates/templatename offline.php
2012.10.23 09:19 B C:\inetpub\wwwroot\templates\templatename\template_preview.png --> ftp3.ftptoyoursite.com /web/content/templates/templatename template_preview.png
2012.10.23 09:19 B C:\inetpub\wwwroot\templates\templatename\template_thumbnail.png --> ftp3.ftptoyoursite.com /web/content/templates/templatename template_thumbnail.png
2012.10.23 09:19 B C:\inetpub\wwwroot\templates\templatename\templateDetails.xml --> ftp3.ftptoyoursite.com /web/content/templates/templatename templateDetails.xml
2012.10.23 09:19 B C:\inetpub\wwwroot\templates\templatename\WS_FTP.LOG --> ftp3.ftptoyoursite.com /web/content/templates/templatename WS_FTP.LOG
2012.10.26 11:30 B C:\inetpub\wwwroot\templates\templatename\index.php <-- Schubert Rackspace /web/content/templates/templatename index.php
2013.02.01 15:05 B C:\inetpub\wwwroot\templates\templatename\WS_FTP.LOG <-- Schubert Rackspace /web/content/templates/templatename WS_FTP.LOG
2013.03.13 09:21 B C:\inetpub\wwwroot\templates\templatename\index.php --> ftp3.ftptoyoursite.com / index.php
2013.03.13 09:34 B C:\inetpub\wwwroot\templates\templatename\index.php <-- Schubert Rackspace / index.php
2013.03.13 09:34 B C:\inetpub\wwwroot\templates\templatename\index.php <-- Schubert Rackspace / index.php
2013.03.13 09:37 B C:\inetpub\wwwroot\templates\templatename\index.php <-- Schubert Rackspace / index.php
