2012.07.25 12:20 B C:\Users\COBRIEN\Desktop\Schubert\templates\templatename\images\btns\inner-btns\in-agentbtn.png <-- Schubert Rackspace /web/content/templates/templatename/images/btns/inner-btns in-agentbtn.png
2012.07.25 12:20 B C:\Users\COBRIEN\Desktop\Schubert\templates\templatename\images\btns\inner-btns\in-brochurebtn.png <-- Schubert Rackspace /web/content/templates/templatename/images/btns/inner-btns in-brochurebtn.png
2012.07.25 12:20 B C:\Users\COBRIEN\Desktop\Schubert\templates\templatename\images\btns\inner-btns\in-contact.png <-- Schubert Rackspace /web/content/templates/templatename/images/btns/inner-btns in-contact.png
2012.07.25 12:20 B C:\Users\COBRIEN\Desktop\Schubert\templates\templatename\images\btns\inner-btns\in-drivingdirectionsbtn.png <-- Schubert Rackspace /web/content/templates/templatename/images/btns/inner-btns in-drivingdirectionsbtn.png
2012.07.25 12:20 B C:\Users\COBRIEN\Desktop\Schubert\templates\templatename\images\btns\inner-btns\in-ecochembtn.png <-- Schubert Rackspace /web/content/templates/templatename/images/btns/inner-btns in-ecochembtn.png
2012.07.25 12:20 B C:\Users\COBRIEN\Desktop\Schubert\templates\templatename\images\btns\inner-btns\in-findrepbtn.png <-- Schubert Rackspace /web/content/templates/templatename/images/btns/inner-btns in-findrepbtn.png
2012.07.25 12:20 B C:\Users\COBRIEN\Desktop\Schubert\templates\templatename\images\btns\inner-btns\in-product.png <-- Schubert Rackspace /web/content/templates/templatename/images/btns/inner-btns in-product.png
2012.07.25 12:20 B C:\Users\COBRIEN\Desktop\Schubert\templates\templatename\images\btns\inner-btns\in-sustsinability.png <-- Schubert Rackspace /web/content/templates/templatename/images/btns/inner-btns in-sustsinability.png
2012.07.25 12:20 B C:\Users\COBRIEN\Desktop\Schubert\templates\templatename\images\btns\inner-btns\in-tio2.png <-- Schubert Rackspace /web/content/templates/templatename/images/btns/inner-btns in-tio2.png
2012.07.25 12:20 B C:\Users\COBRIEN\Desktop\Schubert\templates\templatename\images\btns\inner-btns\in-universalbtn.png <-- Schubert Rackspace /web/content/templates/templatename/images/btns/inner-btns in-universalbtn.png
2012.07.25 12:20 B C:\Users\COBRIEN\Desktop\Schubert\templates\templatename\images\btns\inner-btns\locations.png <-- Schubert Rackspace /web/content/templates/templatename/images/btns/inner-btns locations.png
2012.07.31 11:08 B C:\inetpub\wwwroot\templates\templatename\images\btns\inner-btns\chlorinebtn.png <-- Schubert Rackspace /web/content/templates/templatename/images/btns/inner-btns chlorinebtn.png
2012.07.31 11:08 B C:\inetpub\wwwroot\templates\templatename\images\btns\inner-btns\sulfatebtn.png <-- Schubert Rackspace /web/content/templates/templatename/images/btns/inner-btns sulfatebtn.png
2012.08.10 16:53 B C:\inetpub\wwwroot\templates\templatename\images\btns\inner-btns\chlorinebtn.png --> ftp3.ftptoyoursite.com /web/content/templates/templates/templatename/images/btns/inner-btns chlorinebtn.png
2012.08.10 16:53 B C:\inetpub\wwwroot\templates\templatename\images\btns\inner-btns\in-agentbtn.png --> ftp3.ftptoyoursite.com /web/content/templates/templates/templatename/images/btns/inner-btns in-agentbtn.png
2012.08.10 16:53 B C:\inetpub\wwwroot\templates\templatename\images\btns\inner-btns\in-brochurebtn.png --> ftp3.ftptoyoursite.com /web/content/templates/templates/templatename/images/btns/inner-btns in-brochurebtn.png
2012.08.10 16:53 B C:\inetpub\wwwroot\templates\templatename\images\btns\inner-btns\in-contact.png --> ftp3.ftptoyoursite.com /web/content/templates/templates/templatename/images/btns/inner-btns in-contact.png
2012.08.10 16:53 B C:\inetpub\wwwroot\templates\templatename\images\btns\inner-btns\in-drivingdirectionsbtn.png --> ftp3.ftptoyoursite.com /web/content/templates/templates/templatename/images/btns/inner-btns in-drivingdirectionsbtn.png
2012.08.10 16:53 B C:\inetpub\wwwroot\templates\templatename\images\btns\inner-btns\in-ecochembtn.png --> ftp3.ftptoyoursite.com /web/content/templates/templates/templatename/images/btns/inner-btns in-ecochembtn.png
2012.08.10 16:53 B C:\inetpub\wwwroot\templates\templatename\images\btns\inner-btns\in-findrepbtn.png --> ftp3.ftptoyoursite.com /web/content/templates/templates/templatename/images/btns/inner-btns in-findrepbtn.png
2012.08.10 16:53 B C:\inetpub\wwwroot\templates\templatename\images\btns\inner-btns\in-product.png --> ftp3.ftptoyoursite.com /web/content/templates/templates/templatename/images/btns/inner-btns in-product.png
2012.08.10 16:53 B C:\inetpub\wwwroot\templates\templatename\images\btns\inner-btns\in-sustsinability.png --> ftp3.ftptoyoursite.com /web/content/templates/templates/templatename/images/btns/inner-btns in-sustsinability.png
2012.08.10 16:53 B C:\inetpub\wwwroot\templates\templatename\images\btns\inner-btns\in-tio2.png --> ftp3.ftptoyoursite.com /web/content/templates/templates/templatename/images/btns/inner-btns in-tio2.png
2012.08.10 16:53 B C:\inetpub\wwwroot\templates\templatename\images\btns\inner-btns\in-universalbtn.png --> ftp3.ftptoyoursite.com /web/content/templates/templates/templatename/images/btns/inner-btns in-universalbtn.png
2012.08.10 16:53 B C:\inetpub\wwwroot\templates\templatename\images\btns\inner-btns\locations.png --> ftp3.ftptoyoursite.com /web/content/templates/templates/templatename/images/btns/inner-btns locations.png
2012.08.10 16:53 B C:\inetpub\wwwroot\templates\templatename\images\btns\inner-btns\processbtn.png --> ftp3.ftptoyoursite.com /web/content/templates/templates/templatename/images/btns/inner-btns processbtn.png
2012.08.10 16:53 B C:\inetpub\wwwroot\templates\templatename\images\btns\inner-btns\sulfatebtn.png --> ftp3.ftptoyoursite.com /web/content/templates/templates/templatename/images/btns/inner-btns sulfatebtn.png
2012.08.10 16:53 B C:\inetpub\wwwroot\templates\templatename\images\btns\inner-btns\WS_FTP.LOG --> ftp3.ftptoyoursite.com /web/content/templates/templates/templatename/images/btns/inner-btns WS_FTP.LOG
2012.08.29 14:31 B C:\inetpub\wwwroot\templates\templatename\images\btns\inner-btns\in-PDFbtn.png <-- Schubert Rackspace /web/content/templates/templatename/images/btns/inner-btns in-PDFbtn.png
2012.08.29 14:54 B C:\inetpub\wwwroot\templates\templatename\images\btns\inner-btns\in-PDFbtn.png <-- Schubert Rackspace /web/content/templates/templatename/images/btns/inner-btns in-PDFbtn.png
2012.09.04 10:58 B C:\inetpub\wwwroot\templates\templatename\images\btns\inner-btns\chlorinebtn.png --> ftp3.ftptoyoursite.com /web/content/SITE-TEST/templates/templatename/images/btns/inner-btns chlorinebtn.png
2012.09.04 10:58 B C:\inetpub\wwwroot\templates\templatename\images\btns\inner-btns\in-agentbtn.png --> ftp3.ftptoyoursite.com /web/content/SITE-TEST/templates/templatename/images/btns/inner-btns in-agentbtn.png
2012.09.04 10:58 B C:\inetpub\wwwroot\templates\templatename\images\btns\inner-btns\in-brochurebtn.png --> ftp3.ftptoyoursite.com /web/content/SITE-TEST/templates/templatename/images/btns/inner-btns in-brochurebtn.png
2012.09.04 10:58 B C:\inetpub\wwwroot\templates\templatename\images\btns\inner-btns\in-contact.png --> ftp3.ftptoyoursite.com /web/content/SITE-TEST/templates/templatename/images/btns/inner-btns in-contact.png
2012.09.04 10:58 B C:\inetpub\wwwroot\templates\templatename\images\btns\inner-btns\in-drivingdirectionsbtn.png --> ftp3.ftptoyoursite.com /web/content/SITE-TEST/templates/templatename/images/btns/inner-btns in-drivingdirectionsbtn.png
2012.09.04 10:58 B C:\inetpub\wwwroot\templates\templatename\images\btns\inner-btns\in-ecochembtn.png --> ftp3.ftptoyoursite.com /web/content/SITE-TEST/templates/templatename/images/btns/inner-btns in-ecochembtn.png
2012.09.04 10:58 B C:\inetpub\wwwroot\templates\templatename\images\btns\inner-btns\in-findrepbtn.png --> ftp3.ftptoyoursite.com /web/content/SITE-TEST/templates/templatename/images/btns/inner-btns in-findrepbtn.png
2012.09.04 10:58 B C:\inetpub\wwwroot\templates\templatename\images\btns\inner-btns\in-PDFbtn.png --> ftp3.ftptoyoursite.com /web/content/SITE-TEST/templates/templatename/images/btns/inner-btns in-PDFbtn.png
2012.09.04 10:58 B C:\inetpub\wwwroot\templates\templatename\images\btns\inner-btns\in-product.png --> ftp3.ftptoyoursite.com /web/content/SITE-TEST/templates/templatename/images/btns/inner-btns in-product.png
2012.09.04 10:58 B C:\inetpub\wwwroot\templates\templatename\images\btns\inner-btns\in-sustsinability.png --> ftp3.ftptoyoursite.com /web/content/SITE-TEST/templates/templatename/images/btns/inner-btns in-sustsinability.png
2012.09.04 10:58 B C:\inetpub\wwwroot\templates\templatename\images\btns\inner-btns\in-tio2.png --> ftp3.ftptoyoursite.com /web/content/SITE-TEST/templates/templatename/images/btns/inner-btns in-tio2.png
2012.09.04 10:58 B C:\inetpub\wwwroot\templates\templatename\images\btns\inner-btns\in-universalbtn.png --> ftp3.ftptoyoursite.com /web/content/SITE-TEST/templates/templatename/images/btns/inner-btns in-universalbtn.png
2012.09.04 10:58 B C:\inetpub\wwwroot\templates\templatename\images\btns\inner-btns\locations.png --> ftp3.ftptoyoursite.com /web/content/SITE-TEST/templates/templatename/images/btns/inner-btns locations.png
2012.09.04 10:58 B C:\inetpub\wwwroot\templates\templatename\images\btns\inner-btns\processbtn.png --> ftp3.ftptoyoursite.com /web/content/SITE-TEST/templates/templatename/images/btns/inner-btns processbtn.png
2012.09.04 10:58 B C:\inetpub\wwwroot\templates\templatename\images\btns\inner-btns\sulfatebtn.png --> ftp3.ftptoyoursite.com /web/content/SITE-TEST/templates/templatename/images/btns/inner-btns sulfatebtn.png
2012.09.04 10:58 B C:\inetpub\wwwroot\templates\templatename\images\btns\inner-btns\WS_FTP.LOG --> ftp3.ftptoyoursite.com /web/content/SITE-TEST/templates/templatename/images/btns/inner-btns WS_FTP.LOG
2012.09.06 15:16 B C:\inetpub\wwwroot\templates\templatename\images\btns\inner-btns\chlorinebtn.png --> ftp3.ftptoyoursite.com /web/content/SITEBACKUP_962012/templates/templatename/images/btns/inner-btns chlorinebtn.png
2012.09.06 15:16 B C:\inetpub\wwwroot\templates\templatename\images\btns\inner-btns\in-agentbtn.png --> ftp3.ftptoyoursite.com /web/content/SITEBACKUP_962012/templates/templatename/images/btns/inner-btns in-agentbtn.png
2012.09.06 15:16 B C:\inetpub\wwwroot\templates\templatename\images\btns\inner-btns\in-brochurebtn.png --> ftp3.ftptoyoursite.com /web/content/SITEBACKUP_962012/templates/templatename/images/btns/inner-btns in-brochurebtn.png
2012.09.06 15:16 B C:\inetpub\wwwroot\templates\templatename\images\btns\inner-btns\in-contact.png --> ftp3.ftptoyoursite.com /web/content/SITEBACKUP_962012/templates/templatename/images/btns/inner-btns in-contact.png
2012.09.06 15:16 B C:\inetpub\wwwroot\templates\templatename\images\btns\inner-btns\in-drivingdirectionsbtn.png --> ftp3.ftptoyoursite.com /web/content/SITEBACKUP_962012/templates/templatename/images/btns/inner-btns in-drivingdirectionsbtn.png
2012.09.06 15:16 B C:\inetpub\wwwroot\templates\templatename\images\btns\inner-btns\in-ecochembtn.png --> ftp3.ftptoyoursite.com /web/content/SITEBACKUP_962012/templates/templatename/images/btns/inner-btns in-ecochembtn.png
2012.09.06 15:16 B C:\inetpub\wwwroot\templates\templatename\images\btns\inner-btns\in-findrepbtn.png --> ftp3.ftptoyoursite.com /web/content/SITEBACKUP_962012/templates/templatename/images/btns/inner-btns in-findrepbtn.png
2012.09.06 15:16 B C:\inetpub\wwwroot\templates\templatename\images\btns\inner-btns\in-PDFbtn.png --> ftp3.ftptoyoursite.com /web/content/SITEBACKUP_962012/templates/templatename/images/btns/inner-btns in-PDFbtn.png
2012.09.06 15:16 B C:\inetpub\wwwroot\templates\templatename\images\btns\inner-btns\in-product.png --> ftp3.ftptoyoursite.com /web/content/SITEBACKUP_962012/templates/templatename/images/btns/inner-btns in-product.png
2012.09.06 15:16 B C:\inetpub\wwwroot\templates\templatename\images\btns\inner-btns\in-sustsinability.png --> ftp3.ftptoyoursite.com /web/content/SITEBACKUP_962012/templates/templatename/images/btns/inner-btns in-sustsinability.png
2012.09.06 15:16 B C:\inetpub\wwwroot\templates\templatename\images\btns\inner-btns\in-tio2.png --> ftp3.ftptoyoursite.com /web/content/SITEBACKUP_962012/templates/templatename/images/btns/inner-btns in-tio2.png
2012.09.06 15:16 B C:\inetpub\wwwroot\templates\templatename\images\btns\inner-btns\in-universalbtn.png --> ftp3.ftptoyoursite.com /web/content/SITEBACKUP_962012/templates/templatename/images/btns/inner-btns in-universalbtn.png
2012.09.06 15:16 B C:\inetpub\wwwroot\templates\templatename\images\btns\inner-btns\locations.png --> ftp3.ftptoyoursite.com /web/content/SITEBACKUP_962012/templates/templatename/images/btns/inner-btns locations.png
2012.09.06 15:16 B C:\inetpub\wwwroot\templates\templatename\images\btns\inner-btns\processbtn.png --> ftp3.ftptoyoursite.com /web/content/SITEBACKUP_962012/templates/templatename/images/btns/inner-btns processbtn.png
2012.09.06 15:16 B C:\inetpub\wwwroot\templates\templatename\images\btns\inner-btns\sulfatebtn.png --> ftp3.ftptoyoursite.com /web/content/SITEBACKUP_962012/templates/templatename/images/btns/inner-btns sulfatebtn.png
2012.09.06 15:16 B C:\inetpub\wwwroot\templates\templatename\images\btns\inner-btns\WS_FTP.LOG --> ftp3.ftptoyoursite.com /web/content/SITEBACKUP_962012/templates/templatename/images/btns/inner-btns WS_FTP.LOG
2012.09.11 15:11 B C:\inetpub\wwwroot\templates\templatename\images\btns\inner-btns\in-ecochembtn.png <-- Schubert Rackspace /web/content/templates/templatename/images/btns/inner-btns in-ecochembtn.png
2012.09.11 15:26 B C:\inetpub\wwwroot\templates\templatename\images\btns\inner-btns\in-ecochembtn.png <-- Schubert Rackspace /web/content/templates/templatename/images/btns/inner-btns in-ecochembtn.png
2012.09.11 15:27 B C:\inetpub\wwwroot\templates\templatename\images\btns\inner-btns\in-ecochembtn.png <-- Schubert Rackspace /web/content/templates/templatename/images/btns/inner-btns in-ecochembtn.png
2012.09.20 16:46 B C:\inetpub\wwwroot\templates\templatename\images\btns\inner-btns\in-brochurebtn.png <-- Schubert Rackspace /web/content/templates/templatename/images/btns/inner-btns in-brochurebtn.png
2012.09.20 16:47 B C:\inetpub\wwwroot\templates\templatename\images\btns\inner-btns\in-brochurebtn.png <-- Schubert Rackspace /web/content/templates/templatename/images/btns/inner-btns in-brochurebtn.png
2012.10.23 09:19 B C:\inetpub\wwwroot\templates\templatename\images\btns\inner-btns\chlorinebtn.png --> ftp3.ftptoyoursite.com /web/content/templates/templatename/images/btns/inner-btns chlorinebtn.png
2012.10.23 09:19 B C:\inetpub\wwwroot\templates\templatename\images\btns\inner-btns\in-agentbtn.png --> ftp3.ftptoyoursite.com /web/content/templates/templatename/images/btns/inner-btns in-agentbtn.png
2012.10.23 09:19 B C:\inetpub\wwwroot\templates\templatename\images\btns\inner-btns\in-brochurebtn.png --> ftp3.ftptoyoursite.com /web/content/templates/templatename/images/btns/inner-btns in-brochurebtn.png
2012.10.23 09:19 B C:\inetpub\wwwroot\templates\templatename\images\btns\inner-btns\in-contact.png --> ftp3.ftptoyoursite.com /web/content/templates/templatename/images/btns/inner-btns in-contact.png
2012.10.23 09:19 B C:\inetpub\wwwroot\templates\templatename\images\btns\inner-btns\in-drivingdirectionsbtn.png --> ftp3.ftptoyoursite.com /web/content/templates/templatename/images/btns/inner-btns in-drivingdirectionsbtn.png
2012.10.23 09:19 B C:\inetpub\wwwroot\templates\templatename\images\btns\inner-btns\in-ecochembtn.png --> ftp3.ftptoyoursite.com /web/content/templates/templatename/images/btns/inner-btns in-ecochembtn.png
2012.10.23 09:19 B C:\inetpub\wwwroot\templates\templatename\images\btns\inner-btns\in-findrepbtn.png --> ftp3.ftptoyoursite.com /web/content/templates/templatename/images/btns/inner-btns in-findrepbtn.png
2012.10.23 09:19 B C:\inetpub\wwwroot\templates\templatename\images\btns\inner-btns\in-PDFbtn.png --> ftp3.ftptoyoursite.com /web/content/templates/templatename/images/btns/inner-btns in-PDFbtn.png
2012.10.23 09:19 B C:\inetpub\wwwroot\templates\templatename\images\btns\inner-btns\in-product.png --> ftp3.ftptoyoursite.com /web/content/templates/templatename/images/btns/inner-btns in-product.png
2012.10.23 09:19 B C:\inetpub\wwwroot\templates\templatename\images\btns\inner-btns\in-sustsinability.png --> ftp3.ftptoyoursite.com /web/content/templates/templatename/images/btns/inner-btns in-sustsinability.png
2012.10.23 09:19 B C:\inetpub\wwwroot\templates\templatename\images\btns\inner-btns\in-tio2.png --> ftp3.ftptoyoursite.com /web/content/templates/templatename/images/btns/inner-btns in-tio2.png
2012.10.23 09:19 B C:\inetpub\wwwroot\templates\templatename\images\btns\inner-btns\in-universalbtn.png --> ftp3.ftptoyoursite.com /web/content/templates/templatename/images/btns/inner-btns in-universalbtn.png
2012.10.23 09:19 B C:\inetpub\wwwroot\templates\templatename\images\btns\inner-btns\locations.png --> ftp3.ftptoyoursite.com /web/content/templates/templatename/images/btns/inner-btns locations.png
2012.10.23 09:19 B C:\inetpub\wwwroot\templates\templatename\images\btns\inner-btns\processbtn.png --> ftp3.ftptoyoursite.com /web/content/templates/templatename/images/btns/inner-btns processbtn.png
2012.10.23 09:19 B C:\inetpub\wwwroot\templates\templatename\images\btns\inner-btns\sulfatebtn.png --> ftp3.ftptoyoursite.com /web/content/templates/templatename/images/btns/inner-btns sulfatebtn.png
2012.10.23 09:19 B C:\inetpub\wwwroot\templates\templatename\images\btns\inner-btns\WS_FTP.LOG --> ftp3.ftptoyoursite.com /web/content/templates/templatename/images/btns/inner-btns WS_FTP.LOG
2013.02.01 15:04 B C:\inetpub\wwwroot\templates\templatename\images\btns\inner-btns\WS_FTP.LOG <-- Schubert Rackspace /web/content/templates/templatename/images/btns/inner-btns WS_FTP.LOG
