2012.07.25 12:18 B C:\Users\COBRIEN\Desktop\Schubert\libraries\joomla\updater\index.html <-- Schubert Rackspace /web/content/libraries/joomla/updater index.html
2012.07.25 12:18 B C:\Users\COBRIEN\Desktop\Schubert\libraries\joomla\updater\update.php <-- Schubert Rackspace /web/content/libraries/joomla/updater update.php
2012.07.25 12:18 B C:\Users\COBRIEN\Desktop\Schubert\libraries\joomla\updater\updateadapter.php <-- Schubert Rackspace /web/content/libraries/joomla/updater updateadapter.php
2012.07.25 12:18 B C:\Users\COBRIEN\Desktop\Schubert\libraries\joomla\updater\updater.php <-- Schubert Rackspace /web/content/libraries/joomla/updater updater.php
2012.09.04 10:54 B C:\inetpub\wwwroot\libraries\joomla\updater\index.html --> ftp3.ftptoyoursite.com /web/content/SITE-TEST/libraries/joomla/updater index.html
2012.09.04 10:54 B C:\inetpub\wwwroot\libraries\joomla\updater\update.php --> ftp3.ftptoyoursite.com /web/content/SITE-TEST/libraries/joomla/updater update.php
2012.09.04 10:54 B C:\inetpub\wwwroot\libraries\joomla\updater\updateadapter.php --> ftp3.ftptoyoursite.com /web/content/SITE-TEST/libraries/joomla/updater updateadapter.php
2012.09.04 10:54 B C:\inetpub\wwwroot\libraries\joomla\updater\updater.php --> ftp3.ftptoyoursite.com /web/content/SITE-TEST/libraries/joomla/updater updater.php
2012.09.04 10:54 B C:\inetpub\wwwroot\libraries\joomla\updater\WS_FTP.LOG --> ftp3.ftptoyoursite.com /web/content/SITE-TEST/libraries/joomla/updater WS_FTP.LOG
2012.09.06 15:13 B C:\inetpub\wwwroot\libraries\joomla\updater\index.html --> ftp3.ftptoyoursite.com /web/content/SITEBACKUP_962012/libraries/joomla/updater index.html
2012.09.06 15:13 B C:\inetpub\wwwroot\libraries\joomla\updater\update.php --> ftp3.ftptoyoursite.com /web/content/SITEBACKUP_962012/libraries/joomla/updater update.php
2012.09.06 15:13 B C:\inetpub\wwwroot\libraries\joomla\updater\updateadapter.php --> ftp3.ftptoyoursite.com /web/content/SITEBACKUP_962012/libraries/joomla/updater updateadapter.php
2012.09.06 15:13 B C:\inetpub\wwwroot\libraries\joomla\updater\updater.php --> ftp3.ftptoyoursite.com /web/content/SITEBACKUP_962012/libraries/joomla/updater updater.php
2012.09.06 15:13 B C:\inetpub\wwwroot\libraries\joomla\updater\WS_FTP.LOG --> ftp3.ftptoyoursite.com /web/content/SITEBACKUP_962012/libraries/joomla/updater WS_FTP.LOG
2012.10.23 09:15 B C:\inetpub\wwwroot\libraries\joomla\updater\index.html --> ftp3.ftptoyoursite.com /web/content/libraries/joomla/updater index.html
2012.10.23 09:15 B C:\inetpub\wwwroot\libraries\joomla\updater\update.php --> ftp3.ftptoyoursite.com /web/content/libraries/joomla/updater update.php
2012.10.23 09:15 B C:\inetpub\wwwroot\libraries\joomla\updater\updateadapter.php --> ftp3.ftptoyoursite.com /web/content/libraries/joomla/updater updateadapter.php
2012.10.23 09:15 B C:\inetpub\wwwroot\libraries\joomla\updater\updater.php --> ftp3.ftptoyoursite.com /web/content/libraries/joomla/updater updater.php
2012.10.23 09:15 B C:\inetpub\wwwroot\libraries\joomla\updater\WS_FTP.LOG --> ftp3.ftptoyoursite.com /web/content/libraries/joomla/updater WS_FTP.LOG
2013.02.01 14:54 B C:\inetpub\wwwroot\libraries\joomla\updater\WS_FTP.LOG <-- Schubert Rackspace /web/content/libraries/joomla/updater WS_FTP.LOG
