2012.07.25 12:11 B C:\Users\COBRIEN\Desktop\Schubert\administrator\components\com_newsfeeds\access.xml <-- Schubert Rackspace /web/content/administrator/components/com_newsfeeds access.xml
2012.07.25 12:11 B C:\Users\COBRIEN\Desktop\Schubert\administrator\components\com_newsfeeds\config.xml <-- Schubert Rackspace /web/content/administrator/components/com_newsfeeds config.xml
2012.07.25 12:11 B C:\Users\COBRIEN\Desktop\Schubert\administrator\components\com_newsfeeds\controller.php <-- Schubert Rackspace /web/content/administrator/components/com_newsfeeds controller.php
2012.07.25 12:11 B C:\Users\COBRIEN\Desktop\Schubert\administrator\components\com_newsfeeds\index.html <-- Schubert Rackspace /web/content/administrator/components/com_newsfeeds index.html
2012.07.25 12:11 B C:\Users\COBRIEN\Desktop\Schubert\administrator\components\com_newsfeeds\newsfeeds.php <-- Schubert Rackspace /web/content/administrator/components/com_newsfeeds newsfeeds.php
2012.07.25 12:11 B C:\Users\COBRIEN\Desktop\Schubert\administrator\components\com_newsfeeds\newsfeeds.xml <-- Schubert Rackspace /web/content/administrator/components/com_newsfeeds newsfeeds.xml
2012.09.04 10:45 B C:\inetpub\wwwroot\administrator\components\com_newsfeeds\access.xml --> ftp3.ftptoyoursite.com /web/content/SITE-TEST/administrator/components/com_newsfeeds access.xml
2012.09.04 10:45 B C:\inetpub\wwwroot\administrator\components\com_newsfeeds\config.xml --> ftp3.ftptoyoursite.com /web/content/SITE-TEST/administrator/components/com_newsfeeds config.xml
2012.09.04 10:45 B C:\inetpub\wwwroot\administrator\components\com_newsfeeds\controller.php --> ftp3.ftptoyoursite.com /web/content/SITE-TEST/administrator/components/com_newsfeeds controller.php
2012.09.04 10:45 B C:\inetpub\wwwroot\administrator\components\com_newsfeeds\index.html --> ftp3.ftptoyoursite.com /web/content/SITE-TEST/administrator/components/com_newsfeeds index.html
2012.09.04 10:45 B C:\inetpub\wwwroot\administrator\components\com_newsfeeds\newsfeeds.php --> ftp3.ftptoyoursite.com /web/content/SITE-TEST/administrator/components/com_newsfeeds newsfeeds.php
2012.09.04 10:45 B C:\inetpub\wwwroot\administrator\components\com_newsfeeds\newsfeeds.xml --> ftp3.ftptoyoursite.com /web/content/SITE-TEST/administrator/components/com_newsfeeds newsfeeds.xml
2012.09.04 10:45 B C:\inetpub\wwwroot\administrator\components\com_newsfeeds\WS_FTP.LOG --> ftp3.ftptoyoursite.com /web/content/SITE-TEST/administrator/components/com_newsfeeds WS_FTP.LOG
2012.09.06 15:02 B C:\inetpub\wwwroot\administrator\components\com_newsfeeds\access.xml --> ftp3.ftptoyoursite.com /web/content/SITEBACKUP_962012/administrator/components/com_newsfeeds access.xml
2012.09.06 15:02 B C:\inetpub\wwwroot\administrator\components\com_newsfeeds\config.xml --> ftp3.ftptoyoursite.com /web/content/SITEBACKUP_962012/administrator/components/com_newsfeeds config.xml
2012.09.06 15:02 B C:\inetpub\wwwroot\administrator\components\com_newsfeeds\controller.php --> ftp3.ftptoyoursite.com /web/content/SITEBACKUP_962012/administrator/components/com_newsfeeds controller.php
2012.09.06 15:02 B C:\inetpub\wwwroot\administrator\components\com_newsfeeds\index.html --> ftp3.ftptoyoursite.com /web/content/SITEBACKUP_962012/administrator/components/com_newsfeeds index.html
2012.09.06 15:02 B C:\inetpub\wwwroot\administrator\components\com_newsfeeds\newsfeeds.php --> ftp3.ftptoyoursite.com /web/content/SITEBACKUP_962012/administrator/components/com_newsfeeds newsfeeds.php
2012.09.06 15:02 B C:\inetpub\wwwroot\administrator\components\com_newsfeeds\newsfeeds.xml --> ftp3.ftptoyoursite.com /web/content/SITEBACKUP_962012/administrator/components/com_newsfeeds newsfeeds.xml
2012.09.06 15:02 B C:\inetpub\wwwroot\administrator\components\com_newsfeeds\WS_FTP.LOG --> ftp3.ftptoyoursite.com /web/content/SITEBACKUP_962012/administrator/components/com_newsfeeds WS_FTP.LOG
2012.09.06 15:45 B C:\inetpub\wwwroot\administrator\components\com_newsfeeds\access.xml <-- Schubert Rackspace /web/content/SITEBACKUP_962012/administrator/components/com_newsfeeds access.xml
2012.09.06 15:45 B C:\inetpub\wwwroot\administrator\components\com_newsfeeds\config.xml <-- Schubert Rackspace /web/content/SITEBACKUP_962012/administrator/components/com_newsfeeds config.xml
2012.09.06 15:45 B C:\inetpub\wwwroot\administrator\components\com_newsfeeds\controller.php <-- Schubert Rackspace /web/content/SITEBACKUP_962012/administrator/components/com_newsfeeds controller.php
2012.09.06 15:45 B C:\inetpub\wwwroot\administrator\components\com_newsfeeds\index.html <-- Schubert Rackspace /web/content/SITEBACKUP_962012/administrator/components/com_newsfeeds index.html
2012.09.06 15:45 B C:\inetpub\wwwroot\administrator\components\com_newsfeeds\newsfeeds.php <-- Schubert Rackspace /web/content/SITEBACKUP_962012/administrator/components/com_newsfeeds newsfeeds.php
2012.09.06 15:45 B C:\inetpub\wwwroot\administrator\components\com_newsfeeds\newsfeeds.xml <-- Schubert Rackspace /web/content/SITEBACKUP_962012/administrator/components/com_newsfeeds newsfeeds.xml
2012.10.23 09:06 B C:\inetpub\wwwroot\administrator\components\com_newsfeeds\access.xml --> ftp3.ftptoyoursite.com /web/content/administrator/components/com_newsfeeds access.xml
2012.10.23 09:06 B C:\inetpub\wwwroot\administrator\components\com_newsfeeds\config.xml --> ftp3.ftptoyoursite.com /web/content/administrator/components/com_newsfeeds config.xml
2012.10.23 09:06 B C:\inetpub\wwwroot\administrator\components\com_newsfeeds\controller.php --> ftp3.ftptoyoursite.com /web/content/administrator/components/com_newsfeeds controller.php
2012.10.23 09:06 B C:\inetpub\wwwroot\administrator\components\com_newsfeeds\index.html --> ftp3.ftptoyoursite.com /web/content/administrator/components/com_newsfeeds index.html
2012.10.23 09:06 B C:\inetpub\wwwroot\administrator\components\com_newsfeeds\newsfeeds.php --> ftp3.ftptoyoursite.com /web/content/administrator/components/com_newsfeeds newsfeeds.php
2012.10.23 09:06 B C:\inetpub\wwwroot\administrator\components\com_newsfeeds\newsfeeds.xml --> ftp3.ftptoyoursite.com /web/content/administrator/components/com_newsfeeds newsfeeds.xml
2012.10.23 09:06 B C:\inetpub\wwwroot\administrator\components\com_newsfeeds\WS_FTP.LOG --> ftp3.ftptoyoursite.com /web/content/administrator/components/com_newsfeeds WS_FTP.LOG
2013.02.01 14:42 B C:\inetpub\wwwroot\administrator\components\com_newsfeeds\WS_FTP.LOG <-- Schubert Rackspace /web/content/administrator/components/com_newsfeeds WS_FTP.LOG
