2012.07.25 12:18 B C:\Users\COBRIEN\Desktop\Schubert\libraries\cms.php <-- Schubert Rackspace /web/content/libraries cms.php
2012.07.25 12:18 B C:\Users\COBRIEN\Desktop\Schubert\libraries\import.php <-- Schubert Rackspace /web/content/libraries import.php
2012.07.25 12:18 B C:\Users\COBRIEN\Desktop\Schubert\libraries\index.html <-- Schubert Rackspace /web/content/libraries index.html
2012.07.25 12:18 B C:\Users\COBRIEN\Desktop\Schubert\libraries\loader.php <-- Schubert Rackspace /web/content/libraries loader.php
2012.07.25 12:18 B C:\Users\COBRIEN\Desktop\Schubert\libraries\platform.php <-- Schubert Rackspace /web/content/libraries platform.php
2012.09.04 10:54 B C:\inetpub\wwwroot\libraries\cms.php --> ftp3.ftptoyoursite.com /web/content/SITE-TEST/libraries cms.php
2012.09.04 10:54 B C:\inetpub\wwwroot\libraries\import.php --> ftp3.ftptoyoursite.com /web/content/SITE-TEST/libraries import.php
2012.09.04 10:54 B C:\inetpub\wwwroot\libraries\index.html --> ftp3.ftptoyoursite.com /web/content/SITE-TEST/libraries index.html
2012.09.04 10:54 B C:\inetpub\wwwroot\libraries\loader.php --> ftp3.ftptoyoursite.com /web/content/SITE-TEST/libraries loader.php
2012.09.04 10:54 B C:\inetpub\wwwroot\libraries\platform.php --> ftp3.ftptoyoursite.com /web/content/SITE-TEST/libraries platform.php
2012.09.04 10:54 B C:\inetpub\wwwroot\libraries\WS_FTP.LOG --> ftp3.ftptoyoursite.com /web/content/SITE-TEST/libraries WS_FTP.LOG
2012.09.06 15:13 B C:\inetpub\wwwroot\libraries\cms.php --> ftp3.ftptoyoursite.com /web/content/SITEBACKUP_962012/libraries cms.php
2012.09.06 15:13 B C:\inetpub\wwwroot\libraries\import.php --> ftp3.ftptoyoursite.com /web/content/SITEBACKUP_962012/libraries import.php
2012.09.06 15:13 B C:\inetpub\wwwroot\libraries\index.html --> ftp3.ftptoyoursite.com /web/content/SITEBACKUP_962012/libraries index.html
2012.09.06 15:13 B C:\inetpub\wwwroot\libraries\loader.php --> ftp3.ftptoyoursite.com /web/content/SITEBACKUP_962012/libraries loader.php
2012.09.06 15:13 B C:\inetpub\wwwroot\libraries\platform.php --> ftp3.ftptoyoursite.com /web/content/SITEBACKUP_962012/libraries platform.php
2012.09.06 15:13 B C:\inetpub\wwwroot\libraries\WS_FTP.LOG --> ftp3.ftptoyoursite.com /web/content/SITEBACKUP_962012/libraries WS_FTP.LOG
2012.10.23 09:15 B C:\inetpub\wwwroot\libraries\cms.php --> ftp3.ftptoyoursite.com /web/content/libraries cms.php
2012.10.23 09:15 B C:\inetpub\wwwroot\libraries\import.php --> ftp3.ftptoyoursite.com /web/content/libraries import.php
2012.10.23 09:15 B C:\inetpub\wwwroot\libraries\index.html --> ftp3.ftptoyoursite.com /web/content/libraries index.html
2012.10.23 09:15 B C:\inetpub\wwwroot\libraries\loader.php --> ftp3.ftptoyoursite.com /web/content/libraries loader.php
2012.10.23 09:15 B C:\inetpub\wwwroot\libraries\platform.php --> ftp3.ftptoyoursite.com /web/content/libraries platform.php
2012.10.23 09:15 B C:\inetpub\wwwroot\libraries\WS_FTP.LOG --> ftp3.ftptoyoursite.com /web/content/libraries WS_FTP.LOG
2013.02.01 14:55 B C:\inetpub\wwwroot\libraries\WS_FTP.LOG <-- Schubert Rackspace /web/content/libraries WS_FTP.LOG
