2012.07.25 12:16 B C:\Users\COBRIEN\Desktop\Schubert\components\com_rsform\assets\fonts\arial.ttf <-- Schubert Rackspace /web/content/components/com_rsform/assets/fonts arial.ttf
2012.07.25 12:16 B C:\Users\COBRIEN\Desktop\Schubert\components\com_rsform\assets\fonts\ariblk.ttf <-- Schubert Rackspace /web/content/components/com_rsform/assets/fonts ariblk.ttf
2012.07.25 12:16 B C:\Users\COBRIEN\Desktop\Schubert\components\com_rsform\assets\fonts\index.html <-- Schubert Rackspace /web/content/components/com_rsform/assets/fonts index.html
2012.07.25 12:16 B C:\Users\COBRIEN\Desktop\Schubert\components\com_rsform\assets\fonts\prst.ttf <-- Schubert Rackspace /web/content/components/com_rsform/assets/fonts prst.ttf
2012.07.25 12:16 B C:\Users\COBRIEN\Desktop\Schubert\components\com_rsform\assets\fonts\times.ttf <-- Schubert Rackspace /web/content/components/com_rsform/assets/fonts times.ttf
2012.09.04 10:51 B C:\inetpub\wwwroot\components\com_rsform\assets\fonts\arial.ttf --> ftp3.ftptoyoursite.com /web/content/SITE-TEST/components/com_rsform/assets/fonts arial.ttf
2012.09.04 10:51 B C:\inetpub\wwwroot\components\com_rsform\assets\fonts\ariblk.ttf --> ftp3.ftptoyoursite.com /web/content/SITE-TEST/components/com_rsform/assets/fonts ariblk.ttf
2012.09.04 10:51 B C:\inetpub\wwwroot\components\com_rsform\assets\fonts\index.html --> ftp3.ftptoyoursite.com /web/content/SITE-TEST/components/com_rsform/assets/fonts index.html
2012.09.04 10:51 B C:\inetpub\wwwroot\components\com_rsform\assets\fonts\prst.ttf --> ftp3.ftptoyoursite.com /web/content/SITE-TEST/components/com_rsform/assets/fonts prst.ttf
2012.09.04 10:51 B C:\inetpub\wwwroot\components\com_rsform\assets\fonts\times.ttf --> ftp3.ftptoyoursite.com /web/content/SITE-TEST/components/com_rsform/assets/fonts times.ttf
2012.09.04 10:51 B C:\inetpub\wwwroot\components\com_rsform\assets\fonts\WS_FTP.LOG --> ftp3.ftptoyoursite.com /web/content/SITE-TEST/components/com_rsform/assets/fonts WS_FTP.LOG
2012.09.06 15:09 B C:\inetpub\wwwroot\components\com_rsform\assets\fonts\arial.ttf --> ftp3.ftptoyoursite.com /web/content/SITEBACKUP_962012/components/com_rsform/assets/fonts arial.ttf
2012.09.06 15:09 B C:\inetpub\wwwroot\components\com_rsform\assets\fonts\ariblk.ttf --> ftp3.ftptoyoursite.com /web/content/SITEBACKUP_962012/components/com_rsform/assets/fonts ariblk.ttf
2012.09.06 15:09 B C:\inetpub\wwwroot\components\com_rsform\assets\fonts\index.html --> ftp3.ftptoyoursite.com /web/content/SITEBACKUP_962012/components/com_rsform/assets/fonts index.html
2012.09.06 15:09 B C:\inetpub\wwwroot\components\com_rsform\assets\fonts\prst.ttf --> ftp3.ftptoyoursite.com /web/content/SITEBACKUP_962012/components/com_rsform/assets/fonts prst.ttf
2012.09.06 15:09 B C:\inetpub\wwwroot\components\com_rsform\assets\fonts\times.ttf --> ftp3.ftptoyoursite.com /web/content/SITEBACKUP_962012/components/com_rsform/assets/fonts times.ttf
2012.09.06 15:09 B C:\inetpub\wwwroot\components\com_rsform\assets\fonts\WS_FTP.LOG --> ftp3.ftptoyoursite.com /web/content/SITEBACKUP_962012/components/com_rsform/assets/fonts WS_FTP.LOG
2012.09.06 15:49 B C:\inetpub\wwwroot\components\com_rsform\assets\fonts\arial.ttf <-- Schubert Rackspace /web/content/SITEBACKUP_962012/components/com_rsform/assets/fonts arial.ttf
2012.09.06 15:49 B C:\inetpub\wwwroot\components\com_rsform\assets\fonts\ariblk.ttf <-- Schubert Rackspace /web/content/SITEBACKUP_962012/components/com_rsform/assets/fonts ariblk.ttf
2012.09.06 15:49 B C:\inetpub\wwwroot\components\com_rsform\assets\fonts\index.html <-- Schubert Rackspace /web/content/SITEBACKUP_962012/components/com_rsform/assets/fonts index.html
2012.09.06 15:49 B C:\inetpub\wwwroot\components\com_rsform\assets\fonts\prst.ttf <-- Schubert Rackspace /web/content/SITEBACKUP_962012/components/com_rsform/assets/fonts prst.ttf
2012.09.06 15:49 B C:\inetpub\wwwroot\components\com_rsform\assets\fonts\times.ttf <-- Schubert Rackspace /web/content/SITEBACKUP_962012/components/com_rsform/assets/fonts times.ttf
2012.10.23 09:12 B C:\inetpub\wwwroot\components\com_rsform\assets\fonts\arial.ttf --> ftp3.ftptoyoursite.com /web/content/components/com_rsform/assets/fonts arial.ttf
2012.10.23 09:12 B C:\inetpub\wwwroot\components\com_rsform\assets\fonts\ariblk.ttf --> ftp3.ftptoyoursite.com /web/content/components/com_rsform/assets/fonts ariblk.ttf
2012.10.23 09:12 B C:\inetpub\wwwroot\components\com_rsform\assets\fonts\index.html --> ftp3.ftptoyoursite.com /web/content/components/com_rsform/assets/fonts index.html
2012.10.23 09:12 B C:\inetpub\wwwroot\components\com_rsform\assets\fonts\prst.ttf --> ftp3.ftptoyoursite.com /web/content/components/com_rsform/assets/fonts prst.ttf
2012.10.23 09:12 B C:\inetpub\wwwroot\components\com_rsform\assets\fonts\times.ttf --> ftp3.ftptoyoursite.com /web/content/components/com_rsform/assets/fonts times.ttf
2012.10.23 09:12 B C:\inetpub\wwwroot\components\com_rsform\assets\fonts\WS_FTP.LOG --> ftp3.ftptoyoursite.com /web/content/components/com_rsform/assets/fonts WS_FTP.LOG
2013.02.01 14:49 B C:\inetpub\wwwroot\components\com_rsform\assets\fonts\WS_FTP.LOG <-- Schubert Rackspace /web/content/components/com_rsform/assets/fonts WS_FTP.LOG
