2012.07.25 12:14 B C:\Users\COBRIEN\Desktop\Schubert\components\com_acesearch\views\search\tmpl\default.php <-- Schubert Rackspace /web/content/components/com_acesearch/views/search/tmpl default.php
2012.07.25 12:14 B C:\Users\COBRIEN\Desktop\Schubert\components\com_acesearch\views\search\tmpl\default.xml <-- Schubert Rackspace /web/content/components/com_acesearch/views/search/tmpl default.xml
2012.07.25 12:14 B C:\Users\COBRIEN\Desktop\Schubert\components\com_acesearch\views\search\tmpl\default_google.php <-- Schubert Rackspace /web/content/components/com_acesearch/views/search/tmpl default_google.php
2012.07.25 12:14 B C:\Users\COBRIEN\Desktop\Schubert\components\com_acesearch\views\search\tmpl\default_results.php <-- Schubert Rackspace /web/content/components/com_acesearch/views/search/tmpl default_results.php
2012.07.25 12:14 B C:\Users\COBRIEN\Desktop\Schubert\components\com_acesearch\views\search\tmpl\default_results_google.php <-- Schubert Rackspace /web/content/components/com_acesearch/views/search/tmpl default_results_google.php
2012.07.25 12:14 B C:\Users\COBRIEN\Desktop\Schubert\components\com_acesearch\views\search\tmpl\default_results_table.php <-- Schubert Rackspace /web/content/components/com_acesearch/views/search/tmpl default_results_table.php
2012.07.25 12:14 B C:\Users\COBRIEN\Desktop\Schubert\components\com_acesearch\views\search\tmpl\index.html <-- Schubert Rackspace /web/content/components/com_acesearch/views/search/tmpl index.html
2012.09.04 10:50 B C:\inetpub\wwwroot\components\com_acesearch\views\search\tmpl\default.php --> ftp3.ftptoyoursite.com /web/content/SITE-TEST/components/com_acesearch/views/search/tmpl default.php
2012.09.04 10:50 B C:\inetpub\wwwroot\components\com_acesearch\views\search\tmpl\default.xml --> ftp3.ftptoyoursite.com /web/content/SITE-TEST/components/com_acesearch/views/search/tmpl default.xml
2012.09.04 10:50 B C:\inetpub\wwwroot\components\com_acesearch\views\search\tmpl\default_google.php --> ftp3.ftptoyoursite.com /web/content/SITE-TEST/components/com_acesearch/views/search/tmpl default_google.php
2012.09.04 10:50 B C:\inetpub\wwwroot\components\com_acesearch\views\search\tmpl\default_results.php --> ftp3.ftptoyoursite.com /web/content/SITE-TEST/components/com_acesearch/views/search/tmpl default_results.php
2012.09.04 10:50 B C:\inetpub\wwwroot\components\com_acesearch\views\search\tmpl\default_results_google.php --> ftp3.ftptoyoursite.com /web/content/SITE-TEST/components/com_acesearch/views/search/tmpl default_results_google.php
2012.09.04 10:50 B C:\inetpub\wwwroot\components\com_acesearch\views\search\tmpl\default_results_table.php --> ftp3.ftptoyoursite.com /web/content/SITE-TEST/components/com_acesearch/views/search/tmpl default_results_table.php
2012.09.04 10:50 B C:\inetpub\wwwroot\components\com_acesearch\views\search\tmpl\index.html --> ftp3.ftptoyoursite.com /web/content/SITE-TEST/components/com_acesearch/views/search/tmpl index.html
2012.09.04 10:50 B C:\inetpub\wwwroot\components\com_acesearch\views\search\tmpl\WS_FTP.LOG --> ftp3.ftptoyoursite.com /web/content/SITE-TEST/components/com_acesearch/views/search/tmpl WS_FTP.LOG
2012.09.06 15:07 B C:\inetpub\wwwroot\components\com_acesearch\views\search\tmpl\default.php --> ftp3.ftptoyoursite.com /web/content/SITEBACKUP_962012/components/com_acesearch/views/search/tmpl default.php
2012.09.06 15:07 B C:\inetpub\wwwroot\components\com_acesearch\views\search\tmpl\default.xml --> ftp3.ftptoyoursite.com /web/content/SITEBACKUP_962012/components/com_acesearch/views/search/tmpl default.xml
2012.09.06 15:07 B C:\inetpub\wwwroot\components\com_acesearch\views\search\tmpl\default_google.php --> ftp3.ftptoyoursite.com /web/content/SITEBACKUP_962012/components/com_acesearch/views/search/tmpl default_google.php
2012.09.06 15:07 B C:\inetpub\wwwroot\components\com_acesearch\views\search\tmpl\default_results.php --> ftp3.ftptoyoursite.com /web/content/SITEBACKUP_962012/components/com_acesearch/views/search/tmpl default_results.php
2012.09.06 15:07 B C:\inetpub\wwwroot\components\com_acesearch\views\search\tmpl\default_results_google.php --> ftp3.ftptoyoursite.com /web/content/SITEBACKUP_962012/components/com_acesearch/views/search/tmpl default_results_google.php
2012.09.06 15:07 B C:\inetpub\wwwroot\components\com_acesearch\views\search\tmpl\default_results_table.php --> ftp3.ftptoyoursite.com /web/content/SITEBACKUP_962012/components/com_acesearch/views/search/tmpl default_results_table.php
2012.09.06 15:07 B C:\inetpub\wwwroot\components\com_acesearch\views\search\tmpl\index.html --> ftp3.ftptoyoursite.com /web/content/SITEBACKUP_962012/components/com_acesearch/views/search/tmpl index.html
2012.09.06 15:07 B C:\inetpub\wwwroot\components\com_acesearch\views\search\tmpl\WS_FTP.LOG --> ftp3.ftptoyoursite.com /web/content/SITEBACKUP_962012/components/com_acesearch/views/search/tmpl WS_FTP.LOG
2012.09.06 15:48 B C:\inetpub\wwwroot\components\com_acesearch\views\search\tmpl\default.php <-- Schubert Rackspace /web/content/SITEBACKUP_962012/components/com_acesearch/views/search/tmpl default.php
2012.09.06 15:48 B C:\inetpub\wwwroot\components\com_acesearch\views\search\tmpl\default.xml <-- Schubert Rackspace /web/content/SITEBACKUP_962012/components/com_acesearch/views/search/tmpl default.xml
2012.09.06 15:48 B C:\inetpub\wwwroot\components\com_acesearch\views\search\tmpl\default_google.php <-- Schubert Rackspace /web/content/SITEBACKUP_962012/components/com_acesearch/views/search/tmpl default_google.php
2012.09.06 15:48 B C:\inetpub\wwwroot\components\com_acesearch\views\search\tmpl\default_results.php <-- Schubert Rackspace /web/content/SITEBACKUP_962012/components/com_acesearch/views/search/tmpl default_results.php
2012.09.06 15:48 B C:\inetpub\wwwroot\components\com_acesearch\views\search\tmpl\default_results_google.php <-- Schubert Rackspace /web/content/SITEBACKUP_962012/components/com_acesearch/views/search/tmpl default_results_google.php
2012.09.06 15:48 B C:\inetpub\wwwroot\components\com_acesearch\views\search\tmpl\default_results_table.php <-- Schubert Rackspace /web/content/SITEBACKUP_962012/components/com_acesearch/views/search/tmpl default_results_table.php
2012.09.06 15:48 B C:\inetpub\wwwroot\components\com_acesearch\views\search\tmpl\index.html <-- Schubert Rackspace /web/content/SITEBACKUP_962012/components/com_acesearch/views/search/tmpl index.html
2012.10.23 09:11 B C:\inetpub\wwwroot\components\com_acesearch\views\search\tmpl\default.php --> ftp3.ftptoyoursite.com /web/content/components/com_acesearch/views/search/tmpl default.php
2012.10.23 09:11 B C:\inetpub\wwwroot\components\com_acesearch\views\search\tmpl\default.xml --> ftp3.ftptoyoursite.com /web/content/components/com_acesearch/views/search/tmpl default.xml
2012.10.23 09:11 B C:\inetpub\wwwroot\components\com_acesearch\views\search\tmpl\default_google.php --> ftp3.ftptoyoursite.com /web/content/components/com_acesearch/views/search/tmpl default_google.php
2012.10.23 09:11 B C:\inetpub\wwwroot\components\com_acesearch\views\search\tmpl\default_results.php --> ftp3.ftptoyoursite.com /web/content/components/com_acesearch/views/search/tmpl default_results.php
2012.10.23 09:11 B C:\inetpub\wwwroot\components\com_acesearch\views\search\tmpl\default_results_google.php --> ftp3.ftptoyoursite.com /web/content/components/com_acesearch/views/search/tmpl default_results_google.php
2012.10.23 09:11 B C:\inetpub\wwwroot\components\com_acesearch\views\search\tmpl\default_results_table.php --> ftp3.ftptoyoursite.com /web/content/components/com_acesearch/views/search/tmpl default_results_table.php
2012.10.23 09:11 B C:\inetpub\wwwroot\components\com_acesearch\views\search\tmpl\index.html --> ftp3.ftptoyoursite.com /web/content/components/com_acesearch/views/search/tmpl index.html
2012.10.23 09:11 B C:\inetpub\wwwroot\components\com_acesearch\views\search\tmpl\WS_FTP.LOG --> ftp3.ftptoyoursite.com /web/content/components/com_acesearch/views/search/tmpl WS_FTP.LOG
2013.02.01 14:47 B C:\inetpub\wwwroot\components\com_acesearch\views\search\tmpl\WS_FTP.LOG <-- Schubert Rackspace /web/content/components/com_acesearch/views/search/tmpl WS_FTP.LOG
