2012.07.25 12:12 B C:\Users\COBRIEN\Desktop\Schubert\administrator\components\com_templates\controllers\index.html <-- Schubert Rackspace /web/content/administrator/components/com_templates/controllers index.html
2012.07.25 12:12 B C:\Users\COBRIEN\Desktop\Schubert\administrator\components\com_templates\controllers\source.php <-- Schubert Rackspace /web/content/administrator/components/com_templates/controllers source.php
2012.07.25 12:12 B C:\Users\COBRIEN\Desktop\Schubert\administrator\components\com_templates\controllers\style.php <-- Schubert Rackspace /web/content/administrator/components/com_templates/controllers style.php
2012.07.25 12:12 B C:\Users\COBRIEN\Desktop\Schubert\administrator\components\com_templates\controllers\styles.php <-- Schubert Rackspace /web/content/administrator/components/com_templates/controllers styles.php
2012.07.25 12:12 B C:\Users\COBRIEN\Desktop\Schubert\administrator\components\com_templates\controllers\template.php <-- Schubert Rackspace /web/content/administrator/components/com_templates/controllers template.php
2012.09.04 10:46 B C:\inetpub\wwwroot\administrator\components\com_templates\controllers\index.html --> ftp3.ftptoyoursite.com /web/content/SITE-TEST/administrator/components/com_templates/controllers index.html
2012.09.04 10:46 B C:\inetpub\wwwroot\administrator\components\com_templates\controllers\source.php --> ftp3.ftptoyoursite.com /web/content/SITE-TEST/administrator/components/com_templates/controllers source.php
2012.09.04 10:46 B C:\inetpub\wwwroot\administrator\components\com_templates\controllers\style.php --> ftp3.ftptoyoursite.com /web/content/SITE-TEST/administrator/components/com_templates/controllers style.php
2012.09.04 10:46 B C:\inetpub\wwwroot\administrator\components\com_templates\controllers\styles.php --> ftp3.ftptoyoursite.com /web/content/SITE-TEST/administrator/components/com_templates/controllers styles.php
2012.09.04 10:46 B C:\inetpub\wwwroot\administrator\components\com_templates\controllers\template.php --> ftp3.ftptoyoursite.com /web/content/SITE-TEST/administrator/components/com_templates/controllers template.php
2012.09.04 10:46 B C:\inetpub\wwwroot\administrator\components\com_templates\controllers\WS_FTP.LOG --> ftp3.ftptoyoursite.com /web/content/SITE-TEST/administrator/components/com_templates/controllers WS_FTP.LOG
2012.09.06 15:03 B C:\inetpub\wwwroot\administrator\components\com_templates\controllers\index.html --> ftp3.ftptoyoursite.com /web/content/SITEBACKUP_962012/administrator/components/com_templates/controllers index.html
2012.09.06 15:03 B C:\inetpub\wwwroot\administrator\components\com_templates\controllers\source.php --> ftp3.ftptoyoursite.com /web/content/SITEBACKUP_962012/administrator/components/com_templates/controllers source.php
2012.09.06 15:03 B C:\inetpub\wwwroot\administrator\components\com_templates\controllers\style.php --> ftp3.ftptoyoursite.com /web/content/SITEBACKUP_962012/administrator/components/com_templates/controllers style.php
2012.09.06 15:03 B C:\inetpub\wwwroot\administrator\components\com_templates\controllers\styles.php --> ftp3.ftptoyoursite.com /web/content/SITEBACKUP_962012/administrator/components/com_templates/controllers styles.php
2012.09.06 15:03 B C:\inetpub\wwwroot\administrator\components\com_templates\controllers\template.php --> ftp3.ftptoyoursite.com /web/content/SITEBACKUP_962012/administrator/components/com_templates/controllers template.php
2012.09.06 15:03 B C:\inetpub\wwwroot\administrator\components\com_templates\controllers\WS_FTP.LOG --> ftp3.ftptoyoursite.com /web/content/SITEBACKUP_962012/administrator/components/com_templates/controllers WS_FTP.LOG
2012.09.06 15:45 B C:\inetpub\wwwroot\administrator\components\com_templates\controllers\index.html <-- Schubert Rackspace /web/content/SITEBACKUP_962012/administrator/components/com_templates/controllers index.html
2012.09.06 15:45 B C:\inetpub\wwwroot\administrator\components\com_templates\controllers\source.php <-- Schubert Rackspace /web/content/SITEBACKUP_962012/administrator/components/com_templates/controllers source.php
2012.09.06 15:45 B C:\inetpub\wwwroot\administrator\components\com_templates\controllers\style.php <-- Schubert Rackspace /web/content/SITEBACKUP_962012/administrator/components/com_templates/controllers style.php
2012.09.06 15:45 B C:\inetpub\wwwroot\administrator\components\com_templates\controllers\styles.php <-- Schubert Rackspace /web/content/SITEBACKUP_962012/administrator/components/com_templates/controllers styles.php
2012.09.06 15:45 B C:\inetpub\wwwroot\administrator\components\com_templates\controllers\template.php <-- Schubert Rackspace /web/content/SITEBACKUP_962012/administrator/components/com_templates/controllers template.php
2012.10.23 09:07 B C:\inetpub\wwwroot\administrator\components\com_templates\controllers\index.html --> ftp3.ftptoyoursite.com /web/content/administrator/components/com_templates/controllers index.html
2012.10.23 09:07 B C:\inetpub\wwwroot\administrator\components\com_templates\controllers\source.php --> ftp3.ftptoyoursite.com /web/content/administrator/components/com_templates/controllers source.php
2012.10.23 09:07 B C:\inetpub\wwwroot\administrator\components\com_templates\controllers\style.php --> ftp3.ftptoyoursite.com /web/content/administrator/components/com_templates/controllers style.php
2012.10.23 09:07 B C:\inetpub\wwwroot\administrator\components\com_templates\controllers\styles.php --> ftp3.ftptoyoursite.com /web/content/administrator/components/com_templates/controllers styles.php
2012.10.23 09:07 B C:\inetpub\wwwroot\administrator\components\com_templates\controllers\template.php --> ftp3.ftptoyoursite.com /web/content/administrator/components/com_templates/controllers template.php
2012.10.23 09:07 B C:\inetpub\wwwroot\administrator\components\com_templates\controllers\WS_FTP.LOG --> ftp3.ftptoyoursite.com /web/content/administrator/components/com_templates/controllers WS_FTP.LOG
2013.02.01 14:43 B C:\inetpub\wwwroot\administrator\components\com_templates\controllers\WS_FTP.LOG <-- Schubert Rackspace /web/content/administrator/components/com_templates/controllers WS_FTP.LOG
