2012.07.25 12:13 B C:\Users\COBRIEN\Desktop\Schubert\administrator\templates\bluestork\images\admin\blank.png <-- Schubert Rackspace /web/content/administrator/templates/bluestork/images/admin blank.png
2012.07.25 12:13 B C:\Users\COBRIEN\Desktop\Schubert\administrator\templates\bluestork\images\admin\checked_out.png <-- Schubert Rackspace /web/content/administrator/templates/bluestork/images/admin checked_out.png
2012.07.25 12:13 B C:\Users\COBRIEN\Desktop\Schubert\administrator\templates\bluestork\images\admin\collapseall.png <-- Schubert Rackspace /web/content/administrator/templates/bluestork/images/admin collapseall.png
2012.07.25 12:13 B C:\Users\COBRIEN\Desktop\Schubert\administrator\templates\bluestork\images\admin\disabled.png <-- Schubert Rackspace /web/content/administrator/templates/bluestork/images/admin disabled.png
2012.07.25 12:13 B C:\Users\COBRIEN\Desktop\Schubert\administrator\templates\bluestork\images\admin\downarrow-1.png <-- Schubert Rackspace /web/content/administrator/templates/bluestork/images/admin downarrow-1.png
2012.07.25 12:13 B C:\Users\COBRIEN\Desktop\Schubert\administrator\templates\bluestork\images\admin\downarrow.png <-- Schubert Rackspace /web/content/administrator/templates/bluestork/images/admin downarrow.png
2012.07.25 12:13 B C:\Users\COBRIEN\Desktop\Schubert\administrator\templates\bluestork\images\admin\downarrow0.png <-- Schubert Rackspace /web/content/administrator/templates/bluestork/images/admin downarrow0.png
2012.07.25 12:13 B C:\Users\COBRIEN\Desktop\Schubert\administrator\templates\bluestork\images\admin\expandall.png <-- Schubert Rackspace /web/content/administrator/templates/bluestork/images/admin expandall.png
2012.07.25 12:13 B C:\Users\COBRIEN\Desktop\Schubert\administrator\templates\bluestork\images\admin\featured.png <-- Schubert Rackspace /web/content/administrator/templates/bluestork/images/admin featured.png
2012.07.25 12:13 B C:\Users\COBRIEN\Desktop\Schubert\administrator\templates\bluestork\images\admin\filesave.png <-- Schubert Rackspace /web/content/administrator/templates/bluestork/images/admin filesave.png
2012.07.25 12:13 B C:\Users\COBRIEN\Desktop\Schubert\administrator\templates\bluestork\images\admin\filter_16.png <-- Schubert Rackspace /web/content/administrator/templates/bluestork/images/admin filter_16.png
2012.07.25 12:13 B C:\Users\COBRIEN\Desktop\Schubert\administrator\templates\bluestork\images\admin\icon-16-add.png <-- Schubert Rackspace /web/content/administrator/templates/bluestork/images/admin icon-16-add.png
2012.07.25 12:13 B C:\Users\COBRIEN\Desktop\Schubert\administrator\templates\bluestork\images\admin\icon-16-allow.png <-- Schubert Rackspace /web/content/administrator/templates/bluestork/images/admin icon-16-allow.png
2012.07.25 12:13 B C:\Users\COBRIEN\Desktop\Schubert\administrator\templates\bluestork\images\admin\icon-16-allowinactive.png <-- Schubert Rackspace /web/content/administrator/templates/bluestork/images/admin icon-16-allowinactive.png
2012.07.25 12:13 B C:\Users\COBRIEN\Desktop\Schubert\administrator\templates\bluestork\images\admin\icon-16-deny.png <-- Schubert Rackspace /web/content/administrator/templates/bluestork/images/admin icon-16-deny.png
2012.07.25 12:13 B C:\Users\COBRIEN\Desktop\Schubert\administrator\templates\bluestork\images\admin\icon-16-denyinactive.png <-- Schubert Rackspace /web/content/administrator/templates/bluestork/images/admin icon-16-denyinactive.png
2012.07.25 12:13 B C:\Users\COBRIEN\Desktop\Schubert\administrator\templates\bluestork\images\admin\icon-16-notice-note.png <-- Schubert Rackspace /web/content/administrator/templates/bluestork/images/admin icon-16-notice-note.png
2012.07.25 12:13 B C:\Users\COBRIEN\Desktop\Schubert\administrator\templates\bluestork\images\admin\icon-16-protected.png <-- Schubert Rackspace /web/content/administrator/templates/bluestork/images/admin icon-16-protected.png
2012.07.25 12:13 B C:\Users\COBRIEN\Desktop\Schubert\administrator\templates\bluestork\images\admin\index.html <-- Schubert Rackspace /web/content/administrator/templates/bluestork/images/admin index.html
2012.07.25 12:13 B C:\Users\COBRIEN\Desktop\Schubert\administrator\templates\bluestork\images\admin\menu_divider.png <-- Schubert Rackspace /web/content/administrator/templates/bluestork/images/admin menu_divider.png
2012.07.25 12:13 B C:\Users\COBRIEN\Desktop\Schubert\administrator\templates\bluestork\images\admin\note_add_16.png <-- Schubert Rackspace /web/content/administrator/templates/bluestork/images/admin note_add_16.png
2012.07.25 12:13 B C:\Users\COBRIEN\Desktop\Schubert\administrator\templates\bluestork\images\admin\publish_g.png <-- Schubert Rackspace /web/content/administrator/templates/bluestork/images/admin publish_g.png
2012.07.25 12:13 B C:\Users\COBRIEN\Desktop\Schubert\administrator\templates\bluestork\images\admin\publish_r.png <-- Schubert Rackspace /web/content/administrator/templates/bluestork/images/admin publish_r.png
2012.07.25 12:13 B C:\Users\COBRIEN\Desktop\Schubert\administrator\templates\bluestork\images\admin\publish_x.png <-- Schubert Rackspace /web/content/administrator/templates/bluestork/images/admin publish_x.png
2012.07.25 12:13 B C:\Users\COBRIEN\Desktop\Schubert\administrator\templates\bluestork\images\admin\publish_y.png <-- Schubert Rackspace /web/content/administrator/templates/bluestork/images/admin publish_y.png
2012.07.25 12:13 B C:\Users\COBRIEN\Desktop\Schubert\administrator\templates\bluestork\images\admin\sort_asc.png <-- Schubert Rackspace /web/content/administrator/templates/bluestork/images/admin sort_asc.png
2012.07.25 12:13 B C:\Users\COBRIEN\Desktop\Schubert\administrator\templates\bluestork\images\admin\sort_desc.png <-- Schubert Rackspace /web/content/administrator/templates/bluestork/images/admin sort_desc.png
2012.07.25 12:13 B C:\Users\COBRIEN\Desktop\Schubert\administrator\templates\bluestork\images\admin\tick.png <-- Schubert Rackspace /web/content/administrator/templates/bluestork/images/admin tick.png
2012.07.25 12:13 B C:\Users\COBRIEN\Desktop\Schubert\administrator\templates\bluestork\images\admin\trash.png <-- Schubert Rackspace /web/content/administrator/templates/bluestork/images/admin trash.png
2012.07.25 12:13 B C:\Users\COBRIEN\Desktop\Schubert\administrator\templates\bluestork\images\admin\uparrow-1.png <-- Schubert Rackspace /web/content/administrator/templates/bluestork/images/admin uparrow-1.png
2012.07.25 12:13 B C:\Users\COBRIEN\Desktop\Schubert\administrator\templates\bluestork\images\admin\uparrow.png <-- Schubert Rackspace /web/content/administrator/templates/bluestork/images/admin uparrow.png
2012.07.25 12:13 B C:\Users\COBRIEN\Desktop\Schubert\administrator\templates\bluestork\images\admin\uparrow0.png <-- Schubert Rackspace /web/content/administrator/templates/bluestork/images/admin uparrow0.png
2012.09.04 10:48 B C:\inetpub\wwwroot\administrator\templates\bluestork\images\admin\blank.png --> ftp3.ftptoyoursite.com /web/content/SITE-TEST/administrator/templates/bluestork/images/admin blank.png
2012.09.04 10:48 B C:\inetpub\wwwroot\administrator\templates\bluestork\images\admin\checked_out.png --> ftp3.ftptoyoursite.com /web/content/SITE-TEST/administrator/templates/bluestork/images/admin checked_out.png
2012.09.04 10:48 B C:\inetpub\wwwroot\administrator\templates\bluestork\images\admin\collapseall.png --> ftp3.ftptoyoursite.com /web/content/SITE-TEST/administrator/templates/bluestork/images/admin collapseall.png
2012.09.04 10:48 B C:\inetpub\wwwroot\administrator\templates\bluestork\images\admin\disabled.png --> ftp3.ftptoyoursite.com /web/content/SITE-TEST/administrator/templates/bluestork/images/admin disabled.png
2012.09.04 10:48 B C:\inetpub\wwwroot\administrator\templates\bluestork\images\admin\downarrow-1.png --> ftp3.ftptoyoursite.com /web/content/SITE-TEST/administrator/templates/bluestork/images/admin downarrow-1.png
2012.09.04 10:48 B C:\inetpub\wwwroot\administrator\templates\bluestork\images\admin\downarrow.png --> ftp3.ftptoyoursite.com /web/content/SITE-TEST/administrator/templates/bluestork/images/admin downarrow.png
2012.09.04 10:48 B C:\inetpub\wwwroot\administrator\templates\bluestork\images\admin\downarrow0.png --> ftp3.ftptoyoursite.com /web/content/SITE-TEST/administrator/templates/bluestork/images/admin downarrow0.png
2012.09.04 10:48 B C:\inetpub\wwwroot\administrator\templates\bluestork\images\admin\expandall.png --> ftp3.ftptoyoursite.com /web/content/SITE-TEST/administrator/templates/bluestork/images/admin expandall.png
2012.09.04 10:48 B C:\inetpub\wwwroot\administrator\templates\bluestork\images\admin\featured.png --> ftp3.ftptoyoursite.com /web/content/SITE-TEST/administrator/templates/bluestork/images/admin featured.png
2012.09.04 10:48 B C:\inetpub\wwwroot\administrator\templates\bluestork\images\admin\filesave.png --> ftp3.ftptoyoursite.com /web/content/SITE-TEST/administrator/templates/bluestork/images/admin filesave.png
2012.09.04 10:48 B C:\inetpub\wwwroot\administrator\templates\bluestork\images\admin\filter_16.png --> ftp3.ftptoyoursite.com /web/content/SITE-TEST/administrator/templates/bluestork/images/admin filter_16.png
2012.09.04 10:48 B C:\inetpub\wwwroot\administrator\templates\bluestork\images\admin\icon-16-add.png --> ftp3.ftptoyoursite.com /web/content/SITE-TEST/administrator/templates/bluestork/images/admin icon-16-add.png
2012.09.04 10:48 B C:\inetpub\wwwroot\administrator\templates\bluestork\images\admin\icon-16-allow.png --> ftp3.ftptoyoursite.com /web/content/SITE-TEST/administrator/templates/bluestork/images/admin icon-16-allow.png
2012.09.04 10:48 B C:\inetpub\wwwroot\administrator\templates\bluestork\images\admin\icon-16-allowinactive.png --> ftp3.ftptoyoursite.com /web/content/SITE-TEST/administrator/templates/bluestork/images/admin icon-16-allowinactive.png
2012.09.04 10:48 B C:\inetpub\wwwroot\administrator\templates\bluestork\images\admin\icon-16-deny.png --> ftp3.ftptoyoursite.com /web/content/SITE-TEST/administrator/templates/bluestork/images/admin icon-16-deny.png
2012.09.04 10:48 B C:\inetpub\wwwroot\administrator\templates\bluestork\images\admin\icon-16-denyinactive.png --> ftp3.ftptoyoursite.com /web/content/SITE-TEST/administrator/templates/bluestork/images/admin icon-16-denyinactive.png
2012.09.04 10:48 B C:\inetpub\wwwroot\administrator\templates\bluestork\images\admin\icon-16-notice-note.png --> ftp3.ftptoyoursite.com /web/content/SITE-TEST/administrator/templates/bluestork/images/admin icon-16-notice-note.png
2012.09.04 10:48 B C:\inetpub\wwwroot\administrator\templates\bluestork\images\admin\icon-16-protected.png --> ftp3.ftptoyoursite.com /web/content/SITE-TEST/administrator/templates/bluestork/images/admin icon-16-protected.png
2012.09.04 10:48 B C:\inetpub\wwwroot\administrator\templates\bluestork\images\admin\index.html --> ftp3.ftptoyoursite.com /web/content/SITE-TEST/administrator/templates/bluestork/images/admin index.html
2012.09.04 10:48 B C:\inetpub\wwwroot\administrator\templates\bluestork\images\admin\menu_divider.png --> ftp3.ftptoyoursite.com /web/content/SITE-TEST/administrator/templates/bluestork/images/admin menu_divider.png
2012.09.04 10:48 B C:\inetpub\wwwroot\administrator\templates\bluestork\images\admin\note_add_16.png --> ftp3.ftptoyoursite.com /web/content/SITE-TEST/administrator/templates/bluestork/images/admin note_add_16.png
2012.09.04 10:48 B C:\inetpub\wwwroot\administrator\templates\bluestork\images\admin\publish_g.png --> ftp3.ftptoyoursite.com /web/content/SITE-TEST/administrator/templates/bluestork/images/admin publish_g.png
2012.09.04 10:48 B C:\inetpub\wwwroot\administrator\templates\bluestork\images\admin\publish_r.png --> ftp3.ftptoyoursite.com /web/content/SITE-TEST/administrator/templates/bluestork/images/admin publish_r.png
2012.09.04 10:48 B C:\inetpub\wwwroot\administrator\templates\bluestork\images\admin\publish_x.png --> ftp3.ftptoyoursite.com /web/content/SITE-TEST/administrator/templates/bluestork/images/admin publish_x.png
2012.09.04 10:48 B C:\inetpub\wwwroot\administrator\templates\bluestork\images\admin\publish_y.png --> ftp3.ftptoyoursite.com /web/content/SITE-TEST/administrator/templates/bluestork/images/admin publish_y.png
2012.09.04 10:48 B C:\inetpub\wwwroot\administrator\templates\bluestork\images\admin\sort_asc.png --> ftp3.ftptoyoursite.com /web/content/SITE-TEST/administrator/templates/bluestork/images/admin sort_asc.png
2012.09.04 10:48 B C:\inetpub\wwwroot\administrator\templates\bluestork\images\admin\sort_desc.png --> ftp3.ftptoyoursite.com /web/content/SITE-TEST/administrator/templates/bluestork/images/admin sort_desc.png
2012.09.04 10:48 B C:\inetpub\wwwroot\administrator\templates\bluestork\images\admin\tick.png --> ftp3.ftptoyoursite.com /web/content/SITE-TEST/administrator/templates/bluestork/images/admin tick.png
2012.09.04 10:48 B C:\inetpub\wwwroot\administrator\templates\bluestork\images\admin\trash.png --> ftp3.ftptoyoursite.com /web/content/SITE-TEST/administrator/templates/bluestork/images/admin trash.png
2012.09.04 10:48 B C:\inetpub\wwwroot\administrator\templates\bluestork\images\admin\uparrow-1.png --> ftp3.ftptoyoursite.com /web/content/SITE-TEST/administrator/templates/bluestork/images/admin uparrow-1.png
2012.09.04 10:48 B C:\inetpub\wwwroot\administrator\templates\bluestork\images\admin\uparrow.png --> ftp3.ftptoyoursite.com /web/content/SITE-TEST/administrator/templates/bluestork/images/admin uparrow.png
2012.09.04 10:48 B C:\inetpub\wwwroot\administrator\templates\bluestork\images\admin\uparrow0.png --> ftp3.ftptoyoursite.com /web/content/SITE-TEST/administrator/templates/bluestork/images/admin uparrow0.png
2012.09.04 10:48 B C:\inetpub\wwwroot\administrator\templates\bluestork\images\admin\WS_FTP.LOG --> ftp3.ftptoyoursite.com /web/content/SITE-TEST/administrator/templates/bluestork/images/admin WS_FTP.LOG
2012.09.06 15:05 B C:\inetpub\wwwroot\administrator\templates\bluestork\images\admin\blank.png --> ftp3.ftptoyoursite.com /web/content/SITEBACKUP_962012/administrator/templates/bluestork/images/admin blank.png
2012.09.06 15:05 B C:\inetpub\wwwroot\administrator\templates\bluestork\images\admin\checked_out.png --> ftp3.ftptoyoursite.com /web/content/SITEBACKUP_962012/administrator/templates/bluestork/images/admin checked_out.png
2012.09.06 15:05 B C:\inetpub\wwwroot\administrator\templates\bluestork\images\admin\collapseall.png --> ftp3.ftptoyoursite.com /web/content/SITEBACKUP_962012/administrator/templates/bluestork/images/admin collapseall.png
2012.09.06 15:05 B C:\inetpub\wwwroot\administrator\templates\bluestork\images\admin\disabled.png --> ftp3.ftptoyoursite.com /web/content/SITEBACKUP_962012/administrator/templates/bluestork/images/admin disabled.png
2012.09.06 15:05 B C:\inetpub\wwwroot\administrator\templates\bluestork\images\admin\downarrow-1.png --> ftp3.ftptoyoursite.com /web/content/SITEBACKUP_962012/administrator/templates/bluestork/images/admin downarrow-1.png
2012.09.06 15:05 B C:\inetpub\wwwroot\administrator\templates\bluestork\images\admin\downarrow.png --> ftp3.ftptoyoursite.com /web/content/SITEBACKUP_962012/administrator/templates/bluestork/images/admin downarrow.png
2012.09.06 15:05 B C:\inetpub\wwwroot\administrator\templates\bluestork\images\admin\downarrow0.png --> ftp3.ftptoyoursite.com /web/content/SITEBACKUP_962012/administrator/templates/bluestork/images/admin downarrow0.png
2012.09.06 15:05 B C:\inetpub\wwwroot\administrator\templates\bluestork\images\admin\expandall.png --> ftp3.ftptoyoursite.com /web/content/SITEBACKUP_962012/administrator/templates/bluestork/images/admin expandall.png
2012.09.06 15:05 B C:\inetpub\wwwroot\administrator\templates\bluestork\images\admin\featured.png --> ftp3.ftptoyoursite.com /web/content/SITEBACKUP_962012/administrator/templates/bluestork/images/admin featured.png
2012.09.06 15:05 B C:\inetpub\wwwroot\administrator\templates\bluestork\images\admin\filesave.png --> ftp3.ftptoyoursite.com /web/content/SITEBACKUP_962012/administrator/templates/bluestork/images/admin filesave.png
2012.09.06 15:05 B C:\inetpub\wwwroot\administrator\templates\bluestork\images\admin\filter_16.png --> ftp3.ftptoyoursite.com /web/content/SITEBACKUP_962012/administrator/templates/bluestork/images/admin filter_16.png
2012.09.06 15:05 B C:\inetpub\wwwroot\administrator\templates\bluestork\images\admin\icon-16-add.png --> ftp3.ftptoyoursite.com /web/content/SITEBACKUP_962012/administrator/templates/bluestork/images/admin icon-16-add.png
2012.09.06 15:05 B C:\inetpub\wwwroot\administrator\templates\bluestork\images\admin\icon-16-allow.png --> ftp3.ftptoyoursite.com /web/content/SITEBACKUP_962012/administrator/templates/bluestork/images/admin icon-16-allow.png
2012.09.06 15:05 B C:\inetpub\wwwroot\administrator\templates\bluestork\images\admin\icon-16-allowinactive.png --> ftp3.ftptoyoursite.com /web/content/SITEBACKUP_962012/administrator/templates/bluestork/images/admin icon-16-allowinactive.png
2012.09.06 15:05 B C:\inetpub\wwwroot\administrator\templates\bluestork\images\admin\icon-16-deny.png --> ftp3.ftptoyoursite.com /web/content/SITEBACKUP_962012/administrator/templates/bluestork/images/admin icon-16-deny.png
2012.09.06 15:05 B C:\inetpub\wwwroot\administrator\templates\bluestork\images\admin\icon-16-denyinactive.png --> ftp3.ftptoyoursite.com /web/content/SITEBACKUP_962012/administrator/templates/bluestork/images/admin icon-16-denyinactive.png
2012.09.06 15:05 B C:\inetpub\wwwroot\administrator\templates\bluestork\images\admin\icon-16-notice-note.png --> ftp3.ftptoyoursite.com /web/content/SITEBACKUP_962012/administrator/templates/bluestork/images/admin icon-16-notice-note.png
2012.09.06 15:05 B C:\inetpub\wwwroot\administrator\templates\bluestork\images\admin\icon-16-protected.png --> ftp3.ftptoyoursite.com /web/content/SITEBACKUP_962012/administrator/templates/bluestork/images/admin icon-16-protected.png
2012.09.06 15:05 B C:\inetpub\wwwroot\administrator\templates\bluestork\images\admin\index.html --> ftp3.ftptoyoursite.com /web/content/SITEBACKUP_962012/administrator/templates/bluestork/images/admin index.html
2012.09.06 15:05 B C:\inetpub\wwwroot\administrator\templates\bluestork\images\admin\menu_divider.png --> ftp3.ftptoyoursite.com /web/content/SITEBACKUP_962012/administrator/templates/bluestork/images/admin menu_divider.png
2012.09.06 15:05 B C:\inetpub\wwwroot\administrator\templates\bluestork\images\admin\note_add_16.png --> ftp3.ftptoyoursite.com /web/content/SITEBACKUP_962012/administrator/templates/bluestork/images/admin note_add_16.png
2012.09.06 15:05 B C:\inetpub\wwwroot\administrator\templates\bluestork\images\admin\publish_g.png --> ftp3.ftptoyoursite.com /web/content/SITEBACKUP_962012/administrator/templates/bluestork/images/admin publish_g.png
2012.09.06 15:05 B C:\inetpub\wwwroot\administrator\templates\bluestork\images\admin\publish_r.png --> ftp3.ftptoyoursite.com /web/content/SITEBACKUP_962012/administrator/templates/bluestork/images/admin publish_r.png
2012.09.06 15:05 B C:\inetpub\wwwroot\administrator\templates\bluestork\images\admin\publish_x.png --> ftp3.ftptoyoursite.com /web/content/SITEBACKUP_962012/administrator/templates/bluestork/images/admin publish_x.png
2012.09.06 15:05 B C:\inetpub\wwwroot\administrator\templates\bluestork\images\admin\publish_y.png --> ftp3.ftptoyoursite.com /web/content/SITEBACKUP_962012/administrator/templates/bluestork/images/admin publish_y.png
2012.09.06 15:05 B C:\inetpub\wwwroot\administrator\templates\bluestork\images\admin\sort_asc.png --> ftp3.ftptoyoursite.com /web/content/SITEBACKUP_962012/administrator/templates/bluestork/images/admin sort_asc.png
2012.09.06 15:05 B C:\inetpub\wwwroot\administrator\templates\bluestork\images\admin\sort_desc.png --> ftp3.ftptoyoursite.com /web/content/SITEBACKUP_962012/administrator/templates/bluestork/images/admin sort_desc.png
2012.09.06 15:05 B C:\inetpub\wwwroot\administrator\templates\bluestork\images\admin\tick.png --> ftp3.ftptoyoursite.com /web/content/SITEBACKUP_962012/administrator/templates/bluestork/images/admin tick.png
2012.09.06 15:05 B C:\inetpub\wwwroot\administrator\templates\bluestork\images\admin\trash.png --> ftp3.ftptoyoursite.com /web/content/SITEBACKUP_962012/administrator/templates/bluestork/images/admin trash.png
2012.09.06 15:05 B C:\inetpub\wwwroot\administrator\templates\bluestork\images\admin\uparrow-1.png --> ftp3.ftptoyoursite.com /web/content/SITEBACKUP_962012/administrator/templates/bluestork/images/admin uparrow-1.png
2012.09.06 15:05 B C:\inetpub\wwwroot\administrator\templates\bluestork\images\admin\uparrow.png --> ftp3.ftptoyoursite.com /web/content/SITEBACKUP_962012/administrator/templates/bluestork/images/admin uparrow.png
2012.09.06 15:05 B C:\inetpub\wwwroot\administrator\templates\bluestork\images\admin\uparrow0.png --> ftp3.ftptoyoursite.com /web/content/SITEBACKUP_962012/administrator/templates/bluestork/images/admin uparrow0.png
2012.09.06 15:05 B C:\inetpub\wwwroot\administrator\templates\bluestork\images\admin\WS_FTP.LOG --> ftp3.ftptoyoursite.com /web/content/SITEBACKUP_962012/administrator/templates/bluestork/images/admin WS_FTP.LOG
2012.09.06 15:47 B C:\inetpub\wwwroot\administrator\templates\bluestork\images\admin\blank.png <-- Schubert Rackspace /web/content/SITEBACKUP_962012/administrator/templates/bluestork/images/admin blank.png
2012.09.06 15:47 B C:\inetpub\wwwroot\administrator\templates\bluestork\images\admin\checked_out.png <-- Schubert Rackspace /web/content/SITEBACKUP_962012/administrator/templates/bluestork/images/admin checked_out.png
2012.09.06 15:47 B C:\inetpub\wwwroot\administrator\templates\bluestork\images\admin\collapseall.png <-- Schubert Rackspace /web/content/SITEBACKUP_962012/administrator/templates/bluestork/images/admin collapseall.png
2012.09.06 15:47 B C:\inetpub\wwwroot\administrator\templates\bluestork\images\admin\disabled.png <-- Schubert Rackspace /web/content/SITEBACKUP_962012/administrator/templates/bluestork/images/admin disabled.png
2012.09.06 15:47 B C:\inetpub\wwwroot\administrator\templates\bluestork\images\admin\downarrow-1.png <-- Schubert Rackspace /web/content/SITEBACKUP_962012/administrator/templates/bluestork/images/admin downarrow-1.png
2012.09.06 15:47 B C:\inetpub\wwwroot\administrator\templates\bluestork\images\admin\downarrow.png <-- Schubert Rackspace /web/content/SITEBACKUP_962012/administrator/templates/bluestork/images/admin downarrow.png
2012.09.06 15:47 B C:\inetpub\wwwroot\administrator\templates\bluestork\images\admin\downarrow0.png <-- Schubert Rackspace /web/content/SITEBACKUP_962012/administrator/templates/bluestork/images/admin downarrow0.png
2012.09.06 15:47 B C:\inetpub\wwwroot\administrator\templates\bluestork\images\admin\expandall.png <-- Schubert Rackspace /web/content/SITEBACKUP_962012/administrator/templates/bluestork/images/admin expandall.png
2012.09.06 15:47 B C:\inetpub\wwwroot\administrator\templates\bluestork\images\admin\featured.png <-- Schubert Rackspace /web/content/SITEBACKUP_962012/administrator/templates/bluestork/images/admin featured.png
2012.09.06 15:47 B C:\inetpub\wwwroot\administrator\templates\bluestork\images\admin\filesave.png <-- Schubert Rackspace /web/content/SITEBACKUP_962012/administrator/templates/bluestork/images/admin filesave.png
2012.09.06 15:47 B C:\inetpub\wwwroot\administrator\templates\bluestork\images\admin\filter_16.png <-- Schubert Rackspace /web/content/SITEBACKUP_962012/administrator/templates/bluestork/images/admin filter_16.png
2012.09.06 15:47 B C:\inetpub\wwwroot\administrator\templates\bluestork\images\admin\icon-16-add.png <-- Schubert Rackspace /web/content/SITEBACKUP_962012/administrator/templates/bluestork/images/admin icon-16-add.png
2012.09.06 15:47 B C:\inetpub\wwwroot\administrator\templates\bluestork\images\admin\icon-16-allow.png <-- Schubert Rackspace /web/content/SITEBACKUP_962012/administrator/templates/bluestork/images/admin icon-16-allow.png
2012.09.06 15:47 B C:\inetpub\wwwroot\administrator\templates\bluestork\images\admin\icon-16-allowinactive.png <-- Schubert Rackspace /web/content/SITEBACKUP_962012/administrator/templates/bluestork/images/admin icon-16-allowinactive.png
2012.09.06 15:47 B C:\inetpub\wwwroot\administrator\templates\bluestork\images\admin\icon-16-deny.png <-- Schubert Rackspace /web/content/SITEBACKUP_962012/administrator/templates/bluestork/images/admin icon-16-deny.png
2012.09.06 15:47 B C:\inetpub\wwwroot\administrator\templates\bluestork\images\admin\icon-16-denyinactive.png <-- Schubert Rackspace /web/content/SITEBACKUP_962012/administrator/templates/bluestork/images/admin icon-16-denyinactive.png
2012.09.06 15:47 B C:\inetpub\wwwroot\administrator\templates\bluestork\images\admin\icon-16-notice-note.png <-- Schubert Rackspace /web/content/SITEBACKUP_962012/administrator/templates/bluestork/images/admin icon-16-notice-note.png
2012.09.06 15:47 B C:\inetpub\wwwroot\administrator\templates\bluestork\images\admin\icon-16-protected.png <-- Schubert Rackspace /web/content/SITEBACKUP_962012/administrator/templates/bluestork/images/admin icon-16-protected.png
2012.09.06 15:47 B C:\inetpub\wwwroot\administrator\templates\bluestork\images\admin\index.html <-- Schubert Rackspace /web/content/SITEBACKUP_962012/administrator/templates/bluestork/images/admin index.html
2012.09.06 15:47 B C:\inetpub\wwwroot\administrator\templates\bluestork\images\admin\menu_divider.png <-- Schubert Rackspace /web/content/SITEBACKUP_962012/administrator/templates/bluestork/images/admin menu_divider.png
2012.09.06 15:47 B C:\inetpub\wwwroot\administrator\templates\bluestork\images\admin\note_add_16.png <-- Schubert Rackspace /web/content/SITEBACKUP_962012/administrator/templates/bluestork/images/admin note_add_16.png
2012.09.06 15:47 B C:\inetpub\wwwroot\administrator\templates\bluestork\images\admin\publish_g.png <-- Schubert Rackspace /web/content/SITEBACKUP_962012/administrator/templates/bluestork/images/admin publish_g.png
2012.09.06 15:47 B C:\inetpub\wwwroot\administrator\templates\bluestork\images\admin\publish_r.png <-- Schubert Rackspace /web/content/SITEBACKUP_962012/administrator/templates/bluestork/images/admin publish_r.png
2012.09.06 15:47 B C:\inetpub\wwwroot\administrator\templates\bluestork\images\admin\publish_x.png <-- Schubert Rackspace /web/content/SITEBACKUP_962012/administrator/templates/bluestork/images/admin publish_x.png
2012.09.06 15:47 B C:\inetpub\wwwroot\administrator\templates\bluestork\images\admin\publish_y.png <-- Schubert Rackspace /web/content/SITEBACKUP_962012/administrator/templates/bluestork/images/admin publish_y.png
2012.09.06 15:47 B C:\inetpub\wwwroot\administrator\templates\bluestork\images\admin\sort_asc.png <-- Schubert Rackspace /web/content/SITEBACKUP_962012/administrator/templates/bluestork/images/admin sort_asc.png
2012.09.06 15:47 B C:\inetpub\wwwroot\administrator\templates\bluestork\images\admin\sort_desc.png <-- Schubert Rackspace /web/content/SITEBACKUP_962012/administrator/templates/bluestork/images/admin sort_desc.png
2012.09.06 15:47 B C:\inetpub\wwwroot\administrator\templates\bluestork\images\admin\tick.png <-- Schubert Rackspace /web/content/SITEBACKUP_962012/administrator/templates/bluestork/images/admin tick.png
2012.09.06 15:47 B C:\inetpub\wwwroot\administrator\templates\bluestork\images\admin\trash.png <-- Schubert Rackspace /web/content/SITEBACKUP_962012/administrator/templates/bluestork/images/admin trash.png
2012.09.06 15:47 B C:\inetpub\wwwroot\administrator\templates\bluestork\images\admin\uparrow-1.png <-- Schubert Rackspace /web/content/SITEBACKUP_962012/administrator/templates/bluestork/images/admin uparrow-1.png
2012.09.06 15:47 B C:\inetpub\wwwroot\administrator\templates\bluestork\images\admin\uparrow.png <-- Schubert Rackspace /web/content/SITEBACKUP_962012/administrator/templates/bluestork/images/admin uparrow.png
2012.09.06 15:47 B C:\inetpub\wwwroot\administrator\templates\bluestork\images\admin\uparrow0.png <-- Schubert Rackspace /web/content/SITEBACKUP_962012/administrator/templates/bluestork/images/admin uparrow0.png
2012.10.23 09:09 B C:\inetpub\wwwroot\administrator\templates\bluestork\images\admin\blank.png --> ftp3.ftptoyoursite.com /web/content/administrator/templates/bluestork/images/admin blank.png
2012.10.23 09:09 B C:\inetpub\wwwroot\administrator\templates\bluestork\images\admin\checked_out.png --> ftp3.ftptoyoursite.com /web/content/administrator/templates/bluestork/images/admin checked_out.png
2012.10.23 09:09 B C:\inetpub\wwwroot\administrator\templates\bluestork\images\admin\collapseall.png --> ftp3.ftptoyoursite.com /web/content/administrator/templates/bluestork/images/admin collapseall.png
2012.10.23 09:09 B C:\inetpub\wwwroot\administrator\templates\bluestork\images\admin\disabled.png --> ftp3.ftptoyoursite.com /web/content/administrator/templates/bluestork/images/admin disabled.png
2012.10.23 09:09 B C:\inetpub\wwwroot\administrator\templates\bluestork\images\admin\downarrow-1.png --> ftp3.ftptoyoursite.com /web/content/administrator/templates/bluestork/images/admin downarrow-1.png
2012.10.23 09:09 B C:\inetpub\wwwroot\administrator\templates\bluestork\images\admin\downarrow.png --> ftp3.ftptoyoursite.com /web/content/administrator/templates/bluestork/images/admin downarrow.png
2012.10.23 09:09 B C:\inetpub\wwwroot\administrator\templates\bluestork\images\admin\downarrow0.png --> ftp3.ftptoyoursite.com /web/content/administrator/templates/bluestork/images/admin downarrow0.png
2012.10.23 09:09 B C:\inetpub\wwwroot\administrator\templates\bluestork\images\admin\expandall.png --> ftp3.ftptoyoursite.com /web/content/administrator/templates/bluestork/images/admin expandall.png
2012.10.23 09:09 B C:\inetpub\wwwroot\administrator\templates\bluestork\images\admin\featured.png --> ftp3.ftptoyoursite.com /web/content/administrator/templates/bluestork/images/admin featured.png
2012.10.23 09:09 B C:\inetpub\wwwroot\administrator\templates\bluestork\images\admin\filesave.png --> ftp3.ftptoyoursite.com /web/content/administrator/templates/bluestork/images/admin filesave.png
2012.10.23 09:09 B C:\inetpub\wwwroot\administrator\templates\bluestork\images\admin\filter_16.png --> ftp3.ftptoyoursite.com /web/content/administrator/templates/bluestork/images/admin filter_16.png
2012.10.23 09:09 B C:\inetpub\wwwroot\administrator\templates\bluestork\images\admin\icon-16-add.png --> ftp3.ftptoyoursite.com /web/content/administrator/templates/bluestork/images/admin icon-16-add.png
2012.10.23 09:09 B C:\inetpub\wwwroot\administrator\templates\bluestork\images\admin\icon-16-allow.png --> ftp3.ftptoyoursite.com /web/content/administrator/templates/bluestork/images/admin icon-16-allow.png
2012.10.23 09:09 B C:\inetpub\wwwroot\administrator\templates\bluestork\images\admin\icon-16-allowinactive.png --> ftp3.ftptoyoursite.com /web/content/administrator/templates/bluestork/images/admin icon-16-allowinactive.png
2012.10.23 09:09 B C:\inetpub\wwwroot\administrator\templates\bluestork\images\admin\icon-16-deny.png --> ftp3.ftptoyoursite.com /web/content/administrator/templates/bluestork/images/admin icon-16-deny.png
2012.10.23 09:09 B C:\inetpub\wwwroot\administrator\templates\bluestork\images\admin\icon-16-denyinactive.png --> ftp3.ftptoyoursite.com /web/content/administrator/templates/bluestork/images/admin icon-16-denyinactive.png
2012.10.23 09:09 B C:\inetpub\wwwroot\administrator\templates\bluestork\images\admin\icon-16-notice-note.png --> ftp3.ftptoyoursite.com /web/content/administrator/templates/bluestork/images/admin icon-16-notice-note.png
2012.10.23 09:09 B C:\inetpub\wwwroot\administrator\templates\bluestork\images\admin\icon-16-protected.png --> ftp3.ftptoyoursite.com /web/content/administrator/templates/bluestork/images/admin icon-16-protected.png
2012.10.23 09:09 B C:\inetpub\wwwroot\administrator\templates\bluestork\images\admin\index.html --> ftp3.ftptoyoursite.com /web/content/administrator/templates/bluestork/images/admin index.html
2012.10.23 09:09 B C:\inetpub\wwwroot\administrator\templates\bluestork\images\admin\menu_divider.png --> ftp3.ftptoyoursite.com /web/content/administrator/templates/bluestork/images/admin menu_divider.png
2012.10.23 09:09 B C:\inetpub\wwwroot\administrator\templates\bluestork\images\admin\note_add_16.png --> ftp3.ftptoyoursite.com /web/content/administrator/templates/bluestork/images/admin note_add_16.png
2012.10.23 09:09 B C:\inetpub\wwwroot\administrator\templates\bluestork\images\admin\publish_g.png --> ftp3.ftptoyoursite.com /web/content/administrator/templates/bluestork/images/admin publish_g.png
2012.10.23 09:09 B C:\inetpub\wwwroot\administrator\templates\bluestork\images\admin\publish_r.png --> ftp3.ftptoyoursite.com /web/content/administrator/templates/bluestork/images/admin publish_r.png
2012.10.23 09:09 B C:\inetpub\wwwroot\administrator\templates\bluestork\images\admin\publish_x.png --> ftp3.ftptoyoursite.com /web/content/administrator/templates/bluestork/images/admin publish_x.png
2012.10.23 09:09 B C:\inetpub\wwwroot\administrator\templates\bluestork\images\admin\publish_y.png --> ftp3.ftptoyoursite.com /web/content/administrator/templates/bluestork/images/admin publish_y.png
2012.10.23 09:09 B C:\inetpub\wwwroot\administrator\templates\bluestork\images\admin\sort_asc.png --> ftp3.ftptoyoursite.com /web/content/administrator/templates/bluestork/images/admin sort_asc.png
2012.10.23 09:09 B C:\inetpub\wwwroot\administrator\templates\bluestork\images\admin\sort_desc.png --> ftp3.ftptoyoursite.com /web/content/administrator/templates/bluestork/images/admin sort_desc.png
2012.10.23 09:09 B C:\inetpub\wwwroot\administrator\templates\bluestork\images\admin\tick.png --> ftp3.ftptoyoursite.com /web/content/administrator/templates/bluestork/images/admin tick.png
2012.10.23 09:09 B C:\inetpub\wwwroot\administrator\templates\bluestork\images\admin\trash.png --> ftp3.ftptoyoursite.com /web/content/administrator/templates/bluestork/images/admin trash.png
2012.10.23 09:09 B C:\inetpub\wwwroot\administrator\templates\bluestork\images\admin\uparrow-1.png --> ftp3.ftptoyoursite.com /web/content/administrator/templates/bluestork/images/admin uparrow-1.png
2012.10.23 09:09 B C:\inetpub\wwwroot\administrator\templates\bluestork\images\admin\uparrow.png --> ftp3.ftptoyoursite.com /web/content/administrator/templates/bluestork/images/admin uparrow.png
2012.10.23 09:09 B C:\inetpub\wwwroot\administrator\templates\bluestork\images\admin\uparrow0.png --> ftp3.ftptoyoursite.com /web/content/administrator/templates/bluestork/images/admin uparrow0.png
2012.10.23 09:09 B C:\inetpub\wwwroot\administrator\templates\bluestork\images\admin\WS_FTP.LOG --> ftp3.ftptoyoursite.com /web/content/administrator/templates/bluestork/images/admin WS_FTP.LOG
2013.02.01 14:45 B C:\inetpub\wwwroot\administrator\templates\bluestork\images\admin\WS_FTP.LOG <-- Schubert Rackspace /web/content/administrator/templates/bluestork/images/admin WS_FTP.LOG
