2012.07.25 12:20 B C:\Users\COBRIEN\Desktop\Schubert\templates\system\component.php <-- Schubert Rackspace /web/content/templates/system component.php
2012.07.25 12:20 B C:\Users\COBRIEN\Desktop\Schubert\templates\system\error.php <-- Schubert Rackspace /web/content/templates/system error.php
2012.07.25 12:20 B C:\Users\COBRIEN\Desktop\Schubert\templates\system\index.html <-- Schubert Rackspace /web/content/templates/system index.html
2012.07.25 12:20 B C:\Users\COBRIEN\Desktop\Schubert\templates\system\index.php <-- Schubert Rackspace /web/content/templates/system index.php
2012.07.25 12:20 B C:\Users\COBRIEN\Desktop\Schubert\templates\system\offline.php <-- Schubert Rackspace /web/content/templates/system offline.php
2012.08.10 16:52 B C:\inetpub\wwwroot\templates\system\component.php --> ftp3.ftptoyoursite.com /web/content/templates/templates/system component.php
2012.08.10 16:52 B C:\inetpub\wwwroot\templates\system\error.php --> ftp3.ftptoyoursite.com /web/content/templates/templates/system error.php
2012.08.10 16:52 B C:\inetpub\wwwroot\templates\system\index.html --> ftp3.ftptoyoursite.com /web/content/templates/templates/system index.html
2012.08.10 16:52 B C:\inetpub\wwwroot\templates\system\index.php --> ftp3.ftptoyoursite.com /web/content/templates/templates/system index.php
2012.08.10 16:52 B C:\inetpub\wwwroot\templates\system\offline.php --> ftp3.ftptoyoursite.com /web/content/templates/templates/system offline.php
2012.08.10 16:52 B C:\inetpub\wwwroot\templates\system\WS_FTP.LOG --> ftp3.ftptoyoursite.com /web/content/templates/templates/system WS_FTP.LOG
2012.09.04 10:58 B C:\inetpub\wwwroot\templates\system\component.php --> ftp3.ftptoyoursite.com /web/content/SITE-TEST/templates/system component.php
2012.09.04 10:58 B C:\inetpub\wwwroot\templates\system\error.php --> ftp3.ftptoyoursite.com /web/content/SITE-TEST/templates/system error.php
2012.09.04 10:58 B C:\inetpub\wwwroot\templates\system\index.html --> ftp3.ftptoyoursite.com /web/content/SITE-TEST/templates/system index.html
2012.09.04 10:58 B C:\inetpub\wwwroot\templates\system\index.php --> ftp3.ftptoyoursite.com /web/content/SITE-TEST/templates/system index.php
2012.09.04 10:58 B C:\inetpub\wwwroot\templates\system\offline.php --> ftp3.ftptoyoursite.com /web/content/SITE-TEST/templates/system offline.php
2012.09.04 10:58 B C:\inetpub\wwwroot\templates\system\WS_FTP.LOG --> ftp3.ftptoyoursite.com /web/content/SITE-TEST/templates/system WS_FTP.LOG
2012.09.06 15:16 B C:\inetpub\wwwroot\templates\system\component.php --> ftp3.ftptoyoursite.com /web/content/SITEBACKUP_962012/templates/system component.php
2012.09.06 15:16 B C:\inetpub\wwwroot\templates\system\error.php --> ftp3.ftptoyoursite.com /web/content/SITEBACKUP_962012/templates/system error.php
2012.09.06 15:16 B C:\inetpub\wwwroot\templates\system\index.html --> ftp3.ftptoyoursite.com /web/content/SITEBACKUP_962012/templates/system index.html
2012.09.06 15:16 B C:\inetpub\wwwroot\templates\system\index.php --> ftp3.ftptoyoursite.com /web/content/SITEBACKUP_962012/templates/system index.php
2012.09.06 15:16 B C:\inetpub\wwwroot\templates\system\offline.php --> ftp3.ftptoyoursite.com /web/content/SITEBACKUP_962012/templates/system offline.php
2012.09.06 15:16 B C:\inetpub\wwwroot\templates\system\WS_FTP.LOG --> ftp3.ftptoyoursite.com /web/content/SITEBACKUP_962012/templates/system WS_FTP.LOG
2012.10.23 09:19 B C:\inetpub\wwwroot\templates\system\component.php --> ftp3.ftptoyoursite.com /web/content/templates/system component.php
2012.10.23 09:19 B C:\inetpub\wwwroot\templates\system\error.php --> ftp3.ftptoyoursite.com /web/content/templates/system error.php
2012.10.23 09:19 B C:\inetpub\wwwroot\templates\system\index.html --> ftp3.ftptoyoursite.com /web/content/templates/system index.html
2012.10.23 09:19 B C:\inetpub\wwwroot\templates\system\index.php --> ftp3.ftptoyoursite.com /web/content/templates/system index.php
2012.10.23 09:19 B C:\inetpub\wwwroot\templates\system\offline.php --> ftp3.ftptoyoursite.com /web/content/templates/system offline.php
2012.10.23 09:19 B C:\inetpub\wwwroot\templates\system\WS_FTP.LOG --> ftp3.ftptoyoursite.com /web/content/templates/system WS_FTP.LOG
2013.02.01 15:04 B C:\inetpub\wwwroot\templates\system\WS_FTP.LOG <-- Schubert Rackspace /web/content/templates/system WS_FTP.LOG
