2012.07.25 12:11 B C:\Users\COBRIEN\Desktop\Schubert\administrator\components\com_menus\models\index.html <-- Schubert Rackspace /web/content/administrator/components/com_menus/models index.html
2012.07.25 12:11 B C:\Users\COBRIEN\Desktop\Schubert\administrator\components\com_menus\models\item.php <-- Schubert Rackspace /web/content/administrator/components/com_menus/models item.php
2012.07.25 12:11 B C:\Users\COBRIEN\Desktop\Schubert\administrator\components\com_menus\models\items.php <-- Schubert Rackspace /web/content/administrator/components/com_menus/models items.php
2012.07.25 12:11 B C:\Users\COBRIEN\Desktop\Schubert\administrator\components\com_menus\models\menu.php <-- Schubert Rackspace /web/content/administrator/components/com_menus/models menu.php
2012.07.25 12:11 B C:\Users\COBRIEN\Desktop\Schubert\administrator\components\com_menus\models\menus.php <-- Schubert Rackspace /web/content/administrator/components/com_menus/models menus.php
2012.07.25 12:11 B C:\Users\COBRIEN\Desktop\Schubert\administrator\components\com_menus\models\menutypes.php <-- Schubert Rackspace /web/content/administrator/components/com_menus/models menutypes.php
2012.09.04 10:45 B C:\inetpub\wwwroot\administrator\components\com_menus\models\index.html --> ftp3.ftptoyoursite.com /web/content/SITE-TEST/administrator/components/com_menus/models index.html
2012.09.04 10:45 B C:\inetpub\wwwroot\administrator\components\com_menus\models\item.php --> ftp3.ftptoyoursite.com /web/content/SITE-TEST/administrator/components/com_menus/models item.php
2012.09.04 10:45 B C:\inetpub\wwwroot\administrator\components\com_menus\models\items.php --> ftp3.ftptoyoursite.com /web/content/SITE-TEST/administrator/components/com_menus/models items.php
2012.09.04 10:45 B C:\inetpub\wwwroot\administrator\components\com_menus\models\menu.php --> ftp3.ftptoyoursite.com /web/content/SITE-TEST/administrator/components/com_menus/models menu.php
2012.09.04 10:45 B C:\inetpub\wwwroot\administrator\components\com_menus\models\menus.php --> ftp3.ftptoyoursite.com /web/content/SITE-TEST/administrator/components/com_menus/models menus.php
2012.09.04 10:45 B C:\inetpub\wwwroot\administrator\components\com_menus\models\menutypes.php --> ftp3.ftptoyoursite.com /web/content/SITE-TEST/administrator/components/com_menus/models menutypes.php
2012.09.04 10:45 B C:\inetpub\wwwroot\administrator\components\com_menus\models\WS_FTP.LOG --> ftp3.ftptoyoursite.com /web/content/SITE-TEST/administrator/components/com_menus/models WS_FTP.LOG
2012.09.06 15:00 B C:\inetpub\wwwroot\administrator\components\com_menus\models\index.html --> ftp3.ftptoyoursite.com /web/content/SITEBACKUP_962012/administrator/components/com_menus/models index.html
2012.09.06 15:00 B C:\inetpub\wwwroot\administrator\components\com_menus\models\item.php --> ftp3.ftptoyoursite.com /web/content/SITEBACKUP_962012/administrator/components/com_menus/models item.php
2012.09.06 15:00 B C:\inetpub\wwwroot\administrator\components\com_menus\models\items.php --> ftp3.ftptoyoursite.com /web/content/SITEBACKUP_962012/administrator/components/com_menus/models items.php
2012.09.06 15:00 B C:\inetpub\wwwroot\administrator\components\com_menus\models\menu.php --> ftp3.ftptoyoursite.com /web/content/SITEBACKUP_962012/administrator/components/com_menus/models menu.php
2012.09.06 15:00 B C:\inetpub\wwwroot\administrator\components\com_menus\models\menus.php --> ftp3.ftptoyoursite.com /web/content/SITEBACKUP_962012/administrator/components/com_menus/models menus.php
2012.09.06 15:00 B C:\inetpub\wwwroot\administrator\components\com_menus\models\menutypes.php --> ftp3.ftptoyoursite.com /web/content/SITEBACKUP_962012/administrator/components/com_menus/models menutypes.php
2012.09.06 15:00 B C:\inetpub\wwwroot\administrator\components\com_menus\models\WS_FTP.LOG --> ftp3.ftptoyoursite.com /web/content/SITEBACKUP_962012/administrator/components/com_menus/models WS_FTP.LOG
2012.09.06 15:21 B C:\inetpub\wwwroot\administrator\components\com_menus\models\index.html <-- Schubert Rackspace /web/content/administrator/components/com_menus/models index.html
2012.09.06 15:21 B C:\inetpub\wwwroot\administrator\components\com_menus\models\item.php <-- Schubert Rackspace /web/content/administrator/components/com_menus/models item.php
2012.09.06 15:21 B C:\inetpub\wwwroot\administrator\components\com_menus\models\items.php <-- Schubert Rackspace /web/content/administrator/components/com_menus/models items.php
2012.09.06 15:21 B C:\inetpub\wwwroot\administrator\components\com_menus\models\menu.php <-- Schubert Rackspace /web/content/administrator/components/com_menus/models menu.php
2012.09.06 15:21 B C:\inetpub\wwwroot\administrator\components\com_menus\models\menus.php <-- Schubert Rackspace /web/content/administrator/components/com_menus/models menus.php
2012.09.06 15:21 B C:\inetpub\wwwroot\administrator\components\com_menus\models\menutypes.php <-- Schubert Rackspace /web/content/administrator/components/com_menus/models menutypes.php
2012.09.06 15:44 B C:\inetpub\wwwroot\administrator\components\com_menus\models\index.html <-- Schubert Rackspace /web/content/SITEBACKUP_962012/administrator/components/com_menus/models index.html
2012.09.06 15:44 B C:\inetpub\wwwroot\administrator\components\com_menus\models\item.php <-- Schubert Rackspace /web/content/SITEBACKUP_962012/administrator/components/com_menus/models item.php
2012.09.06 15:44 B C:\inetpub\wwwroot\administrator\components\com_menus\models\items.php <-- Schubert Rackspace /web/content/SITEBACKUP_962012/administrator/components/com_menus/models items.php
2012.09.06 15:44 B C:\inetpub\wwwroot\administrator\components\com_menus\models\menu.php <-- Schubert Rackspace /web/content/SITEBACKUP_962012/administrator/components/com_menus/models menu.php
2012.09.06 15:44 B C:\inetpub\wwwroot\administrator\components\com_menus\models\menus.php <-- Schubert Rackspace /web/content/SITEBACKUP_962012/administrator/components/com_menus/models menus.php
2012.09.06 15:44 B C:\inetpub\wwwroot\administrator\components\com_menus\models\menutypes.php <-- Schubert Rackspace /web/content/SITEBACKUP_962012/administrator/components/com_menus/models menutypes.php
2012.10.23 09:05 B C:\inetpub\wwwroot\administrator\components\com_menus\models\index.html --> ftp3.ftptoyoursite.com /web/content/administrator/components/com_menus/models index.html
2012.10.23 09:05 B C:\inetpub\wwwroot\administrator\components\com_menus\models\item.php --> ftp3.ftptoyoursite.com /web/content/administrator/components/com_menus/models item.php
2012.10.23 09:05 B C:\inetpub\wwwroot\administrator\components\com_menus\models\items.php --> ftp3.ftptoyoursite.com /web/content/administrator/components/com_menus/models items.php
2012.10.23 09:05 B C:\inetpub\wwwroot\administrator\components\com_menus\models\menu.php --> ftp3.ftptoyoursite.com /web/content/administrator/components/com_menus/models menu.php
2012.10.23 09:05 B C:\inetpub\wwwroot\administrator\components\com_menus\models\menus.php --> ftp3.ftptoyoursite.com /web/content/administrator/components/com_menus/models menus.php
2012.10.23 09:05 B C:\inetpub\wwwroot\administrator\components\com_menus\models\menutypes.php --> ftp3.ftptoyoursite.com /web/content/administrator/components/com_menus/models menutypes.php
2012.10.23 09:05 B C:\inetpub\wwwroot\administrator\components\com_menus\models\WS_FTP.LOG --> ftp3.ftptoyoursite.com /web/content/administrator/components/com_menus/models WS_FTP.LOG
2013.02.01 14:42 B C:\inetpub\wwwroot\administrator\components\com_menus\models\WS_FTP.LOG <-- Schubert Rackspace /web/content/administrator/components/com_menus/models WS_FTP.LOG
