2012.07.25 12:16 B C:\Users\COBRIEN\Desktop\Schubert\components\com_users\controller.php <-- Schubert Rackspace /web/content/components/com_users controller.php
2012.07.25 12:16 B C:\Users\COBRIEN\Desktop\Schubert\components\com_users\index.html <-- Schubert Rackspace /web/content/components/com_users index.html
2012.07.25 12:16 B C:\Users\COBRIEN\Desktop\Schubert\components\com_users\metadata.xml <-- Schubert Rackspace /web/content/components/com_users metadata.xml
2012.07.25 12:16 B C:\Users\COBRIEN\Desktop\Schubert\components\com_users\router.php <-- Schubert Rackspace /web/content/components/com_users router.php
2012.07.25 12:16 B C:\Users\COBRIEN\Desktop\Schubert\components\com_users\users.php <-- Schubert Rackspace /web/content/components/com_users users.php
2012.09.04 10:52 B C:\inetpub\wwwroot\components\com_users\controller.php --> ftp3.ftptoyoursite.com /web/content/SITE-TEST/components/com_users controller.php
2012.09.04 10:52 B C:\inetpub\wwwroot\components\com_users\index.html --> ftp3.ftptoyoursite.com /web/content/SITE-TEST/components/com_users index.html
2012.09.04 10:52 B C:\inetpub\wwwroot\components\com_users\metadata.xml --> ftp3.ftptoyoursite.com /web/content/SITE-TEST/components/com_users metadata.xml
2012.09.04 10:52 B C:\inetpub\wwwroot\components\com_users\router.php --> ftp3.ftptoyoursite.com /web/content/SITE-TEST/components/com_users router.php
2012.09.04 10:52 B C:\inetpub\wwwroot\components\com_users\users.php --> ftp3.ftptoyoursite.com /web/content/SITE-TEST/components/com_users users.php
2012.09.04 10:52 B C:\inetpub\wwwroot\components\com_users\WS_FTP.LOG --> ftp3.ftptoyoursite.com /web/content/SITE-TEST/components/com_users WS_FTP.LOG
2012.09.06 15:09 B C:\inetpub\wwwroot\components\com_users\controller.php --> ftp3.ftptoyoursite.com /web/content/SITEBACKUP_962012/components/com_users controller.php
2012.09.06 15:09 B C:\inetpub\wwwroot\components\com_users\index.html --> ftp3.ftptoyoursite.com /web/content/SITEBACKUP_962012/components/com_users index.html
2012.09.06 15:09 B C:\inetpub\wwwroot\components\com_users\metadata.xml --> ftp3.ftptoyoursite.com /web/content/SITEBACKUP_962012/components/com_users metadata.xml
2012.09.06 15:09 B C:\inetpub\wwwroot\components\com_users\router.php --> ftp3.ftptoyoursite.com /web/content/SITEBACKUP_962012/components/com_users router.php
2012.09.06 15:09 B C:\inetpub\wwwroot\components\com_users\users.php --> ftp3.ftptoyoursite.com /web/content/SITEBACKUP_962012/components/com_users users.php
2012.09.06 15:09 B C:\inetpub\wwwroot\components\com_users\WS_FTP.LOG --> ftp3.ftptoyoursite.com /web/content/SITEBACKUP_962012/components/com_users WS_FTP.LOG
2012.09.06 15:49 B C:\inetpub\wwwroot\components\com_users\controller.php <-- Schubert Rackspace /web/content/SITEBACKUP_962012/components/com_users controller.php
2012.09.06 15:49 B C:\inetpub\wwwroot\components\com_users\index.html <-- Schubert Rackspace /web/content/SITEBACKUP_962012/components/com_users index.html
2012.09.06 15:49 B C:\inetpub\wwwroot\components\com_users\metadata.xml <-- Schubert Rackspace /web/content/SITEBACKUP_962012/components/com_users metadata.xml
2012.09.06 15:49 B C:\inetpub\wwwroot\components\com_users\router.php <-- Schubert Rackspace /web/content/SITEBACKUP_962012/components/com_users router.php
2012.09.06 15:49 B C:\inetpub\wwwroot\components\com_users\users.php <-- Schubert Rackspace /web/content/SITEBACKUP_962012/components/com_users users.php
2012.10.23 09:13 B C:\inetpub\wwwroot\components\com_users\controller.php --> ftp3.ftptoyoursite.com /web/content/components/com_users controller.php
2012.10.23 09:13 B C:\inetpub\wwwroot\components\com_users\index.html --> ftp3.ftptoyoursite.com /web/content/components/com_users index.html
2012.10.23 09:13 B C:\inetpub\wwwroot\components\com_users\metadata.xml --> ftp3.ftptoyoursite.com /web/content/components/com_users metadata.xml
2012.10.23 09:13 B C:\inetpub\wwwroot\components\com_users\router.php --> ftp3.ftptoyoursite.com /web/content/components/com_users router.php
2012.10.23 09:13 B C:\inetpub\wwwroot\components\com_users\users.php --> ftp3.ftptoyoursite.com /web/content/components/com_users users.php
2012.10.23 09:13 B C:\inetpub\wwwroot\components\com_users\WS_FTP.LOG --> ftp3.ftptoyoursite.com /web/content/components/com_users WS_FTP.LOG
2013.02.01 14:50 B C:\inetpub\wwwroot\components\com_users\WS_FTP.LOG <-- Schubert Rackspace /web/content/components/com_users WS_FTP.LOG
