2012.07.25 12:16 B C:\Users\COBRIEN\Desktop\Schubert\components\com_users\views\profile\tmpl\default.php <-- Schubert Rackspace /web/content/components/com_users/views/profile/tmpl default.php
2012.07.25 12:16 B C:\Users\COBRIEN\Desktop\Schubert\components\com_users\views\profile\tmpl\default.xml <-- Schubert Rackspace /web/content/components/com_users/views/profile/tmpl default.xml
2012.07.25 12:16 B C:\Users\COBRIEN\Desktop\Schubert\components\com_users\views\profile\tmpl\default_core.php <-- Schubert Rackspace /web/content/components/com_users/views/profile/tmpl default_core.php
2012.07.25 12:16 B C:\Users\COBRIEN\Desktop\Schubert\components\com_users\views\profile\tmpl\default_custom.php <-- Schubert Rackspace /web/content/components/com_users/views/profile/tmpl default_custom.php
2012.07.25 12:16 B C:\Users\COBRIEN\Desktop\Schubert\components\com_users\views\profile\tmpl\default_params.php <-- Schubert Rackspace /web/content/components/com_users/views/profile/tmpl default_params.php
2012.07.25 12:16 B C:\Users\COBRIEN\Desktop\Schubert\components\com_users\views\profile\tmpl\edit.php <-- Schubert Rackspace /web/content/components/com_users/views/profile/tmpl edit.php
2012.07.25 12:16 B C:\Users\COBRIEN\Desktop\Schubert\components\com_users\views\profile\tmpl\edit.xml <-- Schubert Rackspace /web/content/components/com_users/views/profile/tmpl edit.xml
2012.07.25 12:16 B C:\Users\COBRIEN\Desktop\Schubert\components\com_users\views\profile\tmpl\index.html <-- Schubert Rackspace /web/content/components/com_users/views/profile/tmpl index.html
2012.09.04 10:52 B C:\inetpub\wwwroot\components\com_users\views\profile\tmpl\default.php --> ftp3.ftptoyoursite.com /web/content/SITE-TEST/components/com_users/views/profile/tmpl default.php
2012.09.04 10:52 B C:\inetpub\wwwroot\components\com_users\views\profile\tmpl\default.xml --> ftp3.ftptoyoursite.com /web/content/SITE-TEST/components/com_users/views/profile/tmpl default.xml
2012.09.04 10:52 B C:\inetpub\wwwroot\components\com_users\views\profile\tmpl\default_core.php --> ftp3.ftptoyoursite.com /web/content/SITE-TEST/components/com_users/views/profile/tmpl default_core.php
2012.09.04 10:52 B C:\inetpub\wwwroot\components\com_users\views\profile\tmpl\default_custom.php --> ftp3.ftptoyoursite.com /web/content/SITE-TEST/components/com_users/views/profile/tmpl default_custom.php
2012.09.04 10:52 B C:\inetpub\wwwroot\components\com_users\views\profile\tmpl\default_params.php --> ftp3.ftptoyoursite.com /web/content/SITE-TEST/components/com_users/views/profile/tmpl default_params.php
2012.09.04 10:52 B C:\inetpub\wwwroot\components\com_users\views\profile\tmpl\edit.php --> ftp3.ftptoyoursite.com /web/content/SITE-TEST/components/com_users/views/profile/tmpl edit.php
2012.09.04 10:52 B C:\inetpub\wwwroot\components\com_users\views\profile\tmpl\edit.xml --> ftp3.ftptoyoursite.com /web/content/SITE-TEST/components/com_users/views/profile/tmpl edit.xml
2012.09.04 10:52 B C:\inetpub\wwwroot\components\com_users\views\profile\tmpl\index.html --> ftp3.ftptoyoursite.com /web/content/SITE-TEST/components/com_users/views/profile/tmpl index.html
2012.09.04 10:52 B C:\inetpub\wwwroot\components\com_users\views\profile\tmpl\WS_FTP.LOG --> ftp3.ftptoyoursite.com /web/content/SITE-TEST/components/com_users/views/profile/tmpl WS_FTP.LOG
2012.09.06 15:09 B C:\inetpub\wwwroot\components\com_users\views\profile\tmpl\default.php --> ftp3.ftptoyoursite.com /web/content/SITEBACKUP_962012/components/com_users/views/profile/tmpl default.php
2012.09.06 15:09 B C:\inetpub\wwwroot\components\com_users\views\profile\tmpl\default.xml --> ftp3.ftptoyoursite.com /web/content/SITEBACKUP_962012/components/com_users/views/profile/tmpl default.xml
2012.09.06 15:09 B C:\inetpub\wwwroot\components\com_users\views\profile\tmpl\default_core.php --> ftp3.ftptoyoursite.com /web/content/SITEBACKUP_962012/components/com_users/views/profile/tmpl default_core.php
2012.09.06 15:09 B C:\inetpub\wwwroot\components\com_users\views\profile\tmpl\default_custom.php --> ftp3.ftptoyoursite.com /web/content/SITEBACKUP_962012/components/com_users/views/profile/tmpl default_custom.php
2012.09.06 15:09 B C:\inetpub\wwwroot\components\com_users\views\profile\tmpl\default_params.php --> ftp3.ftptoyoursite.com /web/content/SITEBACKUP_962012/components/com_users/views/profile/tmpl default_params.php
2012.09.06 15:09 B C:\inetpub\wwwroot\components\com_users\views\profile\tmpl\edit.php --> ftp3.ftptoyoursite.com /web/content/SITEBACKUP_962012/components/com_users/views/profile/tmpl edit.php
2012.09.06 15:09 B C:\inetpub\wwwroot\components\com_users\views\profile\tmpl\edit.xml --> ftp3.ftptoyoursite.com /web/content/SITEBACKUP_962012/components/com_users/views/profile/tmpl edit.xml
2012.09.06 15:09 B C:\inetpub\wwwroot\components\com_users\views\profile\tmpl\index.html --> ftp3.ftptoyoursite.com /web/content/SITEBACKUP_962012/components/com_users/views/profile/tmpl index.html
2012.09.06 15:09 B C:\inetpub\wwwroot\components\com_users\views\profile\tmpl\WS_FTP.LOG --> ftp3.ftptoyoursite.com /web/content/SITEBACKUP_962012/components/com_users/views/profile/tmpl WS_FTP.LOG
2012.09.06 15:49 B C:\inetpub\wwwroot\components\com_users\views\profile\tmpl\default.php <-- Schubert Rackspace /web/content/SITEBACKUP_962012/components/com_users/views/profile/tmpl default.php
2012.09.06 15:49 B C:\inetpub\wwwroot\components\com_users\views\profile\tmpl\default.xml <-- Schubert Rackspace /web/content/SITEBACKUP_962012/components/com_users/views/profile/tmpl default.xml
2012.09.06 15:49 B C:\inetpub\wwwroot\components\com_users\views\profile\tmpl\default_core.php <-- Schubert Rackspace /web/content/SITEBACKUP_962012/components/com_users/views/profile/tmpl default_core.php
2012.09.06 15:49 B C:\inetpub\wwwroot\components\com_users\views\profile\tmpl\default_custom.php <-- Schubert Rackspace /web/content/SITEBACKUP_962012/components/com_users/views/profile/tmpl default_custom.php
2012.09.06 15:49 B C:\inetpub\wwwroot\components\com_users\views\profile\tmpl\default_params.php <-- Schubert Rackspace /web/content/SITEBACKUP_962012/components/com_users/views/profile/tmpl default_params.php
2012.09.06 15:49 B C:\inetpub\wwwroot\components\com_users\views\profile\tmpl\edit.php <-- Schubert Rackspace /web/content/SITEBACKUP_962012/components/com_users/views/profile/tmpl edit.php
2012.09.06 15:49 B C:\inetpub\wwwroot\components\com_users\views\profile\tmpl\edit.xml <-- Schubert Rackspace /web/content/SITEBACKUP_962012/components/com_users/views/profile/tmpl edit.xml
2012.09.06 15:49 B C:\inetpub\wwwroot\components\com_users\views\profile\tmpl\index.html <-- Schubert Rackspace /web/content/SITEBACKUP_962012/components/com_users/views/profile/tmpl index.html
2012.10.23 09:13 B C:\inetpub\wwwroot\components\com_users\views\profile\tmpl\default.php --> ftp3.ftptoyoursite.com /web/content/components/com_users/views/profile/tmpl default.php
2012.10.23 09:13 B C:\inetpub\wwwroot\components\com_users\views\profile\tmpl\default.xml --> ftp3.ftptoyoursite.com /web/content/components/com_users/views/profile/tmpl default.xml
2012.10.23 09:13 B C:\inetpub\wwwroot\components\com_users\views\profile\tmpl\default_core.php --> ftp3.ftptoyoursite.com /web/content/components/com_users/views/profile/tmpl default_core.php
2012.10.23 09:13 B C:\inetpub\wwwroot\components\com_users\views\profile\tmpl\default_custom.php --> ftp3.ftptoyoursite.com /web/content/components/com_users/views/profile/tmpl default_custom.php
2012.10.23 09:13 B C:\inetpub\wwwroot\components\com_users\views\profile\tmpl\default_params.php --> ftp3.ftptoyoursite.com /web/content/components/com_users/views/profile/tmpl default_params.php
2012.10.23 09:13 B C:\inetpub\wwwroot\components\com_users\views\profile\tmpl\edit.php --> ftp3.ftptoyoursite.com /web/content/components/com_users/views/profile/tmpl edit.php
2012.10.23 09:13 B C:\inetpub\wwwroot\components\com_users\views\profile\tmpl\edit.xml --> ftp3.ftptoyoursite.com /web/content/components/com_users/views/profile/tmpl edit.xml
2012.10.23 09:13 B C:\inetpub\wwwroot\components\com_users\views\profile\tmpl\index.html --> ftp3.ftptoyoursite.com /web/content/components/com_users/views/profile/tmpl index.html
2012.10.23 09:13 B C:\inetpub\wwwroot\components\com_users\views\profile\tmpl\WS_FTP.LOG --> ftp3.ftptoyoursite.com /web/content/components/com_users/views/profile/tmpl WS_FTP.LOG
2013.02.01 14:50 B C:\inetpub\wwwroot\components\com_users\views\profile\tmpl\WS_FTP.LOG <-- Schubert Rackspace /web/content/components/com_users/views/profile/tmpl WS_FTP.LOG
