2012.09.04 10:51 B C:\inetpub\wwwroot\components\com_jdownloads\assets\images\button_bg.png --> ftp3.ftptoyoursite.com /web/content/SITE-TEST/components/com_jdownloads/assets/images button_bg.png
2012.09.04 10:51 B C:\inetpub\wwwroot\components\com_jdownloads\assets\images\edit.png --> ftp3.ftptoyoursite.com /web/content/SITE-TEST/components/com_jdownloads/assets/images edit.png
2012.09.04 10:51 B C:\inetpub\wwwroot\components\com_jdownloads\assets\images\form_no_value.png --> ftp3.ftptoyoursite.com /web/content/SITE-TEST/components/com_jdownloads/assets/images form_no_value.png
2012.09.04 10:51 B C:\inetpub\wwwroot\components\com_jdownloads\assets\images\home_fe.png --> ftp3.ftptoyoursite.com /web/content/SITE-TEST/components/com_jdownloads/assets/images home_fe.png
2012.09.04 10:51 B C:\inetpub\wwwroot\components\com_jdownloads\assets\images\index.html --> ftp3.ftptoyoursite.com /web/content/SITE-TEST/components/com_jdownloads/assets/images index.html
2012.09.04 10:51 B C:\inetpub\wwwroot\components\com_jdownloads\assets\images\info32.png --> ftp3.ftptoyoursite.com /web/content/SITE-TEST/components/com_jdownloads/assets/images info32.png
2012.09.04 10:51 B C:\inetpub\wwwroot\components\com_jdownloads\assets\images\jd_slider_arrow_down_green.png --> ftp3.ftptoyoursite.com /web/content/SITE-TEST/components/com_jdownloads/assets/images jd_slider_arrow_down_green.png
2012.09.04 10:51 B C:\inetpub\wwwroot\components\com_jdownloads\assets\images\jd_slider_arrow_green.png --> ftp3.ftptoyoursite.com /web/content/SITE-TEST/components/com_jdownloads/assets/images jd_slider_arrow_green.png
2012.09.04 10:51 B C:\inetpub\wwwroot\components\com_jdownloads\assets\images\link_extern.gif --> ftp3.ftptoyoursite.com /web/content/SITE-TEST/components/com_jdownloads/assets/images link_extern.gif
2012.09.04 10:51 B C:\inetpub\wwwroot\components\com_jdownloads\assets\images\new_window.png --> ftp3.ftptoyoursite.com /web/content/SITE-TEST/components/com_jdownloads/assets/images new_window.png
2012.09.04 10:51 B C:\inetpub\wwwroot\components\com_jdownloads\assets\images\offline.png --> ftp3.ftptoyoursite.com /web/content/SITE-TEST/components/com_jdownloads/assets/images offline.png
2012.09.04 10:51 B C:\inetpub\wwwroot\components\com_jdownloads\assets\images\search.png --> ftp3.ftptoyoursite.com /web/content/SITE-TEST/components/com_jdownloads/assets/images search.png
2012.09.04 10:51 B C:\inetpub\wwwroot\components\com_jdownloads\assets\images\summary.png --> ftp3.ftptoyoursite.com /web/content/SITE-TEST/components/com_jdownloads/assets/images summary.png
2012.09.04 10:51 B C:\inetpub\wwwroot\components\com_jdownloads\assets\images\upload.png --> ftp3.ftptoyoursite.com /web/content/SITE-TEST/components/com_jdownloads/assets/images upload.png
2012.09.04 10:51 B C:\inetpub\wwwroot\components\com_jdownloads\assets\images\upload_ok.png --> ftp3.ftptoyoursite.com /web/content/SITE-TEST/components/com_jdownloads/assets/images upload_ok.png
2012.09.04 10:51 B C:\inetpub\wwwroot\components\com_jdownloads\assets\images\upload_stop.png --> ftp3.ftptoyoursite.com /web/content/SITE-TEST/components/com_jdownloads/assets/images upload_stop.png
2012.09.04 10:51 B C:\inetpub\wwwroot\components\com_jdownloads\assets\images\upper.png --> ftp3.ftptoyoursite.com /web/content/SITE-TEST/components/com_jdownloads/assets/images upper.png
2012.09.06 15:09 B C:\inetpub\wwwroot\components\com_jdownloads\assets\images\button_bg.png --> ftp3.ftptoyoursite.com /web/content/SITEBACKUP_962012/components/com_jdownloads/assets/images button_bg.png
2012.09.06 15:09 B C:\inetpub\wwwroot\components\com_jdownloads\assets\images\edit.png --> ftp3.ftptoyoursite.com /web/content/SITEBACKUP_962012/components/com_jdownloads/assets/images edit.png
2012.09.06 15:09 B C:\inetpub\wwwroot\components\com_jdownloads\assets\images\form_no_value.png --> ftp3.ftptoyoursite.com /web/content/SITEBACKUP_962012/components/com_jdownloads/assets/images form_no_value.png
2012.09.06 15:09 B C:\inetpub\wwwroot\components\com_jdownloads\assets\images\home_fe.png --> ftp3.ftptoyoursite.com /web/content/SITEBACKUP_962012/components/com_jdownloads/assets/images home_fe.png
2012.09.06 15:09 B C:\inetpub\wwwroot\components\com_jdownloads\assets\images\index.html --> ftp3.ftptoyoursite.com /web/content/SITEBACKUP_962012/components/com_jdownloads/assets/images index.html
2012.09.06 15:09 B C:\inetpub\wwwroot\components\com_jdownloads\assets\images\info32.png --> ftp3.ftptoyoursite.com /web/content/SITEBACKUP_962012/components/com_jdownloads/assets/images info32.png
2012.09.06 15:09 B C:\inetpub\wwwroot\components\com_jdownloads\assets\images\jd_slider_arrow_down_green.png --> ftp3.ftptoyoursite.com /web/content/SITEBACKUP_962012/components/com_jdownloads/assets/images jd_slider_arrow_down_green.png
2012.09.06 15:09 B C:\inetpub\wwwroot\components\com_jdownloads\assets\images\jd_slider_arrow_green.png --> ftp3.ftptoyoursite.com /web/content/SITEBACKUP_962012/components/com_jdownloads/assets/images jd_slider_arrow_green.png
2012.09.06 15:09 B C:\inetpub\wwwroot\components\com_jdownloads\assets\images\link_extern.gif --> ftp3.ftptoyoursite.com /web/content/SITEBACKUP_962012/components/com_jdownloads/assets/images link_extern.gif
2012.09.06 15:09 B C:\inetpub\wwwroot\components\com_jdownloads\assets\images\new_window.png --> ftp3.ftptoyoursite.com /web/content/SITEBACKUP_962012/components/com_jdownloads/assets/images new_window.png
2012.09.06 15:09 B C:\inetpub\wwwroot\components\com_jdownloads\assets\images\offline.png --> ftp3.ftptoyoursite.com /web/content/SITEBACKUP_962012/components/com_jdownloads/assets/images offline.png
2012.09.06 15:09 B C:\inetpub\wwwroot\components\com_jdownloads\assets\images\search.png --> ftp3.ftptoyoursite.com /web/content/SITEBACKUP_962012/components/com_jdownloads/assets/images search.png
2012.09.06 15:09 B C:\inetpub\wwwroot\components\com_jdownloads\assets\images\summary.png --> ftp3.ftptoyoursite.com /web/content/SITEBACKUP_962012/components/com_jdownloads/assets/images summary.png
2012.09.06 15:09 B C:\inetpub\wwwroot\components\com_jdownloads\assets\images\upload.png --> ftp3.ftptoyoursite.com /web/content/SITEBACKUP_962012/components/com_jdownloads/assets/images upload.png
2012.09.06 15:09 B C:\inetpub\wwwroot\components\com_jdownloads\assets\images\upload_ok.png --> ftp3.ftptoyoursite.com /web/content/SITEBACKUP_962012/components/com_jdownloads/assets/images upload_ok.png
2012.09.06 15:09 B C:\inetpub\wwwroot\components\com_jdownloads\assets\images\upload_stop.png --> ftp3.ftptoyoursite.com /web/content/SITEBACKUP_962012/components/com_jdownloads/assets/images upload_stop.png
2012.09.06 15:09 B C:\inetpub\wwwroot\components\com_jdownloads\assets\images\upper.png --> ftp3.ftptoyoursite.com /web/content/SITEBACKUP_962012/components/com_jdownloads/assets/images upper.png
2012.09.06 15:09 B C:\inetpub\wwwroot\components\com_jdownloads\assets\images\WS_FTP.LOG --> ftp3.ftptoyoursite.com /web/content/SITEBACKUP_962012/components/com_jdownloads/assets/images WS_FTP.LOG
2012.09.06 15:49 B C:\inetpub\wwwroot\components\com_jdownloads\assets\images\button_bg.png <-- Schubert Rackspace /web/content/SITEBACKUP_962012/components/com_jdownloads/assets/images button_bg.png
2012.09.06 15:49 B C:\inetpub\wwwroot\components\com_jdownloads\assets\images\edit.png <-- Schubert Rackspace /web/content/SITEBACKUP_962012/components/com_jdownloads/assets/images edit.png
2012.09.06 15:49 B C:\inetpub\wwwroot\components\com_jdownloads\assets\images\form_no_value.png <-- Schubert Rackspace /web/content/SITEBACKUP_962012/components/com_jdownloads/assets/images form_no_value.png
2012.09.06 15:49 B C:\inetpub\wwwroot\components\com_jdownloads\assets\images\home_fe.png <-- Schubert Rackspace /web/content/SITEBACKUP_962012/components/com_jdownloads/assets/images home_fe.png
2012.09.06 15:49 B C:\inetpub\wwwroot\components\com_jdownloads\assets\images\index.html <-- Schubert Rackspace /web/content/SITEBACKUP_962012/components/com_jdownloads/assets/images index.html
2012.09.06 15:49 B C:\inetpub\wwwroot\components\com_jdownloads\assets\images\info32.png <-- Schubert Rackspace /web/content/SITEBACKUP_962012/components/com_jdownloads/assets/images info32.png
2012.09.06 15:49 B C:\inetpub\wwwroot\components\com_jdownloads\assets\images\jd_slider_arrow_down_green.png <-- Schubert Rackspace /web/content/SITEBACKUP_962012/components/com_jdownloads/assets/images jd_slider_arrow_down_green.png
2012.09.06 15:49 B C:\inetpub\wwwroot\components\com_jdownloads\assets\images\jd_slider_arrow_green.png <-- Schubert Rackspace /web/content/SITEBACKUP_962012/components/com_jdownloads/assets/images jd_slider_arrow_green.png
2012.09.06 15:49 B C:\inetpub\wwwroot\components\com_jdownloads\assets\images\link_extern.gif <-- Schubert Rackspace /web/content/SITEBACKUP_962012/components/com_jdownloads/assets/images link_extern.gif
2012.09.06 15:49 B C:\inetpub\wwwroot\components\com_jdownloads\assets\images\new_window.png <-- Schubert Rackspace /web/content/SITEBACKUP_962012/components/com_jdownloads/assets/images new_window.png
2012.09.06 15:49 B C:\inetpub\wwwroot\components\com_jdownloads\assets\images\offline.png <-- Schubert Rackspace /web/content/SITEBACKUP_962012/components/com_jdownloads/assets/images offline.png
2012.09.06 15:49 B C:\inetpub\wwwroot\components\com_jdownloads\assets\images\search.png <-- Schubert Rackspace /web/content/SITEBACKUP_962012/components/com_jdownloads/assets/images search.png
2012.09.06 15:49 B C:\inetpub\wwwroot\components\com_jdownloads\assets\images\summary.png <-- Schubert Rackspace /web/content/SITEBACKUP_962012/components/com_jdownloads/assets/images summary.png
2012.09.06 15:49 B C:\inetpub\wwwroot\components\com_jdownloads\assets\images\upload.png <-- Schubert Rackspace /web/content/SITEBACKUP_962012/components/com_jdownloads/assets/images upload.png
2012.09.06 15:49 B C:\inetpub\wwwroot\components\com_jdownloads\assets\images\upload_ok.png <-- Schubert Rackspace /web/content/SITEBACKUP_962012/components/com_jdownloads/assets/images upload_ok.png
2012.09.06 15:49 B C:\inetpub\wwwroot\components\com_jdownloads\assets\images\upload_stop.png <-- Schubert Rackspace /web/content/SITEBACKUP_962012/components/com_jdownloads/assets/images upload_stop.png
2012.09.06 15:49 B C:\inetpub\wwwroot\components\com_jdownloads\assets\images\upper.png <-- Schubert Rackspace /web/content/SITEBACKUP_962012/components/com_jdownloads/assets/images upper.png
2012.10.23 09:12 B C:\inetpub\wwwroot\components\com_jdownloads\assets\images\button_bg.png --> ftp3.ftptoyoursite.com /web/content/components/com_jdownloads/assets/images button_bg.png
2012.10.23 09:12 B C:\inetpub\wwwroot\components\com_jdownloads\assets\images\edit.png --> ftp3.ftptoyoursite.com /web/content/components/com_jdownloads/assets/images edit.png
2012.10.23 09:12 B C:\inetpub\wwwroot\components\com_jdownloads\assets\images\form_no_value.png --> ftp3.ftptoyoursite.com /web/content/components/com_jdownloads/assets/images form_no_value.png
2012.10.23 09:12 B C:\inetpub\wwwroot\components\com_jdownloads\assets\images\home_fe.png --> ftp3.ftptoyoursite.com /web/content/components/com_jdownloads/assets/images home_fe.png
2012.10.23 09:12 B C:\inetpub\wwwroot\components\com_jdownloads\assets\images\index.html --> ftp3.ftptoyoursite.com /web/content/components/com_jdownloads/assets/images index.html
2012.10.23 09:12 B C:\inetpub\wwwroot\components\com_jdownloads\assets\images\info32.png --> ftp3.ftptoyoursite.com /web/content/components/com_jdownloads/assets/images info32.png
2012.10.23 09:12 B C:\inetpub\wwwroot\components\com_jdownloads\assets\images\jd_slider_arrow_down_green.png --> ftp3.ftptoyoursite.com /web/content/components/com_jdownloads/assets/images jd_slider_arrow_down_green.png
2012.10.23 09:12 B C:\inetpub\wwwroot\components\com_jdownloads\assets\images\jd_slider_arrow_green.png --> ftp3.ftptoyoursite.com /web/content/components/com_jdownloads/assets/images jd_slider_arrow_green.png
2012.10.23 09:12 B C:\inetpub\wwwroot\components\com_jdownloads\assets\images\link_extern.gif --> ftp3.ftptoyoursite.com /web/content/components/com_jdownloads/assets/images link_extern.gif
2012.10.23 09:12 B C:\inetpub\wwwroot\components\com_jdownloads\assets\images\new_window.png --> ftp3.ftptoyoursite.com /web/content/components/com_jdownloads/assets/images new_window.png
2012.10.23 09:12 B C:\inetpub\wwwroot\components\com_jdownloads\assets\images\offline.png --> ftp3.ftptoyoursite.com /web/content/components/com_jdownloads/assets/images offline.png
2012.10.23 09:12 B C:\inetpub\wwwroot\components\com_jdownloads\assets\images\search.png --> ftp3.ftptoyoursite.com /web/content/components/com_jdownloads/assets/images search.png
2012.10.23 09:12 B C:\inetpub\wwwroot\components\com_jdownloads\assets\images\summary.png --> ftp3.ftptoyoursite.com /web/content/components/com_jdownloads/assets/images summary.png
2012.10.23 09:12 B C:\inetpub\wwwroot\components\com_jdownloads\assets\images\upload.png --> ftp3.ftptoyoursite.com /web/content/components/com_jdownloads/assets/images upload.png
2012.10.23 09:12 B C:\inetpub\wwwroot\components\com_jdownloads\assets\images\upload_ok.png --> ftp3.ftptoyoursite.com /web/content/components/com_jdownloads/assets/images upload_ok.png
2012.10.23 09:12 B C:\inetpub\wwwroot\components\com_jdownloads\assets\images\upload_stop.png --> ftp3.ftptoyoursite.com /web/content/components/com_jdownloads/assets/images upload_stop.png
2012.10.23 09:12 B C:\inetpub\wwwroot\components\com_jdownloads\assets\images\upper.png --> ftp3.ftptoyoursite.com /web/content/components/com_jdownloads/assets/images upper.png
2012.10.23 09:12 B C:\inetpub\wwwroot\components\com_jdownloads\assets\images\WS_FTP.LOG --> ftp3.ftptoyoursite.com /web/content/components/com_jdownloads/assets/images WS_FTP.LOG
2013.02.01 14:49 B C:\inetpub\wwwroot\components\com_jdownloads\assets\images\WS_FTP.LOG <-- Schubert Rackspace /web/content/components/com_jdownloads/assets/images WS_FTP.LOG
