2012.07.25 12:19 B C:\Users\COBRIEN\Desktop\Schubert\modules\mod_arisexylightbox\includes\js\sexyimages\old_black\404.png <-- Schubert Rackspace /web/content/modules/mod_arisexylightbox/includes/js/sexyimages/old_black 404.png
2012.07.25 12:19 B C:\Users\COBRIEN\Desktop\Schubert\modules\mod_arisexylightbox\includes\js\sexyimages\old_black\bgSexy.gif <-- Schubert Rackspace /web/content/modules/mod_arisexylightbox/includes/js/sexyimages/old_black bgSexy.gif
2012.07.25 12:19 B C:\Users\COBRIEN\Desktop\Schubert\modules\mod_arisexylightbox\includes\js\sexyimages\old_black\bgSexy.png <-- Schubert Rackspace /web/content/modules/mod_arisexylightbox/includes/js/sexyimages/old_black bgSexy.png
2012.07.25 12:19 B C:\Users\COBRIEN\Desktop\Schubert\modules\mod_arisexylightbox\includes\js\sexyimages\old_black\index.html <-- Schubert Rackspace /web/content/modules/mod_arisexylightbox/includes/js/sexyimages/old_black index.html
2012.07.25 12:19 B C:\Users\COBRIEN\Desktop\Schubert\modules\mod_arisexylightbox\includes\js\sexyimages\old_black\loading.gif <-- Schubert Rackspace /web/content/modules/mod_arisexylightbox/includes/js/sexyimages/old_black loading.gif
2012.07.25 12:19 B C:\Users\COBRIEN\Desktop\Schubert\modules\mod_arisexylightbox\includes\js\sexyimages\old_black\Pause.png <-- Schubert Rackspace /web/content/modules/mod_arisexylightbox/includes/js/sexyimages/old_black Pause.png
2012.07.25 12:19 B C:\Users\COBRIEN\Desktop\Schubert\modules\mod_arisexylightbox\includes\js\sexyimages\old_black\Play.png <-- Schubert Rackspace /web/content/modules/mod_arisexylightbox/includes/js/sexyimages/old_black Play.png
2012.07.25 12:19 B C:\Users\COBRIEN\Desktop\Schubert\modules\mod_arisexylightbox\includes\js\sexyimages\old_black\SexyBtLeft.png <-- Schubert Rackspace /web/content/modules/mod_arisexylightbox/includes/js/sexyimages/old_black SexyBtLeft.png
2012.07.25 12:19 B C:\Users\COBRIEN\Desktop\Schubert\modules\mod_arisexylightbox\includes\js\sexyimages\old_black\SexyBtRight.png <-- Schubert Rackspace /web/content/modules/mod_arisexylightbox/includes/js/sexyimages/old_black SexyBtRight.png
2012.07.25 12:19 B C:\Users\COBRIEN\Desktop\Schubert\modules\mod_arisexylightbox\includes\js\sexyimages\old_black\SexyClose.png <-- Schubert Rackspace /web/content/modules/mod_arisexylightbox/includes/js/sexyimages/old_black SexyClose.png
2012.09.04 10:55 B C:\inetpub\wwwroot\modules\mod_arisexylightbox\includes\js\sexyimages\old_black\404.png --> ftp3.ftptoyoursite.com /web/content/SITE-TEST/modules/mod_arisexylightbox/includes/js/sexyimages/old_black 404.png
2012.09.04 10:55 B C:\inetpub\wwwroot\modules\mod_arisexylightbox\includes\js\sexyimages\old_black\bgSexy.gif --> ftp3.ftptoyoursite.com /web/content/SITE-TEST/modules/mod_arisexylightbox/includes/js/sexyimages/old_black bgSexy.gif
2012.09.04 10:55 B C:\inetpub\wwwroot\modules\mod_arisexylightbox\includes\js\sexyimages\old_black\bgSexy.png --> ftp3.ftptoyoursite.com /web/content/SITE-TEST/modules/mod_arisexylightbox/includes/js/sexyimages/old_black bgSexy.png
2012.09.04 10:55 B C:\inetpub\wwwroot\modules\mod_arisexylightbox\includes\js\sexyimages\old_black\index.html --> ftp3.ftptoyoursite.com /web/content/SITE-TEST/modules/mod_arisexylightbox/includes/js/sexyimages/old_black index.html
2012.09.04 10:55 B C:\inetpub\wwwroot\modules\mod_arisexylightbox\includes\js\sexyimages\old_black\loading.gif --> ftp3.ftptoyoursite.com /web/content/SITE-TEST/modules/mod_arisexylightbox/includes/js/sexyimages/old_black loading.gif
2012.09.04 10:55 B C:\inetpub\wwwroot\modules\mod_arisexylightbox\includes\js\sexyimages\old_black\Pause.png --> ftp3.ftptoyoursite.com /web/content/SITE-TEST/modules/mod_arisexylightbox/includes/js/sexyimages/old_black Pause.png
2012.09.04 10:55 B C:\inetpub\wwwroot\modules\mod_arisexylightbox\includes\js\sexyimages\old_black\Play.png --> ftp3.ftptoyoursite.com /web/content/SITE-TEST/modules/mod_arisexylightbox/includes/js/sexyimages/old_black Play.png
2012.09.04 10:55 B C:\inetpub\wwwroot\modules\mod_arisexylightbox\includes\js\sexyimages\old_black\SexyBtLeft.png --> ftp3.ftptoyoursite.com /web/content/SITE-TEST/modules/mod_arisexylightbox/includes/js/sexyimages/old_black SexyBtLeft.png
2012.09.04 10:55 B C:\inetpub\wwwroot\modules\mod_arisexylightbox\includes\js\sexyimages\old_black\SexyBtRight.png --> ftp3.ftptoyoursite.com /web/content/SITE-TEST/modules/mod_arisexylightbox/includes/js/sexyimages/old_black SexyBtRight.png
2012.09.04 10:55 B C:\inetpub\wwwroot\modules\mod_arisexylightbox\includes\js\sexyimages\old_black\SexyClose.png --> ftp3.ftptoyoursite.com /web/content/SITE-TEST/modules/mod_arisexylightbox/includes/js/sexyimages/old_black SexyClose.png
2012.09.04 10:55 B C:\inetpub\wwwroot\modules\mod_arisexylightbox\includes\js\sexyimages\old_black\WS_FTP.LOG --> ftp3.ftptoyoursite.com /web/content/SITE-TEST/modules/mod_arisexylightbox/includes/js/sexyimages/old_black WS_FTP.LOG
2012.09.06 15:14 B C:\inetpub\wwwroot\modules\mod_arisexylightbox\includes\js\sexyimages\old_black\404.png --> ftp3.ftptoyoursite.com /web/content/SITEBACKUP_962012/modules/mod_arisexylightbox/includes/js/sexyimages/old_black 404.png
2012.09.06 15:14 B C:\inetpub\wwwroot\modules\mod_arisexylightbox\includes\js\sexyimages\old_black\bgSexy.gif --> ftp3.ftptoyoursite.com /web/content/SITEBACKUP_962012/modules/mod_arisexylightbox/includes/js/sexyimages/old_black bgSexy.gif
2012.09.06 15:14 B C:\inetpub\wwwroot\modules\mod_arisexylightbox\includes\js\sexyimages\old_black\bgSexy.png --> ftp3.ftptoyoursite.com /web/content/SITEBACKUP_962012/modules/mod_arisexylightbox/includes/js/sexyimages/old_black bgSexy.png
2012.09.06 15:14 B C:\inetpub\wwwroot\modules\mod_arisexylightbox\includes\js\sexyimages\old_black\index.html --> ftp3.ftptoyoursite.com /web/content/SITEBACKUP_962012/modules/mod_arisexylightbox/includes/js/sexyimages/old_black index.html
2012.09.06 15:14 B C:\inetpub\wwwroot\modules\mod_arisexylightbox\includes\js\sexyimages\old_black\loading.gif --> ftp3.ftptoyoursite.com /web/content/SITEBACKUP_962012/modules/mod_arisexylightbox/includes/js/sexyimages/old_black loading.gif
2012.09.06 15:14 B C:\inetpub\wwwroot\modules\mod_arisexylightbox\includes\js\sexyimages\old_black\Pause.png --> ftp3.ftptoyoursite.com /web/content/SITEBACKUP_962012/modules/mod_arisexylightbox/includes/js/sexyimages/old_black Pause.png
2012.09.06 15:14 B C:\inetpub\wwwroot\modules\mod_arisexylightbox\includes\js\sexyimages\old_black\Play.png --> ftp3.ftptoyoursite.com /web/content/SITEBACKUP_962012/modules/mod_arisexylightbox/includes/js/sexyimages/old_black Play.png
2012.09.06 15:14 B C:\inetpub\wwwroot\modules\mod_arisexylightbox\includes\js\sexyimages\old_black\SexyBtLeft.png --> ftp3.ftptoyoursite.com /web/content/SITEBACKUP_962012/modules/mod_arisexylightbox/includes/js/sexyimages/old_black SexyBtLeft.png
2012.09.06 15:14 B C:\inetpub\wwwroot\modules\mod_arisexylightbox\includes\js\sexyimages\old_black\SexyBtRight.png --> ftp3.ftptoyoursite.com /web/content/SITEBACKUP_962012/modules/mod_arisexylightbox/includes/js/sexyimages/old_black SexyBtRight.png
2012.09.06 15:14 B C:\inetpub\wwwroot\modules\mod_arisexylightbox\includes\js\sexyimages\old_black\SexyClose.png --> ftp3.ftptoyoursite.com /web/content/SITEBACKUP_962012/modules/mod_arisexylightbox/includes/js/sexyimages/old_black SexyClose.png
2012.09.06 15:14 B C:\inetpub\wwwroot\modules\mod_arisexylightbox\includes\js\sexyimages\old_black\WS_FTP.LOG --> ftp3.ftptoyoursite.com /web/content/SITEBACKUP_962012/modules/mod_arisexylightbox/includes/js/sexyimages/old_black WS_FTP.LOG
2012.10.23 09:16 B C:\inetpub\wwwroot\modules\mod_arisexylightbox\includes\js\sexyimages\old_black\404.png --> ftp3.ftptoyoursite.com /web/content/modules/mod_arisexylightbox/includes/js/sexyimages/old_black 404.png
2012.10.23 09:16 B C:\inetpub\wwwroot\modules\mod_arisexylightbox\includes\js\sexyimages\old_black\bgSexy.gif --> ftp3.ftptoyoursite.com /web/content/modules/mod_arisexylightbox/includes/js/sexyimages/old_black bgSexy.gif
2012.10.23 09:16 B C:\inetpub\wwwroot\modules\mod_arisexylightbox\includes\js\sexyimages\old_black\bgSexy.png --> ftp3.ftptoyoursite.com /web/content/modules/mod_arisexylightbox/includes/js/sexyimages/old_black bgSexy.png
2012.10.23 09:16 B C:\inetpub\wwwroot\modules\mod_arisexylightbox\includes\js\sexyimages\old_black\index.html --> ftp3.ftptoyoursite.com /web/content/modules/mod_arisexylightbox/includes/js/sexyimages/old_black index.html
2012.10.23 09:16 B C:\inetpub\wwwroot\modules\mod_arisexylightbox\includes\js\sexyimages\old_black\loading.gif --> ftp3.ftptoyoursite.com /web/content/modules/mod_arisexylightbox/includes/js/sexyimages/old_black loading.gif
2012.10.23 09:16 B C:\inetpub\wwwroot\modules\mod_arisexylightbox\includes\js\sexyimages\old_black\Pause.png --> ftp3.ftptoyoursite.com /web/content/modules/mod_arisexylightbox/includes/js/sexyimages/old_black Pause.png
2012.10.23 09:16 B C:\inetpub\wwwroot\modules\mod_arisexylightbox\includes\js\sexyimages\old_black\Play.png --> ftp3.ftptoyoursite.com /web/content/modules/mod_arisexylightbox/includes/js/sexyimages/old_black Play.png
2012.10.23 09:16 B C:\inetpub\wwwroot\modules\mod_arisexylightbox\includes\js\sexyimages\old_black\SexyBtLeft.png --> ftp3.ftptoyoursite.com /web/content/modules/mod_arisexylightbox/includes/js/sexyimages/old_black SexyBtLeft.png
2012.10.23 09:16 B C:\inetpub\wwwroot\modules\mod_arisexylightbox\includes\js\sexyimages\old_black\SexyBtRight.png --> ftp3.ftptoyoursite.com /web/content/modules/mod_arisexylightbox/includes/js/sexyimages/old_black SexyBtRight.png
2012.10.23 09:16 B C:\inetpub\wwwroot\modules\mod_arisexylightbox\includes\js\sexyimages\old_black\SexyClose.png --> ftp3.ftptoyoursite.com /web/content/modules/mod_arisexylightbox/includes/js/sexyimages/old_black SexyClose.png
2012.10.23 09:16 B C:\inetpub\wwwroot\modules\mod_arisexylightbox\includes\js\sexyimages\old_black\WS_FTP.LOG --> ftp3.ftptoyoursite.com /web/content/modules/mod_arisexylightbox/includes/js/sexyimages/old_black WS_FTP.LOG
2013.02.01 15:02 B C:\inetpub\wwwroot\modules\mod_arisexylightbox\includes\js\sexyimages\old_black\WS_FTP.LOG <-- Schubert Rackspace /web/content/modules/mod_arisexylightbox/includes/js/sexyimages/old_black WS_FTP.LOG
