2012.07.25 12:19 B C:\Users\COBRIEN\Desktop\Schubert\modules\mod_arisexylightbox\includes\kernel\Flickr\class.Flickr.php <-- Schubert Rackspace /web/content/modules/mod_arisexylightbox/includes/kernel/Flickr class.Flickr.php
2012.07.25 12:19 B C:\Users\COBRIEN\Desktop\Schubert\modules\mod_arisexylightbox\includes\kernel\Flickr\index.html <-- Schubert Rackspace /web/content/modules/mod_arisexylightbox/includes/kernel/Flickr index.html
2012.07.25 12:19 B C:\Users\COBRIEN\Desktop\Schubert\modules\mod_arisexylightbox\includes\kernel\Flickr\phpFlickr.php <-- Schubert Rackspace /web/content/modules/mod_arisexylightbox/includes/kernel/Flickr phpFlickr.php
2012.07.25 12:19 B C:\Users\COBRIEN\Desktop\Schubert\modules\mod_arisexylightbox\includes\kernel\Flickr\phpFlickr5.php <-- Schubert Rackspace /web/content/modules/mod_arisexylightbox/includes/kernel/Flickr phpFlickr5.php
2012.09.04 10:55 B C:\inetpub\wwwroot\modules\mod_arisexylightbox\includes\kernel\Flickr\class.Flickr.php --> ftp3.ftptoyoursite.com /web/content/SITE-TEST/modules/mod_arisexylightbox/includes/kernel/Flickr class.Flickr.php
2012.09.04 10:55 B C:\inetpub\wwwroot\modules\mod_arisexylightbox\includes\kernel\Flickr\index.html --> ftp3.ftptoyoursite.com /web/content/SITE-TEST/modules/mod_arisexylightbox/includes/kernel/Flickr index.html
2012.09.04 10:55 B C:\inetpub\wwwroot\modules\mod_arisexylightbox\includes\kernel\Flickr\phpFlickr.php --> ftp3.ftptoyoursite.com /web/content/SITE-TEST/modules/mod_arisexylightbox/includes/kernel/Flickr phpFlickr.php
2012.09.04 10:55 B C:\inetpub\wwwroot\modules\mod_arisexylightbox\includes\kernel\Flickr\phpFlickr5.php --> ftp3.ftptoyoursite.com /web/content/SITE-TEST/modules/mod_arisexylightbox/includes/kernel/Flickr phpFlickr5.php
2012.09.04 10:55 B C:\inetpub\wwwroot\modules\mod_arisexylightbox\includes\kernel\Flickr\WS_FTP.LOG --> ftp3.ftptoyoursite.com /web/content/SITE-TEST/modules/mod_arisexylightbox/includes/kernel/Flickr WS_FTP.LOG
2012.09.06 15:14 B C:\inetpub\wwwroot\modules\mod_arisexylightbox\includes\kernel\Flickr\class.Flickr.php --> ftp3.ftptoyoursite.com /web/content/SITEBACKUP_962012/modules/mod_arisexylightbox/includes/kernel/Flickr class.Flickr.php
2012.09.06 15:14 B C:\inetpub\wwwroot\modules\mod_arisexylightbox\includes\kernel\Flickr\index.html --> ftp3.ftptoyoursite.com /web/content/SITEBACKUP_962012/modules/mod_arisexylightbox/includes/kernel/Flickr index.html
2012.09.06 15:14 B C:\inetpub\wwwroot\modules\mod_arisexylightbox\includes\kernel\Flickr\phpFlickr.php --> ftp3.ftptoyoursite.com /web/content/SITEBACKUP_962012/modules/mod_arisexylightbox/includes/kernel/Flickr phpFlickr.php
2012.09.06 15:14 B C:\inetpub\wwwroot\modules\mod_arisexylightbox\includes\kernel\Flickr\phpFlickr5.php --> ftp3.ftptoyoursite.com /web/content/SITEBACKUP_962012/modules/mod_arisexylightbox/includes/kernel/Flickr phpFlickr5.php
2012.09.06 15:14 B C:\inetpub\wwwroot\modules\mod_arisexylightbox\includes\kernel\Flickr\WS_FTP.LOG --> ftp3.ftptoyoursite.com /web/content/SITEBACKUP_962012/modules/mod_arisexylightbox/includes/kernel/Flickr WS_FTP.LOG
2012.10.23 09:16 B C:\inetpub\wwwroot\modules\mod_arisexylightbox\includes\kernel\Flickr\class.Flickr.php --> ftp3.ftptoyoursite.com /web/content/modules/mod_arisexylightbox/includes/kernel/Flickr class.Flickr.php
2012.10.23 09:16 B C:\inetpub\wwwroot\modules\mod_arisexylightbox\includes\kernel\Flickr\index.html --> ftp3.ftptoyoursite.com /web/content/modules/mod_arisexylightbox/includes/kernel/Flickr index.html
2012.10.23 09:16 B C:\inetpub\wwwroot\modules\mod_arisexylightbox\includes\kernel\Flickr\phpFlickr.php --> ftp3.ftptoyoursite.com /web/content/modules/mod_arisexylightbox/includes/kernel/Flickr phpFlickr.php
2012.10.23 09:16 B C:\inetpub\wwwroot\modules\mod_arisexylightbox\includes\kernel\Flickr\phpFlickr5.php --> ftp3.ftptoyoursite.com /web/content/modules/mod_arisexylightbox/includes/kernel/Flickr phpFlickr5.php
2012.10.23 09:16 B C:\inetpub\wwwroot\modules\mod_arisexylightbox\includes\kernel\Flickr\WS_FTP.LOG --> ftp3.ftptoyoursite.com /web/content/modules/mod_arisexylightbox/includes/kernel/Flickr WS_FTP.LOG
2013.02.01 15:02 B C:\inetpub\wwwroot\modules\mod_arisexylightbox\includes\kernel\Flickr\WS_FTP.LOG <-- Schubert Rackspace /web/content/modules/mod_arisexylightbox/includes/kernel/Flickr WS_FTP.LOG
