2012.07.25 12:18 B C:\Users\COBRIEN\Desktop\Schubert\libraries\joomla\http\http.php <-- Schubert Rackspace /web/content/libraries/joomla/http http.php
2012.07.25 12:18 B C:\Users\COBRIEN\Desktop\Schubert\libraries\joomla\http\index.html <-- Schubert Rackspace /web/content/libraries/joomla/http index.html
2012.07.25 12:18 B C:\Users\COBRIEN\Desktop\Schubert\libraries\joomla\http\response.php <-- Schubert Rackspace /web/content/libraries/joomla/http response.php
2012.07.25 12:18 B C:\Users\COBRIEN\Desktop\Schubert\libraries\joomla\http\transport.php <-- Schubert Rackspace /web/content/libraries/joomla/http transport.php
2012.09.04 10:54 B C:\inetpub\wwwroot\libraries\joomla\http\http.php --> ftp3.ftptoyoursite.com /web/content/SITE-TEST/libraries/joomla/http http.php
2012.09.04 10:54 B C:\inetpub\wwwroot\libraries\joomla\http\index.html --> ftp3.ftptoyoursite.com /web/content/SITE-TEST/libraries/joomla/http index.html
2012.09.04 10:54 B C:\inetpub\wwwroot\libraries\joomla\http\response.php --> ftp3.ftptoyoursite.com /web/content/SITE-TEST/libraries/joomla/http response.php
2012.09.04 10:54 B C:\inetpub\wwwroot\libraries\joomla\http\transport.php --> ftp3.ftptoyoursite.com /web/content/SITE-TEST/libraries/joomla/http transport.php
2012.09.04 10:54 B C:\inetpub\wwwroot\libraries\joomla\http\WS_FTP.LOG --> ftp3.ftptoyoursite.com /web/content/SITE-TEST/libraries/joomla/http WS_FTP.LOG
2012.09.06 15:12 B C:\inetpub\wwwroot\libraries\joomla\http\http.php --> ftp3.ftptoyoursite.com /web/content/SITEBACKUP_962012/libraries/joomla/http http.php
2012.09.06 15:12 B C:\inetpub\wwwroot\libraries\joomla\http\index.html --> ftp3.ftptoyoursite.com /web/content/SITEBACKUP_962012/libraries/joomla/http index.html
2012.09.06 15:12 B C:\inetpub\wwwroot\libraries\joomla\http\response.php --> ftp3.ftptoyoursite.com /web/content/SITEBACKUP_962012/libraries/joomla/http response.php
2012.09.06 15:12 B C:\inetpub\wwwroot\libraries\joomla\http\transport.php --> ftp3.ftptoyoursite.com /web/content/SITEBACKUP_962012/libraries/joomla/http transport.php
2012.09.06 15:12 B C:\inetpub\wwwroot\libraries\joomla\http\WS_FTP.LOG --> ftp3.ftptoyoursite.com /web/content/SITEBACKUP_962012/libraries/joomla/http WS_FTP.LOG
2012.10.23 09:15 B C:\inetpub\wwwroot\libraries\joomla\http\http.php --> ftp3.ftptoyoursite.com /web/content/libraries/joomla/http http.php
2012.10.23 09:15 B C:\inetpub\wwwroot\libraries\joomla\http\index.html --> ftp3.ftptoyoursite.com /web/content/libraries/joomla/http index.html
2012.10.23 09:15 B C:\inetpub\wwwroot\libraries\joomla\http\response.php --> ftp3.ftptoyoursite.com /web/content/libraries/joomla/http response.php
2012.10.23 09:15 B C:\inetpub\wwwroot\libraries\joomla\http\transport.php --> ftp3.ftptoyoursite.com /web/content/libraries/joomla/http transport.php
2012.10.23 09:15 B C:\inetpub\wwwroot\libraries\joomla\http\WS_FTP.LOG --> ftp3.ftptoyoursite.com /web/content/libraries/joomla/http WS_FTP.LOG
2013.02.01 14:54 B C:\inetpub\wwwroot\libraries\joomla\http\WS_FTP.LOG <-- Schubert Rackspace /web/content/libraries/joomla/http WS_FTP.LOG
