2012.07.25 12:15 B C:\Users\COBRIEN\Desktop\Schubert\components\com_jce\editor\libraries\js\colorpicker.js <-- Schubert Rackspace /web/content/components/com_jce/editor/libraries/js colorpicker.js
2012.07.25 12:15 B C:\Users\COBRIEN\Desktop\Schubert\components\com_jce\editor\libraries\js\editor.js <-- Schubert Rackspace /web/content/components/com_jce/editor/libraries/js editor.js
2012.07.25 12:15 B C:\Users\COBRIEN\Desktop\Schubert\components\com_jce\editor\libraries\js\extensions.js <-- Schubert Rackspace /web/content/components/com_jce/editor/libraries/js extensions.js
2012.07.25 12:15 B C:\Users\COBRIEN\Desktop\Schubert\components\com_jce\editor\libraries\js\help.js <-- Schubert Rackspace /web/content/components/com_jce/editor/libraries/js help.js
2012.07.25 12:15 B C:\Users\COBRIEN\Desktop\Schubert\components\com_jce\editor\libraries\js\html5.js <-- Schubert Rackspace /web/content/components/com_jce/editor/libraries/js html5.js
2012.07.25 12:15 B C:\Users\COBRIEN\Desktop\Schubert\components\com_jce\editor\libraries\js\index.html <-- Schubert Rackspace /web/content/components/com_jce/editor/libraries/js index.html
2012.07.25 12:15 B C:\Users\COBRIEN\Desktop\Schubert\components\com_jce\editor\libraries\js\plugin.js <-- Schubert Rackspace /web/content/components/com_jce/editor/libraries/js plugin.js
2012.07.25 12:15 B C:\Users\COBRIEN\Desktop\Schubert\components\com_jce\editor\libraries\js\select.js <-- Schubert Rackspace /web/content/components/com_jce/editor/libraries/js select.js
2012.07.25 12:15 B C:\Users\COBRIEN\Desktop\Schubert\components\com_jce\editor\libraries\js\tiny_mce_utils.js <-- Schubert Rackspace /web/content/components/com_jce/editor/libraries/js tiny_mce_utils.js
2012.07.25 12:15 B C:\Users\COBRIEN\Desktop\Schubert\components\com_jce\editor\libraries\js\tips.js <-- Schubert Rackspace /web/content/components/com_jce/editor/libraries/js tips.js
2012.07.25 12:15 B C:\Users\COBRIEN\Desktop\Schubert\components\com_jce\editor\libraries\js\tree.js <-- Schubert Rackspace /web/content/components/com_jce/editor/libraries/js tree.js
2012.07.25 12:15 B C:\Users\COBRIEN\Desktop\Schubert\components\com_jce\editor\libraries\js\upload.js <-- Schubert Rackspace /web/content/components/com_jce/editor/libraries/js upload.js
2012.09.04 10:50 B C:\inetpub\wwwroot\components\com_jce\editor\libraries\js\colorpicker.js --> ftp3.ftptoyoursite.com /web/content/SITE-TEST/components/com_jce/editor/libraries/js colorpicker.js
2012.09.04 10:50 B C:\inetpub\wwwroot\components\com_jce\editor\libraries\js\editor.js --> ftp3.ftptoyoursite.com /web/content/SITE-TEST/components/com_jce/editor/libraries/js editor.js
2012.09.04 10:50 B C:\inetpub\wwwroot\components\com_jce\editor\libraries\js\extensions.js --> ftp3.ftptoyoursite.com /web/content/SITE-TEST/components/com_jce/editor/libraries/js extensions.js
2012.09.04 10:50 B C:\inetpub\wwwroot\components\com_jce\editor\libraries\js\help.js --> ftp3.ftptoyoursite.com /web/content/SITE-TEST/components/com_jce/editor/libraries/js help.js
2012.09.04 10:50 B C:\inetpub\wwwroot\components\com_jce\editor\libraries\js\html5.js --> ftp3.ftptoyoursite.com /web/content/SITE-TEST/components/com_jce/editor/libraries/js html5.js
2012.09.04 10:50 B C:\inetpub\wwwroot\components\com_jce\editor\libraries\js\index.html --> ftp3.ftptoyoursite.com /web/content/SITE-TEST/components/com_jce/editor/libraries/js index.html
2012.09.04 10:50 B C:\inetpub\wwwroot\components\com_jce\editor\libraries\js\plugin.js --> ftp3.ftptoyoursite.com /web/content/SITE-TEST/components/com_jce/editor/libraries/js plugin.js
2012.09.04 10:50 B C:\inetpub\wwwroot\components\com_jce\editor\libraries\js\select.js --> ftp3.ftptoyoursite.com /web/content/SITE-TEST/components/com_jce/editor/libraries/js select.js
2012.09.04 10:50 B C:\inetpub\wwwroot\components\com_jce\editor\libraries\js\tiny_mce_utils.js --> ftp3.ftptoyoursite.com /web/content/SITE-TEST/components/com_jce/editor/libraries/js tiny_mce_utils.js
2012.09.04 10:50 B C:\inetpub\wwwroot\components\com_jce\editor\libraries\js\tips.js --> ftp3.ftptoyoursite.com /web/content/SITE-TEST/components/com_jce/editor/libraries/js tips.js
2012.09.04 10:50 B C:\inetpub\wwwroot\components\com_jce\editor\libraries\js\tree.js --> ftp3.ftptoyoursite.com /web/content/SITE-TEST/components/com_jce/editor/libraries/js tree.js
2012.09.04 10:50 B C:\inetpub\wwwroot\components\com_jce\editor\libraries\js\upload.js --> ftp3.ftptoyoursite.com /web/content/SITE-TEST/components/com_jce/editor/libraries/js upload.js
2012.09.04 10:50 B C:\inetpub\wwwroot\components\com_jce\editor\libraries\js\WS_FTP.LOG --> ftp3.ftptoyoursite.com /web/content/SITE-TEST/components/com_jce/editor/libraries/js WS_FTP.LOG
2012.09.06 15:08 B C:\inetpub\wwwroot\components\com_jce\editor\libraries\js\colorpicker.js --> ftp3.ftptoyoursite.com /web/content/SITEBACKUP_962012/components/com_jce/editor/libraries/js colorpicker.js
2012.09.06 15:08 B C:\inetpub\wwwroot\components\com_jce\editor\libraries\js\editor.js --> ftp3.ftptoyoursite.com /web/content/SITEBACKUP_962012/components/com_jce/editor/libraries/js editor.js
2012.09.06 15:08 B C:\inetpub\wwwroot\components\com_jce\editor\libraries\js\extensions.js --> ftp3.ftptoyoursite.com /web/content/SITEBACKUP_962012/components/com_jce/editor/libraries/js extensions.js
2012.09.06 15:08 B C:\inetpub\wwwroot\components\com_jce\editor\libraries\js\help.js --> ftp3.ftptoyoursite.com /web/content/SITEBACKUP_962012/components/com_jce/editor/libraries/js help.js
2012.09.06 15:08 B C:\inetpub\wwwroot\components\com_jce\editor\libraries\js\html5.js --> ftp3.ftptoyoursite.com /web/content/SITEBACKUP_962012/components/com_jce/editor/libraries/js html5.js
2012.09.06 15:08 B C:\inetpub\wwwroot\components\com_jce\editor\libraries\js\index.html --> ftp3.ftptoyoursite.com /web/content/SITEBACKUP_962012/components/com_jce/editor/libraries/js index.html
2012.09.06 15:08 B C:\inetpub\wwwroot\components\com_jce\editor\libraries\js\plugin.js --> ftp3.ftptoyoursite.com /web/content/SITEBACKUP_962012/components/com_jce/editor/libraries/js plugin.js
2012.09.06 15:08 B C:\inetpub\wwwroot\components\com_jce\editor\libraries\js\select.js --> ftp3.ftptoyoursite.com /web/content/SITEBACKUP_962012/components/com_jce/editor/libraries/js select.js
2012.09.06 15:08 B C:\inetpub\wwwroot\components\com_jce\editor\libraries\js\tiny_mce_utils.js --> ftp3.ftptoyoursite.com /web/content/SITEBACKUP_962012/components/com_jce/editor/libraries/js tiny_mce_utils.js
2012.09.06 15:08 B C:\inetpub\wwwroot\components\com_jce\editor\libraries\js\tips.js --> ftp3.ftptoyoursite.com /web/content/SITEBACKUP_962012/components/com_jce/editor/libraries/js tips.js
2012.09.06 15:08 B C:\inetpub\wwwroot\components\com_jce\editor\libraries\js\tree.js --> ftp3.ftptoyoursite.com /web/content/SITEBACKUP_962012/components/com_jce/editor/libraries/js tree.js
2012.09.06 15:08 B C:\inetpub\wwwroot\components\com_jce\editor\libraries\js\upload.js --> ftp3.ftptoyoursite.com /web/content/SITEBACKUP_962012/components/com_jce/editor/libraries/js upload.js
2012.09.06 15:08 B C:\inetpub\wwwroot\components\com_jce\editor\libraries\js\WS_FTP.LOG --> ftp3.ftptoyoursite.com /web/content/SITEBACKUP_962012/components/com_jce/editor/libraries/js WS_FTP.LOG
2012.09.06 15:48 B C:\inetpub\wwwroot\components\com_jce\editor\libraries\js\colorpicker.js <-- Schubert Rackspace /web/content/SITEBACKUP_962012/components/com_jce/editor/libraries/js colorpicker.js
2012.09.06 15:48 B C:\inetpub\wwwroot\components\com_jce\editor\libraries\js\editor.js <-- Schubert Rackspace /web/content/SITEBACKUP_962012/components/com_jce/editor/libraries/js editor.js
2012.09.06 15:48 B C:\inetpub\wwwroot\components\com_jce\editor\libraries\js\extensions.js <-- Schubert Rackspace /web/content/SITEBACKUP_962012/components/com_jce/editor/libraries/js extensions.js
2012.09.06 15:48 B C:\inetpub\wwwroot\components\com_jce\editor\libraries\js\help.js <-- Schubert Rackspace /web/content/SITEBACKUP_962012/components/com_jce/editor/libraries/js help.js
2012.09.06 15:48 B C:\inetpub\wwwroot\components\com_jce\editor\libraries\js\html5.js <-- Schubert Rackspace /web/content/SITEBACKUP_962012/components/com_jce/editor/libraries/js html5.js
2012.09.06 15:48 B C:\inetpub\wwwroot\components\com_jce\editor\libraries\js\index.html <-- Schubert Rackspace /web/content/SITEBACKUP_962012/components/com_jce/editor/libraries/js index.html
2012.09.06 15:48 B C:\inetpub\wwwroot\components\com_jce\editor\libraries\js\plugin.js <-- Schubert Rackspace /web/content/SITEBACKUP_962012/components/com_jce/editor/libraries/js plugin.js
2012.09.06 15:48 B C:\inetpub\wwwroot\components\com_jce\editor\libraries\js\select.js <-- Schubert Rackspace /web/content/SITEBACKUP_962012/components/com_jce/editor/libraries/js select.js
2012.09.06 15:48 B C:\inetpub\wwwroot\components\com_jce\editor\libraries\js\tiny_mce_utils.js <-- Schubert Rackspace /web/content/SITEBACKUP_962012/components/com_jce/editor/libraries/js tiny_mce_utils.js
2012.09.06 15:48 B C:\inetpub\wwwroot\components\com_jce\editor\libraries\js\tips.js <-- Schubert Rackspace /web/content/SITEBACKUP_962012/components/com_jce/editor/libraries/js tips.js
2012.09.06 15:48 B C:\inetpub\wwwroot\components\com_jce\editor\libraries\js\tree.js <-- Schubert Rackspace /web/content/SITEBACKUP_962012/components/com_jce/editor/libraries/js tree.js
2012.09.06 15:48 B C:\inetpub\wwwroot\components\com_jce\editor\libraries\js\upload.js <-- Schubert Rackspace /web/content/SITEBACKUP_962012/components/com_jce/editor/libraries/js upload.js
2012.10.23 09:11 B C:\inetpub\wwwroot\components\com_jce\editor\libraries\js\colorpicker.js --> ftp3.ftptoyoursite.com /web/content/components/com_jce/editor/libraries/js colorpicker.js
2012.10.23 09:11 B C:\inetpub\wwwroot\components\com_jce\editor\libraries\js\editor.js --> ftp3.ftptoyoursite.com /web/content/components/com_jce/editor/libraries/js editor.js
2012.10.23 09:11 B C:\inetpub\wwwroot\components\com_jce\editor\libraries\js\extensions.js --> ftp3.ftptoyoursite.com /web/content/components/com_jce/editor/libraries/js extensions.js
2012.10.23 09:11 B C:\inetpub\wwwroot\components\com_jce\editor\libraries\js\help.js --> ftp3.ftptoyoursite.com /web/content/components/com_jce/editor/libraries/js help.js
2012.10.23 09:11 B C:\inetpub\wwwroot\components\com_jce\editor\libraries\js\html5.js --> ftp3.ftptoyoursite.com /web/content/components/com_jce/editor/libraries/js html5.js
2012.10.23 09:11 B C:\inetpub\wwwroot\components\com_jce\editor\libraries\js\index.html --> ftp3.ftptoyoursite.com /web/content/components/com_jce/editor/libraries/js index.html
2012.10.23 09:11 B C:\inetpub\wwwroot\components\com_jce\editor\libraries\js\plugin.js --> ftp3.ftptoyoursite.com /web/content/components/com_jce/editor/libraries/js plugin.js
2012.10.23 09:11 B C:\inetpub\wwwroot\components\com_jce\editor\libraries\js\select.js --> ftp3.ftptoyoursite.com /web/content/components/com_jce/editor/libraries/js select.js
2012.10.23 09:11 B C:\inetpub\wwwroot\components\com_jce\editor\libraries\js\tiny_mce_utils.js --> ftp3.ftptoyoursite.com /web/content/components/com_jce/editor/libraries/js tiny_mce_utils.js
2012.10.23 09:11 B C:\inetpub\wwwroot\components\com_jce\editor\libraries\js\tips.js --> ftp3.ftptoyoursite.com /web/content/components/com_jce/editor/libraries/js tips.js
2012.10.23 09:11 B C:\inetpub\wwwroot\components\com_jce\editor\libraries\js\tree.js --> ftp3.ftptoyoursite.com /web/content/components/com_jce/editor/libraries/js tree.js
2012.10.23 09:11 B C:\inetpub\wwwroot\components\com_jce\editor\libraries\js\upload.js --> ftp3.ftptoyoursite.com /web/content/components/com_jce/editor/libraries/js upload.js
2012.10.23 09:11 B C:\inetpub\wwwroot\components\com_jce\editor\libraries\js\WS_FTP.LOG --> ftp3.ftptoyoursite.com /web/content/components/com_jce/editor/libraries/js WS_FTP.LOG
2013.02.01 14:48 B C:\inetpub\wwwroot\components\com_jce\editor\libraries\js\WS_FTP.LOG <-- Schubert Rackspace /web/content/components/com_jce/editor/libraries/js WS_FTP.LOG
