2012.07.25 12:17 B C:\Users\COBRIEN\Desktop\Schubert\libraries\joomla\client\ftp.php <-- Schubert Rackspace /web/content/libraries/joomla/client ftp.php
2012.07.25 12:17 B C:\Users\COBRIEN\Desktop\Schubert\libraries\joomla\client\helper.php <-- Schubert Rackspace /web/content/libraries/joomla/client helper.php
2012.07.25 12:17 B C:\Users\COBRIEN\Desktop\Schubert\libraries\joomla\client\index.html <-- Schubert Rackspace /web/content/libraries/joomla/client index.html
2012.07.25 12:17 B C:\Users\COBRIEN\Desktop\Schubert\libraries\joomla\client\ldap.php <-- Schubert Rackspace /web/content/libraries/joomla/client ldap.php
2012.09.04 10:54 B C:\inetpub\wwwroot\libraries\joomla\client\ftp.php --> ftp3.ftptoyoursite.com /web/content/SITE-TEST/libraries/joomla/client ftp.php
2012.09.04 10:54 B C:\inetpub\wwwroot\libraries\joomla\client\helper.php --> ftp3.ftptoyoursite.com /web/content/SITE-TEST/libraries/joomla/client helper.php
2012.09.04 10:54 B C:\inetpub\wwwroot\libraries\joomla\client\index.html --> ftp3.ftptoyoursite.com /web/content/SITE-TEST/libraries/joomla/client index.html
2012.09.04 10:54 B C:\inetpub\wwwroot\libraries\joomla\client\ldap.php --> ftp3.ftptoyoursite.com /web/content/SITE-TEST/libraries/joomla/client ldap.php
2012.09.04 10:54 B C:\inetpub\wwwroot\libraries\joomla\client\WS_FTP.LOG --> ftp3.ftptoyoursite.com /web/content/SITE-TEST/libraries/joomla/client WS_FTP.LOG
2012.09.06 15:12 B C:\inetpub\wwwroot\libraries\joomla\client\ftp.php --> ftp3.ftptoyoursite.com /web/content/SITEBACKUP_962012/libraries/joomla/client ftp.php
2012.09.06 15:12 B C:\inetpub\wwwroot\libraries\joomla\client\helper.php --> ftp3.ftptoyoursite.com /web/content/SITEBACKUP_962012/libraries/joomla/client helper.php
2012.09.06 15:12 B C:\inetpub\wwwroot\libraries\joomla\client\index.html --> ftp3.ftptoyoursite.com /web/content/SITEBACKUP_962012/libraries/joomla/client index.html
2012.09.06 15:12 B C:\inetpub\wwwroot\libraries\joomla\client\ldap.php --> ftp3.ftptoyoursite.com /web/content/SITEBACKUP_962012/libraries/joomla/client ldap.php
2012.09.06 15:12 B C:\inetpub\wwwroot\libraries\joomla\client\WS_FTP.LOG --> ftp3.ftptoyoursite.com /web/content/SITEBACKUP_962012/libraries/joomla/client WS_FTP.LOG
2012.10.23 09:15 B C:\inetpub\wwwroot\libraries\joomla\client\ftp.php --> ftp3.ftptoyoursite.com /web/content/libraries/joomla/client ftp.php
2012.10.23 09:15 B C:\inetpub\wwwroot\libraries\joomla\client\helper.php --> ftp3.ftptoyoursite.com /web/content/libraries/joomla/client helper.php
2012.10.23 09:15 B C:\inetpub\wwwroot\libraries\joomla\client\index.html --> ftp3.ftptoyoursite.com /web/content/libraries/joomla/client index.html
2012.10.23 09:15 B C:\inetpub\wwwroot\libraries\joomla\client\ldap.php --> ftp3.ftptoyoursite.com /web/content/libraries/joomla/client ldap.php
2012.10.23 09:15 B C:\inetpub\wwwroot\libraries\joomla\client\WS_FTP.LOG --> ftp3.ftptoyoursite.com /web/content/libraries/joomla/client WS_FTP.LOG
2013.02.01 14:54 B C:\inetpub\wwwroot\libraries\joomla\client\WS_FTP.LOG <-- Schubert Rackspace /web/content/libraries/joomla/client WS_FTP.LOG
