2012.07.25 12:19 B C:\Users\COBRIEN\Desktop\Schubert\media\media\images\mime-icon-16\avi.png <-- Schubert Rackspace /web/content/media/media/images/mime-icon-16 avi.png
2012.07.25 12:19 B C:\Users\COBRIEN\Desktop\Schubert\media\media\images\mime-icon-16\doc.png <-- Schubert Rackspace /web/content/media/media/images/mime-icon-16 doc.png
2012.07.25 12:19 B C:\Users\COBRIEN\Desktop\Schubert\media\media\images\mime-icon-16\index.html <-- Schubert Rackspace /web/content/media/media/images/mime-icon-16 index.html
2012.07.25 12:19 B C:\Users\COBRIEN\Desktop\Schubert\media\media\images\mime-icon-16\mov.png <-- Schubert Rackspace /web/content/media/media/images/mime-icon-16 mov.png
2012.07.25 12:19 B C:\Users\COBRIEN\Desktop\Schubert\media\media\images\mime-icon-16\mp3.png <-- Schubert Rackspace /web/content/media/media/images/mime-icon-16 mp3.png
2012.07.25 12:19 B C:\Users\COBRIEN\Desktop\Schubert\media\media\images\mime-icon-16\mp4.png <-- Schubert Rackspace /web/content/media/media/images/mime-icon-16 mp4.png
2012.07.25 12:19 B C:\Users\COBRIEN\Desktop\Schubert\media\media\images\mime-icon-16\odc.png <-- Schubert Rackspace /web/content/media/media/images/mime-icon-16 odc.png
2012.07.25 12:19 B C:\Users\COBRIEN\Desktop\Schubert\media\media\images\mime-icon-16\odd.png <-- Schubert Rackspace /web/content/media/media/images/mime-icon-16 odd.png
2012.07.25 12:19 B C:\Users\COBRIEN\Desktop\Schubert\media\media\images\mime-icon-16\odt.png <-- Schubert Rackspace /web/content/media/media/images/mime-icon-16 odt.png
2012.07.25 12:19 B C:\Users\COBRIEN\Desktop\Schubert\media\media\images\mime-icon-16\ogg.png <-- Schubert Rackspace /web/content/media/media/images/mime-icon-16 ogg.png
2012.07.25 12:19 B C:\Users\COBRIEN\Desktop\Schubert\media\media\images\mime-icon-16\pdf.png <-- Schubert Rackspace /web/content/media/media/images/mime-icon-16 pdf.png
2012.07.25 12:19 B C:\Users\COBRIEN\Desktop\Schubert\media\media\images\mime-icon-16\ppt.png <-- Schubert Rackspace /web/content/media/media/images/mime-icon-16 ppt.png
2012.07.25 12:19 B C:\Users\COBRIEN\Desktop\Schubert\media\media\images\mime-icon-16\rar.png <-- Schubert Rackspace /web/content/media/media/images/mime-icon-16 rar.png
2012.07.25 12:19 B C:\Users\COBRIEN\Desktop\Schubert\media\media\images\mime-icon-16\rtf.png <-- Schubert Rackspace /web/content/media/media/images/mime-icon-16 rtf.png
2012.07.25 12:19 B C:\Users\COBRIEN\Desktop\Schubert\media\media\images\mime-icon-16\svg.png <-- Schubert Rackspace /web/content/media/media/images/mime-icon-16 svg.png
2012.07.25 12:19 B C:\Users\COBRIEN\Desktop\Schubert\media\media\images\mime-icon-16\sxd.png <-- Schubert Rackspace /web/content/media/media/images/mime-icon-16 sxd.png
2012.07.25 12:19 B C:\Users\COBRIEN\Desktop\Schubert\media\media\images\mime-icon-16\tar.png <-- Schubert Rackspace /web/content/media/media/images/mime-icon-16 tar.png
2012.07.25 12:19 B C:\Users\COBRIEN\Desktop\Schubert\media\media\images\mime-icon-16\tgz.png <-- Schubert Rackspace /web/content/media/media/images/mime-icon-16 tgz.png
2012.07.25 12:19 B C:\Users\COBRIEN\Desktop\Schubert\media\media\images\mime-icon-16\wma.png <-- Schubert Rackspace /web/content/media/media/images/mime-icon-16 wma.png
2012.07.25 12:19 B C:\Users\COBRIEN\Desktop\Schubert\media\media\images\mime-icon-16\wmv.png <-- Schubert Rackspace /web/content/media/media/images/mime-icon-16 wmv.png
2012.07.25 12:19 B C:\Users\COBRIEN\Desktop\Schubert\media\media\images\mime-icon-16\xls.png <-- Schubert Rackspace /web/content/media/media/images/mime-icon-16 xls.png
2012.07.25 12:19 B C:\Users\COBRIEN\Desktop\Schubert\media\media\images\mime-icon-16\zip.png <-- Schubert Rackspace /web/content/media/media/images/mime-icon-16 zip.png
2012.09.04 10:55 B C:\inetpub\wwwroot\media\media\images\mime-icon-16\avi.png --> ftp3.ftptoyoursite.com /web/content/SITE-TEST/media/media/images/mime-icon-16 avi.png
2012.09.04 10:55 B C:\inetpub\wwwroot\media\media\images\mime-icon-16\doc.png --> ftp3.ftptoyoursite.com /web/content/SITE-TEST/media/media/images/mime-icon-16 doc.png
2012.09.04 10:55 B C:\inetpub\wwwroot\media\media\images\mime-icon-16\index.html --> ftp3.ftptoyoursite.com /web/content/SITE-TEST/media/media/images/mime-icon-16 index.html
2012.09.04 10:55 B C:\inetpub\wwwroot\media\media\images\mime-icon-16\mov.png --> ftp3.ftptoyoursite.com /web/content/SITE-TEST/media/media/images/mime-icon-16 mov.png
2012.09.04 10:55 B C:\inetpub\wwwroot\media\media\images\mime-icon-16\mp3.png --> ftp3.ftptoyoursite.com /web/content/SITE-TEST/media/media/images/mime-icon-16 mp3.png
2012.09.04 10:55 B C:\inetpub\wwwroot\media\media\images\mime-icon-16\mp4.png --> ftp3.ftptoyoursite.com /web/content/SITE-TEST/media/media/images/mime-icon-16 mp4.png
2012.09.04 10:55 B C:\inetpub\wwwroot\media\media\images\mime-icon-16\odc.png --> ftp3.ftptoyoursite.com /web/content/SITE-TEST/media/media/images/mime-icon-16 odc.png
2012.09.04 10:55 B C:\inetpub\wwwroot\media\media\images\mime-icon-16\odd.png --> ftp3.ftptoyoursite.com /web/content/SITE-TEST/media/media/images/mime-icon-16 odd.png
2012.09.04 10:55 B C:\inetpub\wwwroot\media\media\images\mime-icon-16\odt.png --> ftp3.ftptoyoursite.com /web/content/SITE-TEST/media/media/images/mime-icon-16 odt.png
2012.09.04 10:55 B C:\inetpub\wwwroot\media\media\images\mime-icon-16\ogg.png --> ftp3.ftptoyoursite.com /web/content/SITE-TEST/media/media/images/mime-icon-16 ogg.png
2012.09.04 10:55 B C:\inetpub\wwwroot\media\media\images\mime-icon-16\pdf.png --> ftp3.ftptoyoursite.com /web/content/SITE-TEST/media/media/images/mime-icon-16 pdf.png
2012.09.04 10:55 B C:\inetpub\wwwroot\media\media\images\mime-icon-16\ppt.png --> ftp3.ftptoyoursite.com /web/content/SITE-TEST/media/media/images/mime-icon-16 ppt.png
2012.09.04 10:55 B C:\inetpub\wwwroot\media\media\images\mime-icon-16\rar.png --> ftp3.ftptoyoursite.com /web/content/SITE-TEST/media/media/images/mime-icon-16 rar.png
2012.09.04 10:55 B C:\inetpub\wwwroot\media\media\images\mime-icon-16\rtf.png --> ftp3.ftptoyoursite.com /web/content/SITE-TEST/media/media/images/mime-icon-16 rtf.png
2012.09.04 10:55 B C:\inetpub\wwwroot\media\media\images\mime-icon-16\svg.png --> ftp3.ftptoyoursite.com /web/content/SITE-TEST/media/media/images/mime-icon-16 svg.png
2012.09.04 10:55 B C:\inetpub\wwwroot\media\media\images\mime-icon-16\sxd.png --> ftp3.ftptoyoursite.com /web/content/SITE-TEST/media/media/images/mime-icon-16 sxd.png
2012.09.04 10:55 B C:\inetpub\wwwroot\media\media\images\mime-icon-16\tar.png --> ftp3.ftptoyoursite.com /web/content/SITE-TEST/media/media/images/mime-icon-16 tar.png
2012.09.04 10:55 B C:\inetpub\wwwroot\media\media\images\mime-icon-16\tgz.png --> ftp3.ftptoyoursite.com /web/content/SITE-TEST/media/media/images/mime-icon-16 tgz.png
2012.09.04 10:55 B C:\inetpub\wwwroot\media\media\images\mime-icon-16\wma.png --> ftp3.ftptoyoursite.com /web/content/SITE-TEST/media/media/images/mime-icon-16 wma.png
2012.09.04 10:55 B C:\inetpub\wwwroot\media\media\images\mime-icon-16\wmv.png --> ftp3.ftptoyoursite.com /web/content/SITE-TEST/media/media/images/mime-icon-16 wmv.png
2012.09.04 10:55 B C:\inetpub\wwwroot\media\media\images\mime-icon-16\WS_FTP.LOG --> ftp3.ftptoyoursite.com /web/content/SITE-TEST/media/media/images/mime-icon-16 WS_FTP.LOG
2012.09.04 10:55 B C:\inetpub\wwwroot\media\media\images\mime-icon-16\xls.png --> ftp3.ftptoyoursite.com /web/content/SITE-TEST/media/media/images/mime-icon-16 xls.png
2012.09.04 10:55 B C:\inetpub\wwwroot\media\media\images\mime-icon-16\zip.png --> ftp3.ftptoyoursite.com /web/content/SITE-TEST/media/media/images/mime-icon-16 zip.png
2012.09.06 15:14 B C:\inetpub\wwwroot\media\media\images\mime-icon-16\avi.png --> ftp3.ftptoyoursite.com /web/content/SITEBACKUP_962012/media/media/images/mime-icon-16 avi.png
2012.09.06 15:14 B C:\inetpub\wwwroot\media\media\images\mime-icon-16\doc.png --> ftp3.ftptoyoursite.com /web/content/SITEBACKUP_962012/media/media/images/mime-icon-16 doc.png
2012.09.06 15:14 B C:\inetpub\wwwroot\media\media\images\mime-icon-16\index.html --> ftp3.ftptoyoursite.com /web/content/SITEBACKUP_962012/media/media/images/mime-icon-16 index.html
2012.09.06 15:14 B C:\inetpub\wwwroot\media\media\images\mime-icon-16\mov.png --> ftp3.ftptoyoursite.com /web/content/SITEBACKUP_962012/media/media/images/mime-icon-16 mov.png
2012.09.06 15:14 B C:\inetpub\wwwroot\media\media\images\mime-icon-16\mp3.png --> ftp3.ftptoyoursite.com /web/content/SITEBACKUP_962012/media/media/images/mime-icon-16 mp3.png
2012.09.06 15:14 B C:\inetpub\wwwroot\media\media\images\mime-icon-16\mp4.png --> ftp3.ftptoyoursite.com /web/content/SITEBACKUP_962012/media/media/images/mime-icon-16 mp4.png
2012.09.06 15:14 B C:\inetpub\wwwroot\media\media\images\mime-icon-16\odc.png --> ftp3.ftptoyoursite.com /web/content/SITEBACKUP_962012/media/media/images/mime-icon-16 odc.png
2012.09.06 15:14 B C:\inetpub\wwwroot\media\media\images\mime-icon-16\odd.png --> ftp3.ftptoyoursite.com /web/content/SITEBACKUP_962012/media/media/images/mime-icon-16 odd.png
2012.09.06 15:14 B C:\inetpub\wwwroot\media\media\images\mime-icon-16\odt.png --> ftp3.ftptoyoursite.com /web/content/SITEBACKUP_962012/media/media/images/mime-icon-16 odt.png
2012.09.06 15:14 B C:\inetpub\wwwroot\media\media\images\mime-icon-16\ogg.png --> ftp3.ftptoyoursite.com /web/content/SITEBACKUP_962012/media/media/images/mime-icon-16 ogg.png
2012.09.06 15:14 B C:\inetpub\wwwroot\media\media\images\mime-icon-16\pdf.png --> ftp3.ftptoyoursite.com /web/content/SITEBACKUP_962012/media/media/images/mime-icon-16 pdf.png
2012.09.06 15:14 B C:\inetpub\wwwroot\media\media\images\mime-icon-16\ppt.png --> ftp3.ftptoyoursite.com /web/content/SITEBACKUP_962012/media/media/images/mime-icon-16 ppt.png
2012.09.06 15:14 B C:\inetpub\wwwroot\media\media\images\mime-icon-16\rar.png --> ftp3.ftptoyoursite.com /web/content/SITEBACKUP_962012/media/media/images/mime-icon-16 rar.png
2012.09.06 15:14 B C:\inetpub\wwwroot\media\media\images\mime-icon-16\rtf.png --> ftp3.ftptoyoursite.com /web/content/SITEBACKUP_962012/media/media/images/mime-icon-16 rtf.png
2012.09.06 15:14 B C:\inetpub\wwwroot\media\media\images\mime-icon-16\svg.png --> ftp3.ftptoyoursite.com /web/content/SITEBACKUP_962012/media/media/images/mime-icon-16 svg.png
2012.09.06 15:14 B C:\inetpub\wwwroot\media\media\images\mime-icon-16\sxd.png --> ftp3.ftptoyoursite.com /web/content/SITEBACKUP_962012/media/media/images/mime-icon-16 sxd.png
2012.09.06 15:14 B C:\inetpub\wwwroot\media\media\images\mime-icon-16\tar.png --> ftp3.ftptoyoursite.com /web/content/SITEBACKUP_962012/media/media/images/mime-icon-16 tar.png
2012.09.06 15:14 B C:\inetpub\wwwroot\media\media\images\mime-icon-16\tgz.png --> ftp3.ftptoyoursite.com /web/content/SITEBACKUP_962012/media/media/images/mime-icon-16 tgz.png
2012.09.06 15:14 B C:\inetpub\wwwroot\media\media\images\mime-icon-16\wma.png --> ftp3.ftptoyoursite.com /web/content/SITEBACKUP_962012/media/media/images/mime-icon-16 wma.png
2012.09.06 15:14 B C:\inetpub\wwwroot\media\media\images\mime-icon-16\wmv.png --> ftp3.ftptoyoursite.com /web/content/SITEBACKUP_962012/media/media/images/mime-icon-16 wmv.png
2012.09.06 15:14 B C:\inetpub\wwwroot\media\media\images\mime-icon-16\WS_FTP.LOG --> ftp3.ftptoyoursite.com /web/content/SITEBACKUP_962012/media/media/images/mime-icon-16 WS_FTP.LOG
2012.09.06 15:14 B C:\inetpub\wwwroot\media\media\images\mime-icon-16\xls.png --> ftp3.ftptoyoursite.com /web/content/SITEBACKUP_962012/media/media/images/mime-icon-16 xls.png
2012.09.06 15:14 B C:\inetpub\wwwroot\media\media\images\mime-icon-16\zip.png --> ftp3.ftptoyoursite.com /web/content/SITEBACKUP_962012/media/media/images/mime-icon-16 zip.png
2012.10.23 09:16 B C:\inetpub\wwwroot\media\media\images\mime-icon-16\avi.png --> ftp3.ftptoyoursite.com /web/content/media/media/images/mime-icon-16 avi.png
2012.10.23 09:16 B C:\inetpub\wwwroot\media\media\images\mime-icon-16\doc.png --> ftp3.ftptoyoursite.com /web/content/media/media/images/mime-icon-16 doc.png
2012.10.23 09:16 B C:\inetpub\wwwroot\media\media\images\mime-icon-16\index.html --> ftp3.ftptoyoursite.com /web/content/media/media/images/mime-icon-16 index.html
2012.10.23 09:16 B C:\inetpub\wwwroot\media\media\images\mime-icon-16\mov.png --> ftp3.ftptoyoursite.com /web/content/media/media/images/mime-icon-16 mov.png
2012.10.23 09:16 B C:\inetpub\wwwroot\media\media\images\mime-icon-16\mp3.png --> ftp3.ftptoyoursite.com /web/content/media/media/images/mime-icon-16 mp3.png
2012.10.23 09:16 B C:\inetpub\wwwroot\media\media\images\mime-icon-16\mp4.png --> ftp3.ftptoyoursite.com /web/content/media/media/images/mime-icon-16 mp4.png
2012.10.23 09:16 B C:\inetpub\wwwroot\media\media\images\mime-icon-16\odc.png --> ftp3.ftptoyoursite.com /web/content/media/media/images/mime-icon-16 odc.png
2012.10.23 09:16 B C:\inetpub\wwwroot\media\media\images\mime-icon-16\odd.png --> ftp3.ftptoyoursite.com /web/content/media/media/images/mime-icon-16 odd.png
2012.10.23 09:16 B C:\inetpub\wwwroot\media\media\images\mime-icon-16\odt.png --> ftp3.ftptoyoursite.com /web/content/media/media/images/mime-icon-16 odt.png
2012.10.23 09:16 B C:\inetpub\wwwroot\media\media\images\mime-icon-16\ogg.png --> ftp3.ftptoyoursite.com /web/content/media/media/images/mime-icon-16 ogg.png
2012.10.23 09:16 B C:\inetpub\wwwroot\media\media\images\mime-icon-16\pdf.png --> ftp3.ftptoyoursite.com /web/content/media/media/images/mime-icon-16 pdf.png
2012.10.23 09:16 B C:\inetpub\wwwroot\media\media\images\mime-icon-16\ppt.png --> ftp3.ftptoyoursite.com /web/content/media/media/images/mime-icon-16 ppt.png
2012.10.23 09:16 B C:\inetpub\wwwroot\media\media\images\mime-icon-16\rar.png --> ftp3.ftptoyoursite.com /web/content/media/media/images/mime-icon-16 rar.png
2012.10.23 09:16 B C:\inetpub\wwwroot\media\media\images\mime-icon-16\rtf.png --> ftp3.ftptoyoursite.com /web/content/media/media/images/mime-icon-16 rtf.png
2012.10.23 09:16 B C:\inetpub\wwwroot\media\media\images\mime-icon-16\svg.png --> ftp3.ftptoyoursite.com /web/content/media/media/images/mime-icon-16 svg.png
2012.10.23 09:16 B C:\inetpub\wwwroot\media\media\images\mime-icon-16\sxd.png --> ftp3.ftptoyoursite.com /web/content/media/media/images/mime-icon-16 sxd.png
2012.10.23 09:16 B C:\inetpub\wwwroot\media\media\images\mime-icon-16\tar.png --> ftp3.ftptoyoursite.com /web/content/media/media/images/mime-icon-16 tar.png
2012.10.23 09:16 B C:\inetpub\wwwroot\media\media\images\mime-icon-16\tgz.png --> ftp3.ftptoyoursite.com /web/content/media/media/images/mime-icon-16 tgz.png
2012.10.23 09:16 B C:\inetpub\wwwroot\media\media\images\mime-icon-16\wma.png --> ftp3.ftptoyoursite.com /web/content/media/media/images/mime-icon-16 wma.png
2012.10.23 09:16 B C:\inetpub\wwwroot\media\media\images\mime-icon-16\wmv.png --> ftp3.ftptoyoursite.com /web/content/media/media/images/mime-icon-16 wmv.png
2012.10.23 09:16 B C:\inetpub\wwwroot\media\media\images\mime-icon-16\WS_FTP.LOG --> ftp3.ftptoyoursite.com /web/content/media/media/images/mime-icon-16 WS_FTP.LOG
2012.10.23 09:16 B C:\inetpub\wwwroot\media\media\images\mime-icon-16\xls.png --> ftp3.ftptoyoursite.com /web/content/media/media/images/mime-icon-16 xls.png
2012.10.23 09:16 B C:\inetpub\wwwroot\media\media\images\mime-icon-16\zip.png --> ftp3.ftptoyoursite.com /web/content/media/media/images/mime-icon-16 zip.png
2012.11.26 17:28 B C:\inetpub\wwwroot\media\media\images\mime-icon-16\WS_FTP.LOG --> ftp3.ftptoyoursite.com /web/content/media/media/images/mime-icon-16 WS_FTP.LOG
2013.02.01 14:56 B C:\inetpub\wwwroot\media\media\images\mime-icon-16\avi.png <-- Schubert Rackspace /web/content/media/media/images/mime-icon-16 avi.png
2013.02.01 14:56 B C:\inetpub\wwwroot\media\media\images\mime-icon-16\doc.png <-- Schubert Rackspace /web/content/media/media/images/mime-icon-16 doc.png
2013.02.01 14:56 B C:\inetpub\wwwroot\media\media\images\mime-icon-16\index.html <-- Schubert Rackspace /web/content/media/media/images/mime-icon-16 index.html
2013.02.01 14:56 B C:\inetpub\wwwroot\media\media\images\mime-icon-16\mov.png <-- Schubert Rackspace /web/content/media/media/images/mime-icon-16 mov.png
2013.02.01 14:56 B C:\inetpub\wwwroot\media\media\images\mime-icon-16\mp3.png <-- Schubert Rackspace /web/content/media/media/images/mime-icon-16 mp3.png
2013.02.01 15:00 B C:\inetpub\wwwroot\media\media\images\mime-icon-16\mp4.png <-- Schubert Rackspace /web/content/media/media/images/mime-icon-16 mp4.png
2013.02.01 15:01 B C:\inetpub\wwwroot\media\media\images\mime-icon-16\odc.png <-- Schubert Rackspace /web/content/media/media/images/mime-icon-16 odc.png
2013.02.01 15:01 B C:\inetpub\wwwroot\media\media\images\mime-icon-16\odd.png <-- Schubert Rackspace /web/content/media/media/images/mime-icon-16 odd.png
2013.02.01 15:01 B C:\inetpub\wwwroot\media\media\images\mime-icon-16\odt.png <-- Schubert Rackspace /web/content/media/media/images/mime-icon-16 odt.png
2013.02.01 15:01 B C:\inetpub\wwwroot\media\media\images\mime-icon-16\ogg.png <-- Schubert Rackspace /web/content/media/media/images/mime-icon-16 ogg.png
2013.02.01 15:01 B C:\inetpub\wwwroot\media\media\images\mime-icon-16\pdf.png <-- Schubert Rackspace /web/content/media/media/images/mime-icon-16 pdf.png
2013.02.01 15:01 B C:\inetpub\wwwroot\media\media\images\mime-icon-16\ppt.png <-- Schubert Rackspace /web/content/media/media/images/mime-icon-16 ppt.png
2013.02.01 15:01 B C:\inetpub\wwwroot\media\media\images\mime-icon-16\rar.png <-- Schubert Rackspace /web/content/media/media/images/mime-icon-16 rar.png
2013.02.01 15:01 B C:\inetpub\wwwroot\media\media\images\mime-icon-16\rtf.png <-- Schubert Rackspace /web/content/media/media/images/mime-icon-16 rtf.png
2013.02.01 15:01 B C:\inetpub\wwwroot\media\media\images\mime-icon-16\svg.png <-- Schubert Rackspace /web/content/media/media/images/mime-icon-16 svg.png
2013.02.01 15:01 B C:\inetpub\wwwroot\media\media\images\mime-icon-16\sxd.png <-- Schubert Rackspace /web/content/media/media/images/mime-icon-16 sxd.png
2013.02.01 15:01 B C:\inetpub\wwwroot\media\media\images\mime-icon-16\tar.png <-- Schubert Rackspace /web/content/media/media/images/mime-icon-16 tar.png
2013.02.01 15:01 B C:\inetpub\wwwroot\media\media\images\mime-icon-16\tgz.png <-- Schubert Rackspace /web/content/media/media/images/mime-icon-16 tgz.png
2013.02.01 15:01 B C:\inetpub\wwwroot\media\media\images\mime-icon-16\wma.png <-- Schubert Rackspace /web/content/media/media/images/mime-icon-16 wma.png
2013.02.01 15:01 B C:\inetpub\wwwroot\media\media\images\mime-icon-16\wmv.png <-- Schubert Rackspace /web/content/media/media/images/mime-icon-16 wmv.png
2013.02.01 15:01 B C:\inetpub\wwwroot\media\media\images\mime-icon-16\xls.png <-- Schubert Rackspace /web/content/media/media/images/mime-icon-16 xls.png
2013.02.01 15:01 B C:\inetpub\wwwroot\media\media\images\mime-icon-16\zip.png <-- Schubert Rackspace /web/content/media/media/images/mime-icon-16 zip.png
