2012.07.25 12:13 B C:\Users\COBRIEN\Desktop\Schubert\administrator\manifests\files\index.html <-- Schubert Rackspace /web/content/administrator/manifests/files index.html
2012.07.25 12:13 B C:\Users\COBRIEN\Desktop\Schubert\administrator\manifests\files\joomla.xml <-- Schubert Rackspace /web/content/administrator/manifests/files joomla.xml
2012.07.25 12:13 B C:\Users\COBRIEN\Desktop\Schubert\administrator\manifests\files\TinyMCE_nb-NO.xml <-- Schubert Rackspace /web/content/administrator/manifests/files TinyMCE_nb-NO.xml
2012.09.04 10:47 B C:\inetpub\wwwroot\administrator\manifests\files\index.html --> ftp3.ftptoyoursite.com /web/content/SITE-TEST/administrator/manifests/files index.html
2012.09.04 10:47 B C:\inetpub\wwwroot\administrator\manifests\files\joomla.xml --> ftp3.ftptoyoursite.com /web/content/SITE-TEST/administrator/manifests/files joomla.xml
2012.09.04 10:47 B C:\inetpub\wwwroot\administrator\manifests\files\TinyMCE_fr-FR.xml --> ftp3.ftptoyoursite.com /web/content/SITE-TEST/administrator/manifests/files TinyMCE_fr-FR.xml
2012.09.04 10:47 B C:\inetpub\wwwroot\administrator\manifests\files\TinyMCE_nb-NO.xml --> ftp3.ftptoyoursite.com /web/content/SITE-TEST/administrator/manifests/files TinyMCE_nb-NO.xml
2012.09.04 10:47 B C:\inetpub\wwwroot\administrator\manifests\files\WS_FTP.LOG --> ftp3.ftptoyoursite.com /web/content/SITE-TEST/administrator/manifests/files WS_FTP.LOG
2012.09.06 15:05 B C:\inetpub\wwwroot\administrator\manifests\files\index.html --> ftp3.ftptoyoursite.com /web/content/SITEBACKUP_962012/administrator/manifests/files index.html
2012.09.06 15:05 B C:\inetpub\wwwroot\administrator\manifests\files\joomla.xml --> ftp3.ftptoyoursite.com /web/content/SITEBACKUP_962012/administrator/manifests/files joomla.xml
2012.09.06 15:05 B C:\inetpub\wwwroot\administrator\manifests\files\TinyMCE_fr-FR.xml --> ftp3.ftptoyoursite.com /web/content/SITEBACKUP_962012/administrator/manifests/files TinyMCE_fr-FR.xml
2012.09.06 15:05 B C:\inetpub\wwwroot\administrator\manifests\files\TinyMCE_nb-NO.xml --> ftp3.ftptoyoursite.com /web/content/SITEBACKUP_962012/administrator/manifests/files TinyMCE_nb-NO.xml
2012.09.06 15:05 B C:\inetpub\wwwroot\administrator\manifests\files\WS_FTP.LOG --> ftp3.ftptoyoursite.com /web/content/SITEBACKUP_962012/administrator/manifests/files WS_FTP.LOG
2012.09.06 15:47 B C:\inetpub\wwwroot\administrator\manifests\files\index.html <-- Schubert Rackspace /web/content/SITEBACKUP_962012/administrator/manifests/files index.html
2012.09.06 15:47 B C:\inetpub\wwwroot\administrator\manifests\files\joomla.xml <-- Schubert Rackspace /web/content/SITEBACKUP_962012/administrator/manifests/files joomla.xml
2012.09.06 15:47 B C:\inetpub\wwwroot\administrator\manifests\files\TinyMCE_fr-FR.xml <-- Schubert Rackspace /web/content/SITEBACKUP_962012/administrator/manifests/files TinyMCE_fr-FR.xml
2012.09.06 15:47 B C:\inetpub\wwwroot\administrator\manifests\files\TinyMCE_nb-NO.xml <-- Schubert Rackspace /web/content/SITEBACKUP_962012/administrator/manifests/files TinyMCE_nb-NO.xml
2012.10.23 09:09 B C:\inetpub\wwwroot\administrator\manifests\files\index.html --> ftp3.ftptoyoursite.com /web/content/administrator/manifests/files index.html
2012.10.23 09:09 B C:\inetpub\wwwroot\administrator\manifests\files\joomla.xml --> ftp3.ftptoyoursite.com /web/content/administrator/manifests/files joomla.xml
2012.10.23 09:09 B C:\inetpub\wwwroot\administrator\manifests\files\TinyMCE_fr-FR.xml --> ftp3.ftptoyoursite.com /web/content/administrator/manifests/files TinyMCE_fr-FR.xml
2012.10.23 09:09 B C:\inetpub\wwwroot\administrator\manifests\files\TinyMCE_nb-NO.xml --> ftp3.ftptoyoursite.com /web/content/administrator/manifests/files TinyMCE_nb-NO.xml
2012.10.23 09:09 B C:\inetpub\wwwroot\administrator\manifests\files\WS_FTP.LOG --> ftp3.ftptoyoursite.com /web/content/administrator/manifests/files WS_FTP.LOG
2013.02.01 14:45 B C:\inetpub\wwwroot\administrator\manifests\files\WS_FTP.LOG <-- Schubert Rackspace /web/content/administrator/manifests/files WS_FTP.LOG
