2012.07.25 12:16 B C:\Users\COBRIEN\Desktop\Schubert\components\com_users\views\login\tmpl\default.php <-- Schubert Rackspace /web/content/components/com_users/views/login/tmpl default.php
2012.07.25 12:16 B C:\Users\COBRIEN\Desktop\Schubert\components\com_users\views\login\tmpl\default.xml <-- Schubert Rackspace /web/content/components/com_users/views/login/tmpl default.xml
2012.07.25 12:16 B C:\Users\COBRIEN\Desktop\Schubert\components\com_users\views\login\tmpl\default_login.php <-- Schubert Rackspace /web/content/components/com_users/views/login/tmpl default_login.php
2012.07.25 12:16 B C:\Users\COBRIEN\Desktop\Schubert\components\com_users\views\login\tmpl\default_logout.php <-- Schubert Rackspace /web/content/components/com_users/views/login/tmpl default_logout.php
2012.07.25 12:16 B C:\Users\COBRIEN\Desktop\Schubert\components\com_users\views\login\tmpl\index.html <-- Schubert Rackspace /web/content/components/com_users/views/login/tmpl index.html
2012.09.04 10:52 B C:\inetpub\wwwroot\components\com_users\views\login\tmpl\default.php --> ftp3.ftptoyoursite.com /web/content/SITE-TEST/components/com_users/views/login/tmpl default.php
2012.09.04 10:52 B C:\inetpub\wwwroot\components\com_users\views\login\tmpl\default.xml --> ftp3.ftptoyoursite.com /web/content/SITE-TEST/components/com_users/views/login/tmpl default.xml
2012.09.04 10:52 B C:\inetpub\wwwroot\components\com_users\views\login\tmpl\default_login.php --> ftp3.ftptoyoursite.com /web/content/SITE-TEST/components/com_users/views/login/tmpl default_login.php
2012.09.04 10:52 B C:\inetpub\wwwroot\components\com_users\views\login\tmpl\default_logout.php --> ftp3.ftptoyoursite.com /web/content/SITE-TEST/components/com_users/views/login/tmpl default_logout.php
2012.09.04 10:52 B C:\inetpub\wwwroot\components\com_users\views\login\tmpl\index.html --> ftp3.ftptoyoursite.com /web/content/SITE-TEST/components/com_users/views/login/tmpl index.html
2012.09.04 10:52 B C:\inetpub\wwwroot\components\com_users\views\login\tmpl\WS_FTP.LOG --> ftp3.ftptoyoursite.com /web/content/SITE-TEST/components/com_users/views/login/tmpl WS_FTP.LOG
2012.09.06 15:09 B C:\inetpub\wwwroot\components\com_users\views\login\tmpl\default.php --> ftp3.ftptoyoursite.com /web/content/SITEBACKUP_962012/components/com_users/views/login/tmpl default.php
2012.09.06 15:09 B C:\inetpub\wwwroot\components\com_users\views\login\tmpl\default.xml --> ftp3.ftptoyoursite.com /web/content/SITEBACKUP_962012/components/com_users/views/login/tmpl default.xml
2012.09.06 15:09 B C:\inetpub\wwwroot\components\com_users\views\login\tmpl\default_login.php --> ftp3.ftptoyoursite.com /web/content/SITEBACKUP_962012/components/com_users/views/login/tmpl default_login.php
2012.09.06 15:09 B C:\inetpub\wwwroot\components\com_users\views\login\tmpl\default_logout.php --> ftp3.ftptoyoursite.com /web/content/SITEBACKUP_962012/components/com_users/views/login/tmpl default_logout.php
2012.09.06 15:09 B C:\inetpub\wwwroot\components\com_users\views\login\tmpl\index.html --> ftp3.ftptoyoursite.com /web/content/SITEBACKUP_962012/components/com_users/views/login/tmpl index.html
2012.09.06 15:09 B C:\inetpub\wwwroot\components\com_users\views\login\tmpl\WS_FTP.LOG --> ftp3.ftptoyoursite.com /web/content/SITEBACKUP_962012/components/com_users/views/login/tmpl WS_FTP.LOG
2012.09.06 15:49 B C:\inetpub\wwwroot\components\com_users\views\login\tmpl\default.php <-- Schubert Rackspace /web/content/SITEBACKUP_962012/components/com_users/views/login/tmpl default.php
2012.09.06 15:49 B C:\inetpub\wwwroot\components\com_users\views\login\tmpl\default.xml <-- Schubert Rackspace /web/content/SITEBACKUP_962012/components/com_users/views/login/tmpl default.xml
2012.09.06 15:49 B C:\inetpub\wwwroot\components\com_users\views\login\tmpl\default_login.php <-- Schubert Rackspace /web/content/SITEBACKUP_962012/components/com_users/views/login/tmpl default_login.php
2012.09.06 15:49 B C:\inetpub\wwwroot\components\com_users\views\login\tmpl\default_logout.php <-- Schubert Rackspace /web/content/SITEBACKUP_962012/components/com_users/views/login/tmpl default_logout.php
2012.09.06 15:49 B C:\inetpub\wwwroot\components\com_users\views\login\tmpl\index.html <-- Schubert Rackspace /web/content/SITEBACKUP_962012/components/com_users/views/login/tmpl index.html
2012.10.23 09:13 B C:\inetpub\wwwroot\components\com_users\views\login\tmpl\default.php --> ftp3.ftptoyoursite.com /web/content/components/com_users/views/login/tmpl default.php
2012.10.23 09:13 B C:\inetpub\wwwroot\components\com_users\views\login\tmpl\default.xml --> ftp3.ftptoyoursite.com /web/content/components/com_users/views/login/tmpl default.xml
2012.10.23 09:13 B C:\inetpub\wwwroot\components\com_users\views\login\tmpl\default_login.php --> ftp3.ftptoyoursite.com /web/content/components/com_users/views/login/tmpl default_login.php
2012.10.23 09:13 B C:\inetpub\wwwroot\components\com_users\views\login\tmpl\default_logout.php --> ftp3.ftptoyoursite.com /web/content/components/com_users/views/login/tmpl default_logout.php
2012.10.23 09:13 B C:\inetpub\wwwroot\components\com_users\views\login\tmpl\index.html --> ftp3.ftptoyoursite.com /web/content/components/com_users/views/login/tmpl index.html
2012.10.23 09:13 B C:\inetpub\wwwroot\components\com_users\views\login\tmpl\WS_FTP.LOG --> ftp3.ftptoyoursite.com /web/content/components/com_users/views/login/tmpl WS_FTP.LOG
2013.02.01 14:50 B C:\inetpub\wwwroot\components\com_users\views\login\tmpl\WS_FTP.LOG <-- Schubert Rackspace /web/content/components/com_users/views/login/tmpl WS_FTP.LOG
