2012.07.25 12:19 B C:\Users\COBRIEN\Desktop\Schubert\modules\mod_arisexylightbox\includes\elements\color.php <-- Schubert Rackspace /web/content/modules/mod_arisexylightbox/includes/elements color.php
2012.07.25 12:19 B C:\Users\COBRIEN\Desktop\Schubert\modules\mod_arisexylightbox\includes\elements\group.php <-- Schubert Rackspace /web/content/modules/mod_arisexylightbox/includes/elements group.php
2012.07.25 12:19 B C:\Users\COBRIEN\Desktop\Schubert\modules\mod_arisexylightbox\includes\elements\groups.css <-- Schubert Rackspace /web/content/modules/mod_arisexylightbox/includes/elements groups.css
2012.07.25 12:19 B C:\Users\COBRIEN\Desktop\Schubert\modules\mod_arisexylightbox\includes\elements\groups.js <-- Schubert Rackspace /web/content/modules/mod_arisexylightbox/includes/elements groups.js
2012.07.25 12:19 B C:\Users\COBRIEN\Desktop\Schubert\modules\mod_arisexylightbox\includes\elements\groups.php <-- Schubert Rackspace /web/content/modules/mod_arisexylightbox/includes/elements groups.php
2012.07.25 12:19 B C:\Users\COBRIEN\Desktop\Schubert\modules\mod_arisexylightbox\includes\elements\header.php <-- Schubert Rackspace /web/content/modules/mod_arisexylightbox/includes/elements header.php
2012.07.25 12:19 B C:\Users\COBRIEN\Desktop\Schubert\modules\mod_arisexylightbox\includes\elements\index.html <-- Schubert Rackspace /web/content/modules/mod_arisexylightbox/includes/elements index.html
2012.07.25 12:19 B C:\Users\COBRIEN\Desktop\Schubert\modules\mod_arisexylightbox\includes\elements\modal.php <-- Schubert Rackspace /web/content/modules/mod_arisexylightbox/includes/elements modal.php
2012.07.25 12:19 B C:\Users\COBRIEN\Desktop\Schubert\modules\mod_arisexylightbox\includes\elements\module.php <-- Schubert Rackspace /web/content/modules/mod_arisexylightbox/includes/elements module.php
2012.09.04 10:55 B C:\inetpub\wwwroot\modules\mod_arisexylightbox\includes\elements\color.php --> ftp3.ftptoyoursite.com /web/content/SITE-TEST/modules/mod_arisexylightbox/includes/elements color.php
2012.09.04 10:55 B C:\inetpub\wwwroot\modules\mod_arisexylightbox\includes\elements\group.php --> ftp3.ftptoyoursite.com /web/content/SITE-TEST/modules/mod_arisexylightbox/includes/elements group.php
2012.09.04 10:55 B C:\inetpub\wwwroot\modules\mod_arisexylightbox\includes\elements\groups.css --> ftp3.ftptoyoursite.com /web/content/SITE-TEST/modules/mod_arisexylightbox/includes/elements groups.css
2012.09.04 10:55 B C:\inetpub\wwwroot\modules\mod_arisexylightbox\includes\elements\groups.js --> ftp3.ftptoyoursite.com /web/content/SITE-TEST/modules/mod_arisexylightbox/includes/elements groups.js
2012.09.04 10:55 B C:\inetpub\wwwroot\modules\mod_arisexylightbox\includes\elements\groups.php --> ftp3.ftptoyoursite.com /web/content/SITE-TEST/modules/mod_arisexylightbox/includes/elements groups.php
2012.09.04 10:55 B C:\inetpub\wwwroot\modules\mod_arisexylightbox\includes\elements\header.php --> ftp3.ftptoyoursite.com /web/content/SITE-TEST/modules/mod_arisexylightbox/includes/elements header.php
2012.09.04 10:55 B C:\inetpub\wwwroot\modules\mod_arisexylightbox\includes\elements\index.html --> ftp3.ftptoyoursite.com /web/content/SITE-TEST/modules/mod_arisexylightbox/includes/elements index.html
2012.09.04 10:55 B C:\inetpub\wwwroot\modules\mod_arisexylightbox\includes\elements\modal.php --> ftp3.ftptoyoursite.com /web/content/SITE-TEST/modules/mod_arisexylightbox/includes/elements modal.php
2012.09.04 10:55 B C:\inetpub\wwwroot\modules\mod_arisexylightbox\includes\elements\module.php --> ftp3.ftptoyoursite.com /web/content/SITE-TEST/modules/mod_arisexylightbox/includes/elements module.php
2012.09.04 10:55 B C:\inetpub\wwwroot\modules\mod_arisexylightbox\includes\elements\WS_FTP.LOG --> ftp3.ftptoyoursite.com /web/content/SITE-TEST/modules/mod_arisexylightbox/includes/elements WS_FTP.LOG
2012.09.06 15:14 B C:\inetpub\wwwroot\modules\mod_arisexylightbox\includes\elements\color.php --> ftp3.ftptoyoursite.com /web/content/SITEBACKUP_962012/modules/mod_arisexylightbox/includes/elements color.php
2012.09.06 15:14 B C:\inetpub\wwwroot\modules\mod_arisexylightbox\includes\elements\group.php --> ftp3.ftptoyoursite.com /web/content/SITEBACKUP_962012/modules/mod_arisexylightbox/includes/elements group.php
2012.09.06 15:14 B C:\inetpub\wwwroot\modules\mod_arisexylightbox\includes\elements\groups.css --> ftp3.ftptoyoursite.com /web/content/SITEBACKUP_962012/modules/mod_arisexylightbox/includes/elements groups.css
2012.09.06 15:14 B C:\inetpub\wwwroot\modules\mod_arisexylightbox\includes\elements\groups.js --> ftp3.ftptoyoursite.com /web/content/SITEBACKUP_962012/modules/mod_arisexylightbox/includes/elements groups.js
2012.09.06 15:14 B C:\inetpub\wwwroot\modules\mod_arisexylightbox\includes\elements\groups.php --> ftp3.ftptoyoursite.com /web/content/SITEBACKUP_962012/modules/mod_arisexylightbox/includes/elements groups.php
2012.09.06 15:14 B C:\inetpub\wwwroot\modules\mod_arisexylightbox\includes\elements\header.php --> ftp3.ftptoyoursite.com /web/content/SITEBACKUP_962012/modules/mod_arisexylightbox/includes/elements header.php
2012.09.06 15:14 B C:\inetpub\wwwroot\modules\mod_arisexylightbox\includes\elements\index.html --> ftp3.ftptoyoursite.com /web/content/SITEBACKUP_962012/modules/mod_arisexylightbox/includes/elements index.html
2012.09.06 15:14 B C:\inetpub\wwwroot\modules\mod_arisexylightbox\includes\elements\modal.php --> ftp3.ftptoyoursite.com /web/content/SITEBACKUP_962012/modules/mod_arisexylightbox/includes/elements modal.php
2012.09.06 15:14 B C:\inetpub\wwwroot\modules\mod_arisexylightbox\includes\elements\module.php --> ftp3.ftptoyoursite.com /web/content/SITEBACKUP_962012/modules/mod_arisexylightbox/includes/elements module.php
2012.09.06 15:14 B C:\inetpub\wwwroot\modules\mod_arisexylightbox\includes\elements\WS_FTP.LOG --> ftp3.ftptoyoursite.com /web/content/SITEBACKUP_962012/modules/mod_arisexylightbox/includes/elements WS_FTP.LOG
2012.10.23 09:16 B C:\inetpub\wwwroot\modules\mod_arisexylightbox\includes\elements\color.php --> ftp3.ftptoyoursite.com /web/content/modules/mod_arisexylightbox/includes/elements color.php
2012.10.23 09:16 B C:\inetpub\wwwroot\modules\mod_arisexylightbox\includes\elements\group.php --> ftp3.ftptoyoursite.com /web/content/modules/mod_arisexylightbox/includes/elements group.php
2012.10.23 09:16 B C:\inetpub\wwwroot\modules\mod_arisexylightbox\includes\elements\groups.css --> ftp3.ftptoyoursite.com /web/content/modules/mod_arisexylightbox/includes/elements groups.css
2012.10.23 09:16 B C:\inetpub\wwwroot\modules\mod_arisexylightbox\includes\elements\groups.js --> ftp3.ftptoyoursite.com /web/content/modules/mod_arisexylightbox/includes/elements groups.js
2012.10.23 09:16 B C:\inetpub\wwwroot\modules\mod_arisexylightbox\includes\elements\groups.php --> ftp3.ftptoyoursite.com /web/content/modules/mod_arisexylightbox/includes/elements groups.php
2012.10.23 09:16 B C:\inetpub\wwwroot\modules\mod_arisexylightbox\includes\elements\header.php --> ftp3.ftptoyoursite.com /web/content/modules/mod_arisexylightbox/includes/elements header.php
2012.10.23 09:16 B C:\inetpub\wwwroot\modules\mod_arisexylightbox\includes\elements\index.html --> ftp3.ftptoyoursite.com /web/content/modules/mod_arisexylightbox/includes/elements index.html
2012.10.23 09:16 B C:\inetpub\wwwroot\modules\mod_arisexylightbox\includes\elements\modal.php --> ftp3.ftptoyoursite.com /web/content/modules/mod_arisexylightbox/includes/elements modal.php
2012.10.23 09:16 B C:\inetpub\wwwroot\modules\mod_arisexylightbox\includes\elements\module.php --> ftp3.ftptoyoursite.com /web/content/modules/mod_arisexylightbox/includes/elements module.php
2012.10.23 09:16 B C:\inetpub\wwwroot\modules\mod_arisexylightbox\includes\elements\WS_FTP.LOG --> ftp3.ftptoyoursite.com /web/content/modules/mod_arisexylightbox/includes/elements WS_FTP.LOG
2013.02.01 15:02 B C:\inetpub\wwwroot\modules\mod_arisexylightbox\includes\elements\WS_FTP.LOG <-- Schubert Rackspace /web/content/modules/mod_arisexylightbox/includes/elements WS_FTP.LOG
