2012.07.25 12:19 B C:\Users\COBRIEN\Desktop\Schubert\modules\mod_arisexylightbox\includes\js\sexyimages\black\404.png <-- Schubert Rackspace /web/content/modules/mod_arisexylightbox/includes/js/sexyimages/black 404.png
2012.07.25 12:19 B C:\Users\COBRIEN\Desktop\Schubert\modules\mod_arisexylightbox\includes\js\sexyimages\black\404html.png <-- Schubert Rackspace /web/content/modules/mod_arisexylightbox/includes/js/sexyimages/black 404html.png
2012.07.25 12:19 B C:\Users\COBRIEN\Desktop\Schubert\modules\mod_arisexylightbox\includes\js\sexyimages\black\bgSexy.gif <-- Schubert Rackspace /web/content/modules/mod_arisexylightbox/includes/js/sexyimages/black bgSexy.gif
2012.07.25 12:19 B C:\Users\COBRIEN\Desktop\Schubert\modules\mod_arisexylightbox\includes\js\sexyimages\black\bgSexy.png <-- Schubert Rackspace /web/content/modules/mod_arisexylightbox/includes/js/sexyimages/black bgSexy.png
2012.07.25 12:19 B C:\Users\COBRIEN\Desktop\Schubert\modules\mod_arisexylightbox\includes\js\sexyimages\black\buttons.png <-- Schubert Rackspace /web/content/modules/mod_arisexylightbox/includes/js/sexyimages/black buttons.png
2012.07.25 12:19 B C:\Users\COBRIEN\Desktop\Schubert\modules\mod_arisexylightbox\includes\js\sexyimages\black\index.html <-- Schubert Rackspace /web/content/modules/mod_arisexylightbox/includes/js/sexyimages/black index.html
2012.07.25 12:19 B C:\Users\COBRIEN\Desktop\Schubert\modules\mod_arisexylightbox\includes\js\sexyimages\black\loading.gif <-- Schubert Rackspace /web/content/modules/mod_arisexylightbox/includes/js/sexyimages/black loading.gif
2012.09.04 10:55 B C:\inetpub\wwwroot\modules\mod_arisexylightbox\includes\js\sexyimages\black\404.png --> ftp3.ftptoyoursite.com /web/content/SITE-TEST/modules/mod_arisexylightbox/includes/js/sexyimages/black 404.png
2012.09.04 10:55 B C:\inetpub\wwwroot\modules\mod_arisexylightbox\includes\js\sexyimages\black\404html.png --> ftp3.ftptoyoursite.com /web/content/SITE-TEST/modules/mod_arisexylightbox/includes/js/sexyimages/black 404html.png
2012.09.04 10:55 B C:\inetpub\wwwroot\modules\mod_arisexylightbox\includes\js\sexyimages\black\bgSexy.gif --> ftp3.ftptoyoursite.com /web/content/SITE-TEST/modules/mod_arisexylightbox/includes/js/sexyimages/black bgSexy.gif
2012.09.04 10:55 B C:\inetpub\wwwroot\modules\mod_arisexylightbox\includes\js\sexyimages\black\bgSexy.png --> ftp3.ftptoyoursite.com /web/content/SITE-TEST/modules/mod_arisexylightbox/includes/js/sexyimages/black bgSexy.png
2012.09.04 10:55 B C:\inetpub\wwwroot\modules\mod_arisexylightbox\includes\js\sexyimages\black\buttons.png --> ftp3.ftptoyoursite.com /web/content/SITE-TEST/modules/mod_arisexylightbox/includes/js/sexyimages/black buttons.png
2012.09.04 10:55 B C:\inetpub\wwwroot\modules\mod_arisexylightbox\includes\js\sexyimages\black\index.html --> ftp3.ftptoyoursite.com /web/content/SITE-TEST/modules/mod_arisexylightbox/includes/js/sexyimages/black index.html
2012.09.04 10:55 B C:\inetpub\wwwroot\modules\mod_arisexylightbox\includes\js\sexyimages\black\loading.gif --> ftp3.ftptoyoursite.com /web/content/SITE-TEST/modules/mod_arisexylightbox/includes/js/sexyimages/black loading.gif
2012.09.04 10:55 B C:\inetpub\wwwroot\modules\mod_arisexylightbox\includes\js\sexyimages\black\WS_FTP.LOG --> ftp3.ftptoyoursite.com /web/content/SITE-TEST/modules/mod_arisexylightbox/includes/js/sexyimages/black WS_FTP.LOG
2012.09.06 15:14 B C:\inetpub\wwwroot\modules\mod_arisexylightbox\includes\js\sexyimages\black\404.png --> ftp3.ftptoyoursite.com /web/content/SITEBACKUP_962012/modules/mod_arisexylightbox/includes/js/sexyimages/black 404.png
2012.09.06 15:14 B C:\inetpub\wwwroot\modules\mod_arisexylightbox\includes\js\sexyimages\black\404html.png --> ftp3.ftptoyoursite.com /web/content/SITEBACKUP_962012/modules/mod_arisexylightbox/includes/js/sexyimages/black 404html.png
2012.09.06 15:14 B C:\inetpub\wwwroot\modules\mod_arisexylightbox\includes\js\sexyimages\black\bgSexy.gif --> ftp3.ftptoyoursite.com /web/content/SITEBACKUP_962012/modules/mod_arisexylightbox/includes/js/sexyimages/black bgSexy.gif
2012.09.06 15:14 B C:\inetpub\wwwroot\modules\mod_arisexylightbox\includes\js\sexyimages\black\bgSexy.png --> ftp3.ftptoyoursite.com /web/content/SITEBACKUP_962012/modules/mod_arisexylightbox/includes/js/sexyimages/black bgSexy.png
2012.09.06 15:14 B C:\inetpub\wwwroot\modules\mod_arisexylightbox\includes\js\sexyimages\black\buttons.png --> ftp3.ftptoyoursite.com /web/content/SITEBACKUP_962012/modules/mod_arisexylightbox/includes/js/sexyimages/black buttons.png
2012.09.06 15:14 B C:\inetpub\wwwroot\modules\mod_arisexylightbox\includes\js\sexyimages\black\index.html --> ftp3.ftptoyoursite.com /web/content/SITEBACKUP_962012/modules/mod_arisexylightbox/includes/js/sexyimages/black index.html
2012.09.06 15:14 B C:\inetpub\wwwroot\modules\mod_arisexylightbox\includes\js\sexyimages\black\loading.gif --> ftp3.ftptoyoursite.com /web/content/SITEBACKUP_962012/modules/mod_arisexylightbox/includes/js/sexyimages/black loading.gif
2012.09.06 15:14 B C:\inetpub\wwwroot\modules\mod_arisexylightbox\includes\js\sexyimages\black\WS_FTP.LOG --> ftp3.ftptoyoursite.com /web/content/SITEBACKUP_962012/modules/mod_arisexylightbox/includes/js/sexyimages/black WS_FTP.LOG
2012.10.23 09:16 B C:\inetpub\wwwroot\modules\mod_arisexylightbox\includes\js\sexyimages\black\404.png --> ftp3.ftptoyoursite.com /web/content/modules/mod_arisexylightbox/includes/js/sexyimages/black 404.png
2012.10.23 09:16 B C:\inetpub\wwwroot\modules\mod_arisexylightbox\includes\js\sexyimages\black\404html.png --> ftp3.ftptoyoursite.com /web/content/modules/mod_arisexylightbox/includes/js/sexyimages/black 404html.png
2012.10.23 09:16 B C:\inetpub\wwwroot\modules\mod_arisexylightbox\includes\js\sexyimages\black\bgSexy.gif --> ftp3.ftptoyoursite.com /web/content/modules/mod_arisexylightbox/includes/js/sexyimages/black bgSexy.gif
2012.10.23 09:16 B C:\inetpub\wwwroot\modules\mod_arisexylightbox\includes\js\sexyimages\black\bgSexy.png --> ftp3.ftptoyoursite.com /web/content/modules/mod_arisexylightbox/includes/js/sexyimages/black bgSexy.png
2012.10.23 09:16 B C:\inetpub\wwwroot\modules\mod_arisexylightbox\includes\js\sexyimages\black\buttons.png --> ftp3.ftptoyoursite.com /web/content/modules/mod_arisexylightbox/includes/js/sexyimages/black buttons.png
2012.10.23 09:16 B C:\inetpub\wwwroot\modules\mod_arisexylightbox\includes\js\sexyimages\black\index.html --> ftp3.ftptoyoursite.com /web/content/modules/mod_arisexylightbox/includes/js/sexyimages/black index.html
2012.10.23 09:16 B C:\inetpub\wwwroot\modules\mod_arisexylightbox\includes\js\sexyimages\black\loading.gif --> ftp3.ftptoyoursite.com /web/content/modules/mod_arisexylightbox/includes/js/sexyimages/black loading.gif
2012.10.23 09:16 B C:\inetpub\wwwroot\modules\mod_arisexylightbox\includes\js\sexyimages\black\WS_FTP.LOG --> ftp3.ftptoyoursite.com /web/content/modules/mod_arisexylightbox/includes/js/sexyimages/black WS_FTP.LOG
2013.02.01 15:02 B C:\inetpub\wwwroot\modules\mod_arisexylightbox\includes\js\sexyimages\black\WS_FTP.LOG <-- Schubert Rackspace /web/content/modules/mod_arisexylightbox/includes/js/sexyimages/black WS_FTP.LOG
