2012.07.25 12:18 B C:\Users\COBRIEN\Desktop\Schubert\media\com_finder\js\autocompleter.js <-- Schubert Rackspace /web/content/media/com_finder/js autocompleter.js
2012.07.25 12:18 B C:\Users\COBRIEN\Desktop\Schubert\media\com_finder\js\finder.js <-- Schubert Rackspace /web/content/media/com_finder/js finder.js
2012.07.25 12:18 B C:\Users\COBRIEN\Desktop\Schubert\media\com_finder\js\highlighter.js <-- Schubert Rackspace /web/content/media/com_finder/js highlighter.js
2012.07.25 12:18 B C:\Users\COBRIEN\Desktop\Schubert\media\com_finder\js\index.html <-- Schubert Rackspace /web/content/media/com_finder/js index.html
2012.07.25 12:18 B C:\Users\COBRIEN\Desktop\Schubert\media\com_finder\js\indexer.js <-- Schubert Rackspace /web/content/media/com_finder/js indexer.js
2012.07.25 12:18 B C:\Users\COBRIEN\Desktop\Schubert\media\com_finder\js\sliderfilter.js <-- Schubert Rackspace /web/content/media/com_finder/js sliderfilter.js
2012.09.04 10:54 B C:\inetpub\wwwroot\media\com_finder\js\autocompleter.js --> ftp3.ftptoyoursite.com /web/content/SITE-TEST/media/com_finder/js autocompleter.js
2012.09.04 10:54 B C:\inetpub\wwwroot\media\com_finder\js\finder.js --> ftp3.ftptoyoursite.com /web/content/SITE-TEST/media/com_finder/js finder.js
2012.09.04 10:54 B C:\inetpub\wwwroot\media\com_finder\js\highlighter.js --> ftp3.ftptoyoursite.com /web/content/SITE-TEST/media/com_finder/js highlighter.js
2012.09.04 10:54 B C:\inetpub\wwwroot\media\com_finder\js\index.html --> ftp3.ftptoyoursite.com /web/content/SITE-TEST/media/com_finder/js index.html
2012.09.04 10:54 B C:\inetpub\wwwroot\media\com_finder\js\indexer.js --> ftp3.ftptoyoursite.com /web/content/SITE-TEST/media/com_finder/js indexer.js
2012.09.04 10:54 B C:\inetpub\wwwroot\media\com_finder\js\sliderfilter.js --> ftp3.ftptoyoursite.com /web/content/SITE-TEST/media/com_finder/js sliderfilter.js
2012.09.04 10:54 B C:\inetpub\wwwroot\media\com_finder\js\WS_FTP.LOG --> ftp3.ftptoyoursite.com /web/content/SITE-TEST/media/com_finder/js WS_FTP.LOG
2012.09.06 15:13 B C:\inetpub\wwwroot\media\com_finder\js\autocompleter.js --> ftp3.ftptoyoursite.com /web/content/SITEBACKUP_962012/media/com_finder/js autocompleter.js
2012.09.06 15:13 B C:\inetpub\wwwroot\media\com_finder\js\finder.js --> ftp3.ftptoyoursite.com /web/content/SITEBACKUP_962012/media/com_finder/js finder.js
2012.09.06 15:13 B C:\inetpub\wwwroot\media\com_finder\js\highlighter.js --> ftp3.ftptoyoursite.com /web/content/SITEBACKUP_962012/media/com_finder/js highlighter.js
2012.09.06 15:13 B C:\inetpub\wwwroot\media\com_finder\js\index.html --> ftp3.ftptoyoursite.com /web/content/SITEBACKUP_962012/media/com_finder/js index.html
2012.09.06 15:13 B C:\inetpub\wwwroot\media\com_finder\js\indexer.js --> ftp3.ftptoyoursite.com /web/content/SITEBACKUP_962012/media/com_finder/js indexer.js
2012.09.06 15:13 B C:\inetpub\wwwroot\media\com_finder\js\sliderfilter.js --> ftp3.ftptoyoursite.com /web/content/SITEBACKUP_962012/media/com_finder/js sliderfilter.js
2012.09.06 15:13 B C:\inetpub\wwwroot\media\com_finder\js\WS_FTP.LOG --> ftp3.ftptoyoursite.com /web/content/SITEBACKUP_962012/media/com_finder/js WS_FTP.LOG
2012.10.23 09:15 B C:\inetpub\wwwroot\media\com_finder\js\autocompleter.js --> ftp3.ftptoyoursite.com /web/content/media/com_finder/js autocompleter.js
2012.10.23 09:15 B C:\inetpub\wwwroot\media\com_finder\js\finder.js --> ftp3.ftptoyoursite.com /web/content/media/com_finder/js finder.js
2012.10.23 09:15 B C:\inetpub\wwwroot\media\com_finder\js\highlighter.js --> ftp3.ftptoyoursite.com /web/content/media/com_finder/js highlighter.js
2012.10.23 09:15 B C:\inetpub\wwwroot\media\com_finder\js\index.html --> ftp3.ftptoyoursite.com /web/content/media/com_finder/js index.html
2012.10.23 09:15 B C:\inetpub\wwwroot\media\com_finder\js\indexer.js --> ftp3.ftptoyoursite.com /web/content/media/com_finder/js indexer.js
2012.10.23 09:15 B C:\inetpub\wwwroot\media\com_finder\js\sliderfilter.js --> ftp3.ftptoyoursite.com /web/content/media/com_finder/js sliderfilter.js
2012.10.23 09:15 B C:\inetpub\wwwroot\media\com_finder\js\WS_FTP.LOG --> ftp3.ftptoyoursite.com /web/content/media/com_finder/js WS_FTP.LOG
2013.02.01 14:55 B C:\inetpub\wwwroot\media\com_finder\js\WS_FTP.LOG <-- Schubert Rackspace /web/content/media/com_finder/js WS_FTP.LOG
