2012.07.25 12:17 B C:\Users\COBRIEN\Desktop\Schubert\libraries\joomla\error\error.php <-- Schubert Rackspace /web/content/libraries/joomla/error error.php
2012.07.25 12:17 B C:\Users\COBRIEN\Desktop\Schubert\libraries\joomla\error\exception.php <-- Schubert Rackspace /web/content/libraries/joomla/error exception.php
2012.07.25 12:17 B C:\Users\COBRIEN\Desktop\Schubert\libraries\joomla\error\index.html <-- Schubert Rackspace /web/content/libraries/joomla/error index.html
2012.07.25 12:17 B C:\Users\COBRIEN\Desktop\Schubert\libraries\joomla\error\log.php <-- Schubert Rackspace /web/content/libraries/joomla/error log.php
2012.07.25 12:17 B C:\Users\COBRIEN\Desktop\Schubert\libraries\joomla\error\profiler.php <-- Schubert Rackspace /web/content/libraries/joomla/error profiler.php
2012.09.04 10:54 B C:\inetpub\wwwroot\libraries\joomla\error\error.php --> ftp3.ftptoyoursite.com /web/content/SITE-TEST/libraries/joomla/error error.php
2012.09.04 10:54 B C:\inetpub\wwwroot\libraries\joomla\error\exception.php --> ftp3.ftptoyoursite.com /web/content/SITE-TEST/libraries/joomla/error exception.php
2012.09.04 10:54 B C:\inetpub\wwwroot\libraries\joomla\error\index.html --> ftp3.ftptoyoursite.com /web/content/SITE-TEST/libraries/joomla/error index.html
2012.09.04 10:54 B C:\inetpub\wwwroot\libraries\joomla\error\log.php --> ftp3.ftptoyoursite.com /web/content/SITE-TEST/libraries/joomla/error log.php
2012.09.04 10:54 B C:\inetpub\wwwroot\libraries\joomla\error\profiler.php --> ftp3.ftptoyoursite.com /web/content/SITE-TEST/libraries/joomla/error profiler.php
2012.09.04 10:54 B C:\inetpub\wwwroot\libraries\joomla\error\WS_FTP.LOG --> ftp3.ftptoyoursite.com /web/content/SITE-TEST/libraries/joomla/error WS_FTP.LOG
2012.09.06 15:12 B C:\inetpub\wwwroot\libraries\joomla\error\error.php --> ftp3.ftptoyoursite.com /web/content/SITEBACKUP_962012/libraries/joomla/error error.php
2012.09.06 15:12 B C:\inetpub\wwwroot\libraries\joomla\error\exception.php --> ftp3.ftptoyoursite.com /web/content/SITEBACKUP_962012/libraries/joomla/error exception.php
2012.09.06 15:12 B C:\inetpub\wwwroot\libraries\joomla\error\index.html --> ftp3.ftptoyoursite.com /web/content/SITEBACKUP_962012/libraries/joomla/error index.html
2012.09.06 15:12 B C:\inetpub\wwwroot\libraries\joomla\error\log.php --> ftp3.ftptoyoursite.com /web/content/SITEBACKUP_962012/libraries/joomla/error log.php
2012.09.06 15:12 B C:\inetpub\wwwroot\libraries\joomla\error\profiler.php --> ftp3.ftptoyoursite.com /web/content/SITEBACKUP_962012/libraries/joomla/error profiler.php
2012.09.06 15:12 B C:\inetpub\wwwroot\libraries\joomla\error\WS_FTP.LOG --> ftp3.ftptoyoursite.com /web/content/SITEBACKUP_962012/libraries/joomla/error WS_FTP.LOG
2012.10.23 09:15 B C:\inetpub\wwwroot\libraries\joomla\error\error.php --> ftp3.ftptoyoursite.com /web/content/libraries/joomla/error error.php
2012.10.23 09:15 B C:\inetpub\wwwroot\libraries\joomla\error\exception.php --> ftp3.ftptoyoursite.com /web/content/libraries/joomla/error exception.php
2012.10.23 09:15 B C:\inetpub\wwwroot\libraries\joomla\error\index.html --> ftp3.ftptoyoursite.com /web/content/libraries/joomla/error index.html
2012.10.23 09:15 B C:\inetpub\wwwroot\libraries\joomla\error\log.php --> ftp3.ftptoyoursite.com /web/content/libraries/joomla/error log.php
2012.10.23 09:15 B C:\inetpub\wwwroot\libraries\joomla\error\profiler.php --> ftp3.ftptoyoursite.com /web/content/libraries/joomla/error profiler.php
2012.10.23 09:15 B C:\inetpub\wwwroot\libraries\joomla\error\WS_FTP.LOG --> ftp3.ftptoyoursite.com /web/content/libraries/joomla/error WS_FTP.LOG
2013.02.01 14:54 B C:\inetpub\wwwroot\libraries\joomla\error\WS_FTP.LOG <-- Schubert Rackspace /web/content/libraries/joomla/error WS_FTP.LOG
