2012.07.25 12:20 B C:\Users\COBRIEN\Desktop\Schubert\plugins\content\jdownloadsfilelist\tuxelements\img\back-tit-blue.png <-- Schubert Rackspace /web/content/plugins/content/jdownloadsfilelist/tuxelements/img back-tit-blue.png
2012.07.25 12:20 B C:\Users\COBRIEN\Desktop\Schubert\plugins\content\jdownloadsfilelist\tuxelements\img\back-tit-crack.png <-- Schubert Rackspace /web/content/plugins/content/jdownloadsfilelist/tuxelements/img back-tit-crack.png
2012.07.25 12:20 B C:\Users\COBRIEN\Desktop\Schubert\plugins\content\jdownloadsfilelist\tuxelements\img\back-tit-fish.png <-- Schubert Rackspace /web/content/plugins/content/jdownloadsfilelist/tuxelements/img back-tit-fish.png
2012.07.25 12:20 B C:\Users\COBRIEN\Desktop\Schubert\plugins\content\jdownloadsfilelist\tuxelements\img\back-tit-gray.png <-- Schubert Rackspace /web/content/plugins/content/jdownloadsfilelist/tuxelements/img back-tit-gray.png
2012.07.25 12:20 B C:\Users\COBRIEN\Desktop\Schubert\plugins\content\jdownloadsfilelist\tuxelements\img\back-tit-green.png <-- Schubert Rackspace /web/content/plugins/content/jdownloadsfilelist/tuxelements/img back-tit-green.png
2012.07.25 12:20 B C:\Users\COBRIEN\Desktop\Schubert\plugins\content\jdownloadsfilelist\tuxelements\img\back-tit-green1.png <-- Schubert Rackspace /web/content/plugins/content/jdownloadsfilelist/tuxelements/img back-tit-green1.png
2012.07.25 12:20 B C:\Users\COBRIEN\Desktop\Schubert\plugins\content\jdownloadsfilelist\tuxelements\img\back-tit-rail.png <-- Schubert Rackspace /web/content/plugins/content/jdownloadsfilelist/tuxelements/img back-tit-rail.png
2012.07.25 12:20 B C:\Users\COBRIEN\Desktop\Schubert\plugins\content\jdownloadsfilelist\tuxelements\img\back-tit-red.png <-- Schubert Rackspace /web/content/plugins/content/jdownloadsfilelist/tuxelements/img back-tit-red.png
2012.07.25 12:20 B C:\Users\COBRIEN\Desktop\Schubert\plugins\content\jdownloadsfilelist\tuxelements\img\back-tit-sepia.png <-- Schubert Rackspace /web/content/plugins/content/jdownloadsfilelist/tuxelements/img back-tit-sepia.png
2012.07.25 12:20 B C:\Users\COBRIEN\Desktop\Schubert\plugins\content\jdownloadsfilelist\tuxelements\img\back-tit-water.png <-- Schubert Rackspace /web/content/plugins/content/jdownloadsfilelist/tuxelements/img back-tit-water.png
2012.07.25 12:20 B C:\Users\COBRIEN\Desktop\Schubert\plugins\content\jdownloadsfilelist\tuxelements\img\index.html <-- Schubert Rackspace /web/content/plugins/content/jdownloadsfilelist/tuxelements/img index.html
2012.07.25 12:20 B C:\Users\COBRIEN\Desktop\Schubert\plugins\content\jdownloadsfilelist\tuxelements\img\jdownlogo.png <-- Schubert Rackspace /web/content/plugins/content/jdownloadsfilelist/tuxelements/img jdownlogo.png
2012.07.25 12:20 B C:\Users\COBRIEN\Desktop\Schubert\plugins\content\jdownloadsfilelist\tuxelements\img\logoj.png <-- Schubert Rackspace /web/content/plugins/content/jdownloadsfilelist/tuxelements/img logoj.png
2012.07.25 12:20 B C:\Users\COBRIEN\Desktop\Schubert\plugins\content\jdownloadsfilelist\tuxelements\img\logotux.png <-- Schubert Rackspace /web/content/plugins/content/jdownloadsfilelist/tuxelements/img logotux.png
2012.09.04 10:57 B C:\inetpub\wwwroot\plugins\content\jdownloadsfilelist\tuxelements\img\back-tit-blue.png --> ftp3.ftptoyoursite.com /web/content/SITE-TEST/plugins/content/jdownloadsfilelist/tuxelements/img back-tit-blue.png
2012.09.04 10:57 B C:\inetpub\wwwroot\plugins\content\jdownloadsfilelist\tuxelements\img\back-tit-crack.png --> ftp3.ftptoyoursite.com /web/content/SITE-TEST/plugins/content/jdownloadsfilelist/tuxelements/img back-tit-crack.png
2012.09.04 10:57 B C:\inetpub\wwwroot\plugins\content\jdownloadsfilelist\tuxelements\img\back-tit-fish.png --> ftp3.ftptoyoursite.com /web/content/SITE-TEST/plugins/content/jdownloadsfilelist/tuxelements/img back-tit-fish.png
2012.09.04 10:57 B C:\inetpub\wwwroot\plugins\content\jdownloadsfilelist\tuxelements\img\back-tit-gray.png --> ftp3.ftptoyoursite.com /web/content/SITE-TEST/plugins/content/jdownloadsfilelist/tuxelements/img back-tit-gray.png
2012.09.04 10:57 B C:\inetpub\wwwroot\plugins\content\jdownloadsfilelist\tuxelements\img\back-tit-green.png --> ftp3.ftptoyoursite.com /web/content/SITE-TEST/plugins/content/jdownloadsfilelist/tuxelements/img back-tit-green.png
2012.09.04 10:57 B C:\inetpub\wwwroot\plugins\content\jdownloadsfilelist\tuxelements\img\back-tit-green1.png --> ftp3.ftptoyoursite.com /web/content/SITE-TEST/plugins/content/jdownloadsfilelist/tuxelements/img back-tit-green1.png
2012.09.04 10:57 B C:\inetpub\wwwroot\plugins\content\jdownloadsfilelist\tuxelements\img\back-tit-rail.png --> ftp3.ftptoyoursite.com /web/content/SITE-TEST/plugins/content/jdownloadsfilelist/tuxelements/img back-tit-rail.png
2012.09.04 10:57 B C:\inetpub\wwwroot\plugins\content\jdownloadsfilelist\tuxelements\img\back-tit-red.png --> ftp3.ftptoyoursite.com /web/content/SITE-TEST/plugins/content/jdownloadsfilelist/tuxelements/img back-tit-red.png
2012.09.04 10:57 B C:\inetpub\wwwroot\plugins\content\jdownloadsfilelist\tuxelements\img\back-tit-sepia.png --> ftp3.ftptoyoursite.com /web/content/SITE-TEST/plugins/content/jdownloadsfilelist/tuxelements/img back-tit-sepia.png
2012.09.04 10:57 B C:\inetpub\wwwroot\plugins\content\jdownloadsfilelist\tuxelements\img\back-tit-water.png --> ftp3.ftptoyoursite.com /web/content/SITE-TEST/plugins/content/jdownloadsfilelist/tuxelements/img back-tit-water.png
2012.09.04 10:57 B C:\inetpub\wwwroot\plugins\content\jdownloadsfilelist\tuxelements\img\index.html --> ftp3.ftptoyoursite.com /web/content/SITE-TEST/plugins/content/jdownloadsfilelist/tuxelements/img index.html
2012.09.04 10:57 B C:\inetpub\wwwroot\plugins\content\jdownloadsfilelist\tuxelements\img\jdownlogo.png --> ftp3.ftptoyoursite.com /web/content/SITE-TEST/plugins/content/jdownloadsfilelist/tuxelements/img jdownlogo.png
2012.09.04 10:57 B C:\inetpub\wwwroot\plugins\content\jdownloadsfilelist\tuxelements\img\logoj.png --> ftp3.ftptoyoursite.com /web/content/SITE-TEST/plugins/content/jdownloadsfilelist/tuxelements/img logoj.png
2012.09.04 10:57 B C:\inetpub\wwwroot\plugins\content\jdownloadsfilelist\tuxelements\img\logotux.png --> ftp3.ftptoyoursite.com /web/content/SITE-TEST/plugins/content/jdownloadsfilelist/tuxelements/img logotux.png
2012.09.04 10:57 B C:\inetpub\wwwroot\plugins\content\jdownloadsfilelist\tuxelements\img\WS_FTP.LOG --> ftp3.ftptoyoursite.com /web/content/SITE-TEST/plugins/content/jdownloadsfilelist/tuxelements/img WS_FTP.LOG
2012.09.06 15:15 B C:\inetpub\wwwroot\plugins\content\jdownloadsfilelist\tuxelements\img\back-tit-blue.png --> ftp3.ftptoyoursite.com /web/content/SITEBACKUP_962012/plugins/content/jdownloadsfilelist/tuxelements/img back-tit-blue.png
2012.09.06 15:15 B C:\inetpub\wwwroot\plugins\content\jdownloadsfilelist\tuxelements\img\back-tit-crack.png --> ftp3.ftptoyoursite.com /web/content/SITEBACKUP_962012/plugins/content/jdownloadsfilelist/tuxelements/img back-tit-crack.png
2012.09.06 15:15 B C:\inetpub\wwwroot\plugins\content\jdownloadsfilelist\tuxelements\img\back-tit-fish.png --> ftp3.ftptoyoursite.com /web/content/SITEBACKUP_962012/plugins/content/jdownloadsfilelist/tuxelements/img back-tit-fish.png
2012.09.06 15:15 B C:\inetpub\wwwroot\plugins\content\jdownloadsfilelist\tuxelements\img\back-tit-gray.png --> ftp3.ftptoyoursite.com /web/content/SITEBACKUP_962012/plugins/content/jdownloadsfilelist/tuxelements/img back-tit-gray.png
2012.09.06 15:15 B C:\inetpub\wwwroot\plugins\content\jdownloadsfilelist\tuxelements\img\back-tit-green.png --> ftp3.ftptoyoursite.com /web/content/SITEBACKUP_962012/plugins/content/jdownloadsfilelist/tuxelements/img back-tit-green.png
2012.09.06 15:15 B C:\inetpub\wwwroot\plugins\content\jdownloadsfilelist\tuxelements\img\back-tit-green1.png --> ftp3.ftptoyoursite.com /web/content/SITEBACKUP_962012/plugins/content/jdownloadsfilelist/tuxelements/img back-tit-green1.png
2012.09.06 15:15 B C:\inetpub\wwwroot\plugins\content\jdownloadsfilelist\tuxelements\img\back-tit-rail.png --> ftp3.ftptoyoursite.com /web/content/SITEBACKUP_962012/plugins/content/jdownloadsfilelist/tuxelements/img back-tit-rail.png
2012.09.06 15:15 B C:\inetpub\wwwroot\plugins\content\jdownloadsfilelist\tuxelements\img\back-tit-red.png --> ftp3.ftptoyoursite.com /web/content/SITEBACKUP_962012/plugins/content/jdownloadsfilelist/tuxelements/img back-tit-red.png
2012.09.06 15:15 B C:\inetpub\wwwroot\plugins\content\jdownloadsfilelist\tuxelements\img\back-tit-sepia.png --> ftp3.ftptoyoursite.com /web/content/SITEBACKUP_962012/plugins/content/jdownloadsfilelist/tuxelements/img back-tit-sepia.png
2012.09.06 15:15 B C:\inetpub\wwwroot\plugins\content\jdownloadsfilelist\tuxelements\img\back-tit-water.png --> ftp3.ftptoyoursite.com /web/content/SITEBACKUP_962012/plugins/content/jdownloadsfilelist/tuxelements/img back-tit-water.png
2012.09.06 15:15 B C:\inetpub\wwwroot\plugins\content\jdownloadsfilelist\tuxelements\img\index.html --> ftp3.ftptoyoursite.com /web/content/SITEBACKUP_962012/plugins/content/jdownloadsfilelist/tuxelements/img index.html
2012.09.06 15:15 B C:\inetpub\wwwroot\plugins\content\jdownloadsfilelist\tuxelements\img\jdownlogo.png --> ftp3.ftptoyoursite.com /web/content/SITEBACKUP_962012/plugins/content/jdownloadsfilelist/tuxelements/img jdownlogo.png
2012.09.06 15:15 B C:\inetpub\wwwroot\plugins\content\jdownloadsfilelist\tuxelements\img\logoj.png --> ftp3.ftptoyoursite.com /web/content/SITEBACKUP_962012/plugins/content/jdownloadsfilelist/tuxelements/img logoj.png
2012.09.06 15:15 B C:\inetpub\wwwroot\plugins\content\jdownloadsfilelist\tuxelements\img\logotux.png --> ftp3.ftptoyoursite.com /web/content/SITEBACKUP_962012/plugins/content/jdownloadsfilelist/tuxelements/img logotux.png
2012.09.06 15:15 B C:\inetpub\wwwroot\plugins\content\jdownloadsfilelist\tuxelements\img\WS_FTP.LOG --> ftp3.ftptoyoursite.com /web/content/SITEBACKUP_962012/plugins/content/jdownloadsfilelist/tuxelements/img WS_FTP.LOG
2012.10.23 09:18 B C:\inetpub\wwwroot\plugins\content\jdownloadsfilelist\tuxelements\img\back-tit-blue.png --> ftp3.ftptoyoursite.com /web/content/plugins/content/jdownloadsfilelist/tuxelements/img back-tit-blue.png
2012.10.23 09:18 B C:\inetpub\wwwroot\plugins\content\jdownloadsfilelist\tuxelements\img\back-tit-crack.png --> ftp3.ftptoyoursite.com /web/content/plugins/content/jdownloadsfilelist/tuxelements/img back-tit-crack.png
2012.10.23 09:18 B C:\inetpub\wwwroot\plugins\content\jdownloadsfilelist\tuxelements\img\back-tit-fish.png --> ftp3.ftptoyoursite.com /web/content/plugins/content/jdownloadsfilelist/tuxelements/img back-tit-fish.png
2012.10.23 09:18 B C:\inetpub\wwwroot\plugins\content\jdownloadsfilelist\tuxelements\img\back-tit-gray.png --> ftp3.ftptoyoursite.com /web/content/plugins/content/jdownloadsfilelist/tuxelements/img back-tit-gray.png
2012.10.23 09:18 B C:\inetpub\wwwroot\plugins\content\jdownloadsfilelist\tuxelements\img\back-tit-green.png --> ftp3.ftptoyoursite.com /web/content/plugins/content/jdownloadsfilelist/tuxelements/img back-tit-green.png
2012.10.23 09:18 B C:\inetpub\wwwroot\plugins\content\jdownloadsfilelist\tuxelements\img\back-tit-green1.png --> ftp3.ftptoyoursite.com /web/content/plugins/content/jdownloadsfilelist/tuxelements/img back-tit-green1.png
2012.10.23 09:18 B C:\inetpub\wwwroot\plugins\content\jdownloadsfilelist\tuxelements\img\back-tit-rail.png --> ftp3.ftptoyoursite.com /web/content/plugins/content/jdownloadsfilelist/tuxelements/img back-tit-rail.png
2012.10.23 09:18 B C:\inetpub\wwwroot\plugins\content\jdownloadsfilelist\tuxelements\img\back-tit-red.png --> ftp3.ftptoyoursite.com /web/content/plugins/content/jdownloadsfilelist/tuxelements/img back-tit-red.png
2012.10.23 09:18 B C:\inetpub\wwwroot\plugins\content\jdownloadsfilelist\tuxelements\img\back-tit-sepia.png --> ftp3.ftptoyoursite.com /web/content/plugins/content/jdownloadsfilelist/tuxelements/img back-tit-sepia.png
2012.10.23 09:18 B C:\inetpub\wwwroot\plugins\content\jdownloadsfilelist\tuxelements\img\back-tit-water.png --> ftp3.ftptoyoursite.com /web/content/plugins/content/jdownloadsfilelist/tuxelements/img back-tit-water.png
2012.10.23 09:18 B C:\inetpub\wwwroot\plugins\content\jdownloadsfilelist\tuxelements\img\index.html --> ftp3.ftptoyoursite.com /web/content/plugins/content/jdownloadsfilelist/tuxelements/img index.html
2012.10.23 09:18 B C:\inetpub\wwwroot\plugins\content\jdownloadsfilelist\tuxelements\img\jdownlogo.png --> ftp3.ftptoyoursite.com /web/content/plugins/content/jdownloadsfilelist/tuxelements/img jdownlogo.png
2012.10.23 09:18 B C:\inetpub\wwwroot\plugins\content\jdownloadsfilelist\tuxelements\img\logoj.png --> ftp3.ftptoyoursite.com /web/content/plugins/content/jdownloadsfilelist/tuxelements/img logoj.png
2012.10.23 09:18 B C:\inetpub\wwwroot\plugins\content\jdownloadsfilelist\tuxelements\img\logotux.png --> ftp3.ftptoyoursite.com /web/content/plugins/content/jdownloadsfilelist/tuxelements/img logotux.png
2012.10.23 09:18 B C:\inetpub\wwwroot\plugins\content\jdownloadsfilelist\tuxelements\img\WS_FTP.LOG --> ftp3.ftptoyoursite.com /web/content/plugins/content/jdownloadsfilelist/tuxelements/img WS_FTP.LOG
2013.02.01 15:04 B C:\inetpub\wwwroot\plugins\content\jdownloadsfilelist\tuxelements\img\WS_FTP.LOG <-- Schubert Rackspace /web/content/plugins/content/jdownloadsfilelist/tuxelements/img WS_FTP.LOG
