2012.08.10 16:45 B C:\inetpub\wwwroot\language\es-ES\es-ES.com_banners.ini --> ftp3.ftptoyoursite.com /web/content/language/es-ES es-ES.com_banners.ini
2012.08.10 16:45 B C:\inetpub\wwwroot\language\es-ES\es-ES.com_contact.ini --> ftp3.ftptoyoursite.com /web/content/language/es-ES es-ES.com_contact.ini
2012.08.10 16:45 B C:\inetpub\wwwroot\language\es-ES\es-ES.com_content.ini --> ftp3.ftptoyoursite.com /web/content/language/es-ES es-ES.com_content.ini
2012.08.10 16:45 B C:\inetpub\wwwroot\language\es-ES\es-ES.com_frontpage.ini --> ftp3.ftptoyoursite.com /web/content/language/es-ES es-ES.com_frontpage.ini
2012.08.10 16:45 B C:\inetpub\wwwroot\language\es-ES\es-ES.com_mailto.ini --> ftp3.ftptoyoursite.com /web/content/language/es-ES es-ES.com_mailto.ini
2012.08.10 16:45 B C:\inetpub\wwwroot\language\es-ES\es-ES.com_media.ini --> ftp3.ftptoyoursite.com /web/content/language/es-ES es-ES.com_media.ini
2012.08.10 16:45 B C:\inetpub\wwwroot\language\es-ES\es-ES.com_messages.ini --> ftp3.ftptoyoursite.com /web/content/language/es-ES es-ES.com_messages.ini
2012.08.10 16:45 B C:\inetpub\wwwroot\language\es-ES\es-ES.com_newsfeeds.ini --> ftp3.ftptoyoursite.com /web/content/language/es-ES es-ES.com_newsfeeds.ini
2012.08.10 16:45 B C:\inetpub\wwwroot\language\es-ES\es-ES.com_poll.ini --> ftp3.ftptoyoursite.com /web/content/language/es-ES es-ES.com_poll.ini
2012.08.10 16:45 B C:\inetpub\wwwroot\language\es-ES\es-ES.com_search.ini --> ftp3.ftptoyoursite.com /web/content/language/es-ES es-ES.com_search.ini
2012.08.10 16:45 B C:\inetpub\wwwroot\language\es-ES\es-ES.com_user.ini --> ftp3.ftptoyoursite.com /web/content/language/es-ES es-ES.com_user.ini
2012.08.10 16:45 B C:\inetpub\wwwroot\language\es-ES\es-ES.com_weblinks.ini --> ftp3.ftptoyoursite.com /web/content/language/es-ES es-ES.com_weblinks.ini
2012.08.10 16:45 B C:\inetpub\wwwroot\language\es-ES\es-ES.com_wrapper.ini --> ftp3.ftptoyoursite.com /web/content/language/es-ES es-ES.com_wrapper.ini
2012.08.10 16:45 B C:\inetpub\wwwroot\language\es-ES\es-ES.ini --> ftp3.ftptoyoursite.com /web/content/language/es-ES es-ES.ini
2012.08.10 16:45 B C:\inetpub\wwwroot\language\es-ES\es-ES.mod_archive.ini --> ftp3.ftptoyoursite.com /web/content/language/es-ES es-ES.mod_archive.ini
2012.08.10 16:45 B C:\inetpub\wwwroot\language\es-ES\es-ES.mod_banners.ini --> ftp3.ftptoyoursite.com /web/content/language/es-ES es-ES.mod_banners.ini
2012.08.10 16:45 B C:\inetpub\wwwroot\language\es-ES\es-ES.mod_breadcrumbs.ini --> ftp3.ftptoyoursite.com /web/content/language/es-ES es-ES.mod_breadcrumbs.ini
2012.08.10 16:45 B C:\inetpub\wwwroot\language\es-ES\es-ES.mod_custom.ini --> ftp3.ftptoyoursite.com /web/content/language/es-ES es-ES.mod_custom.ini
2012.08.10 16:45 B C:\inetpub\wwwroot\language\es-ES\es-ES.mod_feed.ini --> ftp3.ftptoyoursite.com /web/content/language/es-ES es-ES.mod_feed.ini
2012.08.10 16:45 B C:\inetpub\wwwroot\language\es-ES\es-ES.mod_footer.ini --> ftp3.ftptoyoursite.com /web/content/language/es-ES es-ES.mod_footer.ini
2012.08.10 16:45 B C:\inetpub\wwwroot\language\es-ES\es-ES.mod_latestnews.ini --> ftp3.ftptoyoursite.com /web/content/language/es-ES es-ES.mod_latestnews.ini
2012.08.10 16:45 B C:\inetpub\wwwroot\language\es-ES\es-ES.mod_login.ini --> ftp3.ftptoyoursite.com /web/content/language/es-ES es-ES.mod_login.ini
2012.08.10 16:45 B C:\inetpub\wwwroot\language\es-ES\es-ES.mod_mainmenu.ini --> ftp3.ftptoyoursite.com /web/content/language/es-ES es-ES.mod_mainmenu.ini
2012.08.10 16:45 B C:\inetpub\wwwroot\language\es-ES\es-ES.mod_mostread.ini --> ftp3.ftptoyoursite.com /web/content/language/es-ES es-ES.mod_mostread.ini
2012.08.10 16:45 B C:\inetpub\wwwroot\language\es-ES\es-ES.mod_newsflash.ini --> ftp3.ftptoyoursite.com /web/content/language/es-ES es-ES.mod_newsflash.ini
2012.08.10 16:45 B C:\inetpub\wwwroot\language\es-ES\es-ES.mod_online.ini --> ftp3.ftptoyoursite.com /web/content/language/es-ES es-ES.mod_online.ini
2012.08.10 16:45 B C:\inetpub\wwwroot\language\es-ES\es-ES.mod_poll.ini --> ftp3.ftptoyoursite.com /web/content/language/es-ES es-ES.mod_poll.ini
2012.08.10 16:45 B C:\inetpub\wwwroot\language\es-ES\es-ES.mod_random_image.ini --> ftp3.ftptoyoursite.com /web/content/language/es-ES es-ES.mod_random_image.ini
2012.08.10 16:45 B C:\inetpub\wwwroot\language\es-ES\es-ES.mod_related_items.ini --> ftp3.ftptoyoursite.com /web/content/language/es-ES es-ES.mod_related_items.ini
2012.08.10 16:45 B C:\inetpub\wwwroot\language\es-ES\es-ES.mod_search.ini --> ftp3.ftptoyoursite.com /web/content/language/es-ES es-ES.mod_search.ini
2012.08.10 16:45 B C:\inetpub\wwwroot\language\es-ES\es-ES.mod_sections.ini --> ftp3.ftptoyoursite.com /web/content/language/es-ES es-ES.mod_sections.ini
2012.08.10 16:45 B C:\inetpub\wwwroot\language\es-ES\es-ES.mod_stats.ini --> ftp3.ftptoyoursite.com /web/content/language/es-ES es-ES.mod_stats.ini
2012.08.10 16:45 B C:\inetpub\wwwroot\language\es-ES\es-ES.mod_syndicate.ini --> ftp3.ftptoyoursite.com /web/content/language/es-ES es-ES.mod_syndicate.ini
2012.08.10 16:45 B C:\inetpub\wwwroot\language\es-ES\es-ES.mod_whosonline.ini --> ftp3.ftptoyoursite.com /web/content/language/es-ES es-ES.mod_whosonline.ini
2012.08.10 16:45 B C:\inetpub\wwwroot\language\es-ES\es-ES.mod_wrapper.ini --> ftp3.ftptoyoursite.com /web/content/language/es-ES es-ES.mod_wrapper.ini
2012.08.10 16:45 B C:\inetpub\wwwroot\language\es-ES\es-ES.plg_content_pagebreak.ini --> ftp3.ftptoyoursite.com /web/content/language/es-ES es-ES.plg_content_pagebreak.ini
2012.08.10 16:45 B C:\inetpub\wwwroot\language\es-ES\es-ES.plg_content_vote.ini --> ftp3.ftptoyoursite.com /web/content/language/es-ES es-ES.plg_content_vote.ini
2012.08.10 16:45 B C:\inetpub\wwwroot\language\es-ES\es-ES.plg_search_categories.ini --> ftp3.ftptoyoursite.com /web/content/language/es-ES es-ES.plg_search_categories.ini
2012.08.10 16:45 B C:\inetpub\wwwroot\language\es-ES\es-ES.plg_search_contacts.ini --> ftp3.ftptoyoursite.com /web/content/language/es-ES es-ES.plg_search_contacts.ini
2012.08.10 16:45 B C:\inetpub\wwwroot\language\es-ES\es-ES.plg_search_content.ini --> ftp3.ftptoyoursite.com /web/content/language/es-ES es-ES.plg_search_content.ini
2012.08.10 16:45 B C:\inetpub\wwwroot\language\es-ES\es-ES.plg_search_newsfeeds.ini --> ftp3.ftptoyoursite.com /web/content/language/es-ES es-ES.plg_search_newsfeeds.ini
2012.08.10 16:45 B C:\inetpub\wwwroot\language\es-ES\es-ES.plg_search_sections.ini --> ftp3.ftptoyoursite.com /web/content/language/es-ES es-ES.plg_search_sections.ini
2012.08.10 16:45 B C:\inetpub\wwwroot\language\es-ES\es-ES.plg_search_weblinks.ini --> ftp3.ftptoyoursite.com /web/content/language/es-ES es-ES.plg_search_weblinks.ini
2012.08.10 16:45 B C:\inetpub\wwwroot\language\es-ES\es-ES.plg_system_debug.ini --> ftp3.ftptoyoursite.com /web/content/language/es-ES es-ES.plg_system_debug.ini
2012.08.10 16:45 B C:\inetpub\wwwroot\language\es-ES\es-ES.tpl_beez.ini --> ftp3.ftptoyoursite.com /web/content/language/es-ES es-ES.tpl_beez.ini
2012.08.10 16:45 B C:\inetpub\wwwroot\language\es-ES\es-ES.tpl_ja_purity.ini --> ftp3.ftptoyoursite.com /web/content/language/es-ES es-ES.tpl_ja_purity.ini
2012.08.10 16:45 B C:\inetpub\wwwroot\language\es-ES\es-ES.tpl_rhuk_milkyway.ini --> ftp3.ftptoyoursite.com /web/content/language/es-ES es-ES.tpl_rhuk_milkyway.ini
2012.08.10 16:45 B C:\inetpub\wwwroot\language\es-ES\es-ES.xml --> ftp3.ftptoyoursite.com /web/content/language/es-ES es-ES.xml
2012.09.04 10:53 B C:\inetpub\wwwroot\language\es-ES\es-ES.com_banners.ini --> ftp3.ftptoyoursite.com /web/content/SITE-TEST/language/es-ES es-ES.com_banners.ini
2012.09.04 10:53 B C:\inetpub\wwwroot\language\es-ES\es-ES.com_contact.ini --> ftp3.ftptoyoursite.com /web/content/SITE-TEST/language/es-ES es-ES.com_contact.ini
2012.09.04 10:53 B C:\inetpub\wwwroot\language\es-ES\es-ES.com_content.ini --> ftp3.ftptoyoursite.com /web/content/SITE-TEST/language/es-ES es-ES.com_content.ini
2012.09.04 10:53 B C:\inetpub\wwwroot\language\es-ES\es-ES.com_frontpage.ini --> ftp3.ftptoyoursite.com /web/content/SITE-TEST/language/es-ES es-ES.com_frontpage.ini
2012.09.04 10:53 B C:\inetpub\wwwroot\language\es-ES\es-ES.com_mailto.ini --> ftp3.ftptoyoursite.com /web/content/SITE-TEST/language/es-ES es-ES.com_mailto.ini
2012.09.04 10:53 B C:\inetpub\wwwroot\language\es-ES\es-ES.com_media.ini --> ftp3.ftptoyoursite.com /web/content/SITE-TEST/language/es-ES es-ES.com_media.ini
2012.09.04 10:53 B C:\inetpub\wwwroot\language\es-ES\es-ES.com_messages.ini --> ftp3.ftptoyoursite.com /web/content/SITE-TEST/language/es-ES es-ES.com_messages.ini
2012.09.04 10:53 B C:\inetpub\wwwroot\language\es-ES\es-ES.com_newsfeeds.ini --> ftp3.ftptoyoursite.com /web/content/SITE-TEST/language/es-ES es-ES.com_newsfeeds.ini
2012.09.04 10:53 B C:\inetpub\wwwroot\language\es-ES\es-ES.com_poll.ini --> ftp3.ftptoyoursite.com /web/content/SITE-TEST/language/es-ES es-ES.com_poll.ini
2012.09.04 10:53 B C:\inetpub\wwwroot\language\es-ES\es-ES.com_search.ini --> ftp3.ftptoyoursite.com /web/content/SITE-TEST/language/es-ES es-ES.com_search.ini
2012.09.04 10:53 B C:\inetpub\wwwroot\language\es-ES\es-ES.com_user.ini --> ftp3.ftptoyoursite.com /web/content/SITE-TEST/language/es-ES es-ES.com_user.ini
2012.09.04 10:53 B C:\inetpub\wwwroot\language\es-ES\es-ES.com_weblinks.ini --> ftp3.ftptoyoursite.com /web/content/SITE-TEST/language/es-ES es-ES.com_weblinks.ini
2012.09.04 10:53 B C:\inetpub\wwwroot\language\es-ES\es-ES.com_wrapper.ini --> ftp3.ftptoyoursite.com /web/content/SITE-TEST/language/es-ES es-ES.com_wrapper.ini
2012.09.04 10:53 B C:\inetpub\wwwroot\language\es-ES\es-ES.ini --> ftp3.ftptoyoursite.com /web/content/SITE-TEST/language/es-ES es-ES.ini
2012.09.04 10:53 B C:\inetpub\wwwroot\language\es-ES\es-ES.mod_archive.ini --> ftp3.ftptoyoursite.com /web/content/SITE-TEST/language/es-ES es-ES.mod_archive.ini
2012.09.04 10:53 B C:\inetpub\wwwroot\language\es-ES\es-ES.mod_banners.ini --> ftp3.ftptoyoursite.com /web/content/SITE-TEST/language/es-ES es-ES.mod_banners.ini
2012.09.04 10:53 B C:\inetpub\wwwroot\language\es-ES\es-ES.mod_breadcrumbs.ini --> ftp3.ftptoyoursite.com /web/content/SITE-TEST/language/es-ES es-ES.mod_breadcrumbs.ini
2012.09.04 10:53 B C:\inetpub\wwwroot\language\es-ES\es-ES.mod_custom.ini --> ftp3.ftptoyoursite.com /web/content/SITE-TEST/language/es-ES es-ES.mod_custom.ini
2012.09.04 10:53 B C:\inetpub\wwwroot\language\es-ES\es-ES.mod_feed.ini --> ftp3.ftptoyoursite.com /web/content/SITE-TEST/language/es-ES es-ES.mod_feed.ini
2012.09.04 10:53 B C:\inetpub\wwwroot\language\es-ES\es-ES.mod_footer.ini --> ftp3.ftptoyoursite.com /web/content/SITE-TEST/language/es-ES es-ES.mod_footer.ini
2012.09.04 10:53 B C:\inetpub\wwwroot\language\es-ES\es-ES.mod_latestnews.ini --> ftp3.ftptoyoursite.com /web/content/SITE-TEST/language/es-ES es-ES.mod_latestnews.ini
2012.09.04 10:53 B C:\inetpub\wwwroot\language\es-ES\es-ES.mod_login.ini --> ftp3.ftptoyoursite.com /web/content/SITE-TEST/language/es-ES es-ES.mod_login.ini
2012.09.04 10:53 B C:\inetpub\wwwroot\language\es-ES\es-ES.mod_mainmenu.ini --> ftp3.ftptoyoursite.com /web/content/SITE-TEST/language/es-ES es-ES.mod_mainmenu.ini
2012.09.04 10:53 B C:\inetpub\wwwroot\language\es-ES\es-ES.mod_mostread.ini --> ftp3.ftptoyoursite.com /web/content/SITE-TEST/language/es-ES es-ES.mod_mostread.ini
2012.09.04 10:53 B C:\inetpub\wwwroot\language\es-ES\es-ES.mod_newsflash.ini --> ftp3.ftptoyoursite.com /web/content/SITE-TEST/language/es-ES es-ES.mod_newsflash.ini
2012.09.04 10:53 B C:\inetpub\wwwroot\language\es-ES\es-ES.mod_online.ini --> ftp3.ftptoyoursite.com /web/content/SITE-TEST/language/es-ES es-ES.mod_online.ini
2012.09.04 10:53 B C:\inetpub\wwwroot\language\es-ES\es-ES.mod_poll.ini --> ftp3.ftptoyoursite.com /web/content/SITE-TEST/language/es-ES es-ES.mod_poll.ini
2012.09.04 10:53 B C:\inetpub\wwwroot\language\es-ES\es-ES.mod_random_image.ini --> ftp3.ftptoyoursite.com /web/content/SITE-TEST/language/es-ES es-ES.mod_random_image.ini
2012.09.04 10:53 B C:\inetpub\wwwroot\language\es-ES\es-ES.mod_related_items.ini --> ftp3.ftptoyoursite.com /web/content/SITE-TEST/language/es-ES es-ES.mod_related_items.ini
2012.09.04 10:53 B C:\inetpub\wwwroot\language\es-ES\es-ES.mod_search.ini --> ftp3.ftptoyoursite.com /web/content/SITE-TEST/language/es-ES es-ES.mod_search.ini
2012.09.04 10:53 B C:\inetpub\wwwroot\language\es-ES\es-ES.mod_sections.ini --> ftp3.ftptoyoursite.com /web/content/SITE-TEST/language/es-ES es-ES.mod_sections.ini
2012.09.04 10:53 B C:\inetpub\wwwroot\language\es-ES\es-ES.mod_stats.ini --> ftp3.ftptoyoursite.com /web/content/SITE-TEST/language/es-ES es-ES.mod_stats.ini
2012.09.04 10:53 B C:\inetpub\wwwroot\language\es-ES\es-ES.mod_syndicate.ini --> ftp3.ftptoyoursite.com /web/content/SITE-TEST/language/es-ES es-ES.mod_syndicate.ini
2012.09.04 10:53 B C:\inetpub\wwwroot\language\es-ES\es-ES.mod_whosonline.ini --> ftp3.ftptoyoursite.com /web/content/SITE-TEST/language/es-ES es-ES.mod_whosonline.ini
2012.09.04 10:53 B C:\inetpub\wwwroot\language\es-ES\es-ES.mod_wrapper.ini --> ftp3.ftptoyoursite.com /web/content/SITE-TEST/language/es-ES es-ES.mod_wrapper.ini
2012.09.04 10:53 B C:\inetpub\wwwroot\language\es-ES\es-ES.plg_content_pagebreak.ini --> ftp3.ftptoyoursite.com /web/content/SITE-TEST/language/es-ES es-ES.plg_content_pagebreak.ini
2012.09.04 10:53 B C:\inetpub\wwwroot\language\es-ES\es-ES.plg_content_vote.ini --> ftp3.ftptoyoursite.com /web/content/SITE-TEST/language/es-ES es-ES.plg_content_vote.ini
2012.09.04 10:53 B C:\inetpub\wwwroot\language\es-ES\es-ES.plg_search_categories.ini --> ftp3.ftptoyoursite.com /web/content/SITE-TEST/language/es-ES es-ES.plg_search_categories.ini
2012.09.04 10:53 B C:\inetpub\wwwroot\language\es-ES\es-ES.plg_search_contacts.ini --> ftp3.ftptoyoursite.com /web/content/SITE-TEST/language/es-ES es-ES.plg_search_contacts.ini
2012.09.04 10:53 B C:\inetpub\wwwroot\language\es-ES\es-ES.plg_search_content.ini --> ftp3.ftptoyoursite.com /web/content/SITE-TEST/language/es-ES es-ES.plg_search_content.ini
2012.09.04 10:53 B C:\inetpub\wwwroot\language\es-ES\es-ES.plg_search_newsfeeds.ini --> ftp3.ftptoyoursite.com /web/content/SITE-TEST/language/es-ES es-ES.plg_search_newsfeeds.ini
2012.09.04 10:53 B C:\inetpub\wwwroot\language\es-ES\es-ES.plg_search_sections.ini --> ftp3.ftptoyoursite.com /web/content/SITE-TEST/language/es-ES es-ES.plg_search_sections.ini
2012.09.04 10:53 B C:\inetpub\wwwroot\language\es-ES\es-ES.plg_search_weblinks.ini --> ftp3.ftptoyoursite.com /web/content/SITE-TEST/language/es-ES es-ES.plg_search_weblinks.ini
2012.09.04 10:53 B C:\inetpub\wwwroot\language\es-ES\es-ES.plg_system_debug.ini --> ftp3.ftptoyoursite.com /web/content/SITE-TEST/language/es-ES es-ES.plg_system_debug.ini
2012.09.04 10:53 B C:\inetpub\wwwroot\language\es-ES\es-ES.tpl_beez.ini --> ftp3.ftptoyoursite.com /web/content/SITE-TEST/language/es-ES es-ES.tpl_beez.ini
2012.09.04 10:53 B C:\inetpub\wwwroot\language\es-ES\es-ES.tpl_ja_purity.ini --> ftp3.ftptoyoursite.com /web/content/SITE-TEST/language/es-ES es-ES.tpl_ja_purity.ini
2012.09.04 10:53 B C:\inetpub\wwwroot\language\es-ES\es-ES.tpl_rhuk_milkyway.ini --> ftp3.ftptoyoursite.com /web/content/SITE-TEST/language/es-ES es-ES.tpl_rhuk_milkyway.ini
2012.09.04 10:53 B C:\inetpub\wwwroot\language\es-ES\es-ES.xml --> ftp3.ftptoyoursite.com /web/content/SITE-TEST/language/es-ES es-ES.xml
2012.09.04 10:53 B C:\inetpub\wwwroot\language\es-ES\WS_FTP.LOG --> ftp3.ftptoyoursite.com /web/content/SITE-TEST/language/es-ES WS_FTP.LOG
2012.09.06 15:12 B C:\inetpub\wwwroot\language\es-ES\es-ES.com_banners.ini --> ftp3.ftptoyoursite.com /web/content/SITEBACKUP_962012/language/es-ES es-ES.com_banners.ini
2012.09.06 15:12 B C:\inetpub\wwwroot\language\es-ES\es-ES.com_contact.ini --> ftp3.ftptoyoursite.com /web/content/SITEBACKUP_962012/language/es-ES es-ES.com_contact.ini
2012.09.06 15:12 B C:\inetpub\wwwroot\language\es-ES\es-ES.com_content.ini --> ftp3.ftptoyoursite.com /web/content/SITEBACKUP_962012/language/es-ES es-ES.com_content.ini
2012.09.06 15:12 B C:\inetpub\wwwroot\language\es-ES\es-ES.com_frontpage.ini --> ftp3.ftptoyoursite.com /web/content/SITEBACKUP_962012/language/es-ES es-ES.com_frontpage.ini
2012.09.06 15:12 B C:\inetpub\wwwroot\language\es-ES\es-ES.com_mailto.ini --> ftp3.ftptoyoursite.com /web/content/SITEBACKUP_962012/language/es-ES es-ES.com_mailto.ini
2012.09.06 15:12 B C:\inetpub\wwwroot\language\es-ES\es-ES.com_media.ini --> ftp3.ftptoyoursite.com /web/content/SITEBACKUP_962012/language/es-ES es-ES.com_media.ini
2012.09.06 15:12 B C:\inetpub\wwwroot\language\es-ES\es-ES.com_messages.ini --> ftp3.ftptoyoursite.com /web/content/SITEBACKUP_962012/language/es-ES es-ES.com_messages.ini
2012.09.06 15:12 B C:\inetpub\wwwroot\language\es-ES\es-ES.com_newsfeeds.ini --> ftp3.ftptoyoursite.com /web/content/SITEBACKUP_962012/language/es-ES es-ES.com_newsfeeds.ini
2012.09.06 15:12 B C:\inetpub\wwwroot\language\es-ES\es-ES.com_poll.ini --> ftp3.ftptoyoursite.com /web/content/SITEBACKUP_962012/language/es-ES es-ES.com_poll.ini
2012.09.06 15:12 B C:\inetpub\wwwroot\language\es-ES\es-ES.com_search.ini --> ftp3.ftptoyoursite.com /web/content/SITEBACKUP_962012/language/es-ES es-ES.com_search.ini
2012.09.06 15:12 B C:\inetpub\wwwroot\language\es-ES\es-ES.com_user.ini --> ftp3.ftptoyoursite.com /web/content/SITEBACKUP_962012/language/es-ES es-ES.com_user.ini
2012.09.06 15:12 B C:\inetpub\wwwroot\language\es-ES\es-ES.com_weblinks.ini --> ftp3.ftptoyoursite.com /web/content/SITEBACKUP_962012/language/es-ES es-ES.com_weblinks.ini
2012.09.06 15:12 B C:\inetpub\wwwroot\language\es-ES\es-ES.com_wrapper.ini --> ftp3.ftptoyoursite.com /web/content/SITEBACKUP_962012/language/es-ES es-ES.com_wrapper.ini
2012.09.06 15:12 B C:\inetpub\wwwroot\language\es-ES\es-ES.ini --> ftp3.ftptoyoursite.com /web/content/SITEBACKUP_962012/language/es-ES es-ES.ini
2012.09.06 15:12 B C:\inetpub\wwwroot\language\es-ES\es-ES.mod_archive.ini --> ftp3.ftptoyoursite.com /web/content/SITEBACKUP_962012/language/es-ES es-ES.mod_archive.ini
2012.09.06 15:12 B C:\inetpub\wwwroot\language\es-ES\es-ES.mod_banners.ini --> ftp3.ftptoyoursite.com /web/content/SITEBACKUP_962012/language/es-ES es-ES.mod_banners.ini
2012.09.06 15:12 B C:\inetpub\wwwroot\language\es-ES\es-ES.mod_breadcrumbs.ini --> ftp3.ftptoyoursite.com /web/content/SITEBACKUP_962012/language/es-ES es-ES.mod_breadcrumbs.ini
2012.09.06 15:12 B C:\inetpub\wwwroot\language\es-ES\es-ES.mod_custom.ini --> ftp3.ftptoyoursite.com /web/content/SITEBACKUP_962012/language/es-ES es-ES.mod_custom.ini
2012.09.06 15:12 B C:\inetpub\wwwroot\language\es-ES\es-ES.mod_feed.ini --> ftp3.ftptoyoursite.com /web/content/SITEBACKUP_962012/language/es-ES es-ES.mod_feed.ini
2012.09.06 15:12 B C:\inetpub\wwwroot\language\es-ES\es-ES.mod_footer.ini --> ftp3.ftptoyoursite.com /web/content/SITEBACKUP_962012/language/es-ES es-ES.mod_footer.ini
2012.09.06 15:12 B C:\inetpub\wwwroot\language\es-ES\es-ES.mod_latestnews.ini --> ftp3.ftptoyoursite.com /web/content/SITEBACKUP_962012/language/es-ES es-ES.mod_latestnews.ini
2012.09.06 15:12 B C:\inetpub\wwwroot\language\es-ES\es-ES.mod_login.ini --> ftp3.ftptoyoursite.com /web/content/SITEBACKUP_962012/language/es-ES es-ES.mod_login.ini
2012.09.06 15:12 B C:\inetpub\wwwroot\language\es-ES\es-ES.mod_mainmenu.ini --> ftp3.ftptoyoursite.com /web/content/SITEBACKUP_962012/language/es-ES es-ES.mod_mainmenu.ini
2012.09.06 15:12 B C:\inetpub\wwwroot\language\es-ES\es-ES.mod_mostread.ini --> ftp3.ftptoyoursite.com /web/content/SITEBACKUP_962012/language/es-ES es-ES.mod_mostread.ini
2012.09.06 15:12 B C:\inetpub\wwwroot\language\es-ES\es-ES.mod_newsflash.ini --> ftp3.ftptoyoursite.com /web/content/SITEBACKUP_962012/language/es-ES es-ES.mod_newsflash.ini
2012.09.06 15:12 B C:\inetpub\wwwroot\language\es-ES\es-ES.mod_online.ini --> ftp3.ftptoyoursite.com /web/content/SITEBACKUP_962012/language/es-ES es-ES.mod_online.ini
2012.09.06 15:12 B C:\inetpub\wwwroot\language\es-ES\es-ES.mod_poll.ini --> ftp3.ftptoyoursite.com /web/content/SITEBACKUP_962012/language/es-ES es-ES.mod_poll.ini
2012.09.06 15:12 B C:\inetpub\wwwroot\language\es-ES\es-ES.mod_random_image.ini --> ftp3.ftptoyoursite.com /web/content/SITEBACKUP_962012/language/es-ES es-ES.mod_random_image.ini
2012.09.06 15:12 B C:\inetpub\wwwroot\language\es-ES\es-ES.mod_related_items.ini --> ftp3.ftptoyoursite.com /web/content/SITEBACKUP_962012/language/es-ES es-ES.mod_related_items.ini
2012.09.06 15:12 B C:\inetpub\wwwroot\language\es-ES\es-ES.mod_search.ini --> ftp3.ftptoyoursite.com /web/content/SITEBACKUP_962012/language/es-ES es-ES.mod_search.ini
2012.09.06 15:12 B C:\inetpub\wwwroot\language\es-ES\es-ES.mod_sections.ini --> ftp3.ftptoyoursite.com /web/content/SITEBACKUP_962012/language/es-ES es-ES.mod_sections.ini
2012.09.06 15:12 B C:\inetpub\wwwroot\language\es-ES\es-ES.mod_stats.ini --> ftp3.ftptoyoursite.com /web/content/SITEBACKUP_962012/language/es-ES es-ES.mod_stats.ini
2012.09.06 15:12 B C:\inetpub\wwwroot\language\es-ES\es-ES.mod_syndicate.ini --> ftp3.ftptoyoursite.com /web/content/SITEBACKUP_962012/language/es-ES es-ES.mod_syndicate.ini
2012.09.06 15:12 B C:\inetpub\wwwroot\language\es-ES\es-ES.mod_whosonline.ini --> ftp3.ftptoyoursite.com /web/content/SITEBACKUP_962012/language/es-ES es-ES.mod_whosonline.ini
2012.09.06 15:12 B C:\inetpub\wwwroot\language\es-ES\es-ES.mod_wrapper.ini --> ftp3.ftptoyoursite.com /web/content/SITEBACKUP_962012/language/es-ES es-ES.mod_wrapper.ini
2012.09.06 15:12 B C:\inetpub\wwwroot\language\es-ES\es-ES.plg_content_pagebreak.ini --> ftp3.ftptoyoursite.com /web/content/SITEBACKUP_962012/language/es-ES es-ES.plg_content_pagebreak.ini
2012.09.06 15:12 B C:\inetpub\wwwroot\language\es-ES\es-ES.plg_content_vote.ini --> ftp3.ftptoyoursite.com /web/content/SITEBACKUP_962012/language/es-ES es-ES.plg_content_vote.ini
2012.09.06 15:12 B C:\inetpub\wwwroot\language\es-ES\es-ES.plg_search_categories.ini --> ftp3.ftptoyoursite.com /web/content/SITEBACKUP_962012/language/es-ES es-ES.plg_search_categories.ini
2012.09.06 15:12 B C:\inetpub\wwwroot\language\es-ES\es-ES.plg_search_contacts.ini --> ftp3.ftptoyoursite.com /web/content/SITEBACKUP_962012/language/es-ES es-ES.plg_search_contacts.ini
2012.09.06 15:12 B C:\inetpub\wwwroot\language\es-ES\es-ES.plg_search_content.ini --> ftp3.ftptoyoursite.com /web/content/SITEBACKUP_962012/language/es-ES es-ES.plg_search_content.ini
2012.09.06 15:12 B C:\inetpub\wwwroot\language\es-ES\es-ES.plg_search_newsfeeds.ini --> ftp3.ftptoyoursite.com /web/content/SITEBACKUP_962012/language/es-ES es-ES.plg_search_newsfeeds.ini
2012.09.06 15:12 B C:\inetpub\wwwroot\language\es-ES\es-ES.plg_search_sections.ini --> ftp3.ftptoyoursite.com /web/content/SITEBACKUP_962012/language/es-ES es-ES.plg_search_sections.ini
2012.09.06 15:12 B C:\inetpub\wwwroot\language\es-ES\es-ES.plg_search_weblinks.ini --> ftp3.ftptoyoursite.com /web/content/SITEBACKUP_962012/language/es-ES es-ES.plg_search_weblinks.ini
2012.09.06 15:12 B C:\inetpub\wwwroot\language\es-ES\es-ES.plg_system_debug.ini --> ftp3.ftptoyoursite.com /web/content/SITEBACKUP_962012/language/es-ES es-ES.plg_system_debug.ini
2012.09.06 15:12 B C:\inetpub\wwwroot\language\es-ES\es-ES.tpl_beez.ini --> ftp3.ftptoyoursite.com /web/content/SITEBACKUP_962012/language/es-ES es-ES.tpl_beez.ini
2012.09.06 15:12 B C:\inetpub\wwwroot\language\es-ES\es-ES.tpl_ja_purity.ini --> ftp3.ftptoyoursite.com /web/content/SITEBACKUP_962012/language/es-ES es-ES.tpl_ja_purity.ini
2012.09.06 15:12 B C:\inetpub\wwwroot\language\es-ES\es-ES.tpl_rhuk_milkyway.ini --> ftp3.ftptoyoursite.com /web/content/SITEBACKUP_962012/language/es-ES es-ES.tpl_rhuk_milkyway.ini
2012.09.06 15:12 B C:\inetpub\wwwroot\language\es-ES\es-ES.xml --> ftp3.ftptoyoursite.com /web/content/SITEBACKUP_962012/language/es-ES es-ES.xml
2012.09.06 15:12 B C:\inetpub\wwwroot\language\es-ES\WS_FTP.LOG --> ftp3.ftptoyoursite.com /web/content/SITEBACKUP_962012/language/es-ES WS_FTP.LOG
2012.10.23 09:14 B C:\inetpub\wwwroot\language\es-ES\es-ES.com_banners.ini --> ftp3.ftptoyoursite.com /web/content/language/es-ES es-ES.com_banners.ini
2012.10.23 09:14 B C:\inetpub\wwwroot\language\es-ES\es-ES.com_contact.ini --> ftp3.ftptoyoursite.com /web/content/language/es-ES es-ES.com_contact.ini
2012.10.23 09:14 B C:\inetpub\wwwroot\language\es-ES\es-ES.com_content.ini --> ftp3.ftptoyoursite.com /web/content/language/es-ES es-ES.com_content.ini
2012.10.23 09:14 B C:\inetpub\wwwroot\language\es-ES\es-ES.com_frontpage.ini --> ftp3.ftptoyoursite.com /web/content/language/es-ES es-ES.com_frontpage.ini
2012.10.23 09:14 B C:\inetpub\wwwroot\language\es-ES\es-ES.com_mailto.ini --> ftp3.ftptoyoursite.com /web/content/language/es-ES es-ES.com_mailto.ini
2012.10.23 09:14 B C:\inetpub\wwwroot\language\es-ES\es-ES.com_media.ini --> ftp3.ftptoyoursite.com /web/content/language/es-ES es-ES.com_media.ini
2012.10.23 09:14 B C:\inetpub\wwwroot\language\es-ES\es-ES.com_messages.ini --> ftp3.ftptoyoursite.com /web/content/language/es-ES es-ES.com_messages.ini
2012.10.23 09:14 B C:\inetpub\wwwroot\language\es-ES\es-ES.com_newsfeeds.ini --> ftp3.ftptoyoursite.com /web/content/language/es-ES es-ES.com_newsfeeds.ini
2012.10.23 09:14 B C:\inetpub\wwwroot\language\es-ES\es-ES.com_poll.ini --> ftp3.ftptoyoursite.com /web/content/language/es-ES es-ES.com_poll.ini
2012.10.23 09:14 B C:\inetpub\wwwroot\language\es-ES\es-ES.com_search.ini --> ftp3.ftptoyoursite.com /web/content/language/es-ES es-ES.com_search.ini
2012.10.23 09:14 B C:\inetpub\wwwroot\language\es-ES\es-ES.com_user.ini --> ftp3.ftptoyoursite.com /web/content/language/es-ES es-ES.com_user.ini
2012.10.23 09:14 B C:\inetpub\wwwroot\language\es-ES\es-ES.com_weblinks.ini --> ftp3.ftptoyoursite.com /web/content/language/es-ES es-ES.com_weblinks.ini
2012.10.23 09:14 B C:\inetpub\wwwroot\language\es-ES\es-ES.com_wrapper.ini --> ftp3.ftptoyoursite.com /web/content/language/es-ES es-ES.com_wrapper.ini
2012.10.23 09:14 B C:\inetpub\wwwroot\language\es-ES\es-ES.ini --> ftp3.ftptoyoursite.com /web/content/language/es-ES es-ES.ini
2012.10.23 09:14 B C:\inetpub\wwwroot\language\es-ES\es-ES.mod_archive.ini --> ftp3.ftptoyoursite.com /web/content/language/es-ES es-ES.mod_archive.ini
2012.10.23 09:14 B C:\inetpub\wwwroot\language\es-ES\es-ES.mod_banners.ini --> ftp3.ftptoyoursite.com /web/content/language/es-ES es-ES.mod_banners.ini
2012.10.23 09:14 B C:\inetpub\wwwroot\language\es-ES\es-ES.mod_breadcrumbs.ini --> ftp3.ftptoyoursite.com /web/content/language/es-ES es-ES.mod_breadcrumbs.ini
2012.10.23 09:14 B C:\inetpub\wwwroot\language\es-ES\es-ES.mod_custom.ini --> ftp3.ftptoyoursite.com /web/content/language/es-ES es-ES.mod_custom.ini
2012.10.23 09:14 B C:\inetpub\wwwroot\language\es-ES\es-ES.mod_feed.ini --> ftp3.ftptoyoursite.com /web/content/language/es-ES es-ES.mod_feed.ini
2012.10.23 09:14 B C:\inetpub\wwwroot\language\es-ES\es-ES.mod_footer.ini --> ftp3.ftptoyoursite.com /web/content/language/es-ES es-ES.mod_footer.ini
2012.10.23 09:14 B C:\inetpub\wwwroot\language\es-ES\es-ES.mod_latestnews.ini --> ftp3.ftptoyoursite.com /web/content/language/es-ES es-ES.mod_latestnews.ini
2012.10.23 09:14 B C:\inetpub\wwwroot\language\es-ES\es-ES.mod_login.ini --> ftp3.ftptoyoursite.com /web/content/language/es-ES es-ES.mod_login.ini
2012.10.23 09:14 B C:\inetpub\wwwroot\language\es-ES\es-ES.mod_mainmenu.ini --> ftp3.ftptoyoursite.com /web/content/language/es-ES es-ES.mod_mainmenu.ini
2012.10.23 09:14 B C:\inetpub\wwwroot\language\es-ES\es-ES.mod_mostread.ini --> ftp3.ftptoyoursite.com /web/content/language/es-ES es-ES.mod_mostread.ini
2012.10.23 09:14 B C:\inetpub\wwwroot\language\es-ES\es-ES.mod_newsflash.ini --> ftp3.ftptoyoursite.com /web/content/language/es-ES es-ES.mod_newsflash.ini
2012.10.23 09:14 B C:\inetpub\wwwroot\language\es-ES\es-ES.mod_online.ini --> ftp3.ftptoyoursite.com /web/content/language/es-ES es-ES.mod_online.ini
2012.10.23 09:14 B C:\inetpub\wwwroot\language\es-ES\es-ES.mod_poll.ini --> ftp3.ftptoyoursite.com /web/content/language/es-ES es-ES.mod_poll.ini
2012.10.23 09:14 B C:\inetpub\wwwroot\language\es-ES\es-ES.mod_random_image.ini --> ftp3.ftptoyoursite.com /web/content/language/es-ES es-ES.mod_random_image.ini
2012.10.23 09:14 B C:\inetpub\wwwroot\language\es-ES\es-ES.mod_related_items.ini --> ftp3.ftptoyoursite.com /web/content/language/es-ES es-ES.mod_related_items.ini
2012.10.23 09:14 B C:\inetpub\wwwroot\language\es-ES\es-ES.mod_search.ini --> ftp3.ftptoyoursite.com /web/content/language/es-ES es-ES.mod_search.ini
2012.10.23 09:14 B C:\inetpub\wwwroot\language\es-ES\es-ES.mod_sections.ini --> ftp3.ftptoyoursite.com /web/content/language/es-ES es-ES.mod_sections.ini
2012.10.23 09:14 B C:\inetpub\wwwroot\language\es-ES\es-ES.mod_stats.ini --> ftp3.ftptoyoursite.com /web/content/language/es-ES es-ES.mod_stats.ini
2012.10.23 09:14 B C:\inetpub\wwwroot\language\es-ES\es-ES.mod_syndicate.ini --> ftp3.ftptoyoursite.com /web/content/language/es-ES es-ES.mod_syndicate.ini
2012.10.23 09:14 B C:\inetpub\wwwroot\language\es-ES\es-ES.mod_whosonline.ini --> ftp3.ftptoyoursite.com /web/content/language/es-ES es-ES.mod_whosonline.ini
2012.10.23 09:14 B C:\inetpub\wwwroot\language\es-ES\es-ES.mod_wrapper.ini --> ftp3.ftptoyoursite.com /web/content/language/es-ES es-ES.mod_wrapper.ini
2012.10.23 09:14 B C:\inetpub\wwwroot\language\es-ES\es-ES.plg_content_pagebreak.ini --> ftp3.ftptoyoursite.com /web/content/language/es-ES es-ES.plg_content_pagebreak.ini
2012.10.23 09:14 B C:\inetpub\wwwroot\language\es-ES\es-ES.plg_content_vote.ini --> ftp3.ftptoyoursite.com /web/content/language/es-ES es-ES.plg_content_vote.ini
2012.10.23 09:14 B C:\inetpub\wwwroot\language\es-ES\es-ES.plg_search_categories.ini --> ftp3.ftptoyoursite.com /web/content/language/es-ES es-ES.plg_search_categories.ini
2012.10.23 09:14 B C:\inetpub\wwwroot\language\es-ES\es-ES.plg_search_contacts.ini --> ftp3.ftptoyoursite.com /web/content/language/es-ES es-ES.plg_search_contacts.ini
2012.10.23 09:14 B C:\inetpub\wwwroot\language\es-ES\es-ES.plg_search_content.ini --> ftp3.ftptoyoursite.com /web/content/language/es-ES es-ES.plg_search_content.ini
2012.10.23 09:14 B C:\inetpub\wwwroot\language\es-ES\es-ES.plg_search_newsfeeds.ini --> ftp3.ftptoyoursite.com /web/content/language/es-ES es-ES.plg_search_newsfeeds.ini
2012.10.23 09:14 B C:\inetpub\wwwroot\language\es-ES\es-ES.plg_search_sections.ini --> ftp3.ftptoyoursite.com /web/content/language/es-ES es-ES.plg_search_sections.ini
2012.10.23 09:14 B C:\inetpub\wwwroot\language\es-ES\es-ES.plg_search_weblinks.ini --> ftp3.ftptoyoursite.com /web/content/language/es-ES es-ES.plg_search_weblinks.ini
2012.10.23 09:14 B C:\inetpub\wwwroot\language\es-ES\es-ES.plg_system_debug.ini --> ftp3.ftptoyoursite.com /web/content/language/es-ES es-ES.plg_system_debug.ini
2012.10.23 09:14 B C:\inetpub\wwwroot\language\es-ES\es-ES.tpl_beez.ini --> ftp3.ftptoyoursite.com /web/content/language/es-ES es-ES.tpl_beez.ini
2012.10.23 09:14 B C:\inetpub\wwwroot\language\es-ES\es-ES.tpl_ja_purity.ini --> ftp3.ftptoyoursite.com /web/content/language/es-ES es-ES.tpl_ja_purity.ini
2012.10.23 09:14 B C:\inetpub\wwwroot\language\es-ES\es-ES.tpl_rhuk_milkyway.ini --> ftp3.ftptoyoursite.com /web/content/language/es-ES es-ES.tpl_rhuk_milkyway.ini
2012.10.23 09:14 B C:\inetpub\wwwroot\language\es-ES\es-ES.xml --> ftp3.ftptoyoursite.com /web/content/language/es-ES es-ES.xml
2012.10.23 09:14 B C:\inetpub\wwwroot\language\es-ES\WS_FTP.LOG --> ftp3.ftptoyoursite.com /web/content/language/es-ES WS_FTP.LOG
2013.02.01 14:53 B C:\inetpub\wwwroot\language\es-ES\WS_FTP.LOG <-- Schubert Rackspace /web/content/language/es-ES WS_FTP.LOG
