2012.07.25 12:14 B C:\Users\COBRIEN\Desktop\Schubert\cli\finder_indexer.php <-- Schubert Rackspace /web/content/cli finder_indexer.php
2012.07.25 12:14 B C:\Users\COBRIEN\Desktop\Schubert\cli\garbagecron.php <-- Schubert Rackspace /web/content/cli garbagecron.php
2012.07.25 12:14 B C:\Users\COBRIEN\Desktop\Schubert\cli\index.html <-- Schubert Rackspace /web/content/cli index.html
2012.07.25 12:14 B C:\Users\COBRIEN\Desktop\Schubert\cli\update_cron.php <-- Schubert Rackspace /web/content/cli update_cron.php
2012.09.04 10:50 B C:\inetpub\wwwroot\cli\finder_indexer.php --> ftp3.ftptoyoursite.com /web/content/SITE-TEST/cli finder_indexer.php
2012.09.04 10:50 B C:\inetpub\wwwroot\cli\garbagecron.php --> ftp3.ftptoyoursite.com /web/content/SITE-TEST/cli garbagecron.php
2012.09.04 10:50 B C:\inetpub\wwwroot\cli\index.html --> ftp3.ftptoyoursite.com /web/content/SITE-TEST/cli index.html
2012.09.04 10:50 B C:\inetpub\wwwroot\cli\update_cron.php --> ftp3.ftptoyoursite.com /web/content/SITE-TEST/cli update_cron.php
2012.09.04 10:50 B C:\inetpub\wwwroot\cli\WS_FTP.LOG --> ftp3.ftptoyoursite.com /web/content/SITE-TEST/cli WS_FTP.LOG
2012.09.06 15:07 B C:\inetpub\wwwroot\cli\finder_indexer.php --> ftp3.ftptoyoursite.com /web/content/SITEBACKUP_962012/cli finder_indexer.php
2012.09.06 15:07 B C:\inetpub\wwwroot\cli\garbagecron.php --> ftp3.ftptoyoursite.com /web/content/SITEBACKUP_962012/cli garbagecron.php
2012.09.06 15:07 B C:\inetpub\wwwroot\cli\index.html --> ftp3.ftptoyoursite.com /web/content/SITEBACKUP_962012/cli index.html
2012.09.06 15:07 B C:\inetpub\wwwroot\cli\update_cron.php --> ftp3.ftptoyoursite.com /web/content/SITEBACKUP_962012/cli update_cron.php
2012.09.06 15:07 B C:\inetpub\wwwroot\cli\WS_FTP.LOG --> ftp3.ftptoyoursite.com /web/content/SITEBACKUP_962012/cli WS_FTP.LOG
2012.09.06 15:48 B C:\inetpub\wwwroot\cli\finder_indexer.php <-- Schubert Rackspace /web/content/SITEBACKUP_962012/cli finder_indexer.php
2012.09.06 15:48 B C:\inetpub\wwwroot\cli\garbagecron.php <-- Schubert Rackspace /web/content/SITEBACKUP_962012/cli garbagecron.php
2012.09.06 15:48 B C:\inetpub\wwwroot\cli\index.html <-- Schubert Rackspace /web/content/SITEBACKUP_962012/cli index.html
2012.09.06 15:48 B C:\inetpub\wwwroot\cli\update_cron.php <-- Schubert Rackspace /web/content/SITEBACKUP_962012/cli update_cron.php
2012.10.23 09:11 B C:\inetpub\wwwroot\cli\finder_indexer.php --> ftp3.ftptoyoursite.com /web/content/cli finder_indexer.php
2012.10.23 09:11 B C:\inetpub\wwwroot\cli\garbagecron.php --> ftp3.ftptoyoursite.com /web/content/cli garbagecron.php
2012.10.23 09:11 B C:\inetpub\wwwroot\cli\index.html --> ftp3.ftptoyoursite.com /web/content/cli index.html
2012.10.23 09:11 B C:\inetpub\wwwroot\cli\update_cron.php --> ftp3.ftptoyoursite.com /web/content/cli update_cron.php
2012.10.23 09:11 B C:\inetpub\wwwroot\cli\WS_FTP.LOG --> ftp3.ftptoyoursite.com /web/content/cli WS_FTP.LOG
2013.02.01 14:47 B C:\inetpub\wwwroot\cli\WS_FTP.LOG <-- Schubert Rackspace /web/content/cli WS_FTP.LOG
