2012.07.25 12:18 B C:\Users\COBRIEN\Desktop\Schubert\libraries\joomla\user\authentication.php <-- Schubert Rackspace /web/content/libraries/joomla/user authentication.php
2012.07.25 12:18 B C:\Users\COBRIEN\Desktop\Schubert\libraries\joomla\user\helper.php <-- Schubert Rackspace /web/content/libraries/joomla/user helper.php
2012.07.25 12:18 B C:\Users\COBRIEN\Desktop\Schubert\libraries\joomla\user\index.html <-- Schubert Rackspace /web/content/libraries/joomla/user index.html
2012.07.25 12:18 B C:\Users\COBRIEN\Desktop\Schubert\libraries\joomla\user\user.php <-- Schubert Rackspace /web/content/libraries/joomla/user user.php
2012.09.04 10:54 B C:\inetpub\wwwroot\libraries\joomla\user\authentication.php --> ftp3.ftptoyoursite.com /web/content/SITE-TEST/libraries/joomla/user authentication.php
2012.09.04 10:54 B C:\inetpub\wwwroot\libraries\joomla\user\helper.php --> ftp3.ftptoyoursite.com /web/content/SITE-TEST/libraries/joomla/user helper.php
2012.09.04 10:54 B C:\inetpub\wwwroot\libraries\joomla\user\index.html --> ftp3.ftptoyoursite.com /web/content/SITE-TEST/libraries/joomla/user index.html
2012.09.04 10:54 B C:\inetpub\wwwroot\libraries\joomla\user\user.php --> ftp3.ftptoyoursite.com /web/content/SITE-TEST/libraries/joomla/user user.php
2012.09.04 10:54 B C:\inetpub\wwwroot\libraries\joomla\user\WS_FTP.LOG --> ftp3.ftptoyoursite.com /web/content/SITE-TEST/libraries/joomla/user WS_FTP.LOG
2012.09.06 15:13 B C:\inetpub\wwwroot\libraries\joomla\user\authentication.php --> ftp3.ftptoyoursite.com /web/content/SITEBACKUP_962012/libraries/joomla/user authentication.php
2012.09.06 15:13 B C:\inetpub\wwwroot\libraries\joomla\user\helper.php --> ftp3.ftptoyoursite.com /web/content/SITEBACKUP_962012/libraries/joomla/user helper.php
2012.09.06 15:13 B C:\inetpub\wwwroot\libraries\joomla\user\index.html --> ftp3.ftptoyoursite.com /web/content/SITEBACKUP_962012/libraries/joomla/user index.html
2012.09.06 15:13 B C:\inetpub\wwwroot\libraries\joomla\user\user.php --> ftp3.ftptoyoursite.com /web/content/SITEBACKUP_962012/libraries/joomla/user user.php
2012.09.06 15:13 B C:\inetpub\wwwroot\libraries\joomla\user\WS_FTP.LOG --> ftp3.ftptoyoursite.com /web/content/SITEBACKUP_962012/libraries/joomla/user WS_FTP.LOG
2012.10.23 09:15 B C:\inetpub\wwwroot\libraries\joomla\user\authentication.php --> ftp3.ftptoyoursite.com /web/content/libraries/joomla/user authentication.php
2012.10.23 09:15 B C:\inetpub\wwwroot\libraries\joomla\user\helper.php --> ftp3.ftptoyoursite.com /web/content/libraries/joomla/user helper.php
2012.10.23 09:15 B C:\inetpub\wwwroot\libraries\joomla\user\index.html --> ftp3.ftptoyoursite.com /web/content/libraries/joomla/user index.html
2012.10.23 09:15 B C:\inetpub\wwwroot\libraries\joomla\user\user.php --> ftp3.ftptoyoursite.com /web/content/libraries/joomla/user user.php
2012.10.23 09:15 B C:\inetpub\wwwroot\libraries\joomla\user\WS_FTP.LOG --> ftp3.ftptoyoursite.com /web/content/libraries/joomla/user WS_FTP.LOG
2013.02.01 14:54 B C:\inetpub\wwwroot\libraries\joomla\user\WS_FTP.LOG <-- Schubert Rackspace /web/content/libraries/joomla/user WS_FTP.LOG
