2013.02.04 11:35 B C:\inetpub\wwwroot\phpMyAdmin\themes\pmahomme\img\ajax_clock_small.gif <-- Schubert Rackspace /web/content/db/phpMyAdmin/themes/pmahomme/img ajax_clock_small.gif
2013.02.04 11:35 B C:\inetpub\wwwroot\phpMyAdmin\themes\pmahomme\img\arrow_ltr.png <-- Schubert Rackspace /web/content/db/phpMyAdmin/themes/pmahomme/img arrow_ltr.png
2013.02.04 11:35 B C:\inetpub\wwwroot\phpMyAdmin\themes\pmahomme\img\arrow_rtl.png <-- Schubert Rackspace /web/content/db/phpMyAdmin/themes/pmahomme/img arrow_rtl.png
2013.02.04 11:35 B C:\inetpub\wwwroot\phpMyAdmin\themes\pmahomme\img\asc_order.png <-- Schubert Rackspace /web/content/db/phpMyAdmin/themes/pmahomme/img asc_order.png
2013.02.04 11:35 B C:\inetpub\wwwroot\phpMyAdmin\themes\pmahomme\img\b_bookmark.png <-- Schubert Rackspace /web/content/db/phpMyAdmin/themes/pmahomme/img b_bookmark.png
2013.02.04 11:35 B C:\inetpub\wwwroot\phpMyAdmin\themes\pmahomme\img\b_browse.png <-- Schubert Rackspace /web/content/db/phpMyAdmin/themes/pmahomme/img b_browse.png
2013.02.04 11:35 B C:\inetpub\wwwroot\phpMyAdmin\themes\pmahomme\img\b_calendar.png <-- Schubert Rackspace /web/content/db/phpMyAdmin/themes/pmahomme/img b_calendar.png
2013.02.04 11:35 B C:\inetpub\wwwroot\phpMyAdmin\themes\pmahomme\img\b_chart.png <-- Schubert Rackspace /web/content/db/phpMyAdmin/themes/pmahomme/img b_chart.png
2013.02.04 11:35 B C:\inetpub\wwwroot\phpMyAdmin\themes\pmahomme\img\b_close.png <-- Schubert Rackspace /web/content/db/phpMyAdmin/themes/pmahomme/img b_close.png
2013.02.04 11:35 B C:\inetpub\wwwroot\phpMyAdmin\themes\pmahomme\img\b_comment.png <-- Schubert Rackspace /web/content/db/phpMyAdmin/themes/pmahomme/img b_comment.png
2013.02.04 11:35 B C:\inetpub\wwwroot\phpMyAdmin\themes\pmahomme\img\b_dbstatistics.png <-- Schubert Rackspace /web/content/db/phpMyAdmin/themes/pmahomme/img b_dbstatistics.png
2013.02.04 11:35 B C:\inetpub\wwwroot\phpMyAdmin\themes\pmahomme\img\b_deltbl.png <-- Schubert Rackspace /web/content/db/phpMyAdmin/themes/pmahomme/img b_deltbl.png
2013.02.04 11:35 B C:\inetpub\wwwroot\phpMyAdmin\themes\pmahomme\img\b_docs.png <-- Schubert Rackspace /web/content/db/phpMyAdmin/themes/pmahomme/img b_docs.png
2013.02.04 11:35 B C:\inetpub\wwwroot\phpMyAdmin\themes\pmahomme\img\b_docsql.png <-- Schubert Rackspace /web/content/db/phpMyAdmin/themes/pmahomme/img b_docsql.png
2013.02.04 11:35 B C:\inetpub\wwwroot\phpMyAdmin\themes\pmahomme\img\b_drop.png <-- Schubert Rackspace /web/content/db/phpMyAdmin/themes/pmahomme/img b_drop.png
2013.02.04 11:35 B C:\inetpub\wwwroot\phpMyAdmin\themes\pmahomme\img\b_edit.png <-- Schubert Rackspace /web/content/db/phpMyAdmin/themes/pmahomme/img b_edit.png
2013.02.04 11:35 B C:\inetpub\wwwroot\phpMyAdmin\themes\pmahomme\img\b_empty.png <-- Schubert Rackspace /web/content/db/phpMyAdmin/themes/pmahomme/img b_empty.png
2013.02.04 11:35 B C:\inetpub\wwwroot\phpMyAdmin\themes\pmahomme\img\b_engine.png <-- Schubert Rackspace /web/content/db/phpMyAdmin/themes/pmahomme/img b_engine.png
2013.02.04 11:35 B C:\inetpub\wwwroot\phpMyAdmin\themes\pmahomme\img\b_event_add.png <-- Schubert Rackspace /web/content/db/phpMyAdmin/themes/pmahomme/img b_event_add.png
2013.02.04 11:35 B C:\inetpub\wwwroot\phpMyAdmin\themes\pmahomme\img\b_events.png <-- Schubert Rackspace /web/content/db/phpMyAdmin/themes/pmahomme/img b_events.png
2013.02.04 11:35 B C:\inetpub\wwwroot\phpMyAdmin\themes\pmahomme\img\b_export.png <-- Schubert Rackspace /web/content/db/phpMyAdmin/themes/pmahomme/img b_export.png
2013.02.04 11:35 B C:\inetpub\wwwroot\phpMyAdmin\themes\pmahomme\img\b_firstpage.png <-- Schubert Rackspace /web/content/db/phpMyAdmin/themes/pmahomme/img b_firstpage.png
2013.02.04 11:35 B C:\inetpub\wwwroot\phpMyAdmin\themes\pmahomme\img\b_ftext.png <-- Schubert Rackspace /web/content/db/phpMyAdmin/themes/pmahomme/img b_ftext.png
2013.02.04 11:35 B C:\inetpub\wwwroot\phpMyAdmin\themes\pmahomme\img\b_globe.gif <-- Schubert Rackspace /web/content/db/phpMyAdmin/themes/pmahomme/img b_globe.gif
2013.02.04 11:35 B C:\inetpub\wwwroot\phpMyAdmin\themes\pmahomme\img\b_help.png <-- Schubert Rackspace /web/content/db/phpMyAdmin/themes/pmahomme/img b_help.png
2013.02.04 11:35 B C:\inetpub\wwwroot\phpMyAdmin\themes\pmahomme\img\b_home.png <-- Schubert Rackspace /web/content/db/phpMyAdmin/themes/pmahomme/img b_home.png
2013.02.04 11:35 B C:\inetpub\wwwroot\phpMyAdmin\themes\pmahomme\img\b_import.png <-- Schubert Rackspace /web/content/db/phpMyAdmin/themes/pmahomme/img b_import.png
2013.02.04 11:35 B C:\inetpub\wwwroot\phpMyAdmin\themes\pmahomme\img\b_index.png <-- Schubert Rackspace /web/content/db/phpMyAdmin/themes/pmahomme/img b_index.png
2013.02.04 11:35 B C:\inetpub\wwwroot\phpMyAdmin\themes\pmahomme\img\b_info.png <-- Schubert Rackspace /web/content/db/phpMyAdmin/themes/pmahomme/img b_info.png
2013.02.04 11:35 B C:\inetpub\wwwroot\phpMyAdmin\themes\pmahomme\img\b_inline_edit.png <-- Schubert Rackspace /web/content/db/phpMyAdmin/themes/pmahomme/img b_inline_edit.png
2013.02.04 11:35 B C:\inetpub\wwwroot\phpMyAdmin\themes\pmahomme\img\b_insrow.png <-- Schubert Rackspace /web/content/db/phpMyAdmin/themes/pmahomme/img b_insrow.png
2013.02.04 11:35 B C:\inetpub\wwwroot\phpMyAdmin\themes\pmahomme\img\b_lastpage.png <-- Schubert Rackspace /web/content/db/phpMyAdmin/themes/pmahomme/img b_lastpage.png
2013.02.04 11:35 B C:\inetpub\wwwroot\phpMyAdmin\themes\pmahomme\img\b_minus.png <-- Schubert Rackspace /web/content/db/phpMyAdmin/themes/pmahomme/img b_minus.png
2013.02.04 11:35 B C:\inetpub\wwwroot\phpMyAdmin\themes\pmahomme\img\b_more.png <-- Schubert Rackspace /web/content/db/phpMyAdmin/themes/pmahomme/img b_more.png
2013.02.04 11:35 B C:\inetpub\wwwroot\phpMyAdmin\themes\pmahomme\img\b_newdb.png <-- Schubert Rackspace /web/content/db/phpMyAdmin/themes/pmahomme/img b_newdb.png
2013.02.04 11:35 B C:\inetpub\wwwroot\phpMyAdmin\themes\pmahomme\img\b_newtbl.png <-- Schubert Rackspace /web/content/db/phpMyAdmin/themes/pmahomme/img b_newtbl.png
2013.02.04 11:35 B C:\inetpub\wwwroot\phpMyAdmin\themes\pmahomme\img\b_nextpage.png <-- Schubert Rackspace /web/content/db/phpMyAdmin/themes/pmahomme/img b_nextpage.png
2013.02.04 11:35 B C:\inetpub\wwwroot\phpMyAdmin\themes\pmahomme\img\b_pdfdoc.png <-- Schubert Rackspace /web/content/db/phpMyAdmin/themes/pmahomme/img b_pdfdoc.png
2013.02.04 11:35 B C:\inetpub\wwwroot\phpMyAdmin\themes\pmahomme\img\b_plus.png <-- Schubert Rackspace /web/content/db/phpMyAdmin/themes/pmahomme/img b_plus.png
2013.02.04 11:35 B C:\inetpub\wwwroot\phpMyAdmin\themes\pmahomme\img\b_prevpage.png <-- Schubert Rackspace /web/content/db/phpMyAdmin/themes/pmahomme/img b_prevpage.png
2013.02.04 11:35 B C:\inetpub\wwwroot\phpMyAdmin\themes\pmahomme\img\b_primary.png <-- Schubert Rackspace /web/content/db/phpMyAdmin/themes/pmahomme/img b_primary.png
2013.02.04 11:35 B C:\inetpub\wwwroot\phpMyAdmin\themes\pmahomme\img\b_print.png <-- Schubert Rackspace /web/content/db/phpMyAdmin/themes/pmahomme/img b_print.png
2013.02.04 11:35 B C:\inetpub\wwwroot\phpMyAdmin\themes\pmahomme\img\b_props.png <-- Schubert Rackspace /web/content/db/phpMyAdmin/themes/pmahomme/img b_props.png
2013.02.04 11:35 B C:\inetpub\wwwroot\phpMyAdmin\themes\pmahomme\img\b_relations.png <-- Schubert Rackspace /web/content/db/phpMyAdmin/themes/pmahomme/img b_relations.png
2013.02.04 11:35 B C:\inetpub\wwwroot\phpMyAdmin\themes\pmahomme\img\b_routine_add.png <-- Schubert Rackspace /web/content/db/phpMyAdmin/themes/pmahomme/img b_routine_add.png
2013.02.04 11:35 B C:\inetpub\wwwroot\phpMyAdmin\themes\pmahomme\img\b_routines.png <-- Schubert Rackspace /web/content/db/phpMyAdmin/themes/pmahomme/img b_routines.png
2013.02.04 11:35 B C:\inetpub\wwwroot\phpMyAdmin\themes\pmahomme\img\b_save.png <-- Schubert Rackspace /web/content/db/phpMyAdmin/themes/pmahomme/img b_save.png
2013.02.04 11:35 B C:\inetpub\wwwroot\phpMyAdmin\themes\pmahomme\img\b_sbrowse.png <-- Schubert Rackspace /web/content/db/phpMyAdmin/themes/pmahomme/img b_sbrowse.png
2013.02.04 11:35 B C:\inetpub\wwwroot\phpMyAdmin\themes\pmahomme\img\b_sdb.png <-- Schubert Rackspace /web/content/db/phpMyAdmin/themes/pmahomme/img b_sdb.png
2013.02.04 11:35 B C:\inetpub\wwwroot\phpMyAdmin\themes\pmahomme\img\b_search.png <-- Schubert Rackspace /web/content/db/phpMyAdmin/themes/pmahomme/img b_search.png
2013.02.04 11:35 B C:\inetpub\wwwroot\phpMyAdmin\themes\pmahomme\img\b_selboard.png <-- Schubert Rackspace /web/content/db/phpMyAdmin/themes/pmahomme/img b_selboard.png
2013.02.04 11:35 B C:\inetpub\wwwroot\phpMyAdmin\themes\pmahomme\img\b_select.png <-- Schubert Rackspace /web/content/db/phpMyAdmin/themes/pmahomme/img b_select.png
2013.02.04 11:35 B C:\inetpub\wwwroot\phpMyAdmin\themes\pmahomme\img\b_snewtbl.png <-- Schubert Rackspace /web/content/db/phpMyAdmin/themes/pmahomme/img b_snewtbl.png
2013.02.04 11:35 B C:\inetpub\wwwroot\phpMyAdmin\themes\pmahomme\img\b_spatial.png <-- Schubert Rackspace /web/content/db/phpMyAdmin/themes/pmahomme/img b_spatial.png
2013.02.04 11:35 B C:\inetpub\wwwroot\phpMyAdmin\themes\pmahomme\img\b_sql.png <-- Schubert Rackspace /web/content/db/phpMyAdmin/themes/pmahomme/img b_sql.png
2013.02.04 11:35 B C:\inetpub\wwwroot\phpMyAdmin\themes\pmahomme\img\b_sqldoc.png <-- Schubert Rackspace /web/content/db/phpMyAdmin/themes/pmahomme/img b_sqldoc.png
2013.02.04 11:35 B C:\inetpub\wwwroot\phpMyAdmin\themes\pmahomme\img\b_sqlhelp.png <-- Schubert Rackspace /web/content/db/phpMyAdmin/themes/pmahomme/img b_sqlhelp.png
2013.02.04 11:35 B C:\inetpub\wwwroot\phpMyAdmin\themes\pmahomme\img\b_tblanalyse.png <-- Schubert Rackspace /web/content/db/phpMyAdmin/themes/pmahomme/img b_tblanalyse.png
2013.02.04 11:35 B C:\inetpub\wwwroot\phpMyAdmin\themes\pmahomme\img\b_tblexport.png <-- Schubert Rackspace /web/content/db/phpMyAdmin/themes/pmahomme/img b_tblexport.png
2013.02.04 11:35 B C:\inetpub\wwwroot\phpMyAdmin\themes\pmahomme\img\b_tblimport.png <-- Schubert Rackspace /web/content/db/phpMyAdmin/themes/pmahomme/img b_tblimport.png
2013.02.04 11:35 B C:\inetpub\wwwroot\phpMyAdmin\themes\pmahomme\img\b_tblops.png <-- Schubert Rackspace /web/content/db/phpMyAdmin/themes/pmahomme/img b_tblops.png
2013.02.04 11:35 B C:\inetpub\wwwroot\phpMyAdmin\themes\pmahomme\img\b_tbloptimize.png <-- Schubert Rackspace /web/content/db/phpMyAdmin/themes/pmahomme/img b_tbloptimize.png
2013.02.04 11:35 B C:\inetpub\wwwroot\phpMyAdmin\themes\pmahomme\img\b_tipp.png <-- Schubert Rackspace /web/content/db/phpMyAdmin/themes/pmahomme/img b_tipp.png
2013.02.04 11:35 B C:\inetpub\wwwroot\phpMyAdmin\themes\pmahomme\img\b_trigger_add.png <-- Schubert Rackspace /web/content/db/phpMyAdmin/themes/pmahomme/img b_trigger_add.png
2013.02.04 11:35 B C:\inetpub\wwwroot\phpMyAdmin\themes\pmahomme\img\b_triggers.png <-- Schubert Rackspace /web/content/db/phpMyAdmin/themes/pmahomme/img b_triggers.png
2013.02.04 11:35 B C:\inetpub\wwwroot\phpMyAdmin\themes\pmahomme\img\b_unique.png <-- Schubert Rackspace /web/content/db/phpMyAdmin/themes/pmahomme/img b_unique.png
2013.02.04 11:35 B C:\inetpub\wwwroot\phpMyAdmin\themes\pmahomme\img\b_usradd.png <-- Schubert Rackspace /web/content/db/phpMyAdmin/themes/pmahomme/img b_usradd.png
2013.02.04 11:35 B C:\inetpub\wwwroot\phpMyAdmin\themes\pmahomme\img\b_usrcheck.png <-- Schubert Rackspace /web/content/db/phpMyAdmin/themes/pmahomme/img b_usrcheck.png
2013.02.04 11:35 B C:\inetpub\wwwroot\phpMyAdmin\themes\pmahomme\img\b_usrdrop.png <-- Schubert Rackspace /web/content/db/phpMyAdmin/themes/pmahomme/img b_usrdrop.png
2013.02.04 11:35 B C:\inetpub\wwwroot\phpMyAdmin\themes\pmahomme\img\b_usredit.png <-- Schubert Rackspace /web/content/db/phpMyAdmin/themes/pmahomme/img b_usredit.png
2013.02.04 11:35 B C:\inetpub\wwwroot\phpMyAdmin\themes\pmahomme\img\b_usrlist.png <-- Schubert Rackspace /web/content/db/phpMyAdmin/themes/pmahomme/img b_usrlist.png
2013.02.04 11:35 B C:\inetpub\wwwroot\phpMyAdmin\themes\pmahomme\img\b_view.png <-- Schubert Rackspace /web/content/db/phpMyAdmin/themes/pmahomme/img b_view.png
2013.02.04 11:35 B C:\inetpub\wwwroot\phpMyAdmin\themes\pmahomme\img\b_views.png <-- Schubert Rackspace /web/content/db/phpMyAdmin/themes/pmahomme/img b_views.png
2013.02.04 11:35 B C:\inetpub\wwwroot\phpMyAdmin\themes\pmahomme\img\bd_browse.png <-- Schubert Rackspace /web/content/db/phpMyAdmin/themes/pmahomme/img bd_browse.png
2013.02.04 11:35 B C:\inetpub\wwwroot\phpMyAdmin\themes\pmahomme\img\bd_deltbl.png <-- Schubert Rackspace /web/content/db/phpMyAdmin/themes/pmahomme/img bd_deltbl.png
2013.02.04 11:35 B C:\inetpub\wwwroot\phpMyAdmin\themes\pmahomme\img\bd_drop.png <-- Schubert Rackspace /web/content/db/phpMyAdmin/themes/pmahomme/img bd_drop.png
2013.02.04 11:35 B C:\inetpub\wwwroot\phpMyAdmin\themes\pmahomme\img\bd_edit.png <-- Schubert Rackspace /web/content/db/phpMyAdmin/themes/pmahomme/img bd_edit.png
2013.02.04 11:35 B C:\inetpub\wwwroot\phpMyAdmin\themes\pmahomme\img\bd_empty.png <-- Schubert Rackspace /web/content/db/phpMyAdmin/themes/pmahomme/img bd_empty.png
2013.02.04 11:35 B C:\inetpub\wwwroot\phpMyAdmin\themes\pmahomme\img\bd_export.png <-- Schubert Rackspace /web/content/db/phpMyAdmin/themes/pmahomme/img bd_export.png
2013.02.04 11:35 B C:\inetpub\wwwroot\phpMyAdmin\themes\pmahomme\img\bd_firstpage.png <-- Schubert Rackspace /web/content/db/phpMyAdmin/themes/pmahomme/img bd_firstpage.png
2013.02.04 11:35 B C:\inetpub\wwwroot\phpMyAdmin\themes\pmahomme\img\bd_ftext.png <-- Schubert Rackspace /web/content/db/phpMyAdmin/themes/pmahomme/img bd_ftext.png
2013.02.04 11:35 B C:\inetpub\wwwroot\phpMyAdmin\themes\pmahomme\img\bd_index.png <-- Schubert Rackspace /web/content/db/phpMyAdmin/themes/pmahomme/img bd_index.png
2013.02.04 11:35 B C:\inetpub\wwwroot\phpMyAdmin\themes\pmahomme\img\bd_insrow.png <-- Schubert Rackspace /web/content/db/phpMyAdmin/themes/pmahomme/img bd_insrow.png
2013.02.04 11:35 B C:\inetpub\wwwroot\phpMyAdmin\themes\pmahomme\img\bd_lastpage.png <-- Schubert Rackspace /web/content/db/phpMyAdmin/themes/pmahomme/img bd_lastpage.png
2013.02.04 11:35 B C:\inetpub\wwwroot\phpMyAdmin\themes\pmahomme\img\bd_nextpage.png <-- Schubert Rackspace /web/content/db/phpMyAdmin/themes/pmahomme/img bd_nextpage.png
2013.02.04 11:35 B C:\inetpub\wwwroot\phpMyAdmin\themes\pmahomme\img\bd_prevpage.png <-- Schubert Rackspace /web/content/db/phpMyAdmin/themes/pmahomme/img bd_prevpage.png
2013.02.04 11:35 B C:\inetpub\wwwroot\phpMyAdmin\themes\pmahomme\img\bd_primary.png <-- Schubert Rackspace /web/content/db/phpMyAdmin/themes/pmahomme/img bd_primary.png
2013.02.04 11:35 B C:\inetpub\wwwroot\phpMyAdmin\themes\pmahomme\img\bd_sbrowse.png <-- Schubert Rackspace /web/content/db/phpMyAdmin/themes/pmahomme/img bd_sbrowse.png
2013.02.04 11:35 B C:\inetpub\wwwroot\phpMyAdmin\themes\pmahomme\img\bd_select.png <-- Schubert Rackspace /web/content/db/phpMyAdmin/themes/pmahomme/img bd_select.png
2013.02.04 11:35 B C:\inetpub\wwwroot\phpMyAdmin\themes\pmahomme\img\bd_spatial.png <-- Schubert Rackspace /web/content/db/phpMyAdmin/themes/pmahomme/img bd_spatial.png
2013.02.04 11:35 B C:\inetpub\wwwroot\phpMyAdmin\themes\pmahomme\img\bd_unique.png <-- Schubert Rackspace /web/content/db/phpMyAdmin/themes/pmahomme/img bd_unique.png
2013.02.04 11:35 B C:\inetpub\wwwroot\phpMyAdmin\themes\pmahomme\img\body_bg.png <-- Schubert Rackspace /web/content/db/phpMyAdmin/themes/pmahomme/img body_bg.png
2013.02.04 11:35 B C:\inetpub\wwwroot\phpMyAdmin\themes\pmahomme\img\col_drop.png <-- Schubert Rackspace /web/content/db/phpMyAdmin/themes/pmahomme/img col_drop.png
2013.02.04 11:35 B C:\inetpub\wwwroot\phpMyAdmin\themes\pmahomme\img\col_pointer.png <-- Schubert Rackspace /web/content/db/phpMyAdmin/themes/pmahomme/img col_pointer.png
2013.02.04 11:35 B C:\inetpub\wwwroot\phpMyAdmin\themes\pmahomme\img\col_pointer_ver.png <-- Schubert Rackspace /web/content/db/phpMyAdmin/themes/pmahomme/img col_pointer_ver.png
2013.02.04 11:35 B C:\inetpub\wwwroot\phpMyAdmin\themes\pmahomme\img\database.png <-- Schubert Rackspace /web/content/db/phpMyAdmin/themes/pmahomme/img database.png
2013.02.04 11:35 B C:\inetpub\wwwroot\phpMyAdmin\themes\pmahomme\img\database_list_li_hover.png <-- Schubert Rackspace /web/content/db/phpMyAdmin/themes/pmahomme/img database_list_li_hover.png
2013.02.04 11:35 B C:\inetpub\wwwroot\phpMyAdmin\themes\pmahomme\img\docs_menu_bg.png <-- Schubert Rackspace /web/content/db/phpMyAdmin/themes/pmahomme/img docs_menu_bg.png
2013.02.04 11:35 B C:\inetpub\wwwroot\phpMyAdmin\themes\pmahomme\img\east-mini.png <-- Schubert Rackspace /web/content/db/phpMyAdmin/themes/pmahomme/img east-mini.png
2013.02.04 11:35 B C:\inetpub\wwwroot\phpMyAdmin\themes\pmahomme\img\error.ico <-- Schubert Rackspace /web/content/db/phpMyAdmin/themes/pmahomme/img error.ico
2013.02.04 11:35 B C:\inetpub\wwwroot\phpMyAdmin\themes\pmahomme\img\eye.png <-- Schubert Rackspace /web/content/db/phpMyAdmin/themes/pmahomme/img eye.png
2013.02.04 11:35 B C:\inetpub\wwwroot\phpMyAdmin\themes\pmahomme\img\eye_grey.png <-- Schubert Rackspace /web/content/db/phpMyAdmin/themes/pmahomme/img eye_grey.png
2013.02.04 11:35 B C:\inetpub\wwwroot\phpMyAdmin\themes\pmahomme\img\input_bg.gif <-- Schubert Rackspace /web/content/db/phpMyAdmin/themes/pmahomme/img input_bg.gif
2013.02.04 11:35 B C:\inetpub\wwwroot\phpMyAdmin\themes\pmahomme\img\item.png <-- Schubert Rackspace /web/content/db/phpMyAdmin/themes/pmahomme/img item.png
2013.02.04 11:35 B C:\inetpub\wwwroot\phpMyAdmin\themes\pmahomme\img\item_ltr.png <-- Schubert Rackspace /web/content/db/phpMyAdmin/themes/pmahomme/img item_ltr.png
2013.02.04 11:35 B C:\inetpub\wwwroot\phpMyAdmin\themes\pmahomme\img\item_rtl.png <-- Schubert Rackspace /web/content/db/phpMyAdmin/themes/pmahomme/img item_rtl.png
2013.02.04 11:35 B C:\inetpub\wwwroot\phpMyAdmin\themes\pmahomme\img\left_nav_bg.png <-- Schubert Rackspace /web/content/db/phpMyAdmin/themes/pmahomme/img left_nav_bg.png
2013.02.04 11:35 B C:\inetpub\wwwroot\phpMyAdmin\themes\pmahomme\img\logo_left.png <-- Schubert Rackspace /web/content/db/phpMyAdmin/themes/pmahomme/img logo_left.png
2013.02.04 11:35 B C:\inetpub\wwwroot\phpMyAdmin\themes\pmahomme\img\logo_right.png <-- Schubert Rackspace /web/content/db/phpMyAdmin/themes/pmahomme/img logo_right.png
2013.02.04 11:35 B C:\inetpub\wwwroot\phpMyAdmin\themes\pmahomme\img\marked_bg.png <-- Schubert Rackspace /web/content/db/phpMyAdmin/themes/pmahomme/img marked_bg.png
2013.02.04 11:35 B C:\inetpub\wwwroot\phpMyAdmin\themes\pmahomme\img\more.png <-- Schubert Rackspace /web/content/db/phpMyAdmin/themes/pmahomme/img more.png
2013.02.04 11:35 B C:\inetpub\wwwroot\phpMyAdmin\themes\pmahomme\img\new_data.png <-- Schubert Rackspace /web/content/db/phpMyAdmin/themes/pmahomme/img new_data.png
2013.02.04 11:35 B C:\inetpub\wwwroot\phpMyAdmin\themes\pmahomme\img\new_data_hovered.png <-- Schubert Rackspace /web/content/db/phpMyAdmin/themes/pmahomme/img new_data_hovered.png
2013.02.04 11:35 B C:\inetpub\wwwroot\phpMyAdmin\themes\pmahomme\img\new_data_selected.png <-- Schubert Rackspace /web/content/db/phpMyAdmin/themes/pmahomme/img new_data_selected.png
2013.02.04 11:35 B C:\inetpub\wwwroot\phpMyAdmin\themes\pmahomme\img\new_data_selected_hovered.png <-- Schubert Rackspace /web/content/db/phpMyAdmin/themes/pmahomme/img new_data_selected_hovered.png
2013.02.04 11:35 B C:\inetpub\wwwroot\phpMyAdmin\themes\pmahomme\img\new_struct.png <-- Schubert Rackspace /web/content/db/phpMyAdmin/themes/pmahomme/img new_struct.png
2013.02.04 11:35 B C:\inetpub\wwwroot\phpMyAdmin\themes\pmahomme\img\new_struct_hovered.png <-- Schubert Rackspace /web/content/db/phpMyAdmin/themes/pmahomme/img new_struct_hovered.png
2013.02.04 11:35 B C:\inetpub\wwwroot\phpMyAdmin\themes\pmahomme\img\new_struct_selected.png <-- Schubert Rackspace /web/content/db/phpMyAdmin/themes/pmahomme/img new_struct_selected.png
2013.02.04 11:35 B C:\inetpub\wwwroot\phpMyAdmin\themes\pmahomme\img\new_struct_selected_hovered.png <-- Schubert Rackspace /web/content/db/phpMyAdmin/themes/pmahomme/img new_struct_selected_hovered.png
2013.02.04 11:35 B C:\inetpub\wwwroot\phpMyAdmin\themes\pmahomme\img\north-mini.png <-- Schubert Rackspace /web/content/db/phpMyAdmin/themes/pmahomme/img north-mini.png
2013.02.04 11:35 B C:\inetpub\wwwroot\phpMyAdmin\themes\pmahomme\img\pause.png <-- Schubert Rackspace /web/content/db/phpMyAdmin/themes/pmahomme/img pause.png
2013.02.04 11:35 B C:\inetpub\wwwroot\phpMyAdmin\themes\pmahomme\img\php_sym.png <-- Schubert Rackspace /web/content/db/phpMyAdmin/themes/pmahomme/img php_sym.png
2013.02.04 11:35 B C:\inetpub\wwwroot\phpMyAdmin\themes\pmahomme\img\play.png <-- Schubert Rackspace /web/content/db/phpMyAdmin/themes/pmahomme/img play.png
2013.02.04 11:35 B C:\inetpub\wwwroot\phpMyAdmin\themes\pmahomme\img\pma_logo2.png <-- Schubert Rackspace /web/content/db/phpMyAdmin/themes/pmahomme/img pma_logo2.png
2013.02.04 11:35 B C:\inetpub\wwwroot\phpMyAdmin\themes\pmahomme\img\s_asc.png <-- Schubert Rackspace /web/content/db/phpMyAdmin/themes/pmahomme/img s_asc.png
2013.02.04 11:35 B C:\inetpub\wwwroot\phpMyAdmin\themes\pmahomme\img\s_asci.png <-- Schubert Rackspace /web/content/db/phpMyAdmin/themes/pmahomme/img s_asci.png
2013.02.04 11:35 B C:\inetpub\wwwroot\phpMyAdmin\themes\pmahomme\img\s_attention.png <-- Schubert Rackspace /web/content/db/phpMyAdmin/themes/pmahomme/img s_attention.png
2013.02.04 11:35 B C:\inetpub\wwwroot\phpMyAdmin\themes\pmahomme\img\s_cancel.png <-- Schubert Rackspace /web/content/db/phpMyAdmin/themes/pmahomme/img s_cancel.png
2013.02.04 11:35 B C:\inetpub\wwwroot\phpMyAdmin\themes\pmahomme\img\s_cancel2.png <-- Schubert Rackspace /web/content/db/phpMyAdmin/themes/pmahomme/img s_cancel2.png
2013.02.04 11:35 B C:\inetpub\wwwroot\phpMyAdmin\themes\pmahomme\img\s_cog.png <-- Schubert Rackspace /web/content/db/phpMyAdmin/themes/pmahomme/img s_cog.png
2013.02.04 11:35 B C:\inetpub\wwwroot\phpMyAdmin\themes\pmahomme\img\s_db.png <-- Schubert Rackspace /web/content/db/phpMyAdmin/themes/pmahomme/img s_db.png
2013.02.04 11:35 B C:\inetpub\wwwroot\phpMyAdmin\themes\pmahomme\img\s_desc.png <-- Schubert Rackspace /web/content/db/phpMyAdmin/themes/pmahomme/img s_desc.png
2013.02.04 11:35 B C:\inetpub\wwwroot\phpMyAdmin\themes\pmahomme\img\s_error.png <-- Schubert Rackspace /web/content/db/phpMyAdmin/themes/pmahomme/img s_error.png
2013.02.04 11:35 B C:\inetpub\wwwroot\phpMyAdmin\themes\pmahomme\img\s_error2.png <-- Schubert Rackspace /web/content/db/phpMyAdmin/themes/pmahomme/img s_error2.png
2013.02.04 11:35 B C:\inetpub\wwwroot\phpMyAdmin\themes\pmahomme\img\s_fulltext.png <-- Schubert Rackspace /web/content/db/phpMyAdmin/themes/pmahomme/img s_fulltext.png
2013.02.04 11:35 B C:\inetpub\wwwroot\phpMyAdmin\themes\pmahomme\img\s_host.png <-- Schubert Rackspace /web/content/db/phpMyAdmin/themes/pmahomme/img s_host.png
2013.02.04 11:35 B C:\inetpub\wwwroot\phpMyAdmin\themes\pmahomme\img\s_info.png <-- Schubert Rackspace /web/content/db/phpMyAdmin/themes/pmahomme/img s_info.png
2013.02.04 11:35 B C:\inetpub\wwwroot\phpMyAdmin\themes\pmahomme\img\s_lang.png <-- Schubert Rackspace /web/content/db/phpMyAdmin/themes/pmahomme/img s_lang.png
2013.02.04 11:35 B C:\inetpub\wwwroot\phpMyAdmin\themes\pmahomme\img\s_loggoff.png <-- Schubert Rackspace /web/content/db/phpMyAdmin/themes/pmahomme/img s_loggoff.png
2013.02.04 11:35 B C:\inetpub\wwwroot\phpMyAdmin\themes\pmahomme\img\s_notice.png <-- Schubert Rackspace /web/content/db/phpMyAdmin/themes/pmahomme/img s_notice.png
2013.02.04 11:35 B C:\inetpub\wwwroot\phpMyAdmin\themes\pmahomme\img\s_okay.png <-- Schubert Rackspace /web/content/db/phpMyAdmin/themes/pmahomme/img s_okay.png
2013.02.04 11:35 B C:\inetpub\wwwroot\phpMyAdmin\themes\pmahomme\img\s_partialtext.png <-- Schubert Rackspace /web/content/db/phpMyAdmin/themes/pmahomme/img s_partialtext.png
2013.02.04 11:35 B C:\inetpub\wwwroot\phpMyAdmin\themes\pmahomme\img\s_passwd.png <-- Schubert Rackspace /web/content/db/phpMyAdmin/themes/pmahomme/img s_passwd.png
2013.02.04 11:35 B C:\inetpub\wwwroot\phpMyAdmin\themes\pmahomme\img\s_process.png <-- Schubert Rackspace /web/content/db/phpMyAdmin/themes/pmahomme/img s_process.png
2013.02.04 11:35 B C:\inetpub\wwwroot\phpMyAdmin\themes\pmahomme\img\s_really.png <-- Schubert Rackspace /web/content/db/phpMyAdmin/themes/pmahomme/img s_really.png
2013.02.04 11:35 B C:\inetpub\wwwroot\phpMyAdmin\themes\pmahomme\img\s_reload.png <-- Schubert Rackspace /web/content/db/phpMyAdmin/themes/pmahomme/img s_reload.png
2013.02.04 11:35 B C:\inetpub\wwwroot\phpMyAdmin\themes\pmahomme\img\s_replication.png <-- Schubert Rackspace /web/content/db/phpMyAdmin/themes/pmahomme/img s_replication.png
2013.02.04 11:35 B C:\inetpub\wwwroot\phpMyAdmin\themes\pmahomme\img\s_rights.png <-- Schubert Rackspace /web/content/db/phpMyAdmin/themes/pmahomme/img s_rights.png
2013.02.04 11:35 B C:\inetpub\wwwroot\phpMyAdmin\themes\pmahomme\img\s_sortable.png <-- Schubert Rackspace /web/content/db/phpMyAdmin/themes/pmahomme/img s_sortable.png
2013.02.04 11:35 B C:\inetpub\wwwroot\phpMyAdmin\themes\pmahomme\img\s_status.png <-- Schubert Rackspace /web/content/db/phpMyAdmin/themes/pmahomme/img s_status.png
2013.02.04 11:35 B C:\inetpub\wwwroot\phpMyAdmin\themes\pmahomme\img\s_success.png <-- Schubert Rackspace /web/content/db/phpMyAdmin/themes/pmahomme/img s_success.png
2013.02.04 11:35 B C:\inetpub\wwwroot\phpMyAdmin\themes\pmahomme\img\s_sync.png <-- Schubert Rackspace /web/content/db/phpMyAdmin/themes/pmahomme/img s_sync.png
2013.02.04 11:35 B C:\inetpub\wwwroot\phpMyAdmin\themes\pmahomme\img\s_tbl.png <-- Schubert Rackspace /web/content/db/phpMyAdmin/themes/pmahomme/img s_tbl.png
2013.02.04 11:35 B C:\inetpub\wwwroot\phpMyAdmin\themes\pmahomme\img\s_theme.png <-- Schubert Rackspace /web/content/db/phpMyAdmin/themes/pmahomme/img s_theme.png
2013.02.04 11:35 B C:\inetpub\wwwroot\phpMyAdmin\themes\pmahomme\img\s_vars.png <-- Schubert Rackspace /web/content/db/phpMyAdmin/themes/pmahomme/img s_vars.png
2013.02.04 11:35 B C:\inetpub\wwwroot\phpMyAdmin\themes\pmahomme\img\s_views.png <-- Schubert Rackspace /web/content/db/phpMyAdmin/themes/pmahomme/img s_views.png
2013.02.04 11:35 B C:\inetpub\wwwroot\phpMyAdmin\themes\pmahomme\img\south-mini.png <-- Schubert Rackspace /web/content/db/phpMyAdmin/themes/pmahomme/img south-mini.png
2013.02.04 11:35 B C:\inetpub\wwwroot\phpMyAdmin\themes\pmahomme\img\spacer.png <-- Schubert Rackspace /web/content/db/phpMyAdmin/themes/pmahomme/img spacer.png
2013.02.04 11:35 B C:\inetpub\wwwroot\phpMyAdmin\themes\pmahomme\img\sprites.png <-- Schubert Rackspace /web/content/db/phpMyAdmin/themes/pmahomme/img sprites.png
2013.02.04 11:35 B C:\inetpub\wwwroot\phpMyAdmin\themes\pmahomme\img\tab_bg.png <-- Schubert Rackspace /web/content/db/phpMyAdmin/themes/pmahomme/img tab_bg.png
2013.02.04 11:35 B C:\inetpub\wwwroot\phpMyAdmin\themes\pmahomme\img\tab_hover_bg.png <-- Schubert Rackspace /web/content/db/phpMyAdmin/themes/pmahomme/img tab_hover_bg.png
2013.02.04 11:35 B C:\inetpub\wwwroot\phpMyAdmin\themes\pmahomme\img\tabactive_bg.png <-- Schubert Rackspace /web/content/db/phpMyAdmin/themes/pmahomme/img tabactive_bg.png
2013.02.04 11:35 B C:\inetpub\wwwroot\phpMyAdmin\themes\pmahomme\img\toggle-ltr.png <-- Schubert Rackspace /web/content/db/phpMyAdmin/themes/pmahomme/img toggle-ltr.png
2013.02.04 11:35 B C:\inetpub\wwwroot\phpMyAdmin\themes\pmahomme\img\toggle-rtl.png <-- Schubert Rackspace /web/content/db/phpMyAdmin/themes/pmahomme/img toggle-rtl.png
2013.02.04 11:35 B C:\inetpub\wwwroot\phpMyAdmin\themes\pmahomme\img\vertical_line.png <-- Schubert Rackspace /web/content/db/phpMyAdmin/themes/pmahomme/img vertical_line.png
2013.02.04 11:35 B C:\inetpub\wwwroot\phpMyAdmin\themes\pmahomme\img\west-mini.png <-- Schubert Rackspace /web/content/db/phpMyAdmin/themes/pmahomme/img west-mini.png
2013.02.04 11:35 B C:\inetpub\wwwroot\phpMyAdmin\themes\pmahomme\img\window-new.png <-- Schubert Rackspace /web/content/db/phpMyAdmin/themes/pmahomme/img window-new.png
2013.02.04 11:35 B C:\inetpub\wwwroot\phpMyAdmin\themes\pmahomme\img\zoom-minus-mini.png <-- Schubert Rackspace /web/content/db/phpMyAdmin/themes/pmahomme/img zoom-minus-mini.png
2013.02.04 11:35 B C:\inetpub\wwwroot\phpMyAdmin\themes\pmahomme\img\zoom-plus-mini.png <-- Schubert Rackspace /web/content/db/phpMyAdmin/themes/pmahomme/img zoom-plus-mini.png
2013.02.04 11:35 B C:\inetpub\wwwroot\phpMyAdmin\themes\pmahomme\img\zoom-world-mini.png <-- Schubert Rackspace /web/content/db/phpMyAdmin/themes/pmahomme/img zoom-world-mini.png
