2012.07.25 12:17 B C:\Users\COBRIEN\Desktop\Schubert\libraries\joomla\filesystem\archive\bzip2.php <-- Schubert Rackspace /web/content/libraries/joomla/filesystem/archive bzip2.php
2012.07.25 12:17 B C:\Users\COBRIEN\Desktop\Schubert\libraries\joomla\filesystem\archive\gzip.php <-- Schubert Rackspace /web/content/libraries/joomla/filesystem/archive gzip.php
2012.07.25 12:17 B C:\Users\COBRIEN\Desktop\Schubert\libraries\joomla\filesystem\archive\index.html <-- Schubert Rackspace /web/content/libraries/joomla/filesystem/archive index.html
2012.07.25 12:17 B C:\Users\COBRIEN\Desktop\Schubert\libraries\joomla\filesystem\archive\tar.php <-- Schubert Rackspace /web/content/libraries/joomla/filesystem/archive tar.php
2012.07.25 12:17 B C:\Users\COBRIEN\Desktop\Schubert\libraries\joomla\filesystem\archive\zip.php <-- Schubert Rackspace /web/content/libraries/joomla/filesystem/archive zip.php
2012.09.04 10:54 B C:\inetpub\wwwroot\libraries\joomla\filesystem\archive\bzip2.php --> ftp3.ftptoyoursite.com /web/content/SITE-TEST/libraries/joomla/filesystem/archive bzip2.php
2012.09.04 10:54 B C:\inetpub\wwwroot\libraries\joomla\filesystem\archive\gzip.php --> ftp3.ftptoyoursite.com /web/content/SITE-TEST/libraries/joomla/filesystem/archive gzip.php
2012.09.04 10:54 B C:\inetpub\wwwroot\libraries\joomla\filesystem\archive\index.html --> ftp3.ftptoyoursite.com /web/content/SITE-TEST/libraries/joomla/filesystem/archive index.html
2012.09.04 10:54 B C:\inetpub\wwwroot\libraries\joomla\filesystem\archive\tar.php --> ftp3.ftptoyoursite.com /web/content/SITE-TEST/libraries/joomla/filesystem/archive tar.php
2012.09.04 10:54 B C:\inetpub\wwwroot\libraries\joomla\filesystem\archive\WS_FTP.LOG --> ftp3.ftptoyoursite.com /web/content/SITE-TEST/libraries/joomla/filesystem/archive WS_FTP.LOG
2012.09.04 10:54 B C:\inetpub\wwwroot\libraries\joomla\filesystem\archive\zip.php --> ftp3.ftptoyoursite.com /web/content/SITE-TEST/libraries/joomla/filesystem/archive zip.php
2012.09.06 15:12 B C:\inetpub\wwwroot\libraries\joomla\filesystem\archive\bzip2.php --> ftp3.ftptoyoursite.com /web/content/SITEBACKUP_962012/libraries/joomla/filesystem/archive bzip2.php
2012.09.06 15:12 B C:\inetpub\wwwroot\libraries\joomla\filesystem\archive\gzip.php --> ftp3.ftptoyoursite.com /web/content/SITEBACKUP_962012/libraries/joomla/filesystem/archive gzip.php
2012.09.06 15:12 B C:\inetpub\wwwroot\libraries\joomla\filesystem\archive\index.html --> ftp3.ftptoyoursite.com /web/content/SITEBACKUP_962012/libraries/joomla/filesystem/archive index.html
2012.09.06 15:12 B C:\inetpub\wwwroot\libraries\joomla\filesystem\archive\tar.php --> ftp3.ftptoyoursite.com /web/content/SITEBACKUP_962012/libraries/joomla/filesystem/archive tar.php
2012.09.06 15:12 B C:\inetpub\wwwroot\libraries\joomla\filesystem\archive\WS_FTP.LOG --> ftp3.ftptoyoursite.com /web/content/SITEBACKUP_962012/libraries/joomla/filesystem/archive WS_FTP.LOG
2012.09.06 15:12 B C:\inetpub\wwwroot\libraries\joomla\filesystem\archive\zip.php --> ftp3.ftptoyoursite.com /web/content/SITEBACKUP_962012/libraries/joomla/filesystem/archive zip.php
2012.10.23 09:15 B C:\inetpub\wwwroot\libraries\joomla\filesystem\archive\bzip2.php --> ftp3.ftptoyoursite.com /web/content/libraries/joomla/filesystem/archive bzip2.php
2012.10.23 09:15 B C:\inetpub\wwwroot\libraries\joomla\filesystem\archive\gzip.php --> ftp3.ftptoyoursite.com /web/content/libraries/joomla/filesystem/archive gzip.php
2012.10.23 09:15 B C:\inetpub\wwwroot\libraries\joomla\filesystem\archive\index.html --> ftp3.ftptoyoursite.com /web/content/libraries/joomla/filesystem/archive index.html
2012.10.23 09:15 B C:\inetpub\wwwroot\libraries\joomla\filesystem\archive\tar.php --> ftp3.ftptoyoursite.com /web/content/libraries/joomla/filesystem/archive tar.php
2012.10.23 09:15 B C:\inetpub\wwwroot\libraries\joomla\filesystem\archive\WS_FTP.LOG --> ftp3.ftptoyoursite.com /web/content/libraries/joomla/filesystem/archive WS_FTP.LOG
2012.10.23 09:15 B C:\inetpub\wwwroot\libraries\joomla\filesystem\archive\zip.php --> ftp3.ftptoyoursite.com /web/content/libraries/joomla/filesystem/archive zip.php
2013.02.01 14:54 B C:\inetpub\wwwroot\libraries\joomla\filesystem\archive\WS_FTP.LOG <-- Schubert Rackspace /web/content/libraries/joomla/filesystem/archive WS_FTP.LOG
2013.02.01 14:54 B C:\inetpub\wwwroot\libraries\joomla\filesystem\archive\zip.php <-- Schubert Rackspace /web/content/libraries/joomla/filesystem/archive zip.php
