2012.10.09 14:39 B C:\inetpub\wwwroot\templates\templatename\html\com_wrapper\wrapper\default.php <-- Schubert Rackspace /web/content/templates/templatename/html/com_wrapper/wrapper default.php
2012.10.09 14:39 B C:\inetpub\wwwroot\templates\templatename\html\com_wrapper\wrapper\investorframe.php <-- Schubert Rackspace /web/content/templates/templatename/html/com_wrapper/wrapper investorframe.php
2012.10.09 14:46 B C:\inetpub\wwwroot\templates\templatename\html\com_wrapper\wrapper\investorframe.php <-- Schubert Rackspace /web/content/templates/templatename/html/com_wrapper/wrapper investorframe.php
2012.10.09 14:46 B C:\inetpub\wwwroot\templates\templatename\html\com_wrapper\wrapper\default.php <-- Schubert Rackspace /web/content/templates/templatename/html/com_wrapper/wrapper default.php
2012.10.09 14:52 B C:\inetpub\wwwroot\templates\templatename\html\com_wrapper\wrapper\default.php <-- Schubert Rackspace /web/content/templates/templatename/html/com_wrapper/wrapper default.php
2012.10.09 14:52 B C:\inetpub\wwwroot\templates\templatename\html\com_wrapper\wrapper\investorframe.php <-- Schubert Rackspace /web/content/templates/templatename/html/com_wrapper/wrapper investorframe.php
2012.10.09 15:30 B C:\inetpub\wwwroot\templates\templatename\html\com_wrapper\wrapper\default.php <-- Schubert Rackspace /web/content/templates/templatename/html/com_wrapper/wrapper default.php
2012.10.09 15:30 B C:\inetpub\wwwroot\templates\templatename\html\com_wrapper\wrapper\investorframe.php <-- Schubert Rackspace /web/content/templates/templatename/html/com_wrapper/wrapper investorframe.php
2012.10.10 10:05 B C:\inetpub\wwwroot\templates\templatename\html\com_wrapper\wrapper\default.php <-- Schubert Rackspace /web/content/templates/templatename/html/com_wrapper/wrapper default.php
2012.10.10 10:05 B C:\inetpub\wwwroot\templates\templatename\html\com_wrapper\wrapper\default.php <-- Schubert Rackspace /web/content/templates/templatename/html/com_wrapper/wrapper default.php
2012.10.10 10:05 B C:\inetpub\wwwroot\templates\templatename\html\com_wrapper\wrapper\default.php <-- Schubert Rackspace /web/content/templates/templatename/html/com_wrapper/wrapper default.php
2012.10.10 10:05 B C:\inetpub\wwwroot\templates\templatename\html\com_wrapper\wrapper\default.php <-- Schubert Rackspace /web/content/templates/templatename/html/com_wrapper/wrapper default.php
2012.10.10 10:09 B C:\inetpub\wwwroot\templates\templatename\html\com_wrapper\wrapper\default.php <-- Schubert Rackspace /web/content/templates/templatename/html/com_wrapper/wrapper default.php
2012.10.10 10:09 B C:\inetpub\wwwroot\templates\templatename\html\com_wrapper\wrapper\default.php <-- Schubert Rackspace /web/content/templates/templatename/html/com_wrapper/wrapper default.php
2012.10.19 11:23 B C:\inetpub\wwwroot\templates\templatename\html\com_wrapper\wrapper\default.php <-- Schubert Rackspace /web/content/templates/templatename/html/com_wrapper/wrapper default.php
2012.10.23 09:19 B C:\inetpub\wwwroot\templates\templatename\html\com_wrapper\wrapper\default.php --> ftp3.ftptoyoursite.com /web/content/templates/templatename/html/com_wrapper/wrapper default.php
2012.10.23 09:19 B C:\inetpub\wwwroot\templates\templatename\html\com_wrapper\wrapper\investorframe.php --> ftp3.ftptoyoursite.com /web/content/templates/templatename/html/com_wrapper/wrapper investorframe.php
2012.10.23 09:19 B C:\inetpub\wwwroot\templates\templatename\html\com_wrapper\wrapper\WS_FTP.LOG --> ftp3.ftptoyoursite.com /web/content/templates/templatename/html/com_wrapper/wrapper WS_FTP.LOG
2013.02.01 15:04 B C:\inetpub\wwwroot\templates\templatename\html\com_wrapper\wrapper\WS_FTP.LOG <-- Schubert Rackspace /web/content/templates/templatename/html/com_wrapper/wrapper WS_FTP.LOG
2013.02.21 15:26 B C:\inetpub\wwwroot\templates\templatename\html\com_wrapper\wrapper\default.php <-- Schubert Rackspace /web/content/components/com_wrapper/views/wrapper/tmpl default.php
2013.02.22 08:29 B C:\inetpub\wwwroot\templates\templatename\html\com_wrapper\wrapper\default.php <-- Schubert Rackspace /web/content/components/com_wrapper/views/wrapper/tmpl default.php
