2012.07.25 12:18 B C:\Users\COBRIEN\Desktop\Schubert\media\editors\tinymce\jscripts\tiny_mce\utils\editable_selects.js <-- Schubert Rackspace /web/content/media/editors/tinymce/jscripts/tiny_mce/utils editable_selects.js
2012.07.25 12:18 B C:\Users\COBRIEN\Desktop\Schubert\media\editors\tinymce\jscripts\tiny_mce\utils\form_utils.js <-- Schubert Rackspace /web/content/media/editors/tinymce/jscripts/tiny_mce/utils form_utils.js
2012.07.25 12:18 B C:\Users\COBRIEN\Desktop\Schubert\media\editors\tinymce\jscripts\tiny_mce\utils\index.html <-- Schubert Rackspace /web/content/media/editors/tinymce/jscripts/tiny_mce/utils index.html
2012.07.25 12:18 B C:\Users\COBRIEN\Desktop\Schubert\media\editors\tinymce\jscripts\tiny_mce\utils\mctabs.js <-- Schubert Rackspace /web/content/media/editors/tinymce/jscripts/tiny_mce/utils mctabs.js
2012.07.25 12:18 B C:\Users\COBRIEN\Desktop\Schubert\media\editors\tinymce\jscripts\tiny_mce\utils\validate.js <-- Schubert Rackspace /web/content/media/editors/tinymce/jscripts/tiny_mce/utils validate.js
2012.09.04 10:55 B C:\inetpub\wwwroot\media\editors\tinymce\jscripts\tiny_mce\utils\editable_selects.js --> ftp3.ftptoyoursite.com /web/content/SITE-TEST/media/editors/tinymce/jscripts/tiny_mce/utils editable_selects.js
2012.09.04 10:55 B C:\inetpub\wwwroot\media\editors\tinymce\jscripts\tiny_mce\utils\form_utils.js --> ftp3.ftptoyoursite.com /web/content/SITE-TEST/media/editors/tinymce/jscripts/tiny_mce/utils form_utils.js
2012.09.04 10:55 B C:\inetpub\wwwroot\media\editors\tinymce\jscripts\tiny_mce\utils\index.html --> ftp3.ftptoyoursite.com /web/content/SITE-TEST/media/editors/tinymce/jscripts/tiny_mce/utils index.html
2012.09.04 10:55 B C:\inetpub\wwwroot\media\editors\tinymce\jscripts\tiny_mce\utils\mctabs.js --> ftp3.ftptoyoursite.com /web/content/SITE-TEST/media/editors/tinymce/jscripts/tiny_mce/utils mctabs.js
2012.09.04 10:55 B C:\inetpub\wwwroot\media\editors\tinymce\jscripts\tiny_mce\utils\validate.js --> ftp3.ftptoyoursite.com /web/content/SITE-TEST/media/editors/tinymce/jscripts/tiny_mce/utils validate.js
2012.09.04 10:55 B C:\inetpub\wwwroot\media\editors\tinymce\jscripts\tiny_mce\utils\WS_FTP.LOG --> ftp3.ftptoyoursite.com /web/content/SITE-TEST/media/editors/tinymce/jscripts/tiny_mce/utils WS_FTP.LOG
2012.09.06 15:14 B C:\inetpub\wwwroot\media\editors\tinymce\jscripts\tiny_mce\utils\editable_selects.js --> ftp3.ftptoyoursite.com /web/content/SITEBACKUP_962012/media/editors/tinymce/jscripts/tiny_mce/utils editable_selects.js
2012.09.06 15:14 B C:\inetpub\wwwroot\media\editors\tinymce\jscripts\tiny_mce\utils\form_utils.js --> ftp3.ftptoyoursite.com /web/content/SITEBACKUP_962012/media/editors/tinymce/jscripts/tiny_mce/utils form_utils.js
2012.09.06 15:14 B C:\inetpub\wwwroot\media\editors\tinymce\jscripts\tiny_mce\utils\index.html --> ftp3.ftptoyoursite.com /web/content/SITEBACKUP_962012/media/editors/tinymce/jscripts/tiny_mce/utils index.html
2012.09.06 15:14 B C:\inetpub\wwwroot\media\editors\tinymce\jscripts\tiny_mce\utils\mctabs.js --> ftp3.ftptoyoursite.com /web/content/SITEBACKUP_962012/media/editors/tinymce/jscripts/tiny_mce/utils mctabs.js
2012.09.06 15:14 B C:\inetpub\wwwroot\media\editors\tinymce\jscripts\tiny_mce\utils\validate.js --> ftp3.ftptoyoursite.com /web/content/SITEBACKUP_962012/media/editors/tinymce/jscripts/tiny_mce/utils validate.js
2012.09.06 15:14 B C:\inetpub\wwwroot\media\editors\tinymce\jscripts\tiny_mce\utils\WS_FTP.LOG --> ftp3.ftptoyoursite.com /web/content/SITEBACKUP_962012/media/editors/tinymce/jscripts/tiny_mce/utils WS_FTP.LOG
2012.10.23 09:16 B C:\inetpub\wwwroot\media\editors\tinymce\jscripts\tiny_mce\utils\editable_selects.js --> ftp3.ftptoyoursite.com /web/content/media/editors/tinymce/jscripts/tiny_mce/utils editable_selects.js
2012.10.23 09:16 B C:\inetpub\wwwroot\media\editors\tinymce\jscripts\tiny_mce\utils\form_utils.js --> ftp3.ftptoyoursite.com /web/content/media/editors/tinymce/jscripts/tiny_mce/utils form_utils.js
2012.10.23 09:16 B C:\inetpub\wwwroot\media\editors\tinymce\jscripts\tiny_mce\utils\index.html --> ftp3.ftptoyoursite.com /web/content/media/editors/tinymce/jscripts/tiny_mce/utils index.html
2012.10.23 09:16 B C:\inetpub\wwwroot\media\editors\tinymce\jscripts\tiny_mce\utils\mctabs.js --> ftp3.ftptoyoursite.com /web/content/media/editors/tinymce/jscripts/tiny_mce/utils mctabs.js
2012.10.23 09:16 B C:\inetpub\wwwroot\media\editors\tinymce\jscripts\tiny_mce\utils\validate.js --> ftp3.ftptoyoursite.com /web/content/media/editors/tinymce/jscripts/tiny_mce/utils validate.js
2012.10.23 09:16 B C:\inetpub\wwwroot\media\editors\tinymce\jscripts\tiny_mce\utils\WS_FTP.LOG --> ftp3.ftptoyoursite.com /web/content/media/editors/tinymce/jscripts/tiny_mce/utils WS_FTP.LOG
2013.02.01 14:55 B C:\inetpub\wwwroot\media\editors\tinymce\jscripts\tiny_mce\utils\WS_FTP.LOG <-- Schubert Rackspace /web/content/media/editors/tinymce/jscripts/tiny_mce/utils WS_FTP.LOG
