2012.07.25 12:10 B C:\Users\COBRIEN\Desktop\Schubert\administrator\components\com_acesearch\extensions\com_banners.php <-- Schubert Rackspace /web/content/administrator/components/com_acesearch/extensions com_banners.php
2012.07.25 12:10 B C:\Users\COBRIEN\Desktop\Schubert\administrator\components\com_acesearch\extensions\com_banners.xml <-- Schubert Rackspace /web/content/administrator/components/com_acesearch/extensions com_banners.xml
2012.07.25 12:10 B C:\Users\COBRIEN\Desktop\Schubert\administrator\components\com_acesearch\extensions\com_components.php <-- Schubert Rackspace /web/content/administrator/components/com_acesearch/extensions com_components.php
2012.07.25 12:10 B C:\Users\COBRIEN\Desktop\Schubert\administrator\components\com_acesearch\extensions\com_components.xml <-- Schubert Rackspace /web/content/administrator/components/com_acesearch/extensions com_components.xml
2012.07.25 12:10 B C:\Users\COBRIEN\Desktop\Schubert\administrator\components\com_acesearch\extensions\com_content.php <-- Schubert Rackspace /web/content/administrator/components/com_acesearch/extensions com_content.php
2012.07.25 12:10 B C:\Users\COBRIEN\Desktop\Schubert\administrator\components\com_acesearch\extensions\com_content.xml <-- Schubert Rackspace /web/content/administrator/components/com_acesearch/extensions com_content.xml
2012.07.25 12:10 B C:\Users\COBRIEN\Desktop\Schubert\administrator\components\com_acesearch\extensions\com_jdownloads.php <-- Schubert Rackspace /web/content/administrator/components/com_acesearch/extensions com_jdownloads.php
2012.07.25 12:10 B C:\Users\COBRIEN\Desktop\Schubert\administrator\components\com_acesearch\extensions\com_jdownloads.xml <-- Schubert Rackspace /web/content/administrator/components/com_acesearch/extensions com_jdownloads.xml
2012.07.25 12:10 B C:\Users\COBRIEN\Desktop\Schubert\administrator\components\com_acesearch\extensions\com_menus.php <-- Schubert Rackspace /web/content/administrator/components/com_acesearch/extensions com_menus.php
2012.07.25 12:10 B C:\Users\COBRIEN\Desktop\Schubert\administrator\components\com_acesearch\extensions\com_menus.xml <-- Schubert Rackspace /web/content/administrator/components/com_acesearch/extensions com_menus.xml
2012.07.25 12:10 B C:\Users\COBRIEN\Desktop\Schubert\administrator\components\com_acesearch\extensions\com_modules.php <-- Schubert Rackspace /web/content/administrator/components/com_acesearch/extensions com_modules.php
2012.07.25 12:10 B C:\Users\COBRIEN\Desktop\Schubert\administrator\components\com_acesearch\extensions\com_modules.xml <-- Schubert Rackspace /web/content/administrator/components/com_acesearch/extensions com_modules.xml
2012.07.25 12:10 B C:\Users\COBRIEN\Desktop\Schubert\administrator\components\com_acesearch\extensions\com_newsfeeds.php <-- Schubert Rackspace /web/content/administrator/components/com_acesearch/extensions com_newsfeeds.php
2012.07.25 12:10 B C:\Users\COBRIEN\Desktop\Schubert\administrator\components\com_acesearch\extensions\com_newsfeeds.xml <-- Schubert Rackspace /web/content/administrator/components/com_acesearch/extensions com_newsfeeds.xml
2012.07.25 12:10 B C:\Users\COBRIEN\Desktop\Schubert\administrator\components\com_acesearch\extensions\com_plugins.php <-- Schubert Rackspace /web/content/administrator/components/com_acesearch/extensions com_plugins.php
2012.07.25 12:10 B C:\Users\COBRIEN\Desktop\Schubert\administrator\components\com_acesearch\extensions\com_plugins.xml <-- Schubert Rackspace /web/content/administrator/components/com_acesearch/extensions com_plugins.xml
2012.07.25 12:10 B C:\Users\COBRIEN\Desktop\Schubert\administrator\components\com_acesearch\extensions\com_users.php <-- Schubert Rackspace /web/content/administrator/components/com_acesearch/extensions com_users.php
2012.07.25 12:10 B C:\Users\COBRIEN\Desktop\Schubert\administrator\components\com_acesearch\extensions\com_users.xml <-- Schubert Rackspace /web/content/administrator/components/com_acesearch/extensions com_users.xml
2012.07.25 12:10 B C:\Users\COBRIEN\Desktop\Schubert\administrator\components\com_acesearch\extensions\com_weblinks.php <-- Schubert Rackspace /web/content/administrator/components/com_acesearch/extensions com_weblinks.php
2012.07.25 12:10 B C:\Users\COBRIEN\Desktop\Schubert\administrator\components\com_acesearch\extensions\com_weblinks.xml <-- Schubert Rackspace /web/content/administrator/components/com_acesearch/extensions com_weblinks.xml
2012.07.25 12:10 B C:\Users\COBRIEN\Desktop\Schubert\administrator\components\com_acesearch\extensions\default_params.xml <-- Schubert Rackspace /web/content/administrator/components/com_acesearch/extensions default_params.xml
2012.09.04 10:43 B C:\inetpub\wwwroot\administrator\components\com_acesearch\extensions\com_banners.php --> ftp3.ftptoyoursite.com /web/content/SITE-TEST/administrator/components/com_acesearch/extensions com_banners.php
2012.09.04 10:43 B C:\inetpub\wwwroot\administrator\components\com_acesearch\extensions\com_banners.xml --> ftp3.ftptoyoursite.com /web/content/SITE-TEST/administrator/components/com_acesearch/extensions com_banners.xml
2012.09.04 10:43 B C:\inetpub\wwwroot\administrator\components\com_acesearch\extensions\com_components.php --> ftp3.ftptoyoursite.com /web/content/SITE-TEST/administrator/components/com_acesearch/extensions com_components.php
2012.09.04 10:43 B C:\inetpub\wwwroot\administrator\components\com_acesearch\extensions\com_components.xml --> ftp3.ftptoyoursite.com /web/content/SITE-TEST/administrator/components/com_acesearch/extensions com_components.xml
2012.09.04 10:43 B C:\inetpub\wwwroot\administrator\components\com_acesearch\extensions\com_content.php --> ftp3.ftptoyoursite.com /web/content/SITE-TEST/administrator/components/com_acesearch/extensions com_content.php
2012.09.04 10:43 B C:\inetpub\wwwroot\administrator\components\com_acesearch\extensions\com_content.xml --> ftp3.ftptoyoursite.com /web/content/SITE-TEST/administrator/components/com_acesearch/extensions com_content.xml
2012.09.04 10:43 B C:\inetpub\wwwroot\administrator\components\com_acesearch\extensions\com_jdownloads.php --> ftp3.ftptoyoursite.com /web/content/SITE-TEST/administrator/components/com_acesearch/extensions com_jdownloads.php
2012.09.04 10:43 B C:\inetpub\wwwroot\administrator\components\com_acesearch\extensions\com_jdownloads.xml --> ftp3.ftptoyoursite.com /web/content/SITE-TEST/administrator/components/com_acesearch/extensions com_jdownloads.xml
2012.09.04 10:43 B C:\inetpub\wwwroot\administrator\components\com_acesearch\extensions\com_menus.php --> ftp3.ftptoyoursite.com /web/content/SITE-TEST/administrator/components/com_acesearch/extensions com_menus.php
2012.09.04 10:43 B C:\inetpub\wwwroot\administrator\components\com_acesearch\extensions\com_menus.xml --> ftp3.ftptoyoursite.com /web/content/SITE-TEST/administrator/components/com_acesearch/extensions com_menus.xml
2012.09.04 10:43 B C:\inetpub\wwwroot\administrator\components\com_acesearch\extensions\com_modules.php --> ftp3.ftptoyoursite.com /web/content/SITE-TEST/administrator/components/com_acesearch/extensions com_modules.php
2012.09.04 10:43 B C:\inetpub\wwwroot\administrator\components\com_acesearch\extensions\com_modules.xml --> ftp3.ftptoyoursite.com /web/content/SITE-TEST/administrator/components/com_acesearch/extensions com_modules.xml
2012.09.04 10:43 B C:\inetpub\wwwroot\administrator\components\com_acesearch\extensions\com_newsfeeds.php --> ftp3.ftptoyoursite.com /web/content/SITE-TEST/administrator/components/com_acesearch/extensions com_newsfeeds.php
2012.09.04 10:43 B C:\inetpub\wwwroot\administrator\components\com_acesearch\extensions\com_newsfeeds.xml --> ftp3.ftptoyoursite.com /web/content/SITE-TEST/administrator/components/com_acesearch/extensions com_newsfeeds.xml
2012.09.04 10:43 B C:\inetpub\wwwroot\administrator\components\com_acesearch\extensions\com_plugins.php --> ftp3.ftptoyoursite.com /web/content/SITE-TEST/administrator/components/com_acesearch/extensions com_plugins.php
2012.09.04 10:43 B C:\inetpub\wwwroot\administrator\components\com_acesearch\extensions\com_plugins.xml --> ftp3.ftptoyoursite.com /web/content/SITE-TEST/administrator/components/com_acesearch/extensions com_plugins.xml
2012.09.04 10:43 B C:\inetpub\wwwroot\administrator\components\com_acesearch\extensions\com_users.php --> ftp3.ftptoyoursite.com /web/content/SITE-TEST/administrator/components/com_acesearch/extensions com_users.php
2012.09.04 10:43 B C:\inetpub\wwwroot\administrator\components\com_acesearch\extensions\com_users.xml --> ftp3.ftptoyoursite.com /web/content/SITE-TEST/administrator/components/com_acesearch/extensions com_users.xml
2012.09.04 10:43 B C:\inetpub\wwwroot\administrator\components\com_acesearch\extensions\com_weblinks.php --> ftp3.ftptoyoursite.com /web/content/SITE-TEST/administrator/components/com_acesearch/extensions com_weblinks.php
2012.09.04 10:43 B C:\inetpub\wwwroot\administrator\components\com_acesearch\extensions\com_weblinks.xml --> ftp3.ftptoyoursite.com /web/content/SITE-TEST/administrator/components/com_acesearch/extensions com_weblinks.xml
2012.09.04 10:43 B C:\inetpub\wwwroot\administrator\components\com_acesearch\extensions\default_params.xml --> ftp3.ftptoyoursite.com /web/content/SITE-TEST/administrator/components/com_acesearch/extensions default_params.xml
2012.09.04 10:43 B C:\inetpub\wwwroot\administrator\components\com_acesearch\extensions\index.html --> ftp3.ftptoyoursite.com /web/content/SITE-TEST/administrator/components/com_acesearch/extensions index.html
2012.09.04 10:43 B C:\inetpub\wwwroot\administrator\components\com_acesearch\extensions\WS_FTP.LOG --> ftp3.ftptoyoursite.com /web/content/SITE-TEST/administrator/components/com_acesearch/extensions WS_FTP.LOG
2012.09.06 14:57 B C:\inetpub\wwwroot\administrator\components\com_acesearch\extensions\com_banners.php --> ftp3.ftptoyoursite.com /web/content/SITEBACKUP_962012/administrator/components/com_acesearch/extensions com_banners.php
2012.09.06 14:57 B C:\inetpub\wwwroot\administrator\components\com_acesearch\extensions\com_banners.xml --> ftp3.ftptoyoursite.com /web/content/SITEBACKUP_962012/administrator/components/com_acesearch/extensions com_banners.xml
2012.09.06 14:57 B C:\inetpub\wwwroot\administrator\components\com_acesearch\extensions\com_components.php --> ftp3.ftptoyoursite.com /web/content/SITEBACKUP_962012/administrator/components/com_acesearch/extensions com_components.php
2012.09.06 14:57 B C:\inetpub\wwwroot\administrator\components\com_acesearch\extensions\com_components.xml --> ftp3.ftptoyoursite.com /web/content/SITEBACKUP_962012/administrator/components/com_acesearch/extensions com_components.xml
2012.09.06 14:57 B C:\inetpub\wwwroot\administrator\components\com_acesearch\extensions\com_content.php --> ftp3.ftptoyoursite.com /web/content/SITEBACKUP_962012/administrator/components/com_acesearch/extensions com_content.php
2012.09.06 14:57 B C:\inetpub\wwwroot\administrator\components\com_acesearch\extensions\com_content.xml --> ftp3.ftptoyoursite.com /web/content/SITEBACKUP_962012/administrator/components/com_acesearch/extensions com_content.xml
2012.09.06 14:57 B C:\inetpub\wwwroot\administrator\components\com_acesearch\extensions\com_jdownloads.php --> ftp3.ftptoyoursite.com /web/content/SITEBACKUP_962012/administrator/components/com_acesearch/extensions com_jdownloads.php
2012.09.06 14:57 B C:\inetpub\wwwroot\administrator\components\com_acesearch\extensions\com_jdownloads.xml --> ftp3.ftptoyoursite.com /web/content/SITEBACKUP_962012/administrator/components/com_acesearch/extensions com_jdownloads.xml
2012.09.06 14:57 B C:\inetpub\wwwroot\administrator\components\com_acesearch\extensions\com_menus.php --> ftp3.ftptoyoursite.com /web/content/SITEBACKUP_962012/administrator/components/com_acesearch/extensions com_menus.php
2012.09.06 14:57 B C:\inetpub\wwwroot\administrator\components\com_acesearch\extensions\com_menus.xml --> ftp3.ftptoyoursite.com /web/content/SITEBACKUP_962012/administrator/components/com_acesearch/extensions com_menus.xml
2012.09.06 14:57 B C:\inetpub\wwwroot\administrator\components\com_acesearch\extensions\com_modules.php --> ftp3.ftptoyoursite.com /web/content/SITEBACKUP_962012/administrator/components/com_acesearch/extensions com_modules.php
2012.09.06 14:57 B C:\inetpub\wwwroot\administrator\components\com_acesearch\extensions\com_modules.xml --> ftp3.ftptoyoursite.com /web/content/SITEBACKUP_962012/administrator/components/com_acesearch/extensions com_modules.xml
2012.09.06 14:57 B C:\inetpub\wwwroot\administrator\components\com_acesearch\extensions\com_newsfeeds.php --> ftp3.ftptoyoursite.com /web/content/SITEBACKUP_962012/administrator/components/com_acesearch/extensions com_newsfeeds.php
2012.09.06 14:57 B C:\inetpub\wwwroot\administrator\components\com_acesearch\extensions\com_newsfeeds.xml --> ftp3.ftptoyoursite.com /web/content/SITEBACKUP_962012/administrator/components/com_acesearch/extensions com_newsfeeds.xml
2012.09.06 14:57 B C:\inetpub\wwwroot\administrator\components\com_acesearch\extensions\com_plugins.php --> ftp3.ftptoyoursite.com /web/content/SITEBACKUP_962012/administrator/components/com_acesearch/extensions com_plugins.php
2012.09.06 14:57 B C:\inetpub\wwwroot\administrator\components\com_acesearch\extensions\com_plugins.xml --> ftp3.ftptoyoursite.com /web/content/SITEBACKUP_962012/administrator/components/com_acesearch/extensions com_plugins.xml
2012.09.06 14:57 B C:\inetpub\wwwroot\administrator\components\com_acesearch\extensions\com_users.php --> ftp3.ftptoyoursite.com /web/content/SITEBACKUP_962012/administrator/components/com_acesearch/extensions com_users.php
2012.09.06 14:57 B C:\inetpub\wwwroot\administrator\components\com_acesearch\extensions\com_users.xml --> ftp3.ftptoyoursite.com /web/content/SITEBACKUP_962012/administrator/components/com_acesearch/extensions com_users.xml
2012.09.06 14:57 B C:\inetpub\wwwroot\administrator\components\com_acesearch\extensions\com_weblinks.php --> ftp3.ftptoyoursite.com /web/content/SITEBACKUP_962012/administrator/components/com_acesearch/extensions com_weblinks.php
2012.09.06 14:57 B C:\inetpub\wwwroot\administrator\components\com_acesearch\extensions\com_weblinks.xml --> ftp3.ftptoyoursite.com /web/content/SITEBACKUP_962012/administrator/components/com_acesearch/extensions com_weblinks.xml
2012.09.06 14:57 B C:\inetpub\wwwroot\administrator\components\com_acesearch\extensions\default_params.xml --> ftp3.ftptoyoursite.com /web/content/SITEBACKUP_962012/administrator/components/com_acesearch/extensions default_params.xml
2012.09.06 14:57 B C:\inetpub\wwwroot\administrator\components\com_acesearch\extensions\index.html --> ftp3.ftptoyoursite.com /web/content/SITEBACKUP_962012/administrator/components/com_acesearch/extensions index.html
2012.09.06 14:57 B C:\inetpub\wwwroot\administrator\components\com_acesearch\extensions\WS_FTP.LOG --> ftp3.ftptoyoursite.com /web/content/SITEBACKUP_962012/administrator/components/com_acesearch/extensions WS_FTP.LOG
2012.09.06 15:20 B C:\inetpub\wwwroot\administrator\components\com_acesearch\extensions\com_banners.php <-- Schubert Rackspace /web/content/administrator/components/com_acesearch/extensions com_banners.php
2012.09.06 15:20 B C:\inetpub\wwwroot\administrator\components\com_acesearch\extensions\com_banners.xml <-- Schubert Rackspace /web/content/administrator/components/com_acesearch/extensions com_banners.xml
2012.09.06 15:20 B C:\inetpub\wwwroot\administrator\components\com_acesearch\extensions\com_components.php <-- Schubert Rackspace /web/content/administrator/components/com_acesearch/extensions com_components.php
2012.09.06 15:20 B C:\inetpub\wwwroot\administrator\components\com_acesearch\extensions\com_components.xml <-- Schubert Rackspace /web/content/administrator/components/com_acesearch/extensions com_components.xml
2012.09.06 15:20 B C:\inetpub\wwwroot\administrator\components\com_acesearch\extensions\com_content.php <-- Schubert Rackspace /web/content/administrator/components/com_acesearch/extensions com_content.php
2012.09.06 15:20 B C:\inetpub\wwwroot\administrator\components\com_acesearch\extensions\com_content.xml <-- Schubert Rackspace /web/content/administrator/components/com_acesearch/extensions com_content.xml
2012.09.06 15:20 B C:\inetpub\wwwroot\administrator\components\com_acesearch\extensions\com_jdownloads.php <-- Schubert Rackspace /web/content/administrator/components/com_acesearch/extensions com_jdownloads.php
2012.09.06 15:20 B C:\inetpub\wwwroot\administrator\components\com_acesearch\extensions\com_jdownloads.xml <-- Schubert Rackspace /web/content/administrator/components/com_acesearch/extensions com_jdownloads.xml
2012.09.06 15:20 B C:\inetpub\wwwroot\administrator\components\com_acesearch\extensions\com_menus.php <-- Schubert Rackspace /web/content/administrator/components/com_acesearch/extensions com_menus.php
2012.09.06 15:20 B C:\inetpub\wwwroot\administrator\components\com_acesearch\extensions\com_menus.xml <-- Schubert Rackspace /web/content/administrator/components/com_acesearch/extensions com_menus.xml
2012.09.06 15:20 B C:\inetpub\wwwroot\administrator\components\com_acesearch\extensions\com_modules.php <-- Schubert Rackspace /web/content/administrator/components/com_acesearch/extensions com_modules.php
2012.09.06 15:20 B C:\inetpub\wwwroot\administrator\components\com_acesearch\extensions\com_modules.xml <-- Schubert Rackspace /web/content/administrator/components/com_acesearch/extensions com_modules.xml
2012.09.06 15:20 B C:\inetpub\wwwroot\administrator\components\com_acesearch\extensions\com_newsfeeds.php <-- Schubert Rackspace /web/content/administrator/components/com_acesearch/extensions com_newsfeeds.php
2012.09.06 15:20 B C:\inetpub\wwwroot\administrator\components\com_acesearch\extensions\com_newsfeeds.xml <-- Schubert Rackspace /web/content/administrator/components/com_acesearch/extensions com_newsfeeds.xml
2012.09.06 15:20 B C:\inetpub\wwwroot\administrator\components\com_acesearch\extensions\com_plugins.php <-- Schubert Rackspace /web/content/administrator/components/com_acesearch/extensions com_plugins.php
2012.09.06 15:20 B C:\inetpub\wwwroot\administrator\components\com_acesearch\extensions\com_plugins.xml <-- Schubert Rackspace /web/content/administrator/components/com_acesearch/extensions com_plugins.xml
2012.09.06 15:20 B C:\inetpub\wwwroot\administrator\components\com_acesearch\extensions\com_users.php <-- Schubert Rackspace /web/content/administrator/components/com_acesearch/extensions com_users.php
2012.09.06 15:20 B C:\inetpub\wwwroot\administrator\components\com_acesearch\extensions\com_users.xml <-- Schubert Rackspace /web/content/administrator/components/com_acesearch/extensions com_users.xml
2012.09.06 15:20 B C:\inetpub\wwwroot\administrator\components\com_acesearch\extensions\com_weblinks.php <-- Schubert Rackspace /web/content/administrator/components/com_acesearch/extensions com_weblinks.php
2012.09.06 15:20 B C:\inetpub\wwwroot\administrator\components\com_acesearch\extensions\com_weblinks.xml <-- Schubert Rackspace /web/content/administrator/components/com_acesearch/extensions com_weblinks.xml
2012.09.06 15:20 B C:\inetpub\wwwroot\administrator\components\com_acesearch\extensions\default_params.xml <-- Schubert Rackspace /web/content/administrator/components/com_acesearch/extensions default_params.xml
2012.09.06 15:43 B C:\inetpub\wwwroot\administrator\components\com_acesearch\extensions\com_banners.php <-- Schubert Rackspace /web/content/SITEBACKUP_962012/administrator/components/com_acesearch/extensions com_banners.php
2012.09.06 15:43 B C:\inetpub\wwwroot\administrator\components\com_acesearch\extensions\com_banners.xml <-- Schubert Rackspace /web/content/SITEBACKUP_962012/administrator/components/com_acesearch/extensions com_banners.xml
2012.09.06 15:43 B C:\inetpub\wwwroot\administrator\components\com_acesearch\extensions\com_components.php <-- Schubert Rackspace /web/content/SITEBACKUP_962012/administrator/components/com_acesearch/extensions com_components.php
2012.09.06 15:43 B C:\inetpub\wwwroot\administrator\components\com_acesearch\extensions\com_components.xml <-- Schubert Rackspace /web/content/SITEBACKUP_962012/administrator/components/com_acesearch/extensions com_components.xml
2012.09.06 15:43 B C:\inetpub\wwwroot\administrator\components\com_acesearch\extensions\com_content.php <-- Schubert Rackspace /web/content/SITEBACKUP_962012/administrator/components/com_acesearch/extensions com_content.php
2012.09.06 15:43 B C:\inetpub\wwwroot\administrator\components\com_acesearch\extensions\com_content.xml <-- Schubert Rackspace /web/content/SITEBACKUP_962012/administrator/components/com_acesearch/extensions com_content.xml
2012.09.06 15:43 B C:\inetpub\wwwroot\administrator\components\com_acesearch\extensions\com_jdownloads.php <-- Schubert Rackspace /web/content/SITEBACKUP_962012/administrator/components/com_acesearch/extensions com_jdownloads.php
2012.09.06 15:43 B C:\inetpub\wwwroot\administrator\components\com_acesearch\extensions\com_jdownloads.xml <-- Schubert Rackspace /web/content/SITEBACKUP_962012/administrator/components/com_acesearch/extensions com_jdownloads.xml
2012.09.06 15:43 B C:\inetpub\wwwroot\administrator\components\com_acesearch\extensions\com_menus.php <-- Schubert Rackspace /web/content/SITEBACKUP_962012/administrator/components/com_acesearch/extensions com_menus.php
2012.09.06 15:43 B C:\inetpub\wwwroot\administrator\components\com_acesearch\extensions\com_menus.xml <-- Schubert Rackspace /web/content/SITEBACKUP_962012/administrator/components/com_acesearch/extensions com_menus.xml
2012.09.06 15:43 B C:\inetpub\wwwroot\administrator\components\com_acesearch\extensions\com_modules.php <-- Schubert Rackspace /web/content/SITEBACKUP_962012/administrator/components/com_acesearch/extensions com_modules.php
2012.09.06 15:43 B C:\inetpub\wwwroot\administrator\components\com_acesearch\extensions\com_modules.xml <-- Schubert Rackspace /web/content/SITEBACKUP_962012/administrator/components/com_acesearch/extensions com_modules.xml
2012.09.06 15:43 B C:\inetpub\wwwroot\administrator\components\com_acesearch\extensions\com_newsfeeds.php <-- Schubert Rackspace /web/content/SITEBACKUP_962012/administrator/components/com_acesearch/extensions com_newsfeeds.php
2012.09.06 15:43 B C:\inetpub\wwwroot\administrator\components\com_acesearch\extensions\com_newsfeeds.xml <-- Schubert Rackspace /web/content/SITEBACKUP_962012/administrator/components/com_acesearch/extensions com_newsfeeds.xml
2012.09.06 15:43 B C:\inetpub\wwwroot\administrator\components\com_acesearch\extensions\com_plugins.php <-- Schubert Rackspace /web/content/SITEBACKUP_962012/administrator/components/com_acesearch/extensions com_plugins.php
2012.09.06 15:43 B C:\inetpub\wwwroot\administrator\components\com_acesearch\extensions\com_plugins.xml <-- Schubert Rackspace /web/content/SITEBACKUP_962012/administrator/components/com_acesearch/extensions com_plugins.xml
2012.09.06 15:43 B C:\inetpub\wwwroot\administrator\components\com_acesearch\extensions\com_users.php <-- Schubert Rackspace /web/content/SITEBACKUP_962012/administrator/components/com_acesearch/extensions com_users.php
2012.09.06 15:43 B C:\inetpub\wwwroot\administrator\components\com_acesearch\extensions\com_users.xml <-- Schubert Rackspace /web/content/SITEBACKUP_962012/administrator/components/com_acesearch/extensions com_users.xml
2012.09.06 15:43 B C:\inetpub\wwwroot\administrator\components\com_acesearch\extensions\com_weblinks.php <-- Schubert Rackspace /web/content/SITEBACKUP_962012/administrator/components/com_acesearch/extensions com_weblinks.php
2012.09.06 15:43 B C:\inetpub\wwwroot\administrator\components\com_acesearch\extensions\com_weblinks.xml <-- Schubert Rackspace /web/content/SITEBACKUP_962012/administrator/components/com_acesearch/extensions com_weblinks.xml
2012.09.06 15:43 B C:\inetpub\wwwroot\administrator\components\com_acesearch\extensions\default_params.xml <-- Schubert Rackspace /web/content/SITEBACKUP_962012/administrator/components/com_acesearch/extensions default_params.xml
2012.10.23 09:03 B C:\inetpub\wwwroot\administrator\components\com_acesearch\extensions\com_banners.php --> ftp3.ftptoyoursite.com /web/content/administrator/components/com_acesearch/extensions com_banners.php
2012.10.23 09:03 B C:\inetpub\wwwroot\administrator\components\com_acesearch\extensions\com_banners.xml --> ftp3.ftptoyoursite.com /web/content/administrator/components/com_acesearch/extensions com_banners.xml
2012.10.23 09:03 B C:\inetpub\wwwroot\administrator\components\com_acesearch\extensions\com_components.php --> ftp3.ftptoyoursite.com /web/content/administrator/components/com_acesearch/extensions com_components.php
2012.10.23 09:03 B C:\inetpub\wwwroot\administrator\components\com_acesearch\extensions\com_components.xml --> ftp3.ftptoyoursite.com /web/content/administrator/components/com_acesearch/extensions com_components.xml
2012.10.23 09:03 B C:\inetpub\wwwroot\administrator\components\com_acesearch\extensions\com_content.php --> ftp3.ftptoyoursite.com /web/content/administrator/components/com_acesearch/extensions com_content.php
2012.10.23 09:03 B C:\inetpub\wwwroot\administrator\components\com_acesearch\extensions\com_content.xml --> ftp3.ftptoyoursite.com /web/content/administrator/components/com_acesearch/extensions com_content.xml
2012.10.23 09:03 B C:\inetpub\wwwroot\administrator\components\com_acesearch\extensions\com_jdownloads.php --> ftp3.ftptoyoursite.com /web/content/administrator/components/com_acesearch/extensions com_jdownloads.php
2012.10.23 09:03 B C:\inetpub\wwwroot\administrator\components\com_acesearch\extensions\com_jdownloads.xml --> ftp3.ftptoyoursite.com /web/content/administrator/components/com_acesearch/extensions com_jdownloads.xml
2012.10.23 09:03 B C:\inetpub\wwwroot\administrator\components\com_acesearch\extensions\com_menus.php --> ftp3.ftptoyoursite.com /web/content/administrator/components/com_acesearch/extensions com_menus.php
2012.10.23 09:03 B C:\inetpub\wwwroot\administrator\components\com_acesearch\extensions\com_menus.xml --> ftp3.ftptoyoursite.com /web/content/administrator/components/com_acesearch/extensions com_menus.xml
2012.10.23 09:03 B C:\inetpub\wwwroot\administrator\components\com_acesearch\extensions\com_modules.php --> ftp3.ftptoyoursite.com /web/content/administrator/components/com_acesearch/extensions com_modules.php
2012.10.23 09:03 B C:\inetpub\wwwroot\administrator\components\com_acesearch\extensions\com_modules.xml --> ftp3.ftptoyoursite.com /web/content/administrator/components/com_acesearch/extensions com_modules.xml
2012.10.23 09:03 B C:\inetpub\wwwroot\administrator\components\com_acesearch\extensions\com_newsfeeds.php --> ftp3.ftptoyoursite.com /web/content/administrator/components/com_acesearch/extensions com_newsfeeds.php
2012.10.23 09:03 B C:\inetpub\wwwroot\administrator\components\com_acesearch\extensions\com_newsfeeds.xml --> ftp3.ftptoyoursite.com /web/content/administrator/components/com_acesearch/extensions com_newsfeeds.xml
2012.10.23 09:03 B C:\inetpub\wwwroot\administrator\components\com_acesearch\extensions\com_plugins.php --> ftp3.ftptoyoursite.com /web/content/administrator/components/com_acesearch/extensions com_plugins.php
2012.10.23 09:03 B C:\inetpub\wwwroot\administrator\components\com_acesearch\extensions\com_plugins.xml --> ftp3.ftptoyoursite.com /web/content/administrator/components/com_acesearch/extensions com_plugins.xml
2012.10.23 09:03 B C:\inetpub\wwwroot\administrator\components\com_acesearch\extensions\com_users.php --> ftp3.ftptoyoursite.com /web/content/administrator/components/com_acesearch/extensions com_users.php
2012.10.23 09:03 B C:\inetpub\wwwroot\administrator\components\com_acesearch\extensions\com_users.xml --> ftp3.ftptoyoursite.com /web/content/administrator/components/com_acesearch/extensions com_users.xml
2012.10.23 09:03 B C:\inetpub\wwwroot\administrator\components\com_acesearch\extensions\com_weblinks.php --> ftp3.ftptoyoursite.com /web/content/administrator/components/com_acesearch/extensions com_weblinks.php
2012.10.23 09:03 B C:\inetpub\wwwroot\administrator\components\com_acesearch\extensions\com_weblinks.xml --> ftp3.ftptoyoursite.com /web/content/administrator/components/com_acesearch/extensions com_weblinks.xml
2012.10.23 09:03 B C:\inetpub\wwwroot\administrator\components\com_acesearch\extensions\default_params.xml --> ftp3.ftptoyoursite.com /web/content/administrator/components/com_acesearch/extensions default_params.xml
2012.10.23 09:03 B C:\inetpub\wwwroot\administrator\components\com_acesearch\extensions\index.html --> ftp3.ftptoyoursite.com /web/content/administrator/components/com_acesearch/extensions index.html
2012.10.23 09:03 B C:\inetpub\wwwroot\administrator\components\com_acesearch\extensions\WS_FTP.LOG --> ftp3.ftptoyoursite.com /web/content/administrator/components/com_acesearch/extensions WS_FTP.LOG
2013.02.01 14:39 B C:\inetpub\wwwroot\administrator\components\com_acesearch\extensions\WS_FTP.LOG <-- Schubert Rackspace /web/content/administrator/components/com_acesearch/extensions WS_FTP.LOG
