2012.07.25 12:20 B C:\Users\COBRIEN\Desktop\Schubert\modules\mod_related_items\helper.php <-- Schubert Rackspace /web/content/modules/mod_related_items helper.php
2012.07.25 12:20 B C:\Users\COBRIEN\Desktop\Schubert\modules\mod_related_items\index.html <-- Schubert Rackspace /web/content/modules/mod_related_items index.html
2012.07.25 12:20 B C:\Users\COBRIEN\Desktop\Schubert\modules\mod_related_items\mod_related_items.php <-- Schubert Rackspace /web/content/modules/mod_related_items mod_related_items.php
2012.07.25 12:20 B C:\Users\COBRIEN\Desktop\Schubert\modules\mod_related_items\mod_related_items.xml <-- Schubert Rackspace /web/content/modules/mod_related_items mod_related_items.xml
2012.09.04 10:56 B C:\inetpub\wwwroot\modules\mod_related_items\helper.php --> ftp3.ftptoyoursite.com /web/content/SITE-TEST/modules/mod_related_items helper.php
2012.09.04 10:56 B C:\inetpub\wwwroot\modules\mod_related_items\index.html --> ftp3.ftptoyoursite.com /web/content/SITE-TEST/modules/mod_related_items index.html
2012.09.04 10:56 B C:\inetpub\wwwroot\modules\mod_related_items\mod_related_items.php --> ftp3.ftptoyoursite.com /web/content/SITE-TEST/modules/mod_related_items mod_related_items.php
2012.09.04 10:56 B C:\inetpub\wwwroot\modules\mod_related_items\mod_related_items.xml --> ftp3.ftptoyoursite.com /web/content/SITE-TEST/modules/mod_related_items mod_related_items.xml
2012.09.04 10:56 B C:\inetpub\wwwroot\modules\mod_related_items\WS_FTP.LOG --> ftp3.ftptoyoursite.com /web/content/SITE-TEST/modules/mod_related_items WS_FTP.LOG
2012.09.06 15:15 B C:\inetpub\wwwroot\modules\mod_related_items\helper.php --> ftp3.ftptoyoursite.com /web/content/SITEBACKUP_962012/modules/mod_related_items helper.php
2012.09.06 15:15 B C:\inetpub\wwwroot\modules\mod_related_items\index.html --> ftp3.ftptoyoursite.com /web/content/SITEBACKUP_962012/modules/mod_related_items index.html
2012.09.06 15:15 B C:\inetpub\wwwroot\modules\mod_related_items\mod_related_items.php --> ftp3.ftptoyoursite.com /web/content/SITEBACKUP_962012/modules/mod_related_items mod_related_items.php
2012.09.06 15:15 B C:\inetpub\wwwroot\modules\mod_related_items\mod_related_items.xml --> ftp3.ftptoyoursite.com /web/content/SITEBACKUP_962012/modules/mod_related_items mod_related_items.xml
2012.09.06 15:15 B C:\inetpub\wwwroot\modules\mod_related_items\WS_FTP.LOG --> ftp3.ftptoyoursite.com /web/content/SITEBACKUP_962012/modules/mod_related_items WS_FTP.LOG
2012.10.23 09:17 B C:\inetpub\wwwroot\modules\mod_related_items\helper.php --> ftp3.ftptoyoursite.com /web/content/modules/mod_related_items helper.php
2012.10.23 09:17 B C:\inetpub\wwwroot\modules\mod_related_items\index.html --> ftp3.ftptoyoursite.com /web/content/modules/mod_related_items index.html
2012.10.23 09:17 B C:\inetpub\wwwroot\modules\mod_related_items\mod_related_items.php --> ftp3.ftptoyoursite.com /web/content/modules/mod_related_items mod_related_items.php
2012.10.23 09:17 B C:\inetpub\wwwroot\modules\mod_related_items\mod_related_items.xml --> ftp3.ftptoyoursite.com /web/content/modules/mod_related_items mod_related_items.xml
2012.10.23 09:17 B C:\inetpub\wwwroot\modules\mod_related_items\WS_FTP.LOG --> ftp3.ftptoyoursite.com /web/content/modules/mod_related_items WS_FTP.LOG
2013.02.01 15:03 B C:\inetpub\wwwroot\modules\mod_related_items\WS_FTP.LOG <-- Schubert Rackspace /web/content/modules/mod_related_items WS_FTP.LOG
