2012.07.25 12:17 B C:\Users\COBRIEN\Desktop\Schubert\libraries\joomla\cache\storage\apc.php <-- Schubert Rackspace /web/content/libraries/joomla/cache/storage apc.php
2012.07.25 12:17 B C:\Users\COBRIEN\Desktop\Schubert\libraries\joomla\cache\storage\cachelite.php <-- Schubert Rackspace /web/content/libraries/joomla/cache/storage cachelite.php
2012.07.25 12:17 B C:\Users\COBRIEN\Desktop\Schubert\libraries\joomla\cache\storage\eaccelerator.php <-- Schubert Rackspace /web/content/libraries/joomla/cache/storage eaccelerator.php
2012.07.25 12:17 B C:\Users\COBRIEN\Desktop\Schubert\libraries\joomla\cache\storage\file.php <-- Schubert Rackspace /web/content/libraries/joomla/cache/storage file.php
2012.07.25 12:17 B C:\Users\COBRIEN\Desktop\Schubert\libraries\joomla\cache\storage\index.html <-- Schubert Rackspace /web/content/libraries/joomla/cache/storage index.html
2012.07.25 12:17 B C:\Users\COBRIEN\Desktop\Schubert\libraries\joomla\cache\storage\memcache.php <-- Schubert Rackspace /web/content/libraries/joomla/cache/storage memcache.php
2012.07.25 12:17 B C:\Users\COBRIEN\Desktop\Schubert\libraries\joomla\cache\storage\wincache.php <-- Schubert Rackspace /web/content/libraries/joomla/cache/storage wincache.php
2012.07.25 12:17 B C:\Users\COBRIEN\Desktop\Schubert\libraries\joomla\cache\storage\xcache.php <-- Schubert Rackspace /web/content/libraries/joomla/cache/storage xcache.php
2012.09.04 10:53 B C:\inetpub\wwwroot\libraries\joomla\cache\storage\apc.php --> ftp3.ftptoyoursite.com /web/content/SITE-TEST/libraries/joomla/cache/storage apc.php
2012.09.04 10:53 B C:\inetpub\wwwroot\libraries\joomla\cache\storage\cachelite.php --> ftp3.ftptoyoursite.com /web/content/SITE-TEST/libraries/joomla/cache/storage cachelite.php
2012.09.04 10:53 B C:\inetpub\wwwroot\libraries\joomla\cache\storage\eaccelerator.php --> ftp3.ftptoyoursite.com /web/content/SITE-TEST/libraries/joomla/cache/storage eaccelerator.php
2012.09.04 10:53 B C:\inetpub\wwwroot\libraries\joomla\cache\storage\file.php --> ftp3.ftptoyoursite.com /web/content/SITE-TEST/libraries/joomla/cache/storage file.php
2012.09.04 10:53 B C:\inetpub\wwwroot\libraries\joomla\cache\storage\index.html --> ftp3.ftptoyoursite.com /web/content/SITE-TEST/libraries/joomla/cache/storage index.html
2012.09.04 10:53 B C:\inetpub\wwwroot\libraries\joomla\cache\storage\memcache.php --> ftp3.ftptoyoursite.com /web/content/SITE-TEST/libraries/joomla/cache/storage memcache.php
2012.09.04 10:53 B C:\inetpub\wwwroot\libraries\joomla\cache\storage\wincache.php --> ftp3.ftptoyoursite.com /web/content/SITE-TEST/libraries/joomla/cache/storage wincache.php
2012.09.04 10:53 B C:\inetpub\wwwroot\libraries\joomla\cache\storage\WS_FTP.LOG --> ftp3.ftptoyoursite.com /web/content/SITE-TEST/libraries/joomla/cache/storage WS_FTP.LOG
2012.09.04 10:54 B C:\inetpub\wwwroot\libraries\joomla\cache\storage\xcache.php --> ftp3.ftptoyoursite.com /web/content/SITE-TEST/libraries/joomla/cache/storage xcache.php
2012.09.06 15:12 B C:\inetpub\wwwroot\libraries\joomla\cache\storage\apc.php --> ftp3.ftptoyoursite.com /web/content/SITEBACKUP_962012/libraries/joomla/cache/storage apc.php
2012.09.06 15:12 B C:\inetpub\wwwroot\libraries\joomla\cache\storage\cachelite.php --> ftp3.ftptoyoursite.com /web/content/SITEBACKUP_962012/libraries/joomla/cache/storage cachelite.php
2012.09.06 15:12 B C:\inetpub\wwwroot\libraries\joomla\cache\storage\eaccelerator.php --> ftp3.ftptoyoursite.com /web/content/SITEBACKUP_962012/libraries/joomla/cache/storage eaccelerator.php
2012.09.06 15:12 B C:\inetpub\wwwroot\libraries\joomla\cache\storage\file.php --> ftp3.ftptoyoursite.com /web/content/SITEBACKUP_962012/libraries/joomla/cache/storage file.php
2012.09.06 15:12 B C:\inetpub\wwwroot\libraries\joomla\cache\storage\index.html --> ftp3.ftptoyoursite.com /web/content/SITEBACKUP_962012/libraries/joomla/cache/storage index.html
2012.09.06 15:12 B C:\inetpub\wwwroot\libraries\joomla\cache\storage\memcache.php --> ftp3.ftptoyoursite.com /web/content/SITEBACKUP_962012/libraries/joomla/cache/storage memcache.php
2012.09.06 15:12 B C:\inetpub\wwwroot\libraries\joomla\cache\storage\wincache.php --> ftp3.ftptoyoursite.com /web/content/SITEBACKUP_962012/libraries/joomla/cache/storage wincache.php
2012.09.06 15:12 B C:\inetpub\wwwroot\libraries\joomla\cache\storage\WS_FTP.LOG --> ftp3.ftptoyoursite.com /web/content/SITEBACKUP_962012/libraries/joomla/cache/storage WS_FTP.LOG
2012.09.06 15:12 B C:\inetpub\wwwroot\libraries\joomla\cache\storage\xcache.php --> ftp3.ftptoyoursite.com /web/content/SITEBACKUP_962012/libraries/joomla/cache/storage xcache.php
2012.10.23 09:15 B C:\inetpub\wwwroot\libraries\joomla\cache\storage\apc.php --> ftp3.ftptoyoursite.com /web/content/libraries/joomla/cache/storage apc.php
2012.10.23 09:15 B C:\inetpub\wwwroot\libraries\joomla\cache\storage\cachelite.php --> ftp3.ftptoyoursite.com /web/content/libraries/joomla/cache/storage cachelite.php
2012.10.23 09:15 B C:\inetpub\wwwroot\libraries\joomla\cache\storage\eaccelerator.php --> ftp3.ftptoyoursite.com /web/content/libraries/joomla/cache/storage eaccelerator.php
2012.10.23 09:15 B C:\inetpub\wwwroot\libraries\joomla\cache\storage\file.php --> ftp3.ftptoyoursite.com /web/content/libraries/joomla/cache/storage file.php
2012.10.23 09:15 B C:\inetpub\wwwroot\libraries\joomla\cache\storage\index.html --> ftp3.ftptoyoursite.com /web/content/libraries/joomla/cache/storage index.html
2012.10.23 09:15 B C:\inetpub\wwwroot\libraries\joomla\cache\storage\memcache.php --> ftp3.ftptoyoursite.com /web/content/libraries/joomla/cache/storage memcache.php
2012.10.23 09:15 B C:\inetpub\wwwroot\libraries\joomla\cache\storage\wincache.php --> ftp3.ftptoyoursite.com /web/content/libraries/joomla/cache/storage wincache.php
2012.10.23 09:15 B C:\inetpub\wwwroot\libraries\joomla\cache\storage\WS_FTP.LOG --> ftp3.ftptoyoursite.com /web/content/libraries/joomla/cache/storage WS_FTP.LOG
2012.10.23 09:15 B C:\inetpub\wwwroot\libraries\joomla\cache\storage\xcache.php --> ftp3.ftptoyoursite.com /web/content/libraries/joomla/cache/storage xcache.php
2013.02.01 14:54 B C:\inetpub\wwwroot\libraries\joomla\cache\storage\WS_FTP.LOG <-- Schubert Rackspace /web/content/libraries/joomla/cache/storage WS_FTP.LOG
2013.02.01 14:54 B C:\inetpub\wwwroot\libraries\joomla\cache\storage\xcache.php <-- Schubert Rackspace /web/content/libraries/joomla/cache/storage xcache.php
