2012.07.25 12:15 B C:\Users\COBRIEN\Desktop\Schubert\components\com_mailto\controller.php <-- Schubert Rackspace /web/content/components/com_mailto controller.php
2012.07.25 12:15 B C:\Users\COBRIEN\Desktop\Schubert\components\com_mailto\index.html <-- Schubert Rackspace /web/content/components/com_mailto index.html
2012.07.25 12:15 B C:\Users\COBRIEN\Desktop\Schubert\components\com_mailto\mailto.php <-- Schubert Rackspace /web/content/components/com_mailto mailto.php
2012.07.25 12:15 B C:\Users\COBRIEN\Desktop\Schubert\components\com_mailto\mailto.xml <-- Schubert Rackspace /web/content/components/com_mailto mailto.xml
2012.09.04 10:51 B C:\inetpub\wwwroot\components\com_mailto\controller.php --> ftp3.ftptoyoursite.com /web/content/SITE-TEST/components/com_mailto controller.php
2012.09.04 10:51 B C:\inetpub\wwwroot\components\com_mailto\index.html --> ftp3.ftptoyoursite.com /web/content/SITE-TEST/components/com_mailto index.html
2012.09.04 10:51 B C:\inetpub\wwwroot\components\com_mailto\mailto.php --> ftp3.ftptoyoursite.com /web/content/SITE-TEST/components/com_mailto mailto.php
2012.09.04 10:51 B C:\inetpub\wwwroot\components\com_mailto\mailto.xml --> ftp3.ftptoyoursite.com /web/content/SITE-TEST/components/com_mailto mailto.xml
2012.09.04 10:51 B C:\inetpub\wwwroot\components\com_mailto\WS_FTP.LOG --> ftp3.ftptoyoursite.com /web/content/SITE-TEST/components/com_mailto WS_FTP.LOG
2012.09.06 15:09 B C:\inetpub\wwwroot\components\com_mailto\controller.php --> ftp3.ftptoyoursite.com /web/content/SITEBACKUP_962012/components/com_mailto controller.php
2012.09.06 15:09 B C:\inetpub\wwwroot\components\com_mailto\index.html --> ftp3.ftptoyoursite.com /web/content/SITEBACKUP_962012/components/com_mailto index.html
2012.09.06 15:09 B C:\inetpub\wwwroot\components\com_mailto\mailto.php --> ftp3.ftptoyoursite.com /web/content/SITEBACKUP_962012/components/com_mailto mailto.php
2012.09.06 15:09 B C:\inetpub\wwwroot\components\com_mailto\mailto.xml --> ftp3.ftptoyoursite.com /web/content/SITEBACKUP_962012/components/com_mailto mailto.xml
2012.09.06 15:09 B C:\inetpub\wwwroot\components\com_mailto\WS_FTP.LOG --> ftp3.ftptoyoursite.com /web/content/SITEBACKUP_962012/components/com_mailto WS_FTP.LOG
2012.09.06 15:49 B C:\inetpub\wwwroot\components\com_mailto\controller.php <-- Schubert Rackspace /web/content/SITEBACKUP_962012/components/com_mailto controller.php
2012.09.06 15:49 B C:\inetpub\wwwroot\components\com_mailto\index.html <-- Schubert Rackspace /web/content/SITEBACKUP_962012/components/com_mailto index.html
2012.09.06 15:49 B C:\inetpub\wwwroot\components\com_mailto\mailto.php <-- Schubert Rackspace /web/content/SITEBACKUP_962012/components/com_mailto mailto.php
2012.09.06 15:49 B C:\inetpub\wwwroot\components\com_mailto\mailto.xml <-- Schubert Rackspace /web/content/SITEBACKUP_962012/components/com_mailto mailto.xml
2012.10.23 09:12 B C:\inetpub\wwwroot\components\com_mailto\controller.php --> ftp3.ftptoyoursite.com /web/content/components/com_mailto controller.php
2012.10.23 09:12 B C:\inetpub\wwwroot\components\com_mailto\index.html --> ftp3.ftptoyoursite.com /web/content/components/com_mailto index.html
2012.10.23 09:12 B C:\inetpub\wwwroot\components\com_mailto\mailto.php --> ftp3.ftptoyoursite.com /web/content/components/com_mailto mailto.php
2012.10.23 09:12 B C:\inetpub\wwwroot\components\com_mailto\mailto.xml --> ftp3.ftptoyoursite.com /web/content/components/com_mailto mailto.xml
2012.10.23 09:12 B C:\inetpub\wwwroot\components\com_mailto\WS_FTP.LOG --> ftp3.ftptoyoursite.com /web/content/components/com_mailto WS_FTP.LOG
2013.02.01 14:49 B C:\inetpub\wwwroot\components\com_mailto\WS_FTP.LOG <-- Schubert Rackspace /web/content/components/com_mailto WS_FTP.LOG
2013.02.11 14:30 B C:\inetpub\wwwroot\components\com_mailto\controller.php <-- Schubert Rackspace /web/content/components/com_mailto controller.php
2013.02.11 16:26 B C:\inetpub\wwwroot\components\com_mailto\controller.php <-- Schubert Rackspace /web/content/components/com_mailto controller.php
2013.02.11 17:17 B C:\inetpub\wwwroot\components\com_mailto\controller.php <-- Schubert Rackspace /web/content/components/com_mailto controller.php
2013.02.11 17:18 B C:\inetpub\wwwroot\components\com_mailto\controller.php <-- Schubert Rackspace /web/content/components/com_mailto controller.php
2013.02.11 17:21 B C:\inetpub\wwwroot\components\com_mailto\controller.php <-- Schubert Rackspace /web/content/components/com_mailto controller.php
