2012.07.25 12:15 B C:\Users\COBRIEN\Desktop\Schubert\components\com_jce\editor\tiny_mce\plugins\spellchecker\classes\config.php <-- Schubert Rackspace /web/content/components/com_jce/editor/tiny_mce/plugins/spellchecker/classes config.php
2012.07.25 12:15 B C:\Users\COBRIEN\Desktop\Schubert\components\com_jce\editor\tiny_mce\plugins\spellchecker\classes\enchantspell.php <-- Schubert Rackspace /web/content/components/com_jce/editor/tiny_mce/plugins/spellchecker/classes enchantspell.php
2012.07.25 12:15 B C:\Users\COBRIEN\Desktop\Schubert\components\com_jce\editor\tiny_mce\plugins\spellchecker\classes\googlespell.php <-- Schubert Rackspace /web/content/components/com_jce/editor/tiny_mce/plugins/spellchecker/classes googlespell.php
2012.07.25 12:15 B C:\Users\COBRIEN\Desktop\Schubert\components\com_jce\editor\tiny_mce\plugins\spellchecker\classes\index.html <-- Schubert Rackspace /web/content/components/com_jce/editor/tiny_mce/plugins/spellchecker/classes index.html
2012.07.25 12:15 B C:\Users\COBRIEN\Desktop\Schubert\components\com_jce\editor\tiny_mce\plugins\spellchecker\classes\pspell.php <-- Schubert Rackspace /web/content/components/com_jce/editor/tiny_mce/plugins/spellchecker/classes pspell.php
2012.07.25 12:15 B C:\Users\COBRIEN\Desktop\Schubert\components\com_jce\editor\tiny_mce\plugins\spellchecker\classes\pspellshell.php <-- Schubert Rackspace /web/content/components/com_jce/editor/tiny_mce/plugins/spellchecker/classes pspellshell.php
2012.07.25 12:15 B C:\Users\COBRIEN\Desktop\Schubert\components\com_jce\editor\tiny_mce\plugins\spellchecker\classes\spellchecker.php <-- Schubert Rackspace /web/content/components/com_jce/editor/tiny_mce/plugins/spellchecker/classes spellchecker.php
2012.09.04 10:51 B C:\inetpub\wwwroot\components\com_jce\editor\tiny_mce\plugins\spellchecker\classes\config.php --> ftp3.ftptoyoursite.com /web/content/SITE-TEST/components/com_jce/editor/tiny_mce/plugins/spellchecker/classes config.php
2012.09.04 10:51 B C:\inetpub\wwwroot\components\com_jce\editor\tiny_mce\plugins\spellchecker\classes\enchantspell.php --> ftp3.ftptoyoursite.com /web/content/SITE-TEST/components/com_jce/editor/tiny_mce/plugins/spellchecker/classes enchantspell.php
2012.09.04 10:51 B C:\inetpub\wwwroot\components\com_jce\editor\tiny_mce\plugins\spellchecker\classes\googlespell.php --> ftp3.ftptoyoursite.com /web/content/SITE-TEST/components/com_jce/editor/tiny_mce/plugins/spellchecker/classes googlespell.php
2012.09.04 10:51 B C:\inetpub\wwwroot\components\com_jce\editor\tiny_mce\plugins\spellchecker\classes\index.html --> ftp3.ftptoyoursite.com /web/content/SITE-TEST/components/com_jce/editor/tiny_mce/plugins/spellchecker/classes index.html
2012.09.04 10:51 B C:\inetpub\wwwroot\components\com_jce\editor\tiny_mce\plugins\spellchecker\classes\pspell.php --> ftp3.ftptoyoursite.com /web/content/SITE-TEST/components/com_jce/editor/tiny_mce/plugins/spellchecker/classes pspell.php
2012.09.04 10:51 B C:\inetpub\wwwroot\components\com_jce\editor\tiny_mce\plugins\spellchecker\classes\pspellshell.php --> ftp3.ftptoyoursite.com /web/content/SITE-TEST/components/com_jce/editor/tiny_mce/plugins/spellchecker/classes pspellshell.php
2012.09.04 10:51 B C:\inetpub\wwwroot\components\com_jce\editor\tiny_mce\plugins\spellchecker\classes\spellchecker.php --> ftp3.ftptoyoursite.com /web/content/SITE-TEST/components/com_jce/editor/tiny_mce/plugins/spellchecker/classes spellchecker.php
2012.09.04 10:51 B C:\inetpub\wwwroot\components\com_jce\editor\tiny_mce\plugins\spellchecker\classes\WS_FTP.LOG --> ftp3.ftptoyoursite.com /web/content/SITE-TEST/components/com_jce/editor/tiny_mce/plugins/spellchecker/classes WS_FTP.LOG
2012.09.06 15:08 B C:\inetpub\wwwroot\components\com_jce\editor\tiny_mce\plugins\spellchecker\classes\config.php --> ftp3.ftptoyoursite.com /web/content/SITEBACKUP_962012/components/com_jce/editor/tiny_mce/plugins/spellchecker/classes config.php
2012.09.06 15:08 B C:\inetpub\wwwroot\components\com_jce\editor\tiny_mce\plugins\spellchecker\classes\enchantspell.php --> ftp3.ftptoyoursite.com /web/content/SITEBACKUP_962012/components/com_jce/editor/tiny_mce/plugins/spellchecker/classes enchantspell.php
2012.09.06 15:08 B C:\inetpub\wwwroot\components\com_jce\editor\tiny_mce\plugins\spellchecker\classes\googlespell.php --> ftp3.ftptoyoursite.com /web/content/SITEBACKUP_962012/components/com_jce/editor/tiny_mce/plugins/spellchecker/classes googlespell.php
2012.09.06 15:08 B C:\inetpub\wwwroot\components\com_jce\editor\tiny_mce\plugins\spellchecker\classes\index.html --> ftp3.ftptoyoursite.com /web/content/SITEBACKUP_962012/components/com_jce/editor/tiny_mce/plugins/spellchecker/classes index.html
2012.09.06 15:08 B C:\inetpub\wwwroot\components\com_jce\editor\tiny_mce\plugins\spellchecker\classes\pspell.php --> ftp3.ftptoyoursite.com /web/content/SITEBACKUP_962012/components/com_jce/editor/tiny_mce/plugins/spellchecker/classes pspell.php
2012.09.06 15:08 B C:\inetpub\wwwroot\components\com_jce\editor\tiny_mce\plugins\spellchecker\classes\pspellshell.php --> ftp3.ftptoyoursite.com /web/content/SITEBACKUP_962012/components/com_jce/editor/tiny_mce/plugins/spellchecker/classes pspellshell.php
2012.09.06 15:08 B C:\inetpub\wwwroot\components\com_jce\editor\tiny_mce\plugins\spellchecker\classes\spellchecker.php --> ftp3.ftptoyoursite.com /web/content/SITEBACKUP_962012/components/com_jce/editor/tiny_mce/plugins/spellchecker/classes spellchecker.php
2012.09.06 15:08 B C:\inetpub\wwwroot\components\com_jce\editor\tiny_mce\plugins\spellchecker\classes\WS_FTP.LOG --> ftp3.ftptoyoursite.com /web/content/SITEBACKUP_962012/components/com_jce/editor/tiny_mce/plugins/spellchecker/classes WS_FTP.LOG
2012.09.06 15:49 B C:\inetpub\wwwroot\components\com_jce\editor\tiny_mce\plugins\spellchecker\classes\config.php <-- Schubert Rackspace /web/content/SITEBACKUP_962012/components/com_jce/editor/tiny_mce/plugins/spellchecker/classes config.php
2012.09.06 15:49 B C:\inetpub\wwwroot\components\com_jce\editor\tiny_mce\plugins\spellchecker\classes\enchantspell.php <-- Schubert Rackspace /web/content/SITEBACKUP_962012/components/com_jce/editor/tiny_mce/plugins/spellchecker/classes enchantspell.php
2012.09.06 15:49 B C:\inetpub\wwwroot\components\com_jce\editor\tiny_mce\plugins\spellchecker\classes\googlespell.php <-- Schubert Rackspace /web/content/SITEBACKUP_962012/components/com_jce/editor/tiny_mce/plugins/spellchecker/classes googlespell.php
2012.09.06 15:49 B C:\inetpub\wwwroot\components\com_jce\editor\tiny_mce\plugins\spellchecker\classes\index.html <-- Schubert Rackspace /web/content/SITEBACKUP_962012/components/com_jce/editor/tiny_mce/plugins/spellchecker/classes index.html
2012.09.06 15:49 B C:\inetpub\wwwroot\components\com_jce\editor\tiny_mce\plugins\spellchecker\classes\pspell.php <-- Schubert Rackspace /web/content/SITEBACKUP_962012/components/com_jce/editor/tiny_mce/plugins/spellchecker/classes pspell.php
2012.09.06 15:49 B C:\inetpub\wwwroot\components\com_jce\editor\tiny_mce\plugins\spellchecker\classes\pspellshell.php <-- Schubert Rackspace /web/content/SITEBACKUP_962012/components/com_jce/editor/tiny_mce/plugins/spellchecker/classes pspellshell.php
2012.09.06 15:49 B C:\inetpub\wwwroot\components\com_jce\editor\tiny_mce\plugins\spellchecker\classes\spellchecker.php <-- Schubert Rackspace /web/content/SITEBACKUP_962012/components/com_jce/editor/tiny_mce/plugins/spellchecker/classes spellchecker.php
2012.10.23 09:12 B C:\inetpub\wwwroot\components\com_jce\editor\tiny_mce\plugins\spellchecker\classes\config.php --> ftp3.ftptoyoursite.com /web/content/components/com_jce/editor/tiny_mce/plugins/spellchecker/classes config.php
2012.10.23 09:12 B C:\inetpub\wwwroot\components\com_jce\editor\tiny_mce\plugins\spellchecker\classes\enchantspell.php --> ftp3.ftptoyoursite.com /web/content/components/com_jce/editor/tiny_mce/plugins/spellchecker/classes enchantspell.php
2012.10.23 09:12 B C:\inetpub\wwwroot\components\com_jce\editor\tiny_mce\plugins\spellchecker\classes\googlespell.php --> ftp3.ftptoyoursite.com /web/content/components/com_jce/editor/tiny_mce/plugins/spellchecker/classes googlespell.php
2012.10.23 09:12 B C:\inetpub\wwwroot\components\com_jce\editor\tiny_mce\plugins\spellchecker\classes\index.html --> ftp3.ftptoyoursite.com /web/content/components/com_jce/editor/tiny_mce/plugins/spellchecker/classes index.html
2012.10.23 09:12 B C:\inetpub\wwwroot\components\com_jce\editor\tiny_mce\plugins\spellchecker\classes\pspell.php --> ftp3.ftptoyoursite.com /web/content/components/com_jce/editor/tiny_mce/plugins/spellchecker/classes pspell.php
2012.10.23 09:12 B C:\inetpub\wwwroot\components\com_jce\editor\tiny_mce\plugins\spellchecker\classes\pspellshell.php --> ftp3.ftptoyoursite.com /web/content/components/com_jce/editor/tiny_mce/plugins/spellchecker/classes pspellshell.php
2012.10.23 09:12 B C:\inetpub\wwwroot\components\com_jce\editor\tiny_mce\plugins\spellchecker\classes\spellchecker.php --> ftp3.ftptoyoursite.com /web/content/components/com_jce/editor/tiny_mce/plugins/spellchecker/classes spellchecker.php
2012.10.23 09:12 B C:\inetpub\wwwroot\components\com_jce\editor\tiny_mce\plugins\spellchecker\classes\WS_FTP.LOG --> ftp3.ftptoyoursite.com /web/content/components/com_jce/editor/tiny_mce/plugins/spellchecker/classes WS_FTP.LOG
2013.02.01 14:48 B C:\inetpub\wwwroot\components\com_jce\editor\tiny_mce\plugins\spellchecker\classes\WS_FTP.LOG <-- Schubert Rackspace /web/content/components/com_jce/editor/tiny_mce/plugins/spellchecker/classes WS_FTP.LOG
