2012.07.25 12:12 B C:\Users\COBRIEN\Desktop\Schubert\administrator\components\com_rsform\views\forms\tmpl\component_copy.php <-- Schubert Rackspace /web/content/administrator/components/com_rsform/views/forms/tmpl component_copy.php
2012.07.25 12:12 B C:\Users\COBRIEN\Desktop\Schubert\administrator\components\com_rsform\views\forms\tmpl\default.php <-- Schubert Rackspace /web/content/administrator/components/com_rsform/views/forms/tmpl default.php
2012.07.25 12:12 B C:\Users\COBRIEN\Desktop\Schubert\administrator\components\com_rsform\views\forms\tmpl\edit.php <-- Schubert Rackspace /web/content/administrator/components/com_rsform/views/forms/tmpl edit.php
2012.07.25 12:12 B C:\Users\COBRIEN\Desktop\Schubert\administrator\components\com_rsform\views\forms\tmpl\edit_admin.php <-- Schubert Rackspace /web/content/administrator/components/com_rsform/views/forms/tmpl edit_admin.php
2012.07.25 12:12 B C:\Users\COBRIEN\Desktop\Schubert\administrator\components\com_rsform\views\forms\tmpl\edit_components.php <-- Schubert Rackspace /web/content/administrator/components/com_rsform/views/forms/tmpl edit_components.php
2012.07.25 12:12 B C:\Users\COBRIEN\Desktop\Schubert\administrator\components\com_rsform\views\forms\tmpl\edit_conditions.php <-- Schubert Rackspace /web/content/administrator/components/com_rsform/views/forms/tmpl edit_conditions.php
2012.07.25 12:12 B C:\Users\COBRIEN\Desktop\Schubert\administrator\components\com_rsform\views\forms\tmpl\edit_cssjs.php <-- Schubert Rackspace /web/content/administrator/components/com_rsform/views/forms/tmpl edit_cssjs.php
2012.07.25 12:12 B C:\Users\COBRIEN\Desktop\Schubert\administrator\components\com_rsform\views\forms\tmpl\edit_emails.php <-- Schubert Rackspace /web/content/administrator/components/com_rsform/views/forms/tmpl edit_emails.php
2012.07.25 12:12 B C:\Users\COBRIEN\Desktop\Schubert\administrator\components\com_rsform\views\forms\tmpl\edit_emailscripts.php <-- Schubert Rackspace /web/content/administrator/components/com_rsform/views/forms/tmpl edit_emailscripts.php
2012.07.25 12:12 B C:\Users\COBRIEN\Desktop\Schubert\administrator\components\com_rsform\views\forms\tmpl\edit_form.php <-- Schubert Rackspace /web/content/administrator/components/com_rsform/views/forms/tmpl edit_form.php
2012.07.25 12:12 B C:\Users\COBRIEN\Desktop\Schubert\administrator\components\com_rsform\views\forms\tmpl\edit_formattr.php <-- Schubert Rackspace /web/content/administrator/components/com_rsform/views/forms/tmpl edit_formattr.php
2012.07.25 12:12 B C:\Users\COBRIEN\Desktop\Schubert\administrator\components\com_rsform\views\forms\tmpl\edit_layout.php <-- Schubert Rackspace /web/content/administrator/components/com_rsform/views/forms/tmpl edit_layout.php
2012.07.25 12:12 B C:\Users\COBRIEN\Desktop\Schubert\administrator\components\com_rsform\views\forms\tmpl\edit_mappings.php <-- Schubert Rackspace /web/content/administrator/components/com_rsform/views/forms/tmpl edit_mappings.php
2012.07.25 12:12 B C:\Users\COBRIEN\Desktop\Schubert\administrator\components\com_rsform\views\forms\tmpl\edit_meta.php <-- Schubert Rackspace /web/content/administrator/components/com_rsform/views/forms/tmpl edit_meta.php
2012.07.25 12:12 B C:\Users\COBRIEN\Desktop\Schubert\administrator\components\com_rsform\views\forms\tmpl\edit_scripts.php <-- Schubert Rackspace /web/content/administrator/components/com_rsform/views/forms/tmpl edit_scripts.php
2012.07.25 12:12 B C:\Users\COBRIEN\Desktop\Schubert\administrator\components\com_rsform\views\forms\tmpl\edit_theme.php <-- Schubert Rackspace /web/content/administrator/components/com_rsform/views/forms/tmpl edit_theme.php
2012.07.25 12:12 B C:\Users\COBRIEN\Desktop\Schubert\administrator\components\com_rsform\views\forms\tmpl\edit_user.php <-- Schubert Rackspace /web/content/administrator/components/com_rsform/views/forms/tmpl edit_user.php
2012.07.25 12:12 B C:\Users\COBRIEN\Desktop\Schubert\administrator\components\com_rsform\views\forms\tmpl\emails.php <-- Schubert Rackspace /web/content/administrator/components/com_rsform/views/forms/tmpl emails.php
2012.07.25 12:12 B C:\Users\COBRIEN\Desktop\Schubert\administrator\components\com_rsform\views\forms\tmpl\index.html <-- Schubert Rackspace /web/content/administrator/components/com_rsform/views/forms/tmpl index.html
2012.07.25 12:12 B C:\Users\COBRIEN\Desktop\Schubert\administrator\components\com_rsform\views\forms\tmpl\new.php <-- Schubert Rackspace /web/content/administrator/components/com_rsform/views/forms/tmpl new.php
2012.07.25 12:12 B C:\Users\COBRIEN\Desktop\Schubert\administrator\components\com_rsform\views\forms\tmpl\new2.php <-- Schubert Rackspace /web/content/administrator/components/com_rsform/views/forms/tmpl new2.php
2012.07.25 12:12 B C:\Users\COBRIEN\Desktop\Schubert\administrator\components\com_rsform\views\forms\tmpl\new3.php <-- Schubert Rackspace /web/content/administrator/components/com_rsform/views/forms/tmpl new3.php
2012.07.25 12:12 B C:\Users\COBRIEN\Desktop\Schubert\administrator\components\com_rsform\views\forms\tmpl\richtext.php <-- Schubert Rackspace /web/content/administrator/components/com_rsform/views/forms/tmpl richtext.php
2012.07.25 12:12 B C:\Users\COBRIEN\Desktop\Schubert\administrator\components\com_rsform\views\forms\tmpl\show.php <-- Schubert Rackspace /web/content/administrator/components/com_rsform/views/forms/tmpl show.php
2012.09.04 10:46 B C:\inetpub\wwwroot\administrator\components\com_rsform\views\forms\tmpl\component_copy.php --> ftp3.ftptoyoursite.com /web/content/SITE-TEST/administrator/components/com_rsform/views/forms/tmpl component_copy.php
2012.09.04 10:46 B C:\inetpub\wwwroot\administrator\components\com_rsform\views\forms\tmpl\default.php --> ftp3.ftptoyoursite.com /web/content/SITE-TEST/administrator/components/com_rsform/views/forms/tmpl default.php
2012.09.04 10:46 B C:\inetpub\wwwroot\administrator\components\com_rsform\views\forms\tmpl\edit.php --> ftp3.ftptoyoursite.com /web/content/SITE-TEST/administrator/components/com_rsform/views/forms/tmpl edit.php
2012.09.04 10:46 B C:\inetpub\wwwroot\administrator\components\com_rsform\views\forms\tmpl\edit_admin.php --> ftp3.ftptoyoursite.com /web/content/SITE-TEST/administrator/components/com_rsform/views/forms/tmpl edit_admin.php
2012.09.04 10:46 B C:\inetpub\wwwroot\administrator\components\com_rsform\views\forms\tmpl\edit_components.php --> ftp3.ftptoyoursite.com /web/content/SITE-TEST/administrator/components/com_rsform/views/forms/tmpl edit_components.php
2012.09.04 10:46 B C:\inetpub\wwwroot\administrator\components\com_rsform\views\forms\tmpl\edit_conditions.php --> ftp3.ftptoyoursite.com /web/content/SITE-TEST/administrator/components/com_rsform/views/forms/tmpl edit_conditions.php
2012.09.04 10:46 B C:\inetpub\wwwroot\administrator\components\com_rsform\views\forms\tmpl\edit_cssjs.php --> ftp3.ftptoyoursite.com /web/content/SITE-TEST/administrator/components/com_rsform/views/forms/tmpl edit_cssjs.php
2012.09.04 10:46 B C:\inetpub\wwwroot\administrator\components\com_rsform\views\forms\tmpl\edit_emails.php --> ftp3.ftptoyoursite.com /web/content/SITE-TEST/administrator/components/com_rsform/views/forms/tmpl edit_emails.php
2012.09.04 10:46 B C:\inetpub\wwwroot\administrator\components\com_rsform\views\forms\tmpl\edit_emailscripts.php --> ftp3.ftptoyoursite.com /web/content/SITE-TEST/administrator/components/com_rsform/views/forms/tmpl edit_emailscripts.php
2012.09.04 10:46 B C:\inetpub\wwwroot\administrator\components\com_rsform\views\forms\tmpl\edit_form.php --> ftp3.ftptoyoursite.com /web/content/SITE-TEST/administrator/components/com_rsform/views/forms/tmpl edit_form.php
2012.09.04 10:46 B C:\inetpub\wwwroot\administrator\components\com_rsform\views\forms\tmpl\edit_formattr.php --> ftp3.ftptoyoursite.com /web/content/SITE-TEST/administrator/components/com_rsform/views/forms/tmpl edit_formattr.php
2012.09.04 10:46 B C:\inetpub\wwwroot\administrator\components\com_rsform\views\forms\tmpl\edit_layout.php --> ftp3.ftptoyoursite.com /web/content/SITE-TEST/administrator/components/com_rsform/views/forms/tmpl edit_layout.php
2012.09.04 10:46 B C:\inetpub\wwwroot\administrator\components\com_rsform\views\forms\tmpl\edit_mappings.php --> ftp3.ftptoyoursite.com /web/content/SITE-TEST/administrator/components/com_rsform/views/forms/tmpl edit_mappings.php
2012.09.04 10:46 B C:\inetpub\wwwroot\administrator\components\com_rsform\views\forms\tmpl\edit_meta.php --> ftp3.ftptoyoursite.com /web/content/SITE-TEST/administrator/components/com_rsform/views/forms/tmpl edit_meta.php
2012.09.04 10:46 B C:\inetpub\wwwroot\administrator\components\com_rsform\views\forms\tmpl\edit_scripts.php --> ftp3.ftptoyoursite.com /web/content/SITE-TEST/administrator/components/com_rsform/views/forms/tmpl edit_scripts.php
2012.09.04 10:46 B C:\inetpub\wwwroot\administrator\components\com_rsform\views\forms\tmpl\edit_theme.php --> ftp3.ftptoyoursite.com /web/content/SITE-TEST/administrator/components/com_rsform/views/forms/tmpl edit_theme.php
2012.09.04 10:46 B C:\inetpub\wwwroot\administrator\components\com_rsform\views\forms\tmpl\edit_user.php --> ftp3.ftptoyoursite.com /web/content/SITE-TEST/administrator/components/com_rsform/views/forms/tmpl edit_user.php
2012.09.04 10:46 B C:\inetpub\wwwroot\administrator\components\com_rsform\views\forms\tmpl\emails.php --> ftp3.ftptoyoursite.com /web/content/SITE-TEST/administrator/components/com_rsform/views/forms/tmpl emails.php
2012.09.04 10:46 B C:\inetpub\wwwroot\administrator\components\com_rsform\views\forms\tmpl\index.html --> ftp3.ftptoyoursite.com /web/content/SITE-TEST/administrator/components/com_rsform/views/forms/tmpl index.html
2012.09.04 10:46 B C:\inetpub\wwwroot\administrator\components\com_rsform\views\forms\tmpl\new.php --> ftp3.ftptoyoursite.com /web/content/SITE-TEST/administrator/components/com_rsform/views/forms/tmpl new.php
2012.09.04 10:46 B C:\inetpub\wwwroot\administrator\components\com_rsform\views\forms\tmpl\new2.php --> ftp3.ftptoyoursite.com /web/content/SITE-TEST/administrator/components/com_rsform/views/forms/tmpl new2.php
2012.09.04 10:46 B C:\inetpub\wwwroot\administrator\components\com_rsform\views\forms\tmpl\new3.php --> ftp3.ftptoyoursite.com /web/content/SITE-TEST/administrator/components/com_rsform/views/forms/tmpl new3.php
2012.09.04 10:46 B C:\inetpub\wwwroot\administrator\components\com_rsform\views\forms\tmpl\richtext.php --> ftp3.ftptoyoursite.com /web/content/SITE-TEST/administrator/components/com_rsform/views/forms/tmpl richtext.php
2012.09.04 10:46 B C:\inetpub\wwwroot\administrator\components\com_rsform\views\forms\tmpl\show.php --> ftp3.ftptoyoursite.com /web/content/SITE-TEST/administrator/components/com_rsform/views/forms/tmpl show.php
2012.09.04 10:46 B C:\inetpub\wwwroot\administrator\components\com_rsform\views\forms\tmpl\WS_FTP.LOG --> ftp3.ftptoyoursite.com /web/content/SITE-TEST/administrator/components/com_rsform/views/forms/tmpl WS_FTP.LOG
2012.09.06 15:03 B C:\inetpub\wwwroot\administrator\components\com_rsform\views\forms\tmpl\component_copy.php --> ftp3.ftptoyoursite.com /web/content/SITEBACKUP_962012/administrator/components/com_rsform/views/forms/tmpl component_copy.php
2012.09.06 15:03 B C:\inetpub\wwwroot\administrator\components\com_rsform\views\forms\tmpl\default.php --> ftp3.ftptoyoursite.com /web/content/SITEBACKUP_962012/administrator/components/com_rsform/views/forms/tmpl default.php
2012.09.06 15:03 B C:\inetpub\wwwroot\administrator\components\com_rsform\views\forms\tmpl\edit.php --> ftp3.ftptoyoursite.com /web/content/SITEBACKUP_962012/administrator/components/com_rsform/views/forms/tmpl edit.php
2012.09.06 15:03 B C:\inetpub\wwwroot\administrator\components\com_rsform\views\forms\tmpl\edit_admin.php --> ftp3.ftptoyoursite.com /web/content/SITEBACKUP_962012/administrator/components/com_rsform/views/forms/tmpl edit_admin.php
2012.09.06 15:03 B C:\inetpub\wwwroot\administrator\components\com_rsform\views\forms\tmpl\edit_components.php --> ftp3.ftptoyoursite.com /web/content/SITEBACKUP_962012/administrator/components/com_rsform/views/forms/tmpl edit_components.php
2012.09.06 15:03 B C:\inetpub\wwwroot\administrator\components\com_rsform\views\forms\tmpl\edit_conditions.php --> ftp3.ftptoyoursite.com /web/content/SITEBACKUP_962012/administrator/components/com_rsform/views/forms/tmpl edit_conditions.php
2012.09.06 15:03 B C:\inetpub\wwwroot\administrator\components\com_rsform\views\forms\tmpl\edit_cssjs.php --> ftp3.ftptoyoursite.com /web/content/SITEBACKUP_962012/administrator/components/com_rsform/views/forms/tmpl edit_cssjs.php
2012.09.06 15:03 B C:\inetpub\wwwroot\administrator\components\com_rsform\views\forms\tmpl\edit_emails.php --> ftp3.ftptoyoursite.com /web/content/SITEBACKUP_962012/administrator/components/com_rsform/views/forms/tmpl edit_emails.php
2012.09.06 15:03 B C:\inetpub\wwwroot\administrator\components\com_rsform\views\forms\tmpl\edit_emailscripts.php --> ftp3.ftptoyoursite.com /web/content/SITEBACKUP_962012/administrator/components/com_rsform/views/forms/tmpl edit_emailscripts.php
2012.09.06 15:03 B C:\inetpub\wwwroot\administrator\components\com_rsform\views\forms\tmpl\edit_form.php --> ftp3.ftptoyoursite.com /web/content/SITEBACKUP_962012/administrator/components/com_rsform/views/forms/tmpl edit_form.php
2012.09.06 15:03 B C:\inetpub\wwwroot\administrator\components\com_rsform\views\forms\tmpl\edit_formattr.php --> ftp3.ftptoyoursite.com /web/content/SITEBACKUP_962012/administrator/components/com_rsform/views/forms/tmpl edit_formattr.php
2012.09.06 15:03 B C:\inetpub\wwwroot\administrator\components\com_rsform\views\forms\tmpl\edit_layout.php --> ftp3.ftptoyoursite.com /web/content/SITEBACKUP_962012/administrator/components/com_rsform/views/forms/tmpl edit_layout.php
2012.09.06 15:03 B C:\inetpub\wwwroot\administrator\components\com_rsform\views\forms\tmpl\edit_mappings.php --> ftp3.ftptoyoursite.com /web/content/SITEBACKUP_962012/administrator/components/com_rsform/views/forms/tmpl edit_mappings.php
2012.09.06 15:03 B C:\inetpub\wwwroot\administrator\components\com_rsform\views\forms\tmpl\edit_meta.php --> ftp3.ftptoyoursite.com /web/content/SITEBACKUP_962012/administrator/components/com_rsform/views/forms/tmpl edit_meta.php
2012.09.06 15:03 B C:\inetpub\wwwroot\administrator\components\com_rsform\views\forms\tmpl\edit_scripts.php --> ftp3.ftptoyoursite.com /web/content/SITEBACKUP_962012/administrator/components/com_rsform/views/forms/tmpl edit_scripts.php
2012.09.06 15:03 B C:\inetpub\wwwroot\administrator\components\com_rsform\views\forms\tmpl\edit_theme.php --> ftp3.ftptoyoursite.com /web/content/SITEBACKUP_962012/administrator/components/com_rsform/views/forms/tmpl edit_theme.php
2012.09.06 15:03 B C:\inetpub\wwwroot\administrator\components\com_rsform\views\forms\tmpl\edit_user.php --> ftp3.ftptoyoursite.com /web/content/SITEBACKUP_962012/administrator/components/com_rsform/views/forms/tmpl edit_user.php
2012.09.06 15:03 B C:\inetpub\wwwroot\administrator\components\com_rsform\views\forms\tmpl\emails.php --> ftp3.ftptoyoursite.com /web/content/SITEBACKUP_962012/administrator/components/com_rsform/views/forms/tmpl emails.php
2012.09.06 15:03 B C:\inetpub\wwwroot\administrator\components\com_rsform\views\forms\tmpl\index.html --> ftp3.ftptoyoursite.com /web/content/SITEBACKUP_962012/administrator/components/com_rsform/views/forms/tmpl index.html
2012.09.06 15:03 B C:\inetpub\wwwroot\administrator\components\com_rsform\views\forms\tmpl\new.php --> ftp3.ftptoyoursite.com /web/content/SITEBACKUP_962012/administrator/components/com_rsform/views/forms/tmpl new.php
2012.09.06 15:03 B C:\inetpub\wwwroot\administrator\components\com_rsform\views\forms\tmpl\new2.php --> ftp3.ftptoyoursite.com /web/content/SITEBACKUP_962012/administrator/components/com_rsform/views/forms/tmpl new2.php
2012.09.06 15:03 B C:\inetpub\wwwroot\administrator\components\com_rsform\views\forms\tmpl\new3.php --> ftp3.ftptoyoursite.com /web/content/SITEBACKUP_962012/administrator/components/com_rsform/views/forms/tmpl new3.php
2012.09.06 15:03 B C:\inetpub\wwwroot\administrator\components\com_rsform\views\forms\tmpl\richtext.php --> ftp3.ftptoyoursite.com /web/content/SITEBACKUP_962012/administrator/components/com_rsform/views/forms/tmpl richtext.php
2012.09.06 15:03 B C:\inetpub\wwwroot\administrator\components\com_rsform\views\forms\tmpl\show.php --> ftp3.ftptoyoursite.com /web/content/SITEBACKUP_962012/administrator/components/com_rsform/views/forms/tmpl show.php
2012.09.06 15:03 B C:\inetpub\wwwroot\administrator\components\com_rsform\views\forms\tmpl\WS_FTP.LOG --> ftp3.ftptoyoursite.com /web/content/SITEBACKUP_962012/administrator/components/com_rsform/views/forms/tmpl WS_FTP.LOG
2012.09.06 15:45 B C:\inetpub\wwwroot\administrator\components\com_rsform\views\forms\tmpl\component_copy.php <-- Schubert Rackspace /web/content/SITEBACKUP_962012/administrator/components/com_rsform/views/forms/tmpl component_copy.php
2012.09.06 15:45 B C:\inetpub\wwwroot\administrator\components\com_rsform\views\forms\tmpl\default.php <-- Schubert Rackspace /web/content/SITEBACKUP_962012/administrator/components/com_rsform/views/forms/tmpl default.php
2012.09.06 15:45 B C:\inetpub\wwwroot\administrator\components\com_rsform\views\forms\tmpl\edit.php <-- Schubert Rackspace /web/content/SITEBACKUP_962012/administrator/components/com_rsform/views/forms/tmpl edit.php
2012.09.06 15:45 B C:\inetpub\wwwroot\administrator\components\com_rsform\views\forms\tmpl\edit_admin.php <-- Schubert Rackspace /web/content/SITEBACKUP_962012/administrator/components/com_rsform/views/forms/tmpl edit_admin.php
2012.09.06 15:45 B C:\inetpub\wwwroot\administrator\components\com_rsform\views\forms\tmpl\edit_components.php <-- Schubert Rackspace /web/content/SITEBACKUP_962012/administrator/components/com_rsform/views/forms/tmpl edit_components.php
2012.09.06 15:45 B C:\inetpub\wwwroot\administrator\components\com_rsform\views\forms\tmpl\edit_conditions.php <-- Schubert Rackspace /web/content/SITEBACKUP_962012/administrator/components/com_rsform/views/forms/tmpl edit_conditions.php
2012.09.06 15:45 B C:\inetpub\wwwroot\administrator\components\com_rsform\views\forms\tmpl\edit_cssjs.php <-- Schubert Rackspace /web/content/SITEBACKUP_962012/administrator/components/com_rsform/views/forms/tmpl edit_cssjs.php
2012.09.06 15:45 B C:\inetpub\wwwroot\administrator\components\com_rsform\views\forms\tmpl\edit_emails.php <-- Schubert Rackspace /web/content/SITEBACKUP_962012/administrator/components/com_rsform/views/forms/tmpl edit_emails.php
2012.09.06 15:45 B C:\inetpub\wwwroot\administrator\components\com_rsform\views\forms\tmpl\edit_emailscripts.php <-- Schubert Rackspace /web/content/SITEBACKUP_962012/administrator/components/com_rsform/views/forms/tmpl edit_emailscripts.php
2012.09.06 15:45 B C:\inetpub\wwwroot\administrator\components\com_rsform\views\forms\tmpl\edit_form.php <-- Schubert Rackspace /web/content/SITEBACKUP_962012/administrator/components/com_rsform/views/forms/tmpl edit_form.php
2012.09.06 15:45 B C:\inetpub\wwwroot\administrator\components\com_rsform\views\forms\tmpl\edit_formattr.php <-- Schubert Rackspace /web/content/SITEBACKUP_962012/administrator/components/com_rsform/views/forms/tmpl edit_formattr.php
2012.09.06 15:45 B C:\inetpub\wwwroot\administrator\components\com_rsform\views\forms\tmpl\edit_layout.php <-- Schubert Rackspace /web/content/SITEBACKUP_962012/administrator/components/com_rsform/views/forms/tmpl edit_layout.php
2012.09.06 15:45 B C:\inetpub\wwwroot\administrator\components\com_rsform\views\forms\tmpl\edit_mappings.php <-- Schubert Rackspace /web/content/SITEBACKUP_962012/administrator/components/com_rsform/views/forms/tmpl edit_mappings.php
2012.09.06 15:45 B C:\inetpub\wwwroot\administrator\components\com_rsform\views\forms\tmpl\edit_meta.php <-- Schubert Rackspace /web/content/SITEBACKUP_962012/administrator/components/com_rsform/views/forms/tmpl edit_meta.php
2012.09.06 15:45 B C:\inetpub\wwwroot\administrator\components\com_rsform\views\forms\tmpl\edit_scripts.php <-- Schubert Rackspace /web/content/SITEBACKUP_962012/administrator/components/com_rsform/views/forms/tmpl edit_scripts.php
2012.09.06 15:45 B C:\inetpub\wwwroot\administrator\components\com_rsform\views\forms\tmpl\edit_theme.php <-- Schubert Rackspace /web/content/SITEBACKUP_962012/administrator/components/com_rsform/views/forms/tmpl edit_theme.php
2012.09.06 15:45 B C:\inetpub\wwwroot\administrator\components\com_rsform\views\forms\tmpl\edit_user.php <-- Schubert Rackspace /web/content/SITEBACKUP_962012/administrator/components/com_rsform/views/forms/tmpl edit_user.php
2012.09.06 15:45 B C:\inetpub\wwwroot\administrator\components\com_rsform\views\forms\tmpl\emails.php <-- Schubert Rackspace /web/content/SITEBACKUP_962012/administrator/components/com_rsform/views/forms/tmpl emails.php
2012.09.06 15:45 B C:\inetpub\wwwroot\administrator\components\com_rsform\views\forms\tmpl\index.html <-- Schubert Rackspace /web/content/SITEBACKUP_962012/administrator/components/com_rsform/views/forms/tmpl index.html
2012.09.06 15:45 B C:\inetpub\wwwroot\administrator\components\com_rsform\views\forms\tmpl\new.php <-- Schubert Rackspace /web/content/SITEBACKUP_962012/administrator/components/com_rsform/views/forms/tmpl new.php
2012.09.06 15:45 B C:\inetpub\wwwroot\administrator\components\com_rsform\views\forms\tmpl\new2.php <-- Schubert Rackspace /web/content/SITEBACKUP_962012/administrator/components/com_rsform/views/forms/tmpl new2.php
2012.09.06 15:45 B C:\inetpub\wwwroot\administrator\components\com_rsform\views\forms\tmpl\new3.php <-- Schubert Rackspace /web/content/SITEBACKUP_962012/administrator/components/com_rsform/views/forms/tmpl new3.php
2012.09.06 15:45 B C:\inetpub\wwwroot\administrator\components\com_rsform\views\forms\tmpl\richtext.php <-- Schubert Rackspace /web/content/SITEBACKUP_962012/administrator/components/com_rsform/views/forms/tmpl richtext.php
2012.09.06 15:45 B C:\inetpub\wwwroot\administrator\components\com_rsform\views\forms\tmpl\show.php <-- Schubert Rackspace /web/content/SITEBACKUP_962012/administrator/components/com_rsform/views/forms/tmpl show.php
2012.10.23 09:07 B C:\inetpub\wwwroot\administrator\components\com_rsform\views\forms\tmpl\component_copy.php --> ftp3.ftptoyoursite.com /web/content/administrator/components/com_rsform/views/forms/tmpl component_copy.php
2012.10.23 09:07 B C:\inetpub\wwwroot\administrator\components\com_rsform\views\forms\tmpl\default.php --> ftp3.ftptoyoursite.com /web/content/administrator/components/com_rsform/views/forms/tmpl default.php
2012.10.23 09:07 B C:\inetpub\wwwroot\administrator\components\com_rsform\views\forms\tmpl\edit.php --> ftp3.ftptoyoursite.com /web/content/administrator/components/com_rsform/views/forms/tmpl edit.php
2012.10.23 09:07 B C:\inetpub\wwwroot\administrator\components\com_rsform\views\forms\tmpl\edit_admin.php --> ftp3.ftptoyoursite.com /web/content/administrator/components/com_rsform/views/forms/tmpl edit_admin.php
2012.10.23 09:07 B C:\inetpub\wwwroot\administrator\components\com_rsform\views\forms\tmpl\edit_components.php --> ftp3.ftptoyoursite.com /web/content/administrator/components/com_rsform/views/forms/tmpl edit_components.php
2012.10.23 09:07 B C:\inetpub\wwwroot\administrator\components\com_rsform\views\forms\tmpl\edit_conditions.php --> ftp3.ftptoyoursite.com /web/content/administrator/components/com_rsform/views/forms/tmpl edit_conditions.php
2012.10.23 09:07 B C:\inetpub\wwwroot\administrator\components\com_rsform\views\forms\tmpl\edit_cssjs.php --> ftp3.ftptoyoursite.com /web/content/administrator/components/com_rsform/views/forms/tmpl edit_cssjs.php
2012.10.23 09:07 B C:\inetpub\wwwroot\administrator\components\com_rsform\views\forms\tmpl\edit_emails.php --> ftp3.ftptoyoursite.com /web/content/administrator/components/com_rsform/views/forms/tmpl edit_emails.php
2012.10.23 09:07 B C:\inetpub\wwwroot\administrator\components\com_rsform\views\forms\tmpl\edit_emailscripts.php --> ftp3.ftptoyoursite.com /web/content/administrator/components/com_rsform/views/forms/tmpl edit_emailscripts.php
2012.10.23 09:07 B C:\inetpub\wwwroot\administrator\components\com_rsform\views\forms\tmpl\edit_form.php --> ftp3.ftptoyoursite.com /web/content/administrator/components/com_rsform/views/forms/tmpl edit_form.php
2012.10.23 09:07 B C:\inetpub\wwwroot\administrator\components\com_rsform\views\forms\tmpl\edit_formattr.php --> ftp3.ftptoyoursite.com /web/content/administrator/components/com_rsform/views/forms/tmpl edit_formattr.php
2012.10.23 09:07 B C:\inetpub\wwwroot\administrator\components\com_rsform\views\forms\tmpl\edit_layout.php --> ftp3.ftptoyoursite.com /web/content/administrator/components/com_rsform/views/forms/tmpl edit_layout.php
2012.10.23 09:07 B C:\inetpub\wwwroot\administrator\components\com_rsform\views\forms\tmpl\edit_mappings.php --> ftp3.ftptoyoursite.com /web/content/administrator/components/com_rsform/views/forms/tmpl edit_mappings.php
2012.10.23 09:07 B C:\inetpub\wwwroot\administrator\components\com_rsform\views\forms\tmpl\edit_meta.php --> ftp3.ftptoyoursite.com /web/content/administrator/components/com_rsform/views/forms/tmpl edit_meta.php
2012.10.23 09:07 B C:\inetpub\wwwroot\administrator\components\com_rsform\views\forms\tmpl\edit_scripts.php --> ftp3.ftptoyoursite.com /web/content/administrator/components/com_rsform/views/forms/tmpl edit_scripts.php
2012.10.23 09:07 B C:\inetpub\wwwroot\administrator\components\com_rsform\views\forms\tmpl\edit_theme.php --> ftp3.ftptoyoursite.com /web/content/administrator/components/com_rsform/views/forms/tmpl edit_theme.php
2012.10.23 09:07 B C:\inetpub\wwwroot\administrator\components\com_rsform\views\forms\tmpl\edit_user.php --> ftp3.ftptoyoursite.com /web/content/administrator/components/com_rsform/views/forms/tmpl edit_user.php
2012.10.23 09:07 B C:\inetpub\wwwroot\administrator\components\com_rsform\views\forms\tmpl\emails.php --> ftp3.ftptoyoursite.com /web/content/administrator/components/com_rsform/views/forms/tmpl emails.php
2012.10.23 09:07 B C:\inetpub\wwwroot\administrator\components\com_rsform\views\forms\tmpl\index.html --> ftp3.ftptoyoursite.com /web/content/administrator/components/com_rsform/views/forms/tmpl index.html
2012.10.23 09:07 B C:\inetpub\wwwroot\administrator\components\com_rsform\views\forms\tmpl\new.php --> ftp3.ftptoyoursite.com /web/content/administrator/components/com_rsform/views/forms/tmpl new.php
2012.10.23 09:07 B C:\inetpub\wwwroot\administrator\components\com_rsform\views\forms\tmpl\new2.php --> ftp3.ftptoyoursite.com /web/content/administrator/components/com_rsform/views/forms/tmpl new2.php
2012.10.23 09:07 B C:\inetpub\wwwroot\administrator\components\com_rsform\views\forms\tmpl\new3.php --> ftp3.ftptoyoursite.com /web/content/administrator/components/com_rsform/views/forms/tmpl new3.php
2012.10.23 09:07 B C:\inetpub\wwwroot\administrator\components\com_rsform\views\forms\tmpl\richtext.php --> ftp3.ftptoyoursite.com /web/content/administrator/components/com_rsform/views/forms/tmpl richtext.php
2012.10.23 09:07 B C:\inetpub\wwwroot\administrator\components\com_rsform\views\forms\tmpl\show.php --> ftp3.ftptoyoursite.com /web/content/administrator/components/com_rsform/views/forms/tmpl show.php
2012.10.23 09:07 B C:\inetpub\wwwroot\administrator\components\com_rsform\views\forms\tmpl\WS_FTP.LOG --> ftp3.ftptoyoursite.com /web/content/administrator/components/com_rsform/views/forms/tmpl WS_FTP.LOG
2013.02.01 14:43 B C:\inetpub\wwwroot\administrator\components\com_rsform\views\forms\tmpl\WS_FTP.LOG <-- Schubert Rackspace /web/content/administrator/components/com_rsform/views/forms/tmpl WS_FTP.LOG
