2012.07.25 12:13 B C:\Users\COBRIEN\Desktop\Schubert\administrator\manifests\packages\index.html <-- Schubert Rackspace /web/content/administrator/manifests/packages index.html
2012.07.25 12:13 B C:\Users\COBRIEN\Desktop\Schubert\administrator\manifests\packages\pkg_de-DE.xml <-- Schubert Rackspace /web/content/administrator/manifests/packages pkg_de-DE.xml
2012.07.25 12:13 B C:\Users\COBRIEN\Desktop\Schubert\administrator\manifests\packages\pkg_joomla.xml <-- Schubert Rackspace /web/content/administrator/manifests/packages pkg_joomla.xml
2012.07.25 12:13 B C:\Users\COBRIEN\Desktop\Schubert\administrator\manifests\packages\pkg_nb-NO.xml <-- Schubert Rackspace /web/content/administrator/manifests/packages pkg_nb-NO.xml
2012.07.25 12:13 B C:\Users\COBRIEN\Desktop\Schubert\administrator\manifests\packages\pkg_nl-NL.xml <-- Schubert Rackspace /web/content/administrator/manifests/packages pkg_nl-NL.xml
2012.09.04 10:47 B C:\inetpub\wwwroot\administrator\manifests\packages\index.html --> ftp3.ftptoyoursite.com /web/content/SITE-TEST/administrator/manifests/packages index.html
2012.09.04 10:47 B C:\inetpub\wwwroot\administrator\manifests\packages\pkg_de-DE.xml --> ftp3.ftptoyoursite.com /web/content/SITE-TEST/administrator/manifests/packages pkg_de-DE.xml
2012.09.04 10:47 B C:\inetpub\wwwroot\administrator\manifests\packages\pkg_fr-FR.xml --> ftp3.ftptoyoursite.com /web/content/SITE-TEST/administrator/manifests/packages pkg_fr-FR.xml
2012.09.04 10:47 B C:\inetpub\wwwroot\administrator\manifests\packages\pkg_joomla.xml --> ftp3.ftptoyoursite.com /web/content/SITE-TEST/administrator/manifests/packages pkg_joomla.xml
2012.09.04 10:47 B C:\inetpub\wwwroot\administrator\manifests\packages\pkg_nb-NO.xml --> ftp3.ftptoyoursite.com /web/content/SITE-TEST/administrator/manifests/packages pkg_nb-NO.xml
2012.09.04 10:47 B C:\inetpub\wwwroot\administrator\manifests\packages\pkg_nl-NL.xml --> ftp3.ftptoyoursite.com /web/content/SITE-TEST/administrator/manifests/packages pkg_nl-NL.xml
2012.09.04 10:47 B C:\inetpub\wwwroot\administrator\manifests\packages\pkg_site_es-ES.xml --> ftp3.ftptoyoursite.com /web/content/SITE-TEST/administrator/manifests/packages pkg_site_es-ES.xml
2012.09.04 10:47 B C:\inetpub\wwwroot\administrator\manifests\packages\WS_FTP.LOG --> ftp3.ftptoyoursite.com /web/content/SITE-TEST/administrator/manifests/packages WS_FTP.LOG
2012.09.06 15:05 B C:\inetpub\wwwroot\administrator\manifests\packages\index.html --> ftp3.ftptoyoursite.com /web/content/SITEBACKUP_962012/administrator/manifests/packages index.html
2012.09.06 15:05 B C:\inetpub\wwwroot\administrator\manifests\packages\pkg_de-DE.xml --> ftp3.ftptoyoursite.com /web/content/SITEBACKUP_962012/administrator/manifests/packages pkg_de-DE.xml
2012.09.06 15:05 B C:\inetpub\wwwroot\administrator\manifests\packages\pkg_fr-FR.xml --> ftp3.ftptoyoursite.com /web/content/SITEBACKUP_962012/administrator/manifests/packages pkg_fr-FR.xml
2012.09.06 15:05 B C:\inetpub\wwwroot\administrator\manifests\packages\pkg_joomla.xml --> ftp3.ftptoyoursite.com /web/content/SITEBACKUP_962012/administrator/manifests/packages pkg_joomla.xml
2012.09.06 15:05 B C:\inetpub\wwwroot\administrator\manifests\packages\pkg_nb-NO.xml --> ftp3.ftptoyoursite.com /web/content/SITEBACKUP_962012/administrator/manifests/packages pkg_nb-NO.xml
2012.09.06 15:05 B C:\inetpub\wwwroot\administrator\manifests\packages\pkg_nl-NL.xml --> ftp3.ftptoyoursite.com /web/content/SITEBACKUP_962012/administrator/manifests/packages pkg_nl-NL.xml
2012.09.06 15:05 B C:\inetpub\wwwroot\administrator\manifests\packages\pkg_site_es-ES.xml --> ftp3.ftptoyoursite.com /web/content/SITEBACKUP_962012/administrator/manifests/packages pkg_site_es-ES.xml
2012.09.06 15:05 B C:\inetpub\wwwroot\administrator\manifests\packages\WS_FTP.LOG --> ftp3.ftptoyoursite.com /web/content/SITEBACKUP_962012/administrator/manifests/packages WS_FTP.LOG
2012.09.06 15:47 B C:\inetpub\wwwroot\administrator\manifests\packages\index.html <-- Schubert Rackspace /web/content/SITEBACKUP_962012/administrator/manifests/packages index.html
2012.09.06 15:47 B C:\inetpub\wwwroot\administrator\manifests\packages\pkg_de-DE.xml <-- Schubert Rackspace /web/content/SITEBACKUP_962012/administrator/manifests/packages pkg_de-DE.xml
2012.09.06 15:47 B C:\inetpub\wwwroot\administrator\manifests\packages\pkg_fr-FR.xml <-- Schubert Rackspace /web/content/SITEBACKUP_962012/administrator/manifests/packages pkg_fr-FR.xml
2012.09.06 15:47 B C:\inetpub\wwwroot\administrator\manifests\packages\pkg_joomla.xml <-- Schubert Rackspace /web/content/SITEBACKUP_962012/administrator/manifests/packages pkg_joomla.xml
2012.09.06 15:47 B C:\inetpub\wwwroot\administrator\manifests\packages\pkg_nb-NO.xml <-- Schubert Rackspace /web/content/SITEBACKUP_962012/administrator/manifests/packages pkg_nb-NO.xml
2012.09.06 15:47 B C:\inetpub\wwwroot\administrator\manifests\packages\pkg_nl-NL.xml <-- Schubert Rackspace /web/content/SITEBACKUP_962012/administrator/manifests/packages pkg_nl-NL.xml
2012.09.06 15:47 B C:\inetpub\wwwroot\administrator\manifests\packages\pkg_site_es-ES.xml <-- Schubert Rackspace /web/content/SITEBACKUP_962012/administrator/manifests/packages pkg_site_es-ES.xml
2012.10.23 09:09 B C:\inetpub\wwwroot\administrator\manifests\packages\index.html --> ftp3.ftptoyoursite.com /web/content/administrator/manifests/packages index.html
2012.10.23 09:09 B C:\inetpub\wwwroot\administrator\manifests\packages\pkg_de-DE.xml --> ftp3.ftptoyoursite.com /web/content/administrator/manifests/packages pkg_de-DE.xml
2012.10.23 09:09 B C:\inetpub\wwwroot\administrator\manifests\packages\pkg_fr-FR.xml --> ftp3.ftptoyoursite.com /web/content/administrator/manifests/packages pkg_fr-FR.xml
2012.10.23 09:09 B C:\inetpub\wwwroot\administrator\manifests\packages\pkg_joomla.xml --> ftp3.ftptoyoursite.com /web/content/administrator/manifests/packages pkg_joomla.xml
2012.10.23 09:09 B C:\inetpub\wwwroot\administrator\manifests\packages\pkg_nb-NO.xml --> ftp3.ftptoyoursite.com /web/content/administrator/manifests/packages pkg_nb-NO.xml
2012.10.23 09:09 B C:\inetpub\wwwroot\administrator\manifests\packages\pkg_nl-NL.xml --> ftp3.ftptoyoursite.com /web/content/administrator/manifests/packages pkg_nl-NL.xml
2012.10.23 09:09 B C:\inetpub\wwwroot\administrator\manifests\packages\pkg_site_es-ES.xml --> ftp3.ftptoyoursite.com /web/content/administrator/manifests/packages pkg_site_es-ES.xml
2012.10.23 09:09 B C:\inetpub\wwwroot\administrator\manifests\packages\WS_FTP.LOG --> ftp3.ftptoyoursite.com /web/content/administrator/manifests/packages WS_FTP.LOG
2013.02.01 14:45 B C:\inetpub\wwwroot\administrator\manifests\packages\WS_FTP.LOG <-- Schubert Rackspace /web/content/administrator/manifests/packages WS_FTP.LOG
