2012.07.25 12:12 B C:\Users\COBRIEN\Desktop\Schubert\administrator\includes\application.php <-- Schubert Rackspace /web/content/administrator/includes application.php
2012.07.25 12:12 B C:\Users\COBRIEN\Desktop\Schubert\administrator\includes\defines.php <-- Schubert Rackspace /web/content/administrator/includes defines.php
2012.07.25 12:12 B C:\Users\COBRIEN\Desktop\Schubert\administrator\includes\framework.php <-- Schubert Rackspace /web/content/administrator/includes framework.php
2012.07.25 12:12 B C:\Users\COBRIEN\Desktop\Schubert\administrator\includes\helper.php <-- Schubert Rackspace /web/content/administrator/includes helper.php
2012.07.25 12:12 B C:\Users\COBRIEN\Desktop\Schubert\administrator\includes\index.html <-- Schubert Rackspace /web/content/administrator/includes index.html
2012.07.25 12:12 B C:\Users\COBRIEN\Desktop\Schubert\administrator\includes\menu.php <-- Schubert Rackspace /web/content/administrator/includes menu.php
2012.07.25 12:12 B C:\Users\COBRIEN\Desktop\Schubert\administrator\includes\router.php <-- Schubert Rackspace /web/content/administrator/includes router.php
2012.07.25 12:12 B C:\Users\COBRIEN\Desktop\Schubert\administrator\includes\toolbar.php <-- Schubert Rackspace /web/content/administrator/includes toolbar.php
2012.09.04 10:46 B C:\inetpub\wwwroot\administrator\includes\application.php --> ftp3.ftptoyoursite.com /web/content/SITE-TEST/administrator/includes application.php
2012.09.04 10:46 B C:\inetpub\wwwroot\administrator\includes\defines.php --> ftp3.ftptoyoursite.com /web/content/SITE-TEST/administrator/includes defines.php
2012.09.04 10:46 B C:\inetpub\wwwroot\administrator\includes\framework.php --> ftp3.ftptoyoursite.com /web/content/SITE-TEST/administrator/includes framework.php
2012.09.04 10:46 B C:\inetpub\wwwroot\administrator\includes\helper.php --> ftp3.ftptoyoursite.com /web/content/SITE-TEST/administrator/includes helper.php
2012.09.04 10:46 B C:\inetpub\wwwroot\administrator\includes\index.html --> ftp3.ftptoyoursite.com /web/content/SITE-TEST/administrator/includes index.html
2012.09.04 10:46 B C:\inetpub\wwwroot\administrator\includes\menu.php --> ftp3.ftptoyoursite.com /web/content/SITE-TEST/administrator/includes menu.php
2012.09.04 10:46 B C:\inetpub\wwwroot\administrator\includes\router.php --> ftp3.ftptoyoursite.com /web/content/SITE-TEST/administrator/includes router.php
2012.09.04 10:46 B C:\inetpub\wwwroot\administrator\includes\toolbar.php --> ftp3.ftptoyoursite.com /web/content/SITE-TEST/administrator/includes toolbar.php
2012.09.04 10:46 B C:\inetpub\wwwroot\administrator\includes\WS_FTP.LOG --> ftp3.ftptoyoursite.com /web/content/SITE-TEST/administrator/includes WS_FTP.LOG
2012.09.06 15:04 B C:\inetpub\wwwroot\administrator\includes\application.php --> ftp3.ftptoyoursite.com /web/content/SITEBACKUP_962012/administrator/includes application.php
2012.09.06 15:04 B C:\inetpub\wwwroot\administrator\includes\defines.php --> ftp3.ftptoyoursite.com /web/content/SITEBACKUP_962012/administrator/includes defines.php
2012.09.06 15:04 B C:\inetpub\wwwroot\administrator\includes\framework.php --> ftp3.ftptoyoursite.com /web/content/SITEBACKUP_962012/administrator/includes framework.php
2012.09.06 15:04 B C:\inetpub\wwwroot\administrator\includes\helper.php --> ftp3.ftptoyoursite.com /web/content/SITEBACKUP_962012/administrator/includes helper.php
2012.09.06 15:04 B C:\inetpub\wwwroot\administrator\includes\index.html --> ftp3.ftptoyoursite.com /web/content/SITEBACKUP_962012/administrator/includes index.html
2012.09.06 15:04 B C:\inetpub\wwwroot\administrator\includes\menu.php --> ftp3.ftptoyoursite.com /web/content/SITEBACKUP_962012/administrator/includes menu.php
2012.09.06 15:04 B C:\inetpub\wwwroot\administrator\includes\router.php --> ftp3.ftptoyoursite.com /web/content/SITEBACKUP_962012/administrator/includes router.php
2012.09.06 15:04 B C:\inetpub\wwwroot\administrator\includes\toolbar.php --> ftp3.ftptoyoursite.com /web/content/SITEBACKUP_962012/administrator/includes toolbar.php
2012.09.06 15:04 B C:\inetpub\wwwroot\administrator\includes\WS_FTP.LOG --> ftp3.ftptoyoursite.com /web/content/SITEBACKUP_962012/administrator/includes WS_FTP.LOG
2012.09.06 15:46 B C:\inetpub\wwwroot\administrator\includes\application.php <-- Schubert Rackspace /web/content/SITEBACKUP_962012/administrator/includes application.php
2012.09.06 15:46 B C:\inetpub\wwwroot\administrator\includes\defines.php <-- Schubert Rackspace /web/content/SITEBACKUP_962012/administrator/includes defines.php
2012.09.06 15:46 B C:\inetpub\wwwroot\administrator\includes\framework.php <-- Schubert Rackspace /web/content/SITEBACKUP_962012/administrator/includes framework.php
2012.09.06 15:46 B C:\inetpub\wwwroot\administrator\includes\helper.php <-- Schubert Rackspace /web/content/SITEBACKUP_962012/administrator/includes helper.php
2012.09.06 15:46 B C:\inetpub\wwwroot\administrator\includes\index.html <-- Schubert Rackspace /web/content/SITEBACKUP_962012/administrator/includes index.html
2012.09.06 15:46 B C:\inetpub\wwwroot\administrator\includes\menu.php <-- Schubert Rackspace /web/content/SITEBACKUP_962012/administrator/includes menu.php
2012.09.06 15:46 B C:\inetpub\wwwroot\administrator\includes\router.php <-- Schubert Rackspace /web/content/SITEBACKUP_962012/administrator/includes router.php
2012.09.06 15:46 B C:\inetpub\wwwroot\administrator\includes\toolbar.php <-- Schubert Rackspace /web/content/SITEBACKUP_962012/administrator/includes toolbar.php
2012.10.23 09:08 B C:\inetpub\wwwroot\administrator\includes\application.php --> ftp3.ftptoyoursite.com /web/content/administrator/includes application.php
2012.10.23 09:08 B C:\inetpub\wwwroot\administrator\includes\defines.php --> ftp3.ftptoyoursite.com /web/content/administrator/includes defines.php
2012.10.23 09:08 B C:\inetpub\wwwroot\administrator\includes\framework.php --> ftp3.ftptoyoursite.com /web/content/administrator/includes framework.php
2012.10.23 09:08 B C:\inetpub\wwwroot\administrator\includes\helper.php --> ftp3.ftptoyoursite.com /web/content/administrator/includes helper.php
2012.10.23 09:08 B C:\inetpub\wwwroot\administrator\includes\index.html --> ftp3.ftptoyoursite.com /web/content/administrator/includes index.html
2012.10.23 09:08 B C:\inetpub\wwwroot\administrator\includes\menu.php --> ftp3.ftptoyoursite.com /web/content/administrator/includes menu.php
2012.10.23 09:08 B C:\inetpub\wwwroot\administrator\includes\router.php --> ftp3.ftptoyoursite.com /web/content/administrator/includes router.php
2012.10.23 09:08 B C:\inetpub\wwwroot\administrator\includes\toolbar.php --> ftp3.ftptoyoursite.com /web/content/administrator/includes toolbar.php
2012.10.23 09:08 B C:\inetpub\wwwroot\administrator\includes\WS_FTP.LOG --> ftp3.ftptoyoursite.com /web/content/administrator/includes WS_FTP.LOG
2013.02.01 14:44 B C:\inetpub\wwwroot\administrator\includes\WS_FTP.LOG <-- Schubert Rackspace /web/content/administrator/includes WS_FTP.LOG
