2012.09.06 12:07 B C:\inetpub\wwwroot\plugins\system\slider\js\index.html --> ftp3.ftptoyoursite.com /web/content/plugins/system/slider/js index.html
2012.09.06 12:07 B C:\inetpub\wwwroot\plugins\system\slider\js\script.js --> ftp3.ftptoyoursite.com /web/content/plugins/system/slider/js script.js
2012.09.06 12:12 B C:\inetpub\wwwroot\plugins\system\slider\js\script.js <-- Schubert Rackspace /web/content/plugins/system/slider/js script.js
2012.09.06 12:42 B C:\inetpub\wwwroot\plugins\system\slider\js\script.js <-- Schubert Rackspace /web/content/plugins/system/slider/js script.js
2012.09.06 12:44 B C:\inetpub\wwwroot\plugins\system\slider\js\script.js <-- Schubert Rackspace /web/content/plugins/system/slider/js script.js
2012.09.06 12:51 B C:\inetpub\wwwroot\plugins\system\slider\js\script.js <-- Schubert Rackspace /web/content/plugins/system/slider/js script.js
2012.09.06 12:51 B C:\inetpub\wwwroot\plugins\system\slider\js\script.js <-- Schubert Rackspace /web/content/plugins/system/slider/js script.js
2012.09.06 12:52 B C:\inetpub\wwwroot\plugins\system\slider\js\script.js <-- Schubert Rackspace /web/content/plugins/system/slider/js script.js
2012.09.06 12:59 B C:\inetpub\wwwroot\plugins\system\slider\js\script.js <-- Schubert Rackspace /web/content/plugins/system/slider/js script.js
2012.09.06 12:59 B C:\inetpub\wwwroot\plugins\system\slider\js\script.js <-- Schubert Rackspace /web/content/plugins/system/slider/js script.js
2012.09.06 13:02 B C:\inetpub\wwwroot\plugins\system\slider\js\script.js <-- Schubert Rackspace /web/content/plugins/system/slider/js script.js
2012.09.06 13:03 B C:\inetpub\wwwroot\plugins\system\slider\js\script.js <-- Schubert Rackspace /web/content/plugins/system/slider/js script.js
2012.09.06 13:03 B C:\inetpub\wwwroot\plugins\system\slider\js\script.js <-- Schubert Rackspace /web/content/plugins/system/slider/js script.js
2012.09.06 13:03 B C:\inetpub\wwwroot\plugins\system\slider\js\script.js <-- Schubert Rackspace /web/content/plugins/system/slider/js script.js
2012.09.06 13:03 B C:\inetpub\wwwroot\plugins\system\slider\js\script.js <-- Schubert Rackspace /web/content/plugins/system/slider/js script.js
2012.09.06 13:03 B C:\inetpub\wwwroot\plugins\system\slider\js\script.js <-- Schubert Rackspace /web/content/plugins/system/slider/js script.js
2012.09.06 13:11 B C:\inetpub\wwwroot\plugins\system\slider\js\script.js <-- Schubert Rackspace /web/content/plugins/system/slider/js script.js
2012.09.06 13:11 B C:\inetpub\wwwroot\plugins\system\slider\js\script.js <-- Schubert Rackspace /web/content/plugins/system/slider/js script.js
2012.09.06 13:12 B C:\inetpub\wwwroot\plugins\system\slider\js\script.js <-- Schubert Rackspace /web/content/plugins/system/slider/js script.js
2012.09.06 13:13 B C:\inetpub\wwwroot\plugins\system\slider\js\script.js <-- Schubert Rackspace /web/content/plugins/system/slider/js script.js
2012.09.06 15:16 B C:\inetpub\wwwroot\plugins\system\slider\js\index.html --> ftp3.ftptoyoursite.com /web/content/SITEBACKUP_962012/plugins/system/slider/js index.html
2012.09.06 15:16 B C:\inetpub\wwwroot\plugins\system\slider\js\script.js --> ftp3.ftptoyoursite.com /web/content/SITEBACKUP_962012/plugins/system/slider/js script.js
2012.09.06 15:16 B C:\inetpub\wwwroot\plugins\system\slider\js\WS_FTP.LOG --> ftp3.ftptoyoursite.com /web/content/SITEBACKUP_962012/plugins/system/slider/js WS_FTP.LOG
2012.10.23 09:18 B C:\inetpub\wwwroot\plugins\system\slider\js\index.html --> ftp3.ftptoyoursite.com /web/content/plugins/system/slider/js index.html
2012.10.23 09:18 B C:\inetpub\wwwroot\plugins\system\slider\js\script.js --> ftp3.ftptoyoursite.com /web/content/plugins/system/slider/js script.js
2012.10.23 09:18 B C:\inetpub\wwwroot\plugins\system\slider\js\WS_FTP.LOG --> ftp3.ftptoyoursite.com /web/content/plugins/system/slider/js WS_FTP.LOG
2013.02.01 15:04 B C:\inetpub\wwwroot\plugins\system\slider\js\WS_FTP.LOG <-- Schubert Rackspace /web/content/plugins/system/slider/js WS_FTP.LOG
