2013.02.04 11:34 B C:\inetpub\wwwroot\phpMyAdmin\libraries\Advisor.class.php <-- Schubert Rackspace /web/content/db/phpMyAdmin/libraries Advisor.class.php
2013.02.04 11:34 B C:\inetpub\wwwroot\phpMyAdmin\libraries\advisory_rules.txt <-- Schubert Rackspace /web/content/db/phpMyAdmin/libraries advisory_rules.txt
2013.02.04 11:34 B C:\inetpub\wwwroot\phpMyAdmin\libraries\blobstreaming.lib.php <-- Schubert Rackspace /web/content/db/phpMyAdmin/libraries blobstreaming.lib.php
2013.02.04 11:34 B C:\inetpub\wwwroot\phpMyAdmin\libraries\blowfish.php <-- Schubert Rackspace /web/content/db/phpMyAdmin/libraries blowfish.php
2013.02.04 11:34 B C:\inetpub\wwwroot\phpMyAdmin\libraries\bookmark.lib.php <-- Schubert Rackspace /web/content/db/phpMyAdmin/libraries bookmark.lib.php
2013.02.04 11:34 B C:\inetpub\wwwroot\phpMyAdmin\libraries\build_html_for_db.lib.php <-- Schubert Rackspace /web/content/db/phpMyAdmin/libraries build_html_for_db.lib.php
2013.02.04 11:34 B C:\inetpub\wwwroot\phpMyAdmin\libraries\charset_conversion.lib.php <-- Schubert Rackspace /web/content/db/phpMyAdmin/libraries charset_conversion.lib.php
2013.02.04 11:34 B C:\inetpub\wwwroot\phpMyAdmin\libraries\check_user_privileges.lib.php <-- Schubert Rackspace /web/content/db/phpMyAdmin/libraries check_user_privileges.lib.php
2013.02.04 11:34 B C:\inetpub\wwwroot\phpMyAdmin\libraries\cleanup.lib.php <-- Schubert Rackspace /web/content/db/phpMyAdmin/libraries cleanup.lib.php
2013.02.04 11:34 B C:\inetpub\wwwroot\phpMyAdmin\libraries\common.inc.php <-- Schubert Rackspace /web/content/db/phpMyAdmin/libraries common.inc.php
2013.02.04 11:34 B C:\inetpub\wwwroot\phpMyAdmin\libraries\common.lib.php <-- Schubert Rackspace /web/content/db/phpMyAdmin/libraries common.lib.php
2013.02.04 11:34 B C:\inetpub\wwwroot\phpMyAdmin\libraries\Config.class.php <-- Schubert Rackspace /web/content/db/phpMyAdmin/libraries Config.class.php
2013.02.04 11:34 B C:\inetpub\wwwroot\phpMyAdmin\libraries\config.default.php <-- Schubert Rackspace /web/content/db/phpMyAdmin/libraries config.default.php
2013.02.04 11:34 B C:\inetpub\wwwroot\phpMyAdmin\libraries\config.values.php <-- Schubert Rackspace /web/content/db/phpMyAdmin/libraries config.values.php
2013.02.04 11:34 B C:\inetpub\wwwroot\phpMyAdmin\libraries\core.lib.php <-- Schubert Rackspace /web/content/db/phpMyAdmin/libraries core.lib.php
2013.02.04 11:34 B C:\inetpub\wwwroot\phpMyAdmin\libraries\data_dictionary_relations.lib.php <-- Schubert Rackspace /web/content/db/phpMyAdmin/libraries data_dictionary_relations.lib.php
2013.02.04 11:34 B C:\inetpub\wwwroot\phpMyAdmin\libraries\data_drizzle.inc.php <-- Schubert Rackspace /web/content/db/phpMyAdmin/libraries data_drizzle.inc.php
2013.02.04 11:34 B C:\inetpub\wwwroot\phpMyAdmin\libraries\data_mysql.inc.php <-- Schubert Rackspace /web/content/db/phpMyAdmin/libraries data_mysql.inc.php
2013.02.04 11:34 B C:\inetpub\wwwroot\phpMyAdmin\libraries\database_interface.lib.php <-- Schubert Rackspace /web/content/db/phpMyAdmin/libraries database_interface.lib.php
2013.02.04 11:34 B C:\inetpub\wwwroot\phpMyAdmin\libraries\db_common.inc.php <-- Schubert Rackspace /web/content/db/phpMyAdmin/libraries db_common.inc.php
2013.02.04 11:34 B C:\inetpub\wwwroot\phpMyAdmin\libraries\db_info.inc.php <-- Schubert Rackspace /web/content/db/phpMyAdmin/libraries db_info.inc.php
2013.02.04 11:34 B C:\inetpub\wwwroot\phpMyAdmin\libraries\db_links.inc.php <-- Schubert Rackspace /web/content/db/phpMyAdmin/libraries db_links.inc.php
2013.02.04 11:34 B C:\inetpub\wwwroot\phpMyAdmin\libraries\db_structure.lib.php <-- Schubert Rackspace /web/content/db/phpMyAdmin/libraries db_structure.lib.php
2013.02.04 11:34 B C:\inetpub\wwwroot\phpMyAdmin\libraries\db_table_exists.lib.php <-- Schubert Rackspace /web/content/db/phpMyAdmin/libraries db_table_exists.lib.php
2013.02.04 11:34 B C:\inetpub\wwwroot\phpMyAdmin\libraries\display_change_password.lib.php <-- Schubert Rackspace /web/content/db/phpMyAdmin/libraries display_change_password.lib.php
2013.02.04 11:34 B C:\inetpub\wwwroot\phpMyAdmin\libraries\display_create_database.lib.php <-- Schubert Rackspace /web/content/db/phpMyAdmin/libraries display_create_database.lib.php
2013.02.04 11:34 B C:\inetpub\wwwroot\phpMyAdmin\libraries\display_create_table.lib.php <-- Schubert Rackspace /web/content/db/phpMyAdmin/libraries display_create_table.lib.php
2013.02.04 11:34 B C:\inetpub\wwwroot\phpMyAdmin\libraries\display_export.lib.php <-- Schubert Rackspace /web/content/db/phpMyAdmin/libraries display_export.lib.php
2013.02.04 11:34 B C:\inetpub\wwwroot\phpMyAdmin\libraries\display_import.lib.php <-- Schubert Rackspace /web/content/db/phpMyAdmin/libraries display_import.lib.php
2013.02.04 11:34 B C:\inetpub\wwwroot\phpMyAdmin\libraries\display_import_ajax.lib.php <-- Schubert Rackspace /web/content/db/phpMyAdmin/libraries display_import_ajax.lib.php
2013.02.04 11:34 B C:\inetpub\wwwroot\phpMyAdmin\libraries\display_select_lang.lib.php <-- Schubert Rackspace /web/content/db/phpMyAdmin/libraries display_select_lang.lib.php
2013.02.04 11:34 B C:\inetpub\wwwroot\phpMyAdmin\libraries\display_tbl.lib.php <-- Schubert Rackspace /web/content/db/phpMyAdmin/libraries display_tbl.lib.php
2013.02.04 11:34 B C:\inetpub\wwwroot\phpMyAdmin\libraries\Error.class.php <-- Schubert Rackspace /web/content/db/phpMyAdmin/libraries Error.class.php
2013.02.04 11:34 B C:\inetpub\wwwroot\phpMyAdmin\libraries\error.inc.php <-- Schubert Rackspace /web/content/db/phpMyAdmin/libraries error.inc.php
2013.02.04 11:34 B C:\inetpub\wwwroot\phpMyAdmin\libraries\Error_Handler.class.php <-- Schubert Rackspace /web/content/db/phpMyAdmin/libraries Error_Handler.class.php
2013.02.04 11:34 B C:\inetpub\wwwroot\phpMyAdmin\libraries\File.class.php <-- Schubert Rackspace /web/content/db/phpMyAdmin/libraries File.class.php
2013.02.04 11:34 B C:\inetpub\wwwroot\phpMyAdmin\libraries\file_listing.php <-- Schubert Rackspace /web/content/db/phpMyAdmin/libraries file_listing.php
2013.02.04 11:34 B C:\inetpub\wwwroot\phpMyAdmin\libraries\footer.inc.php <-- Schubert Rackspace /web/content/db/phpMyAdmin/libraries footer.inc.php
2013.02.04 11:34 B C:\inetpub\wwwroot\phpMyAdmin\libraries\gis_visualization.lib.php <-- Schubert Rackspace /web/content/db/phpMyAdmin/libraries gis_visualization.lib.php
2013.02.04 11:34 B C:\inetpub\wwwroot\phpMyAdmin\libraries\grab_globals.lib.php <-- Schubert Rackspace /web/content/db/phpMyAdmin/libraries grab_globals.lib.php
2013.02.04 11:34 B C:\inetpub\wwwroot\phpMyAdmin\libraries\header.inc.php <-- Schubert Rackspace /web/content/db/phpMyAdmin/libraries header.inc.php
2013.02.04 11:34 B C:\inetpub\wwwroot\phpMyAdmin\libraries\header_http.inc.php <-- Schubert Rackspace /web/content/db/phpMyAdmin/libraries header_http.inc.php
2013.02.04 11:34 B C:\inetpub\wwwroot\phpMyAdmin\libraries\header_meta_style.inc.php <-- Schubert Rackspace /web/content/db/phpMyAdmin/libraries header_meta_style.inc.php
2013.02.04 11:34 B C:\inetpub\wwwroot\phpMyAdmin\libraries\header_printview.inc.php <-- Schubert Rackspace /web/content/db/phpMyAdmin/libraries header_printview.inc.php
2013.02.04 11:34 B C:\inetpub\wwwroot\phpMyAdmin\libraries\header_scripts.inc.php <-- Schubert Rackspace /web/content/db/phpMyAdmin/libraries header_scripts.inc.php
2013.02.04 11:34 B C:\inetpub\wwwroot\phpMyAdmin\libraries\iconv_wrapper.lib.php <-- Schubert Rackspace /web/content/db/phpMyAdmin/libraries iconv_wrapper.lib.php
2013.02.04 11:34 B C:\inetpub\wwwroot\phpMyAdmin\libraries\import.lib.php <-- Schubert Rackspace /web/content/db/phpMyAdmin/libraries import.lib.php
2013.02.04 11:34 B C:\inetpub\wwwroot\phpMyAdmin\libraries\Index.class.php <-- Schubert Rackspace /web/content/db/phpMyAdmin/libraries Index.class.php
2013.02.04 11:34 B C:\inetpub\wwwroot\phpMyAdmin\libraries\information_schema_relations.lib.php <-- Schubert Rackspace /web/content/db/phpMyAdmin/libraries information_schema_relations.lib.php
2013.02.04 11:34 B C:\inetpub\wwwroot\phpMyAdmin\libraries\ip_allow_deny.lib.php <-- Schubert Rackspace /web/content/db/phpMyAdmin/libraries ip_allow_deny.lib.php
2013.02.04 11:34 B C:\inetpub\wwwroot\phpMyAdmin\libraries\js_escape.lib.php <-- Schubert Rackspace /web/content/db/phpMyAdmin/libraries js_escape.lib.php
2013.02.04 11:34 B C:\inetpub\wwwroot\phpMyAdmin\libraries\kanji-encoding.lib.php <-- Schubert Rackspace /web/content/db/phpMyAdmin/libraries kanji-encoding.lib.php
2013.02.04 11:34 B C:\inetpub\wwwroot\phpMyAdmin\libraries\language_stats.inc.php <-- Schubert Rackspace /web/content/db/phpMyAdmin/libraries language_stats.inc.php
2013.02.04 11:34 B C:\inetpub\wwwroot\phpMyAdmin\libraries\List.class.php <-- Schubert Rackspace /web/content/db/phpMyAdmin/libraries List.class.php
2013.02.04 11:34 B C:\inetpub\wwwroot\phpMyAdmin\libraries\List_Database.class.php <-- Schubert Rackspace /web/content/db/phpMyAdmin/libraries List_Database.class.php
2013.02.04 11:34 B C:\inetpub\wwwroot\phpMyAdmin\libraries\logging.lib.php <-- Schubert Rackspace /web/content/db/phpMyAdmin/libraries logging.lib.php
2013.02.04 11:34 B C:\inetpub\wwwroot\phpMyAdmin\libraries\Message.class.php <-- Schubert Rackspace /web/content/db/phpMyAdmin/libraries Message.class.php
2013.02.04 11:34 B C:\inetpub\wwwroot\phpMyAdmin\libraries\mime.lib.php <-- Schubert Rackspace /web/content/db/phpMyAdmin/libraries mime.lib.php
2013.02.04 11:34 B C:\inetpub\wwwroot\phpMyAdmin\libraries\mult_submits.inc.php <-- Schubert Rackspace /web/content/db/phpMyAdmin/libraries mult_submits.inc.php
2013.02.04 11:34 B C:\inetpub\wwwroot\phpMyAdmin\libraries\mysql_charsets.lib.php <-- Schubert Rackspace /web/content/db/phpMyAdmin/libraries mysql_charsets.lib.php
2013.02.04 11:34 B C:\inetpub\wwwroot\phpMyAdmin\libraries\navigation_header.inc.php <-- Schubert Rackspace /web/content/db/phpMyAdmin/libraries navigation_header.inc.php
2013.02.04 11:34 B C:\inetpub\wwwroot\phpMyAdmin\libraries\ob.lib.php <-- Schubert Rackspace /web/content/db/phpMyAdmin/libraries ob.lib.php
2013.02.04 11:34 B C:\inetpub\wwwroot\phpMyAdmin\libraries\opendocument.lib.php <-- Schubert Rackspace /web/content/db/phpMyAdmin/libraries opendocument.lib.php
2013.02.04 11:34 B C:\inetpub\wwwroot\phpMyAdmin\libraries\parse_analyze.lib.php <-- Schubert Rackspace /web/content/db/phpMyAdmin/libraries parse_analyze.lib.php
2013.02.04 11:34 B C:\inetpub\wwwroot\phpMyAdmin\libraries\Partition.class.php <-- Schubert Rackspace /web/content/db/phpMyAdmin/libraries Partition.class.php
2013.02.04 11:34 B C:\inetpub\wwwroot\phpMyAdmin\libraries\PDF.class.php <-- Schubert Rackspace /web/content/db/phpMyAdmin/libraries PDF.class.php
2013.02.04 11:34 B C:\inetpub\wwwroot\phpMyAdmin\libraries\plugin_interface.lib.php <-- Schubert Rackspace /web/content/db/phpMyAdmin/libraries plugin_interface.lib.php
2013.02.04 11:34 B C:\inetpub\wwwroot\phpMyAdmin\libraries\PMA.php <-- Schubert Rackspace /web/content/db/phpMyAdmin/libraries PMA.php
2013.02.04 11:34 B C:\inetpub\wwwroot\phpMyAdmin\libraries\pmd_common.php <-- Schubert Rackspace /web/content/db/phpMyAdmin/libraries pmd_common.php
2013.02.04 11:34 B C:\inetpub\wwwroot\phpMyAdmin\libraries\RecentTable.class.php <-- Schubert Rackspace /web/content/db/phpMyAdmin/libraries RecentTable.class.php
2013.02.04 11:34 B C:\inetpub\wwwroot\phpMyAdmin\libraries\relation.lib.php <-- Schubert Rackspace /web/content/db/phpMyAdmin/libraries relation.lib.php
2013.02.04 11:34 B C:\inetpub\wwwroot\phpMyAdmin\libraries\relation_cleanup.lib.php <-- Schubert Rackspace /web/content/db/phpMyAdmin/libraries relation_cleanup.lib.php
2013.02.04 11:34 B C:\inetpub\wwwroot\phpMyAdmin\libraries\replication.inc.php <-- Schubert Rackspace /web/content/db/phpMyAdmin/libraries replication.inc.php
2013.02.04 11:34 B C:\inetpub\wwwroot\phpMyAdmin\libraries\replication_gui.lib.php <-- Schubert Rackspace /web/content/db/phpMyAdmin/libraries replication_gui.lib.php
2013.02.04 11:34 B C:\inetpub\wwwroot\phpMyAdmin\libraries\sanitizing.lib.php <-- Schubert Rackspace /web/content/db/phpMyAdmin/libraries sanitizing.lib.php
2013.02.04 11:34 B C:\inetpub\wwwroot\phpMyAdmin\libraries\select_lang.lib.php <-- Schubert Rackspace /web/content/db/phpMyAdmin/libraries select_lang.lib.php
2013.02.04 11:34 B C:\inetpub\wwwroot\phpMyAdmin\libraries\select_server.lib.php <-- Schubert Rackspace /web/content/db/phpMyAdmin/libraries select_server.lib.php
2013.02.04 11:34 B C:\inetpub\wwwroot\phpMyAdmin\libraries\server_common.inc.php <-- Schubert Rackspace /web/content/db/phpMyAdmin/libraries server_common.inc.php
2013.02.04 11:34 B C:\inetpub\wwwroot\phpMyAdmin\libraries\server_links.inc.php <-- Schubert Rackspace /web/content/db/phpMyAdmin/libraries server_links.inc.php
2013.02.04 11:34 B C:\inetpub\wwwroot\phpMyAdmin\libraries\server_synchronize.lib.php <-- Schubert Rackspace /web/content/db/phpMyAdmin/libraries server_synchronize.lib.php
2013.02.04 11:34 B C:\inetpub\wwwroot\phpMyAdmin\libraries\server_variables_doc.php <-- Schubert Rackspace /web/content/db/phpMyAdmin/libraries server_variables_doc.php
2013.02.04 11:34 B C:\inetpub\wwwroot\phpMyAdmin\libraries\session.inc.php <-- Schubert Rackspace /web/content/db/phpMyAdmin/libraries session.inc.php
2013.02.04 11:34 B C:\inetpub\wwwroot\phpMyAdmin\libraries\sql_query_form.lib.php <-- Schubert Rackspace /web/content/db/phpMyAdmin/libraries sql_query_form.lib.php
2013.02.04 11:34 B C:\inetpub\wwwroot\phpMyAdmin\libraries\sqlparser.data.php <-- Schubert Rackspace /web/content/db/phpMyAdmin/libraries sqlparser.data.php
2013.02.04 11:34 B C:\inetpub\wwwroot\phpMyAdmin\libraries\sqlparser.lib.php <-- Schubert Rackspace /web/content/db/phpMyAdmin/libraries sqlparser.lib.php
2013.02.04 11:34 B C:\inetpub\wwwroot\phpMyAdmin\libraries\sqlvalidator.class.php <-- Schubert Rackspace /web/content/db/phpMyAdmin/libraries sqlvalidator.class.php
2013.02.04 11:34 B C:\inetpub\wwwroot\phpMyAdmin\libraries\sqlvalidator.lib.php <-- Schubert Rackspace /web/content/db/phpMyAdmin/libraries sqlvalidator.lib.php
2013.02.04 11:34 B C:\inetpub\wwwroot\phpMyAdmin\libraries\StorageEngine.class.php <-- Schubert Rackspace /web/content/db/phpMyAdmin/libraries StorageEngine.class.php
2013.02.04 11:34 B C:\inetpub\wwwroot\phpMyAdmin\libraries\string.lib.php <-- Schubert Rackspace /web/content/db/phpMyAdmin/libraries string.lib.php
2013.02.04 11:34 B C:\inetpub\wwwroot\phpMyAdmin\libraries\string_mb.lib.php <-- Schubert Rackspace /web/content/db/phpMyAdmin/libraries string_mb.lib.php
2013.02.04 11:34 B C:\inetpub\wwwroot\phpMyAdmin\libraries\string_native.lib.php <-- Schubert Rackspace /web/content/db/phpMyAdmin/libraries string_native.lib.php
2013.02.04 11:34 B C:\inetpub\wwwroot\phpMyAdmin\libraries\string_type_ctype.lib.php <-- Schubert Rackspace /web/content/db/phpMyAdmin/libraries string_type_ctype.lib.php
2013.02.04 11:34 B C:\inetpub\wwwroot\phpMyAdmin\libraries\string_type_native.lib.php <-- Schubert Rackspace /web/content/db/phpMyAdmin/libraries string_type_native.lib.php
2013.02.04 11:34 B C:\inetpub\wwwroot\phpMyAdmin\libraries\sysinfo.lib.php <-- Schubert Rackspace /web/content/db/phpMyAdmin/libraries sysinfo.lib.php
2013.02.04 11:34 B C:\inetpub\wwwroot\phpMyAdmin\libraries\Table.class.php <-- Schubert Rackspace /web/content/db/phpMyAdmin/libraries Table.class.php
2013.02.04 11:34 B C:\inetpub\wwwroot\phpMyAdmin\libraries\tbl_common.php <-- Schubert Rackspace /web/content/db/phpMyAdmin/libraries tbl_common.php
2013.02.04 11:34 B C:\inetpub\wwwroot\phpMyAdmin\libraries\tbl_info.inc.php <-- Schubert Rackspace /web/content/db/phpMyAdmin/libraries tbl_info.inc.php
2013.02.04 11:34 B C:\inetpub\wwwroot\phpMyAdmin\libraries\tbl_links.inc.php <-- Schubert Rackspace /web/content/db/phpMyAdmin/libraries tbl_links.inc.php
2013.02.04 11:34 B C:\inetpub\wwwroot\phpMyAdmin\libraries\tbl_properties.inc.php <-- Schubert Rackspace /web/content/db/phpMyAdmin/libraries tbl_properties.inc.php
2013.02.04 11:34 B C:\inetpub\wwwroot\phpMyAdmin\libraries\tbl_replace_fields.inc.php <-- Schubert Rackspace /web/content/db/phpMyAdmin/libraries tbl_replace_fields.inc.php
2013.02.04 11:34 B C:\inetpub\wwwroot\phpMyAdmin\libraries\tbl_select.lib.php <-- Schubert Rackspace /web/content/db/phpMyAdmin/libraries tbl_select.lib.php
2013.02.04 11:34 B C:\inetpub\wwwroot\phpMyAdmin\libraries\Theme.class.php <-- Schubert Rackspace /web/content/db/phpMyAdmin/libraries Theme.class.php
2013.02.04 11:34 B C:\inetpub\wwwroot\phpMyAdmin\libraries\Theme_Manager.class.php <-- Schubert Rackspace /web/content/db/phpMyAdmin/libraries Theme_Manager.class.php
2013.02.04 11:34 B C:\inetpub\wwwroot\phpMyAdmin\libraries\Tracker.class.php <-- Schubert Rackspace /web/content/db/phpMyAdmin/libraries Tracker.class.php
2013.02.04 11:34 B C:\inetpub\wwwroot\phpMyAdmin\libraries\transformations.lib.php <-- Schubert Rackspace /web/content/db/phpMyAdmin/libraries transformations.lib.php
2013.02.04 11:34 B C:\inetpub\wwwroot\phpMyAdmin\libraries\url_generating.lib.php <-- Schubert Rackspace /web/content/db/phpMyAdmin/libraries url_generating.lib.php
2013.02.04 11:34 B C:\inetpub\wwwroot\phpMyAdmin\libraries\user_preferences.inc.php <-- Schubert Rackspace /web/content/db/phpMyAdmin/libraries user_preferences.inc.php
2013.02.04 11:34 B C:\inetpub\wwwroot\phpMyAdmin\libraries\user_preferences.lib.php <-- Schubert Rackspace /web/content/db/phpMyAdmin/libraries user_preferences.lib.php
2013.02.04 11:34 B C:\inetpub\wwwroot\phpMyAdmin\libraries\vendor_config.php <-- Schubert Rackspace /web/content/db/phpMyAdmin/libraries vendor_config.php
2013.02.04 11:34 B C:\inetpub\wwwroot\phpMyAdmin\libraries\zip.lib.php <-- Schubert Rackspace /web/content/db/phpMyAdmin/libraries zip.lib.php
2013.02.04 11:34 B C:\inetpub\wwwroot\phpMyAdmin\libraries\zip_extension.lib.php <-- Schubert Rackspace /web/content/db/phpMyAdmin/libraries zip_extension.lib.php
