2012.07.25 12:17 B C:\Users\COBRIEN\Desktop\Schubert\libraries\joomla\cache\controller\callback.php <-- Schubert Rackspace /web/content/libraries/joomla/cache/controller callback.php
2012.07.25 12:17 B C:\Users\COBRIEN\Desktop\Schubert\libraries\joomla\cache\controller\index.html <-- Schubert Rackspace /web/content/libraries/joomla/cache/controller index.html
2012.07.25 12:17 B C:\Users\COBRIEN\Desktop\Schubert\libraries\joomla\cache\controller\output.php <-- Schubert Rackspace /web/content/libraries/joomla/cache/controller output.php
2012.07.25 12:17 B C:\Users\COBRIEN\Desktop\Schubert\libraries\joomla\cache\controller\page.php <-- Schubert Rackspace /web/content/libraries/joomla/cache/controller page.php
2012.07.25 12:17 B C:\Users\COBRIEN\Desktop\Schubert\libraries\joomla\cache\controller\view.php <-- Schubert Rackspace /web/content/libraries/joomla/cache/controller view.php
2012.09.04 10:53 B C:\inetpub\wwwroot\libraries\joomla\cache\controller\callback.php --> ftp3.ftptoyoursite.com /web/content/SITE-TEST/libraries/joomla/cache/controller callback.php
2012.09.04 10:53 B C:\inetpub\wwwroot\libraries\joomla\cache\controller\index.html --> ftp3.ftptoyoursite.com /web/content/SITE-TEST/libraries/joomla/cache/controller index.html
2012.09.04 10:53 B C:\inetpub\wwwroot\libraries\joomla\cache\controller\output.php --> ftp3.ftptoyoursite.com /web/content/SITE-TEST/libraries/joomla/cache/controller output.php
2012.09.04 10:53 B C:\inetpub\wwwroot\libraries\joomla\cache\controller\page.php --> ftp3.ftptoyoursite.com /web/content/SITE-TEST/libraries/joomla/cache/controller page.php
2012.09.04 10:53 B C:\inetpub\wwwroot\libraries\joomla\cache\controller\view.php --> ftp3.ftptoyoursite.com /web/content/SITE-TEST/libraries/joomla/cache/controller view.php
2012.09.04 10:53 B C:\inetpub\wwwroot\libraries\joomla\cache\controller\WS_FTP.LOG --> ftp3.ftptoyoursite.com /web/content/SITE-TEST/libraries/joomla/cache/controller WS_FTP.LOG
2012.09.06 15:12 B C:\inetpub\wwwroot\libraries\joomla\cache\controller\callback.php --> ftp3.ftptoyoursite.com /web/content/SITEBACKUP_962012/libraries/joomla/cache/controller callback.php
2012.09.06 15:12 B C:\inetpub\wwwroot\libraries\joomla\cache\controller\index.html --> ftp3.ftptoyoursite.com /web/content/SITEBACKUP_962012/libraries/joomla/cache/controller index.html
2012.09.06 15:12 B C:\inetpub\wwwroot\libraries\joomla\cache\controller\output.php --> ftp3.ftptoyoursite.com /web/content/SITEBACKUP_962012/libraries/joomla/cache/controller output.php
2012.09.06 15:12 B C:\inetpub\wwwroot\libraries\joomla\cache\controller\page.php --> ftp3.ftptoyoursite.com /web/content/SITEBACKUP_962012/libraries/joomla/cache/controller page.php
2012.09.06 15:12 B C:\inetpub\wwwroot\libraries\joomla\cache\controller\view.php --> ftp3.ftptoyoursite.com /web/content/SITEBACKUP_962012/libraries/joomla/cache/controller view.php
2012.09.06 15:12 B C:\inetpub\wwwroot\libraries\joomla\cache\controller\WS_FTP.LOG --> ftp3.ftptoyoursite.com /web/content/SITEBACKUP_962012/libraries/joomla/cache/controller WS_FTP.LOG
2012.10.23 09:15 B C:\inetpub\wwwroot\libraries\joomla\cache\controller\callback.php --> ftp3.ftptoyoursite.com /web/content/libraries/joomla/cache/controller callback.php
2012.10.23 09:15 B C:\inetpub\wwwroot\libraries\joomla\cache\controller\index.html --> ftp3.ftptoyoursite.com /web/content/libraries/joomla/cache/controller index.html
2012.10.23 09:15 B C:\inetpub\wwwroot\libraries\joomla\cache\controller\output.php --> ftp3.ftptoyoursite.com /web/content/libraries/joomla/cache/controller output.php
2012.10.23 09:15 B C:\inetpub\wwwroot\libraries\joomla\cache\controller\page.php --> ftp3.ftptoyoursite.com /web/content/libraries/joomla/cache/controller page.php
2012.10.23 09:15 B C:\inetpub\wwwroot\libraries\joomla\cache\controller\view.php --> ftp3.ftptoyoursite.com /web/content/libraries/joomla/cache/controller view.php
2012.10.23 09:15 B C:\inetpub\wwwroot\libraries\joomla\cache\controller\WS_FTP.LOG --> ftp3.ftptoyoursite.com /web/content/libraries/joomla/cache/controller WS_FTP.LOG
2013.02.01 14:54 B C:\inetpub\wwwroot\libraries\joomla\cache\controller\WS_FTP.LOG <-- Schubert Rackspace /web/content/libraries/joomla/cache/controller WS_FTP.LOG
