2012.07.25 12:14 B C:\Users\COBRIEN\Desktop\Schubert\administrator\templates\system\component.php <-- Schubert Rackspace /web/content/administrator/templates/system component.php
2012.07.25 12:14 B C:\Users\COBRIEN\Desktop\Schubert\administrator\templates\system\error.php <-- Schubert Rackspace /web/content/administrator/templates/system error.php
2012.07.25 12:14 B C:\Users\COBRIEN\Desktop\Schubert\administrator\templates\system\index.html <-- Schubert Rackspace /web/content/administrator/templates/system index.html
2012.07.25 12:14 B C:\Users\COBRIEN\Desktop\Schubert\administrator\templates\system\index.php <-- Schubert Rackspace /web/content/administrator/templates/system index.php
2012.09.04 10:49 B C:\inetpub\wwwroot\administrator\templates\system\component.php --> ftp3.ftptoyoursite.com /web/content/SITE-TEST/administrator/templates/system component.php
2012.09.04 10:49 B C:\inetpub\wwwroot\administrator\templates\system\error.php --> ftp3.ftptoyoursite.com /web/content/SITE-TEST/administrator/templates/system error.php
2012.09.04 10:49 B C:\inetpub\wwwroot\administrator\templates\system\index.html --> ftp3.ftptoyoursite.com /web/content/SITE-TEST/administrator/templates/system index.html
2012.09.04 10:49 B C:\inetpub\wwwroot\administrator\templates\system\index.php --> ftp3.ftptoyoursite.com /web/content/SITE-TEST/administrator/templates/system index.php
2012.09.04 10:49 B C:\inetpub\wwwroot\administrator\templates\system\WS_FTP.LOG --> ftp3.ftptoyoursite.com /web/content/SITE-TEST/administrator/templates/system WS_FTP.LOG
2012.09.06 15:06 B C:\inetpub\wwwroot\administrator\templates\system\component.php --> ftp3.ftptoyoursite.com /web/content/SITEBACKUP_962012/administrator/templates/system component.php
2012.09.06 15:06 B C:\inetpub\wwwroot\administrator\templates\system\error.php --> ftp3.ftptoyoursite.com /web/content/SITEBACKUP_962012/administrator/templates/system error.php
2012.09.06 15:06 B C:\inetpub\wwwroot\administrator\templates\system\index.html --> ftp3.ftptoyoursite.com /web/content/SITEBACKUP_962012/administrator/templates/system index.html
2012.09.06 15:06 B C:\inetpub\wwwroot\administrator\templates\system\index.php --> ftp3.ftptoyoursite.com /web/content/SITEBACKUP_962012/administrator/templates/system index.php
2012.09.06 15:06 B C:\inetpub\wwwroot\administrator\templates\system\WS_FTP.LOG --> ftp3.ftptoyoursite.com /web/content/SITEBACKUP_962012/administrator/templates/system WS_FTP.LOG
2012.09.06 15:48 B C:\inetpub\wwwroot\administrator\templates\system\component.php <-- Schubert Rackspace /web/content/SITEBACKUP_962012/administrator/templates/system component.php
2012.09.06 15:48 B C:\inetpub\wwwroot\administrator\templates\system\error.php <-- Schubert Rackspace /web/content/SITEBACKUP_962012/administrator/templates/system error.php
2012.09.06 15:48 B C:\inetpub\wwwroot\administrator\templates\system\index.html <-- Schubert Rackspace /web/content/SITEBACKUP_962012/administrator/templates/system index.html
2012.09.06 15:48 B C:\inetpub\wwwroot\administrator\templates\system\index.php <-- Schubert Rackspace /web/content/SITEBACKUP_962012/administrator/templates/system index.php
2012.10.23 09:10 B C:\inetpub\wwwroot\administrator\templates\system\component.php --> ftp3.ftptoyoursite.com /web/content/administrator/templates/system component.php
2012.10.23 09:10 B C:\inetpub\wwwroot\administrator\templates\system\error.php --> ftp3.ftptoyoursite.com /web/content/administrator/templates/system error.php
2012.10.23 09:10 B C:\inetpub\wwwroot\administrator\templates\system\index.html --> ftp3.ftptoyoursite.com /web/content/administrator/templates/system index.html
2012.10.23 09:10 B C:\inetpub\wwwroot\administrator\templates\system\index.php --> ftp3.ftptoyoursite.com /web/content/administrator/templates/system index.php
2012.10.23 09:10 B C:\inetpub\wwwroot\administrator\templates\system\WS_FTP.LOG --> ftp3.ftptoyoursite.com /web/content/administrator/templates/system WS_FTP.LOG
2013.02.01 14:47 B C:\inetpub\wwwroot\administrator\templates\system\WS_FTP.LOG <-- Schubert Rackspace /web/content/administrator/templates/system WS_FTP.LOG
