2012.07.25 12:18 B C:\Users\COBRIEN\Desktop\Schubert\media\editors\tinymce\jscripts\tiny_mce\plugins\paste\editor_plugin.js <-- Schubert Rackspace /web/content/media/editors/tinymce/jscripts/tiny_mce/plugins/paste editor_plugin.js
2012.07.25 12:18 B C:\Users\COBRIEN\Desktop\Schubert\media\editors\tinymce\jscripts\tiny_mce\plugins\paste\index.html <-- Schubert Rackspace /web/content/media/editors/tinymce/jscripts/tiny_mce/plugins/paste index.html
2012.07.25 12:18 B C:\Users\COBRIEN\Desktop\Schubert\media\editors\tinymce\jscripts\tiny_mce\plugins\paste\pastetext.htm <-- Schubert Rackspace /web/content/media/editors/tinymce/jscripts/tiny_mce/plugins/paste pastetext.htm
2012.07.25 12:18 B C:\Users\COBRIEN\Desktop\Schubert\media\editors\tinymce\jscripts\tiny_mce\plugins\paste\pasteword.htm <-- Schubert Rackspace /web/content/media/editors/tinymce/jscripts/tiny_mce/plugins/paste pasteword.htm
2012.09.04 10:54 B C:\inetpub\wwwroot\media\editors\tinymce\jscripts\tiny_mce\plugins\paste\editor_plugin.js --> ftp3.ftptoyoursite.com /web/content/SITE-TEST/media/editors/tinymce/jscripts/tiny_mce/plugins/paste editor_plugin.js
2012.09.04 10:54 B C:\inetpub\wwwroot\media\editors\tinymce\jscripts\tiny_mce\plugins\paste\index.html --> ftp3.ftptoyoursite.com /web/content/SITE-TEST/media/editors/tinymce/jscripts/tiny_mce/plugins/paste index.html
2012.09.04 10:54 B C:\inetpub\wwwroot\media\editors\tinymce\jscripts\tiny_mce\plugins\paste\pastetext.htm --> ftp3.ftptoyoursite.com /web/content/SITE-TEST/media/editors/tinymce/jscripts/tiny_mce/plugins/paste pastetext.htm
2012.09.04 10:54 B C:\inetpub\wwwroot\media\editors\tinymce\jscripts\tiny_mce\plugins\paste\pasteword.htm --> ftp3.ftptoyoursite.com /web/content/SITE-TEST/media/editors/tinymce/jscripts/tiny_mce/plugins/paste pasteword.htm
2012.09.04 10:54 B C:\inetpub\wwwroot\media\editors\tinymce\jscripts\tiny_mce\plugins\paste\WS_FTP.LOG --> ftp3.ftptoyoursite.com /web/content/SITE-TEST/media/editors/tinymce/jscripts/tiny_mce/plugins/paste WS_FTP.LOG
2012.09.06 15:13 B C:\inetpub\wwwroot\media\editors\tinymce\jscripts\tiny_mce\plugins\paste\editor_plugin.js --> ftp3.ftptoyoursite.com /web/content/SITEBACKUP_962012/media/editors/tinymce/jscripts/tiny_mce/plugins/paste editor_plugin.js
2012.09.06 15:13 B C:\inetpub\wwwroot\media\editors\tinymce\jscripts\tiny_mce\plugins\paste\index.html --> ftp3.ftptoyoursite.com /web/content/SITEBACKUP_962012/media/editors/tinymce/jscripts/tiny_mce/plugins/paste index.html
2012.09.06 15:13 B C:\inetpub\wwwroot\media\editors\tinymce\jscripts\tiny_mce\plugins\paste\pastetext.htm --> ftp3.ftptoyoursite.com /web/content/SITEBACKUP_962012/media/editors/tinymce/jscripts/tiny_mce/plugins/paste pastetext.htm
2012.09.06 15:13 B C:\inetpub\wwwroot\media\editors\tinymce\jscripts\tiny_mce\plugins\paste\pasteword.htm --> ftp3.ftptoyoursite.com /web/content/SITEBACKUP_962012/media/editors/tinymce/jscripts/tiny_mce/plugins/paste pasteword.htm
2012.09.06 15:13 B C:\inetpub\wwwroot\media\editors\tinymce\jscripts\tiny_mce\plugins\paste\WS_FTP.LOG --> ftp3.ftptoyoursite.com /web/content/SITEBACKUP_962012/media/editors/tinymce/jscripts/tiny_mce/plugins/paste WS_FTP.LOG
2012.10.23 09:15 B C:\inetpub\wwwroot\media\editors\tinymce\jscripts\tiny_mce\plugins\paste\editor_plugin.js --> ftp3.ftptoyoursite.com /web/content/media/editors/tinymce/jscripts/tiny_mce/plugins/paste editor_plugin.js
2012.10.23 09:15 B C:\inetpub\wwwroot\media\editors\tinymce\jscripts\tiny_mce\plugins\paste\index.html --> ftp3.ftptoyoursite.com /web/content/media/editors/tinymce/jscripts/tiny_mce/plugins/paste index.html
2012.10.23 09:15 B C:\inetpub\wwwroot\media\editors\tinymce\jscripts\tiny_mce\plugins\paste\pastetext.htm --> ftp3.ftptoyoursite.com /web/content/media/editors/tinymce/jscripts/tiny_mce/plugins/paste pastetext.htm
2012.10.23 09:15 B C:\inetpub\wwwroot\media\editors\tinymce\jscripts\tiny_mce\plugins\paste\pasteword.htm --> ftp3.ftptoyoursite.com /web/content/media/editors/tinymce/jscripts/tiny_mce/plugins/paste pasteword.htm
2012.10.23 09:15 B C:\inetpub\wwwroot\media\editors\tinymce\jscripts\tiny_mce\plugins\paste\WS_FTP.LOG --> ftp3.ftptoyoursite.com /web/content/media/editors/tinymce/jscripts/tiny_mce/plugins/paste WS_FTP.LOG
2013.02.01 14:55 B C:\inetpub\wwwroot\media\editors\tinymce\jscripts\tiny_mce\plugins\paste\WS_FTP.LOG <-- Schubert Rackspace /web/content/media/editors/tinymce/jscripts/tiny_mce/plugins/paste WS_FTP.LOG
