2012.07.25 12:10 B C:\Users\COBRIEN\Desktop\Schubert\administrator\components\com_contact\sql\index.html <-- Schubert Rackspace /web/content/administrator/components/com_contact/sql index.html
2012.07.25 12:10 B C:\Users\COBRIEN\Desktop\Schubert\administrator\components\com_contact\sql\install.mysql.utf8.sql <-- Schubert Rackspace /web/content/administrator/components/com_contact/sql install.mysql.utf8.sql
2012.07.25 12:10 B C:\Users\COBRIEN\Desktop\Schubert\administrator\components\com_contact\sql\uninstall.mysql.utf8.sql <-- Schubert Rackspace /web/content/administrator/components/com_contact/sql uninstall.mysql.utf8.sql
2012.09.04 10:44 B C:\inetpub\wwwroot\administrator\components\com_contact\sql\index.html --> ftp3.ftptoyoursite.com /web/content/SITE-TEST/administrator/components/com_contact/sql index.html
2012.09.04 10:44 B C:\inetpub\wwwroot\administrator\components\com_contact\sql\install.mysql.utf8.sql --> ftp3.ftptoyoursite.com /web/content/SITE-TEST/administrator/components/com_contact/sql install.mysql.utf8.sql
2012.09.04 10:44 B C:\inetpub\wwwroot\administrator\components\com_contact\sql\uninstall.mysql.utf8.sql --> ftp3.ftptoyoursite.com /web/content/SITE-TEST/administrator/components/com_contact/sql uninstall.mysql.utf8.sql
2012.09.04 10:44 B C:\inetpub\wwwroot\administrator\components\com_contact\sql\WS_FTP.LOG --> ftp3.ftptoyoursite.com /web/content/SITE-TEST/administrator/components/com_contact/sql WS_FTP.LOG
2012.09.06 14:58 B C:\inetpub\wwwroot\administrator\components\com_contact\sql\index.html --> ftp3.ftptoyoursite.com /web/content/SITEBACKUP_962012/administrator/components/com_contact/sql index.html
2012.09.06 14:58 B C:\inetpub\wwwroot\administrator\components\com_contact\sql\install.mysql.utf8.sql --> ftp3.ftptoyoursite.com /web/content/SITEBACKUP_962012/administrator/components/com_contact/sql install.mysql.utf8.sql
2012.09.06 14:58 B C:\inetpub\wwwroot\administrator\components\com_contact\sql\uninstall.mysql.utf8.sql --> ftp3.ftptoyoursite.com /web/content/SITEBACKUP_962012/administrator/components/com_contact/sql uninstall.mysql.utf8.sql
2012.09.06 14:58 B C:\inetpub\wwwroot\administrator\components\com_contact\sql\WS_FTP.LOG --> ftp3.ftptoyoursite.com /web/content/SITEBACKUP_962012/administrator/components/com_contact/sql WS_FTP.LOG
2012.09.06 15:20 B C:\inetpub\wwwroot\administrator\components\com_contact\sql\index.html <-- Schubert Rackspace /web/content/administrator/components/com_contact/sql index.html
2012.09.06 15:20 B C:\inetpub\wwwroot\administrator\components\com_contact\sql\install.mysql.utf8.sql <-- Schubert Rackspace /web/content/administrator/components/com_contact/sql install.mysql.utf8.sql
2012.09.06 15:20 B C:\inetpub\wwwroot\administrator\components\com_contact\sql\uninstall.mysql.utf8.sql <-- Schubert Rackspace /web/content/administrator/components/com_contact/sql uninstall.mysql.utf8.sql
2012.09.06 15:43 B C:\inetpub\wwwroot\administrator\components\com_contact\sql\index.html <-- Schubert Rackspace /web/content/SITEBACKUP_962012/administrator/components/com_contact/sql index.html
2012.09.06 15:43 B C:\inetpub\wwwroot\administrator\components\com_contact\sql\install.mysql.utf8.sql <-- Schubert Rackspace /web/content/SITEBACKUP_962012/administrator/components/com_contact/sql install.mysql.utf8.sql
2012.09.06 15:43 B C:\inetpub\wwwroot\administrator\components\com_contact\sql\uninstall.mysql.utf8.sql <-- Schubert Rackspace /web/content/SITEBACKUP_962012/administrator/components/com_contact/sql uninstall.mysql.utf8.sql
2012.10.23 09:04 B C:\inetpub\wwwroot\administrator\components\com_contact\sql\index.html --> ftp3.ftptoyoursite.com /web/content/administrator/components/com_contact/sql index.html
2012.10.23 09:04 B C:\inetpub\wwwroot\administrator\components\com_contact\sql\install.mysql.utf8.sql --> ftp3.ftptoyoursite.com /web/content/administrator/components/com_contact/sql install.mysql.utf8.sql
2012.10.23 09:04 B C:\inetpub\wwwroot\administrator\components\com_contact\sql\uninstall.mysql.utf8.sql --> ftp3.ftptoyoursite.com /web/content/administrator/components/com_contact/sql uninstall.mysql.utf8.sql
2012.10.23 09:04 B C:\inetpub\wwwroot\administrator\components\com_contact\sql\WS_FTP.LOG --> ftp3.ftptoyoursite.com /web/content/administrator/components/com_contact/sql WS_FTP.LOG
2013.02.01 14:40 B C:\inetpub\wwwroot\administrator\components\com_contact\sql\WS_FTP.LOG <-- Schubert Rackspace /web/content/administrator/components/com_contact/sql WS_FTP.LOG
