2012.07.25 12:10 B C:\Users\COBRIEN\Desktop\Schubert\administrator\components\com_acesearch\controllers\acesearch.php <-- Schubert Rackspace /web/content/administrator/components/com_acesearch/controllers acesearch.php
2012.07.25 12:10 B C:\Users\COBRIEN\Desktop\Schubert\administrator\components\com_acesearch\controllers\ajax.php <-- Schubert Rackspace /web/content/administrator/components/com_acesearch/controllers ajax.php
2012.07.25 12:10 B C:\Users\COBRIEN\Desktop\Schubert\administrator\components\com_acesearch\controllers\config.php <-- Schubert Rackspace /web/content/administrator/components/com_acesearch/controllers config.php
2012.07.25 12:10 B C:\Users\COBRIEN\Desktop\Schubert\administrator\components\com_acesearch\controllers\css.php <-- Schubert Rackspace /web/content/administrator/components/com_acesearch/controllers css.php
2012.07.25 12:10 B C:\Users\COBRIEN\Desktop\Schubert\administrator\components\com_acesearch\controllers\extensions.php <-- Schubert Rackspace /web/content/administrator/components/com_acesearch/controllers extensions.php
2012.07.25 12:10 B C:\Users\COBRIEN\Desktop\Schubert\administrator\components\com_acesearch\controllers\filters.php <-- Schubert Rackspace /web/content/administrator/components/com_acesearch/controllers filters.php
2012.07.25 12:10 B C:\Users\COBRIEN\Desktop\Schubert\administrator\components\com_acesearch\controllers\index.html <-- Schubert Rackspace /web/content/administrator/components/com_acesearch/controllers index.html
2012.07.25 12:10 B C:\Users\COBRIEN\Desktop\Schubert\administrator\components\com_acesearch\controllers\purge.php <-- Schubert Rackspace /web/content/administrator/components/com_acesearch/controllers purge.php
2012.07.25 12:10 B C:\Users\COBRIEN\Desktop\Schubert\administrator\components\com_acesearch\controllers\search.php <-- Schubert Rackspace /web/content/administrator/components/com_acesearch/controllers search.php
2012.07.25 12:10 B C:\Users\COBRIEN\Desktop\Schubert\administrator\components\com_acesearch\controllers\statistics.php <-- Schubert Rackspace /web/content/administrator/components/com_acesearch/controllers statistics.php
2012.07.25 12:10 B C:\Users\COBRIEN\Desktop\Schubert\administrator\components\com_acesearch\controllers\support.php <-- Schubert Rackspace /web/content/administrator/components/com_acesearch/controllers support.php
2012.07.25 12:10 B C:\Users\COBRIEN\Desktop\Schubert\administrator\components\com_acesearch\controllers\upgrade.php <-- Schubert Rackspace /web/content/administrator/components/com_acesearch/controllers upgrade.php
2012.09.04 10:43 B C:\inetpub\wwwroot\administrator\components\com_acesearch\controllers\acesearch.php --> ftp3.ftptoyoursite.com /web/content/SITE-TEST/administrator/components/com_acesearch/controllers acesearch.php
2012.09.04 10:43 B C:\inetpub\wwwroot\administrator\components\com_acesearch\controllers\ajax.php --> ftp3.ftptoyoursite.com /web/content/SITE-TEST/administrator/components/com_acesearch/controllers ajax.php
2012.09.04 10:43 B C:\inetpub\wwwroot\administrator\components\com_acesearch\controllers\config.php --> ftp3.ftptoyoursite.com /web/content/SITE-TEST/administrator/components/com_acesearch/controllers config.php
2012.09.04 10:43 B C:\inetpub\wwwroot\administrator\components\com_acesearch\controllers\css.php --> ftp3.ftptoyoursite.com /web/content/SITE-TEST/administrator/components/com_acesearch/controllers css.php
2012.09.04 10:43 B C:\inetpub\wwwroot\administrator\components\com_acesearch\controllers\extensions.php --> ftp3.ftptoyoursite.com /web/content/SITE-TEST/administrator/components/com_acesearch/controllers extensions.php
2012.09.04 10:43 B C:\inetpub\wwwroot\administrator\components\com_acesearch\controllers\filters.php --> ftp3.ftptoyoursite.com /web/content/SITE-TEST/administrator/components/com_acesearch/controllers filters.php
2012.09.04 10:43 B C:\inetpub\wwwroot\administrator\components\com_acesearch\controllers\index.html --> ftp3.ftptoyoursite.com /web/content/SITE-TEST/administrator/components/com_acesearch/controllers index.html
2012.09.04 10:43 B C:\inetpub\wwwroot\administrator\components\com_acesearch\controllers\purge.php --> ftp3.ftptoyoursite.com /web/content/SITE-TEST/administrator/components/com_acesearch/controllers purge.php
2012.09.04 10:43 B C:\inetpub\wwwroot\administrator\components\com_acesearch\controllers\search.php --> ftp3.ftptoyoursite.com /web/content/SITE-TEST/administrator/components/com_acesearch/controllers search.php
2012.09.04 10:43 B C:\inetpub\wwwroot\administrator\components\com_acesearch\controllers\statistics.php --> ftp3.ftptoyoursite.com /web/content/SITE-TEST/administrator/components/com_acesearch/controllers statistics.php
2012.09.04 10:43 B C:\inetpub\wwwroot\administrator\components\com_acesearch\controllers\support.php --> ftp3.ftptoyoursite.com /web/content/SITE-TEST/administrator/components/com_acesearch/controllers support.php
2012.09.04 10:43 B C:\inetpub\wwwroot\administrator\components\com_acesearch\controllers\upgrade.php --> ftp3.ftptoyoursite.com /web/content/SITE-TEST/administrator/components/com_acesearch/controllers upgrade.php
2012.09.04 10:43 B C:\inetpub\wwwroot\administrator\components\com_acesearch\controllers\WS_FTP.LOG --> ftp3.ftptoyoursite.com /web/content/SITE-TEST/administrator/components/com_acesearch/controllers WS_FTP.LOG
2012.09.06 14:57 B C:\inetpub\wwwroot\administrator\components\com_acesearch\controllers\acesearch.php --> ftp3.ftptoyoursite.com /web/content/SITEBACKUP_962012/administrator/components/com_acesearch/controllers acesearch.php
2012.09.06 14:57 B C:\inetpub\wwwroot\administrator\components\com_acesearch\controllers\ajax.php --> ftp3.ftptoyoursite.com /web/content/SITEBACKUP_962012/administrator/components/com_acesearch/controllers ajax.php
2012.09.06 14:57 B C:\inetpub\wwwroot\administrator\components\com_acesearch\controllers\config.php --> ftp3.ftptoyoursite.com /web/content/SITEBACKUP_962012/administrator/components/com_acesearch/controllers config.php
2012.09.06 14:57 B C:\inetpub\wwwroot\administrator\components\com_acesearch\controllers\css.php --> ftp3.ftptoyoursite.com /web/content/SITEBACKUP_962012/administrator/components/com_acesearch/controllers css.php
2012.09.06 14:57 B C:\inetpub\wwwroot\administrator\components\com_acesearch\controllers\extensions.php --> ftp3.ftptoyoursite.com /web/content/SITEBACKUP_962012/administrator/components/com_acesearch/controllers extensions.php
2012.09.06 14:57 B C:\inetpub\wwwroot\administrator\components\com_acesearch\controllers\filters.php --> ftp3.ftptoyoursite.com /web/content/SITEBACKUP_962012/administrator/components/com_acesearch/controllers filters.php
2012.09.06 14:57 B C:\inetpub\wwwroot\administrator\components\com_acesearch\controllers\index.html --> ftp3.ftptoyoursite.com /web/content/SITEBACKUP_962012/administrator/components/com_acesearch/controllers index.html
2012.09.06 14:57 B C:\inetpub\wwwroot\administrator\components\com_acesearch\controllers\purge.php --> ftp3.ftptoyoursite.com /web/content/SITEBACKUP_962012/administrator/components/com_acesearch/controllers purge.php
2012.09.06 14:57 B C:\inetpub\wwwroot\administrator\components\com_acesearch\controllers\search.php --> ftp3.ftptoyoursite.com /web/content/SITEBACKUP_962012/administrator/components/com_acesearch/controllers search.php
2012.09.06 14:57 B C:\inetpub\wwwroot\administrator\components\com_acesearch\controllers\statistics.php --> ftp3.ftptoyoursite.com /web/content/SITEBACKUP_962012/administrator/components/com_acesearch/controllers statistics.php
2012.09.06 14:57 B C:\inetpub\wwwroot\administrator\components\com_acesearch\controllers\support.php --> ftp3.ftptoyoursite.com /web/content/SITEBACKUP_962012/administrator/components/com_acesearch/controllers support.php
2012.09.06 14:57 B C:\inetpub\wwwroot\administrator\components\com_acesearch\controllers\upgrade.php --> ftp3.ftptoyoursite.com /web/content/SITEBACKUP_962012/administrator/components/com_acesearch/controllers upgrade.php
2012.09.06 14:57 B C:\inetpub\wwwroot\administrator\components\com_acesearch\controllers\WS_FTP.LOG --> ftp3.ftptoyoursite.com /web/content/SITEBACKUP_962012/administrator/components/com_acesearch/controllers WS_FTP.LOG
2012.09.06 15:20 B C:\inetpub\wwwroot\administrator\components\com_acesearch\controllers\acesearch.php <-- Schubert Rackspace /web/content/administrator/components/com_acesearch/controllers acesearch.php
2012.09.06 15:20 B C:\inetpub\wwwroot\administrator\components\com_acesearch\controllers\ajax.php <-- Schubert Rackspace /web/content/administrator/components/com_acesearch/controllers ajax.php
2012.09.06 15:20 B C:\inetpub\wwwroot\administrator\components\com_acesearch\controllers\config.php <-- Schubert Rackspace /web/content/administrator/components/com_acesearch/controllers config.php
2012.09.06 15:20 B C:\inetpub\wwwroot\administrator\components\com_acesearch\controllers\css.php <-- Schubert Rackspace /web/content/administrator/components/com_acesearch/controllers css.php
2012.09.06 15:20 B C:\inetpub\wwwroot\administrator\components\com_acesearch\controllers\extensions.php <-- Schubert Rackspace /web/content/administrator/components/com_acesearch/controllers extensions.php
2012.09.06 15:20 B C:\inetpub\wwwroot\administrator\components\com_acesearch\controllers\filters.php <-- Schubert Rackspace /web/content/administrator/components/com_acesearch/controllers filters.php
2012.09.06 15:20 B C:\inetpub\wwwroot\administrator\components\com_acesearch\controllers\index.html <-- Schubert Rackspace /web/content/administrator/components/com_acesearch/controllers index.html
2012.09.06 15:20 B C:\inetpub\wwwroot\administrator\components\com_acesearch\controllers\purge.php <-- Schubert Rackspace /web/content/administrator/components/com_acesearch/controllers purge.php
2012.09.06 15:20 B C:\inetpub\wwwroot\administrator\components\com_acesearch\controllers\search.php <-- Schubert Rackspace /web/content/administrator/components/com_acesearch/controllers search.php
2012.09.06 15:20 B C:\inetpub\wwwroot\administrator\components\com_acesearch\controllers\statistics.php <-- Schubert Rackspace /web/content/administrator/components/com_acesearch/controllers statistics.php
2012.09.06 15:20 B C:\inetpub\wwwroot\administrator\components\com_acesearch\controllers\support.php <-- Schubert Rackspace /web/content/administrator/components/com_acesearch/controllers support.php
2012.09.06 15:20 B C:\inetpub\wwwroot\administrator\components\com_acesearch\controllers\upgrade.php <-- Schubert Rackspace /web/content/administrator/components/com_acesearch/controllers upgrade.php
2012.09.06 15:43 B C:\inetpub\wwwroot\administrator\components\com_acesearch\controllers\acesearch.php <-- Schubert Rackspace /web/content/SITEBACKUP_962012/administrator/components/com_acesearch/controllers acesearch.php
2012.09.06 15:43 B C:\inetpub\wwwroot\administrator\components\com_acesearch\controllers\ajax.php <-- Schubert Rackspace /web/content/SITEBACKUP_962012/administrator/components/com_acesearch/controllers ajax.php
2012.09.06 15:43 B C:\inetpub\wwwroot\administrator\components\com_acesearch\controllers\config.php <-- Schubert Rackspace /web/content/SITEBACKUP_962012/administrator/components/com_acesearch/controllers config.php
2012.09.06 15:43 B C:\inetpub\wwwroot\administrator\components\com_acesearch\controllers\css.php <-- Schubert Rackspace /web/content/SITEBACKUP_962012/administrator/components/com_acesearch/controllers css.php
2012.09.06 15:43 B C:\inetpub\wwwroot\administrator\components\com_acesearch\controllers\extensions.php <-- Schubert Rackspace /web/content/SITEBACKUP_962012/administrator/components/com_acesearch/controllers extensions.php
2012.09.06 15:43 B C:\inetpub\wwwroot\administrator\components\com_acesearch\controllers\filters.php <-- Schubert Rackspace /web/content/SITEBACKUP_962012/administrator/components/com_acesearch/controllers filters.php
2012.09.06 15:43 B C:\inetpub\wwwroot\administrator\components\com_acesearch\controllers\index.html <-- Schubert Rackspace /web/content/SITEBACKUP_962012/administrator/components/com_acesearch/controllers index.html
2012.09.06 15:43 B C:\inetpub\wwwroot\administrator\components\com_acesearch\controllers\purge.php <-- Schubert Rackspace /web/content/SITEBACKUP_962012/administrator/components/com_acesearch/controllers purge.php
2012.09.06 15:43 B C:\inetpub\wwwroot\administrator\components\com_acesearch\controllers\search.php <-- Schubert Rackspace /web/content/SITEBACKUP_962012/administrator/components/com_acesearch/controllers search.php
2012.09.06 15:43 B C:\inetpub\wwwroot\administrator\components\com_acesearch\controllers\statistics.php <-- Schubert Rackspace /web/content/SITEBACKUP_962012/administrator/components/com_acesearch/controllers statistics.php
2012.09.06 15:43 B C:\inetpub\wwwroot\administrator\components\com_acesearch\controllers\support.php <-- Schubert Rackspace /web/content/SITEBACKUP_962012/administrator/components/com_acesearch/controllers support.php
2012.09.06 15:43 B C:\inetpub\wwwroot\administrator\components\com_acesearch\controllers\upgrade.php <-- Schubert Rackspace /web/content/SITEBACKUP_962012/administrator/components/com_acesearch/controllers upgrade.php
2012.10.23 09:03 B C:\inetpub\wwwroot\administrator\components\com_acesearch\controllers\acesearch.php --> ftp3.ftptoyoursite.com /web/content/administrator/components/com_acesearch/controllers acesearch.php
2012.10.23 09:03 B C:\inetpub\wwwroot\administrator\components\com_acesearch\controllers\ajax.php --> ftp3.ftptoyoursite.com /web/content/administrator/components/com_acesearch/controllers ajax.php
2012.10.23 09:03 B C:\inetpub\wwwroot\administrator\components\com_acesearch\controllers\config.php --> ftp3.ftptoyoursite.com /web/content/administrator/components/com_acesearch/controllers config.php
2012.10.23 09:03 B C:\inetpub\wwwroot\administrator\components\com_acesearch\controllers\css.php --> ftp3.ftptoyoursite.com /web/content/administrator/components/com_acesearch/controllers css.php
2012.10.23 09:03 B C:\inetpub\wwwroot\administrator\components\com_acesearch\controllers\extensions.php --> ftp3.ftptoyoursite.com /web/content/administrator/components/com_acesearch/controllers extensions.php
2012.10.23 09:03 B C:\inetpub\wwwroot\administrator\components\com_acesearch\controllers\filters.php --> ftp3.ftptoyoursite.com /web/content/administrator/components/com_acesearch/controllers filters.php
2012.10.23 09:03 B C:\inetpub\wwwroot\administrator\components\com_acesearch\controllers\index.html --> ftp3.ftptoyoursite.com /web/content/administrator/components/com_acesearch/controllers index.html
2012.10.23 09:03 B C:\inetpub\wwwroot\administrator\components\com_acesearch\controllers\purge.php --> ftp3.ftptoyoursite.com /web/content/administrator/components/com_acesearch/controllers purge.php
2012.10.23 09:03 B C:\inetpub\wwwroot\administrator\components\com_acesearch\controllers\search.php --> ftp3.ftptoyoursite.com /web/content/administrator/components/com_acesearch/controllers search.php
2012.10.23 09:03 B C:\inetpub\wwwroot\administrator\components\com_acesearch\controllers\statistics.php --> ftp3.ftptoyoursite.com /web/content/administrator/components/com_acesearch/controllers statistics.php
2012.10.23 09:03 B C:\inetpub\wwwroot\administrator\components\com_acesearch\controllers\support.php --> ftp3.ftptoyoursite.com /web/content/administrator/components/com_acesearch/controllers support.php
2012.10.23 09:03 B C:\inetpub\wwwroot\administrator\components\com_acesearch\controllers\upgrade.php --> ftp3.ftptoyoursite.com /web/content/administrator/components/com_acesearch/controllers upgrade.php
2012.10.23 09:03 B C:\inetpub\wwwroot\administrator\components\com_acesearch\controllers\WS_FTP.LOG --> ftp3.ftptoyoursite.com /web/content/administrator/components/com_acesearch/controllers WS_FTP.LOG
2013.02.01 14:39 B C:\inetpub\wwwroot\administrator\components\com_acesearch\controllers\WS_FTP.LOG <-- Schubert Rackspace /web/content/administrator/components/com_acesearch/controllers WS_FTP.LOG
