2012.07.25 12:19 B C:\Users\COBRIEN\Desktop\Schubert\modules\mod_lofaccordion\assets\images\close.png <-- Schubert Rackspace /web/content/modules/mod_lofaccordion/assets/images close.png
2012.07.25 12:19 B C:\Users\COBRIEN\Desktop\Schubert\modules\mod_lofaccordion\assets\images\icon-image.png <-- Schubert Rackspace /web/content/modules/mod_lofaccordion/assets/images icon-image.png
2012.07.25 12:19 B C:\Users\COBRIEN\Desktop\Schubert\modules\mod_lofaccordion\assets\images\joomla.png <-- Schubert Rackspace /web/content/modules/mod_lofaccordion/assets/images joomla.png
2012.07.25 12:19 B C:\Users\COBRIEN\Desktop\Schubert\modules\mod_lofaccordion\assets\images\k2_logo.gif <-- Schubert Rackspace /web/content/modules/mod_lofaccordion/assets/images k2_logo.gif
2012.07.25 12:19 B C:\Users\COBRIEN\Desktop\Schubert\modules\mod_lofaccordion\assets\images\load-indicator.gif <-- Schubert Rackspace /web/content/modules/mod_lofaccordion/assets/images load-indicator.gif
2012.07.25 12:19 B C:\Users\COBRIEN\Desktop\Schubert\modules\mod_lofaccordion\assets\images\open.png <-- Schubert Rackspace /web/content/modules/mod_lofaccordion/assets/images open.png
2012.07.25 12:19 B C:\Users\COBRIEN\Desktop\Schubert\modules\mod_lofaccordion\assets\images\osmbanner2.png <-- Schubert Rackspace /web/content/modules/mod_lofaccordion/assets/images osmbanner2.png
2012.07.25 12:19 B C:\Users\COBRIEN\Desktop\Schubert\modules\mod_lofaccordion\assets\images\shop-ad.jpg <-- Schubert Rackspace /web/content/modules/mod_lofaccordion/assets/images shop-ad.jpg
2012.09.04 10:56 B C:\inetpub\wwwroot\modules\mod_lofaccordion\assets\images\close.png --> ftp3.ftptoyoursite.com /web/content/SITE-TEST/modules/mod_lofaccordion/assets/images close.png
2012.09.04 10:56 B C:\inetpub\wwwroot\modules\mod_lofaccordion\assets\images\icon-image.png --> ftp3.ftptoyoursite.com /web/content/SITE-TEST/modules/mod_lofaccordion/assets/images icon-image.png
2012.09.04 10:56 B C:\inetpub\wwwroot\modules\mod_lofaccordion\assets\images\index.html --> ftp3.ftptoyoursite.com /web/content/SITE-TEST/modules/mod_lofaccordion/assets/images index.html
2012.09.04 10:56 B C:\inetpub\wwwroot\modules\mod_lofaccordion\assets\images\joomla.png --> ftp3.ftptoyoursite.com /web/content/SITE-TEST/modules/mod_lofaccordion/assets/images joomla.png
2012.09.04 10:56 B C:\inetpub\wwwroot\modules\mod_lofaccordion\assets\images\k2_logo.gif --> ftp3.ftptoyoursite.com /web/content/SITE-TEST/modules/mod_lofaccordion/assets/images k2_logo.gif
2012.09.04 10:56 B C:\inetpub\wwwroot\modules\mod_lofaccordion\assets\images\load-indicator.gif --> ftp3.ftptoyoursite.com /web/content/SITE-TEST/modules/mod_lofaccordion/assets/images load-indicator.gif
2012.09.04 10:56 B C:\inetpub\wwwroot\modules\mod_lofaccordion\assets\images\open.png --> ftp3.ftptoyoursite.com /web/content/SITE-TEST/modules/mod_lofaccordion/assets/images open.png
2012.09.04 10:56 B C:\inetpub\wwwroot\modules\mod_lofaccordion\assets\images\osmbanner2.png --> ftp3.ftptoyoursite.com /web/content/SITE-TEST/modules/mod_lofaccordion/assets/images osmbanner2.png
2012.09.04 10:56 B C:\inetpub\wwwroot\modules\mod_lofaccordion\assets\images\shop-ad.jpg --> ftp3.ftptoyoursite.com /web/content/SITE-TEST/modules/mod_lofaccordion/assets/images shop-ad.jpg
2012.09.04 10:56 B C:\inetpub\wwwroot\modules\mod_lofaccordion\assets\images\WS_FTP.LOG --> ftp3.ftptoyoursite.com /web/content/SITE-TEST/modules/mod_lofaccordion/assets/images WS_FTP.LOG
2012.09.06 15:15 B C:\inetpub\wwwroot\modules\mod_lofaccordion\assets\images\close.png --> ftp3.ftptoyoursite.com /web/content/SITEBACKUP_962012/modules/mod_lofaccordion/assets/images close.png
2012.09.06 15:15 B C:\inetpub\wwwroot\modules\mod_lofaccordion\assets\images\icon-image.png --> ftp3.ftptoyoursite.com /web/content/SITEBACKUP_962012/modules/mod_lofaccordion/assets/images icon-image.png
2012.09.06 15:15 B C:\inetpub\wwwroot\modules\mod_lofaccordion\assets\images\index.html --> ftp3.ftptoyoursite.com /web/content/SITEBACKUP_962012/modules/mod_lofaccordion/assets/images index.html
2012.09.06 15:15 B C:\inetpub\wwwroot\modules\mod_lofaccordion\assets\images\joomla.png --> ftp3.ftptoyoursite.com /web/content/SITEBACKUP_962012/modules/mod_lofaccordion/assets/images joomla.png
2012.09.06 15:15 B C:\inetpub\wwwroot\modules\mod_lofaccordion\assets\images\k2_logo.gif --> ftp3.ftptoyoursite.com /web/content/SITEBACKUP_962012/modules/mod_lofaccordion/assets/images k2_logo.gif
2012.09.06 15:15 B C:\inetpub\wwwroot\modules\mod_lofaccordion\assets\images\load-indicator.gif --> ftp3.ftptoyoursite.com /web/content/SITEBACKUP_962012/modules/mod_lofaccordion/assets/images load-indicator.gif
2012.09.06 15:15 B C:\inetpub\wwwroot\modules\mod_lofaccordion\assets\images\open.png --> ftp3.ftptoyoursite.com /web/content/SITEBACKUP_962012/modules/mod_lofaccordion/assets/images open.png
2012.09.06 15:15 B C:\inetpub\wwwroot\modules\mod_lofaccordion\assets\images\osmbanner2.png --> ftp3.ftptoyoursite.com /web/content/SITEBACKUP_962012/modules/mod_lofaccordion/assets/images osmbanner2.png
2012.09.06 15:15 B C:\inetpub\wwwroot\modules\mod_lofaccordion\assets\images\shop-ad.jpg --> ftp3.ftptoyoursite.com /web/content/SITEBACKUP_962012/modules/mod_lofaccordion/assets/images shop-ad.jpg
2012.09.06 15:15 B C:\inetpub\wwwroot\modules\mod_lofaccordion\assets\images\WS_FTP.LOG --> ftp3.ftptoyoursite.com /web/content/SITEBACKUP_962012/modules/mod_lofaccordion/assets/images WS_FTP.LOG
2012.10.23 09:17 B C:\inetpub\wwwroot\modules\mod_lofaccordion\assets\images\close.png --> ftp3.ftptoyoursite.com /web/content/modules/mod_lofaccordion/assets/images close.png
2012.10.23 09:17 B C:\inetpub\wwwroot\modules\mod_lofaccordion\assets\images\icon-image.png --> ftp3.ftptoyoursite.com /web/content/modules/mod_lofaccordion/assets/images icon-image.png
2012.10.23 09:17 B C:\inetpub\wwwroot\modules\mod_lofaccordion\assets\images\index.html --> ftp3.ftptoyoursite.com /web/content/modules/mod_lofaccordion/assets/images index.html
2012.10.23 09:17 B C:\inetpub\wwwroot\modules\mod_lofaccordion\assets\images\joomla.png --> ftp3.ftptoyoursite.com /web/content/modules/mod_lofaccordion/assets/images joomla.png
2012.10.23 09:17 B C:\inetpub\wwwroot\modules\mod_lofaccordion\assets\images\k2_logo.gif --> ftp3.ftptoyoursite.com /web/content/modules/mod_lofaccordion/assets/images k2_logo.gif
2012.10.23 09:17 B C:\inetpub\wwwroot\modules\mod_lofaccordion\assets\images\load-indicator.gif --> ftp3.ftptoyoursite.com /web/content/modules/mod_lofaccordion/assets/images load-indicator.gif
2012.10.23 09:17 B C:\inetpub\wwwroot\modules\mod_lofaccordion\assets\images\open.png --> ftp3.ftptoyoursite.com /web/content/modules/mod_lofaccordion/assets/images open.png
2012.10.23 09:17 B C:\inetpub\wwwroot\modules\mod_lofaccordion\assets\images\osmbanner2.png --> ftp3.ftptoyoursite.com /web/content/modules/mod_lofaccordion/assets/images osmbanner2.png
2012.10.23 09:17 B C:\inetpub\wwwroot\modules\mod_lofaccordion\assets\images\shop-ad.jpg --> ftp3.ftptoyoursite.com /web/content/modules/mod_lofaccordion/assets/images shop-ad.jpg
2012.10.23 09:17 B C:\inetpub\wwwroot\modules\mod_lofaccordion\assets\images\WS_FTP.LOG --> ftp3.ftptoyoursite.com /web/content/modules/mod_lofaccordion/assets/images WS_FTP.LOG
2013.02.01 15:03 B C:\inetpub\wwwroot\modules\mod_lofaccordion\assets\images\WS_FTP.LOG <-- Schubert Rackspace /web/content/modules/mod_lofaccordion/assets/images WS_FTP.LOG
