2012.07.25 12:16 B C:\Users\COBRIEN\Desktop\Schubert\images\btns\inner-btns\in-contact.png <-- Schubert Rackspace /web/content/images/btns/inner-btns in-contact.png
2012.07.25 12:16 B C:\Users\COBRIEN\Desktop\Schubert\images\btns\inner-btns\in-contact_hover.png <-- Schubert Rackspace /web/content/images/btns/inner-btns in-contact_hover.png
2012.07.25 12:16 B C:\Users\COBRIEN\Desktop\Schubert\images\btns\inner-btns\in-ecochembtn.png <-- Schubert Rackspace /web/content/images/btns/inner-btns in-ecochembtn.png
2012.07.25 12:16 B C:\Users\COBRIEN\Desktop\Schubert\images\btns\inner-btns\in-product.png <-- Schubert Rackspace /web/content/images/btns/inner-btns in-product.png
2012.07.25 12:16 B C:\Users\COBRIEN\Desktop\Schubert\images\btns\inner-btns\in-product_hover.png <-- Schubert Rackspace /web/content/images/btns/inner-btns in-product_hover.png
2012.07.25 12:16 B C:\Users\COBRIEN\Desktop\Schubert\images\btns\inner-btns\in-sustsinability.png <-- Schubert Rackspace /web/content/images/btns/inner-btns in-sustsinability.png
2012.07.25 12:16 B C:\Users\COBRIEN\Desktop\Schubert\images\btns\inner-btns\in-sustsinability_hover.png <-- Schubert Rackspace /web/content/images/btns/inner-btns in-sustsinability_hover.png
2012.07.25 12:16 B C:\Users\COBRIEN\Desktop\Schubert\images\btns\inner-btns\locations.png <-- Schubert Rackspace /web/content/images/btns/inner-btns locations.png
2012.07.25 12:16 B C:\Users\COBRIEN\Desktop\Schubert\images\btns\inner-btns\locations_hover.png <-- Schubert Rackspace /web/content/images/btns/inner-btns locations_hover.png
2012.09.04 10:52 B C:\inetpub\wwwroot\images\btns\inner-btns\in-contact.png --> ftp3.ftptoyoursite.com /web/content/SITE-TEST/images/btns/inner-btns in-contact.png
2012.09.04 10:52 B C:\inetpub\wwwroot\images\btns\inner-btns\in-contact_hover.png --> ftp3.ftptoyoursite.com /web/content/SITE-TEST/images/btns/inner-btns in-contact_hover.png
2012.09.04 10:52 B C:\inetpub\wwwroot\images\btns\inner-btns\in-ecochembtn.png --> ftp3.ftptoyoursite.com /web/content/SITE-TEST/images/btns/inner-btns in-ecochembtn.png
2012.09.04 10:52 B C:\inetpub\wwwroot\images\btns\inner-btns\in-product.png --> ftp3.ftptoyoursite.com /web/content/SITE-TEST/images/btns/inner-btns in-product.png
2012.09.04 10:52 B C:\inetpub\wwwroot\images\btns\inner-btns\in-product_hover.png --> ftp3.ftptoyoursite.com /web/content/SITE-TEST/images/btns/inner-btns in-product_hover.png
2012.09.04 10:52 B C:\inetpub\wwwroot\images\btns\inner-btns\in-sustsinability.png --> ftp3.ftptoyoursite.com /web/content/SITE-TEST/images/btns/inner-btns in-sustsinability.png
2012.09.04 10:52 B C:\inetpub\wwwroot\images\btns\inner-btns\in-sustsinability_hover.png --> ftp3.ftptoyoursite.com /web/content/SITE-TEST/images/btns/inner-btns in-sustsinability_hover.png
2012.09.04 10:52 B C:\inetpub\wwwroot\images\btns\inner-btns\locations.png --> ftp3.ftptoyoursite.com /web/content/SITE-TEST/images/btns/inner-btns locations.png
2012.09.04 10:52 B C:\inetpub\wwwroot\images\btns\inner-btns\locations_hover.png --> ftp3.ftptoyoursite.com /web/content/SITE-TEST/images/btns/inner-btns locations_hover.png
2012.09.04 10:52 B C:\inetpub\wwwroot\images\btns\inner-btns\WS_FTP.LOG --> ftp3.ftptoyoursite.com /web/content/SITE-TEST/images/btns/inner-btns WS_FTP.LOG
2012.09.06 15:10 B C:\inetpub\wwwroot\images\btns\inner-btns\in-contact.png --> ftp3.ftptoyoursite.com /web/content/SITEBACKUP_962012/images/btns/inner-btns in-contact.png
2012.09.06 15:10 B C:\inetpub\wwwroot\images\btns\inner-btns\in-contact_hover.png --> ftp3.ftptoyoursite.com /web/content/SITEBACKUP_962012/images/btns/inner-btns in-contact_hover.png
2012.09.06 15:10 B C:\inetpub\wwwroot\images\btns\inner-btns\in-ecochembtn.png --> ftp3.ftptoyoursite.com /web/content/SITEBACKUP_962012/images/btns/inner-btns in-ecochembtn.png
2012.09.06 15:10 B C:\inetpub\wwwroot\images\btns\inner-btns\in-product.png --> ftp3.ftptoyoursite.com /web/content/SITEBACKUP_962012/images/btns/inner-btns in-product.png
2012.09.06 15:10 B C:\inetpub\wwwroot\images\btns\inner-btns\in-product_hover.png --> ftp3.ftptoyoursite.com /web/content/SITEBACKUP_962012/images/btns/inner-btns in-product_hover.png
2012.09.06 15:10 B C:\inetpub\wwwroot\images\btns\inner-btns\in-sustsinability.png --> ftp3.ftptoyoursite.com /web/content/SITEBACKUP_962012/images/btns/inner-btns in-sustsinability.png
2012.09.06 15:10 B C:\inetpub\wwwroot\images\btns\inner-btns\in-sustsinability_hover.png --> ftp3.ftptoyoursite.com /web/content/SITEBACKUP_962012/images/btns/inner-btns in-sustsinability_hover.png
2012.09.06 15:10 B C:\inetpub\wwwroot\images\btns\inner-btns\locations.png --> ftp3.ftptoyoursite.com /web/content/SITEBACKUP_962012/images/btns/inner-btns locations.png
2012.09.06 15:10 B C:\inetpub\wwwroot\images\btns\inner-btns\locations_hover.png --> ftp3.ftptoyoursite.com /web/content/SITEBACKUP_962012/images/btns/inner-btns locations_hover.png
2012.09.06 15:10 B C:\inetpub\wwwroot\images\btns\inner-btns\WS_FTP.LOG --> ftp3.ftptoyoursite.com /web/content/SITEBACKUP_962012/images/btns/inner-btns WS_FTP.LOG
2012.09.06 15:33 B C:\inetpub\wwwroot\images\btns\inner-btns\in-contact.png <-- Schubert Rackspace /web/content/images/btns/inner-btns in-contact.png
2012.09.06 15:33 B C:\inetpub\wwwroot\images\btns\inner-btns\in-contact_hover.png <-- Schubert Rackspace /web/content/images/btns/inner-btns in-contact_hover.png
2012.09.06 15:33 B C:\inetpub\wwwroot\images\btns\inner-btns\in-ecochembtn.png <-- Schubert Rackspace /web/content/images/btns/inner-btns in-ecochembtn.png
2012.09.06 15:33 B C:\inetpub\wwwroot\images\btns\inner-btns\in-product.png <-- Schubert Rackspace /web/content/images/btns/inner-btns in-product.png
2012.09.06 15:33 B C:\inetpub\wwwroot\images\btns\inner-btns\in-product_hover.png <-- Schubert Rackspace /web/content/images/btns/inner-btns in-product_hover.png
2012.09.06 15:33 B C:\inetpub\wwwroot\images\btns\inner-btns\in-sustsinability.png <-- Schubert Rackspace /web/content/images/btns/inner-btns in-sustsinability.png
2012.09.06 15:33 B C:\inetpub\wwwroot\images\btns\inner-btns\in-sustsinability_hover.png <-- Schubert Rackspace /web/content/images/btns/inner-btns in-sustsinability_hover.png
2012.09.06 15:33 B C:\inetpub\wwwroot\images\btns\inner-btns\locations.png <-- Schubert Rackspace /web/content/images/btns/inner-btns locations.png
2012.09.06 15:33 B C:\inetpub\wwwroot\images\btns\inner-btns\locations_hover.png <-- Schubert Rackspace /web/content/images/btns/inner-btns locations_hover.png
2012.10.23 09:13 B C:\inetpub\wwwroot\images\btns\inner-btns\in-contact.png --> ftp3.ftptoyoursite.com /web/content/images/btns/inner-btns in-contact.png
2012.10.23 09:13 B C:\inetpub\wwwroot\images\btns\inner-btns\in-contact_hover.png --> ftp3.ftptoyoursite.com /web/content/images/btns/inner-btns in-contact_hover.png
2012.10.23 09:13 B C:\inetpub\wwwroot\images\btns\inner-btns\in-ecochembtn.png --> ftp3.ftptoyoursite.com /web/content/images/btns/inner-btns in-ecochembtn.png
2012.10.23 09:13 B C:\inetpub\wwwroot\images\btns\inner-btns\in-product.png --> ftp3.ftptoyoursite.com /web/content/images/btns/inner-btns in-product.png
2012.10.23 09:13 B C:\inetpub\wwwroot\images\btns\inner-btns\in-product_hover.png --> ftp3.ftptoyoursite.com /web/content/images/btns/inner-btns in-product_hover.png
2012.10.23 09:13 B C:\inetpub\wwwroot\images\btns\inner-btns\in-sustsinability.png --> ftp3.ftptoyoursite.com /web/content/images/btns/inner-btns in-sustsinability.png
2012.10.23 09:13 B C:\inetpub\wwwroot\images\btns\inner-btns\in-sustsinability_hover.png --> ftp3.ftptoyoursite.com /web/content/images/btns/inner-btns in-sustsinability_hover.png
2012.10.23 09:13 B C:\inetpub\wwwroot\images\btns\inner-btns\locations.png --> ftp3.ftptoyoursite.com /web/content/images/btns/inner-btns locations.png
2012.10.23 09:13 B C:\inetpub\wwwroot\images\btns\inner-btns\locations_hover.png --> ftp3.ftptoyoursite.com /web/content/images/btns/inner-btns locations_hover.png
2012.10.23 09:13 B C:\inetpub\wwwroot\images\btns\inner-btns\WS_FTP.LOG --> ftp3.ftptoyoursite.com /web/content/images/btns/inner-btns WS_FTP.LOG
2013.02.01 14:50 B C:\inetpub\wwwroot\images\btns\inner-btns\WS_FTP.LOG <-- Schubert Rackspace /web/content/images/btns/inner-btns WS_FTP.LOG
