2012.07.25 12:19 B C:\Users\COBRIEN\Desktop\Schubert\media\media\images\bar.gif <-- Schubert Rackspace /web/content/media/media/images bar.gif
2012.07.25 12:19 B C:\Users\COBRIEN\Desktop\Schubert\media\media\images\con_info.png <-- Schubert Rackspace /web/content/media/media/images con_info.png
2012.07.25 12:19 B C:\Users\COBRIEN\Desktop\Schubert\media\media\images\delete.png <-- Schubert Rackspace /web/content/media/media/images delete.png
2012.07.25 12:19 B C:\Users\COBRIEN\Desktop\Schubert\media\media\images\dots.gif <-- Schubert Rackspace /web/content/media/media/images dots.gif
2012.07.25 12:19 B C:\Users\COBRIEN\Desktop\Schubert\media\media\images\failed.png <-- Schubert Rackspace /web/content/media/media/images failed.png
2012.07.25 12:19 B C:\Users\COBRIEN\Desktop\Schubert\media\media\images\folder.gif <-- Schubert Rackspace /web/content/media/media/images folder.gif
2012.07.25 12:19 B C:\Users\COBRIEN\Desktop\Schubert\media\media\images\folder.png <-- Schubert Rackspace /web/content/media/media/images folder.png
2012.07.25 12:19 B C:\Users\COBRIEN\Desktop\Schubert\media\media\images\folder_sm.png <-- Schubert Rackspace /web/content/media/media/images folder_sm.png
2012.07.25 12:19 B C:\Users\COBRIEN\Desktop\Schubert\media\media\images\folderup_16.png <-- Schubert Rackspace /web/content/media/media/images folderup_16.png
2012.07.25 12:19 B C:\Users\COBRIEN\Desktop\Schubert\media\media\images\folderup_32.png <-- Schubert Rackspace /web/content/media/media/images folderup_32.png
2012.07.25 12:19 B C:\Users\COBRIEN\Desktop\Schubert\media\media\images\index.html <-- Schubert Rackspace /web/content/media/media/images index.html
2012.07.25 12:19 B C:\Users\COBRIEN\Desktop\Schubert\media\media\images\progress.gif <-- Schubert Rackspace /web/content/media/media/images progress.gif
2012.07.25 12:19 B C:\Users\COBRIEN\Desktop\Schubert\media\media\images\remove.png <-- Schubert Rackspace /web/content/media/media/images remove.png
2012.07.25 12:19 B C:\Users\COBRIEN\Desktop\Schubert\media\media\images\success.png <-- Schubert Rackspace /web/content/media/media/images success.png
2012.07.25 12:19 B C:\Users\COBRIEN\Desktop\Schubert\media\media\images\upload.png <-- Schubert Rackspace /web/content/media/media/images upload.png
2012.07.25 12:19 B C:\Users\COBRIEN\Desktop\Schubert\media\media\images\uploading.png <-- Schubert Rackspace /web/content/media/media/images uploading.png
2012.09.04 10:55 B C:\inetpub\wwwroot\media\media\images\bar.gif --> ftp3.ftptoyoursite.com /web/content/SITE-TEST/media/media/images bar.gif
2012.09.04 10:55 B C:\inetpub\wwwroot\media\media\images\con_info.png --> ftp3.ftptoyoursite.com /web/content/SITE-TEST/media/media/images con_info.png
2012.09.04 10:55 B C:\inetpub\wwwroot\media\media\images\delete.png --> ftp3.ftptoyoursite.com /web/content/SITE-TEST/media/media/images delete.png
2012.09.04 10:55 B C:\inetpub\wwwroot\media\media\images\dots.gif --> ftp3.ftptoyoursite.com /web/content/SITE-TEST/media/media/images dots.gif
2012.09.04 10:55 B C:\inetpub\wwwroot\media\media\images\failed.png --> ftp3.ftptoyoursite.com /web/content/SITE-TEST/media/media/images failed.png
2012.09.04 10:55 B C:\inetpub\wwwroot\media\media\images\folder.gif --> ftp3.ftptoyoursite.com /web/content/SITE-TEST/media/media/images folder.gif
2012.09.04 10:55 B C:\inetpub\wwwroot\media\media\images\folder.png --> ftp3.ftptoyoursite.com /web/content/SITE-TEST/media/media/images folder.png
2012.09.04 10:55 B C:\inetpub\wwwroot\media\media\images\folder_sm.png --> ftp3.ftptoyoursite.com /web/content/SITE-TEST/media/media/images folder_sm.png
2012.09.04 10:55 B C:\inetpub\wwwroot\media\media\images\folderup_16.png --> ftp3.ftptoyoursite.com /web/content/SITE-TEST/media/media/images folderup_16.png
2012.09.04 10:55 B C:\inetpub\wwwroot\media\media\images\folderup_32.png --> ftp3.ftptoyoursite.com /web/content/SITE-TEST/media/media/images folderup_32.png
2012.09.04 10:55 B C:\inetpub\wwwroot\media\media\images\index.html --> ftp3.ftptoyoursite.com /web/content/SITE-TEST/media/media/images index.html
2012.09.04 10:55 B C:\inetpub\wwwroot\media\media\images\progress.gif --> ftp3.ftptoyoursite.com /web/content/SITE-TEST/media/media/images progress.gif
2012.09.04 10:55 B C:\inetpub\wwwroot\media\media\images\remove.png --> ftp3.ftptoyoursite.com /web/content/SITE-TEST/media/media/images remove.png
2012.09.04 10:55 B C:\inetpub\wwwroot\media\media\images\success.png --> ftp3.ftptoyoursite.com /web/content/SITE-TEST/media/media/images success.png
2012.09.04 10:55 B C:\inetpub\wwwroot\media\media\images\upload.png --> ftp3.ftptoyoursite.com /web/content/SITE-TEST/media/media/images upload.png
2012.09.04 10:55 B C:\inetpub\wwwroot\media\media\images\uploading.png --> ftp3.ftptoyoursite.com /web/content/SITE-TEST/media/media/images uploading.png
2012.09.04 10:55 B C:\inetpub\wwwroot\media\media\images\WS_FTP.LOG --> ftp3.ftptoyoursite.com /web/content/SITE-TEST/media/media/images WS_FTP.LOG
2012.09.06 15:14 B C:\inetpub\wwwroot\media\media\images\bar.gif --> ftp3.ftptoyoursite.com /web/content/SITEBACKUP_962012/media/media/images bar.gif
2012.09.06 15:14 B C:\inetpub\wwwroot\media\media\images\con_info.png --> ftp3.ftptoyoursite.com /web/content/SITEBACKUP_962012/media/media/images con_info.png
2012.09.06 15:14 B C:\inetpub\wwwroot\media\media\images\delete.png --> ftp3.ftptoyoursite.com /web/content/SITEBACKUP_962012/media/media/images delete.png
2012.09.06 15:14 B C:\inetpub\wwwroot\media\media\images\dots.gif --> ftp3.ftptoyoursite.com /web/content/SITEBACKUP_962012/media/media/images dots.gif
2012.09.06 15:14 B C:\inetpub\wwwroot\media\media\images\failed.png --> ftp3.ftptoyoursite.com /web/content/SITEBACKUP_962012/media/media/images failed.png
2012.09.06 15:14 B C:\inetpub\wwwroot\media\media\images\folder.gif --> ftp3.ftptoyoursite.com /web/content/SITEBACKUP_962012/media/media/images folder.gif
2012.09.06 15:14 B C:\inetpub\wwwroot\media\media\images\folder.png --> ftp3.ftptoyoursite.com /web/content/SITEBACKUP_962012/media/media/images folder.png
2012.09.06 15:14 B C:\inetpub\wwwroot\media\media\images\folder_sm.png --> ftp3.ftptoyoursite.com /web/content/SITEBACKUP_962012/media/media/images folder_sm.png
2012.09.06 15:14 B C:\inetpub\wwwroot\media\media\images\folderup_16.png --> ftp3.ftptoyoursite.com /web/content/SITEBACKUP_962012/media/media/images folderup_16.png
2012.09.06 15:14 B C:\inetpub\wwwroot\media\media\images\folderup_32.png --> ftp3.ftptoyoursite.com /web/content/SITEBACKUP_962012/media/media/images folderup_32.png
2012.09.06 15:14 B C:\inetpub\wwwroot\media\media\images\index.html --> ftp3.ftptoyoursite.com /web/content/SITEBACKUP_962012/media/media/images index.html
2012.09.06 15:14 B C:\inetpub\wwwroot\media\media\images\progress.gif --> ftp3.ftptoyoursite.com /web/content/SITEBACKUP_962012/media/media/images progress.gif
2012.09.06 15:14 B C:\inetpub\wwwroot\media\media\images\remove.png --> ftp3.ftptoyoursite.com /web/content/SITEBACKUP_962012/media/media/images remove.png
2012.09.06 15:14 B C:\inetpub\wwwroot\media\media\images\success.png --> ftp3.ftptoyoursite.com /web/content/SITEBACKUP_962012/media/media/images success.png
2012.09.06 15:14 B C:\inetpub\wwwroot\media\media\images\upload.png --> ftp3.ftptoyoursite.com /web/content/SITEBACKUP_962012/media/media/images upload.png
2012.09.06 15:14 B C:\inetpub\wwwroot\media\media\images\uploading.png --> ftp3.ftptoyoursite.com /web/content/SITEBACKUP_962012/media/media/images uploading.png
2012.09.06 15:14 B C:\inetpub\wwwroot\media\media\images\WS_FTP.LOG --> ftp3.ftptoyoursite.com /web/content/SITEBACKUP_962012/media/media/images WS_FTP.LOG
2012.10.23 09:16 B C:\inetpub\wwwroot\media\media\images\bar.gif --> ftp3.ftptoyoursite.com /web/content/media/media/images bar.gif
2012.10.23 09:16 B C:\inetpub\wwwroot\media\media\images\con_info.png --> ftp3.ftptoyoursite.com /web/content/media/media/images con_info.png
2012.10.23 09:16 B C:\inetpub\wwwroot\media\media\images\delete.png --> ftp3.ftptoyoursite.com /web/content/media/media/images delete.png
2012.10.23 09:16 B C:\inetpub\wwwroot\media\media\images\dots.gif --> ftp3.ftptoyoursite.com /web/content/media/media/images dots.gif
2012.10.23 09:16 B C:\inetpub\wwwroot\media\media\images\failed.png --> ftp3.ftptoyoursite.com /web/content/media/media/images failed.png
2012.10.23 09:16 B C:\inetpub\wwwroot\media\media\images\folder.gif --> ftp3.ftptoyoursite.com /web/content/media/media/images folder.gif
2012.10.23 09:16 B C:\inetpub\wwwroot\media\media\images\folder.png --> ftp3.ftptoyoursite.com /web/content/media/media/images folder.png
2012.10.23 09:16 B C:\inetpub\wwwroot\media\media\images\folder_sm.png --> ftp3.ftptoyoursite.com /web/content/media/media/images folder_sm.png
2012.10.23 09:16 B C:\inetpub\wwwroot\media\media\images\folderup_16.png --> ftp3.ftptoyoursite.com /web/content/media/media/images folderup_16.png
2012.10.23 09:16 B C:\inetpub\wwwroot\media\media\images\folderup_32.png --> ftp3.ftptoyoursite.com /web/content/media/media/images folderup_32.png
2012.10.23 09:16 B C:\inetpub\wwwroot\media\media\images\index.html --> ftp3.ftptoyoursite.com /web/content/media/media/images index.html
2012.10.23 09:16 B C:\inetpub\wwwroot\media\media\images\progress.gif --> ftp3.ftptoyoursite.com /web/content/media/media/images progress.gif
2012.10.23 09:16 B C:\inetpub\wwwroot\media\media\images\remove.png --> ftp3.ftptoyoursite.com /web/content/media/media/images remove.png
2012.10.23 09:16 B C:\inetpub\wwwroot\media\media\images\success.png --> ftp3.ftptoyoursite.com /web/content/media/media/images success.png
2012.10.23 09:16 B C:\inetpub\wwwroot\media\media\images\upload.png --> ftp3.ftptoyoursite.com /web/content/media/media/images upload.png
2012.10.23 09:16 B C:\inetpub\wwwroot\media\media\images\uploading.png --> ftp3.ftptoyoursite.com /web/content/media/media/images uploading.png
2012.10.23 09:16 B C:\inetpub\wwwroot\media\media\images\WS_FTP.LOG --> ftp3.ftptoyoursite.com /web/content/media/media/images WS_FTP.LOG
2013.02.01 15:01 B C:\inetpub\wwwroot\media\media\images\WS_FTP.LOG <-- Schubert Rackspace /web/content/media/media/images WS_FTP.LOG
