2012.07.25 12:14 B C:\Users\COBRIEN\Desktop\Schubert\components\com_contact\models\rules\contactemail.php <-- Schubert Rackspace /web/content/components/com_contact/models/rules contactemail.php
2012.07.25 12:14 B C:\Users\COBRIEN\Desktop\Schubert\components\com_contact\models\rules\contactemailmessage.php <-- Schubert Rackspace /web/content/components/com_contact/models/rules contactemailmessage.php
2012.07.25 12:14 B C:\Users\COBRIEN\Desktop\Schubert\components\com_contact\models\rules\contactemailsubject.php <-- Schubert Rackspace /web/content/components/com_contact/models/rules contactemailsubject.php
2012.07.25 12:14 B C:\Users\COBRIEN\Desktop\Schubert\components\com_contact\models\rules\index.html <-- Schubert Rackspace /web/content/components/com_contact/models/rules index.html
2012.09.04 10:50 B C:\inetpub\wwwroot\components\com_contact\models\rules\contactemail.php --> ftp3.ftptoyoursite.com /web/content/SITE-TEST/components/com_contact/models/rules contactemail.php
2012.09.04 10:50 B C:\inetpub\wwwroot\components\com_contact\models\rules\contactemailmessage.php --> ftp3.ftptoyoursite.com /web/content/SITE-TEST/components/com_contact/models/rules contactemailmessage.php
2012.09.04 10:50 B C:\inetpub\wwwroot\components\com_contact\models\rules\contactemailsubject.php --> ftp3.ftptoyoursite.com /web/content/SITE-TEST/components/com_contact/models/rules contactemailsubject.php
2012.09.04 10:50 B C:\inetpub\wwwroot\components\com_contact\models\rules\index.html --> ftp3.ftptoyoursite.com /web/content/SITE-TEST/components/com_contact/models/rules index.html
2012.09.04 10:50 B C:\inetpub\wwwroot\components\com_contact\models\rules\WS_FTP.LOG --> ftp3.ftptoyoursite.com /web/content/SITE-TEST/components/com_contact/models/rules WS_FTP.LOG
2012.09.06 15:07 B C:\inetpub\wwwroot\components\com_contact\models\rules\contactemail.php --> ftp3.ftptoyoursite.com /web/content/SITEBACKUP_962012/components/com_contact/models/rules contactemail.php
2012.09.06 15:07 B C:\inetpub\wwwroot\components\com_contact\models\rules\contactemailmessage.php --> ftp3.ftptoyoursite.com /web/content/SITEBACKUP_962012/components/com_contact/models/rules contactemailmessage.php
2012.09.06 15:07 B C:\inetpub\wwwroot\components\com_contact\models\rules\contactemailsubject.php --> ftp3.ftptoyoursite.com /web/content/SITEBACKUP_962012/components/com_contact/models/rules contactemailsubject.php
2012.09.06 15:07 B C:\inetpub\wwwroot\components\com_contact\models\rules\index.html --> ftp3.ftptoyoursite.com /web/content/SITEBACKUP_962012/components/com_contact/models/rules index.html
2012.09.06 15:07 B C:\inetpub\wwwroot\components\com_contact\models\rules\WS_FTP.LOG --> ftp3.ftptoyoursite.com /web/content/SITEBACKUP_962012/components/com_contact/models/rules WS_FTP.LOG
2012.09.06 15:48 B C:\inetpub\wwwroot\components\com_contact\models\rules\contactemail.php <-- Schubert Rackspace /web/content/SITEBACKUP_962012/components/com_contact/models/rules contactemail.php
2012.09.06 15:48 B C:\inetpub\wwwroot\components\com_contact\models\rules\contactemailmessage.php <-- Schubert Rackspace /web/content/SITEBACKUP_962012/components/com_contact/models/rules contactemailmessage.php
2012.09.06 15:48 B C:\inetpub\wwwroot\components\com_contact\models\rules\contactemailsubject.php <-- Schubert Rackspace /web/content/SITEBACKUP_962012/components/com_contact/models/rules contactemailsubject.php
2012.09.06 15:48 B C:\inetpub\wwwroot\components\com_contact\models\rules\index.html <-- Schubert Rackspace /web/content/SITEBACKUP_962012/components/com_contact/models/rules index.html
2012.10.23 09:11 B C:\inetpub\wwwroot\components\com_contact\models\rules\contactemail.php --> ftp3.ftptoyoursite.com /web/content/components/com_contact/models/rules contactemail.php
2012.10.23 09:11 B C:\inetpub\wwwroot\components\com_contact\models\rules\contactemailmessage.php --> ftp3.ftptoyoursite.com /web/content/components/com_contact/models/rules contactemailmessage.php
2012.10.23 09:11 B C:\inetpub\wwwroot\components\com_contact\models\rules\contactemailsubject.php --> ftp3.ftptoyoursite.com /web/content/components/com_contact/models/rules contactemailsubject.php
2012.10.23 09:11 B C:\inetpub\wwwroot\components\com_contact\models\rules\index.html --> ftp3.ftptoyoursite.com /web/content/components/com_contact/models/rules index.html
2012.10.23 09:11 B C:\inetpub\wwwroot\components\com_contact\models\rules\WS_FTP.LOG --> ftp3.ftptoyoursite.com /web/content/components/com_contact/models/rules WS_FTP.LOG
2013.02.01 14:47 B C:\inetpub\wwwroot\components\com_contact\models\rules\WS_FTP.LOG <-- Schubert Rackspace /web/content/components/com_contact/models/rules WS_FTP.LOG
