2012.07.25 12:14 B C:\Users\COBRIEN\Desktop\Schubert\administrator\templates\hathor\html\com_weblinks\weblink\edit.php <-- Schubert Rackspace /web/content/administrator/templates/hathor/html/com_weblinks/weblink edit.php
2012.07.25 12:14 B C:\Users\COBRIEN\Desktop\Schubert\administrator\templates\hathor\html\com_weblinks\weblink\edit_metadata.php <-- Schubert Rackspace /web/content/administrator/templates/hathor/html/com_weblinks/weblink edit_metadata.php
2012.07.25 12:14 B C:\Users\COBRIEN\Desktop\Schubert\administrator\templates\hathor\html\com_weblinks\weblink\edit_params.php <-- Schubert Rackspace /web/content/administrator/templates/hathor/html/com_weblinks/weblink edit_params.php
2012.07.25 12:14 B C:\Users\COBRIEN\Desktop\Schubert\administrator\templates\hathor\html\com_weblinks\weblink\index.html <-- Schubert Rackspace /web/content/administrator/templates/hathor/html/com_weblinks/weblink index.html
2012.09.04 10:48 B C:\inetpub\wwwroot\administrator\templates\hathor\html\com_weblinks\weblink\edit.php --> ftp3.ftptoyoursite.com /web/content/SITE-TEST/administrator/templates/hathor/html/com_weblinks/weblink edit.php
2012.09.04 10:48 B C:\inetpub\wwwroot\administrator\templates\hathor\html\com_weblinks\weblink\edit_metadata.php --> ftp3.ftptoyoursite.com /web/content/SITE-TEST/administrator/templates/hathor/html/com_weblinks/weblink edit_metadata.php
2012.09.04 10:48 B C:\inetpub\wwwroot\administrator\templates\hathor\html\com_weblinks\weblink\edit_params.php --> ftp3.ftptoyoursite.com /web/content/SITE-TEST/administrator/templates/hathor/html/com_weblinks/weblink edit_params.php
2012.09.04 10:48 B C:\inetpub\wwwroot\administrator\templates\hathor\html\com_weblinks\weblink\index.html --> ftp3.ftptoyoursite.com /web/content/SITE-TEST/administrator/templates/hathor/html/com_weblinks/weblink index.html
2012.09.04 10:48 B C:\inetpub\wwwroot\administrator\templates\hathor\html\com_weblinks\weblink\WS_FTP.LOG --> ftp3.ftptoyoursite.com /web/content/SITE-TEST/administrator/templates/hathor/html/com_weblinks/weblink WS_FTP.LOG
2012.09.06 15:06 B C:\inetpub\wwwroot\administrator\templates\hathor\html\com_weblinks\weblink\edit.php --> ftp3.ftptoyoursite.com /web/content/SITEBACKUP_962012/administrator/templates/hathor/html/com_weblinks/weblink edit.php
2012.09.06 15:06 B C:\inetpub\wwwroot\administrator\templates\hathor\html\com_weblinks\weblink\edit_metadata.php --> ftp3.ftptoyoursite.com /web/content/SITEBACKUP_962012/administrator/templates/hathor/html/com_weblinks/weblink edit_metadata.php
2012.09.06 15:06 B C:\inetpub\wwwroot\administrator\templates\hathor\html\com_weblinks\weblink\edit_params.php --> ftp3.ftptoyoursite.com /web/content/SITEBACKUP_962012/administrator/templates/hathor/html/com_weblinks/weblink edit_params.php
2012.09.06 15:06 B C:\inetpub\wwwroot\administrator\templates\hathor\html\com_weblinks\weblink\index.html --> ftp3.ftptoyoursite.com /web/content/SITEBACKUP_962012/administrator/templates/hathor/html/com_weblinks/weblink index.html
2012.09.06 15:06 B C:\inetpub\wwwroot\administrator\templates\hathor\html\com_weblinks\weblink\WS_FTP.LOG --> ftp3.ftptoyoursite.com /web/content/SITEBACKUP_962012/administrator/templates/hathor/html/com_weblinks/weblink WS_FTP.LOG
2012.09.06 15:47 B C:\inetpub\wwwroot\administrator\templates\hathor\html\com_weblinks\weblink\edit.php <-- Schubert Rackspace /web/content/SITEBACKUP_962012/administrator/templates/hathor/html/com_weblinks/weblink edit.php
2012.09.06 15:47 B C:\inetpub\wwwroot\administrator\templates\hathor\html\com_weblinks\weblink\edit_metadata.php <-- Schubert Rackspace /web/content/SITEBACKUP_962012/administrator/templates/hathor/html/com_weblinks/weblink edit_metadata.php
2012.09.06 15:47 B C:\inetpub\wwwroot\administrator\templates\hathor\html\com_weblinks\weblink\edit_params.php <-- Schubert Rackspace /web/content/SITEBACKUP_962012/administrator/templates/hathor/html/com_weblinks/weblink edit_params.php
2012.09.06 15:47 B C:\inetpub\wwwroot\administrator\templates\hathor\html\com_weblinks\weblink\index.html <-- Schubert Rackspace /web/content/SITEBACKUP_962012/administrator/templates/hathor/html/com_weblinks/weblink index.html
2012.10.23 09:09 B C:\inetpub\wwwroot\administrator\templates\hathor\html\com_weblinks\weblink\edit.php --> ftp3.ftptoyoursite.com /web/content/administrator/templates/hathor/html/com_weblinks/weblink edit.php
2012.10.23 09:09 B C:\inetpub\wwwroot\administrator\templates\hathor\html\com_weblinks\weblink\edit_metadata.php --> ftp3.ftptoyoursite.com /web/content/administrator/templates/hathor/html/com_weblinks/weblink edit_metadata.php
2012.10.23 09:09 B C:\inetpub\wwwroot\administrator\templates\hathor\html\com_weblinks\weblink\edit_params.php --> ftp3.ftptoyoursite.com /web/content/administrator/templates/hathor/html/com_weblinks/weblink edit_params.php
2012.10.23 09:09 B C:\inetpub\wwwroot\administrator\templates\hathor\html\com_weblinks\weblink\index.html --> ftp3.ftptoyoursite.com /web/content/administrator/templates/hathor/html/com_weblinks/weblink index.html
2012.10.23 09:09 B C:\inetpub\wwwroot\administrator\templates\hathor\html\com_weblinks\weblink\WS_FTP.LOG --> ftp3.ftptoyoursite.com /web/content/administrator/templates/hathor/html/com_weblinks/weblink WS_FTP.LOG
2013.02.01 14:46 B C:\inetpub\wwwroot\administrator\templates\hathor\html\com_weblinks\weblink\WS_FTP.LOG <-- Schubert Rackspace /web/content/administrator/templates/hathor/html/com_weblinks/weblink WS_FTP.LOG
