2012.07.25 12:19 B C:\Users\COBRIEN\Desktop\Schubert\modules\mod_lofaccordion\libs\phpthumb\GdThumb.inc.php <-- Schubert Rackspace /web/content/modules/mod_lofaccordion/libs/phpthumb GdThumb.inc.php
2012.07.25 12:19 B C:\Users\COBRIEN\Desktop\Schubert\modules\mod_lofaccordion\libs\phpthumb\index.html <-- Schubert Rackspace /web/content/modules/mod_lofaccordion/libs/phpthumb index.html
2012.07.25 12:19 B C:\Users\COBRIEN\Desktop\Schubert\modules\mod_lofaccordion\libs\phpthumb\PhpThumb.inc.php <-- Schubert Rackspace /web/content/modules/mod_lofaccordion/libs/phpthumb PhpThumb.inc.php
2012.07.25 12:19 B C:\Users\COBRIEN\Desktop\Schubert\modules\mod_lofaccordion\libs\phpthumb\README.md <-- Schubert Rackspace /web/content/modules/mod_lofaccordion/libs/phpthumb README.md
2012.07.25 12:19 B C:\Users\COBRIEN\Desktop\Schubert\modules\mod_lofaccordion\libs\phpthumb\ThumbBase.inc.php <-- Schubert Rackspace /web/content/modules/mod_lofaccordion/libs/phpthumb ThumbBase.inc.php
2012.07.25 12:19 B C:\Users\COBRIEN\Desktop\Schubert\modules\mod_lofaccordion\libs\phpthumb\ThumbLib.inc.php <-- Schubert Rackspace /web/content/modules/mod_lofaccordion/libs/phpthumb ThumbLib.inc.php
2012.09.04 10:56 B C:\inetpub\wwwroot\modules\mod_lofaccordion\libs\phpthumb\GdThumb.inc.php --> ftp3.ftptoyoursite.com /web/content/SITE-TEST/modules/mod_lofaccordion/libs/phpthumb GdThumb.inc.php
2012.09.04 10:56 B C:\inetpub\wwwroot\modules\mod_lofaccordion\libs\phpthumb\index.html --> ftp3.ftptoyoursite.com /web/content/SITE-TEST/modules/mod_lofaccordion/libs/phpthumb index.html
2012.09.04 10:56 B C:\inetpub\wwwroot\modules\mod_lofaccordion\libs\phpthumb\PhpThumb.inc.php --> ftp3.ftptoyoursite.com /web/content/SITE-TEST/modules/mod_lofaccordion/libs/phpthumb PhpThumb.inc.php
2012.09.04 10:56 B C:\inetpub\wwwroot\modules\mod_lofaccordion\libs\phpthumb\README.md --> ftp3.ftptoyoursite.com /web/content/SITE-TEST/modules/mod_lofaccordion/libs/phpthumb README.md
2012.09.04 10:56 B C:\inetpub\wwwroot\modules\mod_lofaccordion\libs\phpthumb\ThumbBase.inc.php --> ftp3.ftptoyoursite.com /web/content/SITE-TEST/modules/mod_lofaccordion/libs/phpthumb ThumbBase.inc.php
2012.09.04 10:56 B C:\inetpub\wwwroot\modules\mod_lofaccordion\libs\phpthumb\ThumbLib.inc.php --> ftp3.ftptoyoursite.com /web/content/SITE-TEST/modules/mod_lofaccordion/libs/phpthumb ThumbLib.inc.php
2012.09.04 10:56 B C:\inetpub\wwwroot\modules\mod_lofaccordion\libs\phpthumb\WS_FTP.LOG --> ftp3.ftptoyoursite.com /web/content/SITE-TEST/modules/mod_lofaccordion/libs/phpthumb WS_FTP.LOG
2012.09.06 15:15 B C:\inetpub\wwwroot\modules\mod_lofaccordion\libs\phpthumb\GdThumb.inc.php --> ftp3.ftptoyoursite.com /web/content/SITEBACKUP_962012/modules/mod_lofaccordion/libs/phpthumb GdThumb.inc.php
2012.09.06 15:15 B C:\inetpub\wwwroot\modules\mod_lofaccordion\libs\phpthumb\index.html --> ftp3.ftptoyoursite.com /web/content/SITEBACKUP_962012/modules/mod_lofaccordion/libs/phpthumb index.html
2012.09.06 15:15 B C:\inetpub\wwwroot\modules\mod_lofaccordion\libs\phpthumb\PhpThumb.inc.php --> ftp3.ftptoyoursite.com /web/content/SITEBACKUP_962012/modules/mod_lofaccordion/libs/phpthumb PhpThumb.inc.php
2012.09.06 15:15 B C:\inetpub\wwwroot\modules\mod_lofaccordion\libs\phpthumb\README.md --> ftp3.ftptoyoursite.com /web/content/SITEBACKUP_962012/modules/mod_lofaccordion/libs/phpthumb README.md
2012.09.06 15:15 B C:\inetpub\wwwroot\modules\mod_lofaccordion\libs\phpthumb\ThumbBase.inc.php --> ftp3.ftptoyoursite.com /web/content/SITEBACKUP_962012/modules/mod_lofaccordion/libs/phpthumb ThumbBase.inc.php
2012.09.06 15:15 B C:\inetpub\wwwroot\modules\mod_lofaccordion\libs\phpthumb\ThumbLib.inc.php --> ftp3.ftptoyoursite.com /web/content/SITEBACKUP_962012/modules/mod_lofaccordion/libs/phpthumb ThumbLib.inc.php
2012.09.06 15:15 B C:\inetpub\wwwroot\modules\mod_lofaccordion\libs\phpthumb\WS_FTP.LOG --> ftp3.ftptoyoursite.com /web/content/SITEBACKUP_962012/modules/mod_lofaccordion/libs/phpthumb WS_FTP.LOG
2012.10.23 09:17 B C:\inetpub\wwwroot\modules\mod_lofaccordion\libs\phpthumb\GdThumb.inc.php --> ftp3.ftptoyoursite.com /web/content/modules/mod_lofaccordion/libs/phpthumb GdThumb.inc.php
2012.10.23 09:17 B C:\inetpub\wwwroot\modules\mod_lofaccordion\libs\phpthumb\index.html --> ftp3.ftptoyoursite.com /web/content/modules/mod_lofaccordion/libs/phpthumb index.html
2012.10.23 09:17 B C:\inetpub\wwwroot\modules\mod_lofaccordion\libs\phpthumb\PhpThumb.inc.php --> ftp3.ftptoyoursite.com /web/content/modules/mod_lofaccordion/libs/phpthumb PhpThumb.inc.php
2012.10.23 09:17 B C:\inetpub\wwwroot\modules\mod_lofaccordion\libs\phpthumb\README.md --> ftp3.ftptoyoursite.com /web/content/modules/mod_lofaccordion/libs/phpthumb README.md
2012.10.23 09:17 B C:\inetpub\wwwroot\modules\mod_lofaccordion\libs\phpthumb\ThumbBase.inc.php --> ftp3.ftptoyoursite.com /web/content/modules/mod_lofaccordion/libs/phpthumb ThumbBase.inc.php
2012.10.23 09:17 B C:\inetpub\wwwroot\modules\mod_lofaccordion\libs\phpthumb\ThumbLib.inc.php --> ftp3.ftptoyoursite.com /web/content/modules/mod_lofaccordion/libs/phpthumb ThumbLib.inc.php
2012.10.23 09:17 B C:\inetpub\wwwroot\modules\mod_lofaccordion\libs\phpthumb\WS_FTP.LOG --> ftp3.ftptoyoursite.com /web/content/modules/mod_lofaccordion/libs/phpthumb WS_FTP.LOG
2013.02.01 15:03 B C:\inetpub\wwwroot\modules\mod_lofaccordion\libs\phpthumb\WS_FTP.LOG <-- Schubert Rackspace /web/content/modules/mod_lofaccordion/libs/phpthumb WS_FTP.LOG
