2012.07.25 12:11 B C:\Users\COBRIEN\Desktop\Schubert\administrator\components\com_jce\models\commands.xml <-- Schubert Rackspace /web/content/administrator/components/com_jce/models commands.xml
2012.07.25 12:11 B C:\Users\COBRIEN\Desktop\Schubert\administrator\components\com_jce\models\config.php <-- Schubert Rackspace /web/content/administrator/components/com_jce/models config.php
2012.07.25 12:11 B C:\Users\COBRIEN\Desktop\Schubert\administrator\components\com_jce\models\config.xml <-- Schubert Rackspace /web/content/administrator/components/com_jce/models config.xml
2012.07.25 12:11 B C:\Users\COBRIEN\Desktop\Schubert\administrator\components\com_jce\models\cpanel.php <-- Schubert Rackspace /web/content/administrator/components/com_jce/models cpanel.php
2012.07.25 12:11 B C:\Users\COBRIEN\Desktop\Schubert\administrator\components\com_jce\models\cpanel.xml <-- Schubert Rackspace /web/content/administrator/components/com_jce/models cpanel.xml
2012.07.25 12:11 B C:\Users\COBRIEN\Desktop\Schubert\administrator\components\com_jce\models\editor.php <-- Schubert Rackspace /web/content/administrator/components/com_jce/models editor.php
2012.07.25 12:11 B C:\Users\COBRIEN\Desktop\Schubert\administrator\components\com_jce\models\help.php <-- Schubert Rackspace /web/content/administrator/components/com_jce/models help.php
2012.07.25 12:11 B C:\Users\COBRIEN\Desktop\Schubert\administrator\components\com_jce\models\help.xml <-- Schubert Rackspace /web/content/administrator/components/com_jce/models help.xml
2012.07.25 12:11 B C:\Users\COBRIEN\Desktop\Schubert\administrator\components\com_jce\models\index.html <-- Schubert Rackspace /web/content/administrator/components/com_jce/models index.html
2012.07.25 12:11 B C:\Users\COBRIEN\Desktop\Schubert\administrator\components\com_jce\models\installer.php <-- Schubert Rackspace /web/content/administrator/components/com_jce/models installer.php
2012.07.25 12:11 B C:\Users\COBRIEN\Desktop\Schubert\administrator\components\com_jce\models\installer.xml <-- Schubert Rackspace /web/content/administrator/components/com_jce/models installer.xml
2012.07.25 12:11 B C:\Users\COBRIEN\Desktop\Schubert\administrator\components\com_jce\models\legend.php <-- Schubert Rackspace /web/content/administrator/components/com_jce/models legend.php
2012.07.25 12:11 B C:\Users\COBRIEN\Desktop\Schubert\administrator\components\com_jce\models\mediabox.php <-- Schubert Rackspace /web/content/administrator/components/com_jce/models mediabox.php
2012.07.25 12:11 B C:\Users\COBRIEN\Desktop\Schubert\administrator\components\com_jce\models\mediabox.xml <-- Schubert Rackspace /web/content/administrator/components/com_jce/models mediabox.xml
2012.07.25 12:11 B C:\Users\COBRIEN\Desktop\Schubert\administrator\components\com_jce\models\model.php <-- Schubert Rackspace /web/content/administrator/components/com_jce/models model.php
2012.07.25 12:11 B C:\Users\COBRIEN\Desktop\Schubert\administrator\components\com_jce\models\plugins.php <-- Schubert Rackspace /web/content/administrator/components/com_jce/models plugins.php
2012.07.25 12:11 B C:\Users\COBRIEN\Desktop\Schubert\administrator\components\com_jce\models\plugins.xml <-- Schubert Rackspace /web/content/administrator/components/com_jce/models plugins.xml
2012.07.25 12:11 B C:\Users\COBRIEN\Desktop\Schubert\administrator\components\com_jce\models\preferences.php <-- Schubert Rackspace /web/content/administrator/components/com_jce/models preferences.php
2012.07.25 12:11 B C:\Users\COBRIEN\Desktop\Schubert\administrator\components\com_jce\models\preferences.xml <-- Schubert Rackspace /web/content/administrator/components/com_jce/models preferences.xml
2012.07.25 12:11 B C:\Users\COBRIEN\Desktop\Schubert\administrator\components\com_jce\models\profiles.php <-- Schubert Rackspace /web/content/administrator/components/com_jce/models profiles.php
2012.07.25 12:11 B C:\Users\COBRIEN\Desktop\Schubert\administrator\components\com_jce\models\profiles.xml <-- Schubert Rackspace /web/content/administrator/components/com_jce/models profiles.xml
2012.07.25 12:11 B C:\Users\COBRIEN\Desktop\Schubert\administrator\components\com_jce\models\updates.php <-- Schubert Rackspace /web/content/administrator/components/com_jce/models updates.php
2012.07.25 12:11 B C:\Users\COBRIEN\Desktop\Schubert\administrator\components\com_jce\models\users.php <-- Schubert Rackspace /web/content/administrator/components/com_jce/models users.php
2012.09.04 10:44 B C:\inetpub\wwwroot\administrator\components\com_jce\models\commands.xml --> ftp3.ftptoyoursite.com /web/content/SITE-TEST/administrator/components/com_jce/models commands.xml
2012.09.04 10:44 B C:\inetpub\wwwroot\administrator\components\com_jce\models\config.php --> ftp3.ftptoyoursite.com /web/content/SITE-TEST/administrator/components/com_jce/models config.php
2012.09.04 10:44 B C:\inetpub\wwwroot\administrator\components\com_jce\models\config.xml --> ftp3.ftptoyoursite.com /web/content/SITE-TEST/administrator/components/com_jce/models config.xml
2012.09.04 10:44 B C:\inetpub\wwwroot\administrator\components\com_jce\models\cpanel.php --> ftp3.ftptoyoursite.com /web/content/SITE-TEST/administrator/components/com_jce/models cpanel.php
2012.09.04 10:44 B C:\inetpub\wwwroot\administrator\components\com_jce\models\cpanel.xml --> ftp3.ftptoyoursite.com /web/content/SITE-TEST/administrator/components/com_jce/models cpanel.xml
2012.09.04 10:44 B C:\inetpub\wwwroot\administrator\components\com_jce\models\editor.php --> ftp3.ftptoyoursite.com /web/content/SITE-TEST/administrator/components/com_jce/models editor.php
2012.09.04 10:44 B C:\inetpub\wwwroot\administrator\components\com_jce\models\help.php --> ftp3.ftptoyoursite.com /web/content/SITE-TEST/administrator/components/com_jce/models help.php
2012.09.04 10:44 B C:\inetpub\wwwroot\administrator\components\com_jce\models\help.xml --> ftp3.ftptoyoursite.com /web/content/SITE-TEST/administrator/components/com_jce/models help.xml
2012.09.04 10:44 B C:\inetpub\wwwroot\administrator\components\com_jce\models\index.html --> ftp3.ftptoyoursite.com /web/content/SITE-TEST/administrator/components/com_jce/models index.html
2012.09.04 10:44 B C:\inetpub\wwwroot\administrator\components\com_jce\models\installer.php --> ftp3.ftptoyoursite.com /web/content/SITE-TEST/administrator/components/com_jce/models installer.php
2012.09.04 10:44 B C:\inetpub\wwwroot\administrator\components\com_jce\models\installer.xml --> ftp3.ftptoyoursite.com /web/content/SITE-TEST/administrator/components/com_jce/models installer.xml
2012.09.04 10:44 B C:\inetpub\wwwroot\administrator\components\com_jce\models\legend.php --> ftp3.ftptoyoursite.com /web/content/SITE-TEST/administrator/components/com_jce/models legend.php
2012.09.04 10:44 B C:\inetpub\wwwroot\administrator\components\com_jce\models\mediabox.php --> ftp3.ftptoyoursite.com /web/content/SITE-TEST/administrator/components/com_jce/models mediabox.php
2012.09.04 10:44 B C:\inetpub\wwwroot\administrator\components\com_jce\models\mediabox.xml --> ftp3.ftptoyoursite.com /web/content/SITE-TEST/administrator/components/com_jce/models mediabox.xml
2012.09.04 10:44 B C:\inetpub\wwwroot\administrator\components\com_jce\models\model.php --> ftp3.ftptoyoursite.com /web/content/SITE-TEST/administrator/components/com_jce/models model.php
2012.09.04 10:44 B C:\inetpub\wwwroot\administrator\components\com_jce\models\plugins.php --> ftp3.ftptoyoursite.com /web/content/SITE-TEST/administrator/components/com_jce/models plugins.php
2012.09.04 10:44 B C:\inetpub\wwwroot\administrator\components\com_jce\models\plugins.xml --> ftp3.ftptoyoursite.com /web/content/SITE-TEST/administrator/components/com_jce/models plugins.xml
2012.09.04 10:44 B C:\inetpub\wwwroot\administrator\components\com_jce\models\preferences.php --> ftp3.ftptoyoursite.com /web/content/SITE-TEST/administrator/components/com_jce/models preferences.php
2012.09.04 10:44 B C:\inetpub\wwwroot\administrator\components\com_jce\models\preferences.xml --> ftp3.ftptoyoursite.com /web/content/SITE-TEST/administrator/components/com_jce/models preferences.xml
2012.09.04 10:44 B C:\inetpub\wwwroot\administrator\components\com_jce\models\profiles.php --> ftp3.ftptoyoursite.com /web/content/SITE-TEST/administrator/components/com_jce/models profiles.php
2012.09.04 10:44 B C:\inetpub\wwwroot\administrator\components\com_jce\models\profiles.xml --> ftp3.ftptoyoursite.com /web/content/SITE-TEST/administrator/components/com_jce/models profiles.xml
2012.09.04 10:44 B C:\inetpub\wwwroot\administrator\components\com_jce\models\updates.php --> ftp3.ftptoyoursite.com /web/content/SITE-TEST/administrator/components/com_jce/models updates.php
2012.09.04 10:44 B C:\inetpub\wwwroot\administrator\components\com_jce\models\users.php --> ftp3.ftptoyoursite.com /web/content/SITE-TEST/administrator/components/com_jce/models users.php
2012.09.04 10:44 B C:\inetpub\wwwroot\administrator\components\com_jce\models\WS_FTP.LOG --> ftp3.ftptoyoursite.com /web/content/SITE-TEST/administrator/components/com_jce/models WS_FTP.LOG
2012.09.06 14:59 B C:\inetpub\wwwroot\administrator\components\com_jce\models\commands.xml --> ftp3.ftptoyoursite.com /web/content/SITEBACKUP_962012/administrator/components/com_jce/models commands.xml
2012.09.06 14:59 B C:\inetpub\wwwroot\administrator\components\com_jce\models\config.php --> ftp3.ftptoyoursite.com /web/content/SITEBACKUP_962012/administrator/components/com_jce/models config.php
2012.09.06 14:59 B C:\inetpub\wwwroot\administrator\components\com_jce\models\config.xml --> ftp3.ftptoyoursite.com /web/content/SITEBACKUP_962012/administrator/components/com_jce/models config.xml
2012.09.06 14:59 B C:\inetpub\wwwroot\administrator\components\com_jce\models\cpanel.php --> ftp3.ftptoyoursite.com /web/content/SITEBACKUP_962012/administrator/components/com_jce/models cpanel.php
2012.09.06 14:59 B C:\inetpub\wwwroot\administrator\components\com_jce\models\cpanel.xml --> ftp3.ftptoyoursite.com /web/content/SITEBACKUP_962012/administrator/components/com_jce/models cpanel.xml
2012.09.06 14:59 B C:\inetpub\wwwroot\administrator\components\com_jce\models\editor.php --> ftp3.ftptoyoursite.com /web/content/SITEBACKUP_962012/administrator/components/com_jce/models editor.php
2012.09.06 14:59 B C:\inetpub\wwwroot\administrator\components\com_jce\models\help.php --> ftp3.ftptoyoursite.com /web/content/SITEBACKUP_962012/administrator/components/com_jce/models help.php
2012.09.06 14:59 B C:\inetpub\wwwroot\administrator\components\com_jce\models\help.xml --> ftp3.ftptoyoursite.com /web/content/SITEBACKUP_962012/administrator/components/com_jce/models help.xml
2012.09.06 14:59 B C:\inetpub\wwwroot\administrator\components\com_jce\models\index.html --> ftp3.ftptoyoursite.com /web/content/SITEBACKUP_962012/administrator/components/com_jce/models index.html
2012.09.06 14:59 B C:\inetpub\wwwroot\administrator\components\com_jce\models\installer.php --> ftp3.ftptoyoursite.com /web/content/SITEBACKUP_962012/administrator/components/com_jce/models installer.php
2012.09.06 14:59 B C:\inetpub\wwwroot\administrator\components\com_jce\models\installer.xml --> ftp3.ftptoyoursite.com /web/content/SITEBACKUP_962012/administrator/components/com_jce/models installer.xml
2012.09.06 14:59 B C:\inetpub\wwwroot\administrator\components\com_jce\models\legend.php --> ftp3.ftptoyoursite.com /web/content/SITEBACKUP_962012/administrator/components/com_jce/models legend.php
2012.09.06 14:59 B C:\inetpub\wwwroot\administrator\components\com_jce\models\mediabox.php --> ftp3.ftptoyoursite.com /web/content/SITEBACKUP_962012/administrator/components/com_jce/models mediabox.php
2012.09.06 14:59 B C:\inetpub\wwwroot\administrator\components\com_jce\models\mediabox.xml --> ftp3.ftptoyoursite.com /web/content/SITEBACKUP_962012/administrator/components/com_jce/models mediabox.xml
2012.09.06 14:59 B C:\inetpub\wwwroot\administrator\components\com_jce\models\model.php --> ftp3.ftptoyoursite.com /web/content/SITEBACKUP_962012/administrator/components/com_jce/models model.php
2012.09.06 14:59 B C:\inetpub\wwwroot\administrator\components\com_jce\models\plugins.php --> ftp3.ftptoyoursite.com /web/content/SITEBACKUP_962012/administrator/components/com_jce/models plugins.php
2012.09.06 14:59 B C:\inetpub\wwwroot\administrator\components\com_jce\models\plugins.xml --> ftp3.ftptoyoursite.com /web/content/SITEBACKUP_962012/administrator/components/com_jce/models plugins.xml
2012.09.06 14:59 B C:\inetpub\wwwroot\administrator\components\com_jce\models\preferences.php --> ftp3.ftptoyoursite.com /web/content/SITEBACKUP_962012/administrator/components/com_jce/models preferences.php
2012.09.06 14:59 B C:\inetpub\wwwroot\administrator\components\com_jce\models\preferences.xml --> ftp3.ftptoyoursite.com /web/content/SITEBACKUP_962012/administrator/components/com_jce/models preferences.xml
2012.09.06 14:59 B C:\inetpub\wwwroot\administrator\components\com_jce\models\profiles.php --> ftp3.ftptoyoursite.com /web/content/SITEBACKUP_962012/administrator/components/com_jce/models profiles.php
2012.09.06 14:59 B C:\inetpub\wwwroot\administrator\components\com_jce\models\profiles.xml --> ftp3.ftptoyoursite.com /web/content/SITEBACKUP_962012/administrator/components/com_jce/models profiles.xml
2012.09.06 14:59 B C:\inetpub\wwwroot\administrator\components\com_jce\models\updates.php --> ftp3.ftptoyoursite.com /web/content/SITEBACKUP_962012/administrator/components/com_jce/models updates.php
2012.09.06 14:59 B C:\inetpub\wwwroot\administrator\components\com_jce\models\users.php --> ftp3.ftptoyoursite.com /web/content/SITEBACKUP_962012/administrator/components/com_jce/models users.php
2012.09.06 14:59 B C:\inetpub\wwwroot\administrator\components\com_jce\models\WS_FTP.LOG --> ftp3.ftptoyoursite.com /web/content/SITEBACKUP_962012/administrator/components/com_jce/models WS_FTP.LOG
2012.09.06 15:20 B C:\inetpub\wwwroot\administrator\components\com_jce\models\commands.xml <-- Schubert Rackspace /web/content/administrator/components/com_jce/models commands.xml
2012.09.06 15:20 B C:\inetpub\wwwroot\administrator\components\com_jce\models\config.php <-- Schubert Rackspace /web/content/administrator/components/com_jce/models config.php
2012.09.06 15:20 B C:\inetpub\wwwroot\administrator\components\com_jce\models\config.xml <-- Schubert Rackspace /web/content/administrator/components/com_jce/models config.xml
2012.09.06 15:20 B C:\inetpub\wwwroot\administrator\components\com_jce\models\cpanel.php <-- Schubert Rackspace /web/content/administrator/components/com_jce/models cpanel.php
2012.09.06 15:20 B C:\inetpub\wwwroot\administrator\components\com_jce\models\cpanel.xml <-- Schubert Rackspace /web/content/administrator/components/com_jce/models cpanel.xml
2012.09.06 15:20 B C:\inetpub\wwwroot\administrator\components\com_jce\models\editor.php <-- Schubert Rackspace /web/content/administrator/components/com_jce/models editor.php
2012.09.06 15:20 B C:\inetpub\wwwroot\administrator\components\com_jce\models\help.php <-- Schubert Rackspace /web/content/administrator/components/com_jce/models help.php
2012.09.06 15:21 B C:\inetpub\wwwroot\administrator\components\com_jce\models\help.xml <-- Schubert Rackspace /web/content/administrator/components/com_jce/models help.xml
2012.09.06 15:21 B C:\inetpub\wwwroot\administrator\components\com_jce\models\index.html <-- Schubert Rackspace /web/content/administrator/components/com_jce/models index.html
2012.09.06 15:21 B C:\inetpub\wwwroot\administrator\components\com_jce\models\installer.php <-- Schubert Rackspace /web/content/administrator/components/com_jce/models installer.php
2012.09.06 15:21 B C:\inetpub\wwwroot\administrator\components\com_jce\models\installer.xml <-- Schubert Rackspace /web/content/administrator/components/com_jce/models installer.xml
2012.09.06 15:21 B C:\inetpub\wwwroot\administrator\components\com_jce\models\legend.php <-- Schubert Rackspace /web/content/administrator/components/com_jce/models legend.php
2012.09.06 15:21 B C:\inetpub\wwwroot\administrator\components\com_jce\models\mediabox.php <-- Schubert Rackspace /web/content/administrator/components/com_jce/models mediabox.php
2012.09.06 15:21 B C:\inetpub\wwwroot\administrator\components\com_jce\models\mediabox.xml <-- Schubert Rackspace /web/content/administrator/components/com_jce/models mediabox.xml
2012.09.06 15:21 B C:\inetpub\wwwroot\administrator\components\com_jce\models\model.php <-- Schubert Rackspace /web/content/administrator/components/com_jce/models model.php
2012.09.06 15:21 B C:\inetpub\wwwroot\administrator\components\com_jce\models\plugins.php <-- Schubert Rackspace /web/content/administrator/components/com_jce/models plugins.php
2012.09.06 15:21 B C:\inetpub\wwwroot\administrator\components\com_jce\models\plugins.xml <-- Schubert Rackspace /web/content/administrator/components/com_jce/models plugins.xml
2012.09.06 15:21 B C:\inetpub\wwwroot\administrator\components\com_jce\models\preferences.php <-- Schubert Rackspace /web/content/administrator/components/com_jce/models preferences.php
2012.09.06 15:21 B C:\inetpub\wwwroot\administrator\components\com_jce\models\preferences.xml <-- Schubert Rackspace /web/content/administrator/components/com_jce/models preferences.xml
2012.09.06 15:21 B C:\inetpub\wwwroot\administrator\components\com_jce\models\profiles.php <-- Schubert Rackspace /web/content/administrator/components/com_jce/models profiles.php
2012.09.06 15:21 B C:\inetpub\wwwroot\administrator\components\com_jce\models\profiles.xml <-- Schubert Rackspace /web/content/administrator/components/com_jce/models profiles.xml
2012.09.06 15:21 B C:\inetpub\wwwroot\administrator\components\com_jce\models\updates.php <-- Schubert Rackspace /web/content/administrator/components/com_jce/models updates.php
2012.09.06 15:21 B C:\inetpub\wwwroot\administrator\components\com_jce\models\users.php <-- Schubert Rackspace /web/content/administrator/components/com_jce/models users.php
2012.09.06 15:44 B C:\inetpub\wwwroot\administrator\components\com_jce\models\commands.xml <-- Schubert Rackspace /web/content/SITEBACKUP_962012/administrator/components/com_jce/models commands.xml
2012.09.06 15:44 B C:\inetpub\wwwroot\administrator\components\com_jce\models\config.php <-- Schubert Rackspace /web/content/SITEBACKUP_962012/administrator/components/com_jce/models config.php
2012.09.06 15:44 B C:\inetpub\wwwroot\administrator\components\com_jce\models\config.xml <-- Schubert Rackspace /web/content/SITEBACKUP_962012/administrator/components/com_jce/models config.xml
2012.09.06 15:44 B C:\inetpub\wwwroot\administrator\components\com_jce\models\cpanel.php <-- Schubert Rackspace /web/content/SITEBACKUP_962012/administrator/components/com_jce/models cpanel.php
2012.09.06 15:44 B C:\inetpub\wwwroot\administrator\components\com_jce\models\cpanel.xml <-- Schubert Rackspace /web/content/SITEBACKUP_962012/administrator/components/com_jce/models cpanel.xml
2012.09.06 15:44 B C:\inetpub\wwwroot\administrator\components\com_jce\models\editor.php <-- Schubert Rackspace /web/content/SITEBACKUP_962012/administrator/components/com_jce/models editor.php
2012.09.06 15:44 B C:\inetpub\wwwroot\administrator\components\com_jce\models\help.php <-- Schubert Rackspace /web/content/SITEBACKUP_962012/administrator/components/com_jce/models help.php
2012.09.06 15:44 B C:\inetpub\wwwroot\administrator\components\com_jce\models\help.xml <-- Schubert Rackspace /web/content/SITEBACKUP_962012/administrator/components/com_jce/models help.xml
2012.09.06 15:44 B C:\inetpub\wwwroot\administrator\components\com_jce\models\index.html <-- Schubert Rackspace /web/content/SITEBACKUP_962012/administrator/components/com_jce/models index.html
2012.09.06 15:44 B C:\inetpub\wwwroot\administrator\components\com_jce\models\installer.php <-- Schubert Rackspace /web/content/SITEBACKUP_962012/administrator/components/com_jce/models installer.php
2012.09.06 15:44 B C:\inetpub\wwwroot\administrator\components\com_jce\models\installer.xml <-- Schubert Rackspace /web/content/SITEBACKUP_962012/administrator/components/com_jce/models installer.xml
2012.09.06 15:44 B C:\inetpub\wwwroot\administrator\components\com_jce\models\legend.php <-- Schubert Rackspace /web/content/SITEBACKUP_962012/administrator/components/com_jce/models legend.php
2012.09.06 15:44 B C:\inetpub\wwwroot\administrator\components\com_jce\models\mediabox.php <-- Schubert Rackspace /web/content/SITEBACKUP_962012/administrator/components/com_jce/models mediabox.php
2012.09.06 15:44 B C:\inetpub\wwwroot\administrator\components\com_jce\models\mediabox.xml <-- Schubert Rackspace /web/content/SITEBACKUP_962012/administrator/components/com_jce/models mediabox.xml
2012.09.06 15:44 B C:\inetpub\wwwroot\administrator\components\com_jce\models\model.php <-- Schubert Rackspace /web/content/SITEBACKUP_962012/administrator/components/com_jce/models model.php
2012.09.06 15:44 B C:\inetpub\wwwroot\administrator\components\com_jce\models\plugins.php <-- Schubert Rackspace /web/content/SITEBACKUP_962012/administrator/components/com_jce/models plugins.php
2012.09.06 15:44 B C:\inetpub\wwwroot\administrator\components\com_jce\models\plugins.xml <-- Schubert Rackspace /web/content/SITEBACKUP_962012/administrator/components/com_jce/models plugins.xml
2012.09.06 15:44 B C:\inetpub\wwwroot\administrator\components\com_jce\models\preferences.php <-- Schubert Rackspace /web/content/SITEBACKUP_962012/administrator/components/com_jce/models preferences.php
2012.09.06 15:44 B C:\inetpub\wwwroot\administrator\components\com_jce\models\preferences.xml <-- Schubert Rackspace /web/content/SITEBACKUP_962012/administrator/components/com_jce/models preferences.xml
2012.09.06 15:44 B C:\inetpub\wwwroot\administrator\components\com_jce\models\profiles.php <-- Schubert Rackspace /web/content/SITEBACKUP_962012/administrator/components/com_jce/models profiles.php
2012.09.06 15:44 B C:\inetpub\wwwroot\administrator\components\com_jce\models\profiles.xml <-- Schubert Rackspace /web/content/SITEBACKUP_962012/administrator/components/com_jce/models profiles.xml
2012.09.06 15:44 B C:\inetpub\wwwroot\administrator\components\com_jce\models\updates.php <-- Schubert Rackspace /web/content/SITEBACKUP_962012/administrator/components/com_jce/models updates.php
2012.09.06 15:44 B C:\inetpub\wwwroot\administrator\components\com_jce\models\users.php <-- Schubert Rackspace /web/content/SITEBACKUP_962012/administrator/components/com_jce/models users.php
2012.10.23 09:04 B C:\inetpub\wwwroot\administrator\components\com_jce\models\commands.xml --> ftp3.ftptoyoursite.com /web/content/administrator/components/com_jce/models commands.xml
2012.10.23 09:04 B C:\inetpub\wwwroot\administrator\components\com_jce\models\config.php --> ftp3.ftptoyoursite.com /web/content/administrator/components/com_jce/models config.php
2012.10.23 09:04 B C:\inetpub\wwwroot\administrator\components\com_jce\models\config.xml --> ftp3.ftptoyoursite.com /web/content/administrator/components/com_jce/models config.xml
2012.10.23 09:04 B C:\inetpub\wwwroot\administrator\components\com_jce\models\cpanel.php --> ftp3.ftptoyoursite.com /web/content/administrator/components/com_jce/models cpanel.php
2012.10.23 09:04 B C:\inetpub\wwwroot\administrator\components\com_jce\models\cpanel.xml --> ftp3.ftptoyoursite.com /web/content/administrator/components/com_jce/models cpanel.xml
2012.10.23 09:04 B C:\inetpub\wwwroot\administrator\components\com_jce\models\editor.php --> ftp3.ftptoyoursite.com /web/content/administrator/components/com_jce/models editor.php
2012.10.23 09:04 B C:\inetpub\wwwroot\administrator\components\com_jce\models\help.php --> ftp3.ftptoyoursite.com /web/content/administrator/components/com_jce/models help.php
2012.10.23 09:04 B C:\inetpub\wwwroot\administrator\components\com_jce\models\help.xml --> ftp3.ftptoyoursite.com /web/content/administrator/components/com_jce/models help.xml
2012.10.23 09:04 B C:\inetpub\wwwroot\administrator\components\com_jce\models\index.html --> ftp3.ftptoyoursite.com /web/content/administrator/components/com_jce/models index.html
2012.10.23 09:04 B C:\inetpub\wwwroot\administrator\components\com_jce\models\installer.php --> ftp3.ftptoyoursite.com /web/content/administrator/components/com_jce/models installer.php
2012.10.23 09:04 B C:\inetpub\wwwroot\administrator\components\com_jce\models\installer.xml --> ftp3.ftptoyoursite.com /web/content/administrator/components/com_jce/models installer.xml
2012.10.23 09:04 B C:\inetpub\wwwroot\administrator\components\com_jce\models\legend.php --> ftp3.ftptoyoursite.com /web/content/administrator/components/com_jce/models legend.php
2012.10.23 09:04 B C:\inetpub\wwwroot\administrator\components\com_jce\models\mediabox.php --> ftp3.ftptoyoursite.com /web/content/administrator/components/com_jce/models mediabox.php
2012.10.23 09:04 B C:\inetpub\wwwroot\administrator\components\com_jce\models\mediabox.xml --> ftp3.ftptoyoursite.com /web/content/administrator/components/com_jce/models mediabox.xml
2012.10.23 09:04 B C:\inetpub\wwwroot\administrator\components\com_jce\models\model.php --> ftp3.ftptoyoursite.com /web/content/administrator/components/com_jce/models model.php
2012.10.23 09:04 B C:\inetpub\wwwroot\administrator\components\com_jce\models\plugins.php --> ftp3.ftptoyoursite.com /web/content/administrator/components/com_jce/models plugins.php
2012.10.23 09:04 B C:\inetpub\wwwroot\administrator\components\com_jce\models\plugins.xml --> ftp3.ftptoyoursite.com /web/content/administrator/components/com_jce/models plugins.xml
2012.10.23 09:04 B C:\inetpub\wwwroot\administrator\components\com_jce\models\preferences.php --> ftp3.ftptoyoursite.com /web/content/administrator/components/com_jce/models preferences.php
2012.10.23 09:04 B C:\inetpub\wwwroot\administrator\components\com_jce\models\preferences.xml --> ftp3.ftptoyoursite.com /web/content/administrator/components/com_jce/models preferences.xml
2012.10.23 09:04 B C:\inetpub\wwwroot\administrator\components\com_jce\models\profiles.php --> ftp3.ftptoyoursite.com /web/content/administrator/components/com_jce/models profiles.php
2012.10.23 09:04 B C:\inetpub\wwwroot\administrator\components\com_jce\models\profiles.xml --> ftp3.ftptoyoursite.com /web/content/administrator/components/com_jce/models profiles.xml
2012.10.23 09:04 B C:\inetpub\wwwroot\administrator\components\com_jce\models\updates.php --> ftp3.ftptoyoursite.com /web/content/administrator/components/com_jce/models updates.php
2012.10.23 09:04 B C:\inetpub\wwwroot\administrator\components\com_jce\models\users.php --> ftp3.ftptoyoursite.com /web/content/administrator/components/com_jce/models users.php
2012.10.23 09:04 B C:\inetpub\wwwroot\administrator\components\com_jce\models\WS_FTP.LOG --> ftp3.ftptoyoursite.com /web/content/administrator/components/com_jce/models WS_FTP.LOG
2013.02.01 14:41 B C:\inetpub\wwwroot\administrator\components\com_jce\models\WS_FTP.LOG <-- Schubert Rackspace /web/content/administrator/components/com_jce/models WS_FTP.LOG
