2012.07.25 12:20 B C:\Users\COBRIEN\Desktop\Schubert\plugins\system\nnframework\fields\textareaplus\handle.png <-- Schubert Rackspace /web/content/plugins/system/nnframework/fields/textareaplus handle.png
2012.07.25 12:20 B C:\Users\COBRIEN\Desktop\Schubert\plugins\system\nnframework\fields\textareaplus\index.html <-- Schubert Rackspace /web/content/plugins/system/nnframework/fields/textareaplus index.html
2012.07.25 12:20 B C:\Users\COBRIEN\Desktop\Schubert\plugins\system\nnframework\fields\textareaplus\textareaplus.css <-- Schubert Rackspace /web/content/plugins/system/nnframework/fields/textareaplus textareaplus.css
2012.07.25 12:20 B C:\Users\COBRIEN\Desktop\Schubert\plugins\system\nnframework\fields\textareaplus\textareaplus.js <-- Schubert Rackspace /web/content/plugins/system/nnframework/fields/textareaplus textareaplus.js
2012.09.04 10:58 B C:\inetpub\wwwroot\plugins\system\nnframework\fields\textareaplus\handle.png --> ftp3.ftptoyoursite.com /web/content/SITE-TEST/plugins/system/nnframework/fields/textareaplus handle.png
2012.09.04 10:58 B C:\inetpub\wwwroot\plugins\system\nnframework\fields\textareaplus\index.html --> ftp3.ftptoyoursite.com /web/content/SITE-TEST/plugins/system/nnframework/fields/textareaplus index.html
2012.09.04 10:58 B C:\inetpub\wwwroot\plugins\system\nnframework\fields\textareaplus\textareaplus.css --> ftp3.ftptoyoursite.com /web/content/SITE-TEST/plugins/system/nnframework/fields/textareaplus textareaplus.css
2012.09.04 10:58 B C:\inetpub\wwwroot\plugins\system\nnframework\fields\textareaplus\textareaplus.js --> ftp3.ftptoyoursite.com /web/content/SITE-TEST/plugins/system/nnframework/fields/textareaplus textareaplus.js
2012.09.04 10:58 B C:\inetpub\wwwroot\plugins\system\nnframework\fields\textareaplus\WS_FTP.LOG --> ftp3.ftptoyoursite.com /web/content/SITE-TEST/plugins/system/nnframework/fields/textareaplus WS_FTP.LOG
2012.09.06 15:16 B C:\inetpub\wwwroot\plugins\system\nnframework\fields\textareaplus\handle.png --> ftp3.ftptoyoursite.com /web/content/SITEBACKUP_962012/plugins/system/nnframework/fields/textareaplus handle.png
2012.09.06 15:16 B C:\inetpub\wwwroot\plugins\system\nnframework\fields\textareaplus\index.html --> ftp3.ftptoyoursite.com /web/content/SITEBACKUP_962012/plugins/system/nnframework/fields/textareaplus index.html
2012.09.06 15:16 B C:\inetpub\wwwroot\plugins\system\nnframework\fields\textareaplus\textareaplus.css --> ftp3.ftptoyoursite.com /web/content/SITEBACKUP_962012/plugins/system/nnframework/fields/textareaplus textareaplus.css
2012.09.06 15:16 B C:\inetpub\wwwroot\plugins\system\nnframework\fields\textareaplus\textareaplus.js --> ftp3.ftptoyoursite.com /web/content/SITEBACKUP_962012/plugins/system/nnframework/fields/textareaplus textareaplus.js
2012.09.06 15:16 B C:\inetpub\wwwroot\plugins\system\nnframework\fields\textareaplus\WS_FTP.LOG --> ftp3.ftptoyoursite.com /web/content/SITEBACKUP_962012/plugins/system/nnframework/fields/textareaplus WS_FTP.LOG
2012.10.23 09:18 B C:\inetpub\wwwroot\plugins\system\nnframework\fields\textareaplus\handle.png --> ftp3.ftptoyoursite.com /web/content/plugins/system/nnframework/fields/textareaplus handle.png
2012.10.23 09:18 B C:\inetpub\wwwroot\plugins\system\nnframework\fields\textareaplus\index.html --> ftp3.ftptoyoursite.com /web/content/plugins/system/nnframework/fields/textareaplus index.html
2012.10.23 09:18 B C:\inetpub\wwwroot\plugins\system\nnframework\fields\textareaplus\textareaplus.css --> ftp3.ftptoyoursite.com /web/content/plugins/system/nnframework/fields/textareaplus textareaplus.css
2012.10.23 09:18 B C:\inetpub\wwwroot\plugins\system\nnframework\fields\textareaplus\textareaplus.js --> ftp3.ftptoyoursite.com /web/content/plugins/system/nnframework/fields/textareaplus textareaplus.js
2012.10.23 09:18 B C:\inetpub\wwwroot\plugins\system\nnframework\fields\textareaplus\WS_FTP.LOG --> ftp3.ftptoyoursite.com /web/content/plugins/system/nnframework/fields/textareaplus WS_FTP.LOG
2013.02.01 15:04 B C:\inetpub\wwwroot\plugins\system\nnframework\fields\textareaplus\WS_FTP.LOG <-- Schubert Rackspace /web/content/plugins/system/nnframework/fields/textareaplus WS_FTP.LOG
