2012.07.25 12:15 B C:\Users\COBRIEN\Desktop\Schubert\components\com_rsform\assets\calendar\cal.js <-- Schubert Rackspace /web/content/components/com_rsform/assets/calendar cal.js
2012.07.25 12:15 B C:\Users\COBRIEN\Desktop\Schubert\components\com_rsform\assets\calendar\calendar.css <-- Schubert Rackspace /web/content/components/com_rsform/assets/calendar calendar.css
2012.07.25 12:15 B C:\Users\COBRIEN\Desktop\Schubert\components\com_rsform\assets\calendar\calgrad.png <-- Schubert Rackspace /web/content/components/com_rsform/assets/calendar calgrad.png
2012.07.25 12:15 B C:\Users\COBRIEN\Desktop\Schubert\components\com_rsform\assets\calendar\callt.gif <-- Schubert Rackspace /web/content/components/com_rsform/assets/calendar callt.gif
2012.07.25 12:15 B C:\Users\COBRIEN\Desktop\Schubert\components\com_rsform\assets\calendar\calrt.gif <-- Schubert Rackspace /web/content/components/com_rsform/assets/calendar calrt.gif
2012.07.25 12:15 B C:\Users\COBRIEN\Desktop\Schubert\components\com_rsform\assets\calendar\calx.gif <-- Schubert Rackspace /web/content/components/com_rsform/assets/calendar calx.gif
2012.07.25 12:15 B C:\Users\COBRIEN\Desktop\Schubert\components\com_rsform\assets\calendar\index.html <-- Schubert Rackspace /web/content/components/com_rsform/assets/calendar index.html
2012.09.04 10:51 B C:\inetpub\wwwroot\components\com_rsform\assets\calendar\cal.js --> ftp3.ftptoyoursite.com /web/content/SITE-TEST/components/com_rsform/assets/calendar cal.js
2012.09.04 10:51 B C:\inetpub\wwwroot\components\com_rsform\assets\calendar\calendar.css --> ftp3.ftptoyoursite.com /web/content/SITE-TEST/components/com_rsform/assets/calendar calendar.css
2012.09.04 10:51 B C:\inetpub\wwwroot\components\com_rsform\assets\calendar\calgrad.png --> ftp3.ftptoyoursite.com /web/content/SITE-TEST/components/com_rsform/assets/calendar calgrad.png
2012.09.04 10:51 B C:\inetpub\wwwroot\components\com_rsform\assets\calendar\callt.gif --> ftp3.ftptoyoursite.com /web/content/SITE-TEST/components/com_rsform/assets/calendar callt.gif
2012.09.04 10:51 B C:\inetpub\wwwroot\components\com_rsform\assets\calendar\calrt.gif --> ftp3.ftptoyoursite.com /web/content/SITE-TEST/components/com_rsform/assets/calendar calrt.gif
2012.09.04 10:51 B C:\inetpub\wwwroot\components\com_rsform\assets\calendar\calx.gif --> ftp3.ftptoyoursite.com /web/content/SITE-TEST/components/com_rsform/assets/calendar calx.gif
2012.09.04 10:51 B C:\inetpub\wwwroot\components\com_rsform\assets\calendar\index.html --> ftp3.ftptoyoursite.com /web/content/SITE-TEST/components/com_rsform/assets/calendar index.html
2012.09.04 10:51 B C:\inetpub\wwwroot\components\com_rsform\assets\calendar\WS_FTP.LOG --> ftp3.ftptoyoursite.com /web/content/SITE-TEST/components/com_rsform/assets/calendar WS_FTP.LOG
2012.09.06 15:09 B C:\inetpub\wwwroot\components\com_rsform\assets\calendar\cal.js --> ftp3.ftptoyoursite.com /web/content/SITEBACKUP_962012/components/com_rsform/assets/calendar cal.js
2012.09.06 15:09 B C:\inetpub\wwwroot\components\com_rsform\assets\calendar\calendar.css --> ftp3.ftptoyoursite.com /web/content/SITEBACKUP_962012/components/com_rsform/assets/calendar calendar.css
2012.09.06 15:09 B C:\inetpub\wwwroot\components\com_rsform\assets\calendar\calgrad.png --> ftp3.ftptoyoursite.com /web/content/SITEBACKUP_962012/components/com_rsform/assets/calendar calgrad.png
2012.09.06 15:09 B C:\inetpub\wwwroot\components\com_rsform\assets\calendar\callt.gif --> ftp3.ftptoyoursite.com /web/content/SITEBACKUP_962012/components/com_rsform/assets/calendar callt.gif
2012.09.06 15:09 B C:\inetpub\wwwroot\components\com_rsform\assets\calendar\calrt.gif --> ftp3.ftptoyoursite.com /web/content/SITEBACKUP_962012/components/com_rsform/assets/calendar calrt.gif
2012.09.06 15:09 B C:\inetpub\wwwroot\components\com_rsform\assets\calendar\calx.gif --> ftp3.ftptoyoursite.com /web/content/SITEBACKUP_962012/components/com_rsform/assets/calendar calx.gif
2012.09.06 15:09 B C:\inetpub\wwwroot\components\com_rsform\assets\calendar\index.html --> ftp3.ftptoyoursite.com /web/content/SITEBACKUP_962012/components/com_rsform/assets/calendar index.html
2012.09.06 15:09 B C:\inetpub\wwwroot\components\com_rsform\assets\calendar\WS_FTP.LOG --> ftp3.ftptoyoursite.com /web/content/SITEBACKUP_962012/components/com_rsform/assets/calendar WS_FTP.LOG
2012.09.06 15:49 B C:\inetpub\wwwroot\components\com_rsform\assets\calendar\cal.js <-- Schubert Rackspace /web/content/SITEBACKUP_962012/components/com_rsform/assets/calendar cal.js
2012.09.06 15:49 B C:\inetpub\wwwroot\components\com_rsform\assets\calendar\calendar.css <-- Schubert Rackspace /web/content/SITEBACKUP_962012/components/com_rsform/assets/calendar calendar.css
2012.09.06 15:49 B C:\inetpub\wwwroot\components\com_rsform\assets\calendar\calgrad.png <-- Schubert Rackspace /web/content/SITEBACKUP_962012/components/com_rsform/assets/calendar calgrad.png
2012.09.06 15:49 B C:\inetpub\wwwroot\components\com_rsform\assets\calendar\callt.gif <-- Schubert Rackspace /web/content/SITEBACKUP_962012/components/com_rsform/assets/calendar callt.gif
2012.09.06 15:49 B C:\inetpub\wwwroot\components\com_rsform\assets\calendar\calrt.gif <-- Schubert Rackspace /web/content/SITEBACKUP_962012/components/com_rsform/assets/calendar calrt.gif
2012.09.06 15:49 B C:\inetpub\wwwroot\components\com_rsform\assets\calendar\calx.gif <-- Schubert Rackspace /web/content/SITEBACKUP_962012/components/com_rsform/assets/calendar calx.gif
2012.09.06 15:49 B C:\inetpub\wwwroot\components\com_rsform\assets\calendar\index.html <-- Schubert Rackspace /web/content/SITEBACKUP_962012/components/com_rsform/assets/calendar index.html
2012.10.23 09:12 B C:\inetpub\wwwroot\components\com_rsform\assets\calendar\cal.js --> ftp3.ftptoyoursite.com /web/content/components/com_rsform/assets/calendar cal.js
2012.10.23 09:12 B C:\inetpub\wwwroot\components\com_rsform\assets\calendar\calendar.css --> ftp3.ftptoyoursite.com /web/content/components/com_rsform/assets/calendar calendar.css
2012.10.23 09:12 B C:\inetpub\wwwroot\components\com_rsform\assets\calendar\calgrad.png --> ftp3.ftptoyoursite.com /web/content/components/com_rsform/assets/calendar calgrad.png
2012.10.23 09:12 B C:\inetpub\wwwroot\components\com_rsform\assets\calendar\callt.gif --> ftp3.ftptoyoursite.com /web/content/components/com_rsform/assets/calendar callt.gif
2012.10.23 09:12 B C:\inetpub\wwwroot\components\com_rsform\assets\calendar\calrt.gif --> ftp3.ftptoyoursite.com /web/content/components/com_rsform/assets/calendar calrt.gif
2012.10.23 09:12 B C:\inetpub\wwwroot\components\com_rsform\assets\calendar\calx.gif --> ftp3.ftptoyoursite.com /web/content/components/com_rsform/assets/calendar calx.gif
2012.10.23 09:12 B C:\inetpub\wwwroot\components\com_rsform\assets\calendar\index.html --> ftp3.ftptoyoursite.com /web/content/components/com_rsform/assets/calendar index.html
2012.10.23 09:12 B C:\inetpub\wwwroot\components\com_rsform\assets\calendar\WS_FTP.LOG --> ftp3.ftptoyoursite.com /web/content/components/com_rsform/assets/calendar WS_FTP.LOG
2013.02.01 14:49 B C:\inetpub\wwwroot\components\com_rsform\assets\calendar\WS_FTP.LOG <-- Schubert Rackspace /web/content/components/com_rsform/assets/calendar WS_FTP.LOG
