2013.02.04 11:34 B C:\inetpub\wwwroot\phpMyAdmin\libraries\transformations\application_octetstream__download.inc.php <-- Schubert Rackspace /web/content/db/phpMyAdmin/libraries/transformations application_octetstream__download.inc.php
2013.02.04 11:34 B C:\inetpub\wwwroot\phpMyAdmin\libraries\transformations\application_octetstream__hex.inc.php <-- Schubert Rackspace /web/content/db/phpMyAdmin/libraries/transformations application_octetstream__hex.inc.php
2013.02.04 11:34 B C:\inetpub\wwwroot\phpMyAdmin\libraries\transformations\generator.sh <-- Schubert Rackspace /web/content/db/phpMyAdmin/libraries/transformations generator.sh
2013.02.04 11:34 B C:\inetpub\wwwroot\phpMyAdmin\libraries\transformations\global.inc.php <-- Schubert Rackspace /web/content/db/phpMyAdmin/libraries/transformations global.inc.php
2013.02.04 11:34 B C:\inetpub\wwwroot\phpMyAdmin\libraries\transformations\image_jpeg__inline.inc.php <-- Schubert Rackspace /web/content/db/phpMyAdmin/libraries/transformations image_jpeg__inline.inc.php
2013.02.04 11:34 B C:\inetpub\wwwroot\phpMyAdmin\libraries\transformations\image_jpeg__link.inc.php <-- Schubert Rackspace /web/content/db/phpMyAdmin/libraries/transformations image_jpeg__link.inc.php
2013.02.04 11:34 B C:\inetpub\wwwroot\phpMyAdmin\libraries\transformations\image_png__inline.inc.php <-- Schubert Rackspace /web/content/db/phpMyAdmin/libraries/transformations image_png__inline.inc.php
2013.02.04 11:34 B C:\inetpub\wwwroot\phpMyAdmin\libraries\transformations\README <-- Schubert Rackspace /web/content/db/phpMyAdmin/libraries/transformations README
2013.02.04 11:34 B C:\inetpub\wwwroot\phpMyAdmin\libraries\transformations\TEMPLATE <-- Schubert Rackspace /web/content/db/phpMyAdmin/libraries/transformations TEMPLATE
2013.02.04 11:34 B C:\inetpub\wwwroot\phpMyAdmin\libraries\transformations\template_generator.sh <-- Schubert Rackspace /web/content/db/phpMyAdmin/libraries/transformations template_generator.sh
2013.02.04 11:34 B C:\inetpub\wwwroot\phpMyAdmin\libraries\transformations\template_generator_mimetype.sh <-- Schubert Rackspace /web/content/db/phpMyAdmin/libraries/transformations template_generator_mimetype.sh
2013.02.04 11:34 B C:\inetpub\wwwroot\phpMyAdmin\libraries\transformations\TEMPLATE_MIMETYPE <-- Schubert Rackspace /web/content/db/phpMyAdmin/libraries/transformations TEMPLATE_MIMETYPE
2013.02.04 11:34 B C:\inetpub\wwwroot\phpMyAdmin\libraries\transformations\text_plain__dateformat.inc.php <-- Schubert Rackspace /web/content/db/phpMyAdmin/libraries/transformations text_plain__dateformat.inc.php
2013.02.04 11:34 B C:\inetpub\wwwroot\phpMyAdmin\libraries\transformations\text_plain__external.inc.php <-- Schubert Rackspace /web/content/db/phpMyAdmin/libraries/transformations text_plain__external.inc.php
2013.02.04 11:34 B C:\inetpub\wwwroot\phpMyAdmin\libraries\transformations\text_plain__formatted.inc.php <-- Schubert Rackspace /web/content/db/phpMyAdmin/libraries/transformations text_plain__formatted.inc.php
2013.02.04 11:34 B C:\inetpub\wwwroot\phpMyAdmin\libraries\transformations\text_plain__imagelink.inc.php <-- Schubert Rackspace /web/content/db/phpMyAdmin/libraries/transformations text_plain__imagelink.inc.php
2013.02.04 11:34 B C:\inetpub\wwwroot\phpMyAdmin\libraries\transformations\text_plain__link.inc.php <-- Schubert Rackspace /web/content/db/phpMyAdmin/libraries/transformations text_plain__link.inc.php
2013.02.04 11:34 B C:\inetpub\wwwroot\phpMyAdmin\libraries\transformations\text_plain__longToIpv4.inc.php <-- Schubert Rackspace /web/content/db/phpMyAdmin/libraries/transformations text_plain__longToIpv4.inc.php
2013.02.04 11:34 B C:\inetpub\wwwroot\phpMyAdmin\libraries\transformations\text_plain__sql.inc.php <-- Schubert Rackspace /web/content/db/phpMyAdmin/libraries/transformations text_plain__sql.inc.php
2013.02.04 11:34 B C:\inetpub\wwwroot\phpMyAdmin\libraries\transformations\text_plain__substr.inc.php <-- Schubert Rackspace /web/content/db/phpMyAdmin/libraries/transformations text_plain__substr.inc.php
