2012.09.04 10:45 B C:\inetpub\wwwroot\administrator\components\com_jdownloads\admin.jdownloads.html.php --> ftp3.ftptoyoursite.com /web/content/SITE-TEST/administrator/components/com_jdownloads admin.jdownloads.html.php
2012.09.04 10:45 B C:\inetpub\wwwroot\administrator\components\com_jdownloads\admin.jdownloads.php --> ftp3.ftptoyoursite.com /web/content/SITE-TEST/administrator/components/com_jdownloads admin.jdownloads.php
2012.09.04 10:45 B C:\inetpub\wwwroot\administrator\components\com_jdownloads\check.restore.jdownloads.php --> ftp3.ftptoyoursite.com /web/content/SITE-TEST/administrator/components/com_jdownloads check.restore.jdownloads.php
2012.09.04 10:45 B C:\inetpub\wwwroot\administrator\components\com_jdownloads\config.xml --> ftp3.ftptoyoursite.com /web/content/SITE-TEST/administrator/components/com_jdownloads config.xml
2012.09.04 10:45 B C:\inetpub\wwwroot\administrator\components\com_jdownloads\htaccess.txt --> ftp3.ftptoyoursite.com /web/content/SITE-TEST/administrator/components/com_jdownloads htaccess.txt
2012.09.04 10:45 B C:\inetpub\wwwroot\administrator\components\com_jdownloads\index.html --> ftp3.ftptoyoursite.com /web/content/SITE-TEST/administrator/components/com_jdownloads index.html
2012.09.04 10:45 B C:\inetpub\wwwroot\administrator\components\com_jdownloads\install.jdownloads.php --> ftp3.ftptoyoursite.com /web/content/SITE-TEST/administrator/components/com_jdownloads install.jdownloads.php
2012.09.04 10:45 B C:\inetpub\wwwroot\administrator\components\com_jdownloads\install.sql --> ftp3.ftptoyoursite.com /web/content/SITE-TEST/administrator/components/com_jdownloads install.sql
2012.09.04 10:45 B C:\inetpub\wwwroot\administrator\components\com_jdownloads\jdownloads.xml --> ftp3.ftptoyoursite.com /web/content/SITE-TEST/administrator/components/com_jdownloads jdownloads.xml
2012.09.04 10:45 B C:\inetpub\wwwroot\administrator\components\com_jdownloads\ProgressBar.class.php --> ftp3.ftptoyoursite.com /web/content/SITE-TEST/administrator/components/com_jdownloads ProgressBar.class.php
2012.09.04 10:45 B C:\inetpub\wwwroot\administrator\components\com_jdownloads\scan.php --> ftp3.ftptoyoursite.com /web/content/SITE-TEST/administrator/components/com_jdownloads scan.php
2012.09.04 10:45 B C:\inetpub\wwwroot\administrator\components\com_jdownloads\scancat.php --> ftp3.ftptoyoursite.com /web/content/SITE-TEST/administrator/components/com_jdownloads scancat.php
2012.09.04 10:45 B C:\inetpub\wwwroot\administrator\components\com_jdownloads\style.css --> ftp3.ftptoyoursite.com /web/content/SITE-TEST/administrator/components/com_jdownloads style.css
2012.09.04 10:45 B C:\inetpub\wwwroot\administrator\components\com_jdownloads\toolbar.jdownloads.html.php --> ftp3.ftptoyoursite.com /web/content/SITE-TEST/administrator/components/com_jdownloads toolbar.jdownloads.html.php
2012.09.04 10:45 B C:\inetpub\wwwroot\administrator\components\com_jdownloads\toolbar.jdownloads.php --> ftp3.ftptoyoursite.com /web/content/SITE-TEST/administrator/components/com_jdownloads toolbar.jdownloads.php
2012.09.04 10:45 B C:\inetpub\wwwroot\administrator\components\com_jdownloads\uninstall.jdownloads.php --> ftp3.ftptoyoursite.com /web/content/SITE-TEST/administrator/components/com_jdownloads uninstall.jdownloads.php
2012.09.04 10:45 B C:\inetpub\wwwroot\administrator\components\com_jdownloads\uninstall.sql --> ftp3.ftptoyoursite.com /web/content/SITE-TEST/administrator/components/com_jdownloads uninstall.sql
2012.09.06 14:59 B C:\inetpub\wwwroot\administrator\components\com_jdownloads\admin.jdownloads.html.php --> ftp3.ftptoyoursite.com /web/content/SITEBACKUP_962012/administrator/components/com_jdownloads admin.jdownloads.html.php
2012.09.06 14:59 B C:\inetpub\wwwroot\administrator\components\com_jdownloads\admin.jdownloads.php --> ftp3.ftptoyoursite.com /web/content/SITEBACKUP_962012/administrator/components/com_jdownloads admin.jdownloads.php
2012.09.06 14:59 B C:\inetpub\wwwroot\administrator\components\com_jdownloads\check.restore.jdownloads.php --> ftp3.ftptoyoursite.com /web/content/SITEBACKUP_962012/administrator/components/com_jdownloads check.restore.jdownloads.php
2012.09.06 14:59 B C:\inetpub\wwwroot\administrator\components\com_jdownloads\config.xml --> ftp3.ftptoyoursite.com /web/content/SITEBACKUP_962012/administrator/components/com_jdownloads config.xml
2012.09.06 14:59 B C:\inetpub\wwwroot\administrator\components\com_jdownloads\htaccess.txt --> ftp3.ftptoyoursite.com /web/content/SITEBACKUP_962012/administrator/components/com_jdownloads htaccess.txt
2012.09.06 14:59 B C:\inetpub\wwwroot\administrator\components\com_jdownloads\index.html --> ftp3.ftptoyoursite.com /web/content/SITEBACKUP_962012/administrator/components/com_jdownloads index.html
2012.09.06 14:59 B C:\inetpub\wwwroot\administrator\components\com_jdownloads\install.jdownloads.php --> ftp3.ftptoyoursite.com /web/content/SITEBACKUP_962012/administrator/components/com_jdownloads install.jdownloads.php
2012.09.06 14:59 B C:\inetpub\wwwroot\administrator\components\com_jdownloads\install.sql --> ftp3.ftptoyoursite.com /web/content/SITEBACKUP_962012/administrator/components/com_jdownloads install.sql
2012.09.06 14:59 B C:\inetpub\wwwroot\administrator\components\com_jdownloads\jdownloads.xml --> ftp3.ftptoyoursite.com /web/content/SITEBACKUP_962012/administrator/components/com_jdownloads jdownloads.xml
2012.09.06 14:59 B C:\inetpub\wwwroot\administrator\components\com_jdownloads\ProgressBar.class.php --> ftp3.ftptoyoursite.com /web/content/SITEBACKUP_962012/administrator/components/com_jdownloads ProgressBar.class.php
2012.09.06 14:59 B C:\inetpub\wwwroot\administrator\components\com_jdownloads\scan.php --> ftp3.ftptoyoursite.com /web/content/SITEBACKUP_962012/administrator/components/com_jdownloads scan.php
2012.09.06 14:59 B C:\inetpub\wwwroot\administrator\components\com_jdownloads\scancat.php --> ftp3.ftptoyoursite.com /web/content/SITEBACKUP_962012/administrator/components/com_jdownloads scancat.php
2012.09.06 14:59 B C:\inetpub\wwwroot\administrator\components\com_jdownloads\style.css --> ftp3.ftptoyoursite.com /web/content/SITEBACKUP_962012/administrator/components/com_jdownloads style.css
2012.09.06 14:59 B C:\inetpub\wwwroot\administrator\components\com_jdownloads\toolbar.jdownloads.html.php --> ftp3.ftptoyoursite.com /web/content/SITEBACKUP_962012/administrator/components/com_jdownloads toolbar.jdownloads.html.php
2012.09.06 14:59 B C:\inetpub\wwwroot\administrator\components\com_jdownloads\toolbar.jdownloads.php --> ftp3.ftptoyoursite.com /web/content/SITEBACKUP_962012/administrator/components/com_jdownloads toolbar.jdownloads.php
2012.09.06 14:59 B C:\inetpub\wwwroot\administrator\components\com_jdownloads\uninstall.jdownloads.php --> ftp3.ftptoyoursite.com /web/content/SITEBACKUP_962012/administrator/components/com_jdownloads uninstall.jdownloads.php
2012.09.06 14:59 B C:\inetpub\wwwroot\administrator\components\com_jdownloads\uninstall.sql --> ftp3.ftptoyoursite.com /web/content/SITEBACKUP_962012/administrator/components/com_jdownloads uninstall.sql
2012.09.06 14:59 B C:\inetpub\wwwroot\administrator\components\com_jdownloads\WS_FTP.LOG --> ftp3.ftptoyoursite.com /web/content/SITEBACKUP_962012/administrator/components/com_jdownloads WS_FTP.LOG
2012.09.06 15:21 B C:\inetpub\wwwroot\administrator\components\com_jdownloads\admin.jdownloads.html.php <-- Schubert Rackspace /web/content/administrator/components/com_jdownloads admin.jdownloads.html.php
2012.09.06 15:21 B C:\inetpub\wwwroot\administrator\components\com_jdownloads\admin.jdownloads.php <-- Schubert Rackspace /web/content/administrator/components/com_jdownloads admin.jdownloads.php
2012.09.06 15:21 B C:\inetpub\wwwroot\administrator\components\com_jdownloads\check.restore.jdownloads.php <-- Schubert Rackspace /web/content/administrator/components/com_jdownloads check.restore.jdownloads.php
2012.09.06 15:21 B C:\inetpub\wwwroot\administrator\components\com_jdownloads\config.xml <-- Schubert Rackspace /web/content/administrator/components/com_jdownloads config.xml
2012.09.06 15:21 B C:\inetpub\wwwroot\administrator\components\com_jdownloads\htaccess.txt <-- Schubert Rackspace /web/content/administrator/components/com_jdownloads htaccess.txt
2012.09.06 15:21 B C:\inetpub\wwwroot\administrator\components\com_jdownloads\index.html <-- Schubert Rackspace /web/content/administrator/components/com_jdownloads index.html
2012.09.06 15:21 B C:\inetpub\wwwroot\administrator\components\com_jdownloads\install.jdownloads.php <-- Schubert Rackspace /web/content/administrator/components/com_jdownloads install.jdownloads.php
2012.09.06 15:21 B C:\inetpub\wwwroot\administrator\components\com_jdownloads\install.sql <-- Schubert Rackspace /web/content/administrator/components/com_jdownloads install.sql
2012.09.06 15:21 B C:\inetpub\wwwroot\administrator\components\com_jdownloads\jdownloads.xml <-- Schubert Rackspace /web/content/administrator/components/com_jdownloads jdownloads.xml
2012.09.06 15:21 B C:\inetpub\wwwroot\administrator\components\com_jdownloads\ProgressBar.class.php <-- Schubert Rackspace /web/content/administrator/components/com_jdownloads ProgressBar.class.php
2012.09.06 15:21 B C:\inetpub\wwwroot\administrator\components\com_jdownloads\scan.php <-- Schubert Rackspace /web/content/administrator/components/com_jdownloads scan.php
2012.09.06 15:21 B C:\inetpub\wwwroot\administrator\components\com_jdownloads\scancat.php <-- Schubert Rackspace /web/content/administrator/components/com_jdownloads scancat.php
2012.09.06 15:21 B C:\inetpub\wwwroot\administrator\components\com_jdownloads\style.css <-- Schubert Rackspace /web/content/administrator/components/com_jdownloads style.css
2012.09.06 15:21 B C:\inetpub\wwwroot\administrator\components\com_jdownloads\toolbar.jdownloads.html.php <-- Schubert Rackspace /web/content/administrator/components/com_jdownloads toolbar.jdownloads.html.php
2012.09.06 15:21 B C:\inetpub\wwwroot\administrator\components\com_jdownloads\toolbar.jdownloads.php <-- Schubert Rackspace /web/content/administrator/components/com_jdownloads toolbar.jdownloads.php
2012.09.06 15:21 B C:\inetpub\wwwroot\administrator\components\com_jdownloads\uninstall.jdownloads.php <-- Schubert Rackspace /web/content/administrator/components/com_jdownloads uninstall.jdownloads.php
2012.09.06 15:44 B C:\inetpub\wwwroot\administrator\components\com_jdownloads\admin.jdownloads.html.php <-- Schubert Rackspace /web/content/SITEBACKUP_962012/administrator/components/com_jdownloads admin.jdownloads.html.php
2012.09.06 15:44 B C:\inetpub\wwwroot\administrator\components\com_jdownloads\admin.jdownloads.php <-- Schubert Rackspace /web/content/SITEBACKUP_962012/administrator/components/com_jdownloads admin.jdownloads.php
2012.09.06 15:44 B C:\inetpub\wwwroot\administrator\components\com_jdownloads\check.restore.jdownloads.php <-- Schubert Rackspace /web/content/SITEBACKUP_962012/administrator/components/com_jdownloads check.restore.jdownloads.php
2012.09.06 15:44 B C:\inetpub\wwwroot\administrator\components\com_jdownloads\config.xml <-- Schubert Rackspace /web/content/SITEBACKUP_962012/administrator/components/com_jdownloads config.xml
2012.09.06 15:44 B C:\inetpub\wwwroot\administrator\components\com_jdownloads\htaccess.txt <-- Schubert Rackspace /web/content/SITEBACKUP_962012/administrator/components/com_jdownloads htaccess.txt
2012.09.06 15:44 B C:\inetpub\wwwroot\administrator\components\com_jdownloads\index.html <-- Schubert Rackspace /web/content/SITEBACKUP_962012/administrator/components/com_jdownloads index.html
2012.09.06 15:44 B C:\inetpub\wwwroot\administrator\components\com_jdownloads\install.jdownloads.php <-- Schubert Rackspace /web/content/SITEBACKUP_962012/administrator/components/com_jdownloads install.jdownloads.php
2012.09.06 15:44 B C:\inetpub\wwwroot\administrator\components\com_jdownloads\install.sql <-- Schubert Rackspace /web/content/SITEBACKUP_962012/administrator/components/com_jdownloads install.sql
2012.09.06 15:44 B C:\inetpub\wwwroot\administrator\components\com_jdownloads\jdownloads.xml <-- Schubert Rackspace /web/content/SITEBACKUP_962012/administrator/components/com_jdownloads jdownloads.xml
2012.09.06 15:44 B C:\inetpub\wwwroot\administrator\components\com_jdownloads\ProgressBar.class.php <-- Schubert Rackspace /web/content/SITEBACKUP_962012/administrator/components/com_jdownloads ProgressBar.class.php
2012.09.06 15:44 B C:\inetpub\wwwroot\administrator\components\com_jdownloads\scan.php <-- Schubert Rackspace /web/content/SITEBACKUP_962012/administrator/components/com_jdownloads scan.php
2012.09.06 15:44 B C:\inetpub\wwwroot\administrator\components\com_jdownloads\scancat.php <-- Schubert Rackspace /web/content/SITEBACKUP_962012/administrator/components/com_jdownloads scancat.php
2012.09.06 15:44 B C:\inetpub\wwwroot\administrator\components\com_jdownloads\style.css <-- Schubert Rackspace /web/content/SITEBACKUP_962012/administrator/components/com_jdownloads style.css
2012.09.06 15:44 B C:\inetpub\wwwroot\administrator\components\com_jdownloads\toolbar.jdownloads.html.php <-- Schubert Rackspace /web/content/SITEBACKUP_962012/administrator/components/com_jdownloads toolbar.jdownloads.html.php
2012.09.06 15:44 B C:\inetpub\wwwroot\administrator\components\com_jdownloads\toolbar.jdownloads.php <-- Schubert Rackspace /web/content/SITEBACKUP_962012/administrator/components/com_jdownloads toolbar.jdownloads.php
2012.09.06 15:44 B C:\inetpub\wwwroot\administrator\components\com_jdownloads\uninstall.jdownloads.php <-- Schubert Rackspace /web/content/SITEBACKUP_962012/administrator/components/com_jdownloads uninstall.jdownloads.php
2012.10.23 09:05 B C:\inetpub\wwwroot\administrator\components\com_jdownloads\admin.jdownloads.html.php --> ftp3.ftptoyoursite.com /web/content/administrator/components/com_jdownloads admin.jdownloads.html.php
2012.10.23 09:05 B C:\inetpub\wwwroot\administrator\components\com_jdownloads\admin.jdownloads.php --> ftp3.ftptoyoursite.com /web/content/administrator/components/com_jdownloads admin.jdownloads.php
2012.10.23 09:05 B C:\inetpub\wwwroot\administrator\components\com_jdownloads\check.restore.jdownloads.php --> ftp3.ftptoyoursite.com /web/content/administrator/components/com_jdownloads check.restore.jdownloads.php
2012.10.23 09:05 B C:\inetpub\wwwroot\administrator\components\com_jdownloads\config.xml --> ftp3.ftptoyoursite.com /web/content/administrator/components/com_jdownloads config.xml
2012.10.23 09:05 B C:\inetpub\wwwroot\administrator\components\com_jdownloads\htaccess.txt --> ftp3.ftptoyoursite.com /web/content/administrator/components/com_jdownloads htaccess.txt
2012.10.23 09:05 B C:\inetpub\wwwroot\administrator\components\com_jdownloads\index.html --> ftp3.ftptoyoursite.com /web/content/administrator/components/com_jdownloads index.html
2012.10.23 09:05 B C:\inetpub\wwwroot\administrator\components\com_jdownloads\install.jdownloads.php --> ftp3.ftptoyoursite.com /web/content/administrator/components/com_jdownloads install.jdownloads.php
2012.10.23 09:05 B C:\inetpub\wwwroot\administrator\components\com_jdownloads\install.sql --> ftp3.ftptoyoursite.com /web/content/administrator/components/com_jdownloads install.sql
2012.10.23 09:05 B C:\inetpub\wwwroot\administrator\components\com_jdownloads\jdownloads.xml --> ftp3.ftptoyoursite.com /web/content/administrator/components/com_jdownloads jdownloads.xml
2012.10.23 09:05 B C:\inetpub\wwwroot\administrator\components\com_jdownloads\ProgressBar.class.php --> ftp3.ftptoyoursite.com /web/content/administrator/components/com_jdownloads ProgressBar.class.php
2012.10.23 09:05 B C:\inetpub\wwwroot\administrator\components\com_jdownloads\scan.php --> ftp3.ftptoyoursite.com /web/content/administrator/components/com_jdownloads scan.php
2012.10.23 09:05 B C:\inetpub\wwwroot\administrator\components\com_jdownloads\scancat.php --> ftp3.ftptoyoursite.com /web/content/administrator/components/com_jdownloads scancat.php
2012.10.23 09:05 B C:\inetpub\wwwroot\administrator\components\com_jdownloads\style.css --> ftp3.ftptoyoursite.com /web/content/administrator/components/com_jdownloads style.css
2012.10.23 09:05 B C:\inetpub\wwwroot\administrator\components\com_jdownloads\toolbar.jdownloads.html.php --> ftp3.ftptoyoursite.com /web/content/administrator/components/com_jdownloads toolbar.jdownloads.html.php
2012.10.23 09:05 B C:\inetpub\wwwroot\administrator\components\com_jdownloads\toolbar.jdownloads.php --> ftp3.ftptoyoursite.com /web/content/administrator/components/com_jdownloads toolbar.jdownloads.php
2012.10.23 09:05 B C:\inetpub\wwwroot\administrator\components\com_jdownloads\uninstall.jdownloads.php --> ftp3.ftptoyoursite.com /web/content/administrator/components/com_jdownloads uninstall.jdownloads.php
2012.10.23 09:05 B C:\inetpub\wwwroot\administrator\components\com_jdownloads\uninstall.sql --> ftp3.ftptoyoursite.com /web/content/administrator/components/com_jdownloads uninstall.sql
2012.10.23 09:05 B C:\inetpub\wwwroot\administrator\components\com_jdownloads\WS_FTP.LOG --> ftp3.ftptoyoursite.com /web/content/administrator/components/com_jdownloads WS_FTP.LOG
2013.02.01 14:41 B C:\inetpub\wwwroot\administrator\components\com_jdownloads\WS_FTP.LOG <-- Schubert Rackspace /web/content/administrator/components/com_jdownloads WS_FTP.LOG
