2012.07.25 12:20 B C:\Users\COBRIEN\Desktop\Schubert\templates\templatename\images\arrow.png <-- Schubert Rackspace /web/content/templates/templatename/images arrow.png
2012.07.25 12:20 B C:\Users\COBRIEN\Desktop\Schubert\templates\templatename\images\buttonbg_hover.png <-- Schubert Rackspace /web/content/templates/templatename/images buttonbg_hover.png
2012.07.25 12:20 B C:\Users\COBRIEN\Desktop\Schubert\templates\templatename\images\calendar.png <-- Schubert Rackspace /web/content/templates/templatename/images calendar.png
2012.07.25 12:20 B C:\Users\COBRIEN\Desktop\Schubert\templates\templatename\images\contentbg.png <-- Schubert Rackspace /web/content/templates/templatename/images contentbg.png
2012.07.25 12:20 B C:\Users\COBRIEN\Desktop\Schubert\templates\templatename\images\featuredbg.png <-- Schubert Rackspace /web/content/templates/templatename/images featuredbg.png
2012.07.25 12:20 B C:\Users\COBRIEN\Desktop\Schubert\templates\templatename\images\footerLogo.png <-- Schubert Rackspace /web/content/templates/templatename/images footerLogo.png
2012.07.25 12:20 B C:\Users\COBRIEN\Desktop\Schubert\templates\templatename\images\greenCircleArrows.png <-- Schubert Rackspace /web/content/templates/templatename/images greenCircleArrows.png
2012.07.25 12:20 B C:\Users\COBRIEN\Desktop\Schubert\templates\templatename\images\headerbg.png <-- Schubert Rackspace /web/content/templates/templatename/images headerbg.png
2012.07.25 12:20 B C:\Users\COBRIEN\Desktop\Schubert\templates\templatename\images\hoverbg.png <-- Schubert Rackspace /web/content/templates/templatename/images hoverbg.png
2012.07.25 12:20 B C:\Users\COBRIEN\Desktop\Schubert\templates\templatename\images\in-findrepbtn.png <-- Schubert Rackspace /web/content/templates/templatename/images in-findrepbtn.png
2012.07.25 12:20 B C:\Users\COBRIEN\Desktop\Schubert\templates\templatename\images\index.html <-- Schubert Rackspace /web/content/templates/templatename/images index.html
2012.07.25 12:20 B C:\Users\COBRIEN\Desktop\Schubert\templates\templatename\images\j_button2_blank.png <-- Schubert Rackspace /web/content/templates/templatename/images j_button2_blank.png
2012.07.25 12:20 B C:\Users\COBRIEN\Desktop\Schubert\templates\templatename\images\j_button2_image.png <-- Schubert Rackspace /web/content/templates/templatename/images j_button2_image.png
2012.07.25 12:20 B C:\Users\COBRIEN\Desktop\Schubert\templates\templatename\images\j_button2_left.png <-- Schubert Rackspace /web/content/templates/templatename/images j_button2_left.png
2012.07.25 12:20 B C:\Users\COBRIEN\Desktop\Schubert\templates\templatename\images\j_button2_pagebreak.png <-- Schubert Rackspace /web/content/templates/templatename/images j_button2_pagebreak.png
2012.07.25 12:20 B C:\Users\COBRIEN\Desktop\Schubert\templates\templatename\images\j_button2_readmore.png <-- Schubert Rackspace /web/content/templates/templatename/images j_button2_readmore.png
2012.07.25 12:20 B C:\Users\COBRIEN\Desktop\Schubert\templates\templatename\images\j_button2_right.png <-- Schubert Rackspace /web/content/templates/templatename/images j_button2_right.png
2012.07.25 12:20 B C:\Users\COBRIEN\Desktop\Schubert\templates\templatename\images\kronoslogo.png <-- Schubert Rackspace /web/content/templates/templatename/images kronoslogo.png
2012.07.25 12:20 B C:\Users\COBRIEN\Desktop\Schubert\templates\templatename\images\logobg.png <-- Schubert Rackspace /web/content/templates/templatename/images logobg.png
2012.07.25 12:20 B C:\Users\COBRIEN\Desktop\Schubert\templates\templatename\images\mmActive.png <-- Schubert Rackspace /web/content/templates/templatename/images mmActive.png
2012.07.25 12:20 B C:\Users\COBRIEN\Desktop\Schubert\templates\templatename\images\mmItem.png <-- Schubert Rackspace /web/content/templates/templatename/images mmItem.png
2012.07.25 12:20 B C:\Users\COBRIEN\Desktop\Schubert\templates\templatename\images\notice-alert.png <-- Schubert Rackspace /web/content/templates/templatename/images notice-alert.png
2012.07.25 12:20 B C:\Users\COBRIEN\Desktop\Schubert\templates\templatename\images\notice-download.png <-- Schubert Rackspace /web/content/templates/templatename/images notice-download.png
2012.07.25 12:20 B C:\Users\COBRIEN\Desktop\Schubert\templates\templatename\images\notice-info.png <-- Schubert Rackspace /web/content/templates/templatename/images notice-info.png
2012.07.25 12:20 B C:\Users\COBRIEN\Desktop\Schubert\templates\templatename\images\notice-note.png <-- Schubert Rackspace /web/content/templates/templatename/images notice-note.png
2012.07.25 12:20 B C:\Users\COBRIEN\Desktop\Schubert\templates\templatename\images\readmore.png <-- Schubert Rackspace /web/content/templates/templatename/images readmore.png
2012.07.25 12:20 B C:\Users\COBRIEN\Desktop\Schubert\templates\templatename\images\searchBtn.png <-- Schubert Rackspace /web/content/templates/templatename/images searchBtn.png
2012.07.25 12:20 B C:\Users\COBRIEN\Desktop\Schubert\templates\templatename\images\selector-arrow.png <-- Schubert Rackspace /web/content/templates/templatename/images selector-arrow.png
2012.07.25 12:20 B C:\Users\COBRIEN\Desktop\Schubert\templates\templatename\images\spacer.png <-- Schubert Rackspace /web/content/templates/templatename/images spacer.png
2012.07.25 12:20 B C:\Users\COBRIEN\Desktop\Schubert\templates\templatename\images\textareaInputBG.png <-- Schubert Rackspace /web/content/templates/templatename/images textareaInputBG.png
2012.07.25 12:20 B C:\Users\COBRIEN\Desktop\Schubert\templates\templatename\images\textInputBG.png <-- Schubert Rackspace /web/content/templates/templatename/images textInputBG.png
2012.07.25 12:20 B C:\Users\COBRIEN\Desktop\Schubert\templates\templatename\images\titlebg.png <-- Schubert Rackspace /web/content/templates/templatename/images titlebg.png
2012.07.25 12:20 B C:\Users\COBRIEN\Desktop\Schubert\templates\templatename\images\transparent.gif <-- Schubert Rackspace /web/content/templates/templatename/images transparent.gif
2012.07.30 11:28 B C:\inetpub\wwwroot\templates\templatename\images\processBtn.png <-- Schubert Rackspace /web/content/templates/templatename/images processBtn.png
2012.08.02 10:43 B C:\inetpub\wwwroot\templates\templatename\images\menuWhiteBG.png <-- Schubert Rackspace /web/content/templates/templatename/images menuWhiteBG.png
2012.08.10 16:53 B C:\inetpub\wwwroot\templates\templatename\images\arrow.png --> ftp3.ftptoyoursite.com /web/content/templates/templates/templatename/images arrow.png
2012.08.10 16:53 B C:\inetpub\wwwroot\templates\templatename\images\buttonbg_hover.png --> ftp3.ftptoyoursite.com /web/content/templates/templates/templatename/images buttonbg_hover.png
2012.08.10 16:53 B C:\inetpub\wwwroot\templates\templatename\images\calendar.png --> ftp3.ftptoyoursite.com /web/content/templates/templates/templatename/images calendar.png
2012.08.10 16:53 B C:\inetpub\wwwroot\templates\templatename\images\contentbg.png --> ftp3.ftptoyoursite.com /web/content/templates/templates/templatename/images contentbg.png
2012.08.10 16:53 B C:\inetpub\wwwroot\templates\templatename\images\featuredbg.png --> ftp3.ftptoyoursite.com /web/content/templates/templates/templatename/images featuredbg.png
2012.08.10 16:53 B C:\inetpub\wwwroot\templates\templatename\images\footerLogo.png --> ftp3.ftptoyoursite.com /web/content/templates/templates/templatename/images footerLogo.png
2012.08.10 16:53 B C:\inetpub\wwwroot\templates\templatename\images\greenCircleArrows.png --> ftp3.ftptoyoursite.com /web/content/templates/templates/templatename/images greenCircleArrows.png
2012.08.10 16:53 B C:\inetpub\wwwroot\templates\templatename\images\headerbg.png --> ftp3.ftptoyoursite.com /web/content/templates/templates/templatename/images headerbg.png
2012.08.10 16:53 B C:\inetpub\wwwroot\templates\templatename\images\hoverbg.png --> ftp3.ftptoyoursite.com /web/content/templates/templates/templatename/images hoverbg.png
2012.08.10 16:53 B C:\inetpub\wwwroot\templates\templatename\images\in-findrepbtn.png --> ftp3.ftptoyoursite.com /web/content/templates/templates/templatename/images in-findrepbtn.png
2012.08.10 16:53 B C:\inetpub\wwwroot\templates\templatename\images\index.html --> ftp3.ftptoyoursite.com /web/content/templates/templates/templatename/images index.html
2012.08.10 16:53 B C:\inetpub\wwwroot\templates\templatename\images\j_button2_blank.png --> ftp3.ftptoyoursite.com /web/content/templates/templates/templatename/images j_button2_blank.png
2012.08.10 16:53 B C:\inetpub\wwwroot\templates\templatename\images\j_button2_image.png --> ftp3.ftptoyoursite.com /web/content/templates/templates/templatename/images j_button2_image.png
2012.08.10 16:53 B C:\inetpub\wwwroot\templates\templatename\images\j_button2_left.png --> ftp3.ftptoyoursite.com /web/content/templates/templates/templatename/images j_button2_left.png
2012.08.10 16:53 B C:\inetpub\wwwroot\templates\templatename\images\j_button2_pagebreak.png --> ftp3.ftptoyoursite.com /web/content/templates/templates/templatename/images j_button2_pagebreak.png
2012.08.10 16:53 B C:\inetpub\wwwroot\templates\templatename\images\j_button2_readmore.png --> ftp3.ftptoyoursite.com /web/content/templates/templates/templatename/images j_button2_readmore.png
2012.08.10 16:53 B C:\inetpub\wwwroot\templates\templatename\images\j_button2_right.png --> ftp3.ftptoyoursite.com /web/content/templates/templates/templatename/images j_button2_right.png
2012.08.10 16:53 B C:\inetpub\wwwroot\templates\templatename\images\kronoslogo.png --> ftp3.ftptoyoursite.com /web/content/templates/templates/templatename/images kronoslogo.png
2012.08.10 16:53 B C:\inetpub\wwwroot\templates\templatename\images\logobg.png --> ftp3.ftptoyoursite.com /web/content/templates/templates/templatename/images logobg.png
2012.08.10 16:53 B C:\inetpub\wwwroot\templates\templatename\images\menuWhiteBG.png --> ftp3.ftptoyoursite.com /web/content/templates/templates/templatename/images menuWhiteBG.png
2012.08.10 16:53 B C:\inetpub\wwwroot\templates\templatename\images\mmActive.png --> ftp3.ftptoyoursite.com /web/content/templates/templates/templatename/images mmActive.png
2012.08.10 16:53 B C:\inetpub\wwwroot\templates\templatename\images\mmItem.png --> ftp3.ftptoyoursite.com /web/content/templates/templates/templatename/images mmItem.png
2012.08.10 16:53 B C:\inetpub\wwwroot\templates\templatename\images\notice-alert.png --> ftp3.ftptoyoursite.com /web/content/templates/templates/templatename/images notice-alert.png
2012.08.10 16:53 B C:\inetpub\wwwroot\templates\templatename\images\notice-download.png --> ftp3.ftptoyoursite.com /web/content/templates/templates/templatename/images notice-download.png
2012.08.10 16:53 B C:\inetpub\wwwroot\templates\templatename\images\notice-info.png --> ftp3.ftptoyoursite.com /web/content/templates/templates/templatename/images notice-info.png
2012.08.10 16:53 B C:\inetpub\wwwroot\templates\templatename\images\notice-note.png --> ftp3.ftptoyoursite.com /web/content/templates/templates/templatename/images notice-note.png
2012.08.10 16:53 B C:\inetpub\wwwroot\templates\templatename\images\readmore.png --> ftp3.ftptoyoursite.com /web/content/templates/templates/templatename/images readmore.png
2012.08.10 16:53 B C:\inetpub\wwwroot\templates\templatename\images\searchBtn.png --> ftp3.ftptoyoursite.com /web/content/templates/templates/templatename/images searchBtn.png
2012.08.10 16:53 B C:\inetpub\wwwroot\templates\templatename\images\selector-arrow.png --> ftp3.ftptoyoursite.com /web/content/templates/templates/templatename/images selector-arrow.png
2012.08.10 16:53 B C:\inetpub\wwwroot\templates\templatename\images\spacer.png --> ftp3.ftptoyoursite.com /web/content/templates/templates/templatename/images spacer.png
2012.08.10 16:53 B C:\inetpub\wwwroot\templates\templatename\images\textareaInputBG.png --> ftp3.ftptoyoursite.com /web/content/templates/templates/templatename/images textareaInputBG.png
2012.08.10 16:53 B C:\inetpub\wwwroot\templates\templatename\images\textInputBG.png --> ftp3.ftptoyoursite.com /web/content/templates/templates/templatename/images textInputBG.png
2012.08.10 16:53 B C:\inetpub\wwwroot\templates\templatename\images\titlebg.png --> ftp3.ftptoyoursite.com /web/content/templates/templates/templatename/images titlebg.png
2012.08.10 16:53 B C:\inetpub\wwwroot\templates\templatename\images\transparent.gif --> ftp3.ftptoyoursite.com /web/content/templates/templates/templatename/images transparent.gif
2012.08.10 16:53 B C:\inetpub\wwwroot\templates\templatename\images\WS_FTP.LOG --> ftp3.ftptoyoursite.com /web/content/templates/templates/templatename/images WS_FTP.LOG
2012.09.04 10:58 B C:\inetpub\wwwroot\templates\templatename\images\arrow.png --> ftp3.ftptoyoursite.com /web/content/SITE-TEST/templates/templatename/images arrow.png
2012.09.04 10:58 B C:\inetpub\wwwroot\templates\templatename\images\buttonbg_hover.png --> ftp3.ftptoyoursite.com /web/content/SITE-TEST/templates/templatename/images buttonbg_hover.png
2012.09.04 10:58 B C:\inetpub\wwwroot\templates\templatename\images\calendar.png --> ftp3.ftptoyoursite.com /web/content/SITE-TEST/templates/templatename/images calendar.png
2012.09.04 10:58 B C:\inetpub\wwwroot\templates\templatename\images\contentbg.png --> ftp3.ftptoyoursite.com /web/content/SITE-TEST/templates/templatename/images contentbg.png
2012.09.04 10:58 B C:\inetpub\wwwroot\templates\templatename\images\featuredbg.png --> ftp3.ftptoyoursite.com /web/content/SITE-TEST/templates/templatename/images featuredbg.png
2012.09.04 10:58 B C:\inetpub\wwwroot\templates\templatename\images\footerLogo.png --> ftp3.ftptoyoursite.com /web/content/SITE-TEST/templates/templatename/images footerLogo.png
2012.09.04 10:58 B C:\inetpub\wwwroot\templates\templatename\images\greenCircleArrows.png --> ftp3.ftptoyoursite.com /web/content/SITE-TEST/templates/templatename/images greenCircleArrows.png
2012.09.04 10:58 B C:\inetpub\wwwroot\templates\templatename\images\headerbg.png --> ftp3.ftptoyoursite.com /web/content/SITE-TEST/templates/templatename/images headerbg.png
2012.09.04 10:58 B C:\inetpub\wwwroot\templates\templatename\images\hoverbg.png --> ftp3.ftptoyoursite.com /web/content/SITE-TEST/templates/templatename/images hoverbg.png
2012.09.04 10:58 B C:\inetpub\wwwroot\templates\templatename\images\in-findrepbtn.png --> ftp3.ftptoyoursite.com /web/content/SITE-TEST/templates/templatename/images in-findrepbtn.png
2012.09.04 10:58 B C:\inetpub\wwwroot\templates\templatename\images\index.html --> ftp3.ftptoyoursite.com /web/content/SITE-TEST/templates/templatename/images index.html
2012.09.04 10:58 B C:\inetpub\wwwroot\templates\templatename\images\j_button2_blank.png --> ftp3.ftptoyoursite.com /web/content/SITE-TEST/templates/templatename/images j_button2_blank.png
2012.09.04 10:58 B C:\inetpub\wwwroot\templates\templatename\images\j_button2_image.png --> ftp3.ftptoyoursite.com /web/content/SITE-TEST/templates/templatename/images j_button2_image.png
2012.09.04 10:58 B C:\inetpub\wwwroot\templates\templatename\images\j_button2_left.png --> ftp3.ftptoyoursite.com /web/content/SITE-TEST/templates/templatename/images j_button2_left.png
2012.09.04 10:58 B C:\inetpub\wwwroot\templates\templatename\images\j_button2_pagebreak.png --> ftp3.ftptoyoursite.com /web/content/SITE-TEST/templates/templatename/images j_button2_pagebreak.png
2012.09.04 10:58 B C:\inetpub\wwwroot\templates\templatename\images\j_button2_readmore.png --> ftp3.ftptoyoursite.com /web/content/SITE-TEST/templates/templatename/images j_button2_readmore.png
2012.09.04 10:58 B C:\inetpub\wwwroot\templates\templatename\images\j_button2_right.png --> ftp3.ftptoyoursite.com /web/content/SITE-TEST/templates/templatename/images j_button2_right.png
2012.09.04 10:58 B C:\inetpub\wwwroot\templates\templatename\images\kronoslogo.png --> ftp3.ftptoyoursite.com /web/content/SITE-TEST/templates/templatename/images kronoslogo.png
2012.09.04 10:58 B C:\inetpub\wwwroot\templates\templatename\images\logobg.png --> ftp3.ftptoyoursite.com /web/content/SITE-TEST/templates/templatename/images logobg.png
2012.09.04 10:58 B C:\inetpub\wwwroot\templates\templatename\images\menuWhiteBG.png --> ftp3.ftptoyoursite.com /web/content/SITE-TEST/templates/templatename/images menuWhiteBG.png
2012.09.04 10:58 B C:\inetpub\wwwroot\templates\templatename\images\mmActive.png --> ftp3.ftptoyoursite.com /web/content/SITE-TEST/templates/templatename/images mmActive.png
2012.09.04 10:58 B C:\inetpub\wwwroot\templates\templatename\images\mmItem.png --> ftp3.ftptoyoursite.com /web/content/SITE-TEST/templates/templatename/images mmItem.png
2012.09.04 10:58 B C:\inetpub\wwwroot\templates\templatename\images\notice-alert.png --> ftp3.ftptoyoursite.com /web/content/SITE-TEST/templates/templatename/images notice-alert.png
2012.09.04 10:58 B C:\inetpub\wwwroot\templates\templatename\images\notice-download.png --> ftp3.ftptoyoursite.com /web/content/SITE-TEST/templates/templatename/images notice-download.png
2012.09.04 10:58 B C:\inetpub\wwwroot\templates\templatename\images\notice-info.png --> ftp3.ftptoyoursite.com /web/content/SITE-TEST/templates/templatename/images notice-info.png
2012.09.04 10:58 B C:\inetpub\wwwroot\templates\templatename\images\notice-note.png --> ftp3.ftptoyoursite.com /web/content/SITE-TEST/templates/templatename/images notice-note.png
2012.09.04 10:58 B C:\inetpub\wwwroot\templates\templatename\images\readmore.png --> ftp3.ftptoyoursite.com /web/content/SITE-TEST/templates/templatename/images readmore.png
2012.09.04 10:58 B C:\inetpub\wwwroot\templates\templatename\images\searchBtn.png --> ftp3.ftptoyoursite.com /web/content/SITE-TEST/templates/templatename/images searchBtn.png
2012.09.04 10:58 B C:\inetpub\wwwroot\templates\templatename\images\selector-arrow.png --> ftp3.ftptoyoursite.com /web/content/SITE-TEST/templates/templatename/images selector-arrow.png
2012.09.04 10:58 B C:\inetpub\wwwroot\templates\templatename\images\spacer.png --> ftp3.ftptoyoursite.com /web/content/SITE-TEST/templates/templatename/images spacer.png
2012.09.04 10:58 B C:\inetpub\wwwroot\templates\templatename\images\textareaInputBG.png --> ftp3.ftptoyoursite.com /web/content/SITE-TEST/templates/templatename/images textareaInputBG.png
2012.09.04 10:58 B C:\inetpub\wwwroot\templates\templatename\images\textInputBG.png --> ftp3.ftptoyoursite.com /web/content/SITE-TEST/templates/templatename/images textInputBG.png
2012.09.04 10:58 B C:\inetpub\wwwroot\templates\templatename\images\titlebg.png --> ftp3.ftptoyoursite.com /web/content/SITE-TEST/templates/templatename/images titlebg.png
2012.09.04 10:58 B C:\inetpub\wwwroot\templates\templatename\images\transparent.gif --> ftp3.ftptoyoursite.com /web/content/SITE-TEST/templates/templatename/images transparent.gif
2012.09.04 10:58 B C:\inetpub\wwwroot\templates\templatename\images\WS_FTP.LOG --> ftp3.ftptoyoursite.com /web/content/SITE-TEST/templates/templatename/images WS_FTP.LOG
2012.09.06 15:16 B C:\inetpub\wwwroot\templates\templatename\images\arrow.png --> ftp3.ftptoyoursite.com /web/content/SITEBACKUP_962012/templates/templatename/images arrow.png
2012.09.06 15:16 B C:\inetpub\wwwroot\templates\templatename\images\buttonbg_hover.png --> ftp3.ftptoyoursite.com /web/content/SITEBACKUP_962012/templates/templatename/images buttonbg_hover.png
2012.09.06 15:16 B C:\inetpub\wwwroot\templates\templatename\images\calendar.png --> ftp3.ftptoyoursite.com /web/content/SITEBACKUP_962012/templates/templatename/images calendar.png
2012.09.06 15:16 B C:\inetpub\wwwroot\templates\templatename\images\contentbg.png --> ftp3.ftptoyoursite.com /web/content/SITEBACKUP_962012/templates/templatename/images contentbg.png
2012.09.06 15:16 B C:\inetpub\wwwroot\templates\templatename\images\featuredbg.png --> ftp3.ftptoyoursite.com /web/content/SITEBACKUP_962012/templates/templatename/images featuredbg.png
2012.09.06 15:16 B C:\inetpub\wwwroot\templates\templatename\images\footerLogo.png --> ftp3.ftptoyoursite.com /web/content/SITEBACKUP_962012/templates/templatename/images footerLogo.png
2012.09.06 15:16 B C:\inetpub\wwwroot\templates\templatename\images\greenCircleArrows.png --> ftp3.ftptoyoursite.com /web/content/SITEBACKUP_962012/templates/templatename/images greenCircleArrows.png
2012.09.06 15:16 B C:\inetpub\wwwroot\templates\templatename\images\headerbg.png --> ftp3.ftptoyoursite.com /web/content/SITEBACKUP_962012/templates/templatename/images headerbg.png
2012.09.06 15:16 B C:\inetpub\wwwroot\templates\templatename\images\hoverbg.png --> ftp3.ftptoyoursite.com /web/content/SITEBACKUP_962012/templates/templatename/images hoverbg.png
2012.09.06 15:16 B C:\inetpub\wwwroot\templates\templatename\images\in-findrepbtn.png --> ftp3.ftptoyoursite.com /web/content/SITEBACKUP_962012/templates/templatename/images in-findrepbtn.png
2012.09.06 15:16 B C:\inetpub\wwwroot\templates\templatename\images\index.html --> ftp3.ftptoyoursite.com /web/content/SITEBACKUP_962012/templates/templatename/images index.html
2012.09.06 15:16 B C:\inetpub\wwwroot\templates\templatename\images\j_button2_blank.png --> ftp3.ftptoyoursite.com /web/content/SITEBACKUP_962012/templates/templatename/images j_button2_blank.png
2012.09.06 15:16 B C:\inetpub\wwwroot\templates\templatename\images\j_button2_image.png --> ftp3.ftptoyoursite.com /web/content/SITEBACKUP_962012/templates/templatename/images j_button2_image.png
2012.09.06 15:16 B C:\inetpub\wwwroot\templates\templatename\images\j_button2_left.png --> ftp3.ftptoyoursite.com /web/content/SITEBACKUP_962012/templates/templatename/images j_button2_left.png
2012.09.06 15:16 B C:\inetpub\wwwroot\templates\templatename\images\j_button2_pagebreak.png --> ftp3.ftptoyoursite.com /web/content/SITEBACKUP_962012/templates/templatename/images j_button2_pagebreak.png
2012.09.06 15:16 B C:\inetpub\wwwroot\templates\templatename\images\j_button2_readmore.png --> ftp3.ftptoyoursite.com /web/content/SITEBACKUP_962012/templates/templatename/images j_button2_readmore.png
2012.09.06 15:16 B C:\inetpub\wwwroot\templates\templatename\images\j_button2_right.png --> ftp3.ftptoyoursite.com /web/content/SITEBACKUP_962012/templates/templatename/images j_button2_right.png
2012.09.06 15:16 B C:\inetpub\wwwroot\templates\templatename\images\kronoslogo.png --> ftp3.ftptoyoursite.com /web/content/SITEBACKUP_962012/templates/templatename/images kronoslogo.png
2012.09.06 15:16 B C:\inetpub\wwwroot\templates\templatename\images\logobg.png --> ftp3.ftptoyoursite.com /web/content/SITEBACKUP_962012/templates/templatename/images logobg.png
2012.09.06 15:16 B C:\inetpub\wwwroot\templates\templatename\images\menuWhiteBG.png --> ftp3.ftptoyoursite.com /web/content/SITEBACKUP_962012/templates/templatename/images menuWhiteBG.png
2012.09.06 15:16 B C:\inetpub\wwwroot\templates\templatename\images\mmActive.png --> ftp3.ftptoyoursite.com /web/content/SITEBACKUP_962012/templates/templatename/images mmActive.png
2012.09.06 15:16 B C:\inetpub\wwwroot\templates\templatename\images\mmItem.png --> ftp3.ftptoyoursite.com /web/content/SITEBACKUP_962012/templates/templatename/images mmItem.png
2012.09.06 15:16 B C:\inetpub\wwwroot\templates\templatename\images\notice-alert.png --> ftp3.ftptoyoursite.com /web/content/SITEBACKUP_962012/templates/templatename/images notice-alert.png
2012.09.06 15:16 B C:\inetpub\wwwroot\templates\templatename\images\notice-download.png --> ftp3.ftptoyoursite.com /web/content/SITEBACKUP_962012/templates/templatename/images notice-download.png
2012.09.06 15:16 B C:\inetpub\wwwroot\templates\templatename\images\notice-info.png --> ftp3.ftptoyoursite.com /web/content/SITEBACKUP_962012/templates/templatename/images notice-info.png
2012.09.06 15:16 B C:\inetpub\wwwroot\templates\templatename\images\notice-note.png --> ftp3.ftptoyoursite.com /web/content/SITEBACKUP_962012/templates/templatename/images notice-note.png
2012.09.06 15:16 B C:\inetpub\wwwroot\templates\templatename\images\readmore.png --> ftp3.ftptoyoursite.com /web/content/SITEBACKUP_962012/templates/templatename/images readmore.png
2012.09.06 15:16 B C:\inetpub\wwwroot\templates\templatename\images\searchBtn.png --> ftp3.ftptoyoursite.com /web/content/SITEBACKUP_962012/templates/templatename/images searchBtn.png
2012.09.06 15:16 B C:\inetpub\wwwroot\templates\templatename\images\selector-arrow.png --> ftp3.ftptoyoursite.com /web/content/SITEBACKUP_962012/templates/templatename/images selector-arrow.png
2012.09.06 15:16 B C:\inetpub\wwwroot\templates\templatename\images\spacer.png --> ftp3.ftptoyoursite.com /web/content/SITEBACKUP_962012/templates/templatename/images spacer.png
2012.09.06 15:16 B C:\inetpub\wwwroot\templates\templatename\images\textareaInputBG.png --> ftp3.ftptoyoursite.com /web/content/SITEBACKUP_962012/templates/templatename/images textareaInputBG.png
2012.09.06 15:16 B C:\inetpub\wwwroot\templates\templatename\images\textInputBG.png --> ftp3.ftptoyoursite.com /web/content/SITEBACKUP_962012/templates/templatename/images textInputBG.png
2012.09.06 15:16 B C:\inetpub\wwwroot\templates\templatename\images\titlebg.png --> ftp3.ftptoyoursite.com /web/content/SITEBACKUP_962012/templates/templatename/images titlebg.png
2012.09.06 15:16 B C:\inetpub\wwwroot\templates\templatename\images\transparent.gif --> ftp3.ftptoyoursite.com /web/content/SITEBACKUP_962012/templates/templatename/images transparent.gif
2012.09.06 15:16 B C:\inetpub\wwwroot\templates\templatename\images\WS_FTP.LOG --> ftp3.ftptoyoursite.com /web/content/SITEBACKUP_962012/templates/templatename/images WS_FTP.LOG
2012.09.28 16:00 B C:\inetpub\wwwroot\templates\templatename\images\featuredbg.jpg <-- Schubert Rackspace /web/content/templates/templatename/images featuredbg.jpg
2012.09.28 16:00 B C:\inetpub\wwwroot\templates\templatename\images\headerbg.jpg <-- Schubert Rackspace /web/content/templates/templatename/images headerbg.jpg
2012.10.23 09:19 B C:\inetpub\wwwroot\templates\templatename\images\arrow.png --> ftp3.ftptoyoursite.com /web/content/templates/templatename/images arrow.png
2012.10.23 09:19 B C:\inetpub\wwwroot\templates\templatename\images\buttonbg_hover.png --> ftp3.ftptoyoursite.com /web/content/templates/templatename/images buttonbg_hover.png
2012.10.23 09:19 B C:\inetpub\wwwroot\templates\templatename\images\calendar.png --> ftp3.ftptoyoursite.com /web/content/templates/templatename/images calendar.png
2012.10.23 09:19 B C:\inetpub\wwwroot\templates\templatename\images\contentbg.png --> ftp3.ftptoyoursite.com /web/content/templates/templatename/images contentbg.png
2012.10.23 09:19 B C:\inetpub\wwwroot\templates\templatename\images\featuredbg.jpg --> ftp3.ftptoyoursite.com /web/content/templates/templatename/images featuredbg.jpg
2012.10.23 09:19 B C:\inetpub\wwwroot\templates\templatename\images\featuredbg.png --> ftp3.ftptoyoursite.com /web/content/templates/templatename/images featuredbg.png
2012.10.23 09:19 B C:\inetpub\wwwroot\templates\templatename\images\footerLogo.png --> ftp3.ftptoyoursite.com /web/content/templates/templatename/images footerLogo.png
2012.10.23 09:19 B C:\inetpub\wwwroot\templates\templatename\images\greenCircleArrows.png --> ftp3.ftptoyoursite.com /web/content/templates/templatename/images greenCircleArrows.png
2012.10.23 09:19 B C:\inetpub\wwwroot\templates\templatename\images\headerbg.jpg --> ftp3.ftptoyoursite.com /web/content/templates/templatename/images headerbg.jpg
2012.10.23 09:19 B C:\inetpub\wwwroot\templates\templatename\images\headerbg.png --> ftp3.ftptoyoursite.com /web/content/templates/templatename/images headerbg.png
2012.10.23 09:19 B C:\inetpub\wwwroot\templates\templatename\images\hoverbg.png --> ftp3.ftptoyoursite.com /web/content/templates/templatename/images hoverbg.png
2012.10.23 09:19 B C:\inetpub\wwwroot\templates\templatename\images\in-findrepbtn.png --> ftp3.ftptoyoursite.com /web/content/templates/templatename/images in-findrepbtn.png
2012.10.23 09:19 B C:\inetpub\wwwroot\templates\templatename\images\index.html --> ftp3.ftptoyoursite.com /web/content/templates/templatename/images index.html
2012.10.23 09:19 B C:\inetpub\wwwroot\templates\templatename\images\j_button2_blank.png --> ftp3.ftptoyoursite.com /web/content/templates/templatename/images j_button2_blank.png
2012.10.23 09:19 B C:\inetpub\wwwroot\templates\templatename\images\j_button2_image.png --> ftp3.ftptoyoursite.com /web/content/templates/templatename/images j_button2_image.png
2012.10.23 09:19 B C:\inetpub\wwwroot\templates\templatename\images\j_button2_left.png --> ftp3.ftptoyoursite.com /web/content/templates/templatename/images j_button2_left.png
2012.10.23 09:19 B C:\inetpub\wwwroot\templates\templatename\images\j_button2_pagebreak.png --> ftp3.ftptoyoursite.com /web/content/templates/templatename/images j_button2_pagebreak.png
2012.10.23 09:19 B C:\inetpub\wwwroot\templates\templatename\images\j_button2_readmore.png --> ftp3.ftptoyoursite.com /web/content/templates/templatename/images j_button2_readmore.png
2012.10.23 09:19 B C:\inetpub\wwwroot\templates\templatename\images\j_button2_right.png --> ftp3.ftptoyoursite.com /web/content/templates/templatename/images j_button2_right.png
2012.10.23 09:19 B C:\inetpub\wwwroot\templates\templatename\images\kronoslogo.png --> ftp3.ftptoyoursite.com /web/content/templates/templatename/images kronoslogo.png
2012.10.23 09:19 B C:\inetpub\wwwroot\templates\templatename\images\logobg.png --> ftp3.ftptoyoursite.com /web/content/templates/templatename/images logobg.png
2012.10.23 09:19 B C:\inetpub\wwwroot\templates\templatename\images\menuWhiteBG.png --> ftp3.ftptoyoursite.com /web/content/templates/templatename/images menuWhiteBG.png
2012.10.23 09:19 B C:\inetpub\wwwroot\templates\templatename\images\mmActive.png --> ftp3.ftptoyoursite.com /web/content/templates/templatename/images mmActive.png
2012.10.23 09:19 B C:\inetpub\wwwroot\templates\templatename\images\mmItem.png --> ftp3.ftptoyoursite.com /web/content/templates/templatename/images mmItem.png
2012.10.23 09:19 B C:\inetpub\wwwroot\templates\templatename\images\notice-alert.png --> ftp3.ftptoyoursite.com /web/content/templates/templatename/images notice-alert.png
2012.10.23 09:19 B C:\inetpub\wwwroot\templates\templatename\images\notice-download.png --> ftp3.ftptoyoursite.com /web/content/templates/templatename/images notice-download.png
2012.10.23 09:19 B C:\inetpub\wwwroot\templates\templatename\images\notice-info.png --> ftp3.ftptoyoursite.com /web/content/templates/templatename/images notice-info.png
2012.10.23 09:19 B C:\inetpub\wwwroot\templates\templatename\images\notice-note.png --> ftp3.ftptoyoursite.com /web/content/templates/templatename/images notice-note.png
2012.10.23 09:19 B C:\inetpub\wwwroot\templates\templatename\images\readmore.png --> ftp3.ftptoyoursite.com /web/content/templates/templatename/images readmore.png
2012.10.23 09:19 B C:\inetpub\wwwroot\templates\templatename\images\searchBtn.png --> ftp3.ftptoyoursite.com /web/content/templates/templatename/images searchBtn.png
2012.10.23 09:19 B C:\inetpub\wwwroot\templates\templatename\images\selector-arrow.png --> ftp3.ftptoyoursite.com /web/content/templates/templatename/images selector-arrow.png
2012.10.23 09:19 B C:\inetpub\wwwroot\templates\templatename\images\spacer.png --> ftp3.ftptoyoursite.com /web/content/templates/templatename/images spacer.png
2012.10.23 09:19 B C:\inetpub\wwwroot\templates\templatename\images\textareaInputBG.png --> ftp3.ftptoyoursite.com /web/content/templates/templatename/images textareaInputBG.png
2012.10.23 09:19 B C:\inetpub\wwwroot\templates\templatename\images\textInputBG.png --> ftp3.ftptoyoursite.com /web/content/templates/templatename/images textInputBG.png
2012.10.23 09:19 B C:\inetpub\wwwroot\templates\templatename\images\titlebg.png --> ftp3.ftptoyoursite.com /web/content/templates/templatename/images titlebg.png
2012.10.23 09:19 B C:\inetpub\wwwroot\templates\templatename\images\transparent.gif --> ftp3.ftptoyoursite.com /web/content/templates/templatename/images transparent.gif
2012.10.23 09:19 B C:\inetpub\wwwroot\templates\templatename\images\WS_FTP.LOG --> ftp3.ftptoyoursite.com /web/content/templates/templatename/images WS_FTP.LOG
2013.02.01 15:05 B C:\inetpub\wwwroot\templates\templatename\images\WS_FTP.LOG <-- Schubert Rackspace /web/content/templates/templatename/images WS_FTP.LOG
