2012.07.25 12:19 B C:\Users\COBRIEN\Desktop\Schubert\modules\mod_PlimunNivoSlider\fonts\bebas-neue-fontfacekit\BebasNeue-webfont.eot <-- Schubert Rackspace /web/content/modules/mod_PlimunNivoSlider/fonts/bebas-neue-fontfacekit BebasNeue-webfont.eot
2012.07.25 12:19 B C:\Users\COBRIEN\Desktop\Schubert\modules\mod_PlimunNivoSlider\fonts\bebas-neue-fontfacekit\BebasNeue-webfont.svg <-- Schubert Rackspace /web/content/modules/mod_PlimunNivoSlider/fonts/bebas-neue-fontfacekit BebasNeue-webfont.svg
2012.07.25 12:19 B C:\Users\COBRIEN\Desktop\Schubert\modules\mod_PlimunNivoSlider\fonts\bebas-neue-fontfacekit\BebasNeue-webfont.ttf <-- Schubert Rackspace /web/content/modules/mod_PlimunNivoSlider/fonts/bebas-neue-fontfacekit BebasNeue-webfont.ttf
2012.07.25 12:19 B C:\Users\COBRIEN\Desktop\Schubert\modules\mod_PlimunNivoSlider\fonts\bebas-neue-fontfacekit\BebasNeue-webfont.woff <-- Schubert Rackspace /web/content/modules/mod_PlimunNivoSlider/fonts/bebas-neue-fontfacekit BebasNeue-webfont.woff
2012.07.25 12:19 B C:\Users\COBRIEN\Desktop\Schubert\modules\mod_PlimunNivoSlider\fonts\bebas-neue-fontfacekit\index.html <-- Schubert Rackspace /web/content/modules/mod_PlimunNivoSlider/fonts/bebas-neue-fontfacekit index.html
2012.09.04 10:56 B C:\inetpub\wwwroot\modules\mod_PlimunNivoSlider\fonts\bebas-neue-fontfacekit\BebasNeue-webfont.eot --> ftp3.ftptoyoursite.com /web/content/SITE-TEST/modules/mod_PlimunNivoSlider/fonts/bebas-neue-fontfacekit BebasNeue-webfont.eot
2012.09.04 10:56 B C:\inetpub\wwwroot\modules\mod_PlimunNivoSlider\fonts\bebas-neue-fontfacekit\BebasNeue-webfont.svg --> ftp3.ftptoyoursite.com /web/content/SITE-TEST/modules/mod_PlimunNivoSlider/fonts/bebas-neue-fontfacekit BebasNeue-webfont.svg
2012.09.04 10:56 B C:\inetpub\wwwroot\modules\mod_PlimunNivoSlider\fonts\bebas-neue-fontfacekit\BebasNeue-webfont.ttf --> ftp3.ftptoyoursite.com /web/content/SITE-TEST/modules/mod_PlimunNivoSlider/fonts/bebas-neue-fontfacekit BebasNeue-webfont.ttf
2012.09.04 10:56 B C:\inetpub\wwwroot\modules\mod_PlimunNivoSlider\fonts\bebas-neue-fontfacekit\BebasNeue-webfont.woff --> ftp3.ftptoyoursite.com /web/content/SITE-TEST/modules/mod_PlimunNivoSlider/fonts/bebas-neue-fontfacekit BebasNeue-webfont.woff
2012.09.04 10:56 B C:\inetpub\wwwroot\modules\mod_PlimunNivoSlider\fonts\bebas-neue-fontfacekit\index.html --> ftp3.ftptoyoursite.com /web/content/SITE-TEST/modules/mod_PlimunNivoSlider/fonts/bebas-neue-fontfacekit index.html
2012.09.04 10:56 B C:\inetpub\wwwroot\modules\mod_PlimunNivoSlider\fonts\bebas-neue-fontfacekit\WS_FTP.LOG --> ftp3.ftptoyoursite.com /web/content/SITE-TEST/modules/mod_PlimunNivoSlider/fonts/bebas-neue-fontfacekit WS_FTP.LOG
2012.09.06 15:15 B C:\inetpub\wwwroot\modules\mod_PlimunNivoSlider\fonts\bebas-neue-fontfacekit\BebasNeue-webfont.eot --> ftp3.ftptoyoursite.com /web/content/SITEBACKUP_962012/modules/mod_PlimunNivoSlider/fonts/bebas-neue-fontfacekit BebasNeue-webfont.eot
2012.09.06 15:15 B C:\inetpub\wwwroot\modules\mod_PlimunNivoSlider\fonts\bebas-neue-fontfacekit\BebasNeue-webfont.svg --> ftp3.ftptoyoursite.com /web/content/SITEBACKUP_962012/modules/mod_PlimunNivoSlider/fonts/bebas-neue-fontfacekit BebasNeue-webfont.svg
2012.09.06 15:15 B C:\inetpub\wwwroot\modules\mod_PlimunNivoSlider\fonts\bebas-neue-fontfacekit\BebasNeue-webfont.ttf --> ftp3.ftptoyoursite.com /web/content/SITEBACKUP_962012/modules/mod_PlimunNivoSlider/fonts/bebas-neue-fontfacekit BebasNeue-webfont.ttf
2012.09.06 15:15 B C:\inetpub\wwwroot\modules\mod_PlimunNivoSlider\fonts\bebas-neue-fontfacekit\BebasNeue-webfont.woff --> ftp3.ftptoyoursite.com /web/content/SITEBACKUP_962012/modules/mod_PlimunNivoSlider/fonts/bebas-neue-fontfacekit BebasNeue-webfont.woff
2012.09.06 15:15 B C:\inetpub\wwwroot\modules\mod_PlimunNivoSlider\fonts\bebas-neue-fontfacekit\index.html --> ftp3.ftptoyoursite.com /web/content/SITEBACKUP_962012/modules/mod_PlimunNivoSlider/fonts/bebas-neue-fontfacekit index.html
2012.09.06 15:15 B C:\inetpub\wwwroot\modules\mod_PlimunNivoSlider\fonts\bebas-neue-fontfacekit\WS_FTP.LOG --> ftp3.ftptoyoursite.com /web/content/SITEBACKUP_962012/modules/mod_PlimunNivoSlider/fonts/bebas-neue-fontfacekit WS_FTP.LOG
2012.10.23 09:17 B C:\inetpub\wwwroot\modules\mod_PlimunNivoSlider\fonts\bebas-neue-fontfacekit\BebasNeue-webfont.eot --> ftp3.ftptoyoursite.com /web/content/modules/mod_PlimunNivoSlider/fonts/bebas-neue-fontfacekit BebasNeue-webfont.eot
2012.10.23 09:17 B C:\inetpub\wwwroot\modules\mod_PlimunNivoSlider\fonts\bebas-neue-fontfacekit\BebasNeue-webfont.svg --> ftp3.ftptoyoursite.com /web/content/modules/mod_PlimunNivoSlider/fonts/bebas-neue-fontfacekit BebasNeue-webfont.svg
2012.10.23 09:17 B C:\inetpub\wwwroot\modules\mod_PlimunNivoSlider\fonts\bebas-neue-fontfacekit\BebasNeue-webfont.ttf --> ftp3.ftptoyoursite.com /web/content/modules/mod_PlimunNivoSlider/fonts/bebas-neue-fontfacekit BebasNeue-webfont.ttf
2012.10.23 09:17 B C:\inetpub\wwwroot\modules\mod_PlimunNivoSlider\fonts\bebas-neue-fontfacekit\BebasNeue-webfont.woff --> ftp3.ftptoyoursite.com /web/content/modules/mod_PlimunNivoSlider/fonts/bebas-neue-fontfacekit BebasNeue-webfont.woff
2012.10.23 09:17 B C:\inetpub\wwwroot\modules\mod_PlimunNivoSlider\fonts\bebas-neue-fontfacekit\index.html --> ftp3.ftptoyoursite.com /web/content/modules/mod_PlimunNivoSlider/fonts/bebas-neue-fontfacekit index.html
2012.10.23 09:17 B C:\inetpub\wwwroot\modules\mod_PlimunNivoSlider\fonts\bebas-neue-fontfacekit\WS_FTP.LOG --> ftp3.ftptoyoursite.com /web/content/modules/mod_PlimunNivoSlider/fonts/bebas-neue-fontfacekit WS_FTP.LOG
2013.02.01 15:03 B C:\inetpub\wwwroot\modules\mod_PlimunNivoSlider\fonts\bebas-neue-fontfacekit\WS_FTP.LOG <-- Schubert Rackspace /web/content/modules/mod_PlimunNivoSlider/fonts/bebas-neue-fontfacekit WS_FTP.LOG
