2012.07.25 12:19 B C:\Users\COBRIEN\Desktop\Schubert\media\mod_languages\images\af.gif <-- Schubert Rackspace /web/content/media/mod_languages/images af.gif
2012.07.25 12:19 B C:\Users\COBRIEN\Desktop\Schubert\media\mod_languages\images\ar.gif <-- Schubert Rackspace /web/content/media/mod_languages/images ar.gif
2012.07.25 12:19 B C:\Users\COBRIEN\Desktop\Schubert\media\mod_languages\images\at.gif <-- Schubert Rackspace /web/content/media/mod_languages/images at.gif
2012.07.25 12:19 B C:\Users\COBRIEN\Desktop\Schubert\media\mod_languages\images\az.gif <-- Schubert Rackspace /web/content/media/mod_languages/images az.gif
2012.07.25 12:19 B C:\Users\COBRIEN\Desktop\Schubert\media\mod_languages\images\be.gif <-- Schubert Rackspace /web/content/media/mod_languages/images be.gif
2012.07.25 12:19 B C:\Users\COBRIEN\Desktop\Schubert\media\mod_languages\images\bg.gif <-- Schubert Rackspace /web/content/media/mod_languages/images bg.gif
2012.07.25 12:19 B C:\Users\COBRIEN\Desktop\Schubert\media\mod_languages\images\bn.gif <-- Schubert Rackspace /web/content/media/mod_languages/images bn.gif
2012.07.25 12:19 B C:\Users\COBRIEN\Desktop\Schubert\media\mod_languages\images\br.gif <-- Schubert Rackspace /web/content/media/mod_languages/images br.gif
2012.07.25 12:19 B C:\Users\COBRIEN\Desktop\Schubert\media\mod_languages\images\bs.gif <-- Schubert Rackspace /web/content/media/mod_languages/images bs.gif
2012.07.25 12:19 B C:\Users\COBRIEN\Desktop\Schubert\media\mod_languages\images\ca.gif <-- Schubert Rackspace /web/content/media/mod_languages/images ca.gif
2012.07.25 12:19 B C:\Users\COBRIEN\Desktop\Schubert\media\mod_languages\images\ch.gif <-- Schubert Rackspace /web/content/media/mod_languages/images ch.gif
2012.07.25 12:19 B C:\Users\COBRIEN\Desktop\Schubert\media\mod_languages\images\cy.gif <-- Schubert Rackspace /web/content/media/mod_languages/images cy.gif
2012.07.25 12:19 B C:\Users\COBRIEN\Desktop\Schubert\media\mod_languages\images\cz.gif <-- Schubert Rackspace /web/content/media/mod_languages/images cz.gif
2012.07.25 12:19 B C:\Users\COBRIEN\Desktop\Schubert\media\mod_languages\images\da.gif <-- Schubert Rackspace /web/content/media/mod_languages/images da.gif
2012.07.25 12:19 B C:\Users\COBRIEN\Desktop\Schubert\media\mod_languages\images\de.gif <-- Schubert Rackspace /web/content/media/mod_languages/images de.gif
2012.07.25 12:19 B C:\Users\COBRIEN\Desktop\Schubert\media\mod_languages\images\de.png <-- Schubert Rackspace /web/content/media/mod_languages/images de.png
2012.07.25 12:19 B C:\Users\COBRIEN\Desktop\Schubert\media\mod_languages\images\dk.gif <-- Schubert Rackspace /web/content/media/mod_languages/images dk.gif
2012.07.25 12:19 B C:\Users\COBRIEN\Desktop\Schubert\media\mod_languages\images\el.gif <-- Schubert Rackspace /web/content/media/mod_languages/images el.gif
2012.07.25 12:19 B C:\Users\COBRIEN\Desktop\Schubert\media\mod_languages\images\en.gif <-- Schubert Rackspace /web/content/media/mod_languages/images en.gif
2012.07.25 12:19 B C:\Users\COBRIEN\Desktop\Schubert\media\mod_languages\images\en.png <-- Schubert Rackspace /web/content/media/mod_languages/images en.png
2012.07.25 12:19 B C:\Users\COBRIEN\Desktop\Schubert\media\mod_languages\images\eo.gif <-- Schubert Rackspace /web/content/media/mod_languages/images eo.gif
2012.07.25 12:19 B C:\Users\COBRIEN\Desktop\Schubert\media\mod_languages\images\es.gif <-- Schubert Rackspace /web/content/media/mod_languages/images es.gif
2012.07.25 12:19 B C:\Users\COBRIEN\Desktop\Schubert\media\mod_languages\images\et.gif <-- Schubert Rackspace /web/content/media/mod_languages/images et.gif
2012.07.25 12:19 B C:\Users\COBRIEN\Desktop\Schubert\media\mod_languages\images\fa.gif <-- Schubert Rackspace /web/content/media/mod_languages/images fa.gif
2012.07.25 12:19 B C:\Users\COBRIEN\Desktop\Schubert\media\mod_languages\images\fi.gif <-- Schubert Rackspace /web/content/media/mod_languages/images fi.gif
2012.07.25 12:19 B C:\Users\COBRIEN\Desktop\Schubert\media\mod_languages\images\fr.gif <-- Schubert Rackspace /web/content/media/mod_languages/images fr.gif
2012.07.25 12:19 B C:\Users\COBRIEN\Desktop\Schubert\media\mod_languages\images\gd.gif <-- Schubert Rackspace /web/content/media/mod_languages/images gd.gif
2012.07.25 12:19 B C:\Users\COBRIEN\Desktop\Schubert\media\mod_languages\images\he.gif <-- Schubert Rackspace /web/content/media/mod_languages/images he.gif
2012.07.25 12:19 B C:\Users\COBRIEN\Desktop\Schubert\media\mod_languages\images\hi.gif <-- Schubert Rackspace /web/content/media/mod_languages/images hi.gif
2012.07.25 12:19 B C:\Users\COBRIEN\Desktop\Schubert\media\mod_languages\images\hk.gif <-- Schubert Rackspace /web/content/media/mod_languages/images hk.gif
2012.07.25 12:19 B C:\Users\COBRIEN\Desktop\Schubert\media\mod_languages\images\hr.gif <-- Schubert Rackspace /web/content/media/mod_languages/images hr.gif
2012.07.25 12:19 B C:\Users\COBRIEN\Desktop\Schubert\media\mod_languages\images\hu.gif <-- Schubert Rackspace /web/content/media/mod_languages/images hu.gif
2012.07.25 12:19 B C:\Users\COBRIEN\Desktop\Schubert\media\mod_languages\images\hy.gif <-- Schubert Rackspace /web/content/media/mod_languages/images hy.gif
2012.07.25 12:19 B C:\Users\COBRIEN\Desktop\Schubert\media\mod_languages\images\id.gif <-- Schubert Rackspace /web/content/media/mod_languages/images id.gif
2012.07.25 12:19 B C:\Users\COBRIEN\Desktop\Schubert\media\mod_languages\images\index.html <-- Schubert Rackspace /web/content/media/mod_languages/images index.html
2012.07.25 12:19 B C:\Users\COBRIEN\Desktop\Schubert\media\mod_languages\images\is.gif <-- Schubert Rackspace /web/content/media/mod_languages/images is.gif
2012.07.25 12:19 B C:\Users\COBRIEN\Desktop\Schubert\media\mod_languages\images\it.gif <-- Schubert Rackspace /web/content/media/mod_languages/images it.gif
2012.07.25 12:19 B C:\Users\COBRIEN\Desktop\Schubert\media\mod_languages\images\ja.gif <-- Schubert Rackspace /web/content/media/mod_languages/images ja.gif
2012.07.25 12:19 B C:\Users\COBRIEN\Desktop\Schubert\media\mod_languages\images\ka.gif <-- Schubert Rackspace /web/content/media/mod_languages/images ka.gif
2012.07.25 12:19 B C:\Users\COBRIEN\Desktop\Schubert\media\mod_languages\images\km.gif <-- Schubert Rackspace /web/content/media/mod_languages/images km.gif
2012.07.25 12:19 B C:\Users\COBRIEN\Desktop\Schubert\media\mod_languages\images\ko.gif <-- Schubert Rackspace /web/content/media/mod_languages/images ko.gif
2012.07.25 12:19 B C:\Users\COBRIEN\Desktop\Schubert\media\mod_languages\images\ku.gif <-- Schubert Rackspace /web/content/media/mod_languages/images ku.gif
2012.07.25 12:19 B C:\Users\COBRIEN\Desktop\Schubert\media\mod_languages\images\lt.gif <-- Schubert Rackspace /web/content/media/mod_languages/images lt.gif
2012.07.25 12:19 B C:\Users\COBRIEN\Desktop\Schubert\media\mod_languages\images\lv.gif <-- Schubert Rackspace /web/content/media/mod_languages/images lv.gif
2012.07.25 12:19 B C:\Users\COBRIEN\Desktop\Schubert\media\mod_languages\images\mk.gif <-- Schubert Rackspace /web/content/media/mod_languages/images mk.gif
2012.07.25 12:19 B C:\Users\COBRIEN\Desktop\Schubert\media\mod_languages\images\mn.gif <-- Schubert Rackspace /web/content/media/mod_languages/images mn.gif
2012.07.25 12:19 B C:\Users\COBRIEN\Desktop\Schubert\media\mod_languages\images\nb.png <-- Schubert Rackspace /web/content/media/mod_languages/images nb.png
2012.07.25 12:19 B C:\Users\COBRIEN\Desktop\Schubert\media\mod_languages\images\nl.gif <-- Schubert Rackspace /web/content/media/mod_languages/images nl.gif
2012.07.25 12:19 B C:\Users\COBRIEN\Desktop\Schubert\media\mod_languages\images\nl.png <-- Schubert Rackspace /web/content/media/mod_languages/images nl.png
2012.07.25 12:19 B C:\Users\COBRIEN\Desktop\Schubert\media\mod_languages\images\no.gif <-- Schubert Rackspace /web/content/media/mod_languages/images no.gif
2012.07.25 12:19 B C:\Users\COBRIEN\Desktop\Schubert\media\mod_languages\images\pl.gif <-- Schubert Rackspace /web/content/media/mod_languages/images pl.gif
2012.07.25 12:19 B C:\Users\COBRIEN\Desktop\Schubert\media\mod_languages\images\ps.gif <-- Schubert Rackspace /web/content/media/mod_languages/images ps.gif
2012.07.25 12:19 B C:\Users\COBRIEN\Desktop\Schubert\media\mod_languages\images\pt.gif <-- Schubert Rackspace /web/content/media/mod_languages/images pt.gif
2012.07.25 12:19 B C:\Users\COBRIEN\Desktop\Schubert\media\mod_languages\images\pt_br.gif <-- Schubert Rackspace /web/content/media/mod_languages/images pt_br.gif
2012.07.25 12:19 B C:\Users\COBRIEN\Desktop\Schubert\media\mod_languages\images\ro.gif <-- Schubert Rackspace /web/content/media/mod_languages/images ro.gif
2012.07.25 12:19 B C:\Users\COBRIEN\Desktop\Schubert\media\mod_languages\images\ru.gif <-- Schubert Rackspace /web/content/media/mod_languages/images ru.gif
2012.07.25 12:19 B C:\Users\COBRIEN\Desktop\Schubert\media\mod_languages\images\sk.gif <-- Schubert Rackspace /web/content/media/mod_languages/images sk.gif
2012.07.25 12:19 B C:\Users\COBRIEN\Desktop\Schubert\media\mod_languages\images\sl.gif <-- Schubert Rackspace /web/content/media/mod_languages/images sl.gif
2012.07.25 12:19 B C:\Users\COBRIEN\Desktop\Schubert\media\mod_languages\images\sr.gif <-- Schubert Rackspace /web/content/media/mod_languages/images sr.gif
2012.07.25 12:19 B C:\Users\COBRIEN\Desktop\Schubert\media\mod_languages\images\sv.gif <-- Schubert Rackspace /web/content/media/mod_languages/images sv.gif
2012.07.25 12:19 B C:\Users\COBRIEN\Desktop\Schubert\media\mod_languages\images\sy.gif <-- Schubert Rackspace /web/content/media/mod_languages/images sy.gif
2012.07.25 12:19 B C:\Users\COBRIEN\Desktop\Schubert\media\mod_languages\images\ta.gif <-- Schubert Rackspace /web/content/media/mod_languages/images ta.gif
2012.07.25 12:19 B C:\Users\COBRIEN\Desktop\Schubert\media\mod_languages\images\th.gif <-- Schubert Rackspace /web/content/media/mod_languages/images th.gif
2012.07.25 12:19 B C:\Users\COBRIEN\Desktop\Schubert\media\mod_languages\images\tr.gif <-- Schubert Rackspace /web/content/media/mod_languages/images tr.gif
2012.07.25 12:19 B C:\Users\COBRIEN\Desktop\Schubert\media\mod_languages\images\tw.gif <-- Schubert Rackspace /web/content/media/mod_languages/images tw.gif
2012.07.25 12:19 B C:\Users\COBRIEN\Desktop\Schubert\media\mod_languages\images\uk.gif <-- Schubert Rackspace /web/content/media/mod_languages/images uk.gif
2012.07.25 12:19 B C:\Users\COBRIEN\Desktop\Schubert\media\mod_languages\images\ur.gif <-- Schubert Rackspace /web/content/media/mod_languages/images ur.gif
2012.07.25 12:19 B C:\Users\COBRIEN\Desktop\Schubert\media\mod_languages\images\us.gif <-- Schubert Rackspace /web/content/media/mod_languages/images us.gif
2012.07.25 12:19 B C:\Users\COBRIEN\Desktop\Schubert\media\mod_languages\images\uz.gif <-- Schubert Rackspace /web/content/media/mod_languages/images uz.gif
2012.07.25 12:19 B C:\Users\COBRIEN\Desktop\Schubert\media\mod_languages\images\vi.gif <-- Schubert Rackspace /web/content/media/mod_languages/images vi.gif
2012.07.25 12:19 B C:\Users\COBRIEN\Desktop\Schubert\media\mod_languages\images\zh.gif <-- Schubert Rackspace /web/content/media/mod_languages/images zh.gif
2012.08.10 16:38 B C:\inetpub\wwwroot\media\mod_languages\images\es.png <-- Schubert Rackspace /web/content/media/mod_languages/images es.png
2012.08.10 16:38 B C:\inetpub\wwwroot\media\mod_languages\images\fr.png <-- Schubert Rackspace /web/content/media/mod_languages/images fr.png
2012.09.04 10:55 B C:\inetpub\wwwroot\media\mod_languages\images\af.gif --> ftp3.ftptoyoursite.com /web/content/SITE-TEST/media/mod_languages/images af.gif
2012.09.04 10:55 B C:\inetpub\wwwroot\media\mod_languages\images\ar.gif --> ftp3.ftptoyoursite.com /web/content/SITE-TEST/media/mod_languages/images ar.gif
2012.09.04 10:55 B C:\inetpub\wwwroot\media\mod_languages\images\at.gif --> ftp3.ftptoyoursite.com /web/content/SITE-TEST/media/mod_languages/images at.gif
2012.09.04 10:55 B C:\inetpub\wwwroot\media\mod_languages\images\az.gif --> ftp3.ftptoyoursite.com /web/content/SITE-TEST/media/mod_languages/images az.gif
2012.09.04 10:55 B C:\inetpub\wwwroot\media\mod_languages\images\be.gif --> ftp3.ftptoyoursite.com /web/content/SITE-TEST/media/mod_languages/images be.gif
2012.09.04 10:55 B C:\inetpub\wwwroot\media\mod_languages\images\bg.gif --> ftp3.ftptoyoursite.com /web/content/SITE-TEST/media/mod_languages/images bg.gif
2012.09.04 10:55 B C:\inetpub\wwwroot\media\mod_languages\images\bn.gif --> ftp3.ftptoyoursite.com /web/content/SITE-TEST/media/mod_languages/images bn.gif
2012.09.04 10:55 B C:\inetpub\wwwroot\media\mod_languages\images\br.gif --> ftp3.ftptoyoursite.com /web/content/SITE-TEST/media/mod_languages/images br.gif
2012.09.04 10:55 B C:\inetpub\wwwroot\media\mod_languages\images\bs.gif --> ftp3.ftptoyoursite.com /web/content/SITE-TEST/media/mod_languages/images bs.gif
2012.09.04 10:55 B C:\inetpub\wwwroot\media\mod_languages\images\ca.gif --> ftp3.ftptoyoursite.com /web/content/SITE-TEST/media/mod_languages/images ca.gif
2012.09.04 10:55 B C:\inetpub\wwwroot\media\mod_languages\images\ch.gif --> ftp3.ftptoyoursite.com /web/content/SITE-TEST/media/mod_languages/images ch.gif
2012.09.04 10:55 B C:\inetpub\wwwroot\media\mod_languages\images\cy.gif --> ftp3.ftptoyoursite.com /web/content/SITE-TEST/media/mod_languages/images cy.gif
2012.09.04 10:55 B C:\inetpub\wwwroot\media\mod_languages\images\cz.gif --> ftp3.ftptoyoursite.com /web/content/SITE-TEST/media/mod_languages/images cz.gif
2012.09.04 10:55 B C:\inetpub\wwwroot\media\mod_languages\images\da.gif --> ftp3.ftptoyoursite.com /web/content/SITE-TEST/media/mod_languages/images da.gif
2012.09.04 10:55 B C:\inetpub\wwwroot\media\mod_languages\images\de.gif --> ftp3.ftptoyoursite.com /web/content/SITE-TEST/media/mod_languages/images de.gif
2012.09.04 10:55 B C:\inetpub\wwwroot\media\mod_languages\images\de.png --> ftp3.ftptoyoursite.com /web/content/SITE-TEST/media/mod_languages/images de.png
2012.09.04 10:55 B C:\inetpub\wwwroot\media\mod_languages\images\dk.gif --> ftp3.ftptoyoursite.com /web/content/SITE-TEST/media/mod_languages/images dk.gif
2012.09.04 10:55 B C:\inetpub\wwwroot\media\mod_languages\images\el.gif --> ftp3.ftptoyoursite.com /web/content/SITE-TEST/media/mod_languages/images el.gif
2012.09.04 10:55 B C:\inetpub\wwwroot\media\mod_languages\images\en.gif --> ftp3.ftptoyoursite.com /web/content/SITE-TEST/media/mod_languages/images en.gif
2012.09.04 10:55 B C:\inetpub\wwwroot\media\mod_languages\images\en.png --> ftp3.ftptoyoursite.com /web/content/SITE-TEST/media/mod_languages/images en.png
2012.09.04 10:55 B C:\inetpub\wwwroot\media\mod_languages\images\eo.gif --> ftp3.ftptoyoursite.com /web/content/SITE-TEST/media/mod_languages/images eo.gif
2012.09.04 10:55 B C:\inetpub\wwwroot\media\mod_languages\images\es.gif --> ftp3.ftptoyoursite.com /web/content/SITE-TEST/media/mod_languages/images es.gif
2012.09.04 10:55 B C:\inetpub\wwwroot\media\mod_languages\images\es.png --> ftp3.ftptoyoursite.com /web/content/SITE-TEST/media/mod_languages/images es.png
2012.09.04 10:55 B C:\inetpub\wwwroot\media\mod_languages\images\et.gif --> ftp3.ftptoyoursite.com /web/content/SITE-TEST/media/mod_languages/images et.gif
2012.09.04 10:55 B C:\inetpub\wwwroot\media\mod_languages\images\fa.gif --> ftp3.ftptoyoursite.com /web/content/SITE-TEST/media/mod_languages/images fa.gif
2012.09.04 10:55 B C:\inetpub\wwwroot\media\mod_languages\images\fi.gif --> ftp3.ftptoyoursite.com /web/content/SITE-TEST/media/mod_languages/images fi.gif
2012.09.04 10:55 B C:\inetpub\wwwroot\media\mod_languages\images\fr.gif --> ftp3.ftptoyoursite.com /web/content/SITE-TEST/media/mod_languages/images fr.gif
2012.09.04 10:55 B C:\inetpub\wwwroot\media\mod_languages\images\fr.png --> ftp3.ftptoyoursite.com /web/content/SITE-TEST/media/mod_languages/images fr.png
2012.09.04 10:55 B C:\inetpub\wwwroot\media\mod_languages\images\gd.gif --> ftp3.ftptoyoursite.com /web/content/SITE-TEST/media/mod_languages/images gd.gif
2012.09.04 10:55 B C:\inetpub\wwwroot\media\mod_languages\images\he.gif --> ftp3.ftptoyoursite.com /web/content/SITE-TEST/media/mod_languages/images he.gif
2012.09.04 10:55 B C:\inetpub\wwwroot\media\mod_languages\images\hi.gif --> ftp3.ftptoyoursite.com /web/content/SITE-TEST/media/mod_languages/images hi.gif
2012.09.04 10:55 B C:\inetpub\wwwroot\media\mod_languages\images\hk.gif --> ftp3.ftptoyoursite.com /web/content/SITE-TEST/media/mod_languages/images hk.gif
2012.09.04 10:55 B C:\inetpub\wwwroot\media\mod_languages\images\hr.gif --> ftp3.ftptoyoursite.com /web/content/SITE-TEST/media/mod_languages/images hr.gif
2012.09.04 10:55 B C:\inetpub\wwwroot\media\mod_languages\images\hu.gif --> ftp3.ftptoyoursite.com /web/content/SITE-TEST/media/mod_languages/images hu.gif
2012.09.04 10:55 B C:\inetpub\wwwroot\media\mod_languages\images\hy.gif --> ftp3.ftptoyoursite.com /web/content/SITE-TEST/media/mod_languages/images hy.gif
2012.09.04 10:55 B C:\inetpub\wwwroot\media\mod_languages\images\id.gif --> ftp3.ftptoyoursite.com /web/content/SITE-TEST/media/mod_languages/images id.gif
2012.09.04 10:55 B C:\inetpub\wwwroot\media\mod_languages\images\index.html --> ftp3.ftptoyoursite.com /web/content/SITE-TEST/media/mod_languages/images index.html
2012.09.04 10:55 B C:\inetpub\wwwroot\media\mod_languages\images\is.gif --> ftp3.ftptoyoursite.com /web/content/SITE-TEST/media/mod_languages/images is.gif
2012.09.04 10:55 B C:\inetpub\wwwroot\media\mod_languages\images\it.gif --> ftp3.ftptoyoursite.com /web/content/SITE-TEST/media/mod_languages/images it.gif
2012.09.04 10:55 B C:\inetpub\wwwroot\media\mod_languages\images\ja.gif --> ftp3.ftptoyoursite.com /web/content/SITE-TEST/media/mod_languages/images ja.gif
2012.09.04 10:55 B C:\inetpub\wwwroot\media\mod_languages\images\ka.gif --> ftp3.ftptoyoursite.com /web/content/SITE-TEST/media/mod_languages/images ka.gif
2012.09.04 10:55 B C:\inetpub\wwwroot\media\mod_languages\images\km.gif --> ftp3.ftptoyoursite.com /web/content/SITE-TEST/media/mod_languages/images km.gif
2012.09.04 10:55 B C:\inetpub\wwwroot\media\mod_languages\images\ko.gif --> ftp3.ftptoyoursite.com /web/content/SITE-TEST/media/mod_languages/images ko.gif
2012.09.04 10:55 B C:\inetpub\wwwroot\media\mod_languages\images\ku.gif --> ftp3.ftptoyoursite.com /web/content/SITE-TEST/media/mod_languages/images ku.gif
2012.09.04 10:55 B C:\inetpub\wwwroot\media\mod_languages\images\lt.gif --> ftp3.ftptoyoursite.com /web/content/SITE-TEST/media/mod_languages/images lt.gif
2012.09.04 10:55 B C:\inetpub\wwwroot\media\mod_languages\images\lv.gif --> ftp3.ftptoyoursite.com /web/content/SITE-TEST/media/mod_languages/images lv.gif
2012.09.04 10:55 B C:\inetpub\wwwroot\media\mod_languages\images\mk.gif --> ftp3.ftptoyoursite.com /web/content/SITE-TEST/media/mod_languages/images mk.gif
2012.09.04 10:55 B C:\inetpub\wwwroot\media\mod_languages\images\mn.gif --> ftp3.ftptoyoursite.com /web/content/SITE-TEST/media/mod_languages/images mn.gif
2012.09.04 10:55 B C:\inetpub\wwwroot\media\mod_languages\images\nb.png --> ftp3.ftptoyoursite.com /web/content/SITE-TEST/media/mod_languages/images nb.png
2012.09.04 10:55 B C:\inetpub\wwwroot\media\mod_languages\images\nl.gif --> ftp3.ftptoyoursite.com /web/content/SITE-TEST/media/mod_languages/images nl.gif
2012.09.04 10:55 B C:\inetpub\wwwroot\media\mod_languages\images\nl.png --> ftp3.ftptoyoursite.com /web/content/SITE-TEST/media/mod_languages/images nl.png
2012.09.04 10:55 B C:\inetpub\wwwroot\media\mod_languages\images\no.gif --> ftp3.ftptoyoursite.com /web/content/SITE-TEST/media/mod_languages/images no.gif
2012.09.04 10:55 B C:\inetpub\wwwroot\media\mod_languages\images\pl.gif --> ftp3.ftptoyoursite.com /web/content/SITE-TEST/media/mod_languages/images pl.gif
2012.09.04 10:55 B C:\inetpub\wwwroot\media\mod_languages\images\ps.gif --> ftp3.ftptoyoursite.com /web/content/SITE-TEST/media/mod_languages/images ps.gif
2012.09.04 10:55 B C:\inetpub\wwwroot\media\mod_languages\images\pt.gif --> ftp3.ftptoyoursite.com /web/content/SITE-TEST/media/mod_languages/images pt.gif
2012.09.04 10:55 B C:\inetpub\wwwroot\media\mod_languages\images\pt_br.gif --> ftp3.ftptoyoursite.com /web/content/SITE-TEST/media/mod_languages/images pt_br.gif
2012.09.04 10:55 B C:\inetpub\wwwroot\media\mod_languages\images\ro.gif --> ftp3.ftptoyoursite.com /web/content/SITE-TEST/media/mod_languages/images ro.gif
2012.09.04 10:55 B C:\inetpub\wwwroot\media\mod_languages\images\ru.gif --> ftp3.ftptoyoursite.com /web/content/SITE-TEST/media/mod_languages/images ru.gif
2012.09.04 10:55 B C:\inetpub\wwwroot\media\mod_languages\images\sk.gif --> ftp3.ftptoyoursite.com /web/content/SITE-TEST/media/mod_languages/images sk.gif
2012.09.04 10:55 B C:\inetpub\wwwroot\media\mod_languages\images\sl.gif --> ftp3.ftptoyoursite.com /web/content/SITE-TEST/media/mod_languages/images sl.gif
2012.09.04 10:55 B C:\inetpub\wwwroot\media\mod_languages\images\sr.gif --> ftp3.ftptoyoursite.com /web/content/SITE-TEST/media/mod_languages/images sr.gif
2012.09.04 10:55 B C:\inetpub\wwwroot\media\mod_languages\images\sv.gif --> ftp3.ftptoyoursite.com /web/content/SITE-TEST/media/mod_languages/images sv.gif
2012.09.04 10:55 B C:\inetpub\wwwroot\media\mod_languages\images\sy.gif --> ftp3.ftptoyoursite.com /web/content/SITE-TEST/media/mod_languages/images sy.gif
2012.09.04 10:55 B C:\inetpub\wwwroot\media\mod_languages\images\ta.gif --> ftp3.ftptoyoursite.com /web/content/SITE-TEST/media/mod_languages/images ta.gif
2012.09.04 10:55 B C:\inetpub\wwwroot\media\mod_languages\images\th.gif --> ftp3.ftptoyoursite.com /web/content/SITE-TEST/media/mod_languages/images th.gif
2012.09.04 10:55 B C:\inetpub\wwwroot\media\mod_languages\images\tr.gif --> ftp3.ftptoyoursite.com /web/content/SITE-TEST/media/mod_languages/images tr.gif
2012.09.04 10:55 B C:\inetpub\wwwroot\media\mod_languages\images\tw.gif --> ftp3.ftptoyoursite.com /web/content/SITE-TEST/media/mod_languages/images tw.gif
2012.09.04 10:55 B C:\inetpub\wwwroot\media\mod_languages\images\uk.gif --> ftp3.ftptoyoursite.com /web/content/SITE-TEST/media/mod_languages/images uk.gif
2012.09.04 10:55 B C:\inetpub\wwwroot\media\mod_languages\images\ur.gif --> ftp3.ftptoyoursite.com /web/content/SITE-TEST/media/mod_languages/images ur.gif
2012.09.04 10:55 B C:\inetpub\wwwroot\media\mod_languages\images\us.gif --> ftp3.ftptoyoursite.com /web/content/SITE-TEST/media/mod_languages/images us.gif
2012.09.04 10:55 B C:\inetpub\wwwroot\media\mod_languages\images\uz.gif --> ftp3.ftptoyoursite.com /web/content/SITE-TEST/media/mod_languages/images uz.gif
2012.09.04 10:55 B C:\inetpub\wwwroot\media\mod_languages\images\vi.gif --> ftp3.ftptoyoursite.com /web/content/SITE-TEST/media/mod_languages/images vi.gif
2012.09.04 10:55 B C:\inetpub\wwwroot\media\mod_languages\images\WS_FTP.LOG --> ftp3.ftptoyoursite.com /web/content/SITE-TEST/media/mod_languages/images WS_FTP.LOG
2012.09.04 10:55 B C:\inetpub\wwwroot\media\mod_languages\images\zh.gif --> ftp3.ftptoyoursite.com /web/content/SITE-TEST/media/mod_languages/images zh.gif
2012.09.06 15:14 B C:\inetpub\wwwroot\media\mod_languages\images\af.gif --> ftp3.ftptoyoursite.com /web/content/SITEBACKUP_962012/media/mod_languages/images af.gif
2012.09.06 15:14 B C:\inetpub\wwwroot\media\mod_languages\images\ar.gif --> ftp3.ftptoyoursite.com /web/content/SITEBACKUP_962012/media/mod_languages/images ar.gif
2012.09.06 15:14 B C:\inetpub\wwwroot\media\mod_languages\images\at.gif --> ftp3.ftptoyoursite.com /web/content/SITEBACKUP_962012/media/mod_languages/images at.gif
2012.09.06 15:14 B C:\inetpub\wwwroot\media\mod_languages\images\az.gif --> ftp3.ftptoyoursite.com /web/content/SITEBACKUP_962012/media/mod_languages/images az.gif
2012.09.06 15:14 B C:\inetpub\wwwroot\media\mod_languages\images\be.gif --> ftp3.ftptoyoursite.com /web/content/SITEBACKUP_962012/media/mod_languages/images be.gif
2012.09.06 15:14 B C:\inetpub\wwwroot\media\mod_languages\images\bg.gif --> ftp3.ftptoyoursite.com /web/content/SITEBACKUP_962012/media/mod_languages/images bg.gif
2012.09.06 15:14 B C:\inetpub\wwwroot\media\mod_languages\images\bn.gif --> ftp3.ftptoyoursite.com /web/content/SITEBACKUP_962012/media/mod_languages/images bn.gif
2012.09.06 15:14 B C:\inetpub\wwwroot\media\mod_languages\images\br.gif --> ftp3.ftptoyoursite.com /web/content/SITEBACKUP_962012/media/mod_languages/images br.gif
2012.09.06 15:14 B C:\inetpub\wwwroot\media\mod_languages\images\bs.gif --> ftp3.ftptoyoursite.com /web/content/SITEBACKUP_962012/media/mod_languages/images bs.gif
2012.09.06 15:14 B C:\inetpub\wwwroot\media\mod_languages\images\ca.gif --> ftp3.ftptoyoursite.com /web/content/SITEBACKUP_962012/media/mod_languages/images ca.gif
2012.09.06 15:14 B C:\inetpub\wwwroot\media\mod_languages\images\ch.gif --> ftp3.ftptoyoursite.com /web/content/SITEBACKUP_962012/media/mod_languages/images ch.gif
2012.09.06 15:14 B C:\inetpub\wwwroot\media\mod_languages\images\cy.gif --> ftp3.ftptoyoursite.com /web/content/SITEBACKUP_962012/media/mod_languages/images cy.gif
2012.09.06 15:14 B C:\inetpub\wwwroot\media\mod_languages\images\cz.gif --> ftp3.ftptoyoursite.com /web/content/SITEBACKUP_962012/media/mod_languages/images cz.gif
2012.09.06 15:14 B C:\inetpub\wwwroot\media\mod_languages\images\da.gif --> ftp3.ftptoyoursite.com /web/content/SITEBACKUP_962012/media/mod_languages/images da.gif
2012.09.06 15:14 B C:\inetpub\wwwroot\media\mod_languages\images\de.gif --> ftp3.ftptoyoursite.com /web/content/SITEBACKUP_962012/media/mod_languages/images de.gif
2012.09.06 15:14 B C:\inetpub\wwwroot\media\mod_languages\images\de.png --> ftp3.ftptoyoursite.com /web/content/SITEBACKUP_962012/media/mod_languages/images de.png
2012.09.06 15:14 B C:\inetpub\wwwroot\media\mod_languages\images\dk.gif --> ftp3.ftptoyoursite.com /web/content/SITEBACKUP_962012/media/mod_languages/images dk.gif
2012.09.06 15:14 B C:\inetpub\wwwroot\media\mod_languages\images\el.gif --> ftp3.ftptoyoursite.com /web/content/SITEBACKUP_962012/media/mod_languages/images el.gif
2012.09.06 15:14 B C:\inetpub\wwwroot\media\mod_languages\images\en.gif --> ftp3.ftptoyoursite.com /web/content/SITEBACKUP_962012/media/mod_languages/images en.gif
2012.09.06 15:14 B C:\inetpub\wwwroot\media\mod_languages\images\en.png --> ftp3.ftptoyoursite.com /web/content/SITEBACKUP_962012/media/mod_languages/images en.png
2012.09.06 15:14 B C:\inetpub\wwwroot\media\mod_languages\images\eo.gif --> ftp3.ftptoyoursite.com /web/content/SITEBACKUP_962012/media/mod_languages/images eo.gif
2012.09.06 15:14 B C:\inetpub\wwwroot\media\mod_languages\images\es.gif --> ftp3.ftptoyoursite.com /web/content/SITEBACKUP_962012/media/mod_languages/images es.gif
2012.09.06 15:14 B C:\inetpub\wwwroot\media\mod_languages\images\es.png --> ftp3.ftptoyoursite.com /web/content/SITEBACKUP_962012/media/mod_languages/images es.png
2012.09.06 15:14 B C:\inetpub\wwwroot\media\mod_languages\images\et.gif --> ftp3.ftptoyoursite.com /web/content/SITEBACKUP_962012/media/mod_languages/images et.gif
2012.09.06 15:14 B C:\inetpub\wwwroot\media\mod_languages\images\fa.gif --> ftp3.ftptoyoursite.com /web/content/SITEBACKUP_962012/media/mod_languages/images fa.gif
2012.09.06 15:14 B C:\inetpub\wwwroot\media\mod_languages\images\fi.gif --> ftp3.ftptoyoursite.com /web/content/SITEBACKUP_962012/media/mod_languages/images fi.gif
2012.09.06 15:14 B C:\inetpub\wwwroot\media\mod_languages\images\fr.gif --> ftp3.ftptoyoursite.com /web/content/SITEBACKUP_962012/media/mod_languages/images fr.gif
2012.09.06 15:14 B C:\inetpub\wwwroot\media\mod_languages\images\fr.png --> ftp3.ftptoyoursite.com /web/content/SITEBACKUP_962012/media/mod_languages/images fr.png
2012.09.06 15:14 B C:\inetpub\wwwroot\media\mod_languages\images\gd.gif --> ftp3.ftptoyoursite.com /web/content/SITEBACKUP_962012/media/mod_languages/images gd.gif
2012.09.06 15:14 B C:\inetpub\wwwroot\media\mod_languages\images\he.gif --> ftp3.ftptoyoursite.com /web/content/SITEBACKUP_962012/media/mod_languages/images he.gif
2012.09.06 15:14 B C:\inetpub\wwwroot\media\mod_languages\images\hi.gif --> ftp3.ftptoyoursite.com /web/content/SITEBACKUP_962012/media/mod_languages/images hi.gif
2012.09.06 15:14 B C:\inetpub\wwwroot\media\mod_languages\images\hk.gif --> ftp3.ftptoyoursite.com /web/content/SITEBACKUP_962012/media/mod_languages/images hk.gif
2012.09.06 15:14 B C:\inetpub\wwwroot\media\mod_languages\images\hr.gif --> ftp3.ftptoyoursite.com /web/content/SITEBACKUP_962012/media/mod_languages/images hr.gif
2012.09.06 15:14 B C:\inetpub\wwwroot\media\mod_languages\images\hu.gif --> ftp3.ftptoyoursite.com /web/content/SITEBACKUP_962012/media/mod_languages/images hu.gif
2012.09.06 15:14 B C:\inetpub\wwwroot\media\mod_languages\images\hy.gif --> ftp3.ftptoyoursite.com /web/content/SITEBACKUP_962012/media/mod_languages/images hy.gif
2012.09.06 15:14 B C:\inetpub\wwwroot\media\mod_languages\images\id.gif --> ftp3.ftptoyoursite.com /web/content/SITEBACKUP_962012/media/mod_languages/images id.gif
2012.09.06 15:14 B C:\inetpub\wwwroot\media\mod_languages\images\index.html --> ftp3.ftptoyoursite.com /web/content/SITEBACKUP_962012/media/mod_languages/images index.html
2012.09.06 15:14 B C:\inetpub\wwwroot\media\mod_languages\images\is.gif --> ftp3.ftptoyoursite.com /web/content/SITEBACKUP_962012/media/mod_languages/images is.gif
2012.09.06 15:14 B C:\inetpub\wwwroot\media\mod_languages\images\it.gif --> ftp3.ftptoyoursite.com /web/content/SITEBACKUP_962012/media/mod_languages/images it.gif
2012.09.06 15:14 B C:\inetpub\wwwroot\media\mod_languages\images\ja.gif --> ftp3.ftptoyoursite.com /web/content/SITEBACKUP_962012/media/mod_languages/images ja.gif
2012.09.06 15:14 B C:\inetpub\wwwroot\media\mod_languages\images\ka.gif --> ftp3.ftptoyoursite.com /web/content/SITEBACKUP_962012/media/mod_languages/images ka.gif
2012.09.06 15:14 B C:\inetpub\wwwroot\media\mod_languages\images\km.gif --> ftp3.ftptoyoursite.com /web/content/SITEBACKUP_962012/media/mod_languages/images km.gif
2012.09.06 15:14 B C:\inetpub\wwwroot\media\mod_languages\images\ko.gif --> ftp3.ftptoyoursite.com /web/content/SITEBACKUP_962012/media/mod_languages/images ko.gif
2012.09.06 15:14 B C:\inetpub\wwwroot\media\mod_languages\images\ku.gif --> ftp3.ftptoyoursite.com /web/content/SITEBACKUP_962012/media/mod_languages/images ku.gif
2012.09.06 15:14 B C:\inetpub\wwwroot\media\mod_languages\images\lt.gif --> ftp3.ftptoyoursite.com /web/content/SITEBACKUP_962012/media/mod_languages/images lt.gif
2012.09.06 15:14 B C:\inetpub\wwwroot\media\mod_languages\images\lv.gif --> ftp3.ftptoyoursite.com /web/content/SITEBACKUP_962012/media/mod_languages/images lv.gif
2012.09.06 15:14 B C:\inetpub\wwwroot\media\mod_languages\images\mk.gif --> ftp3.ftptoyoursite.com /web/content/SITEBACKUP_962012/media/mod_languages/images mk.gif
2012.09.06 15:14 B C:\inetpub\wwwroot\media\mod_languages\images\mn.gif --> ftp3.ftptoyoursite.com /web/content/SITEBACKUP_962012/media/mod_languages/images mn.gif
2012.09.06 15:14 B C:\inetpub\wwwroot\media\mod_languages\images\nb.png --> ftp3.ftptoyoursite.com /web/content/SITEBACKUP_962012/media/mod_languages/images nb.png
2012.09.06 15:14 B C:\inetpub\wwwroot\media\mod_languages\images\nl.gif --> ftp3.ftptoyoursite.com /web/content/SITEBACKUP_962012/media/mod_languages/images nl.gif
2012.09.06 15:14 B C:\inetpub\wwwroot\media\mod_languages\images\nl.png --> ftp3.ftptoyoursite.com /web/content/SITEBACKUP_962012/media/mod_languages/images nl.png
2012.09.06 15:14 B C:\inetpub\wwwroot\media\mod_languages\images\no.gif --> ftp3.ftptoyoursite.com /web/content/SITEBACKUP_962012/media/mod_languages/images no.gif
2012.09.06 15:14 B C:\inetpub\wwwroot\media\mod_languages\images\pl.gif --> ftp3.ftptoyoursite.com /web/content/SITEBACKUP_962012/media/mod_languages/images pl.gif
2012.09.06 15:14 B C:\inetpub\wwwroot\media\mod_languages\images\ps.gif --> ftp3.ftptoyoursite.com /web/content/SITEBACKUP_962012/media/mod_languages/images ps.gif
2012.09.06 15:14 B C:\inetpub\wwwroot\media\mod_languages\images\pt.gif --> ftp3.ftptoyoursite.com /web/content/SITEBACKUP_962012/media/mod_languages/images pt.gif
2012.09.06 15:14 B C:\inetpub\wwwroot\media\mod_languages\images\pt_br.gif --> ftp3.ftptoyoursite.com /web/content/SITEBACKUP_962012/media/mod_languages/images pt_br.gif
2012.09.06 15:14 B C:\inetpub\wwwroot\media\mod_languages\images\ro.gif --> ftp3.ftptoyoursite.com /web/content/SITEBACKUP_962012/media/mod_languages/images ro.gif
2012.09.06 15:14 B C:\inetpub\wwwroot\media\mod_languages\images\ru.gif --> ftp3.ftptoyoursite.com /web/content/SITEBACKUP_962012/media/mod_languages/images ru.gif
2012.09.06 15:14 B C:\inetpub\wwwroot\media\mod_languages\images\sk.gif --> ftp3.ftptoyoursite.com /web/content/SITEBACKUP_962012/media/mod_languages/images sk.gif
2012.09.06 15:14 B C:\inetpub\wwwroot\media\mod_languages\images\sl.gif --> ftp3.ftptoyoursite.com /web/content/SITEBACKUP_962012/media/mod_languages/images sl.gif
2012.09.06 15:14 B C:\inetpub\wwwroot\media\mod_languages\images\sr.gif --> ftp3.ftptoyoursite.com /web/content/SITEBACKUP_962012/media/mod_languages/images sr.gif
2012.09.06 15:14 B C:\inetpub\wwwroot\media\mod_languages\images\sv.gif --> ftp3.ftptoyoursite.com /web/content/SITEBACKUP_962012/media/mod_languages/images sv.gif
2012.09.06 15:14 B C:\inetpub\wwwroot\media\mod_languages\images\sy.gif --> ftp3.ftptoyoursite.com /web/content/SITEBACKUP_962012/media/mod_languages/images sy.gif
2012.09.06 15:14 B C:\inetpub\wwwroot\media\mod_languages\images\ta.gif --> ftp3.ftptoyoursite.com /web/content/SITEBACKUP_962012/media/mod_languages/images ta.gif
2012.09.06 15:14 B C:\inetpub\wwwroot\media\mod_languages\images\th.gif --> ftp3.ftptoyoursite.com /web/content/SITEBACKUP_962012/media/mod_languages/images th.gif
2012.09.06 15:14 B C:\inetpub\wwwroot\media\mod_languages\images\tr.gif --> ftp3.ftptoyoursite.com /web/content/SITEBACKUP_962012/media/mod_languages/images tr.gif
2012.09.06 15:14 B C:\inetpub\wwwroot\media\mod_languages\images\tw.gif --> ftp3.ftptoyoursite.com /web/content/SITEBACKUP_962012/media/mod_languages/images tw.gif
2012.09.06 15:14 B C:\inetpub\wwwroot\media\mod_languages\images\uk.gif --> ftp3.ftptoyoursite.com /web/content/SITEBACKUP_962012/media/mod_languages/images uk.gif
2012.09.06 15:14 B C:\inetpub\wwwroot\media\mod_languages\images\ur.gif --> ftp3.ftptoyoursite.com /web/content/SITEBACKUP_962012/media/mod_languages/images ur.gif
2012.09.06 15:14 B C:\inetpub\wwwroot\media\mod_languages\images\us.gif --> ftp3.ftptoyoursite.com /web/content/SITEBACKUP_962012/media/mod_languages/images us.gif
2012.09.06 15:14 B C:\inetpub\wwwroot\media\mod_languages\images\uz.gif --> ftp3.ftptoyoursite.com /web/content/SITEBACKUP_962012/media/mod_languages/images uz.gif
2012.09.06 15:14 B C:\inetpub\wwwroot\media\mod_languages\images\vi.gif --> ftp3.ftptoyoursite.com /web/content/SITEBACKUP_962012/media/mod_languages/images vi.gif
2012.09.06 15:14 B C:\inetpub\wwwroot\media\mod_languages\images\WS_FTP.LOG --> ftp3.ftptoyoursite.com /web/content/SITEBACKUP_962012/media/mod_languages/images WS_FTP.LOG
2012.09.06 15:14 B C:\inetpub\wwwroot\media\mod_languages\images\zh.gif --> ftp3.ftptoyoursite.com /web/content/SITEBACKUP_962012/media/mod_languages/images zh.gif
2012.10.23 09:16 B C:\inetpub\wwwroot\media\mod_languages\images\af.gif --> ftp3.ftptoyoursite.com /web/content/media/mod_languages/images af.gif
2012.10.23 09:16 B C:\inetpub\wwwroot\media\mod_languages\images\ar.gif --> ftp3.ftptoyoursite.com /web/content/media/mod_languages/images ar.gif
2012.10.23 09:16 B C:\inetpub\wwwroot\media\mod_languages\images\at.gif --> ftp3.ftptoyoursite.com /web/content/media/mod_languages/images at.gif
2012.10.23 09:16 B C:\inetpub\wwwroot\media\mod_languages\images\az.gif --> ftp3.ftptoyoursite.com /web/content/media/mod_languages/images az.gif
2012.10.23 09:16 B C:\inetpub\wwwroot\media\mod_languages\images\be.gif --> ftp3.ftptoyoursite.com /web/content/media/mod_languages/images be.gif
2012.10.23 09:16 B C:\inetpub\wwwroot\media\mod_languages\images\bg.gif --> ftp3.ftptoyoursite.com /web/content/media/mod_languages/images bg.gif
2012.10.23 09:16 B C:\inetpub\wwwroot\media\mod_languages\images\bn.gif --> ftp3.ftptoyoursite.com /web/content/media/mod_languages/images bn.gif
2012.10.23 09:16 B C:\inetpub\wwwroot\media\mod_languages\images\br.gif --> ftp3.ftptoyoursite.com /web/content/media/mod_languages/images br.gif
2012.10.23 09:16 B C:\inetpub\wwwroot\media\mod_languages\images\bs.gif --> ftp3.ftptoyoursite.com /web/content/media/mod_languages/images bs.gif
2012.10.23 09:16 B C:\inetpub\wwwroot\media\mod_languages\images\ca.gif --> ftp3.ftptoyoursite.com /web/content/media/mod_languages/images ca.gif
2012.10.23 09:16 B C:\inetpub\wwwroot\media\mod_languages\images\ch.gif --> ftp3.ftptoyoursite.com /web/content/media/mod_languages/images ch.gif
2012.10.23 09:16 B C:\inetpub\wwwroot\media\mod_languages\images\cy.gif --> ftp3.ftptoyoursite.com /web/content/media/mod_languages/images cy.gif
2012.10.23 09:16 B C:\inetpub\wwwroot\media\mod_languages\images\cz.gif --> ftp3.ftptoyoursite.com /web/content/media/mod_languages/images cz.gif
2012.10.23 09:16 B C:\inetpub\wwwroot\media\mod_languages\images\da.gif --> ftp3.ftptoyoursite.com /web/content/media/mod_languages/images da.gif
2012.10.23 09:16 B C:\inetpub\wwwroot\media\mod_languages\images\de.gif --> ftp3.ftptoyoursite.com /web/content/media/mod_languages/images de.gif
2012.10.23 09:16 B C:\inetpub\wwwroot\media\mod_languages\images\de.png --> ftp3.ftptoyoursite.com /web/content/media/mod_languages/images de.png
2012.10.23 09:16 B C:\inetpub\wwwroot\media\mod_languages\images\dk.gif --> ftp3.ftptoyoursite.com /web/content/media/mod_languages/images dk.gif
2012.10.23 09:16 B C:\inetpub\wwwroot\media\mod_languages\images\el.gif --> ftp3.ftptoyoursite.com /web/content/media/mod_languages/images el.gif
2012.10.23 09:16 B C:\inetpub\wwwroot\media\mod_languages\images\en.gif --> ftp3.ftptoyoursite.com /web/content/media/mod_languages/images en.gif
2012.10.23 09:16 B C:\inetpub\wwwroot\media\mod_languages\images\en.png --> ftp3.ftptoyoursite.com /web/content/media/mod_languages/images en.png
2012.10.23 09:16 B C:\inetpub\wwwroot\media\mod_languages\images\eo.gif --> ftp3.ftptoyoursite.com /web/content/media/mod_languages/images eo.gif
2012.10.23 09:16 B C:\inetpub\wwwroot\media\mod_languages\images\es.gif --> ftp3.ftptoyoursite.com /web/content/media/mod_languages/images es.gif
2012.10.23 09:16 B C:\inetpub\wwwroot\media\mod_languages\images\es.png --> ftp3.ftptoyoursite.com /web/content/media/mod_languages/images es.png
2012.10.23 09:16 B C:\inetpub\wwwroot\media\mod_languages\images\et.gif --> ftp3.ftptoyoursite.com /web/content/media/mod_languages/images et.gif
2012.10.23 09:16 B C:\inetpub\wwwroot\media\mod_languages\images\fa.gif --> ftp3.ftptoyoursite.com /web/content/media/mod_languages/images fa.gif
2012.10.23 09:16 B C:\inetpub\wwwroot\media\mod_languages\images\fi.gif --> ftp3.ftptoyoursite.com /web/content/media/mod_languages/images fi.gif
2012.10.23 09:16 B C:\inetpub\wwwroot\media\mod_languages\images\fr.gif --> ftp3.ftptoyoursite.com /web/content/media/mod_languages/images fr.gif
2012.10.23 09:16 B C:\inetpub\wwwroot\media\mod_languages\images\fr.png --> ftp3.ftptoyoursite.com /web/content/media/mod_languages/images fr.png
2012.10.23 09:16 B C:\inetpub\wwwroot\media\mod_languages\images\gd.gif --> ftp3.ftptoyoursite.com /web/content/media/mod_languages/images gd.gif
2012.10.23 09:16 B C:\inetpub\wwwroot\media\mod_languages\images\he.gif --> ftp3.ftptoyoursite.com /web/content/media/mod_languages/images he.gif
2012.10.23 09:16 B C:\inetpub\wwwroot\media\mod_languages\images\hi.gif --> ftp3.ftptoyoursite.com /web/content/media/mod_languages/images hi.gif
2012.10.23 09:16 B C:\inetpub\wwwroot\media\mod_languages\images\hk.gif --> ftp3.ftptoyoursite.com /web/content/media/mod_languages/images hk.gif
2012.10.23 09:16 B C:\inetpub\wwwroot\media\mod_languages\images\hr.gif --> ftp3.ftptoyoursite.com /web/content/media/mod_languages/images hr.gif
2012.10.23 09:16 B C:\inetpub\wwwroot\media\mod_languages\images\hu.gif --> ftp3.ftptoyoursite.com /web/content/media/mod_languages/images hu.gif
2012.10.23 09:16 B C:\inetpub\wwwroot\media\mod_languages\images\hy.gif --> ftp3.ftptoyoursite.com /web/content/media/mod_languages/images hy.gif
2012.10.23 09:16 B C:\inetpub\wwwroot\media\mod_languages\images\id.gif --> ftp3.ftptoyoursite.com /web/content/media/mod_languages/images id.gif
2012.10.23 09:16 B C:\inetpub\wwwroot\media\mod_languages\images\index.html --> ftp3.ftptoyoursite.com /web/content/media/mod_languages/images index.html
2012.10.23 09:16 B C:\inetpub\wwwroot\media\mod_languages\images\is.gif --> ftp3.ftptoyoursite.com /web/content/media/mod_languages/images is.gif
2012.10.23 09:16 B C:\inetpub\wwwroot\media\mod_languages\images\it.gif --> ftp3.ftptoyoursite.com /web/content/media/mod_languages/images it.gif
2012.10.23 09:16 B C:\inetpub\wwwroot\media\mod_languages\images\ja.gif --> ftp3.ftptoyoursite.com /web/content/media/mod_languages/images ja.gif
2012.10.23 09:16 B C:\inetpub\wwwroot\media\mod_languages\images\ka.gif --> ftp3.ftptoyoursite.com /web/content/media/mod_languages/images ka.gif
2012.10.23 09:16 B C:\inetpub\wwwroot\media\mod_languages\images\km.gif --> ftp3.ftptoyoursite.com /web/content/media/mod_languages/images km.gif
2012.10.23 09:16 B C:\inetpub\wwwroot\media\mod_languages\images\ko.gif --> ftp3.ftptoyoursite.com /web/content/media/mod_languages/images ko.gif
2012.10.23 09:16 B C:\inetpub\wwwroot\media\mod_languages\images\ku.gif --> ftp3.ftptoyoursite.com /web/content/media/mod_languages/images ku.gif
2012.10.23 09:16 B C:\inetpub\wwwroot\media\mod_languages\images\lt.gif --> ftp3.ftptoyoursite.com /web/content/media/mod_languages/images lt.gif
2012.10.23 09:16 B C:\inetpub\wwwroot\media\mod_languages\images\lv.gif --> ftp3.ftptoyoursite.com /web/content/media/mod_languages/images lv.gif
2012.10.23 09:16 B C:\inetpub\wwwroot\media\mod_languages\images\mk.gif --> ftp3.ftptoyoursite.com /web/content/media/mod_languages/images mk.gif
2012.10.23 09:16 B C:\inetpub\wwwroot\media\mod_languages\images\mn.gif --> ftp3.ftptoyoursite.com /web/content/media/mod_languages/images mn.gif
2012.10.23 09:16 B C:\inetpub\wwwroot\media\mod_languages\images\nb.png --> ftp3.ftptoyoursite.com /web/content/media/mod_languages/images nb.png
2012.10.23 09:16 B C:\inetpub\wwwroot\media\mod_languages\images\nl.gif --> ftp3.ftptoyoursite.com /web/content/media/mod_languages/images nl.gif
2012.10.23 09:16 B C:\inetpub\wwwroot\media\mod_languages\images\nl.png --> ftp3.ftptoyoursite.com /web/content/media/mod_languages/images nl.png
2012.10.23 09:16 B C:\inetpub\wwwroot\media\mod_languages\images\no.gif --> ftp3.ftptoyoursite.com /web/content/media/mod_languages/images no.gif
2012.10.23 09:16 B C:\inetpub\wwwroot\media\mod_languages\images\pl.gif --> ftp3.ftptoyoursite.com /web/content/media/mod_languages/images pl.gif
2012.10.23 09:16 B C:\inetpub\wwwroot\media\mod_languages\images\ps.gif --> ftp3.ftptoyoursite.com /web/content/media/mod_languages/images ps.gif
2012.10.23 09:16 B C:\inetpub\wwwroot\media\mod_languages\images\pt.gif --> ftp3.ftptoyoursite.com /web/content/media/mod_languages/images pt.gif
2012.10.23 09:16 B C:\inetpub\wwwroot\media\mod_languages\images\pt_br.gif --> ftp3.ftptoyoursite.com /web/content/media/mod_languages/images pt_br.gif
2012.10.23 09:16 B C:\inetpub\wwwroot\media\mod_languages\images\ro.gif --> ftp3.ftptoyoursite.com /web/content/media/mod_languages/images ro.gif
2012.10.23 09:16 B C:\inetpub\wwwroot\media\mod_languages\images\ru.gif --> ftp3.ftptoyoursite.com /web/content/media/mod_languages/images ru.gif
2012.10.23 09:16 B C:\inetpub\wwwroot\media\mod_languages\images\sk.gif --> ftp3.ftptoyoursite.com /web/content/media/mod_languages/images sk.gif
2012.10.23 09:16 B C:\inetpub\wwwroot\media\mod_languages\images\sl.gif --> ftp3.ftptoyoursite.com /web/content/media/mod_languages/images sl.gif
2012.10.23 09:16 B C:\inetpub\wwwroot\media\mod_languages\images\sr.gif --> ftp3.ftptoyoursite.com /web/content/media/mod_languages/images sr.gif
2012.10.23 09:16 B C:\inetpub\wwwroot\media\mod_languages\images\sv.gif --> ftp3.ftptoyoursite.com /web/content/media/mod_languages/images sv.gif
2012.10.23 09:16 B C:\inetpub\wwwroot\media\mod_languages\images\sy.gif --> ftp3.ftptoyoursite.com /web/content/media/mod_languages/images sy.gif
2012.10.23 09:16 B C:\inetpub\wwwroot\media\mod_languages\images\ta.gif --> ftp3.ftptoyoursite.com /web/content/media/mod_languages/images ta.gif
2012.10.23 09:16 B C:\inetpub\wwwroot\media\mod_languages\images\th.gif --> ftp3.ftptoyoursite.com /web/content/media/mod_languages/images th.gif
2012.10.23 09:16 B C:\inetpub\wwwroot\media\mod_languages\images\tr.gif --> ftp3.ftptoyoursite.com /web/content/media/mod_languages/images tr.gif
2012.10.23 09:16 B C:\inetpub\wwwroot\media\mod_languages\images\tw.gif --> ftp3.ftptoyoursite.com /web/content/media/mod_languages/images tw.gif
2012.10.23 09:16 B C:\inetpub\wwwroot\media\mod_languages\images\uk.gif --> ftp3.ftptoyoursite.com /web/content/media/mod_languages/images uk.gif
2012.10.23 09:16 B C:\inetpub\wwwroot\media\mod_languages\images\ur.gif --> ftp3.ftptoyoursite.com /web/content/media/mod_languages/images ur.gif
2012.10.23 09:16 B C:\inetpub\wwwroot\media\mod_languages\images\us.gif --> ftp3.ftptoyoursite.com /web/content/media/mod_languages/images us.gif
2012.10.23 09:16 B C:\inetpub\wwwroot\media\mod_languages\images\uz.gif --> ftp3.ftptoyoursite.com /web/content/media/mod_languages/images uz.gif
2012.10.23 09:16 B C:\inetpub\wwwroot\media\mod_languages\images\vi.gif --> ftp3.ftptoyoursite.com /web/content/media/mod_languages/images vi.gif
2012.10.23 09:16 B C:\inetpub\wwwroot\media\mod_languages\images\WS_FTP.LOG --> ftp3.ftptoyoursite.com /web/content/media/mod_languages/images WS_FTP.LOG
2012.10.23 09:16 B C:\inetpub\wwwroot\media\mod_languages\images\zh.gif --> ftp3.ftptoyoursite.com /web/content/media/mod_languages/images zh.gif
2013.02.01 15:01 B C:\inetpub\wwwroot\media\mod_languages\images\WS_FTP.LOG <-- Schubert Rackspace /web/content/media/mod_languages/images WS_FTP.LOG
2013.02.01 15:01 B C:\inetpub\wwwroot\media\mod_languages\images\zh.gif <-- Schubert Rackspace /web/content/media/mod_languages/images zh.gif
