2012.07.25 12:10 B C:\Users\COBRIEN\Desktop\Schubert\administrator\components\com_admin\helpers\html\directory.php <-- Schubert Rackspace /web/content/administrator/components/com_admin/helpers/html directory.php
2012.07.25 12:10 B C:\Users\COBRIEN\Desktop\Schubert\administrator\components\com_admin\helpers\html\index.html <-- Schubert Rackspace /web/content/administrator/components/com_admin/helpers/html index.html
2012.07.25 12:10 B C:\Users\COBRIEN\Desktop\Schubert\administrator\components\com_admin\helpers\html\phpsetting.php <-- Schubert Rackspace /web/content/administrator/components/com_admin/helpers/html phpsetting.php
2012.07.25 12:10 B C:\Users\COBRIEN\Desktop\Schubert\administrator\components\com_admin\helpers\html\system.php <-- Schubert Rackspace /web/content/administrator/components/com_admin/helpers/html system.php
2012.09.04 10:43 B C:\inetpub\wwwroot\administrator\components\com_admin\helpers\html\directory.php --> ftp3.ftptoyoursite.com /web/content/SITE-TEST/administrator/components/com_admin/helpers/html directory.php
2012.09.04 10:43 B C:\inetpub\wwwroot\administrator\components\com_admin\helpers\html\index.html --> ftp3.ftptoyoursite.com /web/content/SITE-TEST/administrator/components/com_admin/helpers/html index.html
2012.09.04 10:43 B C:\inetpub\wwwroot\administrator\components\com_admin\helpers\html\phpsetting.php --> ftp3.ftptoyoursite.com /web/content/SITE-TEST/administrator/components/com_admin/helpers/html phpsetting.php
2012.09.04 10:43 B C:\inetpub\wwwroot\administrator\components\com_admin\helpers\html\system.php --> ftp3.ftptoyoursite.com /web/content/SITE-TEST/administrator/components/com_admin/helpers/html system.php
2012.09.04 10:43 B C:\inetpub\wwwroot\administrator\components\com_admin\helpers\html\WS_FTP.LOG --> ftp3.ftptoyoursite.com /web/content/SITE-TEST/administrator/components/com_admin/helpers/html WS_FTP.LOG
2012.09.06 14:58 B C:\inetpub\wwwroot\administrator\components\com_admin\helpers\html\directory.php --> ftp3.ftptoyoursite.com /web/content/SITEBACKUP_962012/administrator/components/com_admin/helpers/html directory.php
2012.09.06 14:58 B C:\inetpub\wwwroot\administrator\components\com_admin\helpers\html\index.html --> ftp3.ftptoyoursite.com /web/content/SITEBACKUP_962012/administrator/components/com_admin/helpers/html index.html
2012.09.06 14:58 B C:\inetpub\wwwroot\administrator\components\com_admin\helpers\html\phpsetting.php --> ftp3.ftptoyoursite.com /web/content/SITEBACKUP_962012/administrator/components/com_admin/helpers/html phpsetting.php
2012.09.06 14:58 B C:\inetpub\wwwroot\administrator\components\com_admin\helpers\html\system.php --> ftp3.ftptoyoursite.com /web/content/SITEBACKUP_962012/administrator/components/com_admin/helpers/html system.php
2012.09.06 14:58 B C:\inetpub\wwwroot\administrator\components\com_admin\helpers\html\WS_FTP.LOG --> ftp3.ftptoyoursite.com /web/content/SITEBACKUP_962012/administrator/components/com_admin/helpers/html WS_FTP.LOG
2012.09.06 15:20 B C:\inetpub\wwwroot\administrator\components\com_admin\helpers\html\directory.php <-- Schubert Rackspace /web/content/administrator/components/com_admin/helpers/html directory.php
2012.09.06 15:20 B C:\inetpub\wwwroot\administrator\components\com_admin\helpers\html\index.html <-- Schubert Rackspace /web/content/administrator/components/com_admin/helpers/html index.html
2012.09.06 15:20 B C:\inetpub\wwwroot\administrator\components\com_admin\helpers\html\phpsetting.php <-- Schubert Rackspace /web/content/administrator/components/com_admin/helpers/html phpsetting.php
2012.09.06 15:20 B C:\inetpub\wwwroot\administrator\components\com_admin\helpers\html\system.php <-- Schubert Rackspace /web/content/administrator/components/com_admin/helpers/html system.php
2012.09.06 15:43 B C:\inetpub\wwwroot\administrator\components\com_admin\helpers\html\directory.php <-- Schubert Rackspace /web/content/SITEBACKUP_962012/administrator/components/com_admin/helpers/html directory.php
2012.09.06 15:43 B C:\inetpub\wwwroot\administrator\components\com_admin\helpers\html\index.html <-- Schubert Rackspace /web/content/SITEBACKUP_962012/administrator/components/com_admin/helpers/html index.html
2012.09.06 15:43 B C:\inetpub\wwwroot\administrator\components\com_admin\helpers\html\phpsetting.php <-- Schubert Rackspace /web/content/SITEBACKUP_962012/administrator/components/com_admin/helpers/html phpsetting.php
2012.09.06 15:43 B C:\inetpub\wwwroot\administrator\components\com_admin\helpers\html\system.php <-- Schubert Rackspace /web/content/SITEBACKUP_962012/administrator/components/com_admin/helpers/html system.php
2012.10.23 09:03 B C:\inetpub\wwwroot\administrator\components\com_admin\helpers\html\directory.php --> ftp3.ftptoyoursite.com /web/content/administrator/components/com_admin/helpers/html directory.php
2012.10.23 09:03 B C:\inetpub\wwwroot\administrator\components\com_admin\helpers\html\index.html --> ftp3.ftptoyoursite.com /web/content/administrator/components/com_admin/helpers/html index.html
2012.10.23 09:03 B C:\inetpub\wwwroot\administrator\components\com_admin\helpers\html\phpsetting.php --> ftp3.ftptoyoursite.com /web/content/administrator/components/com_admin/helpers/html phpsetting.php
2012.10.23 09:03 B C:\inetpub\wwwroot\administrator\components\com_admin\helpers\html\system.php --> ftp3.ftptoyoursite.com /web/content/administrator/components/com_admin/helpers/html system.php
2012.10.23 09:03 B C:\inetpub\wwwroot\administrator\components\com_admin\helpers\html\WS_FTP.LOG --> ftp3.ftptoyoursite.com /web/content/administrator/components/com_admin/helpers/html WS_FTP.LOG
2013.02.01 14:39 B C:\inetpub\wwwroot\administrator\components\com_admin\helpers\html\WS_FTP.LOG <-- Schubert Rackspace /web/content/administrator/components/com_admin/helpers/html WS_FTP.LOG
