2012.07.25 12:18 B C:\Users\COBRIEN\Desktop\Schubert\libraries\joomla\utilities\arrayhelper.php <-- Schubert Rackspace /web/content/libraries/joomla/utilities arrayhelper.php
2012.07.25 12:18 B C:\Users\COBRIEN\Desktop\Schubert\libraries\joomla\utilities\buffer.php <-- Schubert Rackspace /web/content/libraries/joomla/utilities buffer.php
2012.07.25 12:18 B C:\Users\COBRIEN\Desktop\Schubert\libraries\joomla\utilities\date.php <-- Schubert Rackspace /web/content/libraries/joomla/utilities date.php
2012.07.25 12:18 B C:\Users\COBRIEN\Desktop\Schubert\libraries\joomla\utilities\index.html <-- Schubert Rackspace /web/content/libraries/joomla/utilities index.html
2012.07.25 12:18 B C:\Users\COBRIEN\Desktop\Schubert\libraries\joomla\utilities\simplecrypt.php <-- Schubert Rackspace /web/content/libraries/joomla/utilities simplecrypt.php
2012.07.25 12:18 B C:\Users\COBRIEN\Desktop\Schubert\libraries\joomla\utilities\simplexml.php <-- Schubert Rackspace /web/content/libraries/joomla/utilities simplexml.php
2012.07.25 12:18 B C:\Users\COBRIEN\Desktop\Schubert\libraries\joomla\utilities\string.php <-- Schubert Rackspace /web/content/libraries/joomla/utilities string.php
2012.07.25 12:18 B C:\Users\COBRIEN\Desktop\Schubert\libraries\joomla\utilities\utility.php <-- Schubert Rackspace /web/content/libraries/joomla/utilities utility.php
2012.07.25 12:18 B C:\Users\COBRIEN\Desktop\Schubert\libraries\joomla\utilities\xmlelement.php <-- Schubert Rackspace /web/content/libraries/joomla/utilities xmlelement.php
2012.09.04 10:54 B C:\inetpub\wwwroot\libraries\joomla\utilities\arrayhelper.php --> ftp3.ftptoyoursite.com /web/content/SITE-TEST/libraries/joomla/utilities arrayhelper.php
2012.09.04 10:54 B C:\inetpub\wwwroot\libraries\joomla\utilities\buffer.php --> ftp3.ftptoyoursite.com /web/content/SITE-TEST/libraries/joomla/utilities buffer.php
2012.09.04 10:54 B C:\inetpub\wwwroot\libraries\joomla\utilities\date.php --> ftp3.ftptoyoursite.com /web/content/SITE-TEST/libraries/joomla/utilities date.php
2012.09.04 10:54 B C:\inetpub\wwwroot\libraries\joomla\utilities\index.html --> ftp3.ftptoyoursite.com /web/content/SITE-TEST/libraries/joomla/utilities index.html
2012.09.04 10:54 B C:\inetpub\wwwroot\libraries\joomla\utilities\simplecrypt.php --> ftp3.ftptoyoursite.com /web/content/SITE-TEST/libraries/joomla/utilities simplecrypt.php
2012.09.04 10:54 B C:\inetpub\wwwroot\libraries\joomla\utilities\simplexml.php --> ftp3.ftptoyoursite.com /web/content/SITE-TEST/libraries/joomla/utilities simplexml.php
2012.09.04 10:54 B C:\inetpub\wwwroot\libraries\joomla\utilities\string.php --> ftp3.ftptoyoursite.com /web/content/SITE-TEST/libraries/joomla/utilities string.php
2012.09.04 10:54 B C:\inetpub\wwwroot\libraries\joomla\utilities\utility.php --> ftp3.ftptoyoursite.com /web/content/SITE-TEST/libraries/joomla/utilities utility.php
2012.09.04 10:54 B C:\inetpub\wwwroot\libraries\joomla\utilities\WS_FTP.LOG --> ftp3.ftptoyoursite.com /web/content/SITE-TEST/libraries/joomla/utilities WS_FTP.LOG
2012.09.04 10:54 B C:\inetpub\wwwroot\libraries\joomla\utilities\xmlelement.php --> ftp3.ftptoyoursite.com /web/content/SITE-TEST/libraries/joomla/utilities xmlelement.php
2012.09.06 15:13 B C:\inetpub\wwwroot\libraries\joomla\utilities\arrayhelper.php --> ftp3.ftptoyoursite.com /web/content/SITEBACKUP_962012/libraries/joomla/utilities arrayhelper.php
2012.09.06 15:13 B C:\inetpub\wwwroot\libraries\joomla\utilities\buffer.php --> ftp3.ftptoyoursite.com /web/content/SITEBACKUP_962012/libraries/joomla/utilities buffer.php
2012.09.06 15:13 B C:\inetpub\wwwroot\libraries\joomla\utilities\date.php --> ftp3.ftptoyoursite.com /web/content/SITEBACKUP_962012/libraries/joomla/utilities date.php
2012.09.06 15:13 B C:\inetpub\wwwroot\libraries\joomla\utilities\index.html --> ftp3.ftptoyoursite.com /web/content/SITEBACKUP_962012/libraries/joomla/utilities index.html
2012.09.06 15:13 B C:\inetpub\wwwroot\libraries\joomla\utilities\simplecrypt.php --> ftp3.ftptoyoursite.com /web/content/SITEBACKUP_962012/libraries/joomla/utilities simplecrypt.php
2012.09.06 15:13 B C:\inetpub\wwwroot\libraries\joomla\utilities\simplexml.php --> ftp3.ftptoyoursite.com /web/content/SITEBACKUP_962012/libraries/joomla/utilities simplexml.php
2012.09.06 15:13 B C:\inetpub\wwwroot\libraries\joomla\utilities\string.php --> ftp3.ftptoyoursite.com /web/content/SITEBACKUP_962012/libraries/joomla/utilities string.php
2012.09.06 15:13 B C:\inetpub\wwwroot\libraries\joomla\utilities\utility.php --> ftp3.ftptoyoursite.com /web/content/SITEBACKUP_962012/libraries/joomla/utilities utility.php
2012.09.06 15:13 B C:\inetpub\wwwroot\libraries\joomla\utilities\WS_FTP.LOG --> ftp3.ftptoyoursite.com /web/content/SITEBACKUP_962012/libraries/joomla/utilities WS_FTP.LOG
2012.09.06 15:13 B C:\inetpub\wwwroot\libraries\joomla\utilities\xmlelement.php --> ftp3.ftptoyoursite.com /web/content/SITEBACKUP_962012/libraries/joomla/utilities xmlelement.php
2012.10.23 09:15 B C:\inetpub\wwwroot\libraries\joomla\utilities\arrayhelper.php --> ftp3.ftptoyoursite.com /web/content/libraries/joomla/utilities arrayhelper.php
2012.10.23 09:15 B C:\inetpub\wwwroot\libraries\joomla\utilities\buffer.php --> ftp3.ftptoyoursite.com /web/content/libraries/joomla/utilities buffer.php
2012.10.23 09:15 B C:\inetpub\wwwroot\libraries\joomla\utilities\date.php --> ftp3.ftptoyoursite.com /web/content/libraries/joomla/utilities date.php
2012.10.23 09:15 B C:\inetpub\wwwroot\libraries\joomla\utilities\index.html --> ftp3.ftptoyoursite.com /web/content/libraries/joomla/utilities index.html
2012.10.23 09:15 B C:\inetpub\wwwroot\libraries\joomla\utilities\simplecrypt.php --> ftp3.ftptoyoursite.com /web/content/libraries/joomla/utilities simplecrypt.php
2012.10.23 09:15 B C:\inetpub\wwwroot\libraries\joomla\utilities\simplexml.php --> ftp3.ftptoyoursite.com /web/content/libraries/joomla/utilities simplexml.php
2012.10.23 09:15 B C:\inetpub\wwwroot\libraries\joomla\utilities\string.php --> ftp3.ftptoyoursite.com /web/content/libraries/joomla/utilities string.php
2012.10.23 09:15 B C:\inetpub\wwwroot\libraries\joomla\utilities\utility.php --> ftp3.ftptoyoursite.com /web/content/libraries/joomla/utilities utility.php
2012.10.23 09:15 B C:\inetpub\wwwroot\libraries\joomla\utilities\WS_FTP.LOG --> ftp3.ftptoyoursite.com /web/content/libraries/joomla/utilities WS_FTP.LOG
2012.10.23 09:15 B C:\inetpub\wwwroot\libraries\joomla\utilities\xmlelement.php --> ftp3.ftptoyoursite.com /web/content/libraries/joomla/utilities xmlelement.php
2013.02.01 14:54 B C:\inetpub\wwwroot\libraries\joomla\utilities\WS_FTP.LOG <-- Schubert Rackspace /web/content/libraries/joomla/utilities WS_FTP.LOG
2013.02.01 14:54 B C:\inetpub\wwwroot\libraries\joomla\utilities\xmlelement.php <-- Schubert Rackspace /web/content/libraries/joomla/utilities xmlelement.php
