2012.07.25 12:13 B C:\Users\COBRIEN\Desktop\Schubert\administrator\manifests\libraries\index.html <-- Schubert Rackspace /web/content/administrator/manifests/libraries index.html
2012.07.25 12:13 B C:\Users\COBRIEN\Desktop\Schubert\administrator\manifests\libraries\joomla.xml <-- Schubert Rackspace /web/content/administrator/manifests/libraries joomla.xml
2012.07.25 12:13 B C:\Users\COBRIEN\Desktop\Schubert\administrator\manifests\libraries\phpmailer.xml <-- Schubert Rackspace /web/content/administrator/manifests/libraries phpmailer.xml
2012.07.25 12:13 B C:\Users\COBRIEN\Desktop\Schubert\administrator\manifests\libraries\phputf8.xml <-- Schubert Rackspace /web/content/administrator/manifests/libraries phputf8.xml
2012.07.25 12:13 B C:\Users\COBRIEN\Desktop\Schubert\administrator\manifests\libraries\simplepie.xml <-- Schubert Rackspace /web/content/administrator/manifests/libraries simplepie.xml
2012.07.25 12:13 B C:\Users\COBRIEN\Desktop\Schubert\administrator\manifests\libraries\tcpdf.xml <-- Schubert Rackspace /web/content/administrator/manifests/libraries tcpdf.xml
2012.09.04 10:47 B C:\inetpub\wwwroot\administrator\manifests\libraries\index.html --> ftp3.ftptoyoursite.com /web/content/SITE-TEST/administrator/manifests/libraries index.html
2012.09.04 10:47 B C:\inetpub\wwwroot\administrator\manifests\libraries\joomla.xml --> ftp3.ftptoyoursite.com /web/content/SITE-TEST/administrator/manifests/libraries joomla.xml
2012.09.04 10:47 B C:\inetpub\wwwroot\administrator\manifests\libraries\phpmailer.xml --> ftp3.ftptoyoursite.com /web/content/SITE-TEST/administrator/manifests/libraries phpmailer.xml
2012.09.04 10:47 B C:\inetpub\wwwroot\administrator\manifests\libraries\phputf8.xml --> ftp3.ftptoyoursite.com /web/content/SITE-TEST/administrator/manifests/libraries phputf8.xml
2012.09.04 10:47 B C:\inetpub\wwwroot\administrator\manifests\libraries\simplepie.xml --> ftp3.ftptoyoursite.com /web/content/SITE-TEST/administrator/manifests/libraries simplepie.xml
2012.09.04 10:47 B C:\inetpub\wwwroot\administrator\manifests\libraries\tcpdf.xml --> ftp3.ftptoyoursite.com /web/content/SITE-TEST/administrator/manifests/libraries tcpdf.xml
2012.09.04 10:47 B C:\inetpub\wwwroot\administrator\manifests\libraries\WS_FTP.LOG --> ftp3.ftptoyoursite.com /web/content/SITE-TEST/administrator/manifests/libraries WS_FTP.LOG
2012.09.06 15:05 B C:\inetpub\wwwroot\administrator\manifests\libraries\index.html --> ftp3.ftptoyoursite.com /web/content/SITEBACKUP_962012/administrator/manifests/libraries index.html
2012.09.06 15:05 B C:\inetpub\wwwroot\administrator\manifests\libraries\joomla.xml --> ftp3.ftptoyoursite.com /web/content/SITEBACKUP_962012/administrator/manifests/libraries joomla.xml
2012.09.06 15:05 B C:\inetpub\wwwroot\administrator\manifests\libraries\phpmailer.xml --> ftp3.ftptoyoursite.com /web/content/SITEBACKUP_962012/administrator/manifests/libraries phpmailer.xml
2012.09.06 15:05 B C:\inetpub\wwwroot\administrator\manifests\libraries\phputf8.xml --> ftp3.ftptoyoursite.com /web/content/SITEBACKUP_962012/administrator/manifests/libraries phputf8.xml
2012.09.06 15:05 B C:\inetpub\wwwroot\administrator\manifests\libraries\simplepie.xml --> ftp3.ftptoyoursite.com /web/content/SITEBACKUP_962012/administrator/manifests/libraries simplepie.xml
2012.09.06 15:05 B C:\inetpub\wwwroot\administrator\manifests\libraries\tcpdf.xml --> ftp3.ftptoyoursite.com /web/content/SITEBACKUP_962012/administrator/manifests/libraries tcpdf.xml
2012.09.06 15:05 B C:\inetpub\wwwroot\administrator\manifests\libraries\WS_FTP.LOG --> ftp3.ftptoyoursite.com /web/content/SITEBACKUP_962012/administrator/manifests/libraries WS_FTP.LOG
2012.09.06 15:47 B C:\inetpub\wwwroot\administrator\manifests\libraries\index.html <-- Schubert Rackspace /web/content/SITEBACKUP_962012/administrator/manifests/libraries index.html
2012.09.06 15:47 B C:\inetpub\wwwroot\administrator\manifests\libraries\joomla.xml <-- Schubert Rackspace /web/content/SITEBACKUP_962012/administrator/manifests/libraries joomla.xml
2012.09.06 15:47 B C:\inetpub\wwwroot\administrator\manifests\libraries\phpmailer.xml <-- Schubert Rackspace /web/content/SITEBACKUP_962012/administrator/manifests/libraries phpmailer.xml
2012.09.06 15:47 B C:\inetpub\wwwroot\administrator\manifests\libraries\phputf8.xml <-- Schubert Rackspace /web/content/SITEBACKUP_962012/administrator/manifests/libraries phputf8.xml
2012.09.06 15:47 B C:\inetpub\wwwroot\administrator\manifests\libraries\simplepie.xml <-- Schubert Rackspace /web/content/SITEBACKUP_962012/administrator/manifests/libraries simplepie.xml
2012.09.06 15:47 B C:\inetpub\wwwroot\administrator\manifests\libraries\tcpdf.xml <-- Schubert Rackspace /web/content/SITEBACKUP_962012/administrator/manifests/libraries tcpdf.xml
2012.10.23 09:09 B C:\inetpub\wwwroot\administrator\manifests\libraries\index.html --> ftp3.ftptoyoursite.com /web/content/administrator/manifests/libraries index.html
2012.10.23 09:09 B C:\inetpub\wwwroot\administrator\manifests\libraries\joomla.xml --> ftp3.ftptoyoursite.com /web/content/administrator/manifests/libraries joomla.xml
2012.10.23 09:09 B C:\inetpub\wwwroot\administrator\manifests\libraries\phpmailer.xml --> ftp3.ftptoyoursite.com /web/content/administrator/manifests/libraries phpmailer.xml
2012.10.23 09:09 B C:\inetpub\wwwroot\administrator\manifests\libraries\phputf8.xml --> ftp3.ftptoyoursite.com /web/content/administrator/manifests/libraries phputf8.xml
2012.10.23 09:09 B C:\inetpub\wwwroot\administrator\manifests\libraries\simplepie.xml --> ftp3.ftptoyoursite.com /web/content/administrator/manifests/libraries simplepie.xml
2012.10.23 09:09 B C:\inetpub\wwwroot\administrator\manifests\libraries\tcpdf.xml --> ftp3.ftptoyoursite.com /web/content/administrator/manifests/libraries tcpdf.xml
2012.10.23 09:09 B C:\inetpub\wwwroot\administrator\manifests\libraries\WS_FTP.LOG --> ftp3.ftptoyoursite.com /web/content/administrator/manifests/libraries WS_FTP.LOG
2013.02.01 14:45 B C:\inetpub\wwwroot\administrator\manifests\libraries\WS_FTP.LOG <-- Schubert Rackspace /web/content/administrator/manifests/libraries WS_FTP.LOG
