2012.07.25 12:18 B C:\Users\COBRIEN\Desktop\Schubert\libraries\joomla\html\toolbar\button\confirm.php <-- Schubert Rackspace /web/content/libraries/joomla/html/toolbar/button confirm.php
2012.07.25 12:18 B C:\Users\COBRIEN\Desktop\Schubert\libraries\joomla\html\toolbar\button\custom.php <-- Schubert Rackspace /web/content/libraries/joomla/html/toolbar/button custom.php
2012.07.25 12:18 B C:\Users\COBRIEN\Desktop\Schubert\libraries\joomla\html\toolbar\button\help.php <-- Schubert Rackspace /web/content/libraries/joomla/html/toolbar/button help.php
2012.07.25 12:18 B C:\Users\COBRIEN\Desktop\Schubert\libraries\joomla\html\toolbar\button\index.html <-- Schubert Rackspace /web/content/libraries/joomla/html/toolbar/button index.html
2012.07.25 12:18 B C:\Users\COBRIEN\Desktop\Schubert\libraries\joomla\html\toolbar\button\link.php <-- Schubert Rackspace /web/content/libraries/joomla/html/toolbar/button link.php
2012.07.25 12:18 B C:\Users\COBRIEN\Desktop\Schubert\libraries\joomla\html\toolbar\button\popup.php <-- Schubert Rackspace /web/content/libraries/joomla/html/toolbar/button popup.php
2012.07.25 12:18 B C:\Users\COBRIEN\Desktop\Schubert\libraries\joomla\html\toolbar\button\separator.php <-- Schubert Rackspace /web/content/libraries/joomla/html/toolbar/button separator.php
2012.07.25 12:18 B C:\Users\COBRIEN\Desktop\Schubert\libraries\joomla\html\toolbar\button\standard.php <-- Schubert Rackspace /web/content/libraries/joomla/html/toolbar/button standard.php
2012.09.04 10:54 B C:\inetpub\wwwroot\libraries\joomla\html\toolbar\button\confirm.php --> ftp3.ftptoyoursite.com /web/content/SITE-TEST/libraries/joomla/html/toolbar/button confirm.php
2012.09.04 10:54 B C:\inetpub\wwwroot\libraries\joomla\html\toolbar\button\custom.php --> ftp3.ftptoyoursite.com /web/content/SITE-TEST/libraries/joomla/html/toolbar/button custom.php
2012.09.04 10:54 B C:\inetpub\wwwroot\libraries\joomla\html\toolbar\button\help.php --> ftp3.ftptoyoursite.com /web/content/SITE-TEST/libraries/joomla/html/toolbar/button help.php
2012.09.04 10:54 B C:\inetpub\wwwroot\libraries\joomla\html\toolbar\button\index.html --> ftp3.ftptoyoursite.com /web/content/SITE-TEST/libraries/joomla/html/toolbar/button index.html
2012.09.04 10:54 B C:\inetpub\wwwroot\libraries\joomla\html\toolbar\button\link.php --> ftp3.ftptoyoursite.com /web/content/SITE-TEST/libraries/joomla/html/toolbar/button link.php
2012.09.04 10:54 B C:\inetpub\wwwroot\libraries\joomla\html\toolbar\button\popup.php --> ftp3.ftptoyoursite.com /web/content/SITE-TEST/libraries/joomla/html/toolbar/button popup.php
2012.09.04 10:54 B C:\inetpub\wwwroot\libraries\joomla\html\toolbar\button\separator.php --> ftp3.ftptoyoursite.com /web/content/SITE-TEST/libraries/joomla/html/toolbar/button separator.php
2012.09.04 10:54 B C:\inetpub\wwwroot\libraries\joomla\html\toolbar\button\standard.php --> ftp3.ftptoyoursite.com /web/content/SITE-TEST/libraries/joomla/html/toolbar/button standard.php
2012.09.04 10:54 B C:\inetpub\wwwroot\libraries\joomla\html\toolbar\button\WS_FTP.LOG --> ftp3.ftptoyoursite.com /web/content/SITE-TEST/libraries/joomla/html/toolbar/button WS_FTP.LOG
2012.09.06 15:12 B C:\inetpub\wwwroot\libraries\joomla\html\toolbar\button\confirm.php --> ftp3.ftptoyoursite.com /web/content/SITEBACKUP_962012/libraries/joomla/html/toolbar/button confirm.php
2012.09.06 15:12 B C:\inetpub\wwwroot\libraries\joomla\html\toolbar\button\custom.php --> ftp3.ftptoyoursite.com /web/content/SITEBACKUP_962012/libraries/joomla/html/toolbar/button custom.php
2012.09.06 15:12 B C:\inetpub\wwwroot\libraries\joomla\html\toolbar\button\help.php --> ftp3.ftptoyoursite.com /web/content/SITEBACKUP_962012/libraries/joomla/html/toolbar/button help.php
2012.09.06 15:12 B C:\inetpub\wwwroot\libraries\joomla\html\toolbar\button\index.html --> ftp3.ftptoyoursite.com /web/content/SITEBACKUP_962012/libraries/joomla/html/toolbar/button index.html
2012.09.06 15:12 B C:\inetpub\wwwroot\libraries\joomla\html\toolbar\button\link.php --> ftp3.ftptoyoursite.com /web/content/SITEBACKUP_962012/libraries/joomla/html/toolbar/button link.php
2012.09.06 15:12 B C:\inetpub\wwwroot\libraries\joomla\html\toolbar\button\popup.php --> ftp3.ftptoyoursite.com /web/content/SITEBACKUP_962012/libraries/joomla/html/toolbar/button popup.php
2012.09.06 15:12 B C:\inetpub\wwwroot\libraries\joomla\html\toolbar\button\separator.php --> ftp3.ftptoyoursite.com /web/content/SITEBACKUP_962012/libraries/joomla/html/toolbar/button separator.php
2012.09.06 15:12 B C:\inetpub\wwwroot\libraries\joomla\html\toolbar\button\standard.php --> ftp3.ftptoyoursite.com /web/content/SITEBACKUP_962012/libraries/joomla/html/toolbar/button standard.php
2012.09.06 15:12 B C:\inetpub\wwwroot\libraries\joomla\html\toolbar\button\WS_FTP.LOG --> ftp3.ftptoyoursite.com /web/content/SITEBACKUP_962012/libraries/joomla/html/toolbar/button WS_FTP.LOG
2012.10.23 09:15 B C:\inetpub\wwwroot\libraries\joomla\html\toolbar\button\confirm.php --> ftp3.ftptoyoursite.com /web/content/libraries/joomla/html/toolbar/button confirm.php
2012.10.23 09:15 B C:\inetpub\wwwroot\libraries\joomla\html\toolbar\button\custom.php --> ftp3.ftptoyoursite.com /web/content/libraries/joomla/html/toolbar/button custom.php
2012.10.23 09:15 B C:\inetpub\wwwroot\libraries\joomla\html\toolbar\button\help.php --> ftp3.ftptoyoursite.com /web/content/libraries/joomla/html/toolbar/button help.php
2012.10.23 09:15 B C:\inetpub\wwwroot\libraries\joomla\html\toolbar\button\index.html --> ftp3.ftptoyoursite.com /web/content/libraries/joomla/html/toolbar/button index.html
2012.10.23 09:15 B C:\inetpub\wwwroot\libraries\joomla\html\toolbar\button\link.php --> ftp3.ftptoyoursite.com /web/content/libraries/joomla/html/toolbar/button link.php
2012.10.23 09:15 B C:\inetpub\wwwroot\libraries\joomla\html\toolbar\button\popup.php --> ftp3.ftptoyoursite.com /web/content/libraries/joomla/html/toolbar/button popup.php
2012.10.23 09:15 B C:\inetpub\wwwroot\libraries\joomla\html\toolbar\button\separator.php --> ftp3.ftptoyoursite.com /web/content/libraries/joomla/html/toolbar/button separator.php
2012.10.23 09:15 B C:\inetpub\wwwroot\libraries\joomla\html\toolbar\button\standard.php --> ftp3.ftptoyoursite.com /web/content/libraries/joomla/html/toolbar/button standard.php
2012.10.23 09:15 B C:\inetpub\wwwroot\libraries\joomla\html\toolbar\button\WS_FTP.LOG --> ftp3.ftptoyoursite.com /web/content/libraries/joomla/html/toolbar/button WS_FTP.LOG
2013.02.01 14:54 B C:\inetpub\wwwroot\libraries\joomla\html\toolbar\button\WS_FTP.LOG <-- Schubert Rackspace /web/content/libraries/joomla/html/toolbar/button WS_FTP.LOG
