2012.07.25 12:10 B C:\Users\COBRIEN\Desktop\Schubert\administrator\components\com_acesearch\assets\js\colorpicker.js <-- Schubert Rackspace /web/content/administrator/components/com_acesearch/assets/js colorpicker.js
2012.07.25 12:10 B C:\Users\COBRIEN\Desktop\Schubert\administrator\components\com_acesearch\assets\js\eye.js <-- Schubert Rackspace /web/content/administrator/components/com_acesearch/assets/js eye.js
2012.07.25 12:10 B C:\Users\COBRIEN\Desktop\Schubert\administrator\components\com_acesearch\assets\js\index.html <-- Schubert Rackspace /web/content/administrator/components/com_acesearch/assets/js index.html
2012.07.25 12:10 B C:\Users\COBRIEN\Desktop\Schubert\administrator\components\com_acesearch\assets\js\jquery.js <-- Schubert Rackspace /web/content/administrator/components/com_acesearch/assets/js jquery.js
2012.07.25 12:10 B C:\Users\COBRIEN\Desktop\Schubert\administrator\components\com_acesearch\assets\js\layout.js <-- Schubert Rackspace /web/content/administrator/components/com_acesearch/assets/js layout.js
2012.09.04 10:43 B C:\inetpub\wwwroot\administrator\components\com_acesearch\assets\js\colorpicker.js --> ftp3.ftptoyoursite.com /web/content/SITE-TEST/administrator/components/com_acesearch/assets/js colorpicker.js
2012.09.04 10:43 B C:\inetpub\wwwroot\administrator\components\com_acesearch\assets\js\eye.js --> ftp3.ftptoyoursite.com /web/content/SITE-TEST/administrator/components/com_acesearch/assets/js eye.js
2012.09.04 10:43 B C:\inetpub\wwwroot\administrator\components\com_acesearch\assets\js\index.html --> ftp3.ftptoyoursite.com /web/content/SITE-TEST/administrator/components/com_acesearch/assets/js index.html
2012.09.04 10:43 B C:\inetpub\wwwroot\administrator\components\com_acesearch\assets\js\jquery.js --> ftp3.ftptoyoursite.com /web/content/SITE-TEST/administrator/components/com_acesearch/assets/js jquery.js
2012.09.04 10:43 B C:\inetpub\wwwroot\administrator\components\com_acesearch\assets\js\layout.js --> ftp3.ftptoyoursite.com /web/content/SITE-TEST/administrator/components/com_acesearch/assets/js layout.js
2012.09.04 10:43 B C:\inetpub\wwwroot\administrator\components\com_acesearch\assets\js\WS_FTP.LOG --> ftp3.ftptoyoursite.com /web/content/SITE-TEST/administrator/components/com_acesearch/assets/js WS_FTP.LOG
2012.09.06 14:57 B C:\inetpub\wwwroot\administrator\components\com_acesearch\assets\js\colorpicker.js --> ftp3.ftptoyoursite.com /web/content/SITEBACKUP_962012/administrator/components/com_acesearch/assets/js colorpicker.js
2012.09.06 14:57 B C:\inetpub\wwwroot\administrator\components\com_acesearch\assets\js\eye.js --> ftp3.ftptoyoursite.com /web/content/SITEBACKUP_962012/administrator/components/com_acesearch/assets/js eye.js
2012.09.06 14:57 B C:\inetpub\wwwroot\administrator\components\com_acesearch\assets\js\index.html --> ftp3.ftptoyoursite.com /web/content/SITEBACKUP_962012/administrator/components/com_acesearch/assets/js index.html
2012.09.06 14:57 B C:\inetpub\wwwroot\administrator\components\com_acesearch\assets\js\jquery.js --> ftp3.ftptoyoursite.com /web/content/SITEBACKUP_962012/administrator/components/com_acesearch/assets/js jquery.js
2012.09.06 14:57 B C:\inetpub\wwwroot\administrator\components\com_acesearch\assets\js\layout.js --> ftp3.ftptoyoursite.com /web/content/SITEBACKUP_962012/administrator/components/com_acesearch/assets/js layout.js
2012.09.06 14:57 B C:\inetpub\wwwroot\administrator\components\com_acesearch\assets\js\WS_FTP.LOG --> ftp3.ftptoyoursite.com /web/content/SITEBACKUP_962012/administrator/components/com_acesearch/assets/js WS_FTP.LOG
2012.09.06 15:20 B C:\inetpub\wwwroot\administrator\components\com_acesearch\assets\js\colorpicker.js <-- Schubert Rackspace /web/content/administrator/components/com_acesearch/assets/js colorpicker.js
2012.09.06 15:20 B C:\inetpub\wwwroot\administrator\components\com_acesearch\assets\js\eye.js <-- Schubert Rackspace /web/content/administrator/components/com_acesearch/assets/js eye.js
2012.09.06 15:20 B C:\inetpub\wwwroot\administrator\components\com_acesearch\assets\js\index.html <-- Schubert Rackspace /web/content/administrator/components/com_acesearch/assets/js index.html
2012.09.06 15:20 B C:\inetpub\wwwroot\administrator\components\com_acesearch\assets\js\jquery.js <-- Schubert Rackspace /web/content/administrator/components/com_acesearch/assets/js jquery.js
2012.09.06 15:20 B C:\inetpub\wwwroot\administrator\components\com_acesearch\assets\js\layout.js <-- Schubert Rackspace /web/content/administrator/components/com_acesearch/assets/js layout.js
2012.09.06 15:43 B C:\inetpub\wwwroot\administrator\components\com_acesearch\assets\js\colorpicker.js <-- Schubert Rackspace /web/content/SITEBACKUP_962012/administrator/components/com_acesearch/assets/js colorpicker.js
2012.09.06 15:43 B C:\inetpub\wwwroot\administrator\components\com_acesearch\assets\js\eye.js <-- Schubert Rackspace /web/content/SITEBACKUP_962012/administrator/components/com_acesearch/assets/js eye.js
2012.09.06 15:43 B C:\inetpub\wwwroot\administrator\components\com_acesearch\assets\js\index.html <-- Schubert Rackspace /web/content/SITEBACKUP_962012/administrator/components/com_acesearch/assets/js index.html
2012.09.06 15:43 B C:\inetpub\wwwroot\administrator\components\com_acesearch\assets\js\jquery.js <-- Schubert Rackspace /web/content/SITEBACKUP_962012/administrator/components/com_acesearch/assets/js jquery.js
2012.09.06 15:43 B C:\inetpub\wwwroot\administrator\components\com_acesearch\assets\js\layout.js <-- Schubert Rackspace /web/content/SITEBACKUP_962012/administrator/components/com_acesearch/assets/js layout.js
2012.10.23 09:03 B C:\inetpub\wwwroot\administrator\components\com_acesearch\assets\js\colorpicker.js --> ftp3.ftptoyoursite.com /web/content/administrator/components/com_acesearch/assets/js colorpicker.js
2012.10.23 09:03 B C:\inetpub\wwwroot\administrator\components\com_acesearch\assets\js\eye.js --> ftp3.ftptoyoursite.com /web/content/administrator/components/com_acesearch/assets/js eye.js
2012.10.23 09:03 B C:\inetpub\wwwroot\administrator\components\com_acesearch\assets\js\index.html --> ftp3.ftptoyoursite.com /web/content/administrator/components/com_acesearch/assets/js index.html
2012.10.23 09:03 B C:\inetpub\wwwroot\administrator\components\com_acesearch\assets\js\jquery.js --> ftp3.ftptoyoursite.com /web/content/administrator/components/com_acesearch/assets/js jquery.js
2012.10.23 09:03 B C:\inetpub\wwwroot\administrator\components\com_acesearch\assets\js\layout.js --> ftp3.ftptoyoursite.com /web/content/administrator/components/com_acesearch/assets/js layout.js
2012.10.23 09:03 B C:\inetpub\wwwroot\administrator\components\com_acesearch\assets\js\WS_FTP.LOG --> ftp3.ftptoyoursite.com /web/content/administrator/components/com_acesearch/assets/js WS_FTP.LOG
2013.02.01 14:39 B C:\inetpub\wwwroot\administrator\components\com_acesearch\assets\js\WS_FTP.LOG <-- Schubert Rackspace /web/content/administrator/components/com_acesearch/assets/js WS_FTP.LOG
