2012.07.25 12:16 B C:\Users\COBRIEN\Desktop\Schubert\components\com_weblinks\views\category\tmpl\default.php <-- Schubert Rackspace /web/content/components/com_weblinks/views/category/tmpl default.php
2012.07.25 12:16 B C:\Users\COBRIEN\Desktop\Schubert\components\com_weblinks\views\category\tmpl\default.xml <-- Schubert Rackspace /web/content/components/com_weblinks/views/category/tmpl default.xml
2012.07.25 12:16 B C:\Users\COBRIEN\Desktop\Schubert\components\com_weblinks\views\category\tmpl\default_children.php <-- Schubert Rackspace /web/content/components/com_weblinks/views/category/tmpl default_children.php
2012.07.25 12:16 B C:\Users\COBRIEN\Desktop\Schubert\components\com_weblinks\views\category\tmpl\default_items.php <-- Schubert Rackspace /web/content/components/com_weblinks/views/category/tmpl default_items.php
2012.07.25 12:16 B C:\Users\COBRIEN\Desktop\Schubert\components\com_weblinks\views\category\tmpl\index.html <-- Schubert Rackspace /web/content/components/com_weblinks/views/category/tmpl index.html
2012.09.04 10:52 B C:\inetpub\wwwroot\components\com_weblinks\views\category\tmpl\default.php --> ftp3.ftptoyoursite.com /web/content/SITE-TEST/components/com_weblinks/views/category/tmpl default.php
2012.09.04 10:52 B C:\inetpub\wwwroot\components\com_weblinks\views\category\tmpl\default.xml --> ftp3.ftptoyoursite.com /web/content/SITE-TEST/components/com_weblinks/views/category/tmpl default.xml
2012.09.04 10:52 B C:\inetpub\wwwroot\components\com_weblinks\views\category\tmpl\default_children.php --> ftp3.ftptoyoursite.com /web/content/SITE-TEST/components/com_weblinks/views/category/tmpl default_children.php
2012.09.04 10:52 B C:\inetpub\wwwroot\components\com_weblinks\views\category\tmpl\default_items.php --> ftp3.ftptoyoursite.com /web/content/SITE-TEST/components/com_weblinks/views/category/tmpl default_items.php
2012.09.04 10:52 B C:\inetpub\wwwroot\components\com_weblinks\views\category\tmpl\index.html --> ftp3.ftptoyoursite.com /web/content/SITE-TEST/components/com_weblinks/views/category/tmpl index.html
2012.09.04 10:52 B C:\inetpub\wwwroot\components\com_weblinks\views\category\tmpl\WS_FTP.LOG --> ftp3.ftptoyoursite.com /web/content/SITE-TEST/components/com_weblinks/views/category/tmpl WS_FTP.LOG
2012.09.06 15:09 B C:\inetpub\wwwroot\components\com_weblinks\views\category\tmpl\default.php --> ftp3.ftptoyoursite.com /web/content/SITEBACKUP_962012/components/com_weblinks/views/category/tmpl default.php
2012.09.06 15:09 B C:\inetpub\wwwroot\components\com_weblinks\views\category\tmpl\default.xml --> ftp3.ftptoyoursite.com /web/content/SITEBACKUP_962012/components/com_weblinks/views/category/tmpl default.xml
2012.09.06 15:09 B C:\inetpub\wwwroot\components\com_weblinks\views\category\tmpl\default_children.php --> ftp3.ftptoyoursite.com /web/content/SITEBACKUP_962012/components/com_weblinks/views/category/tmpl default_children.php
2012.09.06 15:09 B C:\inetpub\wwwroot\components\com_weblinks\views\category\tmpl\default_items.php --> ftp3.ftptoyoursite.com /web/content/SITEBACKUP_962012/components/com_weblinks/views/category/tmpl default_items.php
2012.09.06 15:09 B C:\inetpub\wwwroot\components\com_weblinks\views\category\tmpl\index.html --> ftp3.ftptoyoursite.com /web/content/SITEBACKUP_962012/components/com_weblinks/views/category/tmpl index.html
2012.09.06 15:09 B C:\inetpub\wwwroot\components\com_weblinks\views\category\tmpl\WS_FTP.LOG --> ftp3.ftptoyoursite.com /web/content/SITEBACKUP_962012/components/com_weblinks/views/category/tmpl WS_FTP.LOG
2012.09.06 15:49 B C:\inetpub\wwwroot\components\com_weblinks\views\category\tmpl\default.php <-- Schubert Rackspace /web/content/SITEBACKUP_962012/components/com_weblinks/views/category/tmpl default.php
2012.09.06 15:49 B C:\inetpub\wwwroot\components\com_weblinks\views\category\tmpl\default.xml <-- Schubert Rackspace /web/content/SITEBACKUP_962012/components/com_weblinks/views/category/tmpl default.xml
2012.09.06 15:49 B C:\inetpub\wwwroot\components\com_weblinks\views\category\tmpl\default_children.php <-- Schubert Rackspace /web/content/SITEBACKUP_962012/components/com_weblinks/views/category/tmpl default_children.php
2012.09.06 15:49 B C:\inetpub\wwwroot\components\com_weblinks\views\category\tmpl\default_items.php <-- Schubert Rackspace /web/content/SITEBACKUP_962012/components/com_weblinks/views/category/tmpl default_items.php
2012.09.06 15:49 B C:\inetpub\wwwroot\components\com_weblinks\views\category\tmpl\index.html <-- Schubert Rackspace /web/content/SITEBACKUP_962012/components/com_weblinks/views/category/tmpl index.html
2012.10.23 09:13 B C:\inetpub\wwwroot\components\com_weblinks\views\category\tmpl\default.php --> ftp3.ftptoyoursite.com /web/content/components/com_weblinks/views/category/tmpl default.php
2012.10.23 09:13 B C:\inetpub\wwwroot\components\com_weblinks\views\category\tmpl\default.xml --> ftp3.ftptoyoursite.com /web/content/components/com_weblinks/views/category/tmpl default.xml
2012.10.23 09:13 B C:\inetpub\wwwroot\components\com_weblinks\views\category\tmpl\default_children.php --> ftp3.ftptoyoursite.com /web/content/components/com_weblinks/views/category/tmpl default_children.php
2012.10.23 09:13 B C:\inetpub\wwwroot\components\com_weblinks\views\category\tmpl\default_items.php --> ftp3.ftptoyoursite.com /web/content/components/com_weblinks/views/category/tmpl default_items.php
2012.10.23 09:13 B C:\inetpub\wwwroot\components\com_weblinks\views\category\tmpl\index.html --> ftp3.ftptoyoursite.com /web/content/components/com_weblinks/views/category/tmpl index.html
2012.10.23 09:13 B C:\inetpub\wwwroot\components\com_weblinks\views\category\tmpl\WS_FTP.LOG --> ftp3.ftptoyoursite.com /web/content/components/com_weblinks/views/category/tmpl WS_FTP.LOG
2013.02.01 14:50 B C:\inetpub\wwwroot\components\com_weblinks\views\category\tmpl\WS_FTP.LOG <-- Schubert Rackspace /web/content/components/com_weblinks/views/category/tmpl WS_FTP.LOG
