2012.07.25 12:14 B C:\Users\COBRIEN\Desktop\Schubert\components\com_acesearch\assets\css\acesearch.css <-- Schubert Rackspace /web/content/components/com_acesearch/assets/css acesearch.css
2012.07.25 12:14 B C:\Users\COBRIEN\Desktop\Schubert\components\com_acesearch\assets\css\acesearch_google.css <-- Schubert Rackspace /web/content/components/com_acesearch/assets/css acesearch_google.css
2012.07.25 12:14 B C:\Users\COBRIEN\Desktop\Schubert\components\com_acesearch\assets\css\acesearch_style1.css <-- Schubert Rackspace /web/content/components/com_acesearch/assets/css acesearch_style1.css
2012.07.25 12:14 B C:\Users\COBRIEN\Desktop\Schubert\components\com_acesearch\assets\css\index.html <-- Schubert Rackspace /web/content/components/com_acesearch/assets/css index.html
2012.09.04 10:50 B C:\inetpub\wwwroot\components\com_acesearch\assets\css\acesearch.css --> ftp3.ftptoyoursite.com /web/content/SITE-TEST/components/com_acesearch/assets/css acesearch.css
2012.09.04 10:50 B C:\inetpub\wwwroot\components\com_acesearch\assets\css\acesearch_google.css --> ftp3.ftptoyoursite.com /web/content/SITE-TEST/components/com_acesearch/assets/css acesearch_google.css
2012.09.04 10:50 B C:\inetpub\wwwroot\components\com_acesearch\assets\css\acesearch_style1.css --> ftp3.ftptoyoursite.com /web/content/SITE-TEST/components/com_acesearch/assets/css acesearch_style1.css
2012.09.04 10:50 B C:\inetpub\wwwroot\components\com_acesearch\assets\css\index.html --> ftp3.ftptoyoursite.com /web/content/SITE-TEST/components/com_acesearch/assets/css index.html
2012.09.04 10:50 B C:\inetpub\wwwroot\components\com_acesearch\assets\css\WS_FTP.LOG --> ftp3.ftptoyoursite.com /web/content/SITE-TEST/components/com_acesearch/assets/css WS_FTP.LOG
2012.09.06 15:07 B C:\inetpub\wwwroot\components\com_acesearch\assets\css\acesearch.css --> ftp3.ftptoyoursite.com /web/content/SITEBACKUP_962012/components/com_acesearch/assets/css acesearch.css
2012.09.06 15:07 B C:\inetpub\wwwroot\components\com_acesearch\assets\css\acesearch_google.css --> ftp3.ftptoyoursite.com /web/content/SITEBACKUP_962012/components/com_acesearch/assets/css acesearch_google.css
2012.09.06 15:07 B C:\inetpub\wwwroot\components\com_acesearch\assets\css\acesearch_style1.css --> ftp3.ftptoyoursite.com /web/content/SITEBACKUP_962012/components/com_acesearch/assets/css acesearch_style1.css
2012.09.06 15:07 B C:\inetpub\wwwroot\components\com_acesearch\assets\css\index.html --> ftp3.ftptoyoursite.com /web/content/SITEBACKUP_962012/components/com_acesearch/assets/css index.html
2012.09.06 15:07 B C:\inetpub\wwwroot\components\com_acesearch\assets\css\WS_FTP.LOG --> ftp3.ftptoyoursite.com /web/content/SITEBACKUP_962012/components/com_acesearch/assets/css WS_FTP.LOG
2012.09.06 15:48 B C:\inetpub\wwwroot\components\com_acesearch\assets\css\acesearch.css <-- Schubert Rackspace /web/content/SITEBACKUP_962012/components/com_acesearch/assets/css acesearch.css
2012.09.06 15:48 B C:\inetpub\wwwroot\components\com_acesearch\assets\css\acesearch_google.css <-- Schubert Rackspace /web/content/SITEBACKUP_962012/components/com_acesearch/assets/css acesearch_google.css
2012.09.06 15:48 B C:\inetpub\wwwroot\components\com_acesearch\assets\css\acesearch_style1.css <-- Schubert Rackspace /web/content/SITEBACKUP_962012/components/com_acesearch/assets/css acesearch_style1.css
2012.09.06 15:48 B C:\inetpub\wwwroot\components\com_acesearch\assets\css\index.html <-- Schubert Rackspace /web/content/SITEBACKUP_962012/components/com_acesearch/assets/css index.html
2012.10.23 09:11 B C:\inetpub\wwwroot\components\com_acesearch\assets\css\acesearch.css --> ftp3.ftptoyoursite.com /web/content/components/com_acesearch/assets/css acesearch.css
2012.10.23 09:11 B C:\inetpub\wwwroot\components\com_acesearch\assets\css\acesearch_google.css --> ftp3.ftptoyoursite.com /web/content/components/com_acesearch/assets/css acesearch_google.css
2012.10.23 09:11 B C:\inetpub\wwwroot\components\com_acesearch\assets\css\acesearch_style1.css --> ftp3.ftptoyoursite.com /web/content/components/com_acesearch/assets/css acesearch_style1.css
2012.10.23 09:11 B C:\inetpub\wwwroot\components\com_acesearch\assets\css\index.html --> ftp3.ftptoyoursite.com /web/content/components/com_acesearch/assets/css index.html
2012.10.23 09:11 B C:\inetpub\wwwroot\components\com_acesearch\assets\css\WS_FTP.LOG --> ftp3.ftptoyoursite.com /web/content/components/com_acesearch/assets/css WS_FTP.LOG
2013.02.01 14:47 B C:\inetpub\wwwroot\components\com_acesearch\assets\css\WS_FTP.LOG <-- Schubert Rackspace /web/content/components/com_acesearch/assets/css WS_FTP.LOG
