2012.07.25 12:20 B C:\Users\COBRIEN\Desktop\Schubert\modules\mod_whosonline\helper.php <-- Schubert Rackspace /web/content/modules/mod_whosonline helper.php
2012.07.25 12:20 B C:\Users\COBRIEN\Desktop\Schubert\modules\mod_whosonline\index.html <-- Schubert Rackspace /web/content/modules/mod_whosonline index.html
2012.07.25 12:20 B C:\Users\COBRIEN\Desktop\Schubert\modules\mod_whosonline\mod_whosonline.php <-- Schubert Rackspace /web/content/modules/mod_whosonline mod_whosonline.php
2012.07.25 12:20 B C:\Users\COBRIEN\Desktop\Schubert\modules\mod_whosonline\mod_whosonline.xml <-- Schubert Rackspace /web/content/modules/mod_whosonline mod_whosonline.xml
2012.09.04 10:56 B C:\inetpub\wwwroot\modules\mod_whosonline\helper.php --> ftp3.ftptoyoursite.com /web/content/SITE-TEST/modules/mod_whosonline helper.php
2012.09.04 10:56 B C:\inetpub\wwwroot\modules\mod_whosonline\index.html --> ftp3.ftptoyoursite.com /web/content/SITE-TEST/modules/mod_whosonline index.html
2012.09.04 10:56 B C:\inetpub\wwwroot\modules\mod_whosonline\mod_whosonline.php --> ftp3.ftptoyoursite.com /web/content/SITE-TEST/modules/mod_whosonline mod_whosonline.php
2012.09.04 10:56 B C:\inetpub\wwwroot\modules\mod_whosonline\mod_whosonline.xml --> ftp3.ftptoyoursite.com /web/content/SITE-TEST/modules/mod_whosonline mod_whosonline.xml
2012.09.04 10:56 B C:\inetpub\wwwroot\modules\mod_whosonline\WS_FTP.LOG --> ftp3.ftptoyoursite.com /web/content/SITE-TEST/modules/mod_whosonline WS_FTP.LOG
2012.09.06 15:15 B C:\inetpub\wwwroot\modules\mod_whosonline\helper.php --> ftp3.ftptoyoursite.com /web/content/SITEBACKUP_962012/modules/mod_whosonline helper.php
2012.09.06 15:15 B C:\inetpub\wwwroot\modules\mod_whosonline\index.html --> ftp3.ftptoyoursite.com /web/content/SITEBACKUP_962012/modules/mod_whosonline index.html
2012.09.06 15:15 B C:\inetpub\wwwroot\modules\mod_whosonline\mod_whosonline.php --> ftp3.ftptoyoursite.com /web/content/SITEBACKUP_962012/modules/mod_whosonline mod_whosonline.php
2012.09.06 15:15 B C:\inetpub\wwwroot\modules\mod_whosonline\mod_whosonline.xml --> ftp3.ftptoyoursite.com /web/content/SITEBACKUP_962012/modules/mod_whosonline mod_whosonline.xml
2012.09.06 15:15 B C:\inetpub\wwwroot\modules\mod_whosonline\WS_FTP.LOG --> ftp3.ftptoyoursite.com /web/content/SITEBACKUP_962012/modules/mod_whosonline WS_FTP.LOG
2012.10.23 09:17 B C:\inetpub\wwwroot\modules\mod_whosonline\helper.php --> ftp3.ftptoyoursite.com /web/content/modules/mod_whosonline helper.php
2012.10.23 09:17 B C:\inetpub\wwwroot\modules\mod_whosonline\index.html --> ftp3.ftptoyoursite.com /web/content/modules/mod_whosonline index.html
2012.10.23 09:17 B C:\inetpub\wwwroot\modules\mod_whosonline\mod_whosonline.php --> ftp3.ftptoyoursite.com /web/content/modules/mod_whosonline mod_whosonline.php
2012.10.23 09:17 B C:\inetpub\wwwroot\modules\mod_whosonline\mod_whosonline.xml --> ftp3.ftptoyoursite.com /web/content/modules/mod_whosonline mod_whosonline.xml
2012.10.23 09:17 B C:\inetpub\wwwroot\modules\mod_whosonline\WS_FTP.LOG --> ftp3.ftptoyoursite.com /web/content/modules/mod_whosonline WS_FTP.LOG
2013.02.01 15:03 B C:\inetpub\wwwroot\modules\mod_whosonline\WS_FTP.LOG <-- Schubert Rackspace /web/content/modules/mod_whosonline WS_FTP.LOG
