2012.07.25 12:11 B C:\Users\COBRIEN\Desktop\Schubert\administrator\components\com_menus\config.xml <-- Schubert Rackspace /web/content/administrator/components/com_menus config.xml
2012.07.25 12:11 B C:\Users\COBRIEN\Desktop\Schubert\administrator\components\com_menus\controller.php <-- Schubert Rackspace /web/content/administrator/components/com_menus controller.php
2012.07.25 12:11 B C:\Users\COBRIEN\Desktop\Schubert\administrator\components\com_menus\index.html <-- Schubert Rackspace /web/content/administrator/components/com_menus index.html
2012.07.25 12:11 B C:\Users\COBRIEN\Desktop\Schubert\administrator\components\com_menus\menus.php <-- Schubert Rackspace /web/content/administrator/components/com_menus menus.php
2012.07.25 12:11 B C:\Users\COBRIEN\Desktop\Schubert\administrator\components\com_menus\menus.xml <-- Schubert Rackspace /web/content/administrator/components/com_menus menus.xml
2012.09.04 10:45 B C:\inetpub\wwwroot\administrator\components\com_menus\config.xml --> ftp3.ftptoyoursite.com /web/content/SITE-TEST/administrator/components/com_menus config.xml
2012.09.04 10:45 B C:\inetpub\wwwroot\administrator\components\com_menus\controller.php --> ftp3.ftptoyoursite.com /web/content/SITE-TEST/administrator/components/com_menus controller.php
2012.09.04 10:45 B C:\inetpub\wwwroot\administrator\components\com_menus\index.html --> ftp3.ftptoyoursite.com /web/content/SITE-TEST/administrator/components/com_menus index.html
2012.09.04 10:45 B C:\inetpub\wwwroot\administrator\components\com_menus\menus.php --> ftp3.ftptoyoursite.com /web/content/SITE-TEST/administrator/components/com_menus menus.php
2012.09.04 10:45 B C:\inetpub\wwwroot\administrator\components\com_menus\menus.xml --> ftp3.ftptoyoursite.com /web/content/SITE-TEST/administrator/components/com_menus menus.xml
2012.09.04 10:45 B C:\inetpub\wwwroot\administrator\components\com_menus\WS_FTP.LOG --> ftp3.ftptoyoursite.com /web/content/SITE-TEST/administrator/components/com_menus WS_FTP.LOG
2012.09.06 15:00 B C:\inetpub\wwwroot\administrator\components\com_menus\config.xml --> ftp3.ftptoyoursite.com /web/content/SITEBACKUP_962012/administrator/components/com_menus config.xml
2012.09.06 15:00 B C:\inetpub\wwwroot\administrator\components\com_menus\controller.php --> ftp3.ftptoyoursite.com /web/content/SITEBACKUP_962012/administrator/components/com_menus controller.php
2012.09.06 15:00 B C:\inetpub\wwwroot\administrator\components\com_menus\index.html --> ftp3.ftptoyoursite.com /web/content/SITEBACKUP_962012/administrator/components/com_menus index.html
2012.09.06 15:00 B C:\inetpub\wwwroot\administrator\components\com_menus\menus.php --> ftp3.ftptoyoursite.com /web/content/SITEBACKUP_962012/administrator/components/com_menus menus.php
2012.09.06 15:00 B C:\inetpub\wwwroot\administrator\components\com_menus\menus.xml --> ftp3.ftptoyoursite.com /web/content/SITEBACKUP_962012/administrator/components/com_menus menus.xml
2012.09.06 15:00 B C:\inetpub\wwwroot\administrator\components\com_menus\WS_FTP.LOG --> ftp3.ftptoyoursite.com /web/content/SITEBACKUP_962012/administrator/components/com_menus WS_FTP.LOG
2012.09.06 15:21 B C:\inetpub\wwwroot\administrator\components\com_menus\access.xml <-- Schubert Rackspace /web/content/administrator/components/com_menus access.xml
2012.09.06 15:21 B C:\inetpub\wwwroot\administrator\components\com_menus\config.xml <-- Schubert Rackspace /web/content/administrator/components/com_menus config.xml
2012.09.06 15:21 B C:\inetpub\wwwroot\administrator\components\com_menus\controller.php <-- Schubert Rackspace /web/content/administrator/components/com_menus controller.php
2012.09.06 15:21 B C:\inetpub\wwwroot\administrator\components\com_menus\index.html <-- Schubert Rackspace /web/content/administrator/components/com_menus index.html
2012.09.06 15:21 B C:\inetpub\wwwroot\administrator\components\com_menus\menus.php <-- Schubert Rackspace /web/content/administrator/components/com_menus menus.php
2012.09.06 15:21 B C:\inetpub\wwwroot\administrator\components\com_menus\menus.xml <-- Schubert Rackspace /web/content/administrator/components/com_menus menus.xml
2012.09.06 15:44 B C:\inetpub\wwwroot\administrator\components\com_menus\config.xml <-- Schubert Rackspace /web/content/SITEBACKUP_962012/administrator/components/com_menus config.xml
2012.09.06 15:44 B C:\inetpub\wwwroot\administrator\components\com_menus\controller.php <-- Schubert Rackspace /web/content/SITEBACKUP_962012/administrator/components/com_menus controller.php
2012.09.06 15:44 B C:\inetpub\wwwroot\administrator\components\com_menus\index.html <-- Schubert Rackspace /web/content/SITEBACKUP_962012/administrator/components/com_menus index.html
2012.09.06 15:44 B C:\inetpub\wwwroot\administrator\components\com_menus\menus.php <-- Schubert Rackspace /web/content/SITEBACKUP_962012/administrator/components/com_menus menus.php
2012.09.06 15:44 B C:\inetpub\wwwroot\administrator\components\com_menus\menus.xml <-- Schubert Rackspace /web/content/SITEBACKUP_962012/administrator/components/com_menus menus.xml
2012.10.23 09:05 B C:\inetpub\wwwroot\administrator\components\com_menus\access.xml --> ftp3.ftptoyoursite.com /web/content/administrator/components/com_menus access.xml
2012.10.23 09:05 B C:\inetpub\wwwroot\administrator\components\com_menus\config.xml --> ftp3.ftptoyoursite.com /web/content/administrator/components/com_menus config.xml
2012.10.23 09:05 B C:\inetpub\wwwroot\administrator\components\com_menus\controller.php --> ftp3.ftptoyoursite.com /web/content/administrator/components/com_menus controller.php
2012.10.23 09:05 B C:\inetpub\wwwroot\administrator\components\com_menus\index.html --> ftp3.ftptoyoursite.com /web/content/administrator/components/com_menus index.html
2012.10.23 09:05 B C:\inetpub\wwwroot\administrator\components\com_menus\menus.php --> ftp3.ftptoyoursite.com /web/content/administrator/components/com_menus menus.php
2012.10.23 09:05 B C:\inetpub\wwwroot\administrator\components\com_menus\menus.xml --> ftp3.ftptoyoursite.com /web/content/administrator/components/com_menus menus.xml
2012.10.23 09:05 B C:\inetpub\wwwroot\administrator\components\com_menus\WS_FTP.LOG --> ftp3.ftptoyoursite.com /web/content/administrator/components/com_menus WS_FTP.LOG
2013.02.01 14:42 B C:\inetpub\wwwroot\administrator\components\com_menus\WS_FTP.LOG <-- Schubert Rackspace /web/content/administrator/components/com_menus WS_FTP.LOG
