2012.07.25 12:19 B C:\Users\COBRIEN\Desktop\Schubert\modules\mod_arisexylightbox\includes\elements\color\images\blank.gif <-- Schubert Rackspace /web/content/modules/mod_arisexylightbox/includes/elements/color/images blank.gif
2012.07.25 12:19 B C:\Users\COBRIEN\Desktop\Schubert\modules\mod_arisexylightbox\includes\elements\color\images\index.html <-- Schubert Rackspace /web/content/modules/mod_arisexylightbox/includes/elements/color/images index.html
2012.07.25 12:19 B C:\Users\COBRIEN\Desktop\Schubert\modules\mod_arisexylightbox\includes\elements\color\images\moor_arrows.gif <-- Schubert Rackspace /web/content/modules/mod_arisexylightbox/includes/elements/color/images moor_arrows.gif
2012.07.25 12:19 B C:\Users\COBRIEN\Desktop\Schubert\modules\mod_arisexylightbox\includes\elements\color\images\moor_boverlay.png <-- Schubert Rackspace /web/content/modules/mod_arisexylightbox/includes/elements/color/images moor_boverlay.png
2012.07.25 12:19 B C:\Users\COBRIEN\Desktop\Schubert\modules\mod_arisexylightbox\includes\elements\color\images\moor_cursor.gif <-- Schubert Rackspace /web/content/modules/mod_arisexylightbox/includes/elements/color/images moor_cursor.gif
2012.07.25 12:19 B C:\Users\COBRIEN\Desktop\Schubert\modules\mod_arisexylightbox\includes\elements\color\images\moor_slider.png <-- Schubert Rackspace /web/content/modules/mod_arisexylightbox/includes/elements/color/images moor_slider.png
2012.07.25 12:19 B C:\Users\COBRIEN\Desktop\Schubert\modules\mod_arisexylightbox\includes\elements\color\images\moor_woverlay.png <-- Schubert Rackspace /web/content/modules/mod_arisexylightbox/includes/elements/color/images moor_woverlay.png
2012.09.04 10:55 B C:\inetpub\wwwroot\modules\mod_arisexylightbox\includes\elements\color\images\blank.gif --> ftp3.ftptoyoursite.com /web/content/SITE-TEST/modules/mod_arisexylightbox/includes/elements/color/images blank.gif
2012.09.04 10:55 B C:\inetpub\wwwroot\modules\mod_arisexylightbox\includes\elements\color\images\index.html --> ftp3.ftptoyoursite.com /web/content/SITE-TEST/modules/mod_arisexylightbox/includes/elements/color/images index.html
2012.09.04 10:55 B C:\inetpub\wwwroot\modules\mod_arisexylightbox\includes\elements\color\images\moor_arrows.gif --> ftp3.ftptoyoursite.com /web/content/SITE-TEST/modules/mod_arisexylightbox/includes/elements/color/images moor_arrows.gif
2012.09.04 10:55 B C:\inetpub\wwwroot\modules\mod_arisexylightbox\includes\elements\color\images\moor_boverlay.png --> ftp3.ftptoyoursite.com /web/content/SITE-TEST/modules/mod_arisexylightbox/includes/elements/color/images moor_boverlay.png
2012.09.04 10:55 B C:\inetpub\wwwroot\modules\mod_arisexylightbox\includes\elements\color\images\moor_cursor.gif --> ftp3.ftptoyoursite.com /web/content/SITE-TEST/modules/mod_arisexylightbox/includes/elements/color/images moor_cursor.gif
2012.09.04 10:55 B C:\inetpub\wwwroot\modules\mod_arisexylightbox\includes\elements\color\images\moor_slider.png --> ftp3.ftptoyoursite.com /web/content/SITE-TEST/modules/mod_arisexylightbox/includes/elements/color/images moor_slider.png
2012.09.04 10:55 B C:\inetpub\wwwroot\modules\mod_arisexylightbox\includes\elements\color\images\moor_woverlay.png --> ftp3.ftptoyoursite.com /web/content/SITE-TEST/modules/mod_arisexylightbox/includes/elements/color/images moor_woverlay.png
2012.09.04 10:55 B C:\inetpub\wwwroot\modules\mod_arisexylightbox\includes\elements\color\images\WS_FTP.LOG --> ftp3.ftptoyoursite.com /web/content/SITE-TEST/modules/mod_arisexylightbox/includes/elements/color/images WS_FTP.LOG
2012.09.06 15:14 B C:\inetpub\wwwroot\modules\mod_arisexylightbox\includes\elements\color\images\blank.gif --> ftp3.ftptoyoursite.com /web/content/SITEBACKUP_962012/modules/mod_arisexylightbox/includes/elements/color/images blank.gif
2012.09.06 15:14 B C:\inetpub\wwwroot\modules\mod_arisexylightbox\includes\elements\color\images\index.html --> ftp3.ftptoyoursite.com /web/content/SITEBACKUP_962012/modules/mod_arisexylightbox/includes/elements/color/images index.html
2012.09.06 15:14 B C:\inetpub\wwwroot\modules\mod_arisexylightbox\includes\elements\color\images\moor_arrows.gif --> ftp3.ftptoyoursite.com /web/content/SITEBACKUP_962012/modules/mod_arisexylightbox/includes/elements/color/images moor_arrows.gif
2012.09.06 15:14 B C:\inetpub\wwwroot\modules\mod_arisexylightbox\includes\elements\color\images\moor_boverlay.png --> ftp3.ftptoyoursite.com /web/content/SITEBACKUP_962012/modules/mod_arisexylightbox/includes/elements/color/images moor_boverlay.png
2012.09.06 15:14 B C:\inetpub\wwwroot\modules\mod_arisexylightbox\includes\elements\color\images\moor_cursor.gif --> ftp3.ftptoyoursite.com /web/content/SITEBACKUP_962012/modules/mod_arisexylightbox/includes/elements/color/images moor_cursor.gif
2012.09.06 15:14 B C:\inetpub\wwwroot\modules\mod_arisexylightbox\includes\elements\color\images\moor_slider.png --> ftp3.ftptoyoursite.com /web/content/SITEBACKUP_962012/modules/mod_arisexylightbox/includes/elements/color/images moor_slider.png
2012.09.06 15:14 B C:\inetpub\wwwroot\modules\mod_arisexylightbox\includes\elements\color\images\moor_woverlay.png --> ftp3.ftptoyoursite.com /web/content/SITEBACKUP_962012/modules/mod_arisexylightbox/includes/elements/color/images moor_woverlay.png
2012.09.06 15:14 B C:\inetpub\wwwroot\modules\mod_arisexylightbox\includes\elements\color\images\WS_FTP.LOG --> ftp3.ftptoyoursite.com /web/content/SITEBACKUP_962012/modules/mod_arisexylightbox/includes/elements/color/images WS_FTP.LOG
2012.10.23 09:16 B C:\inetpub\wwwroot\modules\mod_arisexylightbox\includes\elements\color\images\blank.gif --> ftp3.ftptoyoursite.com /web/content/modules/mod_arisexylightbox/includes/elements/color/images blank.gif
2012.10.23 09:16 B C:\inetpub\wwwroot\modules\mod_arisexylightbox\includes\elements\color\images\index.html --> ftp3.ftptoyoursite.com /web/content/modules/mod_arisexylightbox/includes/elements/color/images index.html
2012.10.23 09:16 B C:\inetpub\wwwroot\modules\mod_arisexylightbox\includes\elements\color\images\moor_arrows.gif --> ftp3.ftptoyoursite.com /web/content/modules/mod_arisexylightbox/includes/elements/color/images moor_arrows.gif
2012.10.23 09:16 B C:\inetpub\wwwroot\modules\mod_arisexylightbox\includes\elements\color\images\moor_boverlay.png --> ftp3.ftptoyoursite.com /web/content/modules/mod_arisexylightbox/includes/elements/color/images moor_boverlay.png
2012.10.23 09:16 B C:\inetpub\wwwroot\modules\mod_arisexylightbox\includes\elements\color\images\moor_cursor.gif --> ftp3.ftptoyoursite.com /web/content/modules/mod_arisexylightbox/includes/elements/color/images moor_cursor.gif
2012.10.23 09:16 B C:\inetpub\wwwroot\modules\mod_arisexylightbox\includes\elements\color\images\moor_slider.png --> ftp3.ftptoyoursite.com /web/content/modules/mod_arisexylightbox/includes/elements/color/images moor_slider.png
2012.10.23 09:16 B C:\inetpub\wwwroot\modules\mod_arisexylightbox\includes\elements\color\images\moor_woverlay.png --> ftp3.ftptoyoursite.com /web/content/modules/mod_arisexylightbox/includes/elements/color/images moor_woverlay.png
2012.10.23 09:16 B C:\inetpub\wwwroot\modules\mod_arisexylightbox\includes\elements\color\images\WS_FTP.LOG --> ftp3.ftptoyoursite.com /web/content/modules/mod_arisexylightbox/includes/elements/color/images WS_FTP.LOG
2013.02.01 15:02 B C:\inetpub\wwwroot\modules\mod_arisexylightbox\includes\elements\color\images\WS_FTP.LOG <-- Schubert Rackspace /web/content/modules/mod_arisexylightbox/includes/elements/color/images WS_FTP.LOG
