2012.07.25 12:11 B C:\Users\COBRIEN\Desktop\Schubert\administrator\components\com_login\controller.php <-- Schubert Rackspace /web/content/administrator/components/com_login controller.php
2012.07.25 12:11 B C:\Users\COBRIEN\Desktop\Schubert\administrator\components\com_login\index.html <-- Schubert Rackspace /web/content/administrator/components/com_login index.html
2012.07.25 12:11 B C:\Users\COBRIEN\Desktop\Schubert\administrator\components\com_login\login.php <-- Schubert Rackspace /web/content/administrator/components/com_login login.php
2012.07.25 12:11 B C:\Users\COBRIEN\Desktop\Schubert\administrator\components\com_login\login.xml <-- Schubert Rackspace /web/content/administrator/components/com_login login.xml
2012.09.04 10:45 B C:\inetpub\wwwroot\administrator\components\com_login\controller.php --> ftp3.ftptoyoursite.com /web/content/SITE-TEST/administrator/components/com_login controller.php
2012.09.04 10:45 B C:\inetpub\wwwroot\administrator\components\com_login\index.html --> ftp3.ftptoyoursite.com /web/content/SITE-TEST/administrator/components/com_login index.html
2012.09.04 10:45 B C:\inetpub\wwwroot\administrator\components\com_login\login.php --> ftp3.ftptoyoursite.com /web/content/SITE-TEST/administrator/components/com_login login.php
2012.09.04 10:45 B C:\inetpub\wwwroot\administrator\components\com_login\login.xml --> ftp3.ftptoyoursite.com /web/content/SITE-TEST/administrator/components/com_login login.xml
2012.09.04 10:45 B C:\inetpub\wwwroot\administrator\components\com_login\WS_FTP.LOG --> ftp3.ftptoyoursite.com /web/content/SITE-TEST/administrator/components/com_login WS_FTP.LOG
2012.09.06 14:59 B C:\inetpub\wwwroot\administrator\components\com_login\controller.php --> ftp3.ftptoyoursite.com /web/content/SITEBACKUP_962012/administrator/components/com_login controller.php
2012.09.06 14:59 B C:\inetpub\wwwroot\administrator\components\com_login\index.html --> ftp3.ftptoyoursite.com /web/content/SITEBACKUP_962012/administrator/components/com_login index.html
2012.09.06 14:59 B C:\inetpub\wwwroot\administrator\components\com_login\login.php --> ftp3.ftptoyoursite.com /web/content/SITEBACKUP_962012/administrator/components/com_login login.php
2012.09.06 14:59 B C:\inetpub\wwwroot\administrator\components\com_login\login.xml --> ftp3.ftptoyoursite.com /web/content/SITEBACKUP_962012/administrator/components/com_login login.xml
2012.09.06 14:59 B C:\inetpub\wwwroot\administrator\components\com_login\WS_FTP.LOG --> ftp3.ftptoyoursite.com /web/content/SITEBACKUP_962012/administrator/components/com_login WS_FTP.LOG
2012.09.06 15:21 B C:\inetpub\wwwroot\administrator\components\com_login\controller.php <-- Schubert Rackspace /web/content/administrator/components/com_login controller.php
2012.09.06 15:21 B C:\inetpub\wwwroot\administrator\components\com_login\index.html <-- Schubert Rackspace /web/content/administrator/components/com_login index.html
2012.09.06 15:21 B C:\inetpub\wwwroot\administrator\components\com_login\login.php <-- Schubert Rackspace /web/content/administrator/components/com_login login.php
2012.09.06 15:21 B C:\inetpub\wwwroot\administrator\components\com_login\login.xml <-- Schubert Rackspace /web/content/administrator/components/com_login login.xml
2012.09.06 15:44 B C:\inetpub\wwwroot\administrator\components\com_login\controller.php <-- Schubert Rackspace /web/content/SITEBACKUP_962012/administrator/components/com_login controller.php
2012.09.06 15:44 B C:\inetpub\wwwroot\administrator\components\com_login\index.html <-- Schubert Rackspace /web/content/SITEBACKUP_962012/administrator/components/com_login index.html
2012.09.06 15:44 B C:\inetpub\wwwroot\administrator\components\com_login\login.php <-- Schubert Rackspace /web/content/SITEBACKUP_962012/administrator/components/com_login login.php
2012.09.06 15:44 B C:\inetpub\wwwroot\administrator\components\com_login\login.xml <-- Schubert Rackspace /web/content/SITEBACKUP_962012/administrator/components/com_login login.xml
2012.10.23 09:05 B C:\inetpub\wwwroot\administrator\components\com_login\controller.php --> ftp3.ftptoyoursite.com /web/content/administrator/components/com_login controller.php
2012.10.23 09:05 B C:\inetpub\wwwroot\administrator\components\com_login\index.html --> ftp3.ftptoyoursite.com /web/content/administrator/components/com_login index.html
2012.10.23 09:05 B C:\inetpub\wwwroot\administrator\components\com_login\login.php --> ftp3.ftptoyoursite.com /web/content/administrator/components/com_login login.php
2012.10.23 09:05 B C:\inetpub\wwwroot\administrator\components\com_login\login.xml --> ftp3.ftptoyoursite.com /web/content/administrator/components/com_login login.xml
2012.10.23 09:05 B C:\inetpub\wwwroot\administrator\components\com_login\WS_FTP.LOG --> ftp3.ftptoyoursite.com /web/content/administrator/components/com_login WS_FTP.LOG
2013.02.01 14:42 B C:\inetpub\wwwroot\administrator\components\com_login\WS_FTP.LOG <-- Schubert Rackspace /web/content/administrator/components/com_login WS_FTP.LOG
