2012.07.25 12:14 B C:\Users\COBRIEN\Desktop\Schubert\components\com_content\views\categories\tmpl\default.php <-- Schubert Rackspace /web/content/components/com_content/views/categories/tmpl default.php
2012.07.25 12:14 B C:\Users\COBRIEN\Desktop\Schubert\components\com_content\views\categories\tmpl\default.xml <-- Schubert Rackspace /web/content/components/com_content/views/categories/tmpl default.xml
2012.07.25 12:14 B C:\Users\COBRIEN\Desktop\Schubert\components\com_content\views\categories\tmpl\default_items.php <-- Schubert Rackspace /web/content/components/com_content/views/categories/tmpl default_items.php
2012.07.25 12:14 B C:\Users\COBRIEN\Desktop\Schubert\components\com_content\views\categories\tmpl\index.html <-- Schubert Rackspace /web/content/components/com_content/views/categories/tmpl index.html
2012.09.04 10:50 B C:\inetpub\wwwroot\components\com_content\views\categories\tmpl\default.php --> ftp3.ftptoyoursite.com /web/content/SITE-TEST/components/com_content/views/categories/tmpl default.php
2012.09.04 10:50 B C:\inetpub\wwwroot\components\com_content\views\categories\tmpl\default.xml --> ftp3.ftptoyoursite.com /web/content/SITE-TEST/components/com_content/views/categories/tmpl default.xml
2012.09.04 10:50 B C:\inetpub\wwwroot\components\com_content\views\categories\tmpl\default_items.php --> ftp3.ftptoyoursite.com /web/content/SITE-TEST/components/com_content/views/categories/tmpl default_items.php
2012.09.04 10:50 B C:\inetpub\wwwroot\components\com_content\views\categories\tmpl\index.html --> ftp3.ftptoyoursite.com /web/content/SITE-TEST/components/com_content/views/categories/tmpl index.html
2012.09.04 10:50 B C:\inetpub\wwwroot\components\com_content\views\categories\tmpl\WS_FTP.LOG --> ftp3.ftptoyoursite.com /web/content/SITE-TEST/components/com_content/views/categories/tmpl WS_FTP.LOG
2012.09.06 15:07 B C:\inetpub\wwwroot\components\com_content\views\categories\tmpl\default.php --> ftp3.ftptoyoursite.com /web/content/SITEBACKUP_962012/components/com_content/views/categories/tmpl default.php
2012.09.06 15:07 B C:\inetpub\wwwroot\components\com_content\views\categories\tmpl\default.xml --> ftp3.ftptoyoursite.com /web/content/SITEBACKUP_962012/components/com_content/views/categories/tmpl default.xml
2012.09.06 15:07 B C:\inetpub\wwwroot\components\com_content\views\categories\tmpl\default_items.php --> ftp3.ftptoyoursite.com /web/content/SITEBACKUP_962012/components/com_content/views/categories/tmpl default_items.php
2012.09.06 15:07 B C:\inetpub\wwwroot\components\com_content\views\categories\tmpl\index.html --> ftp3.ftptoyoursite.com /web/content/SITEBACKUP_962012/components/com_content/views/categories/tmpl index.html
2012.09.06 15:07 B C:\inetpub\wwwroot\components\com_content\views\categories\tmpl\WS_FTP.LOG --> ftp3.ftptoyoursite.com /web/content/SITEBACKUP_962012/components/com_content/views/categories/tmpl WS_FTP.LOG
2012.09.06 15:48 B C:\inetpub\wwwroot\components\com_content\views\categories\tmpl\default.php <-- Schubert Rackspace /web/content/SITEBACKUP_962012/components/com_content/views/categories/tmpl default.php
2012.09.06 15:48 B C:\inetpub\wwwroot\components\com_content\views\categories\tmpl\default.xml <-- Schubert Rackspace /web/content/SITEBACKUP_962012/components/com_content/views/categories/tmpl default.xml
2012.09.06 15:48 B C:\inetpub\wwwroot\components\com_content\views\categories\tmpl\default_items.php <-- Schubert Rackspace /web/content/SITEBACKUP_962012/components/com_content/views/categories/tmpl default_items.php
2012.09.06 15:48 B C:\inetpub\wwwroot\components\com_content\views\categories\tmpl\index.html <-- Schubert Rackspace /web/content/SITEBACKUP_962012/components/com_content/views/categories/tmpl index.html
2012.10.23 09:11 B C:\inetpub\wwwroot\components\com_content\views\categories\tmpl\default.php --> ftp3.ftptoyoursite.com /web/content/components/com_content/views/categories/tmpl default.php
2012.10.23 09:11 B C:\inetpub\wwwroot\components\com_content\views\categories\tmpl\default.xml --> ftp3.ftptoyoursite.com /web/content/components/com_content/views/categories/tmpl default.xml
2012.10.23 09:11 B C:\inetpub\wwwroot\components\com_content\views\categories\tmpl\default_items.php --> ftp3.ftptoyoursite.com /web/content/components/com_content/views/categories/tmpl default_items.php
2012.10.23 09:11 B C:\inetpub\wwwroot\components\com_content\views\categories\tmpl\index.html --> ftp3.ftptoyoursite.com /web/content/components/com_content/views/categories/tmpl index.html
2012.10.23 09:11 B C:\inetpub\wwwroot\components\com_content\views\categories\tmpl\WS_FTP.LOG --> ftp3.ftptoyoursite.com /web/content/components/com_content/views/categories/tmpl WS_FTP.LOG
2013.02.01 14:47 B C:\inetpub\wwwroot\components\com_content\views\categories\tmpl\WS_FTP.LOG <-- Schubert Rackspace /web/content/components/com_content/views/categories/tmpl WS_FTP.LOG
