2012.07.25 12:14 B C:\Users\COBRIEN\Desktop\Schubert\administrator\templates\hathor\component.php <-- Schubert Rackspace /web/content/administrator/templates/hathor component.php
2012.07.25 12:14 B C:\Users\COBRIEN\Desktop\Schubert\administrator\templates\hathor\cpanel.php <-- Schubert Rackspace /web/content/administrator/templates/hathor cpanel.php
2012.07.25 12:14 B C:\Users\COBRIEN\Desktop\Schubert\administrator\templates\hathor\error.php <-- Schubert Rackspace /web/content/administrator/templates/hathor error.php
2012.07.25 12:14 B C:\Users\COBRIEN\Desktop\Schubert\administrator\templates\hathor\favicon.ico <-- Schubert Rackspace /web/content/administrator/templates/hathor favicon.ico
2012.07.25 12:14 B C:\Users\COBRIEN\Desktop\Schubert\administrator\templates\hathor\index.html <-- Schubert Rackspace /web/content/administrator/templates/hathor index.html
2012.07.25 12:14 B C:\Users\COBRIEN\Desktop\Schubert\administrator\templates\hathor\index.php <-- Schubert Rackspace /web/content/administrator/templates/hathor index.php
2012.07.25 12:14 B C:\Users\COBRIEN\Desktop\Schubert\administrator\templates\hathor\LICENSE.txt <-- Schubert Rackspace /web/content/administrator/templates/hathor LICENSE.txt
2012.07.25 12:14 B C:\Users\COBRIEN\Desktop\Schubert\administrator\templates\hathor\login.php <-- Schubert Rackspace /web/content/administrator/templates/hathor login.php
2012.07.25 12:14 B C:\Users\COBRIEN\Desktop\Schubert\administrator\templates\hathor\template_preview.png <-- Schubert Rackspace /web/content/administrator/templates/hathor template_preview.png
2012.07.25 12:14 B C:\Users\COBRIEN\Desktop\Schubert\administrator\templates\hathor\template_thumbnail.png <-- Schubert Rackspace /web/content/administrator/templates/hathor template_thumbnail.png
2012.07.25 12:14 B C:\Users\COBRIEN\Desktop\Schubert\administrator\templates\hathor\templateDetails.xml <-- Schubert Rackspace /web/content/administrator/templates/hathor templateDetails.xml
2012.09.04 10:49 B C:\inetpub\wwwroot\administrator\templates\hathor\component.php --> ftp3.ftptoyoursite.com /web/content/SITE-TEST/administrator/templates/hathor component.php
2012.09.04 10:49 B C:\inetpub\wwwroot\administrator\templates\hathor\cpanel.php --> ftp3.ftptoyoursite.com /web/content/SITE-TEST/administrator/templates/hathor cpanel.php
2012.09.04 10:49 B C:\inetpub\wwwroot\administrator\templates\hathor\error.php --> ftp3.ftptoyoursite.com /web/content/SITE-TEST/administrator/templates/hathor error.php
2012.09.04 10:49 B C:\inetpub\wwwroot\administrator\templates\hathor\favicon.ico --> ftp3.ftptoyoursite.com /web/content/SITE-TEST/administrator/templates/hathor favicon.ico
2012.09.04 10:49 B C:\inetpub\wwwroot\administrator\templates\hathor\index.html --> ftp3.ftptoyoursite.com /web/content/SITE-TEST/administrator/templates/hathor index.html
2012.09.04 10:49 B C:\inetpub\wwwroot\administrator\templates\hathor\index.php --> ftp3.ftptoyoursite.com /web/content/SITE-TEST/administrator/templates/hathor index.php
2012.09.04 10:49 B C:\inetpub\wwwroot\administrator\templates\hathor\LICENSE.txt --> ftp3.ftptoyoursite.com /web/content/SITE-TEST/administrator/templates/hathor LICENSE.txt
2012.09.04 10:49 B C:\inetpub\wwwroot\administrator\templates\hathor\login.php --> ftp3.ftptoyoursite.com /web/content/SITE-TEST/administrator/templates/hathor login.php
2012.09.04 10:49 B C:\inetpub\wwwroot\administrator\templates\hathor\template_preview.png --> ftp3.ftptoyoursite.com /web/content/SITE-TEST/administrator/templates/hathor template_preview.png
2012.09.04 10:49 B C:\inetpub\wwwroot\administrator\templates\hathor\template_thumbnail.png --> ftp3.ftptoyoursite.com /web/content/SITE-TEST/administrator/templates/hathor template_thumbnail.png
2012.09.04 10:49 B C:\inetpub\wwwroot\administrator\templates\hathor\templateDetails.xml --> ftp3.ftptoyoursite.com /web/content/SITE-TEST/administrator/templates/hathor templateDetails.xml
2012.09.04 10:49 B C:\inetpub\wwwroot\administrator\templates\hathor\WS_FTP.LOG --> ftp3.ftptoyoursite.com /web/content/SITE-TEST/administrator/templates/hathor WS_FTP.LOG
2012.09.06 15:06 B C:\inetpub\wwwroot\administrator\templates\hathor\component.php --> ftp3.ftptoyoursite.com /web/content/SITEBACKUP_962012/administrator/templates/hathor component.php
2012.09.06 15:06 B C:\inetpub\wwwroot\administrator\templates\hathor\cpanel.php --> ftp3.ftptoyoursite.com /web/content/SITEBACKUP_962012/administrator/templates/hathor cpanel.php
2012.09.06 15:06 B C:\inetpub\wwwroot\administrator\templates\hathor\error.php --> ftp3.ftptoyoursite.com /web/content/SITEBACKUP_962012/administrator/templates/hathor error.php
2012.09.06 15:06 B C:\inetpub\wwwroot\administrator\templates\hathor\favicon.ico --> ftp3.ftptoyoursite.com /web/content/SITEBACKUP_962012/administrator/templates/hathor favicon.ico
2012.09.06 15:06 B C:\inetpub\wwwroot\administrator\templates\hathor\index.html --> ftp3.ftptoyoursite.com /web/content/SITEBACKUP_962012/administrator/templates/hathor index.html
2012.09.06 15:06 B C:\inetpub\wwwroot\administrator\templates\hathor\index.php --> ftp3.ftptoyoursite.com /web/content/SITEBACKUP_962012/administrator/templates/hathor index.php
2012.09.06 15:06 B C:\inetpub\wwwroot\administrator\templates\hathor\LICENSE.txt --> ftp3.ftptoyoursite.com /web/content/SITEBACKUP_962012/administrator/templates/hathor LICENSE.txt
2012.09.06 15:06 B C:\inetpub\wwwroot\administrator\templates\hathor\login.php --> ftp3.ftptoyoursite.com /web/content/SITEBACKUP_962012/administrator/templates/hathor login.php
2012.09.06 15:06 B C:\inetpub\wwwroot\administrator\templates\hathor\template_preview.png --> ftp3.ftptoyoursite.com /web/content/SITEBACKUP_962012/administrator/templates/hathor template_preview.png
2012.09.06 15:06 B C:\inetpub\wwwroot\administrator\templates\hathor\template_thumbnail.png --> ftp3.ftptoyoursite.com /web/content/SITEBACKUP_962012/administrator/templates/hathor template_thumbnail.png
2012.09.06 15:06 B C:\inetpub\wwwroot\administrator\templates\hathor\templateDetails.xml --> ftp3.ftptoyoursite.com /web/content/SITEBACKUP_962012/administrator/templates/hathor templateDetails.xml
2012.09.06 15:06 B C:\inetpub\wwwroot\administrator\templates\hathor\WS_FTP.LOG --> ftp3.ftptoyoursite.com /web/content/SITEBACKUP_962012/administrator/templates/hathor WS_FTP.LOG
2012.09.06 15:47 B C:\inetpub\wwwroot\administrator\templates\hathor\component.php <-- Schubert Rackspace /web/content/SITEBACKUP_962012/administrator/templates/hathor component.php
2012.09.06 15:47 B C:\inetpub\wwwroot\administrator\templates\hathor\cpanel.php <-- Schubert Rackspace /web/content/SITEBACKUP_962012/administrator/templates/hathor cpanel.php
2012.09.06 15:47 B C:\inetpub\wwwroot\administrator\templates\hathor\error.php <-- Schubert Rackspace /web/content/SITEBACKUP_962012/administrator/templates/hathor error.php
2012.09.06 15:47 B C:\inetpub\wwwroot\administrator\templates\hathor\favicon.ico <-- Schubert Rackspace /web/content/SITEBACKUP_962012/administrator/templates/hathor favicon.ico
2012.09.06 15:47 B C:\inetpub\wwwroot\administrator\templates\hathor\index.html <-- Schubert Rackspace /web/content/SITEBACKUP_962012/administrator/templates/hathor index.html
2012.09.06 15:47 B C:\inetpub\wwwroot\administrator\templates\hathor\index.php <-- Schubert Rackspace /web/content/SITEBACKUP_962012/administrator/templates/hathor index.php
2012.09.06 15:47 B C:\inetpub\wwwroot\administrator\templates\hathor\LICENSE.txt <-- Schubert Rackspace /web/content/SITEBACKUP_962012/administrator/templates/hathor LICENSE.txt
2012.09.06 15:47 B C:\inetpub\wwwroot\administrator\templates\hathor\login.php <-- Schubert Rackspace /web/content/SITEBACKUP_962012/administrator/templates/hathor login.php
2012.09.06 15:48 B C:\inetpub\wwwroot\administrator\templates\hathor\template_preview.png <-- Schubert Rackspace /web/content/SITEBACKUP_962012/administrator/templates/hathor template_preview.png
2012.09.06 15:48 B C:\inetpub\wwwroot\administrator\templates\hathor\template_thumbnail.png <-- Schubert Rackspace /web/content/SITEBACKUP_962012/administrator/templates/hathor template_thumbnail.png
2012.09.06 15:48 B C:\inetpub\wwwroot\administrator\templates\hathor\templateDetails.xml <-- Schubert Rackspace /web/content/SITEBACKUP_962012/administrator/templates/hathor templateDetails.xml
2012.10.23 09:10 B C:\inetpub\wwwroot\administrator\templates\hathor\component.php --> ftp3.ftptoyoursite.com /web/content/administrator/templates/hathor component.php
2012.10.23 09:10 B C:\inetpub\wwwroot\administrator\templates\hathor\cpanel.php --> ftp3.ftptoyoursite.com /web/content/administrator/templates/hathor cpanel.php
2012.10.23 09:10 B C:\inetpub\wwwroot\administrator\templates\hathor\error.php --> ftp3.ftptoyoursite.com /web/content/administrator/templates/hathor error.php
2012.10.23 09:10 B C:\inetpub\wwwroot\administrator\templates\hathor\favicon.ico --> ftp3.ftptoyoursite.com /web/content/administrator/templates/hathor favicon.ico
2012.10.23 09:10 B C:\inetpub\wwwroot\administrator\templates\hathor\index.html --> ftp3.ftptoyoursite.com /web/content/administrator/templates/hathor index.html
2012.10.23 09:10 B C:\inetpub\wwwroot\administrator\templates\hathor\index.php --> ftp3.ftptoyoursite.com /web/content/administrator/templates/hathor index.php
2012.10.23 09:10 B C:\inetpub\wwwroot\administrator\templates\hathor\LICENSE.txt --> ftp3.ftptoyoursite.com /web/content/administrator/templates/hathor LICENSE.txt
2012.10.23 09:10 B C:\inetpub\wwwroot\administrator\templates\hathor\login.php --> ftp3.ftptoyoursite.com /web/content/administrator/templates/hathor login.php
2012.10.23 09:10 B C:\inetpub\wwwroot\administrator\templates\hathor\template_preview.png --> ftp3.ftptoyoursite.com /web/content/administrator/templates/hathor template_preview.png
2012.10.23 09:10 B C:\inetpub\wwwroot\administrator\templates\hathor\template_thumbnail.png --> ftp3.ftptoyoursite.com /web/content/administrator/templates/hathor template_thumbnail.png
2012.10.23 09:10 B C:\inetpub\wwwroot\administrator\templates\hathor\templateDetails.xml --> ftp3.ftptoyoursite.com /web/content/administrator/templates/hathor templateDetails.xml
2012.10.23 09:10 B C:\inetpub\wwwroot\administrator\templates\hathor\WS_FTP.LOG --> ftp3.ftptoyoursite.com /web/content/administrator/templates/hathor WS_FTP.LOG
2013.02.01 14:47 B C:\inetpub\wwwroot\administrator\templates\hathor\WS_FTP.LOG <-- Schubert Rackspace /web/content/administrator/templates/hathor WS_FTP.LOG
