2012.07.25 12:17 B C:\Users\COBRIEN\Desktop\Schubert\libraries\joomla\database\database\index.html <-- Schubert Rackspace /web/content/libraries/joomla/database/database index.html
2012.07.25 12:17 B C:\Users\COBRIEN\Desktop\Schubert\libraries\joomla\database\database\mysql.php <-- Schubert Rackspace /web/content/libraries/joomla/database/database mysql.php
2012.07.25 12:17 B C:\Users\COBRIEN\Desktop\Schubert\libraries\joomla\database\database\mysqlexporter.php <-- Schubert Rackspace /web/content/libraries/joomla/database/database mysqlexporter.php
2012.07.25 12:17 B C:\Users\COBRIEN\Desktop\Schubert\libraries\joomla\database\database\mysqli.php <-- Schubert Rackspace /web/content/libraries/joomla/database/database mysqli.php
2012.07.25 12:17 B C:\Users\COBRIEN\Desktop\Schubert\libraries\joomla\database\database\mysqliexporter.php <-- Schubert Rackspace /web/content/libraries/joomla/database/database mysqliexporter.php
2012.07.25 12:17 B C:\Users\COBRIEN\Desktop\Schubert\libraries\joomla\database\database\mysqliimporter.php <-- Schubert Rackspace /web/content/libraries/joomla/database/database mysqliimporter.php
2012.07.25 12:17 B C:\Users\COBRIEN\Desktop\Schubert\libraries\joomla\database\database\mysqlimporter.php <-- Schubert Rackspace /web/content/libraries/joomla/database/database mysqlimporter.php
2012.07.25 12:17 B C:\Users\COBRIEN\Desktop\Schubert\libraries\joomla\database\database\mysqliquery.php <-- Schubert Rackspace /web/content/libraries/joomla/database/database mysqliquery.php
2012.07.25 12:17 B C:\Users\COBRIEN\Desktop\Schubert\libraries\joomla\database\database\mysqlquery.php <-- Schubert Rackspace /web/content/libraries/joomla/database/database mysqlquery.php
2012.07.25 12:17 B C:\Users\COBRIEN\Desktop\Schubert\libraries\joomla\database\database\sqlazure.php <-- Schubert Rackspace /web/content/libraries/joomla/database/database sqlazure.php
2012.07.25 12:17 B C:\Users\COBRIEN\Desktop\Schubert\libraries\joomla\database\database\sqlazurequery.php <-- Schubert Rackspace /web/content/libraries/joomla/database/database sqlazurequery.php
2012.07.25 12:17 B C:\Users\COBRIEN\Desktop\Schubert\libraries\joomla\database\database\sqlsrv.php <-- Schubert Rackspace /web/content/libraries/joomla/database/database sqlsrv.php
2012.07.25 12:17 B C:\Users\COBRIEN\Desktop\Schubert\libraries\joomla\database\database\sqlsrvquery.php <-- Schubert Rackspace /web/content/libraries/joomla/database/database sqlsrvquery.php
2012.09.04 10:54 B C:\inetpub\wwwroot\libraries\joomla\database\database\index.html --> ftp3.ftptoyoursite.com /web/content/SITE-TEST/libraries/joomla/database/database index.html
2012.09.04 10:54 B C:\inetpub\wwwroot\libraries\joomla\database\database\mysql.php --> ftp3.ftptoyoursite.com /web/content/SITE-TEST/libraries/joomla/database/database mysql.php
2012.09.04 10:54 B C:\inetpub\wwwroot\libraries\joomla\database\database\mysqlexporter.php --> ftp3.ftptoyoursite.com /web/content/SITE-TEST/libraries/joomla/database/database mysqlexporter.php
2012.09.04 10:54 B C:\inetpub\wwwroot\libraries\joomla\database\database\mysqli.php --> ftp3.ftptoyoursite.com /web/content/SITE-TEST/libraries/joomla/database/database mysqli.php
2012.09.04 10:54 B C:\inetpub\wwwroot\libraries\joomla\database\database\mysqliexporter.php --> ftp3.ftptoyoursite.com /web/content/SITE-TEST/libraries/joomla/database/database mysqliexporter.php
2012.09.04 10:54 B C:\inetpub\wwwroot\libraries\joomla\database\database\mysqliimporter.php --> ftp3.ftptoyoursite.com /web/content/SITE-TEST/libraries/joomla/database/database mysqliimporter.php
2012.09.04 10:54 B C:\inetpub\wwwroot\libraries\joomla\database\database\mysqlimporter.php --> ftp3.ftptoyoursite.com /web/content/SITE-TEST/libraries/joomla/database/database mysqlimporter.php
2012.09.04 10:54 B C:\inetpub\wwwroot\libraries\joomla\database\database\mysqliquery.php --> ftp3.ftptoyoursite.com /web/content/SITE-TEST/libraries/joomla/database/database mysqliquery.php
2012.09.04 10:54 B C:\inetpub\wwwroot\libraries\joomla\database\database\mysqlquery.php --> ftp3.ftptoyoursite.com /web/content/SITE-TEST/libraries/joomla/database/database mysqlquery.php
2012.09.04 10:54 B C:\inetpub\wwwroot\libraries\joomla\database\database\sqlazure.php --> ftp3.ftptoyoursite.com /web/content/SITE-TEST/libraries/joomla/database/database sqlazure.php
2012.09.04 10:54 B C:\inetpub\wwwroot\libraries\joomla\database\database\sqlazurequery.php --> ftp3.ftptoyoursite.com /web/content/SITE-TEST/libraries/joomla/database/database sqlazurequery.php
2012.09.04 10:54 B C:\inetpub\wwwroot\libraries\joomla\database\database\sqlsrv.php --> ftp3.ftptoyoursite.com /web/content/SITE-TEST/libraries/joomla/database/database sqlsrv.php
2012.09.04 10:54 B C:\inetpub\wwwroot\libraries\joomla\database\database\sqlsrvquery.php --> ftp3.ftptoyoursite.com /web/content/SITE-TEST/libraries/joomla/database/database sqlsrvquery.php
2012.09.04 10:54 B C:\inetpub\wwwroot\libraries\joomla\database\database\WS_FTP.LOG --> ftp3.ftptoyoursite.com /web/content/SITE-TEST/libraries/joomla/database/database WS_FTP.LOG
2012.09.06 15:12 B C:\inetpub\wwwroot\libraries\joomla\database\database\index.html --> ftp3.ftptoyoursite.com /web/content/SITEBACKUP_962012/libraries/joomla/database/database index.html
2012.09.06 15:12 B C:\inetpub\wwwroot\libraries\joomla\database\database\mysql.php --> ftp3.ftptoyoursite.com /web/content/SITEBACKUP_962012/libraries/joomla/database/database mysql.php
2012.09.06 15:12 B C:\inetpub\wwwroot\libraries\joomla\database\database\mysqlexporter.php --> ftp3.ftptoyoursite.com /web/content/SITEBACKUP_962012/libraries/joomla/database/database mysqlexporter.php
2012.09.06 15:12 B C:\inetpub\wwwroot\libraries\joomla\database\database\mysqli.php --> ftp3.ftptoyoursite.com /web/content/SITEBACKUP_962012/libraries/joomla/database/database mysqli.php
2012.09.06 15:12 B C:\inetpub\wwwroot\libraries\joomla\database\database\mysqliexporter.php --> ftp3.ftptoyoursite.com /web/content/SITEBACKUP_962012/libraries/joomla/database/database mysqliexporter.php
2012.09.06 15:12 B C:\inetpub\wwwroot\libraries\joomla\database\database\mysqliimporter.php --> ftp3.ftptoyoursite.com /web/content/SITEBACKUP_962012/libraries/joomla/database/database mysqliimporter.php
2012.09.06 15:12 B C:\inetpub\wwwroot\libraries\joomla\database\database\mysqlimporter.php --> ftp3.ftptoyoursite.com /web/content/SITEBACKUP_962012/libraries/joomla/database/database mysqlimporter.php
2012.09.06 15:12 B C:\inetpub\wwwroot\libraries\joomla\database\database\mysqliquery.php --> ftp3.ftptoyoursite.com /web/content/SITEBACKUP_962012/libraries/joomla/database/database mysqliquery.php
2012.09.06 15:12 B C:\inetpub\wwwroot\libraries\joomla\database\database\mysqlquery.php --> ftp3.ftptoyoursite.com /web/content/SITEBACKUP_962012/libraries/joomla/database/database mysqlquery.php
2012.09.06 15:12 B C:\inetpub\wwwroot\libraries\joomla\database\database\sqlazure.php --> ftp3.ftptoyoursite.com /web/content/SITEBACKUP_962012/libraries/joomla/database/database sqlazure.php
2012.09.06 15:12 B C:\inetpub\wwwroot\libraries\joomla\database\database\sqlazurequery.php --> ftp3.ftptoyoursite.com /web/content/SITEBACKUP_962012/libraries/joomla/database/database sqlazurequery.php
2012.09.06 15:12 B C:\inetpub\wwwroot\libraries\joomla\database\database\sqlsrv.php --> ftp3.ftptoyoursite.com /web/content/SITEBACKUP_962012/libraries/joomla/database/database sqlsrv.php
2012.09.06 15:12 B C:\inetpub\wwwroot\libraries\joomla\database\database\sqlsrvquery.php --> ftp3.ftptoyoursite.com /web/content/SITEBACKUP_962012/libraries/joomla/database/database sqlsrvquery.php
2012.09.06 15:12 B C:\inetpub\wwwroot\libraries\joomla\database\database\WS_FTP.LOG --> ftp3.ftptoyoursite.com /web/content/SITEBACKUP_962012/libraries/joomla/database/database WS_FTP.LOG
2012.10.23 09:15 B C:\inetpub\wwwroot\libraries\joomla\database\database\index.html --> ftp3.ftptoyoursite.com /web/content/libraries/joomla/database/database index.html
2012.10.23 09:15 B C:\inetpub\wwwroot\libraries\joomla\database\database\mysql.php --> ftp3.ftptoyoursite.com /web/content/libraries/joomla/database/database mysql.php
2012.10.23 09:15 B C:\inetpub\wwwroot\libraries\joomla\database\database\mysqlexporter.php --> ftp3.ftptoyoursite.com /web/content/libraries/joomla/database/database mysqlexporter.php
2012.10.23 09:15 B C:\inetpub\wwwroot\libraries\joomla\database\database\mysqli.php --> ftp3.ftptoyoursite.com /web/content/libraries/joomla/database/database mysqli.php
2012.10.23 09:15 B C:\inetpub\wwwroot\libraries\joomla\database\database\mysqliexporter.php --> ftp3.ftptoyoursite.com /web/content/libraries/joomla/database/database mysqliexporter.php
2012.10.23 09:15 B C:\inetpub\wwwroot\libraries\joomla\database\database\mysqliimporter.php --> ftp3.ftptoyoursite.com /web/content/libraries/joomla/database/database mysqliimporter.php
2012.10.23 09:15 B C:\inetpub\wwwroot\libraries\joomla\database\database\mysqlimporter.php --> ftp3.ftptoyoursite.com /web/content/libraries/joomla/database/database mysqlimporter.php
2012.10.23 09:15 B C:\inetpub\wwwroot\libraries\joomla\database\database\mysqliquery.php --> ftp3.ftptoyoursite.com /web/content/libraries/joomla/database/database mysqliquery.php
2012.10.23 09:15 B C:\inetpub\wwwroot\libraries\joomla\database\database\mysqlquery.php --> ftp3.ftptoyoursite.com /web/content/libraries/joomla/database/database mysqlquery.php
2012.10.23 09:15 B C:\inetpub\wwwroot\libraries\joomla\database\database\sqlazure.php --> ftp3.ftptoyoursite.com /web/content/libraries/joomla/database/database sqlazure.php
2012.10.23 09:15 B C:\inetpub\wwwroot\libraries\joomla\database\database\sqlazurequery.php --> ftp3.ftptoyoursite.com /web/content/libraries/joomla/database/database sqlazurequery.php
2012.10.23 09:15 B C:\inetpub\wwwroot\libraries\joomla\database\database\sqlsrv.php --> ftp3.ftptoyoursite.com /web/content/libraries/joomla/database/database sqlsrv.php
2012.10.23 09:15 B C:\inetpub\wwwroot\libraries\joomla\database\database\sqlsrvquery.php --> ftp3.ftptoyoursite.com /web/content/libraries/joomla/database/database sqlsrvquery.php
2012.10.23 09:15 B C:\inetpub\wwwroot\libraries\joomla\database\database\WS_FTP.LOG --> ftp3.ftptoyoursite.com /web/content/libraries/joomla/database/database WS_FTP.LOG
2013.02.01 14:54 B C:\inetpub\wwwroot\libraries\joomla\database\database\WS_FTP.LOG <-- Schubert Rackspace /web/content/libraries/joomla/database/database WS_FTP.LOG
