2012.07.25 12:19 B C:\Users\COBRIEN\Desktop\Schubert\modules\mod_finder\helper.php <-- Schubert Rackspace /web/content/modules/mod_finder helper.php
2012.07.25 12:19 B C:\Users\COBRIEN\Desktop\Schubert\modules\mod_finder\index.html <-- Schubert Rackspace /web/content/modules/mod_finder index.html
2012.07.25 12:19 B C:\Users\COBRIEN\Desktop\Schubert\modules\mod_finder\mod_finder.php <-- Schubert Rackspace /web/content/modules/mod_finder mod_finder.php
2012.07.25 12:19 B C:\Users\COBRIEN\Desktop\Schubert\modules\mod_finder\mod_finder.xml <-- Schubert Rackspace /web/content/modules/mod_finder mod_finder.xml
2012.09.04 10:56 B C:\inetpub\wwwroot\modules\mod_finder\helper.php --> ftp3.ftptoyoursite.com /web/content/SITE-TEST/modules/mod_finder helper.php
2012.09.04 10:56 B C:\inetpub\wwwroot\modules\mod_finder\index.html --> ftp3.ftptoyoursite.com /web/content/SITE-TEST/modules/mod_finder index.html
2012.09.04 10:56 B C:\inetpub\wwwroot\modules\mod_finder\mod_finder.php --> ftp3.ftptoyoursite.com /web/content/SITE-TEST/modules/mod_finder mod_finder.php
2012.09.04 10:56 B C:\inetpub\wwwroot\modules\mod_finder\mod_finder.xml --> ftp3.ftptoyoursite.com /web/content/SITE-TEST/modules/mod_finder mod_finder.xml
2012.09.04 10:56 B C:\inetpub\wwwroot\modules\mod_finder\WS_FTP.LOG --> ftp3.ftptoyoursite.com /web/content/SITE-TEST/modules/mod_finder WS_FTP.LOG
2012.09.06 15:15 B C:\inetpub\wwwroot\modules\mod_finder\helper.php --> ftp3.ftptoyoursite.com /web/content/SITEBACKUP_962012/modules/mod_finder helper.php
2012.09.06 15:15 B C:\inetpub\wwwroot\modules\mod_finder\index.html --> ftp3.ftptoyoursite.com /web/content/SITEBACKUP_962012/modules/mod_finder index.html
2012.09.06 15:15 B C:\inetpub\wwwroot\modules\mod_finder\mod_finder.php --> ftp3.ftptoyoursite.com /web/content/SITEBACKUP_962012/modules/mod_finder mod_finder.php
2012.09.06 15:15 B C:\inetpub\wwwroot\modules\mod_finder\mod_finder.xml --> ftp3.ftptoyoursite.com /web/content/SITEBACKUP_962012/modules/mod_finder mod_finder.xml
2012.09.06 15:15 B C:\inetpub\wwwroot\modules\mod_finder\WS_FTP.LOG --> ftp3.ftptoyoursite.com /web/content/SITEBACKUP_962012/modules/mod_finder WS_FTP.LOG
2012.10.23 09:17 B C:\inetpub\wwwroot\modules\mod_finder\helper.php --> ftp3.ftptoyoursite.com /web/content/modules/mod_finder helper.php
2012.10.23 09:17 B C:\inetpub\wwwroot\modules\mod_finder\index.html --> ftp3.ftptoyoursite.com /web/content/modules/mod_finder index.html
2012.10.23 09:17 B C:\inetpub\wwwroot\modules\mod_finder\mod_finder.php --> ftp3.ftptoyoursite.com /web/content/modules/mod_finder mod_finder.php
2012.10.23 09:17 B C:\inetpub\wwwroot\modules\mod_finder\mod_finder.xml --> ftp3.ftptoyoursite.com /web/content/modules/mod_finder mod_finder.xml
2012.10.23 09:17 B C:\inetpub\wwwroot\modules\mod_finder\WS_FTP.LOG --> ftp3.ftptoyoursite.com /web/content/modules/mod_finder WS_FTP.LOG
2013.02.01 15:02 B C:\inetpub\wwwroot\modules\mod_finder\WS_FTP.LOG <-- Schubert Rackspace /web/content/modules/mod_finder WS_FTP.LOG
