2012.07.25 12:10 B C:\Users\COBRIEN\Desktop\Schubert\administrator\components\com_contact\access.xml <-- Schubert Rackspace /web/content/administrator/components/com_contact access.xml
2012.07.25 12:10 B C:\Users\COBRIEN\Desktop\Schubert\administrator\components\com_contact\config.xml <-- Schubert Rackspace /web/content/administrator/components/com_contact config.xml
2012.07.25 12:10 B C:\Users\COBRIEN\Desktop\Schubert\administrator\components\com_contact\contact.php <-- Schubert Rackspace /web/content/administrator/components/com_contact contact.php
2012.07.25 12:10 B C:\Users\COBRIEN\Desktop\Schubert\administrator\components\com_contact\contact.xml <-- Schubert Rackspace /web/content/administrator/components/com_contact contact.xml
2012.07.25 12:10 B C:\Users\COBRIEN\Desktop\Schubert\administrator\components\com_contact\controller.php <-- Schubert Rackspace /web/content/administrator/components/com_contact controller.php
2012.07.25 12:10 B C:\Users\COBRIEN\Desktop\Schubert\administrator\components\com_contact\index.html <-- Schubert Rackspace /web/content/administrator/components/com_contact index.html
2012.09.04 10:44 B C:\inetpub\wwwroot\administrator\components\com_contact\access.xml --> ftp3.ftptoyoursite.com /web/content/SITE-TEST/administrator/components/com_contact access.xml
2012.09.04 10:44 B C:\inetpub\wwwroot\administrator\components\com_contact\config.xml --> ftp3.ftptoyoursite.com /web/content/SITE-TEST/administrator/components/com_contact config.xml
2012.09.04 10:44 B C:\inetpub\wwwroot\administrator\components\com_contact\contact.php --> ftp3.ftptoyoursite.com /web/content/SITE-TEST/administrator/components/com_contact contact.php
2012.09.04 10:44 B C:\inetpub\wwwroot\administrator\components\com_contact\contact.xml --> ftp3.ftptoyoursite.com /web/content/SITE-TEST/administrator/components/com_contact contact.xml
2012.09.04 10:44 B C:\inetpub\wwwroot\administrator\components\com_contact\controller.php --> ftp3.ftptoyoursite.com /web/content/SITE-TEST/administrator/components/com_contact controller.php
2012.09.04 10:44 B C:\inetpub\wwwroot\administrator\components\com_contact\index.html --> ftp3.ftptoyoursite.com /web/content/SITE-TEST/administrator/components/com_contact index.html
2012.09.04 10:44 B C:\inetpub\wwwroot\administrator\components\com_contact\WS_FTP.LOG --> ftp3.ftptoyoursite.com /web/content/SITE-TEST/administrator/components/com_contact WS_FTP.LOG
2012.09.06 14:58 B C:\inetpub\wwwroot\administrator\components\com_contact\access.xml --> ftp3.ftptoyoursite.com /web/content/SITEBACKUP_962012/administrator/components/com_contact access.xml
2012.09.06 14:58 B C:\inetpub\wwwroot\administrator\components\com_contact\config.xml --> ftp3.ftptoyoursite.com /web/content/SITEBACKUP_962012/administrator/components/com_contact config.xml
2012.09.06 14:58 B C:\inetpub\wwwroot\administrator\components\com_contact\contact.php --> ftp3.ftptoyoursite.com /web/content/SITEBACKUP_962012/administrator/components/com_contact contact.php
2012.09.06 14:58 B C:\inetpub\wwwroot\administrator\components\com_contact\contact.xml --> ftp3.ftptoyoursite.com /web/content/SITEBACKUP_962012/administrator/components/com_contact contact.xml
2012.09.06 14:58 B C:\inetpub\wwwroot\administrator\components\com_contact\controller.php --> ftp3.ftptoyoursite.com /web/content/SITEBACKUP_962012/administrator/components/com_contact controller.php
2012.09.06 14:58 B C:\inetpub\wwwroot\administrator\components\com_contact\index.html --> ftp3.ftptoyoursite.com /web/content/SITEBACKUP_962012/administrator/components/com_contact index.html
2012.09.06 14:58 B C:\inetpub\wwwroot\administrator\components\com_contact\WS_FTP.LOG --> ftp3.ftptoyoursite.com /web/content/SITEBACKUP_962012/administrator/components/com_contact WS_FTP.LOG
2012.09.06 15:20 B C:\inetpub\wwwroot\administrator\components\com_contact\access.xml <-- Schubert Rackspace /web/content/administrator/components/com_contact access.xml
2012.09.06 15:20 B C:\inetpub\wwwroot\administrator\components\com_contact\config.xml <-- Schubert Rackspace /web/content/administrator/components/com_contact config.xml
2012.09.06 15:20 B C:\inetpub\wwwroot\administrator\components\com_contact\contact.php <-- Schubert Rackspace /web/content/administrator/components/com_contact contact.php
2012.09.06 15:20 B C:\inetpub\wwwroot\administrator\components\com_contact\contact.xml <-- Schubert Rackspace /web/content/administrator/components/com_contact contact.xml
2012.09.06 15:20 B C:\inetpub\wwwroot\administrator\components\com_contact\controller.php <-- Schubert Rackspace /web/content/administrator/components/com_contact controller.php
2012.09.06 15:20 B C:\inetpub\wwwroot\administrator\components\com_contact\index.html <-- Schubert Rackspace /web/content/administrator/components/com_contact index.html
2012.09.06 15:43 B C:\inetpub\wwwroot\administrator\components\com_contact\access.xml <-- Schubert Rackspace /web/content/SITEBACKUP_962012/administrator/components/com_contact access.xml
2012.09.06 15:43 B C:\inetpub\wwwroot\administrator\components\com_contact\config.xml <-- Schubert Rackspace /web/content/SITEBACKUP_962012/administrator/components/com_contact config.xml
2012.09.06 15:43 B C:\inetpub\wwwroot\administrator\components\com_contact\contact.php <-- Schubert Rackspace /web/content/SITEBACKUP_962012/administrator/components/com_contact contact.php
2012.09.06 15:43 B C:\inetpub\wwwroot\administrator\components\com_contact\contact.xml <-- Schubert Rackspace /web/content/SITEBACKUP_962012/administrator/components/com_contact contact.xml
2012.09.06 15:43 B C:\inetpub\wwwroot\administrator\components\com_contact\controller.php <-- Schubert Rackspace /web/content/SITEBACKUP_962012/administrator/components/com_contact controller.php
2012.09.06 15:43 B C:\inetpub\wwwroot\administrator\components\com_contact\index.html <-- Schubert Rackspace /web/content/SITEBACKUP_962012/administrator/components/com_contact index.html
2012.10.23 09:04 B C:\inetpub\wwwroot\administrator\components\com_contact\access.xml --> ftp3.ftptoyoursite.com /web/content/administrator/components/com_contact access.xml
2012.10.23 09:04 B C:\inetpub\wwwroot\administrator\components\com_contact\config.xml --> ftp3.ftptoyoursite.com /web/content/administrator/components/com_contact config.xml
2012.10.23 09:04 B C:\inetpub\wwwroot\administrator\components\com_contact\contact.php --> ftp3.ftptoyoursite.com /web/content/administrator/components/com_contact contact.php
2012.10.23 09:04 B C:\inetpub\wwwroot\administrator\components\com_contact\contact.xml --> ftp3.ftptoyoursite.com /web/content/administrator/components/com_contact contact.xml
2012.10.23 09:04 B C:\inetpub\wwwroot\administrator\components\com_contact\controller.php --> ftp3.ftptoyoursite.com /web/content/administrator/components/com_contact controller.php
2012.10.23 09:04 B C:\inetpub\wwwroot\administrator\components\com_contact\index.html --> ftp3.ftptoyoursite.com /web/content/administrator/components/com_contact index.html
2012.10.23 09:04 B C:\inetpub\wwwroot\administrator\components\com_contact\WS_FTP.LOG --> ftp3.ftptoyoursite.com /web/content/administrator/components/com_contact WS_FTP.LOG
2013.02.01 14:40 B C:\inetpub\wwwroot\administrator\components\com_contact\WS_FTP.LOG <-- Schubert Rackspace /web/content/administrator/components/com_contact WS_FTP.LOG
