2012.07.25 12:15 B C:\Users\COBRIEN\Desktop\Schubert\components\com_jce\editor\tiny_mce\plugins\table\tmpl\advanced.php <-- Schubert Rackspace /web/content/components/com_jce/editor/tiny_mce/plugins/table/tmpl advanced.php
2012.07.25 12:15 B C:\Users\COBRIEN\Desktop\Schubert\components\com_jce\editor\tiny_mce\plugins\table\tmpl\default.php <-- Schubert Rackspace /web/content/components/com_jce/editor/tiny_mce/plugins/table/tmpl default.php
2012.07.25 12:15 B C:\Users\COBRIEN\Desktop\Schubert\components\com_jce\editor\tiny_mce\plugins\table\tmpl\general.php <-- Schubert Rackspace /web/content/components/com_jce/editor/tiny_mce/plugins/table/tmpl general.php
2012.07.25 12:15 B C:\Users\COBRIEN\Desktop\Schubert\components\com_jce\editor\tiny_mce\plugins\table\tmpl\general_cell.php <-- Schubert Rackspace /web/content/components/com_jce/editor/tiny_mce/plugins/table/tmpl general_cell.php
2012.07.25 12:15 B C:\Users\COBRIEN\Desktop\Schubert\components\com_jce\editor\tiny_mce\plugins\table\tmpl\general_row.php <-- Schubert Rackspace /web/content/components/com_jce/editor/tiny_mce/plugins/table/tmpl general_row.php
2012.07.25 12:15 B C:\Users\COBRIEN\Desktop\Schubert\components\com_jce\editor\tiny_mce\plugins\table\tmpl\general_table.php <-- Schubert Rackspace /web/content/components/com_jce/editor/tiny_mce/plugins/table/tmpl general_table.php
2012.07.25 12:15 B C:\Users\COBRIEN\Desktop\Schubert\components\com_jce\editor\tiny_mce\plugins\table\tmpl\index.html <-- Schubert Rackspace /web/content/components/com_jce/editor/tiny_mce/plugins/table/tmpl index.html
2012.07.25 12:15 B C:\Users\COBRIEN\Desktop\Schubert\components\com_jce\editor\tiny_mce\plugins\table\tmpl\merge.php <-- Schubert Rackspace /web/content/components/com_jce/editor/tiny_mce/plugins/table/tmpl merge.php
2012.09.04 10:51 B C:\inetpub\wwwroot\components\com_jce\editor\tiny_mce\plugins\table\tmpl\advanced.php --> ftp3.ftptoyoursite.com /web/content/SITE-TEST/components/com_jce/editor/tiny_mce/plugins/table/tmpl advanced.php
2012.09.04 10:51 B C:\inetpub\wwwroot\components\com_jce\editor\tiny_mce\plugins\table\tmpl\default.php --> ftp3.ftptoyoursite.com /web/content/SITE-TEST/components/com_jce/editor/tiny_mce/plugins/table/tmpl default.php
2012.09.04 10:51 B C:\inetpub\wwwroot\components\com_jce\editor\tiny_mce\plugins\table\tmpl\general.php --> ftp3.ftptoyoursite.com /web/content/SITE-TEST/components/com_jce/editor/tiny_mce/plugins/table/tmpl general.php
2012.09.04 10:51 B C:\inetpub\wwwroot\components\com_jce\editor\tiny_mce\plugins\table\tmpl\general_cell.php --> ftp3.ftptoyoursite.com /web/content/SITE-TEST/components/com_jce/editor/tiny_mce/plugins/table/tmpl general_cell.php
2012.09.04 10:51 B C:\inetpub\wwwroot\components\com_jce\editor\tiny_mce\plugins\table\tmpl\general_row.php --> ftp3.ftptoyoursite.com /web/content/SITE-TEST/components/com_jce/editor/tiny_mce/plugins/table/tmpl general_row.php
2012.09.04 10:51 B C:\inetpub\wwwroot\components\com_jce\editor\tiny_mce\plugins\table\tmpl\general_table.php --> ftp3.ftptoyoursite.com /web/content/SITE-TEST/components/com_jce/editor/tiny_mce/plugins/table/tmpl general_table.php
2012.09.04 10:51 B C:\inetpub\wwwroot\components\com_jce\editor\tiny_mce\plugins\table\tmpl\index.html --> ftp3.ftptoyoursite.com /web/content/SITE-TEST/components/com_jce/editor/tiny_mce/plugins/table/tmpl index.html
2012.09.04 10:51 B C:\inetpub\wwwroot\components\com_jce\editor\tiny_mce\plugins\table\tmpl\merge.php --> ftp3.ftptoyoursite.com /web/content/SITE-TEST/components/com_jce/editor/tiny_mce/plugins/table/tmpl merge.php
2012.09.04 10:51 B C:\inetpub\wwwroot\components\com_jce\editor\tiny_mce\plugins\table\tmpl\WS_FTP.LOG --> ftp3.ftptoyoursite.com /web/content/SITE-TEST/components/com_jce/editor/tiny_mce/plugins/table/tmpl WS_FTP.LOG
2012.09.06 15:08 B C:\inetpub\wwwroot\components\com_jce\editor\tiny_mce\plugins\table\tmpl\advanced.php --> ftp3.ftptoyoursite.com /web/content/SITEBACKUP_962012/components/com_jce/editor/tiny_mce/plugins/table/tmpl advanced.php
2012.09.06 15:08 B C:\inetpub\wwwroot\components\com_jce\editor\tiny_mce\plugins\table\tmpl\default.php --> ftp3.ftptoyoursite.com /web/content/SITEBACKUP_962012/components/com_jce/editor/tiny_mce/plugins/table/tmpl default.php
2012.09.06 15:08 B C:\inetpub\wwwroot\components\com_jce\editor\tiny_mce\plugins\table\tmpl\general.php --> ftp3.ftptoyoursite.com /web/content/SITEBACKUP_962012/components/com_jce/editor/tiny_mce/plugins/table/tmpl general.php
2012.09.06 15:08 B C:\inetpub\wwwroot\components\com_jce\editor\tiny_mce\plugins\table\tmpl\general_cell.php --> ftp3.ftptoyoursite.com /web/content/SITEBACKUP_962012/components/com_jce/editor/tiny_mce/plugins/table/tmpl general_cell.php
2012.09.06 15:08 B C:\inetpub\wwwroot\components\com_jce\editor\tiny_mce\plugins\table\tmpl\general_row.php --> ftp3.ftptoyoursite.com /web/content/SITEBACKUP_962012/components/com_jce/editor/tiny_mce/plugins/table/tmpl general_row.php
2012.09.06 15:08 B C:\inetpub\wwwroot\components\com_jce\editor\tiny_mce\plugins\table\tmpl\general_table.php --> ftp3.ftptoyoursite.com /web/content/SITEBACKUP_962012/components/com_jce/editor/tiny_mce/plugins/table/tmpl general_table.php
2012.09.06 15:08 B C:\inetpub\wwwroot\components\com_jce\editor\tiny_mce\plugins\table\tmpl\index.html --> ftp3.ftptoyoursite.com /web/content/SITEBACKUP_962012/components/com_jce/editor/tiny_mce/plugins/table/tmpl index.html
2012.09.06 15:08 B C:\inetpub\wwwroot\components\com_jce\editor\tiny_mce\plugins\table\tmpl\merge.php --> ftp3.ftptoyoursite.com /web/content/SITEBACKUP_962012/components/com_jce/editor/tiny_mce/plugins/table/tmpl merge.php
2012.09.06 15:08 B C:\inetpub\wwwroot\components\com_jce\editor\tiny_mce\plugins\table\tmpl\WS_FTP.LOG --> ftp3.ftptoyoursite.com /web/content/SITEBACKUP_962012/components/com_jce/editor/tiny_mce/plugins/table/tmpl WS_FTP.LOG
2012.09.06 15:49 B C:\inetpub\wwwroot\components\com_jce\editor\tiny_mce\plugins\table\tmpl\advanced.php <-- Schubert Rackspace /web/content/SITEBACKUP_962012/components/com_jce/editor/tiny_mce/plugins/table/tmpl advanced.php
2012.09.06 15:49 B C:\inetpub\wwwroot\components\com_jce\editor\tiny_mce\plugins\table\tmpl\default.php <-- Schubert Rackspace /web/content/SITEBACKUP_962012/components/com_jce/editor/tiny_mce/plugins/table/tmpl default.php
2012.09.06 15:49 B C:\inetpub\wwwroot\components\com_jce\editor\tiny_mce\plugins\table\tmpl\general.php <-- Schubert Rackspace /web/content/SITEBACKUP_962012/components/com_jce/editor/tiny_mce/plugins/table/tmpl general.php
2012.09.06 15:49 B C:\inetpub\wwwroot\components\com_jce\editor\tiny_mce\plugins\table\tmpl\general_cell.php <-- Schubert Rackspace /web/content/SITEBACKUP_962012/components/com_jce/editor/tiny_mce/plugins/table/tmpl general_cell.php
2012.09.06 15:49 B C:\inetpub\wwwroot\components\com_jce\editor\tiny_mce\plugins\table\tmpl\general_row.php <-- Schubert Rackspace /web/content/SITEBACKUP_962012/components/com_jce/editor/tiny_mce/plugins/table/tmpl general_row.php
2012.09.06 15:49 B C:\inetpub\wwwroot\components\com_jce\editor\tiny_mce\plugins\table\tmpl\general_table.php <-- Schubert Rackspace /web/content/SITEBACKUP_962012/components/com_jce/editor/tiny_mce/plugins/table/tmpl general_table.php
2012.09.06 15:49 B C:\inetpub\wwwroot\components\com_jce\editor\tiny_mce\plugins\table\tmpl\index.html <-- Schubert Rackspace /web/content/SITEBACKUP_962012/components/com_jce/editor/tiny_mce/plugins/table/tmpl index.html
2012.09.06 15:49 B C:\inetpub\wwwroot\components\com_jce\editor\tiny_mce\plugins\table\tmpl\merge.php <-- Schubert Rackspace /web/content/SITEBACKUP_962012/components/com_jce/editor/tiny_mce/plugins/table/tmpl merge.php
2012.10.23 09:12 B C:\inetpub\wwwroot\components\com_jce\editor\tiny_mce\plugins\table\tmpl\advanced.php --> ftp3.ftptoyoursite.com /web/content/components/com_jce/editor/tiny_mce/plugins/table/tmpl advanced.php
2012.10.23 09:12 B C:\inetpub\wwwroot\components\com_jce\editor\tiny_mce\plugins\table\tmpl\default.php --> ftp3.ftptoyoursite.com /web/content/components/com_jce/editor/tiny_mce/plugins/table/tmpl default.php
2012.10.23 09:12 B C:\inetpub\wwwroot\components\com_jce\editor\tiny_mce\plugins\table\tmpl\general.php --> ftp3.ftptoyoursite.com /web/content/components/com_jce/editor/tiny_mce/plugins/table/tmpl general.php
2012.10.23 09:12 B C:\inetpub\wwwroot\components\com_jce\editor\tiny_mce\plugins\table\tmpl\general_cell.php --> ftp3.ftptoyoursite.com /web/content/components/com_jce/editor/tiny_mce/plugins/table/tmpl general_cell.php
2012.10.23 09:12 B C:\inetpub\wwwroot\components\com_jce\editor\tiny_mce\plugins\table\tmpl\general_row.php --> ftp3.ftptoyoursite.com /web/content/components/com_jce/editor/tiny_mce/plugins/table/tmpl general_row.php
2012.10.23 09:12 B C:\inetpub\wwwroot\components\com_jce\editor\tiny_mce\plugins\table\tmpl\general_table.php --> ftp3.ftptoyoursite.com /web/content/components/com_jce/editor/tiny_mce/plugins/table/tmpl general_table.php
2012.10.23 09:12 B C:\inetpub\wwwroot\components\com_jce\editor\tiny_mce\plugins\table\tmpl\index.html --> ftp3.ftptoyoursite.com /web/content/components/com_jce/editor/tiny_mce/plugins/table/tmpl index.html
2012.10.23 09:12 B C:\inetpub\wwwroot\components\com_jce\editor\tiny_mce\plugins\table\tmpl\merge.php --> ftp3.ftptoyoursite.com /web/content/components/com_jce/editor/tiny_mce/plugins/table/tmpl merge.php
2012.10.23 09:12 B C:\inetpub\wwwroot\components\com_jce\editor\tiny_mce\plugins\table\tmpl\WS_FTP.LOG --> ftp3.ftptoyoursite.com /web/content/components/com_jce/editor/tiny_mce/plugins/table/tmpl WS_FTP.LOG
2013.02.01 14:49 B C:\inetpub\wwwroot\components\com_jce\editor\tiny_mce\plugins\table\tmpl\WS_FTP.LOG <-- Schubert Rackspace /web/content/components/com_jce/editor/tiny_mce/plugins/table/tmpl WS_FTP.LOG
