2012.07.25 12:11 B C:\Users\COBRIEN\Desktop\Schubert\administrator\components\com_jce\media\js\browser.js <-- Schubert Rackspace /web/content/administrator/components/com_jce/media/js browser.js
2012.07.25 12:11 B C:\Users\COBRIEN\Desktop\Schubert\administrator\components\com_jce\media\js\checklist.js <-- Schubert Rackspace /web/content/administrator/components/com_jce/media/js checklist.js
2012.07.25 12:11 B C:\Users\COBRIEN\Desktop\Schubert\administrator\components\com_jce\media\js\cpanel.js <-- Schubert Rackspace /web/content/administrator/components/com_jce/media/js cpanel.js
2012.07.25 12:11 B C:\Users\COBRIEN\Desktop\Schubert\administrator\components\com_jce\media\js\extensions.js <-- Schubert Rackspace /web/content/administrator/components/com_jce/media/js extensions.js
2012.07.25 12:11 B C:\Users\COBRIEN\Desktop\Schubert\administrator\components\com_jce\media\js\index.html <-- Schubert Rackspace /web/content/administrator/components/com_jce/media/js index.html
2012.07.25 12:11 B C:\Users\COBRIEN\Desktop\Schubert\administrator\components\com_jce\media\js\installer.js <-- Schubert Rackspace /web/content/administrator/components/com_jce/media/js installer.js
2012.07.25 12:11 B C:\Users\COBRIEN\Desktop\Schubert\administrator\components\com_jce\media\js\jce.js <-- Schubert Rackspace /web/content/administrator/components/com_jce/media/js jce.js
2012.07.25 12:11 B C:\Users\COBRIEN\Desktop\Schubert\administrator\components\com_jce\media\js\legend.js <-- Schubert Rackspace /web/content/administrator/components/com_jce/media/js legend.js
2012.07.25 12:11 B C:\Users\COBRIEN\Desktop\Schubert\administrator\components\com_jce\media\js\parameter.js <-- Schubert Rackspace /web/content/administrator/components/com_jce/media/js parameter.js
2012.07.25 12:11 B C:\Users\COBRIEN\Desktop\Schubert\administrator\components\com_jce\media\js\preferences.js <-- Schubert Rackspace /web/content/administrator/components/com_jce/media/js preferences.js
2012.07.25 12:11 B C:\Users\COBRIEN\Desktop\Schubert\administrator\components\com_jce\media\js\profiles.js <-- Schubert Rackspace /web/content/administrator/components/com_jce/media/js profiles.js
2012.07.25 12:11 B C:\Users\COBRIEN\Desktop\Schubert\administrator\components\com_jce\media\js\update.js <-- Schubert Rackspace /web/content/administrator/components/com_jce/media/js update.js
2012.07.25 12:11 B C:\Users\COBRIEN\Desktop\Schubert\administrator\components\com_jce\media\js\uploads.js <-- Schubert Rackspace /web/content/administrator/components/com_jce/media/js uploads.js
2012.07.25 12:11 B C:\Users\COBRIEN\Desktop\Schubert\administrator\components\com_jce\media\js\users.js <-- Schubert Rackspace /web/content/administrator/components/com_jce/media/js users.js
2012.09.04 10:44 B C:\inetpub\wwwroot\administrator\components\com_jce\media\js\browser.js --> ftp3.ftptoyoursite.com /web/content/SITE-TEST/administrator/components/com_jce/media/js browser.js
2012.09.04 10:44 B C:\inetpub\wwwroot\administrator\components\com_jce\media\js\checklist.js --> ftp3.ftptoyoursite.com /web/content/SITE-TEST/administrator/components/com_jce/media/js checklist.js
2012.09.04 10:44 B C:\inetpub\wwwroot\administrator\components\com_jce\media\js\cpanel.js --> ftp3.ftptoyoursite.com /web/content/SITE-TEST/administrator/components/com_jce/media/js cpanel.js
2012.09.04 10:44 B C:\inetpub\wwwroot\administrator\components\com_jce\media\js\extensions.js --> ftp3.ftptoyoursite.com /web/content/SITE-TEST/administrator/components/com_jce/media/js extensions.js
2012.09.04 10:44 B C:\inetpub\wwwroot\administrator\components\com_jce\media\js\index.html --> ftp3.ftptoyoursite.com /web/content/SITE-TEST/administrator/components/com_jce/media/js index.html
2012.09.04 10:44 B C:\inetpub\wwwroot\administrator\components\com_jce\media\js\installer.js --> ftp3.ftptoyoursite.com /web/content/SITE-TEST/administrator/components/com_jce/media/js installer.js
2012.09.04 10:44 B C:\inetpub\wwwroot\administrator\components\com_jce\media\js\jce.js --> ftp3.ftptoyoursite.com /web/content/SITE-TEST/administrator/components/com_jce/media/js jce.js
2012.09.04 10:44 B C:\inetpub\wwwroot\administrator\components\com_jce\media\js\legend.js --> ftp3.ftptoyoursite.com /web/content/SITE-TEST/administrator/components/com_jce/media/js legend.js
2012.09.04 10:44 B C:\inetpub\wwwroot\administrator\components\com_jce\media\js\parameter.js --> ftp3.ftptoyoursite.com /web/content/SITE-TEST/administrator/components/com_jce/media/js parameter.js
2012.09.04 10:44 B C:\inetpub\wwwroot\administrator\components\com_jce\media\js\preferences.js --> ftp3.ftptoyoursite.com /web/content/SITE-TEST/administrator/components/com_jce/media/js preferences.js
2012.09.04 10:44 B C:\inetpub\wwwroot\administrator\components\com_jce\media\js\profiles.js --> ftp3.ftptoyoursite.com /web/content/SITE-TEST/administrator/components/com_jce/media/js profiles.js
2012.09.04 10:44 B C:\inetpub\wwwroot\administrator\components\com_jce\media\js\update.js --> ftp3.ftptoyoursite.com /web/content/SITE-TEST/administrator/components/com_jce/media/js update.js
2012.09.04 10:44 B C:\inetpub\wwwroot\administrator\components\com_jce\media\js\uploads.js --> ftp3.ftptoyoursite.com /web/content/SITE-TEST/administrator/components/com_jce/media/js uploads.js
2012.09.04 10:44 B C:\inetpub\wwwroot\administrator\components\com_jce\media\js\users.js --> ftp3.ftptoyoursite.com /web/content/SITE-TEST/administrator/components/com_jce/media/js users.js
2012.09.04 10:44 B C:\inetpub\wwwroot\administrator\components\com_jce\media\js\WS_FTP.LOG --> ftp3.ftptoyoursite.com /web/content/SITE-TEST/administrator/components/com_jce/media/js WS_FTP.LOG
2012.09.06 14:59 B C:\inetpub\wwwroot\administrator\components\com_jce\media\js\browser.js --> ftp3.ftptoyoursite.com /web/content/SITEBACKUP_962012/administrator/components/com_jce/media/js browser.js
2012.09.06 14:59 B C:\inetpub\wwwroot\administrator\components\com_jce\media\js\checklist.js --> ftp3.ftptoyoursite.com /web/content/SITEBACKUP_962012/administrator/components/com_jce/media/js checklist.js
2012.09.06 14:59 B C:\inetpub\wwwroot\administrator\components\com_jce\media\js\cpanel.js --> ftp3.ftptoyoursite.com /web/content/SITEBACKUP_962012/administrator/components/com_jce/media/js cpanel.js
2012.09.06 14:59 B C:\inetpub\wwwroot\administrator\components\com_jce\media\js\extensions.js --> ftp3.ftptoyoursite.com /web/content/SITEBACKUP_962012/administrator/components/com_jce/media/js extensions.js
2012.09.06 14:59 B C:\inetpub\wwwroot\administrator\components\com_jce\media\js\index.html --> ftp3.ftptoyoursite.com /web/content/SITEBACKUP_962012/administrator/components/com_jce/media/js index.html
2012.09.06 14:59 B C:\inetpub\wwwroot\administrator\components\com_jce\media\js\installer.js --> ftp3.ftptoyoursite.com /web/content/SITEBACKUP_962012/administrator/components/com_jce/media/js installer.js
2012.09.06 14:59 B C:\inetpub\wwwroot\administrator\components\com_jce\media\js\jce.js --> ftp3.ftptoyoursite.com /web/content/SITEBACKUP_962012/administrator/components/com_jce/media/js jce.js
2012.09.06 14:59 B C:\inetpub\wwwroot\administrator\components\com_jce\media\js\legend.js --> ftp3.ftptoyoursite.com /web/content/SITEBACKUP_962012/administrator/components/com_jce/media/js legend.js
2012.09.06 14:59 B C:\inetpub\wwwroot\administrator\components\com_jce\media\js\parameter.js --> ftp3.ftptoyoursite.com /web/content/SITEBACKUP_962012/administrator/components/com_jce/media/js parameter.js
2012.09.06 14:59 B C:\inetpub\wwwroot\administrator\components\com_jce\media\js\preferences.js --> ftp3.ftptoyoursite.com /web/content/SITEBACKUP_962012/administrator/components/com_jce/media/js preferences.js
2012.09.06 14:59 B C:\inetpub\wwwroot\administrator\components\com_jce\media\js\profiles.js --> ftp3.ftptoyoursite.com /web/content/SITEBACKUP_962012/administrator/components/com_jce/media/js profiles.js
2012.09.06 14:59 B C:\inetpub\wwwroot\administrator\components\com_jce\media\js\update.js --> ftp3.ftptoyoursite.com /web/content/SITEBACKUP_962012/administrator/components/com_jce/media/js update.js
2012.09.06 14:59 B C:\inetpub\wwwroot\administrator\components\com_jce\media\js\uploads.js --> ftp3.ftptoyoursite.com /web/content/SITEBACKUP_962012/administrator/components/com_jce/media/js uploads.js
2012.09.06 14:59 B C:\inetpub\wwwroot\administrator\components\com_jce\media\js\users.js --> ftp3.ftptoyoursite.com /web/content/SITEBACKUP_962012/administrator/components/com_jce/media/js users.js
2012.09.06 14:59 B C:\inetpub\wwwroot\administrator\components\com_jce\media\js\WS_FTP.LOG --> ftp3.ftptoyoursite.com /web/content/SITEBACKUP_962012/administrator/components/com_jce/media/js WS_FTP.LOG
2012.09.06 15:20 B C:\inetpub\wwwroot\administrator\components\com_jce\media\js\browser.js <-- Schubert Rackspace /web/content/administrator/components/com_jce/media/js browser.js
2012.09.06 15:20 B C:\inetpub\wwwroot\administrator\components\com_jce\media\js\checklist.js <-- Schubert Rackspace /web/content/administrator/components/com_jce/media/js checklist.js
2012.09.06 15:20 B C:\inetpub\wwwroot\administrator\components\com_jce\media\js\cpanel.js <-- Schubert Rackspace /web/content/administrator/components/com_jce/media/js cpanel.js
2012.09.06 15:20 B C:\inetpub\wwwroot\administrator\components\com_jce\media\js\extensions.js <-- Schubert Rackspace /web/content/administrator/components/com_jce/media/js extensions.js
2012.09.06 15:20 B C:\inetpub\wwwroot\administrator\components\com_jce\media\js\index.html <-- Schubert Rackspace /web/content/administrator/components/com_jce/media/js index.html
2012.09.06 15:20 B C:\inetpub\wwwroot\administrator\components\com_jce\media\js\installer.js <-- Schubert Rackspace /web/content/administrator/components/com_jce/media/js installer.js
2012.09.06 15:20 B C:\inetpub\wwwroot\administrator\components\com_jce\media\js\jce.js <-- Schubert Rackspace /web/content/administrator/components/com_jce/media/js jce.js
2012.09.06 15:20 B C:\inetpub\wwwroot\administrator\components\com_jce\media\js\legend.js <-- Schubert Rackspace /web/content/administrator/components/com_jce/media/js legend.js
2012.09.06 15:20 B C:\inetpub\wwwroot\administrator\components\com_jce\media\js\parameter.js <-- Schubert Rackspace /web/content/administrator/components/com_jce/media/js parameter.js
2012.09.06 15:20 B C:\inetpub\wwwroot\administrator\components\com_jce\media\js\preferences.js <-- Schubert Rackspace /web/content/administrator/components/com_jce/media/js preferences.js
2012.09.06 15:20 B C:\inetpub\wwwroot\administrator\components\com_jce\media\js\profiles.js <-- Schubert Rackspace /web/content/administrator/components/com_jce/media/js profiles.js
2012.09.06 15:20 B C:\inetpub\wwwroot\administrator\components\com_jce\media\js\update.js <-- Schubert Rackspace /web/content/administrator/components/com_jce/media/js update.js
2012.09.06 15:20 B C:\inetpub\wwwroot\administrator\components\com_jce\media\js\uploads.js <-- Schubert Rackspace /web/content/administrator/components/com_jce/media/js uploads.js
2012.09.06 15:20 B C:\inetpub\wwwroot\administrator\components\com_jce\media\js\users.js <-- Schubert Rackspace /web/content/administrator/components/com_jce/media/js users.js
2012.09.06 15:44 B C:\inetpub\wwwroot\administrator\components\com_jce\media\js\browser.js <-- Schubert Rackspace /web/content/SITEBACKUP_962012/administrator/components/com_jce/media/js browser.js
2012.09.06 15:44 B C:\inetpub\wwwroot\administrator\components\com_jce\media\js\checklist.js <-- Schubert Rackspace /web/content/SITEBACKUP_962012/administrator/components/com_jce/media/js checklist.js
2012.09.06 15:44 B C:\inetpub\wwwroot\administrator\components\com_jce\media\js\cpanel.js <-- Schubert Rackspace /web/content/SITEBACKUP_962012/administrator/components/com_jce/media/js cpanel.js
2012.09.06 15:44 B C:\inetpub\wwwroot\administrator\components\com_jce\media\js\extensions.js <-- Schubert Rackspace /web/content/SITEBACKUP_962012/administrator/components/com_jce/media/js extensions.js
2012.09.06 15:44 B C:\inetpub\wwwroot\administrator\components\com_jce\media\js\index.html <-- Schubert Rackspace /web/content/SITEBACKUP_962012/administrator/components/com_jce/media/js index.html
2012.09.06 15:44 B C:\inetpub\wwwroot\administrator\components\com_jce\media\js\installer.js <-- Schubert Rackspace /web/content/SITEBACKUP_962012/administrator/components/com_jce/media/js installer.js
2012.09.06 15:44 B C:\inetpub\wwwroot\administrator\components\com_jce\media\js\jce.js <-- Schubert Rackspace /web/content/SITEBACKUP_962012/administrator/components/com_jce/media/js jce.js
2012.09.06 15:44 B C:\inetpub\wwwroot\administrator\components\com_jce\media\js\legend.js <-- Schubert Rackspace /web/content/SITEBACKUP_962012/administrator/components/com_jce/media/js legend.js
2012.09.06 15:44 B C:\inetpub\wwwroot\administrator\components\com_jce\media\js\parameter.js <-- Schubert Rackspace /web/content/SITEBACKUP_962012/administrator/components/com_jce/media/js parameter.js
2012.09.06 15:44 B C:\inetpub\wwwroot\administrator\components\com_jce\media\js\preferences.js <-- Schubert Rackspace /web/content/SITEBACKUP_962012/administrator/components/com_jce/media/js preferences.js
2012.09.06 15:44 B C:\inetpub\wwwroot\administrator\components\com_jce\media\js\profiles.js <-- Schubert Rackspace /web/content/SITEBACKUP_962012/administrator/components/com_jce/media/js profiles.js
2012.09.06 15:44 B C:\inetpub\wwwroot\administrator\components\com_jce\media\js\update.js <-- Schubert Rackspace /web/content/SITEBACKUP_962012/administrator/components/com_jce/media/js update.js
2012.09.06 15:44 B C:\inetpub\wwwroot\administrator\components\com_jce\media\js\uploads.js <-- Schubert Rackspace /web/content/SITEBACKUP_962012/administrator/components/com_jce/media/js uploads.js
2012.09.06 15:44 B C:\inetpub\wwwroot\administrator\components\com_jce\media\js\users.js <-- Schubert Rackspace /web/content/SITEBACKUP_962012/administrator/components/com_jce/media/js users.js
2012.10.23 09:04 B C:\inetpub\wwwroot\administrator\components\com_jce\media\js\browser.js --> ftp3.ftptoyoursite.com /web/content/administrator/components/com_jce/media/js browser.js
2012.10.23 09:04 B C:\inetpub\wwwroot\administrator\components\com_jce\media\js\checklist.js --> ftp3.ftptoyoursite.com /web/content/administrator/components/com_jce/media/js checklist.js
2012.10.23 09:04 B C:\inetpub\wwwroot\administrator\components\com_jce\media\js\cpanel.js --> ftp3.ftptoyoursite.com /web/content/administrator/components/com_jce/media/js cpanel.js
2012.10.23 09:04 B C:\inetpub\wwwroot\administrator\components\com_jce\media\js\extensions.js --> ftp3.ftptoyoursite.com /web/content/administrator/components/com_jce/media/js extensions.js
2012.10.23 09:04 B C:\inetpub\wwwroot\administrator\components\com_jce\media\js\index.html --> ftp3.ftptoyoursite.com /web/content/administrator/components/com_jce/media/js index.html
2012.10.23 09:04 B C:\inetpub\wwwroot\administrator\components\com_jce\media\js\installer.js --> ftp3.ftptoyoursite.com /web/content/administrator/components/com_jce/media/js installer.js
2012.10.23 09:04 B C:\inetpub\wwwroot\administrator\components\com_jce\media\js\jce.js --> ftp3.ftptoyoursite.com /web/content/administrator/components/com_jce/media/js jce.js
2012.10.23 09:04 B C:\inetpub\wwwroot\administrator\components\com_jce\media\js\legend.js --> ftp3.ftptoyoursite.com /web/content/administrator/components/com_jce/media/js legend.js
2012.10.23 09:04 B C:\inetpub\wwwroot\administrator\components\com_jce\media\js\parameter.js --> ftp3.ftptoyoursite.com /web/content/administrator/components/com_jce/media/js parameter.js
2012.10.23 09:04 B C:\inetpub\wwwroot\administrator\components\com_jce\media\js\preferences.js --> ftp3.ftptoyoursite.com /web/content/administrator/components/com_jce/media/js preferences.js
2012.10.23 09:04 B C:\inetpub\wwwroot\administrator\components\com_jce\media\js\profiles.js --> ftp3.ftptoyoursite.com /web/content/administrator/components/com_jce/media/js profiles.js
2012.10.23 09:04 B C:\inetpub\wwwroot\administrator\components\com_jce\media\js\update.js --> ftp3.ftptoyoursite.com /web/content/administrator/components/com_jce/media/js update.js
2012.10.23 09:04 B C:\inetpub\wwwroot\administrator\components\com_jce\media\js\uploads.js --> ftp3.ftptoyoursite.com /web/content/administrator/components/com_jce/media/js uploads.js
2012.10.23 09:04 B C:\inetpub\wwwroot\administrator\components\com_jce\media\js\users.js --> ftp3.ftptoyoursite.com /web/content/administrator/components/com_jce/media/js users.js
2012.10.23 09:04 B C:\inetpub\wwwroot\administrator\components\com_jce\media\js\WS_FTP.LOG --> ftp3.ftptoyoursite.com /web/content/administrator/components/com_jce/media/js WS_FTP.LOG
2013.02.01 14:41 B C:\inetpub\wwwroot\administrator\components\com_jce\media\js\WS_FTP.LOG <-- Schubert Rackspace /web/content/administrator/components/com_jce/media/js WS_FTP.LOG
