2012.07.25 12:18 B C:\Users\COBRIEN\Desktop\Schubert\libraries\joomla\form\field.php <-- Schubert Rackspace /web/content/libraries/joomla/form field.php
2012.07.25 12:18 B C:\Users\COBRIEN\Desktop\Schubert\libraries\joomla\form\form.php <-- Schubert Rackspace /web/content/libraries/joomla/form form.php
2012.07.25 12:18 B C:\Users\COBRIEN\Desktop\Schubert\libraries\joomla\form\helper.php <-- Schubert Rackspace /web/content/libraries/joomla/form helper.php
2012.07.25 12:18 B C:\Users\COBRIEN\Desktop\Schubert\libraries\joomla\form\index.html <-- Schubert Rackspace /web/content/libraries/joomla/form index.html
2012.07.25 12:18 B C:\Users\COBRIEN\Desktop\Schubert\libraries\joomla\form\rule.php <-- Schubert Rackspace /web/content/libraries/joomla/form rule.php
2012.09.04 10:54 B C:\inetpub\wwwroot\libraries\joomla\form\field.php --> ftp3.ftptoyoursite.com /web/content/SITE-TEST/libraries/joomla/form field.php
2012.09.04 10:54 B C:\inetpub\wwwroot\libraries\joomla\form\form.php --> ftp3.ftptoyoursite.com /web/content/SITE-TEST/libraries/joomla/form form.php
2012.09.04 10:54 B C:\inetpub\wwwroot\libraries\joomla\form\helper.php --> ftp3.ftptoyoursite.com /web/content/SITE-TEST/libraries/joomla/form helper.php
2012.09.04 10:54 B C:\inetpub\wwwroot\libraries\joomla\form\index.html --> ftp3.ftptoyoursite.com /web/content/SITE-TEST/libraries/joomla/form index.html
2012.09.04 10:54 B C:\inetpub\wwwroot\libraries\joomla\form\rule.php --> ftp3.ftptoyoursite.com /web/content/SITE-TEST/libraries/joomla/form rule.php
2012.09.04 10:54 B C:\inetpub\wwwroot\libraries\joomla\form\WS_FTP.LOG --> ftp3.ftptoyoursite.com /web/content/SITE-TEST/libraries/joomla/form WS_FTP.LOG
2012.09.06 15:12 B C:\inetpub\wwwroot\libraries\joomla\form\field.php --> ftp3.ftptoyoursite.com /web/content/SITEBACKUP_962012/libraries/joomla/form field.php
2012.09.06 15:12 B C:\inetpub\wwwroot\libraries\joomla\form\form.php --> ftp3.ftptoyoursite.com /web/content/SITEBACKUP_962012/libraries/joomla/form form.php
2012.09.06 15:12 B C:\inetpub\wwwroot\libraries\joomla\form\helper.php --> ftp3.ftptoyoursite.com /web/content/SITEBACKUP_962012/libraries/joomla/form helper.php
2012.09.06 15:12 B C:\inetpub\wwwroot\libraries\joomla\form\index.html --> ftp3.ftptoyoursite.com /web/content/SITEBACKUP_962012/libraries/joomla/form index.html
2012.09.06 15:12 B C:\inetpub\wwwroot\libraries\joomla\form\rule.php --> ftp3.ftptoyoursite.com /web/content/SITEBACKUP_962012/libraries/joomla/form rule.php
2012.09.06 15:12 B C:\inetpub\wwwroot\libraries\joomla\form\WS_FTP.LOG --> ftp3.ftptoyoursite.com /web/content/SITEBACKUP_962012/libraries/joomla/form WS_FTP.LOG
2012.10.23 09:15 B C:\inetpub\wwwroot\libraries\joomla\form\field.php --> ftp3.ftptoyoursite.com /web/content/libraries/joomla/form field.php
2012.10.23 09:15 B C:\inetpub\wwwroot\libraries\joomla\form\form.php --> ftp3.ftptoyoursite.com /web/content/libraries/joomla/form form.php
2012.10.23 09:15 B C:\inetpub\wwwroot\libraries\joomla\form\helper.php --> ftp3.ftptoyoursite.com /web/content/libraries/joomla/form helper.php
2012.10.23 09:15 B C:\inetpub\wwwroot\libraries\joomla\form\index.html --> ftp3.ftptoyoursite.com /web/content/libraries/joomla/form index.html
2012.10.23 09:15 B C:\inetpub\wwwroot\libraries\joomla\form\rule.php --> ftp3.ftptoyoursite.com /web/content/libraries/joomla/form rule.php
2012.10.23 09:15 B C:\inetpub\wwwroot\libraries\joomla\form\WS_FTP.LOG --> ftp3.ftptoyoursite.com /web/content/libraries/joomla/form WS_FTP.LOG
2013.02.01 14:54 B C:\inetpub\wwwroot\libraries\joomla\form\WS_FTP.LOG <-- Schubert Rackspace /web/content/libraries/joomla/form WS_FTP.LOG
