2012.07.25 12:12 B C:\Users\COBRIEN\Desktop\Schubert\administrator\components\com_templates\views\style\tmpl\edit.php <-- Schubert Rackspace /web/content/administrator/components/com_templates/views/style/tmpl edit.php
2012.07.25 12:12 B C:\Users\COBRIEN\Desktop\Schubert\administrator\components\com_templates\views\style\tmpl\edit_assignment.php <-- Schubert Rackspace /web/content/administrator/components/com_templates/views/style/tmpl edit_assignment.php
2012.07.25 12:12 B C:\Users\COBRIEN\Desktop\Schubert\administrator\components\com_templates\views\style\tmpl\edit_options.php <-- Schubert Rackspace /web/content/administrator/components/com_templates/views/style/tmpl edit_options.php
2012.07.25 12:12 B C:\Users\COBRIEN\Desktop\Schubert\administrator\components\com_templates\views\style\tmpl\index.html <-- Schubert Rackspace /web/content/administrator/components/com_templates/views/style/tmpl index.html
2012.09.04 10:46 B C:\inetpub\wwwroot\administrator\components\com_templates\views\style\tmpl\edit.php --> ftp3.ftptoyoursite.com /web/content/SITE-TEST/administrator/components/com_templates/views/style/tmpl edit.php
2012.09.04 10:46 B C:\inetpub\wwwroot\administrator\components\com_templates\views\style\tmpl\edit_assignment.php --> ftp3.ftptoyoursite.com /web/content/SITE-TEST/administrator/components/com_templates/views/style/tmpl edit_assignment.php
2012.09.04 10:46 B C:\inetpub\wwwroot\administrator\components\com_templates\views\style\tmpl\edit_options.php --> ftp3.ftptoyoursite.com /web/content/SITE-TEST/administrator/components/com_templates/views/style/tmpl edit_options.php
2012.09.04 10:46 B C:\inetpub\wwwroot\administrator\components\com_templates\views\style\tmpl\index.html --> ftp3.ftptoyoursite.com /web/content/SITE-TEST/administrator/components/com_templates/views/style/tmpl index.html
2012.09.04 10:46 B C:\inetpub\wwwroot\administrator\components\com_templates\views\style\tmpl\WS_FTP.LOG --> ftp3.ftptoyoursite.com /web/content/SITE-TEST/administrator/components/com_templates/views/style/tmpl WS_FTP.LOG
2012.09.06 15:03 B C:\inetpub\wwwroot\administrator\components\com_templates\views\style\tmpl\edit.php --> ftp3.ftptoyoursite.com /web/content/SITEBACKUP_962012/administrator/components/com_templates/views/style/tmpl edit.php
2012.09.06 15:03 B C:\inetpub\wwwroot\administrator\components\com_templates\views\style\tmpl\edit_assignment.php --> ftp3.ftptoyoursite.com /web/content/SITEBACKUP_962012/administrator/components/com_templates/views/style/tmpl edit_assignment.php
2012.09.06 15:03 B C:\inetpub\wwwroot\administrator\components\com_templates\views\style\tmpl\edit_options.php --> ftp3.ftptoyoursite.com /web/content/SITEBACKUP_962012/administrator/components/com_templates/views/style/tmpl edit_options.php
2012.09.06 15:03 B C:\inetpub\wwwroot\administrator\components\com_templates\views\style\tmpl\index.html --> ftp3.ftptoyoursite.com /web/content/SITEBACKUP_962012/administrator/components/com_templates/views/style/tmpl index.html
2012.09.06 15:03 B C:\inetpub\wwwroot\administrator\components\com_templates\views\style\tmpl\WS_FTP.LOG --> ftp3.ftptoyoursite.com /web/content/SITEBACKUP_962012/administrator/components/com_templates/views/style/tmpl WS_FTP.LOG
2012.09.06 15:45 B C:\inetpub\wwwroot\administrator\components\com_templates\views\style\tmpl\edit.php <-- Schubert Rackspace /web/content/SITEBACKUP_962012/administrator/components/com_templates/views/style/tmpl edit.php
2012.09.06 15:45 B C:\inetpub\wwwroot\administrator\components\com_templates\views\style\tmpl\edit_assignment.php <-- Schubert Rackspace /web/content/SITEBACKUP_962012/administrator/components/com_templates/views/style/tmpl edit_assignment.php
2012.09.06 15:45 B C:\inetpub\wwwroot\administrator\components\com_templates\views\style\tmpl\edit_options.php <-- Schubert Rackspace /web/content/SITEBACKUP_962012/administrator/components/com_templates/views/style/tmpl edit_options.php
2012.09.06 15:45 B C:\inetpub\wwwroot\administrator\components\com_templates\views\style\tmpl\index.html <-- Schubert Rackspace /web/content/SITEBACKUP_962012/administrator/components/com_templates/views/style/tmpl index.html
2012.10.23 09:07 B C:\inetpub\wwwroot\administrator\components\com_templates\views\style\tmpl\edit.php --> ftp3.ftptoyoursite.com /web/content/administrator/components/com_templates/views/style/tmpl edit.php
2012.10.23 09:07 B C:\inetpub\wwwroot\administrator\components\com_templates\views\style\tmpl\edit_assignment.php --> ftp3.ftptoyoursite.com /web/content/administrator/components/com_templates/views/style/tmpl edit_assignment.php
2012.10.23 09:07 B C:\inetpub\wwwroot\administrator\components\com_templates\views\style\tmpl\edit_options.php --> ftp3.ftptoyoursite.com /web/content/administrator/components/com_templates/views/style/tmpl edit_options.php
2012.10.23 09:07 B C:\inetpub\wwwroot\administrator\components\com_templates\views\style\tmpl\index.html --> ftp3.ftptoyoursite.com /web/content/administrator/components/com_templates/views/style/tmpl index.html
2012.10.23 09:07 B C:\inetpub\wwwroot\administrator\components\com_templates\views\style\tmpl\WS_FTP.LOG --> ftp3.ftptoyoursite.com /web/content/administrator/components/com_templates/views/style/tmpl WS_FTP.LOG
2013.02.01 14:43 B C:\inetpub\wwwroot\administrator\components\com_templates\views\style\tmpl\WS_FTP.LOG <-- Schubert Rackspace /web/content/administrator/components/com_templates/views/style/tmpl WS_FTP.LOG
