2012.07.25 12:11 B C:\Users\COBRIEN\Desktop\Schubert\administrator\components\com_jce\controller\config.php <-- Schubert Rackspace /web/content/administrator/components/com_jce/controller config.php
2012.07.25 12:11 B C:\Users\COBRIEN\Desktop\Schubert\administrator\components\com_jce\controller\cpanel.php <-- Schubert Rackspace /web/content/administrator/components/com_jce/controller cpanel.php
2012.07.25 12:11 B C:\Users\COBRIEN\Desktop\Schubert\administrator\components\com_jce\controller\editor.php <-- Schubert Rackspace /web/content/administrator/components/com_jce/controller editor.php
2012.07.25 12:11 B C:\Users\COBRIEN\Desktop\Schubert\administrator\components\com_jce\controller\help.php <-- Schubert Rackspace /web/content/administrator/components/com_jce/controller help.php
2012.07.25 12:11 B C:\Users\COBRIEN\Desktop\Schubert\administrator\components\com_jce\controller\index.html <-- Schubert Rackspace /web/content/administrator/components/com_jce/controller index.html
2012.07.25 12:11 B C:\Users\COBRIEN\Desktop\Schubert\administrator\components\com_jce\controller\installer.php <-- Schubert Rackspace /web/content/administrator/components/com_jce/controller installer.php
2012.07.25 12:11 B C:\Users\COBRIEN\Desktop\Schubert\administrator\components\com_jce\controller\mediabox.php <-- Schubert Rackspace /web/content/administrator/components/com_jce/controller mediabox.php
2012.07.25 12:11 B C:\Users\COBRIEN\Desktop\Schubert\administrator\components\com_jce\controller\popup.php <-- Schubert Rackspace /web/content/administrator/components/com_jce/controller popup.php
2012.07.25 12:11 B C:\Users\COBRIEN\Desktop\Schubert\administrator\components\com_jce\controller\preferences.php <-- Schubert Rackspace /web/content/administrator/components/com_jce/controller preferences.php
2012.07.25 12:11 B C:\Users\COBRIEN\Desktop\Schubert\administrator\components\com_jce\controller\profiles.php <-- Schubert Rackspace /web/content/administrator/components/com_jce/controller profiles.php
2012.07.25 12:11 B C:\Users\COBRIEN\Desktop\Schubert\administrator\components\com_jce\controller\updates.php <-- Schubert Rackspace /web/content/administrator/components/com_jce/controller updates.php
2012.09.04 10:44 B C:\inetpub\wwwroot\administrator\components\com_jce\controller\config.php --> ftp3.ftptoyoursite.com /web/content/SITE-TEST/administrator/components/com_jce/controller config.php
2012.09.04 10:44 B C:\inetpub\wwwroot\administrator\components\com_jce\controller\cpanel.php --> ftp3.ftptoyoursite.com /web/content/SITE-TEST/administrator/components/com_jce/controller cpanel.php
2012.09.04 10:44 B C:\inetpub\wwwroot\administrator\components\com_jce\controller\editor.php --> ftp3.ftptoyoursite.com /web/content/SITE-TEST/administrator/components/com_jce/controller editor.php
2012.09.04 10:44 B C:\inetpub\wwwroot\administrator\components\com_jce\controller\help.php --> ftp3.ftptoyoursite.com /web/content/SITE-TEST/administrator/components/com_jce/controller help.php
2012.09.04 10:44 B C:\inetpub\wwwroot\administrator\components\com_jce\controller\index.html --> ftp3.ftptoyoursite.com /web/content/SITE-TEST/administrator/components/com_jce/controller index.html
2012.09.04 10:44 B C:\inetpub\wwwroot\administrator\components\com_jce\controller\installer.php --> ftp3.ftptoyoursite.com /web/content/SITE-TEST/administrator/components/com_jce/controller installer.php
2012.09.04 10:44 B C:\inetpub\wwwroot\administrator\components\com_jce\controller\mediabox.php --> ftp3.ftptoyoursite.com /web/content/SITE-TEST/administrator/components/com_jce/controller mediabox.php
2012.09.04 10:44 B C:\inetpub\wwwroot\administrator\components\com_jce\controller\popup.php --> ftp3.ftptoyoursite.com /web/content/SITE-TEST/administrator/components/com_jce/controller popup.php
2012.09.04 10:44 B C:\inetpub\wwwroot\administrator\components\com_jce\controller\preferences.php --> ftp3.ftptoyoursite.com /web/content/SITE-TEST/administrator/components/com_jce/controller preferences.php
2012.09.04 10:44 B C:\inetpub\wwwroot\administrator\components\com_jce\controller\profiles.php --> ftp3.ftptoyoursite.com /web/content/SITE-TEST/administrator/components/com_jce/controller profiles.php
2012.09.04 10:44 B C:\inetpub\wwwroot\administrator\components\com_jce\controller\updates.php --> ftp3.ftptoyoursite.com /web/content/SITE-TEST/administrator/components/com_jce/controller updates.php
2012.09.04 10:44 B C:\inetpub\wwwroot\administrator\components\com_jce\controller\WS_FTP.LOG --> ftp3.ftptoyoursite.com /web/content/SITE-TEST/administrator/components/com_jce/controller WS_FTP.LOG
2012.09.06 14:59 B C:\inetpub\wwwroot\administrator\components\com_jce\controller\config.php --> ftp3.ftptoyoursite.com /web/content/SITEBACKUP_962012/administrator/components/com_jce/controller config.php
2012.09.06 14:59 B C:\inetpub\wwwroot\administrator\components\com_jce\controller\cpanel.php --> ftp3.ftptoyoursite.com /web/content/SITEBACKUP_962012/administrator/components/com_jce/controller cpanel.php
2012.09.06 14:59 B C:\inetpub\wwwroot\administrator\components\com_jce\controller\editor.php --> ftp3.ftptoyoursite.com /web/content/SITEBACKUP_962012/administrator/components/com_jce/controller editor.php
2012.09.06 14:59 B C:\inetpub\wwwroot\administrator\components\com_jce\controller\help.php --> ftp3.ftptoyoursite.com /web/content/SITEBACKUP_962012/administrator/components/com_jce/controller help.php
2012.09.06 14:59 B C:\inetpub\wwwroot\administrator\components\com_jce\controller\index.html --> ftp3.ftptoyoursite.com /web/content/SITEBACKUP_962012/administrator/components/com_jce/controller index.html
2012.09.06 14:59 B C:\inetpub\wwwroot\administrator\components\com_jce\controller\installer.php --> ftp3.ftptoyoursite.com /web/content/SITEBACKUP_962012/administrator/components/com_jce/controller installer.php
2012.09.06 14:59 B C:\inetpub\wwwroot\administrator\components\com_jce\controller\mediabox.php --> ftp3.ftptoyoursite.com /web/content/SITEBACKUP_962012/administrator/components/com_jce/controller mediabox.php
2012.09.06 14:59 B C:\inetpub\wwwroot\administrator\components\com_jce\controller\popup.php --> ftp3.ftptoyoursite.com /web/content/SITEBACKUP_962012/administrator/components/com_jce/controller popup.php
2012.09.06 14:59 B C:\inetpub\wwwroot\administrator\components\com_jce\controller\preferences.php --> ftp3.ftptoyoursite.com /web/content/SITEBACKUP_962012/administrator/components/com_jce/controller preferences.php
2012.09.06 14:59 B C:\inetpub\wwwroot\administrator\components\com_jce\controller\profiles.php --> ftp3.ftptoyoursite.com /web/content/SITEBACKUP_962012/administrator/components/com_jce/controller profiles.php
2012.09.06 14:59 B C:\inetpub\wwwroot\administrator\components\com_jce\controller\updates.php --> ftp3.ftptoyoursite.com /web/content/SITEBACKUP_962012/administrator/components/com_jce/controller updates.php
2012.09.06 14:59 B C:\inetpub\wwwroot\administrator\components\com_jce\controller\WS_FTP.LOG --> ftp3.ftptoyoursite.com /web/content/SITEBACKUP_962012/administrator/components/com_jce/controller WS_FTP.LOG
2012.09.06 15:20 B C:\inetpub\wwwroot\administrator\components\com_jce\controller\config.php <-- Schubert Rackspace /web/content/administrator/components/com_jce/controller config.php
2012.09.06 15:20 B C:\inetpub\wwwroot\administrator\components\com_jce\controller\cpanel.php <-- Schubert Rackspace /web/content/administrator/components/com_jce/controller cpanel.php
2012.09.06 15:20 B C:\inetpub\wwwroot\administrator\components\com_jce\controller\editor.php <-- Schubert Rackspace /web/content/administrator/components/com_jce/controller editor.php
2012.09.06 15:20 B C:\inetpub\wwwroot\administrator\components\com_jce\controller\help.php <-- Schubert Rackspace /web/content/administrator/components/com_jce/controller help.php
2012.09.06 15:20 B C:\inetpub\wwwroot\administrator\components\com_jce\controller\index.html <-- Schubert Rackspace /web/content/administrator/components/com_jce/controller index.html
2012.09.06 15:20 B C:\inetpub\wwwroot\administrator\components\com_jce\controller\installer.php <-- Schubert Rackspace /web/content/administrator/components/com_jce/controller installer.php
2012.09.06 15:20 B C:\inetpub\wwwroot\administrator\components\com_jce\controller\mediabox.php <-- Schubert Rackspace /web/content/administrator/components/com_jce/controller mediabox.php
2012.09.06 15:20 B C:\inetpub\wwwroot\administrator\components\com_jce\controller\popup.php <-- Schubert Rackspace /web/content/administrator/components/com_jce/controller popup.php
2012.09.06 15:20 B C:\inetpub\wwwroot\administrator\components\com_jce\controller\preferences.php <-- Schubert Rackspace /web/content/administrator/components/com_jce/controller preferences.php
2012.09.06 15:20 B C:\inetpub\wwwroot\administrator\components\com_jce\controller\profiles.php <-- Schubert Rackspace /web/content/administrator/components/com_jce/controller profiles.php
2012.09.06 15:20 B C:\inetpub\wwwroot\administrator\components\com_jce\controller\updates.php <-- Schubert Rackspace /web/content/administrator/components/com_jce/controller updates.php
2012.09.06 15:44 B C:\inetpub\wwwroot\administrator\components\com_jce\controller\config.php <-- Schubert Rackspace /web/content/SITEBACKUP_962012/administrator/components/com_jce/controller config.php
2012.09.06 15:44 B C:\inetpub\wwwroot\administrator\components\com_jce\controller\cpanel.php <-- Schubert Rackspace /web/content/SITEBACKUP_962012/administrator/components/com_jce/controller cpanel.php
2012.09.06 15:44 B C:\inetpub\wwwroot\administrator\components\com_jce\controller\editor.php <-- Schubert Rackspace /web/content/SITEBACKUP_962012/administrator/components/com_jce/controller editor.php
2012.09.06 15:44 B C:\inetpub\wwwroot\administrator\components\com_jce\controller\help.php <-- Schubert Rackspace /web/content/SITEBACKUP_962012/administrator/components/com_jce/controller help.php
2012.09.06 15:44 B C:\inetpub\wwwroot\administrator\components\com_jce\controller\index.html <-- Schubert Rackspace /web/content/SITEBACKUP_962012/administrator/components/com_jce/controller index.html
2012.09.06 15:44 B C:\inetpub\wwwroot\administrator\components\com_jce\controller\installer.php <-- Schubert Rackspace /web/content/SITEBACKUP_962012/administrator/components/com_jce/controller installer.php
2012.09.06 15:44 B C:\inetpub\wwwroot\administrator\components\com_jce\controller\mediabox.php <-- Schubert Rackspace /web/content/SITEBACKUP_962012/administrator/components/com_jce/controller mediabox.php
2012.09.06 15:44 B C:\inetpub\wwwroot\administrator\components\com_jce\controller\popup.php <-- Schubert Rackspace /web/content/SITEBACKUP_962012/administrator/components/com_jce/controller popup.php
2012.09.06 15:44 B C:\inetpub\wwwroot\administrator\components\com_jce\controller\preferences.php <-- Schubert Rackspace /web/content/SITEBACKUP_962012/administrator/components/com_jce/controller preferences.php
2012.09.06 15:44 B C:\inetpub\wwwroot\administrator\components\com_jce\controller\profiles.php <-- Schubert Rackspace /web/content/SITEBACKUP_962012/administrator/components/com_jce/controller profiles.php
2012.09.06 15:44 B C:\inetpub\wwwroot\administrator\components\com_jce\controller\updates.php <-- Schubert Rackspace /web/content/SITEBACKUP_962012/administrator/components/com_jce/controller updates.php
2012.10.23 09:04 B C:\inetpub\wwwroot\administrator\components\com_jce\controller\config.php --> ftp3.ftptoyoursite.com /web/content/administrator/components/com_jce/controller config.php
2012.10.23 09:04 B C:\inetpub\wwwroot\administrator\components\com_jce\controller\cpanel.php --> ftp3.ftptoyoursite.com /web/content/administrator/components/com_jce/controller cpanel.php
2012.10.23 09:04 B C:\inetpub\wwwroot\administrator\components\com_jce\controller\editor.php --> ftp3.ftptoyoursite.com /web/content/administrator/components/com_jce/controller editor.php
2012.10.23 09:04 B C:\inetpub\wwwroot\administrator\components\com_jce\controller\help.php --> ftp3.ftptoyoursite.com /web/content/administrator/components/com_jce/controller help.php
2012.10.23 09:04 B C:\inetpub\wwwroot\administrator\components\com_jce\controller\index.html --> ftp3.ftptoyoursite.com /web/content/administrator/components/com_jce/controller index.html
2012.10.23 09:04 B C:\inetpub\wwwroot\administrator\components\com_jce\controller\installer.php --> ftp3.ftptoyoursite.com /web/content/administrator/components/com_jce/controller installer.php
2012.10.23 09:04 B C:\inetpub\wwwroot\administrator\components\com_jce\controller\mediabox.php --> ftp3.ftptoyoursite.com /web/content/administrator/components/com_jce/controller mediabox.php
2012.10.23 09:04 B C:\inetpub\wwwroot\administrator\components\com_jce\controller\popup.php --> ftp3.ftptoyoursite.com /web/content/administrator/components/com_jce/controller popup.php
2012.10.23 09:04 B C:\inetpub\wwwroot\administrator\components\com_jce\controller\preferences.php --> ftp3.ftptoyoursite.com /web/content/administrator/components/com_jce/controller preferences.php
2012.10.23 09:04 B C:\inetpub\wwwroot\administrator\components\com_jce\controller\profiles.php --> ftp3.ftptoyoursite.com /web/content/administrator/components/com_jce/controller profiles.php
2012.10.23 09:04 B C:\inetpub\wwwroot\administrator\components\com_jce\controller\updates.php --> ftp3.ftptoyoursite.com /web/content/administrator/components/com_jce/controller updates.php
2012.10.23 09:04 B C:\inetpub\wwwroot\administrator\components\com_jce\controller\WS_FTP.LOG --> ftp3.ftptoyoursite.com /web/content/administrator/components/com_jce/controller WS_FTP.LOG
2013.02.01 14:40 B C:\inetpub\wwwroot\administrator\components\com_jce\controller\WS_FTP.LOG <-- Schubert Rackspace /web/content/administrator/components/com_jce/controller WS_FTP.LOG
