2012.08.10 16:45 B C:\inetpub\wwwroot\language\fr-FR\fr-FR.com_contact.ini --> ftp3.ftptoyoursite.com /web/content/language/fr-FR fr-FR.com_contact.ini
2012.08.10 16:45 B C:\inetpub\wwwroot\language\fr-FR\fr-FR.com_content.ini --> ftp3.ftptoyoursite.com /web/content/language/fr-FR fr-FR.com_content.ini
2012.08.10 16:45 B C:\inetpub\wwwroot\language\fr-FR\fr-FR.com_finder.ini --> ftp3.ftptoyoursite.com /web/content/language/fr-FR fr-FR.com_finder.ini
2012.08.10 16:45 B C:\inetpub\wwwroot\language\fr-FR\fr-FR.com_mailto.ini --> ftp3.ftptoyoursite.com /web/content/language/fr-FR fr-FR.com_mailto.ini
2012.08.10 16:45 B C:\inetpub\wwwroot\language\fr-FR\fr-FR.com_media.ini --> ftp3.ftptoyoursite.com /web/content/language/fr-FR fr-FR.com_media.ini
2012.08.10 16:45 B C:\inetpub\wwwroot\language\fr-FR\fr-FR.com_messages.ini --> ftp3.ftptoyoursite.com /web/content/language/fr-FR fr-FR.com_messages.ini
2012.08.10 16:45 B C:\inetpub\wwwroot\language\fr-FR\fr-FR.com_newsfeeds.ini --> ftp3.ftptoyoursite.com /web/content/language/fr-FR fr-FR.com_newsfeeds.ini
2012.08.10 16:45 B C:\inetpub\wwwroot\language\fr-FR\fr-FR.com_search.ini --> ftp3.ftptoyoursite.com /web/content/language/fr-FR fr-FR.com_search.ini
2012.08.10 16:45 B C:\inetpub\wwwroot\language\fr-FR\fr-FR.com_users.ini --> ftp3.ftptoyoursite.com /web/content/language/fr-FR fr-FR.com_users.ini
2012.08.10 16:45 B C:\inetpub\wwwroot\language\fr-FR\fr-FR.com_weblinks.ini --> ftp3.ftptoyoursite.com /web/content/language/fr-FR fr-FR.com_weblinks.ini
2012.08.10 16:45 B C:\inetpub\wwwroot\language\fr-FR\fr-FR.com_wrapper.ini --> ftp3.ftptoyoursite.com /web/content/language/fr-FR fr-FR.com_wrapper.ini
2012.08.10 16:45 B C:\inetpub\wwwroot\language\fr-FR\fr-FR.files_joomla.sys.ini --> ftp3.ftptoyoursite.com /web/content/language/fr-FR fr-FR.files_joomla.sys.ini
2012.08.10 16:45 B C:\inetpub\wwwroot\language\fr-FR\fr-FR.finder_cli.ini --> ftp3.ftptoyoursite.com /web/content/language/fr-FR fr-FR.finder_cli.ini
2012.08.10 16:45 B C:\inetpub\wwwroot\language\fr-FR\fr-FR.ini --> ftp3.ftptoyoursite.com /web/content/language/fr-FR fr-FR.ini
2012.08.10 16:45 B C:\inetpub\wwwroot\language\fr-FR\fr-FR.lib_joomla.ini --> ftp3.ftptoyoursite.com /web/content/language/fr-FR fr-FR.lib_joomla.ini
2012.08.10 16:45 B C:\inetpub\wwwroot\language\fr-FR\fr-FR.lib_joomla.sys.ini --> ftp3.ftptoyoursite.com /web/content/language/fr-FR fr-FR.lib_joomla.sys.ini
2012.08.10 16:45 B C:\inetpub\wwwroot\language\fr-FR\fr-FR.lib_phpmailer.sys.ini --> ftp3.ftptoyoursite.com /web/content/language/fr-FR fr-FR.lib_phpmailer.sys.ini
2012.08.10 16:45 B C:\inetpub\wwwroot\language\fr-FR\fr-FR.lib_phputf8.sys.ini --> ftp3.ftptoyoursite.com /web/content/language/fr-FR fr-FR.lib_phputf8.sys.ini
2012.08.10 16:45 B C:\inetpub\wwwroot\language\fr-FR\fr-FR.lib_simplepie.sys.ini --> ftp3.ftptoyoursite.com /web/content/language/fr-FR fr-FR.lib_simplepie.sys.ini
2012.08.10 16:45 B C:\inetpub\wwwroot\language\fr-FR\fr-FR.localise.php --> ftp3.ftptoyoursite.com /web/content/language/fr-FR fr-FR.localise.php
2012.08.10 16:45 B C:\inetpub\wwwroot\language\fr-FR\fr-FR.mod_articles_archive.ini --> ftp3.ftptoyoursite.com /web/content/language/fr-FR fr-FR.mod_articles_archive.ini
2012.08.10 16:45 B C:\inetpub\wwwroot\language\fr-FR\fr-FR.mod_articles_archive.sys.ini --> ftp3.ftptoyoursite.com /web/content/language/fr-FR fr-FR.mod_articles_archive.sys.ini
2012.08.10 16:45 B C:\inetpub\wwwroot\language\fr-FR\fr-FR.mod_articles_categories.ini --> ftp3.ftptoyoursite.com /web/content/language/fr-FR fr-FR.mod_articles_categories.ini
2012.08.10 16:45 B C:\inetpub\wwwroot\language\fr-FR\fr-FR.mod_articles_categories.sys.ini --> ftp3.ftptoyoursite.com /web/content/language/fr-FR fr-FR.mod_articles_categories.sys.ini
2012.08.10 16:45 B C:\inetpub\wwwroot\language\fr-FR\fr-FR.mod_articles_category.ini --> ftp3.ftptoyoursite.com /web/content/language/fr-FR fr-FR.mod_articles_category.ini
2012.08.10 16:45 B C:\inetpub\wwwroot\language\fr-FR\fr-FR.mod_articles_category.sys.ini --> ftp3.ftptoyoursite.com /web/content/language/fr-FR fr-FR.mod_articles_category.sys.ini
2012.08.10 16:45 B C:\inetpub\wwwroot\language\fr-FR\fr-FR.mod_articles_latest.ini --> ftp3.ftptoyoursite.com /web/content/language/fr-FR fr-FR.mod_articles_latest.ini
2012.08.10 16:45 B C:\inetpub\wwwroot\language\fr-FR\fr-FR.mod_articles_latest.sys.ini --> ftp3.ftptoyoursite.com /web/content/language/fr-FR fr-FR.mod_articles_latest.sys.ini
2012.08.10 16:45 B C:\inetpub\wwwroot\language\fr-FR\fr-FR.mod_articles_news.ini --> ftp3.ftptoyoursite.com /web/content/language/fr-FR fr-FR.mod_articles_news.ini
2012.08.10 16:45 B C:\inetpub\wwwroot\language\fr-FR\fr-FR.mod_articles_news.sys.ini --> ftp3.ftptoyoursite.com /web/content/language/fr-FR fr-FR.mod_articles_news.sys.ini
2012.08.10 16:45 B C:\inetpub\wwwroot\language\fr-FR\fr-FR.mod_articles_popular.ini --> ftp3.ftptoyoursite.com /web/content/language/fr-FR fr-FR.mod_articles_popular.ini
2012.08.10 16:45 B C:\inetpub\wwwroot\language\fr-FR\fr-FR.mod_articles_popular.sys.ini --> ftp3.ftptoyoursite.com /web/content/language/fr-FR fr-FR.mod_articles_popular.sys.ini
2012.08.10 16:45 B C:\inetpub\wwwroot\language\fr-FR\fr-FR.mod_banners.ini --> ftp3.ftptoyoursite.com /web/content/language/fr-FR fr-FR.mod_banners.ini
2012.08.10 16:45 B C:\inetpub\wwwroot\language\fr-FR\fr-FR.mod_banners.sys.ini --> ftp3.ftptoyoursite.com /web/content/language/fr-FR fr-FR.mod_banners.sys.ini
2012.08.10 16:45 B C:\inetpub\wwwroot\language\fr-FR\fr-FR.mod_breadcrumbs.ini --> ftp3.ftptoyoursite.com /web/content/language/fr-FR fr-FR.mod_breadcrumbs.ini
2012.08.10 16:45 B C:\inetpub\wwwroot\language\fr-FR\fr-FR.mod_breadcrumbs.sys.ini --> ftp3.ftptoyoursite.com /web/content/language/fr-FR fr-FR.mod_breadcrumbs.sys.ini
2012.08.10 16:45 B C:\inetpub\wwwroot\language\fr-FR\fr-FR.mod_custom.ini --> ftp3.ftptoyoursite.com /web/content/language/fr-FR fr-FR.mod_custom.ini
2012.08.10 16:45 B C:\inetpub\wwwroot\language\fr-FR\fr-FR.mod_custom.sys.ini --> ftp3.ftptoyoursite.com /web/content/language/fr-FR fr-FR.mod_custom.sys.ini
2012.08.10 16:45 B C:\inetpub\wwwroot\language\fr-FR\fr-FR.mod_feed.ini --> ftp3.ftptoyoursite.com /web/content/language/fr-FR fr-FR.mod_feed.ini
2012.08.10 16:45 B C:\inetpub\wwwroot\language\fr-FR\fr-FR.mod_feed.sys.ini --> ftp3.ftptoyoursite.com /web/content/language/fr-FR fr-FR.mod_feed.sys.ini
2012.08.10 16:45 B C:\inetpub\wwwroot\language\fr-FR\fr-FR.mod_finder.ini --> ftp3.ftptoyoursite.com /web/content/language/fr-FR fr-FR.mod_finder.ini
2012.08.10 16:45 B C:\inetpub\wwwroot\language\fr-FR\fr-FR.mod_finder.sys.ini --> ftp3.ftptoyoursite.com /web/content/language/fr-FR fr-FR.mod_finder.sys.ini
2012.08.10 16:45 B C:\inetpub\wwwroot\language\fr-FR\fr-FR.mod_footer.ini --> ftp3.ftptoyoursite.com /web/content/language/fr-FR fr-FR.mod_footer.ini
2012.08.10 16:45 B C:\inetpub\wwwroot\language\fr-FR\fr-FR.mod_footer.sys.ini --> ftp3.ftptoyoursite.com /web/content/language/fr-FR fr-FR.mod_footer.sys.ini
2012.08.10 16:45 B C:\inetpub\wwwroot\language\fr-FR\fr-FR.mod_languages.ini --> ftp3.ftptoyoursite.com /web/content/language/fr-FR fr-FR.mod_languages.ini
2012.08.10 16:45 B C:\inetpub\wwwroot\language\fr-FR\fr-FR.mod_languages.sys.ini --> ftp3.ftptoyoursite.com /web/content/language/fr-FR fr-FR.mod_languages.sys.ini
2012.08.10 16:45 B C:\inetpub\wwwroot\language\fr-FR\fr-FR.mod_login.ini --> ftp3.ftptoyoursite.com /web/content/language/fr-FR fr-FR.mod_login.ini
2012.08.10 16:45 B C:\inetpub\wwwroot\language\fr-FR\fr-FR.mod_login.sys.ini --> ftp3.ftptoyoursite.com /web/content/language/fr-FR fr-FR.mod_login.sys.ini
2012.08.10 16:45 B C:\inetpub\wwwroot\language\fr-FR\fr-FR.mod_menu.ini --> ftp3.ftptoyoursite.com /web/content/language/fr-FR fr-FR.mod_menu.ini
2012.08.10 16:45 B C:\inetpub\wwwroot\language\fr-FR\fr-FR.mod_menu.sys.ini --> ftp3.ftptoyoursite.com /web/content/language/fr-FR fr-FR.mod_menu.sys.ini
2012.08.10 16:45 B C:\inetpub\wwwroot\language\fr-FR\fr-FR.mod_random_image.ini --> ftp3.ftptoyoursite.com /web/content/language/fr-FR fr-FR.mod_random_image.ini
2012.08.10 16:45 B C:\inetpub\wwwroot\language\fr-FR\fr-FR.mod_random_image.sys.ini --> ftp3.ftptoyoursite.com /web/content/language/fr-FR fr-FR.mod_random_image.sys.ini
2012.08.10 16:45 B C:\inetpub\wwwroot\language\fr-FR\fr-FR.mod_related_items.ini --> ftp3.ftptoyoursite.com /web/content/language/fr-FR fr-FR.mod_related_items.ini
2012.08.10 16:45 B C:\inetpub\wwwroot\language\fr-FR\fr-FR.mod_related_items.sys.ini --> ftp3.ftptoyoursite.com /web/content/language/fr-FR fr-FR.mod_related_items.sys.ini
2012.08.10 16:45 B C:\inetpub\wwwroot\language\fr-FR\fr-FR.mod_search.ini --> ftp3.ftptoyoursite.com /web/content/language/fr-FR fr-FR.mod_search.ini
2012.08.10 16:45 B C:\inetpub\wwwroot\language\fr-FR\fr-FR.mod_search.sys.ini --> ftp3.ftptoyoursite.com /web/content/language/fr-FR fr-FR.mod_search.sys.ini
2012.08.10 16:45 B C:\inetpub\wwwroot\language\fr-FR\fr-FR.mod_stats.ini --> ftp3.ftptoyoursite.com /web/content/language/fr-FR fr-FR.mod_stats.ini
2012.08.10 16:45 B C:\inetpub\wwwroot\language\fr-FR\fr-FR.mod_stats.sys.ini --> ftp3.ftptoyoursite.com /web/content/language/fr-FR fr-FR.mod_stats.sys.ini
2012.08.10 16:45 B C:\inetpub\wwwroot\language\fr-FR\fr-FR.mod_syndicate.ini --> ftp3.ftptoyoursite.com /web/content/language/fr-FR fr-FR.mod_syndicate.ini
2012.08.10 16:45 B C:\inetpub\wwwroot\language\fr-FR\fr-FR.mod_syndicate.sys.ini --> ftp3.ftptoyoursite.com /web/content/language/fr-FR fr-FR.mod_syndicate.sys.ini
2012.08.10 16:45 B C:\inetpub\wwwroot\language\fr-FR\fr-FR.mod_users_latest.ini --> ftp3.ftptoyoursite.com /web/content/language/fr-FR fr-FR.mod_users_latest.ini
2012.08.10 16:45 B C:\inetpub\wwwroot\language\fr-FR\fr-FR.mod_users_latest.sys.ini --> ftp3.ftptoyoursite.com /web/content/language/fr-FR fr-FR.mod_users_latest.sys.ini
2012.08.10 16:45 B C:\inetpub\wwwroot\language\fr-FR\fr-FR.mod_weblinks.ini --> ftp3.ftptoyoursite.com /web/content/language/fr-FR fr-FR.mod_weblinks.ini
2012.08.10 16:45 B C:\inetpub\wwwroot\language\fr-FR\fr-FR.mod_weblinks.sys.ini --> ftp3.ftptoyoursite.com /web/content/language/fr-FR fr-FR.mod_weblinks.sys.ini
2012.08.10 16:45 B C:\inetpub\wwwroot\language\fr-FR\fr-FR.mod_whosonline.ini --> ftp3.ftptoyoursite.com /web/content/language/fr-FR fr-FR.mod_whosonline.ini
2012.08.10 16:45 B C:\inetpub\wwwroot\language\fr-FR\fr-FR.mod_whosonline.sys.ini --> ftp3.ftptoyoursite.com /web/content/language/fr-FR fr-FR.mod_whosonline.sys.ini
2012.08.10 16:45 B C:\inetpub\wwwroot\language\fr-FR\fr-FR.mod_wrapper.ini --> ftp3.ftptoyoursite.com /web/content/language/fr-FR fr-FR.mod_wrapper.ini
2012.08.10 16:45 B C:\inetpub\wwwroot\language\fr-FR\fr-FR.mod_wrapper.sys.ini --> ftp3.ftptoyoursite.com /web/content/language/fr-FR fr-FR.mod_wrapper.sys.ini
2012.08.10 16:45 B C:\inetpub\wwwroot\language\fr-FR\fr-FR.pkg_joomla.sys.ini --> ftp3.ftptoyoursite.com /web/content/language/fr-FR fr-FR.pkg_joomla.sys.ini
2012.08.10 16:45 B C:\inetpub\wwwroot\language\fr-FR\fr-FR.tpl_atomic.ini --> ftp3.ftptoyoursite.com /web/content/language/fr-FR fr-FR.tpl_atomic.ini
2012.08.10 16:45 B C:\inetpub\wwwroot\language\fr-FR\fr-FR.tpl_atomic.sys.ini --> ftp3.ftptoyoursite.com /web/content/language/fr-FR fr-FR.tpl_atomic.sys.ini
2012.08.10 16:45 B C:\inetpub\wwwroot\language\fr-FR\fr-FR.tpl_beez5.ini --> ftp3.ftptoyoursite.com /web/content/language/fr-FR fr-FR.tpl_beez5.ini
2012.08.10 16:45 B C:\inetpub\wwwroot\language\fr-FR\fr-FR.tpl_beez5.sys.ini --> ftp3.ftptoyoursite.com /web/content/language/fr-FR fr-FR.tpl_beez5.sys.ini
2012.08.10 16:45 B C:\inetpub\wwwroot\language\fr-FR\fr-FR.tpl_beez_20.ini --> ftp3.ftptoyoursite.com /web/content/language/fr-FR fr-FR.tpl_beez_20.ini
2012.08.10 16:45 B C:\inetpub\wwwroot\language\fr-FR\fr-FR.tpl_beez_20.sys.ini --> ftp3.ftptoyoursite.com /web/content/language/fr-FR fr-FR.tpl_beez_20.sys.ini
2012.08.10 16:45 B C:\inetpub\wwwroot\language\fr-FR\fr-FR.xml --> ftp3.ftptoyoursite.com /web/content/language/fr-FR fr-FR.xml
2012.08.10 16:45 B C:\inetpub\wwwroot\language\fr-FR\index.html --> ftp3.ftptoyoursite.com /web/content/language/fr-FR index.html
2012.08.10 16:45 B C:\inetpub\wwwroot\language\fr-FR\install.xml --> ftp3.ftptoyoursite.com /web/content/language/fr-FR install.xml
2012.09.04 10:53 B C:\inetpub\wwwroot\language\fr-FR\fr-FR.com_contact.ini --> ftp3.ftptoyoursite.com /web/content/SITE-TEST/language/fr-FR fr-FR.com_contact.ini
2012.09.04 10:53 B C:\inetpub\wwwroot\language\fr-FR\fr-FR.com_content.ini --> ftp3.ftptoyoursite.com /web/content/SITE-TEST/language/fr-FR fr-FR.com_content.ini
2012.09.04 10:53 B C:\inetpub\wwwroot\language\fr-FR\fr-FR.com_finder.ini --> ftp3.ftptoyoursite.com /web/content/SITE-TEST/language/fr-FR fr-FR.com_finder.ini
2012.09.04 10:53 B C:\inetpub\wwwroot\language\fr-FR\fr-FR.com_mailto.ini --> ftp3.ftptoyoursite.com /web/content/SITE-TEST/language/fr-FR fr-FR.com_mailto.ini
2012.09.04 10:53 B C:\inetpub\wwwroot\language\fr-FR\fr-FR.com_media.ini --> ftp3.ftptoyoursite.com /web/content/SITE-TEST/language/fr-FR fr-FR.com_media.ini
2012.09.04 10:53 B C:\inetpub\wwwroot\language\fr-FR\fr-FR.com_messages.ini --> ftp3.ftptoyoursite.com /web/content/SITE-TEST/language/fr-FR fr-FR.com_messages.ini
2012.09.04 10:53 B C:\inetpub\wwwroot\language\fr-FR\fr-FR.com_newsfeeds.ini --> ftp3.ftptoyoursite.com /web/content/SITE-TEST/language/fr-FR fr-FR.com_newsfeeds.ini
2012.09.04 10:53 B C:\inetpub\wwwroot\language\fr-FR\fr-FR.com_search.ini --> ftp3.ftptoyoursite.com /web/content/SITE-TEST/language/fr-FR fr-FR.com_search.ini
2012.09.04 10:53 B C:\inetpub\wwwroot\language\fr-FR\fr-FR.com_users.ini --> ftp3.ftptoyoursite.com /web/content/SITE-TEST/language/fr-FR fr-FR.com_users.ini
2012.09.04 10:53 B C:\inetpub\wwwroot\language\fr-FR\fr-FR.com_weblinks.ini --> ftp3.ftptoyoursite.com /web/content/SITE-TEST/language/fr-FR fr-FR.com_weblinks.ini
2012.09.04 10:53 B C:\inetpub\wwwroot\language\fr-FR\fr-FR.com_wrapper.ini --> ftp3.ftptoyoursite.com /web/content/SITE-TEST/language/fr-FR fr-FR.com_wrapper.ini
2012.09.04 10:53 B C:\inetpub\wwwroot\language\fr-FR\fr-FR.files_joomla.sys.ini --> ftp3.ftptoyoursite.com /web/content/SITE-TEST/language/fr-FR fr-FR.files_joomla.sys.ini
2012.09.04 10:53 B C:\inetpub\wwwroot\language\fr-FR\fr-FR.finder_cli.ini --> ftp3.ftptoyoursite.com /web/content/SITE-TEST/language/fr-FR fr-FR.finder_cli.ini
2012.09.04 10:53 B C:\inetpub\wwwroot\language\fr-FR\fr-FR.ini --> ftp3.ftptoyoursite.com /web/content/SITE-TEST/language/fr-FR fr-FR.ini
2012.09.04 10:53 B C:\inetpub\wwwroot\language\fr-FR\fr-FR.lib_joomla.ini --> ftp3.ftptoyoursite.com /web/content/SITE-TEST/language/fr-FR fr-FR.lib_joomla.ini
2012.09.04 10:53 B C:\inetpub\wwwroot\language\fr-FR\fr-FR.lib_joomla.sys.ini --> ftp3.ftptoyoursite.com /web/content/SITE-TEST/language/fr-FR fr-FR.lib_joomla.sys.ini
2012.09.04 10:53 B C:\inetpub\wwwroot\language\fr-FR\fr-FR.lib_phpmailer.sys.ini --> ftp3.ftptoyoursite.com /web/content/SITE-TEST/language/fr-FR fr-FR.lib_phpmailer.sys.ini
2012.09.04 10:53 B C:\inetpub\wwwroot\language\fr-FR\fr-FR.lib_phputf8.sys.ini --> ftp3.ftptoyoursite.com /web/content/SITE-TEST/language/fr-FR fr-FR.lib_phputf8.sys.ini
2012.09.04 10:53 B C:\inetpub\wwwroot\language\fr-FR\fr-FR.lib_simplepie.sys.ini --> ftp3.ftptoyoursite.com /web/content/SITE-TEST/language/fr-FR fr-FR.lib_simplepie.sys.ini
2012.09.04 10:53 B C:\inetpub\wwwroot\language\fr-FR\fr-FR.localise.php --> ftp3.ftptoyoursite.com /web/content/SITE-TEST/language/fr-FR fr-FR.localise.php
2012.09.04 10:53 B C:\inetpub\wwwroot\language\fr-FR\fr-FR.mod_articles_archive.ini --> ftp3.ftptoyoursite.com /web/content/SITE-TEST/language/fr-FR fr-FR.mod_articles_archive.ini
2012.09.04 10:53 B C:\inetpub\wwwroot\language\fr-FR\fr-FR.mod_articles_archive.sys.ini --> ftp3.ftptoyoursite.com /web/content/SITE-TEST/language/fr-FR fr-FR.mod_articles_archive.sys.ini
2012.09.04 10:53 B C:\inetpub\wwwroot\language\fr-FR\fr-FR.mod_articles_categories.ini --> ftp3.ftptoyoursite.com /web/content/SITE-TEST/language/fr-FR fr-FR.mod_articles_categories.ini
2012.09.04 10:53 B C:\inetpub\wwwroot\language\fr-FR\fr-FR.mod_articles_categories.sys.ini --> ftp3.ftptoyoursite.com /web/content/SITE-TEST/language/fr-FR fr-FR.mod_articles_categories.sys.ini
2012.09.04 10:53 B C:\inetpub\wwwroot\language\fr-FR\fr-FR.mod_articles_category.ini --> ftp3.ftptoyoursite.com /web/content/SITE-TEST/language/fr-FR fr-FR.mod_articles_category.ini
2012.09.04 10:53 B C:\inetpub\wwwroot\language\fr-FR\fr-FR.mod_articles_category.sys.ini --> ftp3.ftptoyoursite.com /web/content/SITE-TEST/language/fr-FR fr-FR.mod_articles_category.sys.ini
2012.09.04 10:53 B C:\inetpub\wwwroot\language\fr-FR\fr-FR.mod_articles_latest.ini --> ftp3.ftptoyoursite.com /web/content/SITE-TEST/language/fr-FR fr-FR.mod_articles_latest.ini
2012.09.04 10:53 B C:\inetpub\wwwroot\language\fr-FR\fr-FR.mod_articles_latest.sys.ini --> ftp3.ftptoyoursite.com /web/content/SITE-TEST/language/fr-FR fr-FR.mod_articles_latest.sys.ini
2012.09.04 10:53 B C:\inetpub\wwwroot\language\fr-FR\fr-FR.mod_articles_news.ini --> ftp3.ftptoyoursite.com /web/content/SITE-TEST/language/fr-FR fr-FR.mod_articles_news.ini
2012.09.04 10:53 B C:\inetpub\wwwroot\language\fr-FR\fr-FR.mod_articles_news.sys.ini --> ftp3.ftptoyoursite.com /web/content/SITE-TEST/language/fr-FR fr-FR.mod_articles_news.sys.ini
2012.09.04 10:53 B C:\inetpub\wwwroot\language\fr-FR\fr-FR.mod_articles_popular.ini --> ftp3.ftptoyoursite.com /web/content/SITE-TEST/language/fr-FR fr-FR.mod_articles_popular.ini
2012.09.04 10:53 B C:\inetpub\wwwroot\language\fr-FR\fr-FR.mod_articles_popular.sys.ini --> ftp3.ftptoyoursite.com /web/content/SITE-TEST/language/fr-FR fr-FR.mod_articles_popular.sys.ini
2012.09.04 10:53 B C:\inetpub\wwwroot\language\fr-FR\fr-FR.mod_banners.ini --> ftp3.ftptoyoursite.com /web/content/SITE-TEST/language/fr-FR fr-FR.mod_banners.ini
2012.09.04 10:53 B C:\inetpub\wwwroot\language\fr-FR\fr-FR.mod_banners.sys.ini --> ftp3.ftptoyoursite.com /web/content/SITE-TEST/language/fr-FR fr-FR.mod_banners.sys.ini
2012.09.04 10:53 B C:\inetpub\wwwroot\language\fr-FR\fr-FR.mod_breadcrumbs.ini --> ftp3.ftptoyoursite.com /web/content/SITE-TEST/language/fr-FR fr-FR.mod_breadcrumbs.ini
2012.09.04 10:53 B C:\inetpub\wwwroot\language\fr-FR\fr-FR.mod_breadcrumbs.sys.ini --> ftp3.ftptoyoursite.com /web/content/SITE-TEST/language/fr-FR fr-FR.mod_breadcrumbs.sys.ini
2012.09.04 10:53 B C:\inetpub\wwwroot\language\fr-FR\fr-FR.mod_custom.ini --> ftp3.ftptoyoursite.com /web/content/SITE-TEST/language/fr-FR fr-FR.mod_custom.ini
2012.09.04 10:53 B C:\inetpub\wwwroot\language\fr-FR\fr-FR.mod_custom.sys.ini --> ftp3.ftptoyoursite.com /web/content/SITE-TEST/language/fr-FR fr-FR.mod_custom.sys.ini
2012.09.04 10:53 B C:\inetpub\wwwroot\language\fr-FR\fr-FR.mod_feed.ini --> ftp3.ftptoyoursite.com /web/content/SITE-TEST/language/fr-FR fr-FR.mod_feed.ini
2012.09.04 10:53 B C:\inetpub\wwwroot\language\fr-FR\fr-FR.mod_feed.sys.ini --> ftp3.ftptoyoursite.com /web/content/SITE-TEST/language/fr-FR fr-FR.mod_feed.sys.ini
2012.09.04 10:53 B C:\inetpub\wwwroot\language\fr-FR\fr-FR.mod_finder.ini --> ftp3.ftptoyoursite.com /web/content/SITE-TEST/language/fr-FR fr-FR.mod_finder.ini
2012.09.04 10:53 B C:\inetpub\wwwroot\language\fr-FR\fr-FR.mod_finder.sys.ini --> ftp3.ftptoyoursite.com /web/content/SITE-TEST/language/fr-FR fr-FR.mod_finder.sys.ini
2012.09.04 10:53 B C:\inetpub\wwwroot\language\fr-FR\fr-FR.mod_footer.ini --> ftp3.ftptoyoursite.com /web/content/SITE-TEST/language/fr-FR fr-FR.mod_footer.ini
2012.09.04 10:53 B C:\inetpub\wwwroot\language\fr-FR\fr-FR.mod_footer.sys.ini --> ftp3.ftptoyoursite.com /web/content/SITE-TEST/language/fr-FR fr-FR.mod_footer.sys.ini
2012.09.04 10:53 B C:\inetpub\wwwroot\language\fr-FR\fr-FR.mod_languages.ini --> ftp3.ftptoyoursite.com /web/content/SITE-TEST/language/fr-FR fr-FR.mod_languages.ini
2012.09.04 10:53 B C:\inetpub\wwwroot\language\fr-FR\fr-FR.mod_languages.sys.ini --> ftp3.ftptoyoursite.com /web/content/SITE-TEST/language/fr-FR fr-FR.mod_languages.sys.ini
2012.09.04 10:53 B C:\inetpub\wwwroot\language\fr-FR\fr-FR.mod_login.ini --> ftp3.ftptoyoursite.com /web/content/SITE-TEST/language/fr-FR fr-FR.mod_login.ini
2012.09.04 10:53 B C:\inetpub\wwwroot\language\fr-FR\fr-FR.mod_login.sys.ini --> ftp3.ftptoyoursite.com /web/content/SITE-TEST/language/fr-FR fr-FR.mod_login.sys.ini
2012.09.04 10:53 B C:\inetpub\wwwroot\language\fr-FR\fr-FR.mod_menu.ini --> ftp3.ftptoyoursite.com /web/content/SITE-TEST/language/fr-FR fr-FR.mod_menu.ini
2012.09.04 10:53 B C:\inetpub\wwwroot\language\fr-FR\fr-FR.mod_menu.sys.ini --> ftp3.ftptoyoursite.com /web/content/SITE-TEST/language/fr-FR fr-FR.mod_menu.sys.ini
2012.09.04 10:53 B C:\inetpub\wwwroot\language\fr-FR\fr-FR.mod_random_image.ini --> ftp3.ftptoyoursite.com /web/content/SITE-TEST/language/fr-FR fr-FR.mod_random_image.ini
2012.09.04 10:53 B C:\inetpub\wwwroot\language\fr-FR\fr-FR.mod_random_image.sys.ini --> ftp3.ftptoyoursite.com /web/content/SITE-TEST/language/fr-FR fr-FR.mod_random_image.sys.ini
2012.09.04 10:53 B C:\inetpub\wwwroot\language\fr-FR\fr-FR.mod_related_items.ini --> ftp3.ftptoyoursite.com /web/content/SITE-TEST/language/fr-FR fr-FR.mod_related_items.ini
2012.09.04 10:53 B C:\inetpub\wwwroot\language\fr-FR\fr-FR.mod_related_items.sys.ini --> ftp3.ftptoyoursite.com /web/content/SITE-TEST/language/fr-FR fr-FR.mod_related_items.sys.ini
2012.09.04 10:53 B C:\inetpub\wwwroot\language\fr-FR\fr-FR.mod_search.ini --> ftp3.ftptoyoursite.com /web/content/SITE-TEST/language/fr-FR fr-FR.mod_search.ini
2012.09.04 10:53 B C:\inetpub\wwwroot\language\fr-FR\fr-FR.mod_search.sys.ini --> ftp3.ftptoyoursite.com /web/content/SITE-TEST/language/fr-FR fr-FR.mod_search.sys.ini
2012.09.04 10:53 B C:\inetpub\wwwroot\language\fr-FR\fr-FR.mod_stats.ini --> ftp3.ftptoyoursite.com /web/content/SITE-TEST/language/fr-FR fr-FR.mod_stats.ini
2012.09.04 10:53 B C:\inetpub\wwwroot\language\fr-FR\fr-FR.mod_stats.sys.ini --> ftp3.ftptoyoursite.com /web/content/SITE-TEST/language/fr-FR fr-FR.mod_stats.sys.ini
2012.09.04 10:53 B C:\inetpub\wwwroot\language\fr-FR\fr-FR.mod_syndicate.ini --> ftp3.ftptoyoursite.com /web/content/SITE-TEST/language/fr-FR fr-FR.mod_syndicate.ini
2012.09.04 10:53 B C:\inetpub\wwwroot\language\fr-FR\fr-FR.mod_syndicate.sys.ini --> ftp3.ftptoyoursite.com /web/content/SITE-TEST/language/fr-FR fr-FR.mod_syndicate.sys.ini
2012.09.04 10:53 B C:\inetpub\wwwroot\language\fr-FR\fr-FR.mod_users_latest.ini --> ftp3.ftptoyoursite.com /web/content/SITE-TEST/language/fr-FR fr-FR.mod_users_latest.ini
2012.09.04 10:53 B C:\inetpub\wwwroot\language\fr-FR\fr-FR.mod_users_latest.sys.ini --> ftp3.ftptoyoursite.com /web/content/SITE-TEST/language/fr-FR fr-FR.mod_users_latest.sys.ini
2012.09.04 10:53 B C:\inetpub\wwwroot\language\fr-FR\fr-FR.mod_weblinks.ini --> ftp3.ftptoyoursite.com /web/content/SITE-TEST/language/fr-FR fr-FR.mod_weblinks.ini
2012.09.04 10:53 B C:\inetpub\wwwroot\language\fr-FR\fr-FR.mod_weblinks.sys.ini --> ftp3.ftptoyoursite.com /web/content/SITE-TEST/language/fr-FR fr-FR.mod_weblinks.sys.ini
2012.09.04 10:53 B C:\inetpub\wwwroot\language\fr-FR\fr-FR.mod_whosonline.ini --> ftp3.ftptoyoursite.com /web/content/SITE-TEST/language/fr-FR fr-FR.mod_whosonline.ini
2012.09.04 10:53 B C:\inetpub\wwwroot\language\fr-FR\fr-FR.mod_whosonline.sys.ini --> ftp3.ftptoyoursite.com /web/content/SITE-TEST/language/fr-FR fr-FR.mod_whosonline.sys.ini
2012.09.04 10:53 B C:\inetpub\wwwroot\language\fr-FR\fr-FR.mod_wrapper.ini --> ftp3.ftptoyoursite.com /web/content/SITE-TEST/language/fr-FR fr-FR.mod_wrapper.ini
2012.09.04 10:53 B C:\inetpub\wwwroot\language\fr-FR\fr-FR.mod_wrapper.sys.ini --> ftp3.ftptoyoursite.com /web/content/SITE-TEST/language/fr-FR fr-FR.mod_wrapper.sys.ini
2012.09.04 10:53 B C:\inetpub\wwwroot\language\fr-FR\fr-FR.pkg_joomla.sys.ini --> ftp3.ftptoyoursite.com /web/content/SITE-TEST/language/fr-FR fr-FR.pkg_joomla.sys.ini
2012.09.04 10:53 B C:\inetpub\wwwroot\language\fr-FR\fr-FR.tpl_atomic.ini --> ftp3.ftptoyoursite.com /web/content/SITE-TEST/language/fr-FR fr-FR.tpl_atomic.ini
2012.09.04 10:53 B C:\inetpub\wwwroot\language\fr-FR\fr-FR.tpl_atomic.sys.ini --> ftp3.ftptoyoursite.com /web/content/SITE-TEST/language/fr-FR fr-FR.tpl_atomic.sys.ini
2012.09.04 10:53 B C:\inetpub\wwwroot\language\fr-FR\fr-FR.tpl_beez5.ini --> ftp3.ftptoyoursite.com /web/content/SITE-TEST/language/fr-FR fr-FR.tpl_beez5.ini
2012.09.04 10:53 B C:\inetpub\wwwroot\language\fr-FR\fr-FR.tpl_beez5.sys.ini --> ftp3.ftptoyoursite.com /web/content/SITE-TEST/language/fr-FR fr-FR.tpl_beez5.sys.ini
2012.09.04 10:53 B C:\inetpub\wwwroot\language\fr-FR\fr-FR.tpl_beez_20.ini --> ftp3.ftptoyoursite.com /web/content/SITE-TEST/language/fr-FR fr-FR.tpl_beez_20.ini
2012.09.04 10:53 B C:\inetpub\wwwroot\language\fr-FR\fr-FR.tpl_beez_20.sys.ini --> ftp3.ftptoyoursite.com /web/content/SITE-TEST/language/fr-FR fr-FR.tpl_beez_20.sys.ini
2012.09.04 10:53 B C:\inetpub\wwwroot\language\fr-FR\fr-FR.xml --> ftp3.ftptoyoursite.com /web/content/SITE-TEST/language/fr-FR fr-FR.xml
2012.09.04 10:53 B C:\inetpub\wwwroot\language\fr-FR\index.html --> ftp3.ftptoyoursite.com /web/content/SITE-TEST/language/fr-FR index.html
2012.09.04 10:53 B C:\inetpub\wwwroot\language\fr-FR\install.xml --> ftp3.ftptoyoursite.com /web/content/SITE-TEST/language/fr-FR install.xml
2012.09.04 10:53 B C:\inetpub\wwwroot\language\fr-FR\WS_FTP.LOG --> ftp3.ftptoyoursite.com /web/content/SITE-TEST/language/fr-FR WS_FTP.LOG
2012.09.06 15:12 B C:\inetpub\wwwroot\language\fr-FR\fr-FR.com_contact.ini --> ftp3.ftptoyoursite.com /web/content/SITEBACKUP_962012/language/fr-FR fr-FR.com_contact.ini
2012.09.06 15:12 B C:\inetpub\wwwroot\language\fr-FR\fr-FR.com_content.ini --> ftp3.ftptoyoursite.com /web/content/SITEBACKUP_962012/language/fr-FR fr-FR.com_content.ini
2012.09.06 15:12 B C:\inetpub\wwwroot\language\fr-FR\fr-FR.com_finder.ini --> ftp3.ftptoyoursite.com /web/content/SITEBACKUP_962012/language/fr-FR fr-FR.com_finder.ini
2012.09.06 15:12 B C:\inetpub\wwwroot\language\fr-FR\fr-FR.com_mailto.ini --> ftp3.ftptoyoursite.com /web/content/SITEBACKUP_962012/language/fr-FR fr-FR.com_mailto.ini
2012.09.06 15:12 B C:\inetpub\wwwroot\language\fr-FR\fr-FR.com_media.ini --> ftp3.ftptoyoursite.com /web/content/SITEBACKUP_962012/language/fr-FR fr-FR.com_media.ini
2012.09.06 15:12 B C:\inetpub\wwwroot\language\fr-FR\fr-FR.com_messages.ini --> ftp3.ftptoyoursite.com /web/content/SITEBACKUP_962012/language/fr-FR fr-FR.com_messages.ini
2012.09.06 15:12 B C:\inetpub\wwwroot\language\fr-FR\fr-FR.com_newsfeeds.ini --> ftp3.ftptoyoursite.com /web/content/SITEBACKUP_962012/language/fr-FR fr-FR.com_newsfeeds.ini
2012.09.06 15:12 B C:\inetpub\wwwroot\language\fr-FR\fr-FR.com_search.ini --> ftp3.ftptoyoursite.com /web/content/SITEBACKUP_962012/language/fr-FR fr-FR.com_search.ini
2012.09.06 15:12 B C:\inetpub\wwwroot\language\fr-FR\fr-FR.com_users.ini --> ftp3.ftptoyoursite.com /web/content/SITEBACKUP_962012/language/fr-FR fr-FR.com_users.ini
2012.09.06 15:12 B C:\inetpub\wwwroot\language\fr-FR\fr-FR.com_weblinks.ini --> ftp3.ftptoyoursite.com /web/content/SITEBACKUP_962012/language/fr-FR fr-FR.com_weblinks.ini
2012.09.06 15:12 B C:\inetpub\wwwroot\language\fr-FR\fr-FR.com_wrapper.ini --> ftp3.ftptoyoursite.com /web/content/SITEBACKUP_962012/language/fr-FR fr-FR.com_wrapper.ini
2012.09.06 15:12 B C:\inetpub\wwwroot\language\fr-FR\fr-FR.files_joomla.sys.ini --> ftp3.ftptoyoursite.com /web/content/SITEBACKUP_962012/language/fr-FR fr-FR.files_joomla.sys.ini
2012.09.06 15:12 B C:\inetpub\wwwroot\language\fr-FR\fr-FR.finder_cli.ini --> ftp3.ftptoyoursite.com /web/content/SITEBACKUP_962012/language/fr-FR fr-FR.finder_cli.ini
2012.09.06 15:12 B C:\inetpub\wwwroot\language\fr-FR\fr-FR.ini --> ftp3.ftptoyoursite.com /web/content/SITEBACKUP_962012/language/fr-FR fr-FR.ini
2012.09.06 15:12 B C:\inetpub\wwwroot\language\fr-FR\fr-FR.lib_joomla.ini --> ftp3.ftptoyoursite.com /web/content/SITEBACKUP_962012/language/fr-FR fr-FR.lib_joomla.ini
2012.09.06 15:12 B C:\inetpub\wwwroot\language\fr-FR\fr-FR.lib_joomla.sys.ini --> ftp3.ftptoyoursite.com /web/content/SITEBACKUP_962012/language/fr-FR fr-FR.lib_joomla.sys.ini
2012.09.06 15:12 B C:\inetpub\wwwroot\language\fr-FR\fr-FR.lib_phpmailer.sys.ini --> ftp3.ftptoyoursite.com /web/content/SITEBACKUP_962012/language/fr-FR fr-FR.lib_phpmailer.sys.ini
2012.09.06 15:12 B C:\inetpub\wwwroot\language\fr-FR\fr-FR.lib_phputf8.sys.ini --> ftp3.ftptoyoursite.com /web/content/SITEBACKUP_962012/language/fr-FR fr-FR.lib_phputf8.sys.ini
2012.09.06 15:12 B C:\inetpub\wwwroot\language\fr-FR\fr-FR.lib_simplepie.sys.ini --> ftp3.ftptoyoursite.com /web/content/SITEBACKUP_962012/language/fr-FR fr-FR.lib_simplepie.sys.ini
2012.09.06 15:12 B C:\inetpub\wwwroot\language\fr-FR\fr-FR.localise.php --> ftp3.ftptoyoursite.com /web/content/SITEBACKUP_962012/language/fr-FR fr-FR.localise.php
2012.09.06 15:12 B C:\inetpub\wwwroot\language\fr-FR\fr-FR.mod_articles_archive.ini --> ftp3.ftptoyoursite.com /web/content/SITEBACKUP_962012/language/fr-FR fr-FR.mod_articles_archive.ini
2012.09.06 15:12 B C:\inetpub\wwwroot\language\fr-FR\fr-FR.mod_articles_archive.sys.ini --> ftp3.ftptoyoursite.com /web/content/SITEBACKUP_962012/language/fr-FR fr-FR.mod_articles_archive.sys.ini
2012.09.06 15:12 B C:\inetpub\wwwroot\language\fr-FR\fr-FR.mod_articles_categories.ini --> ftp3.ftptoyoursite.com /web/content/SITEBACKUP_962012/language/fr-FR fr-FR.mod_articles_categories.ini
2012.09.06 15:12 B C:\inetpub\wwwroot\language\fr-FR\fr-FR.mod_articles_categories.sys.ini --> ftp3.ftptoyoursite.com /web/content/SITEBACKUP_962012/language/fr-FR fr-FR.mod_articles_categories.sys.ini
2012.09.06 15:12 B C:\inetpub\wwwroot\language\fr-FR\fr-FR.mod_articles_category.ini --> ftp3.ftptoyoursite.com /web/content/SITEBACKUP_962012/language/fr-FR fr-FR.mod_articles_category.ini
2012.09.06 15:12 B C:\inetpub\wwwroot\language\fr-FR\fr-FR.mod_articles_category.sys.ini --> ftp3.ftptoyoursite.com /web/content/SITEBACKUP_962012/language/fr-FR fr-FR.mod_articles_category.sys.ini
2012.09.06 15:12 B C:\inetpub\wwwroot\language\fr-FR\fr-FR.mod_articles_latest.ini --> ftp3.ftptoyoursite.com /web/content/SITEBACKUP_962012/language/fr-FR fr-FR.mod_articles_latest.ini
2012.09.06 15:12 B C:\inetpub\wwwroot\language\fr-FR\fr-FR.mod_articles_latest.sys.ini --> ftp3.ftptoyoursite.com /web/content/SITEBACKUP_962012/language/fr-FR fr-FR.mod_articles_latest.sys.ini
2012.09.06 15:12 B C:\inetpub\wwwroot\language\fr-FR\fr-FR.mod_articles_news.ini --> ftp3.ftptoyoursite.com /web/content/SITEBACKUP_962012/language/fr-FR fr-FR.mod_articles_news.ini
2012.09.06 15:12 B C:\inetpub\wwwroot\language\fr-FR\fr-FR.mod_articles_news.sys.ini --> ftp3.ftptoyoursite.com /web/content/SITEBACKUP_962012/language/fr-FR fr-FR.mod_articles_news.sys.ini
2012.09.06 15:12 B C:\inetpub\wwwroot\language\fr-FR\fr-FR.mod_articles_popular.ini --> ftp3.ftptoyoursite.com /web/content/SITEBACKUP_962012/language/fr-FR fr-FR.mod_articles_popular.ini
2012.09.06 15:12 B C:\inetpub\wwwroot\language\fr-FR\fr-FR.mod_articles_popular.sys.ini --> ftp3.ftptoyoursite.com /web/content/SITEBACKUP_962012/language/fr-FR fr-FR.mod_articles_popular.sys.ini
2012.09.06 15:12 B C:\inetpub\wwwroot\language\fr-FR\fr-FR.mod_banners.ini --> ftp3.ftptoyoursite.com /web/content/SITEBACKUP_962012/language/fr-FR fr-FR.mod_banners.ini
2012.09.06 15:12 B C:\inetpub\wwwroot\language\fr-FR\fr-FR.mod_banners.sys.ini --> ftp3.ftptoyoursite.com /web/content/SITEBACKUP_962012/language/fr-FR fr-FR.mod_banners.sys.ini
2012.09.06 15:12 B C:\inetpub\wwwroot\language\fr-FR\fr-FR.mod_breadcrumbs.ini --> ftp3.ftptoyoursite.com /web/content/SITEBACKUP_962012/language/fr-FR fr-FR.mod_breadcrumbs.ini
2012.09.06 15:12 B C:\inetpub\wwwroot\language\fr-FR\fr-FR.mod_breadcrumbs.sys.ini --> ftp3.ftptoyoursite.com /web/content/SITEBACKUP_962012/language/fr-FR fr-FR.mod_breadcrumbs.sys.ini
2012.09.06 15:12 B C:\inetpub\wwwroot\language\fr-FR\fr-FR.mod_custom.ini --> ftp3.ftptoyoursite.com /web/content/SITEBACKUP_962012/language/fr-FR fr-FR.mod_custom.ini
2012.09.06 15:12 B C:\inetpub\wwwroot\language\fr-FR\fr-FR.mod_custom.sys.ini --> ftp3.ftptoyoursite.com /web/content/SITEBACKUP_962012/language/fr-FR fr-FR.mod_custom.sys.ini
2012.09.06 15:12 B C:\inetpub\wwwroot\language\fr-FR\fr-FR.mod_feed.ini --> ftp3.ftptoyoursite.com /web/content/SITEBACKUP_962012/language/fr-FR fr-FR.mod_feed.ini
2012.09.06 15:12 B C:\inetpub\wwwroot\language\fr-FR\fr-FR.mod_feed.sys.ini --> ftp3.ftptoyoursite.com /web/content/SITEBACKUP_962012/language/fr-FR fr-FR.mod_feed.sys.ini
2012.09.06 15:12 B C:\inetpub\wwwroot\language\fr-FR\fr-FR.mod_finder.ini --> ftp3.ftptoyoursite.com /web/content/SITEBACKUP_962012/language/fr-FR fr-FR.mod_finder.ini
2012.09.06 15:12 B C:\inetpub\wwwroot\language\fr-FR\fr-FR.mod_finder.sys.ini --> ftp3.ftptoyoursite.com /web/content/SITEBACKUP_962012/language/fr-FR fr-FR.mod_finder.sys.ini
2012.09.06 15:12 B C:\inetpub\wwwroot\language\fr-FR\fr-FR.mod_footer.ini --> ftp3.ftptoyoursite.com /web/content/SITEBACKUP_962012/language/fr-FR fr-FR.mod_footer.ini
2012.09.06 15:12 B C:\inetpub\wwwroot\language\fr-FR\fr-FR.mod_footer.sys.ini --> ftp3.ftptoyoursite.com /web/content/SITEBACKUP_962012/language/fr-FR fr-FR.mod_footer.sys.ini
2012.09.06 15:12 B C:\inetpub\wwwroot\language\fr-FR\fr-FR.mod_languages.ini --> ftp3.ftptoyoursite.com /web/content/SITEBACKUP_962012/language/fr-FR fr-FR.mod_languages.ini
2012.09.06 15:12 B C:\inetpub\wwwroot\language\fr-FR\fr-FR.mod_languages.sys.ini --> ftp3.ftptoyoursite.com /web/content/SITEBACKUP_962012/language/fr-FR fr-FR.mod_languages.sys.ini
2012.09.06 15:12 B C:\inetpub\wwwroot\language\fr-FR\fr-FR.mod_login.ini --> ftp3.ftptoyoursite.com /web/content/SITEBACKUP_962012/language/fr-FR fr-FR.mod_login.ini
2012.09.06 15:12 B C:\inetpub\wwwroot\language\fr-FR\fr-FR.mod_login.sys.ini --> ftp3.ftptoyoursite.com /web/content/SITEBACKUP_962012/language/fr-FR fr-FR.mod_login.sys.ini
2012.09.06 15:12 B C:\inetpub\wwwroot\language\fr-FR\fr-FR.mod_menu.ini --> ftp3.ftptoyoursite.com /web/content/SITEBACKUP_962012/language/fr-FR fr-FR.mod_menu.ini
2012.09.06 15:12 B C:\inetpub\wwwroot\language\fr-FR\fr-FR.mod_menu.sys.ini --> ftp3.ftptoyoursite.com /web/content/SITEBACKUP_962012/language/fr-FR fr-FR.mod_menu.sys.ini
2012.09.06 15:12 B C:\inetpub\wwwroot\language\fr-FR\fr-FR.mod_random_image.ini --> ftp3.ftptoyoursite.com /web/content/SITEBACKUP_962012/language/fr-FR fr-FR.mod_random_image.ini
2012.09.06 15:12 B C:\inetpub\wwwroot\language\fr-FR\fr-FR.mod_random_image.sys.ini --> ftp3.ftptoyoursite.com /web/content/SITEBACKUP_962012/language/fr-FR fr-FR.mod_random_image.sys.ini
2012.09.06 15:12 B C:\inetpub\wwwroot\language\fr-FR\fr-FR.mod_related_items.ini --> ftp3.ftptoyoursite.com /web/content/SITEBACKUP_962012/language/fr-FR fr-FR.mod_related_items.ini
2012.09.06 15:12 B C:\inetpub\wwwroot\language\fr-FR\fr-FR.mod_related_items.sys.ini --> ftp3.ftptoyoursite.com /web/content/SITEBACKUP_962012/language/fr-FR fr-FR.mod_related_items.sys.ini
2012.09.06 15:12 B C:\inetpub\wwwroot\language\fr-FR\fr-FR.mod_search.ini --> ftp3.ftptoyoursite.com /web/content/SITEBACKUP_962012/language/fr-FR fr-FR.mod_search.ini
2012.09.06 15:12 B C:\inetpub\wwwroot\language\fr-FR\fr-FR.mod_search.sys.ini --> ftp3.ftptoyoursite.com /web/content/SITEBACKUP_962012/language/fr-FR fr-FR.mod_search.sys.ini
2012.09.06 15:12 B C:\inetpub\wwwroot\language\fr-FR\fr-FR.mod_stats.ini --> ftp3.ftptoyoursite.com /web/content/SITEBACKUP_962012/language/fr-FR fr-FR.mod_stats.ini
2012.09.06 15:12 B C:\inetpub\wwwroot\language\fr-FR\fr-FR.mod_stats.sys.ini --> ftp3.ftptoyoursite.com /web/content/SITEBACKUP_962012/language/fr-FR fr-FR.mod_stats.sys.ini
2012.09.06 15:12 B C:\inetpub\wwwroot\language\fr-FR\fr-FR.mod_syndicate.ini --> ftp3.ftptoyoursite.com /web/content/SITEBACKUP_962012/language/fr-FR fr-FR.mod_syndicate.ini
2012.09.06 15:12 B C:\inetpub\wwwroot\language\fr-FR\fr-FR.mod_syndicate.sys.ini --> ftp3.ftptoyoursite.com /web/content/SITEBACKUP_962012/language/fr-FR fr-FR.mod_syndicate.sys.ini
2012.09.06 15:12 B C:\inetpub\wwwroot\language\fr-FR\fr-FR.mod_users_latest.ini --> ftp3.ftptoyoursite.com /web/content/SITEBACKUP_962012/language/fr-FR fr-FR.mod_users_latest.ini
2012.09.06 15:12 B C:\inetpub\wwwroot\language\fr-FR\fr-FR.mod_users_latest.sys.ini --> ftp3.ftptoyoursite.com /web/content/SITEBACKUP_962012/language/fr-FR fr-FR.mod_users_latest.sys.ini
2012.09.06 15:12 B C:\inetpub\wwwroot\language\fr-FR\fr-FR.mod_weblinks.ini --> ftp3.ftptoyoursite.com /web/content/SITEBACKUP_962012/language/fr-FR fr-FR.mod_weblinks.ini
2012.09.06 15:12 B C:\inetpub\wwwroot\language\fr-FR\fr-FR.mod_weblinks.sys.ini --> ftp3.ftptoyoursite.com /web/content/SITEBACKUP_962012/language/fr-FR fr-FR.mod_weblinks.sys.ini
2012.09.06 15:12 B C:\inetpub\wwwroot\language\fr-FR\fr-FR.mod_whosonline.ini --> ftp3.ftptoyoursite.com /web/content/SITEBACKUP_962012/language/fr-FR fr-FR.mod_whosonline.ini
2012.09.06 15:12 B C:\inetpub\wwwroot\language\fr-FR\fr-FR.mod_whosonline.sys.ini --> ftp3.ftptoyoursite.com /web/content/SITEBACKUP_962012/language/fr-FR fr-FR.mod_whosonline.sys.ini
2012.09.06 15:12 B C:\inetpub\wwwroot\language\fr-FR\fr-FR.mod_wrapper.ini --> ftp3.ftptoyoursite.com /web/content/SITEBACKUP_962012/language/fr-FR fr-FR.mod_wrapper.ini
2012.09.06 15:12 B C:\inetpub\wwwroot\language\fr-FR\fr-FR.mod_wrapper.sys.ini --> ftp3.ftptoyoursite.com /web/content/SITEBACKUP_962012/language/fr-FR fr-FR.mod_wrapper.sys.ini
2012.09.06 15:12 B C:\inetpub\wwwroot\language\fr-FR\fr-FR.pkg_joomla.sys.ini --> ftp3.ftptoyoursite.com /web/content/SITEBACKUP_962012/language/fr-FR fr-FR.pkg_joomla.sys.ini
2012.09.06 15:12 B C:\inetpub\wwwroot\language\fr-FR\fr-FR.tpl_atomic.ini --> ftp3.ftptoyoursite.com /web/content/SITEBACKUP_962012/language/fr-FR fr-FR.tpl_atomic.ini
2012.09.06 15:12 B C:\inetpub\wwwroot\language\fr-FR\fr-FR.tpl_atomic.sys.ini --> ftp3.ftptoyoursite.com /web/content/SITEBACKUP_962012/language/fr-FR fr-FR.tpl_atomic.sys.ini
2012.09.06 15:12 B C:\inetpub\wwwroot\language\fr-FR\fr-FR.tpl_beez5.ini --> ftp3.ftptoyoursite.com /web/content/SITEBACKUP_962012/language/fr-FR fr-FR.tpl_beez5.ini
2012.09.06 15:12 B C:\inetpub\wwwroot\language\fr-FR\fr-FR.tpl_beez5.sys.ini --> ftp3.ftptoyoursite.com /web/content/SITEBACKUP_962012/language/fr-FR fr-FR.tpl_beez5.sys.ini
2012.09.06 15:12 B C:\inetpub\wwwroot\language\fr-FR\fr-FR.tpl_beez_20.ini --> ftp3.ftptoyoursite.com /web/content/SITEBACKUP_962012/language/fr-FR fr-FR.tpl_beez_20.ini
2012.09.06 15:12 B C:\inetpub\wwwroot\language\fr-FR\fr-FR.tpl_beez_20.sys.ini --> ftp3.ftptoyoursite.com /web/content/SITEBACKUP_962012/language/fr-FR fr-FR.tpl_beez_20.sys.ini
2012.09.06 15:12 B C:\inetpub\wwwroot\language\fr-FR\fr-FR.xml --> ftp3.ftptoyoursite.com /web/content/SITEBACKUP_962012/language/fr-FR fr-FR.xml
2012.09.06 15:12 B C:\inetpub\wwwroot\language\fr-FR\index.html --> ftp3.ftptoyoursite.com /web/content/SITEBACKUP_962012/language/fr-FR index.html
2012.09.06 15:12 B C:\inetpub\wwwroot\language\fr-FR\install.xml --> ftp3.ftptoyoursite.com /web/content/SITEBACKUP_962012/language/fr-FR install.xml
2012.09.06 15:12 B C:\inetpub\wwwroot\language\fr-FR\WS_FTP.LOG --> ftp3.ftptoyoursite.com /web/content/SITEBACKUP_962012/language/fr-FR WS_FTP.LOG
2012.10.23 09:14 B C:\inetpub\wwwroot\language\fr-FR\fr-FR.com_contact.ini --> ftp3.ftptoyoursite.com /web/content/language/fr-FR fr-FR.com_contact.ini
2012.10.23 09:14 B C:\inetpub\wwwroot\language\fr-FR\fr-FR.com_content.ini --> ftp3.ftptoyoursite.com /web/content/language/fr-FR fr-FR.com_content.ini
2012.10.23 09:14 B C:\inetpub\wwwroot\language\fr-FR\fr-FR.com_finder.ini --> ftp3.ftptoyoursite.com /web/content/language/fr-FR fr-FR.com_finder.ini
2012.10.23 09:14 B C:\inetpub\wwwroot\language\fr-FR\fr-FR.com_mailto.ini --> ftp3.ftptoyoursite.com /web/content/language/fr-FR fr-FR.com_mailto.ini
2012.10.23 09:14 B C:\inetpub\wwwroot\language\fr-FR\fr-FR.com_media.ini --> ftp3.ftptoyoursite.com /web/content/language/fr-FR fr-FR.com_media.ini
2012.10.23 09:14 B C:\inetpub\wwwroot\language\fr-FR\fr-FR.com_messages.ini --> ftp3.ftptoyoursite.com /web/content/language/fr-FR fr-FR.com_messages.ini
2012.10.23 09:14 B C:\inetpub\wwwroot\language\fr-FR\fr-FR.com_newsfeeds.ini --> ftp3.ftptoyoursite.com /web/content/language/fr-FR fr-FR.com_newsfeeds.ini
2012.10.23 09:14 B C:\inetpub\wwwroot\language\fr-FR\fr-FR.com_search.ini --> ftp3.ftptoyoursite.com /web/content/language/fr-FR fr-FR.com_search.ini
2012.10.23 09:14 B C:\inetpub\wwwroot\language\fr-FR\fr-FR.com_users.ini --> ftp3.ftptoyoursite.com /web/content/language/fr-FR fr-FR.com_users.ini
2012.10.23 09:14 B C:\inetpub\wwwroot\language\fr-FR\fr-FR.com_weblinks.ini --> ftp3.ftptoyoursite.com /web/content/language/fr-FR fr-FR.com_weblinks.ini
2012.10.23 09:14 B C:\inetpub\wwwroot\language\fr-FR\fr-FR.com_wrapper.ini --> ftp3.ftptoyoursite.com /web/content/language/fr-FR fr-FR.com_wrapper.ini
2012.10.23 09:14 B C:\inetpub\wwwroot\language\fr-FR\fr-FR.files_joomla.sys.ini --> ftp3.ftptoyoursite.com /web/content/language/fr-FR fr-FR.files_joomla.sys.ini
2012.10.23 09:14 B C:\inetpub\wwwroot\language\fr-FR\fr-FR.finder_cli.ini --> ftp3.ftptoyoursite.com /web/content/language/fr-FR fr-FR.finder_cli.ini
2012.10.23 09:14 B C:\inetpub\wwwroot\language\fr-FR\fr-FR.ini --> ftp3.ftptoyoursite.com /web/content/language/fr-FR fr-FR.ini
2012.10.23 09:14 B C:\inetpub\wwwroot\language\fr-FR\fr-FR.lib_joomla.ini --> ftp3.ftptoyoursite.com /web/content/language/fr-FR fr-FR.lib_joomla.ini
2012.10.23 09:14 B C:\inetpub\wwwroot\language\fr-FR\fr-FR.lib_joomla.sys.ini --> ftp3.ftptoyoursite.com /web/content/language/fr-FR fr-FR.lib_joomla.sys.ini
2012.10.23 09:14 B C:\inetpub\wwwroot\language\fr-FR\fr-FR.lib_phpmailer.sys.ini --> ftp3.ftptoyoursite.com /web/content/language/fr-FR fr-FR.lib_phpmailer.sys.ini
2012.10.23 09:14 B C:\inetpub\wwwroot\language\fr-FR\fr-FR.lib_phputf8.sys.ini --> ftp3.ftptoyoursite.com /web/content/language/fr-FR fr-FR.lib_phputf8.sys.ini
2012.10.23 09:14 B C:\inetpub\wwwroot\language\fr-FR\fr-FR.lib_simplepie.sys.ini --> ftp3.ftptoyoursite.com /web/content/language/fr-FR fr-FR.lib_simplepie.sys.ini
2012.10.23 09:14 B C:\inetpub\wwwroot\language\fr-FR\fr-FR.localise.php --> ftp3.ftptoyoursite.com /web/content/language/fr-FR fr-FR.localise.php
2012.10.23 09:14 B C:\inetpub\wwwroot\language\fr-FR\fr-FR.mod_articles_archive.ini --> ftp3.ftptoyoursite.com /web/content/language/fr-FR fr-FR.mod_articles_archive.ini
2012.10.23 09:14 B C:\inetpub\wwwroot\language\fr-FR\fr-FR.mod_articles_archive.sys.ini --> ftp3.ftptoyoursite.com /web/content/language/fr-FR fr-FR.mod_articles_archive.sys.ini
2012.10.23 09:14 B C:\inetpub\wwwroot\language\fr-FR\fr-FR.mod_articles_categories.ini --> ftp3.ftptoyoursite.com /web/content/language/fr-FR fr-FR.mod_articles_categories.ini
2012.10.23 09:14 B C:\inetpub\wwwroot\language\fr-FR\fr-FR.mod_articles_categories.sys.ini --> ftp3.ftptoyoursite.com /web/content/language/fr-FR fr-FR.mod_articles_categories.sys.ini
2012.10.23 09:14 B C:\inetpub\wwwroot\language\fr-FR\fr-FR.mod_articles_category.ini --> ftp3.ftptoyoursite.com /web/content/language/fr-FR fr-FR.mod_articles_category.ini
2012.10.23 09:14 B C:\inetpub\wwwroot\language\fr-FR\fr-FR.mod_articles_category.sys.ini --> ftp3.ftptoyoursite.com /web/content/language/fr-FR fr-FR.mod_articles_category.sys.ini
2012.10.23 09:14 B C:\inetpub\wwwroot\language\fr-FR\fr-FR.mod_articles_latest.ini --> ftp3.ftptoyoursite.com /web/content/language/fr-FR fr-FR.mod_articles_latest.ini
2012.10.23 09:14 B C:\inetpub\wwwroot\language\fr-FR\fr-FR.mod_articles_latest.sys.ini --> ftp3.ftptoyoursite.com /web/content/language/fr-FR fr-FR.mod_articles_latest.sys.ini
2012.10.23 09:14 B C:\inetpub\wwwroot\language\fr-FR\fr-FR.mod_articles_news.ini --> ftp3.ftptoyoursite.com /web/content/language/fr-FR fr-FR.mod_articles_news.ini
2012.10.23 09:14 B C:\inetpub\wwwroot\language\fr-FR\fr-FR.mod_articles_news.sys.ini --> ftp3.ftptoyoursite.com /web/content/language/fr-FR fr-FR.mod_articles_news.sys.ini
2012.10.23 09:14 B C:\inetpub\wwwroot\language\fr-FR\fr-FR.mod_articles_popular.ini --> ftp3.ftptoyoursite.com /web/content/language/fr-FR fr-FR.mod_articles_popular.ini
2012.10.23 09:14 B C:\inetpub\wwwroot\language\fr-FR\fr-FR.mod_articles_popular.sys.ini --> ftp3.ftptoyoursite.com /web/content/language/fr-FR fr-FR.mod_articles_popular.sys.ini
2012.10.23 09:14 B C:\inetpub\wwwroot\language\fr-FR\fr-FR.mod_banners.ini --> ftp3.ftptoyoursite.com /web/content/language/fr-FR fr-FR.mod_banners.ini
2012.10.23 09:14 B C:\inetpub\wwwroot\language\fr-FR\fr-FR.mod_banners.sys.ini --> ftp3.ftptoyoursite.com /web/content/language/fr-FR fr-FR.mod_banners.sys.ini
2012.10.23 09:14 B C:\inetpub\wwwroot\language\fr-FR\fr-FR.mod_breadcrumbs.ini --> ftp3.ftptoyoursite.com /web/content/language/fr-FR fr-FR.mod_breadcrumbs.ini
2012.10.23 09:14 B C:\inetpub\wwwroot\language\fr-FR\fr-FR.mod_breadcrumbs.sys.ini --> ftp3.ftptoyoursite.com /web/content/language/fr-FR fr-FR.mod_breadcrumbs.sys.ini
2012.10.23 09:14 B C:\inetpub\wwwroot\language\fr-FR\fr-FR.mod_custom.ini --> ftp3.ftptoyoursite.com /web/content/language/fr-FR fr-FR.mod_custom.ini
2012.10.23 09:14 B C:\inetpub\wwwroot\language\fr-FR\fr-FR.mod_custom.sys.ini --> ftp3.ftptoyoursite.com /web/content/language/fr-FR fr-FR.mod_custom.sys.ini
2012.10.23 09:14 B C:\inetpub\wwwroot\language\fr-FR\fr-FR.mod_feed.ini --> ftp3.ftptoyoursite.com /web/content/language/fr-FR fr-FR.mod_feed.ini
2012.10.23 09:14 B C:\inetpub\wwwroot\language\fr-FR\fr-FR.mod_feed.sys.ini --> ftp3.ftptoyoursite.com /web/content/language/fr-FR fr-FR.mod_feed.sys.ini
2012.10.23 09:14 B C:\inetpub\wwwroot\language\fr-FR\fr-FR.mod_finder.ini --> ftp3.ftptoyoursite.com /web/content/language/fr-FR fr-FR.mod_finder.ini
2012.10.23 09:14 B C:\inetpub\wwwroot\language\fr-FR\fr-FR.mod_finder.sys.ini --> ftp3.ftptoyoursite.com /web/content/language/fr-FR fr-FR.mod_finder.sys.ini
2012.10.23 09:14 B C:\inetpub\wwwroot\language\fr-FR\fr-FR.mod_footer.ini --> ftp3.ftptoyoursite.com /web/content/language/fr-FR fr-FR.mod_footer.ini
2012.10.23 09:14 B C:\inetpub\wwwroot\language\fr-FR\fr-FR.mod_footer.sys.ini --> ftp3.ftptoyoursite.com /web/content/language/fr-FR fr-FR.mod_footer.sys.ini
2012.10.23 09:14 B C:\inetpub\wwwroot\language\fr-FR\fr-FR.mod_languages.ini --> ftp3.ftptoyoursite.com /web/content/language/fr-FR fr-FR.mod_languages.ini
2012.10.23 09:14 B C:\inetpub\wwwroot\language\fr-FR\fr-FR.mod_languages.sys.ini --> ftp3.ftptoyoursite.com /web/content/language/fr-FR fr-FR.mod_languages.sys.ini
2012.10.23 09:14 B C:\inetpub\wwwroot\language\fr-FR\fr-FR.mod_login.ini --> ftp3.ftptoyoursite.com /web/content/language/fr-FR fr-FR.mod_login.ini
2012.10.23 09:14 B C:\inetpub\wwwroot\language\fr-FR\fr-FR.mod_login.sys.ini --> ftp3.ftptoyoursite.com /web/content/language/fr-FR fr-FR.mod_login.sys.ini
2012.10.23 09:14 B C:\inetpub\wwwroot\language\fr-FR\fr-FR.mod_menu.ini --> ftp3.ftptoyoursite.com /web/content/language/fr-FR fr-FR.mod_menu.ini
2012.10.23 09:14 B C:\inetpub\wwwroot\language\fr-FR\fr-FR.mod_menu.sys.ini --> ftp3.ftptoyoursite.com /web/content/language/fr-FR fr-FR.mod_menu.sys.ini
2012.10.23 09:14 B C:\inetpub\wwwroot\language\fr-FR\fr-FR.mod_random_image.ini --> ftp3.ftptoyoursite.com /web/content/language/fr-FR fr-FR.mod_random_image.ini
2012.10.23 09:14 B C:\inetpub\wwwroot\language\fr-FR\fr-FR.mod_random_image.sys.ini --> ftp3.ftptoyoursite.com /web/content/language/fr-FR fr-FR.mod_random_image.sys.ini
2012.10.23 09:14 B C:\inetpub\wwwroot\language\fr-FR\fr-FR.mod_related_items.ini --> ftp3.ftptoyoursite.com /web/content/language/fr-FR fr-FR.mod_related_items.ini
2012.10.23 09:14 B C:\inetpub\wwwroot\language\fr-FR\fr-FR.mod_related_items.sys.ini --> ftp3.ftptoyoursite.com /web/content/language/fr-FR fr-FR.mod_related_items.sys.ini
2012.10.23 09:14 B C:\inetpub\wwwroot\language\fr-FR\fr-FR.mod_search.ini --> ftp3.ftptoyoursite.com /web/content/language/fr-FR fr-FR.mod_search.ini
2012.10.23 09:14 B C:\inetpub\wwwroot\language\fr-FR\fr-FR.mod_search.sys.ini --> ftp3.ftptoyoursite.com /web/content/language/fr-FR fr-FR.mod_search.sys.ini
2012.10.23 09:14 B C:\inetpub\wwwroot\language\fr-FR\fr-FR.mod_stats.ini --> ftp3.ftptoyoursite.com /web/content/language/fr-FR fr-FR.mod_stats.ini
2012.10.23 09:14 B C:\inetpub\wwwroot\language\fr-FR\fr-FR.mod_stats.sys.ini --> ftp3.ftptoyoursite.com /web/content/language/fr-FR fr-FR.mod_stats.sys.ini
2012.10.23 09:14 B C:\inetpub\wwwroot\language\fr-FR\fr-FR.mod_syndicate.ini --> ftp3.ftptoyoursite.com /web/content/language/fr-FR fr-FR.mod_syndicate.ini
2012.10.23 09:14 B C:\inetpub\wwwroot\language\fr-FR\fr-FR.mod_syndicate.sys.ini --> ftp3.ftptoyoursite.com /web/content/language/fr-FR fr-FR.mod_syndicate.sys.ini
2012.10.23 09:14 B C:\inetpub\wwwroot\language\fr-FR\fr-FR.mod_users_latest.ini --> ftp3.ftptoyoursite.com /web/content/language/fr-FR fr-FR.mod_users_latest.ini
2012.10.23 09:14 B C:\inetpub\wwwroot\language\fr-FR\fr-FR.mod_users_latest.sys.ini --> ftp3.ftptoyoursite.com /web/content/language/fr-FR fr-FR.mod_users_latest.sys.ini
2012.10.23 09:14 B C:\inetpub\wwwroot\language\fr-FR\fr-FR.mod_weblinks.ini --> ftp3.ftptoyoursite.com /web/content/language/fr-FR fr-FR.mod_weblinks.ini
2012.10.23 09:14 B C:\inetpub\wwwroot\language\fr-FR\fr-FR.mod_weblinks.sys.ini --> ftp3.ftptoyoursite.com /web/content/language/fr-FR fr-FR.mod_weblinks.sys.ini
2012.10.23 09:14 B C:\inetpub\wwwroot\language\fr-FR\fr-FR.mod_whosonline.ini --> ftp3.ftptoyoursite.com /web/content/language/fr-FR fr-FR.mod_whosonline.ini
2012.10.23 09:14 B C:\inetpub\wwwroot\language\fr-FR\fr-FR.mod_whosonline.sys.ini --> ftp3.ftptoyoursite.com /web/content/language/fr-FR fr-FR.mod_whosonline.sys.ini
2012.10.23 09:14 B C:\inetpub\wwwroot\language\fr-FR\fr-FR.mod_wrapper.ini --> ftp3.ftptoyoursite.com /web/content/language/fr-FR fr-FR.mod_wrapper.ini
2012.10.23 09:14 B C:\inetpub\wwwroot\language\fr-FR\fr-FR.mod_wrapper.sys.ini --> ftp3.ftptoyoursite.com /web/content/language/fr-FR fr-FR.mod_wrapper.sys.ini
2012.10.23 09:14 B C:\inetpub\wwwroot\language\fr-FR\fr-FR.pkg_joomla.sys.ini --> ftp3.ftptoyoursite.com /web/content/language/fr-FR fr-FR.pkg_joomla.sys.ini
2012.10.23 09:14 B C:\inetpub\wwwroot\language\fr-FR\fr-FR.tpl_atomic.ini --> ftp3.ftptoyoursite.com /web/content/language/fr-FR fr-FR.tpl_atomic.ini
2012.10.23 09:14 B C:\inetpub\wwwroot\language\fr-FR\fr-FR.tpl_atomic.sys.ini --> ftp3.ftptoyoursite.com /web/content/language/fr-FR fr-FR.tpl_atomic.sys.ini
2012.10.23 09:14 B C:\inetpub\wwwroot\language\fr-FR\fr-FR.tpl_beez5.ini --> ftp3.ftptoyoursite.com /web/content/language/fr-FR fr-FR.tpl_beez5.ini
2012.10.23 09:14 B C:\inetpub\wwwroot\language\fr-FR\fr-FR.tpl_beez5.sys.ini --> ftp3.ftptoyoursite.com /web/content/language/fr-FR fr-FR.tpl_beez5.sys.ini
2012.10.23 09:14 B C:\inetpub\wwwroot\language\fr-FR\fr-FR.tpl_beez_20.ini --> ftp3.ftptoyoursite.com /web/content/language/fr-FR fr-FR.tpl_beez_20.ini
2012.10.23 09:14 B C:\inetpub\wwwroot\language\fr-FR\fr-FR.tpl_beez_20.sys.ini --> ftp3.ftptoyoursite.com /web/content/language/fr-FR fr-FR.tpl_beez_20.sys.ini
2012.10.23 09:14 B C:\inetpub\wwwroot\language\fr-FR\fr-FR.xml --> ftp3.ftptoyoursite.com /web/content/language/fr-FR fr-FR.xml
2012.10.23 09:14 B C:\inetpub\wwwroot\language\fr-FR\index.html --> ftp3.ftptoyoursite.com /web/content/language/fr-FR index.html
2012.10.23 09:14 B C:\inetpub\wwwroot\language\fr-FR\install.xml --> ftp3.ftptoyoursite.com /web/content/language/fr-FR install.xml
2012.10.23 09:14 B C:\inetpub\wwwroot\language\fr-FR\WS_FTP.LOG --> ftp3.ftptoyoursite.com /web/content/language/fr-FR WS_FTP.LOG
2013.02.01 14:53 B C:\inetpub\wwwroot\language\fr-FR\WS_FTP.LOG <-- Schubert Rackspace /web/content/language/fr-FR WS_FTP.LOG
