2012.07.25 12:19 B C:\Users\COBRIEN\Desktop\Schubert\media\system\css\adminlist.css <-- Schubert Rackspace /web/content/media/system/css adminlist.css
2012.07.25 12:19 B C:\Users\COBRIEN\Desktop\Schubert\media\system\css\calendar-jos.css <-- Schubert Rackspace /web/content/media/system/css calendar-jos.css
2012.07.25 12:19 B C:\Users\COBRIEN\Desktop\Schubert\media\system\css\index.html <-- Schubert Rackspace /web/content/media/system/css index.html
2012.07.25 12:19 B C:\Users\COBRIEN\Desktop\Schubert\media\system\css\modal.css <-- Schubert Rackspace /web/content/media/system/css modal.css
2012.07.25 12:19 B C:\Users\COBRIEN\Desktop\Schubert\media\system\css\mooRainbow.css <-- Schubert Rackspace /web/content/media/system/css mooRainbow.css
2012.07.25 12:19 B C:\Users\COBRIEN\Desktop\Schubert\media\system\css\mootree.css <-- Schubert Rackspace /web/content/media/system/css mootree.css
2012.07.25 12:19 B C:\Users\COBRIEN\Desktop\Schubert\media\system\css\mootree_rtl.css <-- Schubert Rackspace /web/content/media/system/css mootree_rtl.css
2012.07.25 12:19 B C:\Users\COBRIEN\Desktop\Schubert\media\system\css\system.css <-- Schubert Rackspace /web/content/media/system/css system.css
2012.09.04 10:55 B C:\inetpub\wwwroot\media\system\css\adminlist.css --> ftp3.ftptoyoursite.com /web/content/SITE-TEST/media/system/css adminlist.css
2012.09.04 10:55 B C:\inetpub\wwwroot\media\system\css\calendar-jos.css --> ftp3.ftptoyoursite.com /web/content/SITE-TEST/media/system/css calendar-jos.css
2012.09.04 10:55 B C:\inetpub\wwwroot\media\system\css\index.html --> ftp3.ftptoyoursite.com /web/content/SITE-TEST/media/system/css index.html
2012.09.04 10:55 B C:\inetpub\wwwroot\media\system\css\modal.css --> ftp3.ftptoyoursite.com /web/content/SITE-TEST/media/system/css modal.css
2012.09.04 10:55 B C:\inetpub\wwwroot\media\system\css\mooRainbow.css --> ftp3.ftptoyoursite.com /web/content/SITE-TEST/media/system/css mooRainbow.css
2012.09.04 10:55 B C:\inetpub\wwwroot\media\system\css\mootree.css --> ftp3.ftptoyoursite.com /web/content/SITE-TEST/media/system/css mootree.css
2012.09.04 10:55 B C:\inetpub\wwwroot\media\system\css\mootree_rtl.css --> ftp3.ftptoyoursite.com /web/content/SITE-TEST/media/system/css mootree_rtl.css
2012.09.04 10:55 B C:\inetpub\wwwroot\media\system\css\system.css --> ftp3.ftptoyoursite.com /web/content/SITE-TEST/media/system/css system.css
2012.09.04 10:55 B C:\inetpub\wwwroot\media\system\css\WS_FTP.LOG --> ftp3.ftptoyoursite.com /web/content/SITE-TEST/media/system/css WS_FTP.LOG
2012.09.06 15:14 B C:\inetpub\wwwroot\media\system\css\adminlist.css --> ftp3.ftptoyoursite.com /web/content/SITEBACKUP_962012/media/system/css adminlist.css
2012.09.06 15:14 B C:\inetpub\wwwroot\media\system\css\calendar-jos.css --> ftp3.ftptoyoursite.com /web/content/SITEBACKUP_962012/media/system/css calendar-jos.css
2012.09.06 15:14 B C:\inetpub\wwwroot\media\system\css\index.html --> ftp3.ftptoyoursite.com /web/content/SITEBACKUP_962012/media/system/css index.html
2012.09.06 15:14 B C:\inetpub\wwwroot\media\system\css\modal.css --> ftp3.ftptoyoursite.com /web/content/SITEBACKUP_962012/media/system/css modal.css
2012.09.06 15:14 B C:\inetpub\wwwroot\media\system\css\mooRainbow.css --> ftp3.ftptoyoursite.com /web/content/SITEBACKUP_962012/media/system/css mooRainbow.css
2012.09.06 15:14 B C:\inetpub\wwwroot\media\system\css\mootree.css --> ftp3.ftptoyoursite.com /web/content/SITEBACKUP_962012/media/system/css mootree.css
2012.09.06 15:14 B C:\inetpub\wwwroot\media\system\css\mootree_rtl.css --> ftp3.ftptoyoursite.com /web/content/SITEBACKUP_962012/media/system/css mootree_rtl.css
2012.09.06 15:14 B C:\inetpub\wwwroot\media\system\css\system.css --> ftp3.ftptoyoursite.com /web/content/SITEBACKUP_962012/media/system/css system.css
2012.09.06 15:14 B C:\inetpub\wwwroot\media\system\css\WS_FTP.LOG --> ftp3.ftptoyoursite.com /web/content/SITEBACKUP_962012/media/system/css WS_FTP.LOG
2012.10.23 09:16 B C:\inetpub\wwwroot\media\system\css\adminlist.css --> ftp3.ftptoyoursite.com /web/content/media/system/css adminlist.css
2012.10.23 09:16 B C:\inetpub\wwwroot\media\system\css\calendar-jos.css --> ftp3.ftptoyoursite.com /web/content/media/system/css calendar-jos.css
2012.10.23 09:16 B C:\inetpub\wwwroot\media\system\css\index.html --> ftp3.ftptoyoursite.com /web/content/media/system/css index.html
2012.10.23 09:16 B C:\inetpub\wwwroot\media\system\css\modal.css --> ftp3.ftptoyoursite.com /web/content/media/system/css modal.css
2012.10.23 09:16 B C:\inetpub\wwwroot\media\system\css\mooRainbow.css --> ftp3.ftptoyoursite.com /web/content/media/system/css mooRainbow.css
2012.10.23 09:16 B C:\inetpub\wwwroot\media\system\css\mootree.css --> ftp3.ftptoyoursite.com /web/content/media/system/css mootree.css
2012.10.23 09:16 B C:\inetpub\wwwroot\media\system\css\mootree_rtl.css --> ftp3.ftptoyoursite.com /web/content/media/system/css mootree_rtl.css
2012.10.23 09:16 B C:\inetpub\wwwroot\media\system\css\system.css --> ftp3.ftptoyoursite.com /web/content/media/system/css system.css
2012.10.23 09:16 B C:\inetpub\wwwroot\media\system\css\WS_FTP.LOG --> ftp3.ftptoyoursite.com /web/content/media/system/css WS_FTP.LOG
2013.02.01 15:01 B C:\inetpub\wwwroot\media\system\css\WS_FTP.LOG <-- Schubert Rackspace /web/content/media/system/css WS_FTP.LOG
