2012.07.25 12:12 B C:\Users\COBRIEN\Desktop\Schubert\administrator\components\com_weblinks\access.xml <-- Schubert Rackspace /web/content/administrator/components/com_weblinks access.xml
2012.07.25 12:12 B C:\Users\COBRIEN\Desktop\Schubert\administrator\components\com_weblinks\config.xml <-- Schubert Rackspace /web/content/administrator/components/com_weblinks config.xml
2012.07.25 12:12 B C:\Users\COBRIEN\Desktop\Schubert\administrator\components\com_weblinks\controller.php <-- Schubert Rackspace /web/content/administrator/components/com_weblinks controller.php
2012.07.25 12:12 B C:\Users\COBRIEN\Desktop\Schubert\administrator\components\com_weblinks\index.html <-- Schubert Rackspace /web/content/administrator/components/com_weblinks index.html
2012.07.25 12:12 B C:\Users\COBRIEN\Desktop\Schubert\administrator\components\com_weblinks\weblinks.php <-- Schubert Rackspace /web/content/administrator/components/com_weblinks weblinks.php
2012.07.25 12:12 B C:\Users\COBRIEN\Desktop\Schubert\administrator\components\com_weblinks\weblinks.xml <-- Schubert Rackspace /web/content/administrator/components/com_weblinks weblinks.xml
2012.09.04 10:46 B C:\inetpub\wwwroot\administrator\components\com_weblinks\access.xml --> ftp3.ftptoyoursite.com /web/content/SITE-TEST/administrator/components/com_weblinks access.xml
2012.09.04 10:46 B C:\inetpub\wwwroot\administrator\components\com_weblinks\config.xml --> ftp3.ftptoyoursite.com /web/content/SITE-TEST/administrator/components/com_weblinks config.xml
2012.09.04 10:46 B C:\inetpub\wwwroot\administrator\components\com_weblinks\controller.php --> ftp3.ftptoyoursite.com /web/content/SITE-TEST/administrator/components/com_weblinks controller.php
2012.09.04 10:46 B C:\inetpub\wwwroot\administrator\components\com_weblinks\index.html --> ftp3.ftptoyoursite.com /web/content/SITE-TEST/administrator/components/com_weblinks index.html
2012.09.04 10:46 B C:\inetpub\wwwroot\administrator\components\com_weblinks\weblinks.php --> ftp3.ftptoyoursite.com /web/content/SITE-TEST/administrator/components/com_weblinks weblinks.php
2012.09.04 10:46 B C:\inetpub\wwwroot\administrator\components\com_weblinks\weblinks.xml --> ftp3.ftptoyoursite.com /web/content/SITE-TEST/administrator/components/com_weblinks weblinks.xml
2012.09.04 10:46 B C:\inetpub\wwwroot\administrator\components\com_weblinks\WS_FTP.LOG --> ftp3.ftptoyoursite.com /web/content/SITE-TEST/administrator/components/com_weblinks WS_FTP.LOG
2012.09.06 15:04 B C:\inetpub\wwwroot\administrator\components\com_weblinks\access.xml --> ftp3.ftptoyoursite.com /web/content/SITEBACKUP_962012/administrator/components/com_weblinks access.xml
2012.09.06 15:04 B C:\inetpub\wwwroot\administrator\components\com_weblinks\config.xml --> ftp3.ftptoyoursite.com /web/content/SITEBACKUP_962012/administrator/components/com_weblinks config.xml
2012.09.06 15:04 B C:\inetpub\wwwroot\administrator\components\com_weblinks\controller.php --> ftp3.ftptoyoursite.com /web/content/SITEBACKUP_962012/administrator/components/com_weblinks controller.php
2012.09.06 15:04 B C:\inetpub\wwwroot\administrator\components\com_weblinks\index.html --> ftp3.ftptoyoursite.com /web/content/SITEBACKUP_962012/administrator/components/com_weblinks index.html
2012.09.06 15:04 B C:\inetpub\wwwroot\administrator\components\com_weblinks\weblinks.php --> ftp3.ftptoyoursite.com /web/content/SITEBACKUP_962012/administrator/components/com_weblinks weblinks.php
2012.09.06 15:04 B C:\inetpub\wwwroot\administrator\components\com_weblinks\weblinks.xml --> ftp3.ftptoyoursite.com /web/content/SITEBACKUP_962012/administrator/components/com_weblinks weblinks.xml
2012.09.06 15:04 B C:\inetpub\wwwroot\administrator\components\com_weblinks\WS_FTP.LOG --> ftp3.ftptoyoursite.com /web/content/SITEBACKUP_962012/administrator/components/com_weblinks WS_FTP.LOG
2012.09.06 15:45 B C:\inetpub\wwwroot\administrator\components\com_weblinks\access.xml <-- Schubert Rackspace /web/content/SITEBACKUP_962012/administrator/components/com_weblinks access.xml
2012.09.06 15:45 B C:\inetpub\wwwroot\administrator\components\com_weblinks\config.xml <-- Schubert Rackspace /web/content/SITEBACKUP_962012/administrator/components/com_weblinks config.xml
2012.09.06 15:45 B C:\inetpub\wwwroot\administrator\components\com_weblinks\controller.php <-- Schubert Rackspace /web/content/SITEBACKUP_962012/administrator/components/com_weblinks controller.php
2012.09.06 15:45 B C:\inetpub\wwwroot\administrator\components\com_weblinks\index.html <-- Schubert Rackspace /web/content/SITEBACKUP_962012/administrator/components/com_weblinks index.html
2012.09.06 15:45 B C:\inetpub\wwwroot\administrator\components\com_weblinks\weblinks.php <-- Schubert Rackspace /web/content/SITEBACKUP_962012/administrator/components/com_weblinks weblinks.php
2012.09.06 15:45 B C:\inetpub\wwwroot\administrator\components\com_weblinks\weblinks.xml <-- Schubert Rackspace /web/content/SITEBACKUP_962012/administrator/components/com_weblinks weblinks.xml
2012.10.23 09:07 B C:\inetpub\wwwroot\administrator\components\com_weblinks\access.xml --> ftp3.ftptoyoursite.com /web/content/administrator/components/com_weblinks access.xml
2012.10.23 09:07 B C:\inetpub\wwwroot\administrator\components\com_weblinks\config.xml --> ftp3.ftptoyoursite.com /web/content/administrator/components/com_weblinks config.xml
2012.10.23 09:07 B C:\inetpub\wwwroot\administrator\components\com_weblinks\controller.php --> ftp3.ftptoyoursite.com /web/content/administrator/components/com_weblinks controller.php
2012.10.23 09:07 B C:\inetpub\wwwroot\administrator\components\com_weblinks\index.html --> ftp3.ftptoyoursite.com /web/content/administrator/components/com_weblinks index.html
2012.10.23 09:07 B C:\inetpub\wwwroot\administrator\components\com_weblinks\weblinks.php --> ftp3.ftptoyoursite.com /web/content/administrator/components/com_weblinks weblinks.php
2012.10.23 09:07 B C:\inetpub\wwwroot\administrator\components\com_weblinks\weblinks.xml --> ftp3.ftptoyoursite.com /web/content/administrator/components/com_weblinks weblinks.xml
2012.10.23 09:07 B C:\inetpub\wwwroot\administrator\components\com_weblinks\WS_FTP.LOG --> ftp3.ftptoyoursite.com /web/content/administrator/components/com_weblinks WS_FTP.LOG
2013.02.01 14:44 B C:\inetpub\wwwroot\administrator\components\com_weblinks\WS_FTP.LOG <-- Schubert Rackspace /web/content/administrator/components/com_weblinks WS_FTP.LOG
