2012.07.25 12:12 B C:\Users\COBRIEN\Desktop\Schubert\administrator\components\com_nivoslider\com_nivo_slider.xml <-- Schubert Rackspace /web/content/administrator/components/com_nivoslider com_nivo_slider.xml
2012.07.25 12:12 B C:\Users\COBRIEN\Desktop\Schubert\administrator\components\com_nivoslider\config.xml <-- Schubert Rackspace /web/content/administrator/components/com_nivoslider config.xml
2012.07.25 12:12 B C:\Users\COBRIEN\Desktop\Schubert\administrator\components\com_nivoslider\controller.php <-- Schubert Rackspace /web/content/administrator/components/com_nivoslider controller.php
2012.07.25 12:12 B C:\Users\COBRIEN\Desktop\Schubert\administrator\components\com_nivoslider\nivoslider.php <-- Schubert Rackspace /web/content/administrator/components/com_nivoslider nivoslider.php
2012.09.04 10:45 B C:\inetpub\wwwroot\administrator\components\com_nivoslider\com_nivo_slider.xml --> ftp3.ftptoyoursite.com /web/content/SITE-TEST/administrator/components/com_nivoslider com_nivo_slider.xml
2012.09.04 10:45 B C:\inetpub\wwwroot\administrator\components\com_nivoslider\config.xml --> ftp3.ftptoyoursite.com /web/content/SITE-TEST/administrator/components/com_nivoslider config.xml
2012.09.04 10:45 B C:\inetpub\wwwroot\administrator\components\com_nivoslider\controller.php --> ftp3.ftptoyoursite.com /web/content/SITE-TEST/administrator/components/com_nivoslider controller.php
2012.09.04 10:45 B C:\inetpub\wwwroot\administrator\components\com_nivoslider\index.html --> ftp3.ftptoyoursite.com /web/content/SITE-TEST/administrator/components/com_nivoslider index.html
2012.09.04 10:45 B C:\inetpub\wwwroot\administrator\components\com_nivoslider\nivoslider.php --> ftp3.ftptoyoursite.com /web/content/SITE-TEST/administrator/components/com_nivoslider nivoslider.php
2012.09.04 10:45 B C:\inetpub\wwwroot\administrator\components\com_nivoslider\WS_FTP.LOG --> ftp3.ftptoyoursite.com /web/content/SITE-TEST/administrator/components/com_nivoslider WS_FTP.LOG
2012.09.06 15:02 B C:\inetpub\wwwroot\administrator\components\com_nivoslider\com_nivo_slider.xml --> ftp3.ftptoyoursite.com /web/content/SITEBACKUP_962012/administrator/components/com_nivoslider com_nivo_slider.xml
2012.09.06 15:02 B C:\inetpub\wwwroot\administrator\components\com_nivoslider\config.xml --> ftp3.ftptoyoursite.com /web/content/SITEBACKUP_962012/administrator/components/com_nivoslider config.xml
2012.09.06 15:02 B C:\inetpub\wwwroot\administrator\components\com_nivoslider\controller.php --> ftp3.ftptoyoursite.com /web/content/SITEBACKUP_962012/administrator/components/com_nivoslider controller.php
2012.09.06 15:02 B C:\inetpub\wwwroot\administrator\components\com_nivoslider\index.html --> ftp3.ftptoyoursite.com /web/content/SITEBACKUP_962012/administrator/components/com_nivoslider index.html
2012.09.06 15:02 B C:\inetpub\wwwroot\administrator\components\com_nivoslider\nivoslider.php --> ftp3.ftptoyoursite.com /web/content/SITEBACKUP_962012/administrator/components/com_nivoslider nivoslider.php
2012.09.06 15:02 B C:\inetpub\wwwroot\administrator\components\com_nivoslider\WS_FTP.LOG --> ftp3.ftptoyoursite.com /web/content/SITEBACKUP_962012/administrator/components/com_nivoslider WS_FTP.LOG
2012.09.06 15:45 B C:\inetpub\wwwroot\administrator\components\com_nivoslider\com_nivo_slider.xml <-- Schubert Rackspace /web/content/SITEBACKUP_962012/administrator/components/com_nivoslider com_nivo_slider.xml
2012.09.06 15:45 B C:\inetpub\wwwroot\administrator\components\com_nivoslider\config.xml <-- Schubert Rackspace /web/content/SITEBACKUP_962012/administrator/components/com_nivoslider config.xml
2012.09.06 15:45 B C:\inetpub\wwwroot\administrator\components\com_nivoslider\controller.php <-- Schubert Rackspace /web/content/SITEBACKUP_962012/administrator/components/com_nivoslider controller.php
2012.09.06 15:45 B C:\inetpub\wwwroot\administrator\components\com_nivoslider\nivoslider.php <-- Schubert Rackspace /web/content/SITEBACKUP_962012/administrator/components/com_nivoslider nivoslider.php
2012.10.23 09:06 B C:\inetpub\wwwroot\administrator\components\com_nivoslider\com_nivo_slider.xml --> ftp3.ftptoyoursite.com /web/content/administrator/components/com_nivoslider com_nivo_slider.xml
2012.10.23 09:06 B C:\inetpub\wwwroot\administrator\components\com_nivoslider\config.xml --> ftp3.ftptoyoursite.com /web/content/administrator/components/com_nivoslider config.xml
2012.10.23 09:06 B C:\inetpub\wwwroot\administrator\components\com_nivoslider\controller.php --> ftp3.ftptoyoursite.com /web/content/administrator/components/com_nivoslider controller.php
2012.10.23 09:06 B C:\inetpub\wwwroot\administrator\components\com_nivoslider\index.html --> ftp3.ftptoyoursite.com /web/content/administrator/components/com_nivoslider index.html
2012.10.23 09:06 B C:\inetpub\wwwroot\administrator\components\com_nivoslider\nivoslider.php --> ftp3.ftptoyoursite.com /web/content/administrator/components/com_nivoslider nivoslider.php
2012.10.23 09:06 B C:\inetpub\wwwroot\administrator\components\com_nivoslider\WS_FTP.LOG --> ftp3.ftptoyoursite.com /web/content/administrator/components/com_nivoslider WS_FTP.LOG
2013.02.01 14:42 B C:\inetpub\wwwroot\administrator\components\com_nivoslider\WS_FTP.LOG <-- Schubert Rackspace /web/content/administrator/components/com_nivoslider WS_FTP.LOG
