2012.07.25 12:20 B C:\Users\COBRIEN\Desktop\Schubert\plugins\system\nnframework\fields\colorpicker\color_functions.js <-- Schubert Rackspace /web/content/plugins/system/nnframework/fields/colorpicker color_functions.js
2012.07.25 12:20 B C:\Users\COBRIEN\Desktop\Schubert\plugins\system\nnframework\fields\colorpicker\index.html <-- Schubert Rackspace /web/content/plugins/system/nnframework/fields/colorpicker index.html
2012.07.25 12:20 B C:\Users\COBRIEN\Desktop\Schubert\plugins\system\nnframework\fields\colorpicker\inputbg.gif <-- Schubert Rackspace /web/content/plugins/system/nnframework/fields/colorpicker inputbg.gif
2012.07.25 12:20 B C:\Users\COBRIEN\Desktop\Schubert\plugins\system\nnframework\fields\colorpicker\js_color_picker_v2.css <-- Schubert Rackspace /web/content/plugins/system/nnframework/fields/colorpicker js_color_picker_v2.css
2012.07.25 12:20 B C:\Users\COBRIEN\Desktop\Schubert\plugins\system\nnframework\fields\colorpicker\js_color_picker_v2.js <-- Schubert Rackspace /web/content/plugins/system/nnframework/fields/colorpicker js_color_picker_v2.js
2012.07.25 12:20 B C:\Users\COBRIEN\Desktop\Schubert\plugins\system\nnframework\fields\colorpicker\slider_handle.gif <-- Schubert Rackspace /web/content/plugins/system/nnframework/fields/colorpicker slider_handle.gif
2012.09.04 10:58 B C:\inetpub\wwwroot\plugins\system\nnframework\fields\colorpicker\color_functions.js --> ftp3.ftptoyoursite.com /web/content/SITE-TEST/plugins/system/nnframework/fields/colorpicker color_functions.js
2012.09.04 10:58 B C:\inetpub\wwwroot\plugins\system\nnframework\fields\colorpicker\index.html --> ftp3.ftptoyoursite.com /web/content/SITE-TEST/plugins/system/nnframework/fields/colorpicker index.html
2012.09.04 10:58 B C:\inetpub\wwwroot\plugins\system\nnframework\fields\colorpicker\inputbg.gif --> ftp3.ftptoyoursite.com /web/content/SITE-TEST/plugins/system/nnframework/fields/colorpicker inputbg.gif
2012.09.04 10:58 B C:\inetpub\wwwroot\plugins\system\nnframework\fields\colorpicker\js_color_picker_v2.css --> ftp3.ftptoyoursite.com /web/content/SITE-TEST/plugins/system/nnframework/fields/colorpicker js_color_picker_v2.css
2012.09.04 10:58 B C:\inetpub\wwwroot\plugins\system\nnframework\fields\colorpicker\js_color_picker_v2.js --> ftp3.ftptoyoursite.com /web/content/SITE-TEST/plugins/system/nnframework/fields/colorpicker js_color_picker_v2.js
2012.09.04 10:58 B C:\inetpub\wwwroot\plugins\system\nnframework\fields\colorpicker\slider_handle.gif --> ftp3.ftptoyoursite.com /web/content/SITE-TEST/plugins/system/nnframework/fields/colorpicker slider_handle.gif
2012.09.04 10:58 B C:\inetpub\wwwroot\plugins\system\nnframework\fields\colorpicker\WS_FTP.LOG --> ftp3.ftptoyoursite.com /web/content/SITE-TEST/plugins/system/nnframework/fields/colorpicker WS_FTP.LOG
2012.09.06 15:16 B C:\inetpub\wwwroot\plugins\system\nnframework\fields\colorpicker\color_functions.js --> ftp3.ftptoyoursite.com /web/content/SITEBACKUP_962012/plugins/system/nnframework/fields/colorpicker color_functions.js
2012.09.06 15:16 B C:\inetpub\wwwroot\plugins\system\nnframework\fields\colorpicker\index.html --> ftp3.ftptoyoursite.com /web/content/SITEBACKUP_962012/plugins/system/nnframework/fields/colorpicker index.html
2012.09.06 15:16 B C:\inetpub\wwwroot\plugins\system\nnframework\fields\colorpicker\inputbg.gif --> ftp3.ftptoyoursite.com /web/content/SITEBACKUP_962012/plugins/system/nnframework/fields/colorpicker inputbg.gif
2012.09.06 15:16 B C:\inetpub\wwwroot\plugins\system\nnframework\fields\colorpicker\js_color_picker_v2.css --> ftp3.ftptoyoursite.com /web/content/SITEBACKUP_962012/plugins/system/nnframework/fields/colorpicker js_color_picker_v2.css
2012.09.06 15:16 B C:\inetpub\wwwroot\plugins\system\nnframework\fields\colorpicker\js_color_picker_v2.js --> ftp3.ftptoyoursite.com /web/content/SITEBACKUP_962012/plugins/system/nnframework/fields/colorpicker js_color_picker_v2.js
2012.09.06 15:16 B C:\inetpub\wwwroot\plugins\system\nnframework\fields\colorpicker\slider_handle.gif --> ftp3.ftptoyoursite.com /web/content/SITEBACKUP_962012/plugins/system/nnframework/fields/colorpicker slider_handle.gif
2012.09.06 15:16 B C:\inetpub\wwwroot\plugins\system\nnframework\fields\colorpicker\WS_FTP.LOG --> ftp3.ftptoyoursite.com /web/content/SITEBACKUP_962012/plugins/system/nnframework/fields/colorpicker WS_FTP.LOG
2012.10.23 09:18 B C:\inetpub\wwwroot\plugins\system\nnframework\fields\colorpicker\color_functions.js --> ftp3.ftptoyoursite.com /web/content/plugins/system/nnframework/fields/colorpicker color_functions.js
2012.10.23 09:18 B C:\inetpub\wwwroot\plugins\system\nnframework\fields\colorpicker\index.html --> ftp3.ftptoyoursite.com /web/content/plugins/system/nnframework/fields/colorpicker index.html
2012.10.23 09:18 B C:\inetpub\wwwroot\plugins\system\nnframework\fields\colorpicker\inputbg.gif --> ftp3.ftptoyoursite.com /web/content/plugins/system/nnframework/fields/colorpicker inputbg.gif
2012.10.23 09:18 B C:\inetpub\wwwroot\plugins\system\nnframework\fields\colorpicker\js_color_picker_v2.css --> ftp3.ftptoyoursite.com /web/content/plugins/system/nnframework/fields/colorpicker js_color_picker_v2.css
2012.10.23 09:18 B C:\inetpub\wwwroot\plugins\system\nnframework\fields\colorpicker\js_color_picker_v2.js --> ftp3.ftptoyoursite.com /web/content/plugins/system/nnframework/fields/colorpicker js_color_picker_v2.js
2012.10.23 09:18 B C:\inetpub\wwwroot\plugins\system\nnframework\fields\colorpicker\slider_handle.gif --> ftp3.ftptoyoursite.com /web/content/plugins/system/nnframework/fields/colorpicker slider_handle.gif
2012.10.23 09:18 B C:\inetpub\wwwroot\plugins\system\nnframework\fields\colorpicker\WS_FTP.LOG --> ftp3.ftptoyoursite.com /web/content/plugins/system/nnframework/fields/colorpicker WS_FTP.LOG
2013.02.01 15:04 B C:\inetpub\wwwroot\plugins\system\nnframework\fields\colorpicker\WS_FTP.LOG <-- Schubert Rackspace /web/content/plugins/system/nnframework/fields/colorpicker WS_FTP.LOG
