2013.02.04 11:35 B C:\inetpub\wwwroot\phpMyAdmin\browse_foreigners.php <-- Schubert Rackspace /web/content/db/phpMyAdmin browse_foreigners.php
2013.02.04 11:35 B C:\inetpub\wwwroot\phpMyAdmin\bs_disp_as_mime_type.php <-- Schubert Rackspace /web/content/db/phpMyAdmin bs_disp_as_mime_type.php
2013.02.04 11:35 B C:\inetpub\wwwroot\phpMyAdmin\bs_play_media.php <-- Schubert Rackspace /web/content/db/phpMyAdmin bs_play_media.php
2013.02.04 11:35 B C:\inetpub\wwwroot\phpMyAdmin\ChangeLog <-- Schubert Rackspace /web/content/db/phpMyAdmin ChangeLog
2013.02.04 11:35 B C:\inetpub\wwwroot\phpMyAdmin\changelog.php <-- Schubert Rackspace /web/content/db/phpMyAdmin changelog.php
2013.02.04 11:35 B C:\inetpub\wwwroot\phpMyAdmin\chk_rel.php <-- Schubert Rackspace /web/content/db/phpMyAdmin chk_rel.php
2013.02.04 11:35 B C:\inetpub\wwwroot\phpMyAdmin\config.sample.inc.php <-- Schubert Rackspace /web/content/db/phpMyAdmin config.sample.inc.php
2013.02.04 11:35 B C:\inetpub\wwwroot\phpMyAdmin\db_create.php <-- Schubert Rackspace /web/content/db/phpMyAdmin db_create.php
2013.02.04 11:35 B C:\inetpub\wwwroot\phpMyAdmin\db_datadict.php <-- Schubert Rackspace /web/content/db/phpMyAdmin db_datadict.php
2013.02.04 11:35 B C:\inetpub\wwwroot\phpMyAdmin\db_events.php <-- Schubert Rackspace /web/content/db/phpMyAdmin db_events.php
2013.02.04 11:35 B C:\inetpub\wwwroot\phpMyAdmin\db_export.php <-- Schubert Rackspace /web/content/db/phpMyAdmin db_export.php
2013.02.04 11:35 B C:\inetpub\wwwroot\phpMyAdmin\db_import.php <-- Schubert Rackspace /web/content/db/phpMyAdmin db_import.php
2013.02.04 11:35 B C:\inetpub\wwwroot\phpMyAdmin\db_operations.php <-- Schubert Rackspace /web/content/db/phpMyAdmin db_operations.php
2013.02.04 11:35 B C:\inetpub\wwwroot\phpMyAdmin\db_printview.php <-- Schubert Rackspace /web/content/db/phpMyAdmin db_printview.php
2013.02.04 11:35 B C:\inetpub\wwwroot\phpMyAdmin\db_qbe.php <-- Schubert Rackspace /web/content/db/phpMyAdmin db_qbe.php
2013.02.04 11:35 B C:\inetpub\wwwroot\phpMyAdmin\db_routines.php <-- Schubert Rackspace /web/content/db/phpMyAdmin db_routines.php
2013.02.04 11:35 B C:\inetpub\wwwroot\phpMyAdmin\db_search.php <-- Schubert Rackspace /web/content/db/phpMyAdmin db_search.php
2013.02.04 11:35 B C:\inetpub\wwwroot\phpMyAdmin\db_sql.php <-- Schubert Rackspace /web/content/db/phpMyAdmin db_sql.php
2013.02.04 11:35 B C:\inetpub\wwwroot\phpMyAdmin\db_structure.php <-- Schubert Rackspace /web/content/db/phpMyAdmin db_structure.php
2013.02.04 11:35 B C:\inetpub\wwwroot\phpMyAdmin\db_tracking.php <-- Schubert Rackspace /web/content/db/phpMyAdmin db_tracking.php
2013.02.04 11:35 B C:\inetpub\wwwroot\phpMyAdmin\db_triggers.php <-- Schubert Rackspace /web/content/db/phpMyAdmin db_triggers.php
2013.02.04 11:35 B C:\inetpub\wwwroot\phpMyAdmin\docs.css <-- Schubert Rackspace /web/content/db/phpMyAdmin docs.css
2013.02.04 11:35 B C:\inetpub\wwwroot\phpMyAdmin\Documentation.html <-- Schubert Rackspace /web/content/db/phpMyAdmin Documentation.html
2013.02.04 11:35 B C:\inetpub\wwwroot\phpMyAdmin\Documentation.txt <-- Schubert Rackspace /web/content/db/phpMyAdmin Documentation.txt
2013.02.04 11:35 B C:\inetpub\wwwroot\phpMyAdmin\enum_editor.php <-- Schubert Rackspace /web/content/db/phpMyAdmin enum_editor.php
2013.02.04 11:35 B C:\inetpub\wwwroot\phpMyAdmin\export.php <-- Schubert Rackspace /web/content/db/phpMyAdmin export.php
2013.02.04 11:35 B C:\inetpub\wwwroot\phpMyAdmin\favicon.ico <-- Schubert Rackspace /web/content/db/phpMyAdmin favicon.ico
2013.02.04 11:35 B C:\inetpub\wwwroot\phpMyAdmin\file_echo.php <-- Schubert Rackspace /web/content/db/phpMyAdmin file_echo.php
2013.02.04 11:35 B C:\inetpub\wwwroot\phpMyAdmin\gis_data_editor.php <-- Schubert Rackspace /web/content/db/phpMyAdmin gis_data_editor.php
2013.02.04 11:35 B C:\inetpub\wwwroot\phpMyAdmin\import.php <-- Schubert Rackspace /web/content/db/phpMyAdmin import.php
2013.02.04 11:35 B C:\inetpub\wwwroot\phpMyAdmin\import_status.php <-- Schubert Rackspace /web/content/db/phpMyAdmin import_status.php
2013.02.04 11:35 B C:\inetpub\wwwroot\phpMyAdmin\index.php <-- Schubert Rackspace /web/content/db/phpMyAdmin index.php
2013.02.04 11:35 B C:\inetpub\wwwroot\phpMyAdmin\LICENSE <-- Schubert Rackspace /web/content/db/phpMyAdmin LICENSE
2013.02.04 11:35 B C:\inetpub\wwwroot\phpMyAdmin\license.php <-- Schubert Rackspace /web/content/db/phpMyAdmin license.php
2013.02.04 11:35 B C:\inetpub\wwwroot\phpMyAdmin\main.php <-- Schubert Rackspace /web/content/db/phpMyAdmin main.php
2013.02.04 11:35 B C:\inetpub\wwwroot\phpMyAdmin\navigation.php <-- Schubert Rackspace /web/content/db/phpMyAdmin navigation.php
2013.02.04 11:35 B C:\inetpub\wwwroot\phpMyAdmin\phpinfo.php <-- Schubert Rackspace /web/content/db/phpMyAdmin phpinfo.php
2013.02.04 11:35 B C:\inetpub\wwwroot\phpMyAdmin\phpmyadmin.css.php <-- Schubert Rackspace /web/content/db/phpMyAdmin phpmyadmin.css.php
2013.02.04 11:35 B C:\inetpub\wwwroot\phpMyAdmin\phpunit.xml.nocoverage <-- Schubert Rackspace /web/content/db/phpMyAdmin phpunit.xml.nocoverage
2013.02.04 11:35 B C:\inetpub\wwwroot\phpMyAdmin\pmd_display_field.php <-- Schubert Rackspace /web/content/db/phpMyAdmin pmd_display_field.php
2013.02.04 11:35 B C:\inetpub\wwwroot\phpMyAdmin\pmd_general.php <-- Schubert Rackspace /web/content/db/phpMyAdmin pmd_general.php
2013.02.04 11:35 B C:\inetpub\wwwroot\phpMyAdmin\pmd_pdf.php <-- Schubert Rackspace /web/content/db/phpMyAdmin pmd_pdf.php
2013.02.04 11:35 B C:\inetpub\wwwroot\phpMyAdmin\pmd_relation_new.php <-- Schubert Rackspace /web/content/db/phpMyAdmin pmd_relation_new.php
2013.02.04 11:35 B C:\inetpub\wwwroot\phpMyAdmin\pmd_relation_upd.php <-- Schubert Rackspace /web/content/db/phpMyAdmin pmd_relation_upd.php
2013.02.04 11:35 B C:\inetpub\wwwroot\phpMyAdmin\pmd_save_pos.php <-- Schubert Rackspace /web/content/db/phpMyAdmin pmd_save_pos.php
2013.02.04 11:35 B C:\inetpub\wwwroot\phpMyAdmin\prefs_forms.php <-- Schubert Rackspace /web/content/db/phpMyAdmin prefs_forms.php
2013.02.04 11:35 B C:\inetpub\wwwroot\phpMyAdmin\prefs_manage.php <-- Schubert Rackspace /web/content/db/phpMyAdmin prefs_manage.php
2013.02.04 11:35 B C:\inetpub\wwwroot\phpMyAdmin\print.css <-- Schubert Rackspace /web/content/db/phpMyAdmin print.css
2013.02.04 11:35 B C:\inetpub\wwwroot\phpMyAdmin\querywindow.php <-- Schubert Rackspace /web/content/db/phpMyAdmin querywindow.php
2013.02.04 11:35 B C:\inetpub\wwwroot\phpMyAdmin\README <-- Schubert Rackspace /web/content/db/phpMyAdmin README
2013.02.04 11:35 B C:\inetpub\wwwroot\phpMyAdmin\README.VENDOR <-- Schubert Rackspace /web/content/db/phpMyAdmin README.VENDOR
2013.02.04 11:35 B C:\inetpub\wwwroot\phpMyAdmin\RELEASE-DATE-3.5.6 <-- Schubert Rackspace /web/content/db/phpMyAdmin RELEASE-DATE-3.5.6
2013.02.04 11:35 B C:\inetpub\wwwroot\phpMyAdmin\robots.txt <-- Schubert Rackspace /web/content/db/phpMyAdmin robots.txt
2013.02.04 11:35 B C:\inetpub\wwwroot\phpMyAdmin\schema_edit.php <-- Schubert Rackspace /web/content/db/phpMyAdmin schema_edit.php
2013.02.04 11:35 B C:\inetpub\wwwroot\phpMyAdmin\schema_export.php <-- Schubert Rackspace /web/content/db/phpMyAdmin schema_export.php
2013.02.04 11:35 B C:\inetpub\wwwroot\phpMyAdmin\server_binlog.php <-- Schubert Rackspace /web/content/db/phpMyAdmin server_binlog.php
2013.02.04 11:35 B C:\inetpub\wwwroot\phpMyAdmin\server_collations.php <-- Schubert Rackspace /web/content/db/phpMyAdmin server_collations.php
2013.02.04 11:35 B C:\inetpub\wwwroot\phpMyAdmin\server_databases.php <-- Schubert Rackspace /web/content/db/phpMyAdmin server_databases.php
2013.02.04 11:35 B C:\inetpub\wwwroot\phpMyAdmin\server_engines.php <-- Schubert Rackspace /web/content/db/phpMyAdmin server_engines.php
2013.02.04 11:35 B C:\inetpub\wwwroot\phpMyAdmin\server_export.php <-- Schubert Rackspace /web/content/db/phpMyAdmin server_export.php
2013.02.04 11:35 B C:\inetpub\wwwroot\phpMyAdmin\server_import.php <-- Schubert Rackspace /web/content/db/phpMyAdmin server_import.php
2013.02.04 11:35 B C:\inetpub\wwwroot\phpMyAdmin\server_plugins.php <-- Schubert Rackspace /web/content/db/phpMyAdmin server_plugins.php
2013.02.04 11:35 B C:\inetpub\wwwroot\phpMyAdmin\server_privileges.php <-- Schubert Rackspace /web/content/db/phpMyAdmin server_privileges.php
2013.02.04 11:35 B C:\inetpub\wwwroot\phpMyAdmin\server_replication.php <-- Schubert Rackspace /web/content/db/phpMyAdmin server_replication.php
2013.02.04 11:35 B C:\inetpub\wwwroot\phpMyAdmin\server_sql.php <-- Schubert Rackspace /web/content/db/phpMyAdmin server_sql.php
2013.02.04 11:35 B C:\inetpub\wwwroot\phpMyAdmin\server_status.php <-- Schubert Rackspace /web/content/db/phpMyAdmin server_status.php
2013.02.04 11:35 B C:\inetpub\wwwroot\phpMyAdmin\server_synchronize.php <-- Schubert Rackspace /web/content/db/phpMyAdmin server_synchronize.php
2013.02.04 11:35 B C:\inetpub\wwwroot\phpMyAdmin\server_variables.php <-- Schubert Rackspace /web/content/db/phpMyAdmin server_variables.php
2013.02.04 11:35 B C:\inetpub\wwwroot\phpMyAdmin\show_config_errors.php <-- Schubert Rackspace /web/content/db/phpMyAdmin show_config_errors.php
2013.02.04 11:35 B C:\inetpub\wwwroot\phpMyAdmin\sql.php <-- Schubert Rackspace /web/content/db/phpMyAdmin sql.php
2013.02.04 11:35 B C:\inetpub\wwwroot\phpMyAdmin\tbl_addfield.php <-- Schubert Rackspace /web/content/db/phpMyAdmin tbl_addfield.php
2013.02.04 11:35 B C:\inetpub\wwwroot\phpMyAdmin\tbl_alter.php <-- Schubert Rackspace /web/content/db/phpMyAdmin tbl_alter.php
2013.02.04 11:35 B C:\inetpub\wwwroot\phpMyAdmin\tbl_change.php <-- Schubert Rackspace /web/content/db/phpMyAdmin tbl_change.php
2013.02.04 11:35 B C:\inetpub\wwwroot\phpMyAdmin\tbl_chart.php <-- Schubert Rackspace /web/content/db/phpMyAdmin tbl_chart.php
2013.02.04 11:35 B C:\inetpub\wwwroot\phpMyAdmin\tbl_create.php <-- Schubert Rackspace /web/content/db/phpMyAdmin tbl_create.php
2013.02.04 11:35 B C:\inetpub\wwwroot\phpMyAdmin\tbl_export.php <-- Schubert Rackspace /web/content/db/phpMyAdmin tbl_export.php
2013.02.04 11:35 B C:\inetpub\wwwroot\phpMyAdmin\tbl_get_field.php <-- Schubert Rackspace /web/content/db/phpMyAdmin tbl_get_field.php
2013.02.04 11:35 B C:\inetpub\wwwroot\phpMyAdmin\tbl_gis_visualization.php <-- Schubert Rackspace /web/content/db/phpMyAdmin tbl_gis_visualization.php
2013.02.04 11:35 B C:\inetpub\wwwroot\phpMyAdmin\tbl_import.php <-- Schubert Rackspace /web/content/db/phpMyAdmin tbl_import.php
2013.02.04 11:35 B C:\inetpub\wwwroot\phpMyAdmin\tbl_indexes.php <-- Schubert Rackspace /web/content/db/phpMyAdmin tbl_indexes.php
2013.02.04 11:35 B C:\inetpub\wwwroot\phpMyAdmin\tbl_move_copy.php <-- Schubert Rackspace /web/content/db/phpMyAdmin tbl_move_copy.php
2013.02.04 11:35 B C:\inetpub\wwwroot\phpMyAdmin\tbl_operations.php <-- Schubert Rackspace /web/content/db/phpMyAdmin tbl_operations.php
2013.02.04 11:35 B C:\inetpub\wwwroot\phpMyAdmin\tbl_printview.php <-- Schubert Rackspace /web/content/db/phpMyAdmin tbl_printview.php
2013.02.04 11:35 B C:\inetpub\wwwroot\phpMyAdmin\tbl_relation.php <-- Schubert Rackspace /web/content/db/phpMyAdmin tbl_relation.php
2013.02.04 11:35 B C:\inetpub\wwwroot\phpMyAdmin\tbl_replace.php <-- Schubert Rackspace /web/content/db/phpMyAdmin tbl_replace.php
2013.02.04 11:35 B C:\inetpub\wwwroot\phpMyAdmin\tbl_row_action.php <-- Schubert Rackspace /web/content/db/phpMyAdmin tbl_row_action.php
2013.02.04 11:35 B C:\inetpub\wwwroot\phpMyAdmin\tbl_select.php <-- Schubert Rackspace /web/content/db/phpMyAdmin tbl_select.php
2013.02.04 11:35 B C:\inetpub\wwwroot\phpMyAdmin\tbl_sql.php <-- Schubert Rackspace /web/content/db/phpMyAdmin tbl_sql.php
2013.02.04 11:35 B C:\inetpub\wwwroot\phpMyAdmin\tbl_structure.php <-- Schubert Rackspace /web/content/db/phpMyAdmin tbl_structure.php
2013.02.04 11:35 B C:\inetpub\wwwroot\phpMyAdmin\tbl_tracking.php <-- Schubert Rackspace /web/content/db/phpMyAdmin tbl_tracking.php
2013.02.04 11:35 B C:\inetpub\wwwroot\phpMyAdmin\tbl_triggers.php <-- Schubert Rackspace /web/content/db/phpMyAdmin tbl_triggers.php
2013.02.04 11:35 B C:\inetpub\wwwroot\phpMyAdmin\tbl_zoom_select.php <-- Schubert Rackspace /web/content/db/phpMyAdmin tbl_zoom_select.php
2013.02.04 11:35 B C:\inetpub\wwwroot\phpMyAdmin\themes.php <-- Schubert Rackspace /web/content/db/phpMyAdmin themes.php
2013.02.04 11:35 B C:\inetpub\wwwroot\phpMyAdmin\transformation_overview.php <-- Schubert Rackspace /web/content/db/phpMyAdmin transformation_overview.php
2013.02.04 11:35 B C:\inetpub\wwwroot\phpMyAdmin\transformation_wrapper.php <-- Schubert Rackspace /web/content/db/phpMyAdmin transformation_wrapper.php
2013.02.04 11:35 B C:\inetpub\wwwroot\phpMyAdmin\url.php <-- Schubert Rackspace /web/content/db/phpMyAdmin url.php
2013.02.04 11:35 B C:\inetpub\wwwroot\phpMyAdmin\user_password.php <-- Schubert Rackspace /web/content/db/phpMyAdmin user_password.php
2013.02.04 11:35 B C:\inetpub\wwwroot\phpMyAdmin\version_check.php <-- Schubert Rackspace /web/content/db/phpMyAdmin version_check.php
2013.02.04 11:35 B C:\inetpub\wwwroot\phpMyAdmin\view_create.php <-- Schubert Rackspace /web/content/db/phpMyAdmin view_create.php
2013.02.04 11:35 B C:\inetpub\wwwroot\phpMyAdmin\view_operations.php <-- Schubert Rackspace /web/content/db/phpMyAdmin view_operations.php
2013.02.04 11:35 B C:\inetpub\wwwroot\phpMyAdmin\webapp.php <-- Schubert Rackspace /web/content/db/phpMyAdmin webapp.php
