2012.07.25 12:17 B C:\Users\COBRIEN\Desktop\Schubert\libraries\joomla\document\html\renderer\component.php <-- Schubert Rackspace /web/content/libraries/joomla/document/html/renderer component.php
2012.07.25 12:17 B C:\Users\COBRIEN\Desktop\Schubert\libraries\joomla\document\html\renderer\head.php <-- Schubert Rackspace /web/content/libraries/joomla/document/html/renderer head.php
2012.07.25 12:17 B C:\Users\COBRIEN\Desktop\Schubert\libraries\joomla\document\html\renderer\index.html <-- Schubert Rackspace /web/content/libraries/joomla/document/html/renderer index.html
2012.07.25 12:17 B C:\Users\COBRIEN\Desktop\Schubert\libraries\joomla\document\html\renderer\message.php <-- Schubert Rackspace /web/content/libraries/joomla/document/html/renderer message.php
2012.07.25 12:17 B C:\Users\COBRIEN\Desktop\Schubert\libraries\joomla\document\html\renderer\module.php <-- Schubert Rackspace /web/content/libraries/joomla/document/html/renderer module.php
2012.07.25 12:17 B C:\Users\COBRIEN\Desktop\Schubert\libraries\joomla\document\html\renderer\modules.php <-- Schubert Rackspace /web/content/libraries/joomla/document/html/renderer modules.php
2012.09.04 10:54 B C:\inetpub\wwwroot\libraries\joomla\document\html\renderer\component.php --> ftp3.ftptoyoursite.com /web/content/SITE-TEST/libraries/joomla/document/html/renderer component.php
2012.09.04 10:54 B C:\inetpub\wwwroot\libraries\joomla\document\html\renderer\head.php --> ftp3.ftptoyoursite.com /web/content/SITE-TEST/libraries/joomla/document/html/renderer head.php
2012.09.04 10:54 B C:\inetpub\wwwroot\libraries\joomla\document\html\renderer\index.html --> ftp3.ftptoyoursite.com /web/content/SITE-TEST/libraries/joomla/document/html/renderer index.html
2012.09.04 10:54 B C:\inetpub\wwwroot\libraries\joomla\document\html\renderer\message.php --> ftp3.ftptoyoursite.com /web/content/SITE-TEST/libraries/joomla/document/html/renderer message.php
2012.09.04 10:54 B C:\inetpub\wwwroot\libraries\joomla\document\html\renderer\module.php --> ftp3.ftptoyoursite.com /web/content/SITE-TEST/libraries/joomla/document/html/renderer module.php
2012.09.04 10:54 B C:\inetpub\wwwroot\libraries\joomla\document\html\renderer\modules.php --> ftp3.ftptoyoursite.com /web/content/SITE-TEST/libraries/joomla/document/html/renderer modules.php
2012.09.04 10:54 B C:\inetpub\wwwroot\libraries\joomla\document\html\renderer\WS_FTP.LOG --> ftp3.ftptoyoursite.com /web/content/SITE-TEST/libraries/joomla/document/html/renderer WS_FTP.LOG
2012.09.06 15:12 B C:\inetpub\wwwroot\libraries\joomla\document\html\renderer\component.php --> ftp3.ftptoyoursite.com /web/content/SITEBACKUP_962012/libraries/joomla/document/html/renderer component.php
2012.09.06 15:12 B C:\inetpub\wwwroot\libraries\joomla\document\html\renderer\head.php --> ftp3.ftptoyoursite.com /web/content/SITEBACKUP_962012/libraries/joomla/document/html/renderer head.php
2012.09.06 15:12 B C:\inetpub\wwwroot\libraries\joomla\document\html\renderer\index.html --> ftp3.ftptoyoursite.com /web/content/SITEBACKUP_962012/libraries/joomla/document/html/renderer index.html
2012.09.06 15:12 B C:\inetpub\wwwroot\libraries\joomla\document\html\renderer\message.php --> ftp3.ftptoyoursite.com /web/content/SITEBACKUP_962012/libraries/joomla/document/html/renderer message.php
2012.09.06 15:12 B C:\inetpub\wwwroot\libraries\joomla\document\html\renderer\module.php --> ftp3.ftptoyoursite.com /web/content/SITEBACKUP_962012/libraries/joomla/document/html/renderer module.php
2012.09.06 15:12 B C:\inetpub\wwwroot\libraries\joomla\document\html\renderer\modules.php --> ftp3.ftptoyoursite.com /web/content/SITEBACKUP_962012/libraries/joomla/document/html/renderer modules.php
2012.09.06 15:12 B C:\inetpub\wwwroot\libraries\joomla\document\html\renderer\WS_FTP.LOG --> ftp3.ftptoyoursite.com /web/content/SITEBACKUP_962012/libraries/joomla/document/html/renderer WS_FTP.LOG
2012.09.06 15:29 B C:\inetpub\wwwroot\libraries\joomla\document\html\renderer\head.php <-- Schubert Rackspace /web/content/libraries/joomla/document/html/renderer head.php
2012.09.06 15:41 B C:\inetpub\wwwroot\libraries\joomla\document\html\renderer\head.php <-- Schubert Rackspace /web/content/libraries/joomla/document/html/renderer head.php
2012.09.06 16:01 B C:\inetpub\wwwroot\libraries\joomla\document\html\renderer\head.php <-- Schubert Rackspace /web/content/libraries/joomla/document/html/renderer head.php
2012.09.06 16:03 B C:\inetpub\wwwroot\libraries\joomla\document\html\renderer\head.php <-- Schubert Rackspace /web/content/libraries/joomla/document/html/renderer head.php
2012.09.06 16:03 B C:\inetpub\wwwroot\libraries\joomla\document\html\renderer\head.php <-- Schubert Rackspace /web/content/libraries/joomla/document/html/renderer head.php
2012.09.06 16:05 B C:\inetpub\wwwroot\libraries\joomla\document\html\renderer\head.php <-- Schubert Rackspace /web/content/libraries/joomla/document/html/renderer head.php
2012.09.06 16:07 B C:\inetpub\wwwroot\libraries\joomla\document\html\renderer\head.php <-- Schubert Rackspace /web/content/libraries/joomla/document/html/renderer head.php
2012.09.06 16:48 B C:\inetpub\wwwroot\libraries\joomla\document\html\renderer\head.php <-- Schubert Rackspace /web/content/libraries/joomla/document/html/renderer head.php
2012.10.23 09:15 B C:\inetpub\wwwroot\libraries\joomla\document\html\renderer\component.php --> ftp3.ftptoyoursite.com /web/content/libraries/joomla/document/html/renderer component.php
2012.10.23 09:15 B C:\inetpub\wwwroot\libraries\joomla\document\html\renderer\head.php --> ftp3.ftptoyoursite.com /web/content/libraries/joomla/document/html/renderer head.php
2012.10.23 09:15 B C:\inetpub\wwwroot\libraries\joomla\document\html\renderer\index.html --> ftp3.ftptoyoursite.com /web/content/libraries/joomla/document/html/renderer index.html
2012.10.23 09:15 B C:\inetpub\wwwroot\libraries\joomla\document\html\renderer\message.php --> ftp3.ftptoyoursite.com /web/content/libraries/joomla/document/html/renderer message.php
2012.10.23 09:15 B C:\inetpub\wwwroot\libraries\joomla\document\html\renderer\module.php --> ftp3.ftptoyoursite.com /web/content/libraries/joomla/document/html/renderer module.php
2012.10.23 09:15 B C:\inetpub\wwwroot\libraries\joomla\document\html\renderer\modules.php --> ftp3.ftptoyoursite.com /web/content/libraries/joomla/document/html/renderer modules.php
2012.10.23 09:15 B C:\inetpub\wwwroot\libraries\joomla\document\html\renderer\WS_FTP.LOG --> ftp3.ftptoyoursite.com /web/content/libraries/joomla/document/html/renderer WS_FTP.LOG
2013.02.01 14:54 B C:\inetpub\wwwroot\libraries\joomla\document\html\renderer\WS_FTP.LOG <-- Schubert Rackspace /web/content/libraries/joomla/document/html/renderer WS_FTP.LOG
