2012.07.25 12:13 B C:\Users\COBRIEN\Desktop\Schubert\administrator\modules\mod_submenu\helper.php <-- Schubert Rackspace /web/content/administrator/modules/mod_submenu helper.php
2012.07.25 12:13 B C:\Users\COBRIEN\Desktop\Schubert\administrator\modules\mod_submenu\index.html <-- Schubert Rackspace /web/content/administrator/modules/mod_submenu index.html
2012.07.25 12:13 B C:\Users\COBRIEN\Desktop\Schubert\administrator\modules\mod_submenu\mod_submenu.php <-- Schubert Rackspace /web/content/administrator/modules/mod_submenu mod_submenu.php
2012.07.25 12:13 B C:\Users\COBRIEN\Desktop\Schubert\administrator\modules\mod_submenu\mod_submenu.xml <-- Schubert Rackspace /web/content/administrator/modules/mod_submenu mod_submenu.xml
2012.09.04 10:47 B C:\inetpub\wwwroot\administrator\modules\mod_submenu\helper.php --> ftp3.ftptoyoursite.com /web/content/SITE-TEST/administrator/modules/mod_submenu helper.php
2012.09.04 10:48 B C:\inetpub\wwwroot\administrator\modules\mod_submenu\index.html --> ftp3.ftptoyoursite.com /web/content/SITE-TEST/administrator/modules/mod_submenu index.html
2012.09.04 10:48 B C:\inetpub\wwwroot\administrator\modules\mod_submenu\mod_submenu.php --> ftp3.ftptoyoursite.com /web/content/SITE-TEST/administrator/modules/mod_submenu mod_submenu.php
2012.09.04 10:48 B C:\inetpub\wwwroot\administrator\modules\mod_submenu\mod_submenu.xml --> ftp3.ftptoyoursite.com /web/content/SITE-TEST/administrator/modules/mod_submenu mod_submenu.xml
2012.09.04 10:48 B C:\inetpub\wwwroot\administrator\modules\mod_submenu\WS_FTP.LOG --> ftp3.ftptoyoursite.com /web/content/SITE-TEST/administrator/modules/mod_submenu WS_FTP.LOG
2012.09.06 15:05 B C:\inetpub\wwwroot\administrator\modules\mod_submenu\helper.php --> ftp3.ftptoyoursite.com /web/content/SITEBACKUP_962012/administrator/modules/mod_submenu helper.php
2012.09.06 15:05 B C:\inetpub\wwwroot\administrator\modules\mod_submenu\index.html --> ftp3.ftptoyoursite.com /web/content/SITEBACKUP_962012/administrator/modules/mod_submenu index.html
2012.09.06 15:05 B C:\inetpub\wwwroot\administrator\modules\mod_submenu\mod_submenu.php --> ftp3.ftptoyoursite.com /web/content/SITEBACKUP_962012/administrator/modules/mod_submenu mod_submenu.php
2012.09.06 15:05 B C:\inetpub\wwwroot\administrator\modules\mod_submenu\mod_submenu.xml --> ftp3.ftptoyoursite.com /web/content/SITEBACKUP_962012/administrator/modules/mod_submenu mod_submenu.xml
2012.09.06 15:05 B C:\inetpub\wwwroot\administrator\modules\mod_submenu\WS_FTP.LOG --> ftp3.ftptoyoursite.com /web/content/SITEBACKUP_962012/administrator/modules/mod_submenu WS_FTP.LOG
2012.09.06 15:47 B C:\inetpub\wwwroot\administrator\modules\mod_submenu\helper.php <-- Schubert Rackspace /web/content/SITEBACKUP_962012/administrator/modules/mod_submenu helper.php
2012.09.06 15:47 B C:\inetpub\wwwroot\administrator\modules\mod_submenu\index.html <-- Schubert Rackspace /web/content/SITEBACKUP_962012/administrator/modules/mod_submenu index.html
2012.09.06 15:47 B C:\inetpub\wwwroot\administrator\modules\mod_submenu\mod_submenu.php <-- Schubert Rackspace /web/content/SITEBACKUP_962012/administrator/modules/mod_submenu mod_submenu.php
2012.09.06 15:47 B C:\inetpub\wwwroot\administrator\modules\mod_submenu\mod_submenu.xml <-- Schubert Rackspace /web/content/SITEBACKUP_962012/administrator/modules/mod_submenu mod_submenu.xml
2012.10.23 09:09 B C:\inetpub\wwwroot\administrator\modules\mod_submenu\helper.php --> ftp3.ftptoyoursite.com /web/content/administrator/modules/mod_submenu helper.php
2012.10.23 09:09 B C:\inetpub\wwwroot\administrator\modules\mod_submenu\index.html --> ftp3.ftptoyoursite.com /web/content/administrator/modules/mod_submenu index.html
2012.10.23 09:09 B C:\inetpub\wwwroot\administrator\modules\mod_submenu\mod_submenu.php --> ftp3.ftptoyoursite.com /web/content/administrator/modules/mod_submenu mod_submenu.php
2012.10.23 09:09 B C:\inetpub\wwwroot\administrator\modules\mod_submenu\mod_submenu.xml --> ftp3.ftptoyoursite.com /web/content/administrator/modules/mod_submenu mod_submenu.xml
2012.10.23 09:09 B C:\inetpub\wwwroot\administrator\modules\mod_submenu\WS_FTP.LOG --> ftp3.ftptoyoursite.com /web/content/administrator/modules/mod_submenu WS_FTP.LOG
2013.02.01 14:45 B C:\inetpub\wwwroot\administrator\modules\mod_submenu\WS_FTP.LOG <-- Schubert Rackspace /web/content/administrator/modules/mod_submenu WS_FTP.LOG
