2012.07.25 12:16 B C:\Users\COBRIEN\Desktop\Schubert\components\com_weblinks\models\categories.php <-- Schubert Rackspace /web/content/components/com_weblinks/models categories.php
2012.07.25 12:16 B C:\Users\COBRIEN\Desktop\Schubert\components\com_weblinks\models\category.php <-- Schubert Rackspace /web/content/components/com_weblinks/models category.php
2012.07.25 12:16 B C:\Users\COBRIEN\Desktop\Schubert\components\com_weblinks\models\form.php <-- Schubert Rackspace /web/content/components/com_weblinks/models form.php
2012.07.25 12:16 B C:\Users\COBRIEN\Desktop\Schubert\components\com_weblinks\models\index.html <-- Schubert Rackspace /web/content/components/com_weblinks/models index.html
2012.07.25 12:16 B C:\Users\COBRIEN\Desktop\Schubert\components\com_weblinks\models\weblink.php <-- Schubert Rackspace /web/content/components/com_weblinks/models weblink.php
2012.09.04 10:52 B C:\inetpub\wwwroot\components\com_weblinks\models\categories.php --> ftp3.ftptoyoursite.com /web/content/SITE-TEST/components/com_weblinks/models categories.php
2012.09.04 10:52 B C:\inetpub\wwwroot\components\com_weblinks\models\category.php --> ftp3.ftptoyoursite.com /web/content/SITE-TEST/components/com_weblinks/models category.php
2012.09.04 10:52 B C:\inetpub\wwwroot\components\com_weblinks\models\form.php --> ftp3.ftptoyoursite.com /web/content/SITE-TEST/components/com_weblinks/models form.php
2012.09.04 10:52 B C:\inetpub\wwwroot\components\com_weblinks\models\index.html --> ftp3.ftptoyoursite.com /web/content/SITE-TEST/components/com_weblinks/models index.html
2012.09.04 10:52 B C:\inetpub\wwwroot\components\com_weblinks\models\weblink.php --> ftp3.ftptoyoursite.com /web/content/SITE-TEST/components/com_weblinks/models weblink.php
2012.09.04 10:52 B C:\inetpub\wwwroot\components\com_weblinks\models\WS_FTP.LOG --> ftp3.ftptoyoursite.com /web/content/SITE-TEST/components/com_weblinks/models WS_FTP.LOG
2012.09.06 15:09 B C:\inetpub\wwwroot\components\com_weblinks\models\categories.php --> ftp3.ftptoyoursite.com /web/content/SITEBACKUP_962012/components/com_weblinks/models categories.php
2012.09.06 15:09 B C:\inetpub\wwwroot\components\com_weblinks\models\category.php --> ftp3.ftptoyoursite.com /web/content/SITEBACKUP_962012/components/com_weblinks/models category.php
2012.09.06 15:09 B C:\inetpub\wwwroot\components\com_weblinks\models\form.php --> ftp3.ftptoyoursite.com /web/content/SITEBACKUP_962012/components/com_weblinks/models form.php
2012.09.06 15:09 B C:\inetpub\wwwroot\components\com_weblinks\models\index.html --> ftp3.ftptoyoursite.com /web/content/SITEBACKUP_962012/components/com_weblinks/models index.html
2012.09.06 15:09 B C:\inetpub\wwwroot\components\com_weblinks\models\weblink.php --> ftp3.ftptoyoursite.com /web/content/SITEBACKUP_962012/components/com_weblinks/models weblink.php
2012.09.06 15:09 B C:\inetpub\wwwroot\components\com_weblinks\models\WS_FTP.LOG --> ftp3.ftptoyoursite.com /web/content/SITEBACKUP_962012/components/com_weblinks/models WS_FTP.LOG
2012.09.06 15:49 B C:\inetpub\wwwroot\components\com_weblinks\models\categories.php <-- Schubert Rackspace /web/content/SITEBACKUP_962012/components/com_weblinks/models categories.php
2012.09.06 15:49 B C:\inetpub\wwwroot\components\com_weblinks\models\category.php <-- Schubert Rackspace /web/content/SITEBACKUP_962012/components/com_weblinks/models category.php
2012.09.06 15:49 B C:\inetpub\wwwroot\components\com_weblinks\models\form.php <-- Schubert Rackspace /web/content/SITEBACKUP_962012/components/com_weblinks/models form.php
2012.09.06 15:49 B C:\inetpub\wwwroot\components\com_weblinks\models\index.html <-- Schubert Rackspace /web/content/SITEBACKUP_962012/components/com_weblinks/models index.html
2012.09.06 15:49 B C:\inetpub\wwwroot\components\com_weblinks\models\weblink.php <-- Schubert Rackspace /web/content/SITEBACKUP_962012/components/com_weblinks/models weblink.php
2012.10.23 09:13 B C:\inetpub\wwwroot\components\com_weblinks\models\categories.php --> ftp3.ftptoyoursite.com /web/content/components/com_weblinks/models categories.php
2012.10.23 09:13 B C:\inetpub\wwwroot\components\com_weblinks\models\category.php --> ftp3.ftptoyoursite.com /web/content/components/com_weblinks/models category.php
2012.10.23 09:13 B C:\inetpub\wwwroot\components\com_weblinks\models\form.php --> ftp3.ftptoyoursite.com /web/content/components/com_weblinks/models form.php
2012.10.23 09:13 B C:\inetpub\wwwroot\components\com_weblinks\models\index.html --> ftp3.ftptoyoursite.com /web/content/components/com_weblinks/models index.html
2012.10.23 09:13 B C:\inetpub\wwwroot\components\com_weblinks\models\weblink.php --> ftp3.ftptoyoursite.com /web/content/components/com_weblinks/models weblink.php
2012.10.23 09:13 B C:\inetpub\wwwroot\components\com_weblinks\models\WS_FTP.LOG --> ftp3.ftptoyoursite.com /web/content/components/com_weblinks/models WS_FTP.LOG
2013.02.01 14:50 B C:\inetpub\wwwroot\components\com_weblinks\models\WS_FTP.LOG <-- Schubert Rackspace /web/content/components/com_weblinks/models WS_FTP.LOG
