2012.07.25 12:20 B C:\Users\COBRIEN\Desktop\Schubert\plugins\system\ariextensions\ariextensions.php <-- Schubert Rackspace /web/content/plugins/system/ariextensions ariextensions.php
2012.07.25 12:20 B C:\Users\COBRIEN\Desktop\Schubert\plugins\system\ariextensions\ariextensions.xml <-- Schubert Rackspace /web/content/plugins/system/ariextensions ariextensions.xml
2012.07.25 12:20 B C:\Users\COBRIEN\Desktop\Schubert\plugins\system\ariextensions\index.html <-- Schubert Rackspace /web/content/plugins/system/ariextensions index.html
2012.07.25 12:20 B C:\Users\COBRIEN\Desktop\Schubert\plugins\system\ariextensions\script.php <-- Schubert Rackspace /web/content/plugins/system/ariextensions script.php
2012.09.04 10:58 B C:\inetpub\wwwroot\plugins\system\ariextensions\ariextensions.php --> ftp3.ftptoyoursite.com /web/content/SITE-TEST/plugins/system/ariextensions ariextensions.php
2012.09.04 10:58 B C:\inetpub\wwwroot\plugins\system\ariextensions\ariextensions.xml --> ftp3.ftptoyoursite.com /web/content/SITE-TEST/plugins/system/ariextensions ariextensions.xml
2012.09.04 10:58 B C:\inetpub\wwwroot\plugins\system\ariextensions\index.html --> ftp3.ftptoyoursite.com /web/content/SITE-TEST/plugins/system/ariextensions index.html
2012.09.04 10:58 B C:\inetpub\wwwroot\plugins\system\ariextensions\script.php --> ftp3.ftptoyoursite.com /web/content/SITE-TEST/plugins/system/ariextensions script.php
2012.09.04 10:58 B C:\inetpub\wwwroot\plugins\system\ariextensions\WS_FTP.LOG --> ftp3.ftptoyoursite.com /web/content/SITE-TEST/plugins/system/ariextensions WS_FTP.LOG
2012.09.06 15:16 B C:\inetpub\wwwroot\plugins\system\ariextensions\ariextensions.php --> ftp3.ftptoyoursite.com /web/content/SITEBACKUP_962012/plugins/system/ariextensions ariextensions.php
2012.09.06 15:16 B C:\inetpub\wwwroot\plugins\system\ariextensions\ariextensions.xml --> ftp3.ftptoyoursite.com /web/content/SITEBACKUP_962012/plugins/system/ariextensions ariextensions.xml
2012.09.06 15:16 B C:\inetpub\wwwroot\plugins\system\ariextensions\index.html --> ftp3.ftptoyoursite.com /web/content/SITEBACKUP_962012/plugins/system/ariextensions index.html
2012.09.06 15:16 B C:\inetpub\wwwroot\plugins\system\ariextensions\script.php --> ftp3.ftptoyoursite.com /web/content/SITEBACKUP_962012/plugins/system/ariextensions script.php
2012.09.06 15:16 B C:\inetpub\wwwroot\plugins\system\ariextensions\WS_FTP.LOG --> ftp3.ftptoyoursite.com /web/content/SITEBACKUP_962012/plugins/system/ariextensions WS_FTP.LOG
2012.10.23 09:18 B C:\inetpub\wwwroot\plugins\system\ariextensions\ariextensions.php --> ftp3.ftptoyoursite.com /web/content/plugins/system/ariextensions ariextensions.php
2012.10.23 09:18 B C:\inetpub\wwwroot\plugins\system\ariextensions\ariextensions.xml --> ftp3.ftptoyoursite.com /web/content/plugins/system/ariextensions ariextensions.xml
2012.10.23 09:18 B C:\inetpub\wwwroot\plugins\system\ariextensions\index.html --> ftp3.ftptoyoursite.com /web/content/plugins/system/ariextensions index.html
2012.10.23 09:18 B C:\inetpub\wwwroot\plugins\system\ariextensions\script.php --> ftp3.ftptoyoursite.com /web/content/plugins/system/ariextensions script.php
2012.10.23 09:18 B C:\inetpub\wwwroot\plugins\system\ariextensions\WS_FTP.LOG --> ftp3.ftptoyoursite.com /web/content/plugins/system/ariextensions WS_FTP.LOG
2013.02.01 15:04 B C:\inetpub\wwwroot\plugins\system\ariextensions\WS_FTP.LOG <-- Schubert Rackspace /web/content/plugins/system/ariextensions WS_FTP.LOG
