2012.08.27 15:26 B C:\inetpub\wwwroot\zoommap\images\backArrow.png <-- Schubert Rackspace /web/content/zoommap/images backArrow.png
2012.08.27 15:26 B C:\inetpub\wwwroot\zoommap\images\blank.png <-- Schubert Rackspace /web/content/zoommap/images blank.png
2012.08.27 15:26 B C:\inetpub\wwwroot\zoommap\images\euroMap.png <-- Schubert Rackspace /web/content/zoommap/images euroMap.png
2012.08.27 15:26 B C:\inetpub\wwwroot\zoommap\images\pin.png <-- Schubert Rackspace /web/content/zoommap/images pin.png
2012.08.27 15:26 B C:\inetpub\wwwroot\zoommap\images\popupBG.png <-- Schubert Rackspace /web/content/zoommap/images popupBG.png
2012.08.27 15:26 B C:\inetpub\wwwroot\zoommap\images\backArrow.png <-- Schubert Rackspace /web/content/zoommap/images backArrow.png
2012.08.27 15:26 B C:\inetpub\wwwroot\zoommap\images\blank.png <-- Schubert Rackspace /web/content/zoommap/images blank.png
2012.08.27 15:26 B C:\inetpub\wwwroot\zoommap\images\euroMap.png <-- Schubert Rackspace /web/content/zoommap/images euroMap.png
2012.08.27 15:26 B C:\inetpub\wwwroot\zoommap\images\pin.png <-- Schubert Rackspace /web/content/zoommap/images pin.png
2012.08.27 15:26 B C:\inetpub\wwwroot\zoommap\images\popupBG.png <-- Schubert Rackspace /web/content/zoommap/images popupBG.png
2012.09.04 10:58 B C:\inetpub\wwwroot\zoommap\images\backArrow.png --> ftp3.ftptoyoursite.com /web/content/SITE-TEST/zoommap/images backArrow.png
2012.09.04 10:58 B C:\inetpub\wwwroot\zoommap\images\blank.png --> ftp3.ftptoyoursite.com /web/content/SITE-TEST/zoommap/images blank.png
2012.09.04 10:58 B C:\inetpub\wwwroot\zoommap\images\euroMap.png --> ftp3.ftptoyoursite.com /web/content/SITE-TEST/zoommap/images euroMap.png
2012.09.04 10:58 B C:\inetpub\wwwroot\zoommap\images\na_euroMap.png --> ftp3.ftptoyoursite.com /web/content/SITE-TEST/zoommap/images na_euroMap.png
2012.09.04 10:58 B C:\inetpub\wwwroot\zoommap\images\pin.png --> ftp3.ftptoyoursite.com /web/content/SITE-TEST/zoommap/images pin.png
2012.09.04 10:58 B C:\inetpub\wwwroot\zoommap\images\popupBG.png --> ftp3.ftptoyoursite.com /web/content/SITE-TEST/zoommap/images popupBG.png
2012.10.11 12:31 B C:\inetpub\wwwroot\zoommap\images\WS_FTP.LOG <-- Schubert Rackspace /web/content/zoommap/images WS_FTP.LOG
2012.10.11 12:31 B C:\inetpub\wwwroot\zoommap\images\zoomicon.png <-- Schubert Rackspace /web/content/zoommap/images zoomicon.png
2012.10.23 09:20 B C:\inetpub\wwwroot\zoommap\images\backArrow.png --> ftp3.ftptoyoursite.com /web/content/zoommap/images backArrow.png
2012.10.23 09:20 B C:\inetpub\wwwroot\zoommap\images\blank.png --> ftp3.ftptoyoursite.com /web/content/zoommap/images blank.png
2012.10.23 09:20 B C:\inetpub\wwwroot\zoommap\images\euroMap.png --> ftp3.ftptoyoursite.com /web/content/zoommap/images euroMap.png
2012.10.23 09:20 B C:\inetpub\wwwroot\zoommap\images\na_euroMap copy.png --> ftp3.ftptoyoursite.com /web/content/zoommap/images na_euroMap copy.png
2012.10.23 09:20 B C:\inetpub\wwwroot\zoommap\images\na_euroMap.png --> ftp3.ftptoyoursite.com /web/content/zoommap/images na_euroMap.png
2012.10.23 09:20 B C:\inetpub\wwwroot\zoommap\images\pin.png --> ftp3.ftptoyoursite.com /web/content/zoommap/images pin.png
2012.10.23 09:20 B C:\inetpub\wwwroot\zoommap\images\popupBG.png --> ftp3.ftptoyoursite.com /web/content/zoommap/images popupBG.png
2012.10.23 09:20 B C:\inetpub\wwwroot\zoommap\images\WS_FTP.LOG --> ftp3.ftptoyoursite.com /web/content/zoommap/images WS_FTP.LOG
2012.10.23 09:20 B C:\inetpub\wwwroot\zoommap\images\zoomicon.png --> ftp3.ftptoyoursite.com /web/content/zoommap/images zoomicon.png
2013.02.01 15:06 B C:\inetpub\wwwroot\zoommap\images\WS_FTP.LOG <-- Schubert Rackspace /web/content/zoommap/images WS_FTP.LOG
2013.02.01 15:06 B C:\inetpub\wwwroot\zoommap\images\zoomicon.png <-- Schubert Rackspace /web/content/zoommap/images zoomicon.png
