2012.07.25 12:18 B C:\Users\COBRIEN\Desktop\Schubert\media\editors\codemirror\css\codemirror.css <-- Schubert Rackspace /web/content/media/editors/codemirror/css codemirror.css
2012.07.25 12:18 B C:\Users\COBRIEN\Desktop\Schubert\media\editors\codemirror\css\csscolors.css <-- Schubert Rackspace /web/content/media/editors/codemirror/css csscolors.css
2012.07.25 12:18 B C:\Users\COBRIEN\Desktop\Schubert\media\editors\codemirror\css\index.html <-- Schubert Rackspace /web/content/media/editors/codemirror/css index.html
2012.07.25 12:18 B C:\Users\COBRIEN\Desktop\Schubert\media\editors\codemirror\css\jscolors.css <-- Schubert Rackspace /web/content/media/editors/codemirror/css jscolors.css
2012.07.25 12:18 B C:\Users\COBRIEN\Desktop\Schubert\media\editors\codemirror\css\phpcolors.css <-- Schubert Rackspace /web/content/media/editors/codemirror/css phpcolors.css
2012.07.25 12:18 B C:\Users\COBRIEN\Desktop\Schubert\media\editors\codemirror\css\sparqlcolors.css <-- Schubert Rackspace /web/content/media/editors/codemirror/css sparqlcolors.css
2012.07.25 12:18 B C:\Users\COBRIEN\Desktop\Schubert\media\editors\codemirror\css\xmlcolors.css <-- Schubert Rackspace /web/content/media/editors/codemirror/css xmlcolors.css
2012.09.04 10:54 B C:\inetpub\wwwroot\media\editors\codemirror\css\codemirror.css --> ftp3.ftptoyoursite.com /web/content/SITE-TEST/media/editors/codemirror/css codemirror.css
2012.09.04 10:54 B C:\inetpub\wwwroot\media\editors\codemirror\css\csscolors.css --> ftp3.ftptoyoursite.com /web/content/SITE-TEST/media/editors/codemirror/css csscolors.css
2012.09.04 10:54 B C:\inetpub\wwwroot\media\editors\codemirror\css\index.html --> ftp3.ftptoyoursite.com /web/content/SITE-TEST/media/editors/codemirror/css index.html
2012.09.04 10:54 B C:\inetpub\wwwroot\media\editors\codemirror\css\jscolors.css --> ftp3.ftptoyoursite.com /web/content/SITE-TEST/media/editors/codemirror/css jscolors.css
2012.09.04 10:54 B C:\inetpub\wwwroot\media\editors\codemirror\css\phpcolors.css --> ftp3.ftptoyoursite.com /web/content/SITE-TEST/media/editors/codemirror/css phpcolors.css
2012.09.04 10:54 B C:\inetpub\wwwroot\media\editors\codemirror\css\sparqlcolors.css --> ftp3.ftptoyoursite.com /web/content/SITE-TEST/media/editors/codemirror/css sparqlcolors.css
2012.09.04 10:54 B C:\inetpub\wwwroot\media\editors\codemirror\css\WS_FTP.LOG --> ftp3.ftptoyoursite.com /web/content/SITE-TEST/media/editors/codemirror/css WS_FTP.LOG
2012.09.04 10:54 B C:\inetpub\wwwroot\media\editors\codemirror\css\xmlcolors.css --> ftp3.ftptoyoursite.com /web/content/SITE-TEST/media/editors/codemirror/css xmlcolors.css
2012.09.06 15:13 B C:\inetpub\wwwroot\media\editors\codemirror\css\codemirror.css --> ftp3.ftptoyoursite.com /web/content/SITEBACKUP_962012/media/editors/codemirror/css codemirror.css
2012.09.06 15:13 B C:\inetpub\wwwroot\media\editors\codemirror\css\csscolors.css --> ftp3.ftptoyoursite.com /web/content/SITEBACKUP_962012/media/editors/codemirror/css csscolors.css
2012.09.06 15:13 B C:\inetpub\wwwroot\media\editors\codemirror\css\index.html --> ftp3.ftptoyoursite.com /web/content/SITEBACKUP_962012/media/editors/codemirror/css index.html
2012.09.06 15:13 B C:\inetpub\wwwroot\media\editors\codemirror\css\jscolors.css --> ftp3.ftptoyoursite.com /web/content/SITEBACKUP_962012/media/editors/codemirror/css jscolors.css
2012.09.06 15:13 B C:\inetpub\wwwroot\media\editors\codemirror\css\phpcolors.css --> ftp3.ftptoyoursite.com /web/content/SITEBACKUP_962012/media/editors/codemirror/css phpcolors.css
2012.09.06 15:13 B C:\inetpub\wwwroot\media\editors\codemirror\css\sparqlcolors.css --> ftp3.ftptoyoursite.com /web/content/SITEBACKUP_962012/media/editors/codemirror/css sparqlcolors.css
2012.09.06 15:13 B C:\inetpub\wwwroot\media\editors\codemirror\css\WS_FTP.LOG --> ftp3.ftptoyoursite.com /web/content/SITEBACKUP_962012/media/editors/codemirror/css WS_FTP.LOG
2012.09.06 15:13 B C:\inetpub\wwwroot\media\editors\codemirror\css\xmlcolors.css --> ftp3.ftptoyoursite.com /web/content/SITEBACKUP_962012/media/editors/codemirror/css xmlcolors.css
2012.10.23 09:15 B C:\inetpub\wwwroot\media\editors\codemirror\css\codemirror.css --> ftp3.ftptoyoursite.com /web/content/media/editors/codemirror/css codemirror.css
2012.10.23 09:15 B C:\inetpub\wwwroot\media\editors\codemirror\css\csscolors.css --> ftp3.ftptoyoursite.com /web/content/media/editors/codemirror/css csscolors.css
2012.10.23 09:15 B C:\inetpub\wwwroot\media\editors\codemirror\css\index.html --> ftp3.ftptoyoursite.com /web/content/media/editors/codemirror/css index.html
2012.10.23 09:15 B C:\inetpub\wwwroot\media\editors\codemirror\css\jscolors.css --> ftp3.ftptoyoursite.com /web/content/media/editors/codemirror/css jscolors.css
2012.10.23 09:15 B C:\inetpub\wwwroot\media\editors\codemirror\css\phpcolors.css --> ftp3.ftptoyoursite.com /web/content/media/editors/codemirror/css phpcolors.css
2012.10.23 09:15 B C:\inetpub\wwwroot\media\editors\codemirror\css\sparqlcolors.css --> ftp3.ftptoyoursite.com /web/content/media/editors/codemirror/css sparqlcolors.css
2012.10.23 09:15 B C:\inetpub\wwwroot\media\editors\codemirror\css\WS_FTP.LOG --> ftp3.ftptoyoursite.com /web/content/media/editors/codemirror/css WS_FTP.LOG
2012.10.23 09:15 B C:\inetpub\wwwroot\media\editors\codemirror\css\xmlcolors.css --> ftp3.ftptoyoursite.com /web/content/media/editors/codemirror/css xmlcolors.css
2013.02.01 14:55 B C:\inetpub\wwwroot\media\editors\codemirror\css\WS_FTP.LOG <-- Schubert Rackspace /web/content/media/editors/codemirror/css WS_FTP.LOG
2013.02.01 14:55 B C:\inetpub\wwwroot\media\editors\codemirror\css\xmlcolors.css <-- Schubert Rackspace /web/content/media/editors/codemirror/css xmlcolors.css
