2012.07.25 12:17 B C:\Users\COBRIEN\Desktop\Schubert\libraries\joomla\environment\browser.php <-- Schubert Rackspace /web/content/libraries/joomla/environment browser.php
2012.07.25 12:17 B C:\Users\COBRIEN\Desktop\Schubert\libraries\joomla\environment\index.html <-- Schubert Rackspace /web/content/libraries/joomla/environment index.html
2012.07.25 12:17 B C:\Users\COBRIEN\Desktop\Schubert\libraries\joomla\environment\request.php <-- Schubert Rackspace /web/content/libraries/joomla/environment request.php
2012.07.25 12:17 B C:\Users\COBRIEN\Desktop\Schubert\libraries\joomla\environment\response.php <-- Schubert Rackspace /web/content/libraries/joomla/environment response.php
2012.07.25 12:17 B C:\Users\COBRIEN\Desktop\Schubert\libraries\joomla\environment\uri.php <-- Schubert Rackspace /web/content/libraries/joomla/environment uri.php
2012.09.04 10:54 B C:\inetpub\wwwroot\libraries\joomla\environment\browser.php --> ftp3.ftptoyoursite.com /web/content/SITE-TEST/libraries/joomla/environment browser.php
2012.09.04 10:54 B C:\inetpub\wwwroot\libraries\joomla\environment\index.html --> ftp3.ftptoyoursite.com /web/content/SITE-TEST/libraries/joomla/environment index.html
2012.09.04 10:54 B C:\inetpub\wwwroot\libraries\joomla\environment\request.php --> ftp3.ftptoyoursite.com /web/content/SITE-TEST/libraries/joomla/environment request.php
2012.09.04 10:54 B C:\inetpub\wwwroot\libraries\joomla\environment\response.php --> ftp3.ftptoyoursite.com /web/content/SITE-TEST/libraries/joomla/environment response.php
2012.09.04 10:54 B C:\inetpub\wwwroot\libraries\joomla\environment\uri.php --> ftp3.ftptoyoursite.com /web/content/SITE-TEST/libraries/joomla/environment uri.php
2012.09.04 10:54 B C:\inetpub\wwwroot\libraries\joomla\environment\WS_FTP.LOG --> ftp3.ftptoyoursite.com /web/content/SITE-TEST/libraries/joomla/environment WS_FTP.LOG
2012.09.06 15:12 B C:\inetpub\wwwroot\libraries\joomla\environment\browser.php --> ftp3.ftptoyoursite.com /web/content/SITEBACKUP_962012/libraries/joomla/environment browser.php
2012.09.06 15:12 B C:\inetpub\wwwroot\libraries\joomla\environment\index.html --> ftp3.ftptoyoursite.com /web/content/SITEBACKUP_962012/libraries/joomla/environment index.html
2012.09.06 15:12 B C:\inetpub\wwwroot\libraries\joomla\environment\request.php --> ftp3.ftptoyoursite.com /web/content/SITEBACKUP_962012/libraries/joomla/environment request.php
2012.09.06 15:12 B C:\inetpub\wwwroot\libraries\joomla\environment\response.php --> ftp3.ftptoyoursite.com /web/content/SITEBACKUP_962012/libraries/joomla/environment response.php
2012.09.06 15:12 B C:\inetpub\wwwroot\libraries\joomla\environment\uri.php --> ftp3.ftptoyoursite.com /web/content/SITEBACKUP_962012/libraries/joomla/environment uri.php
2012.09.06 15:12 B C:\inetpub\wwwroot\libraries\joomla\environment\WS_FTP.LOG --> ftp3.ftptoyoursite.com /web/content/SITEBACKUP_962012/libraries/joomla/environment WS_FTP.LOG
2012.10.23 09:15 B C:\inetpub\wwwroot\libraries\joomla\environment\browser.php --> ftp3.ftptoyoursite.com /web/content/libraries/joomla/environment browser.php
2012.10.23 09:15 B C:\inetpub\wwwroot\libraries\joomla\environment\index.html --> ftp3.ftptoyoursite.com /web/content/libraries/joomla/environment index.html
2012.10.23 09:15 B C:\inetpub\wwwroot\libraries\joomla\environment\request.php --> ftp3.ftptoyoursite.com /web/content/libraries/joomla/environment request.php
2012.10.23 09:15 B C:\inetpub\wwwroot\libraries\joomla\environment\response.php --> ftp3.ftptoyoursite.com /web/content/libraries/joomla/environment response.php
2012.10.23 09:15 B C:\inetpub\wwwroot\libraries\joomla\environment\uri.php --> ftp3.ftptoyoursite.com /web/content/libraries/joomla/environment uri.php
2012.10.23 09:15 B C:\inetpub\wwwroot\libraries\joomla\environment\WS_FTP.LOG --> ftp3.ftptoyoursite.com /web/content/libraries/joomla/environment WS_FTP.LOG
2013.02.01 14:54 B C:\inetpub\wwwroot\libraries\joomla\environment\WS_FTP.LOG <-- Schubert Rackspace /web/content/libraries/joomla/environment WS_FTP.LOG
