2012.07.25 12:15 B C:\Users\COBRIEN\Desktop\Schubert\components\com_jce\editor\tiny_mce\plugins\fullscreen\editor_plugin.js <-- Schubert Rackspace /web/content/components/com_jce/editor/tiny_mce/plugins/fullscreen editor_plugin.js
2012.07.25 12:15 B C:\Users\COBRIEN\Desktop\Schubert\components\com_jce\editor\tiny_mce\plugins\fullscreen\fullscreen.htm <-- Schubert Rackspace /web/content/components/com_jce/editor/tiny_mce/plugins/fullscreen fullscreen.htm
2012.07.25 12:15 B C:\Users\COBRIEN\Desktop\Schubert\components\com_jce\editor\tiny_mce\plugins\fullscreen\fullscreen.xml <-- Schubert Rackspace /web/content/components/com_jce/editor/tiny_mce/plugins/fullscreen fullscreen.xml
2012.07.25 12:15 B C:\Users\COBRIEN\Desktop\Schubert\components\com_jce\editor\tiny_mce\plugins\fullscreen\index.html <-- Schubert Rackspace /web/content/components/com_jce/editor/tiny_mce/plugins/fullscreen index.html
2012.09.04 10:51 B C:\inetpub\wwwroot\components\com_jce\editor\tiny_mce\plugins\fullscreen\editor_plugin.js --> ftp3.ftptoyoursite.com /web/content/SITE-TEST/components/com_jce/editor/tiny_mce/plugins/fullscreen editor_plugin.js
2012.09.04 10:51 B C:\inetpub\wwwroot\components\com_jce\editor\tiny_mce\plugins\fullscreen\fullscreen.htm --> ftp3.ftptoyoursite.com /web/content/SITE-TEST/components/com_jce/editor/tiny_mce/plugins/fullscreen fullscreen.htm
2012.09.04 10:51 B C:\inetpub\wwwroot\components\com_jce\editor\tiny_mce\plugins\fullscreen\fullscreen.xml --> ftp3.ftptoyoursite.com /web/content/SITE-TEST/components/com_jce/editor/tiny_mce/plugins/fullscreen fullscreen.xml
2012.09.04 10:51 B C:\inetpub\wwwroot\components\com_jce\editor\tiny_mce\plugins\fullscreen\index.html --> ftp3.ftptoyoursite.com /web/content/SITE-TEST/components/com_jce/editor/tiny_mce/plugins/fullscreen index.html
2012.09.04 10:51 B C:\inetpub\wwwroot\components\com_jce\editor\tiny_mce\plugins\fullscreen\WS_FTP.LOG --> ftp3.ftptoyoursite.com /web/content/SITE-TEST/components/com_jce/editor/tiny_mce/plugins/fullscreen WS_FTP.LOG
2012.09.06 15:08 B C:\inetpub\wwwroot\components\com_jce\editor\tiny_mce\plugins\fullscreen\editor_plugin.js --> ftp3.ftptoyoursite.com /web/content/SITEBACKUP_962012/components/com_jce/editor/tiny_mce/plugins/fullscreen editor_plugin.js
2012.09.06 15:08 B C:\inetpub\wwwroot\components\com_jce\editor\tiny_mce\plugins\fullscreen\fullscreen.htm --> ftp3.ftptoyoursite.com /web/content/SITEBACKUP_962012/components/com_jce/editor/tiny_mce/plugins/fullscreen fullscreen.htm
2012.09.06 15:08 B C:\inetpub\wwwroot\components\com_jce\editor\tiny_mce\plugins\fullscreen\fullscreen.xml --> ftp3.ftptoyoursite.com /web/content/SITEBACKUP_962012/components/com_jce/editor/tiny_mce/plugins/fullscreen fullscreen.xml
2012.09.06 15:08 B C:\inetpub\wwwroot\components\com_jce\editor\tiny_mce\plugins\fullscreen\index.html --> ftp3.ftptoyoursite.com /web/content/SITEBACKUP_962012/components/com_jce/editor/tiny_mce/plugins/fullscreen index.html
2012.09.06 15:08 B C:\inetpub\wwwroot\components\com_jce\editor\tiny_mce\plugins\fullscreen\WS_FTP.LOG --> ftp3.ftptoyoursite.com /web/content/SITEBACKUP_962012/components/com_jce/editor/tiny_mce/plugins/fullscreen WS_FTP.LOG
2012.09.06 15:49 B C:\inetpub\wwwroot\components\com_jce\editor\tiny_mce\plugins\fullscreen\editor_plugin.js <-- Schubert Rackspace /web/content/SITEBACKUP_962012/components/com_jce/editor/tiny_mce/plugins/fullscreen editor_plugin.js
2012.09.06 15:49 B C:\inetpub\wwwroot\components\com_jce\editor\tiny_mce\plugins\fullscreen\fullscreen.htm <-- Schubert Rackspace /web/content/SITEBACKUP_962012/components/com_jce/editor/tiny_mce/plugins/fullscreen fullscreen.htm
2012.09.06 15:49 B C:\inetpub\wwwroot\components\com_jce\editor\tiny_mce\plugins\fullscreen\fullscreen.xml <-- Schubert Rackspace /web/content/SITEBACKUP_962012/components/com_jce/editor/tiny_mce/plugins/fullscreen fullscreen.xml
2012.09.06 15:49 B C:\inetpub\wwwroot\components\com_jce\editor\tiny_mce\plugins\fullscreen\index.html <-- Schubert Rackspace /web/content/SITEBACKUP_962012/components/com_jce/editor/tiny_mce/plugins/fullscreen index.html
2012.10.23 09:11 B C:\inetpub\wwwroot\components\com_jce\editor\tiny_mce\plugins\fullscreen\editor_plugin.js --> ftp3.ftptoyoursite.com /web/content/components/com_jce/editor/tiny_mce/plugins/fullscreen editor_plugin.js
2012.10.23 09:11 B C:\inetpub\wwwroot\components\com_jce\editor\tiny_mce\plugins\fullscreen\fullscreen.htm --> ftp3.ftptoyoursite.com /web/content/components/com_jce/editor/tiny_mce/plugins/fullscreen fullscreen.htm
2012.10.23 09:11 B C:\inetpub\wwwroot\components\com_jce\editor\tiny_mce\plugins\fullscreen\fullscreen.xml --> ftp3.ftptoyoursite.com /web/content/components/com_jce/editor/tiny_mce/plugins/fullscreen fullscreen.xml
2012.10.23 09:11 B C:\inetpub\wwwroot\components\com_jce\editor\tiny_mce\plugins\fullscreen\index.html --> ftp3.ftptoyoursite.com /web/content/components/com_jce/editor/tiny_mce/plugins/fullscreen index.html
2013.02.01 14:48 B C:\inetpub\wwwroot\components\com_jce\editor\tiny_mce\plugins\fullscreen\WS_FTP.LOG <-- Schubert Rackspace /web/content/components/com_jce/editor/tiny_mce/plugins/fullscreen WS_FTP.LOG
