2012.07.25 12:11 B C:\Users\COBRIEN\Desktop\Schubert\administrator\components\com_jce\views\installer\tmpl\index.html <-- Schubert Rackspace /web/content/administrator/components/com_jce/views/installer/tmpl index.html
2012.07.25 12:11 B C:\Users\COBRIEN\Desktop\Schubert\administrator\components\com_jce\views\installer\tmpl\install.php <-- Schubert Rackspace /web/content/administrator/components/com_jce/views/installer/tmpl install.php
2012.07.25 12:11 B C:\Users\COBRIEN\Desktop\Schubert\administrator\components\com_jce\views\installer\tmpl\install_extensions.php <-- Schubert Rackspace /web/content/administrator/components/com_jce/views/installer/tmpl install_extensions.php
2012.07.25 12:11 B C:\Users\COBRIEN\Desktop\Schubert\administrator\components\com_jce\views\installer\tmpl\install_ftp.php <-- Schubert Rackspace /web/content/administrator/components/com_jce/views/installer/tmpl install_ftp.php
2012.07.25 12:11 B C:\Users\COBRIEN\Desktop\Schubert\administrator\components\com_jce\views\installer\tmpl\install_install.php <-- Schubert Rackspace /web/content/administrator/components/com_jce/views/installer/tmpl install_install.php
2012.07.25 12:11 B C:\Users\COBRIEN\Desktop\Schubert\administrator\components\com_jce\views\installer\tmpl\install_languages.php <-- Schubert Rackspace /web/content/administrator/components/com_jce/views/installer/tmpl install_languages.php
2012.07.25 12:11 B C:\Users\COBRIEN\Desktop\Schubert\administrator\components\com_jce\views\installer\tmpl\install_message.php <-- Schubert Rackspace /web/content/administrator/components/com_jce/views/installer/tmpl install_message.php
2012.07.25 12:11 B C:\Users\COBRIEN\Desktop\Schubert\administrator\components\com_jce\views\installer\tmpl\install_plugins.php <-- Schubert Rackspace /web/content/administrator/components/com_jce/views/installer/tmpl install_plugins.php
2012.07.25 12:11 B C:\Users\COBRIEN\Desktop\Schubert\administrator\components\com_jce\views\installer\tmpl\install_related.php <-- Schubert Rackspace /web/content/administrator/components/com_jce/views/installer/tmpl install_related.php
2012.07.25 12:11 B C:\Users\COBRIEN\Desktop\Schubert\administrator\components\com_jce\views\installer\tmpl\install_uninstall.php <-- Schubert Rackspace /web/content/administrator/components/com_jce/views/installer/tmpl install_uninstall.php
2012.09.04 10:44 B C:\inetpub\wwwroot\administrator\components\com_jce\views\installer\tmpl\index.html --> ftp3.ftptoyoursite.com /web/content/SITE-TEST/administrator/components/com_jce/views/installer/tmpl index.html
2012.09.04 10:44 B C:\inetpub\wwwroot\administrator\components\com_jce\views\installer\tmpl\install.php --> ftp3.ftptoyoursite.com /web/content/SITE-TEST/administrator/components/com_jce/views/installer/tmpl install.php
2012.09.04 10:44 B C:\inetpub\wwwroot\administrator\components\com_jce\views\installer\tmpl\install_extensions.php --> ftp3.ftptoyoursite.com /web/content/SITE-TEST/administrator/components/com_jce/views/installer/tmpl install_extensions.php
2012.09.04 10:44 B C:\inetpub\wwwroot\administrator\components\com_jce\views\installer\tmpl\install_ftp.php --> ftp3.ftptoyoursite.com /web/content/SITE-TEST/administrator/components/com_jce/views/installer/tmpl install_ftp.php
2012.09.04 10:44 B C:\inetpub\wwwroot\administrator\components\com_jce\views\installer\tmpl\install_install.php --> ftp3.ftptoyoursite.com /web/content/SITE-TEST/administrator/components/com_jce/views/installer/tmpl install_install.php
2012.09.04 10:44 B C:\inetpub\wwwroot\administrator\components\com_jce\views\installer\tmpl\install_languages.php --> ftp3.ftptoyoursite.com /web/content/SITE-TEST/administrator/components/com_jce/views/installer/tmpl install_languages.php
2012.09.04 10:44 B C:\inetpub\wwwroot\administrator\components\com_jce\views\installer\tmpl\install_message.php --> ftp3.ftptoyoursite.com /web/content/SITE-TEST/administrator/components/com_jce/views/installer/tmpl install_message.php
2012.09.04 10:44 B C:\inetpub\wwwroot\administrator\components\com_jce\views\installer\tmpl\install_plugins.php --> ftp3.ftptoyoursite.com /web/content/SITE-TEST/administrator/components/com_jce/views/installer/tmpl install_plugins.php
2012.09.04 10:44 B C:\inetpub\wwwroot\administrator\components\com_jce\views\installer\tmpl\install_related.php --> ftp3.ftptoyoursite.com /web/content/SITE-TEST/administrator/components/com_jce/views/installer/tmpl install_related.php
2012.09.04 10:44 B C:\inetpub\wwwroot\administrator\components\com_jce\views\installer\tmpl\install_uninstall.php --> ftp3.ftptoyoursite.com /web/content/SITE-TEST/administrator/components/com_jce/views/installer/tmpl install_uninstall.php
2012.09.04 10:44 B C:\inetpub\wwwroot\administrator\components\com_jce\views\installer\tmpl\WS_FTP.LOG --> ftp3.ftptoyoursite.com /web/content/SITE-TEST/administrator/components/com_jce/views/installer/tmpl WS_FTP.LOG
2012.09.06 14:59 B C:\inetpub\wwwroot\administrator\components\com_jce\views\installer\tmpl\index.html --> ftp3.ftptoyoursite.com /web/content/SITEBACKUP_962012/administrator/components/com_jce/views/installer/tmpl index.html
2012.09.06 14:59 B C:\inetpub\wwwroot\administrator\components\com_jce\views\installer\tmpl\install.php --> ftp3.ftptoyoursite.com /web/content/SITEBACKUP_962012/administrator/components/com_jce/views/installer/tmpl install.php
2012.09.06 14:59 B C:\inetpub\wwwroot\administrator\components\com_jce\views\installer\tmpl\install_extensions.php --> ftp3.ftptoyoursite.com /web/content/SITEBACKUP_962012/administrator/components/com_jce/views/installer/tmpl install_extensions.php
2012.09.06 14:59 B C:\inetpub\wwwroot\administrator\components\com_jce\views\installer\tmpl\install_ftp.php --> ftp3.ftptoyoursite.com /web/content/SITEBACKUP_962012/administrator/components/com_jce/views/installer/tmpl install_ftp.php
2012.09.06 14:59 B C:\inetpub\wwwroot\administrator\components\com_jce\views\installer\tmpl\install_install.php --> ftp3.ftptoyoursite.com /web/content/SITEBACKUP_962012/administrator/components/com_jce/views/installer/tmpl install_install.php
2012.09.06 14:59 B C:\inetpub\wwwroot\administrator\components\com_jce\views\installer\tmpl\install_languages.php --> ftp3.ftptoyoursite.com /web/content/SITEBACKUP_962012/administrator/components/com_jce/views/installer/tmpl install_languages.php
2012.09.06 14:59 B C:\inetpub\wwwroot\administrator\components\com_jce\views\installer\tmpl\install_message.php --> ftp3.ftptoyoursite.com /web/content/SITEBACKUP_962012/administrator/components/com_jce/views/installer/tmpl install_message.php
2012.09.06 14:59 B C:\inetpub\wwwroot\administrator\components\com_jce\views\installer\tmpl\install_plugins.php --> ftp3.ftptoyoursite.com /web/content/SITEBACKUP_962012/administrator/components/com_jce/views/installer/tmpl install_plugins.php
2012.09.06 14:59 B C:\inetpub\wwwroot\administrator\components\com_jce\views\installer\tmpl\install_related.php --> ftp3.ftptoyoursite.com /web/content/SITEBACKUP_962012/administrator/components/com_jce/views/installer/tmpl install_related.php
2012.09.06 14:59 B C:\inetpub\wwwroot\administrator\components\com_jce\views\installer\tmpl\install_uninstall.php --> ftp3.ftptoyoursite.com /web/content/SITEBACKUP_962012/administrator/components/com_jce/views/installer/tmpl install_uninstall.php
2012.09.06 14:59 B C:\inetpub\wwwroot\administrator\components\com_jce\views\installer\tmpl\WS_FTP.LOG --> ftp3.ftptoyoursite.com /web/content/SITEBACKUP_962012/administrator/components/com_jce/views/installer/tmpl WS_FTP.LOG
2012.09.06 15:21 B C:\inetpub\wwwroot\administrator\components\com_jce\views\installer\tmpl\index.html <-- Schubert Rackspace /web/content/administrator/components/com_jce/views/installer/tmpl index.html
2012.09.06 15:21 B C:\inetpub\wwwroot\administrator\components\com_jce\views\installer\tmpl\install.php <-- Schubert Rackspace /web/content/administrator/components/com_jce/views/installer/tmpl install.php
2012.09.06 15:21 B C:\inetpub\wwwroot\administrator\components\com_jce\views\installer\tmpl\install_extensions.php <-- Schubert Rackspace /web/content/administrator/components/com_jce/views/installer/tmpl install_extensions.php
2012.09.06 15:21 B C:\inetpub\wwwroot\administrator\components\com_jce\views\installer\tmpl\install_ftp.php <-- Schubert Rackspace /web/content/administrator/components/com_jce/views/installer/tmpl install_ftp.php
2012.09.06 15:21 B C:\inetpub\wwwroot\administrator\components\com_jce\views\installer\tmpl\install_install.php <-- Schubert Rackspace /web/content/administrator/components/com_jce/views/installer/tmpl install_install.php
2012.09.06 15:21 B C:\inetpub\wwwroot\administrator\components\com_jce\views\installer\tmpl\install_languages.php <-- Schubert Rackspace /web/content/administrator/components/com_jce/views/installer/tmpl install_languages.php
2012.09.06 15:21 B C:\inetpub\wwwroot\administrator\components\com_jce\views\installer\tmpl\install_message.php <-- Schubert Rackspace /web/content/administrator/components/com_jce/views/installer/tmpl install_message.php
2012.09.06 15:21 B C:\inetpub\wwwroot\administrator\components\com_jce\views\installer\tmpl\install_plugins.php <-- Schubert Rackspace /web/content/administrator/components/com_jce/views/installer/tmpl install_plugins.php
2012.09.06 15:21 B C:\inetpub\wwwroot\administrator\components\com_jce\views\installer\tmpl\install_related.php <-- Schubert Rackspace /web/content/administrator/components/com_jce/views/installer/tmpl install_related.php
2012.09.06 15:21 B C:\inetpub\wwwroot\administrator\components\com_jce\views\installer\tmpl\install_uninstall.php <-- Schubert Rackspace /web/content/administrator/components/com_jce/views/installer/tmpl install_uninstall.php
2012.09.06 15:44 B C:\inetpub\wwwroot\administrator\components\com_jce\views\installer\tmpl\index.html <-- Schubert Rackspace /web/content/SITEBACKUP_962012/administrator/components/com_jce/views/installer/tmpl index.html
2012.09.06 15:44 B C:\inetpub\wwwroot\administrator\components\com_jce\views\installer\tmpl\install.php <-- Schubert Rackspace /web/content/SITEBACKUP_962012/administrator/components/com_jce/views/installer/tmpl install.php
2012.09.06 15:44 B C:\inetpub\wwwroot\administrator\components\com_jce\views\installer\tmpl\install_extensions.php <-- Schubert Rackspace /web/content/SITEBACKUP_962012/administrator/components/com_jce/views/installer/tmpl install_extensions.php
2012.09.06 15:44 B C:\inetpub\wwwroot\administrator\components\com_jce\views\installer\tmpl\install_ftp.php <-- Schubert Rackspace /web/content/SITEBACKUP_962012/administrator/components/com_jce/views/installer/tmpl install_ftp.php
2012.09.06 15:44 B C:\inetpub\wwwroot\administrator\components\com_jce\views\installer\tmpl\install_install.php <-- Schubert Rackspace /web/content/SITEBACKUP_962012/administrator/components/com_jce/views/installer/tmpl install_install.php
2012.09.06 15:44 B C:\inetpub\wwwroot\administrator\components\com_jce\views\installer\tmpl\install_languages.php <-- Schubert Rackspace /web/content/SITEBACKUP_962012/administrator/components/com_jce/views/installer/tmpl install_languages.php
2012.09.06 15:44 B C:\inetpub\wwwroot\administrator\components\com_jce\views\installer\tmpl\install_message.php <-- Schubert Rackspace /web/content/SITEBACKUP_962012/administrator/components/com_jce/views/installer/tmpl install_message.php
2012.09.06 15:44 B C:\inetpub\wwwroot\administrator\components\com_jce\views\installer\tmpl\install_plugins.php <-- Schubert Rackspace /web/content/SITEBACKUP_962012/administrator/components/com_jce/views/installer/tmpl install_plugins.php
2012.09.06 15:44 B C:\inetpub\wwwroot\administrator\components\com_jce\views\installer\tmpl\install_related.php <-- Schubert Rackspace /web/content/SITEBACKUP_962012/administrator/components/com_jce/views/installer/tmpl install_related.php
2012.09.06 15:44 B C:\inetpub\wwwroot\administrator\components\com_jce\views\installer\tmpl\install_uninstall.php <-- Schubert Rackspace /web/content/SITEBACKUP_962012/administrator/components/com_jce/views/installer/tmpl install_uninstall.php
2012.10.23 09:04 B C:\inetpub\wwwroot\administrator\components\com_jce\views\installer\tmpl\index.html --> ftp3.ftptoyoursite.com /web/content/administrator/components/com_jce/views/installer/tmpl index.html
2012.10.23 09:04 B C:\inetpub\wwwroot\administrator\components\com_jce\views\installer\tmpl\install.php --> ftp3.ftptoyoursite.com /web/content/administrator/components/com_jce/views/installer/tmpl install.php
2012.10.23 09:04 B C:\inetpub\wwwroot\administrator\components\com_jce\views\installer\tmpl\install_extensions.php --> ftp3.ftptoyoursite.com /web/content/administrator/components/com_jce/views/installer/tmpl install_extensions.php
2012.10.23 09:04 B C:\inetpub\wwwroot\administrator\components\com_jce\views\installer\tmpl\install_ftp.php --> ftp3.ftptoyoursite.com /web/content/administrator/components/com_jce/views/installer/tmpl install_ftp.php
2012.10.23 09:04 B C:\inetpub\wwwroot\administrator\components\com_jce\views\installer\tmpl\install_install.php --> ftp3.ftptoyoursite.com /web/content/administrator/components/com_jce/views/installer/tmpl install_install.php
2012.10.23 09:04 B C:\inetpub\wwwroot\administrator\components\com_jce\views\installer\tmpl\install_languages.php --> ftp3.ftptoyoursite.com /web/content/administrator/components/com_jce/views/installer/tmpl install_languages.php
2012.10.23 09:04 B C:\inetpub\wwwroot\administrator\components\com_jce\views\installer\tmpl\install_message.php --> ftp3.ftptoyoursite.com /web/content/administrator/components/com_jce/views/installer/tmpl install_message.php
2012.10.23 09:04 B C:\inetpub\wwwroot\administrator\components\com_jce\views\installer\tmpl\install_plugins.php --> ftp3.ftptoyoursite.com /web/content/administrator/components/com_jce/views/installer/tmpl install_plugins.php
2012.10.23 09:04 B C:\inetpub\wwwroot\administrator\components\com_jce\views\installer\tmpl\install_related.php --> ftp3.ftptoyoursite.com /web/content/administrator/components/com_jce/views/installer/tmpl install_related.php
2012.10.23 09:04 B C:\inetpub\wwwroot\administrator\components\com_jce\views\installer\tmpl\install_uninstall.php --> ftp3.ftptoyoursite.com /web/content/administrator/components/com_jce/views/installer/tmpl install_uninstall.php
2012.10.23 09:04 B C:\inetpub\wwwroot\administrator\components\com_jce\views\installer\tmpl\WS_FTP.LOG --> ftp3.ftptoyoursite.com /web/content/administrator/components/com_jce/views/installer/tmpl WS_FTP.LOG
2013.02.01 14:41 B C:\inetpub\wwwroot\administrator\components\com_jce\views\installer\tmpl\WS_FTP.LOG <-- Schubert Rackspace /web/content/administrator/components/com_jce/views/installer/tmpl WS_FTP.LOG
