2012.07.25 12:10 B C:\Users\COBRIEN\Desktop\Schubert\administrator\components\com_config\config.php <-- Schubert Rackspace /web/content/administrator/components/com_config config.php
2012.07.25 12:10 B C:\Users\COBRIEN\Desktop\Schubert\administrator\components\com_config\config.xml <-- Schubert Rackspace /web/content/administrator/components/com_config config.xml
2012.07.25 12:10 B C:\Users\COBRIEN\Desktop\Schubert\administrator\components\com_config\controller.php <-- Schubert Rackspace /web/content/administrator/components/com_config controller.php
2012.07.25 12:10 B C:\Users\COBRIEN\Desktop\Schubert\administrator\components\com_config\index.html <-- Schubert Rackspace /web/content/administrator/components/com_config index.html
2012.09.04 10:44 B C:\inetpub\wwwroot\administrator\components\com_config\config.php --> ftp3.ftptoyoursite.com /web/content/SITE-TEST/administrator/components/com_config config.php
2012.09.04 10:44 B C:\inetpub\wwwroot\administrator\components\com_config\config.xml --> ftp3.ftptoyoursite.com /web/content/SITE-TEST/administrator/components/com_config config.xml
2012.09.04 10:44 B C:\inetpub\wwwroot\administrator\components\com_config\controller.php --> ftp3.ftptoyoursite.com /web/content/SITE-TEST/administrator/components/com_config controller.php
2012.09.04 10:44 B C:\inetpub\wwwroot\administrator\components\com_config\index.html --> ftp3.ftptoyoursite.com /web/content/SITE-TEST/administrator/components/com_config index.html
2012.09.04 10:44 B C:\inetpub\wwwroot\administrator\components\com_config\WS_FTP.LOG --> ftp3.ftptoyoursite.com /web/content/SITE-TEST/administrator/components/com_config WS_FTP.LOG
2012.09.06 14:58 B C:\inetpub\wwwroot\administrator\components\com_config\config.php --> ftp3.ftptoyoursite.com /web/content/SITEBACKUP_962012/administrator/components/com_config config.php
2012.09.06 14:58 B C:\inetpub\wwwroot\administrator\components\com_config\config.xml --> ftp3.ftptoyoursite.com /web/content/SITEBACKUP_962012/administrator/components/com_config config.xml
2012.09.06 14:58 B C:\inetpub\wwwroot\administrator\components\com_config\controller.php --> ftp3.ftptoyoursite.com /web/content/SITEBACKUP_962012/administrator/components/com_config controller.php
2012.09.06 14:58 B C:\inetpub\wwwroot\administrator\components\com_config\index.html --> ftp3.ftptoyoursite.com /web/content/SITEBACKUP_962012/administrator/components/com_config index.html
2012.09.06 14:58 B C:\inetpub\wwwroot\administrator\components\com_config\WS_FTP.LOG --> ftp3.ftptoyoursite.com /web/content/SITEBACKUP_962012/administrator/components/com_config WS_FTP.LOG
2012.09.06 15:20 B C:\inetpub\wwwroot\administrator\components\com_config\config.php <-- Schubert Rackspace /web/content/administrator/components/com_config config.php
2012.09.06 15:20 B C:\inetpub\wwwroot\administrator\components\com_config\config.xml <-- Schubert Rackspace /web/content/administrator/components/com_config config.xml
2012.09.06 15:20 B C:\inetpub\wwwroot\administrator\components\com_config\controller.php <-- Schubert Rackspace /web/content/administrator/components/com_config controller.php
2012.09.06 15:20 B C:\inetpub\wwwroot\administrator\components\com_config\index.html <-- Schubert Rackspace /web/content/administrator/components/com_config index.html
2012.09.06 15:43 B C:\inetpub\wwwroot\administrator\components\com_config\config.php <-- Schubert Rackspace /web/content/SITEBACKUP_962012/administrator/components/com_config config.php
2012.09.06 15:43 B C:\inetpub\wwwroot\administrator\components\com_config\config.xml <-- Schubert Rackspace /web/content/SITEBACKUP_962012/administrator/components/com_config config.xml
2012.09.06 15:43 B C:\inetpub\wwwroot\administrator\components\com_config\controller.php <-- Schubert Rackspace /web/content/SITEBACKUP_962012/administrator/components/com_config controller.php
2012.09.06 15:43 B C:\inetpub\wwwroot\administrator\components\com_config\index.html <-- Schubert Rackspace /web/content/SITEBACKUP_962012/administrator/components/com_config index.html
2012.10.23 09:03 B C:\inetpub\wwwroot\administrator\components\com_config\config.php --> ftp3.ftptoyoursite.com /web/content/administrator/components/com_config config.php
2012.10.23 09:03 B C:\inetpub\wwwroot\administrator\components\com_config\config.xml --> ftp3.ftptoyoursite.com /web/content/administrator/components/com_config config.xml
2012.10.23 09:03 B C:\inetpub\wwwroot\administrator\components\com_config\controller.php --> ftp3.ftptoyoursite.com /web/content/administrator/components/com_config controller.php
2012.10.23 09:03 B C:\inetpub\wwwroot\administrator\components\com_config\index.html --> ftp3.ftptoyoursite.com /web/content/administrator/components/com_config index.html
2012.10.23 09:03 B C:\inetpub\wwwroot\administrator\components\com_config\WS_FTP.LOG --> ftp3.ftptoyoursite.com /web/content/administrator/components/com_config WS_FTP.LOG
2013.02.01 14:40 B C:\inetpub\wwwroot\administrator\components\com_config\WS_FTP.LOG <-- Schubert Rackspace /web/content/administrator/components/com_config WS_FTP.LOG
