2012.07.25 12:18 B C:\Users\COBRIEN\Desktop\Schubert\media\editors\tinymce\jscripts\tiny_mce\plugins\emotions\img\index.html <-- Schubert Rackspace /web/content/media/editors/tinymce/jscripts/tiny_mce/plugins/emotions/img index.html
2012.07.25 12:18 B C:\Users\COBRIEN\Desktop\Schubert\media\editors\tinymce\jscripts\tiny_mce\plugins\emotions\img\smiley-cool.gif <-- Schubert Rackspace /web/content/media/editors/tinymce/jscripts/tiny_mce/plugins/emotions/img smiley-cool.gif
2012.07.25 12:18 B C:\Users\COBRIEN\Desktop\Schubert\media\editors\tinymce\jscripts\tiny_mce\plugins\emotions\img\smiley-cry.gif <-- Schubert Rackspace /web/content/media/editors/tinymce/jscripts/tiny_mce/plugins/emotions/img smiley-cry.gif
2012.07.25 12:18 B C:\Users\COBRIEN\Desktop\Schubert\media\editors\tinymce\jscripts\tiny_mce\plugins\emotions\img\smiley-embarassed.gif <-- Schubert Rackspace /web/content/media/editors/tinymce/jscripts/tiny_mce/plugins/emotions/img smiley-embarassed.gif
2012.07.25 12:18 B C:\Users\COBRIEN\Desktop\Schubert\media\editors\tinymce\jscripts\tiny_mce\plugins\emotions\img\smiley-foot-in-mouth.gif <-- Schubert Rackspace /web/content/media/editors/tinymce/jscripts/tiny_mce/plugins/emotions/img smiley-foot-in-mouth.gif
2012.07.25 12:18 B C:\Users\COBRIEN\Desktop\Schubert\media\editors\tinymce\jscripts\tiny_mce\plugins\emotions\img\smiley-frown.gif <-- Schubert Rackspace /web/content/media/editors/tinymce/jscripts/tiny_mce/plugins/emotions/img smiley-frown.gif
2012.07.25 12:18 B C:\Users\COBRIEN\Desktop\Schubert\media\editors\tinymce\jscripts\tiny_mce\plugins\emotions\img\smiley-innocent.gif <-- Schubert Rackspace /web/content/media/editors/tinymce/jscripts/tiny_mce/plugins/emotions/img smiley-innocent.gif
2012.07.25 12:18 B C:\Users\COBRIEN\Desktop\Schubert\media\editors\tinymce\jscripts\tiny_mce\plugins\emotions\img\smiley-kiss.gif <-- Schubert Rackspace /web/content/media/editors/tinymce/jscripts/tiny_mce/plugins/emotions/img smiley-kiss.gif
2012.07.25 12:18 B C:\Users\COBRIEN\Desktop\Schubert\media\editors\tinymce\jscripts\tiny_mce\plugins\emotions\img\smiley-laughing.gif <-- Schubert Rackspace /web/content/media/editors/tinymce/jscripts/tiny_mce/plugins/emotions/img smiley-laughing.gif
2012.07.25 12:18 B C:\Users\COBRIEN\Desktop\Schubert\media\editors\tinymce\jscripts\tiny_mce\plugins\emotions\img\smiley-money-mouth.gif <-- Schubert Rackspace /web/content/media/editors/tinymce/jscripts/tiny_mce/plugins/emotions/img smiley-money-mouth.gif
2012.07.25 12:18 B C:\Users\COBRIEN\Desktop\Schubert\media\editors\tinymce\jscripts\tiny_mce\plugins\emotions\img\smiley-sealed.gif <-- Schubert Rackspace /web/content/media/editors/tinymce/jscripts/tiny_mce/plugins/emotions/img smiley-sealed.gif
2012.07.25 12:18 B C:\Users\COBRIEN\Desktop\Schubert\media\editors\tinymce\jscripts\tiny_mce\plugins\emotions\img\smiley-smile.gif <-- Schubert Rackspace /web/content/media/editors/tinymce/jscripts/tiny_mce/plugins/emotions/img smiley-smile.gif
2012.07.25 12:18 B C:\Users\COBRIEN\Desktop\Schubert\media\editors\tinymce\jscripts\tiny_mce\plugins\emotions\img\smiley-surprised.gif <-- Schubert Rackspace /web/content/media/editors/tinymce/jscripts/tiny_mce/plugins/emotions/img smiley-surprised.gif
2012.07.25 12:18 B C:\Users\COBRIEN\Desktop\Schubert\media\editors\tinymce\jscripts\tiny_mce\plugins\emotions\img\smiley-tongue-out.gif <-- Schubert Rackspace /web/content/media/editors/tinymce/jscripts/tiny_mce/plugins/emotions/img smiley-tongue-out.gif
2012.07.25 12:18 B C:\Users\COBRIEN\Desktop\Schubert\media\editors\tinymce\jscripts\tiny_mce\plugins\emotions\img\smiley-undecided.gif <-- Schubert Rackspace /web/content/media/editors/tinymce/jscripts/tiny_mce/plugins/emotions/img smiley-undecided.gif
2012.07.25 12:18 B C:\Users\COBRIEN\Desktop\Schubert\media\editors\tinymce\jscripts\tiny_mce\plugins\emotions\img\smiley-wink.gif <-- Schubert Rackspace /web/content/media/editors/tinymce/jscripts/tiny_mce/plugins/emotions/img smiley-wink.gif
2012.07.25 12:18 B C:\Users\COBRIEN\Desktop\Schubert\media\editors\tinymce\jscripts\tiny_mce\plugins\emotions\img\smiley-yell.gif <-- Schubert Rackspace /web/content/media/editors/tinymce/jscripts/tiny_mce/plugins/emotions/img smiley-yell.gif
2012.09.04 10:54 B C:\inetpub\wwwroot\media\editors\tinymce\jscripts\tiny_mce\plugins\emotions\img\index.html --> ftp3.ftptoyoursite.com /web/content/SITE-TEST/media/editors/tinymce/jscripts/tiny_mce/plugins/emotions/img index.html
2012.09.04 10:54 B C:\inetpub\wwwroot\media\editors\tinymce\jscripts\tiny_mce\plugins\emotions\img\smiley-cool.gif --> ftp3.ftptoyoursite.com /web/content/SITE-TEST/media/editors/tinymce/jscripts/tiny_mce/plugins/emotions/img smiley-cool.gif
2012.09.04 10:54 B C:\inetpub\wwwroot\media\editors\tinymce\jscripts\tiny_mce\plugins\emotions\img\smiley-cry.gif --> ftp3.ftptoyoursite.com /web/content/SITE-TEST/media/editors/tinymce/jscripts/tiny_mce/plugins/emotions/img smiley-cry.gif
2012.09.04 10:54 B C:\inetpub\wwwroot\media\editors\tinymce\jscripts\tiny_mce\plugins\emotions\img\smiley-embarassed.gif --> ftp3.ftptoyoursite.com /web/content/SITE-TEST/media/editors/tinymce/jscripts/tiny_mce/plugins/emotions/img smiley-embarassed.gif
2012.09.04 10:54 B C:\inetpub\wwwroot\media\editors\tinymce\jscripts\tiny_mce\plugins\emotions\img\smiley-foot-in-mouth.gif --> ftp3.ftptoyoursite.com /web/content/SITE-TEST/media/editors/tinymce/jscripts/tiny_mce/plugins/emotions/img smiley-foot-in-mouth.gif
2012.09.04 10:54 B C:\inetpub\wwwroot\media\editors\tinymce\jscripts\tiny_mce\plugins\emotions\img\smiley-frown.gif --> ftp3.ftptoyoursite.com /web/content/SITE-TEST/media/editors/tinymce/jscripts/tiny_mce/plugins/emotions/img smiley-frown.gif
2012.09.04 10:54 B C:\inetpub\wwwroot\media\editors\tinymce\jscripts\tiny_mce\plugins\emotions\img\smiley-innocent.gif --> ftp3.ftptoyoursite.com /web/content/SITE-TEST/media/editors/tinymce/jscripts/tiny_mce/plugins/emotions/img smiley-innocent.gif
2012.09.04 10:54 B C:\inetpub\wwwroot\media\editors\tinymce\jscripts\tiny_mce\plugins\emotions\img\smiley-kiss.gif --> ftp3.ftptoyoursite.com /web/content/SITE-TEST/media/editors/tinymce/jscripts/tiny_mce/plugins/emotions/img smiley-kiss.gif
2012.09.04 10:54 B C:\inetpub\wwwroot\media\editors\tinymce\jscripts\tiny_mce\plugins\emotions\img\smiley-laughing.gif --> ftp3.ftptoyoursite.com /web/content/SITE-TEST/media/editors/tinymce/jscripts/tiny_mce/plugins/emotions/img smiley-laughing.gif
2012.09.04 10:54 B C:\inetpub\wwwroot\media\editors\tinymce\jscripts\tiny_mce\plugins\emotions\img\smiley-money-mouth.gif --> ftp3.ftptoyoursite.com /web/content/SITE-TEST/media/editors/tinymce/jscripts/tiny_mce/plugins/emotions/img smiley-money-mouth.gif
2012.09.04 10:54 B C:\inetpub\wwwroot\media\editors\tinymce\jscripts\tiny_mce\plugins\emotions\img\smiley-sealed.gif --> ftp3.ftptoyoursite.com /web/content/SITE-TEST/media/editors/tinymce/jscripts/tiny_mce/plugins/emotions/img smiley-sealed.gif
2012.09.04 10:54 B C:\inetpub\wwwroot\media\editors\tinymce\jscripts\tiny_mce\plugins\emotions\img\smiley-smile.gif --> ftp3.ftptoyoursite.com /web/content/SITE-TEST/media/editors/tinymce/jscripts/tiny_mce/plugins/emotions/img smiley-smile.gif
2012.09.04 10:54 B C:\inetpub\wwwroot\media\editors\tinymce\jscripts\tiny_mce\plugins\emotions\img\smiley-surprised.gif --> ftp3.ftptoyoursite.com /web/content/SITE-TEST/media/editors/tinymce/jscripts/tiny_mce/plugins/emotions/img smiley-surprised.gif
2012.09.04 10:54 B C:\inetpub\wwwroot\media\editors\tinymce\jscripts\tiny_mce\plugins\emotions\img\smiley-tongue-out.gif --> ftp3.ftptoyoursite.com /web/content/SITE-TEST/media/editors/tinymce/jscripts/tiny_mce/plugins/emotions/img smiley-tongue-out.gif
2012.09.04 10:54 B C:\inetpub\wwwroot\media\editors\tinymce\jscripts\tiny_mce\plugins\emotions\img\smiley-undecided.gif --> ftp3.ftptoyoursite.com /web/content/SITE-TEST/media/editors/tinymce/jscripts/tiny_mce/plugins/emotions/img smiley-undecided.gif
2012.09.04 10:54 B C:\inetpub\wwwroot\media\editors\tinymce\jscripts\tiny_mce\plugins\emotions\img\smiley-wink.gif --> ftp3.ftptoyoursite.com /web/content/SITE-TEST/media/editors/tinymce/jscripts/tiny_mce/plugins/emotions/img smiley-wink.gif
2012.09.04 10:54 B C:\inetpub\wwwroot\media\editors\tinymce\jscripts\tiny_mce\plugins\emotions\img\smiley-yell.gif --> ftp3.ftptoyoursite.com /web/content/SITE-TEST/media/editors/tinymce/jscripts/tiny_mce/plugins/emotions/img smiley-yell.gif
2012.09.04 10:54 B C:\inetpub\wwwroot\media\editors\tinymce\jscripts\tiny_mce\plugins\emotions\img\WS_FTP.LOG --> ftp3.ftptoyoursite.com /web/content/SITE-TEST/media/editors/tinymce/jscripts/tiny_mce/plugins/emotions/img WS_FTP.LOG
2012.09.06 15:13 B C:\inetpub\wwwroot\media\editors\tinymce\jscripts\tiny_mce\plugins\emotions\img\index.html --> ftp3.ftptoyoursite.com /web/content/SITEBACKUP_962012/media/editors/tinymce/jscripts/tiny_mce/plugins/emotions/img index.html
2012.09.06 15:13 B C:\inetpub\wwwroot\media\editors\tinymce\jscripts\tiny_mce\plugins\emotions\img\smiley-cool.gif --> ftp3.ftptoyoursite.com /web/content/SITEBACKUP_962012/media/editors/tinymce/jscripts/tiny_mce/plugins/emotions/img smiley-cool.gif
2012.09.06 15:13 B C:\inetpub\wwwroot\media\editors\tinymce\jscripts\tiny_mce\plugins\emotions\img\smiley-cry.gif --> ftp3.ftptoyoursite.com /web/content/SITEBACKUP_962012/media/editors/tinymce/jscripts/tiny_mce/plugins/emotions/img smiley-cry.gif
2012.09.06 15:13 B C:\inetpub\wwwroot\media\editors\tinymce\jscripts\tiny_mce\plugins\emotions\img\smiley-embarassed.gif --> ftp3.ftptoyoursite.com /web/content/SITEBACKUP_962012/media/editors/tinymce/jscripts/tiny_mce/plugins/emotions/img smiley-embarassed.gif
2012.09.06 15:13 B C:\inetpub\wwwroot\media\editors\tinymce\jscripts\tiny_mce\plugins\emotions\img\smiley-foot-in-mouth.gif --> ftp3.ftptoyoursite.com /web/content/SITEBACKUP_962012/media/editors/tinymce/jscripts/tiny_mce/plugins/emotions/img smiley-foot-in-mouth.gif
2012.09.06 15:13 B C:\inetpub\wwwroot\media\editors\tinymce\jscripts\tiny_mce\plugins\emotions\img\smiley-frown.gif --> ftp3.ftptoyoursite.com /web/content/SITEBACKUP_962012/media/editors/tinymce/jscripts/tiny_mce/plugins/emotions/img smiley-frown.gif
2012.09.06 15:13 B C:\inetpub\wwwroot\media\editors\tinymce\jscripts\tiny_mce\plugins\emotions\img\smiley-innocent.gif --> ftp3.ftptoyoursite.com /web/content/SITEBACKUP_962012/media/editors/tinymce/jscripts/tiny_mce/plugins/emotions/img smiley-innocent.gif
2012.09.06 15:13 B C:\inetpub\wwwroot\media\editors\tinymce\jscripts\tiny_mce\plugins\emotions\img\smiley-kiss.gif --> ftp3.ftptoyoursite.com /web/content/SITEBACKUP_962012/media/editors/tinymce/jscripts/tiny_mce/plugins/emotions/img smiley-kiss.gif
2012.09.06 15:13 B C:\inetpub\wwwroot\media\editors\tinymce\jscripts\tiny_mce\plugins\emotions\img\smiley-laughing.gif --> ftp3.ftptoyoursite.com /web/content/SITEBACKUP_962012/media/editors/tinymce/jscripts/tiny_mce/plugins/emotions/img smiley-laughing.gif
2012.09.06 15:13 B C:\inetpub\wwwroot\media\editors\tinymce\jscripts\tiny_mce\plugins\emotions\img\smiley-money-mouth.gif --> ftp3.ftptoyoursite.com /web/content/SITEBACKUP_962012/media/editors/tinymce/jscripts/tiny_mce/plugins/emotions/img smiley-money-mouth.gif
2012.09.06 15:13 B C:\inetpub\wwwroot\media\editors\tinymce\jscripts\tiny_mce\plugins\emotions\img\smiley-sealed.gif --> ftp3.ftptoyoursite.com /web/content/SITEBACKUP_962012/media/editors/tinymce/jscripts/tiny_mce/plugins/emotions/img smiley-sealed.gif
2012.09.06 15:13 B C:\inetpub\wwwroot\media\editors\tinymce\jscripts\tiny_mce\plugins\emotions\img\smiley-smile.gif --> ftp3.ftptoyoursite.com /web/content/SITEBACKUP_962012/media/editors/tinymce/jscripts/tiny_mce/plugins/emotions/img smiley-smile.gif
2012.09.06 15:13 B C:\inetpub\wwwroot\media\editors\tinymce\jscripts\tiny_mce\plugins\emotions\img\smiley-surprised.gif --> ftp3.ftptoyoursite.com /web/content/SITEBACKUP_962012/media/editors/tinymce/jscripts/tiny_mce/plugins/emotions/img smiley-surprised.gif
2012.09.06 15:13 B C:\inetpub\wwwroot\media\editors\tinymce\jscripts\tiny_mce\plugins\emotions\img\smiley-tongue-out.gif --> ftp3.ftptoyoursite.com /web/content/SITEBACKUP_962012/media/editors/tinymce/jscripts/tiny_mce/plugins/emotions/img smiley-tongue-out.gif
2012.09.06 15:13 B C:\inetpub\wwwroot\media\editors\tinymce\jscripts\tiny_mce\plugins\emotions\img\smiley-undecided.gif --> ftp3.ftptoyoursite.com /web/content/SITEBACKUP_962012/media/editors/tinymce/jscripts/tiny_mce/plugins/emotions/img smiley-undecided.gif
2012.09.06 15:13 B C:\inetpub\wwwroot\media\editors\tinymce\jscripts\tiny_mce\plugins\emotions\img\smiley-wink.gif --> ftp3.ftptoyoursite.com /web/content/SITEBACKUP_962012/media/editors/tinymce/jscripts/tiny_mce/plugins/emotions/img smiley-wink.gif
2012.09.06 15:13 B C:\inetpub\wwwroot\media\editors\tinymce\jscripts\tiny_mce\plugins\emotions\img\smiley-yell.gif --> ftp3.ftptoyoursite.com /web/content/SITEBACKUP_962012/media/editors/tinymce/jscripts/tiny_mce/plugins/emotions/img smiley-yell.gif
2012.09.06 15:13 B C:\inetpub\wwwroot\media\editors\tinymce\jscripts\tiny_mce\plugins\emotions\img\WS_FTP.LOG --> ftp3.ftptoyoursite.com /web/content/SITEBACKUP_962012/media/editors/tinymce/jscripts/tiny_mce/plugins/emotions/img WS_FTP.LOG
2012.10.23 09:15 B C:\inetpub\wwwroot\media\editors\tinymce\jscripts\tiny_mce\plugins\emotions\img\index.html --> ftp3.ftptoyoursite.com /web/content/media/editors/tinymce/jscripts/tiny_mce/plugins/emotions/img index.html
2012.10.23 09:15 B C:\inetpub\wwwroot\media\editors\tinymce\jscripts\tiny_mce\plugins\emotions\img\smiley-cool.gif --> ftp3.ftptoyoursite.com /web/content/media/editors/tinymce/jscripts/tiny_mce/plugins/emotions/img smiley-cool.gif
2012.10.23 09:15 B C:\inetpub\wwwroot\media\editors\tinymce\jscripts\tiny_mce\plugins\emotions\img\smiley-cry.gif --> ftp3.ftptoyoursite.com /web/content/media/editors/tinymce/jscripts/tiny_mce/plugins/emotions/img smiley-cry.gif
2012.10.23 09:15 B C:\inetpub\wwwroot\media\editors\tinymce\jscripts\tiny_mce\plugins\emotions\img\smiley-embarassed.gif --> ftp3.ftptoyoursite.com /web/content/media/editors/tinymce/jscripts/tiny_mce/plugins/emotions/img smiley-embarassed.gif
2012.10.23 09:15 B C:\inetpub\wwwroot\media\editors\tinymce\jscripts\tiny_mce\plugins\emotions\img\smiley-foot-in-mouth.gif --> ftp3.ftptoyoursite.com /web/content/media/editors/tinymce/jscripts/tiny_mce/plugins/emotions/img smiley-foot-in-mouth.gif
2012.10.23 09:15 B C:\inetpub\wwwroot\media\editors\tinymce\jscripts\tiny_mce\plugins\emotions\img\smiley-frown.gif --> ftp3.ftptoyoursite.com /web/content/media/editors/tinymce/jscripts/tiny_mce/plugins/emotions/img smiley-frown.gif
2012.10.23 09:15 B C:\inetpub\wwwroot\media\editors\tinymce\jscripts\tiny_mce\plugins\emotions\img\smiley-innocent.gif --> ftp3.ftptoyoursite.com /web/content/media/editors/tinymce/jscripts/tiny_mce/plugins/emotions/img smiley-innocent.gif
2012.10.23 09:15 B C:\inetpub\wwwroot\media\editors\tinymce\jscripts\tiny_mce\plugins\emotions\img\smiley-kiss.gif --> ftp3.ftptoyoursite.com /web/content/media/editors/tinymce/jscripts/tiny_mce/plugins/emotions/img smiley-kiss.gif
2012.10.23 09:15 B C:\inetpub\wwwroot\media\editors\tinymce\jscripts\tiny_mce\plugins\emotions\img\smiley-laughing.gif --> ftp3.ftptoyoursite.com /web/content/media/editors/tinymce/jscripts/tiny_mce/plugins/emotions/img smiley-laughing.gif
2012.10.23 09:15 B C:\inetpub\wwwroot\media\editors\tinymce\jscripts\tiny_mce\plugins\emotions\img\smiley-money-mouth.gif --> ftp3.ftptoyoursite.com /web/content/media/editors/tinymce/jscripts/tiny_mce/plugins/emotions/img smiley-money-mouth.gif
2012.10.23 09:15 B C:\inetpub\wwwroot\media\editors\tinymce\jscripts\tiny_mce\plugins\emotions\img\smiley-sealed.gif --> ftp3.ftptoyoursite.com /web/content/media/editors/tinymce/jscripts/tiny_mce/plugins/emotions/img smiley-sealed.gif
2012.10.23 09:15 B C:\inetpub\wwwroot\media\editors\tinymce\jscripts\tiny_mce\plugins\emotions\img\smiley-smile.gif --> ftp3.ftptoyoursite.com /web/content/media/editors/tinymce/jscripts/tiny_mce/plugins/emotions/img smiley-smile.gif
2012.10.23 09:15 B C:\inetpub\wwwroot\media\editors\tinymce\jscripts\tiny_mce\plugins\emotions\img\smiley-surprised.gif --> ftp3.ftptoyoursite.com /web/content/media/editors/tinymce/jscripts/tiny_mce/plugins/emotions/img smiley-surprised.gif
2012.10.23 09:15 B C:\inetpub\wwwroot\media\editors\tinymce\jscripts\tiny_mce\plugins\emotions\img\smiley-tongue-out.gif --> ftp3.ftptoyoursite.com /web/content/media/editors/tinymce/jscripts/tiny_mce/plugins/emotions/img smiley-tongue-out.gif
2012.10.23 09:15 B C:\inetpub\wwwroot\media\editors\tinymce\jscripts\tiny_mce\plugins\emotions\img\smiley-undecided.gif --> ftp3.ftptoyoursite.com /web/content/media/editors/tinymce/jscripts/tiny_mce/plugins/emotions/img smiley-undecided.gif
2012.10.23 09:15 B C:\inetpub\wwwroot\media\editors\tinymce\jscripts\tiny_mce\plugins\emotions\img\smiley-wink.gif --> ftp3.ftptoyoursite.com /web/content/media/editors/tinymce/jscripts/tiny_mce/plugins/emotions/img smiley-wink.gif
2012.10.23 09:15 B C:\inetpub\wwwroot\media\editors\tinymce\jscripts\tiny_mce\plugins\emotions\img\smiley-yell.gif --> ftp3.ftptoyoursite.com /web/content/media/editors/tinymce/jscripts/tiny_mce/plugins/emotions/img smiley-yell.gif
2012.10.23 09:15 B C:\inetpub\wwwroot\media\editors\tinymce\jscripts\tiny_mce\plugins\emotions\img\WS_FTP.LOG --> ftp3.ftptoyoursite.com /web/content/media/editors/tinymce/jscripts/tiny_mce/plugins/emotions/img WS_FTP.LOG
2013.02.01 14:55 B C:\inetpub\wwwroot\media\editors\tinymce\jscripts\tiny_mce\plugins\emotions\img\WS_FTP.LOG <-- Schubert Rackspace /web/content/media/editors/tinymce/jscripts/tiny_mce/plugins/emotions/img WS_FTP.LOG
