2012.07.25 12:11 B C:\Users\COBRIEN\Desktop\Schubert\administrator\components\com_joomlaupdate\config.xml <-- Schubert Rackspace /web/content/administrator/components/com_joomlaupdate config.xml
2012.07.25 12:11 B C:\Users\COBRIEN\Desktop\Schubert\administrator\components\com_joomlaupdate\controller.php <-- Schubert Rackspace /web/content/administrator/components/com_joomlaupdate controller.php
2012.07.25 12:11 B C:\Users\COBRIEN\Desktop\Schubert\administrator\components\com_joomlaupdate\index.html <-- Schubert Rackspace /web/content/administrator/components/com_joomlaupdate index.html
2012.07.25 12:11 B C:\Users\COBRIEN\Desktop\Schubert\administrator\components\com_joomlaupdate\joomlaupdate.php <-- Schubert Rackspace /web/content/administrator/components/com_joomlaupdate joomlaupdate.php
2012.07.25 12:11 B C:\Users\COBRIEN\Desktop\Schubert\administrator\components\com_joomlaupdate\joomlaupdate.xml <-- Schubert Rackspace /web/content/administrator/components/com_joomlaupdate joomlaupdate.xml
2012.07.25 12:11 B C:\Users\COBRIEN\Desktop\Schubert\administrator\components\com_joomlaupdate\restore.php <-- Schubert Rackspace /web/content/administrator/components/com_joomlaupdate restore.php
2012.09.04 10:45 B C:\inetpub\wwwroot\administrator\components\com_joomlaupdate\config.xml --> ftp3.ftptoyoursite.com /web/content/SITE-TEST/administrator/components/com_joomlaupdate config.xml
2012.09.04 10:45 B C:\inetpub\wwwroot\administrator\components\com_joomlaupdate\controller.php --> ftp3.ftptoyoursite.com /web/content/SITE-TEST/administrator/components/com_joomlaupdate controller.php
2012.09.04 10:45 B C:\inetpub\wwwroot\administrator\components\com_joomlaupdate\index.html --> ftp3.ftptoyoursite.com /web/content/SITE-TEST/administrator/components/com_joomlaupdate index.html
2012.09.04 10:45 B C:\inetpub\wwwroot\administrator\components\com_joomlaupdate\joomlaupdate.php --> ftp3.ftptoyoursite.com /web/content/SITE-TEST/administrator/components/com_joomlaupdate joomlaupdate.php
2012.09.04 10:45 B C:\inetpub\wwwroot\administrator\components\com_joomlaupdate\joomlaupdate.xml --> ftp3.ftptoyoursite.com /web/content/SITE-TEST/administrator/components/com_joomlaupdate joomlaupdate.xml
2012.09.04 10:45 B C:\inetpub\wwwroot\administrator\components\com_joomlaupdate\restore.php --> ftp3.ftptoyoursite.com /web/content/SITE-TEST/administrator/components/com_joomlaupdate restore.php
2012.09.04 10:45 B C:\inetpub\wwwroot\administrator\components\com_joomlaupdate\WS_FTP.LOG --> ftp3.ftptoyoursite.com /web/content/SITE-TEST/administrator/components/com_joomlaupdate WS_FTP.LOG
2012.09.06 14:59 B C:\inetpub\wwwroot\administrator\components\com_joomlaupdate\config.xml --> ftp3.ftptoyoursite.com /web/content/SITEBACKUP_962012/administrator/components/com_joomlaupdate config.xml
2012.09.06 14:59 B C:\inetpub\wwwroot\administrator\components\com_joomlaupdate\controller.php --> ftp3.ftptoyoursite.com /web/content/SITEBACKUP_962012/administrator/components/com_joomlaupdate controller.php
2012.09.06 14:59 B C:\inetpub\wwwroot\administrator\components\com_joomlaupdate\index.html --> ftp3.ftptoyoursite.com /web/content/SITEBACKUP_962012/administrator/components/com_joomlaupdate index.html
2012.09.06 14:59 B C:\inetpub\wwwroot\administrator\components\com_joomlaupdate\joomlaupdate.php --> ftp3.ftptoyoursite.com /web/content/SITEBACKUP_962012/administrator/components/com_joomlaupdate joomlaupdate.php
2012.09.06 14:59 B C:\inetpub\wwwroot\administrator\components\com_joomlaupdate\joomlaupdate.xml --> ftp3.ftptoyoursite.com /web/content/SITEBACKUP_962012/administrator/components/com_joomlaupdate joomlaupdate.xml
2012.09.06 14:59 B C:\inetpub\wwwroot\administrator\components\com_joomlaupdate\restore.php --> ftp3.ftptoyoursite.com /web/content/SITEBACKUP_962012/administrator/components/com_joomlaupdate restore.php
2012.09.06 14:59 B C:\inetpub\wwwroot\administrator\components\com_joomlaupdate\WS_FTP.LOG --> ftp3.ftptoyoursite.com /web/content/SITEBACKUP_962012/administrator/components/com_joomlaupdate WS_FTP.LOG
2012.09.06 15:21 B C:\inetpub\wwwroot\administrator\components\com_joomlaupdate\access.xml <-- Schubert Rackspace /web/content/administrator/components/com_joomlaupdate access.xml
2012.09.06 15:21 B C:\inetpub\wwwroot\administrator\components\com_joomlaupdate\config.xml <-- Schubert Rackspace /web/content/administrator/components/com_joomlaupdate config.xml
2012.09.06 15:21 B C:\inetpub\wwwroot\administrator\components\com_joomlaupdate\controller.php <-- Schubert Rackspace /web/content/administrator/components/com_joomlaupdate controller.php
2012.09.06 15:21 B C:\inetpub\wwwroot\administrator\components\com_joomlaupdate\index.html <-- Schubert Rackspace /web/content/administrator/components/com_joomlaupdate index.html
2012.09.06 15:21 B C:\inetpub\wwwroot\administrator\components\com_joomlaupdate\joomlaupdate.php <-- Schubert Rackspace /web/content/administrator/components/com_joomlaupdate joomlaupdate.php
2012.09.06 15:21 B C:\inetpub\wwwroot\administrator\components\com_joomlaupdate\joomlaupdate.xml <-- Schubert Rackspace /web/content/administrator/components/com_joomlaupdate joomlaupdate.xml
2012.09.06 15:21 B C:\inetpub\wwwroot\administrator\components\com_joomlaupdate\restore.php <-- Schubert Rackspace /web/content/administrator/components/com_joomlaupdate restore.php
2012.09.06 15:44 B C:\inetpub\wwwroot\administrator\components\com_joomlaupdate\config.xml <-- Schubert Rackspace /web/content/SITEBACKUP_962012/administrator/components/com_joomlaupdate config.xml
2012.09.06 15:44 B C:\inetpub\wwwroot\administrator\components\com_joomlaupdate\controller.php <-- Schubert Rackspace /web/content/SITEBACKUP_962012/administrator/components/com_joomlaupdate controller.php
2012.09.06 15:44 B C:\inetpub\wwwroot\administrator\components\com_joomlaupdate\index.html <-- Schubert Rackspace /web/content/SITEBACKUP_962012/administrator/components/com_joomlaupdate index.html
2012.09.06 15:44 B C:\inetpub\wwwroot\administrator\components\com_joomlaupdate\joomlaupdate.php <-- Schubert Rackspace /web/content/SITEBACKUP_962012/administrator/components/com_joomlaupdate joomlaupdate.php
2012.09.06 15:44 B C:\inetpub\wwwroot\administrator\components\com_joomlaupdate\joomlaupdate.xml <-- Schubert Rackspace /web/content/SITEBACKUP_962012/administrator/components/com_joomlaupdate joomlaupdate.xml
2012.09.06 15:44 B C:\inetpub\wwwroot\administrator\components\com_joomlaupdate\restore.php <-- Schubert Rackspace /web/content/SITEBACKUP_962012/administrator/components/com_joomlaupdate restore.php
2012.10.23 09:05 B C:\inetpub\wwwroot\administrator\components\com_joomlaupdate\access.xml --> ftp3.ftptoyoursite.com /web/content/administrator/components/com_joomlaupdate access.xml
2012.10.23 09:05 B C:\inetpub\wwwroot\administrator\components\com_joomlaupdate\config.xml --> ftp3.ftptoyoursite.com /web/content/administrator/components/com_joomlaupdate config.xml
2012.10.23 09:05 B C:\inetpub\wwwroot\administrator\components\com_joomlaupdate\controller.php --> ftp3.ftptoyoursite.com /web/content/administrator/components/com_joomlaupdate controller.php
2012.10.23 09:05 B C:\inetpub\wwwroot\administrator\components\com_joomlaupdate\index.html --> ftp3.ftptoyoursite.com /web/content/administrator/components/com_joomlaupdate index.html
2012.10.23 09:05 B C:\inetpub\wwwroot\administrator\components\com_joomlaupdate\joomlaupdate.php --> ftp3.ftptoyoursite.com /web/content/administrator/components/com_joomlaupdate joomlaupdate.php
2012.10.23 09:05 B C:\inetpub\wwwroot\administrator\components\com_joomlaupdate\joomlaupdate.xml --> ftp3.ftptoyoursite.com /web/content/administrator/components/com_joomlaupdate joomlaupdate.xml
2012.10.23 09:05 B C:\inetpub\wwwroot\administrator\components\com_joomlaupdate\restore.php --> ftp3.ftptoyoursite.com /web/content/administrator/components/com_joomlaupdate restore.php
2012.10.23 09:05 B C:\inetpub\wwwroot\administrator\components\com_joomlaupdate\WS_FTP.LOG --> ftp3.ftptoyoursite.com /web/content/administrator/components/com_joomlaupdate WS_FTP.LOG
2013.02.01 14:41 B C:\inetpub\wwwroot\administrator\components\com_joomlaupdate\WS_FTP.LOG <-- Schubert Rackspace /web/content/administrator/components/com_joomlaupdate WS_FTP.LOG
