2012.07.25 12:12 B C:\Users\COBRIEN\Desktop\Schubert\administrator\components\com_users\controllers\config.php <-- Schubert Rackspace /web/content/administrator/components/com_users/controllers config.php
2012.07.25 12:12 B C:\Users\COBRIEN\Desktop\Schubert\administrator\components\com_users\controllers\group.php <-- Schubert Rackspace /web/content/administrator/components/com_users/controllers group.php
2012.07.25 12:12 B C:\Users\COBRIEN\Desktop\Schubert\administrator\components\com_users\controllers\groups.php <-- Schubert Rackspace /web/content/administrator/components/com_users/controllers groups.php
2012.07.25 12:12 B C:\Users\COBRIEN\Desktop\Schubert\administrator\components\com_users\controllers\index.html <-- Schubert Rackspace /web/content/administrator/components/com_users/controllers index.html
2012.07.25 12:12 B C:\Users\COBRIEN\Desktop\Schubert\administrator\components\com_users\controllers\level.php <-- Schubert Rackspace /web/content/administrator/components/com_users/controllers level.php
2012.07.25 12:12 B C:\Users\COBRIEN\Desktop\Schubert\administrator\components\com_users\controllers\levels.php <-- Schubert Rackspace /web/content/administrator/components/com_users/controllers levels.php
2012.07.25 12:12 B C:\Users\COBRIEN\Desktop\Schubert\administrator\components\com_users\controllers\mail.php <-- Schubert Rackspace /web/content/administrator/components/com_users/controllers mail.php
2012.07.25 12:12 B C:\Users\COBRIEN\Desktop\Schubert\administrator\components\com_users\controllers\note.php <-- Schubert Rackspace /web/content/administrator/components/com_users/controllers note.php
2012.07.25 12:12 B C:\Users\COBRIEN\Desktop\Schubert\administrator\components\com_users\controllers\notes.php <-- Schubert Rackspace /web/content/administrator/components/com_users/controllers notes.php
2012.07.25 12:12 B C:\Users\COBRIEN\Desktop\Schubert\administrator\components\com_users\controllers\user.php <-- Schubert Rackspace /web/content/administrator/components/com_users/controllers user.php
2012.07.25 12:12 B C:\Users\COBRIEN\Desktop\Schubert\administrator\components\com_users\controllers\users.php <-- Schubert Rackspace /web/content/administrator/components/com_users/controllers users.php
2012.09.04 10:46 B C:\inetpub\wwwroot\administrator\components\com_users\controllers\config.php --> ftp3.ftptoyoursite.com /web/content/SITE-TEST/administrator/components/com_users/controllers config.php
2012.09.04 10:46 B C:\inetpub\wwwroot\administrator\components\com_users\controllers\group.php --> ftp3.ftptoyoursite.com /web/content/SITE-TEST/administrator/components/com_users/controllers group.php
2012.09.04 10:46 B C:\inetpub\wwwroot\administrator\components\com_users\controllers\groups.php --> ftp3.ftptoyoursite.com /web/content/SITE-TEST/administrator/components/com_users/controllers groups.php
2012.09.04 10:46 B C:\inetpub\wwwroot\administrator\components\com_users\controllers\index.html --> ftp3.ftptoyoursite.com /web/content/SITE-TEST/administrator/components/com_users/controllers index.html
2012.09.04 10:46 B C:\inetpub\wwwroot\administrator\components\com_users\controllers\level.php --> ftp3.ftptoyoursite.com /web/content/SITE-TEST/administrator/components/com_users/controllers level.php
2012.09.04 10:46 B C:\inetpub\wwwroot\administrator\components\com_users\controllers\levels.php --> ftp3.ftptoyoursite.com /web/content/SITE-TEST/administrator/components/com_users/controllers levels.php
2012.09.04 10:46 B C:\inetpub\wwwroot\administrator\components\com_users\controllers\mail.php --> ftp3.ftptoyoursite.com /web/content/SITE-TEST/administrator/components/com_users/controllers mail.php
2012.09.04 10:46 B C:\inetpub\wwwroot\administrator\components\com_users\controllers\note.php --> ftp3.ftptoyoursite.com /web/content/SITE-TEST/administrator/components/com_users/controllers note.php
2012.09.04 10:46 B C:\inetpub\wwwroot\administrator\components\com_users\controllers\notes.php --> ftp3.ftptoyoursite.com /web/content/SITE-TEST/administrator/components/com_users/controllers notes.php
2012.09.04 10:46 B C:\inetpub\wwwroot\administrator\components\com_users\controllers\user.php --> ftp3.ftptoyoursite.com /web/content/SITE-TEST/administrator/components/com_users/controllers user.php
2012.09.04 10:46 B C:\inetpub\wwwroot\administrator\components\com_users\controllers\users.php --> ftp3.ftptoyoursite.com /web/content/SITE-TEST/administrator/components/com_users/controllers users.php
2012.09.04 10:46 B C:\inetpub\wwwroot\administrator\components\com_users\controllers\WS_FTP.LOG --> ftp3.ftptoyoursite.com /web/content/SITE-TEST/administrator/components/com_users/controllers WS_FTP.LOG
2012.09.06 15:03 B C:\inetpub\wwwroot\administrator\components\com_users\controllers\config.php --> ftp3.ftptoyoursite.com /web/content/SITEBACKUP_962012/administrator/components/com_users/controllers config.php
2012.09.06 15:03 B C:\inetpub\wwwroot\administrator\components\com_users\controllers\group.php --> ftp3.ftptoyoursite.com /web/content/SITEBACKUP_962012/administrator/components/com_users/controllers group.php
2012.09.06 15:03 B C:\inetpub\wwwroot\administrator\components\com_users\controllers\groups.php --> ftp3.ftptoyoursite.com /web/content/SITEBACKUP_962012/administrator/components/com_users/controllers groups.php
2012.09.06 15:03 B C:\inetpub\wwwroot\administrator\components\com_users\controllers\index.html --> ftp3.ftptoyoursite.com /web/content/SITEBACKUP_962012/administrator/components/com_users/controllers index.html
2012.09.06 15:03 B C:\inetpub\wwwroot\administrator\components\com_users\controllers\level.php --> ftp3.ftptoyoursite.com /web/content/SITEBACKUP_962012/administrator/components/com_users/controllers level.php
2012.09.06 15:03 B C:\inetpub\wwwroot\administrator\components\com_users\controllers\levels.php --> ftp3.ftptoyoursite.com /web/content/SITEBACKUP_962012/administrator/components/com_users/controllers levels.php
2012.09.06 15:03 B C:\inetpub\wwwroot\administrator\components\com_users\controllers\mail.php --> ftp3.ftptoyoursite.com /web/content/SITEBACKUP_962012/administrator/components/com_users/controllers mail.php
2012.09.06 15:03 B C:\inetpub\wwwroot\administrator\components\com_users\controllers\note.php --> ftp3.ftptoyoursite.com /web/content/SITEBACKUP_962012/administrator/components/com_users/controllers note.php
2012.09.06 15:03 B C:\inetpub\wwwroot\administrator\components\com_users\controllers\notes.php --> ftp3.ftptoyoursite.com /web/content/SITEBACKUP_962012/administrator/components/com_users/controllers notes.php
2012.09.06 15:03 B C:\inetpub\wwwroot\administrator\components\com_users\controllers\user.php --> ftp3.ftptoyoursite.com /web/content/SITEBACKUP_962012/administrator/components/com_users/controllers user.php
2012.09.06 15:03 B C:\inetpub\wwwroot\administrator\components\com_users\controllers\users.php --> ftp3.ftptoyoursite.com /web/content/SITEBACKUP_962012/administrator/components/com_users/controllers users.php
2012.09.06 15:03 B C:\inetpub\wwwroot\administrator\components\com_users\controllers\WS_FTP.LOG --> ftp3.ftptoyoursite.com /web/content/SITEBACKUP_962012/administrator/components/com_users/controllers WS_FTP.LOG
2012.09.06 15:45 B C:\inetpub\wwwroot\administrator\components\com_users\controllers\config.php <-- Schubert Rackspace /web/content/SITEBACKUP_962012/administrator/components/com_users/controllers config.php
2012.09.06 15:45 B C:\inetpub\wwwroot\administrator\components\com_users\controllers\group.php <-- Schubert Rackspace /web/content/SITEBACKUP_962012/administrator/components/com_users/controllers group.php
2012.09.06 15:45 B C:\inetpub\wwwroot\administrator\components\com_users\controllers\groups.php <-- Schubert Rackspace /web/content/SITEBACKUP_962012/administrator/components/com_users/controllers groups.php
2012.09.06 15:45 B C:\inetpub\wwwroot\administrator\components\com_users\controllers\index.html <-- Schubert Rackspace /web/content/SITEBACKUP_962012/administrator/components/com_users/controllers index.html
2012.09.06 15:45 B C:\inetpub\wwwroot\administrator\components\com_users\controllers\level.php <-- Schubert Rackspace /web/content/SITEBACKUP_962012/administrator/components/com_users/controllers level.php
2012.09.06 15:45 B C:\inetpub\wwwroot\administrator\components\com_users\controllers\levels.php <-- Schubert Rackspace /web/content/SITEBACKUP_962012/administrator/components/com_users/controllers levels.php
2012.09.06 15:45 B C:\inetpub\wwwroot\administrator\components\com_users\controllers\mail.php <-- Schubert Rackspace /web/content/SITEBACKUP_962012/administrator/components/com_users/controllers mail.php
2012.09.06 15:45 B C:\inetpub\wwwroot\administrator\components\com_users\controllers\note.php <-- Schubert Rackspace /web/content/SITEBACKUP_962012/administrator/components/com_users/controllers note.php
2012.09.06 15:45 B C:\inetpub\wwwroot\administrator\components\com_users\controllers\notes.php <-- Schubert Rackspace /web/content/SITEBACKUP_962012/administrator/components/com_users/controllers notes.php
2012.09.06 15:45 B C:\inetpub\wwwroot\administrator\components\com_users\controllers\user.php <-- Schubert Rackspace /web/content/SITEBACKUP_962012/administrator/components/com_users/controllers user.php
2012.09.06 15:45 B C:\inetpub\wwwroot\administrator\components\com_users\controllers\users.php <-- Schubert Rackspace /web/content/SITEBACKUP_962012/administrator/components/com_users/controllers users.php
2012.10.23 09:07 B C:\inetpub\wwwroot\administrator\components\com_users\controllers\config.php --> ftp3.ftptoyoursite.com /web/content/administrator/components/com_users/controllers config.php
2012.10.23 09:07 B C:\inetpub\wwwroot\administrator\components\com_users\controllers\group.php --> ftp3.ftptoyoursite.com /web/content/administrator/components/com_users/controllers group.php
2012.10.23 09:07 B C:\inetpub\wwwroot\administrator\components\com_users\controllers\groups.php --> ftp3.ftptoyoursite.com /web/content/administrator/components/com_users/controllers groups.php
2012.10.23 09:07 B C:\inetpub\wwwroot\administrator\components\com_users\controllers\index.html --> ftp3.ftptoyoursite.com /web/content/administrator/components/com_users/controllers index.html
2012.10.23 09:07 B C:\inetpub\wwwroot\administrator\components\com_users\controllers\level.php --> ftp3.ftptoyoursite.com /web/content/administrator/components/com_users/controllers level.php
2012.10.23 09:07 B C:\inetpub\wwwroot\administrator\components\com_users\controllers\levels.php --> ftp3.ftptoyoursite.com /web/content/administrator/components/com_users/controllers levels.php
2012.10.23 09:07 B C:\inetpub\wwwroot\administrator\components\com_users\controllers\mail.php --> ftp3.ftptoyoursite.com /web/content/administrator/components/com_users/controllers mail.php
2012.10.23 09:07 B C:\inetpub\wwwroot\administrator\components\com_users\controllers\note.php --> ftp3.ftptoyoursite.com /web/content/administrator/components/com_users/controllers note.php
2012.10.23 09:07 B C:\inetpub\wwwroot\administrator\components\com_users\controllers\notes.php --> ftp3.ftptoyoursite.com /web/content/administrator/components/com_users/controllers notes.php
2012.10.23 09:07 B C:\inetpub\wwwroot\administrator\components\com_users\controllers\user.php --> ftp3.ftptoyoursite.com /web/content/administrator/components/com_users/controllers user.php
2012.10.23 09:07 B C:\inetpub\wwwroot\administrator\components\com_users\controllers\users.php --> ftp3.ftptoyoursite.com /web/content/administrator/components/com_users/controllers users.php
2012.10.23 09:07 B C:\inetpub\wwwroot\administrator\components\com_users\controllers\WS_FTP.LOG --> ftp3.ftptoyoursite.com /web/content/administrator/components/com_users/controllers WS_FTP.LOG
2013.02.01 14:43 B C:\inetpub\wwwroot\administrator\components\com_users\controllers\WS_FTP.LOG <-- Schubert Rackspace /web/content/administrator/components/com_users/controllers WS_FTP.LOG
