2012.07.25 12:12 B C:\Users\COBRIEN\Desktop\Schubert\administrator\components\com_rsform\assets\images\icons\adminemails.png <-- Schubert Rackspace /web/content/administrator/components/com_rsform/assets/images/icons adminemails.png
2012.07.25 12:12 B C:\Users\COBRIEN\Desktop\Schubert\administrator\components\com_rsform\assets\images\icons\akismet.png <-- Schubert Rackspace /web/content/administrator/components/com_rsform/assets/images/icons akismet.png
2012.07.25 12:12 B C:\Users\COBRIEN\Desktop\Schubert\administrator\components\com_rsform\assets\images\icons\alert.png <-- Schubert Rackspace /web/content/administrator/components/com_rsform/assets/images/icons alert.png
2012.07.25 12:12 B C:\Users\COBRIEN\Desktop\Schubert\administrator\components\com_rsform\assets\images\icons\button.png <-- Schubert Rackspace /web/content/administrator/components/com_rsform/assets/images/icons button.png
2012.07.25 12:12 B C:\Users\COBRIEN\Desktop\Schubert\administrator\components\com_rsform\assets\images\icons\calendar.png <-- Schubert Rackspace /web/content/administrator/components/com_rsform/assets/images/icons calendar.png
2012.07.25 12:12 B C:\Users\COBRIEN\Desktop\Schubert\administrator\components\com_rsform\assets\images\icons\captchaantispam.png <-- Schubert Rackspace /web/content/administrator/components/com_rsform/assets/images/icons captchaantispam.png
2012.07.25 12:12 B C:\Users\COBRIEN\Desktop\Schubert\administrator\components\com_rsform\assets\images\icons\checkboxgroup.png <-- Schubert Rackspace /web/content/administrator/components/com_rsform/assets/images/icons checkboxgroup.png
2012.07.25 12:12 B C:\Users\COBRIEN\Desktop\Schubert\administrator\components\com_rsform\assets\images\icons\close.png <-- Schubert Rackspace /web/content/administrator/components/com_rsform/assets/images/icons close.png
2012.07.25 12:12 B C:\Users\COBRIEN\Desktop\Schubert\administrator\components\com_rsform\assets\images\icons\component.png <-- Schubert Rackspace /web/content/administrator/components/com_rsform/assets/images/icons component.png
2012.07.25 12:12 B C:\Users\COBRIEN\Desktop\Schubert\administrator\components\com_rsform\assets\images\icons\conditions.png <-- Schubert Rackspace /web/content/administrator/components/com_rsform/assets/images/icons conditions.png
2012.07.25 12:12 B C:\Users\COBRIEN\Desktop\Schubert\administrator\components\com_rsform\assets\images\icons\constantcontact.png <-- Schubert Rackspace /web/content/administrator/components/com_rsform/assets/images/icons constantcontact.png
2012.07.25 12:12 B C:\Users\COBRIEN\Desktop\Schubert\administrator\components\com_rsform\assets\images\icons\cssandjavascript.png <-- Schubert Rackspace /web/content/administrator/components/com_rsform/assets/images/icons cssandjavascript.png
2012.07.25 12:12 B C:\Users\COBRIEN\Desktop\Schubert\administrator\components\com_rsform\assets\images\icons\downarrow.png <-- Schubert Rackspace /web/content/administrator/components/com_rsform/assets/images/icons downarrow.png
2012.07.25 12:12 B C:\Users\COBRIEN\Desktop\Schubert\administrator\components\com_rsform\assets\images\icons\dropdown.png <-- Schubert Rackspace /web/content/administrator/components/com_rsform/assets/images/icons dropdown.png
2012.07.25 12:12 B C:\Users\COBRIEN\Desktop\Schubert\administrator\components\com_rsform\assets\images\icons\edit.png <-- Schubert Rackspace /web/content/administrator/components/com_rsform/assets/images/icons edit.png
2012.07.25 12:12 B C:\Users\COBRIEN\Desktop\Schubert\administrator\components\com_rsform\assets\images\icons\editform.png <-- Schubert Rackspace /web/content/administrator/components/com_rsform/assets/images/icons editform.png
2012.07.25 12:12 B C:\Users\COBRIEN\Desktop\Schubert\administrator\components\com_rsform\assets\images\icons\editformattributes.png <-- Schubert Rackspace /web/content/administrator/components/com_rsform/assets/images/icons editformattributes.png
2012.07.25 12:12 B C:\Users\COBRIEN\Desktop\Schubert\administrator\components\com_rsform\assets\images\icons\emails.png <-- Schubert Rackspace /web/content/administrator/components/com_rsform/assets/images/icons emails.png
2012.07.25 12:12 B C:\Users\COBRIEN\Desktop\Schubert\administrator\components\com_rsform\assets\images\icons\emailscripts.png <-- Schubert Rackspace /web/content/administrator/components/com_rsform/assets/images/icons emailscripts.png
2012.07.25 12:12 B C:\Users\COBRIEN\Desktop\Schubert\administrator\components\com_rsform\assets\images\icons\error.png <-- Schubert Rackspace /web/content/administrator/components/com_rsform/assets/images/icons error.png
2012.07.25 12:12 B C:\Users\COBRIEN\Desktop\Schubert\administrator\components\com_rsform\assets\images\icons\fileupload.png <-- Schubert Rackspace /web/content/administrator/components/com_rsform/assets/images/icons fileupload.png
2012.07.25 12:12 B C:\Users\COBRIEN\Desktop\Schubert\administrator\components\com_rsform\assets\images\icons\formlayout.png <-- Schubert Rackspace /web/content/administrator/components/com_rsform/assets/images/icons formlayout.png
2012.07.25 12:12 B C:\Users\COBRIEN\Desktop\Schubert\administrator\components\com_rsform\assets\images\icons\formtheme.png <-- Schubert Rackspace /web/content/administrator/components/com_rsform/assets/images/icons formtheme.png
2012.07.25 12:12 B C:\Users\COBRIEN\Desktop\Schubert\administrator\components\com_rsform\assets\images\icons\freetext.png <-- Schubert Rackspace /web/content/administrator/components/com_rsform/assets/images/icons freetext.png
2012.07.25 12:12 B C:\Users\COBRIEN\Desktop\Schubert\administrator\components\com_rsform\assets\images\icons\hiddenfield.png <-- Schubert Rackspace /web/content/administrator/components/com_rsform/assets/images/icons hiddenfield.png
2012.07.25 12:12 B C:\Users\COBRIEN\Desktop\Schubert\administrator\components\com_rsform\assets\images\icons\imagebutton.png <-- Schubert Rackspace /web/content/administrator/components/com_rsform/assets/images/icons imagebutton.png
2012.07.25 12:12 B C:\Users\COBRIEN\Desktop\Schubert\administrator\components\com_rsform\assets\images\icons\index.html <-- Schubert Rackspace /web/content/administrator/components/com_rsform/assets/images/icons index.html
2012.07.25 12:12 B C:\Users\COBRIEN\Desktop\Schubert\administrator\components\com_rsform\assets\images\icons\info.png <-- Schubert Rackspace /web/content/administrator/components/com_rsform/assets/images/icons info.png
2012.07.25 12:12 B C:\Users\COBRIEN\Desktop\Schubert\administrator\components\com_rsform\assets\images\icons\joomla.png <-- Schubert Rackspace /web/content/administrator/components/com_rsform/assets/images/icons joomla.png
2012.07.25 12:12 B C:\Users\COBRIEN\Desktop\Schubert\administrator\components\com_rsform\assets\images\icons\mailchimp.png <-- Schubert Rackspace /web/content/administrator/components/com_rsform/assets/images/icons mailchimp.png
2012.07.25 12:12 B C:\Users\COBRIEN\Desktop\Schubert\administrator\components\com_rsform\assets\images\icons\metatags.png <-- Schubert Rackspace /web/content/administrator/components/com_rsform/assets/images/icons metatags.png
2012.07.25 12:12 B C:\Users\COBRIEN\Desktop\Schubert\administrator\components\com_rsform\assets\images\icons\new.png <-- Schubert Rackspace /web/content/administrator/components/com_rsform/assets/images/icons new.png
2012.07.25 12:12 B C:\Users\COBRIEN\Desktop\Schubert\administrator\components\com_rsform\assets\images\icons\ok.png <-- Schubert Rackspace /web/content/administrator/components/com_rsform/assets/images/icons ok.png
2012.07.25 12:12 B C:\Users\COBRIEN\Desktop\Schubert\administrator\components\com_rsform\assets\images\icons\pagebreak.png <-- Schubert Rackspace /web/content/administrator/components/com_rsform/assets/images/icons pagebreak.png
2012.07.25 12:12 B C:\Users\COBRIEN\Desktop\Schubert\administrator\components\com_rsform\assets\images\icons\password.png <-- Schubert Rackspace /web/content/administrator/components/com_rsform/assets/images/icons password.png
2012.07.25 12:12 B C:\Users\COBRIEN\Desktop\Schubert\administrator\components\com_rsform\assets\images\icons\paypal.png <-- Schubert Rackspace /web/content/administrator/components/com_rsform/assets/images/icons paypal.png
2012.07.25 12:12 B C:\Users\COBRIEN\Desktop\Schubert\administrator\components\com_rsform\assets\images\icons\properties.png <-- Schubert Rackspace /web/content/administrator/components/com_rsform/assets/images/icons properties.png
2012.07.25 12:12 B C:\Users\COBRIEN\Desktop\Schubert\administrator\components\com_rsform\assets\images\icons\publish.png <-- Schubert Rackspace /web/content/administrator/components/com_rsform/assets/images/icons publish.png
2012.07.25 12:12 B C:\Users\COBRIEN\Desktop\Schubert\administrator\components\com_rsform\assets\images\icons\radiogroup.png <-- Schubert Rackspace /web/content/administrator/components/com_rsform/assets/images/icons radiogroup.png
2012.07.25 12:12 B C:\Users\COBRIEN\Desktop\Schubert\administrator\components\com_rsform\assets\images\icons\recaptcha.png <-- Schubert Rackspace /web/content/administrator/components/com_rsform/assets/images/icons recaptcha.png
2012.07.25 12:12 B C:\Users\COBRIEN\Desktop\Schubert\administrator\components\com_rsform\assets\images\icons\remove.png <-- Schubert Rackspace /web/content/administrator/components/com_rsform/assets/images/icons remove.png
2012.07.25 12:12 B C:\Users\COBRIEN\Desktop\Schubert\administrator\components\com_rsform\assets\images\icons\salesforce.png <-- Schubert Rackspace /web/content/administrator/components/com_rsform/assets/images/icons salesforce.png
2012.07.25 12:12 B C:\Users\COBRIEN\Desktop\Schubert\administrator\components\com_rsform\assets\images\icons\scripts.png <-- Schubert Rackspace /web/content/administrator/components/com_rsform/assets/images/icons scripts.png
2012.07.25 12:12 B C:\Users\COBRIEN\Desktop\Schubert\administrator\components\com_rsform\assets\images\icons\sql.png <-- Schubert Rackspace /web/content/administrator/components/com_rsform/assets/images/icons sql.png
2012.07.25 12:12 B C:\Users\COBRIEN\Desktop\Schubert\administrator\components\com_rsform\assets\images\icons\submitbutton.png <-- Schubert Rackspace /web/content/administrator/components/com_rsform/assets/images/icons submitbutton.png
2012.07.25 12:12 B C:\Users\COBRIEN\Desktop\Schubert\administrator\components\com_rsform\assets\images\icons\supportticket.png <-- Schubert Rackspace /web/content/administrator/components/com_rsform/assets/images/icons supportticket.png
2012.07.25 12:12 B C:\Users\COBRIEN\Desktop\Schubert\administrator\components\com_rsform\assets\images\icons\textarea.png <-- Schubert Rackspace /web/content/administrator/components/com_rsform/assets/images/icons textarea.png
2012.07.25 12:12 B C:\Users\COBRIEN\Desktop\Schubert\administrator\components\com_rsform\assets\images\icons\textbox.png <-- Schubert Rackspace /web/content/administrator/components/com_rsform/assets/images/icons textbox.png
2012.07.25 12:12 B C:\Users\COBRIEN\Desktop\Schubert\administrator\components\com_rsform\assets\images\icons\ticket.png <-- Schubert Rackspace /web/content/administrator/components/com_rsform/assets/images/icons ticket.png
2012.07.25 12:12 B C:\Users\COBRIEN\Desktop\Schubert\administrator\components\com_rsform\assets\images\icons\unpublish.png <-- Schubert Rackspace /web/content/administrator/components/com_rsform/assets/images/icons unpublish.png
2012.07.25 12:12 B C:\Users\COBRIEN\Desktop\Schubert\administrator\components\com_rsform\assets\images\icons\uparrow.png <-- Schubert Rackspace /web/content/administrator/components/com_rsform/assets/images/icons uparrow.png
2012.07.25 12:12 B C:\Users\COBRIEN\Desktop\Schubert\administrator\components\com_rsform\assets\images\icons\useremails.png <-- Schubert Rackspace /web/content/administrator/components/com_rsform/assets/images/icons useremails.png
2012.09.04 10:46 B C:\inetpub\wwwroot\administrator\components\com_rsform\assets\images\icons\adminemails.png --> ftp3.ftptoyoursite.com /web/content/SITE-TEST/administrator/components/com_rsform/assets/images/icons adminemails.png
2012.09.04 10:46 B C:\inetpub\wwwroot\administrator\components\com_rsform\assets\images\icons\akismet.png --> ftp3.ftptoyoursite.com /web/content/SITE-TEST/administrator/components/com_rsform/assets/images/icons akismet.png
2012.09.04 10:46 B C:\inetpub\wwwroot\administrator\components\com_rsform\assets\images\icons\alert.png --> ftp3.ftptoyoursite.com /web/content/SITE-TEST/administrator/components/com_rsform/assets/images/icons alert.png
2012.09.04 10:46 B C:\inetpub\wwwroot\administrator\components\com_rsform\assets\images\icons\button.png --> ftp3.ftptoyoursite.com /web/content/SITE-TEST/administrator/components/com_rsform/assets/images/icons button.png
2012.09.04 10:46 B C:\inetpub\wwwroot\administrator\components\com_rsform\assets\images\icons\calendar.png --> ftp3.ftptoyoursite.com /web/content/SITE-TEST/administrator/components/com_rsform/assets/images/icons calendar.png
2012.09.04 10:46 B C:\inetpub\wwwroot\administrator\components\com_rsform\assets\images\icons\captchaantispam.png --> ftp3.ftptoyoursite.com /web/content/SITE-TEST/administrator/components/com_rsform/assets/images/icons captchaantispam.png
2012.09.04 10:46 B C:\inetpub\wwwroot\administrator\components\com_rsform\assets\images\icons\checkboxgroup.png --> ftp3.ftptoyoursite.com /web/content/SITE-TEST/administrator/components/com_rsform/assets/images/icons checkboxgroup.png
2012.09.04 10:46 B C:\inetpub\wwwroot\administrator\components\com_rsform\assets\images\icons\close.png --> ftp3.ftptoyoursite.com /web/content/SITE-TEST/administrator/components/com_rsform/assets/images/icons close.png
2012.09.04 10:46 B C:\inetpub\wwwroot\administrator\components\com_rsform\assets\images\icons\component.png --> ftp3.ftptoyoursite.com /web/content/SITE-TEST/administrator/components/com_rsform/assets/images/icons component.png
2012.09.04 10:46 B C:\inetpub\wwwroot\administrator\components\com_rsform\assets\images\icons\conditions.png --> ftp3.ftptoyoursite.com /web/content/SITE-TEST/administrator/components/com_rsform/assets/images/icons conditions.png
2012.09.04 10:46 B C:\inetpub\wwwroot\administrator\components\com_rsform\assets\images\icons\constantcontact.png --> ftp3.ftptoyoursite.com /web/content/SITE-TEST/administrator/components/com_rsform/assets/images/icons constantcontact.png
2012.09.04 10:46 B C:\inetpub\wwwroot\administrator\components\com_rsform\assets\images\icons\cssandjavascript.png --> ftp3.ftptoyoursite.com /web/content/SITE-TEST/administrator/components/com_rsform/assets/images/icons cssandjavascript.png
2012.09.04 10:46 B C:\inetpub\wwwroot\administrator\components\com_rsform\assets\images\icons\downarrow.png --> ftp3.ftptoyoursite.com /web/content/SITE-TEST/administrator/components/com_rsform/assets/images/icons downarrow.png
2012.09.04 10:46 B C:\inetpub\wwwroot\administrator\components\com_rsform\assets\images\icons\dropdown.png --> ftp3.ftptoyoursite.com /web/content/SITE-TEST/administrator/components/com_rsform/assets/images/icons dropdown.png
2012.09.04 10:46 B C:\inetpub\wwwroot\administrator\components\com_rsform\assets\images\icons\edit.png --> ftp3.ftptoyoursite.com /web/content/SITE-TEST/administrator/components/com_rsform/assets/images/icons edit.png
2012.09.04 10:46 B C:\inetpub\wwwroot\administrator\components\com_rsform\assets\images\icons\editform.png --> ftp3.ftptoyoursite.com /web/content/SITE-TEST/administrator/components/com_rsform/assets/images/icons editform.png
2012.09.04 10:46 B C:\inetpub\wwwroot\administrator\components\com_rsform\assets\images\icons\editformattributes.png --> ftp3.ftptoyoursite.com /web/content/SITE-TEST/administrator/components/com_rsform/assets/images/icons editformattributes.png
2012.09.04 10:46 B C:\inetpub\wwwroot\administrator\components\com_rsform\assets\images\icons\emails.png --> ftp3.ftptoyoursite.com /web/content/SITE-TEST/administrator/components/com_rsform/assets/images/icons emails.png
2012.09.04 10:46 B C:\inetpub\wwwroot\administrator\components\com_rsform\assets\images\icons\emailscripts.png --> ftp3.ftptoyoursite.com /web/content/SITE-TEST/administrator/components/com_rsform/assets/images/icons emailscripts.png
2012.09.04 10:46 B C:\inetpub\wwwroot\administrator\components\com_rsform\assets\images\icons\error.png --> ftp3.ftptoyoursite.com /web/content/SITE-TEST/administrator/components/com_rsform/assets/images/icons error.png
2012.09.04 10:46 B C:\inetpub\wwwroot\administrator\components\com_rsform\assets\images\icons\fileupload.png --> ftp3.ftptoyoursite.com /web/content/SITE-TEST/administrator/components/com_rsform/assets/images/icons fileupload.png
2012.09.04 10:46 B C:\inetpub\wwwroot\administrator\components\com_rsform\assets\images\icons\formlayout.png --> ftp3.ftptoyoursite.com /web/content/SITE-TEST/administrator/components/com_rsform/assets/images/icons formlayout.png
2012.09.04 10:46 B C:\inetpub\wwwroot\administrator\components\com_rsform\assets\images\icons\formtheme.png --> ftp3.ftptoyoursite.com /web/content/SITE-TEST/administrator/components/com_rsform/assets/images/icons formtheme.png
2012.09.04 10:46 B C:\inetpub\wwwroot\administrator\components\com_rsform\assets\images\icons\freetext.png --> ftp3.ftptoyoursite.com /web/content/SITE-TEST/administrator/components/com_rsform/assets/images/icons freetext.png
2012.09.04 10:46 B C:\inetpub\wwwroot\administrator\components\com_rsform\assets\images\icons\hiddenfield.png --> ftp3.ftptoyoursite.com /web/content/SITE-TEST/administrator/components/com_rsform/assets/images/icons hiddenfield.png
2012.09.04 10:46 B C:\inetpub\wwwroot\administrator\components\com_rsform\assets\images\icons\imagebutton.png --> ftp3.ftptoyoursite.com /web/content/SITE-TEST/administrator/components/com_rsform/assets/images/icons imagebutton.png
2012.09.04 10:46 B C:\inetpub\wwwroot\administrator\components\com_rsform\assets\images\icons\index.html --> ftp3.ftptoyoursite.com /web/content/SITE-TEST/administrator/components/com_rsform/assets/images/icons index.html
2012.09.04 10:46 B C:\inetpub\wwwroot\administrator\components\com_rsform\assets\images\icons\info.png --> ftp3.ftptoyoursite.com /web/content/SITE-TEST/administrator/components/com_rsform/assets/images/icons info.png
2012.09.04 10:46 B C:\inetpub\wwwroot\administrator\components\com_rsform\assets\images\icons\joomla.png --> ftp3.ftptoyoursite.com /web/content/SITE-TEST/administrator/components/com_rsform/assets/images/icons joomla.png
2012.09.04 10:46 B C:\inetpub\wwwroot\administrator\components\com_rsform\assets\images\icons\mailchimp.png --> ftp3.ftptoyoursite.com /web/content/SITE-TEST/administrator/components/com_rsform/assets/images/icons mailchimp.png
2012.09.04 10:46 B C:\inetpub\wwwroot\administrator\components\com_rsform\assets\images\icons\metatags.png --> ftp3.ftptoyoursite.com /web/content/SITE-TEST/administrator/components/com_rsform/assets/images/icons metatags.png
2012.09.04 10:46 B C:\inetpub\wwwroot\administrator\components\com_rsform\assets\images\icons\new.png --> ftp3.ftptoyoursite.com /web/content/SITE-TEST/administrator/components/com_rsform/assets/images/icons new.png
2012.09.04 10:46 B C:\inetpub\wwwroot\administrator\components\com_rsform\assets\images\icons\ok.png --> ftp3.ftptoyoursite.com /web/content/SITE-TEST/administrator/components/com_rsform/assets/images/icons ok.png
2012.09.04 10:46 B C:\inetpub\wwwroot\administrator\components\com_rsform\assets\images\icons\pagebreak.png --> ftp3.ftptoyoursite.com /web/content/SITE-TEST/administrator/components/com_rsform/assets/images/icons pagebreak.png
2012.09.04 10:46 B C:\inetpub\wwwroot\administrator\components\com_rsform\assets\images\icons\password.png --> ftp3.ftptoyoursite.com /web/content/SITE-TEST/administrator/components/com_rsform/assets/images/icons password.png
2012.09.04 10:46 B C:\inetpub\wwwroot\administrator\components\com_rsform\assets\images\icons\paypal.png --> ftp3.ftptoyoursite.com /web/content/SITE-TEST/administrator/components/com_rsform/assets/images/icons paypal.png
2012.09.04 10:46 B C:\inetpub\wwwroot\administrator\components\com_rsform\assets\images\icons\properties.png --> ftp3.ftptoyoursite.com /web/content/SITE-TEST/administrator/components/com_rsform/assets/images/icons properties.png
2012.09.04 10:46 B C:\inetpub\wwwroot\administrator\components\com_rsform\assets\images\icons\publish.png --> ftp3.ftptoyoursite.com /web/content/SITE-TEST/administrator/components/com_rsform/assets/images/icons publish.png
2012.09.04 10:46 B C:\inetpub\wwwroot\administrator\components\com_rsform\assets\images\icons\radiogroup.png --> ftp3.ftptoyoursite.com /web/content/SITE-TEST/administrator/components/com_rsform/assets/images/icons radiogroup.png
2012.09.04 10:46 B C:\inetpub\wwwroot\administrator\components\com_rsform\assets\images\icons\recaptcha.png --> ftp3.ftptoyoursite.com /web/content/SITE-TEST/administrator/components/com_rsform/assets/images/icons recaptcha.png
2012.09.04 10:46 B C:\inetpub\wwwroot\administrator\components\com_rsform\assets\images\icons\remove.png --> ftp3.ftptoyoursite.com /web/content/SITE-TEST/administrator/components/com_rsform/assets/images/icons remove.png
2012.09.04 10:46 B C:\inetpub\wwwroot\administrator\components\com_rsform\assets\images\icons\salesforce.png --> ftp3.ftptoyoursite.com /web/content/SITE-TEST/administrator/components/com_rsform/assets/images/icons salesforce.png
2012.09.04 10:46 B C:\inetpub\wwwroot\administrator\components\com_rsform\assets\images\icons\scripts.png --> ftp3.ftptoyoursite.com /web/content/SITE-TEST/administrator/components/com_rsform/assets/images/icons scripts.png
2012.09.04 10:46 B C:\inetpub\wwwroot\administrator\components\com_rsform\assets\images\icons\sql.png --> ftp3.ftptoyoursite.com /web/content/SITE-TEST/administrator/components/com_rsform/assets/images/icons sql.png
2012.09.04 10:46 B C:\inetpub\wwwroot\administrator\components\com_rsform\assets\images\icons\submitbutton.png --> ftp3.ftptoyoursite.com /web/content/SITE-TEST/administrator/components/com_rsform/assets/images/icons submitbutton.png
2012.09.04 10:46 B C:\inetpub\wwwroot\administrator\components\com_rsform\assets\images\icons\supportticket.png --> ftp3.ftptoyoursite.com /web/content/SITE-TEST/administrator/components/com_rsform/assets/images/icons supportticket.png
2012.09.04 10:46 B C:\inetpub\wwwroot\administrator\components\com_rsform\assets\images\icons\textarea.png --> ftp3.ftptoyoursite.com /web/content/SITE-TEST/administrator/components/com_rsform/assets/images/icons textarea.png
2012.09.04 10:46 B C:\inetpub\wwwroot\administrator\components\com_rsform\assets\images\icons\textbox.png --> ftp3.ftptoyoursite.com /web/content/SITE-TEST/administrator/components/com_rsform/assets/images/icons textbox.png
2012.09.04 10:46 B C:\inetpub\wwwroot\administrator\components\com_rsform\assets\images\icons\ticket.png --> ftp3.ftptoyoursite.com /web/content/SITE-TEST/administrator/components/com_rsform/assets/images/icons ticket.png
2012.09.04 10:46 B C:\inetpub\wwwroot\administrator\components\com_rsform\assets\images\icons\unpublish.png --> ftp3.ftptoyoursite.com /web/content/SITE-TEST/administrator/components/com_rsform/assets/images/icons unpublish.png
2012.09.04 10:46 B C:\inetpub\wwwroot\administrator\components\com_rsform\assets\images\icons\uparrow.png --> ftp3.ftptoyoursite.com /web/content/SITE-TEST/administrator/components/com_rsform/assets/images/icons uparrow.png
2012.09.04 10:46 B C:\inetpub\wwwroot\administrator\components\com_rsform\assets\images\icons\useremails.png --> ftp3.ftptoyoursite.com /web/content/SITE-TEST/administrator/components/com_rsform/assets/images/icons useremails.png
2012.09.04 10:46 B C:\inetpub\wwwroot\administrator\components\com_rsform\assets\images\icons\WS_FTP.LOG --> ftp3.ftptoyoursite.com /web/content/SITE-TEST/administrator/components/com_rsform/assets/images/icons WS_FTP.LOG
2012.09.06 15:02 B C:\inetpub\wwwroot\administrator\components\com_rsform\assets\images\icons\adminemails.png --> ftp3.ftptoyoursite.com /web/content/SITEBACKUP_962012/administrator/components/com_rsform/assets/images/icons adminemails.png
2012.09.06 15:02 B C:\inetpub\wwwroot\administrator\components\com_rsform\assets\images\icons\akismet.png --> ftp3.ftptoyoursite.com /web/content/SITEBACKUP_962012/administrator/components/com_rsform/assets/images/icons akismet.png
2012.09.06 15:02 B C:\inetpub\wwwroot\administrator\components\com_rsform\assets\images\icons\alert.png --> ftp3.ftptoyoursite.com /web/content/SITEBACKUP_962012/administrator/components/com_rsform/assets/images/icons alert.png
2012.09.06 15:02 B C:\inetpub\wwwroot\administrator\components\com_rsform\assets\images\icons\button.png --> ftp3.ftptoyoursite.com /web/content/SITEBACKUP_962012/administrator/components/com_rsform/assets/images/icons button.png
2012.09.06 15:02 B C:\inetpub\wwwroot\administrator\components\com_rsform\assets\images\icons\calendar.png --> ftp3.ftptoyoursite.com /web/content/SITEBACKUP_962012/administrator/components/com_rsform/assets/images/icons calendar.png
2012.09.06 15:02 B C:\inetpub\wwwroot\administrator\components\com_rsform\assets\images\icons\captchaantispam.png --> ftp3.ftptoyoursite.com /web/content/SITEBACKUP_962012/administrator/components/com_rsform/assets/images/icons captchaantispam.png
2012.09.06 15:03 B C:\inetpub\wwwroot\administrator\components\com_rsform\assets\images\icons\checkboxgroup.png --> ftp3.ftptoyoursite.com /web/content/SITEBACKUP_962012/administrator/components/com_rsform/assets/images/icons checkboxgroup.png
2012.09.06 15:03 B C:\inetpub\wwwroot\administrator\components\com_rsform\assets\images\icons\close.png --> ftp3.ftptoyoursite.com /web/content/SITEBACKUP_962012/administrator/components/com_rsform/assets/images/icons close.png
2012.09.06 15:03 B C:\inetpub\wwwroot\administrator\components\com_rsform\assets\images\icons\component.png --> ftp3.ftptoyoursite.com /web/content/SITEBACKUP_962012/administrator/components/com_rsform/assets/images/icons component.png
2012.09.06 15:03 B C:\inetpub\wwwroot\administrator\components\com_rsform\assets\images\icons\conditions.png --> ftp3.ftptoyoursite.com /web/content/SITEBACKUP_962012/administrator/components/com_rsform/assets/images/icons conditions.png
2012.09.06 15:03 B C:\inetpub\wwwroot\administrator\components\com_rsform\assets\images\icons\constantcontact.png --> ftp3.ftptoyoursite.com /web/content/SITEBACKUP_962012/administrator/components/com_rsform/assets/images/icons constantcontact.png
2012.09.06 15:03 B C:\inetpub\wwwroot\administrator\components\com_rsform\assets\images\icons\cssandjavascript.png --> ftp3.ftptoyoursite.com /web/content/SITEBACKUP_962012/administrator/components/com_rsform/assets/images/icons cssandjavascript.png
2012.09.06 15:03 B C:\inetpub\wwwroot\administrator\components\com_rsform\assets\images\icons\downarrow.png --> ftp3.ftptoyoursite.com /web/content/SITEBACKUP_962012/administrator/components/com_rsform/assets/images/icons downarrow.png
2012.09.06 15:03 B C:\inetpub\wwwroot\administrator\components\com_rsform\assets\images\icons\dropdown.png --> ftp3.ftptoyoursite.com /web/content/SITEBACKUP_962012/administrator/components/com_rsform/assets/images/icons dropdown.png
2012.09.06 15:03 B C:\inetpub\wwwroot\administrator\components\com_rsform\assets\images\icons\edit.png --> ftp3.ftptoyoursite.com /web/content/SITEBACKUP_962012/administrator/components/com_rsform/assets/images/icons edit.png
2012.09.06 15:03 B C:\inetpub\wwwroot\administrator\components\com_rsform\assets\images\icons\editform.png --> ftp3.ftptoyoursite.com /web/content/SITEBACKUP_962012/administrator/components/com_rsform/assets/images/icons editform.png
2012.09.06 15:03 B C:\inetpub\wwwroot\administrator\components\com_rsform\assets\images\icons\editformattributes.png --> ftp3.ftptoyoursite.com /web/content/SITEBACKUP_962012/administrator/components/com_rsform/assets/images/icons editformattributes.png
2012.09.06 15:03 B C:\inetpub\wwwroot\administrator\components\com_rsform\assets\images\icons\emails.png --> ftp3.ftptoyoursite.com /web/content/SITEBACKUP_962012/administrator/components/com_rsform/assets/images/icons emails.png
2012.09.06 15:03 B C:\inetpub\wwwroot\administrator\components\com_rsform\assets\images\icons\emailscripts.png --> ftp3.ftptoyoursite.com /web/content/SITEBACKUP_962012/administrator/components/com_rsform/assets/images/icons emailscripts.png
2012.09.06 15:03 B C:\inetpub\wwwroot\administrator\components\com_rsform\assets\images\icons\error.png --> ftp3.ftptoyoursite.com /web/content/SITEBACKUP_962012/administrator/components/com_rsform/assets/images/icons error.png
2012.09.06 15:03 B C:\inetpub\wwwroot\administrator\components\com_rsform\assets\images\icons\fileupload.png --> ftp3.ftptoyoursite.com /web/content/SITEBACKUP_962012/administrator/components/com_rsform/assets/images/icons fileupload.png
2012.09.06 15:03 B C:\inetpub\wwwroot\administrator\components\com_rsform\assets\images\icons\formlayout.png --> ftp3.ftptoyoursite.com /web/content/SITEBACKUP_962012/administrator/components/com_rsform/assets/images/icons formlayout.png
2012.09.06 15:03 B C:\inetpub\wwwroot\administrator\components\com_rsform\assets\images\icons\formtheme.png --> ftp3.ftptoyoursite.com /web/content/SITEBACKUP_962012/administrator/components/com_rsform/assets/images/icons formtheme.png
2012.09.06 15:03 B C:\inetpub\wwwroot\administrator\components\com_rsform\assets\images\icons\freetext.png --> ftp3.ftptoyoursite.com /web/content/SITEBACKUP_962012/administrator/components/com_rsform/assets/images/icons freetext.png
2012.09.06 15:03 B C:\inetpub\wwwroot\administrator\components\com_rsform\assets\images\icons\hiddenfield.png --> ftp3.ftptoyoursite.com /web/content/SITEBACKUP_962012/administrator/components/com_rsform/assets/images/icons hiddenfield.png
2012.09.06 15:03 B C:\inetpub\wwwroot\administrator\components\com_rsform\assets\images\icons\imagebutton.png --> ftp3.ftptoyoursite.com /web/content/SITEBACKUP_962012/administrator/components/com_rsform/assets/images/icons imagebutton.png
2012.09.06 15:03 B C:\inetpub\wwwroot\administrator\components\com_rsform\assets\images\icons\index.html --> ftp3.ftptoyoursite.com /web/content/SITEBACKUP_962012/administrator/components/com_rsform/assets/images/icons index.html
2012.09.06 15:03 B C:\inetpub\wwwroot\administrator\components\com_rsform\assets\images\icons\info.png --> ftp3.ftptoyoursite.com /web/content/SITEBACKUP_962012/administrator/components/com_rsform/assets/images/icons info.png
2012.09.06 15:03 B C:\inetpub\wwwroot\administrator\components\com_rsform\assets\images\icons\joomla.png --> ftp3.ftptoyoursite.com /web/content/SITEBACKUP_962012/administrator/components/com_rsform/assets/images/icons joomla.png
2012.09.06 15:03 B C:\inetpub\wwwroot\administrator\components\com_rsform\assets\images\icons\mailchimp.png --> ftp3.ftptoyoursite.com /web/content/SITEBACKUP_962012/administrator/components/com_rsform/assets/images/icons mailchimp.png
2012.09.06 15:03 B C:\inetpub\wwwroot\administrator\components\com_rsform\assets\images\icons\metatags.png --> ftp3.ftptoyoursite.com /web/content/SITEBACKUP_962012/administrator/components/com_rsform/assets/images/icons metatags.png
2012.09.06 15:03 B C:\inetpub\wwwroot\administrator\components\com_rsform\assets\images\icons\new.png --> ftp3.ftptoyoursite.com /web/content/SITEBACKUP_962012/administrator/components/com_rsform/assets/images/icons new.png
2012.09.06 15:03 B C:\inetpub\wwwroot\administrator\components\com_rsform\assets\images\icons\ok.png --> ftp3.ftptoyoursite.com /web/content/SITEBACKUP_962012/administrator/components/com_rsform/assets/images/icons ok.png
2012.09.06 15:03 B C:\inetpub\wwwroot\administrator\components\com_rsform\assets\images\icons\pagebreak.png --> ftp3.ftptoyoursite.com /web/content/SITEBACKUP_962012/administrator/components/com_rsform/assets/images/icons pagebreak.png
2012.09.06 15:03 B C:\inetpub\wwwroot\administrator\components\com_rsform\assets\images\icons\password.png --> ftp3.ftptoyoursite.com /web/content/SITEBACKUP_962012/administrator/components/com_rsform/assets/images/icons password.png
2012.09.06 15:03 B C:\inetpub\wwwroot\administrator\components\com_rsform\assets\images\icons\paypal.png --> ftp3.ftptoyoursite.com /web/content/SITEBACKUP_962012/administrator/components/com_rsform/assets/images/icons paypal.png
2012.09.06 15:03 B C:\inetpub\wwwroot\administrator\components\com_rsform\assets\images\icons\properties.png --> ftp3.ftptoyoursite.com /web/content/SITEBACKUP_962012/administrator/components/com_rsform/assets/images/icons properties.png
2012.09.06 15:03 B C:\inetpub\wwwroot\administrator\components\com_rsform\assets\images\icons\publish.png --> ftp3.ftptoyoursite.com /web/content/SITEBACKUP_962012/administrator/components/com_rsform/assets/images/icons publish.png
2012.09.06 15:03 B C:\inetpub\wwwroot\administrator\components\com_rsform\assets\images\icons\radiogroup.png --> ftp3.ftptoyoursite.com /web/content/SITEBACKUP_962012/administrator/components/com_rsform/assets/images/icons radiogroup.png
2012.09.06 15:03 B C:\inetpub\wwwroot\administrator\components\com_rsform\assets\images\icons\recaptcha.png --> ftp3.ftptoyoursite.com /web/content/SITEBACKUP_962012/administrator/components/com_rsform/assets/images/icons recaptcha.png
2012.09.06 15:03 B C:\inetpub\wwwroot\administrator\components\com_rsform\assets\images\icons\remove.png --> ftp3.ftptoyoursite.com /web/content/SITEBACKUP_962012/administrator/components/com_rsform/assets/images/icons remove.png
2012.09.06 15:03 B C:\inetpub\wwwroot\administrator\components\com_rsform\assets\images\icons\salesforce.png --> ftp3.ftptoyoursite.com /web/content/SITEBACKUP_962012/administrator/components/com_rsform/assets/images/icons salesforce.png
2012.09.06 15:03 B C:\inetpub\wwwroot\administrator\components\com_rsform\assets\images\icons\scripts.png --> ftp3.ftptoyoursite.com /web/content/SITEBACKUP_962012/administrator/components/com_rsform/assets/images/icons scripts.png
2012.09.06 15:03 B C:\inetpub\wwwroot\administrator\components\com_rsform\assets\images\icons\sql.png --> ftp3.ftptoyoursite.com /web/content/SITEBACKUP_962012/administrator/components/com_rsform/assets/images/icons sql.png
2012.09.06 15:03 B C:\inetpub\wwwroot\administrator\components\com_rsform\assets\images\icons\submitbutton.png --> ftp3.ftptoyoursite.com /web/content/SITEBACKUP_962012/administrator/components/com_rsform/assets/images/icons submitbutton.png
2012.09.06 15:03 B C:\inetpub\wwwroot\administrator\components\com_rsform\assets\images\icons\supportticket.png --> ftp3.ftptoyoursite.com /web/content/SITEBACKUP_962012/administrator/components/com_rsform/assets/images/icons supportticket.png
2012.09.06 15:03 B C:\inetpub\wwwroot\administrator\components\com_rsform\assets\images\icons\textarea.png --> ftp3.ftptoyoursite.com /web/content/SITEBACKUP_962012/administrator/components/com_rsform/assets/images/icons textarea.png
2012.09.06 15:03 B C:\inetpub\wwwroot\administrator\components\com_rsform\assets\images\icons\textbox.png --> ftp3.ftptoyoursite.com /web/content/SITEBACKUP_962012/administrator/components/com_rsform/assets/images/icons textbox.png
2012.09.06 15:03 B C:\inetpub\wwwroot\administrator\components\com_rsform\assets\images\icons\ticket.png --> ftp3.ftptoyoursite.com /web/content/SITEBACKUP_962012/administrator/components/com_rsform/assets/images/icons ticket.png
2012.09.06 15:03 B C:\inetpub\wwwroot\administrator\components\com_rsform\assets\images\icons\unpublish.png --> ftp3.ftptoyoursite.com /web/content/SITEBACKUP_962012/administrator/components/com_rsform/assets/images/icons unpublish.png
2012.09.06 15:03 B C:\inetpub\wwwroot\administrator\components\com_rsform\assets\images\icons\uparrow.png --> ftp3.ftptoyoursite.com /web/content/SITEBACKUP_962012/administrator/components/com_rsform/assets/images/icons uparrow.png
2012.09.06 15:03 B C:\inetpub\wwwroot\administrator\components\com_rsform\assets\images\icons\useremails.png --> ftp3.ftptoyoursite.com /web/content/SITEBACKUP_962012/administrator/components/com_rsform/assets/images/icons useremails.png
2012.09.06 15:03 B C:\inetpub\wwwroot\administrator\components\com_rsform\assets\images\icons\WS_FTP.LOG --> ftp3.ftptoyoursite.com /web/content/SITEBACKUP_962012/administrator/components/com_rsform/assets/images/icons WS_FTP.LOG
2012.09.06 15:45 B C:\inetpub\wwwroot\administrator\components\com_rsform\assets\images\icons\adminemails.png <-- Schubert Rackspace /web/content/SITEBACKUP_962012/administrator/components/com_rsform/assets/images/icons adminemails.png
2012.09.06 15:45 B C:\inetpub\wwwroot\administrator\components\com_rsform\assets\images\icons\akismet.png <-- Schubert Rackspace /web/content/SITEBACKUP_962012/administrator/components/com_rsform/assets/images/icons akismet.png
2012.09.06 15:45 B C:\inetpub\wwwroot\administrator\components\com_rsform\assets\images\icons\alert.png <-- Schubert Rackspace /web/content/SITEBACKUP_962012/administrator/components/com_rsform/assets/images/icons alert.png
2012.09.06 15:45 B C:\inetpub\wwwroot\administrator\components\com_rsform\assets\images\icons\button.png <-- Schubert Rackspace /web/content/SITEBACKUP_962012/administrator/components/com_rsform/assets/images/icons button.png
2012.09.06 15:45 B C:\inetpub\wwwroot\administrator\components\com_rsform\assets\images\icons\calendar.png <-- Schubert Rackspace /web/content/SITEBACKUP_962012/administrator/components/com_rsform/assets/images/icons calendar.png
2012.09.06 15:45 B C:\inetpub\wwwroot\administrator\components\com_rsform\assets\images\icons\captchaantispam.png <-- Schubert Rackspace /web/content/SITEBACKUP_962012/administrator/components/com_rsform/assets/images/icons captchaantispam.png
2012.09.06 15:45 B C:\inetpub\wwwroot\administrator\components\com_rsform\assets\images\icons\checkboxgroup.png <-- Schubert Rackspace /web/content/SITEBACKUP_962012/administrator/components/com_rsform/assets/images/icons checkboxgroup.png
2012.09.06 15:45 B C:\inetpub\wwwroot\administrator\components\com_rsform\assets\images\icons\close.png <-- Schubert Rackspace /web/content/SITEBACKUP_962012/administrator/components/com_rsform/assets/images/icons close.png
2012.09.06 15:45 B C:\inetpub\wwwroot\administrator\components\com_rsform\assets\images\icons\component.png <-- Schubert Rackspace /web/content/SITEBACKUP_962012/administrator/components/com_rsform/assets/images/icons component.png
2012.09.06 15:45 B C:\inetpub\wwwroot\administrator\components\com_rsform\assets\images\icons\conditions.png <-- Schubert Rackspace /web/content/SITEBACKUP_962012/administrator/components/com_rsform/assets/images/icons conditions.png
2012.09.06 15:45 B C:\inetpub\wwwroot\administrator\components\com_rsform\assets\images\icons\constantcontact.png <-- Schubert Rackspace /web/content/SITEBACKUP_962012/administrator/components/com_rsform/assets/images/icons constantcontact.png
2012.09.06 15:45 B C:\inetpub\wwwroot\administrator\components\com_rsform\assets\images\icons\cssandjavascript.png <-- Schubert Rackspace /web/content/SITEBACKUP_962012/administrator/components/com_rsform/assets/images/icons cssandjavascript.png
2012.09.06 15:45 B C:\inetpub\wwwroot\administrator\components\com_rsform\assets\images\icons\downarrow.png <-- Schubert Rackspace /web/content/SITEBACKUP_962012/administrator/components/com_rsform/assets/images/icons downarrow.png
2012.09.06 15:45 B C:\inetpub\wwwroot\administrator\components\com_rsform\assets\images\icons\dropdown.png <-- Schubert Rackspace /web/content/SITEBACKUP_962012/administrator/components/com_rsform/assets/images/icons dropdown.png
2012.09.06 15:45 B C:\inetpub\wwwroot\administrator\components\com_rsform\assets\images\icons\edit.png <-- Schubert Rackspace /web/content/SITEBACKUP_962012/administrator/components/com_rsform/assets/images/icons edit.png
2012.09.06 15:45 B C:\inetpub\wwwroot\administrator\components\com_rsform\assets\images\icons\editform.png <-- Schubert Rackspace /web/content/SITEBACKUP_962012/administrator/components/com_rsform/assets/images/icons editform.png
2012.09.06 15:45 B C:\inetpub\wwwroot\administrator\components\com_rsform\assets\images\icons\editformattributes.png <-- Schubert Rackspace /web/content/SITEBACKUP_962012/administrator/components/com_rsform/assets/images/icons editformattributes.png
2012.09.06 15:45 B C:\inetpub\wwwroot\administrator\components\com_rsform\assets\images\icons\emails.png <-- Schubert Rackspace /web/content/SITEBACKUP_962012/administrator/components/com_rsform/assets/images/icons emails.png
2012.09.06 15:45 B C:\inetpub\wwwroot\administrator\components\com_rsform\assets\images\icons\emailscripts.png <-- Schubert Rackspace /web/content/SITEBACKUP_962012/administrator/components/com_rsform/assets/images/icons emailscripts.png
2012.09.06 15:45 B C:\inetpub\wwwroot\administrator\components\com_rsform\assets\images\icons\error.png <-- Schubert Rackspace /web/content/SITEBACKUP_962012/administrator/components/com_rsform/assets/images/icons error.png
2012.09.06 15:45 B C:\inetpub\wwwroot\administrator\components\com_rsform\assets\images\icons\fileupload.png <-- Schubert Rackspace /web/content/SITEBACKUP_962012/administrator/components/com_rsform/assets/images/icons fileupload.png
2012.09.06 15:45 B C:\inetpub\wwwroot\administrator\components\com_rsform\assets\images\icons\formlayout.png <-- Schubert Rackspace /web/content/SITEBACKUP_962012/administrator/components/com_rsform/assets/images/icons formlayout.png
2012.09.06 15:45 B C:\inetpub\wwwroot\administrator\components\com_rsform\assets\images\icons\formtheme.png <-- Schubert Rackspace /web/content/SITEBACKUP_962012/administrator/components/com_rsform/assets/images/icons formtheme.png
2012.09.06 15:45 B C:\inetpub\wwwroot\administrator\components\com_rsform\assets\images\icons\freetext.png <-- Schubert Rackspace /web/content/SITEBACKUP_962012/administrator/components/com_rsform/assets/images/icons freetext.png
2012.09.06 15:45 B C:\inetpub\wwwroot\administrator\components\com_rsform\assets\images\icons\hiddenfield.png <-- Schubert Rackspace /web/content/SITEBACKUP_962012/administrator/components/com_rsform/assets/images/icons hiddenfield.png
2012.09.06 15:45 B C:\inetpub\wwwroot\administrator\components\com_rsform\assets\images\icons\imagebutton.png <-- Schubert Rackspace /web/content/SITEBACKUP_962012/administrator/components/com_rsform/assets/images/icons imagebutton.png
2012.09.06 15:45 B C:\inetpub\wwwroot\administrator\components\com_rsform\assets\images\icons\index.html <-- Schubert Rackspace /web/content/SITEBACKUP_962012/administrator/components/com_rsform/assets/images/icons index.html
2012.09.06 15:45 B C:\inetpub\wwwroot\administrator\components\com_rsform\assets\images\icons\info.png <-- Schubert Rackspace /web/content/SITEBACKUP_962012/administrator/components/com_rsform/assets/images/icons info.png
2012.09.06 15:45 B C:\inetpub\wwwroot\administrator\components\com_rsform\assets\images\icons\joomla.png <-- Schubert Rackspace /web/content/SITEBACKUP_962012/administrator/components/com_rsform/assets/images/icons joomla.png
2012.09.06 15:45 B C:\inetpub\wwwroot\administrator\components\com_rsform\assets\images\icons\mailchimp.png <-- Schubert Rackspace /web/content/SITEBACKUP_962012/administrator/components/com_rsform/assets/images/icons mailchimp.png
2012.09.06 15:45 B C:\inetpub\wwwroot\administrator\components\com_rsform\assets\images\icons\metatags.png <-- Schubert Rackspace /web/content/SITEBACKUP_962012/administrator/components/com_rsform/assets/images/icons metatags.png
2012.09.06 15:45 B C:\inetpub\wwwroot\administrator\components\com_rsform\assets\images\icons\new.png <-- Schubert Rackspace /web/content/SITEBACKUP_962012/administrator/components/com_rsform/assets/images/icons new.png
2012.09.06 15:45 B C:\inetpub\wwwroot\administrator\components\com_rsform\assets\images\icons\ok.png <-- Schubert Rackspace /web/content/SITEBACKUP_962012/administrator/components/com_rsform/assets/images/icons ok.png
2012.09.06 15:45 B C:\inetpub\wwwroot\administrator\components\com_rsform\assets\images\icons\pagebreak.png <-- Schubert Rackspace /web/content/SITEBACKUP_962012/administrator/components/com_rsform/assets/images/icons pagebreak.png
2012.09.06 15:45 B C:\inetpub\wwwroot\administrator\components\com_rsform\assets\images\icons\password.png <-- Schubert Rackspace /web/content/SITEBACKUP_962012/administrator/components/com_rsform/assets/images/icons password.png
2012.09.06 15:45 B C:\inetpub\wwwroot\administrator\components\com_rsform\assets\images\icons\paypal.png <-- Schubert Rackspace /web/content/SITEBACKUP_962012/administrator/components/com_rsform/assets/images/icons paypal.png
2012.09.06 15:45 B C:\inetpub\wwwroot\administrator\components\com_rsform\assets\images\icons\properties.png <-- Schubert Rackspace /web/content/SITEBACKUP_962012/administrator/components/com_rsform/assets/images/icons properties.png
2012.09.06 15:45 B C:\inetpub\wwwroot\administrator\components\com_rsform\assets\images\icons\publish.png <-- Schubert Rackspace /web/content/SITEBACKUP_962012/administrator/components/com_rsform/assets/images/icons publish.png
2012.09.06 15:45 B C:\inetpub\wwwroot\administrator\components\com_rsform\assets\images\icons\radiogroup.png <-- Schubert Rackspace /web/content/SITEBACKUP_962012/administrator/components/com_rsform/assets/images/icons radiogroup.png
2012.09.06 15:45 B C:\inetpub\wwwroot\administrator\components\com_rsform\assets\images\icons\recaptcha.png <-- Schubert Rackspace /web/content/SITEBACKUP_962012/administrator/components/com_rsform/assets/images/icons recaptcha.png
2012.09.06 15:45 B C:\inetpub\wwwroot\administrator\components\com_rsform\assets\images\icons\remove.png <-- Schubert Rackspace /web/content/SITEBACKUP_962012/administrator/components/com_rsform/assets/images/icons remove.png
2012.09.06 15:45 B C:\inetpub\wwwroot\administrator\components\com_rsform\assets\images\icons\salesforce.png <-- Schubert Rackspace /web/content/SITEBACKUP_962012/administrator/components/com_rsform/assets/images/icons salesforce.png
2012.09.06 15:45 B C:\inetpub\wwwroot\administrator\components\com_rsform\assets\images\icons\scripts.png <-- Schubert Rackspace /web/content/SITEBACKUP_962012/administrator/components/com_rsform/assets/images/icons scripts.png
2012.09.06 15:45 B C:\inetpub\wwwroot\administrator\components\com_rsform\assets\images\icons\sql.png <-- Schubert Rackspace /web/content/SITEBACKUP_962012/administrator/components/com_rsform/assets/images/icons sql.png
2012.09.06 15:45 B C:\inetpub\wwwroot\administrator\components\com_rsform\assets\images\icons\submitbutton.png <-- Schubert Rackspace /web/content/SITEBACKUP_962012/administrator/components/com_rsform/assets/images/icons submitbutton.png
2012.09.06 15:45 B C:\inetpub\wwwroot\administrator\components\com_rsform\assets\images\icons\supportticket.png <-- Schubert Rackspace /web/content/SITEBACKUP_962012/administrator/components/com_rsform/assets/images/icons supportticket.png
2012.09.06 15:45 B C:\inetpub\wwwroot\administrator\components\com_rsform\assets\images\icons\textarea.png <-- Schubert Rackspace /web/content/SITEBACKUP_962012/administrator/components/com_rsform/assets/images/icons textarea.png
2012.09.06 15:45 B C:\inetpub\wwwroot\administrator\components\com_rsform\assets\images\icons\textbox.png <-- Schubert Rackspace /web/content/SITEBACKUP_962012/administrator/components/com_rsform/assets/images/icons textbox.png
2012.09.06 15:45 B C:\inetpub\wwwroot\administrator\components\com_rsform\assets\images\icons\ticket.png <-- Schubert Rackspace /web/content/SITEBACKUP_962012/administrator/components/com_rsform/assets/images/icons ticket.png
2012.09.06 15:45 B C:\inetpub\wwwroot\administrator\components\com_rsform\assets\images\icons\unpublish.png <-- Schubert Rackspace /web/content/SITEBACKUP_962012/administrator/components/com_rsform/assets/images/icons unpublish.png
2012.09.06 15:45 B C:\inetpub\wwwroot\administrator\components\com_rsform\assets\images\icons\uparrow.png <-- Schubert Rackspace /web/content/SITEBACKUP_962012/administrator/components/com_rsform/assets/images/icons uparrow.png
2012.09.06 15:45 B C:\inetpub\wwwroot\administrator\components\com_rsform\assets\images\icons\useremails.png <-- Schubert Rackspace /web/content/SITEBACKUP_962012/administrator/components/com_rsform/assets/images/icons useremails.png
2012.10.23 09:06 B C:\inetpub\wwwroot\administrator\components\com_rsform\assets\images\icons\adminemails.png --> ftp3.ftptoyoursite.com /web/content/administrator/components/com_rsform/assets/images/icons adminemails.png
2012.10.23 09:06 B C:\inetpub\wwwroot\administrator\components\com_rsform\assets\images\icons\akismet.png --> ftp3.ftptoyoursite.com /web/content/administrator/components/com_rsform/assets/images/icons akismet.png
2012.10.23 09:06 B C:\inetpub\wwwroot\administrator\components\com_rsform\assets\images\icons\alert.png --> ftp3.ftptoyoursite.com /web/content/administrator/components/com_rsform/assets/images/icons alert.png
2012.10.23 09:06 B C:\inetpub\wwwroot\administrator\components\com_rsform\assets\images\icons\button.png --> ftp3.ftptoyoursite.com /web/content/administrator/components/com_rsform/assets/images/icons button.png
2012.10.23 09:06 B C:\inetpub\wwwroot\administrator\components\com_rsform\assets\images\icons\calendar.png --> ftp3.ftptoyoursite.com /web/content/administrator/components/com_rsform/assets/images/icons calendar.png
2012.10.23 09:06 B C:\inetpub\wwwroot\administrator\components\com_rsform\assets\images\icons\captchaantispam.png --> ftp3.ftptoyoursite.com /web/content/administrator/components/com_rsform/assets/images/icons captchaantispam.png
2012.10.23 09:06 B C:\inetpub\wwwroot\administrator\components\com_rsform\assets\images\icons\checkboxgroup.png --> ftp3.ftptoyoursite.com /web/content/administrator/components/com_rsform/assets/images/icons checkboxgroup.png
2012.10.23 09:06 B C:\inetpub\wwwroot\administrator\components\com_rsform\assets\images\icons\close.png --> ftp3.ftptoyoursite.com /web/content/administrator/components/com_rsform/assets/images/icons close.png
2012.10.23 09:06 B C:\inetpub\wwwroot\administrator\components\com_rsform\assets\images\icons\component.png --> ftp3.ftptoyoursite.com /web/content/administrator/components/com_rsform/assets/images/icons component.png
2012.10.23 09:06 B C:\inetpub\wwwroot\administrator\components\com_rsform\assets\images\icons\conditions.png --> ftp3.ftptoyoursite.com /web/content/administrator/components/com_rsform/assets/images/icons conditions.png
2012.10.23 09:06 B C:\inetpub\wwwroot\administrator\components\com_rsform\assets\images\icons\constantcontact.png --> ftp3.ftptoyoursite.com /web/content/administrator/components/com_rsform/assets/images/icons constantcontact.png
2012.10.23 09:06 B C:\inetpub\wwwroot\administrator\components\com_rsform\assets\images\icons\cssandjavascript.png --> ftp3.ftptoyoursite.com /web/content/administrator/components/com_rsform/assets/images/icons cssandjavascript.png
2012.10.23 09:06 B C:\inetpub\wwwroot\administrator\components\com_rsform\assets\images\icons\downarrow.png --> ftp3.ftptoyoursite.com /web/content/administrator/components/com_rsform/assets/images/icons downarrow.png
2012.10.23 09:06 B C:\inetpub\wwwroot\administrator\components\com_rsform\assets\images\icons\dropdown.png --> ftp3.ftptoyoursite.com /web/content/administrator/components/com_rsform/assets/images/icons dropdown.png
2012.10.23 09:06 B C:\inetpub\wwwroot\administrator\components\com_rsform\assets\images\icons\edit.png --> ftp3.ftptoyoursite.com /web/content/administrator/components/com_rsform/assets/images/icons edit.png
2012.10.23 09:06 B C:\inetpub\wwwroot\administrator\components\com_rsform\assets\images\icons\editform.png --> ftp3.ftptoyoursite.com /web/content/administrator/components/com_rsform/assets/images/icons editform.png
2012.10.23 09:06 B C:\inetpub\wwwroot\administrator\components\com_rsform\assets\images\icons\editformattributes.png --> ftp3.ftptoyoursite.com /web/content/administrator/components/com_rsform/assets/images/icons editformattributes.png
2012.10.23 09:06 B C:\inetpub\wwwroot\administrator\components\com_rsform\assets\images\icons\emails.png --> ftp3.ftptoyoursite.com /web/content/administrator/components/com_rsform/assets/images/icons emails.png
2012.10.23 09:06 B C:\inetpub\wwwroot\administrator\components\com_rsform\assets\images\icons\emailscripts.png --> ftp3.ftptoyoursite.com /web/content/administrator/components/com_rsform/assets/images/icons emailscripts.png
2012.10.23 09:06 B C:\inetpub\wwwroot\administrator\components\com_rsform\assets\images\icons\error.png --> ftp3.ftptoyoursite.com /web/content/administrator/components/com_rsform/assets/images/icons error.png
2012.10.23 09:06 B C:\inetpub\wwwroot\administrator\components\com_rsform\assets\images\icons\fileupload.png --> ftp3.ftptoyoursite.com /web/content/administrator/components/com_rsform/assets/images/icons fileupload.png
2012.10.23 09:06 B C:\inetpub\wwwroot\administrator\components\com_rsform\assets\images\icons\formlayout.png --> ftp3.ftptoyoursite.com /web/content/administrator/components/com_rsform/assets/images/icons formlayout.png
2012.10.23 09:06 B C:\inetpub\wwwroot\administrator\components\com_rsform\assets\images\icons\formtheme.png --> ftp3.ftptoyoursite.com /web/content/administrator/components/com_rsform/assets/images/icons formtheme.png
2012.10.23 09:06 B C:\inetpub\wwwroot\administrator\components\com_rsform\assets\images\icons\freetext.png --> ftp3.ftptoyoursite.com /web/content/administrator/components/com_rsform/assets/images/icons freetext.png
2012.10.23 09:06 B C:\inetpub\wwwroot\administrator\components\com_rsform\assets\images\icons\hiddenfield.png --> ftp3.ftptoyoursite.com /web/content/administrator/components/com_rsform/assets/images/icons hiddenfield.png
2012.10.23 09:06 B C:\inetpub\wwwroot\administrator\components\com_rsform\assets\images\icons\imagebutton.png --> ftp3.ftptoyoursite.com /web/content/administrator/components/com_rsform/assets/images/icons imagebutton.png
2012.10.23 09:06 B C:\inetpub\wwwroot\administrator\components\com_rsform\assets\images\icons\index.html --> ftp3.ftptoyoursite.com /web/content/administrator/components/com_rsform/assets/images/icons index.html
2012.10.23 09:06 B C:\inetpub\wwwroot\administrator\components\com_rsform\assets\images\icons\info.png --> ftp3.ftptoyoursite.com /web/content/administrator/components/com_rsform/assets/images/icons info.png
2012.10.23 09:06 B C:\inetpub\wwwroot\administrator\components\com_rsform\assets\images\icons\joomla.png --> ftp3.ftptoyoursite.com /web/content/administrator/components/com_rsform/assets/images/icons joomla.png
2012.10.23 09:06 B C:\inetpub\wwwroot\administrator\components\com_rsform\assets\images\icons\mailchimp.png --> ftp3.ftptoyoursite.com /web/content/administrator/components/com_rsform/assets/images/icons mailchimp.png
2012.10.23 09:06 B C:\inetpub\wwwroot\administrator\components\com_rsform\assets\images\icons\metatags.png --> ftp3.ftptoyoursite.com /web/content/administrator/components/com_rsform/assets/images/icons metatags.png
2012.10.23 09:06 B C:\inetpub\wwwroot\administrator\components\com_rsform\assets\images\icons\new.png --> ftp3.ftptoyoursite.com /web/content/administrator/components/com_rsform/assets/images/icons new.png
2012.10.23 09:06 B C:\inetpub\wwwroot\administrator\components\com_rsform\assets\images\icons\ok.png --> ftp3.ftptoyoursite.com /web/content/administrator/components/com_rsform/assets/images/icons ok.png
2012.10.23 09:06 B C:\inetpub\wwwroot\administrator\components\com_rsform\assets\images\icons\pagebreak.png --> ftp3.ftptoyoursite.com /web/content/administrator/components/com_rsform/assets/images/icons pagebreak.png
2012.10.23 09:06 B C:\inetpub\wwwroot\administrator\components\com_rsform\assets\images\icons\password.png --> ftp3.ftptoyoursite.com /web/content/administrator/components/com_rsform/assets/images/icons password.png
2012.10.23 09:06 B C:\inetpub\wwwroot\administrator\components\com_rsform\assets\images\icons\paypal.png --> ftp3.ftptoyoursite.com /web/content/administrator/components/com_rsform/assets/images/icons paypal.png
2012.10.23 09:06 B C:\inetpub\wwwroot\administrator\components\com_rsform\assets\images\icons\properties.png --> ftp3.ftptoyoursite.com /web/content/administrator/components/com_rsform/assets/images/icons properties.png
2012.10.23 09:06 B C:\inetpub\wwwroot\administrator\components\com_rsform\assets\images\icons\publish.png --> ftp3.ftptoyoursite.com /web/content/administrator/components/com_rsform/assets/images/icons publish.png
2012.10.23 09:06 B C:\inetpub\wwwroot\administrator\components\com_rsform\assets\images\icons\radiogroup.png --> ftp3.ftptoyoursite.com /web/content/administrator/components/com_rsform/assets/images/icons radiogroup.png
2012.10.23 09:06 B C:\inetpub\wwwroot\administrator\components\com_rsform\assets\images\icons\recaptcha.png --> ftp3.ftptoyoursite.com /web/content/administrator/components/com_rsform/assets/images/icons recaptcha.png
2012.10.23 09:06 B C:\inetpub\wwwroot\administrator\components\com_rsform\assets\images\icons\remove.png --> ftp3.ftptoyoursite.com /web/content/administrator/components/com_rsform/assets/images/icons remove.png
2012.10.23 09:06 B C:\inetpub\wwwroot\administrator\components\com_rsform\assets\images\icons\salesforce.png --> ftp3.ftptoyoursite.com /web/content/administrator/components/com_rsform/assets/images/icons salesforce.png
2012.10.23 09:06 B C:\inetpub\wwwroot\administrator\components\com_rsform\assets\images\icons\scripts.png --> ftp3.ftptoyoursite.com /web/content/administrator/components/com_rsform/assets/images/icons scripts.png
2012.10.23 09:06 B C:\inetpub\wwwroot\administrator\components\com_rsform\assets\images\icons\sql.png --> ftp3.ftptoyoursite.com /web/content/administrator/components/com_rsform/assets/images/icons sql.png
2012.10.23 09:06 B C:\inetpub\wwwroot\administrator\components\com_rsform\assets\images\icons\submitbutton.png --> ftp3.ftptoyoursite.com /web/content/administrator/components/com_rsform/assets/images/icons submitbutton.png
2012.10.23 09:06 B C:\inetpub\wwwroot\administrator\components\com_rsform\assets\images\icons\supportticket.png --> ftp3.ftptoyoursite.com /web/content/administrator/components/com_rsform/assets/images/icons supportticket.png
2012.10.23 09:06 B C:\inetpub\wwwroot\administrator\components\com_rsform\assets\images\icons\textarea.png --> ftp3.ftptoyoursite.com /web/content/administrator/components/com_rsform/assets/images/icons textarea.png
2012.10.23 09:06 B C:\inetpub\wwwroot\administrator\components\com_rsform\assets\images\icons\textbox.png --> ftp3.ftptoyoursite.com /web/content/administrator/components/com_rsform/assets/images/icons textbox.png
2012.10.23 09:06 B C:\inetpub\wwwroot\administrator\components\com_rsform\assets\images\icons\ticket.png --> ftp3.ftptoyoursite.com /web/content/administrator/components/com_rsform/assets/images/icons ticket.png
2012.10.23 09:06 B C:\inetpub\wwwroot\administrator\components\com_rsform\assets\images\icons\unpublish.png --> ftp3.ftptoyoursite.com /web/content/administrator/components/com_rsform/assets/images/icons unpublish.png
2012.10.23 09:06 B C:\inetpub\wwwroot\administrator\components\com_rsform\assets\images\icons\uparrow.png --> ftp3.ftptoyoursite.com /web/content/administrator/components/com_rsform/assets/images/icons uparrow.png
2012.10.23 09:06 B C:\inetpub\wwwroot\administrator\components\com_rsform\assets\images\icons\useremails.png --> ftp3.ftptoyoursite.com /web/content/administrator/components/com_rsform/assets/images/icons useremails.png
2012.10.23 09:06 B C:\inetpub\wwwroot\administrator\components\com_rsform\assets\images\icons\WS_FTP.LOG --> ftp3.ftptoyoursite.com /web/content/administrator/components/com_rsform/assets/images/icons WS_FTP.LOG
2013.02.01 14:43 B C:\inetpub\wwwroot\administrator\components\com_rsform\assets\images\icons\WS_FTP.LOG <-- Schubert Rackspace /web/content/administrator/components/com_rsform/assets/images/icons WS_FTP.LOG
