2012.07.25 12:12 B C:\Users\COBRIEN\Desktop\Schubert\administrator\components\com_rsform\helpers\backup.php <-- Schubert Rackspace /web/content/administrator/components/com_rsform/helpers backup.php
2012.07.25 12:12 B C:\Users\COBRIEN\Desktop\Schubert\administrator\components\com_rsform\helpers\excel.php <-- Schubert Rackspace /web/content/administrator/components/com_rsform/helpers excel.php
2012.07.25 12:12 B C:\Users\COBRIEN\Desktop\Schubert\administrator\components\com_rsform\helpers\index.html <-- Schubert Rackspace /web/content/administrator/components/com_rsform/helpers index.html
2012.07.25 12:12 B C:\Users\COBRIEN\Desktop\Schubert\administrator\components\com_rsform\helpers\legacy.php <-- Schubert Rackspace /web/content/administrator/components/com_rsform/helpers legacy.php
2012.07.25 12:12 B C:\Users\COBRIEN\Desktop\Schubert\administrator\components\com_rsform\helpers\restore.php <-- Schubert Rackspace /web/content/administrator/components/com_rsform/helpers restore.php
2012.07.25 12:12 B C:\Users\COBRIEN\Desktop\Schubert\administrator\components\com_rsform\helpers\rsform.php <-- Schubert Rackspace /web/content/administrator/components/com_rsform/helpers rsform.php
2012.09.04 10:46 B C:\inetpub\wwwroot\administrator\components\com_rsform\helpers\backup.php --> ftp3.ftptoyoursite.com /web/content/SITE-TEST/administrator/components/com_rsform/helpers backup.php
2012.09.04 10:46 B C:\inetpub\wwwroot\administrator\components\com_rsform\helpers\excel.php --> ftp3.ftptoyoursite.com /web/content/SITE-TEST/administrator/components/com_rsform/helpers excel.php
2012.09.04 10:46 B C:\inetpub\wwwroot\administrator\components\com_rsform\helpers\index.html --> ftp3.ftptoyoursite.com /web/content/SITE-TEST/administrator/components/com_rsform/helpers index.html
2012.09.04 10:46 B C:\inetpub\wwwroot\administrator\components\com_rsform\helpers\legacy.php --> ftp3.ftptoyoursite.com /web/content/SITE-TEST/administrator/components/com_rsform/helpers legacy.php
2012.09.04 10:46 B C:\inetpub\wwwroot\administrator\components\com_rsform\helpers\restore.php --> ftp3.ftptoyoursite.com /web/content/SITE-TEST/administrator/components/com_rsform/helpers restore.php
2012.09.04 10:46 B C:\inetpub\wwwroot\administrator\components\com_rsform\helpers\rsform.php --> ftp3.ftptoyoursite.com /web/content/SITE-TEST/administrator/components/com_rsform/helpers rsform.php
2012.09.04 10:46 B C:\inetpub\wwwroot\administrator\components\com_rsform\helpers\WS_FTP.LOG --> ftp3.ftptoyoursite.com /web/content/SITE-TEST/administrator/components/com_rsform/helpers WS_FTP.LOG
2012.09.06 15:03 B C:\inetpub\wwwroot\administrator\components\com_rsform\helpers\backup.php --> ftp3.ftptoyoursite.com /web/content/SITEBACKUP_962012/administrator/components/com_rsform/helpers backup.php
2012.09.06 15:03 B C:\inetpub\wwwroot\administrator\components\com_rsform\helpers\excel.php --> ftp3.ftptoyoursite.com /web/content/SITEBACKUP_962012/administrator/components/com_rsform/helpers excel.php
2012.09.06 15:03 B C:\inetpub\wwwroot\administrator\components\com_rsform\helpers\index.html --> ftp3.ftptoyoursite.com /web/content/SITEBACKUP_962012/administrator/components/com_rsform/helpers index.html
2012.09.06 15:03 B C:\inetpub\wwwroot\administrator\components\com_rsform\helpers\legacy.php --> ftp3.ftptoyoursite.com /web/content/SITEBACKUP_962012/administrator/components/com_rsform/helpers legacy.php
2012.09.06 15:03 B C:\inetpub\wwwroot\administrator\components\com_rsform\helpers\restore.php --> ftp3.ftptoyoursite.com /web/content/SITEBACKUP_962012/administrator/components/com_rsform/helpers restore.php
2012.09.06 15:03 B C:\inetpub\wwwroot\administrator\components\com_rsform\helpers\rsform.php --> ftp3.ftptoyoursite.com /web/content/SITEBACKUP_962012/administrator/components/com_rsform/helpers rsform.php
2012.09.06 15:03 B C:\inetpub\wwwroot\administrator\components\com_rsform\helpers\WS_FTP.LOG --> ftp3.ftptoyoursite.com /web/content/SITEBACKUP_962012/administrator/components/com_rsform/helpers WS_FTP.LOG
2012.09.06 15:45 B C:\inetpub\wwwroot\administrator\components\com_rsform\helpers\backup.php <-- Schubert Rackspace /web/content/SITEBACKUP_962012/administrator/components/com_rsform/helpers backup.php
2012.09.06 15:45 B C:\inetpub\wwwroot\administrator\components\com_rsform\helpers\excel.php <-- Schubert Rackspace /web/content/SITEBACKUP_962012/administrator/components/com_rsform/helpers excel.php
2012.09.06 15:45 B C:\inetpub\wwwroot\administrator\components\com_rsform\helpers\index.html <-- Schubert Rackspace /web/content/SITEBACKUP_962012/administrator/components/com_rsform/helpers index.html
2012.09.06 15:45 B C:\inetpub\wwwroot\administrator\components\com_rsform\helpers\legacy.php <-- Schubert Rackspace /web/content/SITEBACKUP_962012/administrator/components/com_rsform/helpers legacy.php
2012.09.06 15:45 B C:\inetpub\wwwroot\administrator\components\com_rsform\helpers\restore.php <-- Schubert Rackspace /web/content/SITEBACKUP_962012/administrator/components/com_rsform/helpers restore.php
2012.09.06 15:45 B C:\inetpub\wwwroot\administrator\components\com_rsform\helpers\rsform.php <-- Schubert Rackspace /web/content/SITEBACKUP_962012/administrator/components/com_rsform/helpers rsform.php
2012.10.23 09:07 B C:\inetpub\wwwroot\administrator\components\com_rsform\helpers\backup.php --> ftp3.ftptoyoursite.com /web/content/administrator/components/com_rsform/helpers backup.php
2012.10.23 09:07 B C:\inetpub\wwwroot\administrator\components\com_rsform\helpers\excel.php --> ftp3.ftptoyoursite.com /web/content/administrator/components/com_rsform/helpers excel.php
2012.10.23 09:07 B C:\inetpub\wwwroot\administrator\components\com_rsform\helpers\index.html --> ftp3.ftptoyoursite.com /web/content/administrator/components/com_rsform/helpers index.html
2012.10.23 09:07 B C:\inetpub\wwwroot\administrator\components\com_rsform\helpers\legacy.php --> ftp3.ftptoyoursite.com /web/content/administrator/components/com_rsform/helpers legacy.php
2012.10.23 09:07 B C:\inetpub\wwwroot\administrator\components\com_rsform\helpers\restore.php --> ftp3.ftptoyoursite.com /web/content/administrator/components/com_rsform/helpers restore.php
2012.10.23 09:07 B C:\inetpub\wwwroot\administrator\components\com_rsform\helpers\rsform.php --> ftp3.ftptoyoursite.com /web/content/administrator/components/com_rsform/helpers rsform.php
2012.10.23 09:07 B C:\inetpub\wwwroot\administrator\components\com_rsform\helpers\WS_FTP.LOG --> ftp3.ftptoyoursite.com /web/content/administrator/components/com_rsform/helpers WS_FTP.LOG
2013.02.01 14:43 B C:\inetpub\wwwroot\administrator\components\com_rsform\helpers\WS_FTP.LOG <-- Schubert Rackspace /web/content/administrator/components/com_rsform/helpers WS_FTP.LOG
