2012.07.25 12:13 B C:\Users\COBRIEN\Desktop\Schubert\administrator\templates\bluestork\images\header\icon-48-alert.png <-- Schubert Rackspace /web/content/administrator/templates/bluestork/images/header icon-48-alert.png
2012.07.25 12:13 B C:\Users\COBRIEN\Desktop\Schubert\administrator\templates\bluestork\images\header\icon-48-apply.png <-- Schubert Rackspace /web/content/administrator/templates/bluestork/images/header icon-48-apply.png
2012.07.25 12:13 B C:\Users\COBRIEN\Desktop\Schubert\administrator\templates\bluestork\images\header\icon-48-archive.png <-- Schubert Rackspace /web/content/administrator/templates/bluestork/images/header icon-48-archive.png
2012.07.25 12:13 B C:\Users\COBRIEN\Desktop\Schubert\administrator\templates\bluestork\images\header\icon-48-article-add.png <-- Schubert Rackspace /web/content/administrator/templates/bluestork/images/header icon-48-article-add.png
2012.07.25 12:13 B C:\Users\COBRIEN\Desktop\Schubert\administrator\templates\bluestork\images\header\icon-48-article-edit.png <-- Schubert Rackspace /web/content/administrator/templates/bluestork/images/header icon-48-article-edit.png
2012.07.25 12:13 B C:\Users\COBRIEN\Desktop\Schubert\administrator\templates\bluestork\images\header\icon-48-article.png <-- Schubert Rackspace /web/content/administrator/templates/bluestork/images/header icon-48-article.png
2012.07.25 12:13 B C:\Users\COBRIEN\Desktop\Schubert\administrator\templates\bluestork\images\header\icon-48-banner-categories.png <-- Schubert Rackspace /web/content/administrator/templates/bluestork/images/header icon-48-banner-categories.png
2012.07.25 12:13 B C:\Users\COBRIEN\Desktop\Schubert\administrator\templates\bluestork\images\header\icon-48-banner-client.png <-- Schubert Rackspace /web/content/administrator/templates/bluestork/images/header icon-48-banner-client.png
2012.07.25 12:13 B C:\Users\COBRIEN\Desktop\Schubert\administrator\templates\bluestork\images\header\icon-48-banner-tracks.png <-- Schubert Rackspace /web/content/administrator/templates/bluestork/images/header icon-48-banner-tracks.png
2012.07.25 12:13 B C:\Users\COBRIEN\Desktop\Schubert\administrator\templates\bluestork\images\header\icon-48-banner.png <-- Schubert Rackspace /web/content/administrator/templates/bluestork/images/header icon-48-banner.png
2012.07.25 12:13 B C:\Users\COBRIEN\Desktop\Schubert\administrator\templates\bluestork\images\header\icon-48-calendar.png <-- Schubert Rackspace /web/content/administrator/templates/bluestork/images/header icon-48-calendar.png
2012.07.25 12:13 B C:\Users\COBRIEN\Desktop\Schubert\administrator\templates\bluestork\images\header\icon-48-category-add.png <-- Schubert Rackspace /web/content/administrator/templates/bluestork/images/header icon-48-category-add.png
2012.07.25 12:13 B C:\Users\COBRIEN\Desktop\Schubert\administrator\templates\bluestork\images\header\icon-48-category.png <-- Schubert Rackspace /web/content/administrator/templates/bluestork/images/header icon-48-category.png
2012.07.25 12:13 B C:\Users\COBRIEN\Desktop\Schubert\administrator\templates\bluestork\images\header\icon-48-checkin.png <-- Schubert Rackspace /web/content/administrator/templates/bluestork/images/header icon-48-checkin.png
2012.07.25 12:13 B C:\Users\COBRIEN\Desktop\Schubert\administrator\templates\bluestork\images\header\icon-48-clear.png <-- Schubert Rackspace /web/content/administrator/templates/bluestork/images/header icon-48-clear.png
2012.07.25 12:13 B C:\Users\COBRIEN\Desktop\Schubert\administrator\templates\bluestork\images\header\icon-48-component.png <-- Schubert Rackspace /web/content/administrator/templates/bluestork/images/header icon-48-component.png
2012.07.25 12:13 B C:\Users\COBRIEN\Desktop\Schubert\administrator\templates\bluestork\images\header\icon-48-config.png <-- Schubert Rackspace /web/content/administrator/templates/bluestork/images/header icon-48-config.png
2012.07.25 12:13 B C:\Users\COBRIEN\Desktop\Schubert\administrator\templates\bluestork\images\header\icon-48-contacts-categories.png <-- Schubert Rackspace /web/content/administrator/templates/bluestork/images/header icon-48-contacts-categories.png
2012.07.25 12:13 B C:\Users\COBRIEN\Desktop\Schubert\administrator\templates\bluestork\images\header\icon-48-contacts.png <-- Schubert Rackspace /web/content/administrator/templates/bluestork/images/header icon-48-contacts.png
2012.07.25 12:13 B C:\Users\COBRIEN\Desktop\Schubert\administrator\templates\bluestork\images\header\icon-48-content.png <-- Schubert Rackspace /web/content/administrator/templates/bluestork/images/header icon-48-content.png
2012.07.25 12:13 B C:\Users\COBRIEN\Desktop\Schubert\administrator\templates\bluestork\images\header\icon-48-copy.png <-- Schubert Rackspace /web/content/administrator/templates/bluestork/images/header icon-48-copy.png
2012.07.25 12:13 B C:\Users\COBRIEN\Desktop\Schubert\administrator\templates\bluestork\images\header\icon-48-cpanel.png <-- Schubert Rackspace /web/content/administrator/templates/bluestork/images/header icon-48-cpanel.png
2012.07.25 12:13 B C:\Users\COBRIEN\Desktop\Schubert\administrator\templates\bluestork\images\header\icon-48-deny.png <-- Schubert Rackspace /web/content/administrator/templates/bluestork/images/header icon-48-deny.png
2012.07.25 12:13 B C:\Users\COBRIEN\Desktop\Schubert\administrator\templates\bluestork\images\header\icon-48-download.png <-- Schubert Rackspace /web/content/administrator/templates/bluestork/images/header icon-48-download.png
2012.07.25 12:13 B C:\Users\COBRIEN\Desktop\Schubert\administrator\templates\bluestork\images\header\icon-48-edit.png <-- Schubert Rackspace /web/content/administrator/templates/bluestork/images/header icon-48-edit.png
2012.07.25 12:13 B C:\Users\COBRIEN\Desktop\Schubert\administrator\templates\bluestork\images\header\icon-48-extension.png <-- Schubert Rackspace /web/content/administrator/templates/bluestork/images/header icon-48-extension.png
2012.07.25 12:13 B C:\Users\COBRIEN\Desktop\Schubert\administrator\templates\bluestork\images\header\icon-48-featured.png <-- Schubert Rackspace /web/content/administrator/templates/bluestork/images/header icon-48-featured.png
2012.07.25 12:13 B C:\Users\COBRIEN\Desktop\Schubert\administrator\templates\bluestork\images\header\icon-48-frontpage.png <-- Schubert Rackspace /web/content/administrator/templates/bluestork/images/header icon-48-frontpage.png
2012.07.25 12:13 B C:\Users\COBRIEN\Desktop\Schubert\administrator\templates\bluestork\images\header\icon-48-generic.png <-- Schubert Rackspace /web/content/administrator/templates/bluestork/images/header icon-48-generic.png
2012.07.25 12:13 B C:\Users\COBRIEN\Desktop\Schubert\administrator\templates\bluestork\images\header\icon-48-groups-add.png <-- Schubert Rackspace /web/content/administrator/templates/bluestork/images/header icon-48-groups-add.png
2012.07.25 12:13 B C:\Users\COBRIEN\Desktop\Schubert\administrator\templates\bluestork\images\header\icon-48-groups.png <-- Schubert Rackspace /web/content/administrator/templates/bluestork/images/header icon-48-groups.png
2012.07.25 12:13 B C:\Users\COBRIEN\Desktop\Schubert\administrator\templates\bluestork\images\header\icon-48-help-forum.png <-- Schubert Rackspace /web/content/administrator/templates/bluestork/images/header icon-48-help-forum.png
2012.07.25 12:13 B C:\Users\COBRIEN\Desktop\Schubert\administrator\templates\bluestork\images\header\icon-48-help-this.png <-- Schubert Rackspace /web/content/administrator/templates/bluestork/images/header icon-48-help-this.png
2012.07.25 12:13 B C:\Users\COBRIEN\Desktop\Schubert\administrator\templates\bluestork\images\header\icon-48-help_header.png <-- Schubert Rackspace /web/content/administrator/templates/bluestork/images/header icon-48-help_header.png
2012.07.25 12:13 B C:\Users\COBRIEN\Desktop\Schubert\administrator\templates\bluestork\images\header\icon-48-inbox.png <-- Schubert Rackspace /web/content/administrator/templates/bluestork/images/header icon-48-inbox.png
2012.07.25 12:13 B C:\Users\COBRIEN\Desktop\Schubert\administrator\templates\bluestork\images\header\icon-48-info.png <-- Schubert Rackspace /web/content/administrator/templates/bluestork/images/header icon-48-info.png
2012.07.25 12:13 B C:\Users\COBRIEN\Desktop\Schubert\administrator\templates\bluestork\images\header\icon-48-install.png <-- Schubert Rackspace /web/content/administrator/templates/bluestork/images/header icon-48-install.png
2012.07.25 12:13 B C:\Users\COBRIEN\Desktop\Schubert\administrator\templates\bluestork\images\header\icon-48-jupdate-updatefound.png <-- Schubert Rackspace /web/content/administrator/templates/bluestork/images/header icon-48-jupdate-updatefound.png
2012.07.25 12:13 B C:\Users\COBRIEN\Desktop\Schubert\administrator\templates\bluestork\images\header\icon-48-jupdate-uptodate.png <-- Schubert Rackspace /web/content/administrator/templates/bluestork/images/header icon-48-jupdate-uptodate.png
2012.07.25 12:13 B C:\Users\COBRIEN\Desktop\Schubert\administrator\templates\bluestork\images\header\icon-48-language.png <-- Schubert Rackspace /web/content/administrator/templates/bluestork/images/header icon-48-language.png
2012.07.25 12:13 B C:\Users\COBRIEN\Desktop\Schubert\administrator\templates\bluestork\images\header\icon-48-levels-add.png <-- Schubert Rackspace /web/content/administrator/templates/bluestork/images/header icon-48-levels-add.png
2012.07.25 12:13 B C:\Users\COBRIEN\Desktop\Schubert\administrator\templates\bluestork\images\header\icon-48-levels.png <-- Schubert Rackspace /web/content/administrator/templates/bluestork/images/header icon-48-levels.png
2012.07.25 12:13 B C:\Users\COBRIEN\Desktop\Schubert\administrator\templates\bluestork\images\header\icon-48-links-cat.png <-- Schubert Rackspace /web/content/administrator/templates/bluestork/images/header icon-48-links-cat.png
2012.07.25 12:13 B C:\Users\COBRIEN\Desktop\Schubert\administrator\templates\bluestork\images\header\icon-48-links.png <-- Schubert Rackspace /web/content/administrator/templates/bluestork/images/header icon-48-links.png
2012.07.25 12:13 B C:\Users\COBRIEN\Desktop\Schubert\administrator\templates\bluestork\images\header\icon-48-massmail.png <-- Schubert Rackspace /web/content/administrator/templates/bluestork/images/header icon-48-massmail.png
2012.07.25 12:13 B C:\Users\COBRIEN\Desktop\Schubert\administrator\templates\bluestork\images\header\icon-48-media.png <-- Schubert Rackspace /web/content/administrator/templates/bluestork/images/header icon-48-media.png
2012.07.25 12:13 B C:\Users\COBRIEN\Desktop\Schubert\administrator\templates\bluestork\images\header\icon-48-menu-add.png <-- Schubert Rackspace /web/content/administrator/templates/bluestork/images/header icon-48-menu-add.png
2012.07.25 12:14 B C:\Users\COBRIEN\Desktop\Schubert\administrator\templates\bluestork\images\header\icon-48-menu.png <-- Schubert Rackspace /web/content/administrator/templates/bluestork/images/header icon-48-menu.png
2012.07.25 12:14 B C:\Users\COBRIEN\Desktop\Schubert\administrator\templates\bluestork\images\header\icon-48-menumgr.png <-- Schubert Rackspace /web/content/administrator/templates/bluestork/images/header icon-48-menumgr.png
2012.07.25 12:14 B C:\Users\COBRIEN\Desktop\Schubert\administrator\templates\bluestork\images\header\icon-48-module.png <-- Schubert Rackspace /web/content/administrator/templates/bluestork/images/header icon-48-module.png
2012.07.25 12:14 B C:\Users\COBRIEN\Desktop\Schubert\administrator\templates\bluestork\images\header\icon-48-move.png <-- Schubert Rackspace /web/content/administrator/templates/bluestork/images/header icon-48-move.png
2012.07.25 12:14 B C:\Users\COBRIEN\Desktop\Schubert\administrator\templates\bluestork\images\header\icon-48-new-privatemessage.png <-- Schubert Rackspace /web/content/administrator/templates/bluestork/images/header icon-48-new-privatemessage.png
2012.07.25 12:14 B C:\Users\COBRIEN\Desktop\Schubert\administrator\templates\bluestork\images\header\icon-48-newcategory.png <-- Schubert Rackspace /web/content/administrator/templates/bluestork/images/header icon-48-newcategory.png
2012.07.25 12:14 B C:\Users\COBRIEN\Desktop\Schubert\administrator\templates\bluestork\images\header\icon-48-newsfeeds-cat.png <-- Schubert Rackspace /web/content/administrator/templates/bluestork/images/header icon-48-newsfeeds-cat.png
2012.07.25 12:14 B C:\Users\COBRIEN\Desktop\Schubert\administrator\templates\bluestork\images\header\icon-48-newsfeeds.png <-- Schubert Rackspace /web/content/administrator/templates/bluestork/images/header icon-48-newsfeeds.png
2012.07.25 12:14 B C:\Users\COBRIEN\Desktop\Schubert\administrator\templates\bluestork\images\header\icon-48-notice.png <-- Schubert Rackspace /web/content/administrator/templates/bluestork/images/header icon-48-notice.png
2012.07.25 12:14 B C:\Users\COBRIEN\Desktop\Schubert\administrator\templates\bluestork\images\header\icon-48-plugin.png <-- Schubert Rackspace /web/content/administrator/templates/bluestork/images/header icon-48-plugin.png
2012.07.25 12:14 B C:\Users\COBRIEN\Desktop\Schubert\administrator\templates\bluestork\images\header\icon-48-preview.png <-- Schubert Rackspace /web/content/administrator/templates/bluestork/images/header icon-48-preview.png
2012.07.25 12:14 B C:\Users\COBRIEN\Desktop\Schubert\administrator\templates\bluestork\images\header\icon-48-print.png <-- Schubert Rackspace /web/content/administrator/templates/bluestork/images/header icon-48-print.png
2012.07.25 12:14 B C:\Users\COBRIEN\Desktop\Schubert\administrator\templates\bluestork\images\header\icon-48-purge.png <-- Schubert Rackspace /web/content/administrator/templates/bluestork/images/header icon-48-purge.png
2012.07.25 12:14 B C:\Users\COBRIEN\Desktop\Schubert\administrator\templates\bluestork\images\header\icon-48-read-privatemessage.png <-- Schubert Rackspace /web/content/administrator/templates/bluestork/images/header icon-48-read-privatemessage.png
2012.07.25 12:14 B C:\Users\COBRIEN\Desktop\Schubert\administrator\templates\bluestork\images\header\icon-48-readmess.png <-- Schubert Rackspace /web/content/administrator/templates/bluestork/images/header icon-48-readmess.png
2012.07.25 12:14 B C:\Users\COBRIEN\Desktop\Schubert\administrator\templates\bluestork\images\header\icon-48-redirect.png <-- Schubert Rackspace /web/content/administrator/templates/bluestork/images/header icon-48-redirect.png
2012.07.25 12:14 B C:\Users\COBRIEN\Desktop\Schubert\administrator\templates\bluestork\images\header\icon-48-revert.png <-- Schubert Rackspace /web/content/administrator/templates/bluestork/images/header icon-48-revert.png
2012.07.25 12:14 B C:\Users\COBRIEN\Desktop\Schubert\administrator\templates\bluestork\images\header\icon-48-search.png <-- Schubert Rackspace /web/content/administrator/templates/bluestork/images/header icon-48-search.png
2012.07.25 12:14 B C:\Users\COBRIEN\Desktop\Schubert\administrator\templates\bluestork\images\header\icon-48-section.png <-- Schubert Rackspace /web/content/administrator/templates/bluestork/images/header icon-48-section.png
2012.07.25 12:14 B C:\Users\COBRIEN\Desktop\Schubert\administrator\templates\bluestork\images\header\icon-48-send.png <-- Schubert Rackspace /web/content/administrator/templates/bluestork/images/header icon-48-send.png
2012.07.25 12:14 B C:\Users\COBRIEN\Desktop\Schubert\administrator\templates\bluestork\images\header\icon-48-static.png <-- Schubert Rackspace /web/content/administrator/templates/bluestork/images/header icon-48-static.png
2012.07.25 12:14 B C:\Users\COBRIEN\Desktop\Schubert\administrator\templates\bluestork\images\header\icon-48-stats.png <-- Schubert Rackspace /web/content/administrator/templates/bluestork/images/header icon-48-stats.png
2012.07.25 12:14 B C:\Users\COBRIEN\Desktop\Schubert\administrator\templates\bluestork\images\header\icon-48-themes.png <-- Schubert Rackspace /web/content/administrator/templates/bluestork/images/header icon-48-themes.png
2012.07.25 12:14 B C:\Users\COBRIEN\Desktop\Schubert\administrator\templates\bluestork\images\header\icon-48-trash.png <-- Schubert Rackspace /web/content/administrator/templates/bluestork/images/header icon-48-trash.png
2012.07.25 12:14 B C:\Users\COBRIEN\Desktop\Schubert\administrator\templates\bluestork\images\header\icon-48-unarchive.png <-- Schubert Rackspace /web/content/administrator/templates/bluestork/images/header icon-48-unarchive.png
2012.07.25 12:14 B C:\Users\COBRIEN\Desktop\Schubert\administrator\templates\bluestork\images\header\icon-48-upload.png <-- Schubert Rackspace /web/content/administrator/templates/bluestork/images/header icon-48-upload.png
2012.07.25 12:14 B C:\Users\COBRIEN\Desktop\Schubert\administrator\templates\bluestork\images\header\icon-48-user-add.png <-- Schubert Rackspace /web/content/administrator/templates/bluestork/images/header icon-48-user-add.png
2012.07.25 12:14 B C:\Users\COBRIEN\Desktop\Schubert\administrator\templates\bluestork\images\header\icon-48-user-edit.png <-- Schubert Rackspace /web/content/administrator/templates/bluestork/images/header icon-48-user-edit.png
2012.07.25 12:14 B C:\Users\COBRIEN\Desktop\Schubert\administrator\templates\bluestork\images\header\icon-48-user-profile.png <-- Schubert Rackspace /web/content/administrator/templates/bluestork/images/header icon-48-user-profile.png
2012.07.25 12:14 B C:\Users\COBRIEN\Desktop\Schubert\administrator\templates\bluestork\images\header\icon-48-user.png <-- Schubert Rackspace /web/content/administrator/templates/bluestork/images/header icon-48-user.png
2012.07.25 12:14 B C:\Users\COBRIEN\Desktop\Schubert\administrator\templates\bluestork\images\header\icon-48-writemess.png <-- Schubert Rackspace /web/content/administrator/templates/bluestork/images/header icon-48-writemess.png
2012.07.25 12:14 B C:\Users\COBRIEN\Desktop\Schubert\administrator\templates\bluestork\images\header\icon-messaging.png <-- Schubert Rackspace /web/content/administrator/templates/bluestork/images/header icon-messaging.png
2012.07.25 12:14 B C:\Users\COBRIEN\Desktop\Schubert\administrator\templates\bluestork\images\header\index.html <-- Schubert Rackspace /web/content/administrator/templates/bluestork/images/header index.html
2012.09.04 10:48 B C:\inetpub\wwwroot\administrator\templates\bluestork\images\header\icon-48-alert.png --> ftp3.ftptoyoursite.com /web/content/SITE-TEST/administrator/templates/bluestork/images/header icon-48-alert.png
2012.09.04 10:48 B C:\inetpub\wwwroot\administrator\templates\bluestork\images\header\icon-48-apply.png --> ftp3.ftptoyoursite.com /web/content/SITE-TEST/administrator/templates/bluestork/images/header icon-48-apply.png
2012.09.04 10:48 B C:\inetpub\wwwroot\administrator\templates\bluestork\images\header\icon-48-archive.png --> ftp3.ftptoyoursite.com /web/content/SITE-TEST/administrator/templates/bluestork/images/header icon-48-archive.png
2012.09.04 10:48 B C:\inetpub\wwwroot\administrator\templates\bluestork\images\header\icon-48-article-add.png --> ftp3.ftptoyoursite.com /web/content/SITE-TEST/administrator/templates/bluestork/images/header icon-48-article-add.png
2012.09.04 10:48 B C:\inetpub\wwwroot\administrator\templates\bluestork\images\header\icon-48-article-edit.png --> ftp3.ftptoyoursite.com /web/content/SITE-TEST/administrator/templates/bluestork/images/header icon-48-article-edit.png
2012.09.04 10:48 B C:\inetpub\wwwroot\administrator\templates\bluestork\images\header\icon-48-article.png --> ftp3.ftptoyoursite.com /web/content/SITE-TEST/administrator/templates/bluestork/images/header icon-48-article.png
2012.09.04 10:48 B C:\inetpub\wwwroot\administrator\templates\bluestork\images\header\icon-48-banner-categories.png --> ftp3.ftptoyoursite.com /web/content/SITE-TEST/administrator/templates/bluestork/images/header icon-48-banner-categories.png
2012.09.04 10:48 B C:\inetpub\wwwroot\administrator\templates\bluestork\images\header\icon-48-banner-client.png --> ftp3.ftptoyoursite.com /web/content/SITE-TEST/administrator/templates/bluestork/images/header icon-48-banner-client.png
2012.09.04 10:48 B C:\inetpub\wwwroot\administrator\templates\bluestork\images\header\icon-48-banner-tracks.png --> ftp3.ftptoyoursite.com /web/content/SITE-TEST/administrator/templates/bluestork/images/header icon-48-banner-tracks.png
2012.09.04 10:48 B C:\inetpub\wwwroot\administrator\templates\bluestork\images\header\icon-48-banner.png --> ftp3.ftptoyoursite.com /web/content/SITE-TEST/administrator/templates/bluestork/images/header icon-48-banner.png
2012.09.04 10:48 B C:\inetpub\wwwroot\administrator\templates\bluestork\images\header\icon-48-calendar.png --> ftp3.ftptoyoursite.com /web/content/SITE-TEST/administrator/templates/bluestork/images/header icon-48-calendar.png
2012.09.04 10:48 B C:\inetpub\wwwroot\administrator\templates\bluestork\images\header\icon-48-category-add.png --> ftp3.ftptoyoursite.com /web/content/SITE-TEST/administrator/templates/bluestork/images/header icon-48-category-add.png
2012.09.04 10:48 B C:\inetpub\wwwroot\administrator\templates\bluestork\images\header\icon-48-category.png --> ftp3.ftptoyoursite.com /web/content/SITE-TEST/administrator/templates/bluestork/images/header icon-48-category.png
2012.09.04 10:48 B C:\inetpub\wwwroot\administrator\templates\bluestork\images\header\icon-48-checkin.png --> ftp3.ftptoyoursite.com /web/content/SITE-TEST/administrator/templates/bluestork/images/header icon-48-checkin.png
2012.09.04 10:48 B C:\inetpub\wwwroot\administrator\templates\bluestork\images\header\icon-48-clear.png --> ftp3.ftptoyoursite.com /web/content/SITE-TEST/administrator/templates/bluestork/images/header icon-48-clear.png
2012.09.04 10:48 B C:\inetpub\wwwroot\administrator\templates\bluestork\images\header\icon-48-component.png --> ftp3.ftptoyoursite.com /web/content/SITE-TEST/administrator/templates/bluestork/images/header icon-48-component.png
2012.09.04 10:48 B C:\inetpub\wwwroot\administrator\templates\bluestork\images\header\icon-48-config.png --> ftp3.ftptoyoursite.com /web/content/SITE-TEST/administrator/templates/bluestork/images/header icon-48-config.png
2012.09.04 10:48 B C:\inetpub\wwwroot\administrator\templates\bluestork\images\header\icon-48-contacts-categories.png --> ftp3.ftptoyoursite.com /web/content/SITE-TEST/administrator/templates/bluestork/images/header icon-48-contacts-categories.png
2012.09.04 10:48 B C:\inetpub\wwwroot\administrator\templates\bluestork\images\header\icon-48-contacts.png --> ftp3.ftptoyoursite.com /web/content/SITE-TEST/administrator/templates/bluestork/images/header icon-48-contacts.png
2012.09.04 10:48 B C:\inetpub\wwwroot\administrator\templates\bluestork\images\header\icon-48-content.png --> ftp3.ftptoyoursite.com /web/content/SITE-TEST/administrator/templates/bluestork/images/header icon-48-content.png
2012.09.04 10:48 B C:\inetpub\wwwroot\administrator\templates\bluestork\images\header\icon-48-copy.png --> ftp3.ftptoyoursite.com /web/content/SITE-TEST/administrator/templates/bluestork/images/header icon-48-copy.png
2012.09.04 10:48 B C:\inetpub\wwwroot\administrator\templates\bluestork\images\header\icon-48-cpanel.png --> ftp3.ftptoyoursite.com /web/content/SITE-TEST/administrator/templates/bluestork/images/header icon-48-cpanel.png
2012.09.04 10:48 B C:\inetpub\wwwroot\administrator\templates\bluestork\images\header\icon-48-deny.png --> ftp3.ftptoyoursite.com /web/content/SITE-TEST/administrator/templates/bluestork/images/header icon-48-deny.png
2012.09.04 10:48 B C:\inetpub\wwwroot\administrator\templates\bluestork\images\header\icon-48-download.png --> ftp3.ftptoyoursite.com /web/content/SITE-TEST/administrator/templates/bluestork/images/header icon-48-download.png
2012.09.04 10:48 B C:\inetpub\wwwroot\administrator\templates\bluestork\images\header\icon-48-edit.png --> ftp3.ftptoyoursite.com /web/content/SITE-TEST/administrator/templates/bluestork/images/header icon-48-edit.png
2012.09.04 10:48 B C:\inetpub\wwwroot\administrator\templates\bluestork\images\header\icon-48-extension.png --> ftp3.ftptoyoursite.com /web/content/SITE-TEST/administrator/templates/bluestork/images/header icon-48-extension.png
2012.09.04 10:48 B C:\inetpub\wwwroot\administrator\templates\bluestork\images\header\icon-48-featured.png --> ftp3.ftptoyoursite.com /web/content/SITE-TEST/administrator/templates/bluestork/images/header icon-48-featured.png
2012.09.04 10:48 B C:\inetpub\wwwroot\administrator\templates\bluestork\images\header\icon-48-frontpage.png --> ftp3.ftptoyoursite.com /web/content/SITE-TEST/administrator/templates/bluestork/images/header icon-48-frontpage.png
2012.09.04 10:48 B C:\inetpub\wwwroot\administrator\templates\bluestork\images\header\icon-48-generic.png --> ftp3.ftptoyoursite.com /web/content/SITE-TEST/administrator/templates/bluestork/images/header icon-48-generic.png
2012.09.04 10:48 B C:\inetpub\wwwroot\administrator\templates\bluestork\images\header\icon-48-groups-add.png --> ftp3.ftptoyoursite.com /web/content/SITE-TEST/administrator/templates/bluestork/images/header icon-48-groups-add.png
2012.09.04 10:48 B C:\inetpub\wwwroot\administrator\templates\bluestork\images\header\icon-48-groups.png --> ftp3.ftptoyoursite.com /web/content/SITE-TEST/administrator/templates/bluestork/images/header icon-48-groups.png
2012.09.04 10:48 B C:\inetpub\wwwroot\administrator\templates\bluestork\images\header\icon-48-help-forum.png --> ftp3.ftptoyoursite.com /web/content/SITE-TEST/administrator/templates/bluestork/images/header icon-48-help-forum.png
2012.09.04 10:48 B C:\inetpub\wwwroot\administrator\templates\bluestork\images\header\icon-48-help-this.png --> ftp3.ftptoyoursite.com /web/content/SITE-TEST/administrator/templates/bluestork/images/header icon-48-help-this.png
2012.09.04 10:48 B C:\inetpub\wwwroot\administrator\templates\bluestork\images\header\icon-48-help_header.png --> ftp3.ftptoyoursite.com /web/content/SITE-TEST/administrator/templates/bluestork/images/header icon-48-help_header.png
2012.09.04 10:48 B C:\inetpub\wwwroot\administrator\templates\bluestork\images\header\icon-48-inbox.png --> ftp3.ftptoyoursite.com /web/content/SITE-TEST/administrator/templates/bluestork/images/header icon-48-inbox.png
2012.09.04 10:48 B C:\inetpub\wwwroot\administrator\templates\bluestork\images\header\icon-48-info.png --> ftp3.ftptoyoursite.com /web/content/SITE-TEST/administrator/templates/bluestork/images/header icon-48-info.png
2012.09.04 10:48 B C:\inetpub\wwwroot\administrator\templates\bluestork\images\header\icon-48-install.png --> ftp3.ftptoyoursite.com /web/content/SITE-TEST/administrator/templates/bluestork/images/header icon-48-install.png
2012.09.04 10:48 B C:\inetpub\wwwroot\administrator\templates\bluestork\images\header\icon-48-jupdate-updatefound.png --> ftp3.ftptoyoursite.com /web/content/SITE-TEST/administrator/templates/bluestork/images/header icon-48-jupdate-updatefound.png
2012.09.04 10:48 B C:\inetpub\wwwroot\administrator\templates\bluestork\images\header\icon-48-jupdate-uptodate.png --> ftp3.ftptoyoursite.com /web/content/SITE-TEST/administrator/templates/bluestork/images/header icon-48-jupdate-uptodate.png
2012.09.04 10:48 B C:\inetpub\wwwroot\administrator\templates\bluestork\images\header\icon-48-language.png --> ftp3.ftptoyoursite.com /web/content/SITE-TEST/administrator/templates/bluestork/images/header icon-48-language.png
2012.09.04 10:48 B C:\inetpub\wwwroot\administrator\templates\bluestork\images\header\icon-48-levels-add.png --> ftp3.ftptoyoursite.com /web/content/SITE-TEST/administrator/templates/bluestork/images/header icon-48-levels-add.png
2012.09.04 10:48 B C:\inetpub\wwwroot\administrator\templates\bluestork\images\header\icon-48-levels.png --> ftp3.ftptoyoursite.com /web/content/SITE-TEST/administrator/templates/bluestork/images/header icon-48-levels.png
2012.09.04 10:48 B C:\inetpub\wwwroot\administrator\templates\bluestork\images\header\icon-48-links-cat.png --> ftp3.ftptoyoursite.com /web/content/SITE-TEST/administrator/templates/bluestork/images/header icon-48-links-cat.png
2012.09.04 10:48 B C:\inetpub\wwwroot\administrator\templates\bluestork\images\header\icon-48-links.png --> ftp3.ftptoyoursite.com /web/content/SITE-TEST/administrator/templates/bluestork/images/header icon-48-links.png
2012.09.04 10:48 B C:\inetpub\wwwroot\administrator\templates\bluestork\images\header\icon-48-massmail.png --> ftp3.ftptoyoursite.com /web/content/SITE-TEST/administrator/templates/bluestork/images/header icon-48-massmail.png
2012.09.04 10:48 B C:\inetpub\wwwroot\administrator\templates\bluestork\images\header\icon-48-media.png --> ftp3.ftptoyoursite.com /web/content/SITE-TEST/administrator/templates/bluestork/images/header icon-48-media.png
2012.09.04 10:48 B C:\inetpub\wwwroot\administrator\templates\bluestork\images\header\icon-48-menu-add.png --> ftp3.ftptoyoursite.com /web/content/SITE-TEST/administrator/templates/bluestork/images/header icon-48-menu-add.png
2012.09.04 10:48 B C:\inetpub\wwwroot\administrator\templates\bluestork\images\header\icon-48-menu.png --> ftp3.ftptoyoursite.com /web/content/SITE-TEST/administrator/templates/bluestork/images/header icon-48-menu.png
2012.09.04 10:48 B C:\inetpub\wwwroot\administrator\templates\bluestork\images\header\icon-48-menumgr.png --> ftp3.ftptoyoursite.com /web/content/SITE-TEST/administrator/templates/bluestork/images/header icon-48-menumgr.png
2012.09.04 10:48 B C:\inetpub\wwwroot\administrator\templates\bluestork\images\header\icon-48-module.png --> ftp3.ftptoyoursite.com /web/content/SITE-TEST/administrator/templates/bluestork/images/header icon-48-module.png
2012.09.04 10:48 B C:\inetpub\wwwroot\administrator\templates\bluestork\images\header\icon-48-move.png --> ftp3.ftptoyoursite.com /web/content/SITE-TEST/administrator/templates/bluestork/images/header icon-48-move.png
2012.09.04 10:48 B C:\inetpub\wwwroot\administrator\templates\bluestork\images\header\icon-48-new-privatemessage.png --> ftp3.ftptoyoursite.com /web/content/SITE-TEST/administrator/templates/bluestork/images/header icon-48-new-privatemessage.png
2012.09.04 10:48 B C:\inetpub\wwwroot\administrator\templates\bluestork\images\header\icon-48-newcategory.png --> ftp3.ftptoyoursite.com /web/content/SITE-TEST/administrator/templates/bluestork/images/header icon-48-newcategory.png
2012.09.04 10:48 B C:\inetpub\wwwroot\administrator\templates\bluestork\images\header\icon-48-newsfeeds-cat.png --> ftp3.ftptoyoursite.com /web/content/SITE-TEST/administrator/templates/bluestork/images/header icon-48-newsfeeds-cat.png
2012.09.04 10:48 B C:\inetpub\wwwroot\administrator\templates\bluestork\images\header\icon-48-newsfeeds.png --> ftp3.ftptoyoursite.com /web/content/SITE-TEST/administrator/templates/bluestork/images/header icon-48-newsfeeds.png
2012.09.04 10:48 B C:\inetpub\wwwroot\administrator\templates\bluestork\images\header\icon-48-notice.png --> ftp3.ftptoyoursite.com /web/content/SITE-TEST/administrator/templates/bluestork/images/header icon-48-notice.png
2012.09.04 10:48 B C:\inetpub\wwwroot\administrator\templates\bluestork\images\header\icon-48-plugin.png --> ftp3.ftptoyoursite.com /web/content/SITE-TEST/administrator/templates/bluestork/images/header icon-48-plugin.png
2012.09.04 10:48 B C:\inetpub\wwwroot\administrator\templates\bluestork\images\header\icon-48-preview.png --> ftp3.ftptoyoursite.com /web/content/SITE-TEST/administrator/templates/bluestork/images/header icon-48-preview.png
2012.09.04 10:48 B C:\inetpub\wwwroot\administrator\templates\bluestork\images\header\icon-48-print.png --> ftp3.ftptoyoursite.com /web/content/SITE-TEST/administrator/templates/bluestork/images/header icon-48-print.png
2012.09.04 10:48 B C:\inetpub\wwwroot\administrator\templates\bluestork\images\header\icon-48-purge.png --> ftp3.ftptoyoursite.com /web/content/SITE-TEST/administrator/templates/bluestork/images/header icon-48-purge.png
2012.09.04 10:48 B C:\inetpub\wwwroot\administrator\templates\bluestork\images\header\icon-48-read-privatemessage.png --> ftp3.ftptoyoursite.com /web/content/SITE-TEST/administrator/templates/bluestork/images/header icon-48-read-privatemessage.png
2012.09.04 10:48 B C:\inetpub\wwwroot\administrator\templates\bluestork\images\header\icon-48-readmess.png --> ftp3.ftptoyoursite.com /web/content/SITE-TEST/administrator/templates/bluestork/images/header icon-48-readmess.png
2012.09.04 10:48 B C:\inetpub\wwwroot\administrator\templates\bluestork\images\header\icon-48-redirect.png --> ftp3.ftptoyoursite.com /web/content/SITE-TEST/administrator/templates/bluestork/images/header icon-48-redirect.png
2012.09.04 10:48 B C:\inetpub\wwwroot\administrator\templates\bluestork\images\header\icon-48-revert.png --> ftp3.ftptoyoursite.com /web/content/SITE-TEST/administrator/templates/bluestork/images/header icon-48-revert.png
2012.09.04 10:48 B C:\inetpub\wwwroot\administrator\templates\bluestork\images\header\icon-48-search.png --> ftp3.ftptoyoursite.com /web/content/SITE-TEST/administrator/templates/bluestork/images/header icon-48-search.png
2012.09.04 10:48 B C:\inetpub\wwwroot\administrator\templates\bluestork\images\header\icon-48-section.png --> ftp3.ftptoyoursite.com /web/content/SITE-TEST/administrator/templates/bluestork/images/header icon-48-section.png
2012.09.04 10:48 B C:\inetpub\wwwroot\administrator\templates\bluestork\images\header\icon-48-send.png --> ftp3.ftptoyoursite.com /web/content/SITE-TEST/administrator/templates/bluestork/images/header icon-48-send.png
2012.09.04 10:48 B C:\inetpub\wwwroot\administrator\templates\bluestork\images\header\icon-48-static.png --> ftp3.ftptoyoursite.com /web/content/SITE-TEST/administrator/templates/bluestork/images/header icon-48-static.png
2012.09.04 10:48 B C:\inetpub\wwwroot\administrator\templates\bluestork\images\header\icon-48-stats.png --> ftp3.ftptoyoursite.com /web/content/SITE-TEST/administrator/templates/bluestork/images/header icon-48-stats.png
2012.09.04 10:48 B C:\inetpub\wwwroot\administrator\templates\bluestork\images\header\icon-48-themes.png --> ftp3.ftptoyoursite.com /web/content/SITE-TEST/administrator/templates/bluestork/images/header icon-48-themes.png
2012.09.04 10:48 B C:\inetpub\wwwroot\administrator\templates\bluestork\images\header\icon-48-trash.png --> ftp3.ftptoyoursite.com /web/content/SITE-TEST/administrator/templates/bluestork/images/header icon-48-trash.png
2012.09.04 10:48 B C:\inetpub\wwwroot\administrator\templates\bluestork\images\header\icon-48-unarchive.png --> ftp3.ftptoyoursite.com /web/content/SITE-TEST/administrator/templates/bluestork/images/header icon-48-unarchive.png
2012.09.04 10:48 B C:\inetpub\wwwroot\administrator\templates\bluestork\images\header\icon-48-upload.png --> ftp3.ftptoyoursite.com /web/content/SITE-TEST/administrator/templates/bluestork/images/header icon-48-upload.png
2012.09.04 10:48 B C:\inetpub\wwwroot\administrator\templates\bluestork\images\header\icon-48-user-add.png --> ftp3.ftptoyoursite.com /web/content/SITE-TEST/administrator/templates/bluestork/images/header icon-48-user-add.png
2012.09.04 10:48 B C:\inetpub\wwwroot\administrator\templates\bluestork\images\header\icon-48-user-edit.png --> ftp3.ftptoyoursite.com /web/content/SITE-TEST/administrator/templates/bluestork/images/header icon-48-user-edit.png
2012.09.04 10:48 B C:\inetpub\wwwroot\administrator\templates\bluestork\images\header\icon-48-user-profile.png --> ftp3.ftptoyoursite.com /web/content/SITE-TEST/administrator/templates/bluestork/images/header icon-48-user-profile.png
2012.09.04 10:48 B C:\inetpub\wwwroot\administrator\templates\bluestork\images\header\icon-48-user.png --> ftp3.ftptoyoursite.com /web/content/SITE-TEST/administrator/templates/bluestork/images/header icon-48-user.png
2012.09.04 10:48 B C:\inetpub\wwwroot\administrator\templates\bluestork\images\header\icon-48-writemess.png --> ftp3.ftptoyoursite.com /web/content/SITE-TEST/administrator/templates/bluestork/images/header icon-48-writemess.png
2012.09.04 10:48 B C:\inetpub\wwwroot\administrator\templates\bluestork\images\header\icon-messaging.png --> ftp3.ftptoyoursite.com /web/content/SITE-TEST/administrator/templates/bluestork/images/header icon-messaging.png
2012.09.04 10:48 B C:\inetpub\wwwroot\administrator\templates\bluestork\images\header\index.html --> ftp3.ftptoyoursite.com /web/content/SITE-TEST/administrator/templates/bluestork/images/header index.html
2012.09.04 10:48 B C:\inetpub\wwwroot\administrator\templates\bluestork\images\header\WS_FTP.LOG --> ftp3.ftptoyoursite.com /web/content/SITE-TEST/administrator/templates/bluestork/images/header WS_FTP.LOG
2012.09.06 15:05 B C:\inetpub\wwwroot\administrator\templates\bluestork\images\header\icon-48-alert.png --> ftp3.ftptoyoursite.com /web/content/SITEBACKUP_962012/administrator/templates/bluestork/images/header icon-48-alert.png
2012.09.06 15:05 B C:\inetpub\wwwroot\administrator\templates\bluestork\images\header\icon-48-apply.png --> ftp3.ftptoyoursite.com /web/content/SITEBACKUP_962012/administrator/templates/bluestork/images/header icon-48-apply.png
2012.09.06 15:05 B C:\inetpub\wwwroot\administrator\templates\bluestork\images\header\icon-48-archive.png --> ftp3.ftptoyoursite.com /web/content/SITEBACKUP_962012/administrator/templates/bluestork/images/header icon-48-archive.png
2012.09.06 15:05 B C:\inetpub\wwwroot\administrator\templates\bluestork\images\header\icon-48-article-add.png --> ftp3.ftptoyoursite.com /web/content/SITEBACKUP_962012/administrator/templates/bluestork/images/header icon-48-article-add.png
2012.09.06 15:05 B C:\inetpub\wwwroot\administrator\templates\bluestork\images\header\icon-48-article-edit.png --> ftp3.ftptoyoursite.com /web/content/SITEBACKUP_962012/administrator/templates/bluestork/images/header icon-48-article-edit.png
2012.09.06 15:05 B C:\inetpub\wwwroot\administrator\templates\bluestork\images\header\icon-48-article.png --> ftp3.ftptoyoursite.com /web/content/SITEBACKUP_962012/administrator/templates/bluestork/images/header icon-48-article.png
2012.09.06 15:05 B C:\inetpub\wwwroot\administrator\templates\bluestork\images\header\icon-48-banner-categories.png --> ftp3.ftptoyoursite.com /web/content/SITEBACKUP_962012/administrator/templates/bluestork/images/header icon-48-banner-categories.png
2012.09.06 15:05 B C:\inetpub\wwwroot\administrator\templates\bluestork\images\header\icon-48-banner-client.png --> ftp3.ftptoyoursite.com /web/content/SITEBACKUP_962012/administrator/templates/bluestork/images/header icon-48-banner-client.png
2012.09.06 15:05 B C:\inetpub\wwwroot\administrator\templates\bluestork\images\header\icon-48-banner-tracks.png --> ftp3.ftptoyoursite.com /web/content/SITEBACKUP_962012/administrator/templates/bluestork/images/header icon-48-banner-tracks.png
2012.09.06 15:05 B C:\inetpub\wwwroot\administrator\templates\bluestork\images\header\icon-48-banner.png --> ftp3.ftptoyoursite.com /web/content/SITEBACKUP_962012/administrator/templates/bluestork/images/header icon-48-banner.png
2012.09.06 15:05 B C:\inetpub\wwwroot\administrator\templates\bluestork\images\header\icon-48-calendar.png --> ftp3.ftptoyoursite.com /web/content/SITEBACKUP_962012/administrator/templates/bluestork/images/header icon-48-calendar.png
2012.09.06 15:05 B C:\inetpub\wwwroot\administrator\templates\bluestork\images\header\icon-48-category-add.png --> ftp3.ftptoyoursite.com /web/content/SITEBACKUP_962012/administrator/templates/bluestork/images/header icon-48-category-add.png
2012.09.06 15:05 B C:\inetpub\wwwroot\administrator\templates\bluestork\images\header\icon-48-category.png --> ftp3.ftptoyoursite.com /web/content/SITEBACKUP_962012/administrator/templates/bluestork/images/header icon-48-category.png
2012.09.06 15:05 B C:\inetpub\wwwroot\administrator\templates\bluestork\images\header\icon-48-checkin.png --> ftp3.ftptoyoursite.com /web/content/SITEBACKUP_962012/administrator/templates/bluestork/images/header icon-48-checkin.png
2012.09.06 15:05 B C:\inetpub\wwwroot\administrator\templates\bluestork\images\header\icon-48-clear.png --> ftp3.ftptoyoursite.com /web/content/SITEBACKUP_962012/administrator/templates/bluestork/images/header icon-48-clear.png
2012.09.06 15:05 B C:\inetpub\wwwroot\administrator\templates\bluestork\images\header\icon-48-component.png --> ftp3.ftptoyoursite.com /web/content/SITEBACKUP_962012/administrator/templates/bluestork/images/header icon-48-component.png
2012.09.06 15:05 B C:\inetpub\wwwroot\administrator\templates\bluestork\images\header\icon-48-config.png --> ftp3.ftptoyoursite.com /web/content/SITEBACKUP_962012/administrator/templates/bluestork/images/header icon-48-config.png
2012.09.06 15:05 B C:\inetpub\wwwroot\administrator\templates\bluestork\images\header\icon-48-contacts-categories.png --> ftp3.ftptoyoursite.com /web/content/SITEBACKUP_962012/administrator/templates/bluestork/images/header icon-48-contacts-categories.png
2012.09.06 15:05 B C:\inetpub\wwwroot\administrator\templates\bluestork\images\header\icon-48-contacts.png --> ftp3.ftptoyoursite.com /web/content/SITEBACKUP_962012/administrator/templates/bluestork/images/header icon-48-contacts.png
2012.09.06 15:05 B C:\inetpub\wwwroot\administrator\templates\bluestork\images\header\icon-48-content.png --> ftp3.ftptoyoursite.com /web/content/SITEBACKUP_962012/administrator/templates/bluestork/images/header icon-48-content.png
2012.09.06 15:05 B C:\inetpub\wwwroot\administrator\templates\bluestork\images\header\icon-48-copy.png --> ftp3.ftptoyoursite.com /web/content/SITEBACKUP_962012/administrator/templates/bluestork/images/header icon-48-copy.png
2012.09.06 15:05 B C:\inetpub\wwwroot\administrator\templates\bluestork\images\header\icon-48-cpanel.png --> ftp3.ftptoyoursite.com /web/content/SITEBACKUP_962012/administrator/templates/bluestork/images/header icon-48-cpanel.png
2012.09.06 15:05 B C:\inetpub\wwwroot\administrator\templates\bluestork\images\header\icon-48-deny.png --> ftp3.ftptoyoursite.com /web/content/SITEBACKUP_962012/administrator/templates/bluestork/images/header icon-48-deny.png
2012.09.06 15:05 B C:\inetpub\wwwroot\administrator\templates\bluestork\images\header\icon-48-download.png --> ftp3.ftptoyoursite.com /web/content/SITEBACKUP_962012/administrator/templates/bluestork/images/header icon-48-download.png
2012.09.06 15:05 B C:\inetpub\wwwroot\administrator\templates\bluestork\images\header\icon-48-edit.png --> ftp3.ftptoyoursite.com /web/content/SITEBACKUP_962012/administrator/templates/bluestork/images/header icon-48-edit.png
2012.09.06 15:05 B C:\inetpub\wwwroot\administrator\templates\bluestork\images\header\icon-48-extension.png --> ftp3.ftptoyoursite.com /web/content/SITEBACKUP_962012/administrator/templates/bluestork/images/header icon-48-extension.png
2012.09.06 15:05 B C:\inetpub\wwwroot\administrator\templates\bluestork\images\header\icon-48-featured.png --> ftp3.ftptoyoursite.com /web/content/SITEBACKUP_962012/administrator/templates/bluestork/images/header icon-48-featured.png
2012.09.06 15:05 B C:\inetpub\wwwroot\administrator\templates\bluestork\images\header\icon-48-frontpage.png --> ftp3.ftptoyoursite.com /web/content/SITEBACKUP_962012/administrator/templates/bluestork/images/header icon-48-frontpage.png
2012.09.06 15:05 B C:\inetpub\wwwroot\administrator\templates\bluestork\images\header\icon-48-generic.png --> ftp3.ftptoyoursite.com /web/content/SITEBACKUP_962012/administrator/templates/bluestork/images/header icon-48-generic.png
2012.09.06 15:05 B C:\inetpub\wwwroot\administrator\templates\bluestork\images\header\icon-48-groups-add.png --> ftp3.ftptoyoursite.com /web/content/SITEBACKUP_962012/administrator/templates/bluestork/images/header icon-48-groups-add.png
2012.09.06 15:05 B C:\inetpub\wwwroot\administrator\templates\bluestork\images\header\icon-48-groups.png --> ftp3.ftptoyoursite.com /web/content/SITEBACKUP_962012/administrator/templates/bluestork/images/header icon-48-groups.png
2012.09.06 15:05 B C:\inetpub\wwwroot\administrator\templates\bluestork\images\header\icon-48-help-forum.png --> ftp3.ftptoyoursite.com /web/content/SITEBACKUP_962012/administrator/templates/bluestork/images/header icon-48-help-forum.png
2012.09.06 15:05 B C:\inetpub\wwwroot\administrator\templates\bluestork\images\header\icon-48-help-this.png --> ftp3.ftptoyoursite.com /web/content/SITEBACKUP_962012/administrator/templates/bluestork/images/header icon-48-help-this.png
2012.09.06 15:05 B C:\inetpub\wwwroot\administrator\templates\bluestork\images\header\icon-48-help_header.png --> ftp3.ftptoyoursite.com /web/content/SITEBACKUP_962012/administrator/templates/bluestork/images/header icon-48-help_header.png
2012.09.06 15:05 B C:\inetpub\wwwroot\administrator\templates\bluestork\images\header\icon-48-inbox.png --> ftp3.ftptoyoursite.com /web/content/SITEBACKUP_962012/administrator/templates/bluestork/images/header icon-48-inbox.png
2012.09.06 15:05 B C:\inetpub\wwwroot\administrator\templates\bluestork\images\header\icon-48-info.png --> ftp3.ftptoyoursite.com /web/content/SITEBACKUP_962012/administrator/templates/bluestork/images/header icon-48-info.png
2012.09.06 15:05 B C:\inetpub\wwwroot\administrator\templates\bluestork\images\header\icon-48-install.png --> ftp3.ftptoyoursite.com /web/content/SITEBACKUP_962012/administrator/templates/bluestork/images/header icon-48-install.png
2012.09.06 15:05 B C:\inetpub\wwwroot\administrator\templates\bluestork\images\header\icon-48-jupdate-updatefound.png --> ftp3.ftptoyoursite.com /web/content/SITEBACKUP_962012/administrator/templates/bluestork/images/header icon-48-jupdate-updatefound.png
2012.09.06 15:05 B C:\inetpub\wwwroot\administrator\templates\bluestork\images\header\icon-48-jupdate-uptodate.png --> ftp3.ftptoyoursite.com /web/content/SITEBACKUP_962012/administrator/templates/bluestork/images/header icon-48-jupdate-uptodate.png
2012.09.06 15:05 B C:\inetpub\wwwroot\administrator\templates\bluestork\images\header\icon-48-language.png --> ftp3.ftptoyoursite.com /web/content/SITEBACKUP_962012/administrator/templates/bluestork/images/header icon-48-language.png
2012.09.06 15:05 B C:\inetpub\wwwroot\administrator\templates\bluestork\images\header\icon-48-levels-add.png --> ftp3.ftptoyoursite.com /web/content/SITEBACKUP_962012/administrator/templates/bluestork/images/header icon-48-levels-add.png
2012.09.06 15:05 B C:\inetpub\wwwroot\administrator\templates\bluestork\images\header\icon-48-levels.png --> ftp3.ftptoyoursite.com /web/content/SITEBACKUP_962012/administrator/templates/bluestork/images/header icon-48-levels.png
2012.09.06 15:05 B C:\inetpub\wwwroot\administrator\templates\bluestork\images\header\icon-48-links-cat.png --> ftp3.ftptoyoursite.com /web/content/SITEBACKUP_962012/administrator/templates/bluestork/images/header icon-48-links-cat.png
2012.09.06 15:05 B C:\inetpub\wwwroot\administrator\templates\bluestork\images\header\icon-48-links.png --> ftp3.ftptoyoursite.com /web/content/SITEBACKUP_962012/administrator/templates/bluestork/images/header icon-48-links.png
2012.09.06 15:05 B C:\inetpub\wwwroot\administrator\templates\bluestork\images\header\icon-48-massmail.png --> ftp3.ftptoyoursite.com /web/content/SITEBACKUP_962012/administrator/templates/bluestork/images/header icon-48-massmail.png
2012.09.06 15:05 B C:\inetpub\wwwroot\administrator\templates\bluestork\images\header\icon-48-media.png --> ftp3.ftptoyoursite.com /web/content/SITEBACKUP_962012/administrator/templates/bluestork/images/header icon-48-media.png
2012.09.06 15:05 B C:\inetpub\wwwroot\administrator\templates\bluestork\images\header\icon-48-menu-add.png --> ftp3.ftptoyoursite.com /web/content/SITEBACKUP_962012/administrator/templates/bluestork/images/header icon-48-menu-add.png
2012.09.06 15:05 B C:\inetpub\wwwroot\administrator\templates\bluestork\images\header\icon-48-menu.png --> ftp3.ftptoyoursite.com /web/content/SITEBACKUP_962012/administrator/templates/bluestork/images/header icon-48-menu.png
2012.09.06 15:05 B C:\inetpub\wwwroot\administrator\templates\bluestork\images\header\icon-48-menumgr.png --> ftp3.ftptoyoursite.com /web/content/SITEBACKUP_962012/administrator/templates/bluestork/images/header icon-48-menumgr.png
2012.09.06 15:05 B C:\inetpub\wwwroot\administrator\templates\bluestork\images\header\icon-48-module.png --> ftp3.ftptoyoursite.com /web/content/SITEBACKUP_962012/administrator/templates/bluestork/images/header icon-48-module.png
2012.09.06 15:05 B C:\inetpub\wwwroot\administrator\templates\bluestork\images\header\icon-48-move.png --> ftp3.ftptoyoursite.com /web/content/SITEBACKUP_962012/administrator/templates/bluestork/images/header icon-48-move.png
2012.09.06 15:05 B C:\inetpub\wwwroot\administrator\templates\bluestork\images\header\icon-48-new-privatemessage.png --> ftp3.ftptoyoursite.com /web/content/SITEBACKUP_962012/administrator/templates/bluestork/images/header icon-48-new-privatemessage.png
2012.09.06 15:05 B C:\inetpub\wwwroot\administrator\templates\bluestork\images\header\icon-48-newcategory.png --> ftp3.ftptoyoursite.com /web/content/SITEBACKUP_962012/administrator/templates/bluestork/images/header icon-48-newcategory.png
2012.09.06 15:05 B C:\inetpub\wwwroot\administrator\templates\bluestork\images\header\icon-48-newsfeeds-cat.png --> ftp3.ftptoyoursite.com /web/content/SITEBACKUP_962012/administrator/templates/bluestork/images/header icon-48-newsfeeds-cat.png
2012.09.06 15:05 B C:\inetpub\wwwroot\administrator\templates\bluestork\images\header\icon-48-newsfeeds.png --> ftp3.ftptoyoursite.com /web/content/SITEBACKUP_962012/administrator/templates/bluestork/images/header icon-48-newsfeeds.png
2012.09.06 15:05 B C:\inetpub\wwwroot\administrator\templates\bluestork\images\header\icon-48-notice.png --> ftp3.ftptoyoursite.com /web/content/SITEBACKUP_962012/administrator/templates/bluestork/images/header icon-48-notice.png
2012.09.06 15:05 B C:\inetpub\wwwroot\administrator\templates\bluestork\images\header\icon-48-plugin.png --> ftp3.ftptoyoursite.com /web/content/SITEBACKUP_962012/administrator/templates/bluestork/images/header icon-48-plugin.png
2012.09.06 15:05 B C:\inetpub\wwwroot\administrator\templates\bluestork\images\header\icon-48-preview.png --> ftp3.ftptoyoursite.com /web/content/SITEBACKUP_962012/administrator/templates/bluestork/images/header icon-48-preview.png
2012.09.06 15:05 B C:\inetpub\wwwroot\administrator\templates\bluestork\images\header\icon-48-print.png --> ftp3.ftptoyoursite.com /web/content/SITEBACKUP_962012/administrator/templates/bluestork/images/header icon-48-print.png
2012.09.06 15:05 B C:\inetpub\wwwroot\administrator\templates\bluestork\images\header\icon-48-purge.png --> ftp3.ftptoyoursite.com /web/content/SITEBACKUP_962012/administrator/templates/bluestork/images/header icon-48-purge.png
2012.09.06 15:05 B C:\inetpub\wwwroot\administrator\templates\bluestork\images\header\icon-48-read-privatemessage.png --> ftp3.ftptoyoursite.com /web/content/SITEBACKUP_962012/administrator/templates/bluestork/images/header icon-48-read-privatemessage.png
2012.09.06 15:05 B C:\inetpub\wwwroot\administrator\templates\bluestork\images\header\icon-48-readmess.png --> ftp3.ftptoyoursite.com /web/content/SITEBACKUP_962012/administrator/templates/bluestork/images/header icon-48-readmess.png
2012.09.06 15:05 B C:\inetpub\wwwroot\administrator\templates\bluestork\images\header\icon-48-redirect.png --> ftp3.ftptoyoursite.com /web/content/SITEBACKUP_962012/administrator/templates/bluestork/images/header icon-48-redirect.png
2012.09.06 15:05 B C:\inetpub\wwwroot\administrator\templates\bluestork\images\header\icon-48-revert.png --> ftp3.ftptoyoursite.com /web/content/SITEBACKUP_962012/administrator/templates/bluestork/images/header icon-48-revert.png
2012.09.06 15:05 B C:\inetpub\wwwroot\administrator\templates\bluestork\images\header\icon-48-search.png --> ftp3.ftptoyoursite.com /web/content/SITEBACKUP_962012/administrator/templates/bluestork/images/header icon-48-search.png
2012.09.06 15:05 B C:\inetpub\wwwroot\administrator\templates\bluestork\images\header\icon-48-section.png --> ftp3.ftptoyoursite.com /web/content/SITEBACKUP_962012/administrator/templates/bluestork/images/header icon-48-section.png
2012.09.06 15:05 B C:\inetpub\wwwroot\administrator\templates\bluestork\images\header\icon-48-send.png --> ftp3.ftptoyoursite.com /web/content/SITEBACKUP_962012/administrator/templates/bluestork/images/header icon-48-send.png
2012.09.06 15:05 B C:\inetpub\wwwroot\administrator\templates\bluestork\images\header\icon-48-static.png --> ftp3.ftptoyoursite.com /web/content/SITEBACKUP_962012/administrator/templates/bluestork/images/header icon-48-static.png
2012.09.06 15:05 B C:\inetpub\wwwroot\administrator\templates\bluestork\images\header\icon-48-stats.png --> ftp3.ftptoyoursite.com /web/content/SITEBACKUP_962012/administrator/templates/bluestork/images/header icon-48-stats.png
2012.09.06 15:05 B C:\inetpub\wwwroot\administrator\templates\bluestork\images\header\icon-48-themes.png --> ftp3.ftptoyoursite.com /web/content/SITEBACKUP_962012/administrator/templates/bluestork/images/header icon-48-themes.png
2012.09.06 15:05 B C:\inetpub\wwwroot\administrator\templates\bluestork\images\header\icon-48-trash.png --> ftp3.ftptoyoursite.com /web/content/SITEBACKUP_962012/administrator/templates/bluestork/images/header icon-48-trash.png
2012.09.06 15:05 B C:\inetpub\wwwroot\administrator\templates\bluestork\images\header\icon-48-unarchive.png --> ftp3.ftptoyoursite.com /web/content/SITEBACKUP_962012/administrator/templates/bluestork/images/header icon-48-unarchive.png
2012.09.06 15:05 B C:\inetpub\wwwroot\administrator\templates\bluestork\images\header\icon-48-upload.png --> ftp3.ftptoyoursite.com /web/content/SITEBACKUP_962012/administrator/templates/bluestork/images/header icon-48-upload.png
2012.09.06 15:05 B C:\inetpub\wwwroot\administrator\templates\bluestork\images\header\icon-48-user-add.png --> ftp3.ftptoyoursite.com /web/content/SITEBACKUP_962012/administrator/templates/bluestork/images/header icon-48-user-add.png
2012.09.06 15:05 B C:\inetpub\wwwroot\administrator\templates\bluestork\images\header\icon-48-user-edit.png --> ftp3.ftptoyoursite.com /web/content/SITEBACKUP_962012/administrator/templates/bluestork/images/header icon-48-user-edit.png
2012.09.06 15:05 B C:\inetpub\wwwroot\administrator\templates\bluestork\images\header\icon-48-user-profile.png --> ftp3.ftptoyoursite.com /web/content/SITEBACKUP_962012/administrator/templates/bluestork/images/header icon-48-user-profile.png
2012.09.06 15:05 B C:\inetpub\wwwroot\administrator\templates\bluestork\images\header\icon-48-user.png --> ftp3.ftptoyoursite.com /web/content/SITEBACKUP_962012/administrator/templates/bluestork/images/header icon-48-user.png
2012.09.06 15:05 B C:\inetpub\wwwroot\administrator\templates\bluestork\images\header\icon-48-writemess.png --> ftp3.ftptoyoursite.com /web/content/SITEBACKUP_962012/administrator/templates/bluestork/images/header icon-48-writemess.png
2012.09.06 15:05 B C:\inetpub\wwwroot\administrator\templates\bluestork\images\header\icon-messaging.png --> ftp3.ftptoyoursite.com /web/content/SITEBACKUP_962012/administrator/templates/bluestork/images/header icon-messaging.png
2012.09.06 15:05 B C:\inetpub\wwwroot\administrator\templates\bluestork\images\header\index.html --> ftp3.ftptoyoursite.com /web/content/SITEBACKUP_962012/administrator/templates/bluestork/images/header index.html
2012.09.06 15:05 B C:\inetpub\wwwroot\administrator\templates\bluestork\images\header\WS_FTP.LOG --> ftp3.ftptoyoursite.com /web/content/SITEBACKUP_962012/administrator/templates/bluestork/images/header WS_FTP.LOG
2012.09.06 15:47 B C:\inetpub\wwwroot\administrator\templates\bluestork\images\header\icon-48-alert.png <-- Schubert Rackspace /web/content/SITEBACKUP_962012/administrator/templates/bluestork/images/header icon-48-alert.png
2012.09.06 15:47 B C:\inetpub\wwwroot\administrator\templates\bluestork\images\header\icon-48-apply.png <-- Schubert Rackspace /web/content/SITEBACKUP_962012/administrator/templates/bluestork/images/header icon-48-apply.png
2012.09.06 15:47 B C:\inetpub\wwwroot\administrator\templates\bluestork\images\header\icon-48-archive.png <-- Schubert Rackspace /web/content/SITEBACKUP_962012/administrator/templates/bluestork/images/header icon-48-archive.png
2012.09.06 15:47 B C:\inetpub\wwwroot\administrator\templates\bluestork\images\header\icon-48-article-add.png <-- Schubert Rackspace /web/content/SITEBACKUP_962012/administrator/templates/bluestork/images/header icon-48-article-add.png
2012.09.06 15:47 B C:\inetpub\wwwroot\administrator\templates\bluestork\images\header\icon-48-article-edit.png <-- Schubert Rackspace /web/content/SITEBACKUP_962012/administrator/templates/bluestork/images/header icon-48-article-edit.png
2012.09.06 15:47 B C:\inetpub\wwwroot\administrator\templates\bluestork\images\header\icon-48-article.png <-- Schubert Rackspace /web/content/SITEBACKUP_962012/administrator/templates/bluestork/images/header icon-48-article.png
2012.09.06 15:47 B C:\inetpub\wwwroot\administrator\templates\bluestork\images\header\icon-48-banner-categories.png <-- Schubert Rackspace /web/content/SITEBACKUP_962012/administrator/templates/bluestork/images/header icon-48-banner-categories.png
2012.09.06 15:47 B C:\inetpub\wwwroot\administrator\templates\bluestork\images\header\icon-48-banner-client.png <-- Schubert Rackspace /web/content/SITEBACKUP_962012/administrator/templates/bluestork/images/header icon-48-banner-client.png
2012.09.06 15:47 B C:\inetpub\wwwroot\administrator\templates\bluestork\images\header\icon-48-banner-tracks.png <-- Schubert Rackspace /web/content/SITEBACKUP_962012/administrator/templates/bluestork/images/header icon-48-banner-tracks.png
2012.09.06 15:47 B C:\inetpub\wwwroot\administrator\templates\bluestork\images\header\icon-48-banner.png <-- Schubert Rackspace /web/content/SITEBACKUP_962012/administrator/templates/bluestork/images/header icon-48-banner.png
2012.09.06 15:47 B C:\inetpub\wwwroot\administrator\templates\bluestork\images\header\icon-48-calendar.png <-- Schubert Rackspace /web/content/SITEBACKUP_962012/administrator/templates/bluestork/images/header icon-48-calendar.png
2012.09.06 15:47 B C:\inetpub\wwwroot\administrator\templates\bluestork\images\header\icon-48-category-add.png <-- Schubert Rackspace /web/content/SITEBACKUP_962012/administrator/templates/bluestork/images/header icon-48-category-add.png
2012.09.06 15:47 B C:\inetpub\wwwroot\administrator\templates\bluestork\images\header\icon-48-category.png <-- Schubert Rackspace /web/content/SITEBACKUP_962012/administrator/templates/bluestork/images/header icon-48-category.png
2012.09.06 15:47 B C:\inetpub\wwwroot\administrator\templates\bluestork\images\header\icon-48-checkin.png <-- Schubert Rackspace /web/content/SITEBACKUP_962012/administrator/templates/bluestork/images/header icon-48-checkin.png
2012.09.06 15:47 B C:\inetpub\wwwroot\administrator\templates\bluestork\images\header\icon-48-clear.png <-- Schubert Rackspace /web/content/SITEBACKUP_962012/administrator/templates/bluestork/images/header icon-48-clear.png
2012.09.06 15:47 B C:\inetpub\wwwroot\administrator\templates\bluestork\images\header\icon-48-component.png <-- Schubert Rackspace /web/content/SITEBACKUP_962012/administrator/templates/bluestork/images/header icon-48-component.png
2012.09.06 15:47 B C:\inetpub\wwwroot\administrator\templates\bluestork\images\header\icon-48-config.png <-- Schubert Rackspace /web/content/SITEBACKUP_962012/administrator/templates/bluestork/images/header icon-48-config.png
2012.09.06 15:47 B C:\inetpub\wwwroot\administrator\templates\bluestork\images\header\icon-48-contacts-categories.png <-- Schubert Rackspace /web/content/SITEBACKUP_962012/administrator/templates/bluestork/images/header icon-48-contacts-categories.png
2012.09.06 15:47 B C:\inetpub\wwwroot\administrator\templates\bluestork\images\header\icon-48-contacts.png <-- Schubert Rackspace /web/content/SITEBACKUP_962012/administrator/templates/bluestork/images/header icon-48-contacts.png
2012.09.06 15:47 B C:\inetpub\wwwroot\administrator\templates\bluestork\images\header\icon-48-content.png <-- Schubert Rackspace /web/content/SITEBACKUP_962012/administrator/templates/bluestork/images/header icon-48-content.png
2012.09.06 15:47 B C:\inetpub\wwwroot\administrator\templates\bluestork\images\header\icon-48-copy.png <-- Schubert Rackspace /web/content/SITEBACKUP_962012/administrator/templates/bluestork/images/header icon-48-copy.png
2012.09.06 15:47 B C:\inetpub\wwwroot\administrator\templates\bluestork\images\header\icon-48-cpanel.png <-- Schubert Rackspace /web/content/SITEBACKUP_962012/administrator/templates/bluestork/images/header icon-48-cpanel.png
2012.09.06 15:47 B C:\inetpub\wwwroot\administrator\templates\bluestork\images\header\icon-48-deny.png <-- Schubert Rackspace /web/content/SITEBACKUP_962012/administrator/templates/bluestork/images/header icon-48-deny.png
2012.09.06 15:47 B C:\inetpub\wwwroot\administrator\templates\bluestork\images\header\icon-48-download.png <-- Schubert Rackspace /web/content/SITEBACKUP_962012/administrator/templates/bluestork/images/header icon-48-download.png
2012.09.06 15:47 B C:\inetpub\wwwroot\administrator\templates\bluestork\images\header\icon-48-edit.png <-- Schubert Rackspace /web/content/SITEBACKUP_962012/administrator/templates/bluestork/images/header icon-48-edit.png
2012.09.06 15:47 B C:\inetpub\wwwroot\administrator\templates\bluestork\images\header\icon-48-extension.png <-- Schubert Rackspace /web/content/SITEBACKUP_962012/administrator/templates/bluestork/images/header icon-48-extension.png
2012.09.06 15:47 B C:\inetpub\wwwroot\administrator\templates\bluestork\images\header\icon-48-featured.png <-- Schubert Rackspace /web/content/SITEBACKUP_962012/administrator/templates/bluestork/images/header icon-48-featured.png
2012.09.06 15:47 B C:\inetpub\wwwroot\administrator\templates\bluestork\images\header\icon-48-frontpage.png <-- Schubert Rackspace /web/content/SITEBACKUP_962012/administrator/templates/bluestork/images/header icon-48-frontpage.png
2012.09.06 15:47 B C:\inetpub\wwwroot\administrator\templates\bluestork\images\header\icon-48-generic.png <-- Schubert Rackspace /web/content/SITEBACKUP_962012/administrator/templates/bluestork/images/header icon-48-generic.png
2012.09.06 15:47 B C:\inetpub\wwwroot\administrator\templates\bluestork\images\header\icon-48-groups-add.png <-- Schubert Rackspace /web/content/SITEBACKUP_962012/administrator/templates/bluestork/images/header icon-48-groups-add.png
2012.09.06 15:47 B C:\inetpub\wwwroot\administrator\templates\bluestork\images\header\icon-48-groups.png <-- Schubert Rackspace /web/content/SITEBACKUP_962012/administrator/templates/bluestork/images/header icon-48-groups.png
2012.09.06 15:47 B C:\inetpub\wwwroot\administrator\templates\bluestork\images\header\icon-48-help-forum.png <-- Schubert Rackspace /web/content/SITEBACKUP_962012/administrator/templates/bluestork/images/header icon-48-help-forum.png
2012.09.06 15:47 B C:\inetpub\wwwroot\administrator\templates\bluestork\images\header\icon-48-help-this.png <-- Schubert Rackspace /web/content/SITEBACKUP_962012/administrator/templates/bluestork/images/header icon-48-help-this.png
2012.09.06 15:47 B C:\inetpub\wwwroot\administrator\templates\bluestork\images\header\icon-48-help_header.png <-- Schubert Rackspace /web/content/SITEBACKUP_962012/administrator/templates/bluestork/images/header icon-48-help_header.png
2012.09.06 15:47 B C:\inetpub\wwwroot\administrator\templates\bluestork\images\header\icon-48-inbox.png <-- Schubert Rackspace /web/content/SITEBACKUP_962012/administrator/templates/bluestork/images/header icon-48-inbox.png
2012.09.06 15:47 B C:\inetpub\wwwroot\administrator\templates\bluestork\images\header\icon-48-info.png <-- Schubert Rackspace /web/content/SITEBACKUP_962012/administrator/templates/bluestork/images/header icon-48-info.png
2012.09.06 15:47 B C:\inetpub\wwwroot\administrator\templates\bluestork\images\header\icon-48-install.png <-- Schubert Rackspace /web/content/SITEBACKUP_962012/administrator/templates/bluestork/images/header icon-48-install.png
2012.09.06 15:47 B C:\inetpub\wwwroot\administrator\templates\bluestork\images\header\icon-48-jupdate-updatefound.png <-- Schubert Rackspace /web/content/SITEBACKUP_962012/administrator/templates/bluestork/images/header icon-48-jupdate-updatefound.png
2012.09.06 15:47 B C:\inetpub\wwwroot\administrator\templates\bluestork\images\header\icon-48-jupdate-uptodate.png <-- Schubert Rackspace /web/content/SITEBACKUP_962012/administrator/templates/bluestork/images/header icon-48-jupdate-uptodate.png
2012.09.06 15:47 B C:\inetpub\wwwroot\administrator\templates\bluestork\images\header\icon-48-language.png <-- Schubert Rackspace /web/content/SITEBACKUP_962012/administrator/templates/bluestork/images/header icon-48-language.png
2012.09.06 15:47 B C:\inetpub\wwwroot\administrator\templates\bluestork\images\header\icon-48-levels-add.png <-- Schubert Rackspace /web/content/SITEBACKUP_962012/administrator/templates/bluestork/images/header icon-48-levels-add.png
2012.09.06 15:47 B C:\inetpub\wwwroot\administrator\templates\bluestork\images\header\icon-48-levels.png <-- Schubert Rackspace /web/content/SITEBACKUP_962012/administrator/templates/bluestork/images/header icon-48-levels.png
2012.09.06 15:47 B C:\inetpub\wwwroot\administrator\templates\bluestork\images\header\icon-48-links-cat.png <-- Schubert Rackspace /web/content/SITEBACKUP_962012/administrator/templates/bluestork/images/header icon-48-links-cat.png
2012.09.06 15:47 B C:\inetpub\wwwroot\administrator\templates\bluestork\images\header\icon-48-links.png <-- Schubert Rackspace /web/content/SITEBACKUP_962012/administrator/templates/bluestork/images/header icon-48-links.png
2012.09.06 15:47 B C:\inetpub\wwwroot\administrator\templates\bluestork\images\header\icon-48-massmail.png <-- Schubert Rackspace /web/content/SITEBACKUP_962012/administrator/templates/bluestork/images/header icon-48-massmail.png
2012.09.06 15:47 B C:\inetpub\wwwroot\administrator\templates\bluestork\images\header\icon-48-media.png <-- Schubert Rackspace /web/content/SITEBACKUP_962012/administrator/templates/bluestork/images/header icon-48-media.png
2012.09.06 15:47 B C:\inetpub\wwwroot\administrator\templates\bluestork\images\header\icon-48-menu-add.png <-- Schubert Rackspace /web/content/SITEBACKUP_962012/administrator/templates/bluestork/images/header icon-48-menu-add.png
2012.09.06 15:47 B C:\inetpub\wwwroot\administrator\templates\bluestork\images\header\icon-48-menu.png <-- Schubert Rackspace /web/content/SITEBACKUP_962012/administrator/templates/bluestork/images/header icon-48-menu.png
2012.09.06 15:47 B C:\inetpub\wwwroot\administrator\templates\bluestork\images\header\icon-48-menumgr.png <-- Schubert Rackspace /web/content/SITEBACKUP_962012/administrator/templates/bluestork/images/header icon-48-menumgr.png
2012.09.06 15:47 B C:\inetpub\wwwroot\administrator\templates\bluestork\images\header\icon-48-module.png <-- Schubert Rackspace /web/content/SITEBACKUP_962012/administrator/templates/bluestork/images/header icon-48-module.png
2012.09.06 15:47 B C:\inetpub\wwwroot\administrator\templates\bluestork\images\header\icon-48-move.png <-- Schubert Rackspace /web/content/SITEBACKUP_962012/administrator/templates/bluestork/images/header icon-48-move.png
2012.09.06 15:47 B C:\inetpub\wwwroot\administrator\templates\bluestork\images\header\icon-48-new-privatemessage.png <-- Schubert Rackspace /web/content/SITEBACKUP_962012/administrator/templates/bluestork/images/header icon-48-new-privatemessage.png
2012.09.06 15:47 B C:\inetpub\wwwroot\administrator\templates\bluestork\images\header\icon-48-newcategory.png <-- Schubert Rackspace /web/content/SITEBACKUP_962012/administrator/templates/bluestork/images/header icon-48-newcategory.png
2012.09.06 15:47 B C:\inetpub\wwwroot\administrator\templates\bluestork\images\header\icon-48-newsfeeds-cat.png <-- Schubert Rackspace /web/content/SITEBACKUP_962012/administrator/templates/bluestork/images/header icon-48-newsfeeds-cat.png
2012.09.06 15:47 B C:\inetpub\wwwroot\administrator\templates\bluestork\images\header\icon-48-newsfeeds.png <-- Schubert Rackspace /web/content/SITEBACKUP_962012/administrator/templates/bluestork/images/header icon-48-newsfeeds.png
2012.09.06 15:47 B C:\inetpub\wwwroot\administrator\templates\bluestork\images\header\icon-48-notice.png <-- Schubert Rackspace /web/content/SITEBACKUP_962012/administrator/templates/bluestork/images/header icon-48-notice.png
2012.09.06 15:47 B C:\inetpub\wwwroot\administrator\templates\bluestork\images\header\icon-48-plugin.png <-- Schubert Rackspace /web/content/SITEBACKUP_962012/administrator/templates/bluestork/images/header icon-48-plugin.png
2012.09.06 15:47 B C:\inetpub\wwwroot\administrator\templates\bluestork\images\header\icon-48-preview.png <-- Schubert Rackspace /web/content/SITEBACKUP_962012/administrator/templates/bluestork/images/header icon-48-preview.png
2012.09.06 15:47 B C:\inetpub\wwwroot\administrator\templates\bluestork\images\header\icon-48-print.png <-- Schubert Rackspace /web/content/SITEBACKUP_962012/administrator/templates/bluestork/images/header icon-48-print.png
2012.09.06 15:47 B C:\inetpub\wwwroot\administrator\templates\bluestork\images\header\icon-48-purge.png <-- Schubert Rackspace /web/content/SITEBACKUP_962012/administrator/templates/bluestork/images/header icon-48-purge.png
2012.09.06 15:47 B C:\inetpub\wwwroot\administrator\templates\bluestork\images\header\icon-48-read-privatemessage.png <-- Schubert Rackspace /web/content/SITEBACKUP_962012/administrator/templates/bluestork/images/header icon-48-read-privatemessage.png
2012.09.06 15:47 B C:\inetpub\wwwroot\administrator\templates\bluestork\images\header\icon-48-readmess.png <-- Schubert Rackspace /web/content/SITEBACKUP_962012/administrator/templates/bluestork/images/header icon-48-readmess.png
2012.09.06 15:47 B C:\inetpub\wwwroot\administrator\templates\bluestork\images\header\icon-48-redirect.png <-- Schubert Rackspace /web/content/SITEBACKUP_962012/administrator/templates/bluestork/images/header icon-48-redirect.png
2012.09.06 15:47 B C:\inetpub\wwwroot\administrator\templates\bluestork\images\header\icon-48-revert.png <-- Schubert Rackspace /web/content/SITEBACKUP_962012/administrator/templates/bluestork/images/header icon-48-revert.png
2012.09.06 15:47 B C:\inetpub\wwwroot\administrator\templates\bluestork\images\header\icon-48-search.png <-- Schubert Rackspace /web/content/SITEBACKUP_962012/administrator/templates/bluestork/images/header icon-48-search.png
2012.09.06 15:47 B C:\inetpub\wwwroot\administrator\templates\bluestork\images\header\icon-48-section.png <-- Schubert Rackspace /web/content/SITEBACKUP_962012/administrator/templates/bluestork/images/header icon-48-section.png
2012.09.06 15:47 B C:\inetpub\wwwroot\administrator\templates\bluestork\images\header\icon-48-send.png <-- Schubert Rackspace /web/content/SITEBACKUP_962012/administrator/templates/bluestork/images/header icon-48-send.png
2012.09.06 15:47 B C:\inetpub\wwwroot\administrator\templates\bluestork\images\header\icon-48-static.png <-- Schubert Rackspace /web/content/SITEBACKUP_962012/administrator/templates/bluestork/images/header icon-48-static.png
2012.09.06 15:47 B C:\inetpub\wwwroot\administrator\templates\bluestork\images\header\icon-48-stats.png <-- Schubert Rackspace /web/content/SITEBACKUP_962012/administrator/templates/bluestork/images/header icon-48-stats.png
2012.09.06 15:47 B C:\inetpub\wwwroot\administrator\templates\bluestork\images\header\icon-48-themes.png <-- Schubert Rackspace /web/content/SITEBACKUP_962012/administrator/templates/bluestork/images/header icon-48-themes.png
2012.09.06 15:47 B C:\inetpub\wwwroot\administrator\templates\bluestork\images\header\icon-48-trash.png <-- Schubert Rackspace /web/content/SITEBACKUP_962012/administrator/templates/bluestork/images/header icon-48-trash.png
2012.09.06 15:47 B C:\inetpub\wwwroot\administrator\templates\bluestork\images\header\icon-48-unarchive.png <-- Schubert Rackspace /web/content/SITEBACKUP_962012/administrator/templates/bluestork/images/header icon-48-unarchive.png
2012.09.06 15:47 B C:\inetpub\wwwroot\administrator\templates\bluestork\images\header\icon-48-upload.png <-- Schubert Rackspace /web/content/SITEBACKUP_962012/administrator/templates/bluestork/images/header icon-48-upload.png
2012.09.06 15:47 B C:\inetpub\wwwroot\administrator\templates\bluestork\images\header\icon-48-user-add.png <-- Schubert Rackspace /web/content/SITEBACKUP_962012/administrator/templates/bluestork/images/header icon-48-user-add.png
2012.09.06 15:47 B C:\inetpub\wwwroot\administrator\templates\bluestork\images\header\icon-48-user-edit.png <-- Schubert Rackspace /web/content/SITEBACKUP_962012/administrator/templates/bluestork/images/header icon-48-user-edit.png
2012.09.06 15:47 B C:\inetpub\wwwroot\administrator\templates\bluestork\images\header\icon-48-user-profile.png <-- Schubert Rackspace /web/content/SITEBACKUP_962012/administrator/templates/bluestork/images/header icon-48-user-profile.png
2012.09.06 15:47 B C:\inetpub\wwwroot\administrator\templates\bluestork\images\header\icon-48-user.png <-- Schubert Rackspace /web/content/SITEBACKUP_962012/administrator/templates/bluestork/images/header icon-48-user.png
2012.09.06 15:47 B C:\inetpub\wwwroot\administrator\templates\bluestork\images\header\icon-48-writemess.png <-- Schubert Rackspace /web/content/SITEBACKUP_962012/administrator/templates/bluestork/images/header icon-48-writemess.png
2012.09.06 15:47 B C:\inetpub\wwwroot\administrator\templates\bluestork\images\header\icon-messaging.png <-- Schubert Rackspace /web/content/SITEBACKUP_962012/administrator/templates/bluestork/images/header icon-messaging.png
2012.09.06 15:47 B C:\inetpub\wwwroot\administrator\templates\bluestork\images\header\index.html <-- Schubert Rackspace /web/content/SITEBACKUP_962012/administrator/templates/bluestork/images/header index.html
2012.10.23 09:09 B C:\inetpub\wwwroot\administrator\templates\bluestork\images\header\icon-48-alert.png --> ftp3.ftptoyoursite.com /web/content/administrator/templates/bluestork/images/header icon-48-alert.png
2012.10.23 09:09 B C:\inetpub\wwwroot\administrator\templates\bluestork\images\header\icon-48-apply.png --> ftp3.ftptoyoursite.com /web/content/administrator/templates/bluestork/images/header icon-48-apply.png
2012.10.23 09:09 B C:\inetpub\wwwroot\administrator\templates\bluestork\images\header\icon-48-archive.png --> ftp3.ftptoyoursite.com /web/content/administrator/templates/bluestork/images/header icon-48-archive.png
2012.10.23 09:09 B C:\inetpub\wwwroot\administrator\templates\bluestork\images\header\icon-48-article-add.png --> ftp3.ftptoyoursite.com /web/content/administrator/templates/bluestork/images/header icon-48-article-add.png
2012.10.23 09:09 B C:\inetpub\wwwroot\administrator\templates\bluestork\images\header\icon-48-article-edit.png --> ftp3.ftptoyoursite.com /web/content/administrator/templates/bluestork/images/header icon-48-article-edit.png
2012.10.23 09:09 B C:\inetpub\wwwroot\administrator\templates\bluestork\images\header\icon-48-article.png --> ftp3.ftptoyoursite.com /web/content/administrator/templates/bluestork/images/header icon-48-article.png
2012.10.23 09:09 B C:\inetpub\wwwroot\administrator\templates\bluestork\images\header\icon-48-banner-categories.png --> ftp3.ftptoyoursite.com /web/content/administrator/templates/bluestork/images/header icon-48-banner-categories.png
2012.10.23 09:09 B C:\inetpub\wwwroot\administrator\templates\bluestork\images\header\icon-48-banner-client.png --> ftp3.ftptoyoursite.com /web/content/administrator/templates/bluestork/images/header icon-48-banner-client.png
2012.10.23 09:09 B C:\inetpub\wwwroot\administrator\templates\bluestork\images\header\icon-48-banner-tracks.png --> ftp3.ftptoyoursite.com /web/content/administrator/templates/bluestork/images/header icon-48-banner-tracks.png
2012.10.23 09:09 B C:\inetpub\wwwroot\administrator\templates\bluestork\images\header\icon-48-banner.png --> ftp3.ftptoyoursite.com /web/content/administrator/templates/bluestork/images/header icon-48-banner.png
2012.10.23 09:09 B C:\inetpub\wwwroot\administrator\templates\bluestork\images\header\icon-48-calendar.png --> ftp3.ftptoyoursite.com /web/content/administrator/templates/bluestork/images/header icon-48-calendar.png
2012.10.23 09:09 B C:\inetpub\wwwroot\administrator\templates\bluestork\images\header\icon-48-category-add.png --> ftp3.ftptoyoursite.com /web/content/administrator/templates/bluestork/images/header icon-48-category-add.png
2012.10.23 09:09 B C:\inetpub\wwwroot\administrator\templates\bluestork\images\header\icon-48-category.png --> ftp3.ftptoyoursite.com /web/content/administrator/templates/bluestork/images/header icon-48-category.png
2012.10.23 09:09 B C:\inetpub\wwwroot\administrator\templates\bluestork\images\header\icon-48-checkin.png --> ftp3.ftptoyoursite.com /web/content/administrator/templates/bluestork/images/header icon-48-checkin.png
2012.10.23 09:09 B C:\inetpub\wwwroot\administrator\templates\bluestork\images\header\icon-48-clear.png --> ftp3.ftptoyoursite.com /web/content/administrator/templates/bluestork/images/header icon-48-clear.png
2012.10.23 09:09 B C:\inetpub\wwwroot\administrator\templates\bluestork\images\header\icon-48-component.png --> ftp3.ftptoyoursite.com /web/content/administrator/templates/bluestork/images/header icon-48-component.png
2012.10.23 09:09 B C:\inetpub\wwwroot\administrator\templates\bluestork\images\header\icon-48-config.png --> ftp3.ftptoyoursite.com /web/content/administrator/templates/bluestork/images/header icon-48-config.png
2012.10.23 09:09 B C:\inetpub\wwwroot\administrator\templates\bluestork\images\header\icon-48-contacts-categories.png --> ftp3.ftptoyoursite.com /web/content/administrator/templates/bluestork/images/header icon-48-contacts-categories.png
2012.10.23 09:09 B C:\inetpub\wwwroot\administrator\templates\bluestork\images\header\icon-48-contacts.png --> ftp3.ftptoyoursite.com /web/content/administrator/templates/bluestork/images/header icon-48-contacts.png
2012.10.23 09:09 B C:\inetpub\wwwroot\administrator\templates\bluestork\images\header\icon-48-content.png --> ftp3.ftptoyoursite.com /web/content/administrator/templates/bluestork/images/header icon-48-content.png
2012.10.23 09:09 B C:\inetpub\wwwroot\administrator\templates\bluestork\images\header\icon-48-copy.png --> ftp3.ftptoyoursite.com /web/content/administrator/templates/bluestork/images/header icon-48-copy.png
2012.10.23 09:09 B C:\inetpub\wwwroot\administrator\templates\bluestork\images\header\icon-48-cpanel.png --> ftp3.ftptoyoursite.com /web/content/administrator/templates/bluestork/images/header icon-48-cpanel.png
2012.10.23 09:09 B C:\inetpub\wwwroot\administrator\templates\bluestork\images\header\icon-48-deny.png --> ftp3.ftptoyoursite.com /web/content/administrator/templates/bluestork/images/header icon-48-deny.png
2012.10.23 09:09 B C:\inetpub\wwwroot\administrator\templates\bluestork\images\header\icon-48-download.png --> ftp3.ftptoyoursite.com /web/content/administrator/templates/bluestork/images/header icon-48-download.png
2012.10.23 09:09 B C:\inetpub\wwwroot\administrator\templates\bluestork\images\header\icon-48-edit.png --> ftp3.ftptoyoursite.com /web/content/administrator/templates/bluestork/images/header icon-48-edit.png
2012.10.23 09:09 B C:\inetpub\wwwroot\administrator\templates\bluestork\images\header\icon-48-extension.png --> ftp3.ftptoyoursite.com /web/content/administrator/templates/bluestork/images/header icon-48-extension.png
2012.10.23 09:09 B C:\inetpub\wwwroot\administrator\templates\bluestork\images\header\icon-48-featured.png --> ftp3.ftptoyoursite.com /web/content/administrator/templates/bluestork/images/header icon-48-featured.png
2012.10.23 09:09 B C:\inetpub\wwwroot\administrator\templates\bluestork\images\header\icon-48-frontpage.png --> ftp3.ftptoyoursite.com /web/content/administrator/templates/bluestork/images/header icon-48-frontpage.png
2012.10.23 09:09 B C:\inetpub\wwwroot\administrator\templates\bluestork\images\header\icon-48-generic.png --> ftp3.ftptoyoursite.com /web/content/administrator/templates/bluestork/images/header icon-48-generic.png
2012.10.23 09:09 B C:\inetpub\wwwroot\administrator\templates\bluestork\images\header\icon-48-groups-add.png --> ftp3.ftptoyoursite.com /web/content/administrator/templates/bluestork/images/header icon-48-groups-add.png
2012.10.23 09:09 B C:\inetpub\wwwroot\administrator\templates\bluestork\images\header\icon-48-groups.png --> ftp3.ftptoyoursite.com /web/content/administrator/templates/bluestork/images/header icon-48-groups.png
2012.10.23 09:09 B C:\inetpub\wwwroot\administrator\templates\bluestork\images\header\icon-48-help-forum.png --> ftp3.ftptoyoursite.com /web/content/administrator/templates/bluestork/images/header icon-48-help-forum.png
2012.10.23 09:09 B C:\inetpub\wwwroot\administrator\templates\bluestork\images\header\icon-48-help-this.png --> ftp3.ftptoyoursite.com /web/content/administrator/templates/bluestork/images/header icon-48-help-this.png
2012.10.23 09:09 B C:\inetpub\wwwroot\administrator\templates\bluestork\images\header\icon-48-help_header.png --> ftp3.ftptoyoursite.com /web/content/administrator/templates/bluestork/images/header icon-48-help_header.png
2012.10.23 09:09 B C:\inetpub\wwwroot\administrator\templates\bluestork\images\header\icon-48-inbox.png --> ftp3.ftptoyoursite.com /web/content/administrator/templates/bluestork/images/header icon-48-inbox.png
2012.10.23 09:09 B C:\inetpub\wwwroot\administrator\templates\bluestork\images\header\icon-48-info.png --> ftp3.ftptoyoursite.com /web/content/administrator/templates/bluestork/images/header icon-48-info.png
2012.10.23 09:09 B C:\inetpub\wwwroot\administrator\templates\bluestork\images\header\icon-48-install.png --> ftp3.ftptoyoursite.com /web/content/administrator/templates/bluestork/images/header icon-48-install.png
2012.10.23 09:09 B C:\inetpub\wwwroot\administrator\templates\bluestork\images\header\icon-48-jupdate-updatefound.png --> ftp3.ftptoyoursite.com /web/content/administrator/templates/bluestork/images/header icon-48-jupdate-updatefound.png
2012.10.23 09:09 B C:\inetpub\wwwroot\administrator\templates\bluestork\images\header\icon-48-jupdate-uptodate.png --> ftp3.ftptoyoursite.com /web/content/administrator/templates/bluestork/images/header icon-48-jupdate-uptodate.png
2012.10.23 09:09 B C:\inetpub\wwwroot\administrator\templates\bluestork\images\header\icon-48-language.png --> ftp3.ftptoyoursite.com /web/content/administrator/templates/bluestork/images/header icon-48-language.png
2012.10.23 09:09 B C:\inetpub\wwwroot\administrator\templates\bluestork\images\header\icon-48-levels-add.png --> ftp3.ftptoyoursite.com /web/content/administrator/templates/bluestork/images/header icon-48-levels-add.png
2012.10.23 09:09 B C:\inetpub\wwwroot\administrator\templates\bluestork\images\header\icon-48-levels.png --> ftp3.ftptoyoursite.com /web/content/administrator/templates/bluestork/images/header icon-48-levels.png
2012.10.23 09:09 B C:\inetpub\wwwroot\administrator\templates\bluestork\images\header\icon-48-links-cat.png --> ftp3.ftptoyoursite.com /web/content/administrator/templates/bluestork/images/header icon-48-links-cat.png
2012.10.23 09:09 B C:\inetpub\wwwroot\administrator\templates\bluestork\images\header\icon-48-links.png --> ftp3.ftptoyoursite.com /web/content/administrator/templates/bluestork/images/header icon-48-links.png
2012.10.23 09:09 B C:\inetpub\wwwroot\administrator\templates\bluestork\images\header\icon-48-massmail.png --> ftp3.ftptoyoursite.com /web/content/administrator/templates/bluestork/images/header icon-48-massmail.png
2012.10.23 09:09 B C:\inetpub\wwwroot\administrator\templates\bluestork\images\header\icon-48-media.png --> ftp3.ftptoyoursite.com /web/content/administrator/templates/bluestork/images/header icon-48-media.png
2012.10.23 09:09 B C:\inetpub\wwwroot\administrator\templates\bluestork\images\header\icon-48-menu-add.png --> ftp3.ftptoyoursite.com /web/content/administrator/templates/bluestork/images/header icon-48-menu-add.png
2012.10.23 09:09 B C:\inetpub\wwwroot\administrator\templates\bluestork\images\header\icon-48-menu.png --> ftp3.ftptoyoursite.com /web/content/administrator/templates/bluestork/images/header icon-48-menu.png
2012.10.23 09:09 B C:\inetpub\wwwroot\administrator\templates\bluestork\images\header\icon-48-menumgr.png --> ftp3.ftptoyoursite.com /web/content/administrator/templates/bluestork/images/header icon-48-menumgr.png
2012.10.23 09:09 B C:\inetpub\wwwroot\administrator\templates\bluestork\images\header\icon-48-module.png --> ftp3.ftptoyoursite.com /web/content/administrator/templates/bluestork/images/header icon-48-module.png
2012.10.23 09:09 B C:\inetpub\wwwroot\administrator\templates\bluestork\images\header\icon-48-move.png --> ftp3.ftptoyoursite.com /web/content/administrator/templates/bluestork/images/header icon-48-move.png
2012.10.23 09:09 B C:\inetpub\wwwroot\administrator\templates\bluestork\images\header\icon-48-new-privatemessage.png --> ftp3.ftptoyoursite.com /web/content/administrator/templates/bluestork/images/header icon-48-new-privatemessage.png
2012.10.23 09:09 B C:\inetpub\wwwroot\administrator\templates\bluestork\images\header\icon-48-newcategory.png --> ftp3.ftptoyoursite.com /web/content/administrator/templates/bluestork/images/header icon-48-newcategory.png
2012.10.23 09:09 B C:\inetpub\wwwroot\administrator\templates\bluestork\images\header\icon-48-newsfeeds-cat.png --> ftp3.ftptoyoursite.com /web/content/administrator/templates/bluestork/images/header icon-48-newsfeeds-cat.png
2012.10.23 09:09 B C:\inetpub\wwwroot\administrator\templates\bluestork\images\header\icon-48-newsfeeds.png --> ftp3.ftptoyoursite.com /web/content/administrator/templates/bluestork/images/header icon-48-newsfeeds.png
2012.10.23 09:09 B C:\inetpub\wwwroot\administrator\templates\bluestork\images\header\icon-48-notice.png --> ftp3.ftptoyoursite.com /web/content/administrator/templates/bluestork/images/header icon-48-notice.png
2012.10.23 09:09 B C:\inetpub\wwwroot\administrator\templates\bluestork\images\header\icon-48-plugin.png --> ftp3.ftptoyoursite.com /web/content/administrator/templates/bluestork/images/header icon-48-plugin.png
2012.10.23 09:09 B C:\inetpub\wwwroot\administrator\templates\bluestork\images\header\icon-48-preview.png --> ftp3.ftptoyoursite.com /web/content/administrator/templates/bluestork/images/header icon-48-preview.png
2012.10.23 09:09 B C:\inetpub\wwwroot\administrator\templates\bluestork\images\header\icon-48-print.png --> ftp3.ftptoyoursite.com /web/content/administrator/templates/bluestork/images/header icon-48-print.png
2012.10.23 09:09 B C:\inetpub\wwwroot\administrator\templates\bluestork\images\header\icon-48-purge.png --> ftp3.ftptoyoursite.com /web/content/administrator/templates/bluestork/images/header icon-48-purge.png
2012.10.23 09:09 B C:\inetpub\wwwroot\administrator\templates\bluestork\images\header\icon-48-read-privatemessage.png --> ftp3.ftptoyoursite.com /web/content/administrator/templates/bluestork/images/header icon-48-read-privatemessage.png
2012.10.23 09:09 B C:\inetpub\wwwroot\administrator\templates\bluestork\images\header\icon-48-readmess.png --> ftp3.ftptoyoursite.com /web/content/administrator/templates/bluestork/images/header icon-48-readmess.png
2012.10.23 09:09 B C:\inetpub\wwwroot\administrator\templates\bluestork\images\header\icon-48-redirect.png --> ftp3.ftptoyoursite.com /web/content/administrator/templates/bluestork/images/header icon-48-redirect.png
2012.10.23 09:09 B C:\inetpub\wwwroot\administrator\templates\bluestork\images\header\icon-48-revert.png --> ftp3.ftptoyoursite.com /web/content/administrator/templates/bluestork/images/header icon-48-revert.png
2012.10.23 09:09 B C:\inetpub\wwwroot\administrator\templates\bluestork\images\header\icon-48-search.png --> ftp3.ftptoyoursite.com /web/content/administrator/templates/bluestork/images/header icon-48-search.png
2012.10.23 09:09 B C:\inetpub\wwwroot\administrator\templates\bluestork\images\header\icon-48-section.png --> ftp3.ftptoyoursite.com /web/content/administrator/templates/bluestork/images/header icon-48-section.png
2012.10.23 09:09 B C:\inetpub\wwwroot\administrator\templates\bluestork\images\header\icon-48-send.png --> ftp3.ftptoyoursite.com /web/content/administrator/templates/bluestork/images/header icon-48-send.png
2012.10.23 09:09 B C:\inetpub\wwwroot\administrator\templates\bluestork\images\header\icon-48-static.png --> ftp3.ftptoyoursite.com /web/content/administrator/templates/bluestork/images/header icon-48-static.png
2012.10.23 09:09 B C:\inetpub\wwwroot\administrator\templates\bluestork\images\header\icon-48-stats.png --> ftp3.ftptoyoursite.com /web/content/administrator/templates/bluestork/images/header icon-48-stats.png
2012.10.23 09:09 B C:\inetpub\wwwroot\administrator\templates\bluestork\images\header\icon-48-themes.png --> ftp3.ftptoyoursite.com /web/content/administrator/templates/bluestork/images/header icon-48-themes.png
2012.10.23 09:09 B C:\inetpub\wwwroot\administrator\templates\bluestork\images\header\icon-48-trash.png --> ftp3.ftptoyoursite.com /web/content/administrator/templates/bluestork/images/header icon-48-trash.png
2012.10.23 09:09 B C:\inetpub\wwwroot\administrator\templates\bluestork\images\header\icon-48-unarchive.png --> ftp3.ftptoyoursite.com /web/content/administrator/templates/bluestork/images/header icon-48-unarchive.png
2012.10.23 09:09 B C:\inetpub\wwwroot\administrator\templates\bluestork\images\header\icon-48-upload.png --> ftp3.ftptoyoursite.com /web/content/administrator/templates/bluestork/images/header icon-48-upload.png
2012.10.23 09:09 B C:\inetpub\wwwroot\administrator\templates\bluestork\images\header\icon-48-user-add.png --> ftp3.ftptoyoursite.com /web/content/administrator/templates/bluestork/images/header icon-48-user-add.png
2012.10.23 09:09 B C:\inetpub\wwwroot\administrator\templates\bluestork\images\header\icon-48-user-edit.png --> ftp3.ftptoyoursite.com /web/content/administrator/templates/bluestork/images/header icon-48-user-edit.png
2012.10.23 09:09 B C:\inetpub\wwwroot\administrator\templates\bluestork\images\header\icon-48-user-profile.png --> ftp3.ftptoyoursite.com /web/content/administrator/templates/bluestork/images/header icon-48-user-profile.png
2012.10.23 09:09 B C:\inetpub\wwwroot\administrator\templates\bluestork\images\header\icon-48-user.png --> ftp3.ftptoyoursite.com /web/content/administrator/templates/bluestork/images/header icon-48-user.png
2012.10.23 09:09 B C:\inetpub\wwwroot\administrator\templates\bluestork\images\header\icon-48-writemess.png --> ftp3.ftptoyoursite.com /web/content/administrator/templates/bluestork/images/header icon-48-writemess.png
2012.10.23 09:09 B C:\inetpub\wwwroot\administrator\templates\bluestork\images\header\icon-messaging.png --> ftp3.ftptoyoursite.com /web/content/administrator/templates/bluestork/images/header icon-messaging.png
2012.10.23 09:09 B C:\inetpub\wwwroot\administrator\templates\bluestork\images\header\index.html --> ftp3.ftptoyoursite.com /web/content/administrator/templates/bluestork/images/header index.html
2012.10.23 09:09 B C:\inetpub\wwwroot\administrator\templates\bluestork\images\header\WS_FTP.LOG --> ftp3.ftptoyoursite.com /web/content/administrator/templates/bluestork/images/header WS_FTP.LOG
2013.02.01 14:45 B C:\inetpub\wwwroot\administrator\templates\bluestork\images\header\WS_FTP.LOG <-- Schubert Rackspace /web/content/administrator/templates/bluestork/images/header WS_FTP.LOG
