2012.07.25 12:20 B C:\Users\COBRIEN\Desktop\Schubert\templates\templatename\html\mod_menu\default.php <-- Schubert Rackspace /web/content/templates/templatename/html/mod_menu default.php
2012.07.25 12:20 B C:\Users\COBRIEN\Desktop\Schubert\templates\templatename\html\mod_menu\default_component.php <-- Schubert Rackspace /web/content/templates/templatename/html/mod_menu default_component.php
2012.07.25 12:20 B C:\Users\COBRIEN\Desktop\Schubert\templates\templatename\html\mod_menu\default_separator.php <-- Schubert Rackspace /web/content/templates/templatename/html/mod_menu default_separator.php
2012.07.25 12:20 B C:\Users\COBRIEN\Desktop\Schubert\templates\templatename\html\mod_menu\default_url.php <-- Schubert Rackspace /web/content/templates/templatename/html/mod_menu default_url.php
2012.07.25 12:20 B C:\Users\COBRIEN\Desktop\Schubert\templates\templatename\html\mod_menu\standard.php <-- Schubert Rackspace /web/content/templates/templatename/html/mod_menu standard.php
2012.07.25 12:20 B C:\Users\COBRIEN\Desktop\Schubert\templates\templatename\html\mod_menu\standard_component.php <-- Schubert Rackspace /web/content/templates/templatename/html/mod_menu standard_component.php
2012.07.25 12:20 B C:\Users\COBRIEN\Desktop\Schubert\templates\templatename\html\mod_menu\standard_separator.php <-- Schubert Rackspace /web/content/templates/templatename/html/mod_menu standard_separator.php
2012.07.25 12:20 B C:\Users\COBRIEN\Desktop\Schubert\templates\templatename\html\mod_menu\standard_url.php <-- Schubert Rackspace /web/content/templates/templatename/html/mod_menu standard_url.php
2012.08.10 16:53 B C:\inetpub\wwwroot\templates\templatename\html\mod_menu\default.php --> ftp3.ftptoyoursite.com /web/content/templates/templates/templatename/html/mod_menu default.php
2012.08.10 16:53 B C:\inetpub\wwwroot\templates\templatename\html\mod_menu\default_component.php --> ftp3.ftptoyoursite.com /web/content/templates/templates/templatename/html/mod_menu default_component.php
2012.08.10 16:53 B C:\inetpub\wwwroot\templates\templatename\html\mod_menu\default_separator.php --> ftp3.ftptoyoursite.com /web/content/templates/templates/templatename/html/mod_menu default_separator.php
2012.08.10 16:53 B C:\inetpub\wwwroot\templates\templatename\html\mod_menu\default_url.php --> ftp3.ftptoyoursite.com /web/content/templates/templates/templatename/html/mod_menu default_url.php
2012.08.10 16:53 B C:\inetpub\wwwroot\templates\templatename\html\mod_menu\standard.php --> ftp3.ftptoyoursite.com /web/content/templates/templates/templatename/html/mod_menu standard.php
2012.08.10 16:53 B C:\inetpub\wwwroot\templates\templatename\html\mod_menu\standard_component.php --> ftp3.ftptoyoursite.com /web/content/templates/templates/templatename/html/mod_menu standard_component.php
2012.08.10 16:53 B C:\inetpub\wwwroot\templates\templatename\html\mod_menu\standard_separator.php --> ftp3.ftptoyoursite.com /web/content/templates/templates/templatename/html/mod_menu standard_separator.php
2012.08.10 16:53 B C:\inetpub\wwwroot\templates\templatename\html\mod_menu\standard_url.php --> ftp3.ftptoyoursite.com /web/content/templates/templates/templatename/html/mod_menu standard_url.php
2012.08.10 16:53 B C:\inetpub\wwwroot\templates\templatename\html\mod_menu\WS_FTP.LOG --> ftp3.ftptoyoursite.com /web/content/templates/templates/templatename/html/mod_menu WS_FTP.LOG
2012.09.04 10:58 B C:\inetpub\wwwroot\templates\templatename\html\mod_menu\default.php --> ftp3.ftptoyoursite.com /web/content/SITE-TEST/templates/templatename/html/mod_menu default.php
2012.09.04 10:58 B C:\inetpub\wwwroot\templates\templatename\html\mod_menu\default_component.php --> ftp3.ftptoyoursite.com /web/content/SITE-TEST/templates/templatename/html/mod_menu default_component.php
2012.09.04 10:58 B C:\inetpub\wwwroot\templates\templatename\html\mod_menu\default_separator.php --> ftp3.ftptoyoursite.com /web/content/SITE-TEST/templates/templatename/html/mod_menu default_separator.php
2012.09.04 10:58 B C:\inetpub\wwwroot\templates\templatename\html\mod_menu\default_url.php --> ftp3.ftptoyoursite.com /web/content/SITE-TEST/templates/templatename/html/mod_menu default_url.php
2012.09.04 10:58 B C:\inetpub\wwwroot\templates\templatename\html\mod_menu\standard.php --> ftp3.ftptoyoursite.com /web/content/SITE-TEST/templates/templatename/html/mod_menu standard.php
2012.09.04 10:58 B C:\inetpub\wwwroot\templates\templatename\html\mod_menu\standard_component.php --> ftp3.ftptoyoursite.com /web/content/SITE-TEST/templates/templatename/html/mod_menu standard_component.php
2012.09.04 10:58 B C:\inetpub\wwwroot\templates\templatename\html\mod_menu\standard_separator.php --> ftp3.ftptoyoursite.com /web/content/SITE-TEST/templates/templatename/html/mod_menu standard_separator.php
2012.09.04 10:58 B C:\inetpub\wwwroot\templates\templatename\html\mod_menu\standard_url.php --> ftp3.ftptoyoursite.com /web/content/SITE-TEST/templates/templatename/html/mod_menu standard_url.php
2012.09.04 10:58 B C:\inetpub\wwwroot\templates\templatename\html\mod_menu\WS_FTP.LOG --> ftp3.ftptoyoursite.com /web/content/SITE-TEST/templates/templatename/html/mod_menu WS_FTP.LOG
2012.09.06 15:16 B C:\inetpub\wwwroot\templates\templatename\html\mod_menu\default.php --> ftp3.ftptoyoursite.com /web/content/SITEBACKUP_962012/templates/templatename/html/mod_menu default.php
2012.09.06 15:16 B C:\inetpub\wwwroot\templates\templatename\html\mod_menu\default_component.php --> ftp3.ftptoyoursite.com /web/content/SITEBACKUP_962012/templates/templatename/html/mod_menu default_component.php
2012.09.06 15:16 B C:\inetpub\wwwroot\templates\templatename\html\mod_menu\default_separator.php --> ftp3.ftptoyoursite.com /web/content/SITEBACKUP_962012/templates/templatename/html/mod_menu default_separator.php
2012.09.06 15:16 B C:\inetpub\wwwroot\templates\templatename\html\mod_menu\default_url.php --> ftp3.ftptoyoursite.com /web/content/SITEBACKUP_962012/templates/templatename/html/mod_menu default_url.php
2012.09.06 15:16 B C:\inetpub\wwwroot\templates\templatename\html\mod_menu\standard.php --> ftp3.ftptoyoursite.com /web/content/SITEBACKUP_962012/templates/templatename/html/mod_menu standard.php
2012.09.06 15:16 B C:\inetpub\wwwroot\templates\templatename\html\mod_menu\standard_component.php --> ftp3.ftptoyoursite.com /web/content/SITEBACKUP_962012/templates/templatename/html/mod_menu standard_component.php
2012.09.06 15:16 B C:\inetpub\wwwroot\templates\templatename\html\mod_menu\standard_separator.php --> ftp3.ftptoyoursite.com /web/content/SITEBACKUP_962012/templates/templatename/html/mod_menu standard_separator.php
2012.09.06 15:16 B C:\inetpub\wwwroot\templates\templatename\html\mod_menu\standard_url.php --> ftp3.ftptoyoursite.com /web/content/SITEBACKUP_962012/templates/templatename/html/mod_menu standard_url.php
2012.09.06 15:16 B C:\inetpub\wwwroot\templates\templatename\html\mod_menu\WS_FTP.LOG --> ftp3.ftptoyoursite.com /web/content/SITEBACKUP_962012/templates/templatename/html/mod_menu WS_FTP.LOG
2012.10.23 09:19 B C:\inetpub\wwwroot\templates\templatename\html\mod_menu\default.php --> ftp3.ftptoyoursite.com /web/content/templates/templatename/html/mod_menu default.php
2012.10.23 09:19 B C:\inetpub\wwwroot\templates\templatename\html\mod_menu\default_component.php --> ftp3.ftptoyoursite.com /web/content/templates/templatename/html/mod_menu default_component.php
2012.10.23 09:19 B C:\inetpub\wwwroot\templates\templatename\html\mod_menu\default_separator.php --> ftp3.ftptoyoursite.com /web/content/templates/templatename/html/mod_menu default_separator.php
2012.10.23 09:19 B C:\inetpub\wwwroot\templates\templatename\html\mod_menu\default_url.php --> ftp3.ftptoyoursite.com /web/content/templates/templatename/html/mod_menu default_url.php
2012.10.23 09:19 B C:\inetpub\wwwroot\templates\templatename\html\mod_menu\standard.php --> ftp3.ftptoyoursite.com /web/content/templates/templatename/html/mod_menu standard.php
2012.10.23 09:19 B C:\inetpub\wwwroot\templates\templatename\html\mod_menu\standard_component.php --> ftp3.ftptoyoursite.com /web/content/templates/templatename/html/mod_menu standard_component.php
2012.10.23 09:19 B C:\inetpub\wwwroot\templates\templatename\html\mod_menu\standard_separator.php --> ftp3.ftptoyoursite.com /web/content/templates/templatename/html/mod_menu standard_separator.php
2012.10.23 09:19 B C:\inetpub\wwwroot\templates\templatename\html\mod_menu\standard_url.php --> ftp3.ftptoyoursite.com /web/content/templates/templatename/html/mod_menu standard_url.php
2012.10.23 09:19 B C:\inetpub\wwwroot\templates\templatename\html\mod_menu\WS_FTP.LOG --> ftp3.ftptoyoursite.com /web/content/templates/templatename/html/mod_menu WS_FTP.LOG
2013.02.01 15:04 B C:\inetpub\wwwroot\templates\templatename\html\mod_menu\WS_FTP.LOG <-- Schubert Rackspace /web/content/templates/templatename/html/mod_menu WS_FTP.LOG
