2012.07.25 12:20 B C:\Users\COBRIEN\Desktop\Schubert\plugins\content\geshi\geshi\geshi\css.php <-- Schubert Rackspace /web/content/plugins/content/geshi/geshi/geshi css.php
2012.07.25 12:20 B C:\Users\COBRIEN\Desktop\Schubert\plugins\content\geshi\geshi\geshi\diff.php <-- Schubert Rackspace /web/content/plugins/content/geshi/geshi/geshi diff.php
2012.07.25 12:20 B C:\Users\COBRIEN\Desktop\Schubert\plugins\content\geshi\geshi\geshi\html4strict.php <-- Schubert Rackspace /web/content/plugins/content/geshi/geshi/geshi html4strict.php
2012.07.25 12:20 B C:\Users\COBRIEN\Desktop\Schubert\plugins\content\geshi\geshi\geshi\index.html <-- Schubert Rackspace /web/content/plugins/content/geshi/geshi/geshi index.html
2012.07.25 12:20 B C:\Users\COBRIEN\Desktop\Schubert\plugins\content\geshi\geshi\geshi\ini.php <-- Schubert Rackspace /web/content/plugins/content/geshi/geshi/geshi ini.php
2012.07.25 12:20 B C:\Users\COBRIEN\Desktop\Schubert\plugins\content\geshi\geshi\geshi\javascript.php <-- Schubert Rackspace /web/content/plugins/content/geshi/geshi/geshi javascript.php
2012.07.25 12:20 B C:\Users\COBRIEN\Desktop\Schubert\plugins\content\geshi\geshi\geshi\mysql.php <-- Schubert Rackspace /web/content/plugins/content/geshi/geshi/geshi mysql.php
2012.07.25 12:20 B C:\Users\COBRIEN\Desktop\Schubert\plugins\content\geshi\geshi\geshi\php-brief.php <-- Schubert Rackspace /web/content/plugins/content/geshi/geshi/geshi php-brief.php
2012.07.25 12:20 B C:\Users\COBRIEN\Desktop\Schubert\plugins\content\geshi\geshi\geshi\php.php <-- Schubert Rackspace /web/content/plugins/content/geshi/geshi/geshi php.php
2012.07.25 12:20 B C:\Users\COBRIEN\Desktop\Schubert\plugins\content\geshi\geshi\geshi\sql.php <-- Schubert Rackspace /web/content/plugins/content/geshi/geshi/geshi sql.php
2012.07.25 12:20 B C:\Users\COBRIEN\Desktop\Schubert\plugins\content\geshi\geshi\geshi\xml.php <-- Schubert Rackspace /web/content/plugins/content/geshi/geshi/geshi xml.php
2012.09.04 10:57 B C:\inetpub\wwwroot\plugins\content\geshi\geshi\geshi\css.php --> ftp3.ftptoyoursite.com /web/content/SITE-TEST/plugins/content/geshi/geshi/geshi css.php
2012.09.04 10:57 B C:\inetpub\wwwroot\plugins\content\geshi\geshi\geshi\diff.php --> ftp3.ftptoyoursite.com /web/content/SITE-TEST/plugins/content/geshi/geshi/geshi diff.php
2012.09.04 10:57 B C:\inetpub\wwwroot\plugins\content\geshi\geshi\geshi\html4strict.php --> ftp3.ftptoyoursite.com /web/content/SITE-TEST/plugins/content/geshi/geshi/geshi html4strict.php
2012.09.04 10:57 B C:\inetpub\wwwroot\plugins\content\geshi\geshi\geshi\index.html --> ftp3.ftptoyoursite.com /web/content/SITE-TEST/plugins/content/geshi/geshi/geshi index.html
2012.09.04 10:57 B C:\inetpub\wwwroot\plugins\content\geshi\geshi\geshi\ini.php --> ftp3.ftptoyoursite.com /web/content/SITE-TEST/plugins/content/geshi/geshi/geshi ini.php
2012.09.04 10:57 B C:\inetpub\wwwroot\plugins\content\geshi\geshi\geshi\javascript.php --> ftp3.ftptoyoursite.com /web/content/SITE-TEST/plugins/content/geshi/geshi/geshi javascript.php
2012.09.04 10:57 B C:\inetpub\wwwroot\plugins\content\geshi\geshi\geshi\mysql.php --> ftp3.ftptoyoursite.com /web/content/SITE-TEST/plugins/content/geshi/geshi/geshi mysql.php
2012.09.04 10:57 B C:\inetpub\wwwroot\plugins\content\geshi\geshi\geshi\php-brief.php --> ftp3.ftptoyoursite.com /web/content/SITE-TEST/plugins/content/geshi/geshi/geshi php-brief.php
2012.09.04 10:57 B C:\inetpub\wwwroot\plugins\content\geshi\geshi\geshi\php.php --> ftp3.ftptoyoursite.com /web/content/SITE-TEST/plugins/content/geshi/geshi/geshi php.php
2012.09.04 10:57 B C:\inetpub\wwwroot\plugins\content\geshi\geshi\geshi\sql.php --> ftp3.ftptoyoursite.com /web/content/SITE-TEST/plugins/content/geshi/geshi/geshi sql.php
2012.09.04 10:57 B C:\inetpub\wwwroot\plugins\content\geshi\geshi\geshi\WS_FTP.LOG --> ftp3.ftptoyoursite.com /web/content/SITE-TEST/plugins/content/geshi/geshi/geshi WS_FTP.LOG
2012.09.04 10:57 B C:\inetpub\wwwroot\plugins\content\geshi\geshi\geshi\xml.php --> ftp3.ftptoyoursite.com /web/content/SITE-TEST/plugins/content/geshi/geshi/geshi xml.php
2012.09.06 15:15 B C:\inetpub\wwwroot\plugins\content\geshi\geshi\geshi\css.php --> ftp3.ftptoyoursite.com /web/content/SITEBACKUP_962012/plugins/content/geshi/geshi/geshi css.php
2012.09.06 15:15 B C:\inetpub\wwwroot\plugins\content\geshi\geshi\geshi\diff.php --> ftp3.ftptoyoursite.com /web/content/SITEBACKUP_962012/plugins/content/geshi/geshi/geshi diff.php
2012.09.06 15:15 B C:\inetpub\wwwroot\plugins\content\geshi\geshi\geshi\html4strict.php --> ftp3.ftptoyoursite.com /web/content/SITEBACKUP_962012/plugins/content/geshi/geshi/geshi html4strict.php
2012.09.06 15:15 B C:\inetpub\wwwroot\plugins\content\geshi\geshi\geshi\index.html --> ftp3.ftptoyoursite.com /web/content/SITEBACKUP_962012/plugins/content/geshi/geshi/geshi index.html
2012.09.06 15:15 B C:\inetpub\wwwroot\plugins\content\geshi\geshi\geshi\ini.php --> ftp3.ftptoyoursite.com /web/content/SITEBACKUP_962012/plugins/content/geshi/geshi/geshi ini.php
2012.09.06 15:15 B C:\inetpub\wwwroot\plugins\content\geshi\geshi\geshi\javascript.php --> ftp3.ftptoyoursite.com /web/content/SITEBACKUP_962012/plugins/content/geshi/geshi/geshi javascript.php
2012.09.06 15:15 B C:\inetpub\wwwroot\plugins\content\geshi\geshi\geshi\mysql.php --> ftp3.ftptoyoursite.com /web/content/SITEBACKUP_962012/plugins/content/geshi/geshi/geshi mysql.php
2012.09.06 15:15 B C:\inetpub\wwwroot\plugins\content\geshi\geshi\geshi\php-brief.php --> ftp3.ftptoyoursite.com /web/content/SITEBACKUP_962012/plugins/content/geshi/geshi/geshi php-brief.php
2012.09.06 15:15 B C:\inetpub\wwwroot\plugins\content\geshi\geshi\geshi\php.php --> ftp3.ftptoyoursite.com /web/content/SITEBACKUP_962012/plugins/content/geshi/geshi/geshi php.php
2012.09.06 15:15 B C:\inetpub\wwwroot\plugins\content\geshi\geshi\geshi\sql.php --> ftp3.ftptoyoursite.com /web/content/SITEBACKUP_962012/plugins/content/geshi/geshi/geshi sql.php
2012.09.06 15:15 B C:\inetpub\wwwroot\plugins\content\geshi\geshi\geshi\WS_FTP.LOG --> ftp3.ftptoyoursite.com /web/content/SITEBACKUP_962012/plugins/content/geshi/geshi/geshi WS_FTP.LOG
2012.09.06 15:15 B C:\inetpub\wwwroot\plugins\content\geshi\geshi\geshi\xml.php --> ftp3.ftptoyoursite.com /web/content/SITEBACKUP_962012/plugins/content/geshi/geshi/geshi xml.php
2012.10.23 09:18 B C:\inetpub\wwwroot\plugins\content\geshi\geshi\geshi\css.php --> ftp3.ftptoyoursite.com /web/content/plugins/content/geshi/geshi/geshi css.php
2012.10.23 09:18 B C:\inetpub\wwwroot\plugins\content\geshi\geshi\geshi\diff.php --> ftp3.ftptoyoursite.com /web/content/plugins/content/geshi/geshi/geshi diff.php
2012.10.23 09:18 B C:\inetpub\wwwroot\plugins\content\geshi\geshi\geshi\html4strict.php --> ftp3.ftptoyoursite.com /web/content/plugins/content/geshi/geshi/geshi html4strict.php
2012.10.23 09:18 B C:\inetpub\wwwroot\plugins\content\geshi\geshi\geshi\index.html --> ftp3.ftptoyoursite.com /web/content/plugins/content/geshi/geshi/geshi index.html
2012.10.23 09:18 B C:\inetpub\wwwroot\plugins\content\geshi\geshi\geshi\ini.php --> ftp3.ftptoyoursite.com /web/content/plugins/content/geshi/geshi/geshi ini.php
2012.10.23 09:18 B C:\inetpub\wwwroot\plugins\content\geshi\geshi\geshi\javascript.php --> ftp3.ftptoyoursite.com /web/content/plugins/content/geshi/geshi/geshi javascript.php
2012.10.23 09:18 B C:\inetpub\wwwroot\plugins\content\geshi\geshi\geshi\mysql.php --> ftp3.ftptoyoursite.com /web/content/plugins/content/geshi/geshi/geshi mysql.php
2012.10.23 09:18 B C:\inetpub\wwwroot\plugins\content\geshi\geshi\geshi\php-brief.php --> ftp3.ftptoyoursite.com /web/content/plugins/content/geshi/geshi/geshi php-brief.php
2012.10.23 09:18 B C:\inetpub\wwwroot\plugins\content\geshi\geshi\geshi\php.php --> ftp3.ftptoyoursite.com /web/content/plugins/content/geshi/geshi/geshi php.php
2012.10.23 09:18 B C:\inetpub\wwwroot\plugins\content\geshi\geshi\geshi\sql.php --> ftp3.ftptoyoursite.com /web/content/plugins/content/geshi/geshi/geshi sql.php
2012.10.23 09:18 B C:\inetpub\wwwroot\plugins\content\geshi\geshi\geshi\WS_FTP.LOG --> ftp3.ftptoyoursite.com /web/content/plugins/content/geshi/geshi/geshi WS_FTP.LOG
2012.10.23 09:18 B C:\inetpub\wwwroot\plugins\content\geshi\geshi\geshi\xml.php --> ftp3.ftptoyoursite.com /web/content/plugins/content/geshi/geshi/geshi xml.php
2013.02.01 15:03 B C:\inetpub\wwwroot\plugins\content\geshi\geshi\geshi\WS_FTP.LOG <-- Schubert Rackspace /web/content/plugins/content/geshi/geshi/geshi WS_FTP.LOG
2013.02.01 15:03 B C:\inetpub\wwwroot\plugins\content\geshi\geshi\geshi\xml.php <-- Schubert Rackspace /web/content/plugins/content/geshi/geshi/geshi xml.php
