2012.07.25 12:15 B C:\Users\COBRIEN\Desktop\Schubert\components\com_jce\editor\extensions\links\joomlalinks\contact.php <-- Schubert Rackspace /web/content/components/com_jce/editor/extensions/links/joomlalinks contact.php
2012.07.25 12:15 B C:\Users\COBRIEN\Desktop\Schubert\components\com_jce\editor\extensions\links\joomlalinks\content.php <-- Schubert Rackspace /web/content/components/com_jce/editor/extensions/links/joomlalinks content.php
2012.07.25 12:15 B C:\Users\COBRIEN\Desktop\Schubert\components\com_jce\editor\extensions\links\joomlalinks\index.html <-- Schubert Rackspace /web/content/components/com_jce/editor/extensions/links/joomlalinks index.html
2012.07.25 12:15 B C:\Users\COBRIEN\Desktop\Schubert\components\com_jce\editor\extensions\links\joomlalinks\menu.php <-- Schubert Rackspace /web/content/components/com_jce/editor/extensions/links/joomlalinks menu.php
2012.07.25 12:15 B C:\Users\COBRIEN\Desktop\Schubert\components\com_jce\editor\extensions\links\joomlalinks\weblinks.php <-- Schubert Rackspace /web/content/components/com_jce/editor/extensions/links/joomlalinks weblinks.php
2012.09.04 10:50 B C:\inetpub\wwwroot\components\com_jce\editor\extensions\links\joomlalinks\contact.php --> ftp3.ftptoyoursite.com /web/content/SITE-TEST/components/com_jce/editor/extensions/links/joomlalinks contact.php
2012.09.04 10:50 B C:\inetpub\wwwroot\components\com_jce\editor\extensions\links\joomlalinks\content.php --> ftp3.ftptoyoursite.com /web/content/SITE-TEST/components/com_jce/editor/extensions/links/joomlalinks content.php
2012.09.04 10:50 B C:\inetpub\wwwroot\components\com_jce\editor\extensions\links\joomlalinks\index.html --> ftp3.ftptoyoursite.com /web/content/SITE-TEST/components/com_jce/editor/extensions/links/joomlalinks index.html
2012.09.04 10:50 B C:\inetpub\wwwroot\components\com_jce\editor\extensions\links\joomlalinks\menu.php --> ftp3.ftptoyoursite.com /web/content/SITE-TEST/components/com_jce/editor/extensions/links/joomlalinks menu.php
2012.09.04 10:50 B C:\inetpub\wwwroot\components\com_jce\editor\extensions\links\joomlalinks\weblinks.php --> ftp3.ftptoyoursite.com /web/content/SITE-TEST/components/com_jce/editor/extensions/links/joomlalinks weblinks.php
2012.09.04 10:50 B C:\inetpub\wwwroot\components\com_jce\editor\extensions\links\joomlalinks\WS_FTP.LOG --> ftp3.ftptoyoursite.com /web/content/SITE-TEST/components/com_jce/editor/extensions/links/joomlalinks WS_FTP.LOG
2012.09.06 15:07 B C:\inetpub\wwwroot\components\com_jce\editor\extensions\links\joomlalinks\contact.php --> ftp3.ftptoyoursite.com /web/content/SITEBACKUP_962012/components/com_jce/editor/extensions/links/joomlalinks contact.php
2012.09.06 15:07 B C:\inetpub\wwwroot\components\com_jce\editor\extensions\links\joomlalinks\content.php --> ftp3.ftptoyoursite.com /web/content/SITEBACKUP_962012/components/com_jce/editor/extensions/links/joomlalinks content.php
2012.09.06 15:07 B C:\inetpub\wwwroot\components\com_jce\editor\extensions\links\joomlalinks\index.html --> ftp3.ftptoyoursite.com /web/content/SITEBACKUP_962012/components/com_jce/editor/extensions/links/joomlalinks index.html
2012.09.06 15:07 B C:\inetpub\wwwroot\components\com_jce\editor\extensions\links\joomlalinks\menu.php --> ftp3.ftptoyoursite.com /web/content/SITEBACKUP_962012/components/com_jce/editor/extensions/links/joomlalinks menu.php
2012.09.06 15:07 B C:\inetpub\wwwroot\components\com_jce\editor\extensions\links\joomlalinks\weblinks.php --> ftp3.ftptoyoursite.com /web/content/SITEBACKUP_962012/components/com_jce/editor/extensions/links/joomlalinks weblinks.php
2012.09.06 15:07 B C:\inetpub\wwwroot\components\com_jce\editor\extensions\links\joomlalinks\WS_FTP.LOG --> ftp3.ftptoyoursite.com /web/content/SITEBACKUP_962012/components/com_jce/editor/extensions/links/joomlalinks WS_FTP.LOG
2012.09.06 15:48 B C:\inetpub\wwwroot\components\com_jce\editor\extensions\links\joomlalinks\contact.php <-- Schubert Rackspace /web/content/SITEBACKUP_962012/components/com_jce/editor/extensions/links/joomlalinks contact.php
2012.09.06 15:48 B C:\inetpub\wwwroot\components\com_jce\editor\extensions\links\joomlalinks\content.php <-- Schubert Rackspace /web/content/SITEBACKUP_962012/components/com_jce/editor/extensions/links/joomlalinks content.php
2012.09.06 15:48 B C:\inetpub\wwwroot\components\com_jce\editor\extensions\links\joomlalinks\index.html <-- Schubert Rackspace /web/content/SITEBACKUP_962012/components/com_jce/editor/extensions/links/joomlalinks index.html
2012.09.06 15:48 B C:\inetpub\wwwroot\components\com_jce\editor\extensions\links\joomlalinks\menu.php <-- Schubert Rackspace /web/content/SITEBACKUP_962012/components/com_jce/editor/extensions/links/joomlalinks menu.php
2012.09.06 15:48 B C:\inetpub\wwwroot\components\com_jce\editor\extensions\links\joomlalinks\weblinks.php <-- Schubert Rackspace /web/content/SITEBACKUP_962012/components/com_jce/editor/extensions/links/joomlalinks weblinks.php
2012.10.23 09:11 B C:\inetpub\wwwroot\components\com_jce\editor\extensions\links\joomlalinks\contact.php --> ftp3.ftptoyoursite.com /web/content/components/com_jce/editor/extensions/links/joomlalinks contact.php
2012.10.23 09:11 B C:\inetpub\wwwroot\components\com_jce\editor\extensions\links\joomlalinks\content.php --> ftp3.ftptoyoursite.com /web/content/components/com_jce/editor/extensions/links/joomlalinks content.php
2012.10.23 09:11 B C:\inetpub\wwwroot\components\com_jce\editor\extensions\links\joomlalinks\index.html --> ftp3.ftptoyoursite.com /web/content/components/com_jce/editor/extensions/links/joomlalinks index.html
2012.10.23 09:11 B C:\inetpub\wwwroot\components\com_jce\editor\extensions\links\joomlalinks\menu.php --> ftp3.ftptoyoursite.com /web/content/components/com_jce/editor/extensions/links/joomlalinks menu.php
2012.10.23 09:11 B C:\inetpub\wwwroot\components\com_jce\editor\extensions\links\joomlalinks\weblinks.php --> ftp3.ftptoyoursite.com /web/content/components/com_jce/editor/extensions/links/joomlalinks weblinks.php
2012.10.23 09:11 B C:\inetpub\wwwroot\components\com_jce\editor\extensions\links\joomlalinks\WS_FTP.LOG --> ftp3.ftptoyoursite.com /web/content/components/com_jce/editor/extensions/links/joomlalinks WS_FTP.LOG
2013.02.01 14:48 B C:\inetpub\wwwroot\components\com_jce\editor\extensions\links\joomlalinks\WS_FTP.LOG <-- Schubert Rackspace /web/content/components/com_jce/editor/extensions/links/joomlalinks WS_FTP.LOG
