2012.07.25 12:18 B C:\Users\COBRIEN\Desktop\Schubert\media\com_joomlaupdate\default.js <-- Schubert Rackspace /web/content/media/com_joomlaupdate default.js
2012.07.25 12:18 B C:\Users\COBRIEN\Desktop\Schubert\media\com_joomlaupdate\encryption.js <-- Schubert Rackspace /web/content/media/com_joomlaupdate encryption.js
2012.07.25 12:18 B C:\Users\COBRIEN\Desktop\Schubert\media\com_joomlaupdate\json2.js <-- Schubert Rackspace /web/content/media/com_joomlaupdate json2.js
2012.07.25 12:18 B C:\Users\COBRIEN\Desktop\Schubert\media\com_joomlaupdate\update.js <-- Schubert Rackspace /web/content/media/com_joomlaupdate update.js
2012.09.04 10:54 B C:\inetpub\wwwroot\media\com_joomlaupdate\default.js --> ftp3.ftptoyoursite.com /web/content/SITE-TEST/media/com_joomlaupdate default.js
2012.09.04 10:54 B C:\inetpub\wwwroot\media\com_joomlaupdate\encryption.js --> ftp3.ftptoyoursite.com /web/content/SITE-TEST/media/com_joomlaupdate encryption.js
2012.09.04 10:54 B C:\inetpub\wwwroot\media\com_joomlaupdate\json2.js --> ftp3.ftptoyoursite.com /web/content/SITE-TEST/media/com_joomlaupdate json2.js
2012.09.04 10:54 B C:\inetpub\wwwroot\media\com_joomlaupdate\update.js --> ftp3.ftptoyoursite.com /web/content/SITE-TEST/media/com_joomlaupdate update.js
2012.09.04 10:54 B C:\inetpub\wwwroot\media\com_joomlaupdate\WS_FTP.LOG --> ftp3.ftptoyoursite.com /web/content/SITE-TEST/media/com_joomlaupdate WS_FTP.LOG
2012.09.06 15:13 B C:\inetpub\wwwroot\media\com_joomlaupdate\default.js --> ftp3.ftptoyoursite.com /web/content/SITEBACKUP_962012/media/com_joomlaupdate default.js
2012.09.06 15:13 B C:\inetpub\wwwroot\media\com_joomlaupdate\encryption.js --> ftp3.ftptoyoursite.com /web/content/SITEBACKUP_962012/media/com_joomlaupdate encryption.js
2012.09.06 15:13 B C:\inetpub\wwwroot\media\com_joomlaupdate\json2.js --> ftp3.ftptoyoursite.com /web/content/SITEBACKUP_962012/media/com_joomlaupdate json2.js
2012.09.06 15:13 B C:\inetpub\wwwroot\media\com_joomlaupdate\update.js --> ftp3.ftptoyoursite.com /web/content/SITEBACKUP_962012/media/com_joomlaupdate update.js
2012.09.06 15:13 B C:\inetpub\wwwroot\media\com_joomlaupdate\WS_FTP.LOG --> ftp3.ftptoyoursite.com /web/content/SITEBACKUP_962012/media/com_joomlaupdate WS_FTP.LOG
2012.10.23 09:15 B C:\inetpub\wwwroot\media\com_joomlaupdate\default.js --> ftp3.ftptoyoursite.com /web/content/media/com_joomlaupdate default.js
2012.10.23 09:15 B C:\inetpub\wwwroot\media\com_joomlaupdate\encryption.js --> ftp3.ftptoyoursite.com /web/content/media/com_joomlaupdate encryption.js
2012.10.23 09:15 B C:\inetpub\wwwroot\media\com_joomlaupdate\json2.js --> ftp3.ftptoyoursite.com /web/content/media/com_joomlaupdate json2.js
2012.10.23 09:15 B C:\inetpub\wwwroot\media\com_joomlaupdate\update.js --> ftp3.ftptoyoursite.com /web/content/media/com_joomlaupdate update.js
2012.10.23 09:15 B C:\inetpub\wwwroot\media\com_joomlaupdate\WS_FTP.LOG --> ftp3.ftptoyoursite.com /web/content/media/com_joomlaupdate WS_FTP.LOG
2013.02.01 14:55 B C:\inetpub\wwwroot\media\com_joomlaupdate\WS_FTP.LOG <-- Schubert Rackspace /web/content/media/com_joomlaupdate WS_FTP.LOG
