2012.07.25 12:19 B C:\Users\COBRIEN\Desktop\Schubert\modules\mod_articles_category\helper.php <-- Schubert Rackspace /web/content/modules/mod_articles_category helper.php
2012.07.25 12:19 B C:\Users\COBRIEN\Desktop\Schubert\modules\mod_articles_category\index.html <-- Schubert Rackspace /web/content/modules/mod_articles_category index.html
2012.07.25 12:19 B C:\Users\COBRIEN\Desktop\Schubert\modules\mod_articles_category\mod_articles_category.php <-- Schubert Rackspace /web/content/modules/mod_articles_category mod_articles_category.php
2012.07.25 12:19 B C:\Users\COBRIEN\Desktop\Schubert\modules\mod_articles_category\mod_articles_category.xml <-- Schubert Rackspace /web/content/modules/mod_articles_category mod_articles_category.xml
2012.09.04 10:56 B C:\inetpub\wwwroot\modules\mod_articles_category\helper.php --> ftp3.ftptoyoursite.com /web/content/SITE-TEST/modules/mod_articles_category helper.php
2012.09.04 10:56 B C:\inetpub\wwwroot\modules\mod_articles_category\index.html --> ftp3.ftptoyoursite.com /web/content/SITE-TEST/modules/mod_articles_category index.html
2012.09.04 10:56 B C:\inetpub\wwwroot\modules\mod_articles_category\mod_articles_category.php --> ftp3.ftptoyoursite.com /web/content/SITE-TEST/modules/mod_articles_category mod_articles_category.php
2012.09.04 10:56 B C:\inetpub\wwwroot\modules\mod_articles_category\mod_articles_category.xml --> ftp3.ftptoyoursite.com /web/content/SITE-TEST/modules/mod_articles_category mod_articles_category.xml
2012.09.04 10:56 B C:\inetpub\wwwroot\modules\mod_articles_category\WS_FTP.LOG --> ftp3.ftptoyoursite.com /web/content/SITE-TEST/modules/mod_articles_category WS_FTP.LOG
2012.09.06 15:14 B C:\inetpub\wwwroot\modules\mod_articles_category\helper.php --> ftp3.ftptoyoursite.com /web/content/SITEBACKUP_962012/modules/mod_articles_category helper.php
2012.09.06 15:14 B C:\inetpub\wwwroot\modules\mod_articles_category\index.html --> ftp3.ftptoyoursite.com /web/content/SITEBACKUP_962012/modules/mod_articles_category index.html
2012.09.06 15:14 B C:\inetpub\wwwroot\modules\mod_articles_category\mod_articles_category.php --> ftp3.ftptoyoursite.com /web/content/SITEBACKUP_962012/modules/mod_articles_category mod_articles_category.php
2012.09.06 15:14 B C:\inetpub\wwwroot\modules\mod_articles_category\mod_articles_category.xml --> ftp3.ftptoyoursite.com /web/content/SITEBACKUP_962012/modules/mod_articles_category mod_articles_category.xml
2012.09.06 15:14 B C:\inetpub\wwwroot\modules\mod_articles_category\WS_FTP.LOG --> ftp3.ftptoyoursite.com /web/content/SITEBACKUP_962012/modules/mod_articles_category WS_FTP.LOG
2012.10.23 09:16 B C:\inetpub\wwwroot\modules\mod_articles_category\helper.php --> ftp3.ftptoyoursite.com /web/content/modules/mod_articles_category helper.php
2012.10.23 09:16 B C:\inetpub\wwwroot\modules\mod_articles_category\index.html --> ftp3.ftptoyoursite.com /web/content/modules/mod_articles_category index.html
2012.10.23 09:16 B C:\inetpub\wwwroot\modules\mod_articles_category\mod_articles_category.php --> ftp3.ftptoyoursite.com /web/content/modules/mod_articles_category mod_articles_category.php
2012.10.23 09:16 B C:\inetpub\wwwroot\modules\mod_articles_category\mod_articles_category.xml --> ftp3.ftptoyoursite.com /web/content/modules/mod_articles_category mod_articles_category.xml
2012.10.23 09:16 B C:\inetpub\wwwroot\modules\mod_articles_category\WS_FTP.LOG --> ftp3.ftptoyoursite.com /web/content/modules/mod_articles_category WS_FTP.LOG
2013.02.01 15:02 B C:\inetpub\wwwroot\modules\mod_articles_category\WS_FTP.LOG <-- Schubert Rackspace /web/content/modules/mod_articles_category WS_FTP.LOG
