2012.07.25 12:12 B C:\Users\COBRIEN\Desktop\Schubert\administrator\components\com_users\config.xml <-- Schubert Rackspace /web/content/administrator/components/com_users config.xml
2012.07.25 12:12 B C:\Users\COBRIEN\Desktop\Schubert\administrator\components\com_users\controller.php <-- Schubert Rackspace /web/content/administrator/components/com_users controller.php
2012.07.25 12:12 B C:\Users\COBRIEN\Desktop\Schubert\administrator\components\com_users\index.html <-- Schubert Rackspace /web/content/administrator/components/com_users index.html
2012.07.25 12:12 B C:\Users\COBRIEN\Desktop\Schubert\administrator\components\com_users\users.php <-- Schubert Rackspace /web/content/administrator/components/com_users users.php
2012.07.25 12:12 B C:\Users\COBRIEN\Desktop\Schubert\administrator\components\com_users\users.xml <-- Schubert Rackspace /web/content/administrator/components/com_users users.xml
2012.09.04 10:46 B C:\inetpub\wwwroot\administrator\components\com_users\config.xml --> ftp3.ftptoyoursite.com /web/content/SITE-TEST/administrator/components/com_users config.xml
2012.09.04 10:46 B C:\inetpub\wwwroot\administrator\components\com_users\controller.php --> ftp3.ftptoyoursite.com /web/content/SITE-TEST/administrator/components/com_users controller.php
2012.09.04 10:46 B C:\inetpub\wwwroot\administrator\components\com_users\index.html --> ftp3.ftptoyoursite.com /web/content/SITE-TEST/administrator/components/com_users index.html
2012.09.04 10:46 B C:\inetpub\wwwroot\administrator\components\com_users\users.php --> ftp3.ftptoyoursite.com /web/content/SITE-TEST/administrator/components/com_users users.php
2012.09.04 10:46 B C:\inetpub\wwwroot\administrator\components\com_users\users.xml --> ftp3.ftptoyoursite.com /web/content/SITE-TEST/administrator/components/com_users users.xml
2012.09.04 10:46 B C:\inetpub\wwwroot\administrator\components\com_users\WS_FTP.LOG --> ftp3.ftptoyoursite.com /web/content/SITE-TEST/administrator/components/com_users WS_FTP.LOG
2012.09.06 15:04 B C:\inetpub\wwwroot\administrator\components\com_users\config.xml --> ftp3.ftptoyoursite.com /web/content/SITEBACKUP_962012/administrator/components/com_users config.xml
2012.09.06 15:04 B C:\inetpub\wwwroot\administrator\components\com_users\controller.php --> ftp3.ftptoyoursite.com /web/content/SITEBACKUP_962012/administrator/components/com_users controller.php
2012.09.06 15:04 B C:\inetpub\wwwroot\administrator\components\com_users\index.html --> ftp3.ftptoyoursite.com /web/content/SITEBACKUP_962012/administrator/components/com_users index.html
2012.09.06 15:04 B C:\inetpub\wwwroot\administrator\components\com_users\users.php --> ftp3.ftptoyoursite.com /web/content/SITEBACKUP_962012/administrator/components/com_users users.php
2012.09.06 15:04 B C:\inetpub\wwwroot\administrator\components\com_users\users.xml --> ftp3.ftptoyoursite.com /web/content/SITEBACKUP_962012/administrator/components/com_users users.xml
2012.09.06 15:04 B C:\inetpub\wwwroot\administrator\components\com_users\WS_FTP.LOG --> ftp3.ftptoyoursite.com /web/content/SITEBACKUP_962012/administrator/components/com_users WS_FTP.LOG
2012.09.06 15:45 B C:\inetpub\wwwroot\administrator\components\com_users\config.xml <-- Schubert Rackspace /web/content/SITEBACKUP_962012/administrator/components/com_users config.xml
2012.09.06 15:45 B C:\inetpub\wwwroot\administrator\components\com_users\controller.php <-- Schubert Rackspace /web/content/SITEBACKUP_962012/administrator/components/com_users controller.php
2012.09.06 15:45 B C:\inetpub\wwwroot\administrator\components\com_users\index.html <-- Schubert Rackspace /web/content/SITEBACKUP_962012/administrator/components/com_users index.html
2012.09.06 15:45 B C:\inetpub\wwwroot\administrator\components\com_users\users.php <-- Schubert Rackspace /web/content/SITEBACKUP_962012/administrator/components/com_users users.php
2012.09.06 15:45 B C:\inetpub\wwwroot\administrator\components\com_users\users.xml <-- Schubert Rackspace /web/content/SITEBACKUP_962012/administrator/components/com_users users.xml
2012.10.23 09:07 B C:\inetpub\wwwroot\administrator\components\com_users\config.xml --> ftp3.ftptoyoursite.com /web/content/administrator/components/com_users config.xml
2012.10.23 09:07 B C:\inetpub\wwwroot\administrator\components\com_users\controller.php --> ftp3.ftptoyoursite.com /web/content/administrator/components/com_users controller.php
2012.10.23 09:07 B C:\inetpub\wwwroot\administrator\components\com_users\index.html --> ftp3.ftptoyoursite.com /web/content/administrator/components/com_users index.html
2012.10.23 09:07 B C:\inetpub\wwwroot\administrator\components\com_users\users.php --> ftp3.ftptoyoursite.com /web/content/administrator/components/com_users users.php
2012.10.23 09:07 B C:\inetpub\wwwroot\administrator\components\com_users\users.xml --> ftp3.ftptoyoursite.com /web/content/administrator/components/com_users users.xml
2012.10.23 09:07 B C:\inetpub\wwwroot\administrator\components\com_users\WS_FTP.LOG --> ftp3.ftptoyoursite.com /web/content/administrator/components/com_users WS_FTP.LOG
2013.02.01 14:43 B C:\inetpub\wwwroot\administrator\components\com_users\WS_FTP.LOG <-- Schubert Rackspace /web/content/administrator/components/com_users WS_FTP.LOG
