2012.07.25 12:10 B C:\Users\COBRIEN\Desktop\Schubert\administrator\components\com_acesearch\models\acesearch.php <-- Schubert Rackspace /web/content/administrator/components/com_acesearch/models acesearch.php
2012.07.25 12:10 B C:\Users\COBRIEN\Desktop\Schubert\administrator\components\com_acesearch\models\config.php <-- Schubert Rackspace /web/content/administrator/components/com_acesearch/models config.php
2012.07.25 12:10 B C:\Users\COBRIEN\Desktop\Schubert\administrator\components\com_acesearch\models\css.php <-- Schubert Rackspace /web/content/administrator/components/com_acesearch/models css.php
2012.07.25 12:10 B C:\Users\COBRIEN\Desktop\Schubert\administrator\components\com_acesearch\models\extensions.php <-- Schubert Rackspace /web/content/administrator/components/com_acesearch/models extensions.php
2012.07.25 12:10 B C:\Users\COBRIEN\Desktop\Schubert\administrator\components\com_acesearch\models\filters.php <-- Schubert Rackspace /web/content/administrator/components/com_acesearch/models filters.php
2012.07.25 12:10 B C:\Users\COBRIEN\Desktop\Schubert\administrator\components\com_acesearch\models\index.html <-- Schubert Rackspace /web/content/administrator/components/com_acesearch/models index.html
2012.07.25 12:10 B C:\Users\COBRIEN\Desktop\Schubert\administrator\components\com_acesearch\models\purge.php <-- Schubert Rackspace /web/content/administrator/components/com_acesearch/models purge.php
2012.07.25 12:10 B C:\Users\COBRIEN\Desktop\Schubert\administrator\components\com_acesearch\models\search.php <-- Schubert Rackspace /web/content/administrator/components/com_acesearch/models search.php
2012.07.25 12:10 B C:\Users\COBRIEN\Desktop\Schubert\administrator\components\com_acesearch\models\statistics.php <-- Schubert Rackspace /web/content/administrator/components/com_acesearch/models statistics.php
2012.07.25 12:10 B C:\Users\COBRIEN\Desktop\Schubert\administrator\components\com_acesearch\models\upgrade.php <-- Schubert Rackspace /web/content/administrator/components/com_acesearch/models upgrade.php
2012.09.04 10:43 B C:\inetpub\wwwroot\administrator\components\com_acesearch\models\acesearch.php --> ftp3.ftptoyoursite.com /web/content/SITE-TEST/administrator/components/com_acesearch/models acesearch.php
2012.09.04 10:43 B C:\inetpub\wwwroot\administrator\components\com_acesearch\models\config.php --> ftp3.ftptoyoursite.com /web/content/SITE-TEST/administrator/components/com_acesearch/models config.php
2012.09.04 10:43 B C:\inetpub\wwwroot\administrator\components\com_acesearch\models\css.php --> ftp3.ftptoyoursite.com /web/content/SITE-TEST/administrator/components/com_acesearch/models css.php
2012.09.04 10:43 B C:\inetpub\wwwroot\administrator\components\com_acesearch\models\extensions.php --> ftp3.ftptoyoursite.com /web/content/SITE-TEST/administrator/components/com_acesearch/models extensions.php
2012.09.04 10:43 B C:\inetpub\wwwroot\administrator\components\com_acesearch\models\filters.php --> ftp3.ftptoyoursite.com /web/content/SITE-TEST/administrator/components/com_acesearch/models filters.php
2012.09.04 10:43 B C:\inetpub\wwwroot\administrator\components\com_acesearch\models\index.html --> ftp3.ftptoyoursite.com /web/content/SITE-TEST/administrator/components/com_acesearch/models index.html
2012.09.04 10:43 B C:\inetpub\wwwroot\administrator\components\com_acesearch\models\purge.php --> ftp3.ftptoyoursite.com /web/content/SITE-TEST/administrator/components/com_acesearch/models purge.php
2012.09.04 10:43 B C:\inetpub\wwwroot\administrator\components\com_acesearch\models\search.php --> ftp3.ftptoyoursite.com /web/content/SITE-TEST/administrator/components/com_acesearch/models search.php
2012.09.04 10:43 B C:\inetpub\wwwroot\administrator\components\com_acesearch\models\statistics.php --> ftp3.ftptoyoursite.com /web/content/SITE-TEST/administrator/components/com_acesearch/models statistics.php
2012.09.04 10:43 B C:\inetpub\wwwroot\administrator\components\com_acesearch\models\upgrade.php --> ftp3.ftptoyoursite.com /web/content/SITE-TEST/administrator/components/com_acesearch/models upgrade.php
2012.09.04 10:43 B C:\inetpub\wwwroot\administrator\components\com_acesearch\models\WS_FTP.LOG --> ftp3.ftptoyoursite.com /web/content/SITE-TEST/administrator/components/com_acesearch/models WS_FTP.LOG
2012.09.06 14:57 B C:\inetpub\wwwroot\administrator\components\com_acesearch\models\acesearch.php --> ftp3.ftptoyoursite.com /web/content/SITEBACKUP_962012/administrator/components/com_acesearch/models acesearch.php
2012.09.06 14:57 B C:\inetpub\wwwroot\administrator\components\com_acesearch\models\config.php --> ftp3.ftptoyoursite.com /web/content/SITEBACKUP_962012/administrator/components/com_acesearch/models config.php
2012.09.06 14:57 B C:\inetpub\wwwroot\administrator\components\com_acesearch\models\css.php --> ftp3.ftptoyoursite.com /web/content/SITEBACKUP_962012/administrator/components/com_acesearch/models css.php
2012.09.06 14:57 B C:\inetpub\wwwroot\administrator\components\com_acesearch\models\extensions.php --> ftp3.ftptoyoursite.com /web/content/SITEBACKUP_962012/administrator/components/com_acesearch/models extensions.php
2012.09.06 14:57 B C:\inetpub\wwwroot\administrator\components\com_acesearch\models\filters.php --> ftp3.ftptoyoursite.com /web/content/SITEBACKUP_962012/administrator/components/com_acesearch/models filters.php
2012.09.06 14:57 B C:\inetpub\wwwroot\administrator\components\com_acesearch\models\index.html --> ftp3.ftptoyoursite.com /web/content/SITEBACKUP_962012/administrator/components/com_acesearch/models index.html
2012.09.06 14:57 B C:\inetpub\wwwroot\administrator\components\com_acesearch\models\purge.php --> ftp3.ftptoyoursite.com /web/content/SITEBACKUP_962012/administrator/components/com_acesearch/models purge.php
2012.09.06 14:57 B C:\inetpub\wwwroot\administrator\components\com_acesearch\models\search.php --> ftp3.ftptoyoursite.com /web/content/SITEBACKUP_962012/administrator/components/com_acesearch/models search.php
2012.09.06 14:57 B C:\inetpub\wwwroot\administrator\components\com_acesearch\models\statistics.php --> ftp3.ftptoyoursite.com /web/content/SITEBACKUP_962012/administrator/components/com_acesearch/models statistics.php
2012.09.06 14:57 B C:\inetpub\wwwroot\administrator\components\com_acesearch\models\upgrade.php --> ftp3.ftptoyoursite.com /web/content/SITEBACKUP_962012/administrator/components/com_acesearch/models upgrade.php
2012.09.06 14:57 B C:\inetpub\wwwroot\administrator\components\com_acesearch\models\WS_FTP.LOG --> ftp3.ftptoyoursite.com /web/content/SITEBACKUP_962012/administrator/components/com_acesearch/models WS_FTP.LOG
2012.09.06 15:20 B C:\inetpub\wwwroot\administrator\components\com_acesearch\models\acesearch.php <-- Schubert Rackspace /web/content/administrator/components/com_acesearch/models acesearch.php
2012.09.06 15:20 B C:\inetpub\wwwroot\administrator\components\com_acesearch\models\config.php <-- Schubert Rackspace /web/content/administrator/components/com_acesearch/models config.php
2012.09.06 15:20 B C:\inetpub\wwwroot\administrator\components\com_acesearch\models\css.php <-- Schubert Rackspace /web/content/administrator/components/com_acesearch/models css.php
2012.09.06 15:20 B C:\inetpub\wwwroot\administrator\components\com_acesearch\models\extensions.php <-- Schubert Rackspace /web/content/administrator/components/com_acesearch/models extensions.php
2012.09.06 15:20 B C:\inetpub\wwwroot\administrator\components\com_acesearch\models\filters.php <-- Schubert Rackspace /web/content/administrator/components/com_acesearch/models filters.php
2012.09.06 15:20 B C:\inetpub\wwwroot\administrator\components\com_acesearch\models\index.html <-- Schubert Rackspace /web/content/administrator/components/com_acesearch/models index.html
2012.09.06 15:20 B C:\inetpub\wwwroot\administrator\components\com_acesearch\models\purge.php <-- Schubert Rackspace /web/content/administrator/components/com_acesearch/models purge.php
2012.09.06 15:20 B C:\inetpub\wwwroot\administrator\components\com_acesearch\models\search.php <-- Schubert Rackspace /web/content/administrator/components/com_acesearch/models search.php
2012.09.06 15:20 B C:\inetpub\wwwroot\administrator\components\com_acesearch\models\statistics.php <-- Schubert Rackspace /web/content/administrator/components/com_acesearch/models statistics.php
2012.09.06 15:20 B C:\inetpub\wwwroot\administrator\components\com_acesearch\models\upgrade.php <-- Schubert Rackspace /web/content/administrator/components/com_acesearch/models upgrade.php
2012.09.06 15:43 B C:\inetpub\wwwroot\administrator\components\com_acesearch\models\acesearch.php <-- Schubert Rackspace /web/content/SITEBACKUP_962012/administrator/components/com_acesearch/models acesearch.php
2012.09.06 15:43 B C:\inetpub\wwwroot\administrator\components\com_acesearch\models\config.php <-- Schubert Rackspace /web/content/SITEBACKUP_962012/administrator/components/com_acesearch/models config.php
2012.09.06 15:43 B C:\inetpub\wwwroot\administrator\components\com_acesearch\models\css.php <-- Schubert Rackspace /web/content/SITEBACKUP_962012/administrator/components/com_acesearch/models css.php
2012.09.06 15:43 B C:\inetpub\wwwroot\administrator\components\com_acesearch\models\extensions.php <-- Schubert Rackspace /web/content/SITEBACKUP_962012/administrator/components/com_acesearch/models extensions.php
2012.09.06 15:43 B C:\inetpub\wwwroot\administrator\components\com_acesearch\models\filters.php <-- Schubert Rackspace /web/content/SITEBACKUP_962012/administrator/components/com_acesearch/models filters.php
2012.09.06 15:43 B C:\inetpub\wwwroot\administrator\components\com_acesearch\models\index.html <-- Schubert Rackspace /web/content/SITEBACKUP_962012/administrator/components/com_acesearch/models index.html
2012.09.06 15:43 B C:\inetpub\wwwroot\administrator\components\com_acesearch\models\purge.php <-- Schubert Rackspace /web/content/SITEBACKUP_962012/administrator/components/com_acesearch/models purge.php
2012.09.06 15:43 B C:\inetpub\wwwroot\administrator\components\com_acesearch\models\search.php <-- Schubert Rackspace /web/content/SITEBACKUP_962012/administrator/components/com_acesearch/models search.php
2012.09.06 15:43 B C:\inetpub\wwwroot\administrator\components\com_acesearch\models\statistics.php <-- Schubert Rackspace /web/content/SITEBACKUP_962012/administrator/components/com_acesearch/models statistics.php
2012.09.06 15:43 B C:\inetpub\wwwroot\administrator\components\com_acesearch\models\upgrade.php <-- Schubert Rackspace /web/content/SITEBACKUP_962012/administrator/components/com_acesearch/models upgrade.php
2012.10.23 09:03 B C:\inetpub\wwwroot\administrator\components\com_acesearch\models\acesearch.php --> ftp3.ftptoyoursite.com /web/content/administrator/components/com_acesearch/models acesearch.php
2012.10.23 09:03 B C:\inetpub\wwwroot\administrator\components\com_acesearch\models\config.php --> ftp3.ftptoyoursite.com /web/content/administrator/components/com_acesearch/models config.php
2012.10.23 09:03 B C:\inetpub\wwwroot\administrator\components\com_acesearch\models\css.php --> ftp3.ftptoyoursite.com /web/content/administrator/components/com_acesearch/models css.php
2012.10.23 09:03 B C:\inetpub\wwwroot\administrator\components\com_acesearch\models\extensions.php --> ftp3.ftptoyoursite.com /web/content/administrator/components/com_acesearch/models extensions.php
2012.10.23 09:03 B C:\inetpub\wwwroot\administrator\components\com_acesearch\models\filters.php --> ftp3.ftptoyoursite.com /web/content/administrator/components/com_acesearch/models filters.php
2012.10.23 09:03 B C:\inetpub\wwwroot\administrator\components\com_acesearch\models\index.html --> ftp3.ftptoyoursite.com /web/content/administrator/components/com_acesearch/models index.html
2012.10.23 09:03 B C:\inetpub\wwwroot\administrator\components\com_acesearch\models\purge.php --> ftp3.ftptoyoursite.com /web/content/administrator/components/com_acesearch/models purge.php
2012.10.23 09:03 B C:\inetpub\wwwroot\administrator\components\com_acesearch\models\search.php --> ftp3.ftptoyoursite.com /web/content/administrator/components/com_acesearch/models search.php
2012.10.23 09:03 B C:\inetpub\wwwroot\administrator\components\com_acesearch\models\statistics.php --> ftp3.ftptoyoursite.com /web/content/administrator/components/com_acesearch/models statistics.php
2012.10.23 09:03 B C:\inetpub\wwwroot\administrator\components\com_acesearch\models\upgrade.php --> ftp3.ftptoyoursite.com /web/content/administrator/components/com_acesearch/models upgrade.php
2012.10.23 09:03 B C:\inetpub\wwwroot\administrator\components\com_acesearch\models\WS_FTP.LOG --> ftp3.ftptoyoursite.com /web/content/administrator/components/com_acesearch/models WS_FTP.LOG
2013.02.01 14:39 B C:\inetpub\wwwroot\administrator\components\com_acesearch\models\WS_FTP.LOG <-- Schubert Rackspace /web/content/administrator/components/com_acesearch/models WS_FTP.LOG
