2012.07.25 12:11 B C:\Users\COBRIEN\Desktop\Schubert\administrator\components\com_jce\media\img\cpanel.png <-- Schubert Rackspace /web/content/administrator/components/com_jce/media/img cpanel.png
2012.07.25 12:11 B C:\Users\COBRIEN\Desktop\Schubert\administrator\components\com_jce\media\img\error.png <-- Schubert Rackspace /web/content/administrator/components/com_jce/media/img error.png
2012.07.25 12:11 B C:\Users\COBRIEN\Desktop\Schubert\administrator\components\com_jce\media\img\index.html <-- Schubert Rackspace /web/content/administrator/components/com_jce/media/img index.html
2012.07.25 12:11 B C:\Users\COBRIEN\Desktop\Schubert\administrator\components\com_jce\media\img\list_label_bg.gif <-- Schubert Rackspace /web/content/administrator/components/com_jce/media/img list_label_bg.gif
2012.07.25 12:11 B C:\Users\COBRIEN\Desktop\Schubert\administrator\components\com_jce\media\img\logo.png <-- Schubert Rackspace /web/content/administrator/components/com_jce/media/img logo.png
2012.07.25 12:11 B C:\Users\COBRIEN\Desktop\Schubert\administrator\components\com_jce\media\img\spacer.gif <-- Schubert Rackspace /web/content/administrator/components/com_jce/media/img spacer.gif
2012.07.25 12:11 B C:\Users\COBRIEN\Desktop\Schubert\administrator\components\com_jce\media\img\tick.png <-- Schubert Rackspace /web/content/administrator/components/com_jce/media/img tick.png
2012.09.04 10:44 B C:\inetpub\wwwroot\administrator\components\com_jce\media\img\cpanel.png --> ftp3.ftptoyoursite.com /web/content/SITE-TEST/administrator/components/com_jce/media/img cpanel.png
2012.09.04 10:44 B C:\inetpub\wwwroot\administrator\components\com_jce\media\img\error.png --> ftp3.ftptoyoursite.com /web/content/SITE-TEST/administrator/components/com_jce/media/img error.png
2012.09.04 10:44 B C:\inetpub\wwwroot\administrator\components\com_jce\media\img\index.html --> ftp3.ftptoyoursite.com /web/content/SITE-TEST/administrator/components/com_jce/media/img index.html
2012.09.04 10:44 B C:\inetpub\wwwroot\administrator\components\com_jce\media\img\list_label_bg.gif --> ftp3.ftptoyoursite.com /web/content/SITE-TEST/administrator/components/com_jce/media/img list_label_bg.gif
2012.09.04 10:44 B C:\inetpub\wwwroot\administrator\components\com_jce\media\img\logo.png --> ftp3.ftptoyoursite.com /web/content/SITE-TEST/administrator/components/com_jce/media/img logo.png
2012.09.04 10:44 B C:\inetpub\wwwroot\administrator\components\com_jce\media\img\spacer.gif --> ftp3.ftptoyoursite.com /web/content/SITE-TEST/administrator/components/com_jce/media/img spacer.gif
2012.09.04 10:44 B C:\inetpub\wwwroot\administrator\components\com_jce\media\img\tick.png --> ftp3.ftptoyoursite.com /web/content/SITE-TEST/administrator/components/com_jce/media/img tick.png
2012.09.04 10:44 B C:\inetpub\wwwroot\administrator\components\com_jce\media\img\WS_FTP.LOG --> ftp3.ftptoyoursite.com /web/content/SITE-TEST/administrator/components/com_jce/media/img WS_FTP.LOG
2012.09.06 14:59 B C:\inetpub\wwwroot\administrator\components\com_jce\media\img\cpanel.png --> ftp3.ftptoyoursite.com /web/content/SITEBACKUP_962012/administrator/components/com_jce/media/img cpanel.png
2012.09.06 14:59 B C:\inetpub\wwwroot\administrator\components\com_jce\media\img\error.png --> ftp3.ftptoyoursite.com /web/content/SITEBACKUP_962012/administrator/components/com_jce/media/img error.png
2012.09.06 14:59 B C:\inetpub\wwwroot\administrator\components\com_jce\media\img\index.html --> ftp3.ftptoyoursite.com /web/content/SITEBACKUP_962012/administrator/components/com_jce/media/img index.html
2012.09.06 14:59 B C:\inetpub\wwwroot\administrator\components\com_jce\media\img\list_label_bg.gif --> ftp3.ftptoyoursite.com /web/content/SITEBACKUP_962012/administrator/components/com_jce/media/img list_label_bg.gif
2012.09.06 14:59 B C:\inetpub\wwwroot\administrator\components\com_jce\media\img\logo.png --> ftp3.ftptoyoursite.com /web/content/SITEBACKUP_962012/administrator/components/com_jce/media/img logo.png
2012.09.06 14:59 B C:\inetpub\wwwroot\administrator\components\com_jce\media\img\spacer.gif --> ftp3.ftptoyoursite.com /web/content/SITEBACKUP_962012/administrator/components/com_jce/media/img spacer.gif
2012.09.06 14:59 B C:\inetpub\wwwroot\administrator\components\com_jce\media\img\tick.png --> ftp3.ftptoyoursite.com /web/content/SITEBACKUP_962012/administrator/components/com_jce/media/img tick.png
2012.09.06 14:59 B C:\inetpub\wwwroot\administrator\components\com_jce\media\img\WS_FTP.LOG --> ftp3.ftptoyoursite.com /web/content/SITEBACKUP_962012/administrator/components/com_jce/media/img WS_FTP.LOG
2012.09.06 15:20 B C:\inetpub\wwwroot\administrator\components\com_jce\media\img\cpanel.png <-- Schubert Rackspace /web/content/administrator/components/com_jce/media/img cpanel.png
2012.09.06 15:20 B C:\inetpub\wwwroot\administrator\components\com_jce\media\img\error.png <-- Schubert Rackspace /web/content/administrator/components/com_jce/media/img error.png
2012.09.06 15:20 B C:\inetpub\wwwroot\administrator\components\com_jce\media\img\index.html <-- Schubert Rackspace /web/content/administrator/components/com_jce/media/img index.html
2012.09.06 15:20 B C:\inetpub\wwwroot\administrator\components\com_jce\media\img\list_label_bg.gif <-- Schubert Rackspace /web/content/administrator/components/com_jce/media/img list_label_bg.gif
2012.09.06 15:20 B C:\inetpub\wwwroot\administrator\components\com_jce\media\img\logo.png <-- Schubert Rackspace /web/content/administrator/components/com_jce/media/img logo.png
2012.09.06 15:20 B C:\inetpub\wwwroot\administrator\components\com_jce\media\img\spacer.gif <-- Schubert Rackspace /web/content/administrator/components/com_jce/media/img spacer.gif
2012.09.06 15:20 B C:\inetpub\wwwroot\administrator\components\com_jce\media\img\tick.png <-- Schubert Rackspace /web/content/administrator/components/com_jce/media/img tick.png
2012.09.06 15:44 B C:\inetpub\wwwroot\administrator\components\com_jce\media\img\cpanel.png <-- Schubert Rackspace /web/content/SITEBACKUP_962012/administrator/components/com_jce/media/img cpanel.png
2012.09.06 15:44 B C:\inetpub\wwwroot\administrator\components\com_jce\media\img\error.png <-- Schubert Rackspace /web/content/SITEBACKUP_962012/administrator/components/com_jce/media/img error.png
2012.09.06 15:44 B C:\inetpub\wwwroot\administrator\components\com_jce\media\img\index.html <-- Schubert Rackspace /web/content/SITEBACKUP_962012/administrator/components/com_jce/media/img index.html
2012.09.06 15:44 B C:\inetpub\wwwroot\administrator\components\com_jce\media\img\list_label_bg.gif <-- Schubert Rackspace /web/content/SITEBACKUP_962012/administrator/components/com_jce/media/img list_label_bg.gif
2012.09.06 15:44 B C:\inetpub\wwwroot\administrator\components\com_jce\media\img\logo.png <-- Schubert Rackspace /web/content/SITEBACKUP_962012/administrator/components/com_jce/media/img logo.png
2012.09.06 15:44 B C:\inetpub\wwwroot\administrator\components\com_jce\media\img\spacer.gif <-- Schubert Rackspace /web/content/SITEBACKUP_962012/administrator/components/com_jce/media/img spacer.gif
2012.09.06 15:44 B C:\inetpub\wwwroot\administrator\components\com_jce\media\img\tick.png <-- Schubert Rackspace /web/content/SITEBACKUP_962012/administrator/components/com_jce/media/img tick.png
2012.10.23 09:04 B C:\inetpub\wwwroot\administrator\components\com_jce\media\img\cpanel.png --> ftp3.ftptoyoursite.com /web/content/administrator/components/com_jce/media/img cpanel.png
2012.10.23 09:04 B C:\inetpub\wwwroot\administrator\components\com_jce\media\img\error.png --> ftp3.ftptoyoursite.com /web/content/administrator/components/com_jce/media/img error.png
2012.10.23 09:04 B C:\inetpub\wwwroot\administrator\components\com_jce\media\img\index.html --> ftp3.ftptoyoursite.com /web/content/administrator/components/com_jce/media/img index.html
2012.10.23 09:04 B C:\inetpub\wwwroot\administrator\components\com_jce\media\img\list_label_bg.gif --> ftp3.ftptoyoursite.com /web/content/administrator/components/com_jce/media/img list_label_bg.gif
2012.10.23 09:04 B C:\inetpub\wwwroot\administrator\components\com_jce\media\img\logo.png --> ftp3.ftptoyoursite.com /web/content/administrator/components/com_jce/media/img logo.png
2012.10.23 09:04 B C:\inetpub\wwwroot\administrator\components\com_jce\media\img\spacer.gif --> ftp3.ftptoyoursite.com /web/content/administrator/components/com_jce/media/img spacer.gif
2012.10.23 09:04 B C:\inetpub\wwwroot\administrator\components\com_jce\media\img\tick.png --> ftp3.ftptoyoursite.com /web/content/administrator/components/com_jce/media/img tick.png
2012.10.23 09:04 B C:\inetpub\wwwroot\administrator\components\com_jce\media\img\WS_FTP.LOG --> ftp3.ftptoyoursite.com /web/content/administrator/components/com_jce/media/img WS_FTP.LOG
2013.02.01 14:41 B C:\inetpub\wwwroot\administrator\components\com_jce\media\img\WS_FTP.LOG <-- Schubert Rackspace /web/content/administrator/components/com_jce/media/img WS_FTP.LOG
