2012.07.25 12:19 B C:\Users\COBRIEN\Desktop\Schubert\modules\mod_dropdown_megamenu\helper.php <-- Schubert Rackspace /web/content/modules/mod_dropdown_megamenu helper.php
2012.07.25 12:19 B C:\Users\COBRIEN\Desktop\Schubert\modules\mod_dropdown_megamenu\index.html <-- Schubert Rackspace /web/content/modules/mod_dropdown_megamenu index.html
2012.07.25 12:19 B C:\Users\COBRIEN\Desktop\Schubert\modules\mod_dropdown_megamenu\license.txt <-- Schubert Rackspace /web/content/modules/mod_dropdown_megamenu license.txt
2012.07.25 12:19 B C:\Users\COBRIEN\Desktop\Schubert\modules\mod_dropdown_megamenu\mod_dropdown_megamenu.php <-- Schubert Rackspace /web/content/modules/mod_dropdown_megamenu mod_dropdown_megamenu.php
2012.07.25 12:19 B C:\Users\COBRIEN\Desktop\Schubert\modules\mod_dropdown_megamenu\mod_dropdown_megamenu.xml <-- Schubert Rackspace /web/content/modules/mod_dropdown_megamenu mod_dropdown_megamenu.xml
2012.09.04 10:56 B C:\inetpub\wwwroot\modules\mod_dropdown_megamenu\helper.php --> ftp3.ftptoyoursite.com /web/content/SITE-TEST/modules/mod_dropdown_megamenu helper.php
2012.09.04 10:56 B C:\inetpub\wwwroot\modules\mod_dropdown_megamenu\index.html --> ftp3.ftptoyoursite.com /web/content/SITE-TEST/modules/mod_dropdown_megamenu index.html
2012.09.04 10:56 B C:\inetpub\wwwroot\modules\mod_dropdown_megamenu\license.txt --> ftp3.ftptoyoursite.com /web/content/SITE-TEST/modules/mod_dropdown_megamenu license.txt
2012.09.04 10:56 B C:\inetpub\wwwroot\modules\mod_dropdown_megamenu\mod_dropdown_megamenu.php --> ftp3.ftptoyoursite.com /web/content/SITE-TEST/modules/mod_dropdown_megamenu mod_dropdown_megamenu.php
2012.09.04 10:56 B C:\inetpub\wwwroot\modules\mod_dropdown_megamenu\mod_dropdown_megamenu.xml --> ftp3.ftptoyoursite.com /web/content/SITE-TEST/modules/mod_dropdown_megamenu mod_dropdown_megamenu.xml
2012.09.04 10:56 B C:\inetpub\wwwroot\modules\mod_dropdown_megamenu\WS_FTP.LOG --> ftp3.ftptoyoursite.com /web/content/SITE-TEST/modules/mod_dropdown_megamenu WS_FTP.LOG
2012.09.06 10:59 B C:\inetpub\wwwroot\modules\mod_dropdown_megamenu\helper.php <-- Schubert Rackspace /web/content/modules/mod_dropdown_megamenu helper.php
2012.09.06 10:59 B C:\inetpub\wwwroot\modules\mod_dropdown_megamenu\index.html <-- Schubert Rackspace /web/content/modules/mod_dropdown_megamenu index.html
2012.09.06 10:59 B C:\inetpub\wwwroot\modules\mod_dropdown_megamenu\license.txt <-- Schubert Rackspace /web/content/modules/mod_dropdown_megamenu license.txt
2012.09.06 10:59 B C:\inetpub\wwwroot\modules\mod_dropdown_megamenu\mod_dropdown_megamenu.php <-- Schubert Rackspace /web/content/modules/mod_dropdown_megamenu mod_dropdown_megamenu.php
2012.09.06 10:59 B C:\inetpub\wwwroot\modules\mod_dropdown_megamenu\mod_dropdown_megamenu.xml <-- Schubert Rackspace /web/content/modules/mod_dropdown_megamenu mod_dropdown_megamenu.xml
2012.09.06 15:15 B C:\inetpub\wwwroot\modules\mod_dropdown_megamenu\helper.php --> ftp3.ftptoyoursite.com /web/content/SITEBACKUP_962012/modules/mod_dropdown_megamenu helper.php
2012.09.06 15:15 B C:\inetpub\wwwroot\modules\mod_dropdown_megamenu\index.html --> ftp3.ftptoyoursite.com /web/content/SITEBACKUP_962012/modules/mod_dropdown_megamenu index.html
2012.09.06 15:15 B C:\inetpub\wwwroot\modules\mod_dropdown_megamenu\license.txt --> ftp3.ftptoyoursite.com /web/content/SITEBACKUP_962012/modules/mod_dropdown_megamenu license.txt
2012.09.06 15:15 B C:\inetpub\wwwroot\modules\mod_dropdown_megamenu\mod_dropdown_megamenu.php --> ftp3.ftptoyoursite.com /web/content/SITEBACKUP_962012/modules/mod_dropdown_megamenu mod_dropdown_megamenu.php
2012.09.06 15:15 B C:\inetpub\wwwroot\modules\mod_dropdown_megamenu\mod_dropdown_megamenu.xml --> ftp3.ftptoyoursite.com /web/content/SITEBACKUP_962012/modules/mod_dropdown_megamenu mod_dropdown_megamenu.xml
2012.09.06 15:15 B C:\inetpub\wwwroot\modules\mod_dropdown_megamenu\WS_FTP.LOG --> ftp3.ftptoyoursite.com /web/content/SITEBACKUP_962012/modules/mod_dropdown_megamenu WS_FTP.LOG
2012.09.17 11:28 B C:\inetpub\wwwroot\modules\mod_dropdown_megamenu\mod_dropdown_megamenu.php <-- Schubert Rackspace /web/content/modules/mod_dropdown_megamenu mod_dropdown_megamenu.php
2012.09.17 11:32 B C:\inetpub\wwwroot\modules\mod_dropdown_megamenu\mod_dropdown_megamenu.php <-- Schubert Rackspace /web/content/modules/mod_dropdown_megamenu mod_dropdown_megamenu.php
2012.09.17 12:06 B C:\inetpub\wwwroot\modules\mod_dropdown_megamenu\helper.php <-- Schubert Rackspace /web/content/modules/mod_dropdown_megamenu helper.php
2012.09.17 12:14 B C:\inetpub\wwwroot\modules\mod_dropdown_megamenu\helper.php <-- Schubert Rackspace /web/content/modules/mod_dropdown_megamenu helper.php
2012.09.17 12:28 B C:\inetpub\wwwroot\modules\mod_dropdown_megamenu\helper.php <-- Schubert Rackspace /web/content/modules/mod_dropdown_megamenu helper.php
2012.09.17 12:28 B C:\inetpub\wwwroot\modules\mod_dropdown_megamenu\helper.php <-- Schubert Rackspace /web/content/modules/mod_dropdown_megamenu helper.php
2012.09.17 12:28 B C:\inetpub\wwwroot\modules\mod_dropdown_megamenu\helper.php <-- Schubert Rackspace /web/content/modules/mod_dropdown_megamenu helper.php
2012.09.17 12:30 B C:\inetpub\wwwroot\modules\mod_dropdown_megamenu\helper.php <-- Schubert Rackspace /web/content/modules/mod_dropdown_megamenu helper.php
2012.09.17 12:31 B C:\inetpub\wwwroot\modules\mod_dropdown_megamenu\helper.php <-- Schubert Rackspace /web/content/modules/mod_dropdown_megamenu helper.php
2012.09.17 12:35 B C:\inetpub\wwwroot\modules\mod_dropdown_megamenu\helper.php <-- Schubert Rackspace /web/content/modules/mod_dropdown_megamenu helper.php
2012.09.17 12:35 B C:\inetpub\wwwroot\modules\mod_dropdown_megamenu\helper.php <-- Schubert Rackspace /web/content/modules/mod_dropdown_megamenu helper.php
2012.09.17 12:35 B C:\inetpub\wwwroot\modules\mod_dropdown_megamenu\helper.php <-- Schubert Rackspace /web/content/modules/mod_dropdown_megamenu helper.php
2012.09.17 12:37 B C:\inetpub\wwwroot\modules\mod_dropdown_megamenu\helper.php <-- Schubert Rackspace /web/content/modules/mod_dropdown_megamenu helper.php
2012.09.17 12:37 B C:\inetpub\wwwroot\modules\mod_dropdown_megamenu\helper.php <-- Schubert Rackspace /web/content/modules/mod_dropdown_megamenu helper.php
2012.09.17 12:40 B C:\inetpub\wwwroot\modules\mod_dropdown_megamenu\helper.php <-- Schubert Rackspace /web/content/modules/mod_dropdown_megamenu helper.php
2012.09.17 12:42 B C:\inetpub\wwwroot\modules\mod_dropdown_megamenu\helper.php <-- Schubert Rackspace /web/content/modules/mod_dropdown_megamenu helper.php
2012.09.17 12:43 B C:\inetpub\wwwroot\modules\mod_dropdown_megamenu\helper.php <-- Schubert Rackspace /web/content/modules/mod_dropdown_megamenu helper.php
2012.09.17 12:52 B C:\inetpub\wwwroot\modules\mod_dropdown_megamenu\helper.php <-- Schubert Rackspace /web/content/modules/mod_dropdown_megamenu helper.php
2012.09.17 12:53 B C:\inetpub\wwwroot\modules\mod_dropdown_megamenu\helper.php <-- Schubert Rackspace /web/content/modules/mod_dropdown_megamenu helper.php
2012.09.17 12:58 B C:\inetpub\wwwroot\modules\mod_dropdown_megamenu\helper.php <-- Schubert Rackspace /web/content/modules/mod_dropdown_megamenu helper.php
2012.09.17 14:26 B C:\inetpub\wwwroot\modules\mod_dropdown_megamenu\helper.php <-- Schubert Rackspace /web/content/modules/mod_dropdown_megamenu helper.php
2012.09.17 14:26 B C:\inetpub\wwwroot\modules\mod_dropdown_megamenu\helper.php <-- Schubert Rackspace /web/content/modules/mod_dropdown_megamenu helper.php
2012.09.17 14:27 B C:\inetpub\wwwroot\modules\mod_dropdown_megamenu\helper.php <-- Schubert Rackspace /web/content/modules/mod_dropdown_megamenu helper.php
2012.09.17 14:29 B C:\inetpub\wwwroot\modules\mod_dropdown_megamenu\helper.php <-- Schubert Rackspace /web/content/modules/mod_dropdown_megamenu helper.php
2012.09.17 14:33 B C:\inetpub\wwwroot\modules\mod_dropdown_megamenu\helper.php <-- Schubert Rackspace /web/content/modules/mod_dropdown_megamenu helper.php
2012.09.17 14:34 B C:\inetpub\wwwroot\modules\mod_dropdown_megamenu\helper.php <-- Schubert Rackspace /web/content/modules/mod_dropdown_megamenu helper.php
2012.09.17 14:34 B C:\inetpub\wwwroot\modules\mod_dropdown_megamenu\helper.php <-- Schubert Rackspace /web/content/modules/mod_dropdown_megamenu helper.php
2012.09.17 14:41 B C:\inetpub\wwwroot\modules\mod_dropdown_megamenu\helper.php <-- Schubert Rackspace /web/content/modules/mod_dropdown_megamenu helper.php
2012.09.17 14:41 B C:\inetpub\wwwroot\modules\mod_dropdown_megamenu\helper.php <-- Schubert Rackspace /web/content/modules/mod_dropdown_megamenu helper.php
2012.09.17 14:42 B C:\inetpub\wwwroot\modules\mod_dropdown_megamenu\helper.php <-- Schubert Rackspace /web/content/modules/mod_dropdown_megamenu helper.php
2012.09.17 14:43 B C:\inetpub\wwwroot\modules\mod_dropdown_megamenu\helper.php <-- Schubert Rackspace /web/content/modules/mod_dropdown_megamenu helper.php
2012.09.17 14:56 B C:\inetpub\wwwroot\modules\mod_dropdown_megamenu\helper.php <-- Schubert Rackspace /web/content/modules/mod_dropdown_megamenu helper.php
2012.09.17 14:58 B C:\inetpub\wwwroot\modules\mod_dropdown_megamenu\helper.php <-- Schubert Rackspace /web/content/modules/mod_dropdown_megamenu helper.php
2012.09.17 14:58 B C:\inetpub\wwwroot\modules\mod_dropdown_megamenu\helper.php <-- Schubert Rackspace /web/content/modules/mod_dropdown_megamenu helper.php
2012.09.17 14:58 B C:\inetpub\wwwroot\modules\mod_dropdown_megamenu\helper.php <-- Schubert Rackspace /web/content/modules/mod_dropdown_megamenu helper.php
2012.09.17 14:59 B C:\inetpub\wwwroot\modules\mod_dropdown_megamenu\helper.php <-- Schubert Rackspace /web/content/modules/mod_dropdown_megamenu helper.php
2012.09.17 15:00 B C:\inetpub\wwwroot\modules\mod_dropdown_megamenu\helper.php <-- Schubert Rackspace /web/content/modules/mod_dropdown_megamenu helper.php
2012.09.17 15:02 B C:\inetpub\wwwroot\modules\mod_dropdown_megamenu\mod_dropdown_megamenu.php <-- Schubert Rackspace /web/content/modules/mod_dropdown_megamenu mod_dropdown_megamenu.php
2012.09.17 15:14 B C:\inetpub\wwwroot\modules\mod_dropdown_megamenu\helper.php <-- Schubert Rackspace /web/content/modules/mod_dropdown_megamenu helper.php
2012.09.17 15:16 B C:\inetpub\wwwroot\modules\mod_dropdown_megamenu\helper.php <-- Schubert Rackspace /web/content/modules/mod_dropdown_megamenu helper.php
2012.09.17 15:18 B C:\inetpub\wwwroot\modules\mod_dropdown_megamenu\helper.php <-- Schubert Rackspace /web/content/modules/mod_dropdown_megamenu helper.php
2012.09.17 15:19 B C:\inetpub\wwwroot\modules\mod_dropdown_megamenu\helper.php <-- Schubert Rackspace /web/content/modules/mod_dropdown_megamenu helper.php
2012.09.17 15:20 B C:\inetpub\wwwroot\modules\mod_dropdown_megamenu\helper.php <-- Schubert Rackspace /web/content/modules/mod_dropdown_megamenu helper.php
2012.09.17 15:21 B C:\inetpub\wwwroot\modules\mod_dropdown_megamenu\helper.php <-- Schubert Rackspace /web/content/modules/mod_dropdown_megamenu helper.php
2012.09.17 15:22 B C:\inetpub\wwwroot\modules\mod_dropdown_megamenu\helper.php <-- Schubert Rackspace /web/content/modules/mod_dropdown_megamenu helper.php
2012.09.17 15:29 B C:\inetpub\wwwroot\modules\mod_dropdown_megamenu\helper.php <-- Schubert Rackspace /web/content/modules/mod_dropdown_megamenu helper.php
2012.09.17 15:30 B C:\inetpub\wwwroot\modules\mod_dropdown_megamenu\helper.php <-- Schubert Rackspace /web/content/modules/mod_dropdown_megamenu helper.php
2012.09.17 15:30 B C:\inetpub\wwwroot\modules\mod_dropdown_megamenu\helper.php <-- Schubert Rackspace /web/content/modules/mod_dropdown_megamenu helper.php
2012.09.17 15:33 B C:\inetpub\wwwroot\modules\mod_dropdown_megamenu\helper.php <-- Schubert Rackspace /web/content/modules/mod_dropdown_megamenu helper.php
2012.09.17 15:52 B C:\inetpub\wwwroot\modules\mod_dropdown_megamenu\helper.php <-- Schubert Rackspace /web/content/modules/mod_dropdown_megamenu helper.php
2012.09.17 16:13 B C:\inetpub\wwwroot\modules\mod_dropdown_megamenu\helper.php <-- Schubert Rackspace /web/content/modules/mod_dropdown_megamenu helper.php
2012.09.17 16:14 B C:\inetpub\wwwroot\modules\mod_dropdown_megamenu\helper.php <-- Schubert Rackspace /web/content/modules/mod_dropdown_megamenu helper.php
2012.09.17 16:14 B C:\inetpub\wwwroot\modules\mod_dropdown_megamenu\helper.php <-- Schubert Rackspace /web/content/modules/mod_dropdown_megamenu helper.php
2012.09.17 16:16 B C:\inetpub\wwwroot\modules\mod_dropdown_megamenu\helper.php <-- Schubert Rackspace /web/content/modules/mod_dropdown_megamenu helper.php
2012.09.17 16:20 B C:\inetpub\wwwroot\modules\mod_dropdown_megamenu\helper.php <-- Schubert Rackspace /web/content/modules/mod_dropdown_megamenu helper.php
2012.09.17 16:20 B C:\inetpub\wwwroot\modules\mod_dropdown_megamenu\helper.php <-- Schubert Rackspace /web/content/modules/mod_dropdown_megamenu helper.php
2012.09.17 16:21 B C:\inetpub\wwwroot\modules\mod_dropdown_megamenu\helper.php <-- Schubert Rackspace /web/content/modules/mod_dropdown_megamenu helper.php
2012.09.17 16:22 B C:\inetpub\wwwroot\modules\mod_dropdown_megamenu\helper.php <-- Schubert Rackspace /web/content/modules/mod_dropdown_megamenu helper.php
2012.09.17 16:23 B C:\inetpub\wwwroot\modules\mod_dropdown_megamenu\helper.php <-- Schubert Rackspace /web/content/modules/mod_dropdown_megamenu helper.php
2012.09.17 16:23 B C:\inetpub\wwwroot\modules\mod_dropdown_megamenu\helper.php <-- Schubert Rackspace /web/content/modules/mod_dropdown_megamenu helper.php
2012.09.17 16:23 B C:\inetpub\wwwroot\modules\mod_dropdown_megamenu\helper.php <-- Schubert Rackspace /web/content/modules/mod_dropdown_megamenu helper.php
2012.09.17 16:23 B C:\inetpub\wwwroot\modules\mod_dropdown_megamenu\helper.php <-- Schubert Rackspace /web/content/modules/mod_dropdown_megamenu helper.php
2012.09.17 16:25 B C:\inetpub\wwwroot\modules\mod_dropdown_megamenu\helper.php <-- Schubert Rackspace /web/content/modules/mod_dropdown_megamenu helper.php
2012.09.17 16:27 B C:\inetpub\wwwroot\modules\mod_dropdown_megamenu\helper.php <-- Schubert Rackspace /web/content/modules/mod_dropdown_megamenu helper.php
2012.09.17 16:28 B C:\inetpub\wwwroot\modules\mod_dropdown_megamenu\helper.php <-- Schubert Rackspace /web/content/modules/mod_dropdown_megamenu helper.php
2012.09.17 16:28 B C:\inetpub\wwwroot\modules\mod_dropdown_megamenu\helper.php <-- Schubert Rackspace /web/content/modules/mod_dropdown_megamenu helper.php
2012.09.17 16:28 B C:\inetpub\wwwroot\modules\mod_dropdown_megamenu\helper.php <-- Schubert Rackspace /web/content/modules/mod_dropdown_megamenu helper.php
2012.09.17 16:31 B C:\inetpub\wwwroot\modules\mod_dropdown_megamenu\helper.php <-- Schubert Rackspace /web/content/modules/mod_dropdown_megamenu helper.php
2012.09.17 17:14 B C:\inetpub\wwwroot\modules\mod_dropdown_megamenu\mod_dropdown_megamenu.php <-- Schubert Rackspace /web/content/modules/mod_dropdown_megamenu mod_dropdown_megamenu.php
2012.09.17 17:15 B C:\inetpub\wwwroot\modules\mod_dropdown_megamenu\mod_dropdown_megamenu.php <-- Schubert Rackspace /web/content/modules/mod_dropdown_megamenu mod_dropdown_megamenu.php
2012.09.17 17:38 B C:\inetpub\wwwroot\modules\mod_dropdown_megamenu\helper.php <-- Schubert Rackspace /web/content/modules/mod_dropdown_megamenu helper.php
2012.09.17 17:40 B C:\inetpub\wwwroot\modules\mod_dropdown_megamenu\helper.php <-- Schubert Rackspace /web/content/modules/mod_dropdown_megamenu helper.php
2012.09.18 09:09 B C:\inetpub\wwwroot\modules\mod_dropdown_megamenu\helper.php <-- Schubert Rackspace /web/content/modules/mod_dropdown_megamenu helper.php
2012.09.18 09:16 B C:\inetpub\wwwroot\modules\mod_dropdown_megamenu\helper.php <-- Schubert Rackspace /web/content/modules/mod_dropdown_megamenu helper.php
2012.09.18 09:24 B C:\inetpub\wwwroot\modules\mod_dropdown_megamenu\helper.php <-- Schubert Rackspace /web/content/modules/mod_dropdown_megamenu helper.php
2012.09.18 09:24 B C:\inetpub\wwwroot\modules\mod_dropdown_megamenu\helper.php <-- Schubert Rackspace /web/content/modules/mod_dropdown_megamenu helper.php
2012.09.18 09:25 B C:\inetpub\wwwroot\modules\mod_dropdown_megamenu\helper.php <-- Schubert Rackspace /web/content/modules/mod_dropdown_megamenu helper.php
2012.09.18 09:25 B C:\inetpub\wwwroot\modules\mod_dropdown_megamenu\helper.php <-- Schubert Rackspace /web/content/modules/mod_dropdown_megamenu helper.php
2012.09.18 09:31 B C:\inetpub\wwwroot\modules\mod_dropdown_megamenu\helper.php <-- Schubert Rackspace /web/content/modules/mod_dropdown_megamenu helper.php
2012.09.18 09:33 B C:\inetpub\wwwroot\modules\mod_dropdown_megamenu\helper.php <-- Schubert Rackspace /web/content/modules/mod_dropdown_megamenu helper.php
2012.09.18 09:33 B C:\inetpub\wwwroot\modules\mod_dropdown_megamenu\helper.php <-- Schubert Rackspace /web/content/modules/mod_dropdown_megamenu helper.php
2012.09.18 10:09 B C:\inetpub\wwwroot\modules\mod_dropdown_megamenu\helper.php <-- Schubert Rackspace /web/content/modules/mod_dropdown_megamenu helper.php
2012.09.18 10:10 B C:\inetpub\wwwroot\modules\mod_dropdown_megamenu\helper.php <-- Schubert Rackspace /web/content/modules/mod_dropdown_megamenu helper.php
2012.09.18 10:10 B C:\inetpub\wwwroot\modules\mod_dropdown_megamenu\helper.php <-- Schubert Rackspace /web/content/modules/mod_dropdown_megamenu helper.php
2012.09.28 16:38 B C:\inetpub\wwwroot\modules\mod_dropdown_megamenu\helper.php <-- Schubert Rackspace /web/content/modules/mod_dropdown_megamenu helper.php
2012.10.01 10:59 B C:\inetpub\wwwroot\modules\mod_dropdown_megamenu\helper.php <-- Schubert Rackspace /web/content/modules/mod_dropdown_megamenu helper.php
2012.10.01 11:07 B C:\inetpub\wwwroot\modules\mod_dropdown_megamenu\helper.php <-- Schubert Rackspace /web/content/modules/mod_dropdown_megamenu helper.php
2012.10.01 11:14 B C:\inetpub\wwwroot\modules\mod_dropdown_megamenu\helper.php <-- Schubert Rackspace /web/content/modules/mod_dropdown_megamenu helper.php
2012.10.01 11:14 B C:\inetpub\wwwroot\modules\mod_dropdown_megamenu\helper.php <-- Schubert Rackspace /web/content/modules/mod_dropdown_megamenu helper.php
2012.10.01 11:34 B C:\inetpub\wwwroot\modules\mod_dropdown_megamenu\helper.php <-- Schubert Rackspace /web/content/modules/mod_dropdown_megamenu helper.php
2012.10.01 11:34 B C:\inetpub\wwwroot\modules\mod_dropdown_megamenu\helper.php <-- Schubert Rackspace /web/content/modules/mod_dropdown_megamenu helper.php
2012.10.01 11:44 B C:\inetpub\wwwroot\modules\mod_dropdown_megamenu\helper.php <-- Schubert Rackspace /web/content/modules/mod_dropdown_megamenu helper.php
2012.10.01 12:31 B C:\inetpub\wwwroot\modules\mod_dropdown_megamenu\helper.php <-- Schubert Rackspace /web/content/modules/mod_dropdown_megamenu helper.php
2012.10.01 12:39 B C:\inetpub\wwwroot\modules\mod_dropdown_megamenu\helper.php <-- Schubert Rackspace /web/content/modules/mod_dropdown_megamenu helper.php
2012.10.01 12:39 B C:\inetpub\wwwroot\modules\mod_dropdown_megamenu\helper.php <-- Schubert Rackspace /web/content/modules/mod_dropdown_megamenu helper.php
2012.10.01 13:42 B C:\inetpub\wwwroot\modules\mod_dropdown_megamenu\helper.php <-- Schubert Rackspace /web/content/modules/mod_dropdown_megamenu helper.php
2012.10.01 13:42 B C:\inetpub\wwwroot\modules\mod_dropdown_megamenu\helper.php <-- Schubert Rackspace /web/content/modules/mod_dropdown_megamenu helper.php
2012.10.01 14:05 B C:\inetpub\wwwroot\modules\mod_dropdown_megamenu\helper.php <-- Schubert Rackspace /web/content/modules/mod_dropdown_megamenu helper.php
2012.10.01 14:05 B C:\inetpub\wwwroot\modules\mod_dropdown_megamenu\helper.php <-- Schubert Rackspace /web/content/modules/mod_dropdown_megamenu helper.php
2012.10.01 14:34 B C:\inetpub\wwwroot\modules\mod_dropdown_megamenu\helper.php <-- Schubert Rackspace /web/content/modules/mod_dropdown_megamenu helper.php
2012.10.01 14:34 B C:\inetpub\wwwroot\modules\mod_dropdown_megamenu\helper.php <-- Schubert Rackspace /web/content/modules/mod_dropdown_megamenu helper.php
2012.10.01 15:10 B C:\inetpub\wwwroot\modules\mod_dropdown_megamenu\helper.php <-- Schubert Rackspace /web/content/modules/mod_dropdown_megamenu helper.php
2012.10.01 15:10 B C:\inetpub\wwwroot\modules\mod_dropdown_megamenu\helper.php <-- Schubert Rackspace /web/content/modules/mod_dropdown_megamenu helper.php
2012.10.01 15:10 B C:\inetpub\wwwroot\modules\mod_dropdown_megamenu\helper.php <-- Schubert Rackspace /web/content/modules/mod_dropdown_megamenu helper.php
2012.10.02 08:30 B C:\inetpub\wwwroot\modules\mod_dropdown_megamenu\helper.php <-- Schubert Rackspace /web/content/modules/mod_dropdown_megamenu helper.php
2012.10.02 08:31 B C:\inetpub\wwwroot\modules\mod_dropdown_megamenu\helper.php <-- Schubert Rackspace /web/content/modules/mod_dropdown_megamenu helper.php
2012.10.02 08:31 B C:\inetpub\wwwroot\modules\mod_dropdown_megamenu\helper.php <-- Schubert Rackspace /web/content/modules/mod_dropdown_megamenu helper.php
2012.10.02 08:31 B C:\inetpub\wwwroot\modules\mod_dropdown_megamenu\helper.php <-- Schubert Rackspace /web/content/modules/mod_dropdown_megamenu helper.php
2012.10.02 08:32 B C:\inetpub\wwwroot\modules\mod_dropdown_megamenu\helper.php <-- Schubert Rackspace /web/content/modules/mod_dropdown_megamenu helper.php
2012.10.02 08:32 B C:\inetpub\wwwroot\modules\mod_dropdown_megamenu\helper.php <-- Schubert Rackspace /web/content/modules/mod_dropdown_megamenu helper.php
2012.10.02 08:42 B C:\inetpub\wwwroot\modules\mod_dropdown_megamenu\helper.php <-- Schubert Rackspace /web/content/modules/mod_dropdown_megamenu helper.php
2012.10.02 08:42 B C:\inetpub\wwwroot\modules\mod_dropdown_megamenu\helper.php <-- Schubert Rackspace /web/content/modules/mod_dropdown_megamenu helper.php
2012.10.02 08:43 B C:\inetpub\wwwroot\modules\mod_dropdown_megamenu\helper.php <-- Schubert Rackspace /web/content/modules/mod_dropdown_megamenu helper.php
2012.10.02 08:43 B C:\inetpub\wwwroot\modules\mod_dropdown_megamenu\helper.php <-- Schubert Rackspace /web/content/modules/mod_dropdown_megamenu helper.php
2012.10.02 08:52 B C:\inetpub\wwwroot\modules\mod_dropdown_megamenu\helper.php <-- Schubert Rackspace /web/content/modules/mod_dropdown_megamenu helper.php
2012.10.02 08:52 B C:\inetpub\wwwroot\modules\mod_dropdown_megamenu\helper.php <-- Schubert Rackspace /web/content/modules/mod_dropdown_megamenu helper.php
2012.10.02 09:04 B C:\inetpub\wwwroot\modules\mod_dropdown_megamenu\helper.php <-- Schubert Rackspace /web/content/modules/mod_dropdown_megamenu helper.php
2012.10.02 09:04 B C:\inetpub\wwwroot\modules\mod_dropdown_megamenu\helper.php <-- Schubert Rackspace /web/content/modules/mod_dropdown_megamenu helper.php
2012.10.02 09:05 B C:\inetpub\wwwroot\modules\mod_dropdown_megamenu\helper.php <-- Schubert Rackspace /web/content/modules/mod_dropdown_megamenu helper.php
2012.10.02 09:05 B C:\inetpub\wwwroot\modules\mod_dropdown_megamenu\helper.php <-- Schubert Rackspace /web/content/modules/mod_dropdown_megamenu helper.php
2012.10.02 09:17 B C:\inetpub\wwwroot\modules\mod_dropdown_megamenu\helper.php <-- Schubert Rackspace /web/content/modules/mod_dropdown_megamenu helper.php
2012.10.02 09:18 B C:\inetpub\wwwroot\modules\mod_dropdown_megamenu\helper.php <-- Schubert Rackspace /web/content/modules/mod_dropdown_megamenu helper.php
2012.10.02 09:21 B C:\inetpub\wwwroot\modules\mod_dropdown_megamenu\helper.php <-- Schubert Rackspace /web/content/modules/mod_dropdown_megamenu helper.php
2012.10.02 09:21 B C:\inetpub\wwwroot\modules\mod_dropdown_megamenu\helper.php <-- Schubert Rackspace /web/content/modules/mod_dropdown_megamenu helper.php
2012.10.02 11:38 B C:\inetpub\wwwroot\modules\mod_dropdown_megamenu\helper.php <-- Schubert Rackspace /web/content/modules/mod_dropdown_megamenu helper.php
2012.10.02 11:38 B C:\inetpub\wwwroot\modules\mod_dropdown_megamenu\helper.php <-- Schubert Rackspace /web/content/modules/mod_dropdown_megamenu helper.php
2012.10.02 11:54 B C:\inetpub\wwwroot\modules\mod_dropdown_megamenu\helper.php <-- Schubert Rackspace /web/content/modules/mod_dropdown_megamenu helper.php
2012.10.02 11:55 B C:\inetpub\wwwroot\modules\mod_dropdown_megamenu\helper.php <-- Schubert Rackspace /web/content/modules/mod_dropdown_megamenu helper.php
2012.10.02 12:16 B C:\inetpub\wwwroot\modules\mod_dropdown_megamenu\helper.php <-- Schubert Rackspace /web/content/modules/mod_dropdown_megamenu helper.php
2012.10.02 13:25 B C:\inetpub\wwwroot\modules\mod_dropdown_megamenu\helper.php <-- Schubert Rackspace /web/content/modules/mod_dropdown_megamenu helper.php
2012.10.02 13:30 B C:\inetpub\wwwroot\modules\mod_dropdown_megamenu\helper.php <-- Schubert Rackspace /web/content/modules/mod_dropdown_megamenu helper.php
2012.10.02 13:31 B C:\inetpub\wwwroot\modules\mod_dropdown_megamenu\helper.php <-- Schubert Rackspace /web/content/modules/mod_dropdown_megamenu helper.php
2012.10.02 13:31 B C:\inetpub\wwwroot\modules\mod_dropdown_megamenu\helper.php <-- Schubert Rackspace /web/content/modules/mod_dropdown_megamenu helper.php
2012.10.23 09:17 B C:\inetpub\wwwroot\modules\mod_dropdown_megamenu\helper-1.php --> ftp3.ftptoyoursite.com /web/content/modules/mod_dropdown_megamenu helper-1.php
2012.10.23 09:17 B C:\inetpub\wwwroot\modules\mod_dropdown_megamenu\helper.php --> ftp3.ftptoyoursite.com /web/content/modules/mod_dropdown_megamenu helper.php
2012.10.23 09:17 B C:\inetpub\wwwroot\modules\mod_dropdown_megamenu\index.html --> ftp3.ftptoyoursite.com /web/content/modules/mod_dropdown_megamenu index.html
2012.10.23 09:17 B C:\inetpub\wwwroot\modules\mod_dropdown_megamenu\license.txt --> ftp3.ftptoyoursite.com /web/content/modules/mod_dropdown_megamenu license.txt
2012.10.23 09:17 B C:\inetpub\wwwroot\modules\mod_dropdown_megamenu\mod_dropdown_megamenu.php --> ftp3.ftptoyoursite.com /web/content/modules/mod_dropdown_megamenu mod_dropdown_megamenu.php
2012.10.23 09:17 B C:\inetpub\wwwroot\modules\mod_dropdown_megamenu\mod_dropdown_megamenu.xml --> ftp3.ftptoyoursite.com /web/content/modules/mod_dropdown_megamenu mod_dropdown_megamenu.xml
2012.10.23 09:17 B C:\inetpub\wwwroot\modules\mod_dropdown_megamenu\WS_FTP.LOG --> ftp3.ftptoyoursite.com /web/content/modules/mod_dropdown_megamenu WS_FTP.LOG
2013.02.01 15:02 B C:\inetpub\wwwroot\modules\mod_dropdown_megamenu\WS_FTP.LOG <-- Schubert Rackspace /web/content/modules/mod_dropdown_megamenu WS_FTP.LOG
