2012.07.25 12:16 B C:\Users\COBRIEN\Desktop\Schubert\images\-slideshow1.png <-- Schubert Rackspace /web/content/images -slideshow1.png
2012.07.25 12:16 B C:\Users\COBRIEN\Desktop\Schubert\images\-slideshow2.png <-- Schubert Rackspace /web/content/images -slideshow2.png
2012.07.25 12:16 B C:\Users\COBRIEN\Desktop\Schubert\images\aboutKronosImg.png <-- Schubert Rackspace /web/content/images aboutKronosImg.png
2012.07.25 12:16 B C:\Users\COBRIEN\Desktop\Schubert\images\app_coating_thumb.png <-- Schubert Rackspace /web/content/images app_coating_thumb.png
2012.07.25 12:16 B C:\Users\COBRIEN\Desktop\Schubert\images\app_fiber_thumb.png <-- Schubert Rackspace /web/content/images app_fiber_thumb.png
2012.07.25 12:16 B C:\Users\COBRIEN\Desktop\Schubert\images\app_paper_thumb.png <-- Schubert Rackspace /web/content/images app_paper_thumb.png
2012.07.25 12:16 B C:\Users\COBRIEN\Desktop\Schubert\images\app_plastic_thumb.png <-- Schubert Rackspace /web/content/images app_plastic_thumb.png
2012.07.25 12:16 B C:\Users\COBRIEN\Desktop\Schubert\images\ecochem_thumb.png <-- Schubert Rackspace /web/content/images ecochem_thumb.png
2012.07.25 12:16 B C:\Users\COBRIEN\Desktop\Schubert\images\fpo.png <-- Schubert Rackspace /web/content/images fpo.png
2012.07.25 12:16 B C:\Users\COBRIEN\Desktop\Schubert\images\index.html <-- Schubert Rackspace /web/content/images index.html
2012.07.25 12:16 B C:\Users\COBRIEN\Desktop\Schubert\images\investorRelationsImg.png <-- Schubert Rackspace /web/content/images investorRelationsImg.png
2012.07.25 12:16 B C:\Users\COBRIEN\Desktop\Schubert\images\joomla_black.gif <-- Schubert Rackspace /web/content/images joomla_black.gif
2012.07.25 12:16 B C:\Users\COBRIEN\Desktop\Schubert\images\joomla_green.gif <-- Schubert Rackspace /web/content/images joomla_green.gif
2012.07.25 12:16 B C:\Users\COBRIEN\Desktop\Schubert\images\joomla_logo_black.jpg <-- Schubert Rackspace /web/content/images joomla_logo_black.jpg
2012.07.25 12:16 B C:\Users\COBRIEN\Desktop\Schubert\images\powered_by.png <-- Schubert Rackspace /web/content/images powered_by.png
2012.07.25 12:16 B C:\Users\COBRIEN\Desktop\Schubert\images\raw materials map.jpg <-- Schubert Rackspace /web/content/images raw materials map.jpg
2012.07.25 12:16 B C:\Users\COBRIEN\Desktop\Schubert\images\slideshow1.png <-- Schubert Rackspace /web/content/images slideshow1.png
2012.07.25 12:16 B C:\Users\COBRIEN\Desktop\Schubert\images\slideshow2.png <-- Schubert Rackspace /web/content/images slideshow2.png
2012.07.25 12:16 B C:\Users\COBRIEN\Desktop\Schubert\images\slideshow3.png <-- Schubert Rackspace /web/content/images slideshow3.png
2012.07.25 12:16 B C:\Users\COBRIEN\Desktop\Schubert\images\slideshow4.png <-- Schubert Rackspace /web/content/images slideshow4.png
2012.07.25 12:16 B C:\Users\COBRIEN\Desktop\Schubert\images\sulfate_chart_e.pdf <-- Schubert Rackspace /web/content/images sulfate_chart_e.pdf
2012.07.25 12:16 B C:\Users\COBRIEN\Desktop\Schubert\images\techserviceshome.png <-- Schubert Rackspace /web/content/images techserviceshome.png
2012.07.25 12:16 B C:\Users\COBRIEN\Desktop\Schubert\images\tichemicals_thumb.png <-- Schubert Rackspace /web/content/images tichemicals_thumb.png
2012.07.30 12:09 B C:\inetpub\wwwroot\images\purified_grades_thumb.png <-- Schubert Rackspace /web/content/images purified_grades_thumb.png
2012.07.31 12:00 B C:\inetpub\wwwroot\images\KRONOS_TiO2_Map.jpg <-- Schubert Rackspace /web/content/images KRONOS_TiO2_Map.jpg
2012.08.21 14:42 B C:\inetpub\wwwroot\images\na_euroMap.png <-- Schubert Rackspace /web/content/zoommap/images na_euroMap.png
2012.08.21 14:42 B C:\inetpub\wwwroot\images\euroMap.png <-- Schubert Rackspace /web/content/zoommap/images euroMap.png
2012.08.31 10:52 B C:\inetpub\wwwroot\images\kronos-tio2-map.jpg <-- Schubert Rackspace /web/content/images kronos-tio2-map.jpg
2012.09.04 10:52 B C:\inetpub\wwwroot\images\-slideshow1.png --> ftp3.ftptoyoursite.com /web/content/SITE-TEST/images -slideshow1.png
2012.09.04 10:52 B C:\inetpub\wwwroot\images\-slideshow2.png --> ftp3.ftptoyoursite.com /web/content/SITE-TEST/images -slideshow2.png
2012.09.04 10:52 B C:\inetpub\wwwroot\images\aboutKronosImg.png --> ftp3.ftptoyoursite.com /web/content/SITE-TEST/images aboutKronosImg.png
2012.09.04 10:52 B C:\inetpub\wwwroot\images\app_coating_thumb.png --> ftp3.ftptoyoursite.com /web/content/SITE-TEST/images app_coating_thumb.png
2012.09.04 10:52 B C:\inetpub\wwwroot\images\app_fiber_thumb.png --> ftp3.ftptoyoursite.com /web/content/SITE-TEST/images app_fiber_thumb.png
2012.09.04 10:52 B C:\inetpub\wwwroot\images\app_paper_thumb.png --> ftp3.ftptoyoursite.com /web/content/SITE-TEST/images app_paper_thumb.png
2012.09.04 10:52 B C:\inetpub\wwwroot\images\app_plastic_thumb.png --> ftp3.ftptoyoursite.com /web/content/SITE-TEST/images app_plastic_thumb.png
2012.09.04 10:52 B C:\inetpub\wwwroot\images\applications-paper.jpg --> ftp3.ftptoyoursite.com /web/content/SITE-TEST/images applications-paper.jpg
2012.09.04 10:52 B C:\inetpub\wwwroot\images\ecochem_thumb.png --> ftp3.ftptoyoursite.com /web/content/SITE-TEST/images ecochem_thumb.png
2012.09.04 10:52 B C:\inetpub\wwwroot\images\euroMap.png --> ftp3.ftptoyoursite.com /web/content/SITE-TEST/images euroMap.png
2012.09.04 10:52 B C:\inetpub\wwwroot\images\flow_chart_cp_e.jpg --> ftp3.ftptoyoursite.com /web/content/SITE-TEST/images flow_chart_cp_e.jpg
2012.09.04 10:52 B C:\inetpub\wwwroot\images\fpo.png --> ftp3.ftptoyoursite.com /web/content/SITE-TEST/images fpo.png
2012.09.04 10:52 B C:\inetpub\wwwroot\images\index.html --> ftp3.ftptoyoursite.com /web/content/SITE-TEST/images index.html
2012.09.04 10:52 B C:\inetpub\wwwroot\images\investorRelationsImg.png --> ftp3.ftptoyoursite.com /web/content/SITE-TEST/images investorRelationsImg.png
2012.09.04 10:52 B C:\inetpub\wwwroot\images\joomla_black.gif --> ftp3.ftptoyoursite.com /web/content/SITE-TEST/images joomla_black.gif
2012.09.04 10:52 B C:\inetpub\wwwroot\images\joomla_green.gif --> ftp3.ftptoyoursite.com /web/content/SITE-TEST/images joomla_green.gif
2012.09.04 10:52 B C:\inetpub\wwwroot\images\joomla_logo_black.jpg --> ftp3.ftptoyoursite.com /web/content/SITE-TEST/images joomla_logo_black.jpg
2012.09.04 10:52 B C:\inetpub\wwwroot\images\kronos-tio2-map.jpg --> ftp3.ftptoyoursite.com /web/content/SITE-TEST/images kronos-tio2-map.jpg
2012.09.04 10:52 B C:\inetpub\wwwroot\images\KRONOS_TiO2_Map.jpg --> ftp3.ftptoyoursite.com /web/content/SITE-TEST/images KRONOS_TiO2_Map.jpg
2012.09.04 10:52 B C:\inetpub\wwwroot\images\na_euroMap.png --> ftp3.ftptoyoursite.com /web/content/SITE-TEST/images na_euroMap.png
2012.09.04 10:52 B C:\inetpub\wwwroot\images\powered_by.png --> ftp3.ftptoyoursite.com /web/content/SITE-TEST/images powered_by.png
2012.09.04 10:52 B C:\inetpub\wwwroot\images\purified_grades_thumb.png --> ftp3.ftptoyoursite.com /web/content/SITE-TEST/images purified_grades_thumb.png
2012.09.04 10:52 B C:\inetpub\wwwroot\images\raw materials map.jpg --> ftp3.ftptoyoursite.com /web/content/SITE-TEST/images raw materials map.jpg
2012.09.04 10:52 B C:\inetpub\wwwroot\images\rawMaterialMap_thumb.png --> ftp3.ftptoyoursite.com /web/content/SITE-TEST/images rawMaterialMap_thumb.png
2012.09.04 10:52 B C:\inetpub\wwwroot\images\slideshow1.png --> ftp3.ftptoyoursite.com /web/content/SITE-TEST/images slideshow1.png
2012.09.04 10:52 B C:\inetpub\wwwroot\images\slideshow2.png --> ftp3.ftptoyoursite.com /web/content/SITE-TEST/images slideshow2.png
2012.09.04 10:52 B C:\inetpub\wwwroot\images\slideshow3.png --> ftp3.ftptoyoursite.com /web/content/SITE-TEST/images slideshow3.png
2012.09.04 10:52 B C:\inetpub\wwwroot\images\slideshow4.png --> ftp3.ftptoyoursite.com /web/content/SITE-TEST/images slideshow4.png
2012.09.04 10:52 B C:\inetpub\wwwroot\images\sp-flow_chart_e.jpg --> ftp3.ftptoyoursite.com /web/content/SITE-TEST/images sp-flow_chart_e.jpg
2012.09.04 10:52 B C:\inetpub\wwwroot\images\sulfate_chart_e.pdf --> ftp3.ftptoyoursite.com /web/content/SITE-TEST/images sulfate_chart_e.pdf
2012.09.04 10:52 B C:\inetpub\wwwroot\images\tech_services_weathering_thumb.png --> ftp3.ftptoyoursite.com /web/content/SITE-TEST/images tech_services_weathering_thumb.png
2012.09.04 10:52 B C:\inetpub\wwwroot\images\techserviceshome.png --> ftp3.ftptoyoursite.com /web/content/SITE-TEST/images techserviceshome.png
2012.09.04 10:52 B C:\inetpub\wwwroot\images\tichemicals_thumb.png --> ftp3.ftptoyoursite.com /web/content/SITE-TEST/images tichemicals_thumb.png
2012.09.04 10:52 B C:\inetpub\wwwroot\images\weathering.png --> ftp3.ftptoyoursite.com /web/content/SITE-TEST/images weathering.png
2012.09.04 10:52 B C:\inetpub\wwwroot\images\WS_FTP.LOG --> ftp3.ftptoyoursite.com /web/content/SITE-TEST/images WS_FTP.LOG
2012.09.06 15:10 B C:\inetpub\wwwroot\images\-slideshow1.png --> ftp3.ftptoyoursite.com /web/content/SITEBACKUP_962012/images -slideshow1.png
2012.09.06 15:10 B C:\inetpub\wwwroot\images\-slideshow2.png --> ftp3.ftptoyoursite.com /web/content/SITEBACKUP_962012/images -slideshow2.png
2012.09.06 15:10 B C:\inetpub\wwwroot\images\aboutKronosImg.png --> ftp3.ftptoyoursite.com /web/content/SITEBACKUP_962012/images aboutKronosImg.png
2012.09.06 15:10 B C:\inetpub\wwwroot\images\app_coating_thumb.png --> ftp3.ftptoyoursite.com /web/content/SITEBACKUP_962012/images app_coating_thumb.png
2012.09.06 15:10 B C:\inetpub\wwwroot\images\app_fiber_thumb.png --> ftp3.ftptoyoursite.com /web/content/SITEBACKUP_962012/images app_fiber_thumb.png
2012.09.06 15:10 B C:\inetpub\wwwroot\images\app_paper_thumb.png --> ftp3.ftptoyoursite.com /web/content/SITEBACKUP_962012/images app_paper_thumb.png
2012.09.06 15:10 B C:\inetpub\wwwroot\images\app_plastic_thumb.png --> ftp3.ftptoyoursite.com /web/content/SITEBACKUP_962012/images app_plastic_thumb.png
2012.09.06 15:10 B C:\inetpub\wwwroot\images\applications-paper.jpg --> ftp3.ftptoyoursite.com /web/content/SITEBACKUP_962012/images applications-paper.jpg
2012.09.06 15:10 B C:\inetpub\wwwroot\images\ecochem_thumb.png --> ftp3.ftptoyoursite.com /web/content/SITEBACKUP_962012/images ecochem_thumb.png
2012.09.06 15:10 B C:\inetpub\wwwroot\images\euroMap.png --> ftp3.ftptoyoursite.com /web/content/SITEBACKUP_962012/images euroMap.png
2012.09.06 15:11 B C:\inetpub\wwwroot\images\flow_chart_cp_e.jpg --> ftp3.ftptoyoursite.com /web/content/SITEBACKUP_962012/images flow_chart_cp_e.jpg
2012.09.06 15:11 B C:\inetpub\wwwroot\images\fpo.png --> ftp3.ftptoyoursite.com /web/content/SITEBACKUP_962012/images fpo.png
2012.09.06 15:11 B C:\inetpub\wwwroot\images\index.html --> ftp3.ftptoyoursite.com /web/content/SITEBACKUP_962012/images index.html
2012.09.06 15:11 B C:\inetpub\wwwroot\images\investorRelationsImg.png --> ftp3.ftptoyoursite.com /web/content/SITEBACKUP_962012/images investorRelationsImg.png
2012.09.06 15:11 B C:\inetpub\wwwroot\images\joomla_black.gif --> ftp3.ftptoyoursite.com /web/content/SITEBACKUP_962012/images joomla_black.gif
2012.09.06 15:11 B C:\inetpub\wwwroot\images\joomla_green.gif --> ftp3.ftptoyoursite.com /web/content/SITEBACKUP_962012/images joomla_green.gif
2012.09.06 15:11 B C:\inetpub\wwwroot\images\joomla_logo_black.jpg --> ftp3.ftptoyoursite.com /web/content/SITEBACKUP_962012/images joomla_logo_black.jpg
2012.09.06 15:11 B C:\inetpub\wwwroot\images\kronos-tio2-map.jpg --> ftp3.ftptoyoursite.com /web/content/SITEBACKUP_962012/images kronos-tio2-map.jpg
2012.09.06 15:11 B C:\inetpub\wwwroot\images\KRONOS_TiO2_Map.jpg --> ftp3.ftptoyoursite.com /web/content/SITEBACKUP_962012/images KRONOS_TiO2_Map.jpg
2012.09.06 15:11 B C:\inetpub\wwwroot\images\na_euroMap.png --> ftp3.ftptoyoursite.com /web/content/SITEBACKUP_962012/images na_euroMap.png
2012.09.06 15:11 B C:\inetpub\wwwroot\images\powered_by.png --> ftp3.ftptoyoursite.com /web/content/SITEBACKUP_962012/images powered_by.png
2012.09.06 15:11 B C:\inetpub\wwwroot\images\purified_grades_thumb.png --> ftp3.ftptoyoursite.com /web/content/SITEBACKUP_962012/images purified_grades_thumb.png
2012.09.06 15:11 B C:\inetpub\wwwroot\images\raw materials map.jpg --> ftp3.ftptoyoursite.com /web/content/SITEBACKUP_962012/images raw materials map.jpg
2012.09.06 15:11 B C:\inetpub\wwwroot\images\rawMaterialMap_thumb.png --> ftp3.ftptoyoursite.com /web/content/SITEBACKUP_962012/images rawMaterialMap_thumb.png
2012.09.06 15:11 B C:\inetpub\wwwroot\images\slideshow1.png --> ftp3.ftptoyoursite.com /web/content/SITEBACKUP_962012/images slideshow1.png
2012.09.06 15:11 B C:\inetpub\wwwroot\images\slideshow2.png --> ftp3.ftptoyoursite.com /web/content/SITEBACKUP_962012/images slideshow2.png
2012.09.06 15:11 B C:\inetpub\wwwroot\images\slideshow3.png --> ftp3.ftptoyoursite.com /web/content/SITEBACKUP_962012/images slideshow3.png
2012.09.06 15:11 B C:\inetpub\wwwroot\images\slideshow4.png --> ftp3.ftptoyoursite.com /web/content/SITEBACKUP_962012/images slideshow4.png
2012.09.06 15:11 B C:\inetpub\wwwroot\images\sp-flow_chart_e.jpg --> ftp3.ftptoyoursite.com /web/content/SITEBACKUP_962012/images sp-flow_chart_e.jpg
2012.09.06 15:11 B C:\inetpub\wwwroot\images\sulfate_chart_e.pdf --> ftp3.ftptoyoursite.com /web/content/SITEBACKUP_962012/images sulfate_chart_e.pdf
2012.09.06 15:11 B C:\inetpub\wwwroot\images\tech_services_weathering_thumb.png --> ftp3.ftptoyoursite.com /web/content/SITEBACKUP_962012/images tech_services_weathering_thumb.png
2012.09.06 15:11 B C:\inetpub\wwwroot\images\techserviceshome.png --> ftp3.ftptoyoursite.com /web/content/SITEBACKUP_962012/images techserviceshome.png
2012.09.06 15:11 B C:\inetpub\wwwroot\images\tichemicals_thumb.png --> ftp3.ftptoyoursite.com /web/content/SITEBACKUP_962012/images tichemicals_thumb.png
2012.09.06 15:11 B C:\inetpub\wwwroot\images\weathering.png --> ftp3.ftptoyoursite.com /web/content/SITEBACKUP_962012/images weathering.png
2012.09.06 15:11 B C:\inetpub\wwwroot\images\WS_FTP.LOG --> ftp3.ftptoyoursite.com /web/content/SITEBACKUP_962012/images WS_FTP.LOG
2012.09.06 15:33 B C:\inetpub\wwwroot\images\-slideshow1.png <-- Schubert Rackspace /web/content/images -slideshow1.png
2012.09.06 15:33 B C:\inetpub\wwwroot\images\-slideshow2.png <-- Schubert Rackspace /web/content/images -slideshow2.png
2012.09.06 15:33 B C:\inetpub\wwwroot\images\aboutKronosImg.png <-- Schubert Rackspace /web/content/images aboutKronosImg.png
2012.09.06 15:33 B C:\inetpub\wwwroot\images\app_coating_thumb.png <-- Schubert Rackspace /web/content/images app_coating_thumb.png
2012.09.06 15:33 B C:\inetpub\wwwroot\images\app_fiber_thumb.png <-- Schubert Rackspace /web/content/images app_fiber_thumb.png
2012.09.06 15:33 B C:\inetpub\wwwroot\images\app_paper_thumb.png <-- Schubert Rackspace /web/content/images app_paper_thumb.png
2012.09.06 15:33 B C:\inetpub\wwwroot\images\app_plastic_thumb.png <-- Schubert Rackspace /web/content/images app_plastic_thumb.png
2012.09.06 15:33 B C:\inetpub\wwwroot\images\applications-paper.jpg <-- Schubert Rackspace /web/content/images applications-paper.jpg
2012.09.06 15:33 B C:\inetpub\wwwroot\images\ecochem_thumb.png <-- Schubert Rackspace /web/content/images ecochem_thumb.png
2012.09.06 15:33 B C:\inetpub\wwwroot\images\euroMap.png <-- Schubert Rackspace /web/content/images euroMap.png
2012.09.06 15:33 B C:\inetpub\wwwroot\images\flow_chart_cp_e.jpg <-- Schubert Rackspace /web/content/images flow_chart_cp_e.jpg
2012.09.06 15:33 B C:\inetpub\wwwroot\images\fpo.png <-- Schubert Rackspace /web/content/images fpo.png
2012.09.06 15:33 B C:\inetpub\wwwroot\images\index.html <-- Schubert Rackspace /web/content/images index.html
2012.09.06 15:33 B C:\inetpub\wwwroot\images\investorRelationsImg.png <-- Schubert Rackspace /web/content/images investorRelationsImg.png
2012.09.06 15:33 B C:\inetpub\wwwroot\images\joomla_black.gif <-- Schubert Rackspace /web/content/images joomla_black.gif
2012.09.06 15:33 B C:\inetpub\wwwroot\images\joomla_green.gif <-- Schubert Rackspace /web/content/images joomla_green.gif
2012.09.06 15:33 B C:\inetpub\wwwroot\images\joomla_logo_black.jpg <-- Schubert Rackspace /web/content/images joomla_logo_black.jpg
2012.09.06 15:33 B C:\inetpub\wwwroot\images\kronos-tio2-map.jpg <-- Schubert Rackspace /web/content/images kronos-tio2-map.jpg
2012.09.06 15:33 B C:\inetpub\wwwroot\images\KRONOS_TiO2_Map.jpg <-- Schubert Rackspace /web/content/images KRONOS_TiO2_Map.jpg
2012.09.06 15:34 B C:\inetpub\wwwroot\images\na_euroMap.png <-- Schubert Rackspace /web/content/images na_euroMap.png
2012.09.06 15:34 B C:\inetpub\wwwroot\images\powered_by.png <-- Schubert Rackspace /web/content/images powered_by.png
2012.09.06 15:34 B C:\inetpub\wwwroot\images\purified_grades_thumb.png <-- Schubert Rackspace /web/content/images purified_grades_thumb.png
2012.09.06 15:34 B C:\inetpub\wwwroot\images\raw materials map.jpg <-- Schubert Rackspace /web/content/images raw materials map.jpg
2012.09.06 15:34 B C:\inetpub\wwwroot\images\rawMaterialMap_thumb.png <-- Schubert Rackspace /web/content/images rawMaterialMap_thumb.png
2012.09.06 15:34 B C:\inetpub\wwwroot\images\slideshow1.png <-- Schubert Rackspace /web/content/images slideshow1.png
2012.09.06 15:34 B C:\inetpub\wwwroot\images\slideshow2.png <-- Schubert Rackspace /web/content/images slideshow2.png
2012.09.06 15:34 B C:\inetpub\wwwroot\images\slideshow3.png <-- Schubert Rackspace /web/content/images slideshow3.png
2012.09.06 15:34 B C:\inetpub\wwwroot\images\slideshow4.png <-- Schubert Rackspace /web/content/images slideshow4.png
2012.09.06 15:34 B C:\inetpub\wwwroot\images\sp-flow_chart_e.jpg <-- Schubert Rackspace /web/content/images sp-flow_chart_e.jpg
2012.09.06 15:34 B C:\inetpub\wwwroot\images\sulfate_chart_e.pdf <-- Schubert Rackspace /web/content/images sulfate_chart_e.pdf
2012.09.06 15:34 B C:\inetpub\wwwroot\images\tech_services_weathering_thumb.png <-- Schubert Rackspace /web/content/images tech_services_weathering_thumb.png
2012.09.06 15:34 B C:\inetpub\wwwroot\images\techserviceshome.png <-- Schubert Rackspace /web/content/images techserviceshome.png
2012.09.06 15:34 B C:\inetpub\wwwroot\images\tichemicals_thumb.png <-- Schubert Rackspace /web/content/images tichemicals_thumb.png
2012.09.06 15:34 B C:\inetpub\wwwroot\images\weathering.png <-- Schubert Rackspace /web/content/images weathering.png
2012.09.10 12:21 B C:\inetpub\wwwroot\images\tech_services_weathering_thumb.png <-- Schubert Rackspace /web/content/images tech_services_weathering_thumb.png
2012.09.10 12:39 B C:\inetpub\wwwroot\images\app_coating_thumb.png <-- Schubert Rackspace /web/content/images app_coating_thumb.png
2012.09.19 14:35 B C:\inetpub\wwwroot\images\slideshow1.png <-- Schubert Rackspace /web/content/images slideshow1.png
2012.09.19 14:35 B C:\inetpub\wwwroot\images\slideshow2.png <-- Schubert Rackspace /web/content/images slideshow2.png
2012.09.19 14:45 B C:\inetpub\wwwroot\images\slideshow1.png <-- Schubert Rackspace /web/content/images slideshow1.png
2012.09.19 14:45 B C:\inetpub\wwwroot\images\slideshow2.png <-- Schubert Rackspace /web/content/images slideshow2.png
2012.09.19 14:48 B C:\inetpub\wwwroot\images\slideshow1.png <-- Schubert Rackspace /web/content/images slideshow1.png
2012.09.19 14:48 B C:\inetpub\wwwroot\images\slideshow2.png <-- Schubert Rackspace /web/content/images slideshow2.png
2012.09.19 15:58 B C:\inetpub\wwwroot\images\careersbtn.png <-- Schubert Rackspace /web/content/templates/templatename/images/btns careersbtn.png
2012.09.21 14:21 B C:\inetpub\wwwroot\images\kronos-tio2-map.jpg <-- Schubert Rackspace /web/content/images kronos-tio2-map.jpg
2012.09.28 15:38 B C:\inetpub\wwwroot\images\slideshow1.png <-- Schubert Rackspace /web/content/images slideshow1.png
2012.09.28 16:04 B C:\inetpub\wwwroot\images\slideshow1.jpg <-- Schubert Rackspace /web/content/images slideshow1.jpg
2012.09.28 16:04 B C:\inetpub\wwwroot\images\slideshow2.jpg <-- Schubert Rackspace /web/content/images slideshow2.jpg
2012.09.28 16:04 B C:\inetpub\wwwroot\images\slideshow3.jpg <-- Schubert Rackspace /web/content/images slideshow3.jpg
2012.09.28 16:04 B C:\inetpub\wwwroot\images\slideshow4.jpg <-- Schubert Rackspace /web/content/images slideshow4.jpg
2012.09.28 16:18 B C:\inetpub\wwwroot\images\slideshow1.jpg <-- Schubert Rackspace /web/content/images slideshow1.jpg
2012.09.28 16:18 B C:\inetpub\wwwroot\images\slideshow1.jpg <-- Schubert Rackspace /web/content/images slideshow1.jpg
2012.09.28 16:20 B C:\inetpub\wwwroot\images\slideshow4.jpg <-- Schubert Rackspace /web/content/images slideshow4.jpg
2012.09.28 16:23 B C:\inetpub\wwwroot\images\slideshow4.jpg <-- Schubert Rackspace /web/content/images slideshow4.jpg
2012.10.11 16:06 B C:\inetpub\wwwroot\images\aboutKronosImg.png <-- Schubert Rackspace /web/content/images aboutKronosImg.png
2012.10.23 09:13 B C:\inetpub\wwwroot\images\-slideshow1.png --> ftp3.ftptoyoursite.com /web/content/images -slideshow1.png
2012.10.23 09:13 B C:\inetpub\wwwroot\images\-slideshow2.png --> ftp3.ftptoyoursite.com /web/content/images -slideshow2.png
2012.10.23 09:13 B C:\inetpub\wwwroot\images\aboutKronosImg.png --> ftp3.ftptoyoursite.com /web/content/images aboutKronosImg.png
2012.10.23 09:13 B C:\inetpub\wwwroot\images\app_coating_thumb.png --> ftp3.ftptoyoursite.com /web/content/images app_coating_thumb.png
2012.10.23 09:13 B C:\inetpub\wwwroot\images\app_fiber_thumb.png --> ftp3.ftptoyoursite.com /web/content/images app_fiber_thumb.png
2012.10.23 09:13 B C:\inetpub\wwwroot\images\app_paper_thumb.png --> ftp3.ftptoyoursite.com /web/content/images app_paper_thumb.png
2012.10.23 09:13 B C:\inetpub\wwwroot\images\app_plastic_thumb.png --> ftp3.ftptoyoursite.com /web/content/images app_plastic_thumb.png
2012.10.23 09:13 B C:\inetpub\wwwroot\images\applications-paper.jpg --> ftp3.ftptoyoursite.com /web/content/images applications-paper.jpg
2012.10.23 09:13 B C:\inetpub\wwwroot\images\ecochem_thumb.png --> ftp3.ftptoyoursite.com /web/content/images ecochem_thumb.png
2012.10.23 09:13 B C:\inetpub\wwwroot\images\euroMap.png --> ftp3.ftptoyoursite.com /web/content/images euroMap.png
2012.10.23 09:13 B C:\inetpub\wwwroot\images\facilitiesImg.png --> ftp3.ftptoyoursite.com /web/content/images facilitiesImg.png
2012.10.23 09:13 B C:\inetpub\wwwroot\images\flow_chart_cp_e.jpg --> ftp3.ftptoyoursite.com /web/content/images flow_chart_cp_e.jpg
2012.10.23 09:13 B C:\inetpub\wwwroot\images\fpo.png --> ftp3.ftptoyoursite.com /web/content/images fpo.png
2012.10.23 09:13 B C:\inetpub\wwwroot\images\index.html --> ftp3.ftptoyoursite.com /web/content/images index.html
2012.10.23 09:13 B C:\inetpub\wwwroot\images\investorRelationsImg.png --> ftp3.ftptoyoursite.com /web/content/images investorRelationsImg.png
2012.10.23 09:13 B C:\inetpub\wwwroot\images\joomla_black.gif --> ftp3.ftptoyoursite.com /web/content/images joomla_black.gif
2012.10.23 09:13 B C:\inetpub\wwwroot\images\joomla_green.gif --> ftp3.ftptoyoursite.com /web/content/images joomla_green.gif
2012.10.23 09:13 B C:\inetpub\wwwroot\images\joomla_logo_black.jpg --> ftp3.ftptoyoursite.com /web/content/images joomla_logo_black.jpg
2012.10.23 09:13 B C:\inetpub\wwwroot\images\kr_2310_na.jpg --> ftp3.ftptoyoursite.com /web/content/images kr_2310_na.jpg
2012.10.23 09:13 B C:\inetpub\wwwroot\images\kronos-tio2-map.jpg --> ftp3.ftptoyoursite.com /web/content/images kronos-tio2-map.jpg
2012.10.23 09:13 B C:\inetpub\wwwroot\images\kronos_2360_e.jpg --> ftp3.ftptoyoursite.com /web/content/images kronos_2360_e.jpg
2012.10.23 09:13 B C:\inetpub\wwwroot\images\KRONOS_Logo-R.png --> ftp3.ftptoyoursite.com /web/content/images KRONOS_Logo-R.png
2012.10.23 09:13 B C:\inetpub\wwwroot\images\KRONOS_TiO2_Map.jpg --> ftp3.ftptoyoursite.com /web/content/images KRONOS_TiO2_Map.jpg
2012.10.23 09:13 B C:\inetpub\wwwroot\images\kronosfieldsofappna.jpg --> ftp3.ftptoyoursite.com /web/content/images kronosfieldsofappna.jpg
2012.10.23 09:13 B C:\inetpub\wwwroot\images\na_euroMap.png --> ftp3.ftptoyoursite.com /web/content/images na_euroMap.png
2012.10.23 09:13 B C:\inetpub\wwwroot\images\powered_by.png --> ftp3.ftptoyoursite.com /web/content/images powered_by.png
2012.10.23 09:13 B C:\inetpub\wwwroot\images\purified_grades_thumb.png --> ftp3.ftptoyoursite.com /web/content/images purified_grades_thumb.png
2012.10.23 09:13 B C:\inetpub\wwwroot\images\raw materials map.jpg --> ftp3.ftptoyoursite.com /web/content/images raw materials map.jpg
2012.10.23 09:13 B C:\inetpub\wwwroot\images\rawMaterialMap_thumb.png --> ftp3.ftptoyoursite.com /web/content/images rawMaterialMap_thumb.png
2012.10.23 09:13 B C:\inetpub\wwwroot\images\slideshow1.jpg --> ftp3.ftptoyoursite.com /web/content/images slideshow1.jpg
2012.10.23 09:13 B C:\inetpub\wwwroot\images\slideshow1.png --> ftp3.ftptoyoursite.com /web/content/images slideshow1.png
2012.10.23 09:13 B C:\inetpub\wwwroot\images\slideshow2.jpg --> ftp3.ftptoyoursite.com /web/content/images slideshow2.jpg
2012.10.23 09:13 B C:\inetpub\wwwroot\images\slideshow2.png --> ftp3.ftptoyoursite.com /web/content/images slideshow2.png
2012.10.23 09:13 B C:\inetpub\wwwroot\images\slideshow3.jpg --> ftp3.ftptoyoursite.com /web/content/images slideshow3.jpg
2012.10.23 09:13 B C:\inetpub\wwwroot\images\slideshow3.png --> ftp3.ftptoyoursite.com /web/content/images slideshow3.png
2012.10.23 09:13 B C:\inetpub\wwwroot\images\slideshow4.jpg --> ftp3.ftptoyoursite.com /web/content/images slideshow4.jpg
2012.10.23 09:13 B C:\inetpub\wwwroot\images\slideshow4.png --> ftp3.ftptoyoursite.com /web/content/images slideshow4.png
2012.10.23 09:13 B C:\inetpub\wwwroot\images\sp-flow_chart_e.jpg --> ftp3.ftptoyoursite.com /web/content/images sp-flow_chart_e.jpg
2012.10.23 09:13 B C:\inetpub\wwwroot\images\sulfate_chart_e.pdf --> ftp3.ftptoyoursite.com /web/content/images sulfate_chart_e.pdf
2012.10.23 09:13 B C:\inetpub\wwwroot\images\tech_services_weathering_thumb.png --> ftp3.ftptoyoursite.com /web/content/images tech_services_weathering_thumb.png
2012.10.23 09:13 B C:\inetpub\wwwroot\images\techserviceshome.png --> ftp3.ftptoyoursite.com /web/content/images techserviceshome.png
2012.10.23 09:13 B C:\inetpub\wwwroot\images\techServicesImg.png --> ftp3.ftptoyoursite.com /web/content/images techServicesImg.png
2012.10.23 09:13 B C:\inetpub\wwwroot\images\tichemicals_thumb.png --> ftp3.ftptoyoursite.com /web/content/images tichemicals_thumb.png
2012.10.23 09:13 B C:\inetpub\wwwroot\images\weathering.png --> ftp3.ftptoyoursite.com /web/content/images weathering.png
2012.10.23 09:13 B C:\inetpub\wwwroot\images\WS_FTP.LOG --> ftp3.ftptoyoursite.com /web/content/images WS_FTP.LOG
2013.02.01 14:51 B C:\inetpub\wwwroot\images\WS_FTP.LOG <-- Schubert Rackspace /web/content/images WS_FTP.LOG
