2012.07.25 12:19 B C:\Users\COBRIEN\Desktop\Schubert\media\system\js\calendar-setup-uncompressed.js <-- Schubert Rackspace /web/content/media/system/js calendar-setup-uncompressed.js
2012.07.25 12:19 B C:\Users\COBRIEN\Desktop\Schubert\media\system\js\calendar-setup.js <-- Schubert Rackspace /web/content/media/system/js calendar-setup.js
2012.07.25 12:19 B C:\Users\COBRIEN\Desktop\Schubert\media\system\js\calendar-uncompressed.js <-- Schubert Rackspace /web/content/media/system/js calendar-uncompressed.js
2012.07.25 12:19 B C:\Users\COBRIEN\Desktop\Schubert\media\system\js\calendar.js <-- Schubert Rackspace /web/content/media/system/js calendar.js
2012.07.25 12:19 B C:\Users\COBRIEN\Desktop\Schubert\media\system\js\caption-uncompressed.js <-- Schubert Rackspace /web/content/media/system/js caption-uncompressed.js
2012.07.25 12:19 B C:\Users\COBRIEN\Desktop\Schubert\media\system\js\caption.js <-- Schubert Rackspace /web/content/media/system/js caption.js
2012.07.25 12:19 B C:\Users\COBRIEN\Desktop\Schubert\media\system\js\combobox-uncompressed.js <-- Schubert Rackspace /web/content/media/system/js combobox-uncompressed.js
2012.07.25 12:19 B C:\Users\COBRIEN\Desktop\Schubert\media\system\js\combobox.js <-- Schubert Rackspace /web/content/media/system/js combobox.js
2012.07.25 12:19 B C:\Users\COBRIEN\Desktop\Schubert\media\system\js\core-uncompressed.js <-- Schubert Rackspace /web/content/media/system/js core-uncompressed.js
2012.07.25 12:19 B C:\Users\COBRIEN\Desktop\Schubert\media\system\js\core.js <-- Schubert Rackspace /web/content/media/system/js core.js
2012.07.25 12:19 B C:\Users\COBRIEN\Desktop\Schubert\media\system\js\highlighter-uncompressed.js <-- Schubert Rackspace /web/content/media/system/js highlighter-uncompressed.js
2012.07.25 12:19 B C:\Users\COBRIEN\Desktop\Schubert\media\system\js\highlighter.js <-- Schubert Rackspace /web/content/media/system/js highlighter.js
2012.07.25 12:19 B C:\Users\COBRIEN\Desktop\Schubert\media\system\js\index.html <-- Schubert Rackspace /web/content/media/system/js index.html
2012.07.25 12:19 B C:\Users\COBRIEN\Desktop\Schubert\media\system\js\modal-uncompressed.js <-- Schubert Rackspace /web/content/media/system/js modal-uncompressed.js
2012.07.25 12:19 B C:\Users\COBRIEN\Desktop\Schubert\media\system\js\modal.js <-- Schubert Rackspace /web/content/media/system/js modal.js
2012.07.25 12:19 B C:\Users\COBRIEN\Desktop\Schubert\media\system\js\mooRainbow-uncompressed.js <-- Schubert Rackspace /web/content/media/system/js mooRainbow-uncompressed.js
2012.07.25 12:19 B C:\Users\COBRIEN\Desktop\Schubert\media\system\js\mooRainbow.js <-- Schubert Rackspace /web/content/media/system/js mooRainbow.js
2012.07.25 12:19 B C:\Users\COBRIEN\Desktop\Schubert\media\system\js\mootools-core-uncompressed.js <-- Schubert Rackspace /web/content/media/system/js mootools-core-uncompressed.js
2012.07.25 12:19 B C:\Users\COBRIEN\Desktop\Schubert\media\system\js\mootools-core.js <-- Schubert Rackspace /web/content/media/system/js mootools-core.js
2012.07.25 12:19 B C:\Users\COBRIEN\Desktop\Schubert\media\system\js\mootools-more-uncompressed.js <-- Schubert Rackspace /web/content/media/system/js mootools-more-uncompressed.js
2012.07.25 12:19 B C:\Users\COBRIEN\Desktop\Schubert\media\system\js\mootools-more.js <-- Schubert Rackspace /web/content/media/system/js mootools-more.js
2012.07.25 12:19 B C:\Users\COBRIEN\Desktop\Schubert\media\system\js\mootree-uncompressed.js <-- Schubert Rackspace /web/content/media/system/js mootree-uncompressed.js
2012.07.25 12:19 B C:\Users\COBRIEN\Desktop\Schubert\media\system\js\mootree.js <-- Schubert Rackspace /web/content/media/system/js mootree.js
2012.07.25 12:19 B C:\Users\COBRIEN\Desktop\Schubert\media\system\js\multiselect.js <-- Schubert Rackspace /web/content/media/system/js multiselect.js
2012.07.25 12:19 B C:\Users\COBRIEN\Desktop\Schubert\media\system\js\passwordstrength.js <-- Schubert Rackspace /web/content/media/system/js passwordstrength.js
2012.07.25 12:19 B C:\Users\COBRIEN\Desktop\Schubert\media\system\js\progressbar-uncompressed.js <-- Schubert Rackspace /web/content/media/system/js progressbar-uncompressed.js
2012.07.25 12:19 B C:\Users\COBRIEN\Desktop\Schubert\media\system\js\progressbar.js <-- Schubert Rackspace /web/content/media/system/js progressbar.js
2012.07.25 12:19 B C:\Users\COBRIEN\Desktop\Schubert\media\system\js\swf-uncompressed.js <-- Schubert Rackspace /web/content/media/system/js swf-uncompressed.js
2012.07.25 12:19 B C:\Users\COBRIEN\Desktop\Schubert\media\system\js\swf.js <-- Schubert Rackspace /web/content/media/system/js swf.js
2012.07.25 12:19 B C:\Users\COBRIEN\Desktop\Schubert\media\system\js\switcher-uncompressed.js <-- Schubert Rackspace /web/content/media/system/js switcher-uncompressed.js
2012.07.25 12:19 B C:\Users\COBRIEN\Desktop\Schubert\media\system\js\switcher.js <-- Schubert Rackspace /web/content/media/system/js switcher.js
2012.07.25 12:19 B C:\Users\COBRIEN\Desktop\Schubert\media\system\js\tabs.js <-- Schubert Rackspace /web/content/media/system/js tabs.js
2012.07.25 12:19 B C:\Users\COBRIEN\Desktop\Schubert\media\system\js\uploader-uncompressed.js <-- Schubert Rackspace /web/content/media/system/js uploader-uncompressed.js
2012.07.25 12:19 B C:\Users\COBRIEN\Desktop\Schubert\media\system\js\uploader.js <-- Schubert Rackspace /web/content/media/system/js uploader.js
2012.07.25 12:19 B C:\Users\COBRIEN\Desktop\Schubert\media\system\js\validate-uncompressed.js <-- Schubert Rackspace /web/content/media/system/js validate-uncompressed.js
2012.07.25 12:19 B C:\Users\COBRIEN\Desktop\Schubert\media\system\js\validate.js <-- Schubert Rackspace /web/content/media/system/js validate.js
2012.09.04 10:55 B C:\inetpub\wwwroot\media\system\js\calendar-setup-uncompressed.js --> ftp3.ftptoyoursite.com /web/content/SITE-TEST/media/system/js calendar-setup-uncompressed.js
2012.09.04 10:55 B C:\inetpub\wwwroot\media\system\js\calendar-setup.js --> ftp3.ftptoyoursite.com /web/content/SITE-TEST/media/system/js calendar-setup.js
2012.09.04 10:55 B C:\inetpub\wwwroot\media\system\js\calendar-uncompressed.js --> ftp3.ftptoyoursite.com /web/content/SITE-TEST/media/system/js calendar-uncompressed.js
2012.09.04 10:55 B C:\inetpub\wwwroot\media\system\js\calendar.js --> ftp3.ftptoyoursite.com /web/content/SITE-TEST/media/system/js calendar.js
2012.09.04 10:55 B C:\inetpub\wwwroot\media\system\js\caption-uncompressed.js --> ftp3.ftptoyoursite.com /web/content/SITE-TEST/media/system/js caption-uncompressed.js
2012.09.04 10:55 B C:\inetpub\wwwroot\media\system\js\caption.js --> ftp3.ftptoyoursite.com /web/content/SITE-TEST/media/system/js caption.js
2012.09.04 10:55 B C:\inetpub\wwwroot\media\system\js\combobox-uncompressed.js --> ftp3.ftptoyoursite.com /web/content/SITE-TEST/media/system/js combobox-uncompressed.js
2012.09.04 10:55 B C:\inetpub\wwwroot\media\system\js\combobox.js --> ftp3.ftptoyoursite.com /web/content/SITE-TEST/media/system/js combobox.js
2012.09.04 10:55 B C:\inetpub\wwwroot\media\system\js\core-uncompressed.js --> ftp3.ftptoyoursite.com /web/content/SITE-TEST/media/system/js core-uncompressed.js
2012.09.04 10:55 B C:\inetpub\wwwroot\media\system\js\core.js --> ftp3.ftptoyoursite.com /web/content/SITE-TEST/media/system/js core.js
2012.09.04 10:55 B C:\inetpub\wwwroot\media\system\js\highlighter-uncompressed.js --> ftp3.ftptoyoursite.com /web/content/SITE-TEST/media/system/js highlighter-uncompressed.js
2012.09.04 10:55 B C:\inetpub\wwwroot\media\system\js\highlighter.js --> ftp3.ftptoyoursite.com /web/content/SITE-TEST/media/system/js highlighter.js
2012.09.04 10:55 B C:\inetpub\wwwroot\media\system\js\index.html --> ftp3.ftptoyoursite.com /web/content/SITE-TEST/media/system/js index.html
2012.09.04 10:55 B C:\inetpub\wwwroot\media\system\js\modal-uncompressed.js --> ftp3.ftptoyoursite.com /web/content/SITE-TEST/media/system/js modal-uncompressed.js
2012.09.04 10:55 B C:\inetpub\wwwroot\media\system\js\modal.js --> ftp3.ftptoyoursite.com /web/content/SITE-TEST/media/system/js modal.js
2012.09.04 10:55 B C:\inetpub\wwwroot\media\system\js\mooRainbow-uncompressed.js --> ftp3.ftptoyoursite.com /web/content/SITE-TEST/media/system/js mooRainbow-uncompressed.js
2012.09.04 10:55 B C:\inetpub\wwwroot\media\system\js\mooRainbow.js --> ftp3.ftptoyoursite.com /web/content/SITE-TEST/media/system/js mooRainbow.js
2012.09.04 10:55 B C:\inetpub\wwwroot\media\system\js\mootools-core-uncompressed.js --> ftp3.ftptoyoursite.com /web/content/SITE-TEST/media/system/js mootools-core-uncompressed.js
2012.09.04 10:55 B C:\inetpub\wwwroot\media\system\js\mootools-core.js --> ftp3.ftptoyoursite.com /web/content/SITE-TEST/media/system/js mootools-core.js
2012.09.04 10:55 B C:\inetpub\wwwroot\media\system\js\mootools-more-uncompressed.js --> ftp3.ftptoyoursite.com /web/content/SITE-TEST/media/system/js mootools-more-uncompressed.js
2012.09.04 10:55 B C:\inetpub\wwwroot\media\system\js\mootools-more.js --> ftp3.ftptoyoursite.com /web/content/SITE-TEST/media/system/js mootools-more.js
2012.09.04 10:55 B C:\inetpub\wwwroot\media\system\js\mootree-uncompressed.js --> ftp3.ftptoyoursite.com /web/content/SITE-TEST/media/system/js mootree-uncompressed.js
2012.09.04 10:55 B C:\inetpub\wwwroot\media\system\js\mootree.js --> ftp3.ftptoyoursite.com /web/content/SITE-TEST/media/system/js mootree.js
2012.09.04 10:55 B C:\inetpub\wwwroot\media\system\js\multiselect.js --> ftp3.ftptoyoursite.com /web/content/SITE-TEST/media/system/js multiselect.js
2012.09.04 10:55 B C:\inetpub\wwwroot\media\system\js\passwordstrength.js --> ftp3.ftptoyoursite.com /web/content/SITE-TEST/media/system/js passwordstrength.js
2012.09.04 10:55 B C:\inetpub\wwwroot\media\system\js\progressbar-uncompressed.js --> ftp3.ftptoyoursite.com /web/content/SITE-TEST/media/system/js progressbar-uncompressed.js
2012.09.04 10:55 B C:\inetpub\wwwroot\media\system\js\progressbar.js --> ftp3.ftptoyoursite.com /web/content/SITE-TEST/media/system/js progressbar.js
2012.09.04 10:55 B C:\inetpub\wwwroot\media\system\js\swf-uncompressed.js --> ftp3.ftptoyoursite.com /web/content/SITE-TEST/media/system/js swf-uncompressed.js
2012.09.04 10:55 B C:\inetpub\wwwroot\media\system\js\swf.js --> ftp3.ftptoyoursite.com /web/content/SITE-TEST/media/system/js swf.js
2012.09.04 10:55 B C:\inetpub\wwwroot\media\system\js\switcher-uncompressed.js --> ftp3.ftptoyoursite.com /web/content/SITE-TEST/media/system/js switcher-uncompressed.js
2012.09.04 10:55 B C:\inetpub\wwwroot\media\system\js\switcher.js --> ftp3.ftptoyoursite.com /web/content/SITE-TEST/media/system/js switcher.js
2012.09.04 10:55 B C:\inetpub\wwwroot\media\system\js\tabs.js --> ftp3.ftptoyoursite.com /web/content/SITE-TEST/media/system/js tabs.js
2012.09.04 10:55 B C:\inetpub\wwwroot\media\system\js\uploader-uncompressed.js --> ftp3.ftptoyoursite.com /web/content/SITE-TEST/media/system/js uploader-uncompressed.js
2012.09.04 10:55 B C:\inetpub\wwwroot\media\system\js\uploader.js --> ftp3.ftptoyoursite.com /web/content/SITE-TEST/media/system/js uploader.js
2012.09.04 10:55 B C:\inetpub\wwwroot\media\system\js\validate-uncompressed.js --> ftp3.ftptoyoursite.com /web/content/SITE-TEST/media/system/js validate-uncompressed.js
2012.09.04 10:55 B C:\inetpub\wwwroot\media\system\js\validate.js --> ftp3.ftptoyoursite.com /web/content/SITE-TEST/media/system/js validate.js
2012.09.04 10:55 B C:\inetpub\wwwroot\media\system\js\WS_FTP.LOG --> ftp3.ftptoyoursite.com /web/content/SITE-TEST/media/system/js WS_FTP.LOG
2012.09.06 15:14 B C:\inetpub\wwwroot\media\system\js\calendar-setup-uncompressed.js --> ftp3.ftptoyoursite.com /web/content/SITEBACKUP_962012/media/system/js calendar-setup-uncompressed.js
2012.09.06 15:14 B C:\inetpub\wwwroot\media\system\js\calendar-setup.js --> ftp3.ftptoyoursite.com /web/content/SITEBACKUP_962012/media/system/js calendar-setup.js
2012.09.06 15:14 B C:\inetpub\wwwroot\media\system\js\calendar-uncompressed.js --> ftp3.ftptoyoursite.com /web/content/SITEBACKUP_962012/media/system/js calendar-uncompressed.js
2012.09.06 15:14 B C:\inetpub\wwwroot\media\system\js\calendar.js --> ftp3.ftptoyoursite.com /web/content/SITEBACKUP_962012/media/system/js calendar.js
2012.09.06 15:14 B C:\inetpub\wwwroot\media\system\js\caption-uncompressed.js --> ftp3.ftptoyoursite.com /web/content/SITEBACKUP_962012/media/system/js caption-uncompressed.js
2012.09.06 15:14 B C:\inetpub\wwwroot\media\system\js\caption.js --> ftp3.ftptoyoursite.com /web/content/SITEBACKUP_962012/media/system/js caption.js
2012.09.06 15:14 B C:\inetpub\wwwroot\media\system\js\combobox-uncompressed.js --> ftp3.ftptoyoursite.com /web/content/SITEBACKUP_962012/media/system/js combobox-uncompressed.js
2012.09.06 15:14 B C:\inetpub\wwwroot\media\system\js\combobox.js --> ftp3.ftptoyoursite.com /web/content/SITEBACKUP_962012/media/system/js combobox.js
2012.09.06 15:14 B C:\inetpub\wwwroot\media\system\js\core-uncompressed.js --> ftp3.ftptoyoursite.com /web/content/SITEBACKUP_962012/media/system/js core-uncompressed.js
2012.09.06 15:14 B C:\inetpub\wwwroot\media\system\js\core.js --> ftp3.ftptoyoursite.com /web/content/SITEBACKUP_962012/media/system/js core.js
2012.09.06 15:14 B C:\inetpub\wwwroot\media\system\js\highlighter-uncompressed.js --> ftp3.ftptoyoursite.com /web/content/SITEBACKUP_962012/media/system/js highlighter-uncompressed.js
2012.09.06 15:14 B C:\inetpub\wwwroot\media\system\js\highlighter.js --> ftp3.ftptoyoursite.com /web/content/SITEBACKUP_962012/media/system/js highlighter.js
2012.09.06 15:14 B C:\inetpub\wwwroot\media\system\js\index.html --> ftp3.ftptoyoursite.com /web/content/SITEBACKUP_962012/media/system/js index.html
2012.09.06 15:14 B C:\inetpub\wwwroot\media\system\js\modal-uncompressed.js --> ftp3.ftptoyoursite.com /web/content/SITEBACKUP_962012/media/system/js modal-uncompressed.js
2012.09.06 15:14 B C:\inetpub\wwwroot\media\system\js\modal.js --> ftp3.ftptoyoursite.com /web/content/SITEBACKUP_962012/media/system/js modal.js
2012.09.06 15:14 B C:\inetpub\wwwroot\media\system\js\mooRainbow-uncompressed.js --> ftp3.ftptoyoursite.com /web/content/SITEBACKUP_962012/media/system/js mooRainbow-uncompressed.js
2012.09.06 15:14 B C:\inetpub\wwwroot\media\system\js\mooRainbow.js --> ftp3.ftptoyoursite.com /web/content/SITEBACKUP_962012/media/system/js mooRainbow.js
2012.09.06 15:14 B C:\inetpub\wwwroot\media\system\js\mootools-core-uncompressed.js --> ftp3.ftptoyoursite.com /web/content/SITEBACKUP_962012/media/system/js mootools-core-uncompressed.js
2012.09.06 15:14 B C:\inetpub\wwwroot\media\system\js\mootools-core.js --> ftp3.ftptoyoursite.com /web/content/SITEBACKUP_962012/media/system/js mootools-core.js
2012.09.06 15:14 B C:\inetpub\wwwroot\media\system\js\mootools-more-uncompressed.js --> ftp3.ftptoyoursite.com /web/content/SITEBACKUP_962012/media/system/js mootools-more-uncompressed.js
2012.09.06 15:14 B C:\inetpub\wwwroot\media\system\js\mootools-more.js --> ftp3.ftptoyoursite.com /web/content/SITEBACKUP_962012/media/system/js mootools-more.js
2012.09.06 15:14 B C:\inetpub\wwwroot\media\system\js\mootree-uncompressed.js --> ftp3.ftptoyoursite.com /web/content/SITEBACKUP_962012/media/system/js mootree-uncompressed.js
2012.09.06 15:14 B C:\inetpub\wwwroot\media\system\js\mootree.js --> ftp3.ftptoyoursite.com /web/content/SITEBACKUP_962012/media/system/js mootree.js
2012.09.06 15:14 B C:\inetpub\wwwroot\media\system\js\multiselect.js --> ftp3.ftptoyoursite.com /web/content/SITEBACKUP_962012/media/system/js multiselect.js
2012.09.06 15:14 B C:\inetpub\wwwroot\media\system\js\passwordstrength.js --> ftp3.ftptoyoursite.com /web/content/SITEBACKUP_962012/media/system/js passwordstrength.js
2012.09.06 15:14 B C:\inetpub\wwwroot\media\system\js\progressbar-uncompressed.js --> ftp3.ftptoyoursite.com /web/content/SITEBACKUP_962012/media/system/js progressbar-uncompressed.js
2012.09.06 15:14 B C:\inetpub\wwwroot\media\system\js\progressbar.js --> ftp3.ftptoyoursite.com /web/content/SITEBACKUP_962012/media/system/js progressbar.js
2012.09.06 15:14 B C:\inetpub\wwwroot\media\system\js\swf-uncompressed.js --> ftp3.ftptoyoursite.com /web/content/SITEBACKUP_962012/media/system/js swf-uncompressed.js
2012.09.06 15:14 B C:\inetpub\wwwroot\media\system\js\swf.js --> ftp3.ftptoyoursite.com /web/content/SITEBACKUP_962012/media/system/js swf.js
2012.09.06 15:14 B C:\inetpub\wwwroot\media\system\js\switcher-uncompressed.js --> ftp3.ftptoyoursite.com /web/content/SITEBACKUP_962012/media/system/js switcher-uncompressed.js
2012.09.06 15:14 B C:\inetpub\wwwroot\media\system\js\switcher.js --> ftp3.ftptoyoursite.com /web/content/SITEBACKUP_962012/media/system/js switcher.js
2012.09.06 15:14 B C:\inetpub\wwwroot\media\system\js\tabs.js --> ftp3.ftptoyoursite.com /web/content/SITEBACKUP_962012/media/system/js tabs.js
2012.09.06 15:14 B C:\inetpub\wwwroot\media\system\js\uploader-uncompressed.js --> ftp3.ftptoyoursite.com /web/content/SITEBACKUP_962012/media/system/js uploader-uncompressed.js
2012.09.06 15:14 B C:\inetpub\wwwroot\media\system\js\uploader.js --> ftp3.ftptoyoursite.com /web/content/SITEBACKUP_962012/media/system/js uploader.js
2012.09.06 15:14 B C:\inetpub\wwwroot\media\system\js\validate-uncompressed.js --> ftp3.ftptoyoursite.com /web/content/SITEBACKUP_962012/media/system/js validate-uncompressed.js
2012.09.06 15:14 B C:\inetpub\wwwroot\media\system\js\validate.js --> ftp3.ftptoyoursite.com /web/content/SITEBACKUP_962012/media/system/js validate.js
2012.09.06 15:14 B C:\inetpub\wwwroot\media\system\js\WS_FTP.LOG --> ftp3.ftptoyoursite.com /web/content/SITEBACKUP_962012/media/system/js WS_FTP.LOG
2012.10.23 09:16 B C:\inetpub\wwwroot\media\system\js\calendar-setup-uncompressed.js --> ftp3.ftptoyoursite.com /web/content/media/system/js calendar-setup-uncompressed.js
2012.10.23 09:16 B C:\inetpub\wwwroot\media\system\js\calendar-setup.js --> ftp3.ftptoyoursite.com /web/content/media/system/js calendar-setup.js
2012.10.23 09:16 B C:\inetpub\wwwroot\media\system\js\calendar-uncompressed.js --> ftp3.ftptoyoursite.com /web/content/media/system/js calendar-uncompressed.js
2012.10.23 09:16 B C:\inetpub\wwwroot\media\system\js\calendar.js --> ftp3.ftptoyoursite.com /web/content/media/system/js calendar.js
2012.10.23 09:16 B C:\inetpub\wwwroot\media\system\js\caption-uncompressed.js --> ftp3.ftptoyoursite.com /web/content/media/system/js caption-uncompressed.js
2012.10.23 09:16 B C:\inetpub\wwwroot\media\system\js\caption.js --> ftp3.ftptoyoursite.com /web/content/media/system/js caption.js
2012.10.23 09:16 B C:\inetpub\wwwroot\media\system\js\combobox-uncompressed.js --> ftp3.ftptoyoursite.com /web/content/media/system/js combobox-uncompressed.js
2012.10.23 09:16 B C:\inetpub\wwwroot\media\system\js\combobox.js --> ftp3.ftptoyoursite.com /web/content/media/system/js combobox.js
2012.10.23 09:16 B C:\inetpub\wwwroot\media\system\js\core-uncompressed.js --> ftp3.ftptoyoursite.com /web/content/media/system/js core-uncompressed.js
2012.10.23 09:16 B C:\inetpub\wwwroot\media\system\js\core.js --> ftp3.ftptoyoursite.com /web/content/media/system/js core.js
2012.10.23 09:16 B C:\inetpub\wwwroot\media\system\js\highlighter-uncompressed.js --> ftp3.ftptoyoursite.com /web/content/media/system/js highlighter-uncompressed.js
2012.10.23 09:16 B C:\inetpub\wwwroot\media\system\js\highlighter.js --> ftp3.ftptoyoursite.com /web/content/media/system/js highlighter.js
2012.10.23 09:16 B C:\inetpub\wwwroot\media\system\js\index.html --> ftp3.ftptoyoursite.com /web/content/media/system/js index.html
2012.10.23 09:16 B C:\inetpub\wwwroot\media\system\js\modal-uncompressed.js --> ftp3.ftptoyoursite.com /web/content/media/system/js modal-uncompressed.js
2012.10.23 09:16 B C:\inetpub\wwwroot\media\system\js\modal.js --> ftp3.ftptoyoursite.com /web/content/media/system/js modal.js
2012.10.23 09:16 B C:\inetpub\wwwroot\media\system\js\mooRainbow-uncompressed.js --> ftp3.ftptoyoursite.com /web/content/media/system/js mooRainbow-uncompressed.js
2012.10.23 09:16 B C:\inetpub\wwwroot\media\system\js\mooRainbow.js --> ftp3.ftptoyoursite.com /web/content/media/system/js mooRainbow.js
2012.10.23 09:16 B C:\inetpub\wwwroot\media\system\js\mootools-core-uncompressed.js --> ftp3.ftptoyoursite.com /web/content/media/system/js mootools-core-uncompressed.js
2012.10.23 09:16 B C:\inetpub\wwwroot\media\system\js\mootools-core.js --> ftp3.ftptoyoursite.com /web/content/media/system/js mootools-core.js
2012.10.23 09:16 B C:\inetpub\wwwroot\media\system\js\mootools-more-uncompressed.js --> ftp3.ftptoyoursite.com /web/content/media/system/js mootools-more-uncompressed.js
2012.10.23 09:16 B C:\inetpub\wwwroot\media\system\js\mootools-more.js --> ftp3.ftptoyoursite.com /web/content/media/system/js mootools-more.js
2012.10.23 09:16 B C:\inetpub\wwwroot\media\system\js\mootree-uncompressed.js --> ftp3.ftptoyoursite.com /web/content/media/system/js mootree-uncompressed.js
2012.10.23 09:16 B C:\inetpub\wwwroot\media\system\js\mootree.js --> ftp3.ftptoyoursite.com /web/content/media/system/js mootree.js
2012.10.23 09:16 B C:\inetpub\wwwroot\media\system\js\multiselect.js --> ftp3.ftptoyoursite.com /web/content/media/system/js multiselect.js
2012.10.23 09:16 B C:\inetpub\wwwroot\media\system\js\passwordstrength.js --> ftp3.ftptoyoursite.com /web/content/media/system/js passwordstrength.js
2012.10.23 09:16 B C:\inetpub\wwwroot\media\system\js\progressbar-uncompressed.js --> ftp3.ftptoyoursite.com /web/content/media/system/js progressbar-uncompressed.js
2012.10.23 09:16 B C:\inetpub\wwwroot\media\system\js\progressbar.js --> ftp3.ftptoyoursite.com /web/content/media/system/js progressbar.js
2012.10.23 09:16 B C:\inetpub\wwwroot\media\system\js\swf-uncompressed.js --> ftp3.ftptoyoursite.com /web/content/media/system/js swf-uncompressed.js
2012.10.23 09:16 B C:\inetpub\wwwroot\media\system\js\swf.js --> ftp3.ftptoyoursite.com /web/content/media/system/js swf.js
2012.10.23 09:16 B C:\inetpub\wwwroot\media\system\js\switcher-uncompressed.js --> ftp3.ftptoyoursite.com /web/content/media/system/js switcher-uncompressed.js
2012.10.23 09:16 B C:\inetpub\wwwroot\media\system\js\switcher.js --> ftp3.ftptoyoursite.com /web/content/media/system/js switcher.js
2012.10.23 09:16 B C:\inetpub\wwwroot\media\system\js\tabs.js --> ftp3.ftptoyoursite.com /web/content/media/system/js tabs.js
2012.10.23 09:16 B C:\inetpub\wwwroot\media\system\js\uploader-uncompressed.js --> ftp3.ftptoyoursite.com /web/content/media/system/js uploader-uncompressed.js
2012.10.23 09:16 B C:\inetpub\wwwroot\media\system\js\uploader.js --> ftp3.ftptoyoursite.com /web/content/media/system/js uploader.js
2012.10.23 09:16 B C:\inetpub\wwwroot\media\system\js\validate-uncompressed.js --> ftp3.ftptoyoursite.com /web/content/media/system/js validate-uncompressed.js
2012.10.23 09:16 B C:\inetpub\wwwroot\media\system\js\validate.js --> ftp3.ftptoyoursite.com /web/content/media/system/js validate.js
2012.10.23 09:16 B C:\inetpub\wwwroot\media\system\js\WS_FTP.LOG --> ftp3.ftptoyoursite.com /web/content/media/system/js WS_FTP.LOG
2013.02.01 15:02 B C:\inetpub\wwwroot\media\system\js\WS_FTP.LOG <-- Schubert Rackspace /web/content/media/system/js WS_FTP.LOG
