2012.07.25 12:16 B C:\Users\COBRIEN\Desktop\Schubert\components\com_rsform\assets\themes\green\images\bg-button.gif <-- Schubert Rackspace /web/content/components/com_rsform/assets/themes/green/images bg-button.gif
2012.07.25 12:16 B C:\Users\COBRIEN\Desktop\Schubert\components\com_rsform\assets\themes\green\images\bg-input.gif <-- Schubert Rackspace /web/content/components/com_rsform/assets/themes/green/images bg-input.gif
2012.07.25 12:16 B C:\Users\COBRIEN\Desktop\Schubert\components\com_rsform\assets\themes\green\images\bg-reset-button.gif <-- Schubert Rackspace /web/content/components/com_rsform/assets/themes/green/images bg-reset-button.gif
2012.07.25 12:16 B C:\Users\COBRIEN\Desktop\Schubert\components\com_rsform\assets\themes\green\images\ico-calendar.png <-- Schubert Rackspace /web/content/components/com_rsform/assets/themes/green/images ico-calendar.png
2012.07.25 12:16 B C:\Users\COBRIEN\Desktop\Schubert\components\com_rsform\assets\themes\green\images\ico-left.png <-- Schubert Rackspace /web/content/components/com_rsform/assets/themes/green/images ico-left.png
2012.07.25 12:16 B C:\Users\COBRIEN\Desktop\Schubert\components\com_rsform\assets\themes\green\images\ico-right.png <-- Schubert Rackspace /web/content/components/com_rsform/assets/themes/green/images ico-right.png
2012.07.25 12:16 B C:\Users\COBRIEN\Desktop\Schubert\components\com_rsform\assets\themes\green\images\index.html <-- Schubert Rackspace /web/content/components/com_rsform/assets/themes/green/images index.html
2012.09.04 10:51 B C:\inetpub\wwwroot\components\com_rsform\assets\themes\green\images\bg-button.gif --> ftp3.ftptoyoursite.com /web/content/SITE-TEST/components/com_rsform/assets/themes/green/images bg-button.gif
2012.09.04 10:51 B C:\inetpub\wwwroot\components\com_rsform\assets\themes\green\images\bg-input.gif --> ftp3.ftptoyoursite.com /web/content/SITE-TEST/components/com_rsform/assets/themes/green/images bg-input.gif
2012.09.04 10:51 B C:\inetpub\wwwroot\components\com_rsform\assets\themes\green\images\bg-reset-button.gif --> ftp3.ftptoyoursite.com /web/content/SITE-TEST/components/com_rsform/assets/themes/green/images bg-reset-button.gif
2012.09.04 10:51 B C:\inetpub\wwwroot\components\com_rsform\assets\themes\green\images\ico-calendar.png --> ftp3.ftptoyoursite.com /web/content/SITE-TEST/components/com_rsform/assets/themes/green/images ico-calendar.png
2012.09.04 10:51 B C:\inetpub\wwwroot\components\com_rsform\assets\themes\green\images\ico-left.png --> ftp3.ftptoyoursite.com /web/content/SITE-TEST/components/com_rsform/assets/themes/green/images ico-left.png
2012.09.04 10:51 B C:\inetpub\wwwroot\components\com_rsform\assets\themes\green\images\ico-right.png --> ftp3.ftptoyoursite.com /web/content/SITE-TEST/components/com_rsform/assets/themes/green/images ico-right.png
2012.09.04 10:51 B C:\inetpub\wwwroot\components\com_rsform\assets\themes\green\images\index.html --> ftp3.ftptoyoursite.com /web/content/SITE-TEST/components/com_rsform/assets/themes/green/images index.html
2012.09.04 10:51 B C:\inetpub\wwwroot\components\com_rsform\assets\themes\green\images\WS_FTP.LOG --> ftp3.ftptoyoursite.com /web/content/SITE-TEST/components/com_rsform/assets/themes/green/images WS_FTP.LOG
2012.09.06 15:09 B C:\inetpub\wwwroot\components\com_rsform\assets\themes\green\images\bg-button.gif --> ftp3.ftptoyoursite.com /web/content/SITEBACKUP_962012/components/com_rsform/assets/themes/green/images bg-button.gif
2012.09.06 15:09 B C:\inetpub\wwwroot\components\com_rsform\assets\themes\green\images\bg-input.gif --> ftp3.ftptoyoursite.com /web/content/SITEBACKUP_962012/components/com_rsform/assets/themes/green/images bg-input.gif
2012.09.06 15:09 B C:\inetpub\wwwroot\components\com_rsform\assets\themes\green\images\bg-reset-button.gif --> ftp3.ftptoyoursite.com /web/content/SITEBACKUP_962012/components/com_rsform/assets/themes/green/images bg-reset-button.gif
2012.09.06 15:09 B C:\inetpub\wwwroot\components\com_rsform\assets\themes\green\images\ico-calendar.png --> ftp3.ftptoyoursite.com /web/content/SITEBACKUP_962012/components/com_rsform/assets/themes/green/images ico-calendar.png
2012.09.06 15:09 B C:\inetpub\wwwroot\components\com_rsform\assets\themes\green\images\ico-left.png --> ftp3.ftptoyoursite.com /web/content/SITEBACKUP_962012/components/com_rsform/assets/themes/green/images ico-left.png
2012.09.06 15:09 B C:\inetpub\wwwroot\components\com_rsform\assets\themes\green\images\ico-right.png --> ftp3.ftptoyoursite.com /web/content/SITEBACKUP_962012/components/com_rsform/assets/themes/green/images ico-right.png
2012.09.06 15:09 B C:\inetpub\wwwroot\components\com_rsform\assets\themes\green\images\index.html --> ftp3.ftptoyoursite.com /web/content/SITEBACKUP_962012/components/com_rsform/assets/themes/green/images index.html
2012.09.06 15:09 B C:\inetpub\wwwroot\components\com_rsform\assets\themes\green\images\WS_FTP.LOG --> ftp3.ftptoyoursite.com /web/content/SITEBACKUP_962012/components/com_rsform/assets/themes/green/images WS_FTP.LOG
2012.09.06 15:49 B C:\inetpub\wwwroot\components\com_rsform\assets\themes\green\images\bg-button.gif <-- Schubert Rackspace /web/content/SITEBACKUP_962012/components/com_rsform/assets/themes/green/images bg-button.gif
2012.09.06 15:49 B C:\inetpub\wwwroot\components\com_rsform\assets\themes\green\images\bg-input.gif <-- Schubert Rackspace /web/content/SITEBACKUP_962012/components/com_rsform/assets/themes/green/images bg-input.gif
2012.09.06 15:49 B C:\inetpub\wwwroot\components\com_rsform\assets\themes\green\images\bg-reset-button.gif <-- Schubert Rackspace /web/content/SITEBACKUP_962012/components/com_rsform/assets/themes/green/images bg-reset-button.gif
2012.09.06 15:49 B C:\inetpub\wwwroot\components\com_rsform\assets\themes\green\images\ico-calendar.png <-- Schubert Rackspace /web/content/SITEBACKUP_962012/components/com_rsform/assets/themes/green/images ico-calendar.png
2012.09.06 15:49 B C:\inetpub\wwwroot\components\com_rsform\assets\themes\green\images\ico-left.png <-- Schubert Rackspace /web/content/SITEBACKUP_962012/components/com_rsform/assets/themes/green/images ico-left.png
2012.09.06 15:49 B C:\inetpub\wwwroot\components\com_rsform\assets\themes\green\images\ico-right.png <-- Schubert Rackspace /web/content/SITEBACKUP_962012/components/com_rsform/assets/themes/green/images ico-right.png
2012.09.06 15:49 B C:\inetpub\wwwroot\components\com_rsform\assets\themes\green\images\index.html <-- Schubert Rackspace /web/content/SITEBACKUP_962012/components/com_rsform/assets/themes/green/images index.html
2012.10.23 09:12 B C:\inetpub\wwwroot\components\com_rsform\assets\themes\green\images\bg-button.gif --> ftp3.ftptoyoursite.com /web/content/components/com_rsform/assets/themes/green/images bg-button.gif
2012.10.23 09:12 B C:\inetpub\wwwroot\components\com_rsform\assets\themes\green\images\bg-input.gif --> ftp3.ftptoyoursite.com /web/content/components/com_rsform/assets/themes/green/images bg-input.gif
2012.10.23 09:12 B C:\inetpub\wwwroot\components\com_rsform\assets\themes\green\images\bg-reset-button.gif --> ftp3.ftptoyoursite.com /web/content/components/com_rsform/assets/themes/green/images bg-reset-button.gif
2012.10.23 09:12 B C:\inetpub\wwwroot\components\com_rsform\assets\themes\green\images\ico-calendar.png --> ftp3.ftptoyoursite.com /web/content/components/com_rsform/assets/themes/green/images ico-calendar.png
2012.10.23 09:12 B C:\inetpub\wwwroot\components\com_rsform\assets\themes\green\images\ico-left.png --> ftp3.ftptoyoursite.com /web/content/components/com_rsform/assets/themes/green/images ico-left.png
2012.10.23 09:12 B C:\inetpub\wwwroot\components\com_rsform\assets\themes\green\images\ico-right.png --> ftp3.ftptoyoursite.com /web/content/components/com_rsform/assets/themes/green/images ico-right.png
2012.10.23 09:12 B C:\inetpub\wwwroot\components\com_rsform\assets\themes\green\images\index.html --> ftp3.ftptoyoursite.com /web/content/components/com_rsform/assets/themes/green/images index.html
2012.10.23 09:12 B C:\inetpub\wwwroot\components\com_rsform\assets\themes\green\images\WS_FTP.LOG --> ftp3.ftptoyoursite.com /web/content/components/com_rsform/assets/themes/green/images WS_FTP.LOG
2013.02.01 14:49 B C:\inetpub\wwwroot\components\com_rsform\assets\themes\green\images\WS_FTP.LOG <-- Schubert Rackspace /web/content/components/com_rsform/assets/themes/green/images WS_FTP.LOG
