2012.09.04 10:45 B C:\inetpub\wwwroot\administrator\components\com_jdownloads\swfupload\default.css --> ftp3.ftptoyoursite.com /web/content/SITE-TEST/administrator/components/com_jdownloads/swfupload default.css
2012.09.04 10:45 B C:\inetpub\wwwroot\administrator\components\com_jdownloads\swfupload\fileprogress.js --> ftp3.ftptoyoursite.com /web/content/SITE-TEST/administrator/components/com_jdownloads/swfupload fileprogress.js
2012.09.04 10:45 B C:\inetpub\wwwroot\administrator\components\com_jdownloads\swfupload\handlers.js --> ftp3.ftptoyoursite.com /web/content/SITE-TEST/administrator/components/com_jdownloads/swfupload handlers.js
2012.09.04 10:45 B C:\inetpub\wwwroot\administrator\components\com_jdownloads\swfupload\index.html --> ftp3.ftptoyoursite.com /web/content/SITE-TEST/administrator/components/com_jdownloads/swfupload index.html
2012.09.04 10:45 B C:\inetpub\wwwroot\administrator\components\com_jdownloads\swfupload\swfupload.js --> ftp3.ftptoyoursite.com /web/content/SITE-TEST/administrator/components/com_jdownloads/swfupload swfupload.js
2012.09.04 10:45 B C:\inetpub\wwwroot\administrator\components\com_jdownloads\swfupload\swfupload.queue.js --> ftp3.ftptoyoursite.com /web/content/SITE-TEST/administrator/components/com_jdownloads/swfupload swfupload.queue.js
2012.09.04 10:45 B C:\inetpub\wwwroot\administrator\components\com_jdownloads\swfupload\swfupload.swf --> ftp3.ftptoyoursite.com /web/content/SITE-TEST/administrator/components/com_jdownloads/swfupload swfupload.swf
2012.09.04 10:45 B C:\inetpub\wwwroot\administrator\components\com_jdownloads\swfupload\swfupload.swfobject.js --> ftp3.ftptoyoursite.com /web/content/SITE-TEST/administrator/components/com_jdownloads/swfupload swfupload.swfobject.js
2012.09.04 10:45 B C:\inetpub\wwwroot\administrator\components\com_jdownloads\swfupload\XPButtonUploadText_61x22.png --> ftp3.ftptoyoursite.com /web/content/SITE-TEST/administrator/components/com_jdownloads/swfupload XPButtonUploadText_61x22.png
2012.09.06 14:59 B C:\inetpub\wwwroot\administrator\components\com_jdownloads\swfupload\default.css --> ftp3.ftptoyoursite.com /web/content/SITEBACKUP_962012/administrator/components/com_jdownloads/swfupload default.css
2012.09.06 14:59 B C:\inetpub\wwwroot\administrator\components\com_jdownloads\swfupload\fileprogress.js --> ftp3.ftptoyoursite.com /web/content/SITEBACKUP_962012/administrator/components/com_jdownloads/swfupload fileprogress.js
2012.09.06 14:59 B C:\inetpub\wwwroot\administrator\components\com_jdownloads\swfupload\handlers.js --> ftp3.ftptoyoursite.com /web/content/SITEBACKUP_962012/administrator/components/com_jdownloads/swfupload handlers.js
2012.09.06 14:59 B C:\inetpub\wwwroot\administrator\components\com_jdownloads\swfupload\index.html --> ftp3.ftptoyoursite.com /web/content/SITEBACKUP_962012/administrator/components/com_jdownloads/swfupload index.html
2012.09.06 14:59 B C:\inetpub\wwwroot\administrator\components\com_jdownloads\swfupload\swfupload.js --> ftp3.ftptoyoursite.com /web/content/SITEBACKUP_962012/administrator/components/com_jdownloads/swfupload swfupload.js
2012.09.06 14:59 B C:\inetpub\wwwroot\administrator\components\com_jdownloads\swfupload\swfupload.queue.js --> ftp3.ftptoyoursite.com /web/content/SITEBACKUP_962012/administrator/components/com_jdownloads/swfupload swfupload.queue.js
2012.09.06 14:59 B C:\inetpub\wwwroot\administrator\components\com_jdownloads\swfupload\swfupload.swf --> ftp3.ftptoyoursite.com /web/content/SITEBACKUP_962012/administrator/components/com_jdownloads/swfupload swfupload.swf
2012.09.06 14:59 B C:\inetpub\wwwroot\administrator\components\com_jdownloads\swfupload\swfupload.swfobject.js --> ftp3.ftptoyoursite.com /web/content/SITEBACKUP_962012/administrator/components/com_jdownloads/swfupload swfupload.swfobject.js
2012.09.06 14:59 B C:\inetpub\wwwroot\administrator\components\com_jdownloads\swfupload\WS_FTP.LOG --> ftp3.ftptoyoursite.com /web/content/SITEBACKUP_962012/administrator/components/com_jdownloads/swfupload WS_FTP.LOG
2012.09.06 14:59 B C:\inetpub\wwwroot\administrator\components\com_jdownloads\swfupload\XPButtonUploadText_61x22.png --> ftp3.ftptoyoursite.com /web/content/SITEBACKUP_962012/administrator/components/com_jdownloads/swfupload XPButtonUploadText_61x22.png
2012.09.06 15:21 B C:\inetpub\wwwroot\administrator\components\com_jdownloads\swfupload\default.css <-- Schubert Rackspace /web/content/administrator/components/com_jdownloads/swfupload default.css
2012.09.06 15:21 B C:\inetpub\wwwroot\administrator\components\com_jdownloads\swfupload\fileprogress.js <-- Schubert Rackspace /web/content/administrator/components/com_jdownloads/swfupload fileprogress.js
2012.09.06 15:21 B C:\inetpub\wwwroot\administrator\components\com_jdownloads\swfupload\handlers.js <-- Schubert Rackspace /web/content/administrator/components/com_jdownloads/swfupload handlers.js
2012.09.06 15:21 B C:\inetpub\wwwroot\administrator\components\com_jdownloads\swfupload\index.html <-- Schubert Rackspace /web/content/administrator/components/com_jdownloads/swfupload index.html
2012.09.06 15:21 B C:\inetpub\wwwroot\administrator\components\com_jdownloads\swfupload\swfupload.js <-- Schubert Rackspace /web/content/administrator/components/com_jdownloads/swfupload swfupload.js
2012.09.06 15:21 B C:\inetpub\wwwroot\administrator\components\com_jdownloads\swfupload\swfupload.queue.js <-- Schubert Rackspace /web/content/administrator/components/com_jdownloads/swfupload swfupload.queue.js
2012.09.06 15:21 B C:\inetpub\wwwroot\administrator\components\com_jdownloads\swfupload\swfupload.swf <-- Schubert Rackspace /web/content/administrator/components/com_jdownloads/swfupload swfupload.swf
2012.09.06 15:21 B C:\inetpub\wwwroot\administrator\components\com_jdownloads\swfupload\swfupload.swfobject.js <-- Schubert Rackspace /web/content/administrator/components/com_jdownloads/swfupload swfupload.swfobject.js
2012.09.06 15:21 B C:\inetpub\wwwroot\administrator\components\com_jdownloads\swfupload\XPButtonUploadText_61x22.png <-- Schubert Rackspace /web/content/administrator/components/com_jdownloads/swfupload XPButtonUploadText_61x22.png
2012.09.06 15:44 B C:\inetpub\wwwroot\administrator\components\com_jdownloads\swfupload\default.css <-- Schubert Rackspace /web/content/SITEBACKUP_962012/administrator/components/com_jdownloads/swfupload default.css
2012.09.06 15:44 B C:\inetpub\wwwroot\administrator\components\com_jdownloads\swfupload\fileprogress.js <-- Schubert Rackspace /web/content/SITEBACKUP_962012/administrator/components/com_jdownloads/swfupload fileprogress.js
2012.09.06 15:44 B C:\inetpub\wwwroot\administrator\components\com_jdownloads\swfupload\handlers.js <-- Schubert Rackspace /web/content/SITEBACKUP_962012/administrator/components/com_jdownloads/swfupload handlers.js
2012.09.06 15:44 B C:\inetpub\wwwroot\administrator\components\com_jdownloads\swfupload\index.html <-- Schubert Rackspace /web/content/SITEBACKUP_962012/administrator/components/com_jdownloads/swfupload index.html
2012.09.06 15:44 B C:\inetpub\wwwroot\administrator\components\com_jdownloads\swfupload\swfupload.js <-- Schubert Rackspace /web/content/SITEBACKUP_962012/administrator/components/com_jdownloads/swfupload swfupload.js
2012.09.06 15:44 B C:\inetpub\wwwroot\administrator\components\com_jdownloads\swfupload\swfupload.queue.js <-- Schubert Rackspace /web/content/SITEBACKUP_962012/administrator/components/com_jdownloads/swfupload swfupload.queue.js
2012.09.06 15:44 B C:\inetpub\wwwroot\administrator\components\com_jdownloads\swfupload\swfupload.swf <-- Schubert Rackspace /web/content/SITEBACKUP_962012/administrator/components/com_jdownloads/swfupload swfupload.swf
2012.09.06 15:44 B C:\inetpub\wwwroot\administrator\components\com_jdownloads\swfupload\swfupload.swfobject.js <-- Schubert Rackspace /web/content/SITEBACKUP_962012/administrator/components/com_jdownloads/swfupload swfupload.swfobject.js
2012.09.06 15:44 B C:\inetpub\wwwroot\administrator\components\com_jdownloads\swfupload\XPButtonUploadText_61x22.png <-- Schubert Rackspace /web/content/SITEBACKUP_962012/administrator/components/com_jdownloads/swfupload XPButtonUploadText_61x22.png
2012.10.23 09:05 B C:\inetpub\wwwroot\administrator\components\com_jdownloads\swfupload\default.css --> ftp3.ftptoyoursite.com /web/content/administrator/components/com_jdownloads/swfupload default.css
2012.10.23 09:05 B C:\inetpub\wwwroot\administrator\components\com_jdownloads\swfupload\fileprogress.js --> ftp3.ftptoyoursite.com /web/content/administrator/components/com_jdownloads/swfupload fileprogress.js
2012.10.23 09:05 B C:\inetpub\wwwroot\administrator\components\com_jdownloads\swfupload\handlers.js --> ftp3.ftptoyoursite.com /web/content/administrator/components/com_jdownloads/swfupload handlers.js
2012.10.23 09:05 B C:\inetpub\wwwroot\administrator\components\com_jdownloads\swfupload\index.html --> ftp3.ftptoyoursite.com /web/content/administrator/components/com_jdownloads/swfupload index.html
2012.10.23 09:05 B C:\inetpub\wwwroot\administrator\components\com_jdownloads\swfupload\swfupload.js --> ftp3.ftptoyoursite.com /web/content/administrator/components/com_jdownloads/swfupload swfupload.js
2012.10.23 09:05 B C:\inetpub\wwwroot\administrator\components\com_jdownloads\swfupload\swfupload.queue.js --> ftp3.ftptoyoursite.com /web/content/administrator/components/com_jdownloads/swfupload swfupload.queue.js
2012.10.23 09:05 B C:\inetpub\wwwroot\administrator\components\com_jdownloads\swfupload\swfupload.swf --> ftp3.ftptoyoursite.com /web/content/administrator/components/com_jdownloads/swfupload swfupload.swf
2012.10.23 09:05 B C:\inetpub\wwwroot\administrator\components\com_jdownloads\swfupload\swfupload.swfobject.js --> ftp3.ftptoyoursite.com /web/content/administrator/components/com_jdownloads/swfupload swfupload.swfobject.js
2012.10.23 09:05 B C:\inetpub\wwwroot\administrator\components\com_jdownloads\swfupload\WS_FTP.LOG --> ftp3.ftptoyoursite.com /web/content/administrator/components/com_jdownloads/swfupload WS_FTP.LOG
2012.10.23 09:05 B C:\inetpub\wwwroot\administrator\components\com_jdownloads\swfupload\XPButtonUploadText_61x22.png --> ftp3.ftptoyoursite.com /web/content/administrator/components/com_jdownloads/swfupload XPButtonUploadText_61x22.png
2013.02.01 14:41 B C:\inetpub\wwwroot\administrator\components\com_jdownloads\swfupload\WS_FTP.LOG <-- Schubert Rackspace /web/content/administrator/components/com_jdownloads/swfupload WS_FTP.LOG
2013.02.01 14:41 B C:\inetpub\wwwroot\administrator\components\com_jdownloads\swfupload\XPButtonUploadText_61x22.png <-- Schubert Rackspace /web/content/administrator/components/com_jdownloads/swfupload XPButtonUploadText_61x22.png
