2012.07.25 12:10 B C:\Users\COBRIEN\Desktop\Schubert\administrator\components\com_acesearch\library\cache.php <-- Schubert Rackspace /web/content/administrator/components/com_acesearch/library cache.php
2012.07.25 12:10 B C:\Users\COBRIEN\Desktop\Schubert\administrator\components\com_acesearch\library\controller.php <-- Schubert Rackspace /web/content/administrator/components/com_acesearch/library controller.php
2012.07.25 12:10 B C:\Users\COBRIEN\Desktop\Schubert\administrator\components\com_acesearch\library\database.php <-- Schubert Rackspace /web/content/administrator/components/com_acesearch/library database.php
2012.07.25 12:10 B C:\Users\COBRIEN\Desktop\Schubert\administrator\components\com_acesearch\library\extension.php <-- Schubert Rackspace /web/content/administrator/components/com_acesearch/library extension.php
2012.07.25 12:10 B C:\Users\COBRIEN\Desktop\Schubert\administrator\components\com_acesearch\library\factory.php <-- Schubert Rackspace /web/content/administrator/components/com_acesearch/library factory.php
2012.07.25 12:10 B C:\Users\COBRIEN\Desktop\Schubert\administrator\components\com_acesearch\library\html.php <-- Schubert Rackspace /web/content/administrator/components/com_acesearch/library html.php
2012.07.25 12:10 B C:\Users\COBRIEN\Desktop\Schubert\administrator\components\com_acesearch\library\index.html <-- Schubert Rackspace /web/content/administrator/components/com_acesearch/library index.html
2012.07.25 12:10 B C:\Users\COBRIEN\Desktop\Schubert\administrator\components\com_acesearch\library\installer.php <-- Schubert Rackspace /web/content/administrator/components/com_acesearch/library installer.php
2012.07.25 12:10 B C:\Users\COBRIEN\Desktop\Schubert\administrator\components\com_acesearch\library\loader.php <-- Schubert Rackspace /web/content/administrator/components/com_acesearch/library loader.php
2012.07.25 12:10 B C:\Users\COBRIEN\Desktop\Schubert\administrator\components\com_acesearch\library\model.php <-- Schubert Rackspace /web/content/administrator/components/com_acesearch/library model.php
2012.07.25 12:10 B C:\Users\COBRIEN\Desktop\Schubert\administrator\components\com_acesearch\library\search.php <-- Schubert Rackspace /web/content/administrator/components/com_acesearch/library search.php
2012.07.25 12:10 B C:\Users\COBRIEN\Desktop\Schubert\administrator\components\com_acesearch\library\suggestions.php <-- Schubert Rackspace /web/content/administrator/components/com_acesearch/library suggestions.php
2012.07.25 12:10 B C:\Users\COBRIEN\Desktop\Schubert\administrator\components\com_acesearch\library\utility.php <-- Schubert Rackspace /web/content/administrator/components/com_acesearch/library utility.php
2012.07.25 12:10 B C:\Users\COBRIEN\Desktop\Schubert\administrator\components\com_acesearch\library\view.php <-- Schubert Rackspace /web/content/administrator/components/com_acesearch/library view.php
2012.09.04 10:43 B C:\inetpub\wwwroot\administrator\components\com_acesearch\library\cache.php --> ftp3.ftptoyoursite.com /web/content/SITE-TEST/administrator/components/com_acesearch/library cache.php
2012.09.04 10:43 B C:\inetpub\wwwroot\administrator\components\com_acesearch\library\controller.php --> ftp3.ftptoyoursite.com /web/content/SITE-TEST/administrator/components/com_acesearch/library controller.php
2012.09.04 10:43 B C:\inetpub\wwwroot\administrator\components\com_acesearch\library\database.php --> ftp3.ftptoyoursite.com /web/content/SITE-TEST/administrator/components/com_acesearch/library database.php
2012.09.04 10:43 B C:\inetpub\wwwroot\administrator\components\com_acesearch\library\extension.php --> ftp3.ftptoyoursite.com /web/content/SITE-TEST/administrator/components/com_acesearch/library extension.php
2012.09.04 10:43 B C:\inetpub\wwwroot\administrator\components\com_acesearch\library\factory.php --> ftp3.ftptoyoursite.com /web/content/SITE-TEST/administrator/components/com_acesearch/library factory.php
2012.09.04 10:43 B C:\inetpub\wwwroot\administrator\components\com_acesearch\library\html.php --> ftp3.ftptoyoursite.com /web/content/SITE-TEST/administrator/components/com_acesearch/library html.php
2012.09.04 10:43 B C:\inetpub\wwwroot\administrator\components\com_acesearch\library\index.html --> ftp3.ftptoyoursite.com /web/content/SITE-TEST/administrator/components/com_acesearch/library index.html
2012.09.04 10:43 B C:\inetpub\wwwroot\administrator\components\com_acesearch\library\installer.php --> ftp3.ftptoyoursite.com /web/content/SITE-TEST/administrator/components/com_acesearch/library installer.php
2012.09.04 10:43 B C:\inetpub\wwwroot\administrator\components\com_acesearch\library\loader.php --> ftp3.ftptoyoursite.com /web/content/SITE-TEST/administrator/components/com_acesearch/library loader.php
2012.09.04 10:43 B C:\inetpub\wwwroot\administrator\components\com_acesearch\library\model.php --> ftp3.ftptoyoursite.com /web/content/SITE-TEST/administrator/components/com_acesearch/library model.php
2012.09.04 10:43 B C:\inetpub\wwwroot\administrator\components\com_acesearch\library\search.php --> ftp3.ftptoyoursite.com /web/content/SITE-TEST/administrator/components/com_acesearch/library search.php
2012.09.04 10:43 B C:\inetpub\wwwroot\administrator\components\com_acesearch\library\suggestions.php --> ftp3.ftptoyoursite.com /web/content/SITE-TEST/administrator/components/com_acesearch/library suggestions.php
2012.09.04 10:43 B C:\inetpub\wwwroot\administrator\components\com_acesearch\library\utility.php --> ftp3.ftptoyoursite.com /web/content/SITE-TEST/administrator/components/com_acesearch/library utility.php
2012.09.04 10:43 B C:\inetpub\wwwroot\administrator\components\com_acesearch\library\view.php --> ftp3.ftptoyoursite.com /web/content/SITE-TEST/administrator/components/com_acesearch/library view.php
2012.09.04 10:43 B C:\inetpub\wwwroot\administrator\components\com_acesearch\library\WS_FTP.LOG --> ftp3.ftptoyoursite.com /web/content/SITE-TEST/administrator/components/com_acesearch/library WS_FTP.LOG
2012.09.06 14:57 B C:\inetpub\wwwroot\administrator\components\com_acesearch\library\cache.php --> ftp3.ftptoyoursite.com /web/content/SITEBACKUP_962012/administrator/components/com_acesearch/library cache.php
2012.09.06 14:57 B C:\inetpub\wwwroot\administrator\components\com_acesearch\library\controller.php --> ftp3.ftptoyoursite.com /web/content/SITEBACKUP_962012/administrator/components/com_acesearch/library controller.php
2012.09.06 14:57 B C:\inetpub\wwwroot\administrator\components\com_acesearch\library\database.php --> ftp3.ftptoyoursite.com /web/content/SITEBACKUP_962012/administrator/components/com_acesearch/library database.php
2012.09.06 14:57 B C:\inetpub\wwwroot\administrator\components\com_acesearch\library\extension.php --> ftp3.ftptoyoursite.com /web/content/SITEBACKUP_962012/administrator/components/com_acesearch/library extension.php
2012.09.06 14:57 B C:\inetpub\wwwroot\administrator\components\com_acesearch\library\factory.php --> ftp3.ftptoyoursite.com /web/content/SITEBACKUP_962012/administrator/components/com_acesearch/library factory.php
2012.09.06 14:57 B C:\inetpub\wwwroot\administrator\components\com_acesearch\library\html.php --> ftp3.ftptoyoursite.com /web/content/SITEBACKUP_962012/administrator/components/com_acesearch/library html.php
2012.09.06 14:57 B C:\inetpub\wwwroot\administrator\components\com_acesearch\library\index.html --> ftp3.ftptoyoursite.com /web/content/SITEBACKUP_962012/administrator/components/com_acesearch/library index.html
2012.09.06 14:57 B C:\inetpub\wwwroot\administrator\components\com_acesearch\library\installer.php --> ftp3.ftptoyoursite.com /web/content/SITEBACKUP_962012/administrator/components/com_acesearch/library installer.php
2012.09.06 14:57 B C:\inetpub\wwwroot\administrator\components\com_acesearch\library\loader.php --> ftp3.ftptoyoursite.com /web/content/SITEBACKUP_962012/administrator/components/com_acesearch/library loader.php
2012.09.06 14:57 B C:\inetpub\wwwroot\administrator\components\com_acesearch\library\model.php --> ftp3.ftptoyoursite.com /web/content/SITEBACKUP_962012/administrator/components/com_acesearch/library model.php
2012.09.06 14:57 B C:\inetpub\wwwroot\administrator\components\com_acesearch\library\search.php --> ftp3.ftptoyoursite.com /web/content/SITEBACKUP_962012/administrator/components/com_acesearch/library search.php
2012.09.06 14:57 B C:\inetpub\wwwroot\administrator\components\com_acesearch\library\suggestions.php --> ftp3.ftptoyoursite.com /web/content/SITEBACKUP_962012/administrator/components/com_acesearch/library suggestions.php
2012.09.06 14:57 B C:\inetpub\wwwroot\administrator\components\com_acesearch\library\utility.php --> ftp3.ftptoyoursite.com /web/content/SITEBACKUP_962012/administrator/components/com_acesearch/library utility.php
2012.09.06 14:57 B C:\inetpub\wwwroot\administrator\components\com_acesearch\library\view.php --> ftp3.ftptoyoursite.com /web/content/SITEBACKUP_962012/administrator/components/com_acesearch/library view.php
2012.09.06 14:57 B C:\inetpub\wwwroot\administrator\components\com_acesearch\library\WS_FTP.LOG --> ftp3.ftptoyoursite.com /web/content/SITEBACKUP_962012/administrator/components/com_acesearch/library WS_FTP.LOG
2012.09.06 15:20 B C:\inetpub\wwwroot\administrator\components\com_acesearch\library\cache.php <-- Schubert Rackspace /web/content/administrator/components/com_acesearch/library cache.php
2012.09.06 15:20 B C:\inetpub\wwwroot\administrator\components\com_acesearch\library\controller.php <-- Schubert Rackspace /web/content/administrator/components/com_acesearch/library controller.php
2012.09.06 15:20 B C:\inetpub\wwwroot\administrator\components\com_acesearch\library\database.php <-- Schubert Rackspace /web/content/administrator/components/com_acesearch/library database.php
2012.09.06 15:20 B C:\inetpub\wwwroot\administrator\components\com_acesearch\library\extension.php <-- Schubert Rackspace /web/content/administrator/components/com_acesearch/library extension.php
2012.09.06 15:20 B C:\inetpub\wwwroot\administrator\components\com_acesearch\library\factory.php <-- Schubert Rackspace /web/content/administrator/components/com_acesearch/library factory.php
2012.09.06 15:20 B C:\inetpub\wwwroot\administrator\components\com_acesearch\library\html.php <-- Schubert Rackspace /web/content/administrator/components/com_acesearch/library html.php
2012.09.06 15:20 B C:\inetpub\wwwroot\administrator\components\com_acesearch\library\index.html <-- Schubert Rackspace /web/content/administrator/components/com_acesearch/library index.html
2012.09.06 15:20 B C:\inetpub\wwwroot\administrator\components\com_acesearch\library\installer.php <-- Schubert Rackspace /web/content/administrator/components/com_acesearch/library installer.php
2012.09.06 15:20 B C:\inetpub\wwwroot\administrator\components\com_acesearch\library\loader.php <-- Schubert Rackspace /web/content/administrator/components/com_acesearch/library loader.php
2012.09.06 15:20 B C:\inetpub\wwwroot\administrator\components\com_acesearch\library\model.php <-- Schubert Rackspace /web/content/administrator/components/com_acesearch/library model.php
2012.09.06 15:20 B C:\inetpub\wwwroot\administrator\components\com_acesearch\library\search.php <-- Schubert Rackspace /web/content/administrator/components/com_acesearch/library search.php
2012.09.06 15:20 B C:\inetpub\wwwroot\administrator\components\com_acesearch\library\suggestions.php <-- Schubert Rackspace /web/content/administrator/components/com_acesearch/library suggestions.php
2012.09.06 15:20 B C:\inetpub\wwwroot\administrator\components\com_acesearch\library\utility.php <-- Schubert Rackspace /web/content/administrator/components/com_acesearch/library utility.php
2012.09.06 15:20 B C:\inetpub\wwwroot\administrator\components\com_acesearch\library\view.php <-- Schubert Rackspace /web/content/administrator/components/com_acesearch/library view.php
2012.09.06 15:43 B C:\inetpub\wwwroot\administrator\components\com_acesearch\library\cache.php <-- Schubert Rackspace /web/content/SITEBACKUP_962012/administrator/components/com_acesearch/library cache.php
2012.09.06 15:43 B C:\inetpub\wwwroot\administrator\components\com_acesearch\library\controller.php <-- Schubert Rackspace /web/content/SITEBACKUP_962012/administrator/components/com_acesearch/library controller.php
2012.09.06 15:43 B C:\inetpub\wwwroot\administrator\components\com_acesearch\library\database.php <-- Schubert Rackspace /web/content/SITEBACKUP_962012/administrator/components/com_acesearch/library database.php
2012.09.06 15:43 B C:\inetpub\wwwroot\administrator\components\com_acesearch\library\extension.php <-- Schubert Rackspace /web/content/SITEBACKUP_962012/administrator/components/com_acesearch/library extension.php
2012.09.06 15:43 B C:\inetpub\wwwroot\administrator\components\com_acesearch\library\factory.php <-- Schubert Rackspace /web/content/SITEBACKUP_962012/administrator/components/com_acesearch/library factory.php
2012.09.06 15:43 B C:\inetpub\wwwroot\administrator\components\com_acesearch\library\html.php <-- Schubert Rackspace /web/content/SITEBACKUP_962012/administrator/components/com_acesearch/library html.php
2012.09.06 15:43 B C:\inetpub\wwwroot\administrator\components\com_acesearch\library\index.html <-- Schubert Rackspace /web/content/SITEBACKUP_962012/administrator/components/com_acesearch/library index.html
2012.09.06 15:43 B C:\inetpub\wwwroot\administrator\components\com_acesearch\library\installer.php <-- Schubert Rackspace /web/content/SITEBACKUP_962012/administrator/components/com_acesearch/library installer.php
2012.09.06 15:43 B C:\inetpub\wwwroot\administrator\components\com_acesearch\library\loader.php <-- Schubert Rackspace /web/content/SITEBACKUP_962012/administrator/components/com_acesearch/library loader.php
2012.09.06 15:43 B C:\inetpub\wwwroot\administrator\components\com_acesearch\library\model.php <-- Schubert Rackspace /web/content/SITEBACKUP_962012/administrator/components/com_acesearch/library model.php
2012.09.06 15:43 B C:\inetpub\wwwroot\administrator\components\com_acesearch\library\search.php <-- Schubert Rackspace /web/content/SITEBACKUP_962012/administrator/components/com_acesearch/library search.php
2012.09.06 15:43 B C:\inetpub\wwwroot\administrator\components\com_acesearch\library\suggestions.php <-- Schubert Rackspace /web/content/SITEBACKUP_962012/administrator/components/com_acesearch/library suggestions.php
2012.09.06 15:43 B C:\inetpub\wwwroot\administrator\components\com_acesearch\library\utility.php <-- Schubert Rackspace /web/content/SITEBACKUP_962012/administrator/components/com_acesearch/library utility.php
2012.09.06 15:43 B C:\inetpub\wwwroot\administrator\components\com_acesearch\library\view.php <-- Schubert Rackspace /web/content/SITEBACKUP_962012/administrator/components/com_acesearch/library view.php
2012.10.23 09:03 B C:\inetpub\wwwroot\administrator\components\com_acesearch\library\cache.php --> ftp3.ftptoyoursite.com /web/content/administrator/components/com_acesearch/library cache.php
2012.10.23 09:03 B C:\inetpub\wwwroot\administrator\components\com_acesearch\library\controller.php --> ftp3.ftptoyoursite.com /web/content/administrator/components/com_acesearch/library controller.php
2012.10.23 09:03 B C:\inetpub\wwwroot\administrator\components\com_acesearch\library\database.php --> ftp3.ftptoyoursite.com /web/content/administrator/components/com_acesearch/library database.php
2012.10.23 09:03 B C:\inetpub\wwwroot\administrator\components\com_acesearch\library\extension.php --> ftp3.ftptoyoursite.com /web/content/administrator/components/com_acesearch/library extension.php
2012.10.23 09:03 B C:\inetpub\wwwroot\administrator\components\com_acesearch\library\factory.php --> ftp3.ftptoyoursite.com /web/content/administrator/components/com_acesearch/library factory.php
2012.10.23 09:03 B C:\inetpub\wwwroot\administrator\components\com_acesearch\library\html.php --> ftp3.ftptoyoursite.com /web/content/administrator/components/com_acesearch/library html.php
2012.10.23 09:03 B C:\inetpub\wwwroot\administrator\components\com_acesearch\library\index.html --> ftp3.ftptoyoursite.com /web/content/administrator/components/com_acesearch/library index.html
2012.10.23 09:03 B C:\inetpub\wwwroot\administrator\components\com_acesearch\library\installer.php --> ftp3.ftptoyoursite.com /web/content/administrator/components/com_acesearch/library installer.php
2012.10.23 09:03 B C:\inetpub\wwwroot\administrator\components\com_acesearch\library\loader.php --> ftp3.ftptoyoursite.com /web/content/administrator/components/com_acesearch/library loader.php
2012.10.23 09:03 B C:\inetpub\wwwroot\administrator\components\com_acesearch\library\model.php --> ftp3.ftptoyoursite.com /web/content/administrator/components/com_acesearch/library model.php
2012.10.23 09:03 B C:\inetpub\wwwroot\administrator\components\com_acesearch\library\search.php --> ftp3.ftptoyoursite.com /web/content/administrator/components/com_acesearch/library search.php
2012.10.23 09:03 B C:\inetpub\wwwroot\administrator\components\com_acesearch\library\suggestions.php --> ftp3.ftptoyoursite.com /web/content/administrator/components/com_acesearch/library suggestions.php
2012.10.23 09:03 B C:\inetpub\wwwroot\administrator\components\com_acesearch\library\utility.php --> ftp3.ftptoyoursite.com /web/content/administrator/components/com_acesearch/library utility.php
2012.10.23 09:03 B C:\inetpub\wwwroot\administrator\components\com_acesearch\library\view.php --> ftp3.ftptoyoursite.com /web/content/administrator/components/com_acesearch/library view.php
2012.10.23 09:03 B C:\inetpub\wwwroot\administrator\components\com_acesearch\library\WS_FTP.LOG --> ftp3.ftptoyoursite.com /web/content/administrator/components/com_acesearch/library WS_FTP.LOG
2013.02.01 14:39 B C:\inetpub\wwwroot\administrator\components\com_acesearch\library\WS_FTP.LOG <-- Schubert Rackspace /web/content/administrator/components/com_acesearch/library WS_FTP.LOG
