2012.07.25 12:12 B C:\Users\COBRIEN\Desktop\Schubert\administrator\components\com_rsform\tables\index.html <-- Schubert Rackspace /web/content/administrator/components/com_rsform/tables index.html
2012.07.25 12:12 B C:\Users\COBRIEN\Desktop\Schubert\administrator\components\com_rsform\tables\rsform_condition_details.php <-- Schubert Rackspace /web/content/administrator/components/com_rsform/tables rsform_condition_details.php
2012.07.25 12:12 B C:\Users\COBRIEN\Desktop\Schubert\administrator\components\com_rsform\tables\rsform_conditions.php <-- Schubert Rackspace /web/content/administrator/components/com_rsform/tables rsform_conditions.php
2012.07.25 12:12 B C:\Users\COBRIEN\Desktop\Schubert\administrator\components\com_rsform\tables\rsform_emails.php <-- Schubert Rackspace /web/content/administrator/components/com_rsform/tables rsform_emails.php
2012.07.25 12:12 B C:\Users\COBRIEN\Desktop\Schubert\administrator\components\com_rsform\tables\rsform_forms.php <-- Schubert Rackspace /web/content/administrator/components/com_rsform/tables rsform_forms.php
2012.07.25 12:12 B C:\Users\COBRIEN\Desktop\Schubert\administrator\components\com_rsform\tables\rsform_mappings.php <-- Schubert Rackspace /web/content/administrator/components/com_rsform/tables rsform_mappings.php
2012.09.04 10:46 B C:\inetpub\wwwroot\administrator\components\com_rsform\tables\index.html --> ftp3.ftptoyoursite.com /web/content/SITE-TEST/administrator/components/com_rsform/tables index.html
2012.09.04 10:46 B C:\inetpub\wwwroot\administrator\components\com_rsform\tables\rsform_condition_details.php --> ftp3.ftptoyoursite.com /web/content/SITE-TEST/administrator/components/com_rsform/tables rsform_condition_details.php
2012.09.04 10:46 B C:\inetpub\wwwroot\administrator\components\com_rsform\tables\rsform_conditions.php --> ftp3.ftptoyoursite.com /web/content/SITE-TEST/administrator/components/com_rsform/tables rsform_conditions.php
2012.09.04 10:46 B C:\inetpub\wwwroot\administrator\components\com_rsform\tables\rsform_emails.php --> ftp3.ftptoyoursite.com /web/content/SITE-TEST/administrator/components/com_rsform/tables rsform_emails.php
2012.09.04 10:46 B C:\inetpub\wwwroot\administrator\components\com_rsform\tables\rsform_forms.php --> ftp3.ftptoyoursite.com /web/content/SITE-TEST/administrator/components/com_rsform/tables rsform_forms.php
2012.09.04 10:46 B C:\inetpub\wwwroot\administrator\components\com_rsform\tables\rsform_mappings.php --> ftp3.ftptoyoursite.com /web/content/SITE-TEST/administrator/components/com_rsform/tables rsform_mappings.php
2012.09.04 10:46 B C:\inetpub\wwwroot\administrator\components\com_rsform\tables\WS_FTP.LOG --> ftp3.ftptoyoursite.com /web/content/SITE-TEST/administrator/components/com_rsform/tables WS_FTP.LOG
2012.09.06 15:03 B C:\inetpub\wwwroot\administrator\components\com_rsform\tables\index.html --> ftp3.ftptoyoursite.com /web/content/SITEBACKUP_962012/administrator/components/com_rsform/tables index.html
2012.09.06 15:03 B C:\inetpub\wwwroot\administrator\components\com_rsform\tables\rsform_condition_details.php --> ftp3.ftptoyoursite.com /web/content/SITEBACKUP_962012/administrator/components/com_rsform/tables rsform_condition_details.php
2012.09.06 15:03 B C:\inetpub\wwwroot\administrator\components\com_rsform\tables\rsform_conditions.php --> ftp3.ftptoyoursite.com /web/content/SITEBACKUP_962012/administrator/components/com_rsform/tables rsform_conditions.php
2012.09.06 15:03 B C:\inetpub\wwwroot\administrator\components\com_rsform\tables\rsform_emails.php --> ftp3.ftptoyoursite.com /web/content/SITEBACKUP_962012/administrator/components/com_rsform/tables rsform_emails.php
2012.09.06 15:03 B C:\inetpub\wwwroot\administrator\components\com_rsform\tables\rsform_forms.php --> ftp3.ftptoyoursite.com /web/content/SITEBACKUP_962012/administrator/components/com_rsform/tables rsform_forms.php
2012.09.06 15:03 B C:\inetpub\wwwroot\administrator\components\com_rsform\tables\rsform_mappings.php --> ftp3.ftptoyoursite.com /web/content/SITEBACKUP_962012/administrator/components/com_rsform/tables rsform_mappings.php
2012.09.06 15:03 B C:\inetpub\wwwroot\administrator\components\com_rsform\tables\WS_FTP.LOG --> ftp3.ftptoyoursite.com /web/content/SITEBACKUP_962012/administrator/components/com_rsform/tables WS_FTP.LOG
2012.09.06 15:45 B C:\inetpub\wwwroot\administrator\components\com_rsform\tables\index.html <-- Schubert Rackspace /web/content/SITEBACKUP_962012/administrator/components/com_rsform/tables index.html
2012.09.06 15:45 B C:\inetpub\wwwroot\administrator\components\com_rsform\tables\rsform_condition_details.php <-- Schubert Rackspace /web/content/SITEBACKUP_962012/administrator/components/com_rsform/tables rsform_condition_details.php
2012.09.06 15:45 B C:\inetpub\wwwroot\administrator\components\com_rsform\tables\rsform_conditions.php <-- Schubert Rackspace /web/content/SITEBACKUP_962012/administrator/components/com_rsform/tables rsform_conditions.php
2012.09.06 15:45 B C:\inetpub\wwwroot\administrator\components\com_rsform\tables\rsform_emails.php <-- Schubert Rackspace /web/content/SITEBACKUP_962012/administrator/components/com_rsform/tables rsform_emails.php
2012.09.06 15:45 B C:\inetpub\wwwroot\administrator\components\com_rsform\tables\rsform_forms.php <-- Schubert Rackspace /web/content/SITEBACKUP_962012/administrator/components/com_rsform/tables rsform_forms.php
2012.09.06 15:45 B C:\inetpub\wwwroot\administrator\components\com_rsform\tables\rsform_mappings.php <-- Schubert Rackspace /web/content/SITEBACKUP_962012/administrator/components/com_rsform/tables rsform_mappings.php
2012.10.23 09:07 B C:\inetpub\wwwroot\administrator\components\com_rsform\tables\index.html --> ftp3.ftptoyoursite.com /web/content/administrator/components/com_rsform/tables index.html
2012.10.23 09:07 B C:\inetpub\wwwroot\administrator\components\com_rsform\tables\rsform_condition_details.php --> ftp3.ftptoyoursite.com /web/content/administrator/components/com_rsform/tables rsform_condition_details.php
2012.10.23 09:07 B C:\inetpub\wwwroot\administrator\components\com_rsform\tables\rsform_conditions.php --> ftp3.ftptoyoursite.com /web/content/administrator/components/com_rsform/tables rsform_conditions.php
2012.10.23 09:07 B C:\inetpub\wwwroot\administrator\components\com_rsform\tables\rsform_emails.php --> ftp3.ftptoyoursite.com /web/content/administrator/components/com_rsform/tables rsform_emails.php
2012.10.23 09:07 B C:\inetpub\wwwroot\administrator\components\com_rsform\tables\rsform_forms.php --> ftp3.ftptoyoursite.com /web/content/administrator/components/com_rsform/tables rsform_forms.php
2012.10.23 09:07 B C:\inetpub\wwwroot\administrator\components\com_rsform\tables\rsform_mappings.php --> ftp3.ftptoyoursite.com /web/content/administrator/components/com_rsform/tables rsform_mappings.php
2012.10.23 09:07 B C:\inetpub\wwwroot\administrator\components\com_rsform\tables\WS_FTP.LOG --> ftp3.ftptoyoursite.com /web/content/administrator/components/com_rsform/tables WS_FTP.LOG
2013.02.01 14:43 B C:\inetpub\wwwroot\administrator\components\com_rsform\tables\WS_FTP.LOG <-- Schubert Rackspace /web/content/administrator/components/com_rsform/tables WS_FTP.LOG
