2012.07.25 12:12 B C:\Users\COBRIEN\Desktop\Schubert\administrator\components\com_rsform\layouts\2cols2lines.php <-- Schubert Rackspace /web/content/administrator/components/com_rsform/layouts 2cols2lines.php
2012.07.25 12:12 B C:\Users\COBRIEN\Desktop\Schubert\administrator\components\com_rsform\layouts\2colsinline.php <-- Schubert Rackspace /web/content/administrator/components/com_rsform/layouts 2colsinline.php
2012.07.25 12:12 B C:\Users\COBRIEN\Desktop\Schubert\administrator\components\com_rsform\layouts\2lines-xhtml.php <-- Schubert Rackspace /web/content/administrator/components/com_rsform/layouts 2lines-xhtml.php
2012.07.25 12:12 B C:\Users\COBRIEN\Desktop\Schubert\administrator\components\com_rsform\layouts\2lines.php <-- Schubert Rackspace /web/content/administrator/components/com_rsform/layouts 2lines.php
2012.07.25 12:12 B C:\Users\COBRIEN\Desktop\Schubert\administrator\components\com_rsform\layouts\index.html <-- Schubert Rackspace /web/content/administrator/components/com_rsform/layouts index.html
2012.07.25 12:12 B C:\Users\COBRIEN\Desktop\Schubert\administrator\components\com_rsform\layouts\inline-xhtml.php <-- Schubert Rackspace /web/content/administrator/components/com_rsform/layouts inline-xhtml.php
2012.07.25 12:12 B C:\Users\COBRIEN\Desktop\Schubert\administrator\components\com_rsform\layouts\inline.php <-- Schubert Rackspace /web/content/administrator/components/com_rsform/layouts inline.php
2012.09.04 10:46 B C:\inetpub\wwwroot\administrator\components\com_rsform\layouts\2cols2lines.php --> ftp3.ftptoyoursite.com /web/content/SITE-TEST/administrator/components/com_rsform/layouts 2cols2lines.php
2012.09.04 10:46 B C:\inetpub\wwwroot\administrator\components\com_rsform\layouts\2colsinline.php --> ftp3.ftptoyoursite.com /web/content/SITE-TEST/administrator/components/com_rsform/layouts 2colsinline.php
2012.09.04 10:46 B C:\inetpub\wwwroot\administrator\components\com_rsform\layouts\2lines-xhtml.php --> ftp3.ftptoyoursite.com /web/content/SITE-TEST/administrator/components/com_rsform/layouts 2lines-xhtml.php
2012.09.04 10:46 B C:\inetpub\wwwroot\administrator\components\com_rsform\layouts\2lines.php --> ftp3.ftptoyoursite.com /web/content/SITE-TEST/administrator/components/com_rsform/layouts 2lines.php
2012.09.04 10:46 B C:\inetpub\wwwroot\administrator\components\com_rsform\layouts\index.html --> ftp3.ftptoyoursite.com /web/content/SITE-TEST/administrator/components/com_rsform/layouts index.html
2012.09.04 10:46 B C:\inetpub\wwwroot\administrator\components\com_rsform\layouts\inline-xhtml.php --> ftp3.ftptoyoursite.com /web/content/SITE-TEST/administrator/components/com_rsform/layouts inline-xhtml.php
2012.09.04 10:46 B C:\inetpub\wwwroot\administrator\components\com_rsform\layouts\inline.php --> ftp3.ftptoyoursite.com /web/content/SITE-TEST/administrator/components/com_rsform/layouts inline.php
2012.09.04 10:46 B C:\inetpub\wwwroot\administrator\components\com_rsform\layouts\WS_FTP.LOG --> ftp3.ftptoyoursite.com /web/content/SITE-TEST/administrator/components/com_rsform/layouts WS_FTP.LOG
2012.09.06 15:03 B C:\inetpub\wwwroot\administrator\components\com_rsform\layouts\2cols2lines.php --> ftp3.ftptoyoursite.com /web/content/SITEBACKUP_962012/administrator/components/com_rsform/layouts 2cols2lines.php
2012.09.06 15:03 B C:\inetpub\wwwroot\administrator\components\com_rsform\layouts\2colsinline.php --> ftp3.ftptoyoursite.com /web/content/SITEBACKUP_962012/administrator/components/com_rsform/layouts 2colsinline.php
2012.09.06 15:03 B C:\inetpub\wwwroot\administrator\components\com_rsform\layouts\2lines-xhtml.php --> ftp3.ftptoyoursite.com /web/content/SITEBACKUP_962012/administrator/components/com_rsform/layouts 2lines-xhtml.php
2012.09.06 15:03 B C:\inetpub\wwwroot\administrator\components\com_rsform\layouts\2lines.php --> ftp3.ftptoyoursite.com /web/content/SITEBACKUP_962012/administrator/components/com_rsform/layouts 2lines.php
2012.09.06 15:03 B C:\inetpub\wwwroot\administrator\components\com_rsform\layouts\index.html --> ftp3.ftptoyoursite.com /web/content/SITEBACKUP_962012/administrator/components/com_rsform/layouts index.html
2012.09.06 15:03 B C:\inetpub\wwwroot\administrator\components\com_rsform\layouts\inline-xhtml.php --> ftp3.ftptoyoursite.com /web/content/SITEBACKUP_962012/administrator/components/com_rsform/layouts inline-xhtml.php
2012.09.06 15:03 B C:\inetpub\wwwroot\administrator\components\com_rsform\layouts\inline.php --> ftp3.ftptoyoursite.com /web/content/SITEBACKUP_962012/administrator/components/com_rsform/layouts inline.php
2012.09.06 15:03 B C:\inetpub\wwwroot\administrator\components\com_rsform\layouts\WS_FTP.LOG --> ftp3.ftptoyoursite.com /web/content/SITEBACKUP_962012/administrator/components/com_rsform/layouts WS_FTP.LOG
2012.09.06 15:45 B C:\inetpub\wwwroot\administrator\components\com_rsform\layouts\2cols2lines.php <-- Schubert Rackspace /web/content/SITEBACKUP_962012/administrator/components/com_rsform/layouts 2cols2lines.php
2012.09.06 15:45 B C:\inetpub\wwwroot\administrator\components\com_rsform\layouts\2colsinline.php <-- Schubert Rackspace /web/content/SITEBACKUP_962012/administrator/components/com_rsform/layouts 2colsinline.php
2012.09.06 15:45 B C:\inetpub\wwwroot\administrator\components\com_rsform\layouts\2lines-xhtml.php <-- Schubert Rackspace /web/content/SITEBACKUP_962012/administrator/components/com_rsform/layouts 2lines-xhtml.php
2012.09.06 15:45 B C:\inetpub\wwwroot\administrator\components\com_rsform\layouts\2lines.php <-- Schubert Rackspace /web/content/SITEBACKUP_962012/administrator/components/com_rsform/layouts 2lines.php
2012.09.06 15:45 B C:\inetpub\wwwroot\administrator\components\com_rsform\layouts\index.html <-- Schubert Rackspace /web/content/SITEBACKUP_962012/administrator/components/com_rsform/layouts index.html
2012.09.06 15:45 B C:\inetpub\wwwroot\administrator\components\com_rsform\layouts\inline-xhtml.php <-- Schubert Rackspace /web/content/SITEBACKUP_962012/administrator/components/com_rsform/layouts inline-xhtml.php
2012.09.06 15:45 B C:\inetpub\wwwroot\administrator\components\com_rsform\layouts\inline.php <-- Schubert Rackspace /web/content/SITEBACKUP_962012/administrator/components/com_rsform/layouts inline.php
2012.10.23 09:07 B C:\inetpub\wwwroot\administrator\components\com_rsform\layouts\2cols2lines.php --> ftp3.ftptoyoursite.com /web/content/administrator/components/com_rsform/layouts 2cols2lines.php
2012.10.23 09:07 B C:\inetpub\wwwroot\administrator\components\com_rsform\layouts\2colsinline.php --> ftp3.ftptoyoursite.com /web/content/administrator/components/com_rsform/layouts 2colsinline.php
2012.10.23 09:07 B C:\inetpub\wwwroot\administrator\components\com_rsform\layouts\2lines-xhtml.php --> ftp3.ftptoyoursite.com /web/content/administrator/components/com_rsform/layouts 2lines-xhtml.php
2012.10.23 09:07 B C:\inetpub\wwwroot\administrator\components\com_rsform\layouts\2lines.php --> ftp3.ftptoyoursite.com /web/content/administrator/components/com_rsform/layouts 2lines.php
2012.10.23 09:07 B C:\inetpub\wwwroot\administrator\components\com_rsform\layouts\index.html --> ftp3.ftptoyoursite.com /web/content/administrator/components/com_rsform/layouts index.html
2012.10.23 09:07 B C:\inetpub\wwwroot\administrator\components\com_rsform\layouts\inline-xhtml.php --> ftp3.ftptoyoursite.com /web/content/administrator/components/com_rsform/layouts inline-xhtml.php
2012.10.23 09:07 B C:\inetpub\wwwroot\administrator\components\com_rsform\layouts\inline.php --> ftp3.ftptoyoursite.com /web/content/administrator/components/com_rsform/layouts inline.php
2012.10.23 09:07 B C:\inetpub\wwwroot\administrator\components\com_rsform\layouts\WS_FTP.LOG --> ftp3.ftptoyoursite.com /web/content/administrator/components/com_rsform/layouts WS_FTP.LOG
2013.02.01 14:43 B C:\inetpub\wwwroot\administrator\components\com_rsform\layouts\WS_FTP.LOG <-- Schubert Rackspace /web/content/administrator/components/com_rsform/layouts WS_FTP.LOG
