2012.07.25 12:10 B C:\Users\COBRIEN\Desktop\Schubert\administrator\components\com_installer\models\database.php <-- Schubert Rackspace /web/content/administrator/components/com_installer/models database.php
2012.07.25 12:10 B C:\Users\COBRIEN\Desktop\Schubert\administrator\components\com_installer\models\discover.php <-- Schubert Rackspace /web/content/administrator/components/com_installer/models discover.php
2012.07.25 12:10 B C:\Users\COBRIEN\Desktop\Schubert\administrator\components\com_installer\models\extension.php <-- Schubert Rackspace /web/content/administrator/components/com_installer/models extension.php
2012.07.25 12:10 B C:\Users\COBRIEN\Desktop\Schubert\administrator\components\com_installer\models\index.html <-- Schubert Rackspace /web/content/administrator/components/com_installer/models index.html
2012.07.25 12:10 B C:\Users\COBRIEN\Desktop\Schubert\administrator\components\com_installer\models\install.php <-- Schubert Rackspace /web/content/administrator/components/com_installer/models install.php
2012.07.25 12:10 B C:\Users\COBRIEN\Desktop\Schubert\administrator\components\com_installer\models\manage.php <-- Schubert Rackspace /web/content/administrator/components/com_installer/models manage.php
2012.07.25 12:10 B C:\Users\COBRIEN\Desktop\Schubert\administrator\components\com_installer\models\update.php <-- Schubert Rackspace /web/content/administrator/components/com_installer/models update.php
2012.07.25 12:10 B C:\Users\COBRIEN\Desktop\Schubert\administrator\components\com_installer\models\warnings.php <-- Schubert Rackspace /web/content/administrator/components/com_installer/models warnings.php
2012.09.04 10:44 B C:\inetpub\wwwroot\administrator\components\com_installer\models\database.php --> ftp3.ftptoyoursite.com /web/content/SITE-TEST/administrator/components/com_installer/models database.php
2012.09.04 10:44 B C:\inetpub\wwwroot\administrator\components\com_installer\models\discover.php --> ftp3.ftptoyoursite.com /web/content/SITE-TEST/administrator/components/com_installer/models discover.php
2012.09.04 10:44 B C:\inetpub\wwwroot\administrator\components\com_installer\models\extension.php --> ftp3.ftptoyoursite.com /web/content/SITE-TEST/administrator/components/com_installer/models extension.php
2012.09.04 10:44 B C:\inetpub\wwwroot\administrator\components\com_installer\models\index.html --> ftp3.ftptoyoursite.com /web/content/SITE-TEST/administrator/components/com_installer/models index.html
2012.09.04 10:44 B C:\inetpub\wwwroot\administrator\components\com_installer\models\install.php --> ftp3.ftptoyoursite.com /web/content/SITE-TEST/administrator/components/com_installer/models install.php
2012.09.04 10:44 B C:\inetpub\wwwroot\administrator\components\com_installer\models\manage.php --> ftp3.ftptoyoursite.com /web/content/SITE-TEST/administrator/components/com_installer/models manage.php
2012.09.04 10:44 B C:\inetpub\wwwroot\administrator\components\com_installer\models\update.php --> ftp3.ftptoyoursite.com /web/content/SITE-TEST/administrator/components/com_installer/models update.php
2012.09.04 10:44 B C:\inetpub\wwwroot\administrator\components\com_installer\models\warnings.php --> ftp3.ftptoyoursite.com /web/content/SITE-TEST/administrator/components/com_installer/models warnings.php
2012.09.04 10:44 B C:\inetpub\wwwroot\administrator\components\com_installer\models\WS_FTP.LOG --> ftp3.ftptoyoursite.com /web/content/SITE-TEST/administrator/components/com_installer/models WS_FTP.LOG
2012.09.06 14:59 B C:\inetpub\wwwroot\administrator\components\com_installer\models\database.php --> ftp3.ftptoyoursite.com /web/content/SITEBACKUP_962012/administrator/components/com_installer/models database.php
2012.09.06 14:59 B C:\inetpub\wwwroot\administrator\components\com_installer\models\discover.php --> ftp3.ftptoyoursite.com /web/content/SITEBACKUP_962012/administrator/components/com_installer/models discover.php
2012.09.06 14:59 B C:\inetpub\wwwroot\administrator\components\com_installer\models\extension.php --> ftp3.ftptoyoursite.com /web/content/SITEBACKUP_962012/administrator/components/com_installer/models extension.php
2012.09.06 14:59 B C:\inetpub\wwwroot\administrator\components\com_installer\models\index.html --> ftp3.ftptoyoursite.com /web/content/SITEBACKUP_962012/administrator/components/com_installer/models index.html
2012.09.06 14:59 B C:\inetpub\wwwroot\administrator\components\com_installer\models\install.php --> ftp3.ftptoyoursite.com /web/content/SITEBACKUP_962012/administrator/components/com_installer/models install.php
2012.09.06 14:59 B C:\inetpub\wwwroot\administrator\components\com_installer\models\manage.php --> ftp3.ftptoyoursite.com /web/content/SITEBACKUP_962012/administrator/components/com_installer/models manage.php
2012.09.06 14:59 B C:\inetpub\wwwroot\administrator\components\com_installer\models\update.php --> ftp3.ftptoyoursite.com /web/content/SITEBACKUP_962012/administrator/components/com_installer/models update.php
2012.09.06 14:59 B C:\inetpub\wwwroot\administrator\components\com_installer\models\warnings.php --> ftp3.ftptoyoursite.com /web/content/SITEBACKUP_962012/administrator/components/com_installer/models warnings.php
2012.09.06 14:59 B C:\inetpub\wwwroot\administrator\components\com_installer\models\WS_FTP.LOG --> ftp3.ftptoyoursite.com /web/content/SITEBACKUP_962012/administrator/components/com_installer/models WS_FTP.LOG
2012.09.06 15:20 B C:\inetpub\wwwroot\administrator\components\com_installer\models\database.php <-- Schubert Rackspace /web/content/administrator/components/com_installer/models database.php
2012.09.06 15:20 B C:\inetpub\wwwroot\administrator\components\com_installer\models\discover.php <-- Schubert Rackspace /web/content/administrator/components/com_installer/models discover.php
2012.09.06 15:20 B C:\inetpub\wwwroot\administrator\components\com_installer\models\extension.php <-- Schubert Rackspace /web/content/administrator/components/com_installer/models extension.php
2012.09.06 15:20 B C:\inetpub\wwwroot\administrator\components\com_installer\models\index.html <-- Schubert Rackspace /web/content/administrator/components/com_installer/models index.html
2012.09.06 15:20 B C:\inetpub\wwwroot\administrator\components\com_installer\models\install.php <-- Schubert Rackspace /web/content/administrator/components/com_installer/models install.php
2012.09.06 15:20 B C:\inetpub\wwwroot\administrator\components\com_installer\models\manage.php <-- Schubert Rackspace /web/content/administrator/components/com_installer/models manage.php
2012.09.06 15:20 B C:\inetpub\wwwroot\administrator\components\com_installer\models\update.php <-- Schubert Rackspace /web/content/administrator/components/com_installer/models update.php
2012.09.06 15:20 B C:\inetpub\wwwroot\administrator\components\com_installer\models\warnings.php <-- Schubert Rackspace /web/content/administrator/components/com_installer/models warnings.php
2012.09.06 15:44 B C:\inetpub\wwwroot\administrator\components\com_installer\models\database.php <-- Schubert Rackspace /web/content/SITEBACKUP_962012/administrator/components/com_installer/models database.php
2012.09.06 15:44 B C:\inetpub\wwwroot\administrator\components\com_installer\models\discover.php <-- Schubert Rackspace /web/content/SITEBACKUP_962012/administrator/components/com_installer/models discover.php
2012.09.06 15:44 B C:\inetpub\wwwroot\administrator\components\com_installer\models\extension.php <-- Schubert Rackspace /web/content/SITEBACKUP_962012/administrator/components/com_installer/models extension.php
2012.09.06 15:44 B C:\inetpub\wwwroot\administrator\components\com_installer\models\index.html <-- Schubert Rackspace /web/content/SITEBACKUP_962012/administrator/components/com_installer/models index.html
2012.09.06 15:44 B C:\inetpub\wwwroot\administrator\components\com_installer\models\install.php <-- Schubert Rackspace /web/content/SITEBACKUP_962012/administrator/components/com_installer/models install.php
2012.09.06 15:44 B C:\inetpub\wwwroot\administrator\components\com_installer\models\manage.php <-- Schubert Rackspace /web/content/SITEBACKUP_962012/administrator/components/com_installer/models manage.php
2012.09.06 15:44 B C:\inetpub\wwwroot\administrator\components\com_installer\models\update.php <-- Schubert Rackspace /web/content/SITEBACKUP_962012/administrator/components/com_installer/models update.php
2012.09.06 15:44 B C:\inetpub\wwwroot\administrator\components\com_installer\models\warnings.php <-- Schubert Rackspace /web/content/SITEBACKUP_962012/administrator/components/com_installer/models warnings.php
2012.10.23 09:04 B C:\inetpub\wwwroot\administrator\components\com_installer\models\database.php --> ftp3.ftptoyoursite.com /web/content/administrator/components/com_installer/models database.php
2012.10.23 09:04 B C:\inetpub\wwwroot\administrator\components\com_installer\models\discover.php --> ftp3.ftptoyoursite.com /web/content/administrator/components/com_installer/models discover.php
2012.10.23 09:04 B C:\inetpub\wwwroot\administrator\components\com_installer\models\extension.php --> ftp3.ftptoyoursite.com /web/content/administrator/components/com_installer/models extension.php
2012.10.23 09:04 B C:\inetpub\wwwroot\administrator\components\com_installer\models\index.html --> ftp3.ftptoyoursite.com /web/content/administrator/components/com_installer/models index.html
2012.10.23 09:04 B C:\inetpub\wwwroot\administrator\components\com_installer\models\install.php --> ftp3.ftptoyoursite.com /web/content/administrator/components/com_installer/models install.php
2012.10.23 09:04 B C:\inetpub\wwwroot\administrator\components\com_installer\models\manage.php --> ftp3.ftptoyoursite.com /web/content/administrator/components/com_installer/models manage.php
2012.10.23 09:04 B C:\inetpub\wwwroot\administrator\components\com_installer\models\update.php --> ftp3.ftptoyoursite.com /web/content/administrator/components/com_installer/models update.php
2012.10.23 09:04 B C:\inetpub\wwwroot\administrator\components\com_installer\models\warnings.php --> ftp3.ftptoyoursite.com /web/content/administrator/components/com_installer/models warnings.php
2012.10.23 09:04 B C:\inetpub\wwwroot\administrator\components\com_installer\models\WS_FTP.LOG --> ftp3.ftptoyoursite.com /web/content/administrator/components/com_installer/models WS_FTP.LOG
2013.02.01 14:40 B C:\inetpub\wwwroot\administrator\components\com_installer\models\WS_FTP.LOG <-- Schubert Rackspace /web/content/administrator/components/com_installer/models WS_FTP.LOG
