2012.09.04 10:45 B C:\inetpub\wwwroot\administrator\components\com_jdownloads\images\active.png --> ftp3.ftptoyoursite.com /web/content/SITE-TEST/administrator/components/com_jdownloads/images active.png
2012.09.04 10:45 B C:\inetpub\wwwroot\administrator\components\com_jdownloads\images\addedit.png --> ftp3.ftptoyoursite.com /web/content/SITE-TEST/administrator/components/com_jdownloads/images addedit.png
2012.09.04 10:45 B C:\inetpub\wwwroot\administrator\components\com_jdownloads\images\backup.png --> ftp3.ftptoyoursite.com /web/content/SITE-TEST/administrator/components/com_jdownloads/images backup.png
2012.09.04 10:45 B C:\inetpub\wwwroot\administrator\components\com_jdownloads\images\button_bg.png --> ftp3.ftptoyoursite.com /web/content/SITE-TEST/administrator/components/com_jdownloads/images button_bg.png
2012.09.04 10:45 B C:\inetpub\wwwroot\administrator\components\com_jdownloads\images\categories.png --> ftp3.ftptoyoursite.com /web/content/SITE-TEST/administrator/components/com_jdownloads/images categories.png
2012.09.04 10:45 B C:\inetpub\wwwroot\administrator\components\com_jdownloads\images\categories_2.png --> ftp3.ftptoyoursite.com /web/content/SITE-TEST/administrator/components/com_jdownloads/images categories_2.png
2012.09.04 10:45 B C:\inetpub\wwwroot\administrator\components\com_jdownloads\images\config.png --> ftp3.ftptoyoursite.com /web/content/SITE-TEST/administrator/components/com_jdownloads/images config.png
2012.09.04 10:45 B C:\inetpub\wwwroot\administrator\components\com_jdownloads\images\config_2.png --> ftp3.ftptoyoursite.com /web/content/SITE-TEST/administrator/components/com_jdownloads/images config_2.png
2012.09.04 10:45 B C:\inetpub\wwwroot\administrator\components\com_jdownloads\images\css.png --> ftp3.ftptoyoursite.com /web/content/SITE-TEST/administrator/components/com_jdownloads/images css.png
2012.09.04 10:45 B C:\inetpub\wwwroot\administrator\components\com_jdownloads\images\dir_edit.png --> ftp3.ftptoyoursite.com /web/content/SITE-TEST/administrator/components/com_jdownloads/images dir_edit.png
2012.09.04 10:45 B C:\inetpub\wwwroot\administrator\components\com_jdownloads\images\dir_edit_2.png --> ftp3.ftptoyoursite.com /web/content/SITE-TEST/administrator/components/com_jdownloads/images dir_edit_2.png
2012.09.04 10:45 B C:\inetpub\wwwroot\administrator\components\com_jdownloads\images\downarrow.png --> ftp3.ftptoyoursite.com /web/content/SITE-TEST/administrator/components/com_jdownloads/images downarrow.png
2012.09.04 10:45 B C:\inetpub\wwwroot\administrator\components\com_jdownloads\images\downarrow0.png --> ftp3.ftptoyoursite.com /web/content/SITE-TEST/administrator/components/com_jdownloads/images downarrow0.png
2012.09.04 10:45 B C:\inetpub\wwwroot\administrator\components\com_jdownloads\images\downloads.png --> ftp3.ftptoyoursite.com /web/content/SITE-TEST/administrator/components/com_jdownloads/images downloads.png
2012.09.04 10:45 B C:\inetpub\wwwroot\administrator\components\com_jdownloads\images\downloads_2.png --> ftp3.ftptoyoursite.com /web/content/SITE-TEST/administrator/components/com_jdownloads/images downloads_2.png
2012.09.04 10:45 B C:\inetpub\wwwroot\administrator\components\com_jdownloads\images\downloads_cats.gif --> ftp3.ftptoyoursite.com /web/content/SITE-TEST/administrator/components/com_jdownloads/images downloads_cats.gif
2012.09.04 10:45 B C:\inetpub\wwwroot\administrator\components\com_jdownloads\images\downloads_details.gif --> ftp3.ftptoyoursite.com /web/content/SITE-TEST/administrator/components/com_jdownloads/images downloads_details.gif
2012.09.04 10:45 B C:\inetpub\wwwroot\administrator\components\com_jdownloads\images\downloads_files.gif --> ftp3.ftptoyoursite.com /web/content/SITE-TEST/administrator/components/com_jdownloads/images downloads_files.gif
2012.09.04 10:45 B C:\inetpub\wwwroot\administrator\components\com_jdownloads\images\edit.png --> ftp3.ftptoyoursite.com /web/content/SITE-TEST/administrator/components/com_jdownloads/images edit.png
2012.09.04 10:45 B C:\inetpub\wwwroot\administrator\components\com_jdownloads\images\email.gif --> ftp3.ftptoyoursite.com /web/content/SITE-TEST/administrator/components/com_jdownloads/images email.gif
2012.09.04 10:45 B C:\inetpub\wwwroot\administrator\components\com_jdownloads\images\files32.png --> ftp3.ftptoyoursite.com /web/content/SITE-TEST/administrator/components/com_jdownloads/images files32.png
2012.09.04 10:45 B C:\inetpub\wwwroot\administrator\components\com_jdownloads\images\files48.png --> ftp3.ftptoyoursite.com /web/content/SITE-TEST/administrator/components/com_jdownloads/images files48.png
2012.09.04 10:45 B C:\inetpub\wwwroot\administrator\components\com_jdownloads\images\form_no_value.png --> ftp3.ftptoyoursite.com /web/content/SITE-TEST/administrator/components/com_jdownloads/images form_no_value.png
2012.09.04 10:45 B C:\inetpub\wwwroot\administrator\components\com_jdownloads\images\groups.png --> ftp3.ftptoyoursite.com /web/content/SITE-TEST/administrator/components/com_jdownloads/images groups.png
2012.09.04 10:45 B C:\inetpub\wwwroot\administrator\components\com_jdownloads\images\help.png --> ftp3.ftptoyoursite.com /web/content/SITE-TEST/administrator/components/com_jdownloads/images help.png
2012.09.04 10:45 B C:\inetpub\wwwroot\administrator\components\com_jdownloads\images\home.png --> ftp3.ftptoyoursite.com /web/content/SITE-TEST/administrator/components/com_jdownloads/images home.png
2012.09.04 10:45 B C:\inetpub\wwwroot\administrator\components\com_jdownloads\images\home_fe.png --> ftp3.ftptoyoursite.com /web/content/SITE-TEST/administrator/components/com_jdownloads/images home_fe.png
2012.09.04 10:45 B C:\inetpub\wwwroot\administrator\components\com_jdownloads\images\index.html --> ftp3.ftptoyoursite.com /web/content/SITE-TEST/administrator/components/com_jdownloads/images index.html
2012.09.04 10:45 B C:\inetpub\wwwroot\administrator\components\com_jdownloads\images\info.png --> ftp3.ftptoyoursite.com /web/content/SITE-TEST/administrator/components/com_jdownloads/images info.png
2012.09.04 10:45 B C:\inetpub\wwwroot\administrator\components\com_jdownloads\images\info32.png --> ftp3.ftptoyoursite.com /web/content/SITE-TEST/administrator/components/com_jdownloads/images info32.png
2012.09.04 10:45 B C:\inetpub\wwwroot\administrator\components\com_jdownloads\images\jd_logo_48.png --> ftp3.ftptoyoursite.com /web/content/SITE-TEST/administrator/components/com_jdownloads/images jd_logo_48.png
2012.09.04 10:45 B C:\inetpub\wwwroot\administrator\components\com_jdownloads\images\jd_logo_small.png --> ftp3.ftptoyoursite.com /web/content/SITE-TEST/administrator/components/com_jdownloads/images jd_logo_small.png
2012.09.04 10:45 B C:\inetpub\wwwroot\administrator\components\com_jdownloads\images\jd_slider_arrow_down_green.png --> ftp3.ftptoyoursite.com /web/content/SITE-TEST/administrator/components/com_jdownloads/images jd_slider_arrow_down_green.png
2012.09.04 10:45 B C:\inetpub\wwwroot\administrator\components\com_jdownloads\images\jd_slider_arrow_green.png --> ftp3.ftptoyoursite.com /web/content/SITE-TEST/administrator/components/com_jdownloads/images jd_slider_arrow_green.png
2012.09.04 10:45 B C:\inetpub\wwwroot\administrator\components\com_jdownloads\images\jdownloads.jpg --> ftp3.ftptoyoursite.com /web/content/SITE-TEST/administrator/components/com_jdownloads/images jdownloads.jpg
2012.09.04 10:45 B C:\inetpub\wwwroot\administrator\components\com_jdownloads\images\jdownloads_header_sample.gif --> ftp3.ftptoyoursite.com /web/content/SITE-TEST/administrator/components/com_jdownloads/images jdownloads_header_sample.gif
2012.09.04 10:45 B C:\inetpub\wwwroot\administrator\components\com_jdownloads\images\langmanager.png --> ftp3.ftptoyoursite.com /web/content/SITE-TEST/administrator/components/com_jdownloads/images langmanager.png
2012.09.04 10:45 B C:\inetpub\wwwroot\administrator\components\com_jdownloads\images\layouts.png --> ftp3.ftptoyoursite.com /web/content/SITE-TEST/administrator/components/com_jdownloads/images layouts.png
2012.09.04 10:45 B C:\inetpub\wwwroot\administrator\components\com_jdownloads\images\licenses.png --> ftp3.ftptoyoursite.com /web/content/SITE-TEST/administrator/components/com_jdownloads/images licenses.png
2012.09.04 10:45 B C:\inetpub\wwwroot\administrator\components\com_jdownloads\images\link_extern.gif --> ftp3.ftptoyoursite.com /web/content/SITE-TEST/administrator/components/com_jdownloads/images link_extern.gif
2012.09.04 10:45 B C:\inetpub\wwwroot\administrator\components\com_jdownloads\images\logs.png --> ftp3.ftptoyoursite.com /web/content/SITE-TEST/administrator/components/com_jdownloads/images logs.png
2012.09.04 10:45 B C:\inetpub\wwwroot\administrator\components\com_jdownloads\images\m_active.png --> ftp3.ftptoyoursite.com /web/content/SITE-TEST/administrator/components/com_jdownloads/images m_active.png
2012.09.04 10:45 B C:\inetpub\wwwroot\administrator\components\com_jdownloads\images\m_backup.gif --> ftp3.ftptoyoursite.com /web/content/SITE-TEST/administrator/components/com_jdownloads/images m_backup.gif
2012.09.04 10:45 B C:\inetpub\wwwroot\administrator\components\com_jdownloads\images\m_categories.gif --> ftp3.ftptoyoursite.com /web/content/SITE-TEST/administrator/components/com_jdownloads/images m_categories.gif
2012.09.04 10:45 B C:\inetpub\wwwroot\administrator\components\com_jdownloads\images\m_config.gif --> ftp3.ftptoyoursite.com /web/content/SITE-TEST/administrator/components/com_jdownloads/images m_config.gif
2012.09.04 10:45 B C:\inetpub\wwwroot\administrator\components\com_jdownloads\images\m_downloads.gif --> ftp3.ftptoyoursite.com /web/content/SITE-TEST/administrator/components/com_jdownloads/images m_downloads.gif
2012.09.04 10:45 B C:\inetpub\wwwroot\administrator\components\com_jdownloads\images\m_files.gif --> ftp3.ftptoyoursite.com /web/content/SITE-TEST/administrator/components/com_jdownloads/images m_files.gif
2012.09.04 10:45 B C:\inetpub\wwwroot\administrator\components\com_jdownloads\images\m_groups.gif --> ftp3.ftptoyoursite.com /web/content/SITE-TEST/administrator/components/com_jdownloads/images m_groups.gif
2012.09.04 10:45 B C:\inetpub\wwwroot\administrator\components\com_jdownloads\images\m_home.gif --> ftp3.ftptoyoursite.com /web/content/SITE-TEST/administrator/components/com_jdownloads/images m_home.gif
2012.09.04 10:45 B C:\inetpub\wwwroot\administrator\components\com_jdownloads\images\m_info.gif --> ftp3.ftptoyoursite.com /web/content/SITE-TEST/administrator/components/com_jdownloads/images m_info.gif
2012.09.04 10:45 B C:\inetpub\wwwroot\administrator\components\com_jdownloads\images\m_jdownloads.gif --> ftp3.ftptoyoursite.com /web/content/SITE-TEST/administrator/components/com_jdownloads/images m_jdownloads.gif
2012.09.04 10:45 B C:\inetpub\wwwroot\administrator\components\com_jdownloads\images\m_licenses.gif --> ftp3.ftptoyoursite.com /web/content/SITE-TEST/administrator/components/com_jdownloads/images m_licenses.gif
2012.09.04 10:45 B C:\inetpub\wwwroot\administrator\components\com_jdownloads\images\m_logs.gif --> ftp3.ftptoyoursite.com /web/content/SITE-TEST/administrator/components/com_jdownloads/images m_logs.gif
2012.09.04 10:45 B C:\inetpub\wwwroot\administrator\components\com_jdownloads\images\m_restore.gif --> ftp3.ftptoyoursite.com /web/content/SITE-TEST/administrator/components/com_jdownloads/images m_restore.gif
2012.09.04 10:45 B C:\inetpub\wwwroot\administrator\components\com_jdownloads\images\m_templates.gif --> ftp3.ftptoyoursite.com /web/content/SITE-TEST/administrator/components/com_jdownloads/images m_templates.gif
2012.09.04 10:45 B C:\inetpub\wwwroot\administrator\components\com_jdownloads\images\new_window.png --> ftp3.ftptoyoursite.com /web/content/SITE-TEST/administrator/components/com_jdownloads/images new_window.png
2012.09.04 10:45 B C:\inetpub\wwwroot\administrator\components\com_jdownloads\images\offline.png --> ftp3.ftptoyoursite.com /web/content/SITE-TEST/administrator/components/com_jdownloads/images offline.png
2012.09.04 10:45 B C:\inetpub\wwwroot\administrator\components\com_jdownloads\images\publish_g.png --> ftp3.ftptoyoursite.com /web/content/SITE-TEST/administrator/components/com_jdownloads/images publish_g.png
2012.09.04 10:45 B C:\inetpub\wwwroot\administrator\components\com_jdownloads\images\publish_r.png --> ftp3.ftptoyoursite.com /web/content/SITE-TEST/administrator/components/com_jdownloads/images publish_r.png
2012.09.04 10:45 B C:\inetpub\wwwroot\administrator\components\com_jdownloads\images\publish_x.png --> ftp3.ftptoyoursite.com /web/content/SITE-TEST/administrator/components/com_jdownloads/images publish_x.png
2012.09.04 10:45 B C:\inetpub\wwwroot\administrator\components\com_jdownloads\images\publish_y.png --> ftp3.ftptoyoursite.com /web/content/SITE-TEST/administrator/components/com_jdownloads/images publish_y.png
2012.09.04 10:45 B C:\inetpub\wwwroot\administrator\components\com_jdownloads\images\restore.png --> ftp3.ftptoyoursite.com /web/content/SITE-TEST/administrator/components/com_jdownloads/images restore.png
2012.09.04 10:45 B C:\inetpub\wwwroot\administrator\components\com_jdownloads\images\search.png --> ftp3.ftptoyoursite.com /web/content/SITE-TEST/administrator/components/com_jdownloads/images search.png
2012.09.04 10:45 B C:\inetpub\wwwroot\administrator\components\com_jdownloads\images\summary.gif --> ftp3.ftptoyoursite.com /web/content/SITE-TEST/administrator/components/com_jdownloads/images summary.gif
2012.09.04 10:45 B C:\inetpub\wwwroot\administrator\components\com_jdownloads\images\summary.png --> ftp3.ftptoyoursite.com /web/content/SITE-TEST/administrator/components/com_jdownloads/images summary.png
2012.09.04 10:45 B C:\inetpub\wwwroot\administrator\components\com_jdownloads\images\support.png --> ftp3.ftptoyoursite.com /web/content/SITE-TEST/administrator/components/com_jdownloads/images support.png
2012.09.04 10:45 B C:\inetpub\wwwroot\administrator\components\com_jdownloads\images\template.png --> ftp3.ftptoyoursite.com /web/content/SITE-TEST/administrator/components/com_jdownloads/images template.png
2012.09.04 10:45 B C:\inetpub\wwwroot\administrator\components\com_jdownloads\images\template32.png --> ftp3.ftptoyoursite.com /web/content/SITE-TEST/administrator/components/com_jdownloads/images template32.png
2012.09.04 10:45 B C:\inetpub\wwwroot\administrator\components\com_jdownloads\images\uparrow.png --> ftp3.ftptoyoursite.com /web/content/SITE-TEST/administrator/components/com_jdownloads/images uparrow.png
2012.09.04 10:45 B C:\inetpub\wwwroot\administrator\components\com_jdownloads\images\uparrow0.png --> ftp3.ftptoyoursite.com /web/content/SITE-TEST/administrator/components/com_jdownloads/images uparrow0.png
2012.09.04 10:45 B C:\inetpub\wwwroot\administrator\components\com_jdownloads\images\update.png --> ftp3.ftptoyoursite.com /web/content/SITE-TEST/administrator/components/com_jdownloads/images update.png
2012.09.04 10:45 B C:\inetpub\wwwroot\administrator\components\com_jdownloads\images\upload.png --> ftp3.ftptoyoursite.com /web/content/SITE-TEST/administrator/components/com_jdownloads/images upload.png
2012.09.04 10:45 B C:\inetpub\wwwroot\administrator\components\com_jdownloads\images\upload32.png --> ftp3.ftptoyoursite.com /web/content/SITE-TEST/administrator/components/com_jdownloads/images upload32.png
2012.09.04 10:45 B C:\inetpub\wwwroot\administrator\components\com_jdownloads\images\upload_ok.png --> ftp3.ftptoyoursite.com /web/content/SITE-TEST/administrator/components/com_jdownloads/images upload_ok.png
2012.09.04 10:45 B C:\inetpub\wwwroot\administrator\components\com_jdownloads\images\upload_stop.png --> ftp3.ftptoyoursite.com /web/content/SITE-TEST/administrator/components/com_jdownloads/images upload_stop.png
2012.09.04 10:45 B C:\inetpub\wwwroot\administrator\components\com_jdownloads\images\upper.png --> ftp3.ftptoyoursite.com /web/content/SITE-TEST/administrator/components/com_jdownloads/images upper.png
2012.09.04 10:45 B C:\inetpub\wwwroot\administrator\components\com_jdownloads\images\warning.png --> ftp3.ftptoyoursite.com /web/content/SITE-TEST/administrator/components/com_jdownloads/images warning.png
2012.09.06 14:59 B C:\inetpub\wwwroot\administrator\components\com_jdownloads\images\active.png --> ftp3.ftptoyoursite.com /web/content/SITEBACKUP_962012/administrator/components/com_jdownloads/images active.png
2012.09.06 14:59 B C:\inetpub\wwwroot\administrator\components\com_jdownloads\images\addedit.png --> ftp3.ftptoyoursite.com /web/content/SITEBACKUP_962012/administrator/components/com_jdownloads/images addedit.png
2012.09.06 14:59 B C:\inetpub\wwwroot\administrator\components\com_jdownloads\images\backup.png --> ftp3.ftptoyoursite.com /web/content/SITEBACKUP_962012/administrator/components/com_jdownloads/images backup.png
2012.09.06 14:59 B C:\inetpub\wwwroot\administrator\components\com_jdownloads\images\button_bg.png --> ftp3.ftptoyoursite.com /web/content/SITEBACKUP_962012/administrator/components/com_jdownloads/images button_bg.png
2012.09.06 14:59 B C:\inetpub\wwwroot\administrator\components\com_jdownloads\images\categories.png --> ftp3.ftptoyoursite.com /web/content/SITEBACKUP_962012/administrator/components/com_jdownloads/images categories.png
2012.09.06 14:59 B C:\inetpub\wwwroot\administrator\components\com_jdownloads\images\categories_2.png --> ftp3.ftptoyoursite.com /web/content/SITEBACKUP_962012/administrator/components/com_jdownloads/images categories_2.png
2012.09.06 14:59 B C:\inetpub\wwwroot\administrator\components\com_jdownloads\images\config.png --> ftp3.ftptoyoursite.com /web/content/SITEBACKUP_962012/administrator/components/com_jdownloads/images config.png
2012.09.06 14:59 B C:\inetpub\wwwroot\administrator\components\com_jdownloads\images\config_2.png --> ftp3.ftptoyoursite.com /web/content/SITEBACKUP_962012/administrator/components/com_jdownloads/images config_2.png
2012.09.06 14:59 B C:\inetpub\wwwroot\administrator\components\com_jdownloads\images\css.png --> ftp3.ftptoyoursite.com /web/content/SITEBACKUP_962012/administrator/components/com_jdownloads/images css.png
2012.09.06 14:59 B C:\inetpub\wwwroot\administrator\components\com_jdownloads\images\dir_edit.png --> ftp3.ftptoyoursite.com /web/content/SITEBACKUP_962012/administrator/components/com_jdownloads/images dir_edit.png
2012.09.06 14:59 B C:\inetpub\wwwroot\administrator\components\com_jdownloads\images\dir_edit_2.png --> ftp3.ftptoyoursite.com /web/content/SITEBACKUP_962012/administrator/components/com_jdownloads/images dir_edit_2.png
2012.09.06 14:59 B C:\inetpub\wwwroot\administrator\components\com_jdownloads\images\downarrow.png --> ftp3.ftptoyoursite.com /web/content/SITEBACKUP_962012/administrator/components/com_jdownloads/images downarrow.png
2012.09.06 14:59 B C:\inetpub\wwwroot\administrator\components\com_jdownloads\images\downarrow0.png --> ftp3.ftptoyoursite.com /web/content/SITEBACKUP_962012/administrator/components/com_jdownloads/images downarrow0.png
2012.09.06 14:59 B C:\inetpub\wwwroot\administrator\components\com_jdownloads\images\downloads.png --> ftp3.ftptoyoursite.com /web/content/SITEBACKUP_962012/administrator/components/com_jdownloads/images downloads.png
2012.09.06 14:59 B C:\inetpub\wwwroot\administrator\components\com_jdownloads\images\downloads_2.png --> ftp3.ftptoyoursite.com /web/content/SITEBACKUP_962012/administrator/components/com_jdownloads/images downloads_2.png
2012.09.06 14:59 B C:\inetpub\wwwroot\administrator\components\com_jdownloads\images\downloads_cats.gif --> ftp3.ftptoyoursite.com /web/content/SITEBACKUP_962012/administrator/components/com_jdownloads/images downloads_cats.gif
2012.09.06 14:59 B C:\inetpub\wwwroot\administrator\components\com_jdownloads\images\downloads_details.gif --> ftp3.ftptoyoursite.com /web/content/SITEBACKUP_962012/administrator/components/com_jdownloads/images downloads_details.gif
2012.09.06 14:59 B C:\inetpub\wwwroot\administrator\components\com_jdownloads\images\downloads_files.gif --> ftp3.ftptoyoursite.com /web/content/SITEBACKUP_962012/administrator/components/com_jdownloads/images downloads_files.gif
2012.09.06 14:59 B C:\inetpub\wwwroot\administrator\components\com_jdownloads\images\edit.png --> ftp3.ftptoyoursite.com /web/content/SITEBACKUP_962012/administrator/components/com_jdownloads/images edit.png
2012.09.06 14:59 B C:\inetpub\wwwroot\administrator\components\com_jdownloads\images\email.gif --> ftp3.ftptoyoursite.com /web/content/SITEBACKUP_962012/administrator/components/com_jdownloads/images email.gif
2012.09.06 14:59 B C:\inetpub\wwwroot\administrator\components\com_jdownloads\images\files32.png --> ftp3.ftptoyoursite.com /web/content/SITEBACKUP_962012/administrator/components/com_jdownloads/images files32.png
2012.09.06 14:59 B C:\inetpub\wwwroot\administrator\components\com_jdownloads\images\files48.png --> ftp3.ftptoyoursite.com /web/content/SITEBACKUP_962012/administrator/components/com_jdownloads/images files48.png
2012.09.06 14:59 B C:\inetpub\wwwroot\administrator\components\com_jdownloads\images\form_no_value.png --> ftp3.ftptoyoursite.com /web/content/SITEBACKUP_962012/administrator/components/com_jdownloads/images form_no_value.png
2012.09.06 14:59 B C:\inetpub\wwwroot\administrator\components\com_jdownloads\images\groups.png --> ftp3.ftptoyoursite.com /web/content/SITEBACKUP_962012/administrator/components/com_jdownloads/images groups.png
2012.09.06 14:59 B C:\inetpub\wwwroot\administrator\components\com_jdownloads\images\help.png --> ftp3.ftptoyoursite.com /web/content/SITEBACKUP_962012/administrator/components/com_jdownloads/images help.png
2012.09.06 14:59 B C:\inetpub\wwwroot\administrator\components\com_jdownloads\images\home.png --> ftp3.ftptoyoursite.com /web/content/SITEBACKUP_962012/administrator/components/com_jdownloads/images home.png
2012.09.06 14:59 B C:\inetpub\wwwroot\administrator\components\com_jdownloads\images\home_fe.png --> ftp3.ftptoyoursite.com /web/content/SITEBACKUP_962012/administrator/components/com_jdownloads/images home_fe.png
2012.09.06 14:59 B C:\inetpub\wwwroot\administrator\components\com_jdownloads\images\index.html --> ftp3.ftptoyoursite.com /web/content/SITEBACKUP_962012/administrator/components/com_jdownloads/images index.html
2012.09.06 14:59 B C:\inetpub\wwwroot\administrator\components\com_jdownloads\images\info.png --> ftp3.ftptoyoursite.com /web/content/SITEBACKUP_962012/administrator/components/com_jdownloads/images info.png
2012.09.06 14:59 B C:\inetpub\wwwroot\administrator\components\com_jdownloads\images\info32.png --> ftp3.ftptoyoursite.com /web/content/SITEBACKUP_962012/administrator/components/com_jdownloads/images info32.png
2012.09.06 14:59 B C:\inetpub\wwwroot\administrator\components\com_jdownloads\images\jd_logo_48.png --> ftp3.ftptoyoursite.com /web/content/SITEBACKUP_962012/administrator/components/com_jdownloads/images jd_logo_48.png
2012.09.06 14:59 B C:\inetpub\wwwroot\administrator\components\com_jdownloads\images\jd_logo_small.png --> ftp3.ftptoyoursite.com /web/content/SITEBACKUP_962012/administrator/components/com_jdownloads/images jd_logo_small.png
2012.09.06 14:59 B C:\inetpub\wwwroot\administrator\components\com_jdownloads\images\jd_slider_arrow_down_green.png --> ftp3.ftptoyoursite.com /web/content/SITEBACKUP_962012/administrator/components/com_jdownloads/images jd_slider_arrow_down_green.png
2012.09.06 14:59 B C:\inetpub\wwwroot\administrator\components\com_jdownloads\images\jd_slider_arrow_green.png --> ftp3.ftptoyoursite.com /web/content/SITEBACKUP_962012/administrator/components/com_jdownloads/images jd_slider_arrow_green.png
2012.09.06 14:59 B C:\inetpub\wwwroot\administrator\components\com_jdownloads\images\jdownloads.jpg --> ftp3.ftptoyoursite.com /web/content/SITEBACKUP_962012/administrator/components/com_jdownloads/images jdownloads.jpg
2012.09.06 14:59 B C:\inetpub\wwwroot\administrator\components\com_jdownloads\images\jdownloads_header_sample.gif --> ftp3.ftptoyoursite.com /web/content/SITEBACKUP_962012/administrator/components/com_jdownloads/images jdownloads_header_sample.gif
2012.09.06 14:59 B C:\inetpub\wwwroot\administrator\components\com_jdownloads\images\langmanager.png --> ftp3.ftptoyoursite.com /web/content/SITEBACKUP_962012/administrator/components/com_jdownloads/images langmanager.png
2012.09.06 14:59 B C:\inetpub\wwwroot\administrator\components\com_jdownloads\images\layouts.png --> ftp3.ftptoyoursite.com /web/content/SITEBACKUP_962012/administrator/components/com_jdownloads/images layouts.png
2012.09.06 14:59 B C:\inetpub\wwwroot\administrator\components\com_jdownloads\images\licenses.png --> ftp3.ftptoyoursite.com /web/content/SITEBACKUP_962012/administrator/components/com_jdownloads/images licenses.png
2012.09.06 14:59 B C:\inetpub\wwwroot\administrator\components\com_jdownloads\images\link_extern.gif --> ftp3.ftptoyoursite.com /web/content/SITEBACKUP_962012/administrator/components/com_jdownloads/images link_extern.gif
2012.09.06 14:59 B C:\inetpub\wwwroot\administrator\components\com_jdownloads\images\logs.png --> ftp3.ftptoyoursite.com /web/content/SITEBACKUP_962012/administrator/components/com_jdownloads/images logs.png
2012.09.06 14:59 B C:\inetpub\wwwroot\administrator\components\com_jdownloads\images\m_active.png --> ftp3.ftptoyoursite.com /web/content/SITEBACKUP_962012/administrator/components/com_jdownloads/images m_active.png
2012.09.06 14:59 B C:\inetpub\wwwroot\administrator\components\com_jdownloads\images\m_backup.gif --> ftp3.ftptoyoursite.com /web/content/SITEBACKUP_962012/administrator/components/com_jdownloads/images m_backup.gif
2012.09.06 14:59 B C:\inetpub\wwwroot\administrator\components\com_jdownloads\images\m_categories.gif --> ftp3.ftptoyoursite.com /web/content/SITEBACKUP_962012/administrator/components/com_jdownloads/images m_categories.gif
2012.09.06 14:59 B C:\inetpub\wwwroot\administrator\components\com_jdownloads\images\m_config.gif --> ftp3.ftptoyoursite.com /web/content/SITEBACKUP_962012/administrator/components/com_jdownloads/images m_config.gif
2012.09.06 14:59 B C:\inetpub\wwwroot\administrator\components\com_jdownloads\images\m_downloads.gif --> ftp3.ftptoyoursite.com /web/content/SITEBACKUP_962012/administrator/components/com_jdownloads/images m_downloads.gif
2012.09.06 14:59 B C:\inetpub\wwwroot\administrator\components\com_jdownloads\images\m_files.gif --> ftp3.ftptoyoursite.com /web/content/SITEBACKUP_962012/administrator/components/com_jdownloads/images m_files.gif
2012.09.06 14:59 B C:\inetpub\wwwroot\administrator\components\com_jdownloads\images\m_groups.gif --> ftp3.ftptoyoursite.com /web/content/SITEBACKUP_962012/administrator/components/com_jdownloads/images m_groups.gif
2012.09.06 14:59 B C:\inetpub\wwwroot\administrator\components\com_jdownloads\images\m_home.gif --> ftp3.ftptoyoursite.com /web/content/SITEBACKUP_962012/administrator/components/com_jdownloads/images m_home.gif
2012.09.06 14:59 B C:\inetpub\wwwroot\administrator\components\com_jdownloads\images\m_info.gif --> ftp3.ftptoyoursite.com /web/content/SITEBACKUP_962012/administrator/components/com_jdownloads/images m_info.gif
2012.09.06 14:59 B C:\inetpub\wwwroot\administrator\components\com_jdownloads\images\m_jdownloads.gif --> ftp3.ftptoyoursite.com /web/content/SITEBACKUP_962012/administrator/components/com_jdownloads/images m_jdownloads.gif
2012.09.06 14:59 B C:\inetpub\wwwroot\administrator\components\com_jdownloads\images\m_licenses.gif --> ftp3.ftptoyoursite.com /web/content/SITEBACKUP_962012/administrator/components/com_jdownloads/images m_licenses.gif
2012.09.06 14:59 B C:\inetpub\wwwroot\administrator\components\com_jdownloads\images\m_logs.gif --> ftp3.ftptoyoursite.com /web/content/SITEBACKUP_962012/administrator/components/com_jdownloads/images m_logs.gif
2012.09.06 14:59 B C:\inetpub\wwwroot\administrator\components\com_jdownloads\images\m_restore.gif --> ftp3.ftptoyoursite.com /web/content/SITEBACKUP_962012/administrator/components/com_jdownloads/images m_restore.gif
2012.09.06 14:59 B C:\inetpub\wwwroot\administrator\components\com_jdownloads\images\m_templates.gif --> ftp3.ftptoyoursite.com /web/content/SITEBACKUP_962012/administrator/components/com_jdownloads/images m_templates.gif
2012.09.06 14:59 B C:\inetpub\wwwroot\administrator\components\com_jdownloads\images\new_window.png --> ftp3.ftptoyoursite.com /web/content/SITEBACKUP_962012/administrator/components/com_jdownloads/images new_window.png
2012.09.06 14:59 B C:\inetpub\wwwroot\administrator\components\com_jdownloads\images\offline.png --> ftp3.ftptoyoursite.com /web/content/SITEBACKUP_962012/administrator/components/com_jdownloads/images offline.png
2012.09.06 14:59 B C:\inetpub\wwwroot\administrator\components\com_jdownloads\images\publish_g.png --> ftp3.ftptoyoursite.com /web/content/SITEBACKUP_962012/administrator/components/com_jdownloads/images publish_g.png
2012.09.06 14:59 B C:\inetpub\wwwroot\administrator\components\com_jdownloads\images\publish_r.png --> ftp3.ftptoyoursite.com /web/content/SITEBACKUP_962012/administrator/components/com_jdownloads/images publish_r.png
2012.09.06 14:59 B C:\inetpub\wwwroot\administrator\components\com_jdownloads\images\publish_x.png --> ftp3.ftptoyoursite.com /web/content/SITEBACKUP_962012/administrator/components/com_jdownloads/images publish_x.png
2012.09.06 14:59 B C:\inetpub\wwwroot\administrator\components\com_jdownloads\images\publish_y.png --> ftp3.ftptoyoursite.com /web/content/SITEBACKUP_962012/administrator/components/com_jdownloads/images publish_y.png
2012.09.06 14:59 B C:\inetpub\wwwroot\administrator\components\com_jdownloads\images\restore.png --> ftp3.ftptoyoursite.com /web/content/SITEBACKUP_962012/administrator/components/com_jdownloads/images restore.png
2012.09.06 14:59 B C:\inetpub\wwwroot\administrator\components\com_jdownloads\images\search.png --> ftp3.ftptoyoursite.com /web/content/SITEBACKUP_962012/administrator/components/com_jdownloads/images search.png
2012.09.06 14:59 B C:\inetpub\wwwroot\administrator\components\com_jdownloads\images\summary.gif --> ftp3.ftptoyoursite.com /web/content/SITEBACKUP_962012/administrator/components/com_jdownloads/images summary.gif
2012.09.06 14:59 B C:\inetpub\wwwroot\administrator\components\com_jdownloads\images\summary.png --> ftp3.ftptoyoursite.com /web/content/SITEBACKUP_962012/administrator/components/com_jdownloads/images summary.png
2012.09.06 14:59 B C:\inetpub\wwwroot\administrator\components\com_jdownloads\images\support.png --> ftp3.ftptoyoursite.com /web/content/SITEBACKUP_962012/administrator/components/com_jdownloads/images support.png
2012.09.06 14:59 B C:\inetpub\wwwroot\administrator\components\com_jdownloads\images\template.png --> ftp3.ftptoyoursite.com /web/content/SITEBACKUP_962012/administrator/components/com_jdownloads/images template.png
2012.09.06 14:59 B C:\inetpub\wwwroot\administrator\components\com_jdownloads\images\template32.png --> ftp3.ftptoyoursite.com /web/content/SITEBACKUP_962012/administrator/components/com_jdownloads/images template32.png
2012.09.06 14:59 B C:\inetpub\wwwroot\administrator\components\com_jdownloads\images\uparrow.png --> ftp3.ftptoyoursite.com /web/content/SITEBACKUP_962012/administrator/components/com_jdownloads/images uparrow.png
2012.09.06 14:59 B C:\inetpub\wwwroot\administrator\components\com_jdownloads\images\uparrow0.png --> ftp3.ftptoyoursite.com /web/content/SITEBACKUP_962012/administrator/components/com_jdownloads/images uparrow0.png
2012.09.06 14:59 B C:\inetpub\wwwroot\administrator\components\com_jdownloads\images\update.png --> ftp3.ftptoyoursite.com /web/content/SITEBACKUP_962012/administrator/components/com_jdownloads/images update.png
2012.09.06 14:59 B C:\inetpub\wwwroot\administrator\components\com_jdownloads\images\upload.png --> ftp3.ftptoyoursite.com /web/content/SITEBACKUP_962012/administrator/components/com_jdownloads/images upload.png
2012.09.06 14:59 B C:\inetpub\wwwroot\administrator\components\com_jdownloads\images\upload32.png --> ftp3.ftptoyoursite.com /web/content/SITEBACKUP_962012/administrator/components/com_jdownloads/images upload32.png
2012.09.06 14:59 B C:\inetpub\wwwroot\administrator\components\com_jdownloads\images\upload_ok.png --> ftp3.ftptoyoursite.com /web/content/SITEBACKUP_962012/administrator/components/com_jdownloads/images upload_ok.png
2012.09.06 14:59 B C:\inetpub\wwwroot\administrator\components\com_jdownloads\images\upload_stop.png --> ftp3.ftptoyoursite.com /web/content/SITEBACKUP_962012/administrator/components/com_jdownloads/images upload_stop.png
2012.09.06 14:59 B C:\inetpub\wwwroot\administrator\components\com_jdownloads\images\upper.png --> ftp3.ftptoyoursite.com /web/content/SITEBACKUP_962012/administrator/components/com_jdownloads/images upper.png
2012.09.06 14:59 B C:\inetpub\wwwroot\administrator\components\com_jdownloads\images\warning.png --> ftp3.ftptoyoursite.com /web/content/SITEBACKUP_962012/administrator/components/com_jdownloads/images warning.png
2012.09.06 14:59 B C:\inetpub\wwwroot\administrator\components\com_jdownloads\images\WS_FTP.LOG --> ftp3.ftptoyoursite.com /web/content/SITEBACKUP_962012/administrator/components/com_jdownloads/images WS_FTP.LOG
2012.09.06 15:21 B C:\inetpub\wwwroot\administrator\components\com_jdownloads\images\active.png <-- Schubert Rackspace /web/content/administrator/components/com_jdownloads/images active.png
2012.09.06 15:21 B C:\inetpub\wwwroot\administrator\components\com_jdownloads\images\addedit.png <-- Schubert Rackspace /web/content/administrator/components/com_jdownloads/images addedit.png
2012.09.06 15:21 B C:\inetpub\wwwroot\administrator\components\com_jdownloads\images\backup.png <-- Schubert Rackspace /web/content/administrator/components/com_jdownloads/images backup.png
2012.09.06 15:21 B C:\inetpub\wwwroot\administrator\components\com_jdownloads\images\button_bg.png <-- Schubert Rackspace /web/content/administrator/components/com_jdownloads/images button_bg.png
2012.09.06 15:21 B C:\inetpub\wwwroot\administrator\components\com_jdownloads\images\categories.png <-- Schubert Rackspace /web/content/administrator/components/com_jdownloads/images categories.png
2012.09.06 15:21 B C:\inetpub\wwwroot\administrator\components\com_jdownloads\images\categories_2.png <-- Schubert Rackspace /web/content/administrator/components/com_jdownloads/images categories_2.png
2012.09.06 15:21 B C:\inetpub\wwwroot\administrator\components\com_jdownloads\images\config.png <-- Schubert Rackspace /web/content/administrator/components/com_jdownloads/images config.png
2012.09.06 15:21 B C:\inetpub\wwwroot\administrator\components\com_jdownloads\images\config_2.png <-- Schubert Rackspace /web/content/administrator/components/com_jdownloads/images config_2.png
2012.09.06 15:21 B C:\inetpub\wwwroot\administrator\components\com_jdownloads\images\css.png <-- Schubert Rackspace /web/content/administrator/components/com_jdownloads/images css.png
2012.09.06 15:21 B C:\inetpub\wwwroot\administrator\components\com_jdownloads\images\dir_edit.png <-- Schubert Rackspace /web/content/administrator/components/com_jdownloads/images dir_edit.png
2012.09.06 15:21 B C:\inetpub\wwwroot\administrator\components\com_jdownloads\images\dir_edit_2.png <-- Schubert Rackspace /web/content/administrator/components/com_jdownloads/images dir_edit_2.png
2012.09.06 15:21 B C:\inetpub\wwwroot\administrator\components\com_jdownloads\images\downarrow.png <-- Schubert Rackspace /web/content/administrator/components/com_jdownloads/images downarrow.png
2012.09.06 15:21 B C:\inetpub\wwwroot\administrator\components\com_jdownloads\images\downarrow0.png <-- Schubert Rackspace /web/content/administrator/components/com_jdownloads/images downarrow0.png
2012.09.06 15:21 B C:\inetpub\wwwroot\administrator\components\com_jdownloads\images\downloads.png <-- Schubert Rackspace /web/content/administrator/components/com_jdownloads/images downloads.png
2012.09.06 15:21 B C:\inetpub\wwwroot\administrator\components\com_jdownloads\images\downloads_2.png <-- Schubert Rackspace /web/content/administrator/components/com_jdownloads/images downloads_2.png
2012.09.06 15:21 B C:\inetpub\wwwroot\administrator\components\com_jdownloads\images\downloads_cats.gif <-- Schubert Rackspace /web/content/administrator/components/com_jdownloads/images downloads_cats.gif
2012.09.06 15:21 B C:\inetpub\wwwroot\administrator\components\com_jdownloads\images\downloads_details.gif <-- Schubert Rackspace /web/content/administrator/components/com_jdownloads/images downloads_details.gif
2012.09.06 15:21 B C:\inetpub\wwwroot\administrator\components\com_jdownloads\images\downloads_files.gif <-- Schubert Rackspace /web/content/administrator/components/com_jdownloads/images downloads_files.gif
2012.09.06 15:21 B C:\inetpub\wwwroot\administrator\components\com_jdownloads\images\edit.png <-- Schubert Rackspace /web/content/administrator/components/com_jdownloads/images edit.png
2012.09.06 15:21 B C:\inetpub\wwwroot\administrator\components\com_jdownloads\images\email.gif <-- Schubert Rackspace /web/content/administrator/components/com_jdownloads/images email.gif
2012.09.06 15:21 B C:\inetpub\wwwroot\administrator\components\com_jdownloads\images\files32.png <-- Schubert Rackspace /web/content/administrator/components/com_jdownloads/images files32.png
2012.09.06 15:21 B C:\inetpub\wwwroot\administrator\components\com_jdownloads\images\files48.png <-- Schubert Rackspace /web/content/administrator/components/com_jdownloads/images files48.png
2012.09.06 15:21 B C:\inetpub\wwwroot\administrator\components\com_jdownloads\images\form_no_value.png <-- Schubert Rackspace /web/content/administrator/components/com_jdownloads/images form_no_value.png
2012.09.06 15:21 B C:\inetpub\wwwroot\administrator\components\com_jdownloads\images\groups.png <-- Schubert Rackspace /web/content/administrator/components/com_jdownloads/images groups.png
2012.09.06 15:21 B C:\inetpub\wwwroot\administrator\components\com_jdownloads\images\help.png <-- Schubert Rackspace /web/content/administrator/components/com_jdownloads/images help.png
2012.09.06 15:21 B C:\inetpub\wwwroot\administrator\components\com_jdownloads\images\home.png <-- Schubert Rackspace /web/content/administrator/components/com_jdownloads/images home.png
2012.09.06 15:21 B C:\inetpub\wwwroot\administrator\components\com_jdownloads\images\home_fe.png <-- Schubert Rackspace /web/content/administrator/components/com_jdownloads/images home_fe.png
2012.09.06 15:21 B C:\inetpub\wwwroot\administrator\components\com_jdownloads\images\index.html <-- Schubert Rackspace /web/content/administrator/components/com_jdownloads/images index.html
2012.09.06 15:21 B C:\inetpub\wwwroot\administrator\components\com_jdownloads\images\info.png <-- Schubert Rackspace /web/content/administrator/components/com_jdownloads/images info.png
2012.09.06 15:21 B C:\inetpub\wwwroot\administrator\components\com_jdownloads\images\info32.png <-- Schubert Rackspace /web/content/administrator/components/com_jdownloads/images info32.png
2012.09.06 15:21 B C:\inetpub\wwwroot\administrator\components\com_jdownloads\images\jd_logo_48.png <-- Schubert Rackspace /web/content/administrator/components/com_jdownloads/images jd_logo_48.png
2012.09.06 15:21 B C:\inetpub\wwwroot\administrator\components\com_jdownloads\images\jd_logo_small.png <-- Schubert Rackspace /web/content/administrator/components/com_jdownloads/images jd_logo_small.png
2012.09.06 15:21 B C:\inetpub\wwwroot\administrator\components\com_jdownloads\images\jd_slider_arrow_down_green.png <-- Schubert Rackspace /web/content/administrator/components/com_jdownloads/images jd_slider_arrow_down_green.png
2012.09.06 15:21 B C:\inetpub\wwwroot\administrator\components\com_jdownloads\images\jd_slider_arrow_green.png <-- Schubert Rackspace /web/content/administrator/components/com_jdownloads/images jd_slider_arrow_green.png
2012.09.06 15:21 B C:\inetpub\wwwroot\administrator\components\com_jdownloads\images\jdownloads.jpg <-- Schubert Rackspace /web/content/administrator/components/com_jdownloads/images jdownloads.jpg
2012.09.06 15:21 B C:\inetpub\wwwroot\administrator\components\com_jdownloads\images\jdownloads_header_sample.gif <-- Schubert Rackspace /web/content/administrator/components/com_jdownloads/images jdownloads_header_sample.gif
2012.09.06 15:21 B C:\inetpub\wwwroot\administrator\components\com_jdownloads\images\langmanager.png <-- Schubert Rackspace /web/content/administrator/components/com_jdownloads/images langmanager.png
2012.09.06 15:21 B C:\inetpub\wwwroot\administrator\components\com_jdownloads\images\layouts.png <-- Schubert Rackspace /web/content/administrator/components/com_jdownloads/images layouts.png
2012.09.06 15:21 B C:\inetpub\wwwroot\administrator\components\com_jdownloads\images\licenses.png <-- Schubert Rackspace /web/content/administrator/components/com_jdownloads/images licenses.png
2012.09.06 15:21 B C:\inetpub\wwwroot\administrator\components\com_jdownloads\images\link_extern.gif <-- Schubert Rackspace /web/content/administrator/components/com_jdownloads/images link_extern.gif
2012.09.06 15:21 B C:\inetpub\wwwroot\administrator\components\com_jdownloads\images\logs.png <-- Schubert Rackspace /web/content/administrator/components/com_jdownloads/images logs.png
2012.09.06 15:21 B C:\inetpub\wwwroot\administrator\components\com_jdownloads\images\m_active.png <-- Schubert Rackspace /web/content/administrator/components/com_jdownloads/images m_active.png
2012.09.06 15:21 B C:\inetpub\wwwroot\administrator\components\com_jdownloads\images\m_backup.gif <-- Schubert Rackspace /web/content/administrator/components/com_jdownloads/images m_backup.gif
2012.09.06 15:21 B C:\inetpub\wwwroot\administrator\components\com_jdownloads\images\m_categories.gif <-- Schubert Rackspace /web/content/administrator/components/com_jdownloads/images m_categories.gif
2012.09.06 15:21 B C:\inetpub\wwwroot\administrator\components\com_jdownloads\images\m_config.gif <-- Schubert Rackspace /web/content/administrator/components/com_jdownloads/images m_config.gif
2012.09.06 15:21 B C:\inetpub\wwwroot\administrator\components\com_jdownloads\images\m_downloads.gif <-- Schubert Rackspace /web/content/administrator/components/com_jdownloads/images m_downloads.gif
2012.09.06 15:21 B C:\inetpub\wwwroot\administrator\components\com_jdownloads\images\m_files.gif <-- Schubert Rackspace /web/content/administrator/components/com_jdownloads/images m_files.gif
2012.09.06 15:21 B C:\inetpub\wwwroot\administrator\components\com_jdownloads\images\m_groups.gif <-- Schubert Rackspace /web/content/administrator/components/com_jdownloads/images m_groups.gif
2012.09.06 15:21 B C:\inetpub\wwwroot\administrator\components\com_jdownloads\images\m_home.gif <-- Schubert Rackspace /web/content/administrator/components/com_jdownloads/images m_home.gif
2012.09.06 15:21 B C:\inetpub\wwwroot\administrator\components\com_jdownloads\images\m_info.gif <-- Schubert Rackspace /web/content/administrator/components/com_jdownloads/images m_info.gif
2012.09.06 15:21 B C:\inetpub\wwwroot\administrator\components\com_jdownloads\images\m_jdownloads.gif <-- Schubert Rackspace /web/content/administrator/components/com_jdownloads/images m_jdownloads.gif
2012.09.06 15:21 B C:\inetpub\wwwroot\administrator\components\com_jdownloads\images\m_licenses.gif <-- Schubert Rackspace /web/content/administrator/components/com_jdownloads/images m_licenses.gif
2012.09.06 15:21 B C:\inetpub\wwwroot\administrator\components\com_jdownloads\images\m_logs.gif <-- Schubert Rackspace /web/content/administrator/components/com_jdownloads/images m_logs.gif
2012.09.06 15:21 B C:\inetpub\wwwroot\administrator\components\com_jdownloads\images\m_restore.gif <-- Schubert Rackspace /web/content/administrator/components/com_jdownloads/images m_restore.gif
2012.09.06 15:21 B C:\inetpub\wwwroot\administrator\components\com_jdownloads\images\m_templates.gif <-- Schubert Rackspace /web/content/administrator/components/com_jdownloads/images m_templates.gif
2012.09.06 15:21 B C:\inetpub\wwwroot\administrator\components\com_jdownloads\images\new_window.png <-- Schubert Rackspace /web/content/administrator/components/com_jdownloads/images new_window.png
2012.09.06 15:21 B C:\inetpub\wwwroot\administrator\components\com_jdownloads\images\offline.png <-- Schubert Rackspace /web/content/administrator/components/com_jdownloads/images offline.png
2012.09.06 15:21 B C:\inetpub\wwwroot\administrator\components\com_jdownloads\images\publish_g.png <-- Schubert Rackspace /web/content/administrator/components/com_jdownloads/images publish_g.png
2012.09.06 15:21 B C:\inetpub\wwwroot\administrator\components\com_jdownloads\images\publish_r.png <-- Schubert Rackspace /web/content/administrator/components/com_jdownloads/images publish_r.png
2012.09.06 15:21 B C:\inetpub\wwwroot\administrator\components\com_jdownloads\images\publish_x.png <-- Schubert Rackspace /web/content/administrator/components/com_jdownloads/images publish_x.png
2012.09.06 15:21 B C:\inetpub\wwwroot\administrator\components\com_jdownloads\images\publish_y.png <-- Schubert Rackspace /web/content/administrator/components/com_jdownloads/images publish_y.png
2012.09.06 15:21 B C:\inetpub\wwwroot\administrator\components\com_jdownloads\images\restore.png <-- Schubert Rackspace /web/content/administrator/components/com_jdownloads/images restore.png
2012.09.06 15:21 B C:\inetpub\wwwroot\administrator\components\com_jdownloads\images\search.png <-- Schubert Rackspace /web/content/administrator/components/com_jdownloads/images search.png
2012.09.06 15:21 B C:\inetpub\wwwroot\administrator\components\com_jdownloads\images\summary.gif <-- Schubert Rackspace /web/content/administrator/components/com_jdownloads/images summary.gif
2012.09.06 15:21 B C:\inetpub\wwwroot\administrator\components\com_jdownloads\images\summary.png <-- Schubert Rackspace /web/content/administrator/components/com_jdownloads/images summary.png
2012.09.06 15:21 B C:\inetpub\wwwroot\administrator\components\com_jdownloads\images\support.png <-- Schubert Rackspace /web/content/administrator/components/com_jdownloads/images support.png
2012.09.06 15:21 B C:\inetpub\wwwroot\administrator\components\com_jdownloads\images\template.png <-- Schubert Rackspace /web/content/administrator/components/com_jdownloads/images template.png
2012.09.06 15:21 B C:\inetpub\wwwroot\administrator\components\com_jdownloads\images\template32.png <-- Schubert Rackspace /web/content/administrator/components/com_jdownloads/images template32.png
2012.09.06 15:21 B C:\inetpub\wwwroot\administrator\components\com_jdownloads\images\uparrow.png <-- Schubert Rackspace /web/content/administrator/components/com_jdownloads/images uparrow.png
2012.09.06 15:21 B C:\inetpub\wwwroot\administrator\components\com_jdownloads\images\uparrow0.png <-- Schubert Rackspace /web/content/administrator/components/com_jdownloads/images uparrow0.png
2012.09.06 15:21 B C:\inetpub\wwwroot\administrator\components\com_jdownloads\images\update.png <-- Schubert Rackspace /web/content/administrator/components/com_jdownloads/images update.png
2012.09.06 15:21 B C:\inetpub\wwwroot\administrator\components\com_jdownloads\images\upload.png <-- Schubert Rackspace /web/content/administrator/components/com_jdownloads/images upload.png
2012.09.06 15:21 B C:\inetpub\wwwroot\administrator\components\com_jdownloads\images\upload32.png <-- Schubert Rackspace /web/content/administrator/components/com_jdownloads/images upload32.png
2012.09.06 15:21 B C:\inetpub\wwwroot\administrator\components\com_jdownloads\images\upload_ok.png <-- Schubert Rackspace /web/content/administrator/components/com_jdownloads/images upload_ok.png
2012.09.06 15:21 B C:\inetpub\wwwroot\administrator\components\com_jdownloads\images\upload_stop.png <-- Schubert Rackspace /web/content/administrator/components/com_jdownloads/images upload_stop.png
2012.09.06 15:21 B C:\inetpub\wwwroot\administrator\components\com_jdownloads\images\upper.png <-- Schubert Rackspace /web/content/administrator/components/com_jdownloads/images upper.png
2012.09.06 15:21 B C:\inetpub\wwwroot\administrator\components\com_jdownloads\images\warning.png <-- Schubert Rackspace /web/content/administrator/components/com_jdownloads/images warning.png
2012.09.06 15:44 B C:\inetpub\wwwroot\administrator\components\com_jdownloads\images\active.png <-- Schubert Rackspace /web/content/SITEBACKUP_962012/administrator/components/com_jdownloads/images active.png
2012.09.06 15:44 B C:\inetpub\wwwroot\administrator\components\com_jdownloads\images\addedit.png <-- Schubert Rackspace /web/content/SITEBACKUP_962012/administrator/components/com_jdownloads/images addedit.png
2012.09.06 15:44 B C:\inetpub\wwwroot\administrator\components\com_jdownloads\images\backup.png <-- Schubert Rackspace /web/content/SITEBACKUP_962012/administrator/components/com_jdownloads/images backup.png
2012.09.06 15:44 B C:\inetpub\wwwroot\administrator\components\com_jdownloads\images\button_bg.png <-- Schubert Rackspace /web/content/SITEBACKUP_962012/administrator/components/com_jdownloads/images button_bg.png
2012.09.06 15:44 B C:\inetpub\wwwroot\administrator\components\com_jdownloads\images\categories.png <-- Schubert Rackspace /web/content/SITEBACKUP_962012/administrator/components/com_jdownloads/images categories.png
2012.09.06 15:44 B C:\inetpub\wwwroot\administrator\components\com_jdownloads\images\categories_2.png <-- Schubert Rackspace /web/content/SITEBACKUP_962012/administrator/components/com_jdownloads/images categories_2.png
2012.09.06 15:44 B C:\inetpub\wwwroot\administrator\components\com_jdownloads\images\config.png <-- Schubert Rackspace /web/content/SITEBACKUP_962012/administrator/components/com_jdownloads/images config.png
2012.09.06 15:44 B C:\inetpub\wwwroot\administrator\components\com_jdownloads\images\config_2.png <-- Schubert Rackspace /web/content/SITEBACKUP_962012/administrator/components/com_jdownloads/images config_2.png
2012.09.06 15:44 B C:\inetpub\wwwroot\administrator\components\com_jdownloads\images\css.png <-- Schubert Rackspace /web/content/SITEBACKUP_962012/administrator/components/com_jdownloads/images css.png
2012.09.06 15:44 B C:\inetpub\wwwroot\administrator\components\com_jdownloads\images\dir_edit.png <-- Schubert Rackspace /web/content/SITEBACKUP_962012/administrator/components/com_jdownloads/images dir_edit.png
2012.09.06 15:44 B C:\inetpub\wwwroot\administrator\components\com_jdownloads\images\dir_edit_2.png <-- Schubert Rackspace /web/content/SITEBACKUP_962012/administrator/components/com_jdownloads/images dir_edit_2.png
2012.09.06 15:44 B C:\inetpub\wwwroot\administrator\components\com_jdownloads\images\downarrow.png <-- Schubert Rackspace /web/content/SITEBACKUP_962012/administrator/components/com_jdownloads/images downarrow.png
2012.09.06 15:44 B C:\inetpub\wwwroot\administrator\components\com_jdownloads\images\downarrow0.png <-- Schubert Rackspace /web/content/SITEBACKUP_962012/administrator/components/com_jdownloads/images downarrow0.png
2012.09.06 15:44 B C:\inetpub\wwwroot\administrator\components\com_jdownloads\images\downloads.png <-- Schubert Rackspace /web/content/SITEBACKUP_962012/administrator/components/com_jdownloads/images downloads.png
2012.09.06 15:44 B C:\inetpub\wwwroot\administrator\components\com_jdownloads\images\downloads_2.png <-- Schubert Rackspace /web/content/SITEBACKUP_962012/administrator/components/com_jdownloads/images downloads_2.png
2012.09.06 15:44 B C:\inetpub\wwwroot\administrator\components\com_jdownloads\images\downloads_cats.gif <-- Schubert Rackspace /web/content/SITEBACKUP_962012/administrator/components/com_jdownloads/images downloads_cats.gif
2012.09.06 15:44 B C:\inetpub\wwwroot\administrator\components\com_jdownloads\images\downloads_details.gif <-- Schubert Rackspace /web/content/SITEBACKUP_962012/administrator/components/com_jdownloads/images downloads_details.gif
2012.09.06 15:44 B C:\inetpub\wwwroot\administrator\components\com_jdownloads\images\downloads_files.gif <-- Schubert Rackspace /web/content/SITEBACKUP_962012/administrator/components/com_jdownloads/images downloads_files.gif
2012.09.06 15:44 B C:\inetpub\wwwroot\administrator\components\com_jdownloads\images\edit.png <-- Schubert Rackspace /web/content/SITEBACKUP_962012/administrator/components/com_jdownloads/images edit.png
2012.09.06 15:44 B C:\inetpub\wwwroot\administrator\components\com_jdownloads\images\email.gif <-- Schubert Rackspace /web/content/SITEBACKUP_962012/administrator/components/com_jdownloads/images email.gif
2012.09.06 15:44 B C:\inetpub\wwwroot\administrator\components\com_jdownloads\images\files32.png <-- Schubert Rackspace /web/content/SITEBACKUP_962012/administrator/components/com_jdownloads/images files32.png
2012.09.06 15:44 B C:\inetpub\wwwroot\administrator\components\com_jdownloads\images\files48.png <-- Schubert Rackspace /web/content/SITEBACKUP_962012/administrator/components/com_jdownloads/images files48.png
2012.09.06 15:44 B C:\inetpub\wwwroot\administrator\components\com_jdownloads\images\form_no_value.png <-- Schubert Rackspace /web/content/SITEBACKUP_962012/administrator/components/com_jdownloads/images form_no_value.png
2012.09.06 15:44 B C:\inetpub\wwwroot\administrator\components\com_jdownloads\images\groups.png <-- Schubert Rackspace /web/content/SITEBACKUP_962012/administrator/components/com_jdownloads/images groups.png
2012.09.06 15:44 B C:\inetpub\wwwroot\administrator\components\com_jdownloads\images\help.png <-- Schubert Rackspace /web/content/SITEBACKUP_962012/administrator/components/com_jdownloads/images help.png
2012.09.06 15:44 B C:\inetpub\wwwroot\administrator\components\com_jdownloads\images\home.png <-- Schubert Rackspace /web/content/SITEBACKUP_962012/administrator/components/com_jdownloads/images home.png
2012.09.06 15:44 B C:\inetpub\wwwroot\administrator\components\com_jdownloads\images\home_fe.png <-- Schubert Rackspace /web/content/SITEBACKUP_962012/administrator/components/com_jdownloads/images home_fe.png
2012.09.06 15:44 B C:\inetpub\wwwroot\administrator\components\com_jdownloads\images\index.html <-- Schubert Rackspace /web/content/SITEBACKUP_962012/administrator/components/com_jdownloads/images index.html
2012.09.06 15:44 B C:\inetpub\wwwroot\administrator\components\com_jdownloads\images\info.png <-- Schubert Rackspace /web/content/SITEBACKUP_962012/administrator/components/com_jdownloads/images info.png
2012.09.06 15:44 B C:\inetpub\wwwroot\administrator\components\com_jdownloads\images\info32.png <-- Schubert Rackspace /web/content/SITEBACKUP_962012/administrator/components/com_jdownloads/images info32.png
2012.09.06 15:44 B C:\inetpub\wwwroot\administrator\components\com_jdownloads\images\jd_logo_48.png <-- Schubert Rackspace /web/content/SITEBACKUP_962012/administrator/components/com_jdownloads/images jd_logo_48.png
2012.09.06 15:44 B C:\inetpub\wwwroot\administrator\components\com_jdownloads\images\jd_logo_small.png <-- Schubert Rackspace /web/content/SITEBACKUP_962012/administrator/components/com_jdownloads/images jd_logo_small.png
2012.09.06 15:44 B C:\inetpub\wwwroot\administrator\components\com_jdownloads\images\jd_slider_arrow_down_green.png <-- Schubert Rackspace /web/content/SITEBACKUP_962012/administrator/components/com_jdownloads/images jd_slider_arrow_down_green.png
2012.09.06 15:44 B C:\inetpub\wwwroot\administrator\components\com_jdownloads\images\jd_slider_arrow_green.png <-- Schubert Rackspace /web/content/SITEBACKUP_962012/administrator/components/com_jdownloads/images jd_slider_arrow_green.png
2012.09.06 15:44 B C:\inetpub\wwwroot\administrator\components\com_jdownloads\images\jdownloads.jpg <-- Schubert Rackspace /web/content/SITEBACKUP_962012/administrator/components/com_jdownloads/images jdownloads.jpg
2012.09.06 15:44 B C:\inetpub\wwwroot\administrator\components\com_jdownloads\images\jdownloads_header_sample.gif <-- Schubert Rackspace /web/content/SITEBACKUP_962012/administrator/components/com_jdownloads/images jdownloads_header_sample.gif
2012.09.06 15:44 B C:\inetpub\wwwroot\administrator\components\com_jdownloads\images\langmanager.png <-- Schubert Rackspace /web/content/SITEBACKUP_962012/administrator/components/com_jdownloads/images langmanager.png
2012.09.06 15:44 B C:\inetpub\wwwroot\administrator\components\com_jdownloads\images\layouts.png <-- Schubert Rackspace /web/content/SITEBACKUP_962012/administrator/components/com_jdownloads/images layouts.png
2012.09.06 15:44 B C:\inetpub\wwwroot\administrator\components\com_jdownloads\images\licenses.png <-- Schubert Rackspace /web/content/SITEBACKUP_962012/administrator/components/com_jdownloads/images licenses.png
2012.09.06 15:44 B C:\inetpub\wwwroot\administrator\components\com_jdownloads\images\link_extern.gif <-- Schubert Rackspace /web/content/SITEBACKUP_962012/administrator/components/com_jdownloads/images link_extern.gif
2012.09.06 15:44 B C:\inetpub\wwwroot\administrator\components\com_jdownloads\images\logs.png <-- Schubert Rackspace /web/content/SITEBACKUP_962012/administrator/components/com_jdownloads/images logs.png
2012.09.06 15:44 B C:\inetpub\wwwroot\administrator\components\com_jdownloads\images\m_active.png <-- Schubert Rackspace /web/content/SITEBACKUP_962012/administrator/components/com_jdownloads/images m_active.png
2012.09.06 15:44 B C:\inetpub\wwwroot\administrator\components\com_jdownloads\images\m_backup.gif <-- Schubert Rackspace /web/content/SITEBACKUP_962012/administrator/components/com_jdownloads/images m_backup.gif
2012.09.06 15:44 B C:\inetpub\wwwroot\administrator\components\com_jdownloads\images\m_categories.gif <-- Schubert Rackspace /web/content/SITEBACKUP_962012/administrator/components/com_jdownloads/images m_categories.gif
2012.09.06 15:44 B C:\inetpub\wwwroot\administrator\components\com_jdownloads\images\m_config.gif <-- Schubert Rackspace /web/content/SITEBACKUP_962012/administrator/components/com_jdownloads/images m_config.gif
2012.09.06 15:44 B C:\inetpub\wwwroot\administrator\components\com_jdownloads\images\m_downloads.gif <-- Schubert Rackspace /web/content/SITEBACKUP_962012/administrator/components/com_jdownloads/images m_downloads.gif
2012.09.06 15:44 B C:\inetpub\wwwroot\administrator\components\com_jdownloads\images\m_files.gif <-- Schubert Rackspace /web/content/SITEBACKUP_962012/administrator/components/com_jdownloads/images m_files.gif
2012.09.06 15:44 B C:\inetpub\wwwroot\administrator\components\com_jdownloads\images\m_groups.gif <-- Schubert Rackspace /web/content/SITEBACKUP_962012/administrator/components/com_jdownloads/images m_groups.gif
2012.09.06 15:44 B C:\inetpub\wwwroot\administrator\components\com_jdownloads\images\m_home.gif <-- Schubert Rackspace /web/content/SITEBACKUP_962012/administrator/components/com_jdownloads/images m_home.gif
2012.09.06 15:44 B C:\inetpub\wwwroot\administrator\components\com_jdownloads\images\m_info.gif <-- Schubert Rackspace /web/content/SITEBACKUP_962012/administrator/components/com_jdownloads/images m_info.gif
2012.09.06 15:44 B C:\inetpub\wwwroot\administrator\components\com_jdownloads\images\m_jdownloads.gif <-- Schubert Rackspace /web/content/SITEBACKUP_962012/administrator/components/com_jdownloads/images m_jdownloads.gif
2012.09.06 15:44 B C:\inetpub\wwwroot\administrator\components\com_jdownloads\images\m_licenses.gif <-- Schubert Rackspace /web/content/SITEBACKUP_962012/administrator/components/com_jdownloads/images m_licenses.gif
2012.09.06 15:44 B C:\inetpub\wwwroot\administrator\components\com_jdownloads\images\m_logs.gif <-- Schubert Rackspace /web/content/SITEBACKUP_962012/administrator/components/com_jdownloads/images m_logs.gif
2012.09.06 15:44 B C:\inetpub\wwwroot\administrator\components\com_jdownloads\images\m_restore.gif <-- Schubert Rackspace /web/content/SITEBACKUP_962012/administrator/components/com_jdownloads/images m_restore.gif
2012.09.06 15:44 B C:\inetpub\wwwroot\administrator\components\com_jdownloads\images\m_templates.gif <-- Schubert Rackspace /web/content/SITEBACKUP_962012/administrator/components/com_jdownloads/images m_templates.gif
2012.09.06 15:44 B C:\inetpub\wwwroot\administrator\components\com_jdownloads\images\new_window.png <-- Schubert Rackspace /web/content/SITEBACKUP_962012/administrator/components/com_jdownloads/images new_window.png
2012.09.06 15:44 B C:\inetpub\wwwroot\administrator\components\com_jdownloads\images\offline.png <-- Schubert Rackspace /web/content/SITEBACKUP_962012/administrator/components/com_jdownloads/images offline.png
2012.09.06 15:44 B C:\inetpub\wwwroot\administrator\components\com_jdownloads\images\publish_g.png <-- Schubert Rackspace /web/content/SITEBACKUP_962012/administrator/components/com_jdownloads/images publish_g.png
2012.09.06 15:44 B C:\inetpub\wwwroot\administrator\components\com_jdownloads\images\publish_r.png <-- Schubert Rackspace /web/content/SITEBACKUP_962012/administrator/components/com_jdownloads/images publish_r.png
2012.09.06 15:44 B C:\inetpub\wwwroot\administrator\components\com_jdownloads\images\publish_x.png <-- Schubert Rackspace /web/content/SITEBACKUP_962012/administrator/components/com_jdownloads/images publish_x.png
2012.09.06 15:44 B C:\inetpub\wwwroot\administrator\components\com_jdownloads\images\publish_y.png <-- Schubert Rackspace /web/content/SITEBACKUP_962012/administrator/components/com_jdownloads/images publish_y.png
2012.09.06 15:44 B C:\inetpub\wwwroot\administrator\components\com_jdownloads\images\restore.png <-- Schubert Rackspace /web/content/SITEBACKUP_962012/administrator/components/com_jdownloads/images restore.png
2012.09.06 15:44 B C:\inetpub\wwwroot\administrator\components\com_jdownloads\images\search.png <-- Schubert Rackspace /web/content/SITEBACKUP_962012/administrator/components/com_jdownloads/images search.png
2012.09.06 15:44 B C:\inetpub\wwwroot\administrator\components\com_jdownloads\images\summary.gif <-- Schubert Rackspace /web/content/SITEBACKUP_962012/administrator/components/com_jdownloads/images summary.gif
2012.09.06 15:44 B C:\inetpub\wwwroot\administrator\components\com_jdownloads\images\summary.png <-- Schubert Rackspace /web/content/SITEBACKUP_962012/administrator/components/com_jdownloads/images summary.png
2012.09.06 15:44 B C:\inetpub\wwwroot\administrator\components\com_jdownloads\images\support.png <-- Schubert Rackspace /web/content/SITEBACKUP_962012/administrator/components/com_jdownloads/images support.png
2012.09.06 15:44 B C:\inetpub\wwwroot\administrator\components\com_jdownloads\images\template.png <-- Schubert Rackspace /web/content/SITEBACKUP_962012/administrator/components/com_jdownloads/images template.png
2012.09.06 15:44 B C:\inetpub\wwwroot\administrator\components\com_jdownloads\images\template32.png <-- Schubert Rackspace /web/content/SITEBACKUP_962012/administrator/components/com_jdownloads/images template32.png
2012.09.06 15:44 B C:\inetpub\wwwroot\administrator\components\com_jdownloads\images\uparrow.png <-- Schubert Rackspace /web/content/SITEBACKUP_962012/administrator/components/com_jdownloads/images uparrow.png
2012.09.06 15:44 B C:\inetpub\wwwroot\administrator\components\com_jdownloads\images\uparrow0.png <-- Schubert Rackspace /web/content/SITEBACKUP_962012/administrator/components/com_jdownloads/images uparrow0.png
2012.09.06 15:44 B C:\inetpub\wwwroot\administrator\components\com_jdownloads\images\update.png <-- Schubert Rackspace /web/content/SITEBACKUP_962012/administrator/components/com_jdownloads/images update.png
2012.09.06 15:44 B C:\inetpub\wwwroot\administrator\components\com_jdownloads\images\upload.png <-- Schubert Rackspace /web/content/SITEBACKUP_962012/administrator/components/com_jdownloads/images upload.png
2012.09.06 15:44 B C:\inetpub\wwwroot\administrator\components\com_jdownloads\images\upload32.png <-- Schubert Rackspace /web/content/SITEBACKUP_962012/administrator/components/com_jdownloads/images upload32.png
2012.09.06 15:44 B C:\inetpub\wwwroot\administrator\components\com_jdownloads\images\upload_ok.png <-- Schubert Rackspace /web/content/SITEBACKUP_962012/administrator/components/com_jdownloads/images upload_ok.png
2012.09.06 15:44 B C:\inetpub\wwwroot\administrator\components\com_jdownloads\images\upload_stop.png <-- Schubert Rackspace /web/content/SITEBACKUP_962012/administrator/components/com_jdownloads/images upload_stop.png
2012.09.06 15:44 B C:\inetpub\wwwroot\administrator\components\com_jdownloads\images\upper.png <-- Schubert Rackspace /web/content/SITEBACKUP_962012/administrator/components/com_jdownloads/images upper.png
2012.09.06 15:44 B C:\inetpub\wwwroot\administrator\components\com_jdownloads\images\warning.png <-- Schubert Rackspace /web/content/SITEBACKUP_962012/administrator/components/com_jdownloads/images warning.png
2012.10.23 09:05 B C:\inetpub\wwwroot\administrator\components\com_jdownloads\images\active.png --> ftp3.ftptoyoursite.com /web/content/administrator/components/com_jdownloads/images active.png
2012.10.23 09:05 B C:\inetpub\wwwroot\administrator\components\com_jdownloads\images\addedit.png --> ftp3.ftptoyoursite.com /web/content/administrator/components/com_jdownloads/images addedit.png
2012.10.23 09:05 B C:\inetpub\wwwroot\administrator\components\com_jdownloads\images\backup.png --> ftp3.ftptoyoursite.com /web/content/administrator/components/com_jdownloads/images backup.png
2012.10.23 09:05 B C:\inetpub\wwwroot\administrator\components\com_jdownloads\images\button_bg.png --> ftp3.ftptoyoursite.com /web/content/administrator/components/com_jdownloads/images button_bg.png
2012.10.23 09:05 B C:\inetpub\wwwroot\administrator\components\com_jdownloads\images\categories.png --> ftp3.ftptoyoursite.com /web/content/administrator/components/com_jdownloads/images categories.png
2012.10.23 09:05 B C:\inetpub\wwwroot\administrator\components\com_jdownloads\images\categories_2.png --> ftp3.ftptoyoursite.com /web/content/administrator/components/com_jdownloads/images categories_2.png
2012.10.23 09:05 B C:\inetpub\wwwroot\administrator\components\com_jdownloads\images\config.png --> ftp3.ftptoyoursite.com /web/content/administrator/components/com_jdownloads/images config.png
2012.10.23 09:05 B C:\inetpub\wwwroot\administrator\components\com_jdownloads\images\config_2.png --> ftp3.ftptoyoursite.com /web/content/administrator/components/com_jdownloads/images config_2.png
2012.10.23 09:05 B C:\inetpub\wwwroot\administrator\components\com_jdownloads\images\css.png --> ftp3.ftptoyoursite.com /web/content/administrator/components/com_jdownloads/images css.png
2012.10.23 09:05 B C:\inetpub\wwwroot\administrator\components\com_jdownloads\images\dir_edit.png --> ftp3.ftptoyoursite.com /web/content/administrator/components/com_jdownloads/images dir_edit.png
2012.10.23 09:05 B C:\inetpub\wwwroot\administrator\components\com_jdownloads\images\dir_edit_2.png --> ftp3.ftptoyoursite.com /web/content/administrator/components/com_jdownloads/images dir_edit_2.png
2012.10.23 09:05 B C:\inetpub\wwwroot\administrator\components\com_jdownloads\images\downarrow.png --> ftp3.ftptoyoursite.com /web/content/administrator/components/com_jdownloads/images downarrow.png
2012.10.23 09:05 B C:\inetpub\wwwroot\administrator\components\com_jdownloads\images\downarrow0.png --> ftp3.ftptoyoursite.com /web/content/administrator/components/com_jdownloads/images downarrow0.png
2012.10.23 09:05 B C:\inetpub\wwwroot\administrator\components\com_jdownloads\images\downloads.png --> ftp3.ftptoyoursite.com /web/content/administrator/components/com_jdownloads/images downloads.png
2012.10.23 09:05 B C:\inetpub\wwwroot\administrator\components\com_jdownloads\images\downloads_2.png --> ftp3.ftptoyoursite.com /web/content/administrator/components/com_jdownloads/images downloads_2.png
2012.10.23 09:05 B C:\inetpub\wwwroot\administrator\components\com_jdownloads\images\downloads_cats.gif --> ftp3.ftptoyoursite.com /web/content/administrator/components/com_jdownloads/images downloads_cats.gif
2012.10.23 09:05 B C:\inetpub\wwwroot\administrator\components\com_jdownloads\images\downloads_details.gif --> ftp3.ftptoyoursite.com /web/content/administrator/components/com_jdownloads/images downloads_details.gif
2012.10.23 09:05 B C:\inetpub\wwwroot\administrator\components\com_jdownloads\images\downloads_files.gif --> ftp3.ftptoyoursite.com /web/content/administrator/components/com_jdownloads/images downloads_files.gif
2012.10.23 09:05 B C:\inetpub\wwwroot\administrator\components\com_jdownloads\images\edit.png --> ftp3.ftptoyoursite.com /web/content/administrator/components/com_jdownloads/images edit.png
2012.10.23 09:05 B C:\inetpub\wwwroot\administrator\components\com_jdownloads\images\email.gif --> ftp3.ftptoyoursite.com /web/content/administrator/components/com_jdownloads/images email.gif
2012.10.23 09:05 B C:\inetpub\wwwroot\administrator\components\com_jdownloads\images\files32.png --> ftp3.ftptoyoursite.com /web/content/administrator/components/com_jdownloads/images files32.png
2012.10.23 09:05 B C:\inetpub\wwwroot\administrator\components\com_jdownloads\images\files48.png --> ftp3.ftptoyoursite.com /web/content/administrator/components/com_jdownloads/images files48.png
2012.10.23 09:05 B C:\inetpub\wwwroot\administrator\components\com_jdownloads\images\form_no_value.png --> ftp3.ftptoyoursite.com /web/content/administrator/components/com_jdownloads/images form_no_value.png
2012.10.23 09:05 B C:\inetpub\wwwroot\administrator\components\com_jdownloads\images\groups.png --> ftp3.ftptoyoursite.com /web/content/administrator/components/com_jdownloads/images groups.png
2012.10.23 09:05 B C:\inetpub\wwwroot\administrator\components\com_jdownloads\images\help.png --> ftp3.ftptoyoursite.com /web/content/administrator/components/com_jdownloads/images help.png
2012.10.23 09:05 B C:\inetpub\wwwroot\administrator\components\com_jdownloads\images\home.png --> ftp3.ftptoyoursite.com /web/content/administrator/components/com_jdownloads/images home.png
2012.10.23 09:05 B C:\inetpub\wwwroot\administrator\components\com_jdownloads\images\home_fe.png --> ftp3.ftptoyoursite.com /web/content/administrator/components/com_jdownloads/images home_fe.png
2012.10.23 09:05 B C:\inetpub\wwwroot\administrator\components\com_jdownloads\images\index.html --> ftp3.ftptoyoursite.com /web/content/administrator/components/com_jdownloads/images index.html
2012.10.23 09:05 B C:\inetpub\wwwroot\administrator\components\com_jdownloads\images\info.png --> ftp3.ftptoyoursite.com /web/content/administrator/components/com_jdownloads/images info.png
2012.10.23 09:05 B C:\inetpub\wwwroot\administrator\components\com_jdownloads\images\info32.png --> ftp3.ftptoyoursite.com /web/content/administrator/components/com_jdownloads/images info32.png
2012.10.23 09:05 B C:\inetpub\wwwroot\administrator\components\com_jdownloads\images\jd_logo_48.png --> ftp3.ftptoyoursite.com /web/content/administrator/components/com_jdownloads/images jd_logo_48.png
2012.10.23 09:05 B C:\inetpub\wwwroot\administrator\components\com_jdownloads\images\jd_logo_small.png --> ftp3.ftptoyoursite.com /web/content/administrator/components/com_jdownloads/images jd_logo_small.png
2012.10.23 09:05 B C:\inetpub\wwwroot\administrator\components\com_jdownloads\images\jd_slider_arrow_down_green.png --> ftp3.ftptoyoursite.com /web/content/administrator/components/com_jdownloads/images jd_slider_arrow_down_green.png
2012.10.23 09:05 B C:\inetpub\wwwroot\administrator\components\com_jdownloads\images\jd_slider_arrow_green.png --> ftp3.ftptoyoursite.com /web/content/administrator/components/com_jdownloads/images jd_slider_arrow_green.png
2012.10.23 09:05 B C:\inetpub\wwwroot\administrator\components\com_jdownloads\images\jdownloads.jpg --> ftp3.ftptoyoursite.com /web/content/administrator/components/com_jdownloads/images jdownloads.jpg
2012.10.23 09:05 B C:\inetpub\wwwroot\administrator\components\com_jdownloads\images\jdownloads_header_sample.gif --> ftp3.ftptoyoursite.com /web/content/administrator/components/com_jdownloads/images jdownloads_header_sample.gif
2012.10.23 09:05 B C:\inetpub\wwwroot\administrator\components\com_jdownloads\images\langmanager.png --> ftp3.ftptoyoursite.com /web/content/administrator/components/com_jdownloads/images langmanager.png
2012.10.23 09:05 B C:\inetpub\wwwroot\administrator\components\com_jdownloads\images\layouts.png --> ftp3.ftptoyoursite.com /web/content/administrator/components/com_jdownloads/images layouts.png
2012.10.23 09:05 B C:\inetpub\wwwroot\administrator\components\com_jdownloads\images\licenses.png --> ftp3.ftptoyoursite.com /web/content/administrator/components/com_jdownloads/images licenses.png
2012.10.23 09:05 B C:\inetpub\wwwroot\administrator\components\com_jdownloads\images\link_extern.gif --> ftp3.ftptoyoursite.com /web/content/administrator/components/com_jdownloads/images link_extern.gif
2012.10.23 09:05 B C:\inetpub\wwwroot\administrator\components\com_jdownloads\images\logs.png --> ftp3.ftptoyoursite.com /web/content/administrator/components/com_jdownloads/images logs.png
2012.10.23 09:05 B C:\inetpub\wwwroot\administrator\components\com_jdownloads\images\m_active.png --> ftp3.ftptoyoursite.com /web/content/administrator/components/com_jdownloads/images m_active.png
2012.10.23 09:05 B C:\inetpub\wwwroot\administrator\components\com_jdownloads\images\m_backup.gif --> ftp3.ftptoyoursite.com /web/content/administrator/components/com_jdownloads/images m_backup.gif
2012.10.23 09:05 B C:\inetpub\wwwroot\administrator\components\com_jdownloads\images\m_categories.gif --> ftp3.ftptoyoursite.com /web/content/administrator/components/com_jdownloads/images m_categories.gif
2012.10.23 09:05 B C:\inetpub\wwwroot\administrator\components\com_jdownloads\images\m_config.gif --> ftp3.ftptoyoursite.com /web/content/administrator/components/com_jdownloads/images m_config.gif
2012.10.23 09:05 B C:\inetpub\wwwroot\administrator\components\com_jdownloads\images\m_downloads.gif --> ftp3.ftptoyoursite.com /web/content/administrator/components/com_jdownloads/images m_downloads.gif
2012.10.23 09:05 B C:\inetpub\wwwroot\administrator\components\com_jdownloads\images\m_files.gif --> ftp3.ftptoyoursite.com /web/content/administrator/components/com_jdownloads/images m_files.gif
2012.10.23 09:05 B C:\inetpub\wwwroot\administrator\components\com_jdownloads\images\m_groups.gif --> ftp3.ftptoyoursite.com /web/content/administrator/components/com_jdownloads/images m_groups.gif
2012.10.23 09:05 B C:\inetpub\wwwroot\administrator\components\com_jdownloads\images\m_home.gif --> ftp3.ftptoyoursite.com /web/content/administrator/components/com_jdownloads/images m_home.gif
2012.10.23 09:05 B C:\inetpub\wwwroot\administrator\components\com_jdownloads\images\m_info.gif --> ftp3.ftptoyoursite.com /web/content/administrator/components/com_jdownloads/images m_info.gif
2012.10.23 09:05 B C:\inetpub\wwwroot\administrator\components\com_jdownloads\images\m_jdownloads.gif --> ftp3.ftptoyoursite.com /web/content/administrator/components/com_jdownloads/images m_jdownloads.gif
2012.10.23 09:05 B C:\inetpub\wwwroot\administrator\components\com_jdownloads\images\m_licenses.gif --> ftp3.ftptoyoursite.com /web/content/administrator/components/com_jdownloads/images m_licenses.gif
2012.10.23 09:05 B C:\inetpub\wwwroot\administrator\components\com_jdownloads\images\m_logs.gif --> ftp3.ftptoyoursite.com /web/content/administrator/components/com_jdownloads/images m_logs.gif
2012.10.23 09:05 B C:\inetpub\wwwroot\administrator\components\com_jdownloads\images\m_restore.gif --> ftp3.ftptoyoursite.com /web/content/administrator/components/com_jdownloads/images m_restore.gif
2012.10.23 09:05 B C:\inetpub\wwwroot\administrator\components\com_jdownloads\images\m_templates.gif --> ftp3.ftptoyoursite.com /web/content/administrator/components/com_jdownloads/images m_templates.gif
2012.10.23 09:05 B C:\inetpub\wwwroot\administrator\components\com_jdownloads\images\new_window.png --> ftp3.ftptoyoursite.com /web/content/administrator/components/com_jdownloads/images new_window.png
2012.10.23 09:05 B C:\inetpub\wwwroot\administrator\components\com_jdownloads\images\offline.png --> ftp3.ftptoyoursite.com /web/content/administrator/components/com_jdownloads/images offline.png
2012.10.23 09:05 B C:\inetpub\wwwroot\administrator\components\com_jdownloads\images\publish_g.png --> ftp3.ftptoyoursite.com /web/content/administrator/components/com_jdownloads/images publish_g.png
2012.10.23 09:05 B C:\inetpub\wwwroot\administrator\components\com_jdownloads\images\publish_r.png --> ftp3.ftptoyoursite.com /web/content/administrator/components/com_jdownloads/images publish_r.png
2012.10.23 09:05 B C:\inetpub\wwwroot\administrator\components\com_jdownloads\images\publish_x.png --> ftp3.ftptoyoursite.com /web/content/administrator/components/com_jdownloads/images publish_x.png
2012.10.23 09:05 B C:\inetpub\wwwroot\administrator\components\com_jdownloads\images\publish_y.png --> ftp3.ftptoyoursite.com /web/content/administrator/components/com_jdownloads/images publish_y.png
2012.10.23 09:05 B C:\inetpub\wwwroot\administrator\components\com_jdownloads\images\restore.png --> ftp3.ftptoyoursite.com /web/content/administrator/components/com_jdownloads/images restore.png
2012.10.23 09:05 B C:\inetpub\wwwroot\administrator\components\com_jdownloads\images\search.png --> ftp3.ftptoyoursite.com /web/content/administrator/components/com_jdownloads/images search.png
2012.10.23 09:05 B C:\inetpub\wwwroot\administrator\components\com_jdownloads\images\summary.gif --> ftp3.ftptoyoursite.com /web/content/administrator/components/com_jdownloads/images summary.gif
2012.10.23 09:05 B C:\inetpub\wwwroot\administrator\components\com_jdownloads\images\summary.png --> ftp3.ftptoyoursite.com /web/content/administrator/components/com_jdownloads/images summary.png
2012.10.23 09:05 B C:\inetpub\wwwroot\administrator\components\com_jdownloads\images\support.png --> ftp3.ftptoyoursite.com /web/content/administrator/components/com_jdownloads/images support.png
2012.10.23 09:05 B C:\inetpub\wwwroot\administrator\components\com_jdownloads\images\template.png --> ftp3.ftptoyoursite.com /web/content/administrator/components/com_jdownloads/images template.png
2012.10.23 09:05 B C:\inetpub\wwwroot\administrator\components\com_jdownloads\images\template32.png --> ftp3.ftptoyoursite.com /web/content/administrator/components/com_jdownloads/images template32.png
2012.10.23 09:05 B C:\inetpub\wwwroot\administrator\components\com_jdownloads\images\uparrow.png --> ftp3.ftptoyoursite.com /web/content/administrator/components/com_jdownloads/images uparrow.png
2012.10.23 09:05 B C:\inetpub\wwwroot\administrator\components\com_jdownloads\images\uparrow0.png --> ftp3.ftptoyoursite.com /web/content/administrator/components/com_jdownloads/images uparrow0.png
2012.10.23 09:05 B C:\inetpub\wwwroot\administrator\components\com_jdownloads\images\update.png --> ftp3.ftptoyoursite.com /web/content/administrator/components/com_jdownloads/images update.png
2012.10.23 09:05 B C:\inetpub\wwwroot\administrator\components\com_jdownloads\images\upload.png --> ftp3.ftptoyoursite.com /web/content/administrator/components/com_jdownloads/images upload.png
2012.10.23 09:05 B C:\inetpub\wwwroot\administrator\components\com_jdownloads\images\upload32.png --> ftp3.ftptoyoursite.com /web/content/administrator/components/com_jdownloads/images upload32.png
2012.10.23 09:05 B C:\inetpub\wwwroot\administrator\components\com_jdownloads\images\upload_ok.png --> ftp3.ftptoyoursite.com /web/content/administrator/components/com_jdownloads/images upload_ok.png
2012.10.23 09:05 B C:\inetpub\wwwroot\administrator\components\com_jdownloads\images\upload_stop.png --> ftp3.ftptoyoursite.com /web/content/administrator/components/com_jdownloads/images upload_stop.png
2012.10.23 09:05 B C:\inetpub\wwwroot\administrator\components\com_jdownloads\images\upper.png --> ftp3.ftptoyoursite.com /web/content/administrator/components/com_jdownloads/images upper.png
2012.10.23 09:05 B C:\inetpub\wwwroot\administrator\components\com_jdownloads\images\warning.png --> ftp3.ftptoyoursite.com /web/content/administrator/components/com_jdownloads/images warning.png
2012.10.23 09:05 B C:\inetpub\wwwroot\administrator\components\com_jdownloads\images\WS_FTP.LOG --> ftp3.ftptoyoursite.com /web/content/administrator/components/com_jdownloads/images WS_FTP.LOG
2013.02.01 14:41 B C:\inetpub\wwwroot\administrator\components\com_jdownloads\images\WS_FTP.LOG <-- Schubert Rackspace /web/content/administrator/components/com_jdownloads/images WS_FTP.LOG
