2012.07.25 12:20 B C:\Users\COBRIEN\Desktop\Schubert\plugins\system\nnframework\css\ap3.css <-- Schubert Rackspace /web/content/plugins/system/nnframework/css ap3.css
2012.07.25 12:20 B C:\Users\COBRIEN\Desktop\Schubert\plugins\system\nnframework\css\default.css <-- Schubert Rackspace /web/content/plugins/system/nnframework/css default.css
2012.07.25 12:20 B C:\Users\COBRIEN\Desktop\Schubert\plugins\system\nnframework\css\index.html <-- Schubert Rackspace /web/content/plugins/system/nnframework/css index.html
2012.07.25 12:20 B C:\Users\COBRIEN\Desktop\Schubert\plugins\system\nnframework\css\popup.css <-- Schubert Rackspace /web/content/plugins/system/nnframework/css popup.css
2012.07.25 12:20 B C:\Users\COBRIEN\Desktop\Schubert\plugins\system\nnframework\css\status.css <-- Schubert Rackspace /web/content/plugins/system/nnframework/css status.css
2012.07.25 12:20 B C:\Users\COBRIEN\Desktop\Schubert\plugins\system\nnframework\css\style.css <-- Schubert Rackspace /web/content/plugins/system/nnframework/css style.css
2012.09.04 10:58 B C:\inetpub\wwwroot\plugins\system\nnframework\css\ap3.css --> ftp3.ftptoyoursite.com /web/content/SITE-TEST/plugins/system/nnframework/css ap3.css
2012.09.04 10:58 B C:\inetpub\wwwroot\plugins\system\nnframework\css\default.css --> ftp3.ftptoyoursite.com /web/content/SITE-TEST/plugins/system/nnframework/css default.css
2012.09.04 10:58 B C:\inetpub\wwwroot\plugins\system\nnframework\css\index.html --> ftp3.ftptoyoursite.com /web/content/SITE-TEST/plugins/system/nnframework/css index.html
2012.09.04 10:58 B C:\inetpub\wwwroot\plugins\system\nnframework\css\popup.css --> ftp3.ftptoyoursite.com /web/content/SITE-TEST/plugins/system/nnframework/css popup.css
2012.09.04 10:58 B C:\inetpub\wwwroot\plugins\system\nnframework\css\status.css --> ftp3.ftptoyoursite.com /web/content/SITE-TEST/plugins/system/nnframework/css status.css
2012.09.04 10:58 B C:\inetpub\wwwroot\plugins\system\nnframework\css\style.css --> ftp3.ftptoyoursite.com /web/content/SITE-TEST/plugins/system/nnframework/css style.css
2012.09.04 10:58 B C:\inetpub\wwwroot\plugins\system\nnframework\css\WS_FTP.LOG --> ftp3.ftptoyoursite.com /web/content/SITE-TEST/plugins/system/nnframework/css WS_FTP.LOG
2012.09.06 15:16 B C:\inetpub\wwwroot\plugins\system\nnframework\css\ap3.css --> ftp3.ftptoyoursite.com /web/content/SITEBACKUP_962012/plugins/system/nnframework/css ap3.css
2012.09.06 15:16 B C:\inetpub\wwwroot\plugins\system\nnframework\css\default.css --> ftp3.ftptoyoursite.com /web/content/SITEBACKUP_962012/plugins/system/nnframework/css default.css
2012.09.06 15:16 B C:\inetpub\wwwroot\plugins\system\nnframework\css\index.html --> ftp3.ftptoyoursite.com /web/content/SITEBACKUP_962012/plugins/system/nnframework/css index.html
2012.09.06 15:16 B C:\inetpub\wwwroot\plugins\system\nnframework\css\popup.css --> ftp3.ftptoyoursite.com /web/content/SITEBACKUP_962012/plugins/system/nnframework/css popup.css
2012.09.06 15:16 B C:\inetpub\wwwroot\plugins\system\nnframework\css\status.css --> ftp3.ftptoyoursite.com /web/content/SITEBACKUP_962012/plugins/system/nnframework/css status.css
2012.09.06 15:16 B C:\inetpub\wwwroot\plugins\system\nnframework\css\style.css --> ftp3.ftptoyoursite.com /web/content/SITEBACKUP_962012/plugins/system/nnframework/css style.css
2012.09.06 15:16 B C:\inetpub\wwwroot\plugins\system\nnframework\css\WS_FTP.LOG --> ftp3.ftptoyoursite.com /web/content/SITEBACKUP_962012/plugins/system/nnframework/css WS_FTP.LOG
2012.10.23 09:18 B C:\inetpub\wwwroot\plugins\system\nnframework\css\ap3.css --> ftp3.ftptoyoursite.com /web/content/plugins/system/nnframework/css ap3.css
2012.10.23 09:18 B C:\inetpub\wwwroot\plugins\system\nnframework\css\default.css --> ftp3.ftptoyoursite.com /web/content/plugins/system/nnframework/css default.css
2012.10.23 09:18 B C:\inetpub\wwwroot\plugins\system\nnframework\css\index.html --> ftp3.ftptoyoursite.com /web/content/plugins/system/nnframework/css index.html
2012.10.23 09:18 B C:\inetpub\wwwroot\plugins\system\nnframework\css\popup.css --> ftp3.ftptoyoursite.com /web/content/plugins/system/nnframework/css popup.css
2012.10.23 09:18 B C:\inetpub\wwwroot\plugins\system\nnframework\css\status.css --> ftp3.ftptoyoursite.com /web/content/plugins/system/nnframework/css status.css
2012.10.23 09:18 B C:\inetpub\wwwroot\plugins\system\nnframework\css\style.css --> ftp3.ftptoyoursite.com /web/content/plugins/system/nnframework/css style.css
2012.10.23 09:18 B C:\inetpub\wwwroot\plugins\system\nnframework\css\WS_FTP.LOG --> ftp3.ftptoyoursite.com /web/content/plugins/system/nnframework/css WS_FTP.LOG
2013.02.01 15:04 B C:\inetpub\wwwroot\plugins\system\nnframework\css\WS_FTP.LOG <-- Schubert Rackspace /web/content/plugins/system/nnframework/css WS_FTP.LOG
