2012.07.25 12:19 B C:\Users\COBRIEN\Desktop\Schubert\modules\mod_breadcrumbs\helper.php <-- Schubert Rackspace /web/content/modules/mod_breadcrumbs helper.php
2012.07.25 12:19 B C:\Users\COBRIEN\Desktop\Schubert\modules\mod_breadcrumbs\index.html <-- Schubert Rackspace /web/content/modules/mod_breadcrumbs index.html
2012.07.25 12:19 B C:\Users\COBRIEN\Desktop\Schubert\modules\mod_breadcrumbs\mod_breadcrumbs.php <-- Schubert Rackspace /web/content/modules/mod_breadcrumbs mod_breadcrumbs.php
2012.07.25 12:19 B C:\Users\COBRIEN\Desktop\Schubert\modules\mod_breadcrumbs\mod_breadcrumbs.xml <-- Schubert Rackspace /web/content/modules/mod_breadcrumbs mod_breadcrumbs.xml
2012.09.04 10:56 B C:\inetpub\wwwroot\modules\mod_breadcrumbs\helper.php --> ftp3.ftptoyoursite.com /web/content/SITE-TEST/modules/mod_breadcrumbs helper.php
2012.09.04 10:56 B C:\inetpub\wwwroot\modules\mod_breadcrumbs\index.html --> ftp3.ftptoyoursite.com /web/content/SITE-TEST/modules/mod_breadcrumbs index.html
2012.09.04 10:56 B C:\inetpub\wwwroot\modules\mod_breadcrumbs\mod_breadcrumbs.php --> ftp3.ftptoyoursite.com /web/content/SITE-TEST/modules/mod_breadcrumbs mod_breadcrumbs.php
2012.09.04 10:56 B C:\inetpub\wwwroot\modules\mod_breadcrumbs\mod_breadcrumbs.xml --> ftp3.ftptoyoursite.com /web/content/SITE-TEST/modules/mod_breadcrumbs mod_breadcrumbs.xml
2012.09.04 10:56 B C:\inetpub\wwwroot\modules\mod_breadcrumbs\WS_FTP.LOG --> ftp3.ftptoyoursite.com /web/content/SITE-TEST/modules/mod_breadcrumbs WS_FTP.LOG
2012.09.06 15:15 B C:\inetpub\wwwroot\modules\mod_breadcrumbs\helper.php --> ftp3.ftptoyoursite.com /web/content/SITEBACKUP_962012/modules/mod_breadcrumbs helper.php
2012.09.06 15:15 B C:\inetpub\wwwroot\modules\mod_breadcrumbs\index.html --> ftp3.ftptoyoursite.com /web/content/SITEBACKUP_962012/modules/mod_breadcrumbs index.html
2012.09.06 15:15 B C:\inetpub\wwwroot\modules\mod_breadcrumbs\mod_breadcrumbs.php --> ftp3.ftptoyoursite.com /web/content/SITEBACKUP_962012/modules/mod_breadcrumbs mod_breadcrumbs.php
2012.09.06 15:15 B C:\inetpub\wwwroot\modules\mod_breadcrumbs\mod_breadcrumbs.xml --> ftp3.ftptoyoursite.com /web/content/SITEBACKUP_962012/modules/mod_breadcrumbs mod_breadcrumbs.xml
2012.09.06 15:15 B C:\inetpub\wwwroot\modules\mod_breadcrumbs\WS_FTP.LOG --> ftp3.ftptoyoursite.com /web/content/SITEBACKUP_962012/modules/mod_breadcrumbs WS_FTP.LOG
2012.10.23 09:16 B C:\inetpub\wwwroot\modules\mod_breadcrumbs\helper.php --> ftp3.ftptoyoursite.com /web/content/modules/mod_breadcrumbs helper.php
2012.10.23 09:16 B C:\inetpub\wwwroot\modules\mod_breadcrumbs\index.html --> ftp3.ftptoyoursite.com /web/content/modules/mod_breadcrumbs index.html
2012.10.23 09:16 B C:\inetpub\wwwroot\modules\mod_breadcrumbs\mod_breadcrumbs.php --> ftp3.ftptoyoursite.com /web/content/modules/mod_breadcrumbs mod_breadcrumbs.php
2012.10.23 09:16 B C:\inetpub\wwwroot\modules\mod_breadcrumbs\mod_breadcrumbs.xml --> ftp3.ftptoyoursite.com /web/content/modules/mod_breadcrumbs mod_breadcrumbs.xml
2012.10.23 09:16 B C:\inetpub\wwwroot\modules\mod_breadcrumbs\WS_FTP.LOG --> ftp3.ftptoyoursite.com /web/content/modules/mod_breadcrumbs WS_FTP.LOG
2013.02.01 15:02 B C:\inetpub\wwwroot\modules\mod_breadcrumbs\WS_FTP.LOG <-- Schubert Rackspace /web/content/modules/mod_breadcrumbs WS_FTP.LOG
