2012.07.25 12:18 B C:\Users\COBRIEN\Desktop\Schubert\libraries\phputf8\index.html <-- Schubert Rackspace /web/content/libraries/phputf8 index.html
2012.07.25 12:18 B C:\Users\COBRIEN\Desktop\Schubert\libraries\phputf8\LICENSE <-- Schubert Rackspace /web/content/libraries/phputf8 LICENSE
2012.07.25 12:18 B C:\Users\COBRIEN\Desktop\Schubert\libraries\phputf8\ord.php <-- Schubert Rackspace /web/content/libraries/phputf8 ord.php
2012.07.25 12:18 B C:\Users\COBRIEN\Desktop\Schubert\libraries\phputf8\README <-- Schubert Rackspace /web/content/libraries/phputf8 README
2012.07.25 12:18 B C:\Users\COBRIEN\Desktop\Schubert\libraries\phputf8\str_ireplace.php <-- Schubert Rackspace /web/content/libraries/phputf8 str_ireplace.php
2012.07.25 12:18 B C:\Users\COBRIEN\Desktop\Schubert\libraries\phputf8\str_pad.php <-- Schubert Rackspace /web/content/libraries/phputf8 str_pad.php
2012.07.25 12:18 B C:\Users\COBRIEN\Desktop\Schubert\libraries\phputf8\str_split.php <-- Schubert Rackspace /web/content/libraries/phputf8 str_split.php
2012.07.25 12:18 B C:\Users\COBRIEN\Desktop\Schubert\libraries\phputf8\strcasecmp.php <-- Schubert Rackspace /web/content/libraries/phputf8 strcasecmp.php
2012.07.25 12:18 B C:\Users\COBRIEN\Desktop\Schubert\libraries\phputf8\strcspn.php <-- Schubert Rackspace /web/content/libraries/phputf8 strcspn.php
2012.07.25 12:18 B C:\Users\COBRIEN\Desktop\Schubert\libraries\phputf8\stristr.php <-- Schubert Rackspace /web/content/libraries/phputf8 stristr.php
2012.07.25 12:18 B C:\Users\COBRIEN\Desktop\Schubert\libraries\phputf8\strrev.php <-- Schubert Rackspace /web/content/libraries/phputf8 strrev.php
2012.07.25 12:18 B C:\Users\COBRIEN\Desktop\Schubert\libraries\phputf8\strspn.php <-- Schubert Rackspace /web/content/libraries/phputf8 strspn.php
2012.07.25 12:18 B C:\Users\COBRIEN\Desktop\Schubert\libraries\phputf8\substr_replace.php <-- Schubert Rackspace /web/content/libraries/phputf8 substr_replace.php
2012.07.25 12:18 B C:\Users\COBRIEN\Desktop\Schubert\libraries\phputf8\trim.php <-- Schubert Rackspace /web/content/libraries/phputf8 trim.php
2012.07.25 12:18 B C:\Users\COBRIEN\Desktop\Schubert\libraries\phputf8\ucfirst.php <-- Schubert Rackspace /web/content/libraries/phputf8 ucfirst.php
2012.07.25 12:18 B C:\Users\COBRIEN\Desktop\Schubert\libraries\phputf8\ucwords.php <-- Schubert Rackspace /web/content/libraries/phputf8 ucwords.php
2012.07.25 12:18 B C:\Users\COBRIEN\Desktop\Schubert\libraries\phputf8\utf8.php <-- Schubert Rackspace /web/content/libraries/phputf8 utf8.php
2012.09.04 10:54 B C:\inetpub\wwwroot\libraries\phputf8\index.html --> ftp3.ftptoyoursite.com /web/content/SITE-TEST/libraries/phputf8 index.html
2012.09.04 10:54 B C:\inetpub\wwwroot\libraries\phputf8\LICENSE --> ftp3.ftptoyoursite.com /web/content/SITE-TEST/libraries/phputf8 LICENSE
2012.09.04 10:54 B C:\inetpub\wwwroot\libraries\phputf8\ord.php --> ftp3.ftptoyoursite.com /web/content/SITE-TEST/libraries/phputf8 ord.php
2012.09.04 10:54 B C:\inetpub\wwwroot\libraries\phputf8\README --> ftp3.ftptoyoursite.com /web/content/SITE-TEST/libraries/phputf8 README
2012.09.04 10:54 B C:\inetpub\wwwroot\libraries\phputf8\str_ireplace.php --> ftp3.ftptoyoursite.com /web/content/SITE-TEST/libraries/phputf8 str_ireplace.php
2012.09.04 10:54 B C:\inetpub\wwwroot\libraries\phputf8\str_pad.php --> ftp3.ftptoyoursite.com /web/content/SITE-TEST/libraries/phputf8 str_pad.php
2012.09.04 10:54 B C:\inetpub\wwwroot\libraries\phputf8\str_split.php --> ftp3.ftptoyoursite.com /web/content/SITE-TEST/libraries/phputf8 str_split.php
2012.09.04 10:54 B C:\inetpub\wwwroot\libraries\phputf8\strcasecmp.php --> ftp3.ftptoyoursite.com /web/content/SITE-TEST/libraries/phputf8 strcasecmp.php
2012.09.04 10:54 B C:\inetpub\wwwroot\libraries\phputf8\strcspn.php --> ftp3.ftptoyoursite.com /web/content/SITE-TEST/libraries/phputf8 strcspn.php
2012.09.04 10:54 B C:\inetpub\wwwroot\libraries\phputf8\stristr.php --> ftp3.ftptoyoursite.com /web/content/SITE-TEST/libraries/phputf8 stristr.php
2012.09.04 10:54 B C:\inetpub\wwwroot\libraries\phputf8\strrev.php --> ftp3.ftptoyoursite.com /web/content/SITE-TEST/libraries/phputf8 strrev.php
2012.09.04 10:54 B C:\inetpub\wwwroot\libraries\phputf8\strspn.php --> ftp3.ftptoyoursite.com /web/content/SITE-TEST/libraries/phputf8 strspn.php
2012.09.04 10:54 B C:\inetpub\wwwroot\libraries\phputf8\substr_replace.php --> ftp3.ftptoyoursite.com /web/content/SITE-TEST/libraries/phputf8 substr_replace.php
2012.09.04 10:54 B C:\inetpub\wwwroot\libraries\phputf8\trim.php --> ftp3.ftptoyoursite.com /web/content/SITE-TEST/libraries/phputf8 trim.php
2012.09.04 10:54 B C:\inetpub\wwwroot\libraries\phputf8\ucfirst.php --> ftp3.ftptoyoursite.com /web/content/SITE-TEST/libraries/phputf8 ucfirst.php
2012.09.04 10:54 B C:\inetpub\wwwroot\libraries\phputf8\ucwords.php --> ftp3.ftptoyoursite.com /web/content/SITE-TEST/libraries/phputf8 ucwords.php
2012.09.04 10:54 B C:\inetpub\wwwroot\libraries\phputf8\utf8.php --> ftp3.ftptoyoursite.com /web/content/SITE-TEST/libraries/phputf8 utf8.php
2012.09.04 10:54 B C:\inetpub\wwwroot\libraries\phputf8\WS_FTP.LOG --> ftp3.ftptoyoursite.com /web/content/SITE-TEST/libraries/phputf8 WS_FTP.LOG
2012.09.06 15:13 B C:\inetpub\wwwroot\libraries\phputf8\index.html --> ftp3.ftptoyoursite.com /web/content/SITEBACKUP_962012/libraries/phputf8 index.html
2012.09.06 15:13 B C:\inetpub\wwwroot\libraries\phputf8\LICENSE --> ftp3.ftptoyoursite.com /web/content/SITEBACKUP_962012/libraries/phputf8 LICENSE
2012.09.06 15:13 B C:\inetpub\wwwroot\libraries\phputf8\ord.php --> ftp3.ftptoyoursite.com /web/content/SITEBACKUP_962012/libraries/phputf8 ord.php
2012.09.06 15:13 B C:\inetpub\wwwroot\libraries\phputf8\README --> ftp3.ftptoyoursite.com /web/content/SITEBACKUP_962012/libraries/phputf8 README
2012.09.06 15:13 B C:\inetpub\wwwroot\libraries\phputf8\str_ireplace.php --> ftp3.ftptoyoursite.com /web/content/SITEBACKUP_962012/libraries/phputf8 str_ireplace.php
2012.09.06 15:13 B C:\inetpub\wwwroot\libraries\phputf8\str_pad.php --> ftp3.ftptoyoursite.com /web/content/SITEBACKUP_962012/libraries/phputf8 str_pad.php
2012.09.06 15:13 B C:\inetpub\wwwroot\libraries\phputf8\str_split.php --> ftp3.ftptoyoursite.com /web/content/SITEBACKUP_962012/libraries/phputf8 str_split.php
2012.09.06 15:13 B C:\inetpub\wwwroot\libraries\phputf8\strcasecmp.php --> ftp3.ftptoyoursite.com /web/content/SITEBACKUP_962012/libraries/phputf8 strcasecmp.php
2012.09.06 15:13 B C:\inetpub\wwwroot\libraries\phputf8\strcspn.php --> ftp3.ftptoyoursite.com /web/content/SITEBACKUP_962012/libraries/phputf8 strcspn.php
2012.09.06 15:13 B C:\inetpub\wwwroot\libraries\phputf8\stristr.php --> ftp3.ftptoyoursite.com /web/content/SITEBACKUP_962012/libraries/phputf8 stristr.php
2012.09.06 15:13 B C:\inetpub\wwwroot\libraries\phputf8\strrev.php --> ftp3.ftptoyoursite.com /web/content/SITEBACKUP_962012/libraries/phputf8 strrev.php
2012.09.06 15:13 B C:\inetpub\wwwroot\libraries\phputf8\strspn.php --> ftp3.ftptoyoursite.com /web/content/SITEBACKUP_962012/libraries/phputf8 strspn.php
2012.09.06 15:13 B C:\inetpub\wwwroot\libraries\phputf8\substr_replace.php --> ftp3.ftptoyoursite.com /web/content/SITEBACKUP_962012/libraries/phputf8 substr_replace.php
2012.09.06 15:13 B C:\inetpub\wwwroot\libraries\phputf8\trim.php --> ftp3.ftptoyoursite.com /web/content/SITEBACKUP_962012/libraries/phputf8 trim.php
2012.09.06 15:13 B C:\inetpub\wwwroot\libraries\phputf8\ucfirst.php --> ftp3.ftptoyoursite.com /web/content/SITEBACKUP_962012/libraries/phputf8 ucfirst.php
2012.09.06 15:13 B C:\inetpub\wwwroot\libraries\phputf8\ucwords.php --> ftp3.ftptoyoursite.com /web/content/SITEBACKUP_962012/libraries/phputf8 ucwords.php
2012.09.06 15:13 B C:\inetpub\wwwroot\libraries\phputf8\utf8.php --> ftp3.ftptoyoursite.com /web/content/SITEBACKUP_962012/libraries/phputf8 utf8.php
2012.09.06 15:13 B C:\inetpub\wwwroot\libraries\phputf8\WS_FTP.LOG --> ftp3.ftptoyoursite.com /web/content/SITEBACKUP_962012/libraries/phputf8 WS_FTP.LOG
2012.10.23 09:15 B C:\inetpub\wwwroot\libraries\phputf8\index.html --> ftp3.ftptoyoursite.com /web/content/libraries/phputf8 index.html
2012.10.23 09:15 B C:\inetpub\wwwroot\libraries\phputf8\LICENSE --> ftp3.ftptoyoursite.com /web/content/libraries/phputf8 LICENSE
2012.10.23 09:15 B C:\inetpub\wwwroot\libraries\phputf8\ord.php --> ftp3.ftptoyoursite.com /web/content/libraries/phputf8 ord.php
2012.10.23 09:15 B C:\inetpub\wwwroot\libraries\phputf8\README --> ftp3.ftptoyoursite.com /web/content/libraries/phputf8 README
2012.10.23 09:15 B C:\inetpub\wwwroot\libraries\phputf8\str_ireplace.php --> ftp3.ftptoyoursite.com /web/content/libraries/phputf8 str_ireplace.php
2012.10.23 09:15 B C:\inetpub\wwwroot\libraries\phputf8\str_pad.php --> ftp3.ftptoyoursite.com /web/content/libraries/phputf8 str_pad.php
2012.10.23 09:15 B C:\inetpub\wwwroot\libraries\phputf8\str_split.php --> ftp3.ftptoyoursite.com /web/content/libraries/phputf8 str_split.php
2012.10.23 09:15 B C:\inetpub\wwwroot\libraries\phputf8\strcasecmp.php --> ftp3.ftptoyoursite.com /web/content/libraries/phputf8 strcasecmp.php
2012.10.23 09:15 B C:\inetpub\wwwroot\libraries\phputf8\strcspn.php --> ftp3.ftptoyoursite.com /web/content/libraries/phputf8 strcspn.php
2012.10.23 09:15 B C:\inetpub\wwwroot\libraries\phputf8\stristr.php --> ftp3.ftptoyoursite.com /web/content/libraries/phputf8 stristr.php
2012.10.23 09:15 B C:\inetpub\wwwroot\libraries\phputf8\strrev.php --> ftp3.ftptoyoursite.com /web/content/libraries/phputf8 strrev.php
2012.10.23 09:15 B C:\inetpub\wwwroot\libraries\phputf8\strspn.php --> ftp3.ftptoyoursite.com /web/content/libraries/phputf8 strspn.php
2012.10.23 09:15 B C:\inetpub\wwwroot\libraries\phputf8\substr_replace.php --> ftp3.ftptoyoursite.com /web/content/libraries/phputf8 substr_replace.php
2012.10.23 09:15 B C:\inetpub\wwwroot\libraries\phputf8\trim.php --> ftp3.ftptoyoursite.com /web/content/libraries/phputf8 trim.php
2012.10.23 09:15 B C:\inetpub\wwwroot\libraries\phputf8\ucfirst.php --> ftp3.ftptoyoursite.com /web/content/libraries/phputf8 ucfirst.php
2012.10.23 09:15 B C:\inetpub\wwwroot\libraries\phputf8\ucwords.php --> ftp3.ftptoyoursite.com /web/content/libraries/phputf8 ucwords.php
2012.10.23 09:15 B C:\inetpub\wwwroot\libraries\phputf8\utf8.php --> ftp3.ftptoyoursite.com /web/content/libraries/phputf8 utf8.php
2012.10.23 09:15 B C:\inetpub\wwwroot\libraries\phputf8\WS_FTP.LOG --> ftp3.ftptoyoursite.com /web/content/libraries/phputf8 WS_FTP.LOG
2013.02.01 14:54 B C:\inetpub\wwwroot\libraries\phputf8\WS_FTP.LOG <-- Schubert Rackspace /web/content/libraries/phputf8 WS_FTP.LOG
