2012.07.25 12:20 B C:\Users\COBRIEN\Desktop\Schubert\plugins\system\nnframework\helper.php <-- Schubert Rackspace /web/content/plugins/system/nnframework helper.php
2012.07.25 12:20 B C:\Users\COBRIEN\Desktop\Schubert\plugins\system\nnframework\index.html <-- Schubert Rackspace /web/content/plugins/system/nnframework index.html
2012.07.25 12:20 B C:\Users\COBRIEN\Desktop\Schubert\plugins\system\nnframework\nnframework.php <-- Schubert Rackspace /web/content/plugins/system/nnframework nnframework.php
2012.07.25 12:20 B C:\Users\COBRIEN\Desktop\Schubert\plugins\system\nnframework\nnframework.xml <-- Schubert Rackspace /web/content/plugins/system/nnframework nnframework.xml
2012.09.04 10:58 B C:\inetpub\wwwroot\plugins\system\nnframework\helper.php --> ftp3.ftptoyoursite.com /web/content/SITE-TEST/plugins/system/nnframework helper.php
2012.09.04 10:58 B C:\inetpub\wwwroot\plugins\system\nnframework\index.html --> ftp3.ftptoyoursite.com /web/content/SITE-TEST/plugins/system/nnframework index.html
2012.09.04 10:58 B C:\inetpub\wwwroot\plugins\system\nnframework\nnframework.php --> ftp3.ftptoyoursite.com /web/content/SITE-TEST/plugins/system/nnframework nnframework.php
2012.09.04 10:58 B C:\inetpub\wwwroot\plugins\system\nnframework\nnframework.xml --> ftp3.ftptoyoursite.com /web/content/SITE-TEST/plugins/system/nnframework nnframework.xml
2012.09.04 10:58 B C:\inetpub\wwwroot\plugins\system\nnframework\WS_FTP.LOG --> ftp3.ftptoyoursite.com /web/content/SITE-TEST/plugins/system/nnframework WS_FTP.LOG
2012.09.06 15:16 B C:\inetpub\wwwroot\plugins\system\nnframework\helper.php --> ftp3.ftptoyoursite.com /web/content/SITEBACKUP_962012/plugins/system/nnframework helper.php
2012.09.06 15:16 B C:\inetpub\wwwroot\plugins\system\nnframework\index.html --> ftp3.ftptoyoursite.com /web/content/SITEBACKUP_962012/plugins/system/nnframework index.html
2012.09.06 15:16 B C:\inetpub\wwwroot\plugins\system\nnframework\nnframework.php --> ftp3.ftptoyoursite.com /web/content/SITEBACKUP_962012/plugins/system/nnframework nnframework.php
2012.09.06 15:16 B C:\inetpub\wwwroot\plugins\system\nnframework\nnframework.xml --> ftp3.ftptoyoursite.com /web/content/SITEBACKUP_962012/plugins/system/nnframework nnframework.xml
2012.09.06 15:16 B C:\inetpub\wwwroot\plugins\system\nnframework\WS_FTP.LOG --> ftp3.ftptoyoursite.com /web/content/SITEBACKUP_962012/plugins/system/nnframework WS_FTP.LOG
2012.10.23 09:18 B C:\inetpub\wwwroot\plugins\system\nnframework\helper.php --> ftp3.ftptoyoursite.com /web/content/plugins/system/nnframework helper.php
2012.10.23 09:18 B C:\inetpub\wwwroot\plugins\system\nnframework\index.html --> ftp3.ftptoyoursite.com /web/content/plugins/system/nnframework index.html
2012.10.23 09:18 B C:\inetpub\wwwroot\plugins\system\nnframework\nnframework.php --> ftp3.ftptoyoursite.com /web/content/plugins/system/nnframework nnframework.php
2012.10.23 09:18 B C:\inetpub\wwwroot\plugins\system\nnframework\nnframework.xml --> ftp3.ftptoyoursite.com /web/content/plugins/system/nnframework nnframework.xml
2012.10.23 09:18 B C:\inetpub\wwwroot\plugins\system\nnframework\WS_FTP.LOG --> ftp3.ftptoyoursite.com /web/content/plugins/system/nnframework WS_FTP.LOG
2013.02.01 15:04 B C:\inetpub\wwwroot\plugins\system\nnframework\WS_FTP.LOG <-- Schubert Rackspace /web/content/plugins/system/nnframework WS_FTP.LOG
