2012.07.25 12:14 B C:\Users\COBRIEN\Desktop\Schubert\administrator\templates\hathor\images\toolbar\icon-32-adduser.png <-- Schubert Rackspace /web/content/administrator/templates/hathor/images/toolbar icon-32-adduser.png
2012.07.25 12:14 B C:\Users\COBRIEN\Desktop\Schubert\administrator\templates\hathor\images\toolbar\icon-32-alert.png <-- Schubert Rackspace /web/content/administrator/templates/hathor/images/toolbar icon-32-alert.png
2012.07.25 12:14 B C:\Users\COBRIEN\Desktop\Schubert\administrator\templates\hathor\images\toolbar\icon-32-apply.png <-- Schubert Rackspace /web/content/administrator/templates/hathor/images/toolbar icon-32-apply.png
2012.07.25 12:14 B C:\Users\COBRIEN\Desktop\Schubert\administrator\templates\hathor\images\toolbar\icon-32-archive.png <-- Schubert Rackspace /web/content/administrator/templates/hathor/images/toolbar icon-32-archive.png
2012.07.25 12:14 B C:\Users\COBRIEN\Desktop\Schubert\administrator\templates\hathor\images\toolbar\icon-32-article-add.png <-- Schubert Rackspace /web/content/administrator/templates/hathor/images/toolbar icon-32-article-add.png
2012.07.25 12:14 B C:\Users\COBRIEN\Desktop\Schubert\administrator\templates\hathor\images\toolbar\icon-32-article.png <-- Schubert Rackspace /web/content/administrator/templates/hathor/images/toolbar icon-32-article.png
2012.07.25 12:14 B C:\Users\COBRIEN\Desktop\Schubert\administrator\templates\hathor\images\toolbar\icon-32-back.png <-- Schubert Rackspace /web/content/administrator/templates/hathor/images/toolbar icon-32-back.png
2012.07.25 12:14 B C:\Users\COBRIEN\Desktop\Schubert\administrator\templates\hathor\images\toolbar\icon-32-banner-categories.png <-- Schubert Rackspace /web/content/administrator/templates/hathor/images/toolbar icon-32-banner-categories.png
2012.07.25 12:14 B C:\Users\COBRIEN\Desktop\Schubert\administrator\templates\hathor\images\toolbar\icon-32-banner-client.png <-- Schubert Rackspace /web/content/administrator/templates/hathor/images/toolbar icon-32-banner-client.png
2012.07.25 12:14 B C:\Users\COBRIEN\Desktop\Schubert\administrator\templates\hathor\images\toolbar\icon-32-banner-tracks.png <-- Schubert Rackspace /web/content/administrator/templates/hathor/images/toolbar icon-32-banner-tracks.png
2012.07.25 12:14 B C:\Users\COBRIEN\Desktop\Schubert\administrator\templates\hathor\images\toolbar\icon-32-banner.png <-- Schubert Rackspace /web/content/administrator/templates/hathor/images/toolbar icon-32-banner.png
2012.07.25 12:14 B C:\Users\COBRIEN\Desktop\Schubert\administrator\templates\hathor\images\toolbar\icon-32-calendar.png <-- Schubert Rackspace /web/content/administrator/templates/hathor/images/toolbar icon-32-calendar.png
2012.07.25 12:14 B C:\Users\COBRIEN\Desktop\Schubert\administrator\templates\hathor\images\toolbar\icon-32-cancel.png <-- Schubert Rackspace /web/content/administrator/templates/hathor/images/toolbar icon-32-cancel.png
2012.07.25 12:14 B C:\Users\COBRIEN\Desktop\Schubert\administrator\templates\hathor\images\toolbar\icon-32-checkin.png <-- Schubert Rackspace /web/content/administrator/templates/hathor/images/toolbar icon-32-checkin.png
2012.07.25 12:14 B C:\Users\COBRIEN\Desktop\Schubert\administrator\templates\hathor\images\toolbar\icon-32-component.png <-- Schubert Rackspace /web/content/administrator/templates/hathor/images/toolbar icon-32-component.png
2012.07.25 12:14 B C:\Users\COBRIEN\Desktop\Schubert\administrator\templates\hathor\images\toolbar\icon-32-config.png <-- Schubert Rackspace /web/content/administrator/templates/hathor/images/toolbar icon-32-config.png
2012.07.25 12:14 B C:\Users\COBRIEN\Desktop\Schubert\administrator\templates\hathor\images\toolbar\icon-32-contacts-categories.png <-- Schubert Rackspace /web/content/administrator/templates/hathor/images/toolbar icon-32-contacts-categories.png
2012.07.25 12:14 B C:\Users\COBRIEN\Desktop\Schubert\administrator\templates\hathor\images\toolbar\icon-32-contacts.png <-- Schubert Rackspace /web/content/administrator/templates/hathor/images/toolbar icon-32-contacts.png
2012.07.25 12:14 B C:\Users\COBRIEN\Desktop\Schubert\administrator\templates\hathor\images\toolbar\icon-32-copy.png <-- Schubert Rackspace /web/content/administrator/templates/hathor/images/toolbar icon-32-copy.png
2012.07.25 12:14 B C:\Users\COBRIEN\Desktop\Schubert\administrator\templates\hathor\images\toolbar\icon-32-css.png <-- Schubert Rackspace /web/content/administrator/templates/hathor/images/toolbar icon-32-css.png
2012.07.25 12:14 B C:\Users\COBRIEN\Desktop\Schubert\administrator\templates\hathor\images\toolbar\icon-32-default.png <-- Schubert Rackspace /web/content/administrator/templates/hathor/images/toolbar icon-32-default.png
2012.07.25 12:14 B C:\Users\COBRIEN\Desktop\Schubert\administrator\templates\hathor\images\toolbar\icon-32-delete-style.png <-- Schubert Rackspace /web/content/administrator/templates/hathor/images/toolbar icon-32-delete-style.png
2012.07.25 12:14 B C:\Users\COBRIEN\Desktop\Schubert\administrator\templates\hathor\images\toolbar\icon-32-delete.png <-- Schubert Rackspace /web/content/administrator/templates/hathor/images/toolbar icon-32-delete.png
2012.07.25 12:14 B C:\Users\COBRIEN\Desktop\Schubert\administrator\templates\hathor\images\toolbar\icon-32-deny.png <-- Schubert Rackspace /web/content/administrator/templates/hathor/images/toolbar icon-32-deny.png
2012.07.25 12:14 B C:\Users\COBRIEN\Desktop\Schubert\administrator\templates\hathor\images\toolbar\icon-32-download.png <-- Schubert Rackspace /web/content/administrator/templates/hathor/images/toolbar icon-32-download.png
2012.07.25 12:14 B C:\Users\COBRIEN\Desktop\Schubert\administrator\templates\hathor\images\toolbar\icon-32-edit.png <-- Schubert Rackspace /web/content/administrator/templates/hathor/images/toolbar icon-32-edit.png
2012.07.25 12:14 B C:\Users\COBRIEN\Desktop\Schubert\administrator\templates\hathor\images\toolbar\icon-32-error.png <-- Schubert Rackspace /web/content/administrator/templates/hathor/images/toolbar icon-32-error.png
2012.07.25 12:14 B C:\Users\COBRIEN\Desktop\Schubert\administrator\templates\hathor\images\toolbar\icon-32-export.png <-- Schubert Rackspace /web/content/administrator/templates/hathor/images/toolbar icon-32-export.png
2012.07.25 12:14 B C:\Users\COBRIEN\Desktop\Schubert\administrator\templates\hathor\images\toolbar\icon-32-featured.png <-- Schubert Rackspace /web/content/administrator/templates/hathor/images/toolbar icon-32-featured.png
2012.07.25 12:14 B C:\Users\COBRIEN\Desktop\Schubert\administrator\templates\hathor\images\toolbar\icon-32-forward.png <-- Schubert Rackspace /web/content/administrator/templates/hathor/images/toolbar icon-32-forward.png
2012.07.25 12:14 B C:\Users\COBRIEN\Desktop\Schubert\administrator\templates\hathor\images\toolbar\icon-32-help.png <-- Schubert Rackspace /web/content/administrator/templates/hathor/images/toolbar icon-32-help.png
2012.07.25 12:14 B C:\Users\COBRIEN\Desktop\Schubert\administrator\templates\hathor\images\toolbar\icon-32-html.png <-- Schubert Rackspace /web/content/administrator/templates/hathor/images/toolbar icon-32-html.png
2012.07.25 12:14 B C:\Users\COBRIEN\Desktop\Schubert\administrator\templates\hathor\images\toolbar\icon-32-inbox.png <-- Schubert Rackspace /web/content/administrator/templates/hathor/images/toolbar icon-32-inbox.png
2012.07.25 12:14 B C:\Users\COBRIEN\Desktop\Schubert\administrator\templates\hathor\images\toolbar\icon-32-info.png <-- Schubert Rackspace /web/content/administrator/templates/hathor/images/toolbar icon-32-info.png
2012.07.25 12:14 B C:\Users\COBRIEN\Desktop\Schubert\administrator\templates\hathor\images\toolbar\icon-32-links.png <-- Schubert Rackspace /web/content/administrator/templates/hathor/images/toolbar icon-32-links.png
2012.07.25 12:14 B C:\Users\COBRIEN\Desktop\Schubert\administrator\templates\hathor\images\toolbar\icon-32-lock.png <-- Schubert Rackspace /web/content/administrator/templates/hathor/images/toolbar icon-32-lock.png
2012.07.25 12:14 B C:\Users\COBRIEN\Desktop\Schubert\administrator\templates\hathor\images\toolbar\icon-32-menu.png <-- Schubert Rackspace /web/content/administrator/templates/hathor/images/toolbar icon-32-menu.png
2012.07.25 12:14 B C:\Users\COBRIEN\Desktop\Schubert\administrator\templates\hathor\images\toolbar\icon-32-messaging.png <-- Schubert Rackspace /web/content/administrator/templates/hathor/images/toolbar icon-32-messaging.png
2012.07.25 12:14 B C:\Users\COBRIEN\Desktop\Schubert\administrator\templates\hathor\images\toolbar\icon-32-messanging.png <-- Schubert Rackspace /web/content/administrator/templates/hathor/images/toolbar icon-32-messanging.png
2012.07.25 12:14 B C:\Users\COBRIEN\Desktop\Schubert\administrator\templates\hathor\images\toolbar\icon-32-module.png <-- Schubert Rackspace /web/content/administrator/templates/hathor/images/toolbar icon-32-module.png
2012.07.25 12:14 B C:\Users\COBRIEN\Desktop\Schubert\administrator\templates\hathor\images\toolbar\icon-32-move.png <-- Schubert Rackspace /web/content/administrator/templates/hathor/images/toolbar icon-32-move.png
2012.07.25 12:14 B C:\Users\COBRIEN\Desktop\Schubert\administrator\templates\hathor\images\toolbar\icon-32-new-privatemessage.png <-- Schubert Rackspace /web/content/administrator/templates/hathor/images/toolbar icon-32-new-privatemessage.png
2012.07.25 12:14 B C:\Users\COBRIEN\Desktop\Schubert\administrator\templates\hathor\images\toolbar\icon-32-new-style.png <-- Schubert Rackspace /web/content/administrator/templates/hathor/images/toolbar icon-32-new-style.png
2012.07.25 12:14 B C:\Users\COBRIEN\Desktop\Schubert\administrator\templates\hathor\images\toolbar\icon-32-new.png <-- Schubert Rackspace /web/content/administrator/templates/hathor/images/toolbar icon-32-new.png
2012.07.25 12:14 B C:\Users\COBRIEN\Desktop\Schubert\administrator\templates\hathor\images\toolbar\icon-32-notice.png <-- Schubert Rackspace /web/content/administrator/templates/hathor/images/toolbar icon-32-notice.png
2012.07.25 12:14 B C:\Users\COBRIEN\Desktop\Schubert\administrator\templates\hathor\images\toolbar\icon-32-preview.png <-- Schubert Rackspace /web/content/administrator/templates/hathor/images/toolbar icon-32-preview.png
2012.07.25 12:14 B C:\Users\COBRIEN\Desktop\Schubert\administrator\templates\hathor\images\toolbar\icon-32-print.png <-- Schubert Rackspace /web/content/administrator/templates/hathor/images/toolbar icon-32-print.png
2012.07.25 12:14 B C:\Users\COBRIEN\Desktop\Schubert\administrator\templates\hathor\images\toolbar\icon-32-publish.png <-- Schubert Rackspace /web/content/administrator/templates/hathor/images/toolbar icon-32-publish.png
2012.07.25 12:14 B C:\Users\COBRIEN\Desktop\Schubert\administrator\templates\hathor\images\toolbar\icon-32-purge.png <-- Schubert Rackspace /web/content/administrator/templates/hathor/images/toolbar icon-32-purge.png
2012.07.25 12:14 B C:\Users\COBRIEN\Desktop\Schubert\administrator\templates\hathor\images\toolbar\icon-32-read-privatemessage.png <-- Schubert Rackspace /web/content/administrator/templates/hathor/images/toolbar icon-32-read-privatemessage.png
2012.07.25 12:14 B C:\Users\COBRIEN\Desktop\Schubert\administrator\templates\hathor\images\toolbar\icon-32-refresh.png <-- Schubert Rackspace /web/content/administrator/templates/hathor/images/toolbar icon-32-refresh.png
2012.07.25 12:14 B C:\Users\COBRIEN\Desktop\Schubert\administrator\templates\hathor\images\toolbar\icon-32-remove.png <-- Schubert Rackspace /web/content/administrator/templates/hathor/images/toolbar icon-32-remove.png
2012.07.25 12:14 B C:\Users\COBRIEN\Desktop\Schubert\administrator\templates\hathor\images\toolbar\icon-32-revert.png <-- Schubert Rackspace /web/content/administrator/templates/hathor/images/toolbar icon-32-revert.png
2012.07.25 12:14 B C:\Users\COBRIEN\Desktop\Schubert\administrator\templates\hathor\images\toolbar\icon-32-save-copy.png <-- Schubert Rackspace /web/content/administrator/templates/hathor/images/toolbar icon-32-save-copy.png
2012.07.25 12:14 B C:\Users\COBRIEN\Desktop\Schubert\administrator\templates\hathor\images\toolbar\icon-32-save-new.png <-- Schubert Rackspace /web/content/administrator/templates/hathor/images/toolbar icon-32-save-new.png
2012.07.25 12:14 B C:\Users\COBRIEN\Desktop\Schubert\administrator\templates\hathor\images\toolbar\icon-32-save.png <-- Schubert Rackspace /web/content/administrator/templates/hathor/images/toolbar icon-32-save.png
2012.07.25 12:14 B C:\Users\COBRIEN\Desktop\Schubert\administrator\templates\hathor\images\toolbar\icon-32-search.png <-- Schubert Rackspace /web/content/administrator/templates/hathor/images/toolbar icon-32-search.png
2012.07.25 12:14 B C:\Users\COBRIEN\Desktop\Schubert\administrator\templates\hathor\images\toolbar\icon-32-send.png <-- Schubert Rackspace /web/content/administrator/templates/hathor/images/toolbar icon-32-send.png
2012.07.25 12:14 B C:\Users\COBRIEN\Desktop\Schubert\administrator\templates\hathor\images\toolbar\icon-32-stats.png <-- Schubert Rackspace /web/content/administrator/templates/hathor/images/toolbar icon-32-stats.png
2012.07.25 12:14 B C:\Users\COBRIEN\Desktop\Schubert\administrator\templates\hathor\images\toolbar\icon-32-trash.png <-- Schubert Rackspace /web/content/administrator/templates/hathor/images/toolbar icon-32-trash.png
2012.07.25 12:14 B C:\Users\COBRIEN\Desktop\Schubert\administrator\templates\hathor\images\toolbar\icon-32-unarchive.png <-- Schubert Rackspace /web/content/administrator/templates/hathor/images/toolbar icon-32-unarchive.png
2012.07.25 12:14 B C:\Users\COBRIEN\Desktop\Schubert\administrator\templates\hathor\images\toolbar\icon-32-unblock.png <-- Schubert Rackspace /web/content/administrator/templates/hathor/images/toolbar icon-32-unblock.png
2012.07.25 12:14 B C:\Users\COBRIEN\Desktop\Schubert\administrator\templates\hathor\images\toolbar\icon-32-unpublish.png <-- Schubert Rackspace /web/content/administrator/templates/hathor/images/toolbar icon-32-unpublish.png
2012.07.25 12:14 B C:\Users\COBRIEN\Desktop\Schubert\administrator\templates\hathor\images\toolbar\icon-32-upload.png <-- Schubert Rackspace /web/content/administrator/templates/hathor/images/toolbar icon-32-upload.png
2012.07.25 12:14 B C:\Users\COBRIEN\Desktop\Schubert\administrator\templates\hathor\images\toolbar\icon-32-user-add.png <-- Schubert Rackspace /web/content/administrator/templates/hathor/images/toolbar icon-32-user-add.png
2012.07.25 12:14 B C:\Users\COBRIEN\Desktop\Schubert\administrator\templates\hathor\images\toolbar\icon-32-xml.png <-- Schubert Rackspace /web/content/administrator/templates/hathor/images/toolbar icon-32-xml.png
2012.07.25 12:14 B C:\Users\COBRIEN\Desktop\Schubert\administrator\templates\hathor\images\toolbar\index.html <-- Schubert Rackspace /web/content/administrator/templates/hathor/images/toolbar index.html
2012.09.04 10:48 B C:\inetpub\wwwroot\administrator\templates\hathor\images\toolbar\icon-32-adduser.png --> ftp3.ftptoyoursite.com /web/content/SITE-TEST/administrator/templates/hathor/images/toolbar icon-32-adduser.png
2012.09.04 10:48 B C:\inetpub\wwwroot\administrator\templates\hathor\images\toolbar\icon-32-alert.png --> ftp3.ftptoyoursite.com /web/content/SITE-TEST/administrator/templates/hathor/images/toolbar icon-32-alert.png
2012.09.04 10:48 B C:\inetpub\wwwroot\administrator\templates\hathor\images\toolbar\icon-32-apply.png --> ftp3.ftptoyoursite.com /web/content/SITE-TEST/administrator/templates/hathor/images/toolbar icon-32-apply.png
2012.09.04 10:48 B C:\inetpub\wwwroot\administrator\templates\hathor\images\toolbar\icon-32-archive.png --> ftp3.ftptoyoursite.com /web/content/SITE-TEST/administrator/templates/hathor/images/toolbar icon-32-archive.png
2012.09.04 10:48 B C:\inetpub\wwwroot\administrator\templates\hathor\images\toolbar\icon-32-article-add.png --> ftp3.ftptoyoursite.com /web/content/SITE-TEST/administrator/templates/hathor/images/toolbar icon-32-article-add.png
2012.09.04 10:48 B C:\inetpub\wwwroot\administrator\templates\hathor\images\toolbar\icon-32-article.png --> ftp3.ftptoyoursite.com /web/content/SITE-TEST/administrator/templates/hathor/images/toolbar icon-32-article.png
2012.09.04 10:48 B C:\inetpub\wwwroot\administrator\templates\hathor\images\toolbar\icon-32-back.png --> ftp3.ftptoyoursite.com /web/content/SITE-TEST/administrator/templates/hathor/images/toolbar icon-32-back.png
2012.09.04 10:48 B C:\inetpub\wwwroot\administrator\templates\hathor\images\toolbar\icon-32-banner-categories.png --> ftp3.ftptoyoursite.com /web/content/SITE-TEST/administrator/templates/hathor/images/toolbar icon-32-banner-categories.png
2012.09.04 10:48 B C:\inetpub\wwwroot\administrator\templates\hathor\images\toolbar\icon-32-banner-client.png --> ftp3.ftptoyoursite.com /web/content/SITE-TEST/administrator/templates/hathor/images/toolbar icon-32-banner-client.png
2012.09.04 10:48 B C:\inetpub\wwwroot\administrator\templates\hathor\images\toolbar\icon-32-banner-tracks.png --> ftp3.ftptoyoursite.com /web/content/SITE-TEST/administrator/templates/hathor/images/toolbar icon-32-banner-tracks.png
2012.09.04 10:48 B C:\inetpub\wwwroot\administrator\templates\hathor\images\toolbar\icon-32-banner.png --> ftp3.ftptoyoursite.com /web/content/SITE-TEST/administrator/templates/hathor/images/toolbar icon-32-banner.png
2012.09.04 10:48 B C:\inetpub\wwwroot\administrator\templates\hathor\images\toolbar\icon-32-calendar.png --> ftp3.ftptoyoursite.com /web/content/SITE-TEST/administrator/templates/hathor/images/toolbar icon-32-calendar.png
2012.09.04 10:48 B C:\inetpub\wwwroot\administrator\templates\hathor\images\toolbar\icon-32-cancel.png --> ftp3.ftptoyoursite.com /web/content/SITE-TEST/administrator/templates/hathor/images/toolbar icon-32-cancel.png
2012.09.04 10:48 B C:\inetpub\wwwroot\administrator\templates\hathor\images\toolbar\icon-32-checkin.png --> ftp3.ftptoyoursite.com /web/content/SITE-TEST/administrator/templates/hathor/images/toolbar icon-32-checkin.png
2012.09.04 10:48 B C:\inetpub\wwwroot\administrator\templates\hathor\images\toolbar\icon-32-component.png --> ftp3.ftptoyoursite.com /web/content/SITE-TEST/administrator/templates/hathor/images/toolbar icon-32-component.png
2012.09.04 10:48 B C:\inetpub\wwwroot\administrator\templates\hathor\images\toolbar\icon-32-config.png --> ftp3.ftptoyoursite.com /web/content/SITE-TEST/administrator/templates/hathor/images/toolbar icon-32-config.png
2012.09.04 10:48 B C:\inetpub\wwwroot\administrator\templates\hathor\images\toolbar\icon-32-contacts-categories.png --> ftp3.ftptoyoursite.com /web/content/SITE-TEST/administrator/templates/hathor/images/toolbar icon-32-contacts-categories.png
2012.09.04 10:48 B C:\inetpub\wwwroot\administrator\templates\hathor\images\toolbar\icon-32-contacts.png --> ftp3.ftptoyoursite.com /web/content/SITE-TEST/administrator/templates/hathor/images/toolbar icon-32-contacts.png
2012.09.04 10:48 B C:\inetpub\wwwroot\administrator\templates\hathor\images\toolbar\icon-32-copy.png --> ftp3.ftptoyoursite.com /web/content/SITE-TEST/administrator/templates/hathor/images/toolbar icon-32-copy.png
2012.09.04 10:48 B C:\inetpub\wwwroot\administrator\templates\hathor\images\toolbar\icon-32-css.png --> ftp3.ftptoyoursite.com /web/content/SITE-TEST/administrator/templates/hathor/images/toolbar icon-32-css.png
2012.09.04 10:48 B C:\inetpub\wwwroot\administrator\templates\hathor\images\toolbar\icon-32-default.png --> ftp3.ftptoyoursite.com /web/content/SITE-TEST/administrator/templates/hathor/images/toolbar icon-32-default.png
2012.09.04 10:48 B C:\inetpub\wwwroot\administrator\templates\hathor\images\toolbar\icon-32-delete-style.png --> ftp3.ftptoyoursite.com /web/content/SITE-TEST/administrator/templates/hathor/images/toolbar icon-32-delete-style.png
2012.09.04 10:48 B C:\inetpub\wwwroot\administrator\templates\hathor\images\toolbar\icon-32-delete.png --> ftp3.ftptoyoursite.com /web/content/SITE-TEST/administrator/templates/hathor/images/toolbar icon-32-delete.png
2012.09.04 10:48 B C:\inetpub\wwwroot\administrator\templates\hathor\images\toolbar\icon-32-deny.png --> ftp3.ftptoyoursite.com /web/content/SITE-TEST/administrator/templates/hathor/images/toolbar icon-32-deny.png
2012.09.04 10:48 B C:\inetpub\wwwroot\administrator\templates\hathor\images\toolbar\icon-32-download.png --> ftp3.ftptoyoursite.com /web/content/SITE-TEST/administrator/templates/hathor/images/toolbar icon-32-download.png
2012.09.04 10:48 B C:\inetpub\wwwroot\administrator\templates\hathor\images\toolbar\icon-32-edit.png --> ftp3.ftptoyoursite.com /web/content/SITE-TEST/administrator/templates/hathor/images/toolbar icon-32-edit.png
2012.09.04 10:48 B C:\inetpub\wwwroot\administrator\templates\hathor\images\toolbar\icon-32-error.png --> ftp3.ftptoyoursite.com /web/content/SITE-TEST/administrator/templates/hathor/images/toolbar icon-32-error.png
2012.09.04 10:48 B C:\inetpub\wwwroot\administrator\templates\hathor\images\toolbar\icon-32-export.png --> ftp3.ftptoyoursite.com /web/content/SITE-TEST/administrator/templates/hathor/images/toolbar icon-32-export.png
2012.09.04 10:48 B C:\inetpub\wwwroot\administrator\templates\hathor\images\toolbar\icon-32-featured.png --> ftp3.ftptoyoursite.com /web/content/SITE-TEST/administrator/templates/hathor/images/toolbar icon-32-featured.png
2012.09.04 10:48 B C:\inetpub\wwwroot\administrator\templates\hathor\images\toolbar\icon-32-forward.png --> ftp3.ftptoyoursite.com /web/content/SITE-TEST/administrator/templates/hathor/images/toolbar icon-32-forward.png
2012.09.04 10:48 B C:\inetpub\wwwroot\administrator\templates\hathor\images\toolbar\icon-32-help.png --> ftp3.ftptoyoursite.com /web/content/SITE-TEST/administrator/templates/hathor/images/toolbar icon-32-help.png
2012.09.04 10:48 B C:\inetpub\wwwroot\administrator\templates\hathor\images\toolbar\icon-32-html.png --> ftp3.ftptoyoursite.com /web/content/SITE-TEST/administrator/templates/hathor/images/toolbar icon-32-html.png
2012.09.04 10:48 B C:\inetpub\wwwroot\administrator\templates\hathor\images\toolbar\icon-32-inbox.png --> ftp3.ftptoyoursite.com /web/content/SITE-TEST/administrator/templates/hathor/images/toolbar icon-32-inbox.png
2012.09.04 10:48 B C:\inetpub\wwwroot\administrator\templates\hathor\images\toolbar\icon-32-info.png --> ftp3.ftptoyoursite.com /web/content/SITE-TEST/administrator/templates/hathor/images/toolbar icon-32-info.png
2012.09.04 10:48 B C:\inetpub\wwwroot\administrator\templates\hathor\images\toolbar\icon-32-links.png --> ftp3.ftptoyoursite.com /web/content/SITE-TEST/administrator/templates/hathor/images/toolbar icon-32-links.png
2012.09.04 10:48 B C:\inetpub\wwwroot\administrator\templates\hathor\images\toolbar\icon-32-lock.png --> ftp3.ftptoyoursite.com /web/content/SITE-TEST/administrator/templates/hathor/images/toolbar icon-32-lock.png
2012.09.04 10:48 B C:\inetpub\wwwroot\administrator\templates\hathor\images\toolbar\icon-32-menu.png --> ftp3.ftptoyoursite.com /web/content/SITE-TEST/administrator/templates/hathor/images/toolbar icon-32-menu.png
2012.09.04 10:48 B C:\inetpub\wwwroot\administrator\templates\hathor\images\toolbar\icon-32-messaging.png --> ftp3.ftptoyoursite.com /web/content/SITE-TEST/administrator/templates/hathor/images/toolbar icon-32-messaging.png
2012.09.04 10:48 B C:\inetpub\wwwroot\administrator\templates\hathor\images\toolbar\icon-32-messanging.png --> ftp3.ftptoyoursite.com /web/content/SITE-TEST/administrator/templates/hathor/images/toolbar icon-32-messanging.png
2012.09.04 10:48 B C:\inetpub\wwwroot\administrator\templates\hathor\images\toolbar\icon-32-module.png --> ftp3.ftptoyoursite.com /web/content/SITE-TEST/administrator/templates/hathor/images/toolbar icon-32-module.png
2012.09.04 10:48 B C:\inetpub\wwwroot\administrator\templates\hathor\images\toolbar\icon-32-move.png --> ftp3.ftptoyoursite.com /web/content/SITE-TEST/administrator/templates/hathor/images/toolbar icon-32-move.png
2012.09.04 10:48 B C:\inetpub\wwwroot\administrator\templates\hathor\images\toolbar\icon-32-new-privatemessage.png --> ftp3.ftptoyoursite.com /web/content/SITE-TEST/administrator/templates/hathor/images/toolbar icon-32-new-privatemessage.png
2012.09.04 10:48 B C:\inetpub\wwwroot\administrator\templates\hathor\images\toolbar\icon-32-new-style.png --> ftp3.ftptoyoursite.com /web/content/SITE-TEST/administrator/templates/hathor/images/toolbar icon-32-new-style.png
2012.09.04 10:48 B C:\inetpub\wwwroot\administrator\templates\hathor\images\toolbar\icon-32-new.png --> ftp3.ftptoyoursite.com /web/content/SITE-TEST/administrator/templates/hathor/images/toolbar icon-32-new.png
2012.09.04 10:48 B C:\inetpub\wwwroot\administrator\templates\hathor\images\toolbar\icon-32-notice.png --> ftp3.ftptoyoursite.com /web/content/SITE-TEST/administrator/templates/hathor/images/toolbar icon-32-notice.png
2012.09.04 10:48 B C:\inetpub\wwwroot\administrator\templates\hathor\images\toolbar\icon-32-preview.png --> ftp3.ftptoyoursite.com /web/content/SITE-TEST/administrator/templates/hathor/images/toolbar icon-32-preview.png
2012.09.04 10:48 B C:\inetpub\wwwroot\administrator\templates\hathor\images\toolbar\icon-32-print.png --> ftp3.ftptoyoursite.com /web/content/SITE-TEST/administrator/templates/hathor/images/toolbar icon-32-print.png
2012.09.04 10:48 B C:\inetpub\wwwroot\administrator\templates\hathor\images\toolbar\icon-32-publish.png --> ftp3.ftptoyoursite.com /web/content/SITE-TEST/administrator/templates/hathor/images/toolbar icon-32-publish.png
2012.09.04 10:48 B C:\inetpub\wwwroot\administrator\templates\hathor\images\toolbar\icon-32-purge.png --> ftp3.ftptoyoursite.com /web/content/SITE-TEST/administrator/templates/hathor/images/toolbar icon-32-purge.png
2012.09.04 10:48 B C:\inetpub\wwwroot\administrator\templates\hathor\images\toolbar\icon-32-read-privatemessage.png --> ftp3.ftptoyoursite.com /web/content/SITE-TEST/administrator/templates/hathor/images/toolbar icon-32-read-privatemessage.png
2012.09.04 10:48 B C:\inetpub\wwwroot\administrator\templates\hathor\images\toolbar\icon-32-refresh.png --> ftp3.ftptoyoursite.com /web/content/SITE-TEST/administrator/templates/hathor/images/toolbar icon-32-refresh.png
2012.09.04 10:48 B C:\inetpub\wwwroot\administrator\templates\hathor\images\toolbar\icon-32-remove.png --> ftp3.ftptoyoursite.com /web/content/SITE-TEST/administrator/templates/hathor/images/toolbar icon-32-remove.png
2012.09.04 10:48 B C:\inetpub\wwwroot\administrator\templates\hathor\images\toolbar\icon-32-revert.png --> ftp3.ftptoyoursite.com /web/content/SITE-TEST/administrator/templates/hathor/images/toolbar icon-32-revert.png
2012.09.04 10:48 B C:\inetpub\wwwroot\administrator\templates\hathor\images\toolbar\icon-32-save-copy.png --> ftp3.ftptoyoursite.com /web/content/SITE-TEST/administrator/templates/hathor/images/toolbar icon-32-save-copy.png
2012.09.04 10:48 B C:\inetpub\wwwroot\administrator\templates\hathor\images\toolbar\icon-32-save-new.png --> ftp3.ftptoyoursite.com /web/content/SITE-TEST/administrator/templates/hathor/images/toolbar icon-32-save-new.png
2012.09.04 10:48 B C:\inetpub\wwwroot\administrator\templates\hathor\images\toolbar\icon-32-save.png --> ftp3.ftptoyoursite.com /web/content/SITE-TEST/administrator/templates/hathor/images/toolbar icon-32-save.png
2012.09.04 10:48 B C:\inetpub\wwwroot\administrator\templates\hathor\images\toolbar\icon-32-search.png --> ftp3.ftptoyoursite.com /web/content/SITE-TEST/administrator/templates/hathor/images/toolbar icon-32-search.png
2012.09.04 10:48 B C:\inetpub\wwwroot\administrator\templates\hathor\images\toolbar\icon-32-send.png --> ftp3.ftptoyoursite.com /web/content/SITE-TEST/administrator/templates/hathor/images/toolbar icon-32-send.png
2012.09.04 10:48 B C:\inetpub\wwwroot\administrator\templates\hathor\images\toolbar\icon-32-stats.png --> ftp3.ftptoyoursite.com /web/content/SITE-TEST/administrator/templates/hathor/images/toolbar icon-32-stats.png
2012.09.04 10:48 B C:\inetpub\wwwroot\administrator\templates\hathor\images\toolbar\icon-32-trash.png --> ftp3.ftptoyoursite.com /web/content/SITE-TEST/administrator/templates/hathor/images/toolbar icon-32-trash.png
2012.09.04 10:48 B C:\inetpub\wwwroot\administrator\templates\hathor\images\toolbar\icon-32-unarchive.png --> ftp3.ftptoyoursite.com /web/content/SITE-TEST/administrator/templates/hathor/images/toolbar icon-32-unarchive.png
2012.09.04 10:48 B C:\inetpub\wwwroot\administrator\templates\hathor\images\toolbar\icon-32-unblock.png --> ftp3.ftptoyoursite.com /web/content/SITE-TEST/administrator/templates/hathor/images/toolbar icon-32-unblock.png
2012.09.04 10:48 B C:\inetpub\wwwroot\administrator\templates\hathor\images\toolbar\icon-32-unpublish.png --> ftp3.ftptoyoursite.com /web/content/SITE-TEST/administrator/templates/hathor/images/toolbar icon-32-unpublish.png
2012.09.04 10:48 B C:\inetpub\wwwroot\administrator\templates\hathor\images\toolbar\icon-32-upload.png --> ftp3.ftptoyoursite.com /web/content/SITE-TEST/administrator/templates/hathor/images/toolbar icon-32-upload.png
2012.09.04 10:48 B C:\inetpub\wwwroot\administrator\templates\hathor\images\toolbar\icon-32-user-add.png --> ftp3.ftptoyoursite.com /web/content/SITE-TEST/administrator/templates/hathor/images/toolbar icon-32-user-add.png
2012.09.04 10:48 B C:\inetpub\wwwroot\administrator\templates\hathor\images\toolbar\icon-32-xml.png --> ftp3.ftptoyoursite.com /web/content/SITE-TEST/administrator/templates/hathor/images/toolbar icon-32-xml.png
2012.09.04 10:49 B C:\inetpub\wwwroot\administrator\templates\hathor\images\toolbar\index.html --> ftp3.ftptoyoursite.com /web/content/SITE-TEST/administrator/templates/hathor/images/toolbar index.html
2012.09.04 10:49 B C:\inetpub\wwwroot\administrator\templates\hathor\images\toolbar\WS_FTP.LOG --> ftp3.ftptoyoursite.com /web/content/SITE-TEST/administrator/templates/hathor/images/toolbar WS_FTP.LOG
2012.09.06 15:06 B C:\inetpub\wwwroot\administrator\templates\hathor\images\toolbar\icon-32-adduser.png --> ftp3.ftptoyoursite.com /web/content/SITEBACKUP_962012/administrator/templates/hathor/images/toolbar icon-32-adduser.png
2012.09.06 15:06 B C:\inetpub\wwwroot\administrator\templates\hathor\images\toolbar\icon-32-alert.png --> ftp3.ftptoyoursite.com /web/content/SITEBACKUP_962012/administrator/templates/hathor/images/toolbar icon-32-alert.png
2012.09.06 15:06 B C:\inetpub\wwwroot\administrator\templates\hathor\images\toolbar\icon-32-apply.png --> ftp3.ftptoyoursite.com /web/content/SITEBACKUP_962012/administrator/templates/hathor/images/toolbar icon-32-apply.png
2012.09.06 15:06 B C:\inetpub\wwwroot\administrator\templates\hathor\images\toolbar\icon-32-archive.png --> ftp3.ftptoyoursite.com /web/content/SITEBACKUP_962012/administrator/templates/hathor/images/toolbar icon-32-archive.png
2012.09.06 15:06 B C:\inetpub\wwwroot\administrator\templates\hathor\images\toolbar\icon-32-article-add.png --> ftp3.ftptoyoursite.com /web/content/SITEBACKUP_962012/administrator/templates/hathor/images/toolbar icon-32-article-add.png
2012.09.06 15:06 B C:\inetpub\wwwroot\administrator\templates\hathor\images\toolbar\icon-32-article.png --> ftp3.ftptoyoursite.com /web/content/SITEBACKUP_962012/administrator/templates/hathor/images/toolbar icon-32-article.png
2012.09.06 15:06 B C:\inetpub\wwwroot\administrator\templates\hathor\images\toolbar\icon-32-back.png --> ftp3.ftptoyoursite.com /web/content/SITEBACKUP_962012/administrator/templates/hathor/images/toolbar icon-32-back.png
2012.09.06 15:06 B C:\inetpub\wwwroot\administrator\templates\hathor\images\toolbar\icon-32-banner-categories.png --> ftp3.ftptoyoursite.com /web/content/SITEBACKUP_962012/administrator/templates/hathor/images/toolbar icon-32-banner-categories.png
2012.09.06 15:06 B C:\inetpub\wwwroot\administrator\templates\hathor\images\toolbar\icon-32-banner-client.png --> ftp3.ftptoyoursite.com /web/content/SITEBACKUP_962012/administrator/templates/hathor/images/toolbar icon-32-banner-client.png
2012.09.06 15:06 B C:\inetpub\wwwroot\administrator\templates\hathor\images\toolbar\icon-32-banner-tracks.png --> ftp3.ftptoyoursite.com /web/content/SITEBACKUP_962012/administrator/templates/hathor/images/toolbar icon-32-banner-tracks.png
2012.09.06 15:06 B C:\inetpub\wwwroot\administrator\templates\hathor\images\toolbar\icon-32-banner.png --> ftp3.ftptoyoursite.com /web/content/SITEBACKUP_962012/administrator/templates/hathor/images/toolbar icon-32-banner.png
2012.09.06 15:06 B C:\inetpub\wwwroot\administrator\templates\hathor\images\toolbar\icon-32-calendar.png --> ftp3.ftptoyoursite.com /web/content/SITEBACKUP_962012/administrator/templates/hathor/images/toolbar icon-32-calendar.png
2012.09.06 15:06 B C:\inetpub\wwwroot\administrator\templates\hathor\images\toolbar\icon-32-cancel.png --> ftp3.ftptoyoursite.com /web/content/SITEBACKUP_962012/administrator/templates/hathor/images/toolbar icon-32-cancel.png
2012.09.06 15:06 B C:\inetpub\wwwroot\administrator\templates\hathor\images\toolbar\icon-32-checkin.png --> ftp3.ftptoyoursite.com /web/content/SITEBACKUP_962012/administrator/templates/hathor/images/toolbar icon-32-checkin.png
2012.09.06 15:06 B C:\inetpub\wwwroot\administrator\templates\hathor\images\toolbar\icon-32-component.png --> ftp3.ftptoyoursite.com /web/content/SITEBACKUP_962012/administrator/templates/hathor/images/toolbar icon-32-component.png
2012.09.06 15:06 B C:\inetpub\wwwroot\administrator\templates\hathor\images\toolbar\icon-32-config.png --> ftp3.ftptoyoursite.com /web/content/SITEBACKUP_962012/administrator/templates/hathor/images/toolbar icon-32-config.png
2012.09.06 15:06 B C:\inetpub\wwwroot\administrator\templates\hathor\images\toolbar\icon-32-contacts-categories.png --> ftp3.ftptoyoursite.com /web/content/SITEBACKUP_962012/administrator/templates/hathor/images/toolbar icon-32-contacts-categories.png
2012.09.06 15:06 B C:\inetpub\wwwroot\administrator\templates\hathor\images\toolbar\icon-32-contacts.png --> ftp3.ftptoyoursite.com /web/content/SITEBACKUP_962012/administrator/templates/hathor/images/toolbar icon-32-contacts.png
2012.09.06 15:06 B C:\inetpub\wwwroot\administrator\templates\hathor\images\toolbar\icon-32-copy.png --> ftp3.ftptoyoursite.com /web/content/SITEBACKUP_962012/administrator/templates/hathor/images/toolbar icon-32-copy.png
2012.09.06 15:06 B C:\inetpub\wwwroot\administrator\templates\hathor\images\toolbar\icon-32-css.png --> ftp3.ftptoyoursite.com /web/content/SITEBACKUP_962012/administrator/templates/hathor/images/toolbar icon-32-css.png
2012.09.06 15:06 B C:\inetpub\wwwroot\administrator\templates\hathor\images\toolbar\icon-32-default.png --> ftp3.ftptoyoursite.com /web/content/SITEBACKUP_962012/administrator/templates/hathor/images/toolbar icon-32-default.png
2012.09.06 15:06 B C:\inetpub\wwwroot\administrator\templates\hathor\images\toolbar\icon-32-delete-style.png --> ftp3.ftptoyoursite.com /web/content/SITEBACKUP_962012/administrator/templates/hathor/images/toolbar icon-32-delete-style.png
2012.09.06 15:06 B C:\inetpub\wwwroot\administrator\templates\hathor\images\toolbar\icon-32-delete.png --> ftp3.ftptoyoursite.com /web/content/SITEBACKUP_962012/administrator/templates/hathor/images/toolbar icon-32-delete.png
2012.09.06 15:06 B C:\inetpub\wwwroot\administrator\templates\hathor\images\toolbar\icon-32-deny.png --> ftp3.ftptoyoursite.com /web/content/SITEBACKUP_962012/administrator/templates/hathor/images/toolbar icon-32-deny.png
2012.09.06 15:06 B C:\inetpub\wwwroot\administrator\templates\hathor\images\toolbar\icon-32-download.png --> ftp3.ftptoyoursite.com /web/content/SITEBACKUP_962012/administrator/templates/hathor/images/toolbar icon-32-download.png
2012.09.06 15:06 B C:\inetpub\wwwroot\administrator\templates\hathor\images\toolbar\icon-32-edit.png --> ftp3.ftptoyoursite.com /web/content/SITEBACKUP_962012/administrator/templates/hathor/images/toolbar icon-32-edit.png
2012.09.06 15:06 B C:\inetpub\wwwroot\administrator\templates\hathor\images\toolbar\icon-32-error.png --> ftp3.ftptoyoursite.com /web/content/SITEBACKUP_962012/administrator/templates/hathor/images/toolbar icon-32-error.png
2012.09.06 15:06 B C:\inetpub\wwwroot\administrator\templates\hathor\images\toolbar\icon-32-export.png --> ftp3.ftptoyoursite.com /web/content/SITEBACKUP_962012/administrator/templates/hathor/images/toolbar icon-32-export.png
2012.09.06 15:06 B C:\inetpub\wwwroot\administrator\templates\hathor\images\toolbar\icon-32-featured.png --> ftp3.ftptoyoursite.com /web/content/SITEBACKUP_962012/administrator/templates/hathor/images/toolbar icon-32-featured.png
2012.09.06 15:06 B C:\inetpub\wwwroot\administrator\templates\hathor\images\toolbar\icon-32-forward.png --> ftp3.ftptoyoursite.com /web/content/SITEBACKUP_962012/administrator/templates/hathor/images/toolbar icon-32-forward.png
2012.09.06 15:06 B C:\inetpub\wwwroot\administrator\templates\hathor\images\toolbar\icon-32-help.png --> ftp3.ftptoyoursite.com /web/content/SITEBACKUP_962012/administrator/templates/hathor/images/toolbar icon-32-help.png
2012.09.06 15:06 B C:\inetpub\wwwroot\administrator\templates\hathor\images\toolbar\icon-32-html.png --> ftp3.ftptoyoursite.com /web/content/SITEBACKUP_962012/administrator/templates/hathor/images/toolbar icon-32-html.png
2012.09.06 15:06 B C:\inetpub\wwwroot\administrator\templates\hathor\images\toolbar\icon-32-inbox.png --> ftp3.ftptoyoursite.com /web/content/SITEBACKUP_962012/administrator/templates/hathor/images/toolbar icon-32-inbox.png
2012.09.06 15:06 B C:\inetpub\wwwroot\administrator\templates\hathor\images\toolbar\icon-32-info.png --> ftp3.ftptoyoursite.com /web/content/SITEBACKUP_962012/administrator/templates/hathor/images/toolbar icon-32-info.png
2012.09.06 15:06 B C:\inetpub\wwwroot\administrator\templates\hathor\images\toolbar\icon-32-links.png --> ftp3.ftptoyoursite.com /web/content/SITEBACKUP_962012/administrator/templates/hathor/images/toolbar icon-32-links.png
2012.09.06 15:06 B C:\inetpub\wwwroot\administrator\templates\hathor\images\toolbar\icon-32-lock.png --> ftp3.ftptoyoursite.com /web/content/SITEBACKUP_962012/administrator/templates/hathor/images/toolbar icon-32-lock.png
2012.09.06 15:06 B C:\inetpub\wwwroot\administrator\templates\hathor\images\toolbar\icon-32-menu.png --> ftp3.ftptoyoursite.com /web/content/SITEBACKUP_962012/administrator/templates/hathor/images/toolbar icon-32-menu.png
2012.09.06 15:06 B C:\inetpub\wwwroot\administrator\templates\hathor\images\toolbar\icon-32-messaging.png --> ftp3.ftptoyoursite.com /web/content/SITEBACKUP_962012/administrator/templates/hathor/images/toolbar icon-32-messaging.png
2012.09.06 15:06 B C:\inetpub\wwwroot\administrator\templates\hathor\images\toolbar\icon-32-messanging.png --> ftp3.ftptoyoursite.com /web/content/SITEBACKUP_962012/administrator/templates/hathor/images/toolbar icon-32-messanging.png
2012.09.06 15:06 B C:\inetpub\wwwroot\administrator\templates\hathor\images\toolbar\icon-32-module.png --> ftp3.ftptoyoursite.com /web/content/SITEBACKUP_962012/administrator/templates/hathor/images/toolbar icon-32-module.png
2012.09.06 15:06 B C:\inetpub\wwwroot\administrator\templates\hathor\images\toolbar\icon-32-move.png --> ftp3.ftptoyoursite.com /web/content/SITEBACKUP_962012/administrator/templates/hathor/images/toolbar icon-32-move.png
2012.09.06 15:06 B C:\inetpub\wwwroot\administrator\templates\hathor\images\toolbar\icon-32-new-privatemessage.png --> ftp3.ftptoyoursite.com /web/content/SITEBACKUP_962012/administrator/templates/hathor/images/toolbar icon-32-new-privatemessage.png
2012.09.06 15:06 B C:\inetpub\wwwroot\administrator\templates\hathor\images\toolbar\icon-32-new-style.png --> ftp3.ftptoyoursite.com /web/content/SITEBACKUP_962012/administrator/templates/hathor/images/toolbar icon-32-new-style.png
2012.09.06 15:06 B C:\inetpub\wwwroot\administrator\templates\hathor\images\toolbar\icon-32-new.png --> ftp3.ftptoyoursite.com /web/content/SITEBACKUP_962012/administrator/templates/hathor/images/toolbar icon-32-new.png
2012.09.06 15:06 B C:\inetpub\wwwroot\administrator\templates\hathor\images\toolbar\icon-32-notice.png --> ftp3.ftptoyoursite.com /web/content/SITEBACKUP_962012/administrator/templates/hathor/images/toolbar icon-32-notice.png
2012.09.06 15:06 B C:\inetpub\wwwroot\administrator\templates\hathor\images\toolbar\icon-32-preview.png --> ftp3.ftptoyoursite.com /web/content/SITEBACKUP_962012/administrator/templates/hathor/images/toolbar icon-32-preview.png
2012.09.06 15:06 B C:\inetpub\wwwroot\administrator\templates\hathor\images\toolbar\icon-32-print.png --> ftp3.ftptoyoursite.com /web/content/SITEBACKUP_962012/administrator/templates/hathor/images/toolbar icon-32-print.png
2012.09.06 15:06 B C:\inetpub\wwwroot\administrator\templates\hathor\images\toolbar\icon-32-publish.png --> ftp3.ftptoyoursite.com /web/content/SITEBACKUP_962012/administrator/templates/hathor/images/toolbar icon-32-publish.png
2012.09.06 15:06 B C:\inetpub\wwwroot\administrator\templates\hathor\images\toolbar\icon-32-purge.png --> ftp3.ftptoyoursite.com /web/content/SITEBACKUP_962012/administrator/templates/hathor/images/toolbar icon-32-purge.png
2012.09.06 15:06 B C:\inetpub\wwwroot\administrator\templates\hathor\images\toolbar\icon-32-read-privatemessage.png --> ftp3.ftptoyoursite.com /web/content/SITEBACKUP_962012/administrator/templates/hathor/images/toolbar icon-32-read-privatemessage.png
2012.09.06 15:06 B C:\inetpub\wwwroot\administrator\templates\hathor\images\toolbar\icon-32-refresh.png --> ftp3.ftptoyoursite.com /web/content/SITEBACKUP_962012/administrator/templates/hathor/images/toolbar icon-32-refresh.png
2012.09.06 15:06 B C:\inetpub\wwwroot\administrator\templates\hathor\images\toolbar\icon-32-remove.png --> ftp3.ftptoyoursite.com /web/content/SITEBACKUP_962012/administrator/templates/hathor/images/toolbar icon-32-remove.png
2012.09.06 15:06 B C:\inetpub\wwwroot\administrator\templates\hathor\images\toolbar\icon-32-revert.png --> ftp3.ftptoyoursite.com /web/content/SITEBACKUP_962012/administrator/templates/hathor/images/toolbar icon-32-revert.png
2012.09.06 15:06 B C:\inetpub\wwwroot\administrator\templates\hathor\images\toolbar\icon-32-save-copy.png --> ftp3.ftptoyoursite.com /web/content/SITEBACKUP_962012/administrator/templates/hathor/images/toolbar icon-32-save-copy.png
2012.09.06 15:06 B C:\inetpub\wwwroot\administrator\templates\hathor\images\toolbar\icon-32-save-new.png --> ftp3.ftptoyoursite.com /web/content/SITEBACKUP_962012/administrator/templates/hathor/images/toolbar icon-32-save-new.png
2012.09.06 15:06 B C:\inetpub\wwwroot\administrator\templates\hathor\images\toolbar\icon-32-save.png --> ftp3.ftptoyoursite.com /web/content/SITEBACKUP_962012/administrator/templates/hathor/images/toolbar icon-32-save.png
2012.09.06 15:06 B C:\inetpub\wwwroot\administrator\templates\hathor\images\toolbar\icon-32-search.png --> ftp3.ftptoyoursite.com /web/content/SITEBACKUP_962012/administrator/templates/hathor/images/toolbar icon-32-search.png
2012.09.06 15:06 B C:\inetpub\wwwroot\administrator\templates\hathor\images\toolbar\icon-32-send.png --> ftp3.ftptoyoursite.com /web/content/SITEBACKUP_962012/administrator/templates/hathor/images/toolbar icon-32-send.png
2012.09.06 15:06 B C:\inetpub\wwwroot\administrator\templates\hathor\images\toolbar\icon-32-stats.png --> ftp3.ftptoyoursite.com /web/content/SITEBACKUP_962012/administrator/templates/hathor/images/toolbar icon-32-stats.png
2012.09.06 15:06 B C:\inetpub\wwwroot\administrator\templates\hathor\images\toolbar\icon-32-trash.png --> ftp3.ftptoyoursite.com /web/content/SITEBACKUP_962012/administrator/templates/hathor/images/toolbar icon-32-trash.png
2012.09.06 15:06 B C:\inetpub\wwwroot\administrator\templates\hathor\images\toolbar\icon-32-unarchive.png --> ftp3.ftptoyoursite.com /web/content/SITEBACKUP_962012/administrator/templates/hathor/images/toolbar icon-32-unarchive.png
2012.09.06 15:06 B C:\inetpub\wwwroot\administrator\templates\hathor\images\toolbar\icon-32-unblock.png --> ftp3.ftptoyoursite.com /web/content/SITEBACKUP_962012/administrator/templates/hathor/images/toolbar icon-32-unblock.png
2012.09.06 15:06 B C:\inetpub\wwwroot\administrator\templates\hathor\images\toolbar\icon-32-unpublish.png --> ftp3.ftptoyoursite.com /web/content/SITEBACKUP_962012/administrator/templates/hathor/images/toolbar icon-32-unpublish.png
2012.09.06 15:06 B C:\inetpub\wwwroot\administrator\templates\hathor\images\toolbar\icon-32-upload.png --> ftp3.ftptoyoursite.com /web/content/SITEBACKUP_962012/administrator/templates/hathor/images/toolbar icon-32-upload.png
2012.09.06 15:06 B C:\inetpub\wwwroot\administrator\templates\hathor\images\toolbar\icon-32-user-add.png --> ftp3.ftptoyoursite.com /web/content/SITEBACKUP_962012/administrator/templates/hathor/images/toolbar icon-32-user-add.png
2012.09.06 15:06 B C:\inetpub\wwwroot\administrator\templates\hathor\images\toolbar\icon-32-xml.png --> ftp3.ftptoyoursite.com /web/content/SITEBACKUP_962012/administrator/templates/hathor/images/toolbar icon-32-xml.png
2012.09.06 15:06 B C:\inetpub\wwwroot\administrator\templates\hathor\images\toolbar\index.html --> ftp3.ftptoyoursite.com /web/content/SITEBACKUP_962012/administrator/templates/hathor/images/toolbar index.html
2012.09.06 15:06 B C:\inetpub\wwwroot\administrator\templates\hathor\images\toolbar\WS_FTP.LOG --> ftp3.ftptoyoursite.com /web/content/SITEBACKUP_962012/administrator/templates/hathor/images/toolbar WS_FTP.LOG
2012.09.06 15:47 B C:\inetpub\wwwroot\administrator\templates\hathor\images\toolbar\icon-32-adduser.png <-- Schubert Rackspace /web/content/SITEBACKUP_962012/administrator/templates/hathor/images/toolbar icon-32-adduser.png
2012.09.06 15:47 B C:\inetpub\wwwroot\administrator\templates\hathor\images\toolbar\icon-32-alert.png <-- Schubert Rackspace /web/content/SITEBACKUP_962012/administrator/templates/hathor/images/toolbar icon-32-alert.png
2012.09.06 15:47 B C:\inetpub\wwwroot\administrator\templates\hathor\images\toolbar\icon-32-apply.png <-- Schubert Rackspace /web/content/SITEBACKUP_962012/administrator/templates/hathor/images/toolbar icon-32-apply.png
2012.09.06 15:47 B C:\inetpub\wwwroot\administrator\templates\hathor\images\toolbar\icon-32-archive.png <-- Schubert Rackspace /web/content/SITEBACKUP_962012/administrator/templates/hathor/images/toolbar icon-32-archive.png
2012.09.06 15:47 B C:\inetpub\wwwroot\administrator\templates\hathor\images\toolbar\icon-32-article-add.png <-- Schubert Rackspace /web/content/SITEBACKUP_962012/administrator/templates/hathor/images/toolbar icon-32-article-add.png
2012.09.06 15:47 B C:\inetpub\wwwroot\administrator\templates\hathor\images\toolbar\icon-32-article.png <-- Schubert Rackspace /web/content/SITEBACKUP_962012/administrator/templates/hathor/images/toolbar icon-32-article.png
2012.09.06 15:47 B C:\inetpub\wwwroot\administrator\templates\hathor\images\toolbar\icon-32-back.png <-- Schubert Rackspace /web/content/SITEBACKUP_962012/administrator/templates/hathor/images/toolbar icon-32-back.png
2012.09.06 15:47 B C:\inetpub\wwwroot\administrator\templates\hathor\images\toolbar\icon-32-banner-categories.png <-- Schubert Rackspace /web/content/SITEBACKUP_962012/administrator/templates/hathor/images/toolbar icon-32-banner-categories.png
2012.09.06 15:47 B C:\inetpub\wwwroot\administrator\templates\hathor\images\toolbar\icon-32-banner-client.png <-- Schubert Rackspace /web/content/SITEBACKUP_962012/administrator/templates/hathor/images/toolbar icon-32-banner-client.png
2012.09.06 15:47 B C:\inetpub\wwwroot\administrator\templates\hathor\images\toolbar\icon-32-banner-tracks.png <-- Schubert Rackspace /web/content/SITEBACKUP_962012/administrator/templates/hathor/images/toolbar icon-32-banner-tracks.png
2012.09.06 15:47 B C:\inetpub\wwwroot\administrator\templates\hathor\images\toolbar\icon-32-banner.png <-- Schubert Rackspace /web/content/SITEBACKUP_962012/administrator/templates/hathor/images/toolbar icon-32-banner.png
2012.09.06 15:47 B C:\inetpub\wwwroot\administrator\templates\hathor\images\toolbar\icon-32-calendar.png <-- Schubert Rackspace /web/content/SITEBACKUP_962012/administrator/templates/hathor/images/toolbar icon-32-calendar.png
2012.09.06 15:47 B C:\inetpub\wwwroot\administrator\templates\hathor\images\toolbar\icon-32-cancel.png <-- Schubert Rackspace /web/content/SITEBACKUP_962012/administrator/templates/hathor/images/toolbar icon-32-cancel.png
2012.09.06 15:47 B C:\inetpub\wwwroot\administrator\templates\hathor\images\toolbar\icon-32-checkin.png <-- Schubert Rackspace /web/content/SITEBACKUP_962012/administrator/templates/hathor/images/toolbar icon-32-checkin.png
2012.09.06 15:47 B C:\inetpub\wwwroot\administrator\templates\hathor\images\toolbar\icon-32-component.png <-- Schubert Rackspace /web/content/SITEBACKUP_962012/administrator/templates/hathor/images/toolbar icon-32-component.png
2012.09.06 15:47 B C:\inetpub\wwwroot\administrator\templates\hathor\images\toolbar\icon-32-config.png <-- Schubert Rackspace /web/content/SITEBACKUP_962012/administrator/templates/hathor/images/toolbar icon-32-config.png
2012.09.06 15:47 B C:\inetpub\wwwroot\administrator\templates\hathor\images\toolbar\icon-32-contacts-categories.png <-- Schubert Rackspace /web/content/SITEBACKUP_962012/administrator/templates/hathor/images/toolbar icon-32-contacts-categories.png
2012.09.06 15:47 B C:\inetpub\wwwroot\administrator\templates\hathor\images\toolbar\icon-32-contacts.png <-- Schubert Rackspace /web/content/SITEBACKUP_962012/administrator/templates/hathor/images/toolbar icon-32-contacts.png
2012.09.06 15:47 B C:\inetpub\wwwroot\administrator\templates\hathor\images\toolbar\icon-32-copy.png <-- Schubert Rackspace /web/content/SITEBACKUP_962012/administrator/templates/hathor/images/toolbar icon-32-copy.png
2012.09.06 15:47 B C:\inetpub\wwwroot\administrator\templates\hathor\images\toolbar\icon-32-css.png <-- Schubert Rackspace /web/content/SITEBACKUP_962012/administrator/templates/hathor/images/toolbar icon-32-css.png
2012.09.06 15:47 B C:\inetpub\wwwroot\administrator\templates\hathor\images\toolbar\icon-32-default.png <-- Schubert Rackspace /web/content/SITEBACKUP_962012/administrator/templates/hathor/images/toolbar icon-32-default.png
2012.09.06 15:47 B C:\inetpub\wwwroot\administrator\templates\hathor\images\toolbar\icon-32-delete-style.png <-- Schubert Rackspace /web/content/SITEBACKUP_962012/administrator/templates/hathor/images/toolbar icon-32-delete-style.png
2012.09.06 15:47 B C:\inetpub\wwwroot\administrator\templates\hathor\images\toolbar\icon-32-delete.png <-- Schubert Rackspace /web/content/SITEBACKUP_962012/administrator/templates/hathor/images/toolbar icon-32-delete.png
2012.09.06 15:47 B C:\inetpub\wwwroot\administrator\templates\hathor\images\toolbar\icon-32-deny.png <-- Schubert Rackspace /web/content/SITEBACKUP_962012/administrator/templates/hathor/images/toolbar icon-32-deny.png
2012.09.06 15:47 B C:\inetpub\wwwroot\administrator\templates\hathor\images\toolbar\icon-32-download.png <-- Schubert Rackspace /web/content/SITEBACKUP_962012/administrator/templates/hathor/images/toolbar icon-32-download.png
2012.09.06 15:47 B C:\inetpub\wwwroot\administrator\templates\hathor\images\toolbar\icon-32-edit.png <-- Schubert Rackspace /web/content/SITEBACKUP_962012/administrator/templates/hathor/images/toolbar icon-32-edit.png
2012.09.06 15:47 B C:\inetpub\wwwroot\administrator\templates\hathor\images\toolbar\icon-32-error.png <-- Schubert Rackspace /web/content/SITEBACKUP_962012/administrator/templates/hathor/images/toolbar icon-32-error.png
2012.09.06 15:47 B C:\inetpub\wwwroot\administrator\templates\hathor\images\toolbar\icon-32-export.png <-- Schubert Rackspace /web/content/SITEBACKUP_962012/administrator/templates/hathor/images/toolbar icon-32-export.png
2012.09.06 15:47 B C:\inetpub\wwwroot\administrator\templates\hathor\images\toolbar\icon-32-featured.png <-- Schubert Rackspace /web/content/SITEBACKUP_962012/administrator/templates/hathor/images/toolbar icon-32-featured.png
2012.09.06 15:47 B C:\inetpub\wwwroot\administrator\templates\hathor\images\toolbar\icon-32-forward.png <-- Schubert Rackspace /web/content/SITEBACKUP_962012/administrator/templates/hathor/images/toolbar icon-32-forward.png
2012.09.06 15:47 B C:\inetpub\wwwroot\administrator\templates\hathor\images\toolbar\icon-32-help.png <-- Schubert Rackspace /web/content/SITEBACKUP_962012/administrator/templates/hathor/images/toolbar icon-32-help.png
2012.09.06 15:47 B C:\inetpub\wwwroot\administrator\templates\hathor\images\toolbar\icon-32-html.png <-- Schubert Rackspace /web/content/SITEBACKUP_962012/administrator/templates/hathor/images/toolbar icon-32-html.png
2012.09.06 15:47 B C:\inetpub\wwwroot\administrator\templates\hathor\images\toolbar\icon-32-inbox.png <-- Schubert Rackspace /web/content/SITEBACKUP_962012/administrator/templates/hathor/images/toolbar icon-32-inbox.png
2012.09.06 15:47 B C:\inetpub\wwwroot\administrator\templates\hathor\images\toolbar\icon-32-info.png <-- Schubert Rackspace /web/content/SITEBACKUP_962012/administrator/templates/hathor/images/toolbar icon-32-info.png
2012.09.06 15:47 B C:\inetpub\wwwroot\administrator\templates\hathor\images\toolbar\icon-32-links.png <-- Schubert Rackspace /web/content/SITEBACKUP_962012/administrator/templates/hathor/images/toolbar icon-32-links.png
2012.09.06 15:47 B C:\inetpub\wwwroot\administrator\templates\hathor\images\toolbar\icon-32-lock.png <-- Schubert Rackspace /web/content/SITEBACKUP_962012/administrator/templates/hathor/images/toolbar icon-32-lock.png
2012.09.06 15:47 B C:\inetpub\wwwroot\administrator\templates\hathor\images\toolbar\icon-32-menu.png <-- Schubert Rackspace /web/content/SITEBACKUP_962012/administrator/templates/hathor/images/toolbar icon-32-menu.png
2012.09.06 15:47 B C:\inetpub\wwwroot\administrator\templates\hathor\images\toolbar\icon-32-messaging.png <-- Schubert Rackspace /web/content/SITEBACKUP_962012/administrator/templates/hathor/images/toolbar icon-32-messaging.png
2012.09.06 15:47 B C:\inetpub\wwwroot\administrator\templates\hathor\images\toolbar\icon-32-messanging.png <-- Schubert Rackspace /web/content/SITEBACKUP_962012/administrator/templates/hathor/images/toolbar icon-32-messanging.png
2012.09.06 15:47 B C:\inetpub\wwwroot\administrator\templates\hathor\images\toolbar\icon-32-module.png <-- Schubert Rackspace /web/content/SITEBACKUP_962012/administrator/templates/hathor/images/toolbar icon-32-module.png
2012.09.06 15:47 B C:\inetpub\wwwroot\administrator\templates\hathor\images\toolbar\icon-32-move.png <-- Schubert Rackspace /web/content/SITEBACKUP_962012/administrator/templates/hathor/images/toolbar icon-32-move.png
2012.09.06 15:47 B C:\inetpub\wwwroot\administrator\templates\hathor\images\toolbar\icon-32-new-privatemessage.png <-- Schubert Rackspace /web/content/SITEBACKUP_962012/administrator/templates/hathor/images/toolbar icon-32-new-privatemessage.png
2012.09.06 15:47 B C:\inetpub\wwwroot\administrator\templates\hathor\images\toolbar\icon-32-new-style.png <-- Schubert Rackspace /web/content/SITEBACKUP_962012/administrator/templates/hathor/images/toolbar icon-32-new-style.png
2012.09.06 15:47 B C:\inetpub\wwwroot\administrator\templates\hathor\images\toolbar\icon-32-new.png <-- Schubert Rackspace /web/content/SITEBACKUP_962012/administrator/templates/hathor/images/toolbar icon-32-new.png
2012.09.06 15:47 B C:\inetpub\wwwroot\administrator\templates\hathor\images\toolbar\icon-32-notice.png <-- Schubert Rackspace /web/content/SITEBACKUP_962012/administrator/templates/hathor/images/toolbar icon-32-notice.png
2012.09.06 15:47 B C:\inetpub\wwwroot\administrator\templates\hathor\images\toolbar\icon-32-preview.png <-- Schubert Rackspace /web/content/SITEBACKUP_962012/administrator/templates/hathor/images/toolbar icon-32-preview.png
2012.09.06 15:47 B C:\inetpub\wwwroot\administrator\templates\hathor\images\toolbar\icon-32-print.png <-- Schubert Rackspace /web/content/SITEBACKUP_962012/administrator/templates/hathor/images/toolbar icon-32-print.png
2012.09.06 15:47 B C:\inetpub\wwwroot\administrator\templates\hathor\images\toolbar\icon-32-publish.png <-- Schubert Rackspace /web/content/SITEBACKUP_962012/administrator/templates/hathor/images/toolbar icon-32-publish.png
2012.09.06 15:47 B C:\inetpub\wwwroot\administrator\templates\hathor\images\toolbar\icon-32-purge.png <-- Schubert Rackspace /web/content/SITEBACKUP_962012/administrator/templates/hathor/images/toolbar icon-32-purge.png
2012.09.06 15:47 B C:\inetpub\wwwroot\administrator\templates\hathor\images\toolbar\icon-32-read-privatemessage.png <-- Schubert Rackspace /web/content/SITEBACKUP_962012/administrator/templates/hathor/images/toolbar icon-32-read-privatemessage.png
2012.09.06 15:47 B C:\inetpub\wwwroot\administrator\templates\hathor\images\toolbar\icon-32-refresh.png <-- Schubert Rackspace /web/content/SITEBACKUP_962012/administrator/templates/hathor/images/toolbar icon-32-refresh.png
2012.09.06 15:47 B C:\inetpub\wwwroot\administrator\templates\hathor\images\toolbar\icon-32-remove.png <-- Schubert Rackspace /web/content/SITEBACKUP_962012/administrator/templates/hathor/images/toolbar icon-32-remove.png
2012.09.06 15:47 B C:\inetpub\wwwroot\administrator\templates\hathor\images\toolbar\icon-32-revert.png <-- Schubert Rackspace /web/content/SITEBACKUP_962012/administrator/templates/hathor/images/toolbar icon-32-revert.png
2012.09.06 15:47 B C:\inetpub\wwwroot\administrator\templates\hathor\images\toolbar\icon-32-save-copy.png <-- Schubert Rackspace /web/content/SITEBACKUP_962012/administrator/templates/hathor/images/toolbar icon-32-save-copy.png
2012.09.06 15:47 B C:\inetpub\wwwroot\administrator\templates\hathor\images\toolbar\icon-32-save-new.png <-- Schubert Rackspace /web/content/SITEBACKUP_962012/administrator/templates/hathor/images/toolbar icon-32-save-new.png
2012.09.06 15:47 B C:\inetpub\wwwroot\administrator\templates\hathor\images\toolbar\icon-32-save.png <-- Schubert Rackspace /web/content/SITEBACKUP_962012/administrator/templates/hathor/images/toolbar icon-32-save.png
2012.09.06 15:47 B C:\inetpub\wwwroot\administrator\templates\hathor\images\toolbar\icon-32-search.png <-- Schubert Rackspace /web/content/SITEBACKUP_962012/administrator/templates/hathor/images/toolbar icon-32-search.png
2012.09.06 15:47 B C:\inetpub\wwwroot\administrator\templates\hathor\images\toolbar\icon-32-send.png <-- Schubert Rackspace /web/content/SITEBACKUP_962012/administrator/templates/hathor/images/toolbar icon-32-send.png
2012.09.06 15:47 B C:\inetpub\wwwroot\administrator\templates\hathor\images\toolbar\icon-32-stats.png <-- Schubert Rackspace /web/content/SITEBACKUP_962012/administrator/templates/hathor/images/toolbar icon-32-stats.png
2012.09.06 15:47 B C:\inetpub\wwwroot\administrator\templates\hathor\images\toolbar\icon-32-trash.png <-- Schubert Rackspace /web/content/SITEBACKUP_962012/administrator/templates/hathor/images/toolbar icon-32-trash.png
2012.09.06 15:47 B C:\inetpub\wwwroot\administrator\templates\hathor\images\toolbar\icon-32-unarchive.png <-- Schubert Rackspace /web/content/SITEBACKUP_962012/administrator/templates/hathor/images/toolbar icon-32-unarchive.png
2012.09.06 15:47 B C:\inetpub\wwwroot\administrator\templates\hathor\images\toolbar\icon-32-unblock.png <-- Schubert Rackspace /web/content/SITEBACKUP_962012/administrator/templates/hathor/images/toolbar icon-32-unblock.png
2012.09.06 15:47 B C:\inetpub\wwwroot\administrator\templates\hathor\images\toolbar\icon-32-unpublish.png <-- Schubert Rackspace /web/content/SITEBACKUP_962012/administrator/templates/hathor/images/toolbar icon-32-unpublish.png
2012.09.06 15:47 B C:\inetpub\wwwroot\administrator\templates\hathor\images\toolbar\icon-32-upload.png <-- Schubert Rackspace /web/content/SITEBACKUP_962012/administrator/templates/hathor/images/toolbar icon-32-upload.png
2012.09.06 15:47 B C:\inetpub\wwwroot\administrator\templates\hathor\images\toolbar\icon-32-user-add.png <-- Schubert Rackspace /web/content/SITEBACKUP_962012/administrator/templates/hathor/images/toolbar icon-32-user-add.png
2012.09.06 15:47 B C:\inetpub\wwwroot\administrator\templates\hathor\images\toolbar\icon-32-xml.png <-- Schubert Rackspace /web/content/SITEBACKUP_962012/administrator/templates/hathor/images/toolbar icon-32-xml.png
2012.09.06 15:47 B C:\inetpub\wwwroot\administrator\templates\hathor\images\toolbar\index.html <-- Schubert Rackspace /web/content/SITEBACKUP_962012/administrator/templates/hathor/images/toolbar index.html
2012.10.23 09:10 B C:\inetpub\wwwroot\administrator\templates\hathor\images\toolbar\icon-32-adduser.png --> ftp3.ftptoyoursite.com /web/content/administrator/templates/hathor/images/toolbar icon-32-adduser.png
2012.10.23 09:10 B C:\inetpub\wwwroot\administrator\templates\hathor\images\toolbar\icon-32-alert.png --> ftp3.ftptoyoursite.com /web/content/administrator/templates/hathor/images/toolbar icon-32-alert.png
2012.10.23 09:10 B C:\inetpub\wwwroot\administrator\templates\hathor\images\toolbar\icon-32-apply.png --> ftp3.ftptoyoursite.com /web/content/administrator/templates/hathor/images/toolbar icon-32-apply.png
2012.10.23 09:10 B C:\inetpub\wwwroot\administrator\templates\hathor\images\toolbar\icon-32-archive.png --> ftp3.ftptoyoursite.com /web/content/administrator/templates/hathor/images/toolbar icon-32-archive.png
2012.10.23 09:10 B C:\inetpub\wwwroot\administrator\templates\hathor\images\toolbar\icon-32-article-add.png --> ftp3.ftptoyoursite.com /web/content/administrator/templates/hathor/images/toolbar icon-32-article-add.png
2012.10.23 09:10 B C:\inetpub\wwwroot\administrator\templates\hathor\images\toolbar\icon-32-article.png --> ftp3.ftptoyoursite.com /web/content/administrator/templates/hathor/images/toolbar icon-32-article.png
2012.10.23 09:10 B C:\inetpub\wwwroot\administrator\templates\hathor\images\toolbar\icon-32-back.png --> ftp3.ftptoyoursite.com /web/content/administrator/templates/hathor/images/toolbar icon-32-back.png
2012.10.23 09:10 B C:\inetpub\wwwroot\administrator\templates\hathor\images\toolbar\icon-32-banner-categories.png --> ftp3.ftptoyoursite.com /web/content/administrator/templates/hathor/images/toolbar icon-32-banner-categories.png
2012.10.23 09:10 B C:\inetpub\wwwroot\administrator\templates\hathor\images\toolbar\icon-32-banner-client.png --> ftp3.ftptoyoursite.com /web/content/administrator/templates/hathor/images/toolbar icon-32-banner-client.png
2012.10.23 09:10 B C:\inetpub\wwwroot\administrator\templates\hathor\images\toolbar\icon-32-banner-tracks.png --> ftp3.ftptoyoursite.com /web/content/administrator/templates/hathor/images/toolbar icon-32-banner-tracks.png
2012.10.23 09:10 B C:\inetpub\wwwroot\administrator\templates\hathor\images\toolbar\icon-32-banner.png --> ftp3.ftptoyoursite.com /web/content/administrator/templates/hathor/images/toolbar icon-32-banner.png
2012.10.23 09:10 B C:\inetpub\wwwroot\administrator\templates\hathor\images\toolbar\icon-32-calendar.png --> ftp3.ftptoyoursite.com /web/content/administrator/templates/hathor/images/toolbar icon-32-calendar.png
2012.10.23 09:10 B C:\inetpub\wwwroot\administrator\templates\hathor\images\toolbar\icon-32-cancel.png --> ftp3.ftptoyoursite.com /web/content/administrator/templates/hathor/images/toolbar icon-32-cancel.png
2012.10.23 09:10 B C:\inetpub\wwwroot\administrator\templates\hathor\images\toolbar\icon-32-checkin.png --> ftp3.ftptoyoursite.com /web/content/administrator/templates/hathor/images/toolbar icon-32-checkin.png
2012.10.23 09:10 B C:\inetpub\wwwroot\administrator\templates\hathor\images\toolbar\icon-32-component.png --> ftp3.ftptoyoursite.com /web/content/administrator/templates/hathor/images/toolbar icon-32-component.png
2012.10.23 09:10 B C:\inetpub\wwwroot\administrator\templates\hathor\images\toolbar\icon-32-config.png --> ftp3.ftptoyoursite.com /web/content/administrator/templates/hathor/images/toolbar icon-32-config.png
2012.10.23 09:10 B C:\inetpub\wwwroot\administrator\templates\hathor\images\toolbar\icon-32-contacts-categories.png --> ftp3.ftptoyoursite.com /web/content/administrator/templates/hathor/images/toolbar icon-32-contacts-categories.png
2012.10.23 09:10 B C:\inetpub\wwwroot\administrator\templates\hathor\images\toolbar\icon-32-contacts.png --> ftp3.ftptoyoursite.com /web/content/administrator/templates/hathor/images/toolbar icon-32-contacts.png
2012.10.23 09:10 B C:\inetpub\wwwroot\administrator\templates\hathor\images\toolbar\icon-32-copy.png --> ftp3.ftptoyoursite.com /web/content/administrator/templates/hathor/images/toolbar icon-32-copy.png
2012.10.23 09:10 B C:\inetpub\wwwroot\administrator\templates\hathor\images\toolbar\icon-32-css.png --> ftp3.ftptoyoursite.com /web/content/administrator/templates/hathor/images/toolbar icon-32-css.png
2012.10.23 09:10 B C:\inetpub\wwwroot\administrator\templates\hathor\images\toolbar\icon-32-default.png --> ftp3.ftptoyoursite.com /web/content/administrator/templates/hathor/images/toolbar icon-32-default.png
2012.10.23 09:10 B C:\inetpub\wwwroot\administrator\templates\hathor\images\toolbar\icon-32-delete-style.png --> ftp3.ftptoyoursite.com /web/content/administrator/templates/hathor/images/toolbar icon-32-delete-style.png
2012.10.23 09:10 B C:\inetpub\wwwroot\administrator\templates\hathor\images\toolbar\icon-32-delete.png --> ftp3.ftptoyoursite.com /web/content/administrator/templates/hathor/images/toolbar icon-32-delete.png
2012.10.23 09:10 B C:\inetpub\wwwroot\administrator\templates\hathor\images\toolbar\icon-32-deny.png --> ftp3.ftptoyoursite.com /web/content/administrator/templates/hathor/images/toolbar icon-32-deny.png
2012.10.23 09:10 B C:\inetpub\wwwroot\administrator\templates\hathor\images\toolbar\icon-32-download.png --> ftp3.ftptoyoursite.com /web/content/administrator/templates/hathor/images/toolbar icon-32-download.png
2012.10.23 09:10 B C:\inetpub\wwwroot\administrator\templates\hathor\images\toolbar\icon-32-edit.png --> ftp3.ftptoyoursite.com /web/content/administrator/templates/hathor/images/toolbar icon-32-edit.png
2012.10.23 09:10 B C:\inetpub\wwwroot\administrator\templates\hathor\images\toolbar\icon-32-error.png --> ftp3.ftptoyoursite.com /web/content/administrator/templates/hathor/images/toolbar icon-32-error.png
2012.10.23 09:10 B C:\inetpub\wwwroot\administrator\templates\hathor\images\toolbar\icon-32-export.png --> ftp3.ftptoyoursite.com /web/content/administrator/templates/hathor/images/toolbar icon-32-export.png
2012.10.23 09:10 B C:\inetpub\wwwroot\administrator\templates\hathor\images\toolbar\icon-32-featured.png --> ftp3.ftptoyoursite.com /web/content/administrator/templates/hathor/images/toolbar icon-32-featured.png
2012.10.23 09:10 B C:\inetpub\wwwroot\administrator\templates\hathor\images\toolbar\icon-32-forward.png --> ftp3.ftptoyoursite.com /web/content/administrator/templates/hathor/images/toolbar icon-32-forward.png
2012.10.23 09:10 B C:\inetpub\wwwroot\administrator\templates\hathor\images\toolbar\icon-32-help.png --> ftp3.ftptoyoursite.com /web/content/administrator/templates/hathor/images/toolbar icon-32-help.png
2012.10.23 09:10 B C:\inetpub\wwwroot\administrator\templates\hathor\images\toolbar\icon-32-html.png --> ftp3.ftptoyoursite.com /web/content/administrator/templates/hathor/images/toolbar icon-32-html.png
2012.10.23 09:10 B C:\inetpub\wwwroot\administrator\templates\hathor\images\toolbar\icon-32-inbox.png --> ftp3.ftptoyoursite.com /web/content/administrator/templates/hathor/images/toolbar icon-32-inbox.png
2012.10.23 09:10 B C:\inetpub\wwwroot\administrator\templates\hathor\images\toolbar\icon-32-info.png --> ftp3.ftptoyoursite.com /web/content/administrator/templates/hathor/images/toolbar icon-32-info.png
2012.10.23 09:10 B C:\inetpub\wwwroot\administrator\templates\hathor\images\toolbar\icon-32-links.png --> ftp3.ftptoyoursite.com /web/content/administrator/templates/hathor/images/toolbar icon-32-links.png
2012.10.23 09:10 B C:\inetpub\wwwroot\administrator\templates\hathor\images\toolbar\icon-32-lock.png --> ftp3.ftptoyoursite.com /web/content/administrator/templates/hathor/images/toolbar icon-32-lock.png
2012.10.23 09:10 B C:\inetpub\wwwroot\administrator\templates\hathor\images\toolbar\icon-32-menu.png --> ftp3.ftptoyoursite.com /web/content/administrator/templates/hathor/images/toolbar icon-32-menu.png
2012.10.23 09:10 B C:\inetpub\wwwroot\administrator\templates\hathor\images\toolbar\icon-32-messaging.png --> ftp3.ftptoyoursite.com /web/content/administrator/templates/hathor/images/toolbar icon-32-messaging.png
2012.10.23 09:10 B C:\inetpub\wwwroot\administrator\templates\hathor\images\toolbar\icon-32-messanging.png --> ftp3.ftptoyoursite.com /web/content/administrator/templates/hathor/images/toolbar icon-32-messanging.png
2012.10.23 09:10 B C:\inetpub\wwwroot\administrator\templates\hathor\images\toolbar\icon-32-module.png --> ftp3.ftptoyoursite.com /web/content/administrator/templates/hathor/images/toolbar icon-32-module.png
2012.10.23 09:10 B C:\inetpub\wwwroot\administrator\templates\hathor\images\toolbar\icon-32-move.png --> ftp3.ftptoyoursite.com /web/content/administrator/templates/hathor/images/toolbar icon-32-move.png
2012.10.23 09:10 B C:\inetpub\wwwroot\administrator\templates\hathor\images\toolbar\icon-32-new-privatemessage.png --> ftp3.ftptoyoursite.com /web/content/administrator/templates/hathor/images/toolbar icon-32-new-privatemessage.png
2012.10.23 09:10 B C:\inetpub\wwwroot\administrator\templates\hathor\images\toolbar\icon-32-new-style.png --> ftp3.ftptoyoursite.com /web/content/administrator/templates/hathor/images/toolbar icon-32-new-style.png
2012.10.23 09:10 B C:\inetpub\wwwroot\administrator\templates\hathor\images\toolbar\icon-32-new.png --> ftp3.ftptoyoursite.com /web/content/administrator/templates/hathor/images/toolbar icon-32-new.png
2012.10.23 09:10 B C:\inetpub\wwwroot\administrator\templates\hathor\images\toolbar\icon-32-notice.png --> ftp3.ftptoyoursite.com /web/content/administrator/templates/hathor/images/toolbar icon-32-notice.png
2012.10.23 09:10 B C:\inetpub\wwwroot\administrator\templates\hathor\images\toolbar\icon-32-preview.png --> ftp3.ftptoyoursite.com /web/content/administrator/templates/hathor/images/toolbar icon-32-preview.png
2012.10.23 09:10 B C:\inetpub\wwwroot\administrator\templates\hathor\images\toolbar\icon-32-print.png --> ftp3.ftptoyoursite.com /web/content/administrator/templates/hathor/images/toolbar icon-32-print.png
2012.10.23 09:10 B C:\inetpub\wwwroot\administrator\templates\hathor\images\toolbar\icon-32-publish.png --> ftp3.ftptoyoursite.com /web/content/administrator/templates/hathor/images/toolbar icon-32-publish.png
2012.10.23 09:10 B C:\inetpub\wwwroot\administrator\templates\hathor\images\toolbar\icon-32-purge.png --> ftp3.ftptoyoursite.com /web/content/administrator/templates/hathor/images/toolbar icon-32-purge.png
2012.10.23 09:10 B C:\inetpub\wwwroot\administrator\templates\hathor\images\toolbar\icon-32-read-privatemessage.png --> ftp3.ftptoyoursite.com /web/content/administrator/templates/hathor/images/toolbar icon-32-read-privatemessage.png
2012.10.23 09:10 B C:\inetpub\wwwroot\administrator\templates\hathor\images\toolbar\icon-32-refresh.png --> ftp3.ftptoyoursite.com /web/content/administrator/templates/hathor/images/toolbar icon-32-refresh.png
2012.10.23 09:10 B C:\inetpub\wwwroot\administrator\templates\hathor\images\toolbar\icon-32-remove.png --> ftp3.ftptoyoursite.com /web/content/administrator/templates/hathor/images/toolbar icon-32-remove.png
2012.10.23 09:10 B C:\inetpub\wwwroot\administrator\templates\hathor\images\toolbar\icon-32-revert.png --> ftp3.ftptoyoursite.com /web/content/administrator/templates/hathor/images/toolbar icon-32-revert.png
2012.10.23 09:10 B C:\inetpub\wwwroot\administrator\templates\hathor\images\toolbar\icon-32-save-copy.png --> ftp3.ftptoyoursite.com /web/content/administrator/templates/hathor/images/toolbar icon-32-save-copy.png
2012.10.23 09:10 B C:\inetpub\wwwroot\administrator\templates\hathor\images\toolbar\icon-32-save-new.png --> ftp3.ftptoyoursite.com /web/content/administrator/templates/hathor/images/toolbar icon-32-save-new.png
2012.10.23 09:10 B C:\inetpub\wwwroot\administrator\templates\hathor\images\toolbar\icon-32-save.png --> ftp3.ftptoyoursite.com /web/content/administrator/templates/hathor/images/toolbar icon-32-save.png
2012.10.23 09:10 B C:\inetpub\wwwroot\administrator\templates\hathor\images\toolbar\icon-32-search.png --> ftp3.ftptoyoursite.com /web/content/administrator/templates/hathor/images/toolbar icon-32-search.png
2012.10.23 09:10 B C:\inetpub\wwwroot\administrator\templates\hathor\images\toolbar\icon-32-send.png --> ftp3.ftptoyoursite.com /web/content/administrator/templates/hathor/images/toolbar icon-32-send.png
2012.10.23 09:10 B C:\inetpub\wwwroot\administrator\templates\hathor\images\toolbar\icon-32-stats.png --> ftp3.ftptoyoursite.com /web/content/administrator/templates/hathor/images/toolbar icon-32-stats.png
2012.10.23 09:10 B C:\inetpub\wwwroot\administrator\templates\hathor\images\toolbar\icon-32-trash.png --> ftp3.ftptoyoursite.com /web/content/administrator/templates/hathor/images/toolbar icon-32-trash.png
2012.10.23 09:10 B C:\inetpub\wwwroot\administrator\templates\hathor\images\toolbar\icon-32-unarchive.png --> ftp3.ftptoyoursite.com /web/content/administrator/templates/hathor/images/toolbar icon-32-unarchive.png
2012.10.23 09:10 B C:\inetpub\wwwroot\administrator\templates\hathor\images\toolbar\icon-32-unblock.png --> ftp3.ftptoyoursite.com /web/content/administrator/templates/hathor/images/toolbar icon-32-unblock.png
2012.10.23 09:10 B C:\inetpub\wwwroot\administrator\templates\hathor\images\toolbar\icon-32-unpublish.png --> ftp3.ftptoyoursite.com /web/content/administrator/templates/hathor/images/toolbar icon-32-unpublish.png
2012.10.23 09:10 B C:\inetpub\wwwroot\administrator\templates\hathor\images\toolbar\icon-32-upload.png --> ftp3.ftptoyoursite.com /web/content/administrator/templates/hathor/images/toolbar icon-32-upload.png
2012.10.23 09:10 B C:\inetpub\wwwroot\administrator\templates\hathor\images\toolbar\icon-32-user-add.png --> ftp3.ftptoyoursite.com /web/content/administrator/templates/hathor/images/toolbar icon-32-user-add.png
2012.10.23 09:10 B C:\inetpub\wwwroot\administrator\templates\hathor\images\toolbar\icon-32-xml.png --> ftp3.ftptoyoursite.com /web/content/administrator/templates/hathor/images/toolbar icon-32-xml.png
2012.10.23 09:10 B C:\inetpub\wwwroot\administrator\templates\hathor\images\toolbar\index.html --> ftp3.ftptoyoursite.com /web/content/administrator/templates/hathor/images/toolbar index.html
2012.10.23 09:10 B C:\inetpub\wwwroot\administrator\templates\hathor\images\toolbar\WS_FTP.LOG --> ftp3.ftptoyoursite.com /web/content/administrator/templates/hathor/images/toolbar WS_FTP.LOG
2013.02.01 14:47 B C:\inetpub\wwwroot\administrator\templates\hathor\images\toolbar\WS_FTP.LOG <-- Schubert Rackspace /web/content/administrator/templates/hathor/images/toolbar WS_FTP.LOG
