2012.07.25 12:16 B C:\Users\COBRIEN\Desktop\Schubert\images\btns\about.png <-- Schubert Rackspace /web/content/images/btns about.png
2012.07.25 12:16 B C:\Users\COBRIEN\Desktop\Schubert\images\btns\about_hover.png <-- Schubert Rackspace /web/content/images/btns about_hover.png
2012.07.25 12:16 B C:\Users\COBRIEN\Desktop\Schubert\images\btns\contact.png <-- Schubert Rackspace /web/content/images/btns contact.png
2012.07.25 12:16 B C:\Users\COBRIEN\Desktop\Schubert\images\btns\contact_hover.png <-- Schubert Rackspace /web/content/images/btns contact_hover.png
2012.07.25 12:16 B C:\Users\COBRIEN\Desktop\Schubert\images\btns\psw.png <-- Schubert Rackspace /web/content/images/btns psw.png
2012.07.25 12:16 B C:\Users\COBRIEN\Desktop\Schubert\images\btns\psw_hover.png <-- Schubert Rackspace /web/content/images/btns psw_hover.png
2012.07.25 12:16 B C:\Users\COBRIEN\Desktop\Schubert\images\btns\sustainability.png <-- Schubert Rackspace /web/content/images/btns sustainability.png
2012.07.25 12:16 B C:\Users\COBRIEN\Desktop\Schubert\images\btns\sustainability_hover.png <-- Schubert Rackspace /web/content/images/btns sustainability_hover.png
2012.09.04 10:52 B C:\inetpub\wwwroot\images\btns\about.png --> ftp3.ftptoyoursite.com /web/content/SITE-TEST/images/btns about.png
2012.09.04 10:52 B C:\inetpub\wwwroot\images\btns\about_hover.png --> ftp3.ftptoyoursite.com /web/content/SITE-TEST/images/btns about_hover.png
2012.09.04 10:52 B C:\inetpub\wwwroot\images\btns\contact.png --> ftp3.ftptoyoursite.com /web/content/SITE-TEST/images/btns contact.png
2012.09.04 10:52 B C:\inetpub\wwwroot\images\btns\contact_hover.png --> ftp3.ftptoyoursite.com /web/content/SITE-TEST/images/btns contact_hover.png
2012.09.04 10:52 B C:\inetpub\wwwroot\images\btns\psw.png --> ftp3.ftptoyoursite.com /web/content/SITE-TEST/images/btns psw.png
2012.09.04 10:52 B C:\inetpub\wwwroot\images\btns\psw_hover.png --> ftp3.ftptoyoursite.com /web/content/SITE-TEST/images/btns psw_hover.png
2012.09.04 10:52 B C:\inetpub\wwwroot\images\btns\sustainability.png --> ftp3.ftptoyoursite.com /web/content/SITE-TEST/images/btns sustainability.png
2012.09.04 10:52 B C:\inetpub\wwwroot\images\btns\sustainability_hover.png --> ftp3.ftptoyoursite.com /web/content/SITE-TEST/images/btns sustainability_hover.png
2012.09.04 10:52 B C:\inetpub\wwwroot\images\btns\WS_FTP.LOG --> ftp3.ftptoyoursite.com /web/content/SITE-TEST/images/btns WS_FTP.LOG
2012.09.06 15:10 B C:\inetpub\wwwroot\images\btns\about.png --> ftp3.ftptoyoursite.com /web/content/SITEBACKUP_962012/images/btns about.png
2012.09.06 15:10 B C:\inetpub\wwwroot\images\btns\about_hover.png --> ftp3.ftptoyoursite.com /web/content/SITEBACKUP_962012/images/btns about_hover.png
2012.09.06 15:10 B C:\inetpub\wwwroot\images\btns\contact.png --> ftp3.ftptoyoursite.com /web/content/SITEBACKUP_962012/images/btns contact.png
2012.09.06 15:10 B C:\inetpub\wwwroot\images\btns\contact_hover.png --> ftp3.ftptoyoursite.com /web/content/SITEBACKUP_962012/images/btns contact_hover.png
2012.09.06 15:10 B C:\inetpub\wwwroot\images\btns\psw.png --> ftp3.ftptoyoursite.com /web/content/SITEBACKUP_962012/images/btns psw.png
2012.09.06 15:10 B C:\inetpub\wwwroot\images\btns\psw_hover.png --> ftp3.ftptoyoursite.com /web/content/SITEBACKUP_962012/images/btns psw_hover.png
2012.09.06 15:10 B C:\inetpub\wwwroot\images\btns\sustainability.png --> ftp3.ftptoyoursite.com /web/content/SITEBACKUP_962012/images/btns sustainability.png
2012.09.06 15:10 B C:\inetpub\wwwroot\images\btns\sustainability_hover.png --> ftp3.ftptoyoursite.com /web/content/SITEBACKUP_962012/images/btns sustainability_hover.png
2012.09.06 15:10 B C:\inetpub\wwwroot\images\btns\WS_FTP.LOG --> ftp3.ftptoyoursite.com /web/content/SITEBACKUP_962012/images/btns WS_FTP.LOG
2012.09.06 15:33 B C:\inetpub\wwwroot\images\btns\about.png <-- Schubert Rackspace /web/content/images/btns about.png
2012.09.06 15:33 B C:\inetpub\wwwroot\images\btns\about_hover.png <-- Schubert Rackspace /web/content/images/btns about_hover.png
2012.09.06 15:33 B C:\inetpub\wwwroot\images\btns\contact.png <-- Schubert Rackspace /web/content/images/btns contact.png
2012.09.06 15:33 B C:\inetpub\wwwroot\images\btns\contact_hover.png <-- Schubert Rackspace /web/content/images/btns contact_hover.png
2012.09.06 15:33 B C:\inetpub\wwwroot\images\btns\psw.png <-- Schubert Rackspace /web/content/images/btns psw.png
2012.09.06 15:33 B C:\inetpub\wwwroot\images\btns\psw_hover.png <-- Schubert Rackspace /web/content/images/btns psw_hover.png
2012.09.06 15:33 B C:\inetpub\wwwroot\images\btns\sustainability.png <-- Schubert Rackspace /web/content/images/btns sustainability.png
2012.09.06 15:33 B C:\inetpub\wwwroot\images\btns\sustainability_hover.png <-- Schubert Rackspace /web/content/images/btns sustainability_hover.png
2012.10.23 09:13 B C:\inetpub\wwwroot\images\btns\about.png --> ftp3.ftptoyoursite.com /web/content/images/btns about.png
2012.10.23 09:13 B C:\inetpub\wwwroot\images\btns\about_hover.png --> ftp3.ftptoyoursite.com /web/content/images/btns about_hover.png
2012.10.23 09:13 B C:\inetpub\wwwroot\images\btns\contact.png --> ftp3.ftptoyoursite.com /web/content/images/btns contact.png
2012.10.23 09:13 B C:\inetpub\wwwroot\images\btns\contact_hover.png --> ftp3.ftptoyoursite.com /web/content/images/btns contact_hover.png
2012.10.23 09:13 B C:\inetpub\wwwroot\images\btns\psw.png --> ftp3.ftptoyoursite.com /web/content/images/btns psw.png
2012.10.23 09:13 B C:\inetpub\wwwroot\images\btns\psw_hover.png --> ftp3.ftptoyoursite.com /web/content/images/btns psw_hover.png
2012.10.23 09:13 B C:\inetpub\wwwroot\images\btns\sustainability.png --> ftp3.ftptoyoursite.com /web/content/images/btns sustainability.png
2012.10.23 09:13 B C:\inetpub\wwwroot\images\btns\sustainability_hover.png --> ftp3.ftptoyoursite.com /web/content/images/btns sustainability_hover.png
2012.10.23 09:13 B C:\inetpub\wwwroot\images\btns\WS_FTP.LOG --> ftp3.ftptoyoursite.com /web/content/images/btns WS_FTP.LOG
2013.02.01 14:50 B C:\inetpub\wwwroot\images\btns\WS_FTP.LOG <-- Schubert Rackspace /web/content/images/btns WS_FTP.LOG
