2012.07.25 12:15 B C:\Users\COBRIEN\Desktop\Schubert\components\com_jce\editor\tiny_mce\themes\advanced\skins\default\img\index.html <-- Schubert Rackspace /web/content/components/com_jce/editor/tiny_mce/themes/advanced/skins/default/img index.html
2012.07.25 12:15 B C:\Users\COBRIEN\Desktop\Schubert\components\com_jce\editor\tiny_mce\themes\advanced\skins\default\img\items.gif <-- Schubert Rackspace /web/content/components/com_jce/editor/tiny_mce/themes/advanced/skins/default/img items.gif
2012.07.25 12:15 B C:\Users\COBRIEN\Desktop\Schubert\components\com_jce\editor\tiny_mce\themes\advanced\skins\default\img\menu_arrow.gif <-- Schubert Rackspace /web/content/components/com_jce/editor/tiny_mce/themes/advanced/skins/default/img menu_arrow.gif
2012.07.25 12:15 B C:\Users\COBRIEN\Desktop\Schubert\components\com_jce\editor\tiny_mce\themes\advanced\skins\default\img\menu_check.gif <-- Schubert Rackspace /web/content/components/com_jce/editor/tiny_mce/themes/advanced/skins/default/img menu_check.gif
2012.07.25 12:15 B C:\Users\COBRIEN\Desktop\Schubert\components\com_jce\editor\tiny_mce\themes\advanced\skins\default\img\progress.gif <-- Schubert Rackspace /web/content/components/com_jce/editor/tiny_mce/themes/advanced/skins/default/img progress.gif
2012.09.04 10:51 B C:\inetpub\wwwroot\components\com_jce\editor\tiny_mce\themes\advanced\skins\default\img\index.html --> ftp3.ftptoyoursite.com /web/content/SITE-TEST/components/com_jce/editor/tiny_mce/themes/advanced/skins/default/img index.html
2012.09.04 10:51 B C:\inetpub\wwwroot\components\com_jce\editor\tiny_mce\themes\advanced\skins\default\img\items.gif --> ftp3.ftptoyoursite.com /web/content/SITE-TEST/components/com_jce/editor/tiny_mce/themes/advanced/skins/default/img items.gif
2012.09.04 10:51 B C:\inetpub\wwwroot\components\com_jce\editor\tiny_mce\themes\advanced\skins\default\img\menu_arrow.gif --> ftp3.ftptoyoursite.com /web/content/SITE-TEST/components/com_jce/editor/tiny_mce/themes/advanced/skins/default/img menu_arrow.gif
2012.09.04 10:51 B C:\inetpub\wwwroot\components\com_jce\editor\tiny_mce\themes\advanced\skins\default\img\menu_check.gif --> ftp3.ftptoyoursite.com /web/content/SITE-TEST/components/com_jce/editor/tiny_mce/themes/advanced/skins/default/img menu_check.gif
2012.09.04 10:51 B C:\inetpub\wwwroot\components\com_jce\editor\tiny_mce\themes\advanced\skins\default\img\progress.gif --> ftp3.ftptoyoursite.com /web/content/SITE-TEST/components/com_jce/editor/tiny_mce/themes/advanced/skins/default/img progress.gif
2012.09.04 10:51 B C:\inetpub\wwwroot\components\com_jce\editor\tiny_mce\themes\advanced\skins\default\img\WS_FTP.LOG --> ftp3.ftptoyoursite.com /web/content/SITE-TEST/components/com_jce/editor/tiny_mce/themes/advanced/skins/default/img WS_FTP.LOG
2012.09.06 15:08 B C:\inetpub\wwwroot\components\com_jce\editor\tiny_mce\themes\advanced\skins\default\img\index.html --> ftp3.ftptoyoursite.com /web/content/SITEBACKUP_962012/components/com_jce/editor/tiny_mce/themes/advanced/skins/default/img index.html
2012.09.06 15:08 B C:\inetpub\wwwroot\components\com_jce\editor\tiny_mce\themes\advanced\skins\default\img\items.gif --> ftp3.ftptoyoursite.com /web/content/SITEBACKUP_962012/components/com_jce/editor/tiny_mce/themes/advanced/skins/default/img items.gif
2012.09.06 15:08 B C:\inetpub\wwwroot\components\com_jce\editor\tiny_mce\themes\advanced\skins\default\img\menu_arrow.gif --> ftp3.ftptoyoursite.com /web/content/SITEBACKUP_962012/components/com_jce/editor/tiny_mce/themes/advanced/skins/default/img menu_arrow.gif
2012.09.06 15:08 B C:\inetpub\wwwroot\components\com_jce\editor\tiny_mce\themes\advanced\skins\default\img\menu_check.gif --> ftp3.ftptoyoursite.com /web/content/SITEBACKUP_962012/components/com_jce/editor/tiny_mce/themes/advanced/skins/default/img menu_check.gif
2012.09.06 15:08 B C:\inetpub\wwwroot\components\com_jce\editor\tiny_mce\themes\advanced\skins\default\img\progress.gif --> ftp3.ftptoyoursite.com /web/content/SITEBACKUP_962012/components/com_jce/editor/tiny_mce/themes/advanced/skins/default/img progress.gif
2012.09.06 15:08 B C:\inetpub\wwwroot\components\com_jce\editor\tiny_mce\themes\advanced\skins\default\img\WS_FTP.LOG --> ftp3.ftptoyoursite.com /web/content/SITEBACKUP_962012/components/com_jce/editor/tiny_mce/themes/advanced/skins/default/img WS_FTP.LOG
2012.09.06 15:49 B C:\inetpub\wwwroot\components\com_jce\editor\tiny_mce\themes\advanced\skins\default\img\index.html <-- Schubert Rackspace /web/content/SITEBACKUP_962012/components/com_jce/editor/tiny_mce/themes/advanced/skins/default/img index.html
2012.09.06 15:49 B C:\inetpub\wwwroot\components\com_jce\editor\tiny_mce\themes\advanced\skins\default\img\items.gif <-- Schubert Rackspace /web/content/SITEBACKUP_962012/components/com_jce/editor/tiny_mce/themes/advanced/skins/default/img items.gif
2012.09.06 15:49 B C:\inetpub\wwwroot\components\com_jce\editor\tiny_mce\themes\advanced\skins\default\img\menu_arrow.gif <-- Schubert Rackspace /web/content/SITEBACKUP_962012/components/com_jce/editor/tiny_mce/themes/advanced/skins/default/img menu_arrow.gif
2012.09.06 15:49 B C:\inetpub\wwwroot\components\com_jce\editor\tiny_mce\themes\advanced\skins\default\img\menu_check.gif <-- Schubert Rackspace /web/content/SITEBACKUP_962012/components/com_jce/editor/tiny_mce/themes/advanced/skins/default/img menu_check.gif
2012.09.06 15:49 B C:\inetpub\wwwroot\components\com_jce\editor\tiny_mce\themes\advanced\skins\default\img\progress.gif <-- Schubert Rackspace /web/content/SITEBACKUP_962012/components/com_jce/editor/tiny_mce/themes/advanced/skins/default/img progress.gif
2012.10.23 09:12 B C:\inetpub\wwwroot\components\com_jce\editor\tiny_mce\themes\advanced\skins\default\img\index.html --> ftp3.ftptoyoursite.com /web/content/components/com_jce/editor/tiny_mce/themes/advanced/skins/default/img index.html
2012.10.23 09:12 B C:\inetpub\wwwroot\components\com_jce\editor\tiny_mce\themes\advanced\skins\default\img\items.gif --> ftp3.ftptoyoursite.com /web/content/components/com_jce/editor/tiny_mce/themes/advanced/skins/default/img items.gif
2012.10.23 09:12 B C:\inetpub\wwwroot\components\com_jce\editor\tiny_mce\themes\advanced\skins\default\img\menu_arrow.gif --> ftp3.ftptoyoursite.com /web/content/components/com_jce/editor/tiny_mce/themes/advanced/skins/default/img menu_arrow.gif
2012.10.23 09:12 B C:\inetpub\wwwroot\components\com_jce\editor\tiny_mce\themes\advanced\skins\default\img\menu_check.gif --> ftp3.ftptoyoursite.com /web/content/components/com_jce/editor/tiny_mce/themes/advanced/skins/default/img menu_check.gif
2012.10.23 09:12 B C:\inetpub\wwwroot\components\com_jce\editor\tiny_mce\themes\advanced\skins\default\img\progress.gif --> ftp3.ftptoyoursite.com /web/content/components/com_jce/editor/tiny_mce/themes/advanced/skins/default/img progress.gif
2012.10.23 09:12 B C:\inetpub\wwwroot\components\com_jce\editor\tiny_mce\themes\advanced\skins\default\img\WS_FTP.LOG --> ftp3.ftptoyoursite.com /web/content/components/com_jce/editor/tiny_mce/themes/advanced/skins/default/img WS_FTP.LOG
2013.02.01 14:49 B C:\inetpub\wwwroot\components\com_jce\editor\tiny_mce\themes\advanced\skins\default\img\WS_FTP.LOG <-- Schubert Rackspace /web/content/components/com_jce/editor/tiny_mce/themes/advanced/skins/default/img WS_FTP.LOG
