2012.07.25 12:18 B C:\Users\COBRIEN\Desktop\Schubert\libraries\joomla\session\storage\apc.php <-- Schubert Rackspace /web/content/libraries/joomla/session/storage apc.php
2012.07.25 12:18 B C:\Users\COBRIEN\Desktop\Schubert\libraries\joomla\session\storage\database.php <-- Schubert Rackspace /web/content/libraries/joomla/session/storage database.php
2012.07.25 12:18 B C:\Users\COBRIEN\Desktop\Schubert\libraries\joomla\session\storage\eaccelerator.php <-- Schubert Rackspace /web/content/libraries/joomla/session/storage eaccelerator.php
2012.07.25 12:18 B C:\Users\COBRIEN\Desktop\Schubert\libraries\joomla\session\storage\index.html <-- Schubert Rackspace /web/content/libraries/joomla/session/storage index.html
2012.07.25 12:18 B C:\Users\COBRIEN\Desktop\Schubert\libraries\joomla\session\storage\memcache.php <-- Schubert Rackspace /web/content/libraries/joomla/session/storage memcache.php
2012.07.25 12:18 B C:\Users\COBRIEN\Desktop\Schubert\libraries\joomla\session\storage\none.php <-- Schubert Rackspace /web/content/libraries/joomla/session/storage none.php
2012.07.25 12:18 B C:\Users\COBRIEN\Desktop\Schubert\libraries\joomla\session\storage\wincache.php <-- Schubert Rackspace /web/content/libraries/joomla/session/storage wincache.php
2012.07.25 12:18 B C:\Users\COBRIEN\Desktop\Schubert\libraries\joomla\session\storage\xcache.php <-- Schubert Rackspace /web/content/libraries/joomla/session/storage xcache.php
2012.09.04 10:54 B C:\inetpub\wwwroot\libraries\joomla\session\storage\apc.php --> ftp3.ftptoyoursite.com /web/content/SITE-TEST/libraries/joomla/session/storage apc.php
2012.09.04 10:54 B C:\inetpub\wwwroot\libraries\joomla\session\storage\database.php --> ftp3.ftptoyoursite.com /web/content/SITE-TEST/libraries/joomla/session/storage database.php
2012.09.04 10:54 B C:\inetpub\wwwroot\libraries\joomla\session\storage\eaccelerator.php --> ftp3.ftptoyoursite.com /web/content/SITE-TEST/libraries/joomla/session/storage eaccelerator.php
2012.09.04 10:54 B C:\inetpub\wwwroot\libraries\joomla\session\storage\index.html --> ftp3.ftptoyoursite.com /web/content/SITE-TEST/libraries/joomla/session/storage index.html
2012.09.04 10:54 B C:\inetpub\wwwroot\libraries\joomla\session\storage\memcache.php --> ftp3.ftptoyoursite.com /web/content/SITE-TEST/libraries/joomla/session/storage memcache.php
2012.09.04 10:54 B C:\inetpub\wwwroot\libraries\joomla\session\storage\none.php --> ftp3.ftptoyoursite.com /web/content/SITE-TEST/libraries/joomla/session/storage none.php
2012.09.04 10:54 B C:\inetpub\wwwroot\libraries\joomla\session\storage\wincache.php --> ftp3.ftptoyoursite.com /web/content/SITE-TEST/libraries/joomla/session/storage wincache.php
2012.09.04 10:54 B C:\inetpub\wwwroot\libraries\joomla\session\storage\WS_FTP.LOG --> ftp3.ftptoyoursite.com /web/content/SITE-TEST/libraries/joomla/session/storage WS_FTP.LOG
2012.09.04 10:54 B C:\inetpub\wwwroot\libraries\joomla\session\storage\xcache.php --> ftp3.ftptoyoursite.com /web/content/SITE-TEST/libraries/joomla/session/storage xcache.php
2012.09.06 15:13 B C:\inetpub\wwwroot\libraries\joomla\session\storage\apc.php --> ftp3.ftptoyoursite.com /web/content/SITEBACKUP_962012/libraries/joomla/session/storage apc.php
2012.09.06 15:13 B C:\inetpub\wwwroot\libraries\joomla\session\storage\database.php --> ftp3.ftptoyoursite.com /web/content/SITEBACKUP_962012/libraries/joomla/session/storage database.php
2012.09.06 15:13 B C:\inetpub\wwwroot\libraries\joomla\session\storage\eaccelerator.php --> ftp3.ftptoyoursite.com /web/content/SITEBACKUP_962012/libraries/joomla/session/storage eaccelerator.php
2012.09.06 15:13 B C:\inetpub\wwwroot\libraries\joomla\session\storage\index.html --> ftp3.ftptoyoursite.com /web/content/SITEBACKUP_962012/libraries/joomla/session/storage index.html
2012.09.06 15:13 B C:\inetpub\wwwroot\libraries\joomla\session\storage\memcache.php --> ftp3.ftptoyoursite.com /web/content/SITEBACKUP_962012/libraries/joomla/session/storage memcache.php
2012.09.06 15:13 B C:\inetpub\wwwroot\libraries\joomla\session\storage\none.php --> ftp3.ftptoyoursite.com /web/content/SITEBACKUP_962012/libraries/joomla/session/storage none.php
2012.09.06 15:13 B C:\inetpub\wwwroot\libraries\joomla\session\storage\wincache.php --> ftp3.ftptoyoursite.com /web/content/SITEBACKUP_962012/libraries/joomla/session/storage wincache.php
2012.09.06 15:13 B C:\inetpub\wwwroot\libraries\joomla\session\storage\WS_FTP.LOG --> ftp3.ftptoyoursite.com /web/content/SITEBACKUP_962012/libraries/joomla/session/storage WS_FTP.LOG
2012.09.06 15:13 B C:\inetpub\wwwroot\libraries\joomla\session\storage\xcache.php --> ftp3.ftptoyoursite.com /web/content/SITEBACKUP_962012/libraries/joomla/session/storage xcache.php
2012.10.23 09:15 B C:\inetpub\wwwroot\libraries\joomla\session\storage\apc.php --> ftp3.ftptoyoursite.com /web/content/libraries/joomla/session/storage apc.php
2012.10.23 09:15 B C:\inetpub\wwwroot\libraries\joomla\session\storage\database.php --> ftp3.ftptoyoursite.com /web/content/libraries/joomla/session/storage database.php
2012.10.23 09:15 B C:\inetpub\wwwroot\libraries\joomla\session\storage\eaccelerator.php --> ftp3.ftptoyoursite.com /web/content/libraries/joomla/session/storage eaccelerator.php
2012.10.23 09:15 B C:\inetpub\wwwroot\libraries\joomla\session\storage\index.html --> ftp3.ftptoyoursite.com /web/content/libraries/joomla/session/storage index.html
2012.10.23 09:15 B C:\inetpub\wwwroot\libraries\joomla\session\storage\memcache.php --> ftp3.ftptoyoursite.com /web/content/libraries/joomla/session/storage memcache.php
2012.10.23 09:15 B C:\inetpub\wwwroot\libraries\joomla\session\storage\none.php --> ftp3.ftptoyoursite.com /web/content/libraries/joomla/session/storage none.php
2012.10.23 09:15 B C:\inetpub\wwwroot\libraries\joomla\session\storage\wincache.php --> ftp3.ftptoyoursite.com /web/content/libraries/joomla/session/storage wincache.php
2012.10.23 09:15 B C:\inetpub\wwwroot\libraries\joomla\session\storage\WS_FTP.LOG --> ftp3.ftptoyoursite.com /web/content/libraries/joomla/session/storage WS_FTP.LOG
2012.10.23 09:15 B C:\inetpub\wwwroot\libraries\joomla\session\storage\xcache.php --> ftp3.ftptoyoursite.com /web/content/libraries/joomla/session/storage xcache.php
2013.02.01 14:54 B C:\inetpub\wwwroot\libraries\joomla\session\storage\WS_FTP.LOG <-- Schubert Rackspace /web/content/libraries/joomla/session/storage WS_FTP.LOG
2013.02.01 14:54 B C:\inetpub\wwwroot\libraries\joomla\session\storage\xcache.php <-- Schubert Rackspace /web/content/libraries/joomla/session/storage xcache.php
