2012.07.25 12:15 B C:\Users\COBRIEN\Desktop\Schubert\components\com_jce\editor\tiny_mce\themes\advanced\skins\o2k7\img\button_bg.png <-- Schubert Rackspace /web/content/components/com_jce/editor/tiny_mce/themes/advanced/skins/o2k7/img button_bg.png
2012.07.25 12:15 B C:\Users\COBRIEN\Desktop\Schubert\components\com_jce\editor\tiny_mce\themes\advanced\skins\o2k7\img\button_bg_black.png <-- Schubert Rackspace /web/content/components/com_jce/editor/tiny_mce/themes/advanced/skins/o2k7/img button_bg_black.png
2012.07.25 12:15 B C:\Users\COBRIEN\Desktop\Schubert\components\com_jce\editor\tiny_mce\themes\advanced\skins\o2k7\img\button_bg_silver.png <-- Schubert Rackspace /web/content/components/com_jce/editor/tiny_mce/themes/advanced/skins/o2k7/img button_bg_silver.png
2012.07.25 12:15 B C:\Users\COBRIEN\Desktop\Schubert\components\com_jce\editor\tiny_mce\themes\advanced\skins\o2k7\img\index.html <-- Schubert Rackspace /web/content/components/com_jce/editor/tiny_mce/themes/advanced/skins/o2k7/img index.html
2012.09.04 10:51 B C:\inetpub\wwwroot\components\com_jce\editor\tiny_mce\themes\advanced\skins\o2k7\img\button_bg.png --> ftp3.ftptoyoursite.com /web/content/SITE-TEST/components/com_jce/editor/tiny_mce/themes/advanced/skins/o2k7/img button_bg.png
2012.09.04 10:51 B C:\inetpub\wwwroot\components\com_jce\editor\tiny_mce\themes\advanced\skins\o2k7\img\button_bg_black.png --> ftp3.ftptoyoursite.com /web/content/SITE-TEST/components/com_jce/editor/tiny_mce/themes/advanced/skins/o2k7/img button_bg_black.png
2012.09.04 10:51 B C:\inetpub\wwwroot\components\com_jce\editor\tiny_mce\themes\advanced\skins\o2k7\img\button_bg_silver.png --> ftp3.ftptoyoursite.com /web/content/SITE-TEST/components/com_jce/editor/tiny_mce/themes/advanced/skins/o2k7/img button_bg_silver.png
2012.09.04 10:51 B C:\inetpub\wwwroot\components\com_jce\editor\tiny_mce\themes\advanced\skins\o2k7\img\index.html --> ftp3.ftptoyoursite.com /web/content/SITE-TEST/components/com_jce/editor/tiny_mce/themes/advanced/skins/o2k7/img index.html
2012.09.04 10:51 B C:\inetpub\wwwroot\components\com_jce\editor\tiny_mce\themes\advanced\skins\o2k7\img\WS_FTP.LOG --> ftp3.ftptoyoursite.com /web/content/SITE-TEST/components/com_jce/editor/tiny_mce/themes/advanced/skins/o2k7/img WS_FTP.LOG
2012.09.06 15:08 B C:\inetpub\wwwroot\components\com_jce\editor\tiny_mce\themes\advanced\skins\o2k7\img\button_bg.png --> ftp3.ftptoyoursite.com /web/content/SITEBACKUP_962012/components/com_jce/editor/tiny_mce/themes/advanced/skins/o2k7/img button_bg.png
2012.09.06 15:08 B C:\inetpub\wwwroot\components\com_jce\editor\tiny_mce\themes\advanced\skins\o2k7\img\button_bg_black.png --> ftp3.ftptoyoursite.com /web/content/SITEBACKUP_962012/components/com_jce/editor/tiny_mce/themes/advanced/skins/o2k7/img button_bg_black.png
2012.09.06 15:08 B C:\inetpub\wwwroot\components\com_jce\editor\tiny_mce\themes\advanced\skins\o2k7\img\button_bg_silver.png --> ftp3.ftptoyoursite.com /web/content/SITEBACKUP_962012/components/com_jce/editor/tiny_mce/themes/advanced/skins/o2k7/img button_bg_silver.png
2012.09.06 15:08 B C:\inetpub\wwwroot\components\com_jce\editor\tiny_mce\themes\advanced\skins\o2k7\img\index.html --> ftp3.ftptoyoursite.com /web/content/SITEBACKUP_962012/components/com_jce/editor/tiny_mce/themes/advanced/skins/o2k7/img index.html
2012.09.06 15:08 B C:\inetpub\wwwroot\components\com_jce\editor\tiny_mce\themes\advanced\skins\o2k7\img\WS_FTP.LOG --> ftp3.ftptoyoursite.com /web/content/SITEBACKUP_962012/components/com_jce/editor/tiny_mce/themes/advanced/skins/o2k7/img WS_FTP.LOG
2012.09.06 15:49 B C:\inetpub\wwwroot\components\com_jce\editor\tiny_mce\themes\advanced\skins\o2k7\img\button_bg.png <-- Schubert Rackspace /web/content/SITEBACKUP_962012/components/com_jce/editor/tiny_mce/themes/advanced/skins/o2k7/img button_bg.png
2012.09.06 15:49 B C:\inetpub\wwwroot\components\com_jce\editor\tiny_mce\themes\advanced\skins\o2k7\img\button_bg_black.png <-- Schubert Rackspace /web/content/SITEBACKUP_962012/components/com_jce/editor/tiny_mce/themes/advanced/skins/o2k7/img button_bg_black.png
2012.09.06 15:49 B C:\inetpub\wwwroot\components\com_jce\editor\tiny_mce\themes\advanced\skins\o2k7\img\button_bg_silver.png <-- Schubert Rackspace /web/content/SITEBACKUP_962012/components/com_jce/editor/tiny_mce/themes/advanced/skins/o2k7/img button_bg_silver.png
2012.09.06 15:49 B C:\inetpub\wwwroot\components\com_jce\editor\tiny_mce\themes\advanced\skins\o2k7\img\index.html <-- Schubert Rackspace /web/content/SITEBACKUP_962012/components/com_jce/editor/tiny_mce/themes/advanced/skins/o2k7/img index.html
2012.10.23 09:12 B C:\inetpub\wwwroot\components\com_jce\editor\tiny_mce\themes\advanced\skins\o2k7\img\button_bg.png --> ftp3.ftptoyoursite.com /web/content/components/com_jce/editor/tiny_mce/themes/advanced/skins/o2k7/img button_bg.png
2012.10.23 09:12 B C:\inetpub\wwwroot\components\com_jce\editor\tiny_mce\themes\advanced\skins\o2k7\img\button_bg_black.png --> ftp3.ftptoyoursite.com /web/content/components/com_jce/editor/tiny_mce/themes/advanced/skins/o2k7/img button_bg_black.png
2012.10.23 09:12 B C:\inetpub\wwwroot\components\com_jce\editor\tiny_mce\themes\advanced\skins\o2k7\img\button_bg_silver.png --> ftp3.ftptoyoursite.com /web/content/components/com_jce/editor/tiny_mce/themes/advanced/skins/o2k7/img button_bg_silver.png
2012.10.23 09:12 B C:\inetpub\wwwroot\components\com_jce\editor\tiny_mce\themes\advanced\skins\o2k7\img\index.html --> ftp3.ftptoyoursite.com /web/content/components/com_jce/editor/tiny_mce/themes/advanced/skins/o2k7/img index.html
2012.10.23 09:12 B C:\inetpub\wwwroot\components\com_jce\editor\tiny_mce\themes\advanced\skins\o2k7\img\WS_FTP.LOG --> ftp3.ftptoyoursite.com /web/content/components/com_jce/editor/tiny_mce/themes/advanced/skins/o2k7/img WS_FTP.LOG
2013.02.01 14:49 B C:\inetpub\wwwroot\components\com_jce\editor\tiny_mce\themes\advanced\skins\o2k7\img\WS_FTP.LOG <-- Schubert Rackspace /web/content/components/com_jce/editor/tiny_mce/themes/advanced/skins/o2k7/img WS_FTP.LOG
