2012.07.25 12:20 B C:\Users\COBRIEN\Desktop\Schubert\modules\mod_unite_nivoslider\tmpl\themes\pascal\bullets.png <-- Schubert Rackspace /web/content/modules/mod_unite_nivoslider/tmpl/themes/pascal bullets.png
2012.07.25 12:20 B C:\Users\COBRIEN\Desktop\Schubert\modules\mod_unite_nivoslider\tmpl\themes\pascal\controlnav.png <-- Schubert Rackspace /web/content/modules/mod_unite_nivoslider/tmpl/themes/pascal controlnav.png
2012.07.25 12:20 B C:\Users\COBRIEN\Desktop\Schubert\modules\mod_unite_nivoslider\tmpl\themes\pascal\featured.png <-- Schubert Rackspace /web/content/modules/mod_unite_nivoslider/tmpl/themes/pascal featured.png
2012.07.25 12:20 B C:\Users\COBRIEN\Desktop\Schubert\modules\mod_unite_nivoslider\tmpl\themes\pascal\loading.gif <-- Schubert Rackspace /web/content/modules/mod_unite_nivoslider/tmpl/themes/pascal loading.gif
2012.07.25 12:20 B C:\Users\COBRIEN\Desktop\Schubert\modules\mod_unite_nivoslider\tmpl\themes\pascal\pascal.css <-- Schubert Rackspace /web/content/modules/mod_unite_nivoslider/tmpl/themes/pascal pascal.css
2012.07.25 12:20 B C:\Users\COBRIEN\Desktop\Schubert\modules\mod_unite_nivoslider\tmpl\themes\pascal\readme.txt <-- Schubert Rackspace /web/content/modules/mod_unite_nivoslider/tmpl/themes/pascal readme.txt
2012.07.25 12:20 B C:\Users\COBRIEN\Desktop\Schubert\modules\mod_unite_nivoslider\tmpl\themes\pascal\ribbon.png <-- Schubert Rackspace /web/content/modules/mod_unite_nivoslider/tmpl/themes/pascal ribbon.png
2012.07.25 12:20 B C:\Users\COBRIEN\Desktop\Schubert\modules\mod_unite_nivoslider\tmpl\themes\pascal\slider.png <-- Schubert Rackspace /web/content/modules/mod_unite_nivoslider/tmpl/themes/pascal slider.png
2012.09.04 10:56 B C:\inetpub\wwwroot\modules\mod_unite_nivoslider\tmpl\themes\pascal\bullets.png --> ftp3.ftptoyoursite.com /web/content/SITE-TEST/modules/mod_unite_nivoslider/tmpl/themes/pascal bullets.png
2012.09.04 10:56 B C:\inetpub\wwwroot\modules\mod_unite_nivoslider\tmpl\themes\pascal\controlnav.png --> ftp3.ftptoyoursite.com /web/content/SITE-TEST/modules/mod_unite_nivoslider/tmpl/themes/pascal controlnav.png
2012.09.04 10:56 B C:\inetpub\wwwroot\modules\mod_unite_nivoslider\tmpl\themes\pascal\featured.png --> ftp3.ftptoyoursite.com /web/content/SITE-TEST/modules/mod_unite_nivoslider/tmpl/themes/pascal featured.png
2012.09.04 10:56 B C:\inetpub\wwwroot\modules\mod_unite_nivoslider\tmpl\themes\pascal\loading.gif --> ftp3.ftptoyoursite.com /web/content/SITE-TEST/modules/mod_unite_nivoslider/tmpl/themes/pascal loading.gif
2012.09.04 10:56 B C:\inetpub\wwwroot\modules\mod_unite_nivoslider\tmpl\themes\pascal\pascal.css --> ftp3.ftptoyoursite.com /web/content/SITE-TEST/modules/mod_unite_nivoslider/tmpl/themes/pascal pascal.css
2012.09.04 10:56 B C:\inetpub\wwwroot\modules\mod_unite_nivoslider\tmpl\themes\pascal\readme.txt --> ftp3.ftptoyoursite.com /web/content/SITE-TEST/modules/mod_unite_nivoslider/tmpl/themes/pascal readme.txt
2012.09.04 10:56 B C:\inetpub\wwwroot\modules\mod_unite_nivoslider\tmpl\themes\pascal\ribbon.png --> ftp3.ftptoyoursite.com /web/content/SITE-TEST/modules/mod_unite_nivoslider/tmpl/themes/pascal ribbon.png
2012.09.04 10:56 B C:\inetpub\wwwroot\modules\mod_unite_nivoslider\tmpl\themes\pascal\slider.png --> ftp3.ftptoyoursite.com /web/content/SITE-TEST/modules/mod_unite_nivoslider/tmpl/themes/pascal slider.png
2012.09.04 10:56 B C:\inetpub\wwwroot\modules\mod_unite_nivoslider\tmpl\themes\pascal\WS_FTP.LOG --> ftp3.ftptoyoursite.com /web/content/SITE-TEST/modules/mod_unite_nivoslider/tmpl/themes/pascal WS_FTP.LOG
2012.09.06 15:15 B C:\inetpub\wwwroot\modules\mod_unite_nivoslider\tmpl\themes\pascal\bullets.png --> ftp3.ftptoyoursite.com /web/content/SITEBACKUP_962012/modules/mod_unite_nivoslider/tmpl/themes/pascal bullets.png
2012.09.06 15:15 B C:\inetpub\wwwroot\modules\mod_unite_nivoslider\tmpl\themes\pascal\controlnav.png --> ftp3.ftptoyoursite.com /web/content/SITEBACKUP_962012/modules/mod_unite_nivoslider/tmpl/themes/pascal controlnav.png
2012.09.06 15:15 B C:\inetpub\wwwroot\modules\mod_unite_nivoslider\tmpl\themes\pascal\featured.png --> ftp3.ftptoyoursite.com /web/content/SITEBACKUP_962012/modules/mod_unite_nivoslider/tmpl/themes/pascal featured.png
2012.09.06 15:15 B C:\inetpub\wwwroot\modules\mod_unite_nivoslider\tmpl\themes\pascal\loading.gif --> ftp3.ftptoyoursite.com /web/content/SITEBACKUP_962012/modules/mod_unite_nivoslider/tmpl/themes/pascal loading.gif
2012.09.06 15:15 B C:\inetpub\wwwroot\modules\mod_unite_nivoslider\tmpl\themes\pascal\pascal.css --> ftp3.ftptoyoursite.com /web/content/SITEBACKUP_962012/modules/mod_unite_nivoslider/tmpl/themes/pascal pascal.css
2012.09.06 15:15 B C:\inetpub\wwwroot\modules\mod_unite_nivoslider\tmpl\themes\pascal\readme.txt --> ftp3.ftptoyoursite.com /web/content/SITEBACKUP_962012/modules/mod_unite_nivoslider/tmpl/themes/pascal readme.txt
2012.09.06 15:15 B C:\inetpub\wwwroot\modules\mod_unite_nivoslider\tmpl\themes\pascal\ribbon.png --> ftp3.ftptoyoursite.com /web/content/SITEBACKUP_962012/modules/mod_unite_nivoslider/tmpl/themes/pascal ribbon.png
2012.09.06 15:15 B C:\inetpub\wwwroot\modules\mod_unite_nivoslider\tmpl\themes\pascal\slider.png --> ftp3.ftptoyoursite.com /web/content/SITEBACKUP_962012/modules/mod_unite_nivoslider/tmpl/themes/pascal slider.png
2012.09.06 15:15 B C:\inetpub\wwwroot\modules\mod_unite_nivoslider\tmpl\themes\pascal\WS_FTP.LOG --> ftp3.ftptoyoursite.com /web/content/SITEBACKUP_962012/modules/mod_unite_nivoslider/tmpl/themes/pascal WS_FTP.LOG
2012.10.23 09:17 B C:\inetpub\wwwroot\modules\mod_unite_nivoslider\tmpl\themes\pascal\bullets.png --> ftp3.ftptoyoursite.com /web/content/modules/mod_unite_nivoslider/tmpl/themes/pascal bullets.png
2012.10.23 09:17 B C:\inetpub\wwwroot\modules\mod_unite_nivoslider\tmpl\themes\pascal\controlnav.png --> ftp3.ftptoyoursite.com /web/content/modules/mod_unite_nivoslider/tmpl/themes/pascal controlnav.png
2012.10.23 09:17 B C:\inetpub\wwwroot\modules\mod_unite_nivoslider\tmpl\themes\pascal\featured.png --> ftp3.ftptoyoursite.com /web/content/modules/mod_unite_nivoslider/tmpl/themes/pascal featured.png
2012.10.23 09:17 B C:\inetpub\wwwroot\modules\mod_unite_nivoslider\tmpl\themes\pascal\loading.gif --> ftp3.ftptoyoursite.com /web/content/modules/mod_unite_nivoslider/tmpl/themes/pascal loading.gif
2012.10.23 09:17 B C:\inetpub\wwwroot\modules\mod_unite_nivoslider\tmpl\themes\pascal\pascal.css --> ftp3.ftptoyoursite.com /web/content/modules/mod_unite_nivoslider/tmpl/themes/pascal pascal.css
2012.10.23 09:17 B C:\inetpub\wwwroot\modules\mod_unite_nivoslider\tmpl\themes\pascal\readme.txt --> ftp3.ftptoyoursite.com /web/content/modules/mod_unite_nivoslider/tmpl/themes/pascal readme.txt
2012.10.23 09:17 B C:\inetpub\wwwroot\modules\mod_unite_nivoslider\tmpl\themes\pascal\ribbon.png --> ftp3.ftptoyoursite.com /web/content/modules/mod_unite_nivoslider/tmpl/themes/pascal ribbon.png
2012.10.23 09:17 B C:\inetpub\wwwroot\modules\mod_unite_nivoslider\tmpl\themes\pascal\slider.png --> ftp3.ftptoyoursite.com /web/content/modules/mod_unite_nivoslider/tmpl/themes/pascal slider.png
2012.10.23 09:17 B C:\inetpub\wwwroot\modules\mod_unite_nivoslider\tmpl\themes\pascal\WS_FTP.LOG --> ftp3.ftptoyoursite.com /web/content/modules/mod_unite_nivoslider/tmpl/themes/pascal WS_FTP.LOG
2013.02.01 15:03 B C:\inetpub\wwwroot\modules\mod_unite_nivoslider\tmpl\themes\pascal\WS_FTP.LOG <-- Schubert Rackspace /web/content/modules/mod_unite_nivoslider/tmpl/themes/pascal WS_FTP.LOG
