2012.07.25 12:18 B C:\Users\COBRIEN\Desktop\Schubert\libraries\tcpdf\CHANGELOG.TXT <-- Schubert Rackspace /web/content/libraries/tcpdf CHANGELOG.TXT
2012.07.25 12:18 B C:\Users\COBRIEN\Desktop\Schubert\libraries\tcpdf\html_entity_decode_php4.php <-- Schubert Rackspace /web/content/libraries/tcpdf html_entity_decode_php4.php
2012.07.25 12:18 B C:\Users\COBRIEN\Desktop\Schubert\libraries\tcpdf\index.html <-- Schubert Rackspace /web/content/libraries/tcpdf index.html
2012.07.25 12:18 B C:\Users\COBRIEN\Desktop\Schubert\libraries\tcpdf\LICENSE.TXT <-- Schubert Rackspace /web/content/libraries/tcpdf LICENSE.TXT
2012.07.25 12:18 B C:\Users\COBRIEN\Desktop\Schubert\libraries\tcpdf\README.TXT <-- Schubert Rackspace /web/content/libraries/tcpdf README.TXT
2012.07.25 12:18 B C:\Users\COBRIEN\Desktop\Schubert\libraries\tcpdf\tcpdf.php <-- Schubert Rackspace /web/content/libraries/tcpdf tcpdf.php
2012.07.25 12:18 B C:\Users\COBRIEN\Desktop\Schubert\libraries\tcpdf\unicode_data.php <-- Schubert Rackspace /web/content/libraries/tcpdf unicode_data.php
2012.09.04 10:54 B C:\inetpub\wwwroot\libraries\tcpdf\CHANGELOG.TXT --> ftp3.ftptoyoursite.com /web/content/SITE-TEST/libraries/tcpdf CHANGELOG.TXT
2012.09.04 10:54 B C:\inetpub\wwwroot\libraries\tcpdf\html_entity_decode_php4.php --> ftp3.ftptoyoursite.com /web/content/SITE-TEST/libraries/tcpdf html_entity_decode_php4.php
2012.09.04 10:54 B C:\inetpub\wwwroot\libraries\tcpdf\index.html --> ftp3.ftptoyoursite.com /web/content/SITE-TEST/libraries/tcpdf index.html
2012.09.04 10:54 B C:\inetpub\wwwroot\libraries\tcpdf\LICENSE.TXT --> ftp3.ftptoyoursite.com /web/content/SITE-TEST/libraries/tcpdf LICENSE.TXT
2012.09.04 10:54 B C:\inetpub\wwwroot\libraries\tcpdf\README.TXT --> ftp3.ftptoyoursite.com /web/content/SITE-TEST/libraries/tcpdf README.TXT
2012.09.04 10:54 B C:\inetpub\wwwroot\libraries\tcpdf\tcpdf.php --> ftp3.ftptoyoursite.com /web/content/SITE-TEST/libraries/tcpdf tcpdf.php
2012.09.04 10:54 B C:\inetpub\wwwroot\libraries\tcpdf\unicode_data.php --> ftp3.ftptoyoursite.com /web/content/SITE-TEST/libraries/tcpdf unicode_data.php
2012.09.04 10:54 B C:\inetpub\wwwroot\libraries\tcpdf\WS_FTP.LOG --> ftp3.ftptoyoursite.com /web/content/SITE-TEST/libraries/tcpdf WS_FTP.LOG
2012.09.06 15:13 B C:\inetpub\wwwroot\libraries\tcpdf\CHANGELOG.TXT --> ftp3.ftptoyoursite.com /web/content/SITEBACKUP_962012/libraries/tcpdf CHANGELOG.TXT
2012.09.06 15:13 B C:\inetpub\wwwroot\libraries\tcpdf\html_entity_decode_php4.php --> ftp3.ftptoyoursite.com /web/content/SITEBACKUP_962012/libraries/tcpdf html_entity_decode_php4.php
2012.09.06 15:13 B C:\inetpub\wwwroot\libraries\tcpdf\index.html --> ftp3.ftptoyoursite.com /web/content/SITEBACKUP_962012/libraries/tcpdf index.html
2012.09.06 15:13 B C:\inetpub\wwwroot\libraries\tcpdf\LICENSE.TXT --> ftp3.ftptoyoursite.com /web/content/SITEBACKUP_962012/libraries/tcpdf LICENSE.TXT
2012.09.06 15:13 B C:\inetpub\wwwroot\libraries\tcpdf\README.TXT --> ftp3.ftptoyoursite.com /web/content/SITEBACKUP_962012/libraries/tcpdf README.TXT
2012.09.06 15:13 B C:\inetpub\wwwroot\libraries\tcpdf\tcpdf.php --> ftp3.ftptoyoursite.com /web/content/SITEBACKUP_962012/libraries/tcpdf tcpdf.php
2012.09.06 15:13 B C:\inetpub\wwwroot\libraries\tcpdf\unicode_data.php --> ftp3.ftptoyoursite.com /web/content/SITEBACKUP_962012/libraries/tcpdf unicode_data.php
2012.09.06 15:13 B C:\inetpub\wwwroot\libraries\tcpdf\WS_FTP.LOG --> ftp3.ftptoyoursite.com /web/content/SITEBACKUP_962012/libraries/tcpdf WS_FTP.LOG
2012.10.23 09:15 B C:\inetpub\wwwroot\libraries\tcpdf\CHANGELOG.TXT --> ftp3.ftptoyoursite.com /web/content/libraries/tcpdf CHANGELOG.TXT
2012.10.23 09:15 B C:\inetpub\wwwroot\libraries\tcpdf\html_entity_decode_php4.php --> ftp3.ftptoyoursite.com /web/content/libraries/tcpdf html_entity_decode_php4.php
2012.10.23 09:15 B C:\inetpub\wwwroot\libraries\tcpdf\index.html --> ftp3.ftptoyoursite.com /web/content/libraries/tcpdf index.html
2012.10.23 09:15 B C:\inetpub\wwwroot\libraries\tcpdf\LICENSE.TXT --> ftp3.ftptoyoursite.com /web/content/libraries/tcpdf LICENSE.TXT
2012.10.23 09:15 B C:\inetpub\wwwroot\libraries\tcpdf\README.TXT --> ftp3.ftptoyoursite.com /web/content/libraries/tcpdf README.TXT
2012.10.23 09:15 B C:\inetpub\wwwroot\libraries\tcpdf\tcpdf.php --> ftp3.ftptoyoursite.com /web/content/libraries/tcpdf tcpdf.php
2012.10.23 09:15 B C:\inetpub\wwwroot\libraries\tcpdf\unicode_data.php --> ftp3.ftptoyoursite.com /web/content/libraries/tcpdf unicode_data.php
2012.10.23 09:15 B C:\inetpub\wwwroot\libraries\tcpdf\WS_FTP.LOG --> ftp3.ftptoyoursite.com /web/content/libraries/tcpdf WS_FTP.LOG
2013.02.01 14:55 B C:\inetpub\wwwroot\libraries\tcpdf\WS_FTP.LOG <-- Schubert Rackspace /web/content/libraries/tcpdf WS_FTP.LOG
