2012.07.25 12:19 B C:\Users\COBRIEN\Desktop\Schubert\modules\mod_banners\helper.php <-- Schubert Rackspace /web/content/modules/mod_banners helper.php
2012.07.25 12:19 B C:\Users\COBRIEN\Desktop\Schubert\modules\mod_banners\index.html <-- Schubert Rackspace /web/content/modules/mod_banners index.html
2012.07.25 12:19 B C:\Users\COBRIEN\Desktop\Schubert\modules\mod_banners\mod_banners.php <-- Schubert Rackspace /web/content/modules/mod_banners mod_banners.php
2012.07.25 12:19 B C:\Users\COBRIEN\Desktop\Schubert\modules\mod_banners\mod_banners.xml <-- Schubert Rackspace /web/content/modules/mod_banners mod_banners.xml
2012.09.04 10:56 B C:\inetpub\wwwroot\modules\mod_banners\helper.php --> ftp3.ftptoyoursite.com /web/content/SITE-TEST/modules/mod_banners helper.php
2012.09.04 10:56 B C:\inetpub\wwwroot\modules\mod_banners\index.html --> ftp3.ftptoyoursite.com /web/content/SITE-TEST/modules/mod_banners index.html
2012.09.04 10:56 B C:\inetpub\wwwroot\modules\mod_banners\mod_banners.php --> ftp3.ftptoyoursite.com /web/content/SITE-TEST/modules/mod_banners mod_banners.php
2012.09.04 10:56 B C:\inetpub\wwwroot\modules\mod_banners\mod_banners.xml --> ftp3.ftptoyoursite.com /web/content/SITE-TEST/modules/mod_banners mod_banners.xml
2012.09.04 10:56 B C:\inetpub\wwwroot\modules\mod_banners\WS_FTP.LOG --> ftp3.ftptoyoursite.com /web/content/SITE-TEST/modules/mod_banners WS_FTP.LOG
2012.09.06 15:15 B C:\inetpub\wwwroot\modules\mod_banners\helper.php --> ftp3.ftptoyoursite.com /web/content/SITEBACKUP_962012/modules/mod_banners helper.php
2012.09.06 15:15 B C:\inetpub\wwwroot\modules\mod_banners\index.html --> ftp3.ftptoyoursite.com /web/content/SITEBACKUP_962012/modules/mod_banners index.html
2012.09.06 15:15 B C:\inetpub\wwwroot\modules\mod_banners\mod_banners.php --> ftp3.ftptoyoursite.com /web/content/SITEBACKUP_962012/modules/mod_banners mod_banners.php
2012.09.06 15:15 B C:\inetpub\wwwroot\modules\mod_banners\mod_banners.xml --> ftp3.ftptoyoursite.com /web/content/SITEBACKUP_962012/modules/mod_banners mod_banners.xml
2012.09.06 15:15 B C:\inetpub\wwwroot\modules\mod_banners\WS_FTP.LOG --> ftp3.ftptoyoursite.com /web/content/SITEBACKUP_962012/modules/mod_banners WS_FTP.LOG
2012.10.23 09:16 B C:\inetpub\wwwroot\modules\mod_banners\helper.php --> ftp3.ftptoyoursite.com /web/content/modules/mod_banners helper.php
2012.10.23 09:16 B C:\inetpub\wwwroot\modules\mod_banners\index.html --> ftp3.ftptoyoursite.com /web/content/modules/mod_banners index.html
2012.10.23 09:16 B C:\inetpub\wwwroot\modules\mod_banners\mod_banners.php --> ftp3.ftptoyoursite.com /web/content/modules/mod_banners mod_banners.php
2012.10.23 09:16 B C:\inetpub\wwwroot\modules\mod_banners\mod_banners.xml --> ftp3.ftptoyoursite.com /web/content/modules/mod_banners mod_banners.xml
2012.10.23 09:16 B C:\inetpub\wwwroot\modules\mod_banners\WS_FTP.LOG --> ftp3.ftptoyoursite.com /web/content/modules/mod_banners WS_FTP.LOG
2013.02.01 15:02 B C:\inetpub\wwwroot\modules\mod_banners\WS_FTP.LOG <-- Schubert Rackspace /web/content/modules/mod_banners WS_FTP.LOG
