2012.07.25 12:19 B C:\Users\COBRIEN\Desktop\Schubert\modules\mod_articles_archive\helper.php <-- Schubert Rackspace /web/content/modules/mod_articles_archive helper.php
2012.07.25 12:19 B C:\Users\COBRIEN\Desktop\Schubert\modules\mod_articles_archive\index.html <-- Schubert Rackspace /web/content/modules/mod_articles_archive index.html
2012.07.25 12:19 B C:\Users\COBRIEN\Desktop\Schubert\modules\mod_articles_archive\mod_articles_archive.php <-- Schubert Rackspace /web/content/modules/mod_articles_archive mod_articles_archive.php
2012.07.25 12:19 B C:\Users\COBRIEN\Desktop\Schubert\modules\mod_articles_archive\mod_articles_archive.xml <-- Schubert Rackspace /web/content/modules/mod_articles_archive mod_articles_archive.xml
2012.09.04 10:56 B C:\inetpub\wwwroot\modules\mod_articles_archive\helper.php --> ftp3.ftptoyoursite.com /web/content/SITE-TEST/modules/mod_articles_archive helper.php
2012.09.04 10:56 B C:\inetpub\wwwroot\modules\mod_articles_archive\index.html --> ftp3.ftptoyoursite.com /web/content/SITE-TEST/modules/mod_articles_archive index.html
2012.09.04 10:56 B C:\inetpub\wwwroot\modules\mod_articles_archive\mod_articles_archive.php --> ftp3.ftptoyoursite.com /web/content/SITE-TEST/modules/mod_articles_archive mod_articles_archive.php
2012.09.04 10:56 B C:\inetpub\wwwroot\modules\mod_articles_archive\mod_articles_archive.xml --> ftp3.ftptoyoursite.com /web/content/SITE-TEST/modules/mod_articles_archive mod_articles_archive.xml
2012.09.04 10:56 B C:\inetpub\wwwroot\modules\mod_articles_archive\WS_FTP.LOG --> ftp3.ftptoyoursite.com /web/content/SITE-TEST/modules/mod_articles_archive WS_FTP.LOG
2012.09.06 15:14 B C:\inetpub\wwwroot\modules\mod_articles_archive\helper.php --> ftp3.ftptoyoursite.com /web/content/SITEBACKUP_962012/modules/mod_articles_archive helper.php
2012.09.06 15:14 B C:\inetpub\wwwroot\modules\mod_articles_archive\index.html --> ftp3.ftptoyoursite.com /web/content/SITEBACKUP_962012/modules/mod_articles_archive index.html
2012.09.06 15:14 B C:\inetpub\wwwroot\modules\mod_articles_archive\mod_articles_archive.php --> ftp3.ftptoyoursite.com /web/content/SITEBACKUP_962012/modules/mod_articles_archive mod_articles_archive.php
2012.09.06 15:14 B C:\inetpub\wwwroot\modules\mod_articles_archive\mod_articles_archive.xml --> ftp3.ftptoyoursite.com /web/content/SITEBACKUP_962012/modules/mod_articles_archive mod_articles_archive.xml
2012.09.06 15:14 B C:\inetpub\wwwroot\modules\mod_articles_archive\WS_FTP.LOG --> ftp3.ftptoyoursite.com /web/content/SITEBACKUP_962012/modules/mod_articles_archive WS_FTP.LOG
2012.10.23 09:16 B C:\inetpub\wwwroot\modules\mod_articles_archive\helper.php --> ftp3.ftptoyoursite.com /web/content/modules/mod_articles_archive helper.php
2012.10.23 09:16 B C:\inetpub\wwwroot\modules\mod_articles_archive\index.html --> ftp3.ftptoyoursite.com /web/content/modules/mod_articles_archive index.html
2012.10.23 09:16 B C:\inetpub\wwwroot\modules\mod_articles_archive\mod_articles_archive.php --> ftp3.ftptoyoursite.com /web/content/modules/mod_articles_archive mod_articles_archive.php
2012.10.23 09:16 B C:\inetpub\wwwroot\modules\mod_articles_archive\mod_articles_archive.xml --> ftp3.ftptoyoursite.com /web/content/modules/mod_articles_archive mod_articles_archive.xml
2012.10.23 09:16 B C:\inetpub\wwwroot\modules\mod_articles_archive\WS_FTP.LOG --> ftp3.ftptoyoursite.com /web/content/modules/mod_articles_archive WS_FTP.LOG
2013.02.01 15:02 B C:\inetpub\wwwroot\modules\mod_articles_archive\WS_FTP.LOG <-- Schubert Rackspace /web/content/modules/mod_articles_archive WS_FTP.LOG
