2012.07.25 12:10 B C:\Users\COBRIEN\Desktop\Schubert\administrator\components\com_admin\sql\updates\sqlazure\2.5.2-2012-03-05.sql <-- Schubert Rackspace /web/content/administrator/components/com_admin/sql/updates/sqlazure 2.5.2-2012-03-05.sql
2012.07.25 12:10 B C:\Users\COBRIEN\Desktop\Schubert\administrator\components\com_admin\sql\updates\sqlazure\2.5.3-2012-03-13.sql <-- Schubert Rackspace /web/content/administrator/components/com_admin/sql/updates/sqlazure 2.5.3-2012-03-13.sql
2012.07.25 12:10 B C:\Users\COBRIEN\Desktop\Schubert\administrator\components\com_admin\sql\updates\sqlazure\2.5.4-2012-03-18.sql <-- Schubert Rackspace /web/content/administrator/components/com_admin/sql/updates/sqlazure 2.5.4-2012-03-18.sql
2012.07.25 12:10 B C:\Users\COBRIEN\Desktop\Schubert\administrator\components\com_admin\sql\updates\sqlazure\2.5.4-2012-03-19.sql <-- Schubert Rackspace /web/content/administrator/components/com_admin/sql/updates/sqlazure 2.5.4-2012-03-19.sql
2012.07.25 12:10 B C:\Users\COBRIEN\Desktop\Schubert\administrator\components\com_admin\sql\updates\sqlazure\index.html <-- Schubert Rackspace /web/content/administrator/components/com_admin/sql/updates/sqlazure index.html
2012.09.04 10:44 B C:\inetpub\wwwroot\administrator\components\com_admin\sql\updates\sqlazure\2.5.2-2012-03-05.sql --> ftp3.ftptoyoursite.com /web/content/SITE-TEST/administrator/components/com_admin/sql/updates/sqlazure 2.5.2-2012-03-05.sql
2012.09.04 10:44 B C:\inetpub\wwwroot\administrator\components\com_admin\sql\updates\sqlazure\2.5.3-2012-03-13.sql --> ftp3.ftptoyoursite.com /web/content/SITE-TEST/administrator/components/com_admin/sql/updates/sqlazure 2.5.3-2012-03-13.sql
2012.09.04 10:44 B C:\inetpub\wwwroot\administrator\components\com_admin\sql\updates\sqlazure\2.5.4-2012-03-18.sql --> ftp3.ftptoyoursite.com /web/content/SITE-TEST/administrator/components/com_admin/sql/updates/sqlazure 2.5.4-2012-03-18.sql
2012.09.04 10:44 B C:\inetpub\wwwroot\administrator\components\com_admin\sql\updates\sqlazure\2.5.4-2012-03-19.sql --> ftp3.ftptoyoursite.com /web/content/SITE-TEST/administrator/components/com_admin/sql/updates/sqlazure 2.5.4-2012-03-19.sql
2012.09.04 10:44 B C:\inetpub\wwwroot\administrator\components\com_admin\sql\updates\sqlazure\index.html --> ftp3.ftptoyoursite.com /web/content/SITE-TEST/administrator/components/com_admin/sql/updates/sqlazure index.html
2012.09.04 10:44 B C:\inetpub\wwwroot\administrator\components\com_admin\sql\updates\sqlazure\WS_FTP.LOG --> ftp3.ftptoyoursite.com /web/content/SITE-TEST/administrator/components/com_admin/sql/updates/sqlazure WS_FTP.LOG
2012.09.06 14:58 B C:\inetpub\wwwroot\administrator\components\com_admin\sql\updates\sqlazure\2.5.2-2012-03-05.sql --> ftp3.ftptoyoursite.com /web/content/SITEBACKUP_962012/administrator/components/com_admin/sql/updates/sqlazure 2.5.2-2012-03-05.sql
2012.09.06 14:58 B C:\inetpub\wwwroot\administrator\components\com_admin\sql\updates\sqlazure\2.5.3-2012-03-13.sql --> ftp3.ftptoyoursite.com /web/content/SITEBACKUP_962012/administrator/components/com_admin/sql/updates/sqlazure 2.5.3-2012-03-13.sql
2012.09.06 14:58 B C:\inetpub\wwwroot\administrator\components\com_admin\sql\updates\sqlazure\2.5.4-2012-03-18.sql --> ftp3.ftptoyoursite.com /web/content/SITEBACKUP_962012/administrator/components/com_admin/sql/updates/sqlazure 2.5.4-2012-03-18.sql
2012.09.06 14:58 B C:\inetpub\wwwroot\administrator\components\com_admin\sql\updates\sqlazure\2.5.4-2012-03-19.sql --> ftp3.ftptoyoursite.com /web/content/SITEBACKUP_962012/administrator/components/com_admin/sql/updates/sqlazure 2.5.4-2012-03-19.sql
2012.09.06 14:58 B C:\inetpub\wwwroot\administrator\components\com_admin\sql\updates\sqlazure\index.html --> ftp3.ftptoyoursite.com /web/content/SITEBACKUP_962012/administrator/components/com_admin/sql/updates/sqlazure index.html
2012.09.06 14:58 B C:\inetpub\wwwroot\administrator\components\com_admin\sql\updates\sqlazure\WS_FTP.LOG --> ftp3.ftptoyoursite.com /web/content/SITEBACKUP_962012/administrator/components/com_admin/sql/updates/sqlazure WS_FTP.LOG
2012.09.06 15:20 B C:\inetpub\wwwroot\administrator\components\com_admin\sql\updates\sqlazure\2.5.2-2012-03-05.sql <-- Schubert Rackspace /web/content/administrator/components/com_admin/sql/updates/sqlazure 2.5.2-2012-03-05.sql
2012.09.06 15:20 B C:\inetpub\wwwroot\administrator\components\com_admin\sql\updates\sqlazure\2.5.3-2012-03-13.sql <-- Schubert Rackspace /web/content/administrator/components/com_admin/sql/updates/sqlazure 2.5.3-2012-03-13.sql
2012.09.06 15:20 B C:\inetpub\wwwroot\administrator\components\com_admin\sql\updates\sqlazure\2.5.4-2012-03-18.sql <-- Schubert Rackspace /web/content/administrator/components/com_admin/sql/updates/sqlazure 2.5.4-2012-03-18.sql
2012.09.06 15:20 B C:\inetpub\wwwroot\administrator\components\com_admin\sql\updates\sqlazure\2.5.4-2012-03-19.sql <-- Schubert Rackspace /web/content/administrator/components/com_admin/sql/updates/sqlazure 2.5.4-2012-03-19.sql
2012.09.06 15:20 B C:\inetpub\wwwroot\administrator\components\com_admin\sql\updates\sqlazure\2.5.5.sql <-- Schubert Rackspace /web/content/administrator/components/com_admin/sql/updates/sqlazure 2.5.5.sql
2012.09.06 15:20 B C:\inetpub\wwwroot\administrator\components\com_admin\sql\updates\sqlazure\2.5.6.sql <-- Schubert Rackspace /web/content/administrator/components/com_admin/sql/updates/sqlazure 2.5.6.sql
2012.09.06 15:20 B C:\inetpub\wwwroot\administrator\components\com_admin\sql\updates\sqlazure\index.html <-- Schubert Rackspace /web/content/administrator/components/com_admin/sql/updates/sqlazure index.html
2012.09.06 15:43 B C:\inetpub\wwwroot\administrator\components\com_admin\sql\updates\sqlazure\2.5.2-2012-03-05.sql <-- Schubert Rackspace /web/content/SITEBACKUP_962012/administrator/components/com_admin/sql/updates/sqlazure 2.5.2-2012-03-05.sql
2012.09.06 15:43 B C:\inetpub\wwwroot\administrator\components\com_admin\sql\updates\sqlazure\2.5.3-2012-03-13.sql <-- Schubert Rackspace /web/content/SITEBACKUP_962012/administrator/components/com_admin/sql/updates/sqlazure 2.5.3-2012-03-13.sql
2012.09.06 15:43 B C:\inetpub\wwwroot\administrator\components\com_admin\sql\updates\sqlazure\2.5.4-2012-03-18.sql <-- Schubert Rackspace /web/content/SITEBACKUP_962012/administrator/components/com_admin/sql/updates/sqlazure 2.5.4-2012-03-18.sql
2012.09.06 15:43 B C:\inetpub\wwwroot\administrator\components\com_admin\sql\updates\sqlazure\2.5.4-2012-03-19.sql <-- Schubert Rackspace /web/content/SITEBACKUP_962012/administrator/components/com_admin/sql/updates/sqlazure 2.5.4-2012-03-19.sql
2012.09.06 15:43 B C:\inetpub\wwwroot\administrator\components\com_admin\sql\updates\sqlazure\index.html <-- Schubert Rackspace /web/content/SITEBACKUP_962012/administrator/components/com_admin/sql/updates/sqlazure index.html
2012.10.23 09:03 B C:\inetpub\wwwroot\administrator\components\com_admin\sql\updates\sqlazure\2.5.2-2012-03-05.sql --> ftp3.ftptoyoursite.com /web/content/administrator/components/com_admin/sql/updates/sqlazure 2.5.2-2012-03-05.sql
2012.10.23 09:03 B C:\inetpub\wwwroot\administrator\components\com_admin\sql\updates\sqlazure\2.5.3-2012-03-13.sql --> ftp3.ftptoyoursite.com /web/content/administrator/components/com_admin/sql/updates/sqlazure 2.5.3-2012-03-13.sql
2012.10.23 09:03 B C:\inetpub\wwwroot\administrator\components\com_admin\sql\updates\sqlazure\2.5.4-2012-03-18.sql --> ftp3.ftptoyoursite.com /web/content/administrator/components/com_admin/sql/updates/sqlazure 2.5.4-2012-03-18.sql
2012.10.23 09:03 B C:\inetpub\wwwroot\administrator\components\com_admin\sql\updates\sqlazure\2.5.4-2012-03-19.sql --> ftp3.ftptoyoursite.com /web/content/administrator/components/com_admin/sql/updates/sqlazure 2.5.4-2012-03-19.sql
2012.10.23 09:03 B C:\inetpub\wwwroot\administrator\components\com_admin\sql\updates\sqlazure\2.5.5.sql --> ftp3.ftptoyoursite.com /web/content/administrator/components/com_admin/sql/updates/sqlazure 2.5.5.sql
2012.10.23 09:03 B C:\inetpub\wwwroot\administrator\components\com_admin\sql\updates\sqlazure\2.5.6.sql --> ftp3.ftptoyoursite.com /web/content/administrator/components/com_admin/sql/updates/sqlazure 2.5.6.sql
2012.10.23 09:03 B C:\inetpub\wwwroot\administrator\components\com_admin\sql\updates\sqlazure\index.html --> ftp3.ftptoyoursite.com /web/content/administrator/components/com_admin/sql/updates/sqlazure index.html
2012.10.23 09:03 B C:\inetpub\wwwroot\administrator\components\com_admin\sql\updates\sqlazure\WS_FTP.LOG --> ftp3.ftptoyoursite.com /web/content/administrator/components/com_admin/sql/updates/sqlazure WS_FTP.LOG
2013.02.01 14:39 B C:\inetpub\wwwroot\administrator\components\com_admin\sql\updates\sqlazure\WS_FTP.LOG <-- Schubert Rackspace /web/content/administrator/components/com_admin/sql/updates/sqlazure WS_FTP.LOG
