2012.07.25 12:20 B C:\Users\COBRIEN\Desktop\Schubert\templates\templatename\css\editor.css <-- Schubert Rackspace /web/content/templates/templatename/css editor.css
2012.07.25 12:20 B C:\Users\COBRIEN\Desktop\Schubert\templates\templatename\css\error.css <-- Schubert Rackspace /web/content/templates/templatename/css error.css
2012.07.25 12:20 B C:\Users\COBRIEN\Desktop\Schubert\templates\templatename\css\ie7.css <-- Schubert Rackspace /web/content/templates/templatename/css ie7.css
2012.07.25 12:20 B C:\Users\COBRIEN\Desktop\Schubert\templates\templatename\css\index.html <-- Schubert Rackspace /web/content/templates/templatename/css index.html
2012.07.25 12:20 B C:\Users\COBRIEN\Desktop\Schubert\templates\templatename\css\offline.css <-- Schubert Rackspace /web/content/templates/templatename/css offline.css
2012.07.25 12:20 B C:\Users\COBRIEN\Desktop\Schubert\templates\templatename\css\phone.css <-- Schubert Rackspace /web/content/templates/templatename/css phone.css
2012.07.25 12:20 B C:\Users\COBRIEN\Desktop\Schubert\templates\templatename\css\print.css <-- Schubert Rackspace /web/content/templates/templatename/css print.css
2012.07.25 12:20 B C:\Users\COBRIEN\Desktop\Schubert\templates\templatename\css\reset.css <-- Schubert Rackspace /web/content/templates/templatename/css reset.css
2012.07.25 12:20 B C:\Users\COBRIEN\Desktop\Schubert\templates\templatename\css\tablet.css <-- Schubert Rackspace /web/content/templates/templatename/css tablet.css
2012.07.25 12:20 B C:\Users\COBRIEN\Desktop\Schubert\templates\templatename\css\template.css <-- Schubert Rackspace /web/content/templates/templatename/css template.css
2012.07.25 12:20 B C:\Users\COBRIEN\Desktop\Schubert\templates\templatename\css\template.css.php <-- Schubert Rackspace /web/content/templates/templatename/css template.css.php
2012.07.25 12:20 B C:\Users\COBRIEN\Desktop\Schubert\templates\templatename\css\titlebg.png <-- Schubert Rackspace /web/content/templates/templatename/css titlebg.png
2012.07.30 10:16 B C:\inetpub\wwwroot\templates\templatename\css\template.css <-- Schubert Rackspace /web/content/templates/templatename/css template.css
2012.07.30 10:18 B C:\inetpub\wwwroot\templates\templatename\css\template.css <-- Schubert Rackspace /web/content/templates/templatename/css template.css
2012.07.30 10:19 B C:\inetpub\wwwroot\templates\templatename\css\template.css <-- Schubert Rackspace /web/content/templates/templatename/css template.css
2012.07.30 10:24 B C:\inetpub\wwwroot\templates\templatename\css\template.css <-- Schubert Rackspace /web/content/templates/templatename/css template.css
2012.07.30 10:29 B C:\inetpub\wwwroot\templates\templatename\css\template.css <-- Schubert Rackspace /web/content/templates/templatename/css template.css
2012.07.30 10:29 B C:\inetpub\wwwroot\templates\templatename\css\template.css <-- Schubert Rackspace /web/content/templates/templatename/css template.css
2012.07.30 11:28 B C:\inetpub\wwwroot\templates\templatename\css\template.css <-- Schubert Rackspace /web/content/templates/templatename/css template.css
2012.07.30 11:32 B C:\inetpub\wwwroot\templates\templatename\css\template.css <-- Schubert Rackspace /web/content/templates/templatename/css template.css
2012.07.30 11:42 B C:\inetpub\wwwroot\templates\templatename\css\template.css <-- Schubert Rackspace /web/content/templates/templatename/css template.css
2012.07.30 11:59 B C:\inetpub\wwwroot\templates\templatename\css\template.css <-- Schubert Rackspace /web/content/templates/templatename/css template.css
2012.07.30 12:00 B C:\inetpub\wwwroot\templates\templatename\css\template.css <-- Schubert Rackspace /web/content/templates/templatename/css template.css
2012.07.31 10:58 B C:\inetpub\wwwroot\templates\templatename\css\template.css --> ftp3.ftptoyoursite.com /web/content template.css
2012.07.31 10:58 B C:\inetpub\wwwroot\templates\templatename\css\template.css --> ftp3.ftptoyoursite.com /web/content/templates/templatename/css template.css
2012.07.31 11:08 B C:\inetpub\wwwroot\templates\templatename\css\template.css <-- Schubert Rackspace /web/content/templates/templatename/css template.css
2012.07.31 11:17 B C:\inetpub\wwwroot\templates\templatename\css\template.css <-- Schubert Rackspace /web/content/templates/templatename/css template.css
2012.07.31 11:18 B C:\inetpub\wwwroot\templates\templatename\css\template.css <-- Schubert Rackspace /web/content/templates/templatename/css template.css
2012.07.31 11:21 B C:\inetpub\wwwroot\templates\templatename\css\template.css <-- Schubert Rackspace /web/content/templates/templatename/css template.css
2012.07.31 11:27 B C:\inetpub\wwwroot\templates\templatename\css\template.css <-- Schubert Rackspace /web/content/templates/templatename/css template.css
2012.07.31 11:32 B C:\inetpub\wwwroot\templates\templatename\css\template.css <-- Schubert Rackspace /web/content/templates/templatename/css template.css
2012.07.31 11:37 B C:\inetpub\wwwroot\templates\templatename\css\template.css <-- Schubert Rackspace /web/content/templates/templatename/css template.css
2012.07.31 11:39 B C:\inetpub\wwwroot\templates\templatename\css\template.css <-- Schubert Rackspace /web/content/templates/templatename/css template.css
2012.07.31 11:40 B C:\inetpub\wwwroot\templates\templatename\css\template.css <-- Schubert Rackspace /web/content/templates/templatename/css template.css
2012.07.31 12:05 B C:\inetpub\wwwroot\templates\templatename\css\template.css <-- Schubert Rackspace /web/content/templates/templatename/css template.css
2012.07.31 12:05 B C:\inetpub\wwwroot\templates\templatename\css\template.css <-- Schubert Rackspace /web/content/templates/templatename/css template.css
2012.07.31 12:06 B C:\inetpub\wwwroot\templates\templatename\css\template.css <-- Schubert Rackspace /web/content/templates/templatename/css template.css
2012.07.31 14:19 B C:\inetpub\wwwroot\templates\templatename\css\template.css <-- Schubert Rackspace /web/content/templates/templatename/css template.css
2012.08.02 09:28 B C:\inetpub\wwwroot\templates\templatename\css\template.css --> ftp3.ftptoyoursite.com /web/content/templates/templatename/css template.css
2012.08.02 09:28 B C:\inetpub\wwwroot\templates\templatename\css\template.css <-- Schubert Rackspace /web/content/templates/templatename/css template.css
2012.08.02 09:32 B C:\inetpub\wwwroot\templates\templatename\css\template.css <-- Schubert Rackspace /web/content/templates/templatename/css template.css
2012.08.02 09:33 B C:\inetpub\wwwroot\templates\templatename\css\template.css <-- Schubert Rackspace /web/content/templates/templatename/css template.css
2012.08.02 09:35 B C:\inetpub\wwwroot\templates\templatename\css\template.css <-- Schubert Rackspace /web/content/templates/templatename/css template.css
2012.08.02 09:35 B C:\inetpub\wwwroot\templates\templatename\css\template.css <-- Schubert Rackspace /web/content/templates/templatename/css template.css
2012.08.02 09:37 B C:\inetpub\wwwroot\templates\templatename\css\template.css <-- Schubert Rackspace /web/content/templates/templatename/css template.css
2012.08.02 09:39 B C:\inetpub\wwwroot\templates\templatename\css\template.css <-- Schubert Rackspace /web/content/templates/templatename/css template.css
2012.08.02 09:39 B C:\inetpub\wwwroot\templates\templatename\css\template.css <-- Schubert Rackspace /web/content/templates/templatename/css template.css
2012.08.02 09:40 B C:\inetpub\wwwroot\templates\templatename\css\template.css <-- Schubert Rackspace /web/content/templates/templatename/css template.css
2012.08.02 09:42 B C:\inetpub\wwwroot\templates\templatename\css\template.css <-- Schubert Rackspace /web/content/templates/templatename/css template.css
2012.08.02 09:44 B C:\inetpub\wwwroot\templates\templatename\css\template.css <-- Schubert Rackspace /web/content/templates/templatename/css template.css
2012.08.02 09:44 B C:\inetpub\wwwroot\templates\templatename\css\template.css <-- Schubert Rackspace /web/content/templates/templatename/css template.css
2012.08.02 09:45 B C:\inetpub\wwwroot\templates\templatename\css\template.css <-- Schubert Rackspace /web/content/templates/templatename/css template.css
2012.08.02 09:45 B C:\inetpub\wwwroot\templates\templatename\css\template.css <-- Schubert Rackspace /web/content/templates/templatename/css template.css
2012.08.02 09:47 B C:\inetpub\wwwroot\templates\templatename\css\template.css <-- Schubert Rackspace /web/content/templates/templatename/css template.css
2012.08.02 09:48 B C:\inetpub\wwwroot\templates\templatename\css\template.css <-- Schubert Rackspace /web/content/templates/templatename/css template.css
2012.08.02 09:50 B C:\inetpub\wwwroot\templates\templatename\css\template.css <-- Schubert Rackspace /web/content/templates/templatename/css template.css
2012.08.02 09:53 B C:\inetpub\wwwroot\templates\templatename\css\template.css <-- Schubert Rackspace /web/content/templates/templatename/css template.css
2012.08.02 09:54 B C:\inetpub\wwwroot\templates\templatename\css\template.css <-- Schubert Rackspace /web/content/templates/templatename/css template.css
2012.08.02 09:56 B C:\inetpub\wwwroot\templates\templatename\css\template.css <-- Schubert Rackspace /web/content/templates/templatename/css template.css
2012.08.02 09:56 B C:\inetpub\wwwroot\templates\templatename\css\template.css <-- Schubert Rackspace /web/content/templates/templatename/css template.css
2012.08.02 09:57 B C:\inetpub\wwwroot\templates\templatename\css\template.css <-- Schubert Rackspace /web/content/templates/templatename/css template.css
2012.08.02 09:57 B C:\inetpub\wwwroot\templates\templatename\css\template.css <-- Schubert Rackspace /web/content/templates/templatename/css template.css
2012.08.02 09:58 B C:\inetpub\wwwroot\templates\templatename\css\template.css <-- Schubert Rackspace /web/content/templates/templatename/css template.css
2012.08.02 10:00 B C:\inetpub\wwwroot\templates\templatename\css\template.css <-- Schubert Rackspace /web/content/templates/templatename/css template.css
2012.08.02 10:00 B C:\inetpub\wwwroot\templates\templatename\css\template.css <-- Schubert Rackspace /web/content/templates/templatename/css template.css
2012.08.02 10:01 B C:\inetpub\wwwroot\templates\templatename\css\template.css <-- Schubert Rackspace /web/content/templates/templatename/css template.css
2012.08.02 10:02 B C:\inetpub\wwwroot\templates\templatename\css\template.css <-- Schubert Rackspace /web/content/templates/templatename/css template.css
2012.08.02 10:03 B C:\inetpub\wwwroot\templates\templatename\css\template.css <-- Schubert Rackspace /web/content/templates/templatename/css template.css
2012.08.02 10:04 B C:\inetpub\wwwroot\templates\templatename\css\template.css <-- Schubert Rackspace /web/content/templates/templatename/css template.css
2012.08.02 10:05 B C:\inetpub\wwwroot\templates\templatename\css\template.css <-- Schubert Rackspace /web/content/templates/templatename/css template.css
2012.08.02 10:06 B C:\inetpub\wwwroot\templates\templatename\css\template.css <-- Schubert Rackspace /web/content/templates/templatename/css template.css
2012.08.02 10:07 B C:\inetpub\wwwroot\templates\templatename\css\template.css <-- Schubert Rackspace /web/content/templates/templatename/css template.css
2012.08.02 10:08 B C:\inetpub\wwwroot\templates\templatename\css\template.css <-- Schubert Rackspace /web/content/templates/templatename/css template.css
2012.08.02 10:08 B C:\inetpub\wwwroot\templates\templatename\css\template.css <-- Schubert Rackspace /web/content/templates/templatename/css template.css
2012.08.02 10:12 B C:\inetpub\wwwroot\templates\templatename\css\template.css <-- Schubert Rackspace /web/content/templates/templatename/css template.css
2012.08.02 10:12 B C:\inetpub\wwwroot\templates\templatename\css\template.css <-- Schubert Rackspace /web/content/templates/templatename/css template.css
2012.08.02 10:14 B C:\inetpub\wwwroot\templates\templatename\css\template.css <-- Schubert Rackspace /web/content/templates/templatename/css template.css
2012.08.02 10:15 B C:\inetpub\wwwroot\templates\templatename\css\template.css <-- Schubert Rackspace /web/content/templates/templatename/css template.css
2012.08.02 10:21 B C:\inetpub\wwwroot\templates\templatename\css\template.css <-- Schubert Rackspace /web/content/templates/templatename/css template.css
2012.08.02 10:21 B C:\inetpub\wwwroot\templates\templatename\css\template.css <-- Schubert Rackspace /web/content/templates/templatename/css template.css
2012.08.02 10:23 B C:\inetpub\wwwroot\templates\templatename\css\template.css <-- Schubert Rackspace /web/content/templates/templatename/css template.css
2012.08.02 10:30 B C:\inetpub\wwwroot\templates\templatename\css\template.css <-- Schubert Rackspace /web/content/templates/templatename/css template.css
2012.08.02 10:38 B C:\inetpub\wwwroot\templates\templatename\css\template.css <-- Schubert Rackspace /web/content/templates/templatename/css template.css
2012.08.02 10:39 B C:\inetpub\wwwroot\templates\templatename\css\template.css <-- Schubert Rackspace /web/content/templates/templatename/css template.css
2012.08.02 10:40 B C:\inetpub\wwwroot\templates\templatename\css\template.css <-- Schubert Rackspace /web/content/templates/templatename/css template.css
2012.08.02 10:44 B C:\inetpub\wwwroot\templates\templatename\css\template.css <-- Schubert Rackspace /web/content/templates/templatename/css template.css
2012.08.02 10:47 B C:\inetpub\wwwroot\templates\templatename\css\template.css <-- Schubert Rackspace /web/content/templates/templatename/css template.css
2012.08.02 10:47 B C:\inetpub\wwwroot\templates\templatename\css\template.css <-- Schubert Rackspace /web/content/templates/templatename/css template.css
2012.08.02 10:49 B C:\inetpub\wwwroot\templates\templatename\css\template.css <-- Schubert Rackspace /web/content/templates/templatename/css template.css
2012.08.02 10:49 B C:\inetpub\wwwroot\templates\templatename\css\template.css <-- Schubert Rackspace /web/content/templates/templatename/css template.css
2012.08.02 10:52 B C:\inetpub\wwwroot\templates\templatename\css\template.css <-- Schubert Rackspace /web/content/templates/templatename/css template.css
2012.08.02 10:54 B C:\inetpub\wwwroot\templates\templatename\css\template.css <-- Schubert Rackspace /web/content/templates/templatename/css template.css
2012.08.02 14:00 B C:\inetpub\wwwroot\templates\templatename\css\template.css <-- Schubert Rackspace /web/content/templates/templatename/css template.css
2012.08.02 14:02 B C:\inetpub\wwwroot\templates\templatename\css\template.css <-- Schubert Rackspace /web/content/templates/templatename/css template.css
2012.08.02 14:03 B C:\inetpub\wwwroot\templates\templatename\css\template.css <-- Schubert Rackspace /web/content/templates/templatename/css template.css
2012.08.02 14:05 B C:\inetpub\wwwroot\templates\templatename\css\template.css <-- Schubert Rackspace /web/content/templates/templatename/css template.css
2012.08.10 16:52 B C:\inetpub\wwwroot\templates\templatename\css\editor.css --> ftp3.ftptoyoursite.com /web/content/templates/templates/templatename/css editor.css
2012.08.10 16:52 B C:\inetpub\wwwroot\templates\templatename\css\error.css --> ftp3.ftptoyoursite.com /web/content/templates/templates/templatename/css error.css
2012.08.10 16:52 B C:\inetpub\wwwroot\templates\templatename\css\ie7.css --> ftp3.ftptoyoursite.com /web/content/templates/templates/templatename/css ie7.css
2012.08.10 16:52 B C:\inetpub\wwwroot\templates\templatename\css\index.html --> ftp3.ftptoyoursite.com /web/content/templates/templates/templatename/css index.html
2012.08.10 16:52 B C:\inetpub\wwwroot\templates\templatename\css\offline.css --> ftp3.ftptoyoursite.com /web/content/templates/templates/templatename/css offline.css
2012.08.10 16:52 B C:\inetpub\wwwroot\templates\templatename\css\phone.css --> ftp3.ftptoyoursite.com /web/content/templates/templates/templatename/css phone.css
2012.08.10 16:52 B C:\inetpub\wwwroot\templates\templatename\css\print.css --> ftp3.ftptoyoursite.com /web/content/templates/templates/templatename/css print.css
2012.08.10 16:52 B C:\inetpub\wwwroot\templates\templatename\css\reset.css --> ftp3.ftptoyoursite.com /web/content/templates/templates/templatename/css reset.css
2012.08.10 16:52 B C:\inetpub\wwwroot\templates\templatename\css\tablet.css --> ftp3.ftptoyoursite.com /web/content/templates/templates/templatename/css tablet.css
2012.08.10 16:52 B C:\inetpub\wwwroot\templates\templatename\css\template.css --> ftp3.ftptoyoursite.com /web/content/templates/templates/templatename/css template.css
2012.08.10 16:52 B C:\inetpub\wwwroot\templates\templatename\css\template.css.php --> ftp3.ftptoyoursite.com /web/content/templates/templates/templatename/css template.css.php
2012.08.10 16:52 B C:\inetpub\wwwroot\templates\templatename\css\titlebg.png --> ftp3.ftptoyoursite.com /web/content/templates/templates/templatename/css titlebg.png
2012.08.10 16:52 B C:\inetpub\wwwroot\templates\templatename\css\WS_FTP.LOG --> ftp3.ftptoyoursite.com /web/content/templates/templates/templatename/css WS_FTP.LOG
2012.08.10 17:22 B C:\inetpub\wwwroot\templates\templatename\css\template.css <-- Schubert Rackspace /web/content/templates/templates/templatename/css template.css
2012.08.10 17:24 B C:\inetpub\wwwroot\templates\templatename\css\template.css <-- Schubert Rackspace /web/content/templates/templates/templatename/css template.css
2012.08.10 17:27 B C:\inetpub\wwwroot\templates\templatename\css\template.css <-- Schubert Rackspace /web/content/templates/templates/templatename/css template.css
2012.08.10 17:30 B C:\inetpub\wwwroot\templates\templatename\css\template.css <-- Schubert Rackspace /web/content/templates/templates/templatename/css template.css
2012.08.29 11:41 B C:\inetpub\wwwroot\templates\templatename\css\template.css --> ftp3.ftptoyoursite.com /web/content/templates/templatename/css template.css
2012.08.29 14:30 B C:\inetpub\wwwroot\templates\templatename\css\template.css <-- Schubert Rackspace /web/content/templates/templatename/css template.css
2012.08.29 14:49 B C:\inetpub\wwwroot\templates\templatename\css\template.css <-- Schubert Rackspace /web/content/templates/templatename/css template.css
2012.08.29 14:59 B C:\inetpub\wwwroot\templates\templatename\css\template.css <-- Schubert Rackspace /web/content/templates/templatename/css template.css
2012.08.29 15:05 B C:\inetpub\wwwroot\templates\templatename\css\template.css <-- Schubert Rackspace /web/content/templates/templatename/css template.css
2012.08.29 15:05 B C:\inetpub\wwwroot\templates\templatename\css\template.css <-- Schubert Rackspace /web/content/templates/templatename/css template.css
2012.08.29 16:00 B C:\inetpub\wwwroot\templates\templatename\css\template.css <-- Schubert Rackspace /web/content/templates/templatename/css template.css
2012.08.29 16:01 B C:\inetpub\wwwroot\templates\templatename\css\template.css <-- Schubert Rackspace /web/content/templates/templatename/css template.css
2012.08.29 16:03 B C:\inetpub\wwwroot\templates\templatename\css\template.css <-- Schubert Rackspace /web/content/templates/templatename/css template.css
2012.08.29 16:18 B C:\inetpub\wwwroot\templates\templatename\css\template.css <-- Schubert Rackspace /web/content/templates/templatename/css template.css
2012.08.29 16:18 B C:\inetpub\wwwroot\templates\templatename\css\template.css <-- Schubert Rackspace /web/content/templates/templatename/css template.css
2012.08.29 16:19 B C:\inetpub\wwwroot\templates\templatename\css\template.css <-- Schubert Rackspace /web/content/templates/templatename/css template.css
2012.08.29 16:21 B C:\inetpub\wwwroot\templates\templatename\css\template.css <-- Schubert Rackspace /web/content/templates/templatename/css template.css
2012.08.29 17:02 B C:\inetpub\wwwroot\templates\templatename\css\template.css <-- Schubert Rackspace /web/content/templates/templatename/css template.css
2012.08.29 17:03 B C:\inetpub\wwwroot\templates\templatename\css\template.css <-- Schubert Rackspace /web/content/templates/templatename/css template.css
2012.08.29 17:05 B C:\inetpub\wwwroot\templates\templatename\css\template.css <-- Schubert Rackspace /web/content/templates/templatename/css template.css
2012.08.31 09:09 B C:\inetpub\wwwroot\templates\templatename\css\template.css <-- Schubert Rackspace /web/content/templates/templatename/css template.css
2012.08.31 09:09 B C:\inetpub\wwwroot\templates\templatename\css\template.css <-- Schubert Rackspace /web/content/templates/templatename/css template.css
2012.08.31 09:11 B C:\inetpub\wwwroot\templates\templatename\css\template.css <-- Schubert Rackspace /web/content/templates/templatename/css template.css
2012.08.31 09:13 B C:\inetpub\wwwroot\templates\templatename\css\template.css <-- Schubert Rackspace /web/content/templates/templatename/css template.css
2012.08.31 09:15 B C:\inetpub\wwwroot\templates\templatename\css\template.css <-- Schubert Rackspace /web/content/templates/templatename/css template.css
2012.08.31 09:16 B C:\inetpub\wwwroot\templates\templatename\css\template.css <-- Schubert Rackspace /web/content/templates/templatename/css template.css
2012.08.31 09:18 B C:\inetpub\wwwroot\templates\templatename\css\tablet.css <-- Schubert Rackspace /web/content/templates/templatename/css tablet.css
2012.08.31 09:21 B C:\inetpub\wwwroot\templates\templatename\css\template.css <-- Schubert Rackspace /web/content/templates/templatename/css template.css
2012.08.31 09:23 B C:\inetpub\wwwroot\templates\templatename\css\template.css <-- Schubert Rackspace /web/content/templates/templatename/css template.css
2012.08.31 09:25 B C:\inetpub\wwwroot\templates\templatename\css\template.css <-- Schubert Rackspace /web/content/templates/templatename/css template.css
2012.08.31 09:58 B C:\inetpub\wwwroot\templates\templatename\css\template.css <-- Schubert Rackspace /web/content/templates/templatename/css template.css
2012.08.31 10:01 B C:\inetpub\wwwroot\templates\templatename\css\template.css <-- Schubert Rackspace /web/content/templates/templatename/css template.css
2012.08.31 11:57 B C:\inetpub\wwwroot\templates\templatename\css\template.css <-- Schubert Rackspace /web/content/templates/templatename/css template.css
2012.08.31 11:58 B C:\inetpub\wwwroot\templates\templatename\css\template.css <-- Schubert Rackspace /web/content/templates/templatename/css template.css
2012.08.31 12:08 B C:\inetpub\wwwroot\templates\templatename\css\ie8.css <-- Schubert Rackspace /web/content/templates/templatename/css ie8.css
2012.08.31 12:10 B C:\inetpub\wwwroot\templates\templatename\css\ie8.css <-- Schubert Rackspace /web/content/templates/templatename/css ie8.css
2012.08.31 12:32 B C:\inetpub\wwwroot\templates\templatename\css\ie8.css <-- Schubert Rackspace /web/content/templates/templatename/css ie8.css
2012.08.31 12:37 B C:\inetpub\wwwroot\templates\templatename\css\ie8.css <-- Schubert Rackspace /web/content/templates/templatename/css ie8.css
2012.08.31 12:39 B C:\inetpub\wwwroot\templates\templatename\css\ie8.css <-- Schubert Rackspace /web/content/templates/templatename/css ie8.css
2012.08.31 12:39 B C:\inetpub\wwwroot\templates\templatename\css\ie8.css <-- Schubert Rackspace /web/content/templates/templatename/css ie8.css
2012.08.31 12:43 B C:\inetpub\wwwroot\templates\templatename\css\ie8.css <-- Schubert Rackspace /web/content/templates/templatename/css ie8.css
2012.08.31 14:23 B C:\inetpub\wwwroot\templates\templatename\css\template.css <-- Schubert Rackspace /web/content/templates/templatename/css template.css
2012.08.31 14:23 B C:\inetpub\wwwroot\templates\templatename\css\template.css <-- Schubert Rackspace /web/content/templates/templatename/css template.css
2012.08.31 14:25 B C:\inetpub\wwwroot\templates\templatename\css\template.css <-- Schubert Rackspace /web/content/templates/templatename/css template.css
2012.08.31 14:34 B C:\inetpub\wwwroot\templates\templatename\css\template.css <-- Schubert Rackspace /web/content/templates/templatename/css template.css
2012.08.31 14:37 B C:\inetpub\wwwroot\templates\templatename\css\ie7.css <-- Schubert Rackspace /web/content/templates/templatename/css ie7.css
2012.08.31 14:44 B C:\inetpub\wwwroot\templates\templatename\css\ie7.css <-- Schubert Rackspace /web/content/templates/templatename/css ie7.css
2012.08.31 14:44 B C:\inetpub\wwwroot\templates\templatename\css\ie7.css <-- Schubert Rackspace /web/content/templates/templatename/css ie7.css
2012.08.31 14:48 B C:\inetpub\wwwroot\templates\templatename\css\ie7.css <-- Schubert Rackspace /web/content/templates/templatename/css ie7.css
2012.08.31 14:51 B C:\inetpub\wwwroot\templates\templatename\css\ie7.css <-- Schubert Rackspace /web/content/templates/templatename/css ie7.css
2012.08.31 15:09 B C:\inetpub\wwwroot\templates\templatename\css\ie7.css <-- Schubert Rackspace /web/content/templates/templatename/css ie7.css
2012.08.31 15:10 B C:\inetpub\wwwroot\templates\templatename\css\ie7.css <-- Schubert Rackspace /web/content/templates/templatename/css ie7.css
2012.08.31 15:13 B C:\inetpub\wwwroot\templates\templatename\css\ie7.css <-- Schubert Rackspace /web/content/templates/templatename/css ie7.css
2012.08.31 15:14 B C:\inetpub\wwwroot\templates\templatename\css\ie7.css <-- Schubert Rackspace /web/content/templates/templatename/css ie7.css
2012.08.31 15:15 B C:\inetpub\wwwroot\templates\templatename\css\ie7.css <-- Schubert Rackspace /web/content/templates/templatename/css ie7.css
2012.08.31 15:15 B C:\inetpub\wwwroot\templates\templatename\css\ie7.css <-- Schubert Rackspace /web/content/templates/templatename/css ie7.css
2012.08.31 15:18 B C:\inetpub\wwwroot\templates\templatename\css\ie7.css <-- Schubert Rackspace /web/content/templates/templatename/css ie7.css
2012.08.31 15:18 B C:\inetpub\wwwroot\templates\templatename\css\ie7.css <-- Schubert Rackspace /web/content/templates/templatename/css ie7.css
2012.08.31 15:21 B C:\inetpub\wwwroot\templates\templatename\css\ie7.css <-- Schubert Rackspace /web/content/templates/templatename/css ie7.css
2012.08.31 15:28 B C:\inetpub\wwwroot\templates\templatename\css\ie7.css <-- Schubert Rackspace /web/content/templates/templatename/css ie7.css
2012.08.31 16:29 B C:\inetpub\wwwroot\templates\templatename\css\template.css <-- Schubert Rackspace /web/content/templates/templatename/css template.css
2012.08.31 17:13 B C:\inetpub\wwwroot\templates\templatename\css\ie7.css <-- Schubert Rackspace /web/content/templates/templatename/css ie7.css
2012.08.31 17:13 B C:\inetpub\wwwroot\templates\templatename\css\ie8.css <-- Schubert Rackspace /web/content/templates/templatename/css ie8.css
2012.08.31 17:15 B C:\inetpub\wwwroot\templates\templatename\css\template.css <-- Schubert Rackspace /web/content/templates/templatename/css template.css
2012.09.04 09:39 B C:\inetpub\wwwroot\templates\templatename\css\template.css <-- Schubert Rackspace /web/content/templates/templatename/css template.css
2012.09.04 09:43 B C:\inetpub\wwwroot\templates\templatename\css\template.css <-- Schubert Rackspace /web/content/templates/templatename/css template.css
2012.09.04 09:45 B C:\inetpub\wwwroot\templates\templatename\css\template.css <-- Schubert Rackspace /web/content/templates/templatename/css template.css
2012.09.04 10:58 B C:\inetpub\wwwroot\templates\templatename\css\editor.css --> ftp3.ftptoyoursite.com /web/content/SITE-TEST/templates/templatename/css editor.css
2012.09.04 10:58 B C:\inetpub\wwwroot\templates\templatename\css\error.css --> ftp3.ftptoyoursite.com /web/content/SITE-TEST/templates/templatename/css error.css
2012.09.04 10:58 B C:\inetpub\wwwroot\templates\templatename\css\ie7.css --> ftp3.ftptoyoursite.com /web/content/SITE-TEST/templates/templatename/css ie7.css
2012.09.04 10:58 B C:\inetpub\wwwroot\templates\templatename\css\ie8.css --> ftp3.ftptoyoursite.com /web/content/SITE-TEST/templates/templatename/css ie8.css
2012.09.04 10:58 B C:\inetpub\wwwroot\templates\templatename\css\index.html --> ftp3.ftptoyoursite.com /web/content/SITE-TEST/templates/templatename/css index.html
2012.09.04 10:58 B C:\inetpub\wwwroot\templates\templatename\css\offline.css --> ftp3.ftptoyoursite.com /web/content/SITE-TEST/templates/templatename/css offline.css
2012.09.04 10:58 B C:\inetpub\wwwroot\templates\templatename\css\phone.css --> ftp3.ftptoyoursite.com /web/content/SITE-TEST/templates/templatename/css phone.css
2012.09.04 10:58 B C:\inetpub\wwwroot\templates\templatename\css\print.css --> ftp3.ftptoyoursite.com /web/content/SITE-TEST/templates/templatename/css print.css
2012.09.04 10:58 B C:\inetpub\wwwroot\templates\templatename\css\reset.css --> ftp3.ftptoyoursite.com /web/content/SITE-TEST/templates/templatename/css reset.css
2012.09.04 10:58 B C:\inetpub\wwwroot\templates\templatename\css\tablet.css --> ftp3.ftptoyoursite.com /web/content/SITE-TEST/templates/templatename/css tablet.css
2012.09.04 10:58 B C:\inetpub\wwwroot\templates\templatename\css\template.css --> ftp3.ftptoyoursite.com /web/content/SITE-TEST/templates/templatename/css template.css
2012.09.04 10:58 B C:\inetpub\wwwroot\templates\templatename\css\template.css.php --> ftp3.ftptoyoursite.com /web/content/SITE-TEST/templates/templatename/css template.css.php
2012.09.04 10:58 B C:\inetpub\wwwroot\templates\templatename\css\titlebg.png --> ftp3.ftptoyoursite.com /web/content/SITE-TEST/templates/templatename/css titlebg.png
2012.09.04 10:58 B C:\inetpub\wwwroot\templates\templatename\css\WS_FTP.LOG --> ftp3.ftptoyoursite.com /web/content/SITE-TEST/templates/templatename/css WS_FTP.LOG
2012.09.04 11:04 B C:\inetpub\wwwroot\templates\templatename\css\template.css <-- Schubert Rackspace /web/content/templates/templatename/css template.css
2012.09.04 11:13 B C:\inetpub\wwwroot\templates\templatename\css\template.css <-- Schubert Rackspace /web/content/templates/templatename/css template.css
2012.09.04 11:14 B C:\inetpub\wwwroot\templates\templatename\css\template.css <-- Schubert Rackspace /web/content/templates/templatename/css template.css
2012.09.04 11:16 B C:\inetpub\wwwroot\templates\templatename\css\template.css <-- Schubert Rackspace /web/content/templates/templatename/css template.css
2012.09.04 12:24 B C:\inetpub\wwwroot\templates\templatename\css\template.css --> ftp3.ftptoyoursite.com /web/content/templates/templatename/css template.css
2012.09.04 12:24 B C:\inetpub\wwwroot\templates\templatename\css\template.css <-- Schubert Rackspace /web/content/templates/templatename/css template.css
2012.09.06 11:13 B C:\inetpub\wwwroot\templates\templatename\css\template.css <-- Schubert Rackspace /web/content/templates/templatename/css template.css
2012.09.06 15:16 B C:\inetpub\wwwroot\templates\templatename\css\editor.css --> ftp3.ftptoyoursite.com /web/content/SITEBACKUP_962012/templates/templatename/css editor.css
2012.09.06 15:16 B C:\inetpub\wwwroot\templates\templatename\css\error.css --> ftp3.ftptoyoursite.com /web/content/SITEBACKUP_962012/templates/templatename/css error.css
2012.09.06 15:16 B C:\inetpub\wwwroot\templates\templatename\css\ie7.css --> ftp3.ftptoyoursite.com /web/content/SITEBACKUP_962012/templates/templatename/css ie7.css
2012.09.06 15:16 B C:\inetpub\wwwroot\templates\templatename\css\ie8.css --> ftp3.ftptoyoursite.com /web/content/SITEBACKUP_962012/templates/templatename/css ie8.css
2012.09.06 15:16 B C:\inetpub\wwwroot\templates\templatename\css\index.html --> ftp3.ftptoyoursite.com /web/content/SITEBACKUP_962012/templates/templatename/css index.html
2012.09.06 15:16 B C:\inetpub\wwwroot\templates\templatename\css\offline.css --> ftp3.ftptoyoursite.com /web/content/SITEBACKUP_962012/templates/templatename/css offline.css
2012.09.06 15:16 B C:\inetpub\wwwroot\templates\templatename\css\phone.css --> ftp3.ftptoyoursite.com /web/content/SITEBACKUP_962012/templates/templatename/css phone.css
2012.09.06 15:16 B C:\inetpub\wwwroot\templates\templatename\css\print.css --> ftp3.ftptoyoursite.com /web/content/SITEBACKUP_962012/templates/templatename/css print.css
2012.09.06 15:16 B C:\inetpub\wwwroot\templates\templatename\css\reset.css --> ftp3.ftptoyoursite.com /web/content/SITEBACKUP_962012/templates/templatename/css reset.css
2012.09.06 15:16 B C:\inetpub\wwwroot\templates\templatename\css\tablet.css --> ftp3.ftptoyoursite.com /web/content/SITEBACKUP_962012/templates/templatename/css tablet.css
2012.09.06 15:16 B C:\inetpub\wwwroot\templates\templatename\css\template.css --> ftp3.ftptoyoursite.com /web/content/SITEBACKUP_962012/templates/templatename/css template.css
2012.09.06 15:16 B C:\inetpub\wwwroot\templates\templatename\css\template.css.php --> ftp3.ftptoyoursite.com /web/content/SITEBACKUP_962012/templates/templatename/css template.css.php
2012.09.06 15:16 B C:\inetpub\wwwroot\templates\templatename\css\titlebg.png --> ftp3.ftptoyoursite.com /web/content/SITEBACKUP_962012/templates/templatename/css titlebg.png
2012.09.06 15:16 B C:\inetpub\wwwroot\templates\templatename\css\WS_FTP.LOG --> ftp3.ftptoyoursite.com /web/content/SITEBACKUP_962012/templates/templatename/css WS_FTP.LOG
2012.09.10 12:53 B C:\inetpub\wwwroot\templates\templatename\css\template.css <-- Schubert Rackspace /web/content/templates/templatename/css template.css
2012.09.10 15:25 B C:\inetpub\wwwroot\templates\templatename\css\template.css <-- Schubert Rackspace /web/content/templates/templatename/css template.css
2012.09.10 15:27 B C:\inetpub\wwwroot\templates\templatename\css\template.css <-- Schubert Rackspace /web/content/templates/templatename/css template.css
2012.09.10 15:33 B C:\inetpub\wwwroot\templates\templatename\css\template.css <-- Schubert Rackspace /web/content/templates/templatename/css template.css
2012.09.10 17:00 B C:\inetpub\wwwroot\templates\templatename\css\template.css <-- Schubert Rackspace /web/content/templates/templatename/css template.css
2012.09.10 17:05 B C:\inetpub\wwwroot\templates\templatename\css\template.css <-- Schubert Rackspace /web/content/templates/templatename/css template.css
2012.09.10 17:07 B C:\inetpub\wwwroot\templates\templatename\css\template.css <-- Schubert Rackspace /web/content/templates/templatename/css template.css
2012.09.10 17:10 B C:\inetpub\wwwroot\templates\templatename\css\template.css <-- Schubert Rackspace /web/content/templates/templatename/css template.css
2012.09.10 17:14 B C:\inetpub\wwwroot\templates\templatename\css\template.css <-- Schubert Rackspace /web/content/templates/templatename/css template.css
2012.09.10 17:28 B C:\inetpub\wwwroot\templates\templatename\css\template.css <-- Schubert Rackspace /web/content/templates/templatename/css template.css
2012.09.10 17:28 B C:\inetpub\wwwroot\templates\templatename\css\template.css <-- Schubert Rackspace /web/content/templates/templatename/css template.css
2012.09.10 17:30 B C:\inetpub\wwwroot\templates\templatename\css\template.css <-- Schubert Rackspace /web/content/templates/templatename/css template.css
2012.09.11 09:52 B C:\inetpub\wwwroot\templates\templatename\css\template.css <-- Schubert Rackspace /web/content/templates/templatename/css template.css
2012.09.11 10:01 B C:\inetpub\wwwroot\templates\templatename\css\template.css <-- Schubert Rackspace /web/content/templates/templatename/css template.css
2012.09.11 10:08 B C:\inetpub\wwwroot\templates\templatename\css\template.css <-- Schubert Rackspace /web/content/templates/templatename/css template.css
2012.09.11 10:09 B C:\inetpub\wwwroot\templates\templatename\css\template.css <-- Schubert Rackspace /web/content/templates/templatename/css template.css
2012.09.11 11:22 B C:\inetpub\wwwroot\templates\templatename\css\template.css <-- Schubert Rackspace /web/content/templates/templatename/css template.css
2012.09.11 11:23 B C:\inetpub\wwwroot\templates\templatename\css\template.css <-- Schubert Rackspace /web/content/templates/templatename/css template.css
2012.09.11 11:30 B C:\inetpub\wwwroot\templates\templatename\css\template.css <-- Schubert Rackspace /web/content/templates/templatename/css template.css
2012.09.11 11:31 B C:\inetpub\wwwroot\templates\templatename\css\template.css <-- Schubert Rackspace /web/content/templates/templatename/css template.css
2012.09.11 11:33 B C:\inetpub\wwwroot\templates\templatename\css\template.css <-- Schubert Rackspace /web/content/templates/templatename/css template.css
2012.09.11 11:36 B C:\inetpub\wwwroot\templates\templatename\css\template.css <-- Schubert Rackspace /web/content/templates/templatename/css template.css
2012.09.11 11:40 B C:\inetpub\wwwroot\templates\templatename\css\template.css <-- Schubert Rackspace /web/content/templates/templatename/css template.css
2012.09.11 11:41 B C:\inetpub\wwwroot\templates\templatename\css\template.css <-- Schubert Rackspace /web/content/templates/templatename/css template.css
2012.09.11 11:42 B C:\inetpub\wwwroot\templates\templatename\css\template.css <-- Schubert Rackspace /web/content/templates/templatename/css template.css
2012.09.11 11:44 B C:\inetpub\wwwroot\templates\templatename\css\template.css <-- Schubert Rackspace /web/content/templates/templatename/css template.css
2012.09.11 11:46 B C:\inetpub\wwwroot\templates\templatename\css\template.css <-- Schubert Rackspace /web/content/templates/templatename/css template.css
2012.09.11 11:55 B C:\inetpub\wwwroot\templates\templatename\css\template.css <-- Schubert Rackspace /web/content/templates/templatename/css template.css
2012.09.11 11:56 B C:\inetpub\wwwroot\templates\templatename\css\template.css <-- Schubert Rackspace /web/content/templates/templatename/css template.css
2012.09.11 11:57 B C:\inetpub\wwwroot\templates\templatename\css\template.css <-- Schubert Rackspace /web/content/templates/templatename/css template.css
2012.09.11 11:58 B C:\inetpub\wwwroot\templates\templatename\css\template.css <-- Schubert Rackspace /web/content/templates/templatename/css template.css
2012.09.11 12:05 B C:\inetpub\wwwroot\templates\templatename\css\template.css <-- Schubert Rackspace /web/content/templates/templatename/css template.css
2012.09.11 12:07 B C:\inetpub\wwwroot\templates\templatename\css\template.css <-- Schubert Rackspace /web/content/templates/templatename/css template.css
2012.09.11 12:09 B C:\inetpub\wwwroot\templates\templatename\css\template.css <-- Schubert Rackspace /web/content/templates/templatename/css template.css
2012.09.11 12:12 B C:\inetpub\wwwroot\templates\templatename\css\template.css <-- Schubert Rackspace /web/content/templates/templatename/css template.css
2012.09.11 12:14 B C:\inetpub\wwwroot\templates\templatename\css\template.css <-- Schubert Rackspace /web/content/templates/templatename/css template.css
2012.09.11 13:32 B C:\inetpub\wwwroot\templates\templatename\css\template.css <-- Schubert Rackspace /web/content/templates/templatename/css template.css
2012.09.11 13:33 B C:\inetpub\wwwroot\templates\templatename\css\template.css <-- Schubert Rackspace /web/content/templates/templatename/css template.css
2012.09.11 13:34 B C:\inetpub\wwwroot\templates\templatename\css\template.css <-- Schubert Rackspace /web/content/templates/templatename/css template.css
2012.09.11 13:37 B C:\inetpub\wwwroot\templates\templatename\css\template.css <-- Schubert Rackspace /web/content/templates/templatename/css template.css
2012.09.11 13:38 B C:\inetpub\wwwroot\templates\templatename\css\template.css <-- Schubert Rackspace /web/content/templates/templatename/css template.css
2012.09.11 13:47 B C:\inetpub\wwwroot\templates\templatename\css\template.css <-- Schubert Rackspace /web/content/templates/templatename/css template.css
2012.09.11 13:47 B C:\inetpub\wwwroot\templates\templatename\css\template.css <-- Schubert Rackspace /web/content/templates/templatename/css template.css
2012.09.11 14:55 B C:\inetpub\wwwroot\templates\templatename\css\template.css <-- Schubert Rackspace /web/content/templates/templatename/css template.css
2012.09.11 14:58 B C:\inetpub\wwwroot\templates\templatename\css\template.css <-- Schubert Rackspace /web/content/templates/templatename/css template.css
2012.09.11 14:59 B C:\inetpub\wwwroot\templates\templatename\css\template.css <-- Schubert Rackspace /web/content/templates/templatename/css template.css
2012.09.11 15:02 B C:\inetpub\wwwroot\templates\templatename\css\template.css <-- Schubert Rackspace /web/content/templates/templatename/css template.css
2012.09.17 16:39 B C:\inetpub\wwwroot\templates\templatename\css\template.css <-- Schubert Rackspace /web/content/templates/templatename/css template.css
2012.09.17 16:49 B C:\inetpub\wwwroot\templates\templatename\css\template.css <-- Schubert Rackspace /web/content/templates/templatename/css template.css
2012.09.17 16:49 B C:\inetpub\wwwroot\templates\templatename\css\template.css <-- Schubert Rackspace /web/content/templates/templatename/css template.css
2012.09.17 16:55 B C:\inetpub\wwwroot\templates\templatename\css\template.css <-- Schubert Rackspace /web/content/templates/templatename/css template.css
2012.09.17 16:55 B C:\inetpub\wwwroot\templates\templatename\css\template.css <-- Schubert Rackspace /web/content/templates/templatename/css template.css
2012.09.17 17:01 B C:\inetpub\wwwroot\templates\templatename\css\template.css <-- Schubert Rackspace /web/content/templates/templatename/css template.css
2012.09.17 17:01 B C:\inetpub\wwwroot\templates\templatename\css\template.css.php <-- Schubert Rackspace /web/content/templates/templatename/css template.css.php
2012.09.17 17:03 B C:\inetpub\wwwroot\templates\templatename\css\template.css <-- Schubert Rackspace /web/content/templates/templatename/css template.css
2012.09.17 17:03 B C:\inetpub\wwwroot\templates\templatename\css\template.css.php <-- Schubert Rackspace /web/content/templates/templatename/css template.css.php
2012.09.17 17:04 B C:\inetpub\wwwroot\templates\templatename\css\template.css <-- Schubert Rackspace /web/content/templates/templatename/css template.css
2012.09.17 17:04 B C:\inetpub\wwwroot\templates\templatename\css\template.css.php <-- Schubert Rackspace /web/content/templates/templatename/css template.css.php
2012.09.17 17:12 B C:\inetpub\wwwroot\templates\templatename\css\template.css <-- Schubert Rackspace /web/content/templates/templatename/css template.css
2012.09.17 17:12 B C:\inetpub\wwwroot\templates\templatename\css\template.css.php <-- Schubert Rackspace /web/content/templates/templatename/css template.css.php
2012.09.17 17:29 B C:\inetpub\wwwroot\templates\templatename\css\template.css <-- Schubert Rackspace /web/content/templates/templatename/css template.css
2012.09.17 17:29 B C:\inetpub\wwwroot\templates\templatename\css\template.css.php <-- Schubert Rackspace /web/content/templates/templatename/css template.css.php
2012.09.17 17:30 B C:\inetpub\wwwroot\templates\templatename\css\template.css <-- Schubert Rackspace /web/content/templates/templatename/css template.css
2012.09.17 17:30 B C:\inetpub\wwwroot\templates\templatename\css\template.css.php <-- Schubert Rackspace /web/content/templates/templatename/css template.css.php
2012.09.17 17:31 B C:\inetpub\wwwroot\templates\templatename\css\template.css <-- Schubert Rackspace /web/content/templates/templatename/css template.css
2012.09.17 17:31 B C:\inetpub\wwwroot\templates\templatename\css\template.css.php <-- Schubert Rackspace /web/content/templates/templatename/css template.css.php
2012.09.17 17:33 B C:\inetpub\wwwroot\templates\templatename\css\template.css <-- Schubert Rackspace /web/content/templates/templatename/css template.css
2012.09.17 17:33 B C:\inetpub\wwwroot\templates\templatename\css\template.css.php <-- Schubert Rackspace /web/content/templates/templatename/css template.css.php
2012.09.17 17:37 B C:\inetpub\wwwroot\templates\templatename\css\template.css <-- Schubert Rackspace /web/content/templates/templatename/css template.css
2012.09.17 17:37 B C:\inetpub\wwwroot\templates\templatename\css\template.css.php <-- Schubert Rackspace /web/content/templates/templatename/css template.css.php
2012.09.17 17:37 B C:\inetpub\wwwroot\templates\templatename\css\template.css <-- Schubert Rackspace /web/content/templates/templatename/css template.css
2012.09.17 17:37 B C:\inetpub\wwwroot\templates\templatename\css\template.css.php <-- Schubert Rackspace /web/content/templates/templatename/css template.css.php
2012.09.18 09:12 B C:\inetpub\wwwroot\templates\templatename\css\template.css <-- Schubert Rackspace /web/content/templates/templatename/css template.css
2012.09.18 09:12 B C:\inetpub\wwwroot\templates\templatename\css\template.css <-- Schubert Rackspace /web/content/templates/templatename/css template.css
2012.09.18 10:38 B C:\inetpub\wwwroot\templates\templatename\css\template.css <-- Schubert Rackspace /web/content/templates/templatename/css template.css
2012.09.18 10:41 B C:\inetpub\wwwroot\templates\templatename\css\template.css <-- Schubert Rackspace /web/content/templates/templatename/css template.css
2012.09.18 10:41 B C:\inetpub\wwwroot\templates\templatename\css\template.css <-- Schubert Rackspace /web/content/templates/templatename/css template.css
2012.09.18 10:47 B C:\inetpub\wwwroot\templates\templatename\css\template.css <-- Schubert Rackspace /web/content/templates/templatename/css template.css
2012.09.18 10:49 B C:\inetpub\wwwroot\templates\templatename\css\template.css <-- Schubert Rackspace /web/content/templates/templatename/css template.css
2012.09.18 10:51 B C:\inetpub\wwwroot\templates\templatename\css\template.css <-- Schubert Rackspace /web/content/templates/templatename/css template.css
2012.09.18 10:52 B C:\inetpub\wwwroot\templates\templatename\css\template.css <-- Schubert Rackspace /web/content/templates/templatename/css template.css
2012.09.18 10:52 B C:\inetpub\wwwroot\templates\templatename\css\template.css <-- Schubert Rackspace /web/content/templates/templatename/css template.css
2012.09.18 10:53 B C:\inetpub\wwwroot\templates\templatename\css\template.css <-- Schubert Rackspace /web/content/templates/templatename/css template.css
2012.09.18 10:55 B C:\inetpub\wwwroot\templates\templatename\css\template.css <-- Schubert Rackspace /web/content/templates/templatename/css template.css
2012.09.18 10:55 B C:\inetpub\wwwroot\templates\templatename\css\template.css <-- Schubert Rackspace /web/content/templates/templatename/css template.css
2012.09.18 10:56 B C:\inetpub\wwwroot\templates\templatename\css\template.css <-- Schubert Rackspace /web/content/templates/templatename/css template.css
2012.09.18 11:03 B C:\inetpub\wwwroot\templates\templatename\css\template.css <-- Schubert Rackspace /web/content/templates/templatename/css template.css
2012.09.18 11:07 B C:\inetpub\wwwroot\templates\templatename\css\template.css <-- Schubert Rackspace /web/content/templates/templatename/css template.css
2012.09.18 11:09 B C:\inetpub\wwwroot\templates\templatename\css\template.css <-- Schubert Rackspace /web/content/templates/templatename/css template.css
2012.09.18 11:10 B C:\inetpub\wwwroot\templates\templatename\css\template.css <-- Schubert Rackspace /web/content/templates/templatename/css template.css
2012.09.18 11:44 B C:\inetpub\wwwroot\templates\templatename\css\template.css <-- Schubert Rackspace /web/content/templates/templatename/css template.css
2012.09.18 11:58 B C:\inetpub\wwwroot\templates\templatename\css\template.css <-- Schubert Rackspace /web/content/templates/templatename/css template.css
2012.09.18 12:00 B C:\inetpub\wwwroot\templates\templatename\css\template.css <-- Schubert Rackspace /web/content/templates/templatename/css template.css
2012.09.18 12:14 B C:\inetpub\wwwroot\templates\templatename\css\template.css <-- Schubert Rackspace /web/content/templates/templatename/css template.css
2012.09.18 12:14 B C:\inetpub\wwwroot\templates\templatename\css\template.css <-- Schubert Rackspace /web/content/templates/templatename/css template.css
2012.09.18 12:15 B C:\inetpub\wwwroot\templates\templatename\css\template.css <-- Schubert Rackspace /web/content/templates/templatename/css template.css
2012.09.18 12:52 B C:\inetpub\wwwroot\templates\templatename\css\template.css <-- Schubert Rackspace /web/content/templates/templatename/css template.css
2012.09.18 12:53 B C:\inetpub\wwwroot\templates\templatename\css\template.css <-- Schubert Rackspace /web/content/templates/templatename/css template.css
2012.09.18 12:53 B C:\inetpub\wwwroot\templates\templatename\css\template.css <-- Schubert Rackspace /web/content/templates/templatename/css template.css
2012.09.18 13:04 B C:\inetpub\wwwroot\templates\templatename\css\template.css <-- Schubert Rackspace /web/content/templates/templatename/css template.css
2012.09.18 13:04 B C:\inetpub\wwwroot\templates\templatename\css\template.css <-- Schubert Rackspace /web/content/templates/templatename/css template.css
2012.09.18 13:21 B C:\inetpub\wwwroot\templates\templatename\css\template.css <-- Schubert Rackspace /web/content/templates/templatename/css template.css
2012.09.18 13:21 B C:\inetpub\wwwroot\templates\templatename\css\template.css <-- Schubert Rackspace /web/content/templates/templatename/css template.css
2012.09.18 13:22 B C:\inetpub\wwwroot\templates\templatename\css\template.css <-- Schubert Rackspace /web/content/templates/templatename/css template.css
2012.09.18 13:23 B C:\inetpub\wwwroot\templates\templatename\css\template.css <-- Schubert Rackspace /web/content/templates/templatename/css template.css
2012.09.18 13:25 B C:\inetpub\wwwroot\templates\templatename\css\template.css <-- Schubert Rackspace /web/content/templates/templatename/css template.css
2012.09.18 13:26 B C:\inetpub\wwwroot\templates\templatename\css\template.css <-- Schubert Rackspace /web/content/templates/templatename/css template.css
2012.09.18 13:39 B C:\inetpub\wwwroot\templates\templatename\css\template.css <-- Schubert Rackspace /web/content/templates/templatename/css template.css
2012.09.18 14:37 B C:\inetpub\wwwroot\templates\templatename\css\template.css <-- Schubert Rackspace /web/content/templates/templatename/css template.css
2012.09.18 14:41 B C:\inetpub\wwwroot\templates\templatename\css\template.css <-- Schubert Rackspace /web/content/templates/templatename/css template.css
2012.09.18 14:45 B C:\inetpub\wwwroot\templates\templatename\css\ie7.css <-- Schubert Rackspace /web/content/templates/templatename/css ie7.css
2012.09.18 14:45 B C:\inetpub\wwwroot\templates\templatename\css\template.css <-- Schubert Rackspace /web/content/templates/templatename/css template.css
2012.09.18 14:45 B C:\inetpub\wwwroot\templates\templatename\css\ie7.css <-- Schubert Rackspace /web/content/templates/templatename/css ie7.css
2012.09.18 14:45 B C:\inetpub\wwwroot\templates\templatename\css\template.css <-- Schubert Rackspace /web/content/templates/templatename/css template.css
2012.09.18 14:49 B C:\inetpub\wwwroot\templates\templatename\css\ie7.css <-- Schubert Rackspace /web/content/templates/templatename/css ie7.css
2012.09.18 14:49 B C:\inetpub\wwwroot\templates\templatename\css\template.css <-- Schubert Rackspace /web/content/templates/templatename/css template.css
2012.09.18 15:12 B C:\inetpub\wwwroot\templates\templatename\css\ie7.css <-- Schubert Rackspace /web/content/templates/templatename/css ie7.css
2012.09.18 15:17 B C:\inetpub\wwwroot\templates\templatename\css\ie7.css <-- Schubert Rackspace /web/content/templates/templatename/css ie7.css
2012.09.18 15:20 B C:\inetpub\wwwroot\templates\templatename\css\ie7.css <-- Schubert Rackspace /web/content/templates/templatename/css ie7.css
2012.09.18 15:22 B C:\inetpub\wwwroot\templates\templatename\css\ie7.css <-- Schubert Rackspace /web/content/templates/templatename/css ie7.css
2012.09.18 15:23 B C:\inetpub\wwwroot\templates\templatename\css\ie7.css <-- Schubert Rackspace /web/content/templates/templatename/css ie7.css
2012.09.18 15:30 B C:\inetpub\wwwroot\templates\templatename\css\ie7.css <-- Schubert Rackspace /web/content/templates/templatename/css ie7.css
2012.09.18 15:30 B C:\inetpub\wwwroot\templates\templatename\css\ie7.css <-- Schubert Rackspace /web/content/templates/templatename/css ie7.css
2012.09.18 15:33 B C:\inetpub\wwwroot\templates\templatename\css\ie7.css <-- Schubert Rackspace /web/content/templates/templatename/css ie7.css
2012.09.18 15:33 B C:\inetpub\wwwroot\templates\templatename\css\ie7.css <-- Schubert Rackspace /web/content/templates/templatename/css ie7.css
2012.09.18 15:33 B C:\inetpub\wwwroot\templates\templatename\css\ie7.css <-- Schubert Rackspace /web/content/templates/templatename/css ie7.css
2012.09.18 15:35 B C:\inetpub\wwwroot\templates\templatename\css\ie7.css <-- Schubert Rackspace /web/content/templates/templatename/css ie7.css
2012.09.18 15:35 B C:\inetpub\wwwroot\templates\templatename\css\ie7.css <-- Schubert Rackspace /web/content/templates/templatename/css ie7.css
2012.09.18 15:43 B C:\inetpub\wwwroot\templates\templatename\css\ie7.css <-- Schubert Rackspace /web/content/templates/templatename/css ie7.css
2012.09.18 15:43 B C:\inetpub\wwwroot\templates\templatename\css\ie7.css <-- Schubert Rackspace /web/content/templates/templatename/css ie7.css
2012.09.18 15:46 B C:\inetpub\wwwroot\templates\templatename\css\ie7.css <-- Schubert Rackspace /web/content/templates/templatename/css ie7.css
2012.09.18 15:46 B C:\inetpub\wwwroot\templates\templatename\css\ie7.css <-- Schubert Rackspace /web/content/templates/templatename/css ie7.css
2012.09.18 15:48 B C:\inetpub\wwwroot\templates\templatename\css\ie7.css <-- Schubert Rackspace /web/content/templates/templatename/css ie7.css
2012.09.18 15:48 B C:\inetpub\wwwroot\templates\templatename\css\ie7.css <-- Schubert Rackspace /web/content/templates/templatename/css ie7.css
2012.09.18 15:53 B C:\inetpub\wwwroot\templates\templatename\css\ie7.css <-- Schubert Rackspace /web/content/templates/templatename/css ie7.css
2012.09.18 15:53 B C:\inetpub\wwwroot\templates\templatename\css\ie7.css <-- Schubert Rackspace /web/content/templates/templatename/css ie7.css
2012.09.18 15:56 B C:\inetpub\wwwroot\templates\templatename\css\ie7.css <-- Schubert Rackspace /web/content/templates/templatename/css ie7.css
2012.09.18 15:58 B C:\inetpub\wwwroot\templates\templatename\css\ie7.css <-- Schubert Rackspace /web/content/templates/templatename/css ie7.css
2012.09.18 15:58 B C:\inetpub\wwwroot\templates\templatename\css\ie7.css <-- Schubert Rackspace /web/content/templates/templatename/css ie7.css
2012.09.18 17:17 B C:\inetpub\wwwroot\templates\templatename\css\template.css <-- Schubert Rackspace /web/content/templates/templatename/css template.css
2012.09.19 08:46 B C:\inetpub\wwwroot\templates\templatename\css\template.css <-- Schubert Rackspace /web/content/templates/templatename/css template.css
2012.09.19 08:47 B C:\inetpub\wwwroot\templates\templatename\css\template.css <-- Schubert Rackspace /web/content/templates/templatename/css template.css
2012.09.19 08:51 B C:\inetpub\wwwroot\templates\templatename\css\template.css <-- Schubert Rackspace /web/content/templates/templatename/css template.css
2012.09.19 08:51 B C:\inetpub\wwwroot\templates\templatename\css\template.css <-- Schubert Rackspace /web/content/templates/templatename/css template.css
2012.09.19 08:52 B C:\inetpub\wwwroot\templates\templatename\css\template.css <-- Schubert Rackspace /web/content/templates/templatename/css template.css
2012.09.19 08:53 B C:\inetpub\wwwroot\templates\templatename\css\template.css <-- Schubert Rackspace /web/content/templates/templatename/css template.css
2012.09.19 08:55 B C:\inetpub\wwwroot\templates\templatename\css\template.css <-- Schubert Rackspace /web/content/templates/templatename/css template.css
2012.09.19 08:55 B C:\inetpub\wwwroot\templates\templatename\css\template.css <-- Schubert Rackspace /web/content/templates/templatename/css template.css
2012.09.19 08:55 B C:\inetpub\wwwroot\templates\templatename\css\template.css <-- Schubert Rackspace /web/content/templates/templatename/css template.css
2012.09.19 08:56 B C:\inetpub\wwwroot\templates\templatename\css\template.css <-- Schubert Rackspace /web/content/templates/templatename/css template.css
2012.09.19 11:48 B C:\inetpub\wwwroot\templates\templatename\css\template.css <-- Schubert Rackspace /web/content/templates/templatename/css template.css
2012.09.19 11:49 B C:\inetpub\wwwroot\templates\templatename\css\template.css <-- Schubert Rackspace /web/content/templates/templatename/css template.css
2012.09.19 11:51 B C:\inetpub\wwwroot\templates\templatename\css\template.css <-- Schubert Rackspace /web/content/templates/templatename/css template.css
2012.09.19 15:59 B C:\inetpub\wwwroot\templates\templatename\css\template.css <-- Schubert Rackspace /web/content/templates/templatename/css template.css
2012.09.19 16:03 B C:\inetpub\wwwroot\templates\templatename\css\template.css <-- Schubert Rackspace /web/content/templates/templatename/css template.css
2012.09.19 16:04 B C:\inetpub\wwwroot\templates\templatename\css\template.css <-- Schubert Rackspace /web/content/templates/templatename/css template.css
2012.09.19 16:06 B C:\inetpub\wwwroot\templates\templatename\css\template.css <-- Schubert Rackspace /web/content/templates/templatename/css template.css
2012.09.19 16:13 B C:\inetpub\wwwroot\templates\templatename\css\template.css <-- Schubert Rackspace /web/content/templates/templatename/css template.css
2012.09.19 16:14 B C:\inetpub\wwwroot\templates\templatename\css\template.css <-- Schubert Rackspace /web/content/templates/templatename/css template.css
2012.09.19 16:21 B C:\inetpub\wwwroot\templates\templatename\css\template.css <-- Schubert Rackspace /web/content/templates/templatename/css template.css
2012.09.19 16:24 B C:\inetpub\wwwroot\templates\templatename\css\template.css <-- Schubert Rackspace /web/content/templates/templatename/css template.css
2012.09.19 16:25 B C:\inetpub\wwwroot\templates\templatename\css\template.css <-- Schubert Rackspace /web/content/templates/templatename/css template.css
2012.09.19 16:27 B C:\inetpub\wwwroot\templates\templatename\css\template.css <-- Schubert Rackspace /web/content/templates/templatename/css template.css
2012.09.19 16:29 B C:\inetpub\wwwroot\templates\templatename\css\template.css <-- Schubert Rackspace /web/content/templates/templatename/css template.css
2012.09.19 16:29 B C:\inetpub\wwwroot\templates\templatename\css\template.css <-- Schubert Rackspace /web/content/templates/templatename/css template.css
2012.09.19 16:31 B C:\inetpub\wwwroot\templates\templatename\css\template.css <-- Schubert Rackspace /web/content/templates/templatename/css template.css
2012.09.19 16:32 B C:\inetpub\wwwroot\templates\templatename\css\template.css <-- Schubert Rackspace /web/content/templates/templatename/css template.css
2012.09.19 16:33 B C:\inetpub\wwwroot\templates\templatename\css\template.css <-- Schubert Rackspace /web/content/templates/templatename/css template.css
2012.09.19 16:36 B C:\inetpub\wwwroot\templates\templatename\css\template.css <-- Schubert Rackspace /web/content/templates/templatename/css template.css
2012.09.19 17:00 B C:\inetpub\wwwroot\templates\templatename\css\template.css <-- Schubert Rackspace /web/content/templates/templatename/css template.css
2012.09.19 17:00 B C:\inetpub\wwwroot\templates\templatename\css\template.css <-- Schubert Rackspace /web/content/templates/templatename/css template.css
2012.09.20 10:00 B C:\inetpub\wwwroot\templates\templatename\css\template.css <-- Schubert Rackspace /web/content/templates/templatename/css template.css
2012.09.20 10:01 B C:\inetpub\wwwroot\templates\templatename\css\template.css <-- Schubert Rackspace /web/content/templates/templatename/css template.css
2012.09.20 10:10 B C:\inetpub\wwwroot\templates\templatename\css\template.css <-- Schubert Rackspace /web/content/templates/templatename/css template.css
2012.09.20 10:12 B C:\inetpub\wwwroot\templates\templatename\css\template.css <-- Schubert Rackspace /web/content/templates/templatename/css template.css
2012.09.20 11:31 B C:\inetpub\wwwroot\templates\templatename\css\template.css <-- Schubert Rackspace /web/content/templates/templatename/css template.css
2012.09.20 11:32 B C:\inetpub\wwwroot\templates\templatename\css\template.css <-- Schubert Rackspace /web/content/templates/templatename/css template.css
2012.09.20 11:33 B C:\inetpub\wwwroot\templates\templatename\css\template.css <-- Schubert Rackspace /web/content/templates/templatename/css template.css
2012.09.20 11:35 B C:\inetpub\wwwroot\templates\templatename\css\template.css <-- Schubert Rackspace /web/content/templates/templatename/css template.css
2012.09.20 14:29 B C:\inetpub\wwwroot\templates\templatename\css\template.css <-- Schubert Rackspace /web/content/templates/templatename/css template.css
2012.09.20 15:37 B C:\inetpub\wwwroot\templates\templatename\css\ie7.css <-- Schubert Rackspace /web/content/templates/templatename/css ie7.css
2012.09.20 15:37 B C:\inetpub\wwwroot\templates\templatename\css\ie7.css <-- Schubert Rackspace /web/content/templates/templatename/css ie7.css
2012.09.20 15:51 B C:\inetpub\wwwroot\templates\templatename\css\ie7.css <-- Schubert Rackspace /web/content/templates/templatename/css ie7.css
2012.09.20 15:52 B C:\inetpub\wwwroot\templates\templatename\css\ie7.css <-- Schubert Rackspace /web/content/templates/templatename/css ie7.css
2012.09.20 15:52 B C:\inetpub\wwwroot\templates\templatename\css\ie7.css <-- Schubert Rackspace /web/content/templates/templatename/css ie7.css
2012.09.20 15:57 B C:\inetpub\wwwroot\templates\templatename\css\ie7.css <-- Schubert Rackspace /web/content/templates/templatename/css ie7.css
2012.09.20 16:00 B C:\inetpub\wwwroot\templates\templatename\css\ie7.css <-- Schubert Rackspace /web/content/templates/templatename/css ie7.css
2012.09.20 16:00 B C:\inetpub\wwwroot\templates\templatename\css\ie7.css <-- Schubert Rackspace /web/content/templates/templatename/css ie7.css
2012.09.20 16:02 B C:\inetpub\wwwroot\templates\templatename\css\ie7.css <-- Schubert Rackspace /web/content/templates/templatename/css ie7.css
2012.09.20 16:03 B C:\inetpub\wwwroot\templates\templatename\css\ie7.css <-- Schubert Rackspace /web/content/templates/templatename/css ie7.css
2012.09.20 16:05 B C:\inetpub\wwwroot\templates\templatename\css\ie7.css <-- Schubert Rackspace /web/content/templates/templatename/css ie7.css
2012.09.20 16:05 B C:\inetpub\wwwroot\templates\templatename\css\ie7.css <-- Schubert Rackspace /web/content/templates/templatename/css ie7.css
2012.09.20 16:06 B C:\inetpub\wwwroot\templates\templatename\css\ie7.css <-- Schubert Rackspace /web/content/templates/templatename/css ie7.css
2012.09.20 16:08 B C:\inetpub\wwwroot\templates\templatename\css\ie7.css <-- Schubert Rackspace /web/content/templates/templatename/css ie7.css
2012.09.20 16:08 B C:\inetpub\wwwroot\templates\templatename\css\ie7.css <-- Schubert Rackspace /web/content/templates/templatename/css ie7.css
2012.09.20 16:08 B C:\inetpub\wwwroot\templates\templatename\css\ie7.css <-- Schubert Rackspace /web/content/templates/templatename/css ie7.css
2012.09.20 16:08 B C:\inetpub\wwwroot\templates\templatename\css\ie7.css <-- Schubert Rackspace /web/content/templates/templatename/css ie7.css
2012.09.20 16:09 B C:\inetpub\wwwroot\templates\templatename\css\ie7.css <-- Schubert Rackspace /web/content/templates/templatename/css ie7.css
2012.09.20 16:13 B C:\inetpub\wwwroot\templates\templatename\css\ie7.css <-- Schubert Rackspace /web/content/templates/templatename/css ie7.css
2012.09.20 16:15 B C:\inetpub\wwwroot\templates\templatename\css\ie7.css <-- Schubert Rackspace /web/content/templates/templatename/css ie7.css
2012.09.20 16:15 B C:\inetpub\wwwroot\templates\templatename\css\ie7.css <-- Schubert Rackspace /web/content/templates/templatename/css ie7.css
2012.09.20 16:16 B C:\inetpub\wwwroot\templates\templatename\css\ie7.css <-- Schubert Rackspace /web/content/templates/templatename/css ie7.css
2012.09.20 16:17 B C:\inetpub\wwwroot\templates\templatename\css\ie7.css <-- Schubert Rackspace /web/content/templates/templatename/css ie7.css
2012.09.20 16:19 B C:\inetpub\wwwroot\templates\templatename\css\ie7.css <-- Schubert Rackspace /web/content/templates/templatename/css ie7.css
2012.09.20 16:20 B C:\inetpub\wwwroot\templates\templatename\css\ie7.css <-- Schubert Rackspace /web/content/templates/templatename/css ie7.css
2012.09.20 16:21 B C:\inetpub\wwwroot\templates\templatename\css\ie7.css <-- Schubert Rackspace /web/content/templates/templatename/css ie7.css
2012.09.20 16:27 B C:\inetpub\wwwroot\templates\templatename\css\ie7.css <-- Schubert Rackspace /web/content/templates/templatename/css ie7.css
2012.09.20 16:28 B C:\inetpub\wwwroot\templates\templatename\css\ie7.css <-- Schubert Rackspace /web/content/templates/templatename/css ie7.css
2012.09.20 16:29 B C:\inetpub\wwwroot\templates\templatename\css\ie7.css <-- Schubert Rackspace /web/content/templates/templatename/css ie7.css
2012.09.21 13:41 B C:\inetpub\wwwroot\templates\templatename\css\template.css --> ftp3.ftptoyoursite.com /web/content/templates/templatename/css template.css
2012.09.21 13:44 B C:\inetpub\wwwroot\templates\templatename\css\template.css <-- Schubert Rackspace /web/content/templates/templatename/css template.css
2012.09.21 13:44 B C:\inetpub\wwwroot\templates\templatename\css\template.css <-- Schubert Rackspace /web/content/templates/templatename/css template.css
2012.09.27 16:47 B C:\inetpub\wwwroot\templates\templatename\css\template.css <-- Schubert Rackspace /web/content/templates/templatename/css template.css
2012.09.27 16:53 B C:\inetpub\wwwroot\templates\templatename\css\template.css <-- Schubert Rackspace /web/content/templates/templatename/css template.css
2012.09.27 16:58 B C:\inetpub\wwwroot\templates\templatename\css\template.css <-- Schubert Rackspace /web/content/templates/templatename/css template.css
2012.09.27 16:59 B C:\inetpub\wwwroot\templates\templatename\css\template.css <-- Schubert Rackspace /web/content/templates/templatename/css template.css
2012.09.27 17:00 B C:\inetpub\wwwroot\templates\templatename\css\template.css <-- Schubert Rackspace /web/content/templates/templatename/css template.css
2012.09.27 17:01 B C:\inetpub\wwwroot\templates\templatename\css\template.css <-- Schubert Rackspace /web/content/templates/templatename/css template.css
2012.09.27 17:02 B C:\inetpub\wwwroot\templates\templatename\css\template.css <-- Schubert Rackspace /web/content/templates/templatename/css template.css
2012.09.28 11:39 B C:\inetpub\wwwroot\templates\templatename\css\template.css <-- Schubert Rackspace /web/content/templates/templatename/css template.css
2012.09.28 11:40 B C:\inetpub\wwwroot\templates\templatename\css\template.css <-- Schubert Rackspace /web/content/templates/templatename/css template.css
2012.09.28 11:40 B C:\inetpub\wwwroot\templates\templatename\css\template.css <-- Schubert Rackspace /web/content/templates/templatename/css template.css
2012.09.28 11:58 B C:\inetpub\wwwroot\templates\templatename\css\template.css <-- Schubert Rackspace /web/content/templates/templatename/css template.css
2012.09.28 11:58 B C:\inetpub\wwwroot\templates\templatename\css\template.css <-- Schubert Rackspace /web/content/templates/templatename/css template.css
2012.09.28 12:00 B C:\inetpub\wwwroot\templates\templatename\css\template.css <-- Schubert Rackspace /web/content/templates/templatename/css template.css
2012.09.28 12:00 B C:\inetpub\wwwroot\templates\templatename\css\template.css <-- Schubert Rackspace /web/content/templates/templatename/css template.css
2012.09.28 12:13 B C:\inetpub\wwwroot\templates\templatename\css\template.css <-- Schubert Rackspace /web/content/templates/templatename/css template.css
2012.09.28 12:14 B C:\inetpub\wwwroot\templates\templatename\css\template.css <-- Schubert Rackspace /web/content/templates/templatename/css template.css
2012.09.28 12:15 B C:\inetpub\wwwroot\templates\templatename\css\template.css <-- Schubert Rackspace /web/content/templates/templatename/css template.css
2012.09.28 12:15 B C:\inetpub\wwwroot\templates\templatename\css\template.css <-- Schubert Rackspace /web/content/templates/templatename/css template.css
2012.09.28 12:18 B C:\inetpub\wwwroot\templates\templatename\css\template.css <-- Schubert Rackspace /web/content/templates/templatename/css template.css
2012.09.28 12:19 B C:\inetpub\wwwroot\templates\templatename\css\template.css <-- Schubert Rackspace /web/content/templates/templatename/css template.css
2012.09.28 12:21 B C:\inetpub\wwwroot\templates\templatename\css\template.css <-- Schubert Rackspace /web/content/templates/templatename/css template.css
2012.09.28 12:21 B C:\inetpub\wwwroot\templates\templatename\css\template.css <-- Schubert Rackspace /web/content/templates/templatename/css template.css
2012.09.28 12:23 B C:\inetpub\wwwroot\templates\templatename\css\template.css <-- Schubert Rackspace /web/content/templates/templatename/css template.css
2012.09.28 12:23 B C:\inetpub\wwwroot\templates\templatename\css\template.css <-- Schubert Rackspace /web/content/templates/templatename/css template.css
2012.09.28 12:25 B C:\inetpub\wwwroot\templates\templatename\css\template.css <-- Schubert Rackspace /web/content/templates/templatename/css template.css
2012.09.28 12:25 B C:\inetpub\wwwroot\templates\templatename\css\template.css <-- Schubert Rackspace /web/content/templates/templatename/css template.css
2012.09.28 12:27 B C:\inetpub\wwwroot\templates\templatename\css\template.css <-- Schubert Rackspace /web/content/templates/templatename/css template.css
2012.09.28 12:27 B C:\inetpub\wwwroot\templates\templatename\css\template.css <-- Schubert Rackspace /web/content/templates/templatename/css template.css
2012.09.28 12:28 B C:\inetpub\wwwroot\templates\templatename\css\template.css <-- Schubert Rackspace /web/content/templates/templatename/css template.css
2012.09.28 12:28 B C:\inetpub\wwwroot\templates\templatename\css\template.css <-- Schubert Rackspace /web/content/templates/templatename/css template.css
2012.09.28 13:54 B C:\inetpub\wwwroot\templates\templatename\css\template.css <-- Schubert Rackspace /web/content/templates/templatename/css template.css
2012.09.28 13:54 B C:\inetpub\wwwroot\templates\templatename\css\template.css <-- Schubert Rackspace /web/content/templates/templatename/css template.css
2012.09.28 13:55 B C:\inetpub\wwwroot\templates\templatename\css\ie8.css <-- Schubert Rackspace /web/content/templates/templatename/css ie8.css
2012.09.28 13:55 B C:\inetpub\wwwroot\templates\templatename\css\ie8.css <-- Schubert Rackspace /web/content/templates/templatename/css ie8.css
2012.09.28 14:05 B C:\inetpub\wwwroot\templates\templatename\css\ie8.css <-- Schubert Rackspace /web/content/templates/templatename/css ie8.css
2012.09.28 14:06 B C:\inetpub\wwwroot\templates\templatename\css\ie8.css <-- Schubert Rackspace /web/content/templates/templatename/css ie8.css
2012.09.28 14:06 B C:\inetpub\wwwroot\templates\templatename\css\ie8.css <-- Schubert Rackspace /web/content/templates/templatename/css ie8.css
2012.09.28 14:20 B C:\inetpub\wwwroot\templates\templatename\css\ie8.css <-- Schubert Rackspace /web/content/templates/templatename/css ie8.css
2012.09.28 14:20 B C:\inetpub\wwwroot\templates\templatename\css\ie8.css <-- Schubert Rackspace /web/content/templates/templatename/css ie8.css
2012.09.28 14:21 B C:\inetpub\wwwroot\templates\templatename\css\ie8.css <-- Schubert Rackspace /web/content/templates/templatename/css ie8.css
2012.09.28 14:21 B C:\inetpub\wwwroot\templates\templatename\css\ie8.css <-- Schubert Rackspace /web/content/templates/templatename/css ie8.css
2012.09.28 14:25 B C:\inetpub\wwwroot\templates\templatename\css\ie8.css <-- Schubert Rackspace /web/content/templates/templatename/css ie8.css
2012.09.28 14:28 B C:\inetpub\wwwroot\templates\templatename\css\ie8.css <-- Schubert Rackspace /web/content/templates/templatename/css ie8.css
2012.09.28 14:30 B C:\inetpub\wwwroot\templates\templatename\css\ie8.css <-- Schubert Rackspace /web/content/templates/templatename/css ie8.css
2012.09.28 14:30 B C:\inetpub\wwwroot\templates\templatename\css\ie8.css <-- Schubert Rackspace /web/content/templates/templatename/css ie8.css
2012.09.28 14:33 B C:\inetpub\wwwroot\templates\templatename\css\ie8.css <-- Schubert Rackspace /web/content/templates/templatename/css ie8.css
2012.09.28 14:33 B C:\inetpub\wwwroot\templates\templatename\css\ie8.css <-- Schubert Rackspace /web/content/templates/templatename/css ie8.css
2012.09.28 14:35 B C:\inetpub\wwwroot\templates\templatename\css\ie7.css <-- Schubert Rackspace /web/content/templates/templatename/css ie7.css
2012.09.28 14:35 B C:\inetpub\wwwroot\templates\templatename\css\ie7.css <-- Schubert Rackspace /web/content/templates/templatename/css ie7.css
2012.09.28 14:40 B C:\inetpub\wwwroot\templates\templatename\css\ie7.css <-- Schubert Rackspace /web/content/templates/templatename/css ie7.css
2012.09.28 14:40 B C:\inetpub\wwwroot\templates\templatename\css\ie7.css <-- Schubert Rackspace /web/content/templates/templatename/css ie7.css
2012.09.28 14:40 B C:\inetpub\wwwroot\templates\templatename\css\ie7.css <-- Schubert Rackspace /web/content/templates/templatename/css ie7.css
2012.09.28 14:44 B C:\inetpub\wwwroot\templates\templatename\css\ie7.css <-- Schubert Rackspace /web/content/templates/templatename/css ie7.css
2012.09.28 14:48 B C:\inetpub\wwwroot\templates\templatename\css\ie7.css <-- Schubert Rackspace /web/content/templates/templatename/css ie7.css
2012.09.28 14:48 B C:\inetpub\wwwroot\templates\templatename\css\ie7.css <-- Schubert Rackspace /web/content/templates/templatename/css ie7.css
2012.09.28 14:51 B C:\inetpub\wwwroot\templates\templatename\css\template.css <-- Schubert Rackspace /web/content/templates/templatename/css template.css
2012.09.28 14:54 B C:\inetpub\wwwroot\templates\templatename\css\template.css <-- Schubert Rackspace /web/content/templates/templatename/css template.css
2012.09.28 14:54 B C:\inetpub\wwwroot\templates\templatename\css\template.css <-- Schubert Rackspace /web/content/templates/templatename/css template.css
2012.09.28 14:56 B C:\inetpub\wwwroot\templates\templatename\css\template.css <-- Schubert Rackspace /web/content/templates/templatename/css template.css
2012.09.28 15:04 B C:\inetpub\wwwroot\templates\templatename\css\template.css <-- Schubert Rackspace /web/content/templates/templatename/css template.css
2012.09.28 15:06 B C:\inetpub\wwwroot\templates\templatename\css\template.css <-- Schubert Rackspace /web/content/templates/templatename/css template.css
2012.09.28 15:07 B C:\inetpub\wwwroot\templates\templatename\css\template.css <-- Schubert Rackspace /web/content/templates/templatename/css template.css
2012.09.28 15:07 B C:\inetpub\wwwroot\templates\templatename\css\template.css <-- Schubert Rackspace /web/content/templates/templatename/css template.css
2012.09.28 15:10 B C:\inetpub\wwwroot\templates\templatename\css\template.css <-- Schubert Rackspace /web/content/templates/templatename/css template.css
2012.09.28 15:11 B C:\inetpub\wwwroot\templates\templatename\css\template.css <-- Schubert Rackspace /web/content/templates/templatename/css template.css
2012.09.28 15:14 B C:\inetpub\wwwroot\templates\templatename\css\template.css <-- Schubert Rackspace /web/content/templates/templatename/css template.css
2012.09.28 15:16 B C:\inetpub\wwwroot\templates\templatename\css\ie7.css <-- Schubert Rackspace /web/content/templates/templatename/css ie7.css
2012.09.28 15:16 B C:\inetpub\wwwroot\templates\templatename\css\ie7.css <-- Schubert Rackspace /web/content/templates/templatename/css ie7.css
2012.09.28 15:19 B C:\inetpub\wwwroot\templates\templatename\css\ie7.css <-- Schubert Rackspace /web/content/templates/templatename/css ie7.css
2012.09.28 15:19 B C:\inetpub\wwwroot\templates\templatename\css\ie7.css <-- Schubert Rackspace /web/content/templates/templatename/css ie7.css
2012.09.28 15:20 B C:\inetpub\wwwroot\templates\templatename\css\ie7.css <-- Schubert Rackspace /web/content/templates/templatename/css ie7.css
2012.09.28 15:20 B C:\inetpub\wwwroot\templates\templatename\css\ie7.css <-- Schubert Rackspace /web/content/templates/templatename/css ie7.css
2012.09.28 16:00 B C:\inetpub\wwwroot\templates\templatename\css\template.css <-- Schubert Rackspace /web/content/templates/templatename/css template.css
2012.09.28 17:02 B C:\inetpub\wwwroot\templates\templatename\css\template.css <-- Schubert Rackspace /web/content/templates/templatename/css template.css
2012.09.28 17:03 B C:\inetpub\wwwroot\templates\templatename\css\template.css <-- Schubert Rackspace /web/content/templates/templatename/css template.css
2012.09.28 17:10 B C:\inetpub\wwwroot\templates\templatename\css\template.css <-- Schubert Rackspace /web/content/templates/templatename/css template.css
2012.09.28 17:11 B C:\inetpub\wwwroot\templates\templatename\css\template.css <-- Schubert Rackspace /web/content/templates/templatename/css template.css
2012.09.28 17:13 B C:\inetpub\wwwroot\templates\templatename\css\template.css <-- Schubert Rackspace /web/content/templates/templatename/css template.css
2012.09.28 17:29 B C:\inetpub\wwwroot\templates\templatename\css\template.css <-- Schubert Rackspace /web/content/templates/templatename/css template.css
2012.09.28 17:30 B C:\inetpub\wwwroot\templates\templatename\css\template.css <-- Schubert Rackspace /web/content/templates/templatename/css template.css
2012.10.01 08:45 B C:\inetpub\wwwroot\templates\templatename\css\template.css <-- Schubert Rackspace /web/content/templates/templatename/css template.css
2012.10.01 08:47 B C:\inetpub\wwwroot\templates\templatename\css\template.css <-- Schubert Rackspace /web/content/templates/templatename/css template.css
2012.10.01 11:11 B C:\inetpub\wwwroot\templates\templatename\css\template.css <-- Schubert Rackspace /web/content/templates/templatename/css template.css
2012.10.01 12:10 B C:\inetpub\wwwroot\templates\templatename\css\template.css <-- Schubert Rackspace /web/content/templates/templatename/css template.css
2012.10.01 12:10 B C:\inetpub\wwwroot\templates\templatename\css\template.css <-- Schubert Rackspace /web/content/templates/templatename/css template.css
2012.10.01 12:12 B C:\inetpub\wwwroot\templates\templatename\css\template.css <-- Schubert Rackspace /web/content/templates/templatename/css template.css
2012.10.01 12:12 B C:\inetpub\wwwroot\templates\templatename\css\template.css <-- Schubert Rackspace /web/content/templates/templatename/css template.css
2012.10.01 15:11 B C:\inetpub\wwwroot\templates\templatename\css\template.css <-- Schubert Rackspace /web/content/templates/templatename/css template.css
2012.10.01 15:11 B C:\inetpub\wwwroot\templates\templatename\css\template.css <-- Schubert Rackspace /web/content/templates/templatename/css template.css
2012.10.02 08:37 B C:\inetpub\wwwroot\templates\templatename\css\template.css <-- Schubert Rackspace /web/content/templates/templatename/css template.css
2012.10.02 08:37 B C:\inetpub\wwwroot\templates\templatename\css\template.css <-- Schubert Rackspace /web/content/templates/templatename/css template.css
2012.10.02 08:38 B C:\inetpub\wwwroot\templates\templatename\css\template.css <-- Schubert Rackspace /web/content/templates/templatename/css template.css
2012.10.02 08:38 B C:\inetpub\wwwroot\templates\templatename\css\template.css <-- Schubert Rackspace /web/content/templates/templatename/css template.css
2012.10.02 08:39 B C:\inetpub\wwwroot\templates\templatename\css\template.css <-- Schubert Rackspace /web/content/templates/templatename/css template.css
2012.10.02 08:39 B C:\inetpub\wwwroot\templates\templatename\css\template.css <-- Schubert Rackspace /web/content/templates/templatename/css template.css
2012.10.02 11:25 B C:\inetpub\wwwroot\templates\templatename\css\template.css <-- Schubert Rackspace /web/content/templates/templatename/css template.css
2012.10.02 12:17 B C:\inetpub\wwwroot\templates\templatename\css\template.css <-- Schubert Rackspace /web/content/templates/templatename/css template.css
2012.10.02 14:24 B C:\inetpub\wwwroot\templates\templatename\css\template.css <-- Schubert Rackspace /web/content/templates/templatename/css template.css
2012.10.02 14:55 B C:\inetpub\wwwroot\templates\templatename\css\template.css <-- Schubert Rackspace /web/content/templates/templatename/css template.css
2012.10.02 14:55 B C:\inetpub\wwwroot\templates\templatename\css\template.css <-- Schubert Rackspace /web/content/templates/templatename/css template.css
2012.10.02 14:57 B C:\inetpub\wwwroot\templates\templatename\css\template.css <-- Schubert Rackspace /web/content/templates/templatename/css template.css
2012.10.02 15:03 B C:\inetpub\wwwroot\templates\templatename\css\template.css <-- Schubert Rackspace /web/content/templates/templatename/css template.css
2012.10.02 15:06 B C:\inetpub\wwwroot\templates\templatename\css\template.css <-- Schubert Rackspace /web/content/templates/templatename/css template.css
2012.10.02 15:08 B C:\inetpub\wwwroot\templates\templatename\css\template.css <-- Schubert Rackspace /web/content/templates/templatename/css template.css
2012.10.02 15:09 B C:\inetpub\wwwroot\templates\templatename\css\template.css <-- Schubert Rackspace /web/content/templates/templatename/css template.css
2012.10.02 15:19 B C:\inetpub\wwwroot\templates\templatename\css\template.css <-- Schubert Rackspace /web/content/templates/templatename/css template.css
2012.10.02 15:19 B C:\inetpub\wwwroot\templates\templatename\css\template.css <-- Schubert Rackspace /web/content/templates/templatename/css template.css
2012.10.02 16:06 B C:\inetpub\wwwroot\templates\templatename\css\template.css <-- Schubert Rackspace /web/content/templates/templatename/css template.css
2012.10.02 16:07 B C:\inetpub\wwwroot\templates\templatename\css\template.css <-- Schubert Rackspace /web/content/templates/templatename/css template.css
2012.10.02 16:15 B C:\inetpub\wwwroot\templates\templatename\css\template.css <-- Schubert Rackspace /web/content/templates/templatename/css template.css
2012.10.02 16:16 B C:\inetpub\wwwroot\templates\templatename\css\template.css <-- Schubert Rackspace /web/content/templates/templatename/css template.css
2012.10.02 16:17 B C:\inetpub\wwwroot\templates\templatename\css\template.css <-- Schubert Rackspace /web/content/templates/templatename/css template.css
2012.10.02 16:19 B C:\inetpub\wwwroot\templates\templatename\css\template.css <-- Schubert Rackspace /web/content/templates/templatename/css template.css
2012.10.02 16:39 B C:\inetpub\wwwroot\templates\templatename\css\template.css <-- Schubert Rackspace /web/content/templates/templatename/css template.css
2012.10.02 16:41 B C:\inetpub\wwwroot\templates\templatename\css\template.css <-- Schubert Rackspace /web/content/templates/templatename/css template.css
2012.10.02 16:43 B C:\inetpub\wwwroot\templates\templatename\css\template.css <-- Schubert Rackspace /web/content/templates/templatename/css template.css
2012.10.02 16:44 B C:\inetpub\wwwroot\templates\templatename\css\template.css <-- Schubert Rackspace /web/content/templates/templatename/css template.css
2012.10.02 16:46 B C:\inetpub\wwwroot\templates\templatename\css\template.css <-- Schubert Rackspace /web/content/templates/templatename/css template.css
2012.10.02 16:48 B C:\inetpub\wwwroot\templates\templatename\css\template.css <-- Schubert Rackspace /web/content/templates/templatename/css template.css
2012.10.02 16:50 B C:\inetpub\wwwroot\templates\templatename\css\template.css <-- Schubert Rackspace /web/content/templates/templatename/css template.css
2012.10.02 16:50 B C:\inetpub\wwwroot\templates\templatename\css\template.css <-- Schubert Rackspace /web/content/templates/templatename/css template.css
2012.10.02 16:54 B C:\inetpub\wwwroot\templates\templatename\css\template.css <-- Schubert Rackspace /web/content/templates/templatename/css template.css
2012.10.02 17:17 B C:\inetpub\wwwroot\templates\templatename\css\template.css <-- Schubert Rackspace /web/content/templates/templatename/css template.css
2012.10.02 17:18 B C:\inetpub\wwwroot\templates\templatename\css\template.css <-- Schubert Rackspace /web/content/templates/templatename/css template.css
2012.10.02 17:21 B C:\inetpub\wwwroot\templates\templatename\css\template.css <-- Schubert Rackspace /web/content/templates/templatename/css template.css
2012.10.02 17:26 B C:\inetpub\wwwroot\templates\templatename\css\template.css <-- Schubert Rackspace /web/content/templates/templatename/css template.css
2012.10.03 08:55 B C:\inetpub\wwwroot\templates\templatename\css\template.css --> ftp3.ftptoyoursite.com /web/content/templates/templatename/css template.css
2012.10.03 08:55 B C:\inetpub\wwwroot\templates\templatename\css\template.css <-- Schubert Rackspace /web/content/templates/templatename/css template.css
2012.10.03 08:55 B C:\inetpub\wwwroot\templates\templatename\css\template.css <-- Schubert Rackspace /web/content/templates/templatename/css template.css
2012.10.03 09:14 B C:\inetpub\wwwroot\templates\templatename\css\template.css <-- Schubert Rackspace /web/content/templates/templatename/css template.css
2012.10.03 09:14 B C:\inetpub\wwwroot\templates\templatename\css\template.css <-- Schubert Rackspace /web/content/templates/templatename/css template.css
2012.10.03 09:17 B C:\inetpub\wwwroot\templates\templatename\css\template.css <-- Schubert Rackspace /web/content/templates/templatename/css template.css
2012.10.03 09:17 B C:\inetpub\wwwroot\templates\templatename\css\template.css <-- Schubert Rackspace /web/content/templates/templatename/css template.css
2012.10.03 09:20 B C:\inetpub\wwwroot\templates\templatename\css\template.css <-- Schubert Rackspace /web/content/templates/templatename/css template.css
2012.10.03 09:20 B C:\inetpub\wwwroot\templates\templatename\css\template.css <-- Schubert Rackspace /web/content/templates/templatename/css template.css
2012.10.03 09:26 B C:\inetpub\wwwroot\templates\templatename\css\template.css <-- Schubert Rackspace /web/content/templates/templatename/css template.css
2012.10.03 09:28 B C:\inetpub\wwwroot\templates\templatename\css\template.css <-- Schubert Rackspace /web/content/templates/templatename/css template.css
2012.10.03 09:29 B C:\inetpub\wwwroot\templates\templatename\css\template.css <-- Schubert Rackspace /web/content/templates/templatename/css template.css
2012.10.03 09:31 B C:\inetpub\wwwroot\templates\templatename\css\template.css <-- Schubert Rackspace /web/content/templates/templatename/css template.css
2012.10.03 12:06 B C:\inetpub\wwwroot\templates\templatename\css\template.css <-- Schubert Rackspace /web/content/templates/templatename/css template.css
2012.10.03 12:13 B C:\inetpub\wwwroot\templates\templatename\css\template.css <-- Schubert Rackspace /web/content/templates/templatename/css template.css
2012.10.03 12:17 B C:\inetpub\wwwroot\templates\templatename\css\template.css <-- Schubert Rackspace /web/content/templates/templatename/css template.css
2012.10.03 12:35 B C:\inetpub\wwwroot\templates\templatename\css\template.css <-- Schubert Rackspace /web/content/templates/templatename/css template.css
2012.10.03 12:43 B C:\inetpub\wwwroot\templates\templatename\css\template.css <-- Schubert Rackspace /web/content/templates/templatename/css template.css
2012.10.03 13:30 B C:\inetpub\wwwroot\templates\templatename\css\template.css <-- Schubert Rackspace /web/content/templates/templatename/css template.css
2012.10.03 13:31 B C:\inetpub\wwwroot\templates\templatename\css\template.css <-- Schubert Rackspace /web/content/templates/templatename/css template.css
2012.10.03 13:40 B C:\inetpub\wwwroot\templates\templatename\css\template.css <-- Schubert Rackspace /web/content/templates/templatename/css template.css
2012.10.03 13:40 B C:\inetpub\wwwroot\templates\templatename\css\ie7.css <-- Schubert Rackspace /web/content/templates/templatename/css ie7.css
2012.10.03 13:42 B C:\inetpub\wwwroot\templates\templatename\css\ie7.css <-- Schubert Rackspace /web/content/templates/templatename/css ie7.css
2012.10.03 13:43 B C:\inetpub\wwwroot\templates\templatename\css\ie7.css <-- Schubert Rackspace /web/content/templates/templatename/css ie7.css
2012.10.03 13:44 B C:\inetpub\wwwroot\templates\templatename\css\ie7.css <-- Schubert Rackspace /web/content/templates/templatename/css ie7.css
2012.10.03 13:49 B C:\inetpub\wwwroot\templates\templatename\css\ie7.css <-- Schubert Rackspace /web/content/templates/templatename/css ie7.css
2012.10.03 13:49 B C:\inetpub\wwwroot\templates\templatename\css\ie7.css <-- Schubert Rackspace /web/content/templates/templatename/css ie7.css
2012.10.03 13:52 B C:\inetpub\wwwroot\templates\templatename\css\ie7.css <-- Schubert Rackspace /web/content/templates/templatename/css ie7.css
2012.10.03 13:52 B C:\inetpub\wwwroot\templates\templatename\css\ie7.css <-- Schubert Rackspace /web/content/templates/templatename/css ie7.css
2012.10.11 09:37 B C:\inetpub\wwwroot\templates\templatename\css\template.css <-- Schubert Rackspace /web/content/templates/templatename/css template.css
2012.10.11 09:39 B C:\inetpub\wwwroot\templates\templatename\css\template.css <-- Schubert Rackspace /web/content/templates/templatename/css template.css
2012.10.11 12:38 B C:\inetpub\wwwroot\templates\templatename\css\template.css <-- Schubert Rackspace /web/content/templates/templatename/css template.css
2012.10.11 13:03 B C:\inetpub\wwwroot\templates\templatename\css\template.css <-- Schubert Rackspace /web/content/templates/templatename/css template.css
2012.10.11 13:03 B C:\inetpub\wwwroot\templates\templatename\css\template.css <-- Schubert Rackspace /web/content/templates/templatename/css template.css
2012.10.11 16:05 B C:\inetpub\wwwroot\templates\templatename\css\template.css <-- Schubert Rackspace /web/content/templates/templatename/css template.css
2012.10.11 16:57 B C:\inetpub\wwwroot\templates\templatename\css\template.css <-- Schubert Rackspace /web/content/templates/templatename/css template.css
2012.10.11 17:34 B C:\inetpub\wwwroot\templates\templatename\css\template.css <-- Schubert Rackspace /web/content/templates/templatename/css template.css
2012.10.11 17:39 B C:\inetpub\wwwroot\templates\templatename\css\template.css <-- Schubert Rackspace /web/content/templates/templatename/css template.css
2012.10.11 17:41 B C:\inetpub\wwwroot\templates\templatename\css\template.css <-- Schubert Rackspace /web/content/templates/templatename/css template.css
2012.10.11 17:42 B C:\inetpub\wwwroot\templates\templatename\css\template.css <-- Schubert Rackspace /web/content/templates/templatename/css template.css
2012.10.11 17:44 B C:\inetpub\wwwroot\templates\templatename\css\template.css <-- Schubert Rackspace /web/content/templates/templatename/css template.css
2012.10.11 17:45 B C:\inetpub\wwwroot\templates\templatename\css\template.css <-- Schubert Rackspace /web/content/templates/templatename/css template.css
2012.10.12 08:33 B C:\inetpub\wwwroot\templates\templatename\css\template.css <-- Schubert Rackspace /web/content/templates/templatename/css template.css
2012.10.12 08:33 B C:\inetpub\wwwroot\templates\templatename\css\template.css <-- Schubert Rackspace /web/content/templates/templatename/css template.css
2012.10.12 08:35 B C:\inetpub\wwwroot\templates\templatename\css\template.css <-- Schubert Rackspace /web/content/templates/templatename/css template.css
2012.10.12 08:37 B C:\inetpub\wwwroot\templates\templatename\css\template.css <-- Schubert Rackspace /web/content/templates/templatename/css template.css
2012.10.12 08:41 B C:\inetpub\wwwroot\templates\templatename\css\template.css <-- Schubert Rackspace /web/content/templates/templatename/css template.css
2012.10.16 11:05 B C:\inetpub\wwwroot\templates\templatename\css\template.css --> ftp3.ftptoyoursite.com /web/content/templates/templatename/css template.css
2012.10.16 11:12 B C:\inetpub\wwwroot\templates\templatename\css\template.css <-- Schubert Rackspace /web/content/templates/templatename/css template.css
2012.10.16 11:13 B C:\inetpub\wwwroot\templates\templatename\css\template.css <-- Schubert Rackspace /web/content/templates/templatename/css template.css
2012.10.16 11:16 B C:\inetpub\wwwroot\templates\templatename\css\template.css <-- Schubert Rackspace /web/content/templates/templatename/css template.css
2012.10.16 11:21 B C:\inetpub\wwwroot\templates\templatename\css\template.css <-- Schubert Rackspace /web/content/templates/templatename/css template.css
2012.10.16 11:25 B C:\inetpub\wwwroot\templates\templatename\css\template.css <-- Schubert Rackspace /web/content/templates/templatename/css template.css
2012.10.16 11:30 B C:\inetpub\wwwroot\templates\templatename\css\template.css <-- Schubert Rackspace /web/content/templates/templatename/css template.css
2012.10.16 11:37 B C:\inetpub\wwwroot\templates\templatename\css\template.css <-- Schubert Rackspace /web/content/templates/templatename/css template.css
2012.10.16 11:39 B C:\inetpub\wwwroot\templates\templatename\css\template.css <-- Schubert Rackspace /web/content/templates/templatename/css template.css
2012.10.16 11:53 B C:\inetpub\wwwroot\templates\templatename\css\template.css <-- Schubert Rackspace /web/content/templates/templatename/css template.css
2012.10.16 11:53 B C:\inetpub\wwwroot\templates\templatename\css\template.css <-- Schubert Rackspace /web/content/templates/templatename/css template.css
2012.10.23 09:19 B C:\inetpub\wwwroot\templates\templatename\css\editor.css --> ftp3.ftptoyoursite.com /web/content/templates/templatename/css editor.css
2012.10.23 09:19 B C:\inetpub\wwwroot\templates\templatename\css\error.css --> ftp3.ftptoyoursite.com /web/content/templates/templatename/css error.css
2012.10.23 09:19 B C:\inetpub\wwwroot\templates\templatename\css\ie7.css --> ftp3.ftptoyoursite.com /web/content/templates/templatename/css ie7.css
2012.10.23 09:19 B C:\inetpub\wwwroot\templates\templatename\css\ie8.css --> ftp3.ftptoyoursite.com /web/content/templates/templatename/css ie8.css
2012.10.23 09:19 B C:\inetpub\wwwroot\templates\templatename\css\index.html --> ftp3.ftptoyoursite.com /web/content/templates/templatename/css index.html
2012.10.23 09:19 B C:\inetpub\wwwroot\templates\templatename\css\offline.css --> ftp3.ftptoyoursite.com /web/content/templates/templatename/css offline.css
2012.10.23 09:19 B C:\inetpub\wwwroot\templates\templatename\css\phone.css --> ftp3.ftptoyoursite.com /web/content/templates/templatename/css phone.css
2012.10.23 09:19 B C:\inetpub\wwwroot\templates\templatename\css\print.css --> ftp3.ftptoyoursite.com /web/content/templates/templatename/css print.css
2012.10.23 09:19 B C:\inetpub\wwwroot\templates\templatename\css\reset.css --> ftp3.ftptoyoursite.com /web/content/templates/templatename/css reset.css
2012.10.23 09:19 B C:\inetpub\wwwroot\templates\templatename\css\tablet.css --> ftp3.ftptoyoursite.com /web/content/templates/templatename/css tablet.css
2012.10.23 09:19 B C:\inetpub\wwwroot\templates\templatename\css\template.css --> ftp3.ftptoyoursite.com /web/content/templates/templatename/css template.css
2012.10.23 09:19 B C:\inetpub\wwwroot\templates\templatename\css\template.css.php --> ftp3.ftptoyoursite.com /web/content/templates/templatename/css template.css.php
2012.10.23 09:19 B C:\inetpub\wwwroot\templates\templatename\css\titlebg.png --> ftp3.ftptoyoursite.com /web/content/templates/templatename/css titlebg.png
2012.10.23 09:19 B C:\inetpub\wwwroot\templates\templatename\css\WS_FTP.LOG --> ftp3.ftptoyoursite.com /web/content/templates/templatename/css WS_FTP.LOG
2012.10.26 11:28 B C:\inetpub\wwwroot\templates\templatename\css\template.css <-- Schubert Rackspace /web/content/templates/templatename/css template.css
2012.11.16 15:50 B C:\inetpub\wwwroot\templates\templatename\css\template.css <-- Schubert Rackspace /web/content/templates/templatename/css template.css
2013.02.01 15:04 B C:\inetpub\wwwroot\templates\templatename\css\WS_FTP.LOG <-- Schubert Rackspace /web/content/templates/templatename/css WS_FTP.LOG
2013.02.19 12:27 B C:\inetpub\wwwroot\templates\templatename\css\template.css <-- Schubert Rackspace /web/content/templates/templatename/css template.css
