2012.07.25 12:18 B C:\Users\COBRIEN\Desktop\Schubert\libraries\joomla\log\entry.php <-- Schubert Rackspace /web/content/libraries/joomla/log entry.php
2012.07.25 12:18 B C:\Users\COBRIEN\Desktop\Schubert\libraries\joomla\log\index.html <-- Schubert Rackspace /web/content/libraries/joomla/log index.html
2012.07.25 12:18 B C:\Users\COBRIEN\Desktop\Schubert\libraries\joomla\log\log.php <-- Schubert Rackspace /web/content/libraries/joomla/log log.php
2012.07.25 12:18 B C:\Users\COBRIEN\Desktop\Schubert\libraries\joomla\log\logexception.php <-- Schubert Rackspace /web/content/libraries/joomla/log logexception.php
2012.07.25 12:18 B C:\Users\COBRIEN\Desktop\Schubert\libraries\joomla\log\logger.php <-- Schubert Rackspace /web/content/libraries/joomla/log logger.php
2012.09.04 10:54 B C:\inetpub\wwwroot\libraries\joomla\log\entry.php --> ftp3.ftptoyoursite.com /web/content/SITE-TEST/libraries/joomla/log entry.php
2012.09.04 10:54 B C:\inetpub\wwwroot\libraries\joomla\log\index.html --> ftp3.ftptoyoursite.com /web/content/SITE-TEST/libraries/joomla/log index.html
2012.09.04 10:54 B C:\inetpub\wwwroot\libraries\joomla\log\log.php --> ftp3.ftptoyoursite.com /web/content/SITE-TEST/libraries/joomla/log log.php
2012.09.04 10:54 B C:\inetpub\wwwroot\libraries\joomla\log\logexception.php --> ftp3.ftptoyoursite.com /web/content/SITE-TEST/libraries/joomla/log logexception.php
2012.09.04 10:54 B C:\inetpub\wwwroot\libraries\joomla\log\logger.php --> ftp3.ftptoyoursite.com /web/content/SITE-TEST/libraries/joomla/log logger.php
2012.09.04 10:54 B C:\inetpub\wwwroot\libraries\joomla\log\WS_FTP.LOG --> ftp3.ftptoyoursite.com /web/content/SITE-TEST/libraries/joomla/log WS_FTP.LOG
2012.09.06 15:13 B C:\inetpub\wwwroot\libraries\joomla\log\entry.php --> ftp3.ftptoyoursite.com /web/content/SITEBACKUP_962012/libraries/joomla/log entry.php
2012.09.06 15:13 B C:\inetpub\wwwroot\libraries\joomla\log\index.html --> ftp3.ftptoyoursite.com /web/content/SITEBACKUP_962012/libraries/joomla/log index.html
2012.09.06 15:13 B C:\inetpub\wwwroot\libraries\joomla\log\log.php --> ftp3.ftptoyoursite.com /web/content/SITEBACKUP_962012/libraries/joomla/log log.php
2012.09.06 15:13 B C:\inetpub\wwwroot\libraries\joomla\log\logexception.php --> ftp3.ftptoyoursite.com /web/content/SITEBACKUP_962012/libraries/joomla/log logexception.php
2012.09.06 15:13 B C:\inetpub\wwwroot\libraries\joomla\log\logger.php --> ftp3.ftptoyoursite.com /web/content/SITEBACKUP_962012/libraries/joomla/log logger.php
2012.09.06 15:13 B C:\inetpub\wwwroot\libraries\joomla\log\WS_FTP.LOG --> ftp3.ftptoyoursite.com /web/content/SITEBACKUP_962012/libraries/joomla/log WS_FTP.LOG
2012.10.23 09:15 B C:\inetpub\wwwroot\libraries\joomla\log\entry.php --> ftp3.ftptoyoursite.com /web/content/libraries/joomla/log entry.php
2012.10.23 09:15 B C:\inetpub\wwwroot\libraries\joomla\log\index.html --> ftp3.ftptoyoursite.com /web/content/libraries/joomla/log index.html
2012.10.23 09:15 B C:\inetpub\wwwroot\libraries\joomla\log\log.php --> ftp3.ftptoyoursite.com /web/content/libraries/joomla/log log.php
2012.10.23 09:15 B C:\inetpub\wwwroot\libraries\joomla\log\logexception.php --> ftp3.ftptoyoursite.com /web/content/libraries/joomla/log logexception.php
2012.10.23 09:15 B C:\inetpub\wwwroot\libraries\joomla\log\logger.php --> ftp3.ftptoyoursite.com /web/content/libraries/joomla/log logger.php
2012.10.23 09:15 B C:\inetpub\wwwroot\libraries\joomla\log\WS_FTP.LOG --> ftp3.ftptoyoursite.com /web/content/libraries/joomla/log WS_FTP.LOG
2013.02.01 14:54 B C:\inetpub\wwwroot\libraries\joomla\log\WS_FTP.LOG <-- Schubert Rackspace /web/content/libraries/joomla/log WS_FTP.LOG
