2012.07.25 12:15 B C:\Users\COBRIEN\Desktop\Schubert\components\com_jce\editor\tiny_mce\plugins\article\img\index.html <-- Schubert Rackspace /web/content/components/com_jce/editor/tiny_mce/plugins/article/img index.html
2012.07.25 12:15 B C:\Users\COBRIEN\Desktop\Schubert\components\com_jce\editor\tiny_mce\plugins\article\img\pagebreak.png <-- Schubert Rackspace /web/content/components/com_jce/editor/tiny_mce/plugins/article/img pagebreak.png
2012.07.25 12:15 B C:\Users\COBRIEN\Desktop\Schubert\components\com_jce\editor\tiny_mce\plugins\article\img\readmore.png <-- Schubert Rackspace /web/content/components/com_jce/editor/tiny_mce/plugins/article/img readmore.png
2012.07.25 12:15 B C:\Users\COBRIEN\Desktop\Schubert\components\com_jce\editor\tiny_mce\plugins\article\img\trans.gif <-- Schubert Rackspace /web/content/components/com_jce/editor/tiny_mce/plugins/article/img trans.gif
2012.09.04 10:50 B C:\inetpub\wwwroot\components\com_jce\editor\tiny_mce\plugins\article\img\index.html --> ftp3.ftptoyoursite.com /web/content/SITE-TEST/components/com_jce/editor/tiny_mce/plugins/article/img index.html
2012.09.04 10:50 B C:\inetpub\wwwroot\components\com_jce\editor\tiny_mce\plugins\article\img\pagebreak.png --> ftp3.ftptoyoursite.com /web/content/SITE-TEST/components/com_jce/editor/tiny_mce/plugins/article/img pagebreak.png
2012.09.04 10:50 B C:\inetpub\wwwroot\components\com_jce\editor\tiny_mce\plugins\article\img\readmore.png --> ftp3.ftptoyoursite.com /web/content/SITE-TEST/components/com_jce/editor/tiny_mce/plugins/article/img readmore.png
2012.09.04 10:50 B C:\inetpub\wwwroot\components\com_jce\editor\tiny_mce\plugins\article\img\trans.gif --> ftp3.ftptoyoursite.com /web/content/SITE-TEST/components/com_jce/editor/tiny_mce/plugins/article/img trans.gif
2012.09.04 10:50 B C:\inetpub\wwwroot\components\com_jce\editor\tiny_mce\plugins\article\img\WS_FTP.LOG --> ftp3.ftptoyoursite.com /web/content/SITE-TEST/components/com_jce/editor/tiny_mce/plugins/article/img WS_FTP.LOG
2012.09.06 15:08 B C:\inetpub\wwwroot\components\com_jce\editor\tiny_mce\plugins\article\img\index.html --> ftp3.ftptoyoursite.com /web/content/SITEBACKUP_962012/components/com_jce/editor/tiny_mce/plugins/article/img index.html
2012.09.06 15:08 B C:\inetpub\wwwroot\components\com_jce\editor\tiny_mce\plugins\article\img\pagebreak.png --> ftp3.ftptoyoursite.com /web/content/SITEBACKUP_962012/components/com_jce/editor/tiny_mce/plugins/article/img pagebreak.png
2012.09.06 15:08 B C:\inetpub\wwwroot\components\com_jce\editor\tiny_mce\plugins\article\img\readmore.png --> ftp3.ftptoyoursite.com /web/content/SITEBACKUP_962012/components/com_jce/editor/tiny_mce/plugins/article/img readmore.png
2012.09.06 15:08 B C:\inetpub\wwwroot\components\com_jce\editor\tiny_mce\plugins\article\img\trans.gif --> ftp3.ftptoyoursite.com /web/content/SITEBACKUP_962012/components/com_jce/editor/tiny_mce/plugins/article/img trans.gif
2012.09.06 15:08 B C:\inetpub\wwwroot\components\com_jce\editor\tiny_mce\plugins\article\img\WS_FTP.LOG --> ftp3.ftptoyoursite.com /web/content/SITEBACKUP_962012/components/com_jce/editor/tiny_mce/plugins/article/img WS_FTP.LOG
2012.09.06 15:48 B C:\inetpub\wwwroot\components\com_jce\editor\tiny_mce\plugins\article\img\index.html <-- Schubert Rackspace /web/content/SITEBACKUP_962012/components/com_jce/editor/tiny_mce/plugins/article/img index.html
2012.09.06 15:48 B C:\inetpub\wwwroot\components\com_jce\editor\tiny_mce\plugins\article\img\pagebreak.png <-- Schubert Rackspace /web/content/SITEBACKUP_962012/components/com_jce/editor/tiny_mce/plugins/article/img pagebreak.png
2012.09.06 15:48 B C:\inetpub\wwwroot\components\com_jce\editor\tiny_mce\plugins\article\img\readmore.png <-- Schubert Rackspace /web/content/SITEBACKUP_962012/components/com_jce/editor/tiny_mce/plugins/article/img readmore.png
2012.09.06 15:48 B C:\inetpub\wwwroot\components\com_jce\editor\tiny_mce\plugins\article\img\trans.gif <-- Schubert Rackspace /web/content/SITEBACKUP_962012/components/com_jce/editor/tiny_mce/plugins/article/img trans.gif
2012.10.23 09:11 B C:\inetpub\wwwroot\components\com_jce\editor\tiny_mce\plugins\article\img\index.html --> ftp3.ftptoyoursite.com /web/content/components/com_jce/editor/tiny_mce/plugins/article/img index.html
2012.10.23 09:11 B C:\inetpub\wwwroot\components\com_jce\editor\tiny_mce\plugins\article\img\pagebreak.png --> ftp3.ftptoyoursite.com /web/content/components/com_jce/editor/tiny_mce/plugins/article/img pagebreak.png
2012.10.23 09:11 B C:\inetpub\wwwroot\components\com_jce\editor\tiny_mce\plugins\article\img\readmore.png --> ftp3.ftptoyoursite.com /web/content/components/com_jce/editor/tiny_mce/plugins/article/img readmore.png
2012.10.23 09:11 B C:\inetpub\wwwroot\components\com_jce\editor\tiny_mce\plugins\article\img\trans.gif --> ftp3.ftptoyoursite.com /web/content/components/com_jce/editor/tiny_mce/plugins/article/img trans.gif
2012.10.23 09:11 B C:\inetpub\wwwroot\components\com_jce\editor\tiny_mce\plugins\article\img\WS_FTP.LOG --> ftp3.ftptoyoursite.com /web/content/components/com_jce/editor/tiny_mce/plugins/article/img WS_FTP.LOG
2013.02.01 14:48 B C:\inetpub\wwwroot\components\com_jce\editor\tiny_mce\plugins\article\img\WS_FTP.LOG <-- Schubert Rackspace /web/content/components/com_jce/editor/tiny_mce/plugins/article/img WS_FTP.LOG
