2012.07.25 12:12 B C:\Users\COBRIEN\Desktop\Schubert\administrator\components\com_rsform\assets\codemirror\theme\default.css <-- Schubert Rackspace /web/content/administrator/components/com_rsform/assets/codemirror/theme default.css
2012.07.25 12:12 B C:\Users\COBRIEN\Desktop\Schubert\administrator\components\com_rsform\assets\codemirror\theme\elegant.css <-- Schubert Rackspace /web/content/administrator/components/com_rsform/assets/codemirror/theme elegant.css
2012.07.25 12:12 B C:\Users\COBRIEN\Desktop\Schubert\administrator\components\com_rsform\assets\codemirror\theme\neat.css <-- Schubert Rackspace /web/content/administrator/components/com_rsform/assets/codemirror/theme neat.css
2012.07.25 12:12 B C:\Users\COBRIEN\Desktop\Schubert\administrator\components\com_rsform\assets\codemirror\theme\night.css <-- Schubert Rackspace /web/content/administrator/components/com_rsform/assets/codemirror/theme night.css
2012.09.04 10:46 B C:\inetpub\wwwroot\administrator\components\com_rsform\assets\codemirror\theme\default.css --> ftp3.ftptoyoursite.com /web/content/SITE-TEST/administrator/components/com_rsform/assets/codemirror/theme default.css
2012.09.04 10:46 B C:\inetpub\wwwroot\administrator\components\com_rsform\assets\codemirror\theme\elegant.css --> ftp3.ftptoyoursite.com /web/content/SITE-TEST/administrator/components/com_rsform/assets/codemirror/theme elegant.css
2012.09.04 10:46 B C:\inetpub\wwwroot\administrator\components\com_rsform\assets\codemirror\theme\neat.css --> ftp3.ftptoyoursite.com /web/content/SITE-TEST/administrator/components/com_rsform/assets/codemirror/theme neat.css
2012.09.04 10:46 B C:\inetpub\wwwroot\administrator\components\com_rsform\assets\codemirror\theme\night.css --> ftp3.ftptoyoursite.com /web/content/SITE-TEST/administrator/components/com_rsform/assets/codemirror/theme night.css
2012.09.04 10:46 B C:\inetpub\wwwroot\administrator\components\com_rsform\assets\codemirror\theme\WS_FTP.LOG --> ftp3.ftptoyoursite.com /web/content/SITE-TEST/administrator/components/com_rsform/assets/codemirror/theme WS_FTP.LOG
2012.09.06 15:02 B C:\inetpub\wwwroot\administrator\components\com_rsform\assets\codemirror\theme\default.css --> ftp3.ftptoyoursite.com /web/content/SITEBACKUP_962012/administrator/components/com_rsform/assets/codemirror/theme default.css
2012.09.06 15:02 B C:\inetpub\wwwroot\administrator\components\com_rsform\assets\codemirror\theme\elegant.css --> ftp3.ftptoyoursite.com /web/content/SITEBACKUP_962012/administrator/components/com_rsform/assets/codemirror/theme elegant.css
2012.09.06 15:02 B C:\inetpub\wwwroot\administrator\components\com_rsform\assets\codemirror\theme\neat.css --> ftp3.ftptoyoursite.com /web/content/SITEBACKUP_962012/administrator/components/com_rsform/assets/codemirror/theme neat.css
2012.09.06 15:02 B C:\inetpub\wwwroot\administrator\components\com_rsform\assets\codemirror\theme\night.css --> ftp3.ftptoyoursite.com /web/content/SITEBACKUP_962012/administrator/components/com_rsform/assets/codemirror/theme night.css
2012.09.06 15:02 B C:\inetpub\wwwroot\administrator\components\com_rsform\assets\codemirror\theme\WS_FTP.LOG --> ftp3.ftptoyoursite.com /web/content/SITEBACKUP_962012/administrator/components/com_rsform/assets/codemirror/theme WS_FTP.LOG
2012.09.06 15:45 B C:\inetpub\wwwroot\administrator\components\com_rsform\assets\codemirror\theme\default.css <-- Schubert Rackspace /web/content/SITEBACKUP_962012/administrator/components/com_rsform/assets/codemirror/theme default.css
2012.09.06 15:45 B C:\inetpub\wwwroot\administrator\components\com_rsform\assets\codemirror\theme\elegant.css <-- Schubert Rackspace /web/content/SITEBACKUP_962012/administrator/components/com_rsform/assets/codemirror/theme elegant.css
2012.09.06 15:45 B C:\inetpub\wwwroot\administrator\components\com_rsform\assets\codemirror\theme\neat.css <-- Schubert Rackspace /web/content/SITEBACKUP_962012/administrator/components/com_rsform/assets/codemirror/theme neat.css
2012.09.06 15:45 B C:\inetpub\wwwroot\administrator\components\com_rsform\assets\codemirror\theme\night.css <-- Schubert Rackspace /web/content/SITEBACKUP_962012/administrator/components/com_rsform/assets/codemirror/theme night.css
2012.10.23 09:06 B C:\inetpub\wwwroot\administrator\components\com_rsform\assets\codemirror\theme\default.css --> ftp3.ftptoyoursite.com /web/content/administrator/components/com_rsform/assets/codemirror/theme default.css
2012.10.23 09:06 B C:\inetpub\wwwroot\administrator\components\com_rsform\assets\codemirror\theme\elegant.css --> ftp3.ftptoyoursite.com /web/content/administrator/components/com_rsform/assets/codemirror/theme elegant.css
2012.10.23 09:06 B C:\inetpub\wwwroot\administrator\components\com_rsform\assets\codemirror\theme\neat.css --> ftp3.ftptoyoursite.com /web/content/administrator/components/com_rsform/assets/codemirror/theme neat.css
2012.10.23 09:06 B C:\inetpub\wwwroot\administrator\components\com_rsform\assets\codemirror\theme\night.css --> ftp3.ftptoyoursite.com /web/content/administrator/components/com_rsform/assets/codemirror/theme night.css
2012.10.23 09:06 B C:\inetpub\wwwroot\administrator\components\com_rsform\assets\codemirror\theme\WS_FTP.LOG --> ftp3.ftptoyoursite.com /web/content/administrator/components/com_rsform/assets/codemirror/theme WS_FTP.LOG
2013.02.01 14:43 B C:\inetpub\wwwroot\administrator\components\com_rsform\assets\codemirror\theme\WS_FTP.LOG <-- Schubert Rackspace /web/content/administrator/components/com_rsform/assets/codemirror/theme WS_FTP.LOG
