2012.07.25 12:19 B C:\Users\COBRIEN\Desktop\Schubert\modules\mod_arisexylightbox\arisexylightbox.csv <-- Schubert Rackspace /web/content/modules/mod_arisexylightbox arisexylightbox.csv
2012.07.25 12:19 B C:\Users\COBRIEN\Desktop\Schubert\modules\mod_arisexylightbox\index.html <-- Schubert Rackspace /web/content/modules/mod_arisexylightbox index.html
2012.07.25 12:19 B C:\Users\COBRIEN\Desktop\Schubert\modules\mod_arisexylightbox\mod_arisexylightbox.php <-- Schubert Rackspace /web/content/modules/mod_arisexylightbox mod_arisexylightbox.php
2012.07.25 12:19 B C:\Users\COBRIEN\Desktop\Schubert\modules\mod_arisexylightbox\mod_arisexylightbox.xml <-- Schubert Rackspace /web/content/modules/mod_arisexylightbox mod_arisexylightbox.xml
2012.07.25 12:19 B C:\Users\COBRIEN\Desktop\Schubert\modules\mod_arisexylightbox\script.php <-- Schubert Rackspace /web/content/modules/mod_arisexylightbox script.php
2012.09.04 10:56 B C:\inetpub\wwwroot\modules\mod_arisexylightbox\arisexylightbox.csv --> ftp3.ftptoyoursite.com /web/content/SITE-TEST/modules/mod_arisexylightbox arisexylightbox.csv
2012.09.04 10:56 B C:\inetpub\wwwroot\modules\mod_arisexylightbox\index.html --> ftp3.ftptoyoursite.com /web/content/SITE-TEST/modules/mod_arisexylightbox index.html
2012.09.04 10:56 B C:\inetpub\wwwroot\modules\mod_arisexylightbox\mod_arisexylightbox.php --> ftp3.ftptoyoursite.com /web/content/SITE-TEST/modules/mod_arisexylightbox mod_arisexylightbox.php
2012.09.04 10:56 B C:\inetpub\wwwroot\modules\mod_arisexylightbox\mod_arisexylightbox.xml --> ftp3.ftptoyoursite.com /web/content/SITE-TEST/modules/mod_arisexylightbox mod_arisexylightbox.xml
2012.09.04 10:56 B C:\inetpub\wwwroot\modules\mod_arisexylightbox\script.php --> ftp3.ftptoyoursite.com /web/content/SITE-TEST/modules/mod_arisexylightbox script.php
2012.09.04 10:56 B C:\inetpub\wwwroot\modules\mod_arisexylightbox\WS_FTP.LOG --> ftp3.ftptoyoursite.com /web/content/SITE-TEST/modules/mod_arisexylightbox WS_FTP.LOG
2012.09.06 15:14 B C:\inetpub\wwwroot\modules\mod_arisexylightbox\arisexylightbox.csv --> ftp3.ftptoyoursite.com /web/content/SITEBACKUP_962012/modules/mod_arisexylightbox arisexylightbox.csv
2012.09.06 15:14 B C:\inetpub\wwwroot\modules\mod_arisexylightbox\index.html --> ftp3.ftptoyoursite.com /web/content/SITEBACKUP_962012/modules/mod_arisexylightbox index.html
2012.09.06 15:14 B C:\inetpub\wwwroot\modules\mod_arisexylightbox\mod_arisexylightbox.php --> ftp3.ftptoyoursite.com /web/content/SITEBACKUP_962012/modules/mod_arisexylightbox mod_arisexylightbox.php
2012.09.06 15:14 B C:\inetpub\wwwroot\modules\mod_arisexylightbox\mod_arisexylightbox.xml --> ftp3.ftptoyoursite.com /web/content/SITEBACKUP_962012/modules/mod_arisexylightbox mod_arisexylightbox.xml
2012.09.06 15:14 B C:\inetpub\wwwroot\modules\mod_arisexylightbox\script.php --> ftp3.ftptoyoursite.com /web/content/SITEBACKUP_962012/modules/mod_arisexylightbox script.php
2012.09.06 15:14 B C:\inetpub\wwwroot\modules\mod_arisexylightbox\WS_FTP.LOG --> ftp3.ftptoyoursite.com /web/content/SITEBACKUP_962012/modules/mod_arisexylightbox WS_FTP.LOG
2012.10.23 09:16 B C:\inetpub\wwwroot\modules\mod_arisexylightbox\arisexylightbox.csv --> ftp3.ftptoyoursite.com /web/content/modules/mod_arisexylightbox arisexylightbox.csv
2012.10.23 09:16 B C:\inetpub\wwwroot\modules\mod_arisexylightbox\index.html --> ftp3.ftptoyoursite.com /web/content/modules/mod_arisexylightbox index.html
2012.10.23 09:16 B C:\inetpub\wwwroot\modules\mod_arisexylightbox\mod_arisexylightbox.php --> ftp3.ftptoyoursite.com /web/content/modules/mod_arisexylightbox mod_arisexylightbox.php
2012.10.23 09:16 B C:\inetpub\wwwroot\modules\mod_arisexylightbox\mod_arisexylightbox.xml --> ftp3.ftptoyoursite.com /web/content/modules/mod_arisexylightbox mod_arisexylightbox.xml
2012.10.23 09:16 B C:\inetpub\wwwroot\modules\mod_arisexylightbox\script.php --> ftp3.ftptoyoursite.com /web/content/modules/mod_arisexylightbox script.php
2012.10.23 09:16 B C:\inetpub\wwwroot\modules\mod_arisexylightbox\WS_FTP.LOG --> ftp3.ftptoyoursite.com /web/content/modules/mod_arisexylightbox WS_FTP.LOG
2013.02.01 15:02 B C:\inetpub\wwwroot\modules\mod_arisexylightbox\WS_FTP.LOG <-- Schubert Rackspace /web/content/modules/mod_arisexylightbox WS_FTP.LOG
