2012.07.25 12:19 B C:\Users\COBRIEN\Desktop\Schubert\modules\mod_arisexylightbox\includes\js\sexyimages\blanc\404.png <-- Schubert Rackspace /web/content/modules/mod_arisexylightbox/includes/js/sexyimages/blanc 404.png
2012.07.25 12:19 B C:\Users\COBRIEN\Desktop\Schubert\modules\mod_arisexylightbox\includes\js\sexyimages\blanc\404html.png <-- Schubert Rackspace /web/content/modules/mod_arisexylightbox/includes/js/sexyimages/blanc 404html.png
2012.07.25 12:19 B C:\Users\COBRIEN\Desktop\Schubert\modules\mod_arisexylightbox\includes\js\sexyimages\blanc\bgSexy.gif <-- Schubert Rackspace /web/content/modules/mod_arisexylightbox/includes/js/sexyimages/blanc bgSexy.gif
2012.07.25 12:19 B C:\Users\COBRIEN\Desktop\Schubert\modules\mod_arisexylightbox\includes\js\sexyimages\blanc\bgSexy.png <-- Schubert Rackspace /web/content/modules/mod_arisexylightbox/includes/js/sexyimages/blanc bgSexy.png
2012.07.25 12:19 B C:\Users\COBRIEN\Desktop\Schubert\modules\mod_arisexylightbox\includes\js\sexyimages\blanc\buttons.png <-- Schubert Rackspace /web/content/modules/mod_arisexylightbox/includes/js/sexyimages/blanc buttons.png
2012.07.25 12:19 B C:\Users\COBRIEN\Desktop\Schubert\modules\mod_arisexylightbox\includes\js\sexyimages\blanc\index.html <-- Schubert Rackspace /web/content/modules/mod_arisexylightbox/includes/js/sexyimages/blanc index.html
2012.07.25 12:19 B C:\Users\COBRIEN\Desktop\Schubert\modules\mod_arisexylightbox\includes\js\sexyimages\blanc\loading.gif <-- Schubert Rackspace /web/content/modules/mod_arisexylightbox/includes/js/sexyimages/blanc loading.gif
2012.09.04 10:55 B C:\inetpub\wwwroot\modules\mod_arisexylightbox\includes\js\sexyimages\blanc\404.png --> ftp3.ftptoyoursite.com /web/content/SITE-TEST/modules/mod_arisexylightbox/includes/js/sexyimages/blanc 404.png
2012.09.04 10:55 B C:\inetpub\wwwroot\modules\mod_arisexylightbox\includes\js\sexyimages\blanc\404html.png --> ftp3.ftptoyoursite.com /web/content/SITE-TEST/modules/mod_arisexylightbox/includes/js/sexyimages/blanc 404html.png
2012.09.04 10:55 B C:\inetpub\wwwroot\modules\mod_arisexylightbox\includes\js\sexyimages\blanc\bgSexy.gif --> ftp3.ftptoyoursite.com /web/content/SITE-TEST/modules/mod_arisexylightbox/includes/js/sexyimages/blanc bgSexy.gif
2012.09.04 10:55 B C:\inetpub\wwwroot\modules\mod_arisexylightbox\includes\js\sexyimages\blanc\bgSexy.png --> ftp3.ftptoyoursite.com /web/content/SITE-TEST/modules/mod_arisexylightbox/includes/js/sexyimages/blanc bgSexy.png
2012.09.04 10:55 B C:\inetpub\wwwroot\modules\mod_arisexylightbox\includes\js\sexyimages\blanc\buttons.png --> ftp3.ftptoyoursite.com /web/content/SITE-TEST/modules/mod_arisexylightbox/includes/js/sexyimages/blanc buttons.png
2012.09.04 10:55 B C:\inetpub\wwwroot\modules\mod_arisexylightbox\includes\js\sexyimages\blanc\index.html --> ftp3.ftptoyoursite.com /web/content/SITE-TEST/modules/mod_arisexylightbox/includes/js/sexyimages/blanc index.html
2012.09.04 10:55 B C:\inetpub\wwwroot\modules\mod_arisexylightbox\includes\js\sexyimages\blanc\loading.gif --> ftp3.ftptoyoursite.com /web/content/SITE-TEST/modules/mod_arisexylightbox/includes/js/sexyimages/blanc loading.gif
2012.09.04 10:55 B C:\inetpub\wwwroot\modules\mod_arisexylightbox\includes\js\sexyimages\blanc\WS_FTP.LOG --> ftp3.ftptoyoursite.com /web/content/SITE-TEST/modules/mod_arisexylightbox/includes/js/sexyimages/blanc WS_FTP.LOG
2012.09.06 15:14 B C:\inetpub\wwwroot\modules\mod_arisexylightbox\includes\js\sexyimages\blanc\404.png --> ftp3.ftptoyoursite.com /web/content/SITEBACKUP_962012/modules/mod_arisexylightbox/includes/js/sexyimages/blanc 404.png
2012.09.06 15:14 B C:\inetpub\wwwroot\modules\mod_arisexylightbox\includes\js\sexyimages\blanc\404html.png --> ftp3.ftptoyoursite.com /web/content/SITEBACKUP_962012/modules/mod_arisexylightbox/includes/js/sexyimages/blanc 404html.png
2012.09.06 15:14 B C:\inetpub\wwwroot\modules\mod_arisexylightbox\includes\js\sexyimages\blanc\bgSexy.gif --> ftp3.ftptoyoursite.com /web/content/SITEBACKUP_962012/modules/mod_arisexylightbox/includes/js/sexyimages/blanc bgSexy.gif
2012.09.06 15:14 B C:\inetpub\wwwroot\modules\mod_arisexylightbox\includes\js\sexyimages\blanc\bgSexy.png --> ftp3.ftptoyoursite.com /web/content/SITEBACKUP_962012/modules/mod_arisexylightbox/includes/js/sexyimages/blanc bgSexy.png
2012.09.06 15:14 B C:\inetpub\wwwroot\modules\mod_arisexylightbox\includes\js\sexyimages\blanc\buttons.png --> ftp3.ftptoyoursite.com /web/content/SITEBACKUP_962012/modules/mod_arisexylightbox/includes/js/sexyimages/blanc buttons.png
2012.09.06 15:14 B C:\inetpub\wwwroot\modules\mod_arisexylightbox\includes\js\sexyimages\blanc\index.html --> ftp3.ftptoyoursite.com /web/content/SITEBACKUP_962012/modules/mod_arisexylightbox/includes/js/sexyimages/blanc index.html
2012.09.06 15:14 B C:\inetpub\wwwroot\modules\mod_arisexylightbox\includes\js\sexyimages\blanc\loading.gif --> ftp3.ftptoyoursite.com /web/content/SITEBACKUP_962012/modules/mod_arisexylightbox/includes/js/sexyimages/blanc loading.gif
2012.09.06 15:14 B C:\inetpub\wwwroot\modules\mod_arisexylightbox\includes\js\sexyimages\blanc\WS_FTP.LOG --> ftp3.ftptoyoursite.com /web/content/SITEBACKUP_962012/modules/mod_arisexylightbox/includes/js/sexyimages/blanc WS_FTP.LOG
2012.10.23 09:16 B C:\inetpub\wwwroot\modules\mod_arisexylightbox\includes\js\sexyimages\blanc\404.png --> ftp3.ftptoyoursite.com /web/content/modules/mod_arisexylightbox/includes/js/sexyimages/blanc 404.png
2012.10.23 09:16 B C:\inetpub\wwwroot\modules\mod_arisexylightbox\includes\js\sexyimages\blanc\404html.png --> ftp3.ftptoyoursite.com /web/content/modules/mod_arisexylightbox/includes/js/sexyimages/blanc 404html.png
2012.10.23 09:16 B C:\inetpub\wwwroot\modules\mod_arisexylightbox\includes\js\sexyimages\blanc\bgSexy.gif --> ftp3.ftptoyoursite.com /web/content/modules/mod_arisexylightbox/includes/js/sexyimages/blanc bgSexy.gif
2012.10.23 09:16 B C:\inetpub\wwwroot\modules\mod_arisexylightbox\includes\js\sexyimages\blanc\bgSexy.png --> ftp3.ftptoyoursite.com /web/content/modules/mod_arisexylightbox/includes/js/sexyimages/blanc bgSexy.png
2012.10.23 09:16 B C:\inetpub\wwwroot\modules\mod_arisexylightbox\includes\js\sexyimages\blanc\buttons.png --> ftp3.ftptoyoursite.com /web/content/modules/mod_arisexylightbox/includes/js/sexyimages/blanc buttons.png
2012.10.23 09:16 B C:\inetpub\wwwroot\modules\mod_arisexylightbox\includes\js\sexyimages\blanc\index.html --> ftp3.ftptoyoursite.com /web/content/modules/mod_arisexylightbox/includes/js/sexyimages/blanc index.html
2012.10.23 09:16 B C:\inetpub\wwwroot\modules\mod_arisexylightbox\includes\js\sexyimages\blanc\loading.gif --> ftp3.ftptoyoursite.com /web/content/modules/mod_arisexylightbox/includes/js/sexyimages/blanc loading.gif
2012.10.23 09:16 B C:\inetpub\wwwroot\modules\mod_arisexylightbox\includes\js\sexyimages\blanc\WS_FTP.LOG --> ftp3.ftptoyoursite.com /web/content/modules/mod_arisexylightbox/includes/js/sexyimages/blanc WS_FTP.LOG
2013.02.01 15:02 B C:\inetpub\wwwroot\modules\mod_arisexylightbox\includes\js\sexyimages\blanc\WS_FTP.LOG <-- Schubert Rackspace /web/content/modules/mod_arisexylightbox/includes/js/sexyimages/blanc WS_FTP.LOG
