2012.07.25 12:18 B C:\Users\COBRIEN\Desktop\Schubert\media\com_finder\css\dates.css <-- Schubert Rackspace /web/content/media/com_finder/css dates.css
2012.07.25 12:18 B C:\Users\COBRIEN\Desktop\Schubert\media\com_finder\css\finder.css <-- Schubert Rackspace /web/content/media/com_finder/css finder.css
2012.07.25 12:18 B C:\Users\COBRIEN\Desktop\Schubert\media\com_finder\css\index.html <-- Schubert Rackspace /web/content/media/com_finder/css index.html
2012.07.25 12:18 B C:\Users\COBRIEN\Desktop\Schubert\media\com_finder\css\indexer.css <-- Schubert Rackspace /web/content/media/com_finder/css indexer.css
2012.07.25 12:18 B C:\Users\COBRIEN\Desktop\Schubert\media\com_finder\css\selectfilter.css <-- Schubert Rackspace /web/content/media/com_finder/css selectfilter.css
2012.07.25 12:18 B C:\Users\COBRIEN\Desktop\Schubert\media\com_finder\css\sliderfilter.css <-- Schubert Rackspace /web/content/media/com_finder/css sliderfilter.css
2012.09.04 10:54 B C:\inetpub\wwwroot\media\com_finder\css\dates.css --> ftp3.ftptoyoursite.com /web/content/SITE-TEST/media/com_finder/css dates.css
2012.09.04 10:54 B C:\inetpub\wwwroot\media\com_finder\css\finder.css --> ftp3.ftptoyoursite.com /web/content/SITE-TEST/media/com_finder/css finder.css
2012.09.04 10:54 B C:\inetpub\wwwroot\media\com_finder\css\index.html --> ftp3.ftptoyoursite.com /web/content/SITE-TEST/media/com_finder/css index.html
2012.09.04 10:54 B C:\inetpub\wwwroot\media\com_finder\css\indexer.css --> ftp3.ftptoyoursite.com /web/content/SITE-TEST/media/com_finder/css indexer.css
2012.09.04 10:54 B C:\inetpub\wwwroot\media\com_finder\css\selectfilter.css --> ftp3.ftptoyoursite.com /web/content/SITE-TEST/media/com_finder/css selectfilter.css
2012.09.04 10:54 B C:\inetpub\wwwroot\media\com_finder\css\sliderfilter.css --> ftp3.ftptoyoursite.com /web/content/SITE-TEST/media/com_finder/css sliderfilter.css
2012.09.04 10:54 B C:\inetpub\wwwroot\media\com_finder\css\WS_FTP.LOG --> ftp3.ftptoyoursite.com /web/content/SITE-TEST/media/com_finder/css WS_FTP.LOG
2012.09.06 15:13 B C:\inetpub\wwwroot\media\com_finder\css\dates.css --> ftp3.ftptoyoursite.com /web/content/SITEBACKUP_962012/media/com_finder/css dates.css
2012.09.06 15:13 B C:\inetpub\wwwroot\media\com_finder\css\finder.css --> ftp3.ftptoyoursite.com /web/content/SITEBACKUP_962012/media/com_finder/css finder.css
2012.09.06 15:13 B C:\inetpub\wwwroot\media\com_finder\css\index.html --> ftp3.ftptoyoursite.com /web/content/SITEBACKUP_962012/media/com_finder/css index.html
2012.09.06 15:13 B C:\inetpub\wwwroot\media\com_finder\css\indexer.css --> ftp3.ftptoyoursite.com /web/content/SITEBACKUP_962012/media/com_finder/css indexer.css
2012.09.06 15:13 B C:\inetpub\wwwroot\media\com_finder\css\selectfilter.css --> ftp3.ftptoyoursite.com /web/content/SITEBACKUP_962012/media/com_finder/css selectfilter.css
2012.09.06 15:13 B C:\inetpub\wwwroot\media\com_finder\css\sliderfilter.css --> ftp3.ftptoyoursite.com /web/content/SITEBACKUP_962012/media/com_finder/css sliderfilter.css
2012.09.06 15:13 B C:\inetpub\wwwroot\media\com_finder\css\WS_FTP.LOG --> ftp3.ftptoyoursite.com /web/content/SITEBACKUP_962012/media/com_finder/css WS_FTP.LOG
2012.10.23 09:15 B C:\inetpub\wwwroot\media\com_finder\css\dates.css --> ftp3.ftptoyoursite.com /web/content/media/com_finder/css dates.css
2012.10.23 09:15 B C:\inetpub\wwwroot\media\com_finder\css\finder.css --> ftp3.ftptoyoursite.com /web/content/media/com_finder/css finder.css
2012.10.23 09:15 B C:\inetpub\wwwroot\media\com_finder\css\index.html --> ftp3.ftptoyoursite.com /web/content/media/com_finder/css index.html
2012.10.23 09:15 B C:\inetpub\wwwroot\media\com_finder\css\indexer.css --> ftp3.ftptoyoursite.com /web/content/media/com_finder/css indexer.css
2012.10.23 09:15 B C:\inetpub\wwwroot\media\com_finder\css\selectfilter.css --> ftp3.ftptoyoursite.com /web/content/media/com_finder/css selectfilter.css
2012.10.23 09:15 B C:\inetpub\wwwroot\media\com_finder\css\sliderfilter.css --> ftp3.ftptoyoursite.com /web/content/media/com_finder/css sliderfilter.css
2012.10.23 09:15 B C:\inetpub\wwwroot\media\com_finder\css\WS_FTP.LOG --> ftp3.ftptoyoursite.com /web/content/media/com_finder/css WS_FTP.LOG
2013.02.01 14:55 B C:\inetpub\wwwroot\media\com_finder\css\WS_FTP.LOG <-- Schubert Rackspace /web/content/media/com_finder/css WS_FTP.LOG
