2012.07.25 12:12 B C:\Users\COBRIEN\Desktop\Schubert\administrator\components\com_rsform\assets\css\index.html <-- Schubert Rackspace /web/content/administrator/components/com_rsform/assets/css index.html
2012.07.25 12:12 B C:\Users\COBRIEN\Desktop\Schubert\administrator\components\com_rsform\assets\css\style.css <-- Schubert Rackspace /web/content/administrator/components/com_rsform/assets/css style.css
2012.07.25 12:12 B C:\Users\COBRIEN\Desktop\Schubert\administrator\components\com_rsform\assets\css\style16.css <-- Schubert Rackspace /web/content/administrator/components/com_rsform/assets/css style16.css
2012.07.25 12:12 B C:\Users\COBRIEN\Desktop\Schubert\administrator\components\com_rsform\assets\css\styleie.css <-- Schubert Rackspace /web/content/administrator/components/com_rsform/assets/css styleie.css
2012.09.04 10:46 B C:\inetpub\wwwroot\administrator\components\com_rsform\assets\css\index.html --> ftp3.ftptoyoursite.com /web/content/SITE-TEST/administrator/components/com_rsform/assets/css index.html
2012.09.04 10:46 B C:\inetpub\wwwroot\administrator\components\com_rsform\assets\css\style.css --> ftp3.ftptoyoursite.com /web/content/SITE-TEST/administrator/components/com_rsform/assets/css style.css
2012.09.04 10:46 B C:\inetpub\wwwroot\administrator\components\com_rsform\assets\css\style16.css --> ftp3.ftptoyoursite.com /web/content/SITE-TEST/administrator/components/com_rsform/assets/css style16.css
2012.09.04 10:46 B C:\inetpub\wwwroot\administrator\components\com_rsform\assets\css\styleie.css --> ftp3.ftptoyoursite.com /web/content/SITE-TEST/administrator/components/com_rsform/assets/css styleie.css
2012.09.04 10:46 B C:\inetpub\wwwroot\administrator\components\com_rsform\assets\css\WS_FTP.LOG --> ftp3.ftptoyoursite.com /web/content/SITE-TEST/administrator/components/com_rsform/assets/css WS_FTP.LOG
2012.09.06 15:02 B C:\inetpub\wwwroot\administrator\components\com_rsform\assets\css\index.html --> ftp3.ftptoyoursite.com /web/content/SITEBACKUP_962012/administrator/components/com_rsform/assets/css index.html
2012.09.06 15:02 B C:\inetpub\wwwroot\administrator\components\com_rsform\assets\css\style.css --> ftp3.ftptoyoursite.com /web/content/SITEBACKUP_962012/administrator/components/com_rsform/assets/css style.css
2012.09.06 15:02 B C:\inetpub\wwwroot\administrator\components\com_rsform\assets\css\style16.css --> ftp3.ftptoyoursite.com /web/content/SITEBACKUP_962012/administrator/components/com_rsform/assets/css style16.css
2012.09.06 15:02 B C:\inetpub\wwwroot\administrator\components\com_rsform\assets\css\styleie.css --> ftp3.ftptoyoursite.com /web/content/SITEBACKUP_962012/administrator/components/com_rsform/assets/css styleie.css
2012.09.06 15:02 B C:\inetpub\wwwroot\administrator\components\com_rsform\assets\css\WS_FTP.LOG --> ftp3.ftptoyoursite.com /web/content/SITEBACKUP_962012/administrator/components/com_rsform/assets/css WS_FTP.LOG
2012.09.06 15:45 B C:\inetpub\wwwroot\administrator\components\com_rsform\assets\css\index.html <-- Schubert Rackspace /web/content/SITEBACKUP_962012/administrator/components/com_rsform/assets/css index.html
2012.09.06 15:45 B C:\inetpub\wwwroot\administrator\components\com_rsform\assets\css\style.css <-- Schubert Rackspace /web/content/SITEBACKUP_962012/administrator/components/com_rsform/assets/css style.css
2012.09.06 15:45 B C:\inetpub\wwwroot\administrator\components\com_rsform\assets\css\style16.css <-- Schubert Rackspace /web/content/SITEBACKUP_962012/administrator/components/com_rsform/assets/css style16.css
2012.09.06 15:45 B C:\inetpub\wwwroot\administrator\components\com_rsform\assets\css\styleie.css <-- Schubert Rackspace /web/content/SITEBACKUP_962012/administrator/components/com_rsform/assets/css styleie.css
2012.10.23 09:06 B C:\inetpub\wwwroot\administrator\components\com_rsform\assets\css\index.html --> ftp3.ftptoyoursite.com /web/content/administrator/components/com_rsform/assets/css index.html
2012.10.23 09:06 B C:\inetpub\wwwroot\administrator\components\com_rsform\assets\css\style.css --> ftp3.ftptoyoursite.com /web/content/administrator/components/com_rsform/assets/css style.css
2012.10.23 09:06 B C:\inetpub\wwwroot\administrator\components\com_rsform\assets\css\style16.css --> ftp3.ftptoyoursite.com /web/content/administrator/components/com_rsform/assets/css style16.css
2012.10.23 09:06 B C:\inetpub\wwwroot\administrator\components\com_rsform\assets\css\styleie.css --> ftp3.ftptoyoursite.com /web/content/administrator/components/com_rsform/assets/css styleie.css
2012.10.23 09:06 B C:\inetpub\wwwroot\administrator\components\com_rsform\assets\css\WS_FTP.LOG --> ftp3.ftptoyoursite.com /web/content/administrator/components/com_rsform/assets/css WS_FTP.LOG
2013.02.01 14:43 B C:\inetpub\wwwroot\administrator\components\com_rsform\assets\css\WS_FTP.LOG <-- Schubert Rackspace /web/content/administrator/components/com_rsform/assets/css WS_FTP.LOG
