2012.07.25 12:20 B C:\Users\COBRIEN\Desktop\Schubert\modules\mod_unite_nivoslider\tmpl\themes\default\arrows.png <-- Schubert Rackspace /web/content/modules/mod_unite_nivoslider/tmpl/themes/default arrows.png
2012.07.25 12:20 B C:\Users\COBRIEN\Desktop\Schubert\modules\mod_unite_nivoslider\tmpl\themes\default\bullets.png <-- Schubert Rackspace /web/content/modules/mod_unite_nivoslider/tmpl/themes/default bullets.png
2012.07.25 12:20 B C:\Users\COBRIEN\Desktop\Schubert\modules\mod_unite_nivoslider\tmpl\themes\default\default.css <-- Schubert Rackspace /web/content/modules/mod_unite_nivoslider/tmpl/themes/default default.css
2012.07.25 12:20 B C:\Users\COBRIEN\Desktop\Schubert\modules\mod_unite_nivoslider\tmpl\themes\default\loading.gif <-- Schubert Rackspace /web/content/modules/mod_unite_nivoslider/tmpl/themes/default loading.gif
2012.09.04 10:56 B C:\inetpub\wwwroot\modules\mod_unite_nivoslider\tmpl\themes\default\arrows.png --> ftp3.ftptoyoursite.com /web/content/SITE-TEST/modules/mod_unite_nivoslider/tmpl/themes/default arrows.png
2012.09.04 10:56 B C:\inetpub\wwwroot\modules\mod_unite_nivoslider\tmpl\themes\default\bullets.png --> ftp3.ftptoyoursite.com /web/content/SITE-TEST/modules/mod_unite_nivoslider/tmpl/themes/default bullets.png
2012.09.04 10:56 B C:\inetpub\wwwroot\modules\mod_unite_nivoslider\tmpl\themes\default\default.css --> ftp3.ftptoyoursite.com /web/content/SITE-TEST/modules/mod_unite_nivoslider/tmpl/themes/default default.css
2012.09.04 10:56 B C:\inetpub\wwwroot\modules\mod_unite_nivoslider\tmpl\themes\default\loading.gif --> ftp3.ftptoyoursite.com /web/content/SITE-TEST/modules/mod_unite_nivoslider/tmpl/themes/default loading.gif
2012.09.04 10:56 B C:\inetpub\wwwroot\modules\mod_unite_nivoslider\tmpl\themes\default\WS_FTP.LOG --> ftp3.ftptoyoursite.com /web/content/SITE-TEST/modules/mod_unite_nivoslider/tmpl/themes/default WS_FTP.LOG
2012.09.06 15:15 B C:\inetpub\wwwroot\modules\mod_unite_nivoslider\tmpl\themes\default\arrows.png --> ftp3.ftptoyoursite.com /web/content/SITEBACKUP_962012/modules/mod_unite_nivoslider/tmpl/themes/default arrows.png
2012.09.06 15:15 B C:\inetpub\wwwroot\modules\mod_unite_nivoslider\tmpl\themes\default\bullets.png --> ftp3.ftptoyoursite.com /web/content/SITEBACKUP_962012/modules/mod_unite_nivoslider/tmpl/themes/default bullets.png
2012.09.06 15:15 B C:\inetpub\wwwroot\modules\mod_unite_nivoslider\tmpl\themes\default\default.css --> ftp3.ftptoyoursite.com /web/content/SITEBACKUP_962012/modules/mod_unite_nivoslider/tmpl/themes/default default.css
2012.09.06 15:15 B C:\inetpub\wwwroot\modules\mod_unite_nivoslider\tmpl\themes\default\loading.gif --> ftp3.ftptoyoursite.com /web/content/SITEBACKUP_962012/modules/mod_unite_nivoslider/tmpl/themes/default loading.gif
2012.09.06 15:15 B C:\inetpub\wwwroot\modules\mod_unite_nivoslider\tmpl\themes\default\WS_FTP.LOG --> ftp3.ftptoyoursite.com /web/content/SITEBACKUP_962012/modules/mod_unite_nivoslider/tmpl/themes/default WS_FTP.LOG
2012.10.23 09:17 B C:\inetpub\wwwroot\modules\mod_unite_nivoslider\tmpl\themes\default\arrows.png --> ftp3.ftptoyoursite.com /web/content/modules/mod_unite_nivoslider/tmpl/themes/default arrows.png
2012.10.23 09:17 B C:\inetpub\wwwroot\modules\mod_unite_nivoslider\tmpl\themes\default\bullets.png --> ftp3.ftptoyoursite.com /web/content/modules/mod_unite_nivoslider/tmpl/themes/default bullets.png
2012.10.23 09:17 B C:\inetpub\wwwroot\modules\mod_unite_nivoslider\tmpl\themes\default\default.css --> ftp3.ftptoyoursite.com /web/content/modules/mod_unite_nivoslider/tmpl/themes/default default.css
2012.10.23 09:17 B C:\inetpub\wwwroot\modules\mod_unite_nivoslider\tmpl\themes\default\loading.gif --> ftp3.ftptoyoursite.com /web/content/modules/mod_unite_nivoslider/tmpl/themes/default loading.gif
2012.10.23 09:17 B C:\inetpub\wwwroot\modules\mod_unite_nivoslider\tmpl\themes\default\WS_FTP.LOG --> ftp3.ftptoyoursite.com /web/content/modules/mod_unite_nivoslider/tmpl/themes/default WS_FTP.LOG
2013.02.01 15:03 B C:\inetpub\wwwroot\modules\mod_unite_nivoslider\tmpl\themes\default\WS_FTP.LOG <-- Schubert Rackspace /web/content/modules/mod_unite_nivoslider/tmpl/themes/default WS_FTP.LOG
