2012.07.25 12:19 B C:\Users\COBRIEN\Desktop\Schubert\modules\mod_login\helper.php <-- Schubert Rackspace /web/content/modules/mod_login helper.php
2012.07.25 12:19 B C:\Users\COBRIEN\Desktop\Schubert\modules\mod_login\index.html <-- Schubert Rackspace /web/content/modules/mod_login index.html
2012.07.25 12:19 B C:\Users\COBRIEN\Desktop\Schubert\modules\mod_login\mod_login.php <-- Schubert Rackspace /web/content/modules/mod_login mod_login.php
2012.07.25 12:19 B C:\Users\COBRIEN\Desktop\Schubert\modules\mod_login\mod_login.xml <-- Schubert Rackspace /web/content/modules/mod_login mod_login.xml
2012.09.04 10:56 B C:\inetpub\wwwroot\modules\mod_login\helper.php --> ftp3.ftptoyoursite.com /web/content/SITE-TEST/modules/mod_login helper.php
2012.09.04 10:56 B C:\inetpub\wwwroot\modules\mod_login\index.html --> ftp3.ftptoyoursite.com /web/content/SITE-TEST/modules/mod_login index.html
2012.09.04 10:56 B C:\inetpub\wwwroot\modules\mod_login\mod_login.php --> ftp3.ftptoyoursite.com /web/content/SITE-TEST/modules/mod_login mod_login.php
2012.09.04 10:56 B C:\inetpub\wwwroot\modules\mod_login\mod_login.xml --> ftp3.ftptoyoursite.com /web/content/SITE-TEST/modules/mod_login mod_login.xml
2012.09.04 10:56 B C:\inetpub\wwwroot\modules\mod_login\WS_FTP.LOG --> ftp3.ftptoyoursite.com /web/content/SITE-TEST/modules/mod_login WS_FTP.LOG
2012.09.06 15:15 B C:\inetpub\wwwroot\modules\mod_login\helper.php --> ftp3.ftptoyoursite.com /web/content/SITEBACKUP_962012/modules/mod_login helper.php
2012.09.06 15:15 B C:\inetpub\wwwroot\modules\mod_login\index.html --> ftp3.ftptoyoursite.com /web/content/SITEBACKUP_962012/modules/mod_login index.html
2012.09.06 15:15 B C:\inetpub\wwwroot\modules\mod_login\mod_login.php --> ftp3.ftptoyoursite.com /web/content/SITEBACKUP_962012/modules/mod_login mod_login.php
2012.09.06 15:15 B C:\inetpub\wwwroot\modules\mod_login\mod_login.xml --> ftp3.ftptoyoursite.com /web/content/SITEBACKUP_962012/modules/mod_login mod_login.xml
2012.09.06 15:15 B C:\inetpub\wwwroot\modules\mod_login\WS_FTP.LOG --> ftp3.ftptoyoursite.com /web/content/SITEBACKUP_962012/modules/mod_login WS_FTP.LOG
2012.10.23 09:17 B C:\inetpub\wwwroot\modules\mod_login\helper.php --> ftp3.ftptoyoursite.com /web/content/modules/mod_login helper.php
2012.10.23 09:17 B C:\inetpub\wwwroot\modules\mod_login\index.html --> ftp3.ftptoyoursite.com /web/content/modules/mod_login index.html
2012.10.23 09:17 B C:\inetpub\wwwroot\modules\mod_login\mod_login.php --> ftp3.ftptoyoursite.com /web/content/modules/mod_login mod_login.php
2012.10.23 09:17 B C:\inetpub\wwwroot\modules\mod_login\mod_login.xml --> ftp3.ftptoyoursite.com /web/content/modules/mod_login mod_login.xml
2012.10.23 09:17 B C:\inetpub\wwwroot\modules\mod_login\WS_FTP.LOG --> ftp3.ftptoyoursite.com /web/content/modules/mod_login WS_FTP.LOG
2013.02.01 15:03 B C:\inetpub\wwwroot\modules\mod_login\WS_FTP.LOG <-- Schubert Rackspace /web/content/modules/mod_login WS_FTP.LOG
