2012.07.25 12:19 B C:\Users\COBRIEN\Desktop\Schubert\media\media\images\mime-icon-32\avi.png <-- Schubert Rackspace /web/content/media/media/images/mime-icon-32 avi.png
2012.07.25 12:19 B C:\Users\COBRIEN\Desktop\Schubert\media\media\images\mime-icon-32\doc.png <-- Schubert Rackspace /web/content/media/media/images/mime-icon-32 doc.png
2012.07.25 12:19 B C:\Users\COBRIEN\Desktop\Schubert\media\media\images\mime-icon-32\index.html <-- Schubert Rackspace /web/content/media/media/images/mime-icon-32 index.html
2012.07.25 12:19 B C:\Users\COBRIEN\Desktop\Schubert\media\media\images\mime-icon-32\mov.png <-- Schubert Rackspace /web/content/media/media/images/mime-icon-32 mov.png
2012.07.25 12:19 B C:\Users\COBRIEN\Desktop\Schubert\media\media\images\mime-icon-32\mp3.png <-- Schubert Rackspace /web/content/media/media/images/mime-icon-32 mp3.png
2012.07.25 12:19 B C:\Users\COBRIEN\Desktop\Schubert\media\media\images\mime-icon-32\mp4.png <-- Schubert Rackspace /web/content/media/media/images/mime-icon-32 mp4.png
2012.07.25 12:19 B C:\Users\COBRIEN\Desktop\Schubert\media\media\images\mime-icon-32\odc.png <-- Schubert Rackspace /web/content/media/media/images/mime-icon-32 odc.png
2012.07.25 12:19 B C:\Users\COBRIEN\Desktop\Schubert\media\media\images\mime-icon-32\odd.png <-- Schubert Rackspace /web/content/media/media/images/mime-icon-32 odd.png
2012.07.25 12:19 B C:\Users\COBRIEN\Desktop\Schubert\media\media\images\mime-icon-32\odt.png <-- Schubert Rackspace /web/content/media/media/images/mime-icon-32 odt.png
2012.07.25 12:19 B C:\Users\COBRIEN\Desktop\Schubert\media\media\images\mime-icon-32\ogg.png <-- Schubert Rackspace /web/content/media/media/images/mime-icon-32 ogg.png
2012.07.25 12:19 B C:\Users\COBRIEN\Desktop\Schubert\media\media\images\mime-icon-32\pdf.png <-- Schubert Rackspace /web/content/media/media/images/mime-icon-32 pdf.png
2012.07.25 12:19 B C:\Users\COBRIEN\Desktop\Schubert\media\media\images\mime-icon-32\ppt.png <-- Schubert Rackspace /web/content/media/media/images/mime-icon-32 ppt.png
2012.07.25 12:19 B C:\Users\COBRIEN\Desktop\Schubert\media\media\images\mime-icon-32\rar.png <-- Schubert Rackspace /web/content/media/media/images/mime-icon-32 rar.png
2012.07.25 12:19 B C:\Users\COBRIEN\Desktop\Schubert\media\media\images\mime-icon-32\rtf.png <-- Schubert Rackspace /web/content/media/media/images/mime-icon-32 rtf.png
2012.07.25 12:19 B C:\Users\COBRIEN\Desktop\Schubert\media\media\images\mime-icon-32\svg.png <-- Schubert Rackspace /web/content/media/media/images/mime-icon-32 svg.png
2012.07.25 12:19 B C:\Users\COBRIEN\Desktop\Schubert\media\media\images\mime-icon-32\sxd.png <-- Schubert Rackspace /web/content/media/media/images/mime-icon-32 sxd.png
2012.07.25 12:19 B C:\Users\COBRIEN\Desktop\Schubert\media\media\images\mime-icon-32\tar.png <-- Schubert Rackspace /web/content/media/media/images/mime-icon-32 tar.png
2012.07.25 12:19 B C:\Users\COBRIEN\Desktop\Schubert\media\media\images\mime-icon-32\tgz.png <-- Schubert Rackspace /web/content/media/media/images/mime-icon-32 tgz.png
2012.07.25 12:19 B C:\Users\COBRIEN\Desktop\Schubert\media\media\images\mime-icon-32\wma.png <-- Schubert Rackspace /web/content/media/media/images/mime-icon-32 wma.png
2012.07.25 12:19 B C:\Users\COBRIEN\Desktop\Schubert\media\media\images\mime-icon-32\wmv.png <-- Schubert Rackspace /web/content/media/media/images/mime-icon-32 wmv.png
2012.07.25 12:19 B C:\Users\COBRIEN\Desktop\Schubert\media\media\images\mime-icon-32\xls.png <-- Schubert Rackspace /web/content/media/media/images/mime-icon-32 xls.png
2012.07.25 12:19 B C:\Users\COBRIEN\Desktop\Schubert\media\media\images\mime-icon-32\zip.png <-- Schubert Rackspace /web/content/media/media/images/mime-icon-32 zip.png
2012.09.04 10:55 B C:\inetpub\wwwroot\media\media\images\mime-icon-32\avi.png --> ftp3.ftptoyoursite.com /web/content/SITE-TEST/media/media/images/mime-icon-32 avi.png
2012.09.04 10:55 B C:\inetpub\wwwroot\media\media\images\mime-icon-32\doc.png --> ftp3.ftptoyoursite.com /web/content/SITE-TEST/media/media/images/mime-icon-32 doc.png
2012.09.04 10:55 B C:\inetpub\wwwroot\media\media\images\mime-icon-32\index.html --> ftp3.ftptoyoursite.com /web/content/SITE-TEST/media/media/images/mime-icon-32 index.html
2012.09.04 10:55 B C:\inetpub\wwwroot\media\media\images\mime-icon-32\mov.png --> ftp3.ftptoyoursite.com /web/content/SITE-TEST/media/media/images/mime-icon-32 mov.png
2012.09.04 10:55 B C:\inetpub\wwwroot\media\media\images\mime-icon-32\mp3.png --> ftp3.ftptoyoursite.com /web/content/SITE-TEST/media/media/images/mime-icon-32 mp3.png
2012.09.04 10:55 B C:\inetpub\wwwroot\media\media\images\mime-icon-32\mp4.png --> ftp3.ftptoyoursite.com /web/content/SITE-TEST/media/media/images/mime-icon-32 mp4.png
2012.09.04 10:55 B C:\inetpub\wwwroot\media\media\images\mime-icon-32\odc.png --> ftp3.ftptoyoursite.com /web/content/SITE-TEST/media/media/images/mime-icon-32 odc.png
2012.09.04 10:55 B C:\inetpub\wwwroot\media\media\images\mime-icon-32\odd.png --> ftp3.ftptoyoursite.com /web/content/SITE-TEST/media/media/images/mime-icon-32 odd.png
2012.09.04 10:55 B C:\inetpub\wwwroot\media\media\images\mime-icon-32\odt.png --> ftp3.ftptoyoursite.com /web/content/SITE-TEST/media/media/images/mime-icon-32 odt.png
2012.09.04 10:55 B C:\inetpub\wwwroot\media\media\images\mime-icon-32\ogg.png --> ftp3.ftptoyoursite.com /web/content/SITE-TEST/media/media/images/mime-icon-32 ogg.png
2012.09.04 10:55 B C:\inetpub\wwwroot\media\media\images\mime-icon-32\pdf.png --> ftp3.ftptoyoursite.com /web/content/SITE-TEST/media/media/images/mime-icon-32 pdf.png
2012.09.04 10:55 B C:\inetpub\wwwroot\media\media\images\mime-icon-32\ppt.png --> ftp3.ftptoyoursite.com /web/content/SITE-TEST/media/media/images/mime-icon-32 ppt.png
2012.09.04 10:55 B C:\inetpub\wwwroot\media\media\images\mime-icon-32\rar.png --> ftp3.ftptoyoursite.com /web/content/SITE-TEST/media/media/images/mime-icon-32 rar.png
2012.09.04 10:55 B C:\inetpub\wwwroot\media\media\images\mime-icon-32\rtf.png --> ftp3.ftptoyoursite.com /web/content/SITE-TEST/media/media/images/mime-icon-32 rtf.png
2012.09.04 10:55 B C:\inetpub\wwwroot\media\media\images\mime-icon-32\svg.png --> ftp3.ftptoyoursite.com /web/content/SITE-TEST/media/media/images/mime-icon-32 svg.png
2012.09.04 10:55 B C:\inetpub\wwwroot\media\media\images\mime-icon-32\sxd.png --> ftp3.ftptoyoursite.com /web/content/SITE-TEST/media/media/images/mime-icon-32 sxd.png
2012.09.04 10:55 B C:\inetpub\wwwroot\media\media\images\mime-icon-32\tar.png --> ftp3.ftptoyoursite.com /web/content/SITE-TEST/media/media/images/mime-icon-32 tar.png
2012.09.04 10:55 B C:\inetpub\wwwroot\media\media\images\mime-icon-32\tgz.png --> ftp3.ftptoyoursite.com /web/content/SITE-TEST/media/media/images/mime-icon-32 tgz.png
2012.09.04 10:55 B C:\inetpub\wwwroot\media\media\images\mime-icon-32\wma.png --> ftp3.ftptoyoursite.com /web/content/SITE-TEST/media/media/images/mime-icon-32 wma.png
2012.09.04 10:55 B C:\inetpub\wwwroot\media\media\images\mime-icon-32\wmv.png --> ftp3.ftptoyoursite.com /web/content/SITE-TEST/media/media/images/mime-icon-32 wmv.png
2012.09.04 10:55 B C:\inetpub\wwwroot\media\media\images\mime-icon-32\WS_FTP.LOG --> ftp3.ftptoyoursite.com /web/content/SITE-TEST/media/media/images/mime-icon-32 WS_FTP.LOG
2012.09.04 10:55 B C:\inetpub\wwwroot\media\media\images\mime-icon-32\xls.png --> ftp3.ftptoyoursite.com /web/content/SITE-TEST/media/media/images/mime-icon-32 xls.png
2012.09.04 10:55 B C:\inetpub\wwwroot\media\media\images\mime-icon-32\zip.png --> ftp3.ftptoyoursite.com /web/content/SITE-TEST/media/media/images/mime-icon-32 zip.png
2012.09.06 15:14 B C:\inetpub\wwwroot\media\media\images\mime-icon-32\avi.png --> ftp3.ftptoyoursite.com /web/content/SITEBACKUP_962012/media/media/images/mime-icon-32 avi.png
2012.09.06 15:14 B C:\inetpub\wwwroot\media\media\images\mime-icon-32\doc.png --> ftp3.ftptoyoursite.com /web/content/SITEBACKUP_962012/media/media/images/mime-icon-32 doc.png
2012.09.06 15:14 B C:\inetpub\wwwroot\media\media\images\mime-icon-32\index.html --> ftp3.ftptoyoursite.com /web/content/SITEBACKUP_962012/media/media/images/mime-icon-32 index.html
2012.09.06 15:14 B C:\inetpub\wwwroot\media\media\images\mime-icon-32\mov.png --> ftp3.ftptoyoursite.com /web/content/SITEBACKUP_962012/media/media/images/mime-icon-32 mov.png
2012.09.06 15:14 B C:\inetpub\wwwroot\media\media\images\mime-icon-32\mp3.png --> ftp3.ftptoyoursite.com /web/content/SITEBACKUP_962012/media/media/images/mime-icon-32 mp3.png
2012.09.06 15:14 B C:\inetpub\wwwroot\media\media\images\mime-icon-32\mp4.png --> ftp3.ftptoyoursite.com /web/content/SITEBACKUP_962012/media/media/images/mime-icon-32 mp4.png
2012.09.06 15:14 B C:\inetpub\wwwroot\media\media\images\mime-icon-32\odc.png --> ftp3.ftptoyoursite.com /web/content/SITEBACKUP_962012/media/media/images/mime-icon-32 odc.png
2012.09.06 15:14 B C:\inetpub\wwwroot\media\media\images\mime-icon-32\odd.png --> ftp3.ftptoyoursite.com /web/content/SITEBACKUP_962012/media/media/images/mime-icon-32 odd.png
2012.09.06 15:14 B C:\inetpub\wwwroot\media\media\images\mime-icon-32\odt.png --> ftp3.ftptoyoursite.com /web/content/SITEBACKUP_962012/media/media/images/mime-icon-32 odt.png
2012.09.06 15:14 B C:\inetpub\wwwroot\media\media\images\mime-icon-32\ogg.png --> ftp3.ftptoyoursite.com /web/content/SITEBACKUP_962012/media/media/images/mime-icon-32 ogg.png
2012.09.06 15:14 B C:\inetpub\wwwroot\media\media\images\mime-icon-32\pdf.png --> ftp3.ftptoyoursite.com /web/content/SITEBACKUP_962012/media/media/images/mime-icon-32 pdf.png
2012.09.06 15:14 B C:\inetpub\wwwroot\media\media\images\mime-icon-32\ppt.png --> ftp3.ftptoyoursite.com /web/content/SITEBACKUP_962012/media/media/images/mime-icon-32 ppt.png
2012.09.06 15:14 B C:\inetpub\wwwroot\media\media\images\mime-icon-32\rar.png --> ftp3.ftptoyoursite.com /web/content/SITEBACKUP_962012/media/media/images/mime-icon-32 rar.png
2012.09.06 15:14 B C:\inetpub\wwwroot\media\media\images\mime-icon-32\rtf.png --> ftp3.ftptoyoursite.com /web/content/SITEBACKUP_962012/media/media/images/mime-icon-32 rtf.png
2012.09.06 15:14 B C:\inetpub\wwwroot\media\media\images\mime-icon-32\svg.png --> ftp3.ftptoyoursite.com /web/content/SITEBACKUP_962012/media/media/images/mime-icon-32 svg.png
2012.09.06 15:14 B C:\inetpub\wwwroot\media\media\images\mime-icon-32\sxd.png --> ftp3.ftptoyoursite.com /web/content/SITEBACKUP_962012/media/media/images/mime-icon-32 sxd.png
2012.09.06 15:14 B C:\inetpub\wwwroot\media\media\images\mime-icon-32\tar.png --> ftp3.ftptoyoursite.com /web/content/SITEBACKUP_962012/media/media/images/mime-icon-32 tar.png
2012.09.06 15:14 B C:\inetpub\wwwroot\media\media\images\mime-icon-32\tgz.png --> ftp3.ftptoyoursite.com /web/content/SITEBACKUP_962012/media/media/images/mime-icon-32 tgz.png
2012.09.06 15:14 B C:\inetpub\wwwroot\media\media\images\mime-icon-32\wma.png --> ftp3.ftptoyoursite.com /web/content/SITEBACKUP_962012/media/media/images/mime-icon-32 wma.png
2012.09.06 15:14 B C:\inetpub\wwwroot\media\media\images\mime-icon-32\wmv.png --> ftp3.ftptoyoursite.com /web/content/SITEBACKUP_962012/media/media/images/mime-icon-32 wmv.png
2012.09.06 15:14 B C:\inetpub\wwwroot\media\media\images\mime-icon-32\WS_FTP.LOG --> ftp3.ftptoyoursite.com /web/content/SITEBACKUP_962012/media/media/images/mime-icon-32 WS_FTP.LOG
2012.09.06 15:14 B C:\inetpub\wwwroot\media\media\images\mime-icon-32\xls.png --> ftp3.ftptoyoursite.com /web/content/SITEBACKUP_962012/media/media/images/mime-icon-32 xls.png
2012.09.06 15:14 B C:\inetpub\wwwroot\media\media\images\mime-icon-32\zip.png --> ftp3.ftptoyoursite.com /web/content/SITEBACKUP_962012/media/media/images/mime-icon-32 zip.png
2012.10.23 09:16 B C:\inetpub\wwwroot\media\media\images\mime-icon-32\avi.png --> ftp3.ftptoyoursite.com /web/content/media/media/images/mime-icon-32 avi.png
2012.10.23 09:16 B C:\inetpub\wwwroot\media\media\images\mime-icon-32\doc.png --> ftp3.ftptoyoursite.com /web/content/media/media/images/mime-icon-32 doc.png
2012.10.23 09:16 B C:\inetpub\wwwroot\media\media\images\mime-icon-32\index.html --> ftp3.ftptoyoursite.com /web/content/media/media/images/mime-icon-32 index.html
2012.10.23 09:16 B C:\inetpub\wwwroot\media\media\images\mime-icon-32\mov.png --> ftp3.ftptoyoursite.com /web/content/media/media/images/mime-icon-32 mov.png
2012.10.23 09:16 B C:\inetpub\wwwroot\media\media\images\mime-icon-32\mp3.png --> ftp3.ftptoyoursite.com /web/content/media/media/images/mime-icon-32 mp3.png
2012.10.23 09:16 B C:\inetpub\wwwroot\media\media\images\mime-icon-32\mp4.png --> ftp3.ftptoyoursite.com /web/content/media/media/images/mime-icon-32 mp4.png
2012.10.23 09:16 B C:\inetpub\wwwroot\media\media\images\mime-icon-32\odc.png --> ftp3.ftptoyoursite.com /web/content/media/media/images/mime-icon-32 odc.png
2012.10.23 09:16 B C:\inetpub\wwwroot\media\media\images\mime-icon-32\odd.png --> ftp3.ftptoyoursite.com /web/content/media/media/images/mime-icon-32 odd.png
2012.10.23 09:16 B C:\inetpub\wwwroot\media\media\images\mime-icon-32\odt.png --> ftp3.ftptoyoursite.com /web/content/media/media/images/mime-icon-32 odt.png
2012.10.23 09:16 B C:\inetpub\wwwroot\media\media\images\mime-icon-32\ogg.png --> ftp3.ftptoyoursite.com /web/content/media/media/images/mime-icon-32 ogg.png
2012.10.23 09:16 B C:\inetpub\wwwroot\media\media\images\mime-icon-32\pdf.png --> ftp3.ftptoyoursite.com /web/content/media/media/images/mime-icon-32 pdf.png
2012.10.23 09:16 B C:\inetpub\wwwroot\media\media\images\mime-icon-32\ppt.png --> ftp3.ftptoyoursite.com /web/content/media/media/images/mime-icon-32 ppt.png
2012.10.23 09:16 B C:\inetpub\wwwroot\media\media\images\mime-icon-32\rar.png --> ftp3.ftptoyoursite.com /web/content/media/media/images/mime-icon-32 rar.png
2012.10.23 09:16 B C:\inetpub\wwwroot\media\media\images\mime-icon-32\rtf.png --> ftp3.ftptoyoursite.com /web/content/media/media/images/mime-icon-32 rtf.png
2012.10.23 09:16 B C:\inetpub\wwwroot\media\media\images\mime-icon-32\svg.png --> ftp3.ftptoyoursite.com /web/content/media/media/images/mime-icon-32 svg.png
2012.10.23 09:16 B C:\inetpub\wwwroot\media\media\images\mime-icon-32\sxd.png --> ftp3.ftptoyoursite.com /web/content/media/media/images/mime-icon-32 sxd.png
2012.10.23 09:16 B C:\inetpub\wwwroot\media\media\images\mime-icon-32\tar.png --> ftp3.ftptoyoursite.com /web/content/media/media/images/mime-icon-32 tar.png
2012.10.23 09:16 B C:\inetpub\wwwroot\media\media\images\mime-icon-32\tgz.png --> ftp3.ftptoyoursite.com /web/content/media/media/images/mime-icon-32 tgz.png
2012.10.23 09:16 B C:\inetpub\wwwroot\media\media\images\mime-icon-32\wma.png --> ftp3.ftptoyoursite.com /web/content/media/media/images/mime-icon-32 wma.png
2012.10.23 09:16 B C:\inetpub\wwwroot\media\media\images\mime-icon-32\wmv.png --> ftp3.ftptoyoursite.com /web/content/media/media/images/mime-icon-32 wmv.png
2012.10.23 09:16 B C:\inetpub\wwwroot\media\media\images\mime-icon-32\WS_FTP.LOG --> ftp3.ftptoyoursite.com /web/content/media/media/images/mime-icon-32 WS_FTP.LOG
2012.10.23 09:16 B C:\inetpub\wwwroot\media\media\images\mime-icon-32\xls.png --> ftp3.ftptoyoursite.com /web/content/media/media/images/mime-icon-32 xls.png
2012.10.23 09:16 B C:\inetpub\wwwroot\media\media\images\mime-icon-32\zip.png --> ftp3.ftptoyoursite.com /web/content/media/media/images/mime-icon-32 zip.png
2013.02.01 15:01 B C:\inetpub\wwwroot\media\media\images\mime-icon-32\WS_FTP.LOG <-- Schubert Rackspace /web/content/media/media/images/mime-icon-32 WS_FTP.LOG
2013.02.01 15:01 B C:\inetpub\wwwroot\media\media\images\mime-icon-32\xls.png <-- Schubert Rackspace /web/content/media/media/images/mime-icon-32 xls.png
2013.02.01 15:01 B C:\inetpub\wwwroot\media\media\images\mime-icon-32\zip.png <-- Schubert Rackspace /web/content/media/media/images/mime-icon-32 zip.png
