2012.07.25 12:11 B C:\Users\COBRIEN\Desktop\Schubert\administrator\components\com_media\controllers\file.json.php <-- Schubert Rackspace /web/content/administrator/components/com_media/controllers file.json.php
2012.07.25 12:11 B C:\Users\COBRIEN\Desktop\Schubert\administrator\components\com_media\controllers\file.php <-- Schubert Rackspace /web/content/administrator/components/com_media/controllers file.php
2012.07.25 12:11 B C:\Users\COBRIEN\Desktop\Schubert\administrator\components\com_media\controllers\folder.php <-- Schubert Rackspace /web/content/administrator/components/com_media/controllers folder.php
2012.07.25 12:11 B C:\Users\COBRIEN\Desktop\Schubert\administrator\components\com_media\controllers\index.html <-- Schubert Rackspace /web/content/administrator/components/com_media/controllers index.html
2012.09.04 10:45 B C:\inetpub\wwwroot\administrator\components\com_media\controllers\file.json.php --> ftp3.ftptoyoursite.com /web/content/SITE-TEST/administrator/components/com_media/controllers file.json.php
2012.09.04 10:45 B C:\inetpub\wwwroot\administrator\components\com_media\controllers\file.php --> ftp3.ftptoyoursite.com /web/content/SITE-TEST/administrator/components/com_media/controllers file.php
2012.09.04 10:45 B C:\inetpub\wwwroot\administrator\components\com_media\controllers\folder.php --> ftp3.ftptoyoursite.com /web/content/SITE-TEST/administrator/components/com_media/controllers folder.php
2012.09.04 10:45 B C:\inetpub\wwwroot\administrator\components\com_media\controllers\index.html --> ftp3.ftptoyoursite.com /web/content/SITE-TEST/administrator/components/com_media/controllers index.html
2012.09.04 10:45 B C:\inetpub\wwwroot\administrator\components\com_media\controllers\WS_FTP.LOG --> ftp3.ftptoyoursite.com /web/content/SITE-TEST/administrator/components/com_media/controllers WS_FTP.LOG
2012.09.06 15:00 B C:\inetpub\wwwroot\administrator\components\com_media\controllers\file.json.php --> ftp3.ftptoyoursite.com /web/content/SITEBACKUP_962012/administrator/components/com_media/controllers file.json.php
2012.09.06 15:00 B C:\inetpub\wwwroot\administrator\components\com_media\controllers\file.php --> ftp3.ftptoyoursite.com /web/content/SITEBACKUP_962012/administrator/components/com_media/controllers file.php
2012.09.06 15:00 B C:\inetpub\wwwroot\administrator\components\com_media\controllers\folder.php --> ftp3.ftptoyoursite.com /web/content/SITEBACKUP_962012/administrator/components/com_media/controllers folder.php
2012.09.06 15:00 B C:\inetpub\wwwroot\administrator\components\com_media\controllers\index.html --> ftp3.ftptoyoursite.com /web/content/SITEBACKUP_962012/administrator/components/com_media/controllers index.html
2012.09.06 15:00 B C:\inetpub\wwwroot\administrator\components\com_media\controllers\WS_FTP.LOG --> ftp3.ftptoyoursite.com /web/content/SITEBACKUP_962012/administrator/components/com_media/controllers WS_FTP.LOG
2012.09.06 15:21 B C:\inetpub\wwwroot\administrator\components\com_media\controllers\file.json.php <-- Schubert Rackspace /web/content/administrator/components/com_media/controllers file.json.php
2012.09.06 15:21 B C:\inetpub\wwwroot\administrator\components\com_media\controllers\file.php <-- Schubert Rackspace /web/content/administrator/components/com_media/controllers file.php
2012.09.06 15:21 B C:\inetpub\wwwroot\administrator\components\com_media\controllers\folder.php <-- Schubert Rackspace /web/content/administrator/components/com_media/controllers folder.php
2012.09.06 15:21 B C:\inetpub\wwwroot\administrator\components\com_media\controllers\index.html <-- Schubert Rackspace /web/content/administrator/components/com_media/controllers index.html
2012.09.06 15:44 B C:\inetpub\wwwroot\administrator\components\com_media\controllers\file.json.php <-- Schubert Rackspace /web/content/SITEBACKUP_962012/administrator/components/com_media/controllers file.json.php
2012.09.06 15:44 B C:\inetpub\wwwroot\administrator\components\com_media\controllers\file.php <-- Schubert Rackspace /web/content/SITEBACKUP_962012/administrator/components/com_media/controllers file.php
2012.09.06 15:44 B C:\inetpub\wwwroot\administrator\components\com_media\controllers\folder.php <-- Schubert Rackspace /web/content/SITEBACKUP_962012/administrator/components/com_media/controllers folder.php
2012.09.06 15:44 B C:\inetpub\wwwroot\administrator\components\com_media\controllers\index.html <-- Schubert Rackspace /web/content/SITEBACKUP_962012/administrator/components/com_media/controllers index.html
2012.10.23 09:05 B C:\inetpub\wwwroot\administrator\components\com_media\controllers\file.json.php --> ftp3.ftptoyoursite.com /web/content/administrator/components/com_media/controllers file.json.php
2012.10.23 09:05 B C:\inetpub\wwwroot\administrator\components\com_media\controllers\file.php --> ftp3.ftptoyoursite.com /web/content/administrator/components/com_media/controllers file.php
2012.10.23 09:05 B C:\inetpub\wwwroot\administrator\components\com_media\controllers\folder.php --> ftp3.ftptoyoursite.com /web/content/administrator/components/com_media/controllers folder.php
2012.10.23 09:05 B C:\inetpub\wwwroot\administrator\components\com_media\controllers\index.html --> ftp3.ftptoyoursite.com /web/content/administrator/components/com_media/controllers index.html
2012.10.23 09:05 B C:\inetpub\wwwroot\administrator\components\com_media\controllers\WS_FTP.LOG --> ftp3.ftptoyoursite.com /web/content/administrator/components/com_media/controllers WS_FTP.LOG
2013.02.01 14:42 B C:\inetpub\wwwroot\administrator\components\com_media\controllers\WS_FTP.LOG <-- Schubert Rackspace /web/content/administrator/components/com_media/controllers WS_FTP.LOG
