2012.07.25 12:17 B C:\Users\COBRIEN\Desktop\Schubert\libraries\joomla\cache\cache.php <-- Schubert Rackspace /web/content/libraries/joomla/cache cache.php
2012.07.25 12:17 B C:\Users\COBRIEN\Desktop\Schubert\libraries\joomla\cache\controller.php <-- Schubert Rackspace /web/content/libraries/joomla/cache controller.php
2012.07.25 12:17 B C:\Users\COBRIEN\Desktop\Schubert\libraries\joomla\cache\index.html <-- Schubert Rackspace /web/content/libraries/joomla/cache index.html
2012.07.25 12:17 B C:\Users\COBRIEN\Desktop\Schubert\libraries\joomla\cache\storage.php <-- Schubert Rackspace /web/content/libraries/joomla/cache storage.php
2012.09.04 10:54 B C:\inetpub\wwwroot\libraries\joomla\cache\cache.php --> ftp3.ftptoyoursite.com /web/content/SITE-TEST/libraries/joomla/cache cache.php
2012.09.04 10:54 B C:\inetpub\wwwroot\libraries\joomla\cache\controller.php --> ftp3.ftptoyoursite.com /web/content/SITE-TEST/libraries/joomla/cache controller.php
2012.09.04 10:54 B C:\inetpub\wwwroot\libraries\joomla\cache\index.html --> ftp3.ftptoyoursite.com /web/content/SITE-TEST/libraries/joomla/cache index.html
2012.09.04 10:54 B C:\inetpub\wwwroot\libraries\joomla\cache\storage.php --> ftp3.ftptoyoursite.com /web/content/SITE-TEST/libraries/joomla/cache storage.php
2012.09.04 10:54 B C:\inetpub\wwwroot\libraries\joomla\cache\WS_FTP.LOG --> ftp3.ftptoyoursite.com /web/content/SITE-TEST/libraries/joomla/cache WS_FTP.LOG
2012.09.06 15:12 B C:\inetpub\wwwroot\libraries\joomla\cache\cache.php --> ftp3.ftptoyoursite.com /web/content/SITEBACKUP_962012/libraries/joomla/cache cache.php
2012.09.06 15:12 B C:\inetpub\wwwroot\libraries\joomla\cache\controller.php --> ftp3.ftptoyoursite.com /web/content/SITEBACKUP_962012/libraries/joomla/cache controller.php
2012.09.06 15:12 B C:\inetpub\wwwroot\libraries\joomla\cache\index.html --> ftp3.ftptoyoursite.com /web/content/SITEBACKUP_962012/libraries/joomla/cache index.html
2012.09.06 15:12 B C:\inetpub\wwwroot\libraries\joomla\cache\storage.php --> ftp3.ftptoyoursite.com /web/content/SITEBACKUP_962012/libraries/joomla/cache storage.php
2012.09.06 15:12 B C:\inetpub\wwwroot\libraries\joomla\cache\WS_FTP.LOG --> ftp3.ftptoyoursite.com /web/content/SITEBACKUP_962012/libraries/joomla/cache WS_FTP.LOG
2012.10.23 09:15 B C:\inetpub\wwwroot\libraries\joomla\cache\cache.php --> ftp3.ftptoyoursite.com /web/content/libraries/joomla/cache cache.php
2012.10.23 09:15 B C:\inetpub\wwwroot\libraries\joomla\cache\controller.php --> ftp3.ftptoyoursite.com /web/content/libraries/joomla/cache controller.php
2012.10.23 09:15 B C:\inetpub\wwwroot\libraries\joomla\cache\index.html --> ftp3.ftptoyoursite.com /web/content/libraries/joomla/cache index.html
2012.10.23 09:15 B C:\inetpub\wwwroot\libraries\joomla\cache\storage.php --> ftp3.ftptoyoursite.com /web/content/libraries/joomla/cache storage.php
2012.10.23 09:15 B C:\inetpub\wwwroot\libraries\joomla\cache\WS_FTP.LOG --> ftp3.ftptoyoursite.com /web/content/libraries/joomla/cache WS_FTP.LOG
2013.02.01 14:54 B C:\inetpub\wwwroot\libraries\joomla\cache\WS_FTP.LOG <-- Schubert Rackspace /web/content/libraries/joomla/cache WS_FTP.LOG
