2012.07.25 12:13 B C:\Users\COBRIEN\Desktop\Schubert\administrator\templates\bluestork\css\highcontrast.css <-- Schubert Rackspace /web/content/administrator/templates/bluestork/css highcontrast.css
2012.07.25 12:13 B C:\Users\COBRIEN\Desktop\Schubert\administrator\templates\bluestork\css\ie7.css <-- Schubert Rackspace /web/content/administrator/templates/bluestork/css ie7.css
2012.07.25 12:13 B C:\Users\COBRIEN\Desktop\Schubert\administrator\templates\bluestork\css\ie8.css <-- Schubert Rackspace /web/content/administrator/templates/bluestork/css ie8.css
2012.07.25 12:13 B C:\Users\COBRIEN\Desktop\Schubert\administrator\templates\bluestork\css\index.html <-- Schubert Rackspace /web/content/administrator/templates/bluestork/css index.html
2012.07.25 12:13 B C:\Users\COBRIEN\Desktop\Schubert\administrator\templates\bluestork\css\template.css <-- Schubert Rackspace /web/content/administrator/templates/bluestork/css template.css
2012.07.25 12:13 B C:\Users\COBRIEN\Desktop\Schubert\administrator\templates\bluestork\css\template_rtl.css <-- Schubert Rackspace /web/content/administrator/templates/bluestork/css template_rtl.css
2012.07.25 12:13 B C:\Users\COBRIEN\Desktop\Schubert\administrator\templates\bluestork\css\textbig.css <-- Schubert Rackspace /web/content/administrator/templates/bluestork/css textbig.css
2012.07.25 12:13 B C:\Users\COBRIEN\Desktop\Schubert\administrator\templates\bluestork\css\theme.css <-- Schubert Rackspace /web/content/administrator/templates/bluestork/css theme.css
2012.09.04 10:48 B C:\inetpub\wwwroot\administrator\templates\bluestork\css\highcontrast.css --> ftp3.ftptoyoursite.com /web/content/SITE-TEST/administrator/templates/bluestork/css highcontrast.css
2012.09.04 10:48 B C:\inetpub\wwwroot\administrator\templates\bluestork\css\ie7.css --> ftp3.ftptoyoursite.com /web/content/SITE-TEST/administrator/templates/bluestork/css ie7.css
2012.09.04 10:48 B C:\inetpub\wwwroot\administrator\templates\bluestork\css\ie8.css --> ftp3.ftptoyoursite.com /web/content/SITE-TEST/administrator/templates/bluestork/css ie8.css
2012.09.04 10:48 B C:\inetpub\wwwroot\administrator\templates\bluestork\css\index.html --> ftp3.ftptoyoursite.com /web/content/SITE-TEST/administrator/templates/bluestork/css index.html
2012.09.04 10:48 B C:\inetpub\wwwroot\administrator\templates\bluestork\css\template.css --> ftp3.ftptoyoursite.com /web/content/SITE-TEST/administrator/templates/bluestork/css template.css
2012.09.04 10:48 B C:\inetpub\wwwroot\administrator\templates\bluestork\css\template_rtl.css --> ftp3.ftptoyoursite.com /web/content/SITE-TEST/administrator/templates/bluestork/css template_rtl.css
2012.09.04 10:48 B C:\inetpub\wwwroot\administrator\templates\bluestork\css\textbig.css --> ftp3.ftptoyoursite.com /web/content/SITE-TEST/administrator/templates/bluestork/css textbig.css
2012.09.04 10:48 B C:\inetpub\wwwroot\administrator\templates\bluestork\css\theme.css --> ftp3.ftptoyoursite.com /web/content/SITE-TEST/administrator/templates/bluestork/css theme.css
2012.09.04 10:48 B C:\inetpub\wwwroot\administrator\templates\bluestork\css\WS_FTP.LOG --> ftp3.ftptoyoursite.com /web/content/SITE-TEST/administrator/templates/bluestork/css WS_FTP.LOG
2012.09.06 15:05 B C:\inetpub\wwwroot\administrator\templates\bluestork\css\highcontrast.css --> ftp3.ftptoyoursite.com /web/content/SITEBACKUP_962012/administrator/templates/bluestork/css highcontrast.css
2012.09.06 15:05 B C:\inetpub\wwwroot\administrator\templates\bluestork\css\ie7.css --> ftp3.ftptoyoursite.com /web/content/SITEBACKUP_962012/administrator/templates/bluestork/css ie7.css
2012.09.06 15:05 B C:\inetpub\wwwroot\administrator\templates\bluestork\css\ie8.css --> ftp3.ftptoyoursite.com /web/content/SITEBACKUP_962012/administrator/templates/bluestork/css ie8.css
2012.09.06 15:05 B C:\inetpub\wwwroot\administrator\templates\bluestork\css\index.html --> ftp3.ftptoyoursite.com /web/content/SITEBACKUP_962012/administrator/templates/bluestork/css index.html
2012.09.06 15:05 B C:\inetpub\wwwroot\administrator\templates\bluestork\css\template.css --> ftp3.ftptoyoursite.com /web/content/SITEBACKUP_962012/administrator/templates/bluestork/css template.css
2012.09.06 15:05 B C:\inetpub\wwwroot\administrator\templates\bluestork\css\template_rtl.css --> ftp3.ftptoyoursite.com /web/content/SITEBACKUP_962012/administrator/templates/bluestork/css template_rtl.css
2012.09.06 15:05 B C:\inetpub\wwwroot\administrator\templates\bluestork\css\textbig.css --> ftp3.ftptoyoursite.com /web/content/SITEBACKUP_962012/administrator/templates/bluestork/css textbig.css
2012.09.06 15:05 B C:\inetpub\wwwroot\administrator\templates\bluestork\css\theme.css --> ftp3.ftptoyoursite.com /web/content/SITEBACKUP_962012/administrator/templates/bluestork/css theme.css
2012.09.06 15:05 B C:\inetpub\wwwroot\administrator\templates\bluestork\css\WS_FTP.LOG --> ftp3.ftptoyoursite.com /web/content/SITEBACKUP_962012/administrator/templates/bluestork/css WS_FTP.LOG
2012.09.06 15:47 B C:\inetpub\wwwroot\administrator\templates\bluestork\css\highcontrast.css <-- Schubert Rackspace /web/content/SITEBACKUP_962012/administrator/templates/bluestork/css highcontrast.css
2012.09.06 15:47 B C:\inetpub\wwwroot\administrator\templates\bluestork\css\ie7.css <-- Schubert Rackspace /web/content/SITEBACKUP_962012/administrator/templates/bluestork/css ie7.css
2012.09.06 15:47 B C:\inetpub\wwwroot\administrator\templates\bluestork\css\ie8.css <-- Schubert Rackspace /web/content/SITEBACKUP_962012/administrator/templates/bluestork/css ie8.css
2012.09.06 15:47 B C:\inetpub\wwwroot\administrator\templates\bluestork\css\index.html <-- Schubert Rackspace /web/content/SITEBACKUP_962012/administrator/templates/bluestork/css index.html
2012.09.06 15:47 B C:\inetpub\wwwroot\administrator\templates\bluestork\css\template.css <-- Schubert Rackspace /web/content/SITEBACKUP_962012/administrator/templates/bluestork/css template.css
2012.09.06 15:47 B C:\inetpub\wwwroot\administrator\templates\bluestork\css\template_rtl.css <-- Schubert Rackspace /web/content/SITEBACKUP_962012/administrator/templates/bluestork/css template_rtl.css
2012.09.06 15:47 B C:\inetpub\wwwroot\administrator\templates\bluestork\css\textbig.css <-- Schubert Rackspace /web/content/SITEBACKUP_962012/administrator/templates/bluestork/css textbig.css
2012.09.06 15:47 B C:\inetpub\wwwroot\administrator\templates\bluestork\css\theme.css <-- Schubert Rackspace /web/content/SITEBACKUP_962012/administrator/templates/bluestork/css theme.css
2012.10.23 09:09 B C:\inetpub\wwwroot\administrator\templates\bluestork\css\highcontrast.css --> ftp3.ftptoyoursite.com /web/content/administrator/templates/bluestork/css highcontrast.css
2012.10.23 09:09 B C:\inetpub\wwwroot\administrator\templates\bluestork\css\ie7.css --> ftp3.ftptoyoursite.com /web/content/administrator/templates/bluestork/css ie7.css
2012.10.23 09:09 B C:\inetpub\wwwroot\administrator\templates\bluestork\css\ie8.css --> ftp3.ftptoyoursite.com /web/content/administrator/templates/bluestork/css ie8.css
2012.10.23 09:09 B C:\inetpub\wwwroot\administrator\templates\bluestork\css\index.html --> ftp3.ftptoyoursite.com /web/content/administrator/templates/bluestork/css index.html
2012.10.23 09:09 B C:\inetpub\wwwroot\administrator\templates\bluestork\css\template.css --> ftp3.ftptoyoursite.com /web/content/administrator/templates/bluestork/css template.css
2012.10.23 09:09 B C:\inetpub\wwwroot\administrator\templates\bluestork\css\template_rtl.css --> ftp3.ftptoyoursite.com /web/content/administrator/templates/bluestork/css template_rtl.css
2012.10.23 09:09 B C:\inetpub\wwwroot\administrator\templates\bluestork\css\textbig.css --> ftp3.ftptoyoursite.com /web/content/administrator/templates/bluestork/css textbig.css
2012.10.23 09:09 B C:\inetpub\wwwroot\administrator\templates\bluestork\css\theme.css --> ftp3.ftptoyoursite.com /web/content/administrator/templates/bluestork/css theme.css
2012.10.23 09:09 B C:\inetpub\wwwroot\administrator\templates\bluestork\css\WS_FTP.LOG --> ftp3.ftptoyoursite.com /web/content/administrator/templates/bluestork/css WS_FTP.LOG
2013.02.01 14:45 B C:\inetpub\wwwroot\administrator\templates\bluestork\css\WS_FTP.LOG <-- Schubert Rackspace /web/content/administrator/templates/bluestork/css WS_FTP.LOG
