2012.07.25 12:18 B C:\Users\COBRIEN\Desktop\Schubert\libraries\joomla\html\html\access.php <-- Schubert Rackspace /web/content/libraries/joomla/html/html access.php
2012.07.25 12:18 B C:\Users\COBRIEN\Desktop\Schubert\libraries\joomla\html\html\batch.php <-- Schubert Rackspace /web/content/libraries/joomla/html/html batch.php
2012.07.25 12:18 B C:\Users\COBRIEN\Desktop\Schubert\libraries\joomla\html\html\behavior.php <-- Schubert Rackspace /web/content/libraries/joomla/html/html behavior.php
2012.07.25 12:18 B C:\Users\COBRIEN\Desktop\Schubert\libraries\joomla\html\html\category.php <-- Schubert Rackspace /web/content/libraries/joomla/html/html category.php
2012.07.25 12:18 B C:\Users\COBRIEN\Desktop\Schubert\libraries\joomla\html\html\content.php <-- Schubert Rackspace /web/content/libraries/joomla/html/html content.php
2012.07.25 12:18 B C:\Users\COBRIEN\Desktop\Schubert\libraries\joomla\html\html\contentlanguage.php <-- Schubert Rackspace /web/content/libraries/joomla/html/html contentlanguage.php
2012.07.25 12:18 B C:\Users\COBRIEN\Desktop\Schubert\libraries\joomla\html\html\date.php <-- Schubert Rackspace /web/content/libraries/joomla/html/html date.php
2012.07.25 12:18 B C:\Users\COBRIEN\Desktop\Schubert\libraries\joomla\html\html\email.php <-- Schubert Rackspace /web/content/libraries/joomla/html/html email.php
2012.07.25 12:18 B C:\Users\COBRIEN\Desktop\Schubert\libraries\joomla\html\html\form.php <-- Schubert Rackspace /web/content/libraries/joomla/html/html form.php
2012.07.25 12:18 B C:\Users\COBRIEN\Desktop\Schubert\libraries\joomla\html\html\grid.php <-- Schubert Rackspace /web/content/libraries/joomla/html/html grid.php
2012.07.25 12:18 B C:\Users\COBRIEN\Desktop\Schubert\libraries\joomla\html\html\image.php <-- Schubert Rackspace /web/content/libraries/joomla/html/html image.php
2012.07.25 12:18 B C:\Users\COBRIEN\Desktop\Schubert\libraries\joomla\html\html\index.html <-- Schubert Rackspace /web/content/libraries/joomla/html/html index.html
2012.07.25 12:18 B C:\Users\COBRIEN\Desktop\Schubert\libraries\joomla\html\html\jgrid.php <-- Schubert Rackspace /web/content/libraries/joomla/html/html jgrid.php
2012.07.25 12:18 B C:\Users\COBRIEN\Desktop\Schubert\libraries\joomla\html\html\list.php <-- Schubert Rackspace /web/content/libraries/joomla/html/html list.php
2012.07.25 12:18 B C:\Users\COBRIEN\Desktop\Schubert\libraries\joomla\html\html\menu.php <-- Schubert Rackspace /web/content/libraries/joomla/html/html menu.php
2012.07.25 12:18 B C:\Users\COBRIEN\Desktop\Schubert\libraries\joomla\html\html\number.php <-- Schubert Rackspace /web/content/libraries/joomla/html/html number.php
2012.07.25 12:18 B C:\Users\COBRIEN\Desktop\Schubert\libraries\joomla\html\html\rules.php <-- Schubert Rackspace /web/content/libraries/joomla/html/html rules.php
2012.07.25 12:18 B C:\Users\COBRIEN\Desktop\Schubert\libraries\joomla\html\html\select.php <-- Schubert Rackspace /web/content/libraries/joomla/html/html select.php
2012.07.25 12:18 B C:\Users\COBRIEN\Desktop\Schubert\libraries\joomla\html\html\sliders.php <-- Schubert Rackspace /web/content/libraries/joomla/html/html sliders.php
2012.07.25 12:18 B C:\Users\COBRIEN\Desktop\Schubert\libraries\joomla\html\html\string.php <-- Schubert Rackspace /web/content/libraries/joomla/html/html string.php
2012.07.25 12:18 B C:\Users\COBRIEN\Desktop\Schubert\libraries\joomla\html\html\tabs.php <-- Schubert Rackspace /web/content/libraries/joomla/html/html tabs.php
2012.07.25 12:18 B C:\Users\COBRIEN\Desktop\Schubert\libraries\joomla\html\html\tel.php <-- Schubert Rackspace /web/content/libraries/joomla/html/html tel.php
2012.07.25 12:18 B C:\Users\COBRIEN\Desktop\Schubert\libraries\joomla\html\html\user.php <-- Schubert Rackspace /web/content/libraries/joomla/html/html user.php
2012.09.04 10:54 B C:\inetpub\wwwroot\libraries\joomla\html\html\access.php --> ftp3.ftptoyoursite.com /web/content/SITE-TEST/libraries/joomla/html/html access.php
2012.09.04 10:54 B C:\inetpub\wwwroot\libraries\joomla\html\html\batch.php --> ftp3.ftptoyoursite.com /web/content/SITE-TEST/libraries/joomla/html/html batch.php
2012.09.04 10:54 B C:\inetpub\wwwroot\libraries\joomla\html\html\behavior.php --> ftp3.ftptoyoursite.com /web/content/SITE-TEST/libraries/joomla/html/html behavior.php
2012.09.04 10:54 B C:\inetpub\wwwroot\libraries\joomla\html\html\category.php --> ftp3.ftptoyoursite.com /web/content/SITE-TEST/libraries/joomla/html/html category.php
2012.09.04 10:54 B C:\inetpub\wwwroot\libraries\joomla\html\html\content.php --> ftp3.ftptoyoursite.com /web/content/SITE-TEST/libraries/joomla/html/html content.php
2012.09.04 10:54 B C:\inetpub\wwwroot\libraries\joomla\html\html\contentlanguage.php --> ftp3.ftptoyoursite.com /web/content/SITE-TEST/libraries/joomla/html/html contentlanguage.php
2012.09.04 10:54 B C:\inetpub\wwwroot\libraries\joomla\html\html\date.php --> ftp3.ftptoyoursite.com /web/content/SITE-TEST/libraries/joomla/html/html date.php
2012.09.04 10:54 B C:\inetpub\wwwroot\libraries\joomla\html\html\email.php --> ftp3.ftptoyoursite.com /web/content/SITE-TEST/libraries/joomla/html/html email.php
2012.09.04 10:54 B C:\inetpub\wwwroot\libraries\joomla\html\html\form.php --> ftp3.ftptoyoursite.com /web/content/SITE-TEST/libraries/joomla/html/html form.php
2012.09.04 10:54 B C:\inetpub\wwwroot\libraries\joomla\html\html\grid.php --> ftp3.ftptoyoursite.com /web/content/SITE-TEST/libraries/joomla/html/html grid.php
2012.09.04 10:54 B C:\inetpub\wwwroot\libraries\joomla\html\html\image.php --> ftp3.ftptoyoursite.com /web/content/SITE-TEST/libraries/joomla/html/html image.php
2012.09.04 10:54 B C:\inetpub\wwwroot\libraries\joomla\html\html\index.html --> ftp3.ftptoyoursite.com /web/content/SITE-TEST/libraries/joomla/html/html index.html
2012.09.04 10:54 B C:\inetpub\wwwroot\libraries\joomla\html\html\jgrid.php --> ftp3.ftptoyoursite.com /web/content/SITE-TEST/libraries/joomla/html/html jgrid.php
2012.09.04 10:54 B C:\inetpub\wwwroot\libraries\joomla\html\html\list.php --> ftp3.ftptoyoursite.com /web/content/SITE-TEST/libraries/joomla/html/html list.php
2012.09.04 10:54 B C:\inetpub\wwwroot\libraries\joomla\html\html\menu.php --> ftp3.ftptoyoursite.com /web/content/SITE-TEST/libraries/joomla/html/html menu.php
2012.09.04 10:54 B C:\inetpub\wwwroot\libraries\joomla\html\html\number.php --> ftp3.ftptoyoursite.com /web/content/SITE-TEST/libraries/joomla/html/html number.php
2012.09.04 10:54 B C:\inetpub\wwwroot\libraries\joomla\html\html\rules.php --> ftp3.ftptoyoursite.com /web/content/SITE-TEST/libraries/joomla/html/html rules.php
2012.09.04 10:54 B C:\inetpub\wwwroot\libraries\joomla\html\html\select.php --> ftp3.ftptoyoursite.com /web/content/SITE-TEST/libraries/joomla/html/html select.php
2012.09.04 10:54 B C:\inetpub\wwwroot\libraries\joomla\html\html\sliders.php --> ftp3.ftptoyoursite.com /web/content/SITE-TEST/libraries/joomla/html/html sliders.php
2012.09.04 10:54 B C:\inetpub\wwwroot\libraries\joomla\html\html\string.php --> ftp3.ftptoyoursite.com /web/content/SITE-TEST/libraries/joomla/html/html string.php
2012.09.04 10:54 B C:\inetpub\wwwroot\libraries\joomla\html\html\tabs.php --> ftp3.ftptoyoursite.com /web/content/SITE-TEST/libraries/joomla/html/html tabs.php
2012.09.04 10:54 B C:\inetpub\wwwroot\libraries\joomla\html\html\tel.php --> ftp3.ftptoyoursite.com /web/content/SITE-TEST/libraries/joomla/html/html tel.php
2012.09.04 10:54 B C:\inetpub\wwwroot\libraries\joomla\html\html\user.php --> ftp3.ftptoyoursite.com /web/content/SITE-TEST/libraries/joomla/html/html user.php
2012.09.04 10:54 B C:\inetpub\wwwroot\libraries\joomla\html\html\WS_FTP.LOG --> ftp3.ftptoyoursite.com /web/content/SITE-TEST/libraries/joomla/html/html WS_FTP.LOG
2012.09.06 15:12 B C:\inetpub\wwwroot\libraries\joomla\html\html\access.php --> ftp3.ftptoyoursite.com /web/content/SITEBACKUP_962012/libraries/joomla/html/html access.php
2012.09.06 15:12 B C:\inetpub\wwwroot\libraries\joomla\html\html\batch.php --> ftp3.ftptoyoursite.com /web/content/SITEBACKUP_962012/libraries/joomla/html/html batch.php
2012.09.06 15:12 B C:\inetpub\wwwroot\libraries\joomla\html\html\behavior.php --> ftp3.ftptoyoursite.com /web/content/SITEBACKUP_962012/libraries/joomla/html/html behavior.php
2012.09.06 15:12 B C:\inetpub\wwwroot\libraries\joomla\html\html\category.php --> ftp3.ftptoyoursite.com /web/content/SITEBACKUP_962012/libraries/joomla/html/html category.php
2012.09.06 15:12 B C:\inetpub\wwwroot\libraries\joomla\html\html\content.php --> ftp3.ftptoyoursite.com /web/content/SITEBACKUP_962012/libraries/joomla/html/html content.php
2012.09.06 15:12 B C:\inetpub\wwwroot\libraries\joomla\html\html\contentlanguage.php --> ftp3.ftptoyoursite.com /web/content/SITEBACKUP_962012/libraries/joomla/html/html contentlanguage.php
2012.09.06 15:12 B C:\inetpub\wwwroot\libraries\joomla\html\html\date.php --> ftp3.ftptoyoursite.com /web/content/SITEBACKUP_962012/libraries/joomla/html/html date.php
2012.09.06 15:12 B C:\inetpub\wwwroot\libraries\joomla\html\html\email.php --> ftp3.ftptoyoursite.com /web/content/SITEBACKUP_962012/libraries/joomla/html/html email.php
2012.09.06 15:12 B C:\inetpub\wwwroot\libraries\joomla\html\html\form.php --> ftp3.ftptoyoursite.com /web/content/SITEBACKUP_962012/libraries/joomla/html/html form.php
2012.09.06 15:12 B C:\inetpub\wwwroot\libraries\joomla\html\html\grid.php --> ftp3.ftptoyoursite.com /web/content/SITEBACKUP_962012/libraries/joomla/html/html grid.php
2012.09.06 15:12 B C:\inetpub\wwwroot\libraries\joomla\html\html\image.php --> ftp3.ftptoyoursite.com /web/content/SITEBACKUP_962012/libraries/joomla/html/html image.php
2012.09.06 15:12 B C:\inetpub\wwwroot\libraries\joomla\html\html\index.html --> ftp3.ftptoyoursite.com /web/content/SITEBACKUP_962012/libraries/joomla/html/html index.html
2012.09.06 15:12 B C:\inetpub\wwwroot\libraries\joomla\html\html\jgrid.php --> ftp3.ftptoyoursite.com /web/content/SITEBACKUP_962012/libraries/joomla/html/html jgrid.php
2012.09.06 15:12 B C:\inetpub\wwwroot\libraries\joomla\html\html\list.php --> ftp3.ftptoyoursite.com /web/content/SITEBACKUP_962012/libraries/joomla/html/html list.php
2012.09.06 15:12 B C:\inetpub\wwwroot\libraries\joomla\html\html\menu.php --> ftp3.ftptoyoursite.com /web/content/SITEBACKUP_962012/libraries/joomla/html/html menu.php
2012.09.06 15:12 B C:\inetpub\wwwroot\libraries\joomla\html\html\number.php --> ftp3.ftptoyoursite.com /web/content/SITEBACKUP_962012/libraries/joomla/html/html number.php
2012.09.06 15:12 B C:\inetpub\wwwroot\libraries\joomla\html\html\rules.php --> ftp3.ftptoyoursite.com /web/content/SITEBACKUP_962012/libraries/joomla/html/html rules.php
2012.09.06 15:12 B C:\inetpub\wwwroot\libraries\joomla\html\html\select.php --> ftp3.ftptoyoursite.com /web/content/SITEBACKUP_962012/libraries/joomla/html/html select.php
2012.09.06 15:12 B C:\inetpub\wwwroot\libraries\joomla\html\html\sliders.php --> ftp3.ftptoyoursite.com /web/content/SITEBACKUP_962012/libraries/joomla/html/html sliders.php
2012.09.06 15:12 B C:\inetpub\wwwroot\libraries\joomla\html\html\string.php --> ftp3.ftptoyoursite.com /web/content/SITEBACKUP_962012/libraries/joomla/html/html string.php
2012.09.06 15:12 B C:\inetpub\wwwroot\libraries\joomla\html\html\tabs.php --> ftp3.ftptoyoursite.com /web/content/SITEBACKUP_962012/libraries/joomla/html/html tabs.php
2012.09.06 15:12 B C:\inetpub\wwwroot\libraries\joomla\html\html\tel.php --> ftp3.ftptoyoursite.com /web/content/SITEBACKUP_962012/libraries/joomla/html/html tel.php
2012.09.06 15:12 B C:\inetpub\wwwroot\libraries\joomla\html\html\user.php --> ftp3.ftptoyoursite.com /web/content/SITEBACKUP_962012/libraries/joomla/html/html user.php
2012.09.06 15:12 B C:\inetpub\wwwroot\libraries\joomla\html\html\WS_FTP.LOG --> ftp3.ftptoyoursite.com /web/content/SITEBACKUP_962012/libraries/joomla/html/html WS_FTP.LOG
2012.10.23 09:15 B C:\inetpub\wwwroot\libraries\joomla\html\html\access.php --> ftp3.ftptoyoursite.com /web/content/libraries/joomla/html/html access.php
2012.10.23 09:15 B C:\inetpub\wwwroot\libraries\joomla\html\html\batch.php --> ftp3.ftptoyoursite.com /web/content/libraries/joomla/html/html batch.php
2012.10.23 09:15 B C:\inetpub\wwwroot\libraries\joomla\html\html\behavior.php --> ftp3.ftptoyoursite.com /web/content/libraries/joomla/html/html behavior.php
2012.10.23 09:15 B C:\inetpub\wwwroot\libraries\joomla\html\html\category.php --> ftp3.ftptoyoursite.com /web/content/libraries/joomla/html/html category.php
2012.10.23 09:15 B C:\inetpub\wwwroot\libraries\joomla\html\html\content.php --> ftp3.ftptoyoursite.com /web/content/libraries/joomla/html/html content.php
2012.10.23 09:15 B C:\inetpub\wwwroot\libraries\joomla\html\html\contentlanguage.php --> ftp3.ftptoyoursite.com /web/content/libraries/joomla/html/html contentlanguage.php
2012.10.23 09:15 B C:\inetpub\wwwroot\libraries\joomla\html\html\date.php --> ftp3.ftptoyoursite.com /web/content/libraries/joomla/html/html date.php
2012.10.23 09:15 B C:\inetpub\wwwroot\libraries\joomla\html\html\email.php --> ftp3.ftptoyoursite.com /web/content/libraries/joomla/html/html email.php
2012.10.23 09:15 B C:\inetpub\wwwroot\libraries\joomla\html\html\form.php --> ftp3.ftptoyoursite.com /web/content/libraries/joomla/html/html form.php
2012.10.23 09:15 B C:\inetpub\wwwroot\libraries\joomla\html\html\grid.php --> ftp3.ftptoyoursite.com /web/content/libraries/joomla/html/html grid.php
2012.10.23 09:15 B C:\inetpub\wwwroot\libraries\joomla\html\html\image.php --> ftp3.ftptoyoursite.com /web/content/libraries/joomla/html/html image.php
2012.10.23 09:15 B C:\inetpub\wwwroot\libraries\joomla\html\html\index.html --> ftp3.ftptoyoursite.com /web/content/libraries/joomla/html/html index.html
2012.10.23 09:15 B C:\inetpub\wwwroot\libraries\joomla\html\html\jgrid.php --> ftp3.ftptoyoursite.com /web/content/libraries/joomla/html/html jgrid.php
2012.10.23 09:15 B C:\inetpub\wwwroot\libraries\joomla\html\html\list.php --> ftp3.ftptoyoursite.com /web/content/libraries/joomla/html/html list.php
2012.10.23 09:15 B C:\inetpub\wwwroot\libraries\joomla\html\html\menu.php --> ftp3.ftptoyoursite.com /web/content/libraries/joomla/html/html menu.php
2012.10.23 09:15 B C:\inetpub\wwwroot\libraries\joomla\html\html\number.php --> ftp3.ftptoyoursite.com /web/content/libraries/joomla/html/html number.php
2012.10.23 09:15 B C:\inetpub\wwwroot\libraries\joomla\html\html\rules.php --> ftp3.ftptoyoursite.com /web/content/libraries/joomla/html/html rules.php
2012.10.23 09:15 B C:\inetpub\wwwroot\libraries\joomla\html\html\select.php --> ftp3.ftptoyoursite.com /web/content/libraries/joomla/html/html select.php
2012.10.23 09:15 B C:\inetpub\wwwroot\libraries\joomla\html\html\sliders.php --> ftp3.ftptoyoursite.com /web/content/libraries/joomla/html/html sliders.php
2012.10.23 09:15 B C:\inetpub\wwwroot\libraries\joomla\html\html\string.php --> ftp3.ftptoyoursite.com /web/content/libraries/joomla/html/html string.php
2012.10.23 09:15 B C:\inetpub\wwwroot\libraries\joomla\html\html\tabs.php --> ftp3.ftptoyoursite.com /web/content/libraries/joomla/html/html tabs.php
2012.10.23 09:15 B C:\inetpub\wwwroot\libraries\joomla\html\html\tel.php --> ftp3.ftptoyoursite.com /web/content/libraries/joomla/html/html tel.php
2012.10.23 09:15 B C:\inetpub\wwwroot\libraries\joomla\html\html\user.php --> ftp3.ftptoyoursite.com /web/content/libraries/joomla/html/html user.php
2012.10.23 09:15 B C:\inetpub\wwwroot\libraries\joomla\html\html\WS_FTP.LOG --> ftp3.ftptoyoursite.com /web/content/libraries/joomla/html/html WS_FTP.LOG
2013.02.01 14:54 B C:\inetpub\wwwroot\libraries\joomla\html\html\WS_FTP.LOG <-- Schubert Rackspace /web/content/libraries/joomla/html/html WS_FTP.LOG
