2012.07.25 12:10 B C:\Users\COBRIEN\Desktop\Schubert\administrator\components\com_acesearch\acesearch.php <-- Schubert Rackspace /web/content/administrator/components/com_acesearch acesearch.php
2012.07.25 12:10 B C:\Users\COBRIEN\Desktop\Schubert\administrator\components\com_acesearch\acesearch.xml <-- Schubert Rackspace /web/content/administrator/components/com_acesearch acesearch.xml
2012.07.25 12:10 B C:\Users\COBRIEN\Desktop\Schubert\administrator\components\com_acesearch\configgg.xml <-- Schubert Rackspace /web/content/administrator/components/com_acesearch configgg.xml
2012.07.25 12:10 B C:\Users\COBRIEN\Desktop\Schubert\administrator\components\com_acesearch\index.html <-- Schubert Rackspace /web/content/administrator/components/com_acesearch index.html
2012.07.25 12:10 B C:\Users\COBRIEN\Desktop\Schubert\administrator\components\com_acesearch\install.acesearch.php <-- Schubert Rackspace /web/content/administrator/components/com_acesearch install.acesearch.php
2012.07.25 12:10 B C:\Users\COBRIEN\Desktop\Schubert\administrator\components\com_acesearch\install.sql <-- Schubert Rackspace /web/content/administrator/components/com_acesearch install.sql
2012.07.25 12:10 B C:\Users\COBRIEN\Desktop\Schubert\administrator\components\com_acesearch\toolbar.acesearch.php <-- Schubert Rackspace /web/content/administrator/components/com_acesearch toolbar.acesearch.php
2012.07.25 12:10 B C:\Users\COBRIEN\Desktop\Schubert\administrator\components\com_acesearch\uninstall.acesearch.php <-- Schubert Rackspace /web/content/administrator/components/com_acesearch uninstall.acesearch.php
2012.09.04 10:43 B C:\inetpub\wwwroot\administrator\components\com_acesearch\acesearch.php --> ftp3.ftptoyoursite.com /web/content/SITE-TEST/administrator/components/com_acesearch acesearch.php
2012.09.04 10:43 B C:\inetpub\wwwroot\administrator\components\com_acesearch\acesearch.xml --> ftp3.ftptoyoursite.com /web/content/SITE-TEST/administrator/components/com_acesearch acesearch.xml
2012.09.04 10:43 B C:\inetpub\wwwroot\administrator\components\com_acesearch\configgg.xml --> ftp3.ftptoyoursite.com /web/content/SITE-TEST/administrator/components/com_acesearch configgg.xml
2012.09.04 10:43 B C:\inetpub\wwwroot\administrator\components\com_acesearch\index.html --> ftp3.ftptoyoursite.com /web/content/SITE-TEST/administrator/components/com_acesearch index.html
2012.09.04 10:43 B C:\inetpub\wwwroot\administrator\components\com_acesearch\install.acesearch.php --> ftp3.ftptoyoursite.com /web/content/SITE-TEST/administrator/components/com_acesearch install.acesearch.php
2012.09.04 10:43 B C:\inetpub\wwwroot\administrator\components\com_acesearch\install.sql --> ftp3.ftptoyoursite.com /web/content/SITE-TEST/administrator/components/com_acesearch install.sql
2012.09.04 10:43 B C:\inetpub\wwwroot\administrator\components\com_acesearch\toolbar.acesearch.php --> ftp3.ftptoyoursite.com /web/content/SITE-TEST/administrator/components/com_acesearch toolbar.acesearch.php
2012.09.04 10:43 B C:\inetpub\wwwroot\administrator\components\com_acesearch\uninstall.acesearch.php --> ftp3.ftptoyoursite.com /web/content/SITE-TEST/administrator/components/com_acesearch uninstall.acesearch.php
2012.09.04 10:43 B C:\inetpub\wwwroot\administrator\components\com_acesearch\WS_FTP.LOG --> ftp3.ftptoyoursite.com /web/content/SITE-TEST/administrator/components/com_acesearch WS_FTP.LOG
2012.09.06 14:58 B C:\inetpub\wwwroot\administrator\components\com_acesearch\acesearch.php --> ftp3.ftptoyoursite.com /web/content/SITEBACKUP_962012/administrator/components/com_acesearch acesearch.php
2012.09.06 14:58 B C:\inetpub\wwwroot\administrator\components\com_acesearch\acesearch.xml --> ftp3.ftptoyoursite.com /web/content/SITEBACKUP_962012/administrator/components/com_acesearch acesearch.xml
2012.09.06 14:58 B C:\inetpub\wwwroot\administrator\components\com_acesearch\configgg.xml --> ftp3.ftptoyoursite.com /web/content/SITEBACKUP_962012/administrator/components/com_acesearch configgg.xml
2012.09.06 14:58 B C:\inetpub\wwwroot\administrator\components\com_acesearch\index.html --> ftp3.ftptoyoursite.com /web/content/SITEBACKUP_962012/administrator/components/com_acesearch index.html
2012.09.06 14:58 B C:\inetpub\wwwroot\administrator\components\com_acesearch\install.acesearch.php --> ftp3.ftptoyoursite.com /web/content/SITEBACKUP_962012/administrator/components/com_acesearch install.acesearch.php
2012.09.06 14:58 B C:\inetpub\wwwroot\administrator\components\com_acesearch\install.sql --> ftp3.ftptoyoursite.com /web/content/SITEBACKUP_962012/administrator/components/com_acesearch install.sql
2012.09.06 14:58 B C:\inetpub\wwwroot\administrator\components\com_acesearch\toolbar.acesearch.php --> ftp3.ftptoyoursite.com /web/content/SITEBACKUP_962012/administrator/components/com_acesearch toolbar.acesearch.php
2012.09.06 14:58 B C:\inetpub\wwwroot\administrator\components\com_acesearch\uninstall.acesearch.php --> ftp3.ftptoyoursite.com /web/content/SITEBACKUP_962012/administrator/components/com_acesearch uninstall.acesearch.php
2012.09.06 14:58 B C:\inetpub\wwwroot\administrator\components\com_acesearch\WS_FTP.LOG --> ftp3.ftptoyoursite.com /web/content/SITEBACKUP_962012/administrator/components/com_acesearch WS_FTP.LOG
2012.09.06 15:20 B C:\inetpub\wwwroot\administrator\components\com_acesearch\acesearch.php <-- Schubert Rackspace /web/content/administrator/components/com_acesearch acesearch.php
2012.09.06 15:20 B C:\inetpub\wwwroot\administrator\components\com_acesearch\acesearch.xml <-- Schubert Rackspace /web/content/administrator/components/com_acesearch acesearch.xml
2012.09.06 15:20 B C:\inetpub\wwwroot\administrator\components\com_acesearch\configgg.xml <-- Schubert Rackspace /web/content/administrator/components/com_acesearch configgg.xml
2012.09.06 15:20 B C:\inetpub\wwwroot\administrator\components\com_acesearch\index.html <-- Schubert Rackspace /web/content/administrator/components/com_acesearch index.html
2012.09.06 15:20 B C:\inetpub\wwwroot\administrator\components\com_acesearch\install.acesearch.php <-- Schubert Rackspace /web/content/administrator/components/com_acesearch install.acesearch.php
2012.09.06 15:20 B C:\inetpub\wwwroot\administrator\components\com_acesearch\install.sql <-- Schubert Rackspace /web/content/administrator/components/com_acesearch install.sql
2012.09.06 15:20 B C:\inetpub\wwwroot\administrator\components\com_acesearch\toolbar.acesearch.php <-- Schubert Rackspace /web/content/administrator/components/com_acesearch toolbar.acesearch.php
2012.09.06 15:20 B C:\inetpub\wwwroot\administrator\components\com_acesearch\uninstall.acesearch.php <-- Schubert Rackspace /web/content/administrator/components/com_acesearch uninstall.acesearch.php
2012.09.06 15:43 B C:\inetpub\wwwroot\administrator\components\com_acesearch\acesearch.php <-- Schubert Rackspace /web/content/SITEBACKUP_962012/administrator/components/com_acesearch acesearch.php
2012.09.06 15:43 B C:\inetpub\wwwroot\administrator\components\com_acesearch\acesearch.xml <-- Schubert Rackspace /web/content/SITEBACKUP_962012/administrator/components/com_acesearch acesearch.xml
2012.09.06 15:43 B C:\inetpub\wwwroot\administrator\components\com_acesearch\configgg.xml <-- Schubert Rackspace /web/content/SITEBACKUP_962012/administrator/components/com_acesearch configgg.xml
2012.09.06 15:43 B C:\inetpub\wwwroot\administrator\components\com_acesearch\index.html <-- Schubert Rackspace /web/content/SITEBACKUP_962012/administrator/components/com_acesearch index.html
2012.09.06 15:43 B C:\inetpub\wwwroot\administrator\components\com_acesearch\install.acesearch.php <-- Schubert Rackspace /web/content/SITEBACKUP_962012/administrator/components/com_acesearch install.acesearch.php
2012.09.06 15:43 B C:\inetpub\wwwroot\administrator\components\com_acesearch\install.sql <-- Schubert Rackspace /web/content/SITEBACKUP_962012/administrator/components/com_acesearch install.sql
2012.09.06 15:43 B C:\inetpub\wwwroot\administrator\components\com_acesearch\toolbar.acesearch.php <-- Schubert Rackspace /web/content/SITEBACKUP_962012/administrator/components/com_acesearch toolbar.acesearch.php
2012.09.06 15:43 B C:\inetpub\wwwroot\administrator\components\com_acesearch\uninstall.acesearch.php <-- Schubert Rackspace /web/content/SITEBACKUP_962012/administrator/components/com_acesearch uninstall.acesearch.php
2012.10.23 09:03 B C:\inetpub\wwwroot\administrator\components\com_acesearch\acesearch.php --> ftp3.ftptoyoursite.com /web/content/administrator/components/com_acesearch acesearch.php
2012.10.23 09:03 B C:\inetpub\wwwroot\administrator\components\com_acesearch\acesearch.xml --> ftp3.ftptoyoursite.com /web/content/administrator/components/com_acesearch acesearch.xml
2012.10.23 09:03 B C:\inetpub\wwwroot\administrator\components\com_acesearch\configgg.xml --> ftp3.ftptoyoursite.com /web/content/administrator/components/com_acesearch configgg.xml
2012.10.23 09:03 B C:\inetpub\wwwroot\administrator\components\com_acesearch\index.html --> ftp3.ftptoyoursite.com /web/content/administrator/components/com_acesearch index.html
2012.10.23 09:03 B C:\inetpub\wwwroot\administrator\components\com_acesearch\install.acesearch.php --> ftp3.ftptoyoursite.com /web/content/administrator/components/com_acesearch install.acesearch.php
2012.10.23 09:03 B C:\inetpub\wwwroot\administrator\components\com_acesearch\install.sql --> ftp3.ftptoyoursite.com /web/content/administrator/components/com_acesearch install.sql
2012.10.23 09:03 B C:\inetpub\wwwroot\administrator\components\com_acesearch\toolbar.acesearch.php --> ftp3.ftptoyoursite.com /web/content/administrator/components/com_acesearch toolbar.acesearch.php
2012.10.23 09:03 B C:\inetpub\wwwroot\administrator\components\com_acesearch\uninstall.acesearch.php --> ftp3.ftptoyoursite.com /web/content/administrator/components/com_acesearch uninstall.acesearch.php
2012.10.23 09:03 B C:\inetpub\wwwroot\administrator\components\com_acesearch\WS_FTP.LOG --> ftp3.ftptoyoursite.com /web/content/administrator/components/com_acesearch WS_FTP.LOG
2013.02.01 14:39 B C:\inetpub\wwwroot\administrator\components\com_acesearch\WS_FTP.LOG <-- Schubert Rackspace /web/content/administrator/components/com_acesearch WS_FTP.LOG
