2012.07.25 12:11 B C:\Users\COBRIEN\Desktop\Schubert\administrator\components\com_jce\classes\index.html <-- Schubert Rackspace /web/content/administrator/components/com_jce/classes index.html
2012.07.25 12:11 B C:\Users\COBRIEN\Desktop\Schubert\administrator\components\com_jce\classes\installer.php <-- Schubert Rackspace /web/content/administrator/components/com_jce/classes installer.php
2012.07.25 12:11 B C:\Users\COBRIEN\Desktop\Schubert\administrator\components\com_jce\classes\packer.php <-- Schubert Rackspace /web/content/administrator/components/com_jce/classes packer.php
2012.07.25 12:11 B C:\Users\COBRIEN\Desktop\Schubert\administrator\components\com_jce\classes\parameter.php <-- Schubert Rackspace /web/content/administrator/components/com_jce/classes parameter.php
2012.07.25 12:11 B C:\Users\COBRIEN\Desktop\Schubert\administrator\components\com_jce\classes\text.php <-- Schubert Rackspace /web/content/administrator/components/com_jce/classes text.php
2012.07.25 12:11 B C:\Users\COBRIEN\Desktop\Schubert\administrator\components\com_jce\classes\xml.php <-- Schubert Rackspace /web/content/administrator/components/com_jce/classes xml.php
2012.09.04 10:44 B C:\inetpub\wwwroot\administrator\components\com_jce\classes\index.html --> ftp3.ftptoyoursite.com /web/content/SITE-TEST/administrator/components/com_jce/classes index.html
2012.09.04 10:44 B C:\inetpub\wwwroot\administrator\components\com_jce\classes\installer.php --> ftp3.ftptoyoursite.com /web/content/SITE-TEST/administrator/components/com_jce/classes installer.php
2012.09.04 10:44 B C:\inetpub\wwwroot\administrator\components\com_jce\classes\packer.php --> ftp3.ftptoyoursite.com /web/content/SITE-TEST/administrator/components/com_jce/classes packer.php
2012.09.04 10:44 B C:\inetpub\wwwroot\administrator\components\com_jce\classes\parameter.php --> ftp3.ftptoyoursite.com /web/content/SITE-TEST/administrator/components/com_jce/classes parameter.php
2012.09.04 10:44 B C:\inetpub\wwwroot\administrator\components\com_jce\classes\text.php --> ftp3.ftptoyoursite.com /web/content/SITE-TEST/administrator/components/com_jce/classes text.php
2012.09.04 10:44 B C:\inetpub\wwwroot\administrator\components\com_jce\classes\WS_FTP.LOG --> ftp3.ftptoyoursite.com /web/content/SITE-TEST/administrator/components/com_jce/classes WS_FTP.LOG
2012.09.04 10:44 B C:\inetpub\wwwroot\administrator\components\com_jce\classes\xml.php --> ftp3.ftptoyoursite.com /web/content/SITE-TEST/administrator/components/com_jce/classes xml.php
2012.09.06 14:59 B C:\inetpub\wwwroot\administrator\components\com_jce\classes\index.html --> ftp3.ftptoyoursite.com /web/content/SITEBACKUP_962012/administrator/components/com_jce/classes index.html
2012.09.06 14:59 B C:\inetpub\wwwroot\administrator\components\com_jce\classes\installer.php --> ftp3.ftptoyoursite.com /web/content/SITEBACKUP_962012/administrator/components/com_jce/classes installer.php
2012.09.06 14:59 B C:\inetpub\wwwroot\administrator\components\com_jce\classes\packer.php --> ftp3.ftptoyoursite.com /web/content/SITEBACKUP_962012/administrator/components/com_jce/classes packer.php
2012.09.06 14:59 B C:\inetpub\wwwroot\administrator\components\com_jce\classes\parameter.php --> ftp3.ftptoyoursite.com /web/content/SITEBACKUP_962012/administrator/components/com_jce/classes parameter.php
2012.09.06 14:59 B C:\inetpub\wwwroot\administrator\components\com_jce\classes\text.php --> ftp3.ftptoyoursite.com /web/content/SITEBACKUP_962012/administrator/components/com_jce/classes text.php
2012.09.06 14:59 B C:\inetpub\wwwroot\administrator\components\com_jce\classes\WS_FTP.LOG --> ftp3.ftptoyoursite.com /web/content/SITEBACKUP_962012/administrator/components/com_jce/classes WS_FTP.LOG
2012.09.06 14:59 B C:\inetpub\wwwroot\administrator\components\com_jce\classes\xml.php --> ftp3.ftptoyoursite.com /web/content/SITEBACKUP_962012/administrator/components/com_jce/classes xml.php
2012.09.06 15:20 B C:\inetpub\wwwroot\administrator\components\com_jce\classes\element.php <-- Schubert Rackspace /web/content/administrator/components/com_jce/classes element.php
2012.09.06 15:20 B C:\inetpub\wwwroot\administrator\components\com_jce\classes\error.php <-- Schubert Rackspace /web/content/administrator/components/com_jce/classes error.php
2012.09.06 15:20 B C:\inetpub\wwwroot\administrator\components\com_jce\classes\index.html <-- Schubert Rackspace /web/content/administrator/components/com_jce/classes index.html
2012.09.06 15:20 B C:\inetpub\wwwroot\administrator\components\com_jce\classes\packer.php <-- Schubert Rackspace /web/content/administrator/components/com_jce/classes packer.php
2012.09.06 15:20 B C:\inetpub\wwwroot\administrator\components\com_jce\classes\parameter.php <-- Schubert Rackspace /web/content/administrator/components/com_jce/classes parameter.php
2012.09.06 15:20 B C:\inetpub\wwwroot\administrator\components\com_jce\classes\text.php <-- Schubert Rackspace /web/content/administrator/components/com_jce/classes text.php
2012.09.06 15:20 B C:\inetpub\wwwroot\administrator\components\com_jce\classes\xml.php <-- Schubert Rackspace /web/content/administrator/components/com_jce/classes xml.php
2012.09.06 15:44 B C:\inetpub\wwwroot\administrator\components\com_jce\classes\index.html <-- Schubert Rackspace /web/content/SITEBACKUP_962012/administrator/components/com_jce/classes index.html
2012.09.06 15:44 B C:\inetpub\wwwroot\administrator\components\com_jce\classes\installer.php <-- Schubert Rackspace /web/content/SITEBACKUP_962012/administrator/components/com_jce/classes installer.php
2012.09.06 15:44 B C:\inetpub\wwwroot\administrator\components\com_jce\classes\packer.php <-- Schubert Rackspace /web/content/SITEBACKUP_962012/administrator/components/com_jce/classes packer.php
2012.09.06 15:44 B C:\inetpub\wwwroot\administrator\components\com_jce\classes\parameter.php <-- Schubert Rackspace /web/content/SITEBACKUP_962012/administrator/components/com_jce/classes parameter.php
2012.09.06 15:44 B C:\inetpub\wwwroot\administrator\components\com_jce\classes\text.php <-- Schubert Rackspace /web/content/SITEBACKUP_962012/administrator/components/com_jce/classes text.php
2012.09.06 15:44 B C:\inetpub\wwwroot\administrator\components\com_jce\classes\xml.php <-- Schubert Rackspace /web/content/SITEBACKUP_962012/administrator/components/com_jce/classes xml.php
2012.10.23 09:04 B C:\inetpub\wwwroot\administrator\components\com_jce\classes\element.php --> ftp3.ftptoyoursite.com /web/content/administrator/components/com_jce/classes element.php
2012.10.23 09:04 B C:\inetpub\wwwroot\administrator\components\com_jce\classes\error.php --> ftp3.ftptoyoursite.com /web/content/administrator/components/com_jce/classes error.php
2012.10.23 09:04 B C:\inetpub\wwwroot\administrator\components\com_jce\classes\index.html --> ftp3.ftptoyoursite.com /web/content/administrator/components/com_jce/classes index.html
2012.10.23 09:04 B C:\inetpub\wwwroot\administrator\components\com_jce\classes\installer.php --> ftp3.ftptoyoursite.com /web/content/administrator/components/com_jce/classes installer.php
2012.10.23 09:04 B C:\inetpub\wwwroot\administrator\components\com_jce\classes\packer.php --> ftp3.ftptoyoursite.com /web/content/administrator/components/com_jce/classes packer.php
2012.10.23 09:04 B C:\inetpub\wwwroot\administrator\components\com_jce\classes\parameter.php --> ftp3.ftptoyoursite.com /web/content/administrator/components/com_jce/classes parameter.php
2012.10.23 09:04 B C:\inetpub\wwwroot\administrator\components\com_jce\classes\text.php --> ftp3.ftptoyoursite.com /web/content/administrator/components/com_jce/classes text.php
2012.10.23 09:04 B C:\inetpub\wwwroot\administrator\components\com_jce\classes\WS_FTP.LOG --> ftp3.ftptoyoursite.com /web/content/administrator/components/com_jce/classes WS_FTP.LOG
2012.10.23 09:04 B C:\inetpub\wwwroot\administrator\components\com_jce\classes\xml.php --> ftp3.ftptoyoursite.com /web/content/administrator/components/com_jce/classes xml.php
2013.02.01 14:40 B C:\inetpub\wwwroot\administrator\components\com_jce\classes\WS_FTP.LOG <-- Schubert Rackspace /web/content/administrator/components/com_jce/classes WS_FTP.LOG
2013.02.01 14:40 B C:\inetpub\wwwroot\administrator\components\com_jce\classes\xml.php <-- Schubert Rackspace /web/content/administrator/components/com_jce/classes xml.php
