2012.07.25 12:19 B C:\Users\COBRIEN\Desktop\Schubert\modules\mod_arisexylightbox\includes\fields\elementscloner\cloner.js <-- Schubert Rackspace /web/content/modules/mod_arisexylightbox/includes/fields/elementscloner cloner.js
2012.07.25 12:19 B C:\Users\COBRIEN\Desktop\Schubert\modules\mod_arisexylightbox\includes\fields\elementscloner\down.gif <-- Schubert Rackspace /web/content/modules/mod_arisexylightbox/includes/fields/elementscloner down.gif
2012.07.25 12:19 B C:\Users\COBRIEN\Desktop\Schubert\modules\mod_arisexylightbox\includes\fields\elementscloner\index.html <-- Schubert Rackspace /web/content/modules/mod_arisexylightbox/includes/fields/elementscloner index.html
2012.07.25 12:19 B C:\Users\COBRIEN\Desktop\Schubert\modules\mod_arisexylightbox\includes\fields\elementscloner\jquery.cloner.js <-- Schubert Rackspace /web/content/modules/mod_arisexylightbox/includes/fields/elementscloner jquery.cloner.js
2012.07.25 12:19 B C:\Users\COBRIEN\Desktop\Schubert\modules\mod_arisexylightbox\includes\fields\elementscloner\jquery.noconflict.js <-- Schubert Rackspace /web/content/modules/mod_arisexylightbox/includes/fields/elementscloner jquery.noconflict.js
2012.07.25 12:19 B C:\Users\COBRIEN\Desktop\Schubert\modules\mod_arisexylightbox\includes\fields\elementscloner\remove.gif <-- Schubert Rackspace /web/content/modules/mod_arisexylightbox/includes/fields/elementscloner remove.gif
2012.07.25 12:19 B C:\Users\COBRIEN\Desktop\Schubert\modules\mod_arisexylightbox\includes\fields\elementscloner\up.gif <-- Schubert Rackspace /web/content/modules/mod_arisexylightbox/includes/fields/elementscloner up.gif
2012.09.04 10:55 B C:\inetpub\wwwroot\modules\mod_arisexylightbox\includes\fields\elementscloner\cloner.js --> ftp3.ftptoyoursite.com /web/content/SITE-TEST/modules/mod_arisexylightbox/includes/fields/elementscloner cloner.js
2012.09.04 10:55 B C:\inetpub\wwwroot\modules\mod_arisexylightbox\includes\fields\elementscloner\down.gif --> ftp3.ftptoyoursite.com /web/content/SITE-TEST/modules/mod_arisexylightbox/includes/fields/elementscloner down.gif
2012.09.04 10:55 B C:\inetpub\wwwroot\modules\mod_arisexylightbox\includes\fields\elementscloner\index.html --> ftp3.ftptoyoursite.com /web/content/SITE-TEST/modules/mod_arisexylightbox/includes/fields/elementscloner index.html
2012.09.04 10:55 B C:\inetpub\wwwroot\modules\mod_arisexylightbox\includes\fields\elementscloner\jquery.cloner.js --> ftp3.ftptoyoursite.com /web/content/SITE-TEST/modules/mod_arisexylightbox/includes/fields/elementscloner jquery.cloner.js
2012.09.04 10:55 B C:\inetpub\wwwroot\modules\mod_arisexylightbox\includes\fields\elementscloner\jquery.noconflict.js --> ftp3.ftptoyoursite.com /web/content/SITE-TEST/modules/mod_arisexylightbox/includes/fields/elementscloner jquery.noconflict.js
2012.09.04 10:55 B C:\inetpub\wwwroot\modules\mod_arisexylightbox\includes\fields\elementscloner\remove.gif --> ftp3.ftptoyoursite.com /web/content/SITE-TEST/modules/mod_arisexylightbox/includes/fields/elementscloner remove.gif
2012.09.04 10:55 B C:\inetpub\wwwroot\modules\mod_arisexylightbox\includes\fields\elementscloner\up.gif --> ftp3.ftptoyoursite.com /web/content/SITE-TEST/modules/mod_arisexylightbox/includes/fields/elementscloner up.gif
2012.09.04 10:55 B C:\inetpub\wwwroot\modules\mod_arisexylightbox\includes\fields\elementscloner\WS_FTP.LOG --> ftp3.ftptoyoursite.com /web/content/SITE-TEST/modules/mod_arisexylightbox/includes/fields/elementscloner WS_FTP.LOG
2012.09.06 15:14 B C:\inetpub\wwwroot\modules\mod_arisexylightbox\includes\fields\elementscloner\cloner.js --> ftp3.ftptoyoursite.com /web/content/SITEBACKUP_962012/modules/mod_arisexylightbox/includes/fields/elementscloner cloner.js
2012.09.06 15:14 B C:\inetpub\wwwroot\modules\mod_arisexylightbox\includes\fields\elementscloner\down.gif --> ftp3.ftptoyoursite.com /web/content/SITEBACKUP_962012/modules/mod_arisexylightbox/includes/fields/elementscloner down.gif
2012.09.06 15:14 B C:\inetpub\wwwroot\modules\mod_arisexylightbox\includes\fields\elementscloner\index.html --> ftp3.ftptoyoursite.com /web/content/SITEBACKUP_962012/modules/mod_arisexylightbox/includes/fields/elementscloner index.html
2012.09.06 15:14 B C:\inetpub\wwwroot\modules\mod_arisexylightbox\includes\fields\elementscloner\jquery.cloner.js --> ftp3.ftptoyoursite.com /web/content/SITEBACKUP_962012/modules/mod_arisexylightbox/includes/fields/elementscloner jquery.cloner.js
2012.09.06 15:14 B C:\inetpub\wwwroot\modules\mod_arisexylightbox\includes\fields\elementscloner\jquery.noconflict.js --> ftp3.ftptoyoursite.com /web/content/SITEBACKUP_962012/modules/mod_arisexylightbox/includes/fields/elementscloner jquery.noconflict.js
2012.09.06 15:14 B C:\inetpub\wwwroot\modules\mod_arisexylightbox\includes\fields\elementscloner\remove.gif --> ftp3.ftptoyoursite.com /web/content/SITEBACKUP_962012/modules/mod_arisexylightbox/includes/fields/elementscloner remove.gif
2012.09.06 15:14 B C:\inetpub\wwwroot\modules\mod_arisexylightbox\includes\fields\elementscloner\up.gif --> ftp3.ftptoyoursite.com /web/content/SITEBACKUP_962012/modules/mod_arisexylightbox/includes/fields/elementscloner up.gif
2012.09.06 15:14 B C:\inetpub\wwwroot\modules\mod_arisexylightbox\includes\fields\elementscloner\WS_FTP.LOG --> ftp3.ftptoyoursite.com /web/content/SITEBACKUP_962012/modules/mod_arisexylightbox/includes/fields/elementscloner WS_FTP.LOG
2012.10.23 09:16 B C:\inetpub\wwwroot\modules\mod_arisexylightbox\includes\fields\elementscloner\cloner.js --> ftp3.ftptoyoursite.com /web/content/modules/mod_arisexylightbox/includes/fields/elementscloner cloner.js
2012.10.23 09:16 B C:\inetpub\wwwroot\modules\mod_arisexylightbox\includes\fields\elementscloner\down.gif --> ftp3.ftptoyoursite.com /web/content/modules/mod_arisexylightbox/includes/fields/elementscloner down.gif
2012.10.23 09:16 B C:\inetpub\wwwroot\modules\mod_arisexylightbox\includes\fields\elementscloner\index.html --> ftp3.ftptoyoursite.com /web/content/modules/mod_arisexylightbox/includes/fields/elementscloner index.html
2012.10.23 09:16 B C:\inetpub\wwwroot\modules\mod_arisexylightbox\includes\fields\elementscloner\jquery.cloner.js --> ftp3.ftptoyoursite.com /web/content/modules/mod_arisexylightbox/includes/fields/elementscloner jquery.cloner.js
2012.10.23 09:16 B C:\inetpub\wwwroot\modules\mod_arisexylightbox\includes\fields\elementscloner\jquery.noconflict.js --> ftp3.ftptoyoursite.com /web/content/modules/mod_arisexylightbox/includes/fields/elementscloner jquery.noconflict.js
2012.10.23 09:16 B C:\inetpub\wwwroot\modules\mod_arisexylightbox\includes\fields\elementscloner\remove.gif --> ftp3.ftptoyoursite.com /web/content/modules/mod_arisexylightbox/includes/fields/elementscloner remove.gif
2012.10.23 09:16 B C:\inetpub\wwwroot\modules\mod_arisexylightbox\includes\fields\elementscloner\up.gif --> ftp3.ftptoyoursite.com /web/content/modules/mod_arisexylightbox/includes/fields/elementscloner up.gif
2012.10.23 09:16 B C:\inetpub\wwwroot\modules\mod_arisexylightbox\includes\fields\elementscloner\WS_FTP.LOG --> ftp3.ftptoyoursite.com /web/content/modules/mod_arisexylightbox/includes/fields/elementscloner WS_FTP.LOG
2013.02.01 15:02 B C:\inetpub\wwwroot\modules\mod_arisexylightbox\includes\fields\elementscloner\WS_FTP.LOG <-- Schubert Rackspace /web/content/modules/mod_arisexylightbox/includes/fields/elementscloner WS_FTP.LOG
