2012.07.25 12:15 B C:\Users\COBRIEN\Desktop\Schubert\components\com_jce\editor\tiny_mce\index.html <-- Schubert Rackspace /web/content/components/com_jce/editor/tiny_mce index.html
2012.07.25 12:15 B C:\Users\COBRIEN\Desktop\Schubert\components\com_jce\editor\tiny_mce\license.txt <-- Schubert Rackspace /web/content/components/com_jce/editor/tiny_mce license.txt
2012.07.25 12:15 B C:\Users\COBRIEN\Desktop\Schubert\components\com_jce\editor\tiny_mce\tiny_mce.js <-- Schubert Rackspace /web/content/components/com_jce/editor/tiny_mce tiny_mce.js
2012.07.25 12:15 B C:\Users\COBRIEN\Desktop\Schubert\components\com_jce\editor\tiny_mce\tiny_mce_popup.js <-- Schubert Rackspace /web/content/components/com_jce/editor/tiny_mce tiny_mce_popup.js
2012.09.04 10:51 B C:\inetpub\wwwroot\components\com_jce\editor\tiny_mce\index.html --> ftp3.ftptoyoursite.com /web/content/SITE-TEST/components/com_jce/editor/tiny_mce index.html
2012.09.04 10:51 B C:\inetpub\wwwroot\components\com_jce\editor\tiny_mce\license.txt --> ftp3.ftptoyoursite.com /web/content/SITE-TEST/components/com_jce/editor/tiny_mce license.txt
2012.09.04 10:51 B C:\inetpub\wwwroot\components\com_jce\editor\tiny_mce\tiny_mce.js --> ftp3.ftptoyoursite.com /web/content/SITE-TEST/components/com_jce/editor/tiny_mce tiny_mce.js
2012.09.04 10:51 B C:\inetpub\wwwroot\components\com_jce\editor\tiny_mce\tiny_mce_popup.js --> ftp3.ftptoyoursite.com /web/content/SITE-TEST/components/com_jce/editor/tiny_mce tiny_mce_popup.js
2012.09.04 10:51 B C:\inetpub\wwwroot\components\com_jce\editor\tiny_mce\WS_FTP.LOG --> ftp3.ftptoyoursite.com /web/content/SITE-TEST/components/com_jce/editor/tiny_mce WS_FTP.LOG
2012.09.06 15:09 B C:\inetpub\wwwroot\components\com_jce\editor\tiny_mce\index.html --> ftp3.ftptoyoursite.com /web/content/SITEBACKUP_962012/components/com_jce/editor/tiny_mce index.html
2012.09.06 15:09 B C:\inetpub\wwwroot\components\com_jce\editor\tiny_mce\license.txt --> ftp3.ftptoyoursite.com /web/content/SITEBACKUP_962012/components/com_jce/editor/tiny_mce license.txt
2012.09.06 15:09 B C:\inetpub\wwwroot\components\com_jce\editor\tiny_mce\tiny_mce.js --> ftp3.ftptoyoursite.com /web/content/SITEBACKUP_962012/components/com_jce/editor/tiny_mce tiny_mce.js
2012.09.06 15:09 B C:\inetpub\wwwroot\components\com_jce\editor\tiny_mce\tiny_mce_popup.js --> ftp3.ftptoyoursite.com /web/content/SITEBACKUP_962012/components/com_jce/editor/tiny_mce tiny_mce_popup.js
2012.09.06 15:09 B C:\inetpub\wwwroot\components\com_jce\editor\tiny_mce\WS_FTP.LOG --> ftp3.ftptoyoursite.com /web/content/SITEBACKUP_962012/components/com_jce/editor/tiny_mce WS_FTP.LOG
2012.09.06 15:49 B C:\inetpub\wwwroot\components\com_jce\editor\tiny_mce\index.html <-- Schubert Rackspace /web/content/SITEBACKUP_962012/components/com_jce/editor/tiny_mce index.html
2012.09.06 15:49 B C:\inetpub\wwwroot\components\com_jce\editor\tiny_mce\license.txt <-- Schubert Rackspace /web/content/SITEBACKUP_962012/components/com_jce/editor/tiny_mce license.txt
2012.09.06 15:49 B C:\inetpub\wwwroot\components\com_jce\editor\tiny_mce\tiny_mce.js <-- Schubert Rackspace /web/content/SITEBACKUP_962012/components/com_jce/editor/tiny_mce tiny_mce.js
2012.09.06 15:49 B C:\inetpub\wwwroot\components\com_jce\editor\tiny_mce\tiny_mce_popup.js <-- Schubert Rackspace /web/content/SITEBACKUP_962012/components/com_jce/editor/tiny_mce tiny_mce_popup.js
2012.10.23 09:12 B C:\inetpub\wwwroot\components\com_jce\editor\tiny_mce\index.html --> ftp3.ftptoyoursite.com /web/content/components/com_jce/editor/tiny_mce index.html
2012.10.23 09:12 B C:\inetpub\wwwroot\components\com_jce\editor\tiny_mce\license.txt --> ftp3.ftptoyoursite.com /web/content/components/com_jce/editor/tiny_mce license.txt
2012.10.23 09:12 B C:\inetpub\wwwroot\components\com_jce\editor\tiny_mce\tiny_mce.js --> ftp3.ftptoyoursite.com /web/content/components/com_jce/editor/tiny_mce tiny_mce.js
2012.10.23 09:12 B C:\inetpub\wwwroot\components\com_jce\editor\tiny_mce\tiny_mce_popup.js --> ftp3.ftptoyoursite.com /web/content/components/com_jce/editor/tiny_mce tiny_mce_popup.js
2012.10.23 09:12 B C:\inetpub\wwwroot\components\com_jce\editor\tiny_mce\WS_FTP.LOG --> ftp3.ftptoyoursite.com /web/content/components/com_jce/editor/tiny_mce WS_FTP.LOG
2013.02.01 14:49 B C:\inetpub\wwwroot\components\com_jce\editor\tiny_mce\WS_FTP.LOG <-- Schubert Rackspace /web/content/components/com_jce/editor/tiny_mce WS_FTP.LOG
