2012.07.25 12:11 B C:\Users\COBRIEN\Desktop\Schubert\administrator\components\com_menus\models\fields\index.html <-- Schubert Rackspace /web/content/administrator/components/com_menus/models/fields index.html
2012.07.25 12:11 B C:\Users\COBRIEN\Desktop\Schubert\administrator\components\com_menus\models\fields\menuordering.php <-- Schubert Rackspace /web/content/administrator/components/com_menus/models/fields menuordering.php
2012.07.25 12:11 B C:\Users\COBRIEN\Desktop\Schubert\administrator\components\com_menus\models\fields\menuparent.php <-- Schubert Rackspace /web/content/administrator/components/com_menus/models/fields menuparent.php
2012.07.25 12:11 B C:\Users\COBRIEN\Desktop\Schubert\administrator\components\com_menus\models\fields\menutype.php <-- Schubert Rackspace /web/content/administrator/components/com_menus/models/fields menutype.php
2012.09.04 10:45 B C:\inetpub\wwwroot\administrator\components\com_menus\models\fields\index.html --> ftp3.ftptoyoursite.com /web/content/SITE-TEST/administrator/components/com_menus/models/fields index.html
2012.09.04 10:45 B C:\inetpub\wwwroot\administrator\components\com_menus\models\fields\menuordering.php --> ftp3.ftptoyoursite.com /web/content/SITE-TEST/administrator/components/com_menus/models/fields menuordering.php
2012.09.04 10:45 B C:\inetpub\wwwroot\administrator\components\com_menus\models\fields\menuparent.php --> ftp3.ftptoyoursite.com /web/content/SITE-TEST/administrator/components/com_menus/models/fields menuparent.php
2012.09.04 10:45 B C:\inetpub\wwwroot\administrator\components\com_menus\models\fields\menutype.php --> ftp3.ftptoyoursite.com /web/content/SITE-TEST/administrator/components/com_menus/models/fields menutype.php
2012.09.04 10:45 B C:\inetpub\wwwroot\administrator\components\com_menus\models\fields\WS_FTP.LOG --> ftp3.ftptoyoursite.com /web/content/SITE-TEST/administrator/components/com_menus/models/fields WS_FTP.LOG
2012.09.06 15:00 B C:\inetpub\wwwroot\administrator\components\com_menus\models\fields\index.html --> ftp3.ftptoyoursite.com /web/content/SITEBACKUP_962012/administrator/components/com_menus/models/fields index.html
2012.09.06 15:00 B C:\inetpub\wwwroot\administrator\components\com_menus\models\fields\menuordering.php --> ftp3.ftptoyoursite.com /web/content/SITEBACKUP_962012/administrator/components/com_menus/models/fields menuordering.php
2012.09.06 15:00 B C:\inetpub\wwwroot\administrator\components\com_menus\models\fields\menuparent.php --> ftp3.ftptoyoursite.com /web/content/SITEBACKUP_962012/administrator/components/com_menus/models/fields menuparent.php
2012.09.06 15:00 B C:\inetpub\wwwroot\administrator\components\com_menus\models\fields\menutype.php --> ftp3.ftptoyoursite.com /web/content/SITEBACKUP_962012/administrator/components/com_menus/models/fields menutype.php
2012.09.06 15:00 B C:\inetpub\wwwroot\administrator\components\com_menus\models\fields\WS_FTP.LOG --> ftp3.ftptoyoursite.com /web/content/SITEBACKUP_962012/administrator/components/com_menus/models/fields WS_FTP.LOG
2012.09.06 15:21 B C:\inetpub\wwwroot\administrator\components\com_menus\models\fields\index.html <-- Schubert Rackspace /web/content/administrator/components/com_menus/models/fields index.html
2012.09.06 15:21 B C:\inetpub\wwwroot\administrator\components\com_menus\models\fields\menuordering.php <-- Schubert Rackspace /web/content/administrator/components/com_menus/models/fields menuordering.php
2012.09.06 15:21 B C:\inetpub\wwwroot\administrator\components\com_menus\models\fields\menuparent.php <-- Schubert Rackspace /web/content/administrator/components/com_menus/models/fields menuparent.php
2012.09.06 15:21 B C:\inetpub\wwwroot\administrator\components\com_menus\models\fields\menutype.php <-- Schubert Rackspace /web/content/administrator/components/com_menus/models/fields menutype.php
2012.09.06 15:44 B C:\inetpub\wwwroot\administrator\components\com_menus\models\fields\index.html <-- Schubert Rackspace /web/content/SITEBACKUP_962012/administrator/components/com_menus/models/fields index.html
2012.09.06 15:44 B C:\inetpub\wwwroot\administrator\components\com_menus\models\fields\menuordering.php <-- Schubert Rackspace /web/content/SITEBACKUP_962012/administrator/components/com_menus/models/fields menuordering.php
2012.09.06 15:44 B C:\inetpub\wwwroot\administrator\components\com_menus\models\fields\menuparent.php <-- Schubert Rackspace /web/content/SITEBACKUP_962012/administrator/components/com_menus/models/fields menuparent.php
2012.09.06 15:44 B C:\inetpub\wwwroot\administrator\components\com_menus\models\fields\menutype.php <-- Schubert Rackspace /web/content/SITEBACKUP_962012/administrator/components/com_menus/models/fields menutype.php
2012.10.23 09:05 B C:\inetpub\wwwroot\administrator\components\com_menus\models\fields\index.html --> ftp3.ftptoyoursite.com /web/content/administrator/components/com_menus/models/fields index.html
2012.10.23 09:05 B C:\inetpub\wwwroot\administrator\components\com_menus\models\fields\menuordering.php --> ftp3.ftptoyoursite.com /web/content/administrator/components/com_menus/models/fields menuordering.php
2012.10.23 09:05 B C:\inetpub\wwwroot\administrator\components\com_menus\models\fields\menuparent.php --> ftp3.ftptoyoursite.com /web/content/administrator/components/com_menus/models/fields menuparent.php
2012.10.23 09:05 B C:\inetpub\wwwroot\administrator\components\com_menus\models\fields\menutype.php --> ftp3.ftptoyoursite.com /web/content/administrator/components/com_menus/models/fields menutype.php
2012.10.23 09:05 B C:\inetpub\wwwroot\administrator\components\com_menus\models\fields\WS_FTP.LOG --> ftp3.ftptoyoursite.com /web/content/administrator/components/com_menus/models/fields WS_FTP.LOG
2013.02.01 14:42 B C:\inetpub\wwwroot\administrator\components\com_menus\models\fields\WS_FTP.LOG <-- Schubert Rackspace /web/content/administrator/components/com_menus/models/fields WS_FTP.LOG
