2012.07.25 12:17 B C:\Users\COBRIEN\Desktop\Schubert\libraries\joomla\database\table\asset.php <-- Schubert Rackspace /web/content/libraries/joomla/database/table asset.php
2012.07.25 12:17 B C:\Users\COBRIEN\Desktop\Schubert\libraries\joomla\database\table\category.php <-- Schubert Rackspace /web/content/libraries/joomla/database/table category.php
2012.07.25 12:17 B C:\Users\COBRIEN\Desktop\Schubert\libraries\joomla\database\table\content.php <-- Schubert Rackspace /web/content/libraries/joomla/database/table content.php
2012.07.25 12:17 B C:\Users\COBRIEN\Desktop\Schubert\libraries\joomla\database\table\extension.php <-- Schubert Rackspace /web/content/libraries/joomla/database/table extension.php
2012.07.25 12:17 B C:\Users\COBRIEN\Desktop\Schubert\libraries\joomla\database\table\index.html <-- Schubert Rackspace /web/content/libraries/joomla/database/table index.html
2012.07.25 12:17 B C:\Users\COBRIEN\Desktop\Schubert\libraries\joomla\database\table\language.php <-- Schubert Rackspace /web/content/libraries/joomla/database/table language.php
2012.07.25 12:17 B C:\Users\COBRIEN\Desktop\Schubert\libraries\joomla\database\table\menu.php <-- Schubert Rackspace /web/content/libraries/joomla/database/table menu.php
2012.07.25 12:17 B C:\Users\COBRIEN\Desktop\Schubert\libraries\joomla\database\table\menutype.php <-- Schubert Rackspace /web/content/libraries/joomla/database/table menutype.php
2012.07.25 12:17 B C:\Users\COBRIEN\Desktop\Schubert\libraries\joomla\database\table\module.php <-- Schubert Rackspace /web/content/libraries/joomla/database/table module.php
2012.07.25 12:17 B C:\Users\COBRIEN\Desktop\Schubert\libraries\joomla\database\table\session.php <-- Schubert Rackspace /web/content/libraries/joomla/database/table session.php
2012.07.25 12:17 B C:\Users\COBRIEN\Desktop\Schubert\libraries\joomla\database\table\update.php <-- Schubert Rackspace /web/content/libraries/joomla/database/table update.php
2012.07.25 12:17 B C:\Users\COBRIEN\Desktop\Schubert\libraries\joomla\database\table\user.php <-- Schubert Rackspace /web/content/libraries/joomla/database/table user.php
2012.07.25 12:17 B C:\Users\COBRIEN\Desktop\Schubert\libraries\joomla\database\table\usergroup.php <-- Schubert Rackspace /web/content/libraries/joomla/database/table usergroup.php
2012.07.25 12:17 B C:\Users\COBRIEN\Desktop\Schubert\libraries\joomla\database\table\viewlevel.php <-- Schubert Rackspace /web/content/libraries/joomla/database/table viewlevel.php
2012.09.04 10:54 B C:\inetpub\wwwroot\libraries\joomla\database\table\asset.php --> ftp3.ftptoyoursite.com /web/content/SITE-TEST/libraries/joomla/database/table asset.php
2012.09.04 10:54 B C:\inetpub\wwwroot\libraries\joomla\database\table\category.php --> ftp3.ftptoyoursite.com /web/content/SITE-TEST/libraries/joomla/database/table category.php
2012.09.04 10:54 B C:\inetpub\wwwroot\libraries\joomla\database\table\content.php --> ftp3.ftptoyoursite.com /web/content/SITE-TEST/libraries/joomla/database/table content.php
2012.09.04 10:54 B C:\inetpub\wwwroot\libraries\joomla\database\table\extension.php --> ftp3.ftptoyoursite.com /web/content/SITE-TEST/libraries/joomla/database/table extension.php
2012.09.04 10:54 B C:\inetpub\wwwroot\libraries\joomla\database\table\index.html --> ftp3.ftptoyoursite.com /web/content/SITE-TEST/libraries/joomla/database/table index.html
2012.09.04 10:54 B C:\inetpub\wwwroot\libraries\joomla\database\table\language.php --> ftp3.ftptoyoursite.com /web/content/SITE-TEST/libraries/joomla/database/table language.php
2012.09.04 10:54 B C:\inetpub\wwwroot\libraries\joomla\database\table\menu.php --> ftp3.ftptoyoursite.com /web/content/SITE-TEST/libraries/joomla/database/table menu.php
2012.09.04 10:54 B C:\inetpub\wwwroot\libraries\joomla\database\table\menutype.php --> ftp3.ftptoyoursite.com /web/content/SITE-TEST/libraries/joomla/database/table menutype.php
2012.09.04 10:54 B C:\inetpub\wwwroot\libraries\joomla\database\table\module.php --> ftp3.ftptoyoursite.com /web/content/SITE-TEST/libraries/joomla/database/table module.php
2012.09.04 10:54 B C:\inetpub\wwwroot\libraries\joomla\database\table\session.php --> ftp3.ftptoyoursite.com /web/content/SITE-TEST/libraries/joomla/database/table session.php
2012.09.04 10:54 B C:\inetpub\wwwroot\libraries\joomla\database\table\update.php --> ftp3.ftptoyoursite.com /web/content/SITE-TEST/libraries/joomla/database/table update.php
2012.09.04 10:54 B C:\inetpub\wwwroot\libraries\joomla\database\table\user.php --> ftp3.ftptoyoursite.com /web/content/SITE-TEST/libraries/joomla/database/table user.php
2012.09.04 10:54 B C:\inetpub\wwwroot\libraries\joomla\database\table\usergroup.php --> ftp3.ftptoyoursite.com /web/content/SITE-TEST/libraries/joomla/database/table usergroup.php
2012.09.04 10:54 B C:\inetpub\wwwroot\libraries\joomla\database\table\viewlevel.php --> ftp3.ftptoyoursite.com /web/content/SITE-TEST/libraries/joomla/database/table viewlevel.php
2012.09.04 10:54 B C:\inetpub\wwwroot\libraries\joomla\database\table\WS_FTP.LOG --> ftp3.ftptoyoursite.com /web/content/SITE-TEST/libraries/joomla/database/table WS_FTP.LOG
2012.09.06 15:12 B C:\inetpub\wwwroot\libraries\joomla\database\table\asset.php --> ftp3.ftptoyoursite.com /web/content/SITEBACKUP_962012/libraries/joomla/database/table asset.php
2012.09.06 15:12 B C:\inetpub\wwwroot\libraries\joomla\database\table\category.php --> ftp3.ftptoyoursite.com /web/content/SITEBACKUP_962012/libraries/joomla/database/table category.php
2012.09.06 15:12 B C:\inetpub\wwwroot\libraries\joomla\database\table\content.php --> ftp3.ftptoyoursite.com /web/content/SITEBACKUP_962012/libraries/joomla/database/table content.php
2012.09.06 15:12 B C:\inetpub\wwwroot\libraries\joomla\database\table\extension.php --> ftp3.ftptoyoursite.com /web/content/SITEBACKUP_962012/libraries/joomla/database/table extension.php
2012.09.06 15:12 B C:\inetpub\wwwroot\libraries\joomla\database\table\index.html --> ftp3.ftptoyoursite.com /web/content/SITEBACKUP_962012/libraries/joomla/database/table index.html
2012.09.06 15:12 B C:\inetpub\wwwroot\libraries\joomla\database\table\language.php --> ftp3.ftptoyoursite.com /web/content/SITEBACKUP_962012/libraries/joomla/database/table language.php
2012.09.06 15:12 B C:\inetpub\wwwroot\libraries\joomla\database\table\menu.php --> ftp3.ftptoyoursite.com /web/content/SITEBACKUP_962012/libraries/joomla/database/table menu.php
2012.09.06 15:12 B C:\inetpub\wwwroot\libraries\joomla\database\table\menutype.php --> ftp3.ftptoyoursite.com /web/content/SITEBACKUP_962012/libraries/joomla/database/table menutype.php
2012.09.06 15:12 B C:\inetpub\wwwroot\libraries\joomla\database\table\module.php --> ftp3.ftptoyoursite.com /web/content/SITEBACKUP_962012/libraries/joomla/database/table module.php
2012.09.06 15:12 B C:\inetpub\wwwroot\libraries\joomla\database\table\session.php --> ftp3.ftptoyoursite.com /web/content/SITEBACKUP_962012/libraries/joomla/database/table session.php
2012.09.06 15:12 B C:\inetpub\wwwroot\libraries\joomla\database\table\update.php --> ftp3.ftptoyoursite.com /web/content/SITEBACKUP_962012/libraries/joomla/database/table update.php
2012.09.06 15:12 B C:\inetpub\wwwroot\libraries\joomla\database\table\user.php --> ftp3.ftptoyoursite.com /web/content/SITEBACKUP_962012/libraries/joomla/database/table user.php
2012.09.06 15:12 B C:\inetpub\wwwroot\libraries\joomla\database\table\usergroup.php --> ftp3.ftptoyoursite.com /web/content/SITEBACKUP_962012/libraries/joomla/database/table usergroup.php
2012.09.06 15:12 B C:\inetpub\wwwroot\libraries\joomla\database\table\viewlevel.php --> ftp3.ftptoyoursite.com /web/content/SITEBACKUP_962012/libraries/joomla/database/table viewlevel.php
2012.09.06 15:12 B C:\inetpub\wwwroot\libraries\joomla\database\table\WS_FTP.LOG --> ftp3.ftptoyoursite.com /web/content/SITEBACKUP_962012/libraries/joomla/database/table WS_FTP.LOG
2012.10.23 09:15 B C:\inetpub\wwwroot\libraries\joomla\database\table\asset.php --> ftp3.ftptoyoursite.com /web/content/libraries/joomla/database/table asset.php
2012.10.23 09:15 B C:\inetpub\wwwroot\libraries\joomla\database\table\category.php --> ftp3.ftptoyoursite.com /web/content/libraries/joomla/database/table category.php
2012.10.23 09:15 B C:\inetpub\wwwroot\libraries\joomla\database\table\content.php --> ftp3.ftptoyoursite.com /web/content/libraries/joomla/database/table content.php
2012.10.23 09:15 B C:\inetpub\wwwroot\libraries\joomla\database\table\extension.php --> ftp3.ftptoyoursite.com /web/content/libraries/joomla/database/table extension.php
2012.10.23 09:15 B C:\inetpub\wwwroot\libraries\joomla\database\table\index.html --> ftp3.ftptoyoursite.com /web/content/libraries/joomla/database/table index.html
2012.10.23 09:15 B C:\inetpub\wwwroot\libraries\joomla\database\table\language.php --> ftp3.ftptoyoursite.com /web/content/libraries/joomla/database/table language.php
2012.10.23 09:15 B C:\inetpub\wwwroot\libraries\joomla\database\table\menu.php --> ftp3.ftptoyoursite.com /web/content/libraries/joomla/database/table menu.php
2012.10.23 09:15 B C:\inetpub\wwwroot\libraries\joomla\database\table\menutype.php --> ftp3.ftptoyoursite.com /web/content/libraries/joomla/database/table menutype.php
2012.10.23 09:15 B C:\inetpub\wwwroot\libraries\joomla\database\table\module.php --> ftp3.ftptoyoursite.com /web/content/libraries/joomla/database/table module.php
2012.10.23 09:15 B C:\inetpub\wwwroot\libraries\joomla\database\table\session.php --> ftp3.ftptoyoursite.com /web/content/libraries/joomla/database/table session.php
2012.10.23 09:15 B C:\inetpub\wwwroot\libraries\joomla\database\table\update.php --> ftp3.ftptoyoursite.com /web/content/libraries/joomla/database/table update.php
2012.10.23 09:15 B C:\inetpub\wwwroot\libraries\joomla\database\table\user.php --> ftp3.ftptoyoursite.com /web/content/libraries/joomla/database/table user.php
2012.10.23 09:15 B C:\inetpub\wwwroot\libraries\joomla\database\table\usergroup.php --> ftp3.ftptoyoursite.com /web/content/libraries/joomla/database/table usergroup.php
2012.10.23 09:15 B C:\inetpub\wwwroot\libraries\joomla\database\table\viewlevel.php --> ftp3.ftptoyoursite.com /web/content/libraries/joomla/database/table viewlevel.php
2012.10.23 09:15 B C:\inetpub\wwwroot\libraries\joomla\database\table\WS_FTP.LOG --> ftp3.ftptoyoursite.com /web/content/libraries/joomla/database/table WS_FTP.LOG
2013.02.01 14:54 B C:\inetpub\wwwroot\libraries\joomla\database\table\WS_FTP.LOG <-- Schubert Rackspace /web/content/libraries/joomla/database/table WS_FTP.LOG
