2012.09.04 10:51 B C:\inetpub\wwwroot\components\com_jdownloads\assets\lightbox\blank.gif --> ftp3.ftptoyoursite.com /web/content/SITE-TEST/components/com_jdownloads/assets/lightbox blank.gif
2012.09.04 10:51 B C:\inetpub\wwwroot\components\com_jdownloads\assets\lightbox\close.gif --> ftp3.ftptoyoursite.com /web/content/SITE-TEST/components/com_jdownloads/assets/lightbox close.gif
2012.09.04 10:51 B C:\inetpub\wwwroot\components\com_jdownloads\assets\lightbox\index.html --> ftp3.ftptoyoursite.com /web/content/SITE-TEST/components/com_jdownloads/assets/lightbox index.html
2012.09.04 10:51 B C:\inetpub\wwwroot\components\com_jdownloads\assets\lightbox\lightbox.css --> ftp3.ftptoyoursite.com /web/content/SITE-TEST/components/com_jdownloads/assets/lightbox lightbox.css
2012.09.04 10:51 B C:\inetpub\wwwroot\components\com_jdownloads\assets\lightbox\lightbox.js --> ftp3.ftptoyoursite.com /web/content/SITE-TEST/components/com_jdownloads/assets/lightbox lightbox.js
2012.09.04 10:51 B C:\inetpub\wwwroot\components\com_jdownloads\assets\lightbox\loading.gif --> ftp3.ftptoyoursite.com /web/content/SITE-TEST/components/com_jdownloads/assets/lightbox loading.gif
2012.09.04 10:51 B C:\inetpub\wwwroot\components\com_jdownloads\assets\lightbox\overlay.png --> ftp3.ftptoyoursite.com /web/content/SITE-TEST/components/com_jdownloads/assets/lightbox overlay.png
2012.09.06 15:09 B C:\inetpub\wwwroot\components\com_jdownloads\assets\lightbox\blank.gif --> ftp3.ftptoyoursite.com /web/content/SITEBACKUP_962012/components/com_jdownloads/assets/lightbox blank.gif
2012.09.06 15:09 B C:\inetpub\wwwroot\components\com_jdownloads\assets\lightbox\close.gif --> ftp3.ftptoyoursite.com /web/content/SITEBACKUP_962012/components/com_jdownloads/assets/lightbox close.gif
2012.09.06 15:09 B C:\inetpub\wwwroot\components\com_jdownloads\assets\lightbox\index.html --> ftp3.ftptoyoursite.com /web/content/SITEBACKUP_962012/components/com_jdownloads/assets/lightbox index.html
2012.09.06 15:09 B C:\inetpub\wwwroot\components\com_jdownloads\assets\lightbox\lightbox.css --> ftp3.ftptoyoursite.com /web/content/SITEBACKUP_962012/components/com_jdownloads/assets/lightbox lightbox.css
2012.09.06 15:09 B C:\inetpub\wwwroot\components\com_jdownloads\assets\lightbox\lightbox.js --> ftp3.ftptoyoursite.com /web/content/SITEBACKUP_962012/components/com_jdownloads/assets/lightbox lightbox.js
2012.09.06 15:09 B C:\inetpub\wwwroot\components\com_jdownloads\assets\lightbox\loading.gif --> ftp3.ftptoyoursite.com /web/content/SITEBACKUP_962012/components/com_jdownloads/assets/lightbox loading.gif
2012.09.06 15:09 B C:\inetpub\wwwroot\components\com_jdownloads\assets\lightbox\overlay.png --> ftp3.ftptoyoursite.com /web/content/SITEBACKUP_962012/components/com_jdownloads/assets/lightbox overlay.png
2012.09.06 15:09 B C:\inetpub\wwwroot\components\com_jdownloads\assets\lightbox\WS_FTP.LOG --> ftp3.ftptoyoursite.com /web/content/SITEBACKUP_962012/components/com_jdownloads/assets/lightbox WS_FTP.LOG
2012.09.06 15:49 B C:\inetpub\wwwroot\components\com_jdownloads\assets\lightbox\blank.gif <-- Schubert Rackspace /web/content/SITEBACKUP_962012/components/com_jdownloads/assets/lightbox blank.gif
2012.09.06 15:49 B C:\inetpub\wwwroot\components\com_jdownloads\assets\lightbox\close.gif <-- Schubert Rackspace /web/content/SITEBACKUP_962012/components/com_jdownloads/assets/lightbox close.gif
2012.09.06 15:49 B C:\inetpub\wwwroot\components\com_jdownloads\assets\lightbox\index.html <-- Schubert Rackspace /web/content/SITEBACKUP_962012/components/com_jdownloads/assets/lightbox index.html
2012.09.06 15:49 B C:\inetpub\wwwroot\components\com_jdownloads\assets\lightbox\lightbox.css <-- Schubert Rackspace /web/content/SITEBACKUP_962012/components/com_jdownloads/assets/lightbox lightbox.css
2012.09.06 15:49 B C:\inetpub\wwwroot\components\com_jdownloads\assets\lightbox\lightbox.js <-- Schubert Rackspace /web/content/SITEBACKUP_962012/components/com_jdownloads/assets/lightbox lightbox.js
2012.09.06 15:49 B C:\inetpub\wwwroot\components\com_jdownloads\assets\lightbox\loading.gif <-- Schubert Rackspace /web/content/SITEBACKUP_962012/components/com_jdownloads/assets/lightbox loading.gif
2012.09.06 15:49 B C:\inetpub\wwwroot\components\com_jdownloads\assets\lightbox\overlay.png <-- Schubert Rackspace /web/content/SITEBACKUP_962012/components/com_jdownloads/assets/lightbox overlay.png
2012.10.23 09:12 B C:\inetpub\wwwroot\components\com_jdownloads\assets\lightbox\blank.gif --> ftp3.ftptoyoursite.com /web/content/components/com_jdownloads/assets/lightbox blank.gif
2012.10.23 09:12 B C:\inetpub\wwwroot\components\com_jdownloads\assets\lightbox\close.gif --> ftp3.ftptoyoursite.com /web/content/components/com_jdownloads/assets/lightbox close.gif
2012.10.23 09:12 B C:\inetpub\wwwroot\components\com_jdownloads\assets\lightbox\index.html --> ftp3.ftptoyoursite.com /web/content/components/com_jdownloads/assets/lightbox index.html
2012.10.23 09:12 B C:\inetpub\wwwroot\components\com_jdownloads\assets\lightbox\lightbox.css --> ftp3.ftptoyoursite.com /web/content/components/com_jdownloads/assets/lightbox lightbox.css
2012.10.23 09:12 B C:\inetpub\wwwroot\components\com_jdownloads\assets\lightbox\lightbox.js --> ftp3.ftptoyoursite.com /web/content/components/com_jdownloads/assets/lightbox lightbox.js
2012.10.23 09:12 B C:\inetpub\wwwroot\components\com_jdownloads\assets\lightbox\loading.gif --> ftp3.ftptoyoursite.com /web/content/components/com_jdownloads/assets/lightbox loading.gif
2012.10.23 09:12 B C:\inetpub\wwwroot\components\com_jdownloads\assets\lightbox\overlay.png --> ftp3.ftptoyoursite.com /web/content/components/com_jdownloads/assets/lightbox overlay.png
2012.10.23 09:12 B C:\inetpub\wwwroot\components\com_jdownloads\assets\lightbox\WS_FTP.LOG --> ftp3.ftptoyoursite.com /web/content/components/com_jdownloads/assets/lightbox WS_FTP.LOG
2013.02.01 14:49 B C:\inetpub\wwwroot\components\com_jdownloads\assets\lightbox\WS_FTP.LOG <-- Schubert Rackspace /web/content/components/com_jdownloads/assets/lightbox WS_FTP.LOG
