2012.07.25 12:19 B C:\Users\COBRIEN\Desktop\Schubert\modules\mod_PlimunNivoSlider\fonts\Caviar-Dreams-fontfacekit\CaviarDreams_Bold-webfont.eot <-- Schubert Rackspace /web/content/modules/mod_PlimunNivoSlider/fonts/Caviar-Dreams-fontfacekit CaviarDreams_Bold-webfont.eot
2012.07.25 12:19 B C:\Users\COBRIEN\Desktop\Schubert\modules\mod_PlimunNivoSlider\fonts\Caviar-Dreams-fontfacekit\CaviarDreams_Bold-webfont.svg <-- Schubert Rackspace /web/content/modules/mod_PlimunNivoSlider/fonts/Caviar-Dreams-fontfacekit CaviarDreams_Bold-webfont.svg
2012.07.25 12:19 B C:\Users\COBRIEN\Desktop\Schubert\modules\mod_PlimunNivoSlider\fonts\Caviar-Dreams-fontfacekit\CaviarDreams_Bold-webfont.ttf <-- Schubert Rackspace /web/content/modules/mod_PlimunNivoSlider/fonts/Caviar-Dreams-fontfacekit CaviarDreams_Bold-webfont.ttf
2012.07.25 12:19 B C:\Users\COBRIEN\Desktop\Schubert\modules\mod_PlimunNivoSlider\fonts\Caviar-Dreams-fontfacekit\CaviarDreams_Bold-webfont.woff <-- Schubert Rackspace /web/content/modules/mod_PlimunNivoSlider/fonts/Caviar-Dreams-fontfacekit CaviarDreams_Bold-webfont.woff
2012.07.25 12:19 B C:\Users\COBRIEN\Desktop\Schubert\modules\mod_PlimunNivoSlider\fonts\Caviar-Dreams-fontfacekit\index.html <-- Schubert Rackspace /web/content/modules/mod_PlimunNivoSlider/fonts/Caviar-Dreams-fontfacekit index.html
2012.09.04 10:56 B C:\inetpub\wwwroot\modules\mod_PlimunNivoSlider\fonts\Caviar-Dreams-fontfacekit\CaviarDreams_Bold-webfont.eot --> ftp3.ftptoyoursite.com /web/content/SITE-TEST/modules/mod_PlimunNivoSlider/fonts/Caviar-Dreams-fontfacekit CaviarDreams_Bold-webfont.eot
2012.09.04 10:56 B C:\inetpub\wwwroot\modules\mod_PlimunNivoSlider\fonts\Caviar-Dreams-fontfacekit\CaviarDreams_Bold-webfont.svg --> ftp3.ftptoyoursite.com /web/content/SITE-TEST/modules/mod_PlimunNivoSlider/fonts/Caviar-Dreams-fontfacekit CaviarDreams_Bold-webfont.svg
2012.09.04 10:56 B C:\inetpub\wwwroot\modules\mod_PlimunNivoSlider\fonts\Caviar-Dreams-fontfacekit\CaviarDreams_Bold-webfont.ttf --> ftp3.ftptoyoursite.com /web/content/SITE-TEST/modules/mod_PlimunNivoSlider/fonts/Caviar-Dreams-fontfacekit CaviarDreams_Bold-webfont.ttf
2012.09.04 10:56 B C:\inetpub\wwwroot\modules\mod_PlimunNivoSlider\fonts\Caviar-Dreams-fontfacekit\CaviarDreams_Bold-webfont.woff --> ftp3.ftptoyoursite.com /web/content/SITE-TEST/modules/mod_PlimunNivoSlider/fonts/Caviar-Dreams-fontfacekit CaviarDreams_Bold-webfont.woff
2012.09.04 10:56 B C:\inetpub\wwwroot\modules\mod_PlimunNivoSlider\fonts\Caviar-Dreams-fontfacekit\index.html --> ftp3.ftptoyoursite.com /web/content/SITE-TEST/modules/mod_PlimunNivoSlider/fonts/Caviar-Dreams-fontfacekit index.html
2012.09.04 10:56 B C:\inetpub\wwwroot\modules\mod_PlimunNivoSlider\fonts\Caviar-Dreams-fontfacekit\WS_FTP.LOG --> ftp3.ftptoyoursite.com /web/content/SITE-TEST/modules/mod_PlimunNivoSlider/fonts/Caviar-Dreams-fontfacekit WS_FTP.LOG
2012.09.06 15:15 B C:\inetpub\wwwroot\modules\mod_PlimunNivoSlider\fonts\Caviar-Dreams-fontfacekit\CaviarDreams_Bold-webfont.eot --> ftp3.ftptoyoursite.com /web/content/SITEBACKUP_962012/modules/mod_PlimunNivoSlider/fonts/Caviar-Dreams-fontfacekit CaviarDreams_Bold-webfont.eot
2012.09.06 15:15 B C:\inetpub\wwwroot\modules\mod_PlimunNivoSlider\fonts\Caviar-Dreams-fontfacekit\CaviarDreams_Bold-webfont.svg --> ftp3.ftptoyoursite.com /web/content/SITEBACKUP_962012/modules/mod_PlimunNivoSlider/fonts/Caviar-Dreams-fontfacekit CaviarDreams_Bold-webfont.svg
2012.09.06 15:15 B C:\inetpub\wwwroot\modules\mod_PlimunNivoSlider\fonts\Caviar-Dreams-fontfacekit\CaviarDreams_Bold-webfont.ttf --> ftp3.ftptoyoursite.com /web/content/SITEBACKUP_962012/modules/mod_PlimunNivoSlider/fonts/Caviar-Dreams-fontfacekit CaviarDreams_Bold-webfont.ttf
2012.09.06 15:15 B C:\inetpub\wwwroot\modules\mod_PlimunNivoSlider\fonts\Caviar-Dreams-fontfacekit\CaviarDreams_Bold-webfont.woff --> ftp3.ftptoyoursite.com /web/content/SITEBACKUP_962012/modules/mod_PlimunNivoSlider/fonts/Caviar-Dreams-fontfacekit CaviarDreams_Bold-webfont.woff
2012.09.06 15:15 B C:\inetpub\wwwroot\modules\mod_PlimunNivoSlider\fonts\Caviar-Dreams-fontfacekit\index.html --> ftp3.ftptoyoursite.com /web/content/SITEBACKUP_962012/modules/mod_PlimunNivoSlider/fonts/Caviar-Dreams-fontfacekit index.html
2012.09.06 15:15 B C:\inetpub\wwwroot\modules\mod_PlimunNivoSlider\fonts\Caviar-Dreams-fontfacekit\WS_FTP.LOG --> ftp3.ftptoyoursite.com /web/content/SITEBACKUP_962012/modules/mod_PlimunNivoSlider/fonts/Caviar-Dreams-fontfacekit WS_FTP.LOG
2012.10.23 09:17 B C:\inetpub\wwwroot\modules\mod_PlimunNivoSlider\fonts\Caviar-Dreams-fontfacekit\CaviarDreams_Bold-webfont.eot --> ftp3.ftptoyoursite.com /web/content/modules/mod_PlimunNivoSlider/fonts/Caviar-Dreams-fontfacekit CaviarDreams_Bold-webfont.eot
2012.10.23 09:17 B C:\inetpub\wwwroot\modules\mod_PlimunNivoSlider\fonts\Caviar-Dreams-fontfacekit\CaviarDreams_Bold-webfont.svg --> ftp3.ftptoyoursite.com /web/content/modules/mod_PlimunNivoSlider/fonts/Caviar-Dreams-fontfacekit CaviarDreams_Bold-webfont.svg
2012.10.23 09:17 B C:\inetpub\wwwroot\modules\mod_PlimunNivoSlider\fonts\Caviar-Dreams-fontfacekit\CaviarDreams_Bold-webfont.ttf --> ftp3.ftptoyoursite.com /web/content/modules/mod_PlimunNivoSlider/fonts/Caviar-Dreams-fontfacekit CaviarDreams_Bold-webfont.ttf
2012.10.23 09:17 B C:\inetpub\wwwroot\modules\mod_PlimunNivoSlider\fonts\Caviar-Dreams-fontfacekit\CaviarDreams_Bold-webfont.woff --> ftp3.ftptoyoursite.com /web/content/modules/mod_PlimunNivoSlider/fonts/Caviar-Dreams-fontfacekit CaviarDreams_Bold-webfont.woff
2012.10.23 09:17 B C:\inetpub\wwwroot\modules\mod_PlimunNivoSlider\fonts\Caviar-Dreams-fontfacekit\index.html --> ftp3.ftptoyoursite.com /web/content/modules/mod_PlimunNivoSlider/fonts/Caviar-Dreams-fontfacekit index.html
2012.10.23 09:17 B C:\inetpub\wwwroot\modules\mod_PlimunNivoSlider\fonts\Caviar-Dreams-fontfacekit\WS_FTP.LOG --> ftp3.ftptoyoursite.com /web/content/modules/mod_PlimunNivoSlider/fonts/Caviar-Dreams-fontfacekit WS_FTP.LOG
2013.02.01 15:03 B C:\inetpub\wwwroot\modules\mod_PlimunNivoSlider\fonts\Caviar-Dreams-fontfacekit\WS_FTP.LOG <-- Schubert Rackspace /web/content/modules/mod_PlimunNivoSlider/fonts/Caviar-Dreams-fontfacekit WS_FTP.LOG
