2012.07.25 12:12 B C:\Users\COBRIEN\Desktop\Schubert\administrator\components\com_templates\models\index.html <-- Schubert Rackspace /web/content/administrator/components/com_templates/models index.html
2012.07.25 12:12 B C:\Users\COBRIEN\Desktop\Schubert\administrator\components\com_templates\models\source.php <-- Schubert Rackspace /web/content/administrator/components/com_templates/models source.php
2012.07.25 12:12 B C:\Users\COBRIEN\Desktop\Schubert\administrator\components\com_templates\models\style.php <-- Schubert Rackspace /web/content/administrator/components/com_templates/models style.php
2012.07.25 12:12 B C:\Users\COBRIEN\Desktop\Schubert\administrator\components\com_templates\models\styles.php <-- Schubert Rackspace /web/content/administrator/components/com_templates/models styles.php
2012.07.25 12:12 B C:\Users\COBRIEN\Desktop\Schubert\administrator\components\com_templates\models\template.php <-- Schubert Rackspace /web/content/administrator/components/com_templates/models template.php
2012.07.25 12:12 B C:\Users\COBRIEN\Desktop\Schubert\administrator\components\com_templates\models\templates.php <-- Schubert Rackspace /web/content/administrator/components/com_templates/models templates.php
2012.09.04 10:46 B C:\inetpub\wwwroot\administrator\components\com_templates\models\index.html --> ftp3.ftptoyoursite.com /web/content/SITE-TEST/administrator/components/com_templates/models index.html
2012.09.04 10:46 B C:\inetpub\wwwroot\administrator\components\com_templates\models\source.php --> ftp3.ftptoyoursite.com /web/content/SITE-TEST/administrator/components/com_templates/models source.php
2012.09.04 10:46 B C:\inetpub\wwwroot\administrator\components\com_templates\models\style.php --> ftp3.ftptoyoursite.com /web/content/SITE-TEST/administrator/components/com_templates/models style.php
2012.09.04 10:46 B C:\inetpub\wwwroot\administrator\components\com_templates\models\styles.php --> ftp3.ftptoyoursite.com /web/content/SITE-TEST/administrator/components/com_templates/models styles.php
2012.09.04 10:46 B C:\inetpub\wwwroot\administrator\components\com_templates\models\template.php --> ftp3.ftptoyoursite.com /web/content/SITE-TEST/administrator/components/com_templates/models template.php
2012.09.04 10:46 B C:\inetpub\wwwroot\administrator\components\com_templates\models\templates.php --> ftp3.ftptoyoursite.com /web/content/SITE-TEST/administrator/components/com_templates/models templates.php
2012.09.04 10:46 B C:\inetpub\wwwroot\administrator\components\com_templates\models\WS_FTP.LOG --> ftp3.ftptoyoursite.com /web/content/SITE-TEST/administrator/components/com_templates/models WS_FTP.LOG
2012.09.06 15:03 B C:\inetpub\wwwroot\administrator\components\com_templates\models\index.html --> ftp3.ftptoyoursite.com /web/content/SITEBACKUP_962012/administrator/components/com_templates/models index.html
2012.09.06 15:03 B C:\inetpub\wwwroot\administrator\components\com_templates\models\source.php --> ftp3.ftptoyoursite.com /web/content/SITEBACKUP_962012/administrator/components/com_templates/models source.php
2012.09.06 15:03 B C:\inetpub\wwwroot\administrator\components\com_templates\models\style.php --> ftp3.ftptoyoursite.com /web/content/SITEBACKUP_962012/administrator/components/com_templates/models style.php
2012.09.06 15:03 B C:\inetpub\wwwroot\administrator\components\com_templates\models\styles.php --> ftp3.ftptoyoursite.com /web/content/SITEBACKUP_962012/administrator/components/com_templates/models styles.php
2012.09.06 15:03 B C:\inetpub\wwwroot\administrator\components\com_templates\models\template.php --> ftp3.ftptoyoursite.com /web/content/SITEBACKUP_962012/administrator/components/com_templates/models template.php
2012.09.06 15:03 B C:\inetpub\wwwroot\administrator\components\com_templates\models\templates.php --> ftp3.ftptoyoursite.com /web/content/SITEBACKUP_962012/administrator/components/com_templates/models templates.php
2012.09.06 15:03 B C:\inetpub\wwwroot\administrator\components\com_templates\models\WS_FTP.LOG --> ftp3.ftptoyoursite.com /web/content/SITEBACKUP_962012/administrator/components/com_templates/models WS_FTP.LOG
2012.09.06 15:45 B C:\inetpub\wwwroot\administrator\components\com_templates\models\index.html <-- Schubert Rackspace /web/content/SITEBACKUP_962012/administrator/components/com_templates/models index.html
2012.09.06 15:45 B C:\inetpub\wwwroot\administrator\components\com_templates\models\source.php <-- Schubert Rackspace /web/content/SITEBACKUP_962012/administrator/components/com_templates/models source.php
2012.09.06 15:45 B C:\inetpub\wwwroot\administrator\components\com_templates\models\style.php <-- Schubert Rackspace /web/content/SITEBACKUP_962012/administrator/components/com_templates/models style.php
2012.09.06 15:45 B C:\inetpub\wwwroot\administrator\components\com_templates\models\styles.php <-- Schubert Rackspace /web/content/SITEBACKUP_962012/administrator/components/com_templates/models styles.php
2012.09.06 15:45 B C:\inetpub\wwwroot\administrator\components\com_templates\models\template.php <-- Schubert Rackspace /web/content/SITEBACKUP_962012/administrator/components/com_templates/models template.php
2012.09.06 15:45 B C:\inetpub\wwwroot\administrator\components\com_templates\models\templates.php <-- Schubert Rackspace /web/content/SITEBACKUP_962012/administrator/components/com_templates/models templates.php
2012.10.23 09:07 B C:\inetpub\wwwroot\administrator\components\com_templates\models\index.html --> ftp3.ftptoyoursite.com /web/content/administrator/components/com_templates/models index.html
2012.10.23 09:07 B C:\inetpub\wwwroot\administrator\components\com_templates\models\source.php --> ftp3.ftptoyoursite.com /web/content/administrator/components/com_templates/models source.php
2012.10.23 09:07 B C:\inetpub\wwwroot\administrator\components\com_templates\models\style.php --> ftp3.ftptoyoursite.com /web/content/administrator/components/com_templates/models style.php
2012.10.23 09:07 B C:\inetpub\wwwroot\administrator\components\com_templates\models\styles.php --> ftp3.ftptoyoursite.com /web/content/administrator/components/com_templates/models styles.php
2012.10.23 09:07 B C:\inetpub\wwwroot\administrator\components\com_templates\models\template.php --> ftp3.ftptoyoursite.com /web/content/administrator/components/com_templates/models template.php
2012.10.23 09:07 B C:\inetpub\wwwroot\administrator\components\com_templates\models\templates.php --> ftp3.ftptoyoursite.com /web/content/administrator/components/com_templates/models templates.php
2012.10.23 09:07 B C:\inetpub\wwwroot\administrator\components\com_templates\models\WS_FTP.LOG --> ftp3.ftptoyoursite.com /web/content/administrator/components/com_templates/models WS_FTP.LOG
2013.02.01 14:43 B C:\inetpub\wwwroot\administrator\components\com_templates\models\WS_FTP.LOG <-- Schubert Rackspace /web/content/administrator/components/com_templates/models WS_FTP.LOG
