2012.07.25 12:16 B C:\Users\COBRIEN\Desktop\Schubert\images\top-images\1-Anatase-Pigments---stock-photo-stack-of-clean-white-ceramic-cups-in-a-restaurant-kitchen-94687441.jpg <-- Schubert Rackspace /web/content/images/top-images 1-Anatase-Pigments---stock-photo-stack-of-clean-white-ceramic-cups-in-a-restaurant-kitchen-94687441.jpg
2012.07.25 12:16 B C:\Users\COBRIEN\Desktop\Schubert\images\top-images\10-Fabrics---stock-photo-colorful-satin-fabrics-47852593.jpg <-- Schubert Rackspace /web/content/images/top-images 10-Fabrics---stock-photo-colorful-satin-fabrics-47852593.jpg
2012.07.25 12:16 B C:\Users\COBRIEN\Desktop\Schubert\images\top-images\2-Coatings---stock-photo-worker-painting-a-car-42992926.jpg <-- Schubert Rackspace /web/content/images/top-images 2-Coatings---stock-photo-worker-painting-a-car-42992926.jpg
2012.07.25 12:16 B C:\Users\COBRIEN\Desktop\Schubert\images\top-images\3-Plastics---stock-photo-plastic-green-old-chairs-in-stadium-100444495.jpg <-- Schubert Rackspace /web/content/images/top-images 3-Plastics---stock-photo-plastic-green-old-chairs-in-stadium-100444495.jpg
2012.07.25 12:16 B C:\Users\COBRIEN\Desktop\Schubert\images\top-images\4-Paper---stock-photo-warm-colors-palette-arc-wave-form-papers-83174356.jpg <-- Schubert Rackspace /web/content/images/top-images 4-Paper---stock-photo-warm-colors-palette-arc-wave-form-papers-83174356.jpg
2012.07.25 12:16 B C:\Users\COBRIEN\Desktop\Schubert\images\top-images\5-Non-Pigment---stock-photo-many-glasses-lies-on-the-mirror-63932782.jpg <-- Schubert Rackspace /web/content/images/top-images 5-Non-Pigment---stock-photo-many-glasses-lies-on-the-mirror-63932782.jpg
2012.07.25 12:16 B C:\Users\COBRIEN\Desktop\Schubert\images\top-images\6-Ti-Chemicals---stock-photo-colorful-reels-of-threads-background-a-series-of-tailor-related-images-51625675.jpg <-- Schubert Rackspace /web/content/images/top-images 6-Ti-Chemicals---stock-photo-colorful-reels-of-threads-background-a-series-of-tailor-related-images-51625675.jpg
2012.07.25 12:16 B C:\Users\COBRIEN\Desktop\Schubert\images\top-images\7-Plastics---stock-photo-control-panel-and-cd-in-a-modern-car-62925394.jpg <-- Schubert Rackspace /web/content/images/top-images 7-Plastics---stock-photo-control-panel-and-cd-in-a-modern-car-62925394.jpg
2012.07.25 12:16 B C:\Users\COBRIEN\Desktop\Schubert\images\top-images\8-Coatings---stock-photo-colored-powder-coating-70269286.jpg <-- Schubert Rackspace /web/content/images/top-images 8-Coatings---stock-photo-colored-powder-coating-70269286.jpg
2012.07.25 12:16 B C:\Users\COBRIEN\Desktop\Schubert\images\top-images\9-Paper---stock-photo-boxes-90190702.jpg <-- Schubert Rackspace /web/content/images/top-images 9-Paper---stock-photo-boxes-90190702.jpg
2012.07.25 12:16 B C:\Users\COBRIEN\Desktop\Schubert\images\top-images\aboutKronos.png <-- Schubert Rackspace /web/content/images/top-images aboutKronos.png
2012.07.25 12:16 B C:\Users\COBRIEN\Desktop\Schubert\images\top-images\applications-coatings.jpg <-- Schubert Rackspace /web/content/images/top-images applications-coatings.jpg
2012.07.25 12:16 B C:\Users\COBRIEN\Desktop\Schubert\images\top-images\applications-paper.jpg <-- Schubert Rackspace /web/content/images/top-images applications-paper.jpg
2012.07.25 12:16 B C:\Users\COBRIEN\Desktop\Schubert\images\top-images\applications-plastics.jpg <-- Schubert Rackspace /web/content/images/top-images applications-plastics.jpg
2012.07.25 12:16 B C:\Users\COBRIEN\Desktop\Schubert\images\top-images\careers.png <-- Schubert Rackspace /web/content/images/top-images careers.png
2012.07.25 12:16 B C:\Users\COBRIEN\Desktop\Schubert\images\top-images\facilities.png <-- Schubert Rackspace /web/content/images/top-images facilities.png
2012.07.25 12:16 B C:\Users\COBRIEN\Desktop\Schubert\images\top-images\fredrikstad.png <-- Schubert Rackspace /web/content/images/top-images fredrikstad.png
2012.07.25 12:16 B C:\Users\COBRIEN\Desktop\Schubert\images\top-images\hauge.png <-- Schubert Rackspace /web/content/images/top-images hauge.png
2012.07.25 12:16 B C:\Users\COBRIEN\Desktop\Schubert\images\top-images\lakecharles.png <-- Schubert Rackspace /web/content/images/top-images lakecharles.png
2012.07.25 12:16 B C:\Users\COBRIEN\Desktop\Schubert\images\top-images\langerbrugge.png <-- Schubert Rackspace /web/content/images/top-images langerbrugge.png
2012.07.25 12:16 B C:\Users\COBRIEN\Desktop\Schubert\images\top-images\leverkusen.png <-- Schubert Rackspace /web/content/images/top-images leverkusen.png
2012.07.25 12:16 B C:\Users\COBRIEN\Desktop\Schubert\images\top-images\newsEvents.png <-- Schubert Rackspace /web/content/images/top-images newsEvents.png
2012.07.25 12:16 B C:\Users\COBRIEN\Desktop\Schubert\images\top-images\nordenham.png <-- Schubert Rackspace /web/content/images/top-images nordenham.png
2012.07.25 12:16 B C:\Users\COBRIEN\Desktop\Schubert\images\top-images\photocatalysts.png <-- Schubert Rackspace /web/content/images/top-images photocatalysts.png
2012.07.25 12:16 B C:\Users\COBRIEN\Desktop\Schubert\images\top-images\products-anatase-pigments.jpg <-- Schubert Rackspace /web/content/images/top-images products-anatase-pigments.jpg
2012.07.25 12:16 B C:\Users\COBRIEN\Desktop\Schubert\images\top-images\products-coatings.jpg <-- Schubert Rackspace /web/content/images/top-images products-coatings.jpg
2012.07.25 12:16 B C:\Users\COBRIEN\Desktop\Schubert\images\top-images\products-fabrics.jpg <-- Schubert Rackspace /web/content/images/top-images products-fabrics.jpg
2012.07.25 12:16 B C:\Users\COBRIEN\Desktop\Schubert\images\top-images\products-paper.jpg <-- Schubert Rackspace /web/content/images/top-images products-paper.jpg
2012.07.25 12:16 B C:\Users\COBRIEN\Desktop\Schubert\images\top-images\products-plastics.jpg <-- Schubert Rackspace /web/content/images/top-images products-plastics.jpg
2012.07.25 12:16 B C:\Users\COBRIEN\Desktop\Schubert\images\top-images\technicalServices.png <-- Schubert Rackspace /web/content/images/top-images technicalServices.png
2012.07.25 12:16 B C:\Users\COBRIEN\Desktop\Schubert\images\top-images\tio2-chemicals.jpg <-- Schubert Rackspace /web/content/images/top-images tio2-chemicals.jpg
2012.07.25 12:16 B C:\Users\COBRIEN\Desktop\Schubert\images\top-images\varennes.png <-- Schubert Rackspace /web/content/images/top-images varennes.png
2012.07.25 12:16 B C:\Users\COBRIEN\Desktop\Schubert\images\top-images\without-pigment.jpg <-- Schubert Rackspace /web/content/images/top-images without-pigment.jpg
2012.09.04 10:52 B C:\inetpub\wwwroot\images\top-images\1-Anatase-Pigments---stock-photo-stack-of-clean-white-ceramic-cups-in-a-restaurant-kitchen-94687441.jpg --> ftp3.ftptoyoursite.com /web/content/SITE-TEST/images/top-images 1-Anatase-Pigments---stock-photo-stack-of-clean-white-ceramic-cups-in-a-restaurant-kitchen-94687441.jpg
2012.09.04 10:52 B C:\inetpub\wwwroot\images\top-images\10-Fabrics---stock-photo-colorful-satin-fabrics-47852593.jpg --> ftp3.ftptoyoursite.com /web/content/SITE-TEST/images/top-images 10-Fabrics---stock-photo-colorful-satin-fabrics-47852593.jpg
2012.09.04 10:52 B C:\inetpub\wwwroot\images\top-images\2-Coatings---stock-photo-worker-painting-a-car-42992926.jpg --> ftp3.ftptoyoursite.com /web/content/SITE-TEST/images/top-images 2-Coatings---stock-photo-worker-painting-a-car-42992926.jpg
2012.09.04 10:52 B C:\inetpub\wwwroot\images\top-images\3-Plastics---stock-photo-plastic-green-old-chairs-in-stadium-100444495.jpg --> ftp3.ftptoyoursite.com /web/content/SITE-TEST/images/top-images 3-Plastics---stock-photo-plastic-green-old-chairs-in-stadium-100444495.jpg
2012.09.04 10:52 B C:\inetpub\wwwroot\images\top-images\4-Paper---stock-photo-warm-colors-palette-arc-wave-form-papers-83174356.jpg --> ftp3.ftptoyoursite.com /web/content/SITE-TEST/images/top-images 4-Paper---stock-photo-warm-colors-palette-arc-wave-form-papers-83174356.jpg
2012.09.04 10:52 B C:\inetpub\wwwroot\images\top-images\5-Non-Pigment---stock-photo-many-glasses-lies-on-the-mirror-63932782.jpg --> ftp3.ftptoyoursite.com /web/content/SITE-TEST/images/top-images 5-Non-Pigment---stock-photo-many-glasses-lies-on-the-mirror-63932782.jpg
2012.09.04 10:52 B C:\inetpub\wwwroot\images\top-images\6-Ti-Chemicals---stock-photo-colorful-reels-of-threads-background-a-series-of-tailor-related-images-51625675.jpg --> ftp3.ftptoyoursite.com /web/content/SITE-TEST/images/top-images 6-Ti-Chemicals---stock-photo-colorful-reels-of-threads-background-a-series-of-tailor-related-images-51625675.jpg
2012.09.04 10:52 B C:\inetpub\wwwroot\images\top-images\7-Plastics---stock-photo-control-panel-and-cd-in-a-modern-car-62925394.jpg --> ftp3.ftptoyoursite.com /web/content/SITE-TEST/images/top-images 7-Plastics---stock-photo-control-panel-and-cd-in-a-modern-car-62925394.jpg
2012.09.04 10:52 B C:\inetpub\wwwroot\images\top-images\8-Coatings---stock-photo-colored-powder-coating-70269286.jpg --> ftp3.ftptoyoursite.com /web/content/SITE-TEST/images/top-images 8-Coatings---stock-photo-colored-powder-coating-70269286.jpg
2012.09.04 10:52 B C:\inetpub\wwwroot\images\top-images\9-Paper---stock-photo-boxes-90190702.jpg --> ftp3.ftptoyoursite.com /web/content/SITE-TEST/images/top-images 9-Paper---stock-photo-boxes-90190702.jpg
2012.09.04 10:52 B C:\inetpub\wwwroot\images\top-images\aboutKronos.png --> ftp3.ftptoyoursite.com /web/content/SITE-TEST/images/top-images aboutKronos.png
2012.09.04 10:52 B C:\inetpub\wwwroot\images\top-images\applications-coatings.jpg --> ftp3.ftptoyoursite.com /web/content/SITE-TEST/images/top-images applications-coatings.jpg
2012.09.04 10:52 B C:\inetpub\wwwroot\images\top-images\applications-paper.jpg --> ftp3.ftptoyoursite.com /web/content/SITE-TEST/images/top-images applications-paper.jpg
2012.09.04 10:52 B C:\inetpub\wwwroot\images\top-images\applications-plastics.jpg --> ftp3.ftptoyoursite.com /web/content/SITE-TEST/images/top-images applications-plastics.jpg
2012.09.04 10:52 B C:\inetpub\wwwroot\images\top-images\careers.png --> ftp3.ftptoyoursite.com /web/content/SITE-TEST/images/top-images careers.png
2012.09.04 10:52 B C:\inetpub\wwwroot\images\top-images\facilities.png --> ftp3.ftptoyoursite.com /web/content/SITE-TEST/images/top-images facilities.png
2012.09.04 10:52 B C:\inetpub\wwwroot\images\top-images\fredrikstad.png --> ftp3.ftptoyoursite.com /web/content/SITE-TEST/images/top-images fredrikstad.png
2012.09.04 10:52 B C:\inetpub\wwwroot\images\top-images\hauge.png --> ftp3.ftptoyoursite.com /web/content/SITE-TEST/images/top-images hauge.png
2012.09.04 10:52 B C:\inetpub\wwwroot\images\top-images\lakecharles.png --> ftp3.ftptoyoursite.com /web/content/SITE-TEST/images/top-images lakecharles.png
2012.09.04 10:52 B C:\inetpub\wwwroot\images\top-images\langerbrugge.png --> ftp3.ftptoyoursite.com /web/content/SITE-TEST/images/top-images langerbrugge.png
2012.09.04 10:52 B C:\inetpub\wwwroot\images\top-images\leverkusen.png --> ftp3.ftptoyoursite.com /web/content/SITE-TEST/images/top-images leverkusen.png
2012.09.04 10:52 B C:\inetpub\wwwroot\images\top-images\newsEvents.png --> ftp3.ftptoyoursite.com /web/content/SITE-TEST/images/top-images newsEvents.png
2012.09.04 10:52 B C:\inetpub\wwwroot\images\top-images\nordenham.png --> ftp3.ftptoyoursite.com /web/content/SITE-TEST/images/top-images nordenham.png
2012.09.04 10:52 B C:\inetpub\wwwroot\images\top-images\photocatalysts.png --> ftp3.ftptoyoursite.com /web/content/SITE-TEST/images/top-images photocatalysts.png
2012.09.04 10:52 B C:\inetpub\wwwroot\images\top-images\products-anatase-pigments.jpg --> ftp3.ftptoyoursite.com /web/content/SITE-TEST/images/top-images products-anatase-pigments.jpg
2012.09.04 10:52 B C:\inetpub\wwwroot\images\top-images\products-coatings.jpg --> ftp3.ftptoyoursite.com /web/content/SITE-TEST/images/top-images products-coatings.jpg
2012.09.04 10:52 B C:\inetpub\wwwroot\images\top-images\products-fabrics.jpg --> ftp3.ftptoyoursite.com /web/content/SITE-TEST/images/top-images products-fabrics.jpg
2012.09.04 10:52 B C:\inetpub\wwwroot\images\top-images\products-paper.jpg --> ftp3.ftptoyoursite.com /web/content/SITE-TEST/images/top-images products-paper.jpg
2012.09.04 10:52 B C:\inetpub\wwwroot\images\top-images\products-plastics.jpg --> ftp3.ftptoyoursite.com /web/content/SITE-TEST/images/top-images products-plastics.jpg
2012.09.04 10:52 B C:\inetpub\wwwroot\images\top-images\sustainability.png --> ftp3.ftptoyoursite.com /web/content/SITE-TEST/images/top-images sustainability.png
2012.09.04 10:52 B C:\inetpub\wwwroot\images\top-images\technicalServices.png --> ftp3.ftptoyoursite.com /web/content/SITE-TEST/images/top-images technicalServices.png
2012.09.04 10:52 B C:\inetpub\wwwroot\images\top-images\tio2-chemicals.jpg --> ftp3.ftptoyoursite.com /web/content/SITE-TEST/images/top-images tio2-chemicals.jpg
2012.09.04 10:52 B C:\inetpub\wwwroot\images\top-images\tio2.png --> ftp3.ftptoyoursite.com /web/content/SITE-TEST/images/top-images tio2.png
2012.09.04 10:52 B C:\inetpub\wwwroot\images\top-images\varennes.png --> ftp3.ftptoyoursite.com /web/content/SITE-TEST/images/top-images varennes.png
2012.09.04 10:52 B C:\inetpub\wwwroot\images\top-images\weathering.png --> ftp3.ftptoyoursite.com /web/content/SITE-TEST/images/top-images weathering.png
2012.09.04 10:52 B C:\inetpub\wwwroot\images\top-images\without-pigment.jpg --> ftp3.ftptoyoursite.com /web/content/SITE-TEST/images/top-images without-pigment.jpg
2012.09.04 10:52 B C:\inetpub\wwwroot\images\top-images\WS_FTP.LOG --> ftp3.ftptoyoursite.com /web/content/SITE-TEST/images/top-images WS_FTP.LOG
2012.09.06 15:10 B C:\inetpub\wwwroot\images\top-images\1-Anatase-Pigments---stock-photo-stack-of-clean-white-ceramic-cups-in-a-restaurant-kitchen-94687441.jpg --> ftp3.ftptoyoursite.com /web/content/SITEBACKUP_962012/images/top-images 1-Anatase-Pigments---stock-photo-stack-of-clean-white-ceramic-cups-in-a-restaurant-kitchen-94687441.jpg
2012.09.06 15:10 B C:\inetpub\wwwroot\images\top-images\10-Fabrics---stock-photo-colorful-satin-fabrics-47852593.jpg --> ftp3.ftptoyoursite.com /web/content/SITEBACKUP_962012/images/top-images 10-Fabrics---stock-photo-colorful-satin-fabrics-47852593.jpg
2012.09.06 15:10 B C:\inetpub\wwwroot\images\top-images\2-Coatings---stock-photo-worker-painting-a-car-42992926.jpg --> ftp3.ftptoyoursite.com /web/content/SITEBACKUP_962012/images/top-images 2-Coatings---stock-photo-worker-painting-a-car-42992926.jpg
2012.09.06 15:10 B C:\inetpub\wwwroot\images\top-images\3-Plastics---stock-photo-plastic-green-old-chairs-in-stadium-100444495.jpg --> ftp3.ftptoyoursite.com /web/content/SITEBACKUP_962012/images/top-images 3-Plastics---stock-photo-plastic-green-old-chairs-in-stadium-100444495.jpg
2012.09.06 15:10 B C:\inetpub\wwwroot\images\top-images\4-Paper---stock-photo-warm-colors-palette-arc-wave-form-papers-83174356.jpg --> ftp3.ftptoyoursite.com /web/content/SITEBACKUP_962012/images/top-images 4-Paper---stock-photo-warm-colors-palette-arc-wave-form-papers-83174356.jpg
2012.09.06 15:10 B C:\inetpub\wwwroot\images\top-images\5-Non-Pigment---stock-photo-many-glasses-lies-on-the-mirror-63932782.jpg --> ftp3.ftptoyoursite.com /web/content/SITEBACKUP_962012/images/top-images 5-Non-Pigment---stock-photo-many-glasses-lies-on-the-mirror-63932782.jpg
2012.09.06 15:10 B C:\inetpub\wwwroot\images\top-images\6-Ti-Chemicals---stock-photo-colorful-reels-of-threads-background-a-series-of-tailor-related-images-51625675.jpg --> ftp3.ftptoyoursite.com /web/content/SITEBACKUP_962012/images/top-images 6-Ti-Chemicals---stock-photo-colorful-reels-of-threads-background-a-series-of-tailor-related-images-51625675.jpg
2012.09.06 15:10 B C:\inetpub\wwwroot\images\top-images\7-Plastics---stock-photo-control-panel-and-cd-in-a-modern-car-62925394.jpg --> ftp3.ftptoyoursite.com /web/content/SITEBACKUP_962012/images/top-images 7-Plastics---stock-photo-control-panel-and-cd-in-a-modern-car-62925394.jpg
2012.09.06 15:10 B C:\inetpub\wwwroot\images\top-images\8-Coatings---stock-photo-colored-powder-coating-70269286.jpg --> ftp3.ftptoyoursite.com /web/content/SITEBACKUP_962012/images/top-images 8-Coatings---stock-photo-colored-powder-coating-70269286.jpg
2012.09.06 15:10 B C:\inetpub\wwwroot\images\top-images\9-Paper---stock-photo-boxes-90190702.jpg --> ftp3.ftptoyoursite.com /web/content/SITEBACKUP_962012/images/top-images 9-Paper---stock-photo-boxes-90190702.jpg
2012.09.06 15:10 B C:\inetpub\wwwroot\images\top-images\aboutKronos.png --> ftp3.ftptoyoursite.com /web/content/SITEBACKUP_962012/images/top-images aboutKronos.png
2012.09.06 15:10 B C:\inetpub\wwwroot\images\top-images\applications-coatings.jpg --> ftp3.ftptoyoursite.com /web/content/SITEBACKUP_962012/images/top-images applications-coatings.jpg
2012.09.06 15:10 B C:\inetpub\wwwroot\images\top-images\applications-paper.jpg --> ftp3.ftptoyoursite.com /web/content/SITEBACKUP_962012/images/top-images applications-paper.jpg
2012.09.06 15:10 B C:\inetpub\wwwroot\images\top-images\applications-plastics.jpg --> ftp3.ftptoyoursite.com /web/content/SITEBACKUP_962012/images/top-images applications-plastics.jpg
2012.09.06 15:10 B C:\inetpub\wwwroot\images\top-images\careers.png --> ftp3.ftptoyoursite.com /web/content/SITEBACKUP_962012/images/top-images careers.png
2012.09.06 15:10 B C:\inetpub\wwwroot\images\top-images\facilities.png --> ftp3.ftptoyoursite.com /web/content/SITEBACKUP_962012/images/top-images facilities.png
2012.09.06 15:10 B C:\inetpub\wwwroot\images\top-images\fredrikstad.png --> ftp3.ftptoyoursite.com /web/content/SITEBACKUP_962012/images/top-images fredrikstad.png
2012.09.06 15:10 B C:\inetpub\wwwroot\images\top-images\hauge.png --> ftp3.ftptoyoursite.com /web/content/SITEBACKUP_962012/images/top-images hauge.png
2012.09.06 15:10 B C:\inetpub\wwwroot\images\top-images\lakecharles.png --> ftp3.ftptoyoursite.com /web/content/SITEBACKUP_962012/images/top-images lakecharles.png
2012.09.06 15:10 B C:\inetpub\wwwroot\images\top-images\langerbrugge.png --> ftp3.ftptoyoursite.com /web/content/SITEBACKUP_962012/images/top-images langerbrugge.png
2012.09.06 15:10 B C:\inetpub\wwwroot\images\top-images\leverkusen.png --> ftp3.ftptoyoursite.com /web/content/SITEBACKUP_962012/images/top-images leverkusen.png
2012.09.06 15:10 B C:\inetpub\wwwroot\images\top-images\newsEvents.png --> ftp3.ftptoyoursite.com /web/content/SITEBACKUP_962012/images/top-images newsEvents.png
2012.09.06 15:10 B C:\inetpub\wwwroot\images\top-images\nordenham.png --> ftp3.ftptoyoursite.com /web/content/SITEBACKUP_962012/images/top-images nordenham.png
2012.09.06 15:10 B C:\inetpub\wwwroot\images\top-images\photocatalysts.png --> ftp3.ftptoyoursite.com /web/content/SITEBACKUP_962012/images/top-images photocatalysts.png
2012.09.06 15:10 B C:\inetpub\wwwroot\images\top-images\products-anatase-pigments.jpg --> ftp3.ftptoyoursite.com /web/content/SITEBACKUP_962012/images/top-images products-anatase-pigments.jpg
2012.09.06 15:10 B C:\inetpub\wwwroot\images\top-images\products-coatings.jpg --> ftp3.ftptoyoursite.com /web/content/SITEBACKUP_962012/images/top-images products-coatings.jpg
2012.09.06 15:10 B C:\inetpub\wwwroot\images\top-images\products-fabrics.jpg --> ftp3.ftptoyoursite.com /web/content/SITEBACKUP_962012/images/top-images products-fabrics.jpg
2012.09.06 15:10 B C:\inetpub\wwwroot\images\top-images\products-paper.jpg --> ftp3.ftptoyoursite.com /web/content/SITEBACKUP_962012/images/top-images products-paper.jpg
2012.09.06 15:10 B C:\inetpub\wwwroot\images\top-images\products-plastics.jpg --> ftp3.ftptoyoursite.com /web/content/SITEBACKUP_962012/images/top-images products-plastics.jpg
2012.09.06 15:10 B C:\inetpub\wwwroot\images\top-images\sustainability.png --> ftp3.ftptoyoursite.com /web/content/SITEBACKUP_962012/images/top-images sustainability.png
2012.09.06 15:10 B C:\inetpub\wwwroot\images\top-images\technicalServices.png --> ftp3.ftptoyoursite.com /web/content/SITEBACKUP_962012/images/top-images technicalServices.png
2012.09.06 15:10 B C:\inetpub\wwwroot\images\top-images\tio2-chemicals.jpg --> ftp3.ftptoyoursite.com /web/content/SITEBACKUP_962012/images/top-images tio2-chemicals.jpg
2012.09.06 15:10 B C:\inetpub\wwwroot\images\top-images\tio2.png --> ftp3.ftptoyoursite.com /web/content/SITEBACKUP_962012/images/top-images tio2.png
2012.09.06 15:10 B C:\inetpub\wwwroot\images\top-images\varennes.png --> ftp3.ftptoyoursite.com /web/content/SITEBACKUP_962012/images/top-images varennes.png
2012.09.06 15:10 B C:\inetpub\wwwroot\images\top-images\weathering.png --> ftp3.ftptoyoursite.com /web/content/SITEBACKUP_962012/images/top-images weathering.png
2012.09.06 15:10 B C:\inetpub\wwwroot\images\top-images\without-pigment.jpg --> ftp3.ftptoyoursite.com /web/content/SITEBACKUP_962012/images/top-images without-pigment.jpg
2012.09.06 15:10 B C:\inetpub\wwwroot\images\top-images\WS_FTP.LOG --> ftp3.ftptoyoursite.com /web/content/SITEBACKUP_962012/images/top-images WS_FTP.LOG
2012.09.06 15:33 B C:\inetpub\wwwroot\images\top-images\1-Anatase-Pigments---stock-photo-stack-of-clean-white-ceramic-cups-in-a-restaurant-kitchen-94687441.jpg <-- Schubert Rackspace /web/content/images/top-images 1-Anatase-Pigments---stock-photo-stack-of-clean-white-ceramic-cups-in-a-restaurant-kitchen-94687441.jpg
2012.09.06 15:33 B C:\inetpub\wwwroot\images\top-images\10-Fabrics---stock-photo-colorful-satin-fabrics-47852593.jpg <-- Schubert Rackspace /web/content/images/top-images 10-Fabrics---stock-photo-colorful-satin-fabrics-47852593.jpg
2012.09.06 15:33 B C:\inetpub\wwwroot\images\top-images\2-Coatings---stock-photo-worker-painting-a-car-42992926.jpg <-- Schubert Rackspace /web/content/images/top-images 2-Coatings---stock-photo-worker-painting-a-car-42992926.jpg
2012.09.06 15:33 B C:\inetpub\wwwroot\images\top-images\3-Plastics---stock-photo-plastic-green-old-chairs-in-stadium-100444495.jpg <-- Schubert Rackspace /web/content/images/top-images 3-Plastics---stock-photo-plastic-green-old-chairs-in-stadium-100444495.jpg
2012.09.06 15:33 B C:\inetpub\wwwroot\images\top-images\4-Paper---stock-photo-warm-colors-palette-arc-wave-form-papers-83174356.jpg <-- Schubert Rackspace /web/content/images/top-images 4-Paper---stock-photo-warm-colors-palette-arc-wave-form-papers-83174356.jpg
2012.09.06 15:33 B C:\inetpub\wwwroot\images\top-images\5-Non-Pigment---stock-photo-many-glasses-lies-on-the-mirror-63932782.jpg <-- Schubert Rackspace /web/content/images/top-images 5-Non-Pigment---stock-photo-many-glasses-lies-on-the-mirror-63932782.jpg
2012.09.06 15:33 B C:\inetpub\wwwroot\images\top-images\6-Ti-Chemicals---stock-photo-colorful-reels-of-threads-background-a-series-of-tailor-related-images-51625675.jpg <-- Schubert Rackspace /web/content/images/top-images 6-Ti-Chemicals---stock-photo-colorful-reels-of-threads-background-a-series-of-tailor-related-images-51625675.jpg
2012.09.06 15:33 B C:\inetpub\wwwroot\images\top-images\7-Plastics---stock-photo-control-panel-and-cd-in-a-modern-car-62925394.jpg <-- Schubert Rackspace /web/content/images/top-images 7-Plastics---stock-photo-control-panel-and-cd-in-a-modern-car-62925394.jpg
2012.09.06 15:33 B C:\inetpub\wwwroot\images\top-images\8-Coatings---stock-photo-colored-powder-coating-70269286.jpg <-- Schubert Rackspace /web/content/images/top-images 8-Coatings---stock-photo-colored-powder-coating-70269286.jpg
2012.09.06 15:33 B C:\inetpub\wwwroot\images\top-images\9-Paper---stock-photo-boxes-90190702.jpg <-- Schubert Rackspace /web/content/images/top-images 9-Paper---stock-photo-boxes-90190702.jpg
2012.09.06 15:33 B C:\inetpub\wwwroot\images\top-images\aboutKronos.png <-- Schubert Rackspace /web/content/images/top-images aboutKronos.png
2012.09.06 15:33 B C:\inetpub\wwwroot\images\top-images\applications-coatings.jpg <-- Schubert Rackspace /web/content/images/top-images applications-coatings.jpg
2012.09.06 15:33 B C:\inetpub\wwwroot\images\top-images\applications-paper.jpg <-- Schubert Rackspace /web/content/images/top-images applications-paper.jpg
2012.09.06 15:33 B C:\inetpub\wwwroot\images\top-images\applications-plastics.jpg <-- Schubert Rackspace /web/content/images/top-images applications-plastics.jpg
2012.09.06 15:33 B C:\inetpub\wwwroot\images\top-images\careers.png <-- Schubert Rackspace /web/content/images/top-images careers.png
2012.09.06 15:33 B C:\inetpub\wwwroot\images\top-images\facilities.png <-- Schubert Rackspace /web/content/images/top-images facilities.png
2012.09.06 15:33 B C:\inetpub\wwwroot\images\top-images\fredrikstad.png <-- Schubert Rackspace /web/content/images/top-images fredrikstad.png
2012.09.06 15:33 B C:\inetpub\wwwroot\images\top-images\hauge.png <-- Schubert Rackspace /web/content/images/top-images hauge.png
2012.09.06 15:33 B C:\inetpub\wwwroot\images\top-images\lakecharles.png <-- Schubert Rackspace /web/content/images/top-images lakecharles.png
2012.09.06 15:33 B C:\inetpub\wwwroot\images\top-images\langerbrugge.png <-- Schubert Rackspace /web/content/images/top-images langerbrugge.png
2012.09.06 15:33 B C:\inetpub\wwwroot\images\top-images\leverkusen.png <-- Schubert Rackspace /web/content/images/top-images leverkusen.png
2012.09.06 15:33 B C:\inetpub\wwwroot\images\top-images\newsEvents.png <-- Schubert Rackspace /web/content/images/top-images newsEvents.png
2012.09.06 15:33 B C:\inetpub\wwwroot\images\top-images\nordenham.png <-- Schubert Rackspace /web/content/images/top-images nordenham.png
2012.09.06 15:33 B C:\inetpub\wwwroot\images\top-images\photocatalysts.png <-- Schubert Rackspace /web/content/images/top-images photocatalysts.png
2012.09.06 15:33 B C:\inetpub\wwwroot\images\top-images\products-anatase-pigments.jpg <-- Schubert Rackspace /web/content/images/top-images products-anatase-pigments.jpg
2012.09.06 15:33 B C:\inetpub\wwwroot\images\top-images\products-coatings.jpg <-- Schubert Rackspace /web/content/images/top-images products-coatings.jpg
2012.09.06 15:33 B C:\inetpub\wwwroot\images\top-images\products-fabrics.jpg <-- Schubert Rackspace /web/content/images/top-images products-fabrics.jpg
2012.09.06 15:33 B C:\inetpub\wwwroot\images\top-images\products-paper.jpg <-- Schubert Rackspace /web/content/images/top-images products-paper.jpg
2012.09.06 15:33 B C:\inetpub\wwwroot\images\top-images\products-plastics.jpg <-- Schubert Rackspace /web/content/images/top-images products-plastics.jpg
2012.09.06 15:33 B C:\inetpub\wwwroot\images\top-images\sustainability.png <-- Schubert Rackspace /web/content/images/top-images sustainability.png
2012.09.06 15:33 B C:\inetpub\wwwroot\images\top-images\technicalServices.png <-- Schubert Rackspace /web/content/images/top-images technicalServices.png
2012.09.06 15:33 B C:\inetpub\wwwroot\images\top-images\tio2-chemicals.jpg <-- Schubert Rackspace /web/content/images/top-images tio2-chemicals.jpg
2012.09.06 15:33 B C:\inetpub\wwwroot\images\top-images\tio2.png <-- Schubert Rackspace /web/content/images/top-images tio2.png
2012.09.06 15:33 B C:\inetpub\wwwroot\images\top-images\varennes.png <-- Schubert Rackspace /web/content/images/top-images varennes.png
2012.09.06 15:33 B C:\inetpub\wwwroot\images\top-images\weathering.png <-- Schubert Rackspace /web/content/images/top-images weathering.png
2012.09.06 15:33 B C:\inetpub\wwwroot\images\top-images\without-pigment.jpg <-- Schubert Rackspace /web/content/images/top-images without-pigment.jpg
2012.09.10 12:22 B C:\inetpub\wwwroot\images\top-images\weathering.png <-- Schubert Rackspace /web/content/images/top-images weathering.png
2012.09.10 12:39 B C:\inetpub\wwwroot\images\top-images\applications-coatings.jpg <-- Schubert Rackspace /web/content/images/top-images applications-coatings.jpg
2012.09.10 12:41 B C:\inetpub\wwwroot\images\top-images\applications-coatings.jpg <-- Schubert Rackspace /web/content/images/top-images applications-coatings.jpg
2012.09.20 09:32 B C:\inetpub\wwwroot\images\top-images\lakecharles-1.png --> ftp3.ftptoyoursite.com /web/content/images/top-images lakecharles-1.png
2012.09.20 09:32 B C:\inetpub\wwwroot\images\top-images\lakecharles.png <-- Schubert Rackspace /web/content/images/top-images lakecharles.png
2012.10.11 16:06 B C:\inetpub\wwwroot\images\top-images\aboutKronos.png <-- Schubert Rackspace /web/content/images/top-images aboutKronos.png
2012.10.23 09:13 B C:\inetpub\wwwroot\images\top-images\1-Anatase-Pigments---stock-photo-stack-of-clean-white-ceramic-cups-in-a-restaurant-kitchen-94687441.jpg --> ftp3.ftptoyoursite.com /web/content/images/top-images 1-Anatase-Pigments---stock-photo-stack-of-clean-white-ceramic-cups-in-a-restaurant-kitchen-94687441.jpg
2012.10.23 09:13 B C:\inetpub\wwwroot\images\top-images\10-Fabrics---stock-photo-colorful-satin-fabrics-47852593.jpg --> ftp3.ftptoyoursite.com /web/content/images/top-images 10-Fabrics---stock-photo-colorful-satin-fabrics-47852593.jpg
2012.10.23 09:13 B C:\inetpub\wwwroot\images\top-images\2-Coatings---stock-photo-worker-painting-a-car-42992926.jpg --> ftp3.ftptoyoursite.com /web/content/images/top-images 2-Coatings---stock-photo-worker-painting-a-car-42992926.jpg
2012.10.23 09:13 B C:\inetpub\wwwroot\images\top-images\3-Plastics---stock-photo-plastic-green-old-chairs-in-stadium-100444495.jpg --> ftp3.ftptoyoursite.com /web/content/images/top-images 3-Plastics---stock-photo-plastic-green-old-chairs-in-stadium-100444495.jpg
2012.10.23 09:13 B C:\inetpub\wwwroot\images\top-images\4-Paper---stock-photo-warm-colors-palette-arc-wave-form-papers-83174356.jpg --> ftp3.ftptoyoursite.com /web/content/images/top-images 4-Paper---stock-photo-warm-colors-palette-arc-wave-form-papers-83174356.jpg
2012.10.23 09:13 B C:\inetpub\wwwroot\images\top-images\5-Non-Pigment---stock-photo-many-glasses-lies-on-the-mirror-63932782.jpg --> ftp3.ftptoyoursite.com /web/content/images/top-images 5-Non-Pigment---stock-photo-many-glasses-lies-on-the-mirror-63932782.jpg
2012.10.23 09:13 B C:\inetpub\wwwroot\images\top-images\6-Ti-Chemicals---stock-photo-colorful-reels-of-threads-background-a-series-of-tailor-related-images-51625675.jpg --> ftp3.ftptoyoursite.com /web/content/images/top-images 6-Ti-Chemicals---stock-photo-colorful-reels-of-threads-background-a-series-of-tailor-related-images-51625675.jpg
2012.10.23 09:13 B C:\inetpub\wwwroot\images\top-images\7-Plastics---stock-photo-control-panel-and-cd-in-a-modern-car-62925394.jpg --> ftp3.ftptoyoursite.com /web/content/images/top-images 7-Plastics---stock-photo-control-panel-and-cd-in-a-modern-car-62925394.jpg
2012.10.23 09:13 B C:\inetpub\wwwroot\images\top-images\8-Coatings---stock-photo-colored-powder-coating-70269286.jpg --> ftp3.ftptoyoursite.com /web/content/images/top-images 8-Coatings---stock-photo-colored-powder-coating-70269286.jpg
2012.10.23 09:13 B C:\inetpub\wwwroot\images\top-images\9-Paper---stock-photo-boxes-90190702.jpg --> ftp3.ftptoyoursite.com /web/content/images/top-images 9-Paper---stock-photo-boxes-90190702.jpg
2012.10.23 09:13 B C:\inetpub\wwwroot\images\top-images\aboutKronos.png --> ftp3.ftptoyoursite.com /web/content/images/top-images aboutKronos.png
2012.10.23 09:13 B C:\inetpub\wwwroot\images\top-images\applications-coatings.jpg --> ftp3.ftptoyoursite.com /web/content/images/top-images applications-coatings.jpg
2012.10.23 09:13 B C:\inetpub\wwwroot\images\top-images\applications-paper.jpg --> ftp3.ftptoyoursite.com /web/content/images/top-images applications-paper.jpg
2012.10.23 09:13 B C:\inetpub\wwwroot\images\top-images\applications-plastics.jpg --> ftp3.ftptoyoursite.com /web/content/images/top-images applications-plastics.jpg
2012.10.23 09:13 B C:\inetpub\wwwroot\images\top-images\careers.png --> ftp3.ftptoyoursite.com /web/content/images/top-images careers.png
2012.10.23 09:13 B C:\inetpub\wwwroot\images\top-images\facilities.png --> ftp3.ftptoyoursite.com /web/content/images/top-images facilities.png
2012.10.23 09:13 B C:\inetpub\wwwroot\images\top-images\fredrikstad.png --> ftp3.ftptoyoursite.com /web/content/images/top-images fredrikstad.png
2012.10.23 09:13 B C:\inetpub\wwwroot\images\top-images\hauge.png --> ftp3.ftptoyoursite.com /web/content/images/top-images hauge.png
2012.10.23 09:13 B C:\inetpub\wwwroot\images\top-images\investorRelations.png --> ftp3.ftptoyoursite.com /web/content/images/top-images investorRelations.png
2012.10.23 09:13 B C:\inetpub\wwwroot\images\top-images\lakecharles-1.png --> ftp3.ftptoyoursite.com /web/content/images/top-images lakecharles-1.png
2012.10.23 09:13 B C:\inetpub\wwwroot\images\top-images\lakecharles.png --> ftp3.ftptoyoursite.com /web/content/images/top-images lakecharles.png
2012.10.23 09:13 B C:\inetpub\wwwroot\images\top-images\langerbrugge.png --> ftp3.ftptoyoursite.com /web/content/images/top-images langerbrugge.png
2012.10.23 09:13 B C:\inetpub\wwwroot\images\top-images\leverkusen.png --> ftp3.ftptoyoursite.com /web/content/images/top-images leverkusen.png
2012.10.23 09:13 B C:\inetpub\wwwroot\images\top-images\newsEvents.png --> ftp3.ftptoyoursite.com /web/content/images/top-images newsEvents.png
2012.10.23 09:13 B C:\inetpub\wwwroot\images\top-images\nordenham.png --> ftp3.ftptoyoursite.com /web/content/images/top-images nordenham.png
2012.10.23 09:13 B C:\inetpub\wwwroot\images\top-images\photocatalysts.png --> ftp3.ftptoyoursite.com /web/content/images/top-images photocatalysts.png
2012.10.23 09:13 B C:\inetpub\wwwroot\images\top-images\products-anatase-pigments.jpg --> ftp3.ftptoyoursite.com /web/content/images/top-images products-anatase-pigments.jpg
2012.10.23 09:13 B C:\inetpub\wwwroot\images\top-images\products-coatings.jpg --> ftp3.ftptoyoursite.com /web/content/images/top-images products-coatings.jpg
2012.10.23 09:13 B C:\inetpub\wwwroot\images\top-images\products-fabrics.jpg --> ftp3.ftptoyoursite.com /web/content/images/top-images products-fabrics.jpg
2012.10.23 09:13 B C:\inetpub\wwwroot\images\top-images\products-paper.jpg --> ftp3.ftptoyoursite.com /web/content/images/top-images products-paper.jpg
2012.10.23 09:13 B C:\inetpub\wwwroot\images\top-images\products-plastics.jpg --> ftp3.ftptoyoursite.com /web/content/images/top-images products-plastics.jpg
2012.10.23 09:13 B C:\inetpub\wwwroot\images\top-images\sustainability.png --> ftp3.ftptoyoursite.com /web/content/images/top-images sustainability.png
2012.10.23 09:13 B C:\inetpub\wwwroot\images\top-images\technicalServices.png --> ftp3.ftptoyoursite.com /web/content/images/top-images technicalServices.png
2012.10.23 09:13 B C:\inetpub\wwwroot\images\top-images\tio2-chemicals.jpg --> ftp3.ftptoyoursite.com /web/content/images/top-images tio2-chemicals.jpg
2012.10.23 09:13 B C:\inetpub\wwwroot\images\top-images\tio2.png --> ftp3.ftptoyoursite.com /web/content/images/top-images tio2.png
2012.10.23 09:13 B C:\inetpub\wwwroot\images\top-images\varennes.png --> ftp3.ftptoyoursite.com /web/content/images/top-images varennes.png
2012.10.23 09:13 B C:\inetpub\wwwroot\images\top-images\weathering.png --> ftp3.ftptoyoursite.com /web/content/images/top-images weathering.png
2012.10.23 09:13 B C:\inetpub\wwwroot\images\top-images\without-pigment.jpg --> ftp3.ftptoyoursite.com /web/content/images/top-images without-pigment.jpg
2012.10.23 09:13 B C:\inetpub\wwwroot\images\top-images\WS_FTP.LOG --> ftp3.ftptoyoursite.com /web/content/images/top-images WS_FTP.LOG
2013.02.01 14:51 B C:\inetpub\wwwroot\images\top-images\WS_FTP.LOG <-- Schubert Rackspace /web/content/images/top-images WS_FTP.LOG
