2013.02.04 11:33 B C:\inetpub\wwwroot\phpMyAdmin\js\openlayers\theme\default\img\add_point_off.png <-- Schubert Rackspace /web/content/db/phpMyAdmin/js/openlayers/theme/default/img add_point_off.png
2013.02.04 11:33 B C:\inetpub\wwwroot\phpMyAdmin\js\openlayers\theme\default\img\add_point_on.png <-- Schubert Rackspace /web/content/db/phpMyAdmin/js/openlayers/theme/default/img add_point_on.png
2013.02.04 11:33 B C:\inetpub\wwwroot\phpMyAdmin\js\openlayers\theme\default\img\blank.gif <-- Schubert Rackspace /web/content/db/phpMyAdmin/js/openlayers/theme/default/img blank.gif
2013.02.04 11:33 B C:\inetpub\wwwroot\phpMyAdmin\js\openlayers\theme\default\img\close.gif <-- Schubert Rackspace /web/content/db/phpMyAdmin/js/openlayers/theme/default/img close.gif
2013.02.04 11:33 B C:\inetpub\wwwroot\phpMyAdmin\js\openlayers\theme\default\img\drag-rectangle-off.png <-- Schubert Rackspace /web/content/db/phpMyAdmin/js/openlayers/theme/default/img drag-rectangle-off.png
2013.02.04 11:33 B C:\inetpub\wwwroot\phpMyAdmin\js\openlayers\theme\default\img\drag-rectangle-on.png <-- Schubert Rackspace /web/content/db/phpMyAdmin/js/openlayers/theme/default/img drag-rectangle-on.png
2013.02.04 11:33 B C:\inetpub\wwwroot\phpMyAdmin\js\openlayers\theme\default\img\draw_line_off.png <-- Schubert Rackspace /web/content/db/phpMyAdmin/js/openlayers/theme/default/img draw_line_off.png
2013.02.04 11:33 B C:\inetpub\wwwroot\phpMyAdmin\js\openlayers\theme\default\img\draw_line_on.png <-- Schubert Rackspace /web/content/db/phpMyAdmin/js/openlayers/theme/default/img draw_line_on.png
2013.02.04 11:33 B C:\inetpub\wwwroot\phpMyAdmin\js\openlayers\theme\default\img\draw_point_off.png <-- Schubert Rackspace /web/content/db/phpMyAdmin/js/openlayers/theme/default/img draw_point_off.png
2013.02.04 11:33 B C:\inetpub\wwwroot\phpMyAdmin\js\openlayers\theme\default\img\draw_point_on.png <-- Schubert Rackspace /web/content/db/phpMyAdmin/js/openlayers/theme/default/img draw_point_on.png
2013.02.04 11:33 B C:\inetpub\wwwroot\phpMyAdmin\js\openlayers\theme\default\img\draw_polygon_off.png <-- Schubert Rackspace /web/content/db/phpMyAdmin/js/openlayers/theme/default/img draw_polygon_off.png
2013.02.04 11:33 B C:\inetpub\wwwroot\phpMyAdmin\js\openlayers\theme\default\img\draw_polygon_on.png <-- Schubert Rackspace /web/content/db/phpMyAdmin/js/openlayers/theme/default/img draw_polygon_on.png
2013.02.04 11:33 B C:\inetpub\wwwroot\phpMyAdmin\js\openlayers\theme\default\img\editing_tool_bar.png <-- Schubert Rackspace /web/content/db/phpMyAdmin/js/openlayers/theme/default/img editing_tool_bar.png
2013.02.04 11:33 B C:\inetpub\wwwroot\phpMyAdmin\js\openlayers\theme\default\img\move_feature_off.png <-- Schubert Rackspace /web/content/db/phpMyAdmin/js/openlayers/theme/default/img move_feature_off.png
2013.02.04 11:33 B C:\inetpub\wwwroot\phpMyAdmin\js\openlayers\theme\default\img\move_feature_on.png <-- Schubert Rackspace /web/content/db/phpMyAdmin/js/openlayers/theme/default/img move_feature_on.png
2013.02.04 11:33 B C:\inetpub\wwwroot\phpMyAdmin\js\openlayers\theme\default\img\navigation_history.png <-- Schubert Rackspace /web/content/db/phpMyAdmin/js/openlayers/theme/default/img navigation_history.png
2013.02.04 11:33 B C:\inetpub\wwwroot\phpMyAdmin\js\openlayers\theme\default\img\overview_replacement.gif <-- Schubert Rackspace /web/content/db/phpMyAdmin/js/openlayers/theme/default/img overview_replacement.gif
2013.02.04 11:33 B C:\inetpub\wwwroot\phpMyAdmin\js\openlayers\theme\default\img\pan-panel-NOALPHA.png <-- Schubert Rackspace /web/content/db/phpMyAdmin/js/openlayers/theme/default/img pan-panel-NOALPHA.png
2013.02.04 11:33 B C:\inetpub\wwwroot\phpMyAdmin\js\openlayers\theme\default\img\pan-panel.png <-- Schubert Rackspace /web/content/db/phpMyAdmin/js/openlayers/theme/default/img pan-panel.png
2013.02.04 11:33 B C:\inetpub\wwwroot\phpMyAdmin\js\openlayers\theme\default\img\pan_off.png <-- Schubert Rackspace /web/content/db/phpMyAdmin/js/openlayers/theme/default/img pan_off.png
2013.02.04 11:33 B C:\inetpub\wwwroot\phpMyAdmin\js\openlayers\theme\default\img\pan_on.png <-- Schubert Rackspace /web/content/db/phpMyAdmin/js/openlayers/theme/default/img pan_on.png
2013.02.04 11:33 B C:\inetpub\wwwroot\phpMyAdmin\js\openlayers\theme\default\img\panning-hand-off.png <-- Schubert Rackspace /web/content/db/phpMyAdmin/js/openlayers/theme/default/img panning-hand-off.png
2013.02.04 11:33 B C:\inetpub\wwwroot\phpMyAdmin\js\openlayers\theme\default\img\panning-hand-on.png <-- Schubert Rackspace /web/content/db/phpMyAdmin/js/openlayers/theme/default/img panning-hand-on.png
2013.02.04 11:33 B C:\inetpub\wwwroot\phpMyAdmin\js\openlayers\theme\default\img\remove_point_off.png <-- Schubert Rackspace /web/content/db/phpMyAdmin/js/openlayers/theme/default/img remove_point_off.png
2013.02.04 11:33 B C:\inetpub\wwwroot\phpMyAdmin\js\openlayers\theme\default\img\remove_point_on.png <-- Schubert Rackspace /web/content/db/phpMyAdmin/js/openlayers/theme/default/img remove_point_on.png
2013.02.04 11:33 B C:\inetpub\wwwroot\phpMyAdmin\js\openlayers\theme\default\img\ruler.png <-- Schubert Rackspace /web/content/db/phpMyAdmin/js/openlayers/theme/default/img ruler.png
2013.02.04 11:33 B C:\inetpub\wwwroot\phpMyAdmin\js\openlayers\theme\default\img\save_features_off.png <-- Schubert Rackspace /web/content/db/phpMyAdmin/js/openlayers/theme/default/img save_features_off.png
2013.02.04 11:33 B C:\inetpub\wwwroot\phpMyAdmin\js\openlayers\theme\default\img\save_features_on.png <-- Schubert Rackspace /web/content/db/phpMyAdmin/js/openlayers/theme/default/img save_features_on.png
2013.02.04 11:33 B C:\inetpub\wwwroot\phpMyAdmin\js\openlayers\theme\default\img\view_next_off.png <-- Schubert Rackspace /web/content/db/phpMyAdmin/js/openlayers/theme/default/img view_next_off.png
2013.02.04 11:33 B C:\inetpub\wwwroot\phpMyAdmin\js\openlayers\theme\default\img\view_next_on.png <-- Schubert Rackspace /web/content/db/phpMyAdmin/js/openlayers/theme/default/img view_next_on.png
2013.02.04 11:33 B C:\inetpub\wwwroot\phpMyAdmin\js\openlayers\theme\default\img\view_previous_off.png <-- Schubert Rackspace /web/content/db/phpMyAdmin/js/openlayers/theme/default/img view_previous_off.png
2013.02.04 11:33 B C:\inetpub\wwwroot\phpMyAdmin\js\openlayers\theme\default\img\view_previous_on.png <-- Schubert Rackspace /web/content/db/phpMyAdmin/js/openlayers/theme/default/img view_previous_on.png
2013.02.04 11:33 B C:\inetpub\wwwroot\phpMyAdmin\js\openlayers\theme\default\img\zoom-panel-NOALPHA.png <-- Schubert Rackspace /web/content/db/phpMyAdmin/js/openlayers/theme/default/img zoom-panel-NOALPHA.png
2013.02.04 11:33 B C:\inetpub\wwwroot\phpMyAdmin\js\openlayers\theme\default\img\zoom-panel.png <-- Schubert Rackspace /web/content/db/phpMyAdmin/js/openlayers/theme/default/img zoom-panel.png
