2012.07.25 12:14 B C:\Users\COBRIEN\Desktop\Schubert\components\com_contact\models\categories.php <-- Schubert Rackspace /web/content/components/com_contact/models categories.php
2012.07.25 12:14 B C:\Users\COBRIEN\Desktop\Schubert\components\com_contact\models\category.php <-- Schubert Rackspace /web/content/components/com_contact/models category.php
2012.07.25 12:14 B C:\Users\COBRIEN\Desktop\Schubert\components\com_contact\models\contact.php <-- Schubert Rackspace /web/content/components/com_contact/models contact.php
2012.07.25 12:14 B C:\Users\COBRIEN\Desktop\Schubert\components\com_contact\models\featured.php <-- Schubert Rackspace /web/content/components/com_contact/models featured.php
2012.07.25 12:14 B C:\Users\COBRIEN\Desktop\Schubert\components\com_contact\models\index.html <-- Schubert Rackspace /web/content/components/com_contact/models index.html
2012.09.04 10:50 B C:\inetpub\wwwroot\components\com_contact\models\categories.php --> ftp3.ftptoyoursite.com /web/content/SITE-TEST/components/com_contact/models categories.php
2012.09.04 10:50 B C:\inetpub\wwwroot\components\com_contact\models\category.php --> ftp3.ftptoyoursite.com /web/content/SITE-TEST/components/com_contact/models category.php
2012.09.04 10:50 B C:\inetpub\wwwroot\components\com_contact\models\contact.php --> ftp3.ftptoyoursite.com /web/content/SITE-TEST/components/com_contact/models contact.php
2012.09.04 10:50 B C:\inetpub\wwwroot\components\com_contact\models\featured.php --> ftp3.ftptoyoursite.com /web/content/SITE-TEST/components/com_contact/models featured.php
2012.09.04 10:50 B C:\inetpub\wwwroot\components\com_contact\models\index.html --> ftp3.ftptoyoursite.com /web/content/SITE-TEST/components/com_contact/models index.html
2012.09.04 10:50 B C:\inetpub\wwwroot\components\com_contact\models\WS_FTP.LOG --> ftp3.ftptoyoursite.com /web/content/SITE-TEST/components/com_contact/models WS_FTP.LOG
2012.09.06 15:07 B C:\inetpub\wwwroot\components\com_contact\models\categories.php --> ftp3.ftptoyoursite.com /web/content/SITEBACKUP_962012/components/com_contact/models categories.php
2012.09.06 15:07 B C:\inetpub\wwwroot\components\com_contact\models\category.php --> ftp3.ftptoyoursite.com /web/content/SITEBACKUP_962012/components/com_contact/models category.php
2012.09.06 15:07 B C:\inetpub\wwwroot\components\com_contact\models\contact.php --> ftp3.ftptoyoursite.com /web/content/SITEBACKUP_962012/components/com_contact/models contact.php
2012.09.06 15:07 B C:\inetpub\wwwroot\components\com_contact\models\featured.php --> ftp3.ftptoyoursite.com /web/content/SITEBACKUP_962012/components/com_contact/models featured.php
2012.09.06 15:07 B C:\inetpub\wwwroot\components\com_contact\models\index.html --> ftp3.ftptoyoursite.com /web/content/SITEBACKUP_962012/components/com_contact/models index.html
2012.09.06 15:07 B C:\inetpub\wwwroot\components\com_contact\models\WS_FTP.LOG --> ftp3.ftptoyoursite.com /web/content/SITEBACKUP_962012/components/com_contact/models WS_FTP.LOG
2012.09.06 15:48 B C:\inetpub\wwwroot\components\com_contact\models\categories.php <-- Schubert Rackspace /web/content/SITEBACKUP_962012/components/com_contact/models categories.php
2012.09.06 15:48 B C:\inetpub\wwwroot\components\com_contact\models\category.php <-- Schubert Rackspace /web/content/SITEBACKUP_962012/components/com_contact/models category.php
2012.09.06 15:48 B C:\inetpub\wwwroot\components\com_contact\models\contact.php <-- Schubert Rackspace /web/content/SITEBACKUP_962012/components/com_contact/models contact.php
2012.09.06 15:48 B C:\inetpub\wwwroot\components\com_contact\models\featured.php <-- Schubert Rackspace /web/content/SITEBACKUP_962012/components/com_contact/models featured.php
2012.09.06 15:48 B C:\inetpub\wwwroot\components\com_contact\models\index.html <-- Schubert Rackspace /web/content/SITEBACKUP_962012/components/com_contact/models index.html
2012.10.23 09:11 B C:\inetpub\wwwroot\components\com_contact\models\categories.php --> ftp3.ftptoyoursite.com /web/content/components/com_contact/models categories.php
2012.10.23 09:11 B C:\inetpub\wwwroot\components\com_contact\models\category.php --> ftp3.ftptoyoursite.com /web/content/components/com_contact/models category.php
2012.10.23 09:11 B C:\inetpub\wwwroot\components\com_contact\models\contact.php --> ftp3.ftptoyoursite.com /web/content/components/com_contact/models contact.php
2012.10.23 09:11 B C:\inetpub\wwwroot\components\com_contact\models\featured.php --> ftp3.ftptoyoursite.com /web/content/components/com_contact/models featured.php
2012.10.23 09:11 B C:\inetpub\wwwroot\components\com_contact\models\index.html --> ftp3.ftptoyoursite.com /web/content/components/com_contact/models index.html
2012.10.23 09:11 B C:\inetpub\wwwroot\components\com_contact\models\WS_FTP.LOG --> ftp3.ftptoyoursite.com /web/content/components/com_contact/models WS_FTP.LOG
2013.02.01 14:47 B C:\inetpub\wwwroot\components\com_contact\models\WS_FTP.LOG <-- Schubert Rackspace /web/content/components/com_contact/models WS_FTP.LOG
