2012.07.25 12:18 B C:\Users\COBRIEN\Desktop\Schubert\libraries\joomla\language\help.php <-- Schubert Rackspace /web/content/libraries/joomla/language help.php
2012.07.25 12:18 B C:\Users\COBRIEN\Desktop\Schubert\libraries\joomla\language\helper.php <-- Schubert Rackspace /web/content/libraries/joomla/language helper.php
2012.07.25 12:18 B C:\Users\COBRIEN\Desktop\Schubert\libraries\joomla\language\index.html <-- Schubert Rackspace /web/content/libraries/joomla/language index.html
2012.07.25 12:18 B C:\Users\COBRIEN\Desktop\Schubert\libraries\joomla\language\language.php <-- Schubert Rackspace /web/content/libraries/joomla/language language.php
2012.07.25 12:18 B C:\Users\COBRIEN\Desktop\Schubert\libraries\joomla\language\latin_transliterate.php <-- Schubert Rackspace /web/content/libraries/joomla/language latin_transliterate.php
2012.09.04 10:54 B C:\inetpub\wwwroot\libraries\joomla\language\help.php --> ftp3.ftptoyoursite.com /web/content/SITE-TEST/libraries/joomla/language help.php
2012.09.04 10:54 B C:\inetpub\wwwroot\libraries\joomla\language\helper.php --> ftp3.ftptoyoursite.com /web/content/SITE-TEST/libraries/joomla/language helper.php
2012.09.04 10:54 B C:\inetpub\wwwroot\libraries\joomla\language\index.html --> ftp3.ftptoyoursite.com /web/content/SITE-TEST/libraries/joomla/language index.html
2012.09.04 10:54 B C:\inetpub\wwwroot\libraries\joomla\language\language.php --> ftp3.ftptoyoursite.com /web/content/SITE-TEST/libraries/joomla/language language.php
2012.09.04 10:54 B C:\inetpub\wwwroot\libraries\joomla\language\latin_transliterate.php --> ftp3.ftptoyoursite.com /web/content/SITE-TEST/libraries/joomla/language latin_transliterate.php
2012.09.04 10:54 B C:\inetpub\wwwroot\libraries\joomla\language\WS_FTP.LOG --> ftp3.ftptoyoursite.com /web/content/SITE-TEST/libraries/joomla/language WS_FTP.LOG
2012.09.06 15:13 B C:\inetpub\wwwroot\libraries\joomla\language\help.php --> ftp3.ftptoyoursite.com /web/content/SITEBACKUP_962012/libraries/joomla/language help.php
2012.09.06 15:13 B C:\inetpub\wwwroot\libraries\joomla\language\helper.php --> ftp3.ftptoyoursite.com /web/content/SITEBACKUP_962012/libraries/joomla/language helper.php
2012.09.06 15:13 B C:\inetpub\wwwroot\libraries\joomla\language\index.html --> ftp3.ftptoyoursite.com /web/content/SITEBACKUP_962012/libraries/joomla/language index.html
2012.09.06 15:13 B C:\inetpub\wwwroot\libraries\joomla\language\language.php --> ftp3.ftptoyoursite.com /web/content/SITEBACKUP_962012/libraries/joomla/language language.php
2012.09.06 15:13 B C:\inetpub\wwwroot\libraries\joomla\language\latin_transliterate.php --> ftp3.ftptoyoursite.com /web/content/SITEBACKUP_962012/libraries/joomla/language latin_transliterate.php
2012.09.06 15:13 B C:\inetpub\wwwroot\libraries\joomla\language\WS_FTP.LOG --> ftp3.ftptoyoursite.com /web/content/SITEBACKUP_962012/libraries/joomla/language WS_FTP.LOG
2012.10.23 09:15 B C:\inetpub\wwwroot\libraries\joomla\language\help.php --> ftp3.ftptoyoursite.com /web/content/libraries/joomla/language help.php
2012.10.23 09:15 B C:\inetpub\wwwroot\libraries\joomla\language\helper.php --> ftp3.ftptoyoursite.com /web/content/libraries/joomla/language helper.php
2012.10.23 09:15 B C:\inetpub\wwwroot\libraries\joomla\language\index.html --> ftp3.ftptoyoursite.com /web/content/libraries/joomla/language index.html
2012.10.23 09:15 B C:\inetpub\wwwroot\libraries\joomla\language\language.php --> ftp3.ftptoyoursite.com /web/content/libraries/joomla/language language.php
2012.10.23 09:15 B C:\inetpub\wwwroot\libraries\joomla\language\latin_transliterate.php --> ftp3.ftptoyoursite.com /web/content/libraries/joomla/language latin_transliterate.php
2012.10.23 09:15 B C:\inetpub\wwwroot\libraries\joomla\language\WS_FTP.LOG --> ftp3.ftptoyoursite.com /web/content/libraries/joomla/language WS_FTP.LOG
2013.02.01 14:54 B C:\inetpub\wwwroot\libraries\joomla\language\WS_FTP.LOG <-- Schubert Rackspace /web/content/libraries/joomla/language WS_FTP.LOG
