2012.07.25 12:20 B C:\Users\COBRIEN\Desktop\Schubert\plugins\content\jdownloadsfilelist\tuxelements\js\arrow.gif <-- Schubert Rackspace /web/content/plugins/content/jdownloadsfilelist/tuxelements/js arrow.gif
2012.07.25 12:20 B C:\Users\COBRIEN\Desktop\Schubert\plugins\content\jdownloadsfilelist\tuxelements\js\cross.gif <-- Schubert Rackspace /web/content/plugins/content/jdownloadsfilelist/tuxelements/js cross.gif
2012.07.25 12:20 B C:\Users\COBRIEN\Desktop\Schubert\plugins\content\jdownloadsfilelist\tuxelements\js\hs.png <-- Schubert Rackspace /web/content/plugins/content/jdownloadsfilelist/tuxelements/js hs.png
2012.07.25 12:20 B C:\Users\COBRIEN\Desktop\Schubert\plugins\content\jdownloadsfilelist\tuxelements\js\hv.png <-- Schubert Rackspace /web/content/plugins/content/jdownloadsfilelist/tuxelements/js hv.png
2012.07.25 12:20 B C:\Users\COBRIEN\Desktop\Schubert\plugins\content\jdownloadsfilelist\tuxelements\js\index.html <-- Schubert Rackspace /web/content/plugins/content/jdownloadsfilelist/tuxelements/js index.html
2012.07.25 12:20 B C:\Users\COBRIEN\Desktop\Schubert\plugins\content\jdownloadsfilelist\tuxelements\js\jscolor.js <-- Schubert Rackspace /web/content/plugins/content/jdownloadsfilelist/tuxelements/js jscolor.js
2012.09.04 10:57 B C:\inetpub\wwwroot\plugins\content\jdownloadsfilelist\tuxelements\js\arrow.gif --> ftp3.ftptoyoursite.com /web/content/SITE-TEST/plugins/content/jdownloadsfilelist/tuxelements/js arrow.gif
2012.09.04 10:57 B C:\inetpub\wwwroot\plugins\content\jdownloadsfilelist\tuxelements\js\cross.gif --> ftp3.ftptoyoursite.com /web/content/SITE-TEST/plugins/content/jdownloadsfilelist/tuxelements/js cross.gif
2012.09.04 10:57 B C:\inetpub\wwwroot\plugins\content\jdownloadsfilelist\tuxelements\js\hs.png --> ftp3.ftptoyoursite.com /web/content/SITE-TEST/plugins/content/jdownloadsfilelist/tuxelements/js hs.png
2012.09.04 10:57 B C:\inetpub\wwwroot\plugins\content\jdownloadsfilelist\tuxelements\js\hv.png --> ftp3.ftptoyoursite.com /web/content/SITE-TEST/plugins/content/jdownloadsfilelist/tuxelements/js hv.png
2012.09.04 10:57 B C:\inetpub\wwwroot\plugins\content\jdownloadsfilelist\tuxelements\js\index.html --> ftp3.ftptoyoursite.com /web/content/SITE-TEST/plugins/content/jdownloadsfilelist/tuxelements/js index.html
2012.09.04 10:57 B C:\inetpub\wwwroot\plugins\content\jdownloadsfilelist\tuxelements\js\jscolor.js --> ftp3.ftptoyoursite.com /web/content/SITE-TEST/plugins/content/jdownloadsfilelist/tuxelements/js jscolor.js
2012.09.04 10:57 B C:\inetpub\wwwroot\plugins\content\jdownloadsfilelist\tuxelements\js\WS_FTP.LOG --> ftp3.ftptoyoursite.com /web/content/SITE-TEST/plugins/content/jdownloadsfilelist/tuxelements/js WS_FTP.LOG
2012.09.06 15:15 B C:\inetpub\wwwroot\plugins\content\jdownloadsfilelist\tuxelements\js\arrow.gif --> ftp3.ftptoyoursite.com /web/content/SITEBACKUP_962012/plugins/content/jdownloadsfilelist/tuxelements/js arrow.gif
2012.09.06 15:15 B C:\inetpub\wwwroot\plugins\content\jdownloadsfilelist\tuxelements\js\cross.gif --> ftp3.ftptoyoursite.com /web/content/SITEBACKUP_962012/plugins/content/jdownloadsfilelist/tuxelements/js cross.gif
2012.09.06 15:15 B C:\inetpub\wwwroot\plugins\content\jdownloadsfilelist\tuxelements\js\hs.png --> ftp3.ftptoyoursite.com /web/content/SITEBACKUP_962012/plugins/content/jdownloadsfilelist/tuxelements/js hs.png
2012.09.06 15:15 B C:\inetpub\wwwroot\plugins\content\jdownloadsfilelist\tuxelements\js\hv.png --> ftp3.ftptoyoursite.com /web/content/SITEBACKUP_962012/plugins/content/jdownloadsfilelist/tuxelements/js hv.png
2012.09.06 15:15 B C:\inetpub\wwwroot\plugins\content\jdownloadsfilelist\tuxelements\js\index.html --> ftp3.ftptoyoursite.com /web/content/SITEBACKUP_962012/plugins/content/jdownloadsfilelist/tuxelements/js index.html
2012.09.06 15:15 B C:\inetpub\wwwroot\plugins\content\jdownloadsfilelist\tuxelements\js\jscolor.js --> ftp3.ftptoyoursite.com /web/content/SITEBACKUP_962012/plugins/content/jdownloadsfilelist/tuxelements/js jscolor.js
2012.09.06 15:15 B C:\inetpub\wwwroot\plugins\content\jdownloadsfilelist\tuxelements\js\WS_FTP.LOG --> ftp3.ftptoyoursite.com /web/content/SITEBACKUP_962012/plugins/content/jdownloadsfilelist/tuxelements/js WS_FTP.LOG
2012.10.23 09:18 B C:\inetpub\wwwroot\plugins\content\jdownloadsfilelist\tuxelements\js\arrow.gif --> ftp3.ftptoyoursite.com /web/content/plugins/content/jdownloadsfilelist/tuxelements/js arrow.gif
2012.10.23 09:18 B C:\inetpub\wwwroot\plugins\content\jdownloadsfilelist\tuxelements\js\cross.gif --> ftp3.ftptoyoursite.com /web/content/plugins/content/jdownloadsfilelist/tuxelements/js cross.gif
2012.10.23 09:18 B C:\inetpub\wwwroot\plugins\content\jdownloadsfilelist\tuxelements\js\hs.png --> ftp3.ftptoyoursite.com /web/content/plugins/content/jdownloadsfilelist/tuxelements/js hs.png
2012.10.23 09:18 B C:\inetpub\wwwroot\plugins\content\jdownloadsfilelist\tuxelements\js\hv.png --> ftp3.ftptoyoursite.com /web/content/plugins/content/jdownloadsfilelist/tuxelements/js hv.png
2012.10.23 09:18 B C:\inetpub\wwwroot\plugins\content\jdownloadsfilelist\tuxelements\js\index.html --> ftp3.ftptoyoursite.com /web/content/plugins/content/jdownloadsfilelist/tuxelements/js index.html
2012.10.23 09:18 B C:\inetpub\wwwroot\plugins\content\jdownloadsfilelist\tuxelements\js\jscolor.js --> ftp3.ftptoyoursite.com /web/content/plugins/content/jdownloadsfilelist/tuxelements/js jscolor.js
2012.10.23 09:18 B C:\inetpub\wwwroot\plugins\content\jdownloadsfilelist\tuxelements\js\WS_FTP.LOG --> ftp3.ftptoyoursite.com /web/content/plugins/content/jdownloadsfilelist/tuxelements/js WS_FTP.LOG
2013.02.01 15:04 B C:\inetpub\wwwroot\plugins\content\jdownloadsfilelist\tuxelements\js\WS_FTP.LOG <-- Schubert Rackspace /web/content/plugins/content/jdownloadsfilelist/tuxelements/js WS_FTP.LOG
