2012.07.25 12:16 B C:\Users\COBRIEN\Desktop\Schubert\images\banners\index.html <-- Schubert Rackspace /web/content/images/banners index.html
2012.07.25 12:16 B C:\Users\COBRIEN\Desktop\Schubert\images\banners\osmbanner1.png <-- Schubert Rackspace /web/content/images/banners osmbanner1.png
2012.07.25 12:16 B C:\Users\COBRIEN\Desktop\Schubert\images\banners\osmbanner2.png <-- Schubert Rackspace /web/content/images/banners osmbanner2.png
2012.07.25 12:16 B C:\Users\COBRIEN\Desktop\Schubert\images\banners\shop-ad-books.jpg <-- Schubert Rackspace /web/content/images/banners shop-ad-books.jpg
2012.07.25 12:16 B C:\Users\COBRIEN\Desktop\Schubert\images\banners\shop-ad.jpg <-- Schubert Rackspace /web/content/images/banners shop-ad.jpg
2012.07.25 12:16 B C:\Users\COBRIEN\Desktop\Schubert\images\banners\white.png <-- Schubert Rackspace /web/content/images/banners white.png
2012.09.04 10:52 B C:\inetpub\wwwroot\images\banners\index.html --> ftp3.ftptoyoursite.com /web/content/SITE-TEST/images/banners index.html
2012.09.04 10:52 B C:\inetpub\wwwroot\images\banners\osmbanner1.png --> ftp3.ftptoyoursite.com /web/content/SITE-TEST/images/banners osmbanner1.png
2012.09.04 10:52 B C:\inetpub\wwwroot\images\banners\osmbanner2.png --> ftp3.ftptoyoursite.com /web/content/SITE-TEST/images/banners osmbanner2.png
2012.09.04 10:52 B C:\inetpub\wwwroot\images\banners\shop-ad-books.jpg --> ftp3.ftptoyoursite.com /web/content/SITE-TEST/images/banners shop-ad-books.jpg
2012.09.04 10:52 B C:\inetpub\wwwroot\images\banners\shop-ad.jpg --> ftp3.ftptoyoursite.com /web/content/SITE-TEST/images/banners shop-ad.jpg
2012.09.04 10:52 B C:\inetpub\wwwroot\images\banners\white.png --> ftp3.ftptoyoursite.com /web/content/SITE-TEST/images/banners white.png
2012.09.04 10:52 B C:\inetpub\wwwroot\images\banners\WS_FTP.LOG --> ftp3.ftptoyoursite.com /web/content/SITE-TEST/images/banners WS_FTP.LOG
2012.09.06 15:10 B C:\inetpub\wwwroot\images\banners\index.html --> ftp3.ftptoyoursite.com /web/content/SITEBACKUP_962012/images/banners index.html
2012.09.06 15:10 B C:\inetpub\wwwroot\images\banners\osmbanner1.png --> ftp3.ftptoyoursite.com /web/content/SITEBACKUP_962012/images/banners osmbanner1.png
2012.09.06 15:10 B C:\inetpub\wwwroot\images\banners\osmbanner2.png --> ftp3.ftptoyoursite.com /web/content/SITEBACKUP_962012/images/banners osmbanner2.png
2012.09.06 15:10 B C:\inetpub\wwwroot\images\banners\shop-ad-books.jpg --> ftp3.ftptoyoursite.com /web/content/SITEBACKUP_962012/images/banners shop-ad-books.jpg
2012.09.06 15:10 B C:\inetpub\wwwroot\images\banners\shop-ad.jpg --> ftp3.ftptoyoursite.com /web/content/SITEBACKUP_962012/images/banners shop-ad.jpg
2012.09.06 15:10 B C:\inetpub\wwwroot\images\banners\white.png --> ftp3.ftptoyoursite.com /web/content/SITEBACKUP_962012/images/banners white.png
2012.09.06 15:10 B C:\inetpub\wwwroot\images\banners\WS_FTP.LOG --> ftp3.ftptoyoursite.com /web/content/SITEBACKUP_962012/images/banners WS_FTP.LOG
2012.09.06 15:33 B C:\inetpub\wwwroot\images\banners\index.html <-- Schubert Rackspace /web/content/images/banners index.html
2012.09.06 15:33 B C:\inetpub\wwwroot\images\banners\osmbanner1.png <-- Schubert Rackspace /web/content/images/banners osmbanner1.png
2012.09.06 15:33 B C:\inetpub\wwwroot\images\banners\osmbanner2.png <-- Schubert Rackspace /web/content/images/banners osmbanner2.png
2012.09.06 15:33 B C:\inetpub\wwwroot\images\banners\shop-ad-books.jpg <-- Schubert Rackspace /web/content/images/banners shop-ad-books.jpg
2012.09.06 15:33 B C:\inetpub\wwwroot\images\banners\shop-ad.jpg <-- Schubert Rackspace /web/content/images/banners shop-ad.jpg
2012.09.06 15:33 B C:\inetpub\wwwroot\images\banners\white.png <-- Schubert Rackspace /web/content/images/banners white.png
2012.10.23 09:13 B C:\inetpub\wwwroot\images\banners\index.html --> ftp3.ftptoyoursite.com /web/content/images/banners index.html
2012.10.23 09:13 B C:\inetpub\wwwroot\images\banners\osmbanner1.png --> ftp3.ftptoyoursite.com /web/content/images/banners osmbanner1.png
2012.10.23 09:13 B C:\inetpub\wwwroot\images\banners\osmbanner2.png --> ftp3.ftptoyoursite.com /web/content/images/banners osmbanner2.png
2012.10.23 09:13 B C:\inetpub\wwwroot\images\banners\shop-ad-books.jpg --> ftp3.ftptoyoursite.com /web/content/images/banners shop-ad-books.jpg
2012.10.23 09:13 B C:\inetpub\wwwroot\images\banners\shop-ad.jpg --> ftp3.ftptoyoursite.com /web/content/images/banners shop-ad.jpg
2012.10.23 09:13 B C:\inetpub\wwwroot\images\banners\white.png --> ftp3.ftptoyoursite.com /web/content/images/banners white.png
2012.10.23 09:13 B C:\inetpub\wwwroot\images\banners\WS_FTP.LOG --> ftp3.ftptoyoursite.com /web/content/images/banners WS_FTP.LOG
2013.02.01 14:50 B C:\inetpub\wwwroot\images\banners\WS_FTP.LOG <-- Schubert Rackspace /web/content/images/banners WS_FTP.LOG
