2012.07.25 12:16 B C:\Users\COBRIEN\Desktop\Schubert\includes\-application.php <-- Schubert Rackspace /web/content/includes -application.php
2012.07.25 12:16 B C:\Users\COBRIEN\Desktop\Schubert\includes\application.php <-- Schubert Rackspace /web/content/includes application.php
2012.07.25 12:16 B C:\Users\COBRIEN\Desktop\Schubert\includes\defines.php <-- Schubert Rackspace /web/content/includes defines.php
2012.07.25 12:16 B C:\Users\COBRIEN\Desktop\Schubert\includes\framework.php <-- Schubert Rackspace /web/content/includes framework.php
2012.07.25 12:16 B C:\Users\COBRIEN\Desktop\Schubert\includes\index.html <-- Schubert Rackspace /web/content/includes index.html
2012.07.25 12:16 B C:\Users\COBRIEN\Desktop\Schubert\includes\menu.php <-- Schubert Rackspace /web/content/includes menu.php
2012.07.25 12:16 B C:\Users\COBRIEN\Desktop\Schubert\includes\pathway.php <-- Schubert Rackspace /web/content/includes pathway.php
2012.07.25 12:16 B C:\Users\COBRIEN\Desktop\Schubert\includes\router.php <-- Schubert Rackspace /web/content/includes router.php
2012.09.04 10:52 B C:\inetpub\wwwroot\includes\-application.php --> ftp3.ftptoyoursite.com /web/content/SITE-TEST/includes -application.php
2012.09.04 10:52 B C:\inetpub\wwwroot\includes\application.php --> ftp3.ftptoyoursite.com /web/content/SITE-TEST/includes application.php
2012.09.04 10:52 B C:\inetpub\wwwroot\includes\defines.php --> ftp3.ftptoyoursite.com /web/content/SITE-TEST/includes defines.php
2012.09.04 10:52 B C:\inetpub\wwwroot\includes\framework.php --> ftp3.ftptoyoursite.com /web/content/SITE-TEST/includes framework.php
2012.09.04 10:52 B C:\inetpub\wwwroot\includes\index.html --> ftp3.ftptoyoursite.com /web/content/SITE-TEST/includes index.html
2012.09.04 10:52 B C:\inetpub\wwwroot\includes\menu.php --> ftp3.ftptoyoursite.com /web/content/SITE-TEST/includes menu.php
2012.09.04 10:52 B C:\inetpub\wwwroot\includes\pathway.php --> ftp3.ftptoyoursite.com /web/content/SITE-TEST/includes pathway.php
2012.09.04 10:52 B C:\inetpub\wwwroot\includes\router.php --> ftp3.ftptoyoursite.com /web/content/SITE-TEST/includes router.php
2012.09.04 10:52 B C:\inetpub\wwwroot\includes\WS_FTP.LOG --> ftp3.ftptoyoursite.com /web/content/SITE-TEST/includes WS_FTP.LOG
2012.09.06 15:11 B C:\inetpub\wwwroot\includes\-application.php --> ftp3.ftptoyoursite.com /web/content/SITEBACKUP_962012/includes -application.php
2012.09.06 15:11 B C:\inetpub\wwwroot\includes\application.php --> ftp3.ftptoyoursite.com /web/content/SITEBACKUP_962012/includes application.php
2012.09.06 15:11 B C:\inetpub\wwwroot\includes\defines.php --> ftp3.ftptoyoursite.com /web/content/SITEBACKUP_962012/includes defines.php
2012.09.06 15:11 B C:\inetpub\wwwroot\includes\framework.php --> ftp3.ftptoyoursite.com /web/content/SITEBACKUP_962012/includes framework.php
2012.09.06 15:11 B C:\inetpub\wwwroot\includes\index.html --> ftp3.ftptoyoursite.com /web/content/SITEBACKUP_962012/includes index.html
2012.09.06 15:11 B C:\inetpub\wwwroot\includes\menu.php --> ftp3.ftptoyoursite.com /web/content/SITEBACKUP_962012/includes menu.php
2012.09.06 15:11 B C:\inetpub\wwwroot\includes\pathway.php --> ftp3.ftptoyoursite.com /web/content/SITEBACKUP_962012/includes pathway.php
2012.09.06 15:11 B C:\inetpub\wwwroot\includes\router.php --> ftp3.ftptoyoursite.com /web/content/SITEBACKUP_962012/includes router.php
2012.09.06 15:11 B C:\inetpub\wwwroot\includes\WS_FTP.LOG --> ftp3.ftptoyoursite.com /web/content/SITEBACKUP_962012/includes WS_FTP.LOG
2012.10.23 09:13 B C:\inetpub\wwwroot\includes\-application.php --> ftp3.ftptoyoursite.com /web/content/includes -application.php
2012.10.23 09:13 B C:\inetpub\wwwroot\includes\application.php --> ftp3.ftptoyoursite.com /web/content/includes application.php
2012.10.23 09:13 B C:\inetpub\wwwroot\includes\defines.php --> ftp3.ftptoyoursite.com /web/content/includes defines.php
2012.10.23 09:13 B C:\inetpub\wwwroot\includes\framework.php --> ftp3.ftptoyoursite.com /web/content/includes framework.php
2012.10.23 09:13 B C:\inetpub\wwwroot\includes\index.html --> ftp3.ftptoyoursite.com /web/content/includes index.html
2012.10.23 09:13 B C:\inetpub\wwwroot\includes\menu.php --> ftp3.ftptoyoursite.com /web/content/includes menu.php
2012.10.23 09:13 B C:\inetpub\wwwroot\includes\pathway.php --> ftp3.ftptoyoursite.com /web/content/includes pathway.php
2012.10.23 09:13 B C:\inetpub\wwwroot\includes\router.php --> ftp3.ftptoyoursite.com /web/content/includes router.php
2012.10.23 09:13 B C:\inetpub\wwwroot\includes\WS_FTP.LOG --> ftp3.ftptoyoursite.com /web/content/includes WS_FTP.LOG
2013.02.01 14:51 B C:\inetpub\wwwroot\includes\WS_FTP.LOG <-- Schubert Rackspace /web/content/includes WS_FTP.LOG
