2012.07.25 12:17 B C:\Users\COBRIEN\Desktop\Schubert\libraries\joomla\form\fields\accesslevel.php <-- Schubert Rackspace /web/content/libraries/joomla/form/fields accesslevel.php
2012.07.25 12:17 B C:\Users\COBRIEN\Desktop\Schubert\libraries\joomla\form\fields\cachehandler.php <-- Schubert Rackspace /web/content/libraries/joomla/form/fields cachehandler.php
2012.07.25 12:17 B C:\Users\COBRIEN\Desktop\Schubert\libraries\joomla\form\fields\calendar.php <-- Schubert Rackspace /web/content/libraries/joomla/form/fields calendar.php
2012.07.25 12:17 B C:\Users\COBRIEN\Desktop\Schubert\libraries\joomla\form\fields\category.php <-- Schubert Rackspace /web/content/libraries/joomla/form/fields category.php
2012.07.25 12:17 B C:\Users\COBRIEN\Desktop\Schubert\libraries\joomla\form\fields\checkbox.php <-- Schubert Rackspace /web/content/libraries/joomla/form/fields checkbox.php
2012.07.25 12:18 B C:\Users\COBRIEN\Desktop\Schubert\libraries\joomla\form\fields\checkboxes.php <-- Schubert Rackspace /web/content/libraries/joomla/form/fields checkboxes.php
2012.07.25 12:18 B C:\Users\COBRIEN\Desktop\Schubert\libraries\joomla\form\fields\color.php <-- Schubert Rackspace /web/content/libraries/joomla/form/fields color.php
2012.07.25 12:18 B C:\Users\COBRIEN\Desktop\Schubert\libraries\joomla\form\fields\combo.php <-- Schubert Rackspace /web/content/libraries/joomla/form/fields combo.php
2012.07.25 12:18 B C:\Users\COBRIEN\Desktop\Schubert\libraries\joomla\form\fields\componentlayout.php <-- Schubert Rackspace /web/content/libraries/joomla/form/fields componentlayout.php
2012.07.25 12:18 B C:\Users\COBRIEN\Desktop\Schubert\libraries\joomla\form\fields\contentlanguage.php <-- Schubert Rackspace /web/content/libraries/joomla/form/fields contentlanguage.php
2012.07.25 12:18 B C:\Users\COBRIEN\Desktop\Schubert\libraries\joomla\form\fields\databaseconnection.php <-- Schubert Rackspace /web/content/libraries/joomla/form/fields databaseconnection.php
2012.07.25 12:18 B C:\Users\COBRIEN\Desktop\Schubert\libraries\joomla\form\fields\editor.php <-- Schubert Rackspace /web/content/libraries/joomla/form/fields editor.php
2012.07.25 12:18 B C:\Users\COBRIEN\Desktop\Schubert\libraries\joomla\form\fields\editors.php <-- Schubert Rackspace /web/content/libraries/joomla/form/fields editors.php
2012.07.25 12:18 B C:\Users\COBRIEN\Desktop\Schubert\libraries\joomla\form\fields\email.php <-- Schubert Rackspace /web/content/libraries/joomla/form/fields email.php
2012.07.25 12:18 B C:\Users\COBRIEN\Desktop\Schubert\libraries\joomla\form\fields\file.php <-- Schubert Rackspace /web/content/libraries/joomla/form/fields file.php
2012.07.25 12:18 B C:\Users\COBRIEN\Desktop\Schubert\libraries\joomla\form\fields\filelist.php <-- Schubert Rackspace /web/content/libraries/joomla/form/fields filelist.php
2012.07.25 12:18 B C:\Users\COBRIEN\Desktop\Schubert\libraries\joomla\form\fields\folderlist.php <-- Schubert Rackspace /web/content/libraries/joomla/form/fields folderlist.php
2012.07.25 12:18 B C:\Users\COBRIEN\Desktop\Schubert\libraries\joomla\form\fields\groupedlist.php <-- Schubert Rackspace /web/content/libraries/joomla/form/fields groupedlist.php
2012.07.25 12:18 B C:\Users\COBRIEN\Desktop\Schubert\libraries\joomla\form\fields\helpsite.php <-- Schubert Rackspace /web/content/libraries/joomla/form/fields helpsite.php
2012.07.25 12:18 B C:\Users\COBRIEN\Desktop\Schubert\libraries\joomla\form\fields\hidden.php <-- Schubert Rackspace /web/content/libraries/joomla/form/fields hidden.php
2012.07.25 12:18 B C:\Users\COBRIEN\Desktop\Schubert\libraries\joomla\form\fields\imagelist.php <-- Schubert Rackspace /web/content/libraries/joomla/form/fields imagelist.php
2012.07.25 12:18 B C:\Users\COBRIEN\Desktop\Schubert\libraries\joomla\form\fields\index.html <-- Schubert Rackspace /web/content/libraries/joomla/form/fields index.html
2012.07.25 12:18 B C:\Users\COBRIEN\Desktop\Schubert\libraries\joomla\form\fields\integer.php <-- Schubert Rackspace /web/content/libraries/joomla/form/fields integer.php
2012.07.25 12:18 B C:\Users\COBRIEN\Desktop\Schubert\libraries\joomla\form\fields\language.php <-- Schubert Rackspace /web/content/libraries/joomla/form/fields language.php
2012.07.25 12:18 B C:\Users\COBRIEN\Desktop\Schubert\libraries\joomla\form\fields\list.php <-- Schubert Rackspace /web/content/libraries/joomla/form/fields list.php
2012.07.25 12:18 B C:\Users\COBRIEN\Desktop\Schubert\libraries\joomla\form\fields\media.php <-- Schubert Rackspace /web/content/libraries/joomla/form/fields media.php
2012.07.25 12:18 B C:\Users\COBRIEN\Desktop\Schubert\libraries\joomla\form\fields\menu.php <-- Schubert Rackspace /web/content/libraries/joomla/form/fields menu.php
2012.07.25 12:18 B C:\Users\COBRIEN\Desktop\Schubert\libraries\joomla\form\fields\menuitem.php <-- Schubert Rackspace /web/content/libraries/joomla/form/fields menuitem.php
2012.07.25 12:18 B C:\Users\COBRIEN\Desktop\Schubert\libraries\joomla\form\fields\modulelayout.php <-- Schubert Rackspace /web/content/libraries/joomla/form/fields modulelayout.php
2012.07.25 12:18 B C:\Users\COBRIEN\Desktop\Schubert\libraries\joomla\form\fields\password.php <-- Schubert Rackspace /web/content/libraries/joomla/form/fields password.php
2012.07.25 12:18 B C:\Users\COBRIEN\Desktop\Schubert\libraries\joomla\form\fields\plugins.php <-- Schubert Rackspace /web/content/libraries/joomla/form/fields plugins.php
2012.07.25 12:18 B C:\Users\COBRIEN\Desktop\Schubert\libraries\joomla\form\fields\radio.php <-- Schubert Rackspace /web/content/libraries/joomla/form/fields radio.php
2012.07.25 12:18 B C:\Users\COBRIEN\Desktop\Schubert\libraries\joomla\form\fields\rules.php <-- Schubert Rackspace /web/content/libraries/joomla/form/fields rules.php
2012.07.25 12:18 B C:\Users\COBRIEN\Desktop\Schubert\libraries\joomla\form\fields\sessionhandler.php <-- Schubert Rackspace /web/content/libraries/joomla/form/fields sessionhandler.php
2012.07.25 12:18 B C:\Users\COBRIEN\Desktop\Schubert\libraries\joomla\form\fields\spacer.php <-- Schubert Rackspace /web/content/libraries/joomla/form/fields spacer.php
2012.07.25 12:18 B C:\Users\COBRIEN\Desktop\Schubert\libraries\joomla\form\fields\sql.php <-- Schubert Rackspace /web/content/libraries/joomla/form/fields sql.php
2012.07.25 12:18 B C:\Users\COBRIEN\Desktop\Schubert\libraries\joomla\form\fields\tel.php <-- Schubert Rackspace /web/content/libraries/joomla/form/fields tel.php
2012.07.25 12:18 B C:\Users\COBRIEN\Desktop\Schubert\libraries\joomla\form\fields\text.php <-- Schubert Rackspace /web/content/libraries/joomla/form/fields text.php
2012.07.25 12:18 B C:\Users\COBRIEN\Desktop\Schubert\libraries\joomla\form\fields\textarea.php <-- Schubert Rackspace /web/content/libraries/joomla/form/fields textarea.php
2012.07.25 12:18 B C:\Users\COBRIEN\Desktop\Schubert\libraries\joomla\form\fields\timezone.php <-- Schubert Rackspace /web/content/libraries/joomla/form/fields timezone.php
2012.07.25 12:18 B C:\Users\COBRIEN\Desktop\Schubert\libraries\joomla\form\fields\url.php <-- Schubert Rackspace /web/content/libraries/joomla/form/fields url.php
2012.07.25 12:18 B C:\Users\COBRIEN\Desktop\Schubert\libraries\joomla\form\fields\user.php <-- Schubert Rackspace /web/content/libraries/joomla/form/fields user.php
2012.07.25 12:18 B C:\Users\COBRIEN\Desktop\Schubert\libraries\joomla\form\fields\usergroup.php <-- Schubert Rackspace /web/content/libraries/joomla/form/fields usergroup.php
2012.09.04 10:54 B C:\inetpub\wwwroot\libraries\joomla\form\fields\accesslevel.php --> ftp3.ftptoyoursite.com /web/content/SITE-TEST/libraries/joomla/form/fields accesslevel.php
2012.09.04 10:54 B C:\inetpub\wwwroot\libraries\joomla\form\fields\cachehandler.php --> ftp3.ftptoyoursite.com /web/content/SITE-TEST/libraries/joomla/form/fields cachehandler.php
2012.09.04 10:54 B C:\inetpub\wwwroot\libraries\joomla\form\fields\calendar.php --> ftp3.ftptoyoursite.com /web/content/SITE-TEST/libraries/joomla/form/fields calendar.php
2012.09.04 10:54 B C:\inetpub\wwwroot\libraries\joomla\form\fields\category.php --> ftp3.ftptoyoursite.com /web/content/SITE-TEST/libraries/joomla/form/fields category.php
2012.09.04 10:54 B C:\inetpub\wwwroot\libraries\joomla\form\fields\checkbox.php --> ftp3.ftptoyoursite.com /web/content/SITE-TEST/libraries/joomla/form/fields checkbox.php
2012.09.04 10:54 B C:\inetpub\wwwroot\libraries\joomla\form\fields\checkboxes.php --> ftp3.ftptoyoursite.com /web/content/SITE-TEST/libraries/joomla/form/fields checkboxes.php
2012.09.04 10:54 B C:\inetpub\wwwroot\libraries\joomla\form\fields\color.php --> ftp3.ftptoyoursite.com /web/content/SITE-TEST/libraries/joomla/form/fields color.php
2012.09.04 10:54 B C:\inetpub\wwwroot\libraries\joomla\form\fields\combo.php --> ftp3.ftptoyoursite.com /web/content/SITE-TEST/libraries/joomla/form/fields combo.php
2012.09.04 10:54 B C:\inetpub\wwwroot\libraries\joomla\form\fields\componentlayout.php --> ftp3.ftptoyoursite.com /web/content/SITE-TEST/libraries/joomla/form/fields componentlayout.php
2012.09.04 10:54 B C:\inetpub\wwwroot\libraries\joomla\form\fields\contentlanguage.php --> ftp3.ftptoyoursite.com /web/content/SITE-TEST/libraries/joomla/form/fields contentlanguage.php
2012.09.04 10:54 B C:\inetpub\wwwroot\libraries\joomla\form\fields\databaseconnection.php --> ftp3.ftptoyoursite.com /web/content/SITE-TEST/libraries/joomla/form/fields databaseconnection.php
2012.09.04 10:54 B C:\inetpub\wwwroot\libraries\joomla\form\fields\editor.php --> ftp3.ftptoyoursite.com /web/content/SITE-TEST/libraries/joomla/form/fields editor.php
2012.09.04 10:54 B C:\inetpub\wwwroot\libraries\joomla\form\fields\editors.php --> ftp3.ftptoyoursite.com /web/content/SITE-TEST/libraries/joomla/form/fields editors.php
2012.09.04 10:54 B C:\inetpub\wwwroot\libraries\joomla\form\fields\email.php --> ftp3.ftptoyoursite.com /web/content/SITE-TEST/libraries/joomla/form/fields email.php
2012.09.04 10:54 B C:\inetpub\wwwroot\libraries\joomla\form\fields\file.php --> ftp3.ftptoyoursite.com /web/content/SITE-TEST/libraries/joomla/form/fields file.php
2012.09.04 10:54 B C:\inetpub\wwwroot\libraries\joomla\form\fields\filelist.php --> ftp3.ftptoyoursite.com /web/content/SITE-TEST/libraries/joomla/form/fields filelist.php
2012.09.04 10:54 B C:\inetpub\wwwroot\libraries\joomla\form\fields\folderlist.php --> ftp3.ftptoyoursite.com /web/content/SITE-TEST/libraries/joomla/form/fields folderlist.php
2012.09.04 10:54 B C:\inetpub\wwwroot\libraries\joomla\form\fields\groupedlist.php --> ftp3.ftptoyoursite.com /web/content/SITE-TEST/libraries/joomla/form/fields groupedlist.php
2012.09.04 10:54 B C:\inetpub\wwwroot\libraries\joomla\form\fields\helpsite.php --> ftp3.ftptoyoursite.com /web/content/SITE-TEST/libraries/joomla/form/fields helpsite.php
2012.09.04 10:54 B C:\inetpub\wwwroot\libraries\joomla\form\fields\hidden.php --> ftp3.ftptoyoursite.com /web/content/SITE-TEST/libraries/joomla/form/fields hidden.php
2012.09.04 10:54 B C:\inetpub\wwwroot\libraries\joomla\form\fields\imagelist.php --> ftp3.ftptoyoursite.com /web/content/SITE-TEST/libraries/joomla/form/fields imagelist.php
2012.09.04 10:54 B C:\inetpub\wwwroot\libraries\joomla\form\fields\index.html --> ftp3.ftptoyoursite.com /web/content/SITE-TEST/libraries/joomla/form/fields index.html
2012.09.04 10:54 B C:\inetpub\wwwroot\libraries\joomla\form\fields\integer.php --> ftp3.ftptoyoursite.com /web/content/SITE-TEST/libraries/joomla/form/fields integer.php
2012.09.04 10:54 B C:\inetpub\wwwroot\libraries\joomla\form\fields\language.php --> ftp3.ftptoyoursite.com /web/content/SITE-TEST/libraries/joomla/form/fields language.php
2012.09.04 10:54 B C:\inetpub\wwwroot\libraries\joomla\form\fields\list.php --> ftp3.ftptoyoursite.com /web/content/SITE-TEST/libraries/joomla/form/fields list.php
2012.09.04 10:54 B C:\inetpub\wwwroot\libraries\joomla\form\fields\media.php --> ftp3.ftptoyoursite.com /web/content/SITE-TEST/libraries/joomla/form/fields media.php
2012.09.04 10:54 B C:\inetpub\wwwroot\libraries\joomla\form\fields\menu.php --> ftp3.ftptoyoursite.com /web/content/SITE-TEST/libraries/joomla/form/fields menu.php
2012.09.04 10:54 B C:\inetpub\wwwroot\libraries\joomla\form\fields\menuitem.php --> ftp3.ftptoyoursite.com /web/content/SITE-TEST/libraries/joomla/form/fields menuitem.php
2012.09.04 10:54 B C:\inetpub\wwwroot\libraries\joomla\form\fields\modulelayout.php --> ftp3.ftptoyoursite.com /web/content/SITE-TEST/libraries/joomla/form/fields modulelayout.php
2012.09.04 10:54 B C:\inetpub\wwwroot\libraries\joomla\form\fields\password.php --> ftp3.ftptoyoursite.com /web/content/SITE-TEST/libraries/joomla/form/fields password.php
2012.09.04 10:54 B C:\inetpub\wwwroot\libraries\joomla\form\fields\plugins.php --> ftp3.ftptoyoursite.com /web/content/SITE-TEST/libraries/joomla/form/fields plugins.php
2012.09.04 10:54 B C:\inetpub\wwwroot\libraries\joomla\form\fields\radio.php --> ftp3.ftptoyoursite.com /web/content/SITE-TEST/libraries/joomla/form/fields radio.php
2012.09.04 10:54 B C:\inetpub\wwwroot\libraries\joomla\form\fields\rules.php --> ftp3.ftptoyoursite.com /web/content/SITE-TEST/libraries/joomla/form/fields rules.php
2012.09.04 10:54 B C:\inetpub\wwwroot\libraries\joomla\form\fields\sessionhandler.php --> ftp3.ftptoyoursite.com /web/content/SITE-TEST/libraries/joomla/form/fields sessionhandler.php
2012.09.04 10:54 B C:\inetpub\wwwroot\libraries\joomla\form\fields\spacer.php --> ftp3.ftptoyoursite.com /web/content/SITE-TEST/libraries/joomla/form/fields spacer.php
2012.09.04 10:54 B C:\inetpub\wwwroot\libraries\joomla\form\fields\sql.php --> ftp3.ftptoyoursite.com /web/content/SITE-TEST/libraries/joomla/form/fields sql.php
2012.09.04 10:54 B C:\inetpub\wwwroot\libraries\joomla\form\fields\tel.php --> ftp3.ftptoyoursite.com /web/content/SITE-TEST/libraries/joomla/form/fields tel.php
2012.09.04 10:54 B C:\inetpub\wwwroot\libraries\joomla\form\fields\text.php --> ftp3.ftptoyoursite.com /web/content/SITE-TEST/libraries/joomla/form/fields text.php
2012.09.04 10:54 B C:\inetpub\wwwroot\libraries\joomla\form\fields\textarea.php --> ftp3.ftptoyoursite.com /web/content/SITE-TEST/libraries/joomla/form/fields textarea.php
2012.09.04 10:54 B C:\inetpub\wwwroot\libraries\joomla\form\fields\timezone.php --> ftp3.ftptoyoursite.com /web/content/SITE-TEST/libraries/joomla/form/fields timezone.php
2012.09.04 10:54 B C:\inetpub\wwwroot\libraries\joomla\form\fields\url.php --> ftp3.ftptoyoursite.com /web/content/SITE-TEST/libraries/joomla/form/fields url.php
2012.09.04 10:54 B C:\inetpub\wwwroot\libraries\joomla\form\fields\user.php --> ftp3.ftptoyoursite.com /web/content/SITE-TEST/libraries/joomla/form/fields user.php
2012.09.04 10:54 B C:\inetpub\wwwroot\libraries\joomla\form\fields\usergroup.php --> ftp3.ftptoyoursite.com /web/content/SITE-TEST/libraries/joomla/form/fields usergroup.php
2012.09.04 10:54 B C:\inetpub\wwwroot\libraries\joomla\form\fields\WS_FTP.LOG --> ftp3.ftptoyoursite.com /web/content/SITE-TEST/libraries/joomla/form/fields WS_FTP.LOG
2012.09.06 15:12 B C:\inetpub\wwwroot\libraries\joomla\form\fields\accesslevel.php --> ftp3.ftptoyoursite.com /web/content/SITEBACKUP_962012/libraries/joomla/form/fields accesslevel.php
2012.09.06 15:12 B C:\inetpub\wwwroot\libraries\joomla\form\fields\cachehandler.php --> ftp3.ftptoyoursite.com /web/content/SITEBACKUP_962012/libraries/joomla/form/fields cachehandler.php
2012.09.06 15:12 B C:\inetpub\wwwroot\libraries\joomla\form\fields\calendar.php --> ftp3.ftptoyoursite.com /web/content/SITEBACKUP_962012/libraries/joomla/form/fields calendar.php
2012.09.06 15:12 B C:\inetpub\wwwroot\libraries\joomla\form\fields\category.php --> ftp3.ftptoyoursite.com /web/content/SITEBACKUP_962012/libraries/joomla/form/fields category.php
2012.09.06 15:12 B C:\inetpub\wwwroot\libraries\joomla\form\fields\checkbox.php --> ftp3.ftptoyoursite.com /web/content/SITEBACKUP_962012/libraries/joomla/form/fields checkbox.php
2012.09.06 15:12 B C:\inetpub\wwwroot\libraries\joomla\form\fields\checkboxes.php --> ftp3.ftptoyoursite.com /web/content/SITEBACKUP_962012/libraries/joomla/form/fields checkboxes.php
2012.09.06 15:12 B C:\inetpub\wwwroot\libraries\joomla\form\fields\color.php --> ftp3.ftptoyoursite.com /web/content/SITEBACKUP_962012/libraries/joomla/form/fields color.php
2012.09.06 15:12 B C:\inetpub\wwwroot\libraries\joomla\form\fields\combo.php --> ftp3.ftptoyoursite.com /web/content/SITEBACKUP_962012/libraries/joomla/form/fields combo.php
2012.09.06 15:12 B C:\inetpub\wwwroot\libraries\joomla\form\fields\componentlayout.php --> ftp3.ftptoyoursite.com /web/content/SITEBACKUP_962012/libraries/joomla/form/fields componentlayout.php
2012.09.06 15:12 B C:\inetpub\wwwroot\libraries\joomla\form\fields\contentlanguage.php --> ftp3.ftptoyoursite.com /web/content/SITEBACKUP_962012/libraries/joomla/form/fields contentlanguage.php
2012.09.06 15:12 B C:\inetpub\wwwroot\libraries\joomla\form\fields\databaseconnection.php --> ftp3.ftptoyoursite.com /web/content/SITEBACKUP_962012/libraries/joomla/form/fields databaseconnection.php
2012.09.06 15:12 B C:\inetpub\wwwroot\libraries\joomla\form\fields\editor.php --> ftp3.ftptoyoursite.com /web/content/SITEBACKUP_962012/libraries/joomla/form/fields editor.php
2012.09.06 15:12 B C:\inetpub\wwwroot\libraries\joomla\form\fields\editors.php --> ftp3.ftptoyoursite.com /web/content/SITEBACKUP_962012/libraries/joomla/form/fields editors.php
2012.09.06 15:12 B C:\inetpub\wwwroot\libraries\joomla\form\fields\email.php --> ftp3.ftptoyoursite.com /web/content/SITEBACKUP_962012/libraries/joomla/form/fields email.php
2012.09.06 15:12 B C:\inetpub\wwwroot\libraries\joomla\form\fields\file.php --> ftp3.ftptoyoursite.com /web/content/SITEBACKUP_962012/libraries/joomla/form/fields file.php
2012.09.06 15:12 B C:\inetpub\wwwroot\libraries\joomla\form\fields\filelist.php --> ftp3.ftptoyoursite.com /web/content/SITEBACKUP_962012/libraries/joomla/form/fields filelist.php
2012.09.06 15:12 B C:\inetpub\wwwroot\libraries\joomla\form\fields\folderlist.php --> ftp3.ftptoyoursite.com /web/content/SITEBACKUP_962012/libraries/joomla/form/fields folderlist.php
2012.09.06 15:12 B C:\inetpub\wwwroot\libraries\joomla\form\fields\groupedlist.php --> ftp3.ftptoyoursite.com /web/content/SITEBACKUP_962012/libraries/joomla/form/fields groupedlist.php
2012.09.06 15:12 B C:\inetpub\wwwroot\libraries\joomla\form\fields\helpsite.php --> ftp3.ftptoyoursite.com /web/content/SITEBACKUP_962012/libraries/joomla/form/fields helpsite.php
2012.09.06 15:12 B C:\inetpub\wwwroot\libraries\joomla\form\fields\hidden.php --> ftp3.ftptoyoursite.com /web/content/SITEBACKUP_962012/libraries/joomla/form/fields hidden.php
2012.09.06 15:12 B C:\inetpub\wwwroot\libraries\joomla\form\fields\imagelist.php --> ftp3.ftptoyoursite.com /web/content/SITEBACKUP_962012/libraries/joomla/form/fields imagelist.php
2012.09.06 15:12 B C:\inetpub\wwwroot\libraries\joomla\form\fields\index.html --> ftp3.ftptoyoursite.com /web/content/SITEBACKUP_962012/libraries/joomla/form/fields index.html
2012.09.06 15:12 B C:\inetpub\wwwroot\libraries\joomla\form\fields\integer.php --> ftp3.ftptoyoursite.com /web/content/SITEBACKUP_962012/libraries/joomla/form/fields integer.php
2012.09.06 15:12 B C:\inetpub\wwwroot\libraries\joomla\form\fields\language.php --> ftp3.ftptoyoursite.com /web/content/SITEBACKUP_962012/libraries/joomla/form/fields language.php
2012.09.06 15:12 B C:\inetpub\wwwroot\libraries\joomla\form\fields\list.php --> ftp3.ftptoyoursite.com /web/content/SITEBACKUP_962012/libraries/joomla/form/fields list.php
2012.09.06 15:12 B C:\inetpub\wwwroot\libraries\joomla\form\fields\media.php --> ftp3.ftptoyoursite.com /web/content/SITEBACKUP_962012/libraries/joomla/form/fields media.php
2012.09.06 15:12 B C:\inetpub\wwwroot\libraries\joomla\form\fields\menu.php --> ftp3.ftptoyoursite.com /web/content/SITEBACKUP_962012/libraries/joomla/form/fields menu.php
2012.09.06 15:12 B C:\inetpub\wwwroot\libraries\joomla\form\fields\menuitem.php --> ftp3.ftptoyoursite.com /web/content/SITEBACKUP_962012/libraries/joomla/form/fields menuitem.php
2012.09.06 15:12 B C:\inetpub\wwwroot\libraries\joomla\form\fields\modulelayout.php --> ftp3.ftptoyoursite.com /web/content/SITEBACKUP_962012/libraries/joomla/form/fields modulelayout.php
2012.09.06 15:12 B C:\inetpub\wwwroot\libraries\joomla\form\fields\password.php --> ftp3.ftptoyoursite.com /web/content/SITEBACKUP_962012/libraries/joomla/form/fields password.php
2012.09.06 15:12 B C:\inetpub\wwwroot\libraries\joomla\form\fields\plugins.php --> ftp3.ftptoyoursite.com /web/content/SITEBACKUP_962012/libraries/joomla/form/fields plugins.php
2012.09.06 15:12 B C:\inetpub\wwwroot\libraries\joomla\form\fields\radio.php --> ftp3.ftptoyoursite.com /web/content/SITEBACKUP_962012/libraries/joomla/form/fields radio.php
2012.09.06 15:12 B C:\inetpub\wwwroot\libraries\joomla\form\fields\rules.php --> ftp3.ftptoyoursite.com /web/content/SITEBACKUP_962012/libraries/joomla/form/fields rules.php
2012.09.06 15:12 B C:\inetpub\wwwroot\libraries\joomla\form\fields\sessionhandler.php --> ftp3.ftptoyoursite.com /web/content/SITEBACKUP_962012/libraries/joomla/form/fields sessionhandler.php
2012.09.06 15:12 B C:\inetpub\wwwroot\libraries\joomla\form\fields\spacer.php --> ftp3.ftptoyoursite.com /web/content/SITEBACKUP_962012/libraries/joomla/form/fields spacer.php
2012.09.06 15:12 B C:\inetpub\wwwroot\libraries\joomla\form\fields\sql.php --> ftp3.ftptoyoursite.com /web/content/SITEBACKUP_962012/libraries/joomla/form/fields sql.php
2012.09.06 15:12 B C:\inetpub\wwwroot\libraries\joomla\form\fields\tel.php --> ftp3.ftptoyoursite.com /web/content/SITEBACKUP_962012/libraries/joomla/form/fields tel.php
2012.09.06 15:12 B C:\inetpub\wwwroot\libraries\joomla\form\fields\text.php --> ftp3.ftptoyoursite.com /web/content/SITEBACKUP_962012/libraries/joomla/form/fields text.php
2012.09.06 15:12 B C:\inetpub\wwwroot\libraries\joomla\form\fields\textarea.php --> ftp3.ftptoyoursite.com /web/content/SITEBACKUP_962012/libraries/joomla/form/fields textarea.php
2012.09.06 15:12 B C:\inetpub\wwwroot\libraries\joomla\form\fields\timezone.php --> ftp3.ftptoyoursite.com /web/content/SITEBACKUP_962012/libraries/joomla/form/fields timezone.php
2012.09.06 15:12 B C:\inetpub\wwwroot\libraries\joomla\form\fields\url.php --> ftp3.ftptoyoursite.com /web/content/SITEBACKUP_962012/libraries/joomla/form/fields url.php
2012.09.06 15:12 B C:\inetpub\wwwroot\libraries\joomla\form\fields\user.php --> ftp3.ftptoyoursite.com /web/content/SITEBACKUP_962012/libraries/joomla/form/fields user.php
2012.09.06 15:12 B C:\inetpub\wwwroot\libraries\joomla\form\fields\usergroup.php --> ftp3.ftptoyoursite.com /web/content/SITEBACKUP_962012/libraries/joomla/form/fields usergroup.php
2012.09.06 15:12 B C:\inetpub\wwwroot\libraries\joomla\form\fields\WS_FTP.LOG --> ftp3.ftptoyoursite.com /web/content/SITEBACKUP_962012/libraries/joomla/form/fields WS_FTP.LOG
2012.10.23 09:15 B C:\inetpub\wwwroot\libraries\joomla\form\fields\accesslevel.php --> ftp3.ftptoyoursite.com /web/content/libraries/joomla/form/fields accesslevel.php
2012.10.23 09:15 B C:\inetpub\wwwroot\libraries\joomla\form\fields\cachehandler.php --> ftp3.ftptoyoursite.com /web/content/libraries/joomla/form/fields cachehandler.php
2012.10.23 09:15 B C:\inetpub\wwwroot\libraries\joomla\form\fields\calendar.php --> ftp3.ftptoyoursite.com /web/content/libraries/joomla/form/fields calendar.php
2012.10.23 09:15 B C:\inetpub\wwwroot\libraries\joomla\form\fields\category.php --> ftp3.ftptoyoursite.com /web/content/libraries/joomla/form/fields category.php
2012.10.23 09:15 B C:\inetpub\wwwroot\libraries\joomla\form\fields\checkbox.php --> ftp3.ftptoyoursite.com /web/content/libraries/joomla/form/fields checkbox.php
2012.10.23 09:15 B C:\inetpub\wwwroot\libraries\joomla\form\fields\checkboxes.php --> ftp3.ftptoyoursite.com /web/content/libraries/joomla/form/fields checkboxes.php
2012.10.23 09:15 B C:\inetpub\wwwroot\libraries\joomla\form\fields\color.php --> ftp3.ftptoyoursite.com /web/content/libraries/joomla/form/fields color.php
2012.10.23 09:15 B C:\inetpub\wwwroot\libraries\joomla\form\fields\combo.php --> ftp3.ftptoyoursite.com /web/content/libraries/joomla/form/fields combo.php
2012.10.23 09:15 B C:\inetpub\wwwroot\libraries\joomla\form\fields\componentlayout.php --> ftp3.ftptoyoursite.com /web/content/libraries/joomla/form/fields componentlayout.php
2012.10.23 09:15 B C:\inetpub\wwwroot\libraries\joomla\form\fields\contentlanguage.php --> ftp3.ftptoyoursite.com /web/content/libraries/joomla/form/fields contentlanguage.php
2012.10.23 09:15 B C:\inetpub\wwwroot\libraries\joomla\form\fields\databaseconnection.php --> ftp3.ftptoyoursite.com /web/content/libraries/joomla/form/fields databaseconnection.php
2012.10.23 09:15 B C:\inetpub\wwwroot\libraries\joomla\form\fields\editor.php --> ftp3.ftptoyoursite.com /web/content/libraries/joomla/form/fields editor.php
2012.10.23 09:15 B C:\inetpub\wwwroot\libraries\joomla\form\fields\editors.php --> ftp3.ftptoyoursite.com /web/content/libraries/joomla/form/fields editors.php
2012.10.23 09:15 B C:\inetpub\wwwroot\libraries\joomla\form\fields\email.php --> ftp3.ftptoyoursite.com /web/content/libraries/joomla/form/fields email.php
2012.10.23 09:15 B C:\inetpub\wwwroot\libraries\joomla\form\fields\file.php --> ftp3.ftptoyoursite.com /web/content/libraries/joomla/form/fields file.php
2012.10.23 09:15 B C:\inetpub\wwwroot\libraries\joomla\form\fields\filelist.php --> ftp3.ftptoyoursite.com /web/content/libraries/joomla/form/fields filelist.php
2012.10.23 09:15 B C:\inetpub\wwwroot\libraries\joomla\form\fields\folderlist.php --> ftp3.ftptoyoursite.com /web/content/libraries/joomla/form/fields folderlist.php
2012.10.23 09:15 B C:\inetpub\wwwroot\libraries\joomla\form\fields\groupedlist.php --> ftp3.ftptoyoursite.com /web/content/libraries/joomla/form/fields groupedlist.php
2012.10.23 09:15 B C:\inetpub\wwwroot\libraries\joomla\form\fields\helpsite.php --> ftp3.ftptoyoursite.com /web/content/libraries/joomla/form/fields helpsite.php
2012.10.23 09:15 B C:\inetpub\wwwroot\libraries\joomla\form\fields\hidden.php --> ftp3.ftptoyoursite.com /web/content/libraries/joomla/form/fields hidden.php
2012.10.23 09:15 B C:\inetpub\wwwroot\libraries\joomla\form\fields\imagelist.php --> ftp3.ftptoyoursite.com /web/content/libraries/joomla/form/fields imagelist.php
2012.10.23 09:15 B C:\inetpub\wwwroot\libraries\joomla\form\fields\index.html --> ftp3.ftptoyoursite.com /web/content/libraries/joomla/form/fields index.html
2012.10.23 09:15 B C:\inetpub\wwwroot\libraries\joomla\form\fields\integer.php --> ftp3.ftptoyoursite.com /web/content/libraries/joomla/form/fields integer.php
2012.10.23 09:15 B C:\inetpub\wwwroot\libraries\joomla\form\fields\language.php --> ftp3.ftptoyoursite.com /web/content/libraries/joomla/form/fields language.php
2012.10.23 09:15 B C:\inetpub\wwwroot\libraries\joomla\form\fields\list.php --> ftp3.ftptoyoursite.com /web/content/libraries/joomla/form/fields list.php
2012.10.23 09:15 B C:\inetpub\wwwroot\libraries\joomla\form\fields\media.php --> ftp3.ftptoyoursite.com /web/content/libraries/joomla/form/fields media.php
2012.10.23 09:15 B C:\inetpub\wwwroot\libraries\joomla\form\fields\menu.php --> ftp3.ftptoyoursite.com /web/content/libraries/joomla/form/fields menu.php
2012.10.23 09:15 B C:\inetpub\wwwroot\libraries\joomla\form\fields\menuitem.php --> ftp3.ftptoyoursite.com /web/content/libraries/joomla/form/fields menuitem.php
2012.10.23 09:15 B C:\inetpub\wwwroot\libraries\joomla\form\fields\modulelayout.php --> ftp3.ftptoyoursite.com /web/content/libraries/joomla/form/fields modulelayout.php
2012.10.23 09:15 B C:\inetpub\wwwroot\libraries\joomla\form\fields\password.php --> ftp3.ftptoyoursite.com /web/content/libraries/joomla/form/fields password.php
2012.10.23 09:15 B C:\inetpub\wwwroot\libraries\joomla\form\fields\plugins.php --> ftp3.ftptoyoursite.com /web/content/libraries/joomla/form/fields plugins.php
2012.10.23 09:15 B C:\inetpub\wwwroot\libraries\joomla\form\fields\radio.php --> ftp3.ftptoyoursite.com /web/content/libraries/joomla/form/fields radio.php
2012.10.23 09:15 B C:\inetpub\wwwroot\libraries\joomla\form\fields\rules.php --> ftp3.ftptoyoursite.com /web/content/libraries/joomla/form/fields rules.php
2012.10.23 09:15 B C:\inetpub\wwwroot\libraries\joomla\form\fields\sessionhandler.php --> ftp3.ftptoyoursite.com /web/content/libraries/joomla/form/fields sessionhandler.php
2012.10.23 09:15 B C:\inetpub\wwwroot\libraries\joomla\form\fields\spacer.php --> ftp3.ftptoyoursite.com /web/content/libraries/joomla/form/fields spacer.php
2012.10.23 09:15 B C:\inetpub\wwwroot\libraries\joomla\form\fields\sql.php --> ftp3.ftptoyoursite.com /web/content/libraries/joomla/form/fields sql.php
2012.10.23 09:15 B C:\inetpub\wwwroot\libraries\joomla\form\fields\tel.php --> ftp3.ftptoyoursite.com /web/content/libraries/joomla/form/fields tel.php
2012.10.23 09:15 B C:\inetpub\wwwroot\libraries\joomla\form\fields\text.php --> ftp3.ftptoyoursite.com /web/content/libraries/joomla/form/fields text.php
2012.10.23 09:15 B C:\inetpub\wwwroot\libraries\joomla\form\fields\textarea.php --> ftp3.ftptoyoursite.com /web/content/libraries/joomla/form/fields textarea.php
2012.10.23 09:15 B C:\inetpub\wwwroot\libraries\joomla\form\fields\timezone.php --> ftp3.ftptoyoursite.com /web/content/libraries/joomla/form/fields timezone.php
2012.10.23 09:15 B C:\inetpub\wwwroot\libraries\joomla\form\fields\url.php --> ftp3.ftptoyoursite.com /web/content/libraries/joomla/form/fields url.php
2012.10.23 09:15 B C:\inetpub\wwwroot\libraries\joomla\form\fields\user.php --> ftp3.ftptoyoursite.com /web/content/libraries/joomla/form/fields user.php
2012.10.23 09:15 B C:\inetpub\wwwroot\libraries\joomla\form\fields\usergroup.php --> ftp3.ftptoyoursite.com /web/content/libraries/joomla/form/fields usergroup.php
2012.10.23 09:15 B C:\inetpub\wwwroot\libraries\joomla\form\fields\WS_FTP.LOG --> ftp3.ftptoyoursite.com /web/content/libraries/joomla/form/fields WS_FTP.LOG
2013.02.01 14:54 B C:\inetpub\wwwroot\libraries\joomla\form\fields\WS_FTP.LOG <-- Schubert Rackspace /web/content/libraries/joomla/form/fields WS_FTP.LOG
