2012.07.25 12:20 B C:\Users\COBRIEN\Desktop\Schubert\modules\mod_stock_gk4\admin\elements\about.php <-- Schubert Rackspace /web/content/modules/mod_stock_gk4/admin/elements about.php
2012.07.25 12:20 B C:\Users\COBRIEN\Desktop\Schubert\modules\mod_stock_gk4\admin\elements\asset.php <-- Schubert Rackspace /web/content/modules/mod_stock_gk4/admin/elements asset.php
2012.07.25 12:20 B C:\Users\COBRIEN\Desktop\Schubert\modules\mod_stock_gk4\admin\elements\index.html <-- Schubert Rackspace /web/content/modules/mod_stock_gk4/admin/elements index.html
2012.07.25 12:20 B C:\Users\COBRIEN\Desktop\Schubert\modules\mod_stock_gk4\admin\elements\line.php <-- Schubert Rackspace /web/content/modules/mod_stock_gk4/admin/elements line.php
2012.07.25 12:20 B C:\Users\COBRIEN\Desktop\Schubert\modules\mod_stock_gk4\admin\elements\required.php <-- Schubert Rackspace /web/content/modules/mod_stock_gk4/admin/elements required.php
2012.07.25 12:20 B C:\Users\COBRIEN\Desktop\Schubert\modules\mod_stock_gk4\admin\elements\update.php <-- Schubert Rackspace /web/content/modules/mod_stock_gk4/admin/elements update.php
2012.09.04 10:56 B C:\inetpub\wwwroot\modules\mod_stock_gk4\admin\elements\about.php --> ftp3.ftptoyoursite.com /web/content/SITE-TEST/modules/mod_stock_gk4/admin/elements about.php
2012.09.04 10:56 B C:\inetpub\wwwroot\modules\mod_stock_gk4\admin\elements\asset.php --> ftp3.ftptoyoursite.com /web/content/SITE-TEST/modules/mod_stock_gk4/admin/elements asset.php
2012.09.04 10:56 B C:\inetpub\wwwroot\modules\mod_stock_gk4\admin\elements\index.html --> ftp3.ftptoyoursite.com /web/content/SITE-TEST/modules/mod_stock_gk4/admin/elements index.html
2012.09.04 10:56 B C:\inetpub\wwwroot\modules\mod_stock_gk4\admin\elements\line.php --> ftp3.ftptoyoursite.com /web/content/SITE-TEST/modules/mod_stock_gk4/admin/elements line.php
2012.09.04 10:56 B C:\inetpub\wwwroot\modules\mod_stock_gk4\admin\elements\required.php --> ftp3.ftptoyoursite.com /web/content/SITE-TEST/modules/mod_stock_gk4/admin/elements required.php
2012.09.04 10:56 B C:\inetpub\wwwroot\modules\mod_stock_gk4\admin\elements\update.php --> ftp3.ftptoyoursite.com /web/content/SITE-TEST/modules/mod_stock_gk4/admin/elements update.php
2012.09.04 10:56 B C:\inetpub\wwwroot\modules\mod_stock_gk4\admin\elements\WS_FTP.LOG --> ftp3.ftptoyoursite.com /web/content/SITE-TEST/modules/mod_stock_gk4/admin/elements WS_FTP.LOG
2012.09.06 15:15 B C:\inetpub\wwwroot\modules\mod_stock_gk4\admin\elements\about.php --> ftp3.ftptoyoursite.com /web/content/SITEBACKUP_962012/modules/mod_stock_gk4/admin/elements about.php
2012.09.06 15:15 B C:\inetpub\wwwroot\modules\mod_stock_gk4\admin\elements\asset.php --> ftp3.ftptoyoursite.com /web/content/SITEBACKUP_962012/modules/mod_stock_gk4/admin/elements asset.php
2012.09.06 15:15 B C:\inetpub\wwwroot\modules\mod_stock_gk4\admin\elements\index.html --> ftp3.ftptoyoursite.com /web/content/SITEBACKUP_962012/modules/mod_stock_gk4/admin/elements index.html
2012.09.06 15:15 B C:\inetpub\wwwroot\modules\mod_stock_gk4\admin\elements\line.php --> ftp3.ftptoyoursite.com /web/content/SITEBACKUP_962012/modules/mod_stock_gk4/admin/elements line.php
2012.09.06 15:15 B C:\inetpub\wwwroot\modules\mod_stock_gk4\admin\elements\required.php --> ftp3.ftptoyoursite.com /web/content/SITEBACKUP_962012/modules/mod_stock_gk4/admin/elements required.php
2012.09.06 15:15 B C:\inetpub\wwwroot\modules\mod_stock_gk4\admin\elements\update.php --> ftp3.ftptoyoursite.com /web/content/SITEBACKUP_962012/modules/mod_stock_gk4/admin/elements update.php
2012.09.06 15:15 B C:\inetpub\wwwroot\modules\mod_stock_gk4\admin\elements\WS_FTP.LOG --> ftp3.ftptoyoursite.com /web/content/SITEBACKUP_962012/modules/mod_stock_gk4/admin/elements WS_FTP.LOG
2012.10.23 09:17 B C:\inetpub\wwwroot\modules\mod_stock_gk4\admin\elements\about.php --> ftp3.ftptoyoursite.com /web/content/modules/mod_stock_gk4/admin/elements about.php
2012.10.23 09:17 B C:\inetpub\wwwroot\modules\mod_stock_gk4\admin\elements\asset.php --> ftp3.ftptoyoursite.com /web/content/modules/mod_stock_gk4/admin/elements asset.php
2012.10.23 09:17 B C:\inetpub\wwwroot\modules\mod_stock_gk4\admin\elements\index.html --> ftp3.ftptoyoursite.com /web/content/modules/mod_stock_gk4/admin/elements index.html
2012.10.23 09:17 B C:\inetpub\wwwroot\modules\mod_stock_gk4\admin\elements\line.php --> ftp3.ftptoyoursite.com /web/content/modules/mod_stock_gk4/admin/elements line.php
2012.10.23 09:17 B C:\inetpub\wwwroot\modules\mod_stock_gk4\admin\elements\required.php --> ftp3.ftptoyoursite.com /web/content/modules/mod_stock_gk4/admin/elements required.php
2012.10.23 09:17 B C:\inetpub\wwwroot\modules\mod_stock_gk4\admin\elements\update.php --> ftp3.ftptoyoursite.com /web/content/modules/mod_stock_gk4/admin/elements update.php
2012.10.23 09:17 B C:\inetpub\wwwroot\modules\mod_stock_gk4\admin\elements\WS_FTP.LOG --> ftp3.ftptoyoursite.com /web/content/modules/mod_stock_gk4/admin/elements WS_FTP.LOG
2013.02.01 15:03 B C:\inetpub\wwwroot\modules\mod_stock_gk4\admin\elements\WS_FTP.LOG <-- Schubert Rackspace /web/content/modules/mod_stock_gk4/admin/elements WS_FTP.LOG
