2012.07.25 12:15 B C:\Users\COBRIEN\Desktop\Schubert\components\com_jce\editor\libraries\css\jquery\jce\images\button_bg.png <-- Schubert Rackspace /web/content/components/com_jce/editor/libraries/css/jquery/jce/images button_bg.png
2012.07.25 12:15 B C:\Users\COBRIEN\Desktop\Schubert\components\com_jce\editor\libraries\css\jquery\jce\images\header_bg.png <-- Schubert Rackspace /web/content/components/com_jce/editor/libraries/css/jquery/jce/images header_bg.png
2012.07.25 12:15 B C:\Users\COBRIEN\Desktop\Schubert\components\com_jce\editor\libraries\css\jquery\jce\images\icon_sprite.png <-- Schubert Rackspace /web/content/components/com_jce/editor/libraries/css/jquery/jce/images icon_sprite.png
2012.07.25 12:15 B C:\Users\COBRIEN\Desktop\Schubert\components\com_jce\editor\libraries\css\jquery\jce\images\index.html <-- Schubert Rackspace /web/content/components/com_jce/editor/libraries/css/jquery/jce/images index.html
2012.07.25 12:15 B C:\Users\COBRIEN\Desktop\Schubert\components\com_jce\editor\libraries\css\jquery\jce\images\progress_bar.gif <-- Schubert Rackspace /web/content/components/com_jce/editor/libraries/css/jquery/jce/images progress_bar.gif
2012.07.25 12:15 B C:\Users\COBRIEN\Desktop\Schubert\components\com_jce\editor\libraries\css\jquery\jce\images\slider_handles.png <-- Schubert Rackspace /web/content/components/com_jce/editor/libraries/css/jquery/jce/images slider_handles.png
2012.07.25 12:15 B C:\Users\COBRIEN\Desktop\Schubert\components\com_jce\editor\libraries\css\jquery\jce\images\ui-icons_222222_256x240.png <-- Schubert Rackspace /web/content/components/com_jce/editor/libraries/css/jquery/jce/images ui-icons_222222_256x240.png
2012.07.25 12:15 B C:\Users\COBRIEN\Desktop\Schubert\components\com_jce\editor\libraries\css\jquery\jce\images\ui-icons_454545_256x240.png <-- Schubert Rackspace /web/content/components/com_jce/editor/libraries/css/jquery/jce/images ui-icons_454545_256x240.png
2012.09.04 10:50 B C:\inetpub\wwwroot\components\com_jce\editor\libraries\css\jquery\jce\images\button_bg.png --> ftp3.ftptoyoursite.com /web/content/SITE-TEST/components/com_jce/editor/libraries/css/jquery/jce/images button_bg.png
2012.09.04 10:50 B C:\inetpub\wwwroot\components\com_jce\editor\libraries\css\jquery\jce\images\header_bg.png --> ftp3.ftptoyoursite.com /web/content/SITE-TEST/components/com_jce/editor/libraries/css/jquery/jce/images header_bg.png
2012.09.04 10:50 B C:\inetpub\wwwroot\components\com_jce\editor\libraries\css\jquery\jce\images\icon_sprite.png --> ftp3.ftptoyoursite.com /web/content/SITE-TEST/components/com_jce/editor/libraries/css/jquery/jce/images icon_sprite.png
2012.09.04 10:50 B C:\inetpub\wwwroot\components\com_jce\editor\libraries\css\jquery\jce\images\index.html --> ftp3.ftptoyoursite.com /web/content/SITE-TEST/components/com_jce/editor/libraries/css/jquery/jce/images index.html
2012.09.04 10:50 B C:\inetpub\wwwroot\components\com_jce\editor\libraries\css\jquery\jce\images\progress_bar.gif --> ftp3.ftptoyoursite.com /web/content/SITE-TEST/components/com_jce/editor/libraries/css/jquery/jce/images progress_bar.gif
2012.09.04 10:50 B C:\inetpub\wwwroot\components\com_jce\editor\libraries\css\jquery\jce\images\slider_handles.png --> ftp3.ftptoyoursite.com /web/content/SITE-TEST/components/com_jce/editor/libraries/css/jquery/jce/images slider_handles.png
2012.09.04 10:50 B C:\inetpub\wwwroot\components\com_jce\editor\libraries\css\jquery\jce\images\ui-icons_222222_256x240.png --> ftp3.ftptoyoursite.com /web/content/SITE-TEST/components/com_jce/editor/libraries/css/jquery/jce/images ui-icons_222222_256x240.png
2012.09.04 10:50 B C:\inetpub\wwwroot\components\com_jce\editor\libraries\css\jquery\jce\images\ui-icons_454545_256x240.png --> ftp3.ftptoyoursite.com /web/content/SITE-TEST/components/com_jce/editor/libraries/css/jquery/jce/images ui-icons_454545_256x240.png
2012.09.04 10:50 B C:\inetpub\wwwroot\components\com_jce\editor\libraries\css\jquery\jce\images\WS_FTP.LOG --> ftp3.ftptoyoursite.com /web/content/SITE-TEST/components/com_jce/editor/libraries/css/jquery/jce/images WS_FTP.LOG
2012.09.06 15:07 B C:\inetpub\wwwroot\components\com_jce\editor\libraries\css\jquery\jce\images\button_bg.png --> ftp3.ftptoyoursite.com /web/content/SITEBACKUP_962012/components/com_jce/editor/libraries/css/jquery/jce/images button_bg.png
2012.09.06 15:07 B C:\inetpub\wwwroot\components\com_jce\editor\libraries\css\jquery\jce\images\header_bg.png --> ftp3.ftptoyoursite.com /web/content/SITEBACKUP_962012/components/com_jce/editor/libraries/css/jquery/jce/images header_bg.png
2012.09.06 15:07 B C:\inetpub\wwwroot\components\com_jce\editor\libraries\css\jquery\jce\images\icon_sprite.png --> ftp3.ftptoyoursite.com /web/content/SITEBACKUP_962012/components/com_jce/editor/libraries/css/jquery/jce/images icon_sprite.png
2012.09.06 15:07 B C:\inetpub\wwwroot\components\com_jce\editor\libraries\css\jquery\jce\images\index.html --> ftp3.ftptoyoursite.com /web/content/SITEBACKUP_962012/components/com_jce/editor/libraries/css/jquery/jce/images index.html
2012.09.06 15:07 B C:\inetpub\wwwroot\components\com_jce\editor\libraries\css\jquery\jce\images\progress_bar.gif --> ftp3.ftptoyoursite.com /web/content/SITEBACKUP_962012/components/com_jce/editor/libraries/css/jquery/jce/images progress_bar.gif
2012.09.06 15:07 B C:\inetpub\wwwroot\components\com_jce\editor\libraries\css\jquery\jce\images\slider_handles.png --> ftp3.ftptoyoursite.com /web/content/SITEBACKUP_962012/components/com_jce/editor/libraries/css/jquery/jce/images slider_handles.png
2012.09.06 15:07 B C:\inetpub\wwwroot\components\com_jce\editor\libraries\css\jquery\jce\images\ui-icons_222222_256x240.png --> ftp3.ftptoyoursite.com /web/content/SITEBACKUP_962012/components/com_jce/editor/libraries/css/jquery/jce/images ui-icons_222222_256x240.png
2012.09.06 15:07 B C:\inetpub\wwwroot\components\com_jce\editor\libraries\css\jquery\jce\images\ui-icons_454545_256x240.png --> ftp3.ftptoyoursite.com /web/content/SITEBACKUP_962012/components/com_jce/editor/libraries/css/jquery/jce/images ui-icons_454545_256x240.png
2012.09.06 15:07 B C:\inetpub\wwwroot\components\com_jce\editor\libraries\css\jquery\jce\images\WS_FTP.LOG --> ftp3.ftptoyoursite.com /web/content/SITEBACKUP_962012/components/com_jce/editor/libraries/css/jquery/jce/images WS_FTP.LOG
2012.09.06 15:48 B C:\inetpub\wwwroot\components\com_jce\editor\libraries\css\jquery\jce\images\button_bg.png <-- Schubert Rackspace /web/content/SITEBACKUP_962012/components/com_jce/editor/libraries/css/jquery/jce/images button_bg.png
2012.09.06 15:48 B C:\inetpub\wwwroot\components\com_jce\editor\libraries\css\jquery\jce\images\header_bg.png <-- Schubert Rackspace /web/content/SITEBACKUP_962012/components/com_jce/editor/libraries/css/jquery/jce/images header_bg.png
2012.09.06 15:48 B C:\inetpub\wwwroot\components\com_jce\editor\libraries\css\jquery\jce\images\icon_sprite.png <-- Schubert Rackspace /web/content/SITEBACKUP_962012/components/com_jce/editor/libraries/css/jquery/jce/images icon_sprite.png
2012.09.06 15:48 B C:\inetpub\wwwroot\components\com_jce\editor\libraries\css\jquery\jce\images\index.html <-- Schubert Rackspace /web/content/SITEBACKUP_962012/components/com_jce/editor/libraries/css/jquery/jce/images index.html
2012.09.06 15:48 B C:\inetpub\wwwroot\components\com_jce\editor\libraries\css\jquery\jce\images\progress_bar.gif <-- Schubert Rackspace /web/content/SITEBACKUP_962012/components/com_jce/editor/libraries/css/jquery/jce/images progress_bar.gif
2012.09.06 15:48 B C:\inetpub\wwwroot\components\com_jce\editor\libraries\css\jquery\jce\images\slider_handles.png <-- Schubert Rackspace /web/content/SITEBACKUP_962012/components/com_jce/editor/libraries/css/jquery/jce/images slider_handles.png
2012.09.06 15:48 B C:\inetpub\wwwroot\components\com_jce\editor\libraries\css\jquery\jce\images\ui-icons_222222_256x240.png <-- Schubert Rackspace /web/content/SITEBACKUP_962012/components/com_jce/editor/libraries/css/jquery/jce/images ui-icons_222222_256x240.png
2012.09.06 15:48 B C:\inetpub\wwwroot\components\com_jce\editor\libraries\css\jquery\jce\images\ui-icons_454545_256x240.png <-- Schubert Rackspace /web/content/SITEBACKUP_962012/components/com_jce/editor/libraries/css/jquery/jce/images ui-icons_454545_256x240.png
2012.10.23 09:11 B C:\inetpub\wwwroot\components\com_jce\editor\libraries\css\jquery\jce\images\button_bg.png --> ftp3.ftptoyoursite.com /web/content/components/com_jce/editor/libraries/css/jquery/jce/images button_bg.png
2012.10.23 09:11 B C:\inetpub\wwwroot\components\com_jce\editor\libraries\css\jquery\jce\images\header_bg.png --> ftp3.ftptoyoursite.com /web/content/components/com_jce/editor/libraries/css/jquery/jce/images header_bg.png
2012.10.23 09:11 B C:\inetpub\wwwroot\components\com_jce\editor\libraries\css\jquery\jce\images\icon_sprite.png --> ftp3.ftptoyoursite.com /web/content/components/com_jce/editor/libraries/css/jquery/jce/images icon_sprite.png
2012.10.23 09:11 B C:\inetpub\wwwroot\components\com_jce\editor\libraries\css\jquery\jce\images\index.html --> ftp3.ftptoyoursite.com /web/content/components/com_jce/editor/libraries/css/jquery/jce/images index.html
2012.10.23 09:11 B C:\inetpub\wwwroot\components\com_jce\editor\libraries\css\jquery\jce\images\progress_bar.gif --> ftp3.ftptoyoursite.com /web/content/components/com_jce/editor/libraries/css/jquery/jce/images progress_bar.gif
2012.10.23 09:11 B C:\inetpub\wwwroot\components\com_jce\editor\libraries\css\jquery\jce\images\slider_handles.png --> ftp3.ftptoyoursite.com /web/content/components/com_jce/editor/libraries/css/jquery/jce/images slider_handles.png
2012.10.23 09:11 B C:\inetpub\wwwroot\components\com_jce\editor\libraries\css\jquery\jce\images\ui-icons_222222_256x240.png --> ftp3.ftptoyoursite.com /web/content/components/com_jce/editor/libraries/css/jquery/jce/images ui-icons_222222_256x240.png
2012.10.23 09:11 B C:\inetpub\wwwroot\components\com_jce\editor\libraries\css\jquery\jce\images\ui-icons_454545_256x240.png --> ftp3.ftptoyoursite.com /web/content/components/com_jce/editor/libraries/css/jquery/jce/images ui-icons_454545_256x240.png
2012.10.23 09:11 B C:\inetpub\wwwroot\components\com_jce\editor\libraries\css\jquery\jce\images\WS_FTP.LOG --> ftp3.ftptoyoursite.com /web/content/components/com_jce/editor/libraries/css/jquery/jce/images WS_FTP.LOG
2013.02.01 14:48 B C:\inetpub\wwwroot\components\com_jce\editor\libraries\css\jquery\jce\images\WS_FTP.LOG <-- Schubert Rackspace /web/content/components/com_jce/editor/libraries/css/jquery/jce/images WS_FTP.LOG
