2012.07.25 12:18 B C:\Users\COBRIEN\Desktop\Schubert\media\editors\tinymce\jscripts\tiny_mce\themes\advanced\about.htm <-- Schubert Rackspace /web/content/media/editors/tinymce/jscripts/tiny_mce/themes/advanced about.htm
2012.07.25 12:18 B C:\Users\COBRIEN\Desktop\Schubert\media\editors\tinymce\jscripts\tiny_mce\themes\advanced\anchor.htm <-- Schubert Rackspace /web/content/media/editors/tinymce/jscripts/tiny_mce/themes/advanced anchor.htm
2012.07.25 12:18 B C:\Users\COBRIEN\Desktop\Schubert\media\editors\tinymce\jscripts\tiny_mce\themes\advanced\charmap.htm <-- Schubert Rackspace /web/content/media/editors/tinymce/jscripts/tiny_mce/themes/advanced charmap.htm
2012.07.25 12:18 B C:\Users\COBRIEN\Desktop\Schubert\media\editors\tinymce\jscripts\tiny_mce\themes\advanced\color_picker.htm <-- Schubert Rackspace /web/content/media/editors/tinymce/jscripts/tiny_mce/themes/advanced color_picker.htm
2012.07.25 12:18 B C:\Users\COBRIEN\Desktop\Schubert\media\editors\tinymce\jscripts\tiny_mce\themes\advanced\editor_template.js <-- Schubert Rackspace /web/content/media/editors/tinymce/jscripts/tiny_mce/themes/advanced editor_template.js
2012.07.25 12:18 B C:\Users\COBRIEN\Desktop\Schubert\media\editors\tinymce\jscripts\tiny_mce\themes\advanced\image.htm <-- Schubert Rackspace /web/content/media/editors/tinymce/jscripts/tiny_mce/themes/advanced image.htm
2012.07.25 12:18 B C:\Users\COBRIEN\Desktop\Schubert\media\editors\tinymce\jscripts\tiny_mce\themes\advanced\index.html <-- Schubert Rackspace /web/content/media/editors/tinymce/jscripts/tiny_mce/themes/advanced index.html
2012.07.25 12:18 B C:\Users\COBRIEN\Desktop\Schubert\media\editors\tinymce\jscripts\tiny_mce\themes\advanced\link.htm <-- Schubert Rackspace /web/content/media/editors/tinymce/jscripts/tiny_mce/themes/advanced link.htm
2012.07.25 12:18 B C:\Users\COBRIEN\Desktop\Schubert\media\editors\tinymce\jscripts\tiny_mce\themes\advanced\shortcuts.htm <-- Schubert Rackspace /web/content/media/editors/tinymce/jscripts/tiny_mce/themes/advanced shortcuts.htm
2012.07.25 12:18 B C:\Users\COBRIEN\Desktop\Schubert\media\editors\tinymce\jscripts\tiny_mce\themes\advanced\source_editor.htm <-- Schubert Rackspace /web/content/media/editors/tinymce/jscripts/tiny_mce/themes/advanced source_editor.htm
2012.09.04 10:55 B C:\inetpub\wwwroot\media\editors\tinymce\jscripts\tiny_mce\themes\advanced\about.htm --> ftp3.ftptoyoursite.com /web/content/SITE-TEST/media/editors/tinymce/jscripts/tiny_mce/themes/advanced about.htm
2012.09.04 10:55 B C:\inetpub\wwwroot\media\editors\tinymce\jscripts\tiny_mce\themes\advanced\anchor.htm --> ftp3.ftptoyoursite.com /web/content/SITE-TEST/media/editors/tinymce/jscripts/tiny_mce/themes/advanced anchor.htm
2012.09.04 10:55 B C:\inetpub\wwwroot\media\editors\tinymce\jscripts\tiny_mce\themes\advanced\charmap.htm --> ftp3.ftptoyoursite.com /web/content/SITE-TEST/media/editors/tinymce/jscripts/tiny_mce/themes/advanced charmap.htm
2012.09.04 10:55 B C:\inetpub\wwwroot\media\editors\tinymce\jscripts\tiny_mce\themes\advanced\color_picker.htm --> ftp3.ftptoyoursite.com /web/content/SITE-TEST/media/editors/tinymce/jscripts/tiny_mce/themes/advanced color_picker.htm
2012.09.04 10:55 B C:\inetpub\wwwroot\media\editors\tinymce\jscripts\tiny_mce\themes\advanced\editor_template.js --> ftp3.ftptoyoursite.com /web/content/SITE-TEST/media/editors/tinymce/jscripts/tiny_mce/themes/advanced editor_template.js
2012.09.04 10:55 B C:\inetpub\wwwroot\media\editors\tinymce\jscripts\tiny_mce\themes\advanced\image.htm --> ftp3.ftptoyoursite.com /web/content/SITE-TEST/media/editors/tinymce/jscripts/tiny_mce/themes/advanced image.htm
2012.09.04 10:55 B C:\inetpub\wwwroot\media\editors\tinymce\jscripts\tiny_mce\themes\advanced\index.html --> ftp3.ftptoyoursite.com /web/content/SITE-TEST/media/editors/tinymce/jscripts/tiny_mce/themes/advanced index.html
2012.09.04 10:55 B C:\inetpub\wwwroot\media\editors\tinymce\jscripts\tiny_mce\themes\advanced\link.htm --> ftp3.ftptoyoursite.com /web/content/SITE-TEST/media/editors/tinymce/jscripts/tiny_mce/themes/advanced link.htm
2012.09.04 10:55 B C:\inetpub\wwwroot\media\editors\tinymce\jscripts\tiny_mce\themes\advanced\shortcuts.htm --> ftp3.ftptoyoursite.com /web/content/SITE-TEST/media/editors/tinymce/jscripts/tiny_mce/themes/advanced shortcuts.htm
2012.09.04 10:55 B C:\inetpub\wwwroot\media\editors\tinymce\jscripts\tiny_mce\themes\advanced\source_editor.htm --> ftp3.ftptoyoursite.com /web/content/SITE-TEST/media/editors/tinymce/jscripts/tiny_mce/themes/advanced source_editor.htm
2012.09.04 10:55 B C:\inetpub\wwwroot\media\editors\tinymce\jscripts\tiny_mce\themes\advanced\WS_FTP.LOG --> ftp3.ftptoyoursite.com /web/content/SITE-TEST/media/editors/tinymce/jscripts/tiny_mce/themes/advanced WS_FTP.LOG
2012.09.06 15:14 B C:\inetpub\wwwroot\media\editors\tinymce\jscripts\tiny_mce\themes\advanced\about.htm --> ftp3.ftptoyoursite.com /web/content/SITEBACKUP_962012/media/editors/tinymce/jscripts/tiny_mce/themes/advanced about.htm
2012.09.06 15:14 B C:\inetpub\wwwroot\media\editors\tinymce\jscripts\tiny_mce\themes\advanced\anchor.htm --> ftp3.ftptoyoursite.com /web/content/SITEBACKUP_962012/media/editors/tinymce/jscripts/tiny_mce/themes/advanced anchor.htm
2012.09.06 15:14 B C:\inetpub\wwwroot\media\editors\tinymce\jscripts\tiny_mce\themes\advanced\charmap.htm --> ftp3.ftptoyoursite.com /web/content/SITEBACKUP_962012/media/editors/tinymce/jscripts/tiny_mce/themes/advanced charmap.htm
2012.09.06 15:14 B C:\inetpub\wwwroot\media\editors\tinymce\jscripts\tiny_mce\themes\advanced\color_picker.htm --> ftp3.ftptoyoursite.com /web/content/SITEBACKUP_962012/media/editors/tinymce/jscripts/tiny_mce/themes/advanced color_picker.htm
2012.09.06 15:14 B C:\inetpub\wwwroot\media\editors\tinymce\jscripts\tiny_mce\themes\advanced\editor_template.js --> ftp3.ftptoyoursite.com /web/content/SITEBACKUP_962012/media/editors/tinymce/jscripts/tiny_mce/themes/advanced editor_template.js
2012.09.06 15:14 B C:\inetpub\wwwroot\media\editors\tinymce\jscripts\tiny_mce\themes\advanced\image.htm --> ftp3.ftptoyoursite.com /web/content/SITEBACKUP_962012/media/editors/tinymce/jscripts/tiny_mce/themes/advanced image.htm
2012.09.06 15:14 B C:\inetpub\wwwroot\media\editors\tinymce\jscripts\tiny_mce\themes\advanced\index.html --> ftp3.ftptoyoursite.com /web/content/SITEBACKUP_962012/media/editors/tinymce/jscripts/tiny_mce/themes/advanced index.html
2012.09.06 15:14 B C:\inetpub\wwwroot\media\editors\tinymce\jscripts\tiny_mce\themes\advanced\link.htm --> ftp3.ftptoyoursite.com /web/content/SITEBACKUP_962012/media/editors/tinymce/jscripts/tiny_mce/themes/advanced link.htm
2012.09.06 15:14 B C:\inetpub\wwwroot\media\editors\tinymce\jscripts\tiny_mce\themes\advanced\shortcuts.htm --> ftp3.ftptoyoursite.com /web/content/SITEBACKUP_962012/media/editors/tinymce/jscripts/tiny_mce/themes/advanced shortcuts.htm
2012.09.06 15:14 B C:\inetpub\wwwroot\media\editors\tinymce\jscripts\tiny_mce\themes\advanced\source_editor.htm --> ftp3.ftptoyoursite.com /web/content/SITEBACKUP_962012/media/editors/tinymce/jscripts/tiny_mce/themes/advanced source_editor.htm
2012.09.06 15:14 B C:\inetpub\wwwroot\media\editors\tinymce\jscripts\tiny_mce\themes\advanced\WS_FTP.LOG --> ftp3.ftptoyoursite.com /web/content/SITEBACKUP_962012/media/editors/tinymce/jscripts/tiny_mce/themes/advanced WS_FTP.LOG
2012.10.23 09:16 B C:\inetpub\wwwroot\media\editors\tinymce\jscripts\tiny_mce\themes\advanced\about.htm --> ftp3.ftptoyoursite.com /web/content/media/editors/tinymce/jscripts/tiny_mce/themes/advanced about.htm
2012.10.23 09:16 B C:\inetpub\wwwroot\media\editors\tinymce\jscripts\tiny_mce\themes\advanced\anchor.htm --> ftp3.ftptoyoursite.com /web/content/media/editors/tinymce/jscripts/tiny_mce/themes/advanced anchor.htm
2012.10.23 09:16 B C:\inetpub\wwwroot\media\editors\tinymce\jscripts\tiny_mce\themes\advanced\charmap.htm --> ftp3.ftptoyoursite.com /web/content/media/editors/tinymce/jscripts/tiny_mce/themes/advanced charmap.htm
2012.10.23 09:16 B C:\inetpub\wwwroot\media\editors\tinymce\jscripts\tiny_mce\themes\advanced\color_picker.htm --> ftp3.ftptoyoursite.com /web/content/media/editors/tinymce/jscripts/tiny_mce/themes/advanced color_picker.htm
2012.10.23 09:16 B C:\inetpub\wwwroot\media\editors\tinymce\jscripts\tiny_mce\themes\advanced\editor_template.js --> ftp3.ftptoyoursite.com /web/content/media/editors/tinymce/jscripts/tiny_mce/themes/advanced editor_template.js
2012.10.23 09:16 B C:\inetpub\wwwroot\media\editors\tinymce\jscripts\tiny_mce\themes\advanced\image.htm --> ftp3.ftptoyoursite.com /web/content/media/editors/tinymce/jscripts/tiny_mce/themes/advanced image.htm
2012.10.23 09:16 B C:\inetpub\wwwroot\media\editors\tinymce\jscripts\tiny_mce\themes\advanced\index.html --> ftp3.ftptoyoursite.com /web/content/media/editors/tinymce/jscripts/tiny_mce/themes/advanced index.html
2012.10.23 09:16 B C:\inetpub\wwwroot\media\editors\tinymce\jscripts\tiny_mce\themes\advanced\link.htm --> ftp3.ftptoyoursite.com /web/content/media/editors/tinymce/jscripts/tiny_mce/themes/advanced link.htm
2012.10.23 09:16 B C:\inetpub\wwwroot\media\editors\tinymce\jscripts\tiny_mce\themes\advanced\shortcuts.htm --> ftp3.ftptoyoursite.com /web/content/media/editors/tinymce/jscripts/tiny_mce/themes/advanced shortcuts.htm
2012.10.23 09:16 B C:\inetpub\wwwroot\media\editors\tinymce\jscripts\tiny_mce\themes\advanced\source_editor.htm --> ftp3.ftptoyoursite.com /web/content/media/editors/tinymce/jscripts/tiny_mce/themes/advanced source_editor.htm
2012.10.23 09:16 B C:\inetpub\wwwroot\media\editors\tinymce\jscripts\tiny_mce\themes\advanced\WS_FTP.LOG --> ftp3.ftptoyoursite.com /web/content/media/editors/tinymce/jscripts/tiny_mce/themes/advanced WS_FTP.LOG
2013.02.01 14:55 B C:\inetpub\wwwroot\media\editors\tinymce\jscripts\tiny_mce\themes\advanced\WS_FTP.LOG <-- Schubert Rackspace /web/content/media/editors/tinymce/jscripts/tiny_mce/themes/advanced WS_FTP.LOG
