2012.07.25 12:15 B C:\Users\COBRIEN\Desktop\Schubert\components\com_content\views\featured\index.html <-- Schubert Rackspace /web/content/components/com_content/views/featured index.html
2012.07.25 12:15 B C:\Users\COBRIEN\Desktop\Schubert\components\com_content\views\featured\metadata.xml <-- Schubert Rackspace /web/content/components/com_content/views/featured metadata.xml
2012.07.25 12:15 B C:\Users\COBRIEN\Desktop\Schubert\components\com_content\views\featured\view.feed.php <-- Schubert Rackspace /web/content/components/com_content/views/featured view.feed.php
2012.07.25 12:15 B C:\Users\COBRIEN\Desktop\Schubert\components\com_content\views\featured\view.html.php <-- Schubert Rackspace /web/content/components/com_content/views/featured view.html.php
2012.09.04 10:50 B C:\inetpub\wwwroot\components\com_content\views\featured\index.html --> ftp3.ftptoyoursite.com /web/content/SITE-TEST/components/com_content/views/featured index.html
2012.09.04 10:50 B C:\inetpub\wwwroot\components\com_content\views\featured\metadata.xml --> ftp3.ftptoyoursite.com /web/content/SITE-TEST/components/com_content/views/featured metadata.xml
2012.09.04 10:50 B C:\inetpub\wwwroot\components\com_content\views\featured\view.feed.php --> ftp3.ftptoyoursite.com /web/content/SITE-TEST/components/com_content/views/featured view.feed.php
2012.09.04 10:50 B C:\inetpub\wwwroot\components\com_content\views\featured\view.html.php --> ftp3.ftptoyoursite.com /web/content/SITE-TEST/components/com_content/views/featured view.html.php
2012.09.04 10:50 B C:\inetpub\wwwroot\components\com_content\views\featured\WS_FTP.LOG --> ftp3.ftptoyoursite.com /web/content/SITE-TEST/components/com_content/views/featured WS_FTP.LOG
2012.09.06 15:07 B C:\inetpub\wwwroot\components\com_content\views\featured\index.html --> ftp3.ftptoyoursite.com /web/content/SITEBACKUP_962012/components/com_content/views/featured index.html
2012.09.06 15:07 B C:\inetpub\wwwroot\components\com_content\views\featured\metadata.xml --> ftp3.ftptoyoursite.com /web/content/SITEBACKUP_962012/components/com_content/views/featured metadata.xml
2012.09.06 15:07 B C:\inetpub\wwwroot\components\com_content\views\featured\view.feed.php --> ftp3.ftptoyoursite.com /web/content/SITEBACKUP_962012/components/com_content/views/featured view.feed.php
2012.09.06 15:07 B C:\inetpub\wwwroot\components\com_content\views\featured\view.html.php --> ftp3.ftptoyoursite.com /web/content/SITEBACKUP_962012/components/com_content/views/featured view.html.php
2012.09.06 15:07 B C:\inetpub\wwwroot\components\com_content\views\featured\WS_FTP.LOG --> ftp3.ftptoyoursite.com /web/content/SITEBACKUP_962012/components/com_content/views/featured WS_FTP.LOG
2012.09.06 15:48 B C:\inetpub\wwwroot\components\com_content\views\featured\index.html <-- Schubert Rackspace /web/content/SITEBACKUP_962012/components/com_content/views/featured index.html
2012.09.06 15:48 B C:\inetpub\wwwroot\components\com_content\views\featured\metadata.xml <-- Schubert Rackspace /web/content/SITEBACKUP_962012/components/com_content/views/featured metadata.xml
2012.09.06 15:48 B C:\inetpub\wwwroot\components\com_content\views\featured\view.feed.php <-- Schubert Rackspace /web/content/SITEBACKUP_962012/components/com_content/views/featured view.feed.php
2012.09.06 15:48 B C:\inetpub\wwwroot\components\com_content\views\featured\view.html.php <-- Schubert Rackspace /web/content/SITEBACKUP_962012/components/com_content/views/featured view.html.php
2012.10.23 09:11 B C:\inetpub\wwwroot\components\com_content\views\featured\index.html --> ftp3.ftptoyoursite.com /web/content/components/com_content/views/featured index.html
2012.10.23 09:11 B C:\inetpub\wwwroot\components\com_content\views\featured\metadata.xml --> ftp3.ftptoyoursite.com /web/content/components/com_content/views/featured metadata.xml
2012.10.23 09:11 B C:\inetpub\wwwroot\components\com_content\views\featured\view.feed.php --> ftp3.ftptoyoursite.com /web/content/components/com_content/views/featured view.feed.php
2012.10.23 09:11 B C:\inetpub\wwwroot\components\com_content\views\featured\view.html.php --> ftp3.ftptoyoursite.com /web/content/components/com_content/views/featured view.html.php
2012.10.23 09:11 B C:\inetpub\wwwroot\components\com_content\views\featured\WS_FTP.LOG --> ftp3.ftptoyoursite.com /web/content/components/com_content/views/featured WS_FTP.LOG
2013.02.01 14:48 B C:\inetpub\wwwroot\components\com_content\views\featured\WS_FTP.LOG <-- Schubert Rackspace /web/content/components/com_content/views/featured WS_FTP.LOG
