2012.08.27 13:59 B C:\inetpub\wwwroot\zoommap\example.html <-- Schubert Rackspace /web/content/zoommap example.html
2012.08.27 15:01 B C:\inetpub\wwwroot\zoommap\setup.js <-- Schubert Rackspace /web/content/zoommap setup.js
2012.08.27 15:04 B C:\inetpub\wwwroot\zoommap\setup.js <-- Schubert Rackspace /web/content/zoommap setup.js
2012.08.27 15:19 B C:\inetpub\wwwroot\zoommap\setup.js <-- Schubert Rackspace /web/content/zoommap setup.js
2012.08.27 15:19 B C:\inetpub\wwwroot\zoommap\setup.js <-- Schubert Rackspace /web/content/zoommap setup.js
2012.08.27 16:08 B C:\inetpub\wwwroot\zoommap\example.html <-- Schubert Rackspace /web/content/zoommap example.html
2012.08.27 16:08 B C:\inetpub\wwwroot\zoommap\example.html <-- Schubert Rackspace /web/content/zoommap example.html
2012.08.27 16:08 B C:\inetpub\wwwroot\zoommap\jquery-1-3-2-min.js <-- Schubert Rackspace /web/content/zoommap jquery-1-3-2-min.js
2012.08.28 12:20 B C:\inetpub\wwwroot\zoommap\setup.js --> ftp3.ftptoyoursite.com /web/content/zoommap setup.js
2012.08.28 12:20 B C:\inetpub\wwwroot\zoommap\setup.js --> ftp3.ftptoyoursite.com /web/content/zoommap setup.js
2012.08.28 12:21 B C:\inetpub\wwwroot\zoommap\setup.js --> ftp3.ftptoyoursite.com /web/content/zoommap setup.js
2012.08.28 12:21 B C:\inetpub\wwwroot\zoommap\setup.js --> ftp3.ftptoyoursite.com /web/content/zoommap setup.js
2012.08.28 12:21 B C:\inetpub\wwwroot\zoommap\setup.js --> ftp3.ftptoyoursite.com /web/content/zoommap setup.js
2012.08.28 12:23 B C:\inetpub\wwwroot\zoommap\setup.js <-- Schubert Rackspace /web/content/zoommap setup.js
2012.08.28 12:29 B C:\inetpub\wwwroot\zoommap\setup.js <-- Schubert Rackspace /web/content/zoommap setup.js
2012.08.28 12:30 B C:\inetpub\wwwroot\zoommap\setup.js <-- Schubert Rackspace /web/content/zoommap setup.js
2012.08.28 12:37 B C:\inetpub\wwwroot\zoommap\setup.js --> ftp3.ftptoyoursite.com /web/content/zoommap setup.js
2012.08.28 12:37 B C:\inetpub\wwwroot\zoommap\setup.js <-- Schubert Rackspace /web/content/zoommap setup.js
2012.08.28 12:42 B C:\inetpub\wwwroot\zoommap\zoommap.css <-- Schubert Rackspace /web/content/zoommap zoommap.css
2012.08.28 12:44 B C:\inetpub\wwwroot\zoommap\zoommap.css <-- Schubert Rackspace /web/content/zoommap zoommap.css
2012.08.28 12:44 B C:\inetpub\wwwroot\zoommap\zoommap.css <-- Schubert Rackspace /web/content/zoommap zoommap.css
2012.08.28 13:49 B C:\inetpub\wwwroot\zoommap\example.html <-- Schubert Rackspace /web/content/zoommap example.html
2012.08.28 13:49 B C:\inetpub\wwwroot\zoommap\example.html <-- Schubert Rackspace /web/content/zoommap example.html
2012.08.28 13:51 B C:\inetpub\wwwroot\zoommap\example.html <-- Schubert Rackspace /web/content/zoommap example.html
2012.08.28 13:51 B C:\inetpub\wwwroot\zoommap\setup.js <-- Schubert Rackspace /web/content/zoommap setup.js
2012.09.04 10:58 B C:\inetpub\wwwroot\zoommap\example.html --> ftp3.ftptoyoursite.com /web/content/SITE-TEST/zoommap example.html
2012.09.04 10:58 B C:\inetpub\wwwroot\zoommap\jquery-1-3-2-min.js --> ftp3.ftptoyoursite.com /web/content/SITE-TEST/zoommap jquery-1-3-2-min.js
2012.09.04 10:58 B C:\inetpub\wwwroot\zoommap\jquery-1.3.2.min.js --> ftp3.ftptoyoursite.com /web/content/SITE-TEST/zoommap jquery-1.3.2.min.js
2012.09.04 10:58 B C:\inetpub\wwwroot\zoommap\setup.js --> ftp3.ftptoyoursite.com /web/content/SITE-TEST/zoommap setup.js
2012.10.11 12:31 B C:\inetpub\wwwroot\zoommap\WS_FTP.LOG <-- Schubert Rackspace /web/content/zoommap WS_FTP.LOG
2012.10.11 12:31 B C:\inetpub\wwwroot\zoommap\zoommap.css <-- Schubert Rackspace /web/content/zoommap zoommap.css
2012.10.11 12:31 B C:\inetpub\wwwroot\zoommap\zoommap.js <-- Schubert Rackspace /web/content/zoommap zoommap.js
2012.10.23 09:20 B C:\inetpub\wwwroot\zoommap\example.html --> ftp3.ftptoyoursite.com /web/content/zoommap example.html
2012.10.23 09:20 B C:\inetpub\wwwroot\zoommap\jquery-1-3-2-min.js --> ftp3.ftptoyoursite.com /web/content/zoommap jquery-1-3-2-min.js
2012.10.23 09:20 B C:\inetpub\wwwroot\zoommap\jquery-1.3.2.min.js --> ftp3.ftptoyoursite.com /web/content/zoommap jquery-1.3.2.min.js
2012.10.23 09:20 B C:\inetpub\wwwroot\zoommap\setup.js --> ftp3.ftptoyoursite.com /web/content/zoommap setup.js
2012.10.23 09:20 B C:\inetpub\wwwroot\zoommap\WS_FTP.LOG --> ftp3.ftptoyoursite.com /web/content/zoommap WS_FTP.LOG
2012.10.23 09:20 B C:\inetpub\wwwroot\zoommap\zoommap.css --> ftp3.ftptoyoursite.com /web/content/zoommap zoommap.css
2012.10.23 09:20 B C:\inetpub\wwwroot\zoommap\zoommap.js --> ftp3.ftptoyoursite.com /web/content/zoommap zoommap.js
2013.02.01 15:06 B C:\inetpub\wwwroot\zoommap\WS_FTP.LOG <-- Schubert Rackspace /web/content/zoommap WS_FTP.LOG
2013.02.01 15:06 B C:\inetpub\wwwroot\zoommap\zoommap.css <-- Schubert Rackspace /web/content/zoommap zoommap.css
2013.02.01 15:06 B C:\inetpub\wwwroot\zoommap\zoommap.js <-- Schubert Rackspace /web/content/zoommap zoommap.js
