2012.07.25 12:18 B C:\Users\COBRIEN\Desktop\Schubert\libraries\simplepie\idn\idna_convert.class.php <-- Schubert Rackspace /web/content/libraries/simplepie/idn idna_convert.class.php
2012.07.25 12:18 B C:\Users\COBRIEN\Desktop\Schubert\libraries\simplepie\idn\index.html <-- Schubert Rackspace /web/content/libraries/simplepie/idn index.html
2012.07.25 12:18 B C:\Users\COBRIEN\Desktop\Schubert\libraries\simplepie\idn\LICENCE <-- Schubert Rackspace /web/content/libraries/simplepie/idn LICENCE
2012.07.25 12:18 B C:\Users\COBRIEN\Desktop\Schubert\libraries\simplepie\idn\npdata.ser <-- Schubert Rackspace /web/content/libraries/simplepie/idn npdata.ser
2012.07.25 12:18 B C:\Users\COBRIEN\Desktop\Schubert\libraries\simplepie\idn\ReadMe.txt <-- Schubert Rackspace /web/content/libraries/simplepie/idn ReadMe.txt
2012.09.04 10:54 B C:\inetpub\wwwroot\libraries\simplepie\idn\idna_convert.class.php --> ftp3.ftptoyoursite.com /web/content/SITE-TEST/libraries/simplepie/idn idna_convert.class.php
2012.09.04 10:54 B C:\inetpub\wwwroot\libraries\simplepie\idn\index.html --> ftp3.ftptoyoursite.com /web/content/SITE-TEST/libraries/simplepie/idn index.html
2012.09.04 10:54 B C:\inetpub\wwwroot\libraries\simplepie\idn\LICENCE --> ftp3.ftptoyoursite.com /web/content/SITE-TEST/libraries/simplepie/idn LICENCE
2012.09.04 10:54 B C:\inetpub\wwwroot\libraries\simplepie\idn\npdata.ser --> ftp3.ftptoyoursite.com /web/content/SITE-TEST/libraries/simplepie/idn npdata.ser
2012.09.04 10:54 B C:\inetpub\wwwroot\libraries\simplepie\idn\ReadMe.txt --> ftp3.ftptoyoursite.com /web/content/SITE-TEST/libraries/simplepie/idn ReadMe.txt
2012.09.04 10:54 B C:\inetpub\wwwroot\libraries\simplepie\idn\WS_FTP.LOG --> ftp3.ftptoyoursite.com /web/content/SITE-TEST/libraries/simplepie/idn WS_FTP.LOG
2012.09.06 15:13 B C:\inetpub\wwwroot\libraries\simplepie\idn\idna_convert.class.php --> ftp3.ftptoyoursite.com /web/content/SITEBACKUP_962012/libraries/simplepie/idn idna_convert.class.php
2012.09.06 15:13 B C:\inetpub\wwwroot\libraries\simplepie\idn\index.html --> ftp3.ftptoyoursite.com /web/content/SITEBACKUP_962012/libraries/simplepie/idn index.html
2012.09.06 15:13 B C:\inetpub\wwwroot\libraries\simplepie\idn\LICENCE --> ftp3.ftptoyoursite.com /web/content/SITEBACKUP_962012/libraries/simplepie/idn LICENCE
2012.09.06 15:13 B C:\inetpub\wwwroot\libraries\simplepie\idn\npdata.ser --> ftp3.ftptoyoursite.com /web/content/SITEBACKUP_962012/libraries/simplepie/idn npdata.ser
2012.09.06 15:13 B C:\inetpub\wwwroot\libraries\simplepie\idn\ReadMe.txt --> ftp3.ftptoyoursite.com /web/content/SITEBACKUP_962012/libraries/simplepie/idn ReadMe.txt
2012.09.06 15:13 B C:\inetpub\wwwroot\libraries\simplepie\idn\WS_FTP.LOG --> ftp3.ftptoyoursite.com /web/content/SITEBACKUP_962012/libraries/simplepie/idn WS_FTP.LOG
2012.10.23 09:15 B C:\inetpub\wwwroot\libraries\simplepie\idn\idna_convert.class.php --> ftp3.ftptoyoursite.com /web/content/libraries/simplepie/idn idna_convert.class.php
2012.10.23 09:15 B C:\inetpub\wwwroot\libraries\simplepie\idn\index.html --> ftp3.ftptoyoursite.com /web/content/libraries/simplepie/idn index.html
2012.10.23 09:15 B C:\inetpub\wwwroot\libraries\simplepie\idn\LICENCE --> ftp3.ftptoyoursite.com /web/content/libraries/simplepie/idn LICENCE
2012.10.23 09:15 B C:\inetpub\wwwroot\libraries\simplepie\idn\npdata.ser --> ftp3.ftptoyoursite.com /web/content/libraries/simplepie/idn npdata.ser
2012.10.23 09:15 B C:\inetpub\wwwroot\libraries\simplepie\idn\ReadMe.txt --> ftp3.ftptoyoursite.com /web/content/libraries/simplepie/idn ReadMe.txt
2012.10.23 09:15 B C:\inetpub\wwwroot\libraries\simplepie\idn\WS_FTP.LOG --> ftp3.ftptoyoursite.com /web/content/libraries/simplepie/idn WS_FTP.LOG
2013.02.01 14:54 B C:\inetpub\wwwroot\libraries\simplepie\idn\WS_FTP.LOG <-- Schubert Rackspace /web/content/libraries/simplepie/idn WS_FTP.LOG
