2012.07.25 12:11 B C:\Users\COBRIEN\Desktop\Schubert\administrator\components\com_menus\models\forms\index.html <-- Schubert Rackspace /web/content/administrator/components/com_menus/models/forms index.html
2012.07.25 12:11 B C:\Users\COBRIEN\Desktop\Schubert\administrator\components\com_menus\models\forms\item.xml <-- Schubert Rackspace /web/content/administrator/components/com_menus/models/forms item.xml
2012.07.25 12:11 B C:\Users\COBRIEN\Desktop\Schubert\administrator\components\com_menus\models\forms\item_alias.xml <-- Schubert Rackspace /web/content/administrator/components/com_menus/models/forms item_alias.xml
2012.07.25 12:11 B C:\Users\COBRIEN\Desktop\Schubert\administrator\components\com_menus\models\forms\item_component.xml <-- Schubert Rackspace /web/content/administrator/components/com_menus/models/forms item_component.xml
2012.07.25 12:11 B C:\Users\COBRIEN\Desktop\Schubert\administrator\components\com_menus\models\forms\item_separator.xml <-- Schubert Rackspace /web/content/administrator/components/com_menus/models/forms item_separator.xml
2012.07.25 12:11 B C:\Users\COBRIEN\Desktop\Schubert\administrator\components\com_menus\models\forms\item_url.xml <-- Schubert Rackspace /web/content/administrator/components/com_menus/models/forms item_url.xml
2012.07.25 12:11 B C:\Users\COBRIEN\Desktop\Schubert\administrator\components\com_menus\models\forms\menu.xml <-- Schubert Rackspace /web/content/administrator/components/com_menus/models/forms menu.xml
2012.09.04 10:45 B C:\inetpub\wwwroot\administrator\components\com_menus\models\forms\index.html --> ftp3.ftptoyoursite.com /web/content/SITE-TEST/administrator/components/com_menus/models/forms index.html
2012.09.04 10:45 B C:\inetpub\wwwroot\administrator\components\com_menus\models\forms\item.xml --> ftp3.ftptoyoursite.com /web/content/SITE-TEST/administrator/components/com_menus/models/forms item.xml
2012.09.04 10:45 B C:\inetpub\wwwroot\administrator\components\com_menus\models\forms\item_alias.xml --> ftp3.ftptoyoursite.com /web/content/SITE-TEST/administrator/components/com_menus/models/forms item_alias.xml
2012.09.04 10:45 B C:\inetpub\wwwroot\administrator\components\com_menus\models\forms\item_component.xml --> ftp3.ftptoyoursite.com /web/content/SITE-TEST/administrator/components/com_menus/models/forms item_component.xml
2012.09.04 10:45 B C:\inetpub\wwwroot\administrator\components\com_menus\models\forms\item_separator.xml --> ftp3.ftptoyoursite.com /web/content/SITE-TEST/administrator/components/com_menus/models/forms item_separator.xml
2012.09.04 10:45 B C:\inetpub\wwwroot\administrator\components\com_menus\models\forms\item_url.xml --> ftp3.ftptoyoursite.com /web/content/SITE-TEST/administrator/components/com_menus/models/forms item_url.xml
2012.09.04 10:45 B C:\inetpub\wwwroot\administrator\components\com_menus\models\forms\menu.xml --> ftp3.ftptoyoursite.com /web/content/SITE-TEST/administrator/components/com_menus/models/forms menu.xml
2012.09.04 10:45 B C:\inetpub\wwwroot\administrator\components\com_menus\models\forms\WS_FTP.LOG --> ftp3.ftptoyoursite.com /web/content/SITE-TEST/administrator/components/com_menus/models/forms WS_FTP.LOG
2012.09.06 15:00 B C:\inetpub\wwwroot\administrator\components\com_menus\models\forms\index.html --> ftp3.ftptoyoursite.com /web/content/SITEBACKUP_962012/administrator/components/com_menus/models/forms index.html
2012.09.06 15:00 B C:\inetpub\wwwroot\administrator\components\com_menus\models\forms\item.xml --> ftp3.ftptoyoursite.com /web/content/SITEBACKUP_962012/administrator/components/com_menus/models/forms item.xml
2012.09.06 15:00 B C:\inetpub\wwwroot\administrator\components\com_menus\models\forms\item_alias.xml --> ftp3.ftptoyoursite.com /web/content/SITEBACKUP_962012/administrator/components/com_menus/models/forms item_alias.xml
2012.09.06 15:00 B C:\inetpub\wwwroot\administrator\components\com_menus\models\forms\item_component.xml --> ftp3.ftptoyoursite.com /web/content/SITEBACKUP_962012/administrator/components/com_menus/models/forms item_component.xml
2012.09.06 15:00 B C:\inetpub\wwwroot\administrator\components\com_menus\models\forms\item_separator.xml --> ftp3.ftptoyoursite.com /web/content/SITEBACKUP_962012/administrator/components/com_menus/models/forms item_separator.xml
2012.09.06 15:00 B C:\inetpub\wwwroot\administrator\components\com_menus\models\forms\item_url.xml --> ftp3.ftptoyoursite.com /web/content/SITEBACKUP_962012/administrator/components/com_menus/models/forms item_url.xml
2012.09.06 15:00 B C:\inetpub\wwwroot\administrator\components\com_menus\models\forms\menu.xml --> ftp3.ftptoyoursite.com /web/content/SITEBACKUP_962012/administrator/components/com_menus/models/forms menu.xml
2012.09.06 15:00 B C:\inetpub\wwwroot\administrator\components\com_menus\models\forms\WS_FTP.LOG --> ftp3.ftptoyoursite.com /web/content/SITEBACKUP_962012/administrator/components/com_menus/models/forms WS_FTP.LOG
2012.09.06 15:21 B C:\inetpub\wwwroot\administrator\components\com_menus\models\forms\index.html <-- Schubert Rackspace /web/content/administrator/components/com_menus/models/forms index.html
2012.09.06 15:21 B C:\inetpub\wwwroot\administrator\components\com_menus\models\forms\item.xml <-- Schubert Rackspace /web/content/administrator/components/com_menus/models/forms item.xml
2012.09.06 15:21 B C:\inetpub\wwwroot\administrator\components\com_menus\models\forms\item_alias.xml <-- Schubert Rackspace /web/content/administrator/components/com_menus/models/forms item_alias.xml
2012.09.06 15:21 B C:\inetpub\wwwroot\administrator\components\com_menus\models\forms\item_component.xml <-- Schubert Rackspace /web/content/administrator/components/com_menus/models/forms item_component.xml
2012.09.06 15:21 B C:\inetpub\wwwroot\administrator\components\com_menus\models\forms\item_separator.xml <-- Schubert Rackspace /web/content/administrator/components/com_menus/models/forms item_separator.xml
2012.09.06 15:21 B C:\inetpub\wwwroot\administrator\components\com_menus\models\forms\item_url.xml <-- Schubert Rackspace /web/content/administrator/components/com_menus/models/forms item_url.xml
2012.09.06 15:21 B C:\inetpub\wwwroot\administrator\components\com_menus\models\forms\menu.xml <-- Schubert Rackspace /web/content/administrator/components/com_menus/models/forms menu.xml
2012.09.06 15:44 B C:\inetpub\wwwroot\administrator\components\com_menus\models\forms\index.html <-- Schubert Rackspace /web/content/SITEBACKUP_962012/administrator/components/com_menus/models/forms index.html
2012.09.06 15:44 B C:\inetpub\wwwroot\administrator\components\com_menus\models\forms\item.xml <-- Schubert Rackspace /web/content/SITEBACKUP_962012/administrator/components/com_menus/models/forms item.xml
2012.09.06 15:44 B C:\inetpub\wwwroot\administrator\components\com_menus\models\forms\item_alias.xml <-- Schubert Rackspace /web/content/SITEBACKUP_962012/administrator/components/com_menus/models/forms item_alias.xml
2012.09.06 15:44 B C:\inetpub\wwwroot\administrator\components\com_menus\models\forms\item_component.xml <-- Schubert Rackspace /web/content/SITEBACKUP_962012/administrator/components/com_menus/models/forms item_component.xml
2012.09.06 15:44 B C:\inetpub\wwwroot\administrator\components\com_menus\models\forms\item_separator.xml <-- Schubert Rackspace /web/content/SITEBACKUP_962012/administrator/components/com_menus/models/forms item_separator.xml
2012.09.06 15:44 B C:\inetpub\wwwroot\administrator\components\com_menus\models\forms\item_url.xml <-- Schubert Rackspace /web/content/SITEBACKUP_962012/administrator/components/com_menus/models/forms item_url.xml
2012.09.06 15:44 B C:\inetpub\wwwroot\administrator\components\com_menus\models\forms\menu.xml <-- Schubert Rackspace /web/content/SITEBACKUP_962012/administrator/components/com_menus/models/forms menu.xml
2012.10.23 09:05 B C:\inetpub\wwwroot\administrator\components\com_menus\models\forms\index.html --> ftp3.ftptoyoursite.com /web/content/administrator/components/com_menus/models/forms index.html
2012.10.23 09:05 B C:\inetpub\wwwroot\administrator\components\com_menus\models\forms\item.xml --> ftp3.ftptoyoursite.com /web/content/administrator/components/com_menus/models/forms item.xml
2012.10.23 09:05 B C:\inetpub\wwwroot\administrator\components\com_menus\models\forms\item_alias.xml --> ftp3.ftptoyoursite.com /web/content/administrator/components/com_menus/models/forms item_alias.xml
2012.10.23 09:05 B C:\inetpub\wwwroot\administrator\components\com_menus\models\forms\item_component.xml --> ftp3.ftptoyoursite.com /web/content/administrator/components/com_menus/models/forms item_component.xml
2012.10.23 09:05 B C:\inetpub\wwwroot\administrator\components\com_menus\models\forms\item_separator.xml --> ftp3.ftptoyoursite.com /web/content/administrator/components/com_menus/models/forms item_separator.xml
2012.10.23 09:05 B C:\inetpub\wwwroot\administrator\components\com_menus\models\forms\item_url.xml --> ftp3.ftptoyoursite.com /web/content/administrator/components/com_menus/models/forms item_url.xml
2012.10.23 09:05 B C:\inetpub\wwwroot\administrator\components\com_menus\models\forms\menu.xml --> ftp3.ftptoyoursite.com /web/content/administrator/components/com_menus/models/forms menu.xml
2012.10.23 09:05 B C:\inetpub\wwwroot\administrator\components\com_menus\models\forms\WS_FTP.LOG --> ftp3.ftptoyoursite.com /web/content/administrator/components/com_menus/models/forms WS_FTP.LOG
2013.02.01 14:42 B C:\inetpub\wwwroot\administrator\components\com_menus\models\forms\WS_FTP.LOG <-- Schubert Rackspace /web/content/administrator/components/com_menus/models/forms WS_FTP.LOG
