2012.07.25 12:20 B C:\Users\COBRIEN\Desktop\Schubert\modules\mod_stock_gk4\admin\icons.png <-- Schubert Rackspace /web/content/modules/mod_stock_gk4/admin icons.png
2012.07.25 12:20 B C:\Users\COBRIEN\Desktop\Schubert\modules\mod_stock_gk4\admin\index.html <-- Schubert Rackspace /web/content/modules/mod_stock_gk4/admin index.html
2012.07.25 12:20 B C:\Users\COBRIEN\Desktop\Schubert\modules\mod_stock_gk4\admin\interface.png <-- Schubert Rackspace /web/content/modules/mod_stock_gk4/admin interface.png
2012.07.25 12:20 B C:\Users\COBRIEN\Desktop\Schubert\modules\mod_stock_gk4\admin\j_arrow.png <-- Schubert Rackspace /web/content/modules/mod_stock_gk4/admin j_arrow.png
2012.07.25 12:20 B C:\Users\COBRIEN\Desktop\Schubert\modules\mod_stock_gk4\admin\j_arrow_down.png <-- Schubert Rackspace /web/content/modules/mod_stock_gk4/admin j_arrow_down.png
2012.07.25 12:20 B C:\Users\COBRIEN\Desktop\Schubert\modules\mod_stock_gk4\admin\loader.gif <-- Schubert Rackspace /web/content/modules/mod_stock_gk4/admin loader.gif
2012.07.25 12:20 B C:\Users\COBRIEN\Desktop\Schubert\modules\mod_stock_gk4\admin\script.js <-- Schubert Rackspace /web/content/modules/mod_stock_gk4/admin script.js
2012.07.25 12:20 B C:\Users\COBRIEN\Desktop\Schubert\modules\mod_stock_gk4\admin\style.css <-- Schubert Rackspace /web/content/modules/mod_stock_gk4/admin style.css
2012.07.25 12:20 B C:\Users\COBRIEN\Desktop\Schubert\modules\mod_stock_gk4\admin\switcher.png <-- Schubert Rackspace /web/content/modules/mod_stock_gk4/admin switcher.png
2012.09.04 10:56 B C:\inetpub\wwwroot\modules\mod_stock_gk4\admin\icons.png --> ftp3.ftptoyoursite.com /web/content/SITE-TEST/modules/mod_stock_gk4/admin icons.png
2012.09.04 10:56 B C:\inetpub\wwwroot\modules\mod_stock_gk4\admin\index.html --> ftp3.ftptoyoursite.com /web/content/SITE-TEST/modules/mod_stock_gk4/admin index.html
2012.09.04 10:56 B C:\inetpub\wwwroot\modules\mod_stock_gk4\admin\interface.png --> ftp3.ftptoyoursite.com /web/content/SITE-TEST/modules/mod_stock_gk4/admin interface.png
2012.09.04 10:56 B C:\inetpub\wwwroot\modules\mod_stock_gk4\admin\j_arrow.png --> ftp3.ftptoyoursite.com /web/content/SITE-TEST/modules/mod_stock_gk4/admin j_arrow.png
2012.09.04 10:56 B C:\inetpub\wwwroot\modules\mod_stock_gk4\admin\j_arrow_down.png --> ftp3.ftptoyoursite.com /web/content/SITE-TEST/modules/mod_stock_gk4/admin j_arrow_down.png
2012.09.04 10:56 B C:\inetpub\wwwroot\modules\mod_stock_gk4\admin\loader.gif --> ftp3.ftptoyoursite.com /web/content/SITE-TEST/modules/mod_stock_gk4/admin loader.gif
2012.09.04 10:56 B C:\inetpub\wwwroot\modules\mod_stock_gk4\admin\script.js --> ftp3.ftptoyoursite.com /web/content/SITE-TEST/modules/mod_stock_gk4/admin script.js
2012.09.04 10:56 B C:\inetpub\wwwroot\modules\mod_stock_gk4\admin\style.css --> ftp3.ftptoyoursite.com /web/content/SITE-TEST/modules/mod_stock_gk4/admin style.css
2012.09.04 10:56 B C:\inetpub\wwwroot\modules\mod_stock_gk4\admin\switcher.png --> ftp3.ftptoyoursite.com /web/content/SITE-TEST/modules/mod_stock_gk4/admin switcher.png
2012.09.04 10:56 B C:\inetpub\wwwroot\modules\mod_stock_gk4\admin\WS_FTP.LOG --> ftp3.ftptoyoursite.com /web/content/SITE-TEST/modules/mod_stock_gk4/admin WS_FTP.LOG
2012.09.06 15:15 B C:\inetpub\wwwroot\modules\mod_stock_gk4\admin\icons.png --> ftp3.ftptoyoursite.com /web/content/SITEBACKUP_962012/modules/mod_stock_gk4/admin icons.png
2012.09.06 15:15 B C:\inetpub\wwwroot\modules\mod_stock_gk4\admin\index.html --> ftp3.ftptoyoursite.com /web/content/SITEBACKUP_962012/modules/mod_stock_gk4/admin index.html
2012.09.06 15:15 B C:\inetpub\wwwroot\modules\mod_stock_gk4\admin\interface.png --> ftp3.ftptoyoursite.com /web/content/SITEBACKUP_962012/modules/mod_stock_gk4/admin interface.png
2012.09.06 15:15 B C:\inetpub\wwwroot\modules\mod_stock_gk4\admin\j_arrow.png --> ftp3.ftptoyoursite.com /web/content/SITEBACKUP_962012/modules/mod_stock_gk4/admin j_arrow.png
2012.09.06 15:15 B C:\inetpub\wwwroot\modules\mod_stock_gk4\admin\j_arrow_down.png --> ftp3.ftptoyoursite.com /web/content/SITEBACKUP_962012/modules/mod_stock_gk4/admin j_arrow_down.png
2012.09.06 15:15 B C:\inetpub\wwwroot\modules\mod_stock_gk4\admin\loader.gif --> ftp3.ftptoyoursite.com /web/content/SITEBACKUP_962012/modules/mod_stock_gk4/admin loader.gif
2012.09.06 15:15 B C:\inetpub\wwwroot\modules\mod_stock_gk4\admin\script.js --> ftp3.ftptoyoursite.com /web/content/SITEBACKUP_962012/modules/mod_stock_gk4/admin script.js
2012.09.06 15:15 B C:\inetpub\wwwroot\modules\mod_stock_gk4\admin\style.css --> ftp3.ftptoyoursite.com /web/content/SITEBACKUP_962012/modules/mod_stock_gk4/admin style.css
2012.09.06 15:15 B C:\inetpub\wwwroot\modules\mod_stock_gk4\admin\switcher.png --> ftp3.ftptoyoursite.com /web/content/SITEBACKUP_962012/modules/mod_stock_gk4/admin switcher.png
2012.09.06 15:15 B C:\inetpub\wwwroot\modules\mod_stock_gk4\admin\WS_FTP.LOG --> ftp3.ftptoyoursite.com /web/content/SITEBACKUP_962012/modules/mod_stock_gk4/admin WS_FTP.LOG
2012.10.23 09:17 B C:\inetpub\wwwroot\modules\mod_stock_gk4\admin\icons.png --> ftp3.ftptoyoursite.com /web/content/modules/mod_stock_gk4/admin icons.png
2012.10.23 09:17 B C:\inetpub\wwwroot\modules\mod_stock_gk4\admin\index.html --> ftp3.ftptoyoursite.com /web/content/modules/mod_stock_gk4/admin index.html
2012.10.23 09:17 B C:\inetpub\wwwroot\modules\mod_stock_gk4\admin\interface.png --> ftp3.ftptoyoursite.com /web/content/modules/mod_stock_gk4/admin interface.png
2012.10.23 09:17 B C:\inetpub\wwwroot\modules\mod_stock_gk4\admin\j_arrow.png --> ftp3.ftptoyoursite.com /web/content/modules/mod_stock_gk4/admin j_arrow.png
2012.10.23 09:17 B C:\inetpub\wwwroot\modules\mod_stock_gk4\admin\j_arrow_down.png --> ftp3.ftptoyoursite.com /web/content/modules/mod_stock_gk4/admin j_arrow_down.png
2012.10.23 09:17 B C:\inetpub\wwwroot\modules\mod_stock_gk4\admin\loader.gif --> ftp3.ftptoyoursite.com /web/content/modules/mod_stock_gk4/admin loader.gif
2012.10.23 09:17 B C:\inetpub\wwwroot\modules\mod_stock_gk4\admin\script.js --> ftp3.ftptoyoursite.com /web/content/modules/mod_stock_gk4/admin script.js
2012.10.23 09:17 B C:\inetpub\wwwroot\modules\mod_stock_gk4\admin\style.css --> ftp3.ftptoyoursite.com /web/content/modules/mod_stock_gk4/admin style.css
2012.10.23 09:17 B C:\inetpub\wwwroot\modules\mod_stock_gk4\admin\switcher.png --> ftp3.ftptoyoursite.com /web/content/modules/mod_stock_gk4/admin switcher.png
2012.10.23 09:17 B C:\inetpub\wwwroot\modules\mod_stock_gk4\admin\WS_FTP.LOG --> ftp3.ftptoyoursite.com /web/content/modules/mod_stock_gk4/admin WS_FTP.LOG
2013.02.01 15:03 B C:\inetpub\wwwroot\modules\mod_stock_gk4\admin\WS_FTP.LOG <-- Schubert Rackspace /web/content/modules/mod_stock_gk4/admin WS_FTP.LOG
