2012.07.25 12:14 B C:\Users\COBRIEN\Desktop\Schubert\administrator\templates\bluestork\images\arrow.png <-- Schubert Rackspace /web/content/administrator/templates/bluestork/images arrow.png
2012.07.25 12:14 B C:\Users\COBRIEN\Desktop\Schubert\administrator\templates\bluestork\images\bg-menu.gif <-- Schubert Rackspace /web/content/administrator/templates/bluestork/images bg-menu.gif
2012.07.25 12:14 B C:\Users\COBRIEN\Desktop\Schubert\administrator\templates\bluestork\images\calendar.png <-- Schubert Rackspace /web/content/administrator/templates/bluestork/images calendar.png
2012.07.25 12:14 B C:\Users\COBRIEN\Desktop\Schubert\administrator\templates\bluestork\images\index.html <-- Schubert Rackspace /web/content/administrator/templates/bluestork/images index.html
2012.07.25 12:14 B C:\Users\COBRIEN\Desktop\Schubert\administrator\templates\bluestork\images\j_arrow.png <-- Schubert Rackspace /web/content/administrator/templates/bluestork/images j_arrow.png
2012.07.25 12:14 B C:\Users\COBRIEN\Desktop\Schubert\administrator\templates\bluestork\images\j_arrow_down.png <-- Schubert Rackspace /web/content/administrator/templates/bluestork/images j_arrow_down.png
2012.07.25 12:14 B C:\Users\COBRIEN\Desktop\Schubert\administrator\templates\bluestork\images\j_arrow_left.png <-- Schubert Rackspace /web/content/administrator/templates/bluestork/images j_arrow_left.png
2012.07.25 12:14 B C:\Users\COBRIEN\Desktop\Schubert\administrator\templates\bluestork\images\j_arrow_right.png <-- Schubert Rackspace /web/content/administrator/templates/bluestork/images j_arrow_right.png
2012.07.25 12:14 B C:\Users\COBRIEN\Desktop\Schubert\administrator\templates\bluestork\images\j_border.png <-- Schubert Rackspace /web/content/administrator/templates/bluestork/images j_border.png
2012.07.25 12:14 B C:\Users\COBRIEN\Desktop\Schubert\administrator\templates\bluestork\images\j_bottom.png <-- Schubert Rackspace /web/content/administrator/templates/bluestork/images j_bottom.png
2012.07.25 12:14 B C:\Users\COBRIEN\Desktop\Schubert\administrator\templates\bluestork\images\j_button1_admin.png <-- Schubert Rackspace /web/content/administrator/templates/bluestork/images j_button1_admin.png
2012.07.25 12:14 B C:\Users\COBRIEN\Desktop\Schubert\administrator\templates\bluestork\images\j_button1_collate.png <-- Schubert Rackspace /web/content/administrator/templates/bluestork/images j_button1_collate.png
2012.07.25 12:14 B C:\Users\COBRIEN\Desktop\Schubert\administrator\templates\bluestork\images\j_button1_left.png <-- Schubert Rackspace /web/content/administrator/templates/bluestork/images j_button1_left.png
2012.07.25 12:14 B C:\Users\COBRIEN\Desktop\Schubert\administrator\templates\bluestork\images\j_button1_next.png <-- Schubert Rackspace /web/content/administrator/templates/bluestork/images j_button1_next.png
2012.07.25 12:14 B C:\Users\COBRIEN\Desktop\Schubert\administrator\templates\bluestork\images\j_button1_prev.png <-- Schubert Rackspace /web/content/administrator/templates/bluestork/images j_button1_prev.png
2012.07.25 12:14 B C:\Users\COBRIEN\Desktop\Schubert\administrator\templates\bluestork\images\j_button1_refresh.png <-- Schubert Rackspace /web/content/administrator/templates/bluestork/images j_button1_refresh.png
2012.07.25 12:14 B C:\Users\COBRIEN\Desktop\Schubert\administrator\templates\bluestork\images\j_button1_right.png <-- Schubert Rackspace /web/content/administrator/templates/bluestork/images j_button1_right.png
2012.07.25 12:14 B C:\Users\COBRIEN\Desktop\Schubert\administrator\templates\bluestork\images\j_button1_site.png <-- Schubert Rackspace /web/content/administrator/templates/bluestork/images j_button1_site.png
2012.07.25 12:14 B C:\Users\COBRIEN\Desktop\Schubert\administrator\templates\bluestork\images\j_button2_blank.png <-- Schubert Rackspace /web/content/administrator/templates/bluestork/images j_button2_blank.png
2012.07.25 12:14 B C:\Users\COBRIEN\Desktop\Schubert\administrator\templates\bluestork\images\j_button2_first.png <-- Schubert Rackspace /web/content/administrator/templates/bluestork/images j_button2_first.png
2012.07.25 12:14 B C:\Users\COBRIEN\Desktop\Schubert\administrator\templates\bluestork\images\j_button2_first_off.png <-- Schubert Rackspace /web/content/administrator/templates/bluestork/images j_button2_first_off.png
2012.07.25 12:14 B C:\Users\COBRIEN\Desktop\Schubert\administrator\templates\bluestork\images\j_button2_image.png <-- Schubert Rackspace /web/content/administrator/templates/bluestork/images j_button2_image.png
2012.07.25 12:14 B C:\Users\COBRIEN\Desktop\Schubert\administrator\templates\bluestork\images\j_button2_image_rtl.png <-- Schubert Rackspace /web/content/administrator/templates/bluestork/images j_button2_image_rtl.png
2012.07.25 12:14 B C:\Users\COBRIEN\Desktop\Schubert\administrator\templates\bluestork\images\j_button2_last.png <-- Schubert Rackspace /web/content/administrator/templates/bluestork/images j_button2_last.png
2012.07.25 12:14 B C:\Users\COBRIEN\Desktop\Schubert\administrator\templates\bluestork\images\j_button2_last_off.png <-- Schubert Rackspace /web/content/administrator/templates/bluestork/images j_button2_last_off.png
2012.07.25 12:14 B C:\Users\COBRIEN\Desktop\Schubert\administrator\templates\bluestork\images\j_button2_left.png <-- Schubert Rackspace /web/content/administrator/templates/bluestork/images j_button2_left.png
2012.07.25 12:14 B C:\Users\COBRIEN\Desktop\Schubert\administrator\templates\bluestork\images\j_button2_left_cap.png <-- Schubert Rackspace /web/content/administrator/templates/bluestork/images j_button2_left_cap.png
2012.07.25 12:14 B C:\Users\COBRIEN\Desktop\Schubert\administrator\templates\bluestork\images\j_button2_next.png <-- Schubert Rackspace /web/content/administrator/templates/bluestork/images j_button2_next.png
2012.07.25 12:14 B C:\Users\COBRIEN\Desktop\Schubert\administrator\templates\bluestork\images\j_button2_next_off.png <-- Schubert Rackspace /web/content/administrator/templates/bluestork/images j_button2_next_off.png
2012.07.25 12:14 B C:\Users\COBRIEN\Desktop\Schubert\administrator\templates\bluestork\images\j_button2_pagebreak.png <-- Schubert Rackspace /web/content/administrator/templates/bluestork/images j_button2_pagebreak.png
2012.07.25 12:14 B C:\Users\COBRIEN\Desktop\Schubert\administrator\templates\bluestork\images\j_button2_pagebreak_rtl.png <-- Schubert Rackspace /web/content/administrator/templates/bluestork/images j_button2_pagebreak_rtl.png
2012.07.25 12:14 B C:\Users\COBRIEN\Desktop\Schubert\administrator\templates\bluestork\images\j_button2_prev.png <-- Schubert Rackspace /web/content/administrator/templates/bluestork/images j_button2_prev.png
2012.07.25 12:14 B C:\Users\COBRIEN\Desktop\Schubert\administrator\templates\bluestork\images\j_button2_prev_off.png <-- Schubert Rackspace /web/content/administrator/templates/bluestork/images j_button2_prev_off.png
2012.07.25 12:14 B C:\Users\COBRIEN\Desktop\Schubert\administrator\templates\bluestork\images\j_button2_readmore.png <-- Schubert Rackspace /web/content/administrator/templates/bluestork/images j_button2_readmore.png
2012.07.25 12:14 B C:\Users\COBRIEN\Desktop\Schubert\administrator\templates\bluestork\images\j_button2_readmore_rtl.png <-- Schubert Rackspace /web/content/administrator/templates/bluestork/images j_button2_readmore_rtl.png
2012.07.25 12:14 B C:\Users\COBRIEN\Desktop\Schubert\administrator\templates\bluestork\images\j_button2_right.png <-- Schubert Rackspace /web/content/administrator/templates/bluestork/images j_button2_right.png
2012.07.25 12:14 B C:\Users\COBRIEN\Desktop\Schubert\administrator\templates\bluestork\images\j_button2_right_cap.png <-- Schubert Rackspace /web/content/administrator/templates/bluestork/images j_button2_right_cap.png
2012.07.25 12:14 B C:\Users\COBRIEN\Desktop\Schubert\administrator\templates\bluestork\images\j_divider.png <-- Schubert Rackspace /web/content/administrator/templates/bluestork/images j_divider.png
2012.07.25 12:14 B C:\Users\COBRIEN\Desktop\Schubert\administrator\templates\bluestork\images\j_header_middle.png <-- Schubert Rackspace /web/content/administrator/templates/bluestork/images j_header_middle.png
2012.07.25 12:14 B C:\Users\COBRIEN\Desktop\Schubert\administrator\templates\bluestork\images\j_login_lock.png <-- Schubert Rackspace /web/content/administrator/templates/bluestork/images j_login_lock.png
2012.07.25 12:14 B C:\Users\COBRIEN\Desktop\Schubert\administrator\templates\bluestork\images\logo.png <-- Schubert Rackspace /web/content/administrator/templates/bluestork/images logo.png
2012.07.25 12:14 B C:\Users\COBRIEN\Desktop\Schubert\administrator\templates\bluestork\images\mini_icon.png <-- Schubert Rackspace /web/content/administrator/templates/bluestork/images mini_icon.png
2012.07.25 12:14 B C:\Users\COBRIEN\Desktop\Schubert\administrator\templates\bluestork\images\notice-alert.png <-- Schubert Rackspace /web/content/administrator/templates/bluestork/images notice-alert.png
2012.07.25 12:14 B C:\Users\COBRIEN\Desktop\Schubert\administrator\templates\bluestork\images\notice-download.png <-- Schubert Rackspace /web/content/administrator/templates/bluestork/images notice-download.png
2012.07.25 12:14 B C:\Users\COBRIEN\Desktop\Schubert\administrator\templates\bluestork\images\notice-info.png <-- Schubert Rackspace /web/content/administrator/templates/bluestork/images notice-info.png
2012.07.25 12:14 B C:\Users\COBRIEN\Desktop\Schubert\administrator\templates\bluestork\images\notice-note.png <-- Schubert Rackspace /web/content/administrator/templates/bluestork/images notice-note.png
2012.07.25 12:14 B C:\Users\COBRIEN\Desktop\Schubert\administrator\templates\bluestork\images\selector-arrow.png <-- Schubert Rackspace /web/content/administrator/templates/bluestork/images selector-arrow.png
2012.09.04 10:48 B C:\inetpub\wwwroot\administrator\templates\bluestork\images\arrow.png --> ftp3.ftptoyoursite.com /web/content/SITE-TEST/administrator/templates/bluestork/images arrow.png
2012.09.04 10:48 B C:\inetpub\wwwroot\administrator\templates\bluestork\images\bg-menu.gif --> ftp3.ftptoyoursite.com /web/content/SITE-TEST/administrator/templates/bluestork/images bg-menu.gif
2012.09.04 10:48 B C:\inetpub\wwwroot\administrator\templates\bluestork\images\calendar.png --> ftp3.ftptoyoursite.com /web/content/SITE-TEST/administrator/templates/bluestork/images calendar.png
2012.09.04 10:48 B C:\inetpub\wwwroot\administrator\templates\bluestork\images\index.html --> ftp3.ftptoyoursite.com /web/content/SITE-TEST/administrator/templates/bluestork/images index.html
2012.09.04 10:48 B C:\inetpub\wwwroot\administrator\templates\bluestork\images\j_arrow.png --> ftp3.ftptoyoursite.com /web/content/SITE-TEST/administrator/templates/bluestork/images j_arrow.png
2012.09.04 10:48 B C:\inetpub\wwwroot\administrator\templates\bluestork\images\j_arrow_down.png --> ftp3.ftptoyoursite.com /web/content/SITE-TEST/administrator/templates/bluestork/images j_arrow_down.png
2012.09.04 10:48 B C:\inetpub\wwwroot\administrator\templates\bluestork\images\j_arrow_left.png --> ftp3.ftptoyoursite.com /web/content/SITE-TEST/administrator/templates/bluestork/images j_arrow_left.png
2012.09.04 10:48 B C:\inetpub\wwwroot\administrator\templates\bluestork\images\j_arrow_right.png --> ftp3.ftptoyoursite.com /web/content/SITE-TEST/administrator/templates/bluestork/images j_arrow_right.png
2012.09.04 10:48 B C:\inetpub\wwwroot\administrator\templates\bluestork\images\j_border.png --> ftp3.ftptoyoursite.com /web/content/SITE-TEST/administrator/templates/bluestork/images j_border.png
2012.09.04 10:48 B C:\inetpub\wwwroot\administrator\templates\bluestork\images\j_bottom.png --> ftp3.ftptoyoursite.com /web/content/SITE-TEST/administrator/templates/bluestork/images j_bottom.png
2012.09.04 10:48 B C:\inetpub\wwwroot\administrator\templates\bluestork\images\j_button1_admin.png --> ftp3.ftptoyoursite.com /web/content/SITE-TEST/administrator/templates/bluestork/images j_button1_admin.png
2012.09.04 10:48 B C:\inetpub\wwwroot\administrator\templates\bluestork\images\j_button1_collate.png --> ftp3.ftptoyoursite.com /web/content/SITE-TEST/administrator/templates/bluestork/images j_button1_collate.png
2012.09.04 10:48 B C:\inetpub\wwwroot\administrator\templates\bluestork\images\j_button1_left.png --> ftp3.ftptoyoursite.com /web/content/SITE-TEST/administrator/templates/bluestork/images j_button1_left.png
2012.09.04 10:48 B C:\inetpub\wwwroot\administrator\templates\bluestork\images\j_button1_next.png --> ftp3.ftptoyoursite.com /web/content/SITE-TEST/administrator/templates/bluestork/images j_button1_next.png
2012.09.04 10:48 B C:\inetpub\wwwroot\administrator\templates\bluestork\images\j_button1_prev.png --> ftp3.ftptoyoursite.com /web/content/SITE-TEST/administrator/templates/bluestork/images j_button1_prev.png
2012.09.04 10:48 B C:\inetpub\wwwroot\administrator\templates\bluestork\images\j_button1_refresh.png --> ftp3.ftptoyoursite.com /web/content/SITE-TEST/administrator/templates/bluestork/images j_button1_refresh.png
2012.09.04 10:48 B C:\inetpub\wwwroot\administrator\templates\bluestork\images\j_button1_right.png --> ftp3.ftptoyoursite.com /web/content/SITE-TEST/administrator/templates/bluestork/images j_button1_right.png
2012.09.04 10:48 B C:\inetpub\wwwroot\administrator\templates\bluestork\images\j_button1_site.png --> ftp3.ftptoyoursite.com /web/content/SITE-TEST/administrator/templates/bluestork/images j_button1_site.png
2012.09.04 10:48 B C:\inetpub\wwwroot\administrator\templates\bluestork\images\j_button2_blank.png --> ftp3.ftptoyoursite.com /web/content/SITE-TEST/administrator/templates/bluestork/images j_button2_blank.png
2012.09.04 10:48 B C:\inetpub\wwwroot\administrator\templates\bluestork\images\j_button2_first.png --> ftp3.ftptoyoursite.com /web/content/SITE-TEST/administrator/templates/bluestork/images j_button2_first.png
2012.09.04 10:48 B C:\inetpub\wwwroot\administrator\templates\bluestork\images\j_button2_first_off.png --> ftp3.ftptoyoursite.com /web/content/SITE-TEST/administrator/templates/bluestork/images j_button2_first_off.png
2012.09.04 10:48 B C:\inetpub\wwwroot\administrator\templates\bluestork\images\j_button2_image.png --> ftp3.ftptoyoursite.com /web/content/SITE-TEST/administrator/templates/bluestork/images j_button2_image.png
2012.09.04 10:48 B C:\inetpub\wwwroot\administrator\templates\bluestork\images\j_button2_image_rtl.png --> ftp3.ftptoyoursite.com /web/content/SITE-TEST/administrator/templates/bluestork/images j_button2_image_rtl.png
2012.09.04 10:48 B C:\inetpub\wwwroot\administrator\templates\bluestork\images\j_button2_last.png --> ftp3.ftptoyoursite.com /web/content/SITE-TEST/administrator/templates/bluestork/images j_button2_last.png
2012.09.04 10:48 B C:\inetpub\wwwroot\administrator\templates\bluestork\images\j_button2_last_off.png --> ftp3.ftptoyoursite.com /web/content/SITE-TEST/administrator/templates/bluestork/images j_button2_last_off.png
2012.09.04 10:48 B C:\inetpub\wwwroot\administrator\templates\bluestork\images\j_button2_left.png --> ftp3.ftptoyoursite.com /web/content/SITE-TEST/administrator/templates/bluestork/images j_button2_left.png
2012.09.04 10:48 B C:\inetpub\wwwroot\administrator\templates\bluestork\images\j_button2_left_cap.png --> ftp3.ftptoyoursite.com /web/content/SITE-TEST/administrator/templates/bluestork/images j_button2_left_cap.png
2012.09.04 10:48 B C:\inetpub\wwwroot\administrator\templates\bluestork\images\j_button2_next.png --> ftp3.ftptoyoursite.com /web/content/SITE-TEST/administrator/templates/bluestork/images j_button2_next.png
2012.09.04 10:48 B C:\inetpub\wwwroot\administrator\templates\bluestork\images\j_button2_next_off.png --> ftp3.ftptoyoursite.com /web/content/SITE-TEST/administrator/templates/bluestork/images j_button2_next_off.png
2012.09.04 10:48 B C:\inetpub\wwwroot\administrator\templates\bluestork\images\j_button2_pagebreak.png --> ftp3.ftptoyoursite.com /web/content/SITE-TEST/administrator/templates/bluestork/images j_button2_pagebreak.png
2012.09.04 10:48 B C:\inetpub\wwwroot\administrator\templates\bluestork\images\j_button2_pagebreak_rtl.png --> ftp3.ftptoyoursite.com /web/content/SITE-TEST/administrator/templates/bluestork/images j_button2_pagebreak_rtl.png
2012.09.04 10:48 B C:\inetpub\wwwroot\administrator\templates\bluestork\images\j_button2_prev.png --> ftp3.ftptoyoursite.com /web/content/SITE-TEST/administrator/templates/bluestork/images j_button2_prev.png
2012.09.04 10:48 B C:\inetpub\wwwroot\administrator\templates\bluestork\images\j_button2_prev_off.png --> ftp3.ftptoyoursite.com /web/content/SITE-TEST/administrator/templates/bluestork/images j_button2_prev_off.png
2012.09.04 10:48 B C:\inetpub\wwwroot\administrator\templates\bluestork\images\j_button2_readmore.png --> ftp3.ftptoyoursite.com /web/content/SITE-TEST/administrator/templates/bluestork/images j_button2_readmore.png
2012.09.04 10:48 B C:\inetpub\wwwroot\administrator\templates\bluestork\images\j_button2_readmore_rtl.png --> ftp3.ftptoyoursite.com /web/content/SITE-TEST/administrator/templates/bluestork/images j_button2_readmore_rtl.png
2012.09.04 10:48 B C:\inetpub\wwwroot\administrator\templates\bluestork\images\j_button2_right.png --> ftp3.ftptoyoursite.com /web/content/SITE-TEST/administrator/templates/bluestork/images j_button2_right.png
2012.09.04 10:48 B C:\inetpub\wwwroot\administrator\templates\bluestork\images\j_button2_right_cap.png --> ftp3.ftptoyoursite.com /web/content/SITE-TEST/administrator/templates/bluestork/images j_button2_right_cap.png
2012.09.04 10:48 B C:\inetpub\wwwroot\administrator\templates\bluestork\images\j_divider.png --> ftp3.ftptoyoursite.com /web/content/SITE-TEST/administrator/templates/bluestork/images j_divider.png
2012.09.04 10:48 B C:\inetpub\wwwroot\administrator\templates\bluestork\images\j_header_middle.png --> ftp3.ftptoyoursite.com /web/content/SITE-TEST/administrator/templates/bluestork/images j_header_middle.png
2012.09.04 10:48 B C:\inetpub\wwwroot\administrator\templates\bluestork\images\j_login_lock.png --> ftp3.ftptoyoursite.com /web/content/SITE-TEST/administrator/templates/bluestork/images j_login_lock.png
2012.09.04 10:48 B C:\inetpub\wwwroot\administrator\templates\bluestork\images\logo.png --> ftp3.ftptoyoursite.com /web/content/SITE-TEST/administrator/templates/bluestork/images logo.png
2012.09.04 10:48 B C:\inetpub\wwwroot\administrator\templates\bluestork\images\mini_icon.png --> ftp3.ftptoyoursite.com /web/content/SITE-TEST/administrator/templates/bluestork/images mini_icon.png
2012.09.04 10:48 B C:\inetpub\wwwroot\administrator\templates\bluestork\images\notice-alert.png --> ftp3.ftptoyoursite.com /web/content/SITE-TEST/administrator/templates/bluestork/images notice-alert.png
2012.09.04 10:48 B C:\inetpub\wwwroot\administrator\templates\bluestork\images\notice-download.png --> ftp3.ftptoyoursite.com /web/content/SITE-TEST/administrator/templates/bluestork/images notice-download.png
2012.09.04 10:48 B C:\inetpub\wwwroot\administrator\templates\bluestork\images\notice-info.png --> ftp3.ftptoyoursite.com /web/content/SITE-TEST/administrator/templates/bluestork/images notice-info.png
2012.09.04 10:48 B C:\inetpub\wwwroot\administrator\templates\bluestork\images\notice-note.png --> ftp3.ftptoyoursite.com /web/content/SITE-TEST/administrator/templates/bluestork/images notice-note.png
2012.09.04 10:48 B C:\inetpub\wwwroot\administrator\templates\bluestork\images\selector-arrow.png --> ftp3.ftptoyoursite.com /web/content/SITE-TEST/administrator/templates/bluestork/images selector-arrow.png
2012.09.04 10:48 B C:\inetpub\wwwroot\administrator\templates\bluestork\images\WS_FTP.LOG --> ftp3.ftptoyoursite.com /web/content/SITE-TEST/administrator/templates/bluestork/images WS_FTP.LOG
2012.09.06 15:05 B C:\inetpub\wwwroot\administrator\templates\bluestork\images\arrow.png --> ftp3.ftptoyoursite.com /web/content/SITEBACKUP_962012/administrator/templates/bluestork/images arrow.png
2012.09.06 15:05 B C:\inetpub\wwwroot\administrator\templates\bluestork\images\bg-menu.gif --> ftp3.ftptoyoursite.com /web/content/SITEBACKUP_962012/administrator/templates/bluestork/images bg-menu.gif
2012.09.06 15:05 B C:\inetpub\wwwroot\administrator\templates\bluestork\images\calendar.png --> ftp3.ftptoyoursite.com /web/content/SITEBACKUP_962012/administrator/templates/bluestork/images calendar.png
2012.09.06 15:05 B C:\inetpub\wwwroot\administrator\templates\bluestork\images\index.html --> ftp3.ftptoyoursite.com /web/content/SITEBACKUP_962012/administrator/templates/bluestork/images index.html
2012.09.06 15:05 B C:\inetpub\wwwroot\administrator\templates\bluestork\images\j_arrow.png --> ftp3.ftptoyoursite.com /web/content/SITEBACKUP_962012/administrator/templates/bluestork/images j_arrow.png
2012.09.06 15:05 B C:\inetpub\wwwroot\administrator\templates\bluestork\images\j_arrow_down.png --> ftp3.ftptoyoursite.com /web/content/SITEBACKUP_962012/administrator/templates/bluestork/images j_arrow_down.png
2012.09.06 15:05 B C:\inetpub\wwwroot\administrator\templates\bluestork\images\j_arrow_left.png --> ftp3.ftptoyoursite.com /web/content/SITEBACKUP_962012/administrator/templates/bluestork/images j_arrow_left.png
2012.09.06 15:05 B C:\inetpub\wwwroot\administrator\templates\bluestork\images\j_arrow_right.png --> ftp3.ftptoyoursite.com /web/content/SITEBACKUP_962012/administrator/templates/bluestork/images j_arrow_right.png
2012.09.06 15:05 B C:\inetpub\wwwroot\administrator\templates\bluestork\images\j_border.png --> ftp3.ftptoyoursite.com /web/content/SITEBACKUP_962012/administrator/templates/bluestork/images j_border.png
2012.09.06 15:05 B C:\inetpub\wwwroot\administrator\templates\bluestork\images\j_bottom.png --> ftp3.ftptoyoursite.com /web/content/SITEBACKUP_962012/administrator/templates/bluestork/images j_bottom.png
2012.09.06 15:05 B C:\inetpub\wwwroot\administrator\templates\bluestork\images\j_button1_admin.png --> ftp3.ftptoyoursite.com /web/content/SITEBACKUP_962012/administrator/templates/bluestork/images j_button1_admin.png
2012.09.06 15:05 B C:\inetpub\wwwroot\administrator\templates\bluestork\images\j_button1_collate.png --> ftp3.ftptoyoursite.com /web/content/SITEBACKUP_962012/administrator/templates/bluestork/images j_button1_collate.png
2012.09.06 15:05 B C:\inetpub\wwwroot\administrator\templates\bluestork\images\j_button1_left.png --> ftp3.ftptoyoursite.com /web/content/SITEBACKUP_962012/administrator/templates/bluestork/images j_button1_left.png
2012.09.06 15:05 B C:\inetpub\wwwroot\administrator\templates\bluestork\images\j_button1_next.png --> ftp3.ftptoyoursite.com /web/content/SITEBACKUP_962012/administrator/templates/bluestork/images j_button1_next.png
2012.09.06 15:05 B C:\inetpub\wwwroot\administrator\templates\bluestork\images\j_button1_prev.png --> ftp3.ftptoyoursite.com /web/content/SITEBACKUP_962012/administrator/templates/bluestork/images j_button1_prev.png
2012.09.06 15:05 B C:\inetpub\wwwroot\administrator\templates\bluestork\images\j_button1_refresh.png --> ftp3.ftptoyoursite.com /web/content/SITEBACKUP_962012/administrator/templates/bluestork/images j_button1_refresh.png
2012.09.06 15:05 B C:\inetpub\wwwroot\administrator\templates\bluestork\images\j_button1_right.png --> ftp3.ftptoyoursite.com /web/content/SITEBACKUP_962012/administrator/templates/bluestork/images j_button1_right.png
2012.09.06 15:05 B C:\inetpub\wwwroot\administrator\templates\bluestork\images\j_button1_site.png --> ftp3.ftptoyoursite.com /web/content/SITEBACKUP_962012/administrator/templates/bluestork/images j_button1_site.png
2012.09.06 15:05 B C:\inetpub\wwwroot\administrator\templates\bluestork\images\j_button2_blank.png --> ftp3.ftptoyoursite.com /web/content/SITEBACKUP_962012/administrator/templates/bluestork/images j_button2_blank.png
2012.09.06 15:05 B C:\inetpub\wwwroot\administrator\templates\bluestork\images\j_button2_first.png --> ftp3.ftptoyoursite.com /web/content/SITEBACKUP_962012/administrator/templates/bluestork/images j_button2_first.png
2012.09.06 15:05 B C:\inetpub\wwwroot\administrator\templates\bluestork\images\j_button2_first_off.png --> ftp3.ftptoyoursite.com /web/content/SITEBACKUP_962012/administrator/templates/bluestork/images j_button2_first_off.png
2012.09.06 15:05 B C:\inetpub\wwwroot\administrator\templates\bluestork\images\j_button2_image.png --> ftp3.ftptoyoursite.com /web/content/SITEBACKUP_962012/administrator/templates/bluestork/images j_button2_image.png
2012.09.06 15:05 B C:\inetpub\wwwroot\administrator\templates\bluestork\images\j_button2_image_rtl.png --> ftp3.ftptoyoursite.com /web/content/SITEBACKUP_962012/administrator/templates/bluestork/images j_button2_image_rtl.png
2012.09.06 15:05 B C:\inetpub\wwwroot\administrator\templates\bluestork\images\j_button2_last.png --> ftp3.ftptoyoursite.com /web/content/SITEBACKUP_962012/administrator/templates/bluestork/images j_button2_last.png
2012.09.06 15:05 B C:\inetpub\wwwroot\administrator\templates\bluestork\images\j_button2_last_off.png --> ftp3.ftptoyoursite.com /web/content/SITEBACKUP_962012/administrator/templates/bluestork/images j_button2_last_off.png
2012.09.06 15:05 B C:\inetpub\wwwroot\administrator\templates\bluestork\images\j_button2_left.png --> ftp3.ftptoyoursite.com /web/content/SITEBACKUP_962012/administrator/templates/bluestork/images j_button2_left.png
2012.09.06 15:05 B C:\inetpub\wwwroot\administrator\templates\bluestork\images\j_button2_left_cap.png --> ftp3.ftptoyoursite.com /web/content/SITEBACKUP_962012/administrator/templates/bluestork/images j_button2_left_cap.png
2012.09.06 15:05 B C:\inetpub\wwwroot\administrator\templates\bluestork\images\j_button2_next.png --> ftp3.ftptoyoursite.com /web/content/SITEBACKUP_962012/administrator/templates/bluestork/images j_button2_next.png
2012.09.06 15:05 B C:\inetpub\wwwroot\administrator\templates\bluestork\images\j_button2_next_off.png --> ftp3.ftptoyoursite.com /web/content/SITEBACKUP_962012/administrator/templates/bluestork/images j_button2_next_off.png
2012.09.06 15:05 B C:\inetpub\wwwroot\administrator\templates\bluestork\images\j_button2_pagebreak.png --> ftp3.ftptoyoursite.com /web/content/SITEBACKUP_962012/administrator/templates/bluestork/images j_button2_pagebreak.png
2012.09.06 15:05 B C:\inetpub\wwwroot\administrator\templates\bluestork\images\j_button2_pagebreak_rtl.png --> ftp3.ftptoyoursite.com /web/content/SITEBACKUP_962012/administrator/templates/bluestork/images j_button2_pagebreak_rtl.png
2012.09.06 15:05 B C:\inetpub\wwwroot\administrator\templates\bluestork\images\j_button2_prev.png --> ftp3.ftptoyoursite.com /web/content/SITEBACKUP_962012/administrator/templates/bluestork/images j_button2_prev.png
2012.09.06 15:05 B C:\inetpub\wwwroot\administrator\templates\bluestork\images\j_button2_prev_off.png --> ftp3.ftptoyoursite.com /web/content/SITEBACKUP_962012/administrator/templates/bluestork/images j_button2_prev_off.png
2012.09.06 15:05 B C:\inetpub\wwwroot\administrator\templates\bluestork\images\j_button2_readmore.png --> ftp3.ftptoyoursite.com /web/content/SITEBACKUP_962012/administrator/templates/bluestork/images j_button2_readmore.png
2012.09.06 15:05 B C:\inetpub\wwwroot\administrator\templates\bluestork\images\j_button2_readmore_rtl.png --> ftp3.ftptoyoursite.com /web/content/SITEBACKUP_962012/administrator/templates/bluestork/images j_button2_readmore_rtl.png
2012.09.06 15:05 B C:\inetpub\wwwroot\administrator\templates\bluestork\images\j_button2_right.png --> ftp3.ftptoyoursite.com /web/content/SITEBACKUP_962012/administrator/templates/bluestork/images j_button2_right.png
2012.09.06 15:05 B C:\inetpub\wwwroot\administrator\templates\bluestork\images\j_button2_right_cap.png --> ftp3.ftptoyoursite.com /web/content/SITEBACKUP_962012/administrator/templates/bluestork/images j_button2_right_cap.png
2012.09.06 15:05 B C:\inetpub\wwwroot\administrator\templates\bluestork\images\j_divider.png --> ftp3.ftptoyoursite.com /web/content/SITEBACKUP_962012/administrator/templates/bluestork/images j_divider.png
2012.09.06 15:05 B C:\inetpub\wwwroot\administrator\templates\bluestork\images\j_header_middle.png --> ftp3.ftptoyoursite.com /web/content/SITEBACKUP_962012/administrator/templates/bluestork/images j_header_middle.png
2012.09.06 15:05 B C:\inetpub\wwwroot\administrator\templates\bluestork\images\j_login_lock.png --> ftp3.ftptoyoursite.com /web/content/SITEBACKUP_962012/administrator/templates/bluestork/images j_login_lock.png
2012.09.06 15:05 B C:\inetpub\wwwroot\administrator\templates\bluestork\images\logo.png --> ftp3.ftptoyoursite.com /web/content/SITEBACKUP_962012/administrator/templates/bluestork/images logo.png
2012.09.06 15:05 B C:\inetpub\wwwroot\administrator\templates\bluestork\images\mini_icon.png --> ftp3.ftptoyoursite.com /web/content/SITEBACKUP_962012/administrator/templates/bluestork/images mini_icon.png
2012.09.06 15:05 B C:\inetpub\wwwroot\administrator\templates\bluestork\images\notice-alert.png --> ftp3.ftptoyoursite.com /web/content/SITEBACKUP_962012/administrator/templates/bluestork/images notice-alert.png
2012.09.06 15:05 B C:\inetpub\wwwroot\administrator\templates\bluestork\images\notice-download.png --> ftp3.ftptoyoursite.com /web/content/SITEBACKUP_962012/administrator/templates/bluestork/images notice-download.png
2012.09.06 15:05 B C:\inetpub\wwwroot\administrator\templates\bluestork\images\notice-info.png --> ftp3.ftptoyoursite.com /web/content/SITEBACKUP_962012/administrator/templates/bluestork/images notice-info.png
2012.09.06 15:05 B C:\inetpub\wwwroot\administrator\templates\bluestork\images\notice-note.png --> ftp3.ftptoyoursite.com /web/content/SITEBACKUP_962012/administrator/templates/bluestork/images notice-note.png
2012.09.06 15:05 B C:\inetpub\wwwroot\administrator\templates\bluestork\images\selector-arrow.png --> ftp3.ftptoyoursite.com /web/content/SITEBACKUP_962012/administrator/templates/bluestork/images selector-arrow.png
2012.09.06 15:05 B C:\inetpub\wwwroot\administrator\templates\bluestork\images\WS_FTP.LOG --> ftp3.ftptoyoursite.com /web/content/SITEBACKUP_962012/administrator/templates/bluestork/images WS_FTP.LOG
2012.09.06 15:47 B C:\inetpub\wwwroot\administrator\templates\bluestork\images\arrow.png <-- Schubert Rackspace /web/content/SITEBACKUP_962012/administrator/templates/bluestork/images arrow.png
2012.09.06 15:47 B C:\inetpub\wwwroot\administrator\templates\bluestork\images\bg-menu.gif <-- Schubert Rackspace /web/content/SITEBACKUP_962012/administrator/templates/bluestork/images bg-menu.gif
2012.09.06 15:47 B C:\inetpub\wwwroot\administrator\templates\bluestork\images\calendar.png <-- Schubert Rackspace /web/content/SITEBACKUP_962012/administrator/templates/bluestork/images calendar.png
2012.09.06 15:47 B C:\inetpub\wwwroot\administrator\templates\bluestork\images\index.html <-- Schubert Rackspace /web/content/SITEBACKUP_962012/administrator/templates/bluestork/images index.html
2012.09.06 15:47 B C:\inetpub\wwwroot\administrator\templates\bluestork\images\j_arrow.png <-- Schubert Rackspace /web/content/SITEBACKUP_962012/administrator/templates/bluestork/images j_arrow.png
2012.09.06 15:47 B C:\inetpub\wwwroot\administrator\templates\bluestork\images\j_arrow_down.png <-- Schubert Rackspace /web/content/SITEBACKUP_962012/administrator/templates/bluestork/images j_arrow_down.png
2012.09.06 15:47 B C:\inetpub\wwwroot\administrator\templates\bluestork\images\j_arrow_left.png <-- Schubert Rackspace /web/content/SITEBACKUP_962012/administrator/templates/bluestork/images j_arrow_left.png
2012.09.06 15:47 B C:\inetpub\wwwroot\administrator\templates\bluestork\images\j_arrow_right.png <-- Schubert Rackspace /web/content/SITEBACKUP_962012/administrator/templates/bluestork/images j_arrow_right.png
2012.09.06 15:47 B C:\inetpub\wwwroot\administrator\templates\bluestork\images\j_border.png <-- Schubert Rackspace /web/content/SITEBACKUP_962012/administrator/templates/bluestork/images j_border.png
2012.09.06 15:47 B C:\inetpub\wwwroot\administrator\templates\bluestork\images\j_bottom.png <-- Schubert Rackspace /web/content/SITEBACKUP_962012/administrator/templates/bluestork/images j_bottom.png
2012.09.06 15:47 B C:\inetpub\wwwroot\administrator\templates\bluestork\images\j_button1_admin.png <-- Schubert Rackspace /web/content/SITEBACKUP_962012/administrator/templates/bluestork/images j_button1_admin.png
2012.09.06 15:47 B C:\inetpub\wwwroot\administrator\templates\bluestork\images\j_button1_collate.png <-- Schubert Rackspace /web/content/SITEBACKUP_962012/administrator/templates/bluestork/images j_button1_collate.png
2012.09.06 15:47 B C:\inetpub\wwwroot\administrator\templates\bluestork\images\j_button1_left.png <-- Schubert Rackspace /web/content/SITEBACKUP_962012/administrator/templates/bluestork/images j_button1_left.png
2012.09.06 15:47 B C:\inetpub\wwwroot\administrator\templates\bluestork\images\j_button1_next.png <-- Schubert Rackspace /web/content/SITEBACKUP_962012/administrator/templates/bluestork/images j_button1_next.png
2012.09.06 15:47 B C:\inetpub\wwwroot\administrator\templates\bluestork\images\j_button1_prev.png <-- Schubert Rackspace /web/content/SITEBACKUP_962012/administrator/templates/bluestork/images j_button1_prev.png
2012.09.06 15:47 B C:\inetpub\wwwroot\administrator\templates\bluestork\images\j_button1_refresh.png <-- Schubert Rackspace /web/content/SITEBACKUP_962012/administrator/templates/bluestork/images j_button1_refresh.png
2012.09.06 15:47 B C:\inetpub\wwwroot\administrator\templates\bluestork\images\j_button1_right.png <-- Schubert Rackspace /web/content/SITEBACKUP_962012/administrator/templates/bluestork/images j_button1_right.png
2012.09.06 15:47 B C:\inetpub\wwwroot\administrator\templates\bluestork\images\j_button1_site.png <-- Schubert Rackspace /web/content/SITEBACKUP_962012/administrator/templates/bluestork/images j_button1_site.png
2012.09.06 15:47 B C:\inetpub\wwwroot\administrator\templates\bluestork\images\j_button2_blank.png <-- Schubert Rackspace /web/content/SITEBACKUP_962012/administrator/templates/bluestork/images j_button2_blank.png
2012.09.06 15:47 B C:\inetpub\wwwroot\administrator\templates\bluestork\images\j_button2_first.png <-- Schubert Rackspace /web/content/SITEBACKUP_962012/administrator/templates/bluestork/images j_button2_first.png
2012.09.06 15:47 B C:\inetpub\wwwroot\administrator\templates\bluestork\images\j_button2_first_off.png <-- Schubert Rackspace /web/content/SITEBACKUP_962012/administrator/templates/bluestork/images j_button2_first_off.png
2012.09.06 15:47 B C:\inetpub\wwwroot\administrator\templates\bluestork\images\j_button2_image.png <-- Schubert Rackspace /web/content/SITEBACKUP_962012/administrator/templates/bluestork/images j_button2_image.png
2012.09.06 15:47 B C:\inetpub\wwwroot\administrator\templates\bluestork\images\j_button2_image_rtl.png <-- Schubert Rackspace /web/content/SITEBACKUP_962012/administrator/templates/bluestork/images j_button2_image_rtl.png
2012.09.06 15:47 B C:\inetpub\wwwroot\administrator\templates\bluestork\images\j_button2_last.png <-- Schubert Rackspace /web/content/SITEBACKUP_962012/administrator/templates/bluestork/images j_button2_last.png
2012.09.06 15:47 B C:\inetpub\wwwroot\administrator\templates\bluestork\images\j_button2_last_off.png <-- Schubert Rackspace /web/content/SITEBACKUP_962012/administrator/templates/bluestork/images j_button2_last_off.png
2012.09.06 15:47 B C:\inetpub\wwwroot\administrator\templates\bluestork\images\j_button2_left.png <-- Schubert Rackspace /web/content/SITEBACKUP_962012/administrator/templates/bluestork/images j_button2_left.png
2012.09.06 15:47 B C:\inetpub\wwwroot\administrator\templates\bluestork\images\j_button2_left_cap.png <-- Schubert Rackspace /web/content/SITEBACKUP_962012/administrator/templates/bluestork/images j_button2_left_cap.png
2012.09.06 15:47 B C:\inetpub\wwwroot\administrator\templates\bluestork\images\j_button2_next.png <-- Schubert Rackspace /web/content/SITEBACKUP_962012/administrator/templates/bluestork/images j_button2_next.png
2012.09.06 15:47 B C:\inetpub\wwwroot\administrator\templates\bluestork\images\j_button2_next_off.png <-- Schubert Rackspace /web/content/SITEBACKUP_962012/administrator/templates/bluestork/images j_button2_next_off.png
2012.09.06 15:47 B C:\inetpub\wwwroot\administrator\templates\bluestork\images\j_button2_pagebreak.png <-- Schubert Rackspace /web/content/SITEBACKUP_962012/administrator/templates/bluestork/images j_button2_pagebreak.png
2012.09.06 15:47 B C:\inetpub\wwwroot\administrator\templates\bluestork\images\j_button2_pagebreak_rtl.png <-- Schubert Rackspace /web/content/SITEBACKUP_962012/administrator/templates/bluestork/images j_button2_pagebreak_rtl.png
2012.09.06 15:47 B C:\inetpub\wwwroot\administrator\templates\bluestork\images\j_button2_prev.png <-- Schubert Rackspace /web/content/SITEBACKUP_962012/administrator/templates/bluestork/images j_button2_prev.png
2012.09.06 15:47 B C:\inetpub\wwwroot\administrator\templates\bluestork\images\j_button2_prev_off.png <-- Schubert Rackspace /web/content/SITEBACKUP_962012/administrator/templates/bluestork/images j_button2_prev_off.png
2012.09.06 15:47 B C:\inetpub\wwwroot\administrator\templates\bluestork\images\j_button2_readmore.png <-- Schubert Rackspace /web/content/SITEBACKUP_962012/administrator/templates/bluestork/images j_button2_readmore.png
2012.09.06 15:47 B C:\inetpub\wwwroot\administrator\templates\bluestork\images\j_button2_readmore_rtl.png <-- Schubert Rackspace /web/content/SITEBACKUP_962012/administrator/templates/bluestork/images j_button2_readmore_rtl.png
2012.09.06 15:47 B C:\inetpub\wwwroot\administrator\templates\bluestork\images\j_button2_right.png <-- Schubert Rackspace /web/content/SITEBACKUP_962012/administrator/templates/bluestork/images j_button2_right.png
2012.09.06 15:47 B C:\inetpub\wwwroot\administrator\templates\bluestork\images\j_button2_right_cap.png <-- Schubert Rackspace /web/content/SITEBACKUP_962012/administrator/templates/bluestork/images j_button2_right_cap.png
2012.09.06 15:47 B C:\inetpub\wwwroot\administrator\templates\bluestork\images\j_divider.png <-- Schubert Rackspace /web/content/SITEBACKUP_962012/administrator/templates/bluestork/images j_divider.png
2012.09.06 15:47 B C:\inetpub\wwwroot\administrator\templates\bluestork\images\j_header_middle.png <-- Schubert Rackspace /web/content/SITEBACKUP_962012/administrator/templates/bluestork/images j_header_middle.png
2012.09.06 15:47 B C:\inetpub\wwwroot\administrator\templates\bluestork\images\j_login_lock.png <-- Schubert Rackspace /web/content/SITEBACKUP_962012/administrator/templates/bluestork/images j_login_lock.png
2012.09.06 15:47 B C:\inetpub\wwwroot\administrator\templates\bluestork\images\logo.png <-- Schubert Rackspace /web/content/SITEBACKUP_962012/administrator/templates/bluestork/images logo.png
2012.09.06 15:47 B C:\inetpub\wwwroot\administrator\templates\bluestork\images\mini_icon.png <-- Schubert Rackspace /web/content/SITEBACKUP_962012/administrator/templates/bluestork/images mini_icon.png
2012.09.06 15:47 B C:\inetpub\wwwroot\administrator\templates\bluestork\images\notice-alert.png <-- Schubert Rackspace /web/content/SITEBACKUP_962012/administrator/templates/bluestork/images notice-alert.png
2012.09.06 15:47 B C:\inetpub\wwwroot\administrator\templates\bluestork\images\notice-download.png <-- Schubert Rackspace /web/content/SITEBACKUP_962012/administrator/templates/bluestork/images notice-download.png
2012.09.06 15:47 B C:\inetpub\wwwroot\administrator\templates\bluestork\images\notice-info.png <-- Schubert Rackspace /web/content/SITEBACKUP_962012/administrator/templates/bluestork/images notice-info.png
2012.09.06 15:47 B C:\inetpub\wwwroot\administrator\templates\bluestork\images\notice-note.png <-- Schubert Rackspace /web/content/SITEBACKUP_962012/administrator/templates/bluestork/images notice-note.png
2012.09.06 15:47 B C:\inetpub\wwwroot\administrator\templates\bluestork\images\selector-arrow.png <-- Schubert Rackspace /web/content/SITEBACKUP_962012/administrator/templates/bluestork/images selector-arrow.png
2012.10.23 09:09 B C:\inetpub\wwwroot\administrator\templates\bluestork\images\arrow.png --> ftp3.ftptoyoursite.com /web/content/administrator/templates/bluestork/images arrow.png
2012.10.23 09:09 B C:\inetpub\wwwroot\administrator\templates\bluestork\images\bg-menu.gif --> ftp3.ftptoyoursite.com /web/content/administrator/templates/bluestork/images bg-menu.gif
2012.10.23 09:09 B C:\inetpub\wwwroot\administrator\templates\bluestork\images\calendar.png --> ftp3.ftptoyoursite.com /web/content/administrator/templates/bluestork/images calendar.png
2012.10.23 09:09 B C:\inetpub\wwwroot\administrator\templates\bluestork\images\index.html --> ftp3.ftptoyoursite.com /web/content/administrator/templates/bluestork/images index.html
2012.10.23 09:09 B C:\inetpub\wwwroot\administrator\templates\bluestork\images\j_arrow.png --> ftp3.ftptoyoursite.com /web/content/administrator/templates/bluestork/images j_arrow.png
2012.10.23 09:09 B C:\inetpub\wwwroot\administrator\templates\bluestork\images\j_arrow_down.png --> ftp3.ftptoyoursite.com /web/content/administrator/templates/bluestork/images j_arrow_down.png
2012.10.23 09:09 B C:\inetpub\wwwroot\administrator\templates\bluestork\images\j_arrow_left.png --> ftp3.ftptoyoursite.com /web/content/administrator/templates/bluestork/images j_arrow_left.png
2012.10.23 09:09 B C:\inetpub\wwwroot\administrator\templates\bluestork\images\j_arrow_right.png --> ftp3.ftptoyoursite.com /web/content/administrator/templates/bluestork/images j_arrow_right.png
2012.10.23 09:09 B C:\inetpub\wwwroot\administrator\templates\bluestork\images\j_border.png --> ftp3.ftptoyoursite.com /web/content/administrator/templates/bluestork/images j_border.png
2012.10.23 09:09 B C:\inetpub\wwwroot\administrator\templates\bluestork\images\j_bottom.png --> ftp3.ftptoyoursite.com /web/content/administrator/templates/bluestork/images j_bottom.png
2012.10.23 09:09 B C:\inetpub\wwwroot\administrator\templates\bluestork\images\j_button1_admin.png --> ftp3.ftptoyoursite.com /web/content/administrator/templates/bluestork/images j_button1_admin.png
2012.10.23 09:09 B C:\inetpub\wwwroot\administrator\templates\bluestork\images\j_button1_collate.png --> ftp3.ftptoyoursite.com /web/content/administrator/templates/bluestork/images j_button1_collate.png
2012.10.23 09:09 B C:\inetpub\wwwroot\administrator\templates\bluestork\images\j_button1_left.png --> ftp3.ftptoyoursite.com /web/content/administrator/templates/bluestork/images j_button1_left.png
2012.10.23 09:09 B C:\inetpub\wwwroot\administrator\templates\bluestork\images\j_button1_next.png --> ftp3.ftptoyoursite.com /web/content/administrator/templates/bluestork/images j_button1_next.png
2012.10.23 09:09 B C:\inetpub\wwwroot\administrator\templates\bluestork\images\j_button1_prev.png --> ftp3.ftptoyoursite.com /web/content/administrator/templates/bluestork/images j_button1_prev.png
2012.10.23 09:09 B C:\inetpub\wwwroot\administrator\templates\bluestork\images\j_button1_refresh.png --> ftp3.ftptoyoursite.com /web/content/administrator/templates/bluestork/images j_button1_refresh.png
2012.10.23 09:09 B C:\inetpub\wwwroot\administrator\templates\bluestork\images\j_button1_right.png --> ftp3.ftptoyoursite.com /web/content/administrator/templates/bluestork/images j_button1_right.png
2012.10.23 09:09 B C:\inetpub\wwwroot\administrator\templates\bluestork\images\j_button1_site.png --> ftp3.ftptoyoursite.com /web/content/administrator/templates/bluestork/images j_button1_site.png
2012.10.23 09:09 B C:\inetpub\wwwroot\administrator\templates\bluestork\images\j_button2_blank.png --> ftp3.ftptoyoursite.com /web/content/administrator/templates/bluestork/images j_button2_blank.png
2012.10.23 09:09 B C:\inetpub\wwwroot\administrator\templates\bluestork\images\j_button2_first.png --> ftp3.ftptoyoursite.com /web/content/administrator/templates/bluestork/images j_button2_first.png
2012.10.23 09:09 B C:\inetpub\wwwroot\administrator\templates\bluestork\images\j_button2_first_off.png --> ftp3.ftptoyoursite.com /web/content/administrator/templates/bluestork/images j_button2_first_off.png
2012.10.23 09:09 B C:\inetpub\wwwroot\administrator\templates\bluestork\images\j_button2_image.png --> ftp3.ftptoyoursite.com /web/content/administrator/templates/bluestork/images j_button2_image.png
2012.10.23 09:09 B C:\inetpub\wwwroot\administrator\templates\bluestork\images\j_button2_image_rtl.png --> ftp3.ftptoyoursite.com /web/content/administrator/templates/bluestork/images j_button2_image_rtl.png
2012.10.23 09:09 B C:\inetpub\wwwroot\administrator\templates\bluestork\images\j_button2_last.png --> ftp3.ftptoyoursite.com /web/content/administrator/templates/bluestork/images j_button2_last.png
2012.10.23 09:09 B C:\inetpub\wwwroot\administrator\templates\bluestork\images\j_button2_last_off.png --> ftp3.ftptoyoursite.com /web/content/administrator/templates/bluestork/images j_button2_last_off.png
2012.10.23 09:09 B C:\inetpub\wwwroot\administrator\templates\bluestork\images\j_button2_left.png --> ftp3.ftptoyoursite.com /web/content/administrator/templates/bluestork/images j_button2_left.png
2012.10.23 09:09 B C:\inetpub\wwwroot\administrator\templates\bluestork\images\j_button2_left_cap.png --> ftp3.ftptoyoursite.com /web/content/administrator/templates/bluestork/images j_button2_left_cap.png
2012.10.23 09:09 B C:\inetpub\wwwroot\administrator\templates\bluestork\images\j_button2_next.png --> ftp3.ftptoyoursite.com /web/content/administrator/templates/bluestork/images j_button2_next.png
2012.10.23 09:09 B C:\inetpub\wwwroot\administrator\templates\bluestork\images\j_button2_next_off.png --> ftp3.ftptoyoursite.com /web/content/administrator/templates/bluestork/images j_button2_next_off.png
2012.10.23 09:09 B C:\inetpub\wwwroot\administrator\templates\bluestork\images\j_button2_pagebreak.png --> ftp3.ftptoyoursite.com /web/content/administrator/templates/bluestork/images j_button2_pagebreak.png
2012.10.23 09:09 B C:\inetpub\wwwroot\administrator\templates\bluestork\images\j_button2_pagebreak_rtl.png --> ftp3.ftptoyoursite.com /web/content/administrator/templates/bluestork/images j_button2_pagebreak_rtl.png
2012.10.23 09:09 B C:\inetpub\wwwroot\administrator\templates\bluestork\images\j_button2_prev.png --> ftp3.ftptoyoursite.com /web/content/administrator/templates/bluestork/images j_button2_prev.png
2012.10.23 09:09 B C:\inetpub\wwwroot\administrator\templates\bluestork\images\j_button2_prev_off.png --> ftp3.ftptoyoursite.com /web/content/administrator/templates/bluestork/images j_button2_prev_off.png
2012.10.23 09:09 B C:\inetpub\wwwroot\administrator\templates\bluestork\images\j_button2_readmore.png --> ftp3.ftptoyoursite.com /web/content/administrator/templates/bluestork/images j_button2_readmore.png
2012.10.23 09:09 B C:\inetpub\wwwroot\administrator\templates\bluestork\images\j_button2_readmore_rtl.png --> ftp3.ftptoyoursite.com /web/content/administrator/templates/bluestork/images j_button2_readmore_rtl.png
2012.10.23 09:09 B C:\inetpub\wwwroot\administrator\templates\bluestork\images\j_button2_right.png --> ftp3.ftptoyoursite.com /web/content/administrator/templates/bluestork/images j_button2_right.png
2012.10.23 09:09 B C:\inetpub\wwwroot\administrator\templates\bluestork\images\j_button2_right_cap.png --> ftp3.ftptoyoursite.com /web/content/administrator/templates/bluestork/images j_button2_right_cap.png
2012.10.23 09:09 B C:\inetpub\wwwroot\administrator\templates\bluestork\images\j_divider.png --> ftp3.ftptoyoursite.com /web/content/administrator/templates/bluestork/images j_divider.png
2012.10.23 09:09 B C:\inetpub\wwwroot\administrator\templates\bluestork\images\j_header_middle.png --> ftp3.ftptoyoursite.com /web/content/administrator/templates/bluestork/images j_header_middle.png
2012.10.23 09:09 B C:\inetpub\wwwroot\administrator\templates\bluestork\images\j_login_lock.png --> ftp3.ftptoyoursite.com /web/content/administrator/templates/bluestork/images j_login_lock.png
2012.10.23 09:09 B C:\inetpub\wwwroot\administrator\templates\bluestork\images\logo.png --> ftp3.ftptoyoursite.com /web/content/administrator/templates/bluestork/images logo.png
2012.10.23 09:09 B C:\inetpub\wwwroot\administrator\templates\bluestork\images\mini_icon.png --> ftp3.ftptoyoursite.com /web/content/administrator/templates/bluestork/images mini_icon.png
2012.10.23 09:09 B C:\inetpub\wwwroot\administrator\templates\bluestork\images\notice-alert.png --> ftp3.ftptoyoursite.com /web/content/administrator/templates/bluestork/images notice-alert.png
2012.10.23 09:09 B C:\inetpub\wwwroot\administrator\templates\bluestork\images\notice-download.png --> ftp3.ftptoyoursite.com /web/content/administrator/templates/bluestork/images notice-download.png
2012.10.23 09:09 B C:\inetpub\wwwroot\administrator\templates\bluestork\images\notice-info.png --> ftp3.ftptoyoursite.com /web/content/administrator/templates/bluestork/images notice-info.png
2012.10.23 09:09 B C:\inetpub\wwwroot\administrator\templates\bluestork\images\notice-note.png --> ftp3.ftptoyoursite.com /web/content/administrator/templates/bluestork/images notice-note.png
2012.10.23 09:09 B C:\inetpub\wwwroot\administrator\templates\bluestork\images\selector-arrow.png --> ftp3.ftptoyoursite.com /web/content/administrator/templates/bluestork/images selector-arrow.png
2012.10.23 09:09 B C:\inetpub\wwwroot\administrator\templates\bluestork\images\WS_FTP.LOG --> ftp3.ftptoyoursite.com /web/content/administrator/templates/bluestork/images WS_FTP.LOG
2013.02.01 14:46 B C:\inetpub\wwwroot\administrator\templates\bluestork\images\WS_FTP.LOG <-- Schubert Rackspace /web/content/administrator/templates/bluestork/images WS_FTP.LOG
