2012.07.25 12:19 B C:\Users\COBRIEN\Desktop\Schubert\modules\mod_articles_popular\helper.php <-- Schubert Rackspace /web/content/modules/mod_articles_popular helper.php
2012.07.25 12:19 B C:\Users\COBRIEN\Desktop\Schubert\modules\mod_articles_popular\index.html <-- Schubert Rackspace /web/content/modules/mod_articles_popular index.html
2012.07.25 12:19 B C:\Users\COBRIEN\Desktop\Schubert\modules\mod_articles_popular\mod_articles_popular.php <-- Schubert Rackspace /web/content/modules/mod_articles_popular mod_articles_popular.php
2012.07.25 12:19 B C:\Users\COBRIEN\Desktop\Schubert\modules\mod_articles_popular\mod_articles_popular.xml <-- Schubert Rackspace /web/content/modules/mod_articles_popular mod_articles_popular.xml
2012.09.04 10:56 B C:\inetpub\wwwroot\modules\mod_articles_popular\helper.php --> ftp3.ftptoyoursite.com /web/content/SITE-TEST/modules/mod_articles_popular helper.php
2012.09.04 10:56 B C:\inetpub\wwwroot\modules\mod_articles_popular\index.html --> ftp3.ftptoyoursite.com /web/content/SITE-TEST/modules/mod_articles_popular index.html
2012.09.04 10:56 B C:\inetpub\wwwroot\modules\mod_articles_popular\mod_articles_popular.php --> ftp3.ftptoyoursite.com /web/content/SITE-TEST/modules/mod_articles_popular mod_articles_popular.php
2012.09.04 10:56 B C:\inetpub\wwwroot\modules\mod_articles_popular\mod_articles_popular.xml --> ftp3.ftptoyoursite.com /web/content/SITE-TEST/modules/mod_articles_popular mod_articles_popular.xml
2012.09.04 10:56 B C:\inetpub\wwwroot\modules\mod_articles_popular\WS_FTP.LOG --> ftp3.ftptoyoursite.com /web/content/SITE-TEST/modules/mod_articles_popular WS_FTP.LOG
2012.09.06 15:15 B C:\inetpub\wwwroot\modules\mod_articles_popular\helper.php --> ftp3.ftptoyoursite.com /web/content/SITEBACKUP_962012/modules/mod_articles_popular helper.php
2012.09.06 15:15 B C:\inetpub\wwwroot\modules\mod_articles_popular\index.html --> ftp3.ftptoyoursite.com /web/content/SITEBACKUP_962012/modules/mod_articles_popular index.html
2012.09.06 15:15 B C:\inetpub\wwwroot\modules\mod_articles_popular\mod_articles_popular.php --> ftp3.ftptoyoursite.com /web/content/SITEBACKUP_962012/modules/mod_articles_popular mod_articles_popular.php
2012.09.06 15:15 B C:\inetpub\wwwroot\modules\mod_articles_popular\mod_articles_popular.xml --> ftp3.ftptoyoursite.com /web/content/SITEBACKUP_962012/modules/mod_articles_popular mod_articles_popular.xml
2012.09.06 15:15 B C:\inetpub\wwwroot\modules\mod_articles_popular\WS_FTP.LOG --> ftp3.ftptoyoursite.com /web/content/SITEBACKUP_962012/modules/mod_articles_popular WS_FTP.LOG
2012.10.02 14:27 B C:\inetpub\wwwroot\modules\mod_articles_popular\WS_FTP.LOG --> ftp3.ftptoyoursite.com /web/content/modules/mod_articles_popular WS_FTP.LOG
2012.10.23 09:16 B C:\inetpub\wwwroot\modules\mod_articles_popular\helper.php --> ftp3.ftptoyoursite.com /web/content/modules/mod_articles_popular helper.php
2012.10.23 09:16 B C:\inetpub\wwwroot\modules\mod_articles_popular\index.html --> ftp3.ftptoyoursite.com /web/content/modules/mod_articles_popular index.html
2012.10.23 09:16 B C:\inetpub\wwwroot\modules\mod_articles_popular\mod_articles_popular.php --> ftp3.ftptoyoursite.com /web/content/modules/mod_articles_popular mod_articles_popular.php
2012.10.23 09:16 B C:\inetpub\wwwroot\modules\mod_articles_popular\mod_articles_popular.xml --> ftp3.ftptoyoursite.com /web/content/modules/mod_articles_popular mod_articles_popular.xml
2012.10.23 09:16 B C:\inetpub\wwwroot\modules\mod_articles_popular\WS_FTP.LOG --> ftp3.ftptoyoursite.com /web/content/modules/mod_articles_popular WS_FTP.LOG
2013.02.01 15:02 B C:\inetpub\wwwroot\modules\mod_articles_popular\WS_FTP.LOG <-- Schubert Rackspace /web/content/modules/mod_articles_popular WS_FTP.LOG
