2012.07.25 12:11 B C:\Users\COBRIEN\Desktop\Schubert\administrator\components\com_jce\adapters\extension.php <-- Schubert Rackspace /web/content/administrator/components/com_jce/adapters extension.php
2012.07.25 12:11 B C:\Users\COBRIEN\Desktop\Schubert\administrator\components\com_jce\adapters\index.html <-- Schubert Rackspace /web/content/administrator/components/com_jce/adapters index.html
2012.07.25 12:11 B C:\Users\COBRIEN\Desktop\Schubert\administrator\components\com_jce\adapters\language.php <-- Schubert Rackspace /web/content/administrator/components/com_jce/adapters language.php
2012.07.25 12:11 B C:\Users\COBRIEN\Desktop\Schubert\administrator\components\com_jce\adapters\plugin.php <-- Schubert Rackspace /web/content/administrator/components/com_jce/adapters plugin.php
2012.09.04 10:44 B C:\inetpub\wwwroot\administrator\components\com_jce\adapters\extension.php --> ftp3.ftptoyoursite.com /web/content/SITE-TEST/administrator/components/com_jce/adapters extension.php
2012.09.04 10:44 B C:\inetpub\wwwroot\administrator\components\com_jce\adapters\index.html --> ftp3.ftptoyoursite.com /web/content/SITE-TEST/administrator/components/com_jce/adapters index.html
2012.09.04 10:44 B C:\inetpub\wwwroot\administrator\components\com_jce\adapters\language.php --> ftp3.ftptoyoursite.com /web/content/SITE-TEST/administrator/components/com_jce/adapters language.php
2012.09.04 10:44 B C:\inetpub\wwwroot\administrator\components\com_jce\adapters\plugin.php --> ftp3.ftptoyoursite.com /web/content/SITE-TEST/administrator/components/com_jce/adapters plugin.php
2012.09.04 10:44 B C:\inetpub\wwwroot\administrator\components\com_jce\adapters\WS_FTP.LOG --> ftp3.ftptoyoursite.com /web/content/SITE-TEST/administrator/components/com_jce/adapters WS_FTP.LOG
2012.09.06 14:59 B C:\inetpub\wwwroot\administrator\components\com_jce\adapters\extension.php --> ftp3.ftptoyoursite.com /web/content/SITEBACKUP_962012/administrator/components/com_jce/adapters extension.php
2012.09.06 14:59 B C:\inetpub\wwwroot\administrator\components\com_jce\adapters\index.html --> ftp3.ftptoyoursite.com /web/content/SITEBACKUP_962012/administrator/components/com_jce/adapters index.html
2012.09.06 14:59 B C:\inetpub\wwwroot\administrator\components\com_jce\adapters\language.php --> ftp3.ftptoyoursite.com /web/content/SITEBACKUP_962012/administrator/components/com_jce/adapters language.php
2012.09.06 14:59 B C:\inetpub\wwwroot\administrator\components\com_jce\adapters\plugin.php --> ftp3.ftptoyoursite.com /web/content/SITEBACKUP_962012/administrator/components/com_jce/adapters plugin.php
2012.09.06 14:59 B C:\inetpub\wwwroot\administrator\components\com_jce\adapters\WS_FTP.LOG --> ftp3.ftptoyoursite.com /web/content/SITEBACKUP_962012/administrator/components/com_jce/adapters WS_FTP.LOG
2012.09.06 15:20 B C:\inetpub\wwwroot\administrator\components\com_jce\adapters\extension.php <-- Schubert Rackspace /web/content/administrator/components/com_jce/adapters extension.php
2012.09.06 15:20 B C:\inetpub\wwwroot\administrator\components\com_jce\adapters\index.html <-- Schubert Rackspace /web/content/administrator/components/com_jce/adapters index.html
2012.09.06 15:20 B C:\inetpub\wwwroot\administrator\components\com_jce\adapters\language.php <-- Schubert Rackspace /web/content/administrator/components/com_jce/adapters language.php
2012.09.06 15:20 B C:\inetpub\wwwroot\administrator\components\com_jce\adapters\plugin.php <-- Schubert Rackspace /web/content/administrator/components/com_jce/adapters plugin.php
2012.09.06 15:44 B C:\inetpub\wwwroot\administrator\components\com_jce\adapters\extension.php <-- Schubert Rackspace /web/content/SITEBACKUP_962012/administrator/components/com_jce/adapters extension.php
2012.09.06 15:44 B C:\inetpub\wwwroot\administrator\components\com_jce\adapters\index.html <-- Schubert Rackspace /web/content/SITEBACKUP_962012/administrator/components/com_jce/adapters index.html
2012.09.06 15:44 B C:\inetpub\wwwroot\administrator\components\com_jce\adapters\language.php <-- Schubert Rackspace /web/content/SITEBACKUP_962012/administrator/components/com_jce/adapters language.php
2012.09.06 15:44 B C:\inetpub\wwwroot\administrator\components\com_jce\adapters\plugin.php <-- Schubert Rackspace /web/content/SITEBACKUP_962012/administrator/components/com_jce/adapters plugin.php
2012.10.23 09:04 B C:\inetpub\wwwroot\administrator\components\com_jce\adapters\extension.php --> ftp3.ftptoyoursite.com /web/content/administrator/components/com_jce/adapters extension.php
2012.10.23 09:04 B C:\inetpub\wwwroot\administrator\components\com_jce\adapters\index.html --> ftp3.ftptoyoursite.com /web/content/administrator/components/com_jce/adapters index.html
2012.10.23 09:04 B C:\inetpub\wwwroot\administrator\components\com_jce\adapters\language.php --> ftp3.ftptoyoursite.com /web/content/administrator/components/com_jce/adapters language.php
2012.10.23 09:04 B C:\inetpub\wwwroot\administrator\components\com_jce\adapters\plugin.php --> ftp3.ftptoyoursite.com /web/content/administrator/components/com_jce/adapters plugin.php
2012.10.23 09:04 B C:\inetpub\wwwroot\administrator\components\com_jce\adapters\WS_FTP.LOG --> ftp3.ftptoyoursite.com /web/content/administrator/components/com_jce/adapters WS_FTP.LOG
2013.02.01 14:40 B C:\inetpub\wwwroot\administrator\components\com_jce\adapters\WS_FTP.LOG <-- Schubert Rackspace /web/content/administrator/components/com_jce/adapters WS_FTP.LOG
