2012.07.25 12:17 B C:\Users\COBRIEN\Desktop\Schubert\libraries\joomla\base\adapter.php <-- Schubert Rackspace /web/content/libraries/joomla/base adapter.php
2012.07.25 12:17 B C:\Users\COBRIEN\Desktop\Schubert\libraries\joomla\base\adapterinstance.php <-- Schubert Rackspace /web/content/libraries/joomla/base adapterinstance.php
2012.07.25 12:17 B C:\Users\COBRIEN\Desktop\Schubert\libraries\joomla\base\index.html <-- Schubert Rackspace /web/content/libraries/joomla/base index.html
2012.07.25 12:17 B C:\Users\COBRIEN\Desktop\Schubert\libraries\joomla\base\node.php <-- Schubert Rackspace /web/content/libraries/joomla/base node.php
2012.07.25 12:17 B C:\Users\COBRIEN\Desktop\Schubert\libraries\joomla\base\object.php <-- Schubert Rackspace /web/content/libraries/joomla/base object.php
2012.07.25 12:17 B C:\Users\COBRIEN\Desktop\Schubert\libraries\joomla\base\observable.php <-- Schubert Rackspace /web/content/libraries/joomla/base observable.php
2012.07.25 12:17 B C:\Users\COBRIEN\Desktop\Schubert\libraries\joomla\base\observer.php <-- Schubert Rackspace /web/content/libraries/joomla/base observer.php
2012.07.25 12:17 B C:\Users\COBRIEN\Desktop\Schubert\libraries\joomla\base\tree.php <-- Schubert Rackspace /web/content/libraries/joomla/base tree.php
2012.09.04 10:53 B C:\inetpub\wwwroot\libraries\joomla\base\adapter.php --> ftp3.ftptoyoursite.com /web/content/SITE-TEST/libraries/joomla/base adapter.php
2012.09.04 10:53 B C:\inetpub\wwwroot\libraries\joomla\base\adapterinstance.php --> ftp3.ftptoyoursite.com /web/content/SITE-TEST/libraries/joomla/base adapterinstance.php
2012.09.04 10:53 B C:\inetpub\wwwroot\libraries\joomla\base\index.html --> ftp3.ftptoyoursite.com /web/content/SITE-TEST/libraries/joomla/base index.html
2012.09.04 10:53 B C:\inetpub\wwwroot\libraries\joomla\base\node.php --> ftp3.ftptoyoursite.com /web/content/SITE-TEST/libraries/joomla/base node.php
2012.09.04 10:53 B C:\inetpub\wwwroot\libraries\joomla\base\object.php --> ftp3.ftptoyoursite.com /web/content/SITE-TEST/libraries/joomla/base object.php
2012.09.04 10:53 B C:\inetpub\wwwroot\libraries\joomla\base\observable.php --> ftp3.ftptoyoursite.com /web/content/SITE-TEST/libraries/joomla/base observable.php
2012.09.04 10:53 B C:\inetpub\wwwroot\libraries\joomla\base\observer.php --> ftp3.ftptoyoursite.com /web/content/SITE-TEST/libraries/joomla/base observer.php
2012.09.04 10:53 B C:\inetpub\wwwroot\libraries\joomla\base\tree.php --> ftp3.ftptoyoursite.com /web/content/SITE-TEST/libraries/joomla/base tree.php
2012.09.04 10:53 B C:\inetpub\wwwroot\libraries\joomla\base\WS_FTP.LOG --> ftp3.ftptoyoursite.com /web/content/SITE-TEST/libraries/joomla/base WS_FTP.LOG
2012.09.06 15:12 B C:\inetpub\wwwroot\libraries\joomla\base\adapter.php --> ftp3.ftptoyoursite.com /web/content/SITEBACKUP_962012/libraries/joomla/base adapter.php
2012.09.06 15:12 B C:\inetpub\wwwroot\libraries\joomla\base\adapterinstance.php --> ftp3.ftptoyoursite.com /web/content/SITEBACKUP_962012/libraries/joomla/base adapterinstance.php
2012.09.06 15:12 B C:\inetpub\wwwroot\libraries\joomla\base\index.html --> ftp3.ftptoyoursite.com /web/content/SITEBACKUP_962012/libraries/joomla/base index.html
2012.09.06 15:12 B C:\inetpub\wwwroot\libraries\joomla\base\node.php --> ftp3.ftptoyoursite.com /web/content/SITEBACKUP_962012/libraries/joomla/base node.php
2012.09.06 15:12 B C:\inetpub\wwwroot\libraries\joomla\base\object.php --> ftp3.ftptoyoursite.com /web/content/SITEBACKUP_962012/libraries/joomla/base object.php
2012.09.06 15:12 B C:\inetpub\wwwroot\libraries\joomla\base\observable.php --> ftp3.ftptoyoursite.com /web/content/SITEBACKUP_962012/libraries/joomla/base observable.php
2012.09.06 15:12 B C:\inetpub\wwwroot\libraries\joomla\base\observer.php --> ftp3.ftptoyoursite.com /web/content/SITEBACKUP_962012/libraries/joomla/base observer.php
2012.09.06 15:12 B C:\inetpub\wwwroot\libraries\joomla\base\tree.php --> ftp3.ftptoyoursite.com /web/content/SITEBACKUP_962012/libraries/joomla/base tree.php
2012.09.06 15:12 B C:\inetpub\wwwroot\libraries\joomla\base\WS_FTP.LOG --> ftp3.ftptoyoursite.com /web/content/SITEBACKUP_962012/libraries/joomla/base WS_FTP.LOG
2012.10.23 09:15 B C:\inetpub\wwwroot\libraries\joomla\base\adapter.php --> ftp3.ftptoyoursite.com /web/content/libraries/joomla/base adapter.php
2012.10.23 09:15 B C:\inetpub\wwwroot\libraries\joomla\base\adapterinstance.php --> ftp3.ftptoyoursite.com /web/content/libraries/joomla/base adapterinstance.php
2012.10.23 09:15 B C:\inetpub\wwwroot\libraries\joomla\base\index.html --> ftp3.ftptoyoursite.com /web/content/libraries/joomla/base index.html
2012.10.23 09:15 B C:\inetpub\wwwroot\libraries\joomla\base\node.php --> ftp3.ftptoyoursite.com /web/content/libraries/joomla/base node.php
2012.10.23 09:15 B C:\inetpub\wwwroot\libraries\joomla\base\object.php --> ftp3.ftptoyoursite.com /web/content/libraries/joomla/base object.php
2012.10.23 09:15 B C:\inetpub\wwwroot\libraries\joomla\base\observable.php --> ftp3.ftptoyoursite.com /web/content/libraries/joomla/base observable.php
2012.10.23 09:15 B C:\inetpub\wwwroot\libraries\joomla\base\observer.php --> ftp3.ftptoyoursite.com /web/content/libraries/joomla/base observer.php
2012.10.23 09:15 B C:\inetpub\wwwroot\libraries\joomla\base\tree.php --> ftp3.ftptoyoursite.com /web/content/libraries/joomla/base tree.php
2012.10.23 09:15 B C:\inetpub\wwwroot\libraries\joomla\base\WS_FTP.LOG --> ftp3.ftptoyoursite.com /web/content/libraries/joomla/base WS_FTP.LOG
2013.02.01 14:54 B C:\inetpub\wwwroot\libraries\joomla\base\WS_FTP.LOG <-- Schubert Rackspace /web/content/libraries/joomla/base WS_FTP.LOG
