2012.07.25 12:19 B C:\Users\COBRIEN\Desktop\Schubert\modules\mod_articles_news\helper.php <-- Schubert Rackspace /web/content/modules/mod_articles_news helper.php
2012.07.25 12:19 B C:\Users\COBRIEN\Desktop\Schubert\modules\mod_articles_news\index.html <-- Schubert Rackspace /web/content/modules/mod_articles_news index.html
2012.07.25 12:19 B C:\Users\COBRIEN\Desktop\Schubert\modules\mod_articles_news\mod_articles_news.php <-- Schubert Rackspace /web/content/modules/mod_articles_news mod_articles_news.php
2012.07.25 12:19 B C:\Users\COBRIEN\Desktop\Schubert\modules\mod_articles_news\mod_articles_news.xml <-- Schubert Rackspace /web/content/modules/mod_articles_news mod_articles_news.xml
2012.09.04 10:56 B C:\inetpub\wwwroot\modules\mod_articles_news\helper.php --> ftp3.ftptoyoursite.com /web/content/SITE-TEST/modules/mod_articles_news helper.php
2012.09.04 10:56 B C:\inetpub\wwwroot\modules\mod_articles_news\index.html --> ftp3.ftptoyoursite.com /web/content/SITE-TEST/modules/mod_articles_news index.html
2012.09.04 10:56 B C:\inetpub\wwwroot\modules\mod_articles_news\mod_articles_news.php --> ftp3.ftptoyoursite.com /web/content/SITE-TEST/modules/mod_articles_news mod_articles_news.php
2012.09.04 10:56 B C:\inetpub\wwwroot\modules\mod_articles_news\mod_articles_news.xml --> ftp3.ftptoyoursite.com /web/content/SITE-TEST/modules/mod_articles_news mod_articles_news.xml
2012.09.04 10:56 B C:\inetpub\wwwroot\modules\mod_articles_news\WS_FTP.LOG --> ftp3.ftptoyoursite.com /web/content/SITE-TEST/modules/mod_articles_news WS_FTP.LOG
2012.09.06 15:14 B C:\inetpub\wwwroot\modules\mod_articles_news\helper.php --> ftp3.ftptoyoursite.com /web/content/SITEBACKUP_962012/modules/mod_articles_news helper.php
2012.09.06 15:14 B C:\inetpub\wwwroot\modules\mod_articles_news\index.html --> ftp3.ftptoyoursite.com /web/content/SITEBACKUP_962012/modules/mod_articles_news index.html
2012.09.06 15:14 B C:\inetpub\wwwroot\modules\mod_articles_news\mod_articles_news.php --> ftp3.ftptoyoursite.com /web/content/SITEBACKUP_962012/modules/mod_articles_news mod_articles_news.php
2012.09.06 15:14 B C:\inetpub\wwwroot\modules\mod_articles_news\mod_articles_news.xml --> ftp3.ftptoyoursite.com /web/content/SITEBACKUP_962012/modules/mod_articles_news mod_articles_news.xml
2012.09.06 15:14 B C:\inetpub\wwwroot\modules\mod_articles_news\WS_FTP.LOG --> ftp3.ftptoyoursite.com /web/content/SITEBACKUP_962012/modules/mod_articles_news WS_FTP.LOG
2012.10.23 09:16 B C:\inetpub\wwwroot\modules\mod_articles_news\helper.php --> ftp3.ftptoyoursite.com /web/content/modules/mod_articles_news helper.php
2012.10.23 09:16 B C:\inetpub\wwwroot\modules\mod_articles_news\index.html --> ftp3.ftptoyoursite.com /web/content/modules/mod_articles_news index.html
2012.10.23 09:16 B C:\inetpub\wwwroot\modules\mod_articles_news\mod_articles_news.php --> ftp3.ftptoyoursite.com /web/content/modules/mod_articles_news mod_articles_news.php
2012.10.23 09:16 B C:\inetpub\wwwroot\modules\mod_articles_news\mod_articles_news.xml --> ftp3.ftptoyoursite.com /web/content/modules/mod_articles_news mod_articles_news.xml
2012.10.23 09:16 B C:\inetpub\wwwroot\modules\mod_articles_news\WS_FTP.LOG --> ftp3.ftptoyoursite.com /web/content/modules/mod_articles_news WS_FTP.LOG
2013.02.01 15:02 B C:\inetpub\wwwroot\modules\mod_articles_news\WS_FTP.LOG <-- Schubert Rackspace /web/content/modules/mod_articles_news WS_FTP.LOG
