2012.07.25 12:19 B C:\Users\COBRIEN\Desktop\Schubert\modules\mod_dropdown_megamenu\assets\js\dropdown_menu.js <-- Schubert Rackspace /web/content/modules/mod_dropdown_megamenu/assets/js dropdown_menu.js
2012.07.25 12:19 B C:\Users\COBRIEN\Desktop\Schubert\modules\mod_dropdown_megamenu\assets\js\index.html <-- Schubert Rackspace /web/content/modules/mod_dropdown_megamenu/assets/js index.html
2012.09.04 10:56 B C:\inetpub\wwwroot\modules\mod_dropdown_megamenu\assets\js\dropdown_menu.js --> ftp3.ftptoyoursite.com /web/content/SITE-TEST/modules/mod_dropdown_megamenu/assets/js dropdown_menu.js
2012.09.04 10:56 B C:\inetpub\wwwroot\modules\mod_dropdown_megamenu\assets\js\index.html --> ftp3.ftptoyoursite.com /web/content/SITE-TEST/modules/mod_dropdown_megamenu/assets/js index.html
2012.09.04 10:56 B C:\inetpub\wwwroot\modules\mod_dropdown_megamenu\assets\js\WS_FTP.LOG --> ftp3.ftptoyoursite.com /web/content/SITE-TEST/modules/mod_dropdown_megamenu/assets/js WS_FTP.LOG
2012.09.06 10:59 B C:\inetpub\wwwroot\modules\mod_dropdown_megamenu\assets\js\dropdown_menu.js <-- Schubert Rackspace /web/content/modules/mod_dropdown_megamenu/assets/js dropdown_menu.js
2012.09.06 10:59 B C:\inetpub\wwwroot\modules\mod_dropdown_megamenu\assets\js\index.html <-- Schubert Rackspace /web/content/modules/mod_dropdown_megamenu/assets/js index.html
2012.09.06 15:15 B C:\inetpub\wwwroot\modules\mod_dropdown_megamenu\assets\js\dropdown_menu.js --> ftp3.ftptoyoursite.com /web/content/SITEBACKUP_962012/modules/mod_dropdown_megamenu/assets/js dropdown_menu.js
2012.09.06 15:15 B C:\inetpub\wwwroot\modules\mod_dropdown_megamenu\assets\js\index.html --> ftp3.ftptoyoursite.com /web/content/SITEBACKUP_962012/modules/mod_dropdown_megamenu/assets/js index.html
2012.09.06 15:15 B C:\inetpub\wwwroot\modules\mod_dropdown_megamenu\assets\js\WS_FTP.LOG --> ftp3.ftptoyoursite.com /web/content/SITEBACKUP_962012/modules/mod_dropdown_megamenu/assets/js WS_FTP.LOG
2012.09.17 15:02 B C:\inetpub\wwwroot\modules\mod_dropdown_megamenu\assets\js\showhide.js <-- Schubert Rackspace /web/content/modules/mod_dropdown_megamenu/assets/js showhide.js
2012.09.17 15:04 B C:\inetpub\wwwroot\modules\mod_dropdown_megamenu\assets\js\showhide.js <-- Schubert Rackspace /web/content/modules/mod_dropdown_megamenu/assets/js showhide.js
2012.09.17 15:09 B C:\inetpub\wwwroot\modules\mod_dropdown_megamenu\assets\js\showhide.js <-- Schubert Rackspace /web/content/modules/mod_dropdown_megamenu/assets/js showhide.js
2012.09.17 15:11 B C:\inetpub\wwwroot\modules\mod_dropdown_megamenu\assets\js\showhide.js <-- Schubert Rackspace /web/content/modules/mod_dropdown_megamenu/assets/js showhide.js
2012.09.17 15:11 B C:\inetpub\wwwroot\modules\mod_dropdown_megamenu\assets\js\showhide.js <-- Schubert Rackspace /web/content/modules/mod_dropdown_megamenu/assets/js showhide.js
2012.09.17 15:24 B C:\inetpub\wwwroot\modules\mod_dropdown_megamenu\assets\js\showhide.js <-- Schubert Rackspace /web/content/modules/mod_dropdown_megamenu/assets/js showhide.js
2012.09.17 15:25 B C:\inetpub\wwwroot\modules\mod_dropdown_megamenu\assets\js\showhide.js <-- Schubert Rackspace /web/content/modules/mod_dropdown_megamenu/assets/js showhide.js
2012.09.17 15:25 B C:\inetpub\wwwroot\modules\mod_dropdown_megamenu\assets\js\showhide.js <-- Schubert Rackspace /web/content/modules/mod_dropdown_megamenu/assets/js showhide.js
2012.09.17 15:26 B C:\inetpub\wwwroot\modules\mod_dropdown_megamenu\assets\js\showhide.js <-- Schubert Rackspace /web/content/modules/mod_dropdown_megamenu/assets/js showhide.js
2012.09.17 15:26 B C:\inetpub\wwwroot\modules\mod_dropdown_megamenu\assets\js\showhide.js <-- Schubert Rackspace /web/content/modules/mod_dropdown_megamenu/assets/js showhide.js
2012.09.17 15:29 B C:\inetpub\wwwroot\modules\mod_dropdown_megamenu\assets\js\helper.php <-- Schubert Rackspace /web/content/modules/mod_dropdown_megamenu helper.php
2012.09.17 15:33 B C:\inetpub\wwwroot\modules\mod_dropdown_megamenu\assets\js\showhide.js <-- Schubert Rackspace /web/content/modules/mod_dropdown_megamenu/assets/js showhide.js
2012.09.17 15:53 B C:\inetpub\wwwroot\modules\mod_dropdown_megamenu\assets\js\showhide.js <-- Schubert Rackspace /web/content/modules/mod_dropdown_megamenu/assets/js showhide.js
2012.09.17 15:56 B C:\inetpub\wwwroot\modules\mod_dropdown_megamenu\assets\js\showhide.js <-- Schubert Rackspace /web/content/modules/mod_dropdown_megamenu/assets/js showhide.js
2012.09.17 15:59 B C:\inetpub\wwwroot\modules\mod_dropdown_megamenu\assets\js\showhide.js <-- Schubert Rackspace /web/content/modules/mod_dropdown_megamenu/assets/js showhide.js
2012.09.17 15:59 B C:\inetpub\wwwroot\modules\mod_dropdown_megamenu\assets\js\showhide.js <-- Schubert Rackspace /web/content/modules/mod_dropdown_megamenu/assets/js showhide.js
2012.09.17 16:02 B C:\inetpub\wwwroot\modules\mod_dropdown_megamenu\assets\js\showhide.js <-- Schubert Rackspace /web/content/modules/mod_dropdown_megamenu/assets/js showhide.js
2012.09.17 16:04 B C:\inetpub\wwwroot\modules\mod_dropdown_megamenu\assets\js\dropdown_menu.js <-- Schubert Rackspace /web/content/modules/mod_dropdown_megamenu/assets/js dropdown_menu.js
2012.09.17 16:08 B C:\inetpub\wwwroot\modules\mod_dropdown_megamenu\assets\js\dropdown_menu.js <-- Schubert Rackspace /web/content/modules/mod_dropdown_megamenu/assets/js dropdown_menu.js
2012.09.17 16:08 B C:\inetpub\wwwroot\modules\mod_dropdown_megamenu\assets\js\showhide.js <-- Schubert Rackspace /web/content/modules/mod_dropdown_megamenu/assets/js showhide.js
2012.09.17 16:08 B C:\inetpub\wwwroot\modules\mod_dropdown_megamenu\assets\js\dropdown_menu.js <-- Schubert Rackspace /web/content/modules/mod_dropdown_megamenu/assets/js dropdown_menu.js
2012.09.17 16:08 B C:\inetpub\wwwroot\modules\mod_dropdown_megamenu\assets\js\showhide.js <-- Schubert Rackspace /web/content/modules/mod_dropdown_megamenu/assets/js showhide.js
2012.10.23 09:16 B C:\inetpub\wwwroot\modules\mod_dropdown_megamenu\assets\js\dropdown_menu.js --> ftp3.ftptoyoursite.com /web/content/modules/mod_dropdown_megamenu/assets/js dropdown_menu.js
2012.10.23 09:16 B C:\inetpub\wwwroot\modules\mod_dropdown_megamenu\assets\js\index.html --> ftp3.ftptoyoursite.com /web/content/modules/mod_dropdown_megamenu/assets/js index.html
2012.10.23 09:16 B C:\inetpub\wwwroot\modules\mod_dropdown_megamenu\assets\js\showhide.js --> ftp3.ftptoyoursite.com /web/content/modules/mod_dropdown_megamenu/assets/js showhide.js
2013.02.01 15:02 B C:\inetpub\wwwroot\modules\mod_dropdown_megamenu\assets\js\WS_FTP.LOG <-- Schubert Rackspace /web/content/modules/mod_dropdown_megamenu/assets/js WS_FTP.LOG
