2012.07.30 15:37 B C:\inetpub\wwwroot\components\com_jdownloads\jdownloads.php <-- Schubert Rackspace /web/content/components/com_jdownloads jdownloads.php
2012.07.31 10:39 B C:\inetpub\wwwroot\components\com_jdownloads\jdownloads.html.php <-- Schubert Rackspace /web/content/components/com_jdownloads jdownloads.html.php
2012.09.04 10:51 B C:\inetpub\wwwroot\components\com_jdownloads\index.html --> ftp3.ftptoyoursite.com /web/content/SITE-TEST/components/com_jdownloads index.html
2012.09.04 10:51 B C:\inetpub\wwwroot\components\com_jdownloads\jdownloads.class.php --> ftp3.ftptoyoursite.com /web/content/SITE-TEST/components/com_jdownloads jdownloads.class.php
2012.09.04 10:51 B C:\inetpub\wwwroot\components\com_jdownloads\jdownloads.edit.html.php --> ftp3.ftptoyoursite.com /web/content/SITE-TEST/components/com_jdownloads jdownloads.edit.html.php
2012.09.04 10:51 B C:\inetpub\wwwroot\components\com_jdownloads\jdownloads.edit.php --> ftp3.ftptoyoursite.com /web/content/SITE-TEST/components/com_jdownloads jdownloads.edit.php
2012.09.04 10:51 B C:\inetpub\wwwroot\components\com_jdownloads\jdownloads.html.php --> ftp3.ftptoyoursite.com /web/content/SITE-TEST/components/com_jdownloads jdownloads.html.php
2012.09.04 10:51 B C:\inetpub\wwwroot\components\com_jdownloads\jdownloads.js --> ftp3.ftptoyoursite.com /web/content/SITE-TEST/components/com_jdownloads jdownloads.js
2012.09.04 10:51 B C:\inetpub\wwwroot\components\com_jdownloads\jdownloads.php --> ftp3.ftptoyoursite.com /web/content/SITE-TEST/components/com_jdownloads jdownloads.php
2012.09.04 10:51 B C:\inetpub\wwwroot\components\com_jdownloads\jdownloads_fe.css --> ftp3.ftptoyoursite.com /web/content/SITE-TEST/components/com_jdownloads jdownloads_fe.css
2012.09.04 10:51 B C:\inetpub\wwwroot\components\com_jdownloads\mp3_player_maxi.swf --> ftp3.ftptoyoursite.com /web/content/SITE-TEST/components/com_jdownloads mp3_player_maxi.swf
2012.09.04 10:51 B C:\inetpub\wwwroot\components\com_jdownloads\router.php --> ftp3.ftptoyoursite.com /web/content/SITE-TEST/components/com_jdownloads router.php
2012.09.04 10:51 B C:\inetpub\wwwroot\components\com_jdownloads\WS_FTP.LOG --> ftp3.ftptoyoursite.com /web/content/SITE-TEST/components/com_jdownloads WS_FTP.LOG
2012.09.06 15:09 B C:\inetpub\wwwroot\components\com_jdownloads\index.html --> ftp3.ftptoyoursite.com /web/content/SITEBACKUP_962012/components/com_jdownloads index.html
2012.09.06 15:09 B C:\inetpub\wwwroot\components\com_jdownloads\jdownloads.class.php --> ftp3.ftptoyoursite.com /web/content/SITEBACKUP_962012/components/com_jdownloads jdownloads.class.php
2012.09.06 15:09 B C:\inetpub\wwwroot\components\com_jdownloads\jdownloads.edit.html.php --> ftp3.ftptoyoursite.com /web/content/SITEBACKUP_962012/components/com_jdownloads jdownloads.edit.html.php
2012.09.06 15:09 B C:\inetpub\wwwroot\components\com_jdownloads\jdownloads.edit.php --> ftp3.ftptoyoursite.com /web/content/SITEBACKUP_962012/components/com_jdownloads jdownloads.edit.php
2012.09.06 15:09 B C:\inetpub\wwwroot\components\com_jdownloads\jdownloads.html.php --> ftp3.ftptoyoursite.com /web/content/SITEBACKUP_962012/components/com_jdownloads jdownloads.html.php
2012.09.06 15:09 B C:\inetpub\wwwroot\components\com_jdownloads\jdownloads.js --> ftp3.ftptoyoursite.com /web/content/SITEBACKUP_962012/components/com_jdownloads jdownloads.js
2012.09.06 15:09 B C:\inetpub\wwwroot\components\com_jdownloads\jdownloads.php --> ftp3.ftptoyoursite.com /web/content/SITEBACKUP_962012/components/com_jdownloads jdownloads.php
2012.09.06 15:09 B C:\inetpub\wwwroot\components\com_jdownloads\jdownloads_fe.css --> ftp3.ftptoyoursite.com /web/content/SITEBACKUP_962012/components/com_jdownloads jdownloads_fe.css
2012.09.06 15:09 B C:\inetpub\wwwroot\components\com_jdownloads\mp3_player_maxi.swf --> ftp3.ftptoyoursite.com /web/content/SITEBACKUP_962012/components/com_jdownloads mp3_player_maxi.swf
2012.09.06 15:09 B C:\inetpub\wwwroot\components\com_jdownloads\router.php --> ftp3.ftptoyoursite.com /web/content/SITEBACKUP_962012/components/com_jdownloads router.php
2012.09.06 15:09 B C:\inetpub\wwwroot\components\com_jdownloads\WS_FTP.LOG --> ftp3.ftptoyoursite.com /web/content/SITEBACKUP_962012/components/com_jdownloads WS_FTP.LOG
2012.09.06 15:49 B C:\inetpub\wwwroot\components\com_jdownloads\index.html <-- Schubert Rackspace /web/content/SITEBACKUP_962012/components/com_jdownloads index.html
2012.09.06 15:49 B C:\inetpub\wwwroot\components\com_jdownloads\jdownloads.class.php <-- Schubert Rackspace /web/content/SITEBACKUP_962012/components/com_jdownloads jdownloads.class.php
2012.09.06 15:49 B C:\inetpub\wwwroot\components\com_jdownloads\jdownloads.edit.html.php <-- Schubert Rackspace /web/content/SITEBACKUP_962012/components/com_jdownloads jdownloads.edit.html.php
2012.09.06 15:49 B C:\inetpub\wwwroot\components\com_jdownloads\jdownloads.edit.php <-- Schubert Rackspace /web/content/SITEBACKUP_962012/components/com_jdownloads jdownloads.edit.php
2012.09.06 15:49 B C:\inetpub\wwwroot\components\com_jdownloads\jdownloads.html.php <-- Schubert Rackspace /web/content/SITEBACKUP_962012/components/com_jdownloads jdownloads.html.php
2012.09.06 15:49 B C:\inetpub\wwwroot\components\com_jdownloads\jdownloads.js <-- Schubert Rackspace /web/content/SITEBACKUP_962012/components/com_jdownloads jdownloads.js
2012.09.06 15:49 B C:\inetpub\wwwroot\components\com_jdownloads\jdownloads.php <-- Schubert Rackspace /web/content/SITEBACKUP_962012/components/com_jdownloads jdownloads.php
2012.09.06 15:49 B C:\inetpub\wwwroot\components\com_jdownloads\jdownloads_fe.css <-- Schubert Rackspace /web/content/SITEBACKUP_962012/components/com_jdownloads jdownloads_fe.css
2012.09.06 15:49 B C:\inetpub\wwwroot\components\com_jdownloads\mp3_player_maxi.swf <-- Schubert Rackspace /web/content/SITEBACKUP_962012/components/com_jdownloads mp3_player_maxi.swf
2012.09.06 15:49 B C:\inetpub\wwwroot\components\com_jdownloads\router.php <-- Schubert Rackspace /web/content/SITEBACKUP_962012/components/com_jdownloads router.php
2012.10.23 09:12 B C:\inetpub\wwwroot\components\com_jdownloads\index.html --> ftp3.ftptoyoursite.com /web/content/components/com_jdownloads index.html
2012.10.23 09:12 B C:\inetpub\wwwroot\components\com_jdownloads\jdownloads.class.php --> ftp3.ftptoyoursite.com /web/content/components/com_jdownloads jdownloads.class.php
2012.10.23 09:12 B C:\inetpub\wwwroot\components\com_jdownloads\jdownloads.edit.html.php --> ftp3.ftptoyoursite.com /web/content/components/com_jdownloads jdownloads.edit.html.php
2012.10.23 09:12 B C:\inetpub\wwwroot\components\com_jdownloads\jdownloads.edit.php --> ftp3.ftptoyoursite.com /web/content/components/com_jdownloads jdownloads.edit.php
2012.10.23 09:12 B C:\inetpub\wwwroot\components\com_jdownloads\jdownloads.html.php --> ftp3.ftptoyoursite.com /web/content/components/com_jdownloads jdownloads.html.php
2012.10.23 09:12 B C:\inetpub\wwwroot\components\com_jdownloads\jdownloads.js --> ftp3.ftptoyoursite.com /web/content/components/com_jdownloads jdownloads.js
2012.10.23 09:12 B C:\inetpub\wwwroot\components\com_jdownloads\jdownloads.php --> ftp3.ftptoyoursite.com /web/content/components/com_jdownloads jdownloads.php
2012.10.23 09:12 B C:\inetpub\wwwroot\components\com_jdownloads\jdownloads_fe.css --> ftp3.ftptoyoursite.com /web/content/components/com_jdownloads jdownloads_fe.css
2012.10.23 09:12 B C:\inetpub\wwwroot\components\com_jdownloads\mp3_player_maxi.swf --> ftp3.ftptoyoursite.com /web/content/components/com_jdownloads mp3_player_maxi.swf
2012.10.23 09:12 B C:\inetpub\wwwroot\components\com_jdownloads\router.php --> ftp3.ftptoyoursite.com /web/content/components/com_jdownloads router.php
2012.10.23 09:12 B C:\inetpub\wwwroot\components\com_jdownloads\WS_FTP.LOG --> ftp3.ftptoyoursite.com /web/content/components/com_jdownloads WS_FTP.LOG
2013.02.01 14:49 B C:\inetpub\wwwroot\components\com_jdownloads\WS_FTP.LOG <-- Schubert Rackspace /web/content/components/com_jdownloads WS_FTP.LOG
