2012.07.25 12:18 B C:\Users\COBRIEN\Desktop\Schubert\libraries\joomla\log\loggers\database.php <-- Schubert Rackspace /web/content/libraries/joomla/log/loggers database.php
2012.07.25 12:18 B C:\Users\COBRIEN\Desktop\Schubert\libraries\joomla\log\loggers\echo.php <-- Schubert Rackspace /web/content/libraries/joomla/log/loggers echo.php
2012.07.25 12:18 B C:\Users\COBRIEN\Desktop\Schubert\libraries\joomla\log\loggers\formattedtext.php <-- Schubert Rackspace /web/content/libraries/joomla/log/loggers formattedtext.php
2012.07.25 12:18 B C:\Users\COBRIEN\Desktop\Schubert\libraries\joomla\log\loggers\index.html <-- Schubert Rackspace /web/content/libraries/joomla/log/loggers index.html
2012.07.25 12:18 B C:\Users\COBRIEN\Desktop\Schubert\libraries\joomla\log\loggers\messagequeue.php <-- Schubert Rackspace /web/content/libraries/joomla/log/loggers messagequeue.php
2012.07.25 12:18 B C:\Users\COBRIEN\Desktop\Schubert\libraries\joomla\log\loggers\syslog.php <-- Schubert Rackspace /web/content/libraries/joomla/log/loggers syslog.php
2012.07.25 12:18 B C:\Users\COBRIEN\Desktop\Schubert\libraries\joomla\log\loggers\w3c.php <-- Schubert Rackspace /web/content/libraries/joomla/log/loggers w3c.php
2012.09.04 10:54 B C:\inetpub\wwwroot\libraries\joomla\log\loggers\database.php --> ftp3.ftptoyoursite.com /web/content/SITE-TEST/libraries/joomla/log/loggers database.php
2012.09.04 10:54 B C:\inetpub\wwwroot\libraries\joomla\log\loggers\echo.php --> ftp3.ftptoyoursite.com /web/content/SITE-TEST/libraries/joomla/log/loggers echo.php
2012.09.04 10:54 B C:\inetpub\wwwroot\libraries\joomla\log\loggers\formattedtext.php --> ftp3.ftptoyoursite.com /web/content/SITE-TEST/libraries/joomla/log/loggers formattedtext.php
2012.09.04 10:54 B C:\inetpub\wwwroot\libraries\joomla\log\loggers\index.html --> ftp3.ftptoyoursite.com /web/content/SITE-TEST/libraries/joomla/log/loggers index.html
2012.09.04 10:54 B C:\inetpub\wwwroot\libraries\joomla\log\loggers\messagequeue.php --> ftp3.ftptoyoursite.com /web/content/SITE-TEST/libraries/joomla/log/loggers messagequeue.php
2012.09.04 10:54 B C:\inetpub\wwwroot\libraries\joomla\log\loggers\syslog.php --> ftp3.ftptoyoursite.com /web/content/SITE-TEST/libraries/joomla/log/loggers syslog.php
2012.09.04 10:54 B C:\inetpub\wwwroot\libraries\joomla\log\loggers\w3c.php --> ftp3.ftptoyoursite.com /web/content/SITE-TEST/libraries/joomla/log/loggers w3c.php
2012.09.04 10:54 B C:\inetpub\wwwroot\libraries\joomla\log\loggers\WS_FTP.LOG --> ftp3.ftptoyoursite.com /web/content/SITE-TEST/libraries/joomla/log/loggers WS_FTP.LOG
2012.09.06 15:13 B C:\inetpub\wwwroot\libraries\joomla\log\loggers\database.php --> ftp3.ftptoyoursite.com /web/content/SITEBACKUP_962012/libraries/joomla/log/loggers database.php
2012.09.06 15:13 B C:\inetpub\wwwroot\libraries\joomla\log\loggers\echo.php --> ftp3.ftptoyoursite.com /web/content/SITEBACKUP_962012/libraries/joomla/log/loggers echo.php
2012.09.06 15:13 B C:\inetpub\wwwroot\libraries\joomla\log\loggers\formattedtext.php --> ftp3.ftptoyoursite.com /web/content/SITEBACKUP_962012/libraries/joomla/log/loggers formattedtext.php
2012.09.06 15:13 B C:\inetpub\wwwroot\libraries\joomla\log\loggers\index.html --> ftp3.ftptoyoursite.com /web/content/SITEBACKUP_962012/libraries/joomla/log/loggers index.html
2012.09.06 15:13 B C:\inetpub\wwwroot\libraries\joomla\log\loggers\messagequeue.php --> ftp3.ftptoyoursite.com /web/content/SITEBACKUP_962012/libraries/joomla/log/loggers messagequeue.php
2012.09.06 15:13 B C:\inetpub\wwwroot\libraries\joomla\log\loggers\syslog.php --> ftp3.ftptoyoursite.com /web/content/SITEBACKUP_962012/libraries/joomla/log/loggers syslog.php
2012.09.06 15:13 B C:\inetpub\wwwroot\libraries\joomla\log\loggers\w3c.php --> ftp3.ftptoyoursite.com /web/content/SITEBACKUP_962012/libraries/joomla/log/loggers w3c.php
2012.09.06 15:13 B C:\inetpub\wwwroot\libraries\joomla\log\loggers\WS_FTP.LOG --> ftp3.ftptoyoursite.com /web/content/SITEBACKUP_962012/libraries/joomla/log/loggers WS_FTP.LOG
2012.10.23 09:15 B C:\inetpub\wwwroot\libraries\joomla\log\loggers\database.php --> ftp3.ftptoyoursite.com /web/content/libraries/joomla/log/loggers database.php
2012.10.23 09:15 B C:\inetpub\wwwroot\libraries\joomla\log\loggers\echo.php --> ftp3.ftptoyoursite.com /web/content/libraries/joomla/log/loggers echo.php
2012.10.23 09:15 B C:\inetpub\wwwroot\libraries\joomla\log\loggers\formattedtext.php --> ftp3.ftptoyoursite.com /web/content/libraries/joomla/log/loggers formattedtext.php
2012.10.23 09:15 B C:\inetpub\wwwroot\libraries\joomla\log\loggers\index.html --> ftp3.ftptoyoursite.com /web/content/libraries/joomla/log/loggers index.html
2012.10.23 09:15 B C:\inetpub\wwwroot\libraries\joomla\log\loggers\messagequeue.php --> ftp3.ftptoyoursite.com /web/content/libraries/joomla/log/loggers messagequeue.php
2012.10.23 09:15 B C:\inetpub\wwwroot\libraries\joomla\log\loggers\syslog.php --> ftp3.ftptoyoursite.com /web/content/libraries/joomla/log/loggers syslog.php
2012.10.23 09:15 B C:\inetpub\wwwroot\libraries\joomla\log\loggers\w3c.php --> ftp3.ftptoyoursite.com /web/content/libraries/joomla/log/loggers w3c.php
2012.10.23 09:15 B C:\inetpub\wwwroot\libraries\joomla\log\loggers\WS_FTP.LOG --> ftp3.ftptoyoursite.com /web/content/libraries/joomla/log/loggers WS_FTP.LOG
2013.02.01 14:54 B C:\inetpub\wwwroot\libraries\joomla\log\loggers\WS_FTP.LOG <-- Schubert Rackspace /web/content/libraries/joomla/log/loggers WS_FTP.LOG
