2012.07.25 12:20 B C:\Users\COBRIEN\Desktop\Schubert\modules\mod_stats\helper.php <-- Schubert Rackspace /web/content/modules/mod_stats helper.php
2012.07.25 12:20 B C:\Users\COBRIEN\Desktop\Schubert\modules\mod_stats\index.html <-- Schubert Rackspace /web/content/modules/mod_stats index.html
2012.07.25 12:20 B C:\Users\COBRIEN\Desktop\Schubert\modules\mod_stats\mod_stats.php <-- Schubert Rackspace /web/content/modules/mod_stats mod_stats.php
2012.07.25 12:20 B C:\Users\COBRIEN\Desktop\Schubert\modules\mod_stats\mod_stats.xml <-- Schubert Rackspace /web/content/modules/mod_stats mod_stats.xml
2012.09.04 10:56 B C:\inetpub\wwwroot\modules\mod_stats\helper.php --> ftp3.ftptoyoursite.com /web/content/SITE-TEST/modules/mod_stats helper.php
2012.09.04 10:56 B C:\inetpub\wwwroot\modules\mod_stats\index.html --> ftp3.ftptoyoursite.com /web/content/SITE-TEST/modules/mod_stats index.html
2012.09.04 10:56 B C:\inetpub\wwwroot\modules\mod_stats\mod_stats.php --> ftp3.ftptoyoursite.com /web/content/SITE-TEST/modules/mod_stats mod_stats.php
2012.09.04 10:56 B C:\inetpub\wwwroot\modules\mod_stats\mod_stats.xml --> ftp3.ftptoyoursite.com /web/content/SITE-TEST/modules/mod_stats mod_stats.xml
2012.09.04 10:56 B C:\inetpub\wwwroot\modules\mod_stats\WS_FTP.LOG --> ftp3.ftptoyoursite.com /web/content/SITE-TEST/modules/mod_stats WS_FTP.LOG
2012.09.06 15:15 B C:\inetpub\wwwroot\modules\mod_stats\helper.php --> ftp3.ftptoyoursite.com /web/content/SITEBACKUP_962012/modules/mod_stats helper.php
2012.09.06 15:15 B C:\inetpub\wwwroot\modules\mod_stats\index.html --> ftp3.ftptoyoursite.com /web/content/SITEBACKUP_962012/modules/mod_stats index.html
2012.09.06 15:15 B C:\inetpub\wwwroot\modules\mod_stats\mod_stats.php --> ftp3.ftptoyoursite.com /web/content/SITEBACKUP_962012/modules/mod_stats mod_stats.php
2012.09.06 15:15 B C:\inetpub\wwwroot\modules\mod_stats\mod_stats.xml --> ftp3.ftptoyoursite.com /web/content/SITEBACKUP_962012/modules/mod_stats mod_stats.xml
2012.09.06 15:15 B C:\inetpub\wwwroot\modules\mod_stats\WS_FTP.LOG --> ftp3.ftptoyoursite.com /web/content/SITEBACKUP_962012/modules/mod_stats WS_FTP.LOG
2012.10.23 09:17 B C:\inetpub\wwwroot\modules\mod_stats\helper.php --> ftp3.ftptoyoursite.com /web/content/modules/mod_stats helper.php
2012.10.23 09:17 B C:\inetpub\wwwroot\modules\mod_stats\index.html --> ftp3.ftptoyoursite.com /web/content/modules/mod_stats index.html
2012.10.23 09:17 B C:\inetpub\wwwroot\modules\mod_stats\mod_stats.php --> ftp3.ftptoyoursite.com /web/content/modules/mod_stats mod_stats.php
2012.10.23 09:17 B C:\inetpub\wwwroot\modules\mod_stats\mod_stats.xml --> ftp3.ftptoyoursite.com /web/content/modules/mod_stats mod_stats.xml
2012.10.23 09:17 B C:\inetpub\wwwroot\modules\mod_stats\WS_FTP.LOG --> ftp3.ftptoyoursite.com /web/content/modules/mod_stats WS_FTP.LOG
2013.02.01 15:03 B C:\inetpub\wwwroot\modules\mod_stats\WS_FTP.LOG <-- Schubert Rackspace /web/content/modules/mod_stats WS_FTP.LOG
