2012.07.25 12:12 B C:\Users\COBRIEN\Desktop\Schubert\administrator\components\com_rsform\assets\images\layouts\2cols2lines.gif <-- Schubert Rackspace /web/content/administrator/components/com_rsform/assets/images/layouts 2cols2lines.gif
2012.07.25 12:12 B C:\Users\COBRIEN\Desktop\Schubert\administrator\components\com_rsform\assets\images\layouts\2colsinline.gif <-- Schubert Rackspace /web/content/administrator/components/com_rsform/assets/images/layouts 2colsinline.gif
2012.07.25 12:12 B C:\Users\COBRIEN\Desktop\Schubert\administrator\components\com_rsform\assets\images\layouts\2lines-xhtml.gif <-- Schubert Rackspace /web/content/administrator/components/com_rsform/assets/images/layouts 2lines-xhtml.gif
2012.07.25 12:12 B C:\Users\COBRIEN\Desktop\Schubert\administrator\components\com_rsform\assets\images\layouts\2lines.gif <-- Schubert Rackspace /web/content/administrator/components/com_rsform/assets/images/layouts 2lines.gif
2012.07.25 12:12 B C:\Users\COBRIEN\Desktop\Schubert\administrator\components\com_rsform\assets\images\layouts\index.html <-- Schubert Rackspace /web/content/administrator/components/com_rsform/assets/images/layouts index.html
2012.07.25 12:12 B C:\Users\COBRIEN\Desktop\Schubert\administrator\components\com_rsform\assets\images\layouts\inline-xhtml.gif <-- Schubert Rackspace /web/content/administrator/components/com_rsform/assets/images/layouts inline-xhtml.gif
2012.07.25 12:12 B C:\Users\COBRIEN\Desktop\Schubert\administrator\components\com_rsform\assets\images\layouts\inline.gif <-- Schubert Rackspace /web/content/administrator/components/com_rsform/assets/images/layouts inline.gif
2012.09.04 10:46 B C:\inetpub\wwwroot\administrator\components\com_rsform\assets\images\layouts\2cols2lines.gif --> ftp3.ftptoyoursite.com /web/content/SITE-TEST/administrator/components/com_rsform/assets/images/layouts 2cols2lines.gif
2012.09.04 10:46 B C:\inetpub\wwwroot\administrator\components\com_rsform\assets\images\layouts\2colsinline.gif --> ftp3.ftptoyoursite.com /web/content/SITE-TEST/administrator/components/com_rsform/assets/images/layouts 2colsinline.gif
2012.09.04 10:46 B C:\inetpub\wwwroot\administrator\components\com_rsform\assets\images\layouts\2lines-xhtml.gif --> ftp3.ftptoyoursite.com /web/content/SITE-TEST/administrator/components/com_rsform/assets/images/layouts 2lines-xhtml.gif
2012.09.04 10:46 B C:\inetpub\wwwroot\administrator\components\com_rsform\assets\images\layouts\2lines.gif --> ftp3.ftptoyoursite.com /web/content/SITE-TEST/administrator/components/com_rsform/assets/images/layouts 2lines.gif
2012.09.04 10:46 B C:\inetpub\wwwroot\administrator\components\com_rsform\assets\images\layouts\index.html --> ftp3.ftptoyoursite.com /web/content/SITE-TEST/administrator/components/com_rsform/assets/images/layouts index.html
2012.09.04 10:46 B C:\inetpub\wwwroot\administrator\components\com_rsform\assets\images\layouts\inline-xhtml.gif --> ftp3.ftptoyoursite.com /web/content/SITE-TEST/administrator/components/com_rsform/assets/images/layouts inline-xhtml.gif
2012.09.04 10:46 B C:\inetpub\wwwroot\administrator\components\com_rsform\assets\images\layouts\inline.gif --> ftp3.ftptoyoursite.com /web/content/SITE-TEST/administrator/components/com_rsform/assets/images/layouts inline.gif
2012.09.04 10:46 B C:\inetpub\wwwroot\administrator\components\com_rsform\assets\images\layouts\WS_FTP.LOG --> ftp3.ftptoyoursite.com /web/content/SITE-TEST/administrator/components/com_rsform/assets/images/layouts WS_FTP.LOG
2012.09.06 15:03 B C:\inetpub\wwwroot\administrator\components\com_rsform\assets\images\layouts\2cols2lines.gif --> ftp3.ftptoyoursite.com /web/content/SITEBACKUP_962012/administrator/components/com_rsform/assets/images/layouts 2cols2lines.gif
2012.09.06 15:03 B C:\inetpub\wwwroot\administrator\components\com_rsform\assets\images\layouts\2colsinline.gif --> ftp3.ftptoyoursite.com /web/content/SITEBACKUP_962012/administrator/components/com_rsform/assets/images/layouts 2colsinline.gif
2012.09.06 15:03 B C:\inetpub\wwwroot\administrator\components\com_rsform\assets\images\layouts\2lines-xhtml.gif --> ftp3.ftptoyoursite.com /web/content/SITEBACKUP_962012/administrator/components/com_rsform/assets/images/layouts 2lines-xhtml.gif
2012.09.06 15:03 B C:\inetpub\wwwroot\administrator\components\com_rsform\assets\images\layouts\2lines.gif --> ftp3.ftptoyoursite.com /web/content/SITEBACKUP_962012/administrator/components/com_rsform/assets/images/layouts 2lines.gif
2012.09.06 15:03 B C:\inetpub\wwwroot\administrator\components\com_rsform\assets\images\layouts\index.html --> ftp3.ftptoyoursite.com /web/content/SITEBACKUP_962012/administrator/components/com_rsform/assets/images/layouts index.html
2012.09.06 15:03 B C:\inetpub\wwwroot\administrator\components\com_rsform\assets\images\layouts\inline-xhtml.gif --> ftp3.ftptoyoursite.com /web/content/SITEBACKUP_962012/administrator/components/com_rsform/assets/images/layouts inline-xhtml.gif
2012.09.06 15:03 B C:\inetpub\wwwroot\administrator\components\com_rsform\assets\images\layouts\inline.gif --> ftp3.ftptoyoursite.com /web/content/SITEBACKUP_962012/administrator/components/com_rsform/assets/images/layouts inline.gif
2012.09.06 15:03 B C:\inetpub\wwwroot\administrator\components\com_rsform\assets\images\layouts\WS_FTP.LOG --> ftp3.ftptoyoursite.com /web/content/SITEBACKUP_962012/administrator/components/com_rsform/assets/images/layouts WS_FTP.LOG
2012.09.06 15:45 B C:\inetpub\wwwroot\administrator\components\com_rsform\assets\images\layouts\2cols2lines.gif <-- Schubert Rackspace /web/content/SITEBACKUP_962012/administrator/components/com_rsform/assets/images/layouts 2cols2lines.gif
2012.09.06 15:45 B C:\inetpub\wwwroot\administrator\components\com_rsform\assets\images\layouts\2colsinline.gif <-- Schubert Rackspace /web/content/SITEBACKUP_962012/administrator/components/com_rsform/assets/images/layouts 2colsinline.gif
2012.09.06 15:45 B C:\inetpub\wwwroot\administrator\components\com_rsform\assets\images\layouts\2lines-xhtml.gif <-- Schubert Rackspace /web/content/SITEBACKUP_962012/administrator/components/com_rsform/assets/images/layouts 2lines-xhtml.gif
2012.09.06 15:45 B C:\inetpub\wwwroot\administrator\components\com_rsform\assets\images\layouts\2lines.gif <-- Schubert Rackspace /web/content/SITEBACKUP_962012/administrator/components/com_rsform/assets/images/layouts 2lines.gif
2012.09.06 15:45 B C:\inetpub\wwwroot\administrator\components\com_rsform\assets\images\layouts\index.html <-- Schubert Rackspace /web/content/SITEBACKUP_962012/administrator/components/com_rsform/assets/images/layouts index.html
2012.09.06 15:45 B C:\inetpub\wwwroot\administrator\components\com_rsform\assets\images\layouts\inline-xhtml.gif <-- Schubert Rackspace /web/content/SITEBACKUP_962012/administrator/components/com_rsform/assets/images/layouts inline-xhtml.gif
2012.09.06 15:45 B C:\inetpub\wwwroot\administrator\components\com_rsform\assets\images\layouts\inline.gif <-- Schubert Rackspace /web/content/SITEBACKUP_962012/administrator/components/com_rsform/assets/images/layouts inline.gif
2012.10.23 09:06 B C:\inetpub\wwwroot\administrator\components\com_rsform\assets\images\layouts\2cols2lines.gif --> ftp3.ftptoyoursite.com /web/content/administrator/components/com_rsform/assets/images/layouts 2cols2lines.gif
2012.10.23 09:06 B C:\inetpub\wwwroot\administrator\components\com_rsform\assets\images\layouts\2colsinline.gif --> ftp3.ftptoyoursite.com /web/content/administrator/components/com_rsform/assets/images/layouts 2colsinline.gif
2012.10.23 09:06 B C:\inetpub\wwwroot\administrator\components\com_rsform\assets\images\layouts\2lines-xhtml.gif --> ftp3.ftptoyoursite.com /web/content/administrator/components/com_rsform/assets/images/layouts 2lines-xhtml.gif
2012.10.23 09:06 B C:\inetpub\wwwroot\administrator\components\com_rsform\assets\images\layouts\2lines.gif --> ftp3.ftptoyoursite.com /web/content/administrator/components/com_rsform/assets/images/layouts 2lines.gif
2012.10.23 09:06 B C:\inetpub\wwwroot\administrator\components\com_rsform\assets\images\layouts\index.html --> ftp3.ftptoyoursite.com /web/content/administrator/components/com_rsform/assets/images/layouts index.html
2012.10.23 09:06 B C:\inetpub\wwwroot\administrator\components\com_rsform\assets\images\layouts\inline-xhtml.gif --> ftp3.ftptoyoursite.com /web/content/administrator/components/com_rsform/assets/images/layouts inline-xhtml.gif
2012.10.23 09:06 B C:\inetpub\wwwroot\administrator\components\com_rsform\assets\images\layouts\inline.gif --> ftp3.ftptoyoursite.com /web/content/administrator/components/com_rsform/assets/images/layouts inline.gif
2012.10.23 09:06 B C:\inetpub\wwwroot\administrator\components\com_rsform\assets\images\layouts\WS_FTP.LOG --> ftp3.ftptoyoursite.com /web/content/administrator/components/com_rsform/assets/images/layouts WS_FTP.LOG
2013.02.01 14:43 B C:\inetpub\wwwroot\administrator\components\com_rsform\assets\images\layouts\WS_FTP.LOG <-- Schubert Rackspace /web/content/administrator/components/com_rsform/assets/images/layouts WS_FTP.LOG
