2012.07.25 12:19 B C:\Users\COBRIEN\Desktop\Schubert\modules\mod_dropdown_megamenu\assets\css\dropdown_menu_center.css <-- Schubert Rackspace /web/content/modules/mod_dropdown_megamenu/assets/css dropdown_menu_center.css
2012.07.25 12:19 B C:\Users\COBRIEN\Desktop\Schubert\modules\mod_dropdown_megamenu\assets\css\dropdown_menu_left.css <-- Schubert Rackspace /web/content/modules/mod_dropdown_megamenu/assets/css dropdown_menu_left.css
2012.07.25 12:19 B C:\Users\COBRIEN\Desktop\Schubert\modules\mod_dropdown_megamenu\assets\css\dropdown_menu_right.css <-- Schubert Rackspace /web/content/modules/mod_dropdown_megamenu/assets/css dropdown_menu_right.css
2012.07.25 12:19 B C:\Users\COBRIEN\Desktop\Schubert\modules\mod_dropdown_megamenu\assets\css\index.html <-- Schubert Rackspace /web/content/modules/mod_dropdown_megamenu/assets/css index.html
2012.08.10 17:33 B C:\inetpub\wwwroot\modules\mod_dropdown_megamenu\assets\css\dropdown_menu_left.css <-- Schubert Rackspace /web/content/modules/mod_dropdown_megamenu/assets/css dropdown_menu_left.css
2012.09.04 10:56 B C:\inetpub\wwwroot\modules\mod_dropdown_megamenu\assets\css\dropdown_menu_center.css --> ftp3.ftptoyoursite.com /web/content/SITE-TEST/modules/mod_dropdown_megamenu/assets/css dropdown_menu_center.css
2012.09.04 10:56 B C:\inetpub\wwwroot\modules\mod_dropdown_megamenu\assets\css\dropdown_menu_left.css --> ftp3.ftptoyoursite.com /web/content/SITE-TEST/modules/mod_dropdown_megamenu/assets/css dropdown_menu_left.css
2012.09.04 10:56 B C:\inetpub\wwwroot\modules\mod_dropdown_megamenu\assets\css\dropdown_menu_right.css --> ftp3.ftptoyoursite.com /web/content/SITE-TEST/modules/mod_dropdown_megamenu/assets/css dropdown_menu_right.css
2012.09.04 10:56 B C:\inetpub\wwwroot\modules\mod_dropdown_megamenu\assets\css\index.html --> ftp3.ftptoyoursite.com /web/content/SITE-TEST/modules/mod_dropdown_megamenu/assets/css index.html
2012.09.04 10:56 B C:\inetpub\wwwroot\modules\mod_dropdown_megamenu\assets\css\WS_FTP.LOG --> ftp3.ftptoyoursite.com /web/content/SITE-TEST/modules/mod_dropdown_megamenu/assets/css WS_FTP.LOG
2012.09.06 10:59 B C:\inetpub\wwwroot\modules\mod_dropdown_megamenu\assets\css\dropdown_menu_center.css <-- Schubert Rackspace /web/content/modules/mod_dropdown_megamenu/assets/css dropdown_menu_center.css
2012.09.06 10:59 B C:\inetpub\wwwroot\modules\mod_dropdown_megamenu\assets\css\dropdown_menu_left.css <-- Schubert Rackspace /web/content/modules/mod_dropdown_megamenu/assets/css dropdown_menu_left.css
2012.09.06 10:59 B C:\inetpub\wwwroot\modules\mod_dropdown_megamenu\assets\css\dropdown_menu_right.css <-- Schubert Rackspace /web/content/modules/mod_dropdown_megamenu/assets/css dropdown_menu_right.css
2012.09.06 10:59 B C:\inetpub\wwwroot\modules\mod_dropdown_megamenu\assets\css\index.html <-- Schubert Rackspace /web/content/modules/mod_dropdown_megamenu/assets/css index.html
2012.09.06 15:15 B C:\inetpub\wwwroot\modules\mod_dropdown_megamenu\assets\css\dropdown_menu_center.css --> ftp3.ftptoyoursite.com /web/content/SITEBACKUP_962012/modules/mod_dropdown_megamenu/assets/css dropdown_menu_center.css
2012.09.06 15:15 B C:\inetpub\wwwroot\modules\mod_dropdown_megamenu\assets\css\dropdown_menu_left.css --> ftp3.ftptoyoursite.com /web/content/SITEBACKUP_962012/modules/mod_dropdown_megamenu/assets/css dropdown_menu_left.css
2012.09.06 15:15 B C:\inetpub\wwwroot\modules\mod_dropdown_megamenu\assets\css\dropdown_menu_right.css --> ftp3.ftptoyoursite.com /web/content/SITEBACKUP_962012/modules/mod_dropdown_megamenu/assets/css dropdown_menu_right.css
2012.09.06 15:15 B C:\inetpub\wwwroot\modules\mod_dropdown_megamenu\assets\css\index.html --> ftp3.ftptoyoursite.com /web/content/SITEBACKUP_962012/modules/mod_dropdown_megamenu/assets/css index.html
2012.09.06 15:15 B C:\inetpub\wwwroot\modules\mod_dropdown_megamenu\assets\css\WS_FTP.LOG --> ftp3.ftptoyoursite.com /web/content/SITEBACKUP_962012/modules/mod_dropdown_megamenu/assets/css WS_FTP.LOG
2012.10.23 09:16 B C:\inetpub\wwwroot\modules\mod_dropdown_megamenu\assets\css\dropdown_menu_center.css --> ftp3.ftptoyoursite.com /web/content/modules/mod_dropdown_megamenu/assets/css dropdown_menu_center.css
2012.10.23 09:16 B C:\inetpub\wwwroot\modules\mod_dropdown_megamenu\assets\css\dropdown_menu_left.css --> ftp3.ftptoyoursite.com /web/content/modules/mod_dropdown_megamenu/assets/css dropdown_menu_left.css
2012.10.23 09:16 B C:\inetpub\wwwroot\modules\mod_dropdown_megamenu\assets\css\dropdown_menu_right.css --> ftp3.ftptoyoursite.com /web/content/modules/mod_dropdown_megamenu/assets/css dropdown_menu_right.css
2012.10.23 09:16 B C:\inetpub\wwwroot\modules\mod_dropdown_megamenu\assets\css\index.html --> ftp3.ftptoyoursite.com /web/content/modules/mod_dropdown_megamenu/assets/css index.html
2012.10.23 09:16 B C:\inetpub\wwwroot\modules\mod_dropdown_megamenu\assets\css\WS_FTP.LOG --> ftp3.ftptoyoursite.com /web/content/modules/mod_dropdown_megamenu/assets/css WS_FTP.LOG
2013.02.01 15:02 B C:\inetpub\wwwroot\modules\mod_dropdown_megamenu\assets\css\WS_FTP.LOG <-- Schubert Rackspace /web/content/modules/mod_dropdown_megamenu/assets/css WS_FTP.LOG
