2012.07.25 12:10 B C:\Users\COBRIEN\Desktop\Schubert\administrator\components\com_admin\sql\updates\mysql\1.7.0-2011-06-06-2.sql <-- Schubert Rackspace /web/content/administrator/components/com_admin/sql/updates/mysql 1.7.0-2011-06-06-2.sql
2012.07.25 12:10 B C:\Users\COBRIEN\Desktop\Schubert\administrator\components\com_admin\sql\updates\mysql\1.7.0-2011-06-06.sql <-- Schubert Rackspace /web/content/administrator/components/com_admin/sql/updates/mysql 1.7.0-2011-06-06.sql
2012.07.25 12:10 B C:\Users\COBRIEN\Desktop\Schubert\administrator\components\com_admin\sql\updates\mysql\1.7.1-2011-09-15-2.sql <-- Schubert Rackspace /web/content/administrator/components/com_admin/sql/updates/mysql 1.7.1-2011-09-15-2.sql
2012.07.25 12:10 B C:\Users\COBRIEN\Desktop\Schubert\administrator\components\com_admin\sql\updates\mysql\1.7.1-2011-09-15-3.sql <-- Schubert Rackspace /web/content/administrator/components/com_admin/sql/updates/mysql 1.7.1-2011-09-15-3.sql
2012.07.25 12:10 B C:\Users\COBRIEN\Desktop\Schubert\administrator\components\com_admin\sql\updates\mysql\1.7.1-2011-09-15-4.sql <-- Schubert Rackspace /web/content/administrator/components/com_admin/sql/updates/mysql 1.7.1-2011-09-15-4.sql
2012.07.25 12:10 B C:\Users\COBRIEN\Desktop\Schubert\administrator\components\com_admin\sql\updates\mysql\1.7.1-2011-09-15.sql <-- Schubert Rackspace /web/content/administrator/components/com_admin/sql/updates/mysql 1.7.1-2011-09-15.sql
2012.07.25 12:10 B C:\Users\COBRIEN\Desktop\Schubert\administrator\components\com_admin\sql\updates\mysql\1.7.1-2011-09-17.sql <-- Schubert Rackspace /web/content/administrator/components/com_admin/sql/updates/mysql 1.7.1-2011-09-17.sql
2012.07.25 12:10 B C:\Users\COBRIEN\Desktop\Schubert\administrator\components\com_admin\sql\updates\mysql\1.7.1-2011-09-20.sql <-- Schubert Rackspace /web/content/administrator/components/com_admin/sql/updates/mysql 1.7.1-2011-09-20.sql
2012.07.25 12:10 B C:\Users\COBRIEN\Desktop\Schubert\administrator\components\com_admin\sql\updates\mysql\1.7.3-2011-10-15.sql <-- Schubert Rackspace /web/content/administrator/components/com_admin/sql/updates/mysql 1.7.3-2011-10-15.sql
2012.07.25 12:10 B C:\Users\COBRIEN\Desktop\Schubert\administrator\components\com_admin\sql\updates\mysql\1.7.3-2011-10-19.sql <-- Schubert Rackspace /web/content/administrator/components/com_admin/sql/updates/mysql 1.7.3-2011-10-19.sql
2012.07.25 12:10 B C:\Users\COBRIEN\Desktop\Schubert\administrator\components\com_admin\sql\updates\mysql\1.7.3-2011-11-10.sql <-- Schubert Rackspace /web/content/administrator/components/com_admin/sql/updates/mysql 1.7.3-2011-11-10.sql
2012.07.25 12:10 B C:\Users\COBRIEN\Desktop\Schubert\administrator\components\com_admin\sql\updates\mysql\1.7.4-2011-11-19.sql <-- Schubert Rackspace /web/content/administrator/components/com_admin/sql/updates/mysql 1.7.4-2011-11-19.sql
2012.07.25 12:10 B C:\Users\COBRIEN\Desktop\Schubert\administrator\components\com_admin\sql\updates\mysql\1.7.4-2011-11-23.sql <-- Schubert Rackspace /web/content/administrator/components/com_admin/sql/updates/mysql 1.7.4-2011-11-23.sql
2012.07.25 12:10 B C:\Users\COBRIEN\Desktop\Schubert\administrator\components\com_admin\sql\updates\mysql\1.7.4-2011-12-12.sql <-- Schubert Rackspace /web/content/administrator/components/com_admin/sql/updates/mysql 1.7.4-2011-12-12.sql
2012.07.25 12:10 B C:\Users\COBRIEN\Desktop\Schubert\administrator\components\com_admin\sql\updates\mysql\2.5.0-2011-12-06.sql <-- Schubert Rackspace /web/content/administrator/components/com_admin/sql/updates/mysql 2.5.0-2011-12-06.sql
2012.07.25 12:10 B C:\Users\COBRIEN\Desktop\Schubert\administrator\components\com_admin\sql\updates\mysql\2.5.0-2011-12-16.sql <-- Schubert Rackspace /web/content/administrator/components/com_admin/sql/updates/mysql 2.5.0-2011-12-16.sql
2012.07.25 12:10 B C:\Users\COBRIEN\Desktop\Schubert\administrator\components\com_admin\sql\updates\mysql\2.5.0-2011-12-19.sql <-- Schubert Rackspace /web/content/administrator/components/com_admin/sql/updates/mysql 2.5.0-2011-12-19.sql
2012.07.25 12:10 B C:\Users\COBRIEN\Desktop\Schubert\administrator\components\com_admin\sql\updates\mysql\2.5.0-2011-12-20.sql <-- Schubert Rackspace /web/content/administrator/components/com_admin/sql/updates/mysql 2.5.0-2011-12-20.sql
2012.07.25 12:10 B C:\Users\COBRIEN\Desktop\Schubert\administrator\components\com_admin\sql\updates\mysql\2.5.0-2011-12-21-1.sql <-- Schubert Rackspace /web/content/administrator/components/com_admin/sql/updates/mysql 2.5.0-2011-12-21-1.sql
2012.07.25 12:10 B C:\Users\COBRIEN\Desktop\Schubert\administrator\components\com_admin\sql\updates\mysql\2.5.0-2011-12-21-2.sql <-- Schubert Rackspace /web/content/administrator/components/com_admin/sql/updates/mysql 2.5.0-2011-12-21-2.sql
2012.07.25 12:10 B C:\Users\COBRIEN\Desktop\Schubert\administrator\components\com_admin\sql\updates\mysql\2.5.0-2011-12-22.sql <-- Schubert Rackspace /web/content/administrator/components/com_admin/sql/updates/mysql 2.5.0-2011-12-22.sql
2012.07.25 12:10 B C:\Users\COBRIEN\Desktop\Schubert\administrator\components\com_admin\sql\updates\mysql\2.5.0-2011-12-23.sql <-- Schubert Rackspace /web/content/administrator/components/com_admin/sql/updates/mysql 2.5.0-2011-12-23.sql
2012.07.25 12:10 B C:\Users\COBRIEN\Desktop\Schubert\administrator\components\com_admin\sql\updates\mysql\2.5.0-2011-12-24.sql <-- Schubert Rackspace /web/content/administrator/components/com_admin/sql/updates/mysql 2.5.0-2011-12-24.sql
2012.07.25 12:10 B C:\Users\COBRIEN\Desktop\Schubert\administrator\components\com_admin\sql\updates\mysql\2.5.0-2012-01-10.sql <-- Schubert Rackspace /web/content/administrator/components/com_admin/sql/updates/mysql 2.5.0-2012-01-10.sql
2012.07.25 12:10 B C:\Users\COBRIEN\Desktop\Schubert\administrator\components\com_admin\sql\updates\mysql\2.5.0-2012-01-14.sql <-- Schubert Rackspace /web/content/administrator/components/com_admin/sql/updates/mysql 2.5.0-2012-01-14.sql
2012.07.25 12:10 B C:\Users\COBRIEN\Desktop\Schubert\administrator\components\com_admin\sql\updates\mysql\2.5.1-2012-01-26.sql <-- Schubert Rackspace /web/content/administrator/components/com_admin/sql/updates/mysql 2.5.1-2012-01-26.sql
2012.07.25 12:10 B C:\Users\COBRIEN\Desktop\Schubert\administrator\components\com_admin\sql\updates\mysql\2.5.2-2012-03-05.sql <-- Schubert Rackspace /web/content/administrator/components/com_admin/sql/updates/mysql 2.5.2-2012-03-05.sql
2012.07.25 12:10 B C:\Users\COBRIEN\Desktop\Schubert\administrator\components\com_admin\sql\updates\mysql\2.5.3-2012-03-13.sql <-- Schubert Rackspace /web/content/administrator/components/com_admin/sql/updates/mysql 2.5.3-2012-03-13.sql
2012.07.25 12:10 B C:\Users\COBRIEN\Desktop\Schubert\administrator\components\com_admin\sql\updates\mysql\2.5.4-2012-03-18.sql <-- Schubert Rackspace /web/content/administrator/components/com_admin/sql/updates/mysql 2.5.4-2012-03-18.sql
2012.07.25 12:10 B C:\Users\COBRIEN\Desktop\Schubert\administrator\components\com_admin\sql\updates\mysql\2.5.4-2012-03-19.sql <-- Schubert Rackspace /web/content/administrator/components/com_admin/sql/updates/mysql 2.5.4-2012-03-19.sql
2012.07.25 12:10 B C:\Users\COBRIEN\Desktop\Schubert\administrator\components\com_admin\sql\updates\mysql\index.html <-- Schubert Rackspace /web/content/administrator/components/com_admin/sql/updates/mysql index.html
2012.09.04 10:43 B C:\inetpub\wwwroot\administrator\components\com_admin\sql\updates\mysql\1.7.0-2011-06-06-2.sql --> ftp3.ftptoyoursite.com /web/content/SITE-TEST/administrator/components/com_admin/sql/updates/mysql 1.7.0-2011-06-06-2.sql
2012.09.04 10:43 B C:\inetpub\wwwroot\administrator\components\com_admin\sql\updates\mysql\1.7.0-2011-06-06.sql --> ftp3.ftptoyoursite.com /web/content/SITE-TEST/administrator/components/com_admin/sql/updates/mysql 1.7.0-2011-06-06.sql
2012.09.04 10:43 B C:\inetpub\wwwroot\administrator\components\com_admin\sql\updates\mysql\1.7.0.sql --> ftp3.ftptoyoursite.com /web/content/SITE-TEST/administrator/components/com_admin/sql/updates/mysql 1.7.0.sql
2012.09.04 10:43 B C:\inetpub\wwwroot\administrator\components\com_admin\sql\updates\mysql\1.7.1-2011-09-15-2.sql --> ftp3.ftptoyoursite.com /web/content/SITE-TEST/administrator/components/com_admin/sql/updates/mysql 1.7.1-2011-09-15-2.sql
2012.09.04 10:43 B C:\inetpub\wwwroot\administrator\components\com_admin\sql\updates\mysql\1.7.1-2011-09-15-3.sql --> ftp3.ftptoyoursite.com /web/content/SITE-TEST/administrator/components/com_admin/sql/updates/mysql 1.7.1-2011-09-15-3.sql
2012.09.04 10:43 B C:\inetpub\wwwroot\administrator\components\com_admin\sql\updates\mysql\1.7.1-2011-09-15-4.sql --> ftp3.ftptoyoursite.com /web/content/SITE-TEST/administrator/components/com_admin/sql/updates/mysql 1.7.1-2011-09-15-4.sql
2012.09.04 10:43 B C:\inetpub\wwwroot\administrator\components\com_admin\sql\updates\mysql\1.7.1-2011-09-15.sql --> ftp3.ftptoyoursite.com /web/content/SITE-TEST/administrator/components/com_admin/sql/updates/mysql 1.7.1-2011-09-15.sql
2012.09.04 10:43 B C:\inetpub\wwwroot\administrator\components\com_admin\sql\updates\mysql\1.7.1-2011-09-17.sql --> ftp3.ftptoyoursite.com /web/content/SITE-TEST/administrator/components/com_admin/sql/updates/mysql 1.7.1-2011-09-17.sql
2012.09.04 10:43 B C:\inetpub\wwwroot\administrator\components\com_admin\sql\updates\mysql\1.7.1-2011-09-20.sql --> ftp3.ftptoyoursite.com /web/content/SITE-TEST/administrator/components/com_admin/sql/updates/mysql 1.7.1-2011-09-20.sql
2012.09.04 10:43 B C:\inetpub\wwwroot\administrator\components\com_admin\sql\updates\mysql\1.7.3-2011-10-15.sql --> ftp3.ftptoyoursite.com /web/content/SITE-TEST/administrator/components/com_admin/sql/updates/mysql 1.7.3-2011-10-15.sql
2012.09.04 10:43 B C:\inetpub\wwwroot\administrator\components\com_admin\sql\updates\mysql\1.7.3-2011-10-19.sql --> ftp3.ftptoyoursite.com /web/content/SITE-TEST/administrator/components/com_admin/sql/updates/mysql 1.7.3-2011-10-19.sql
2012.09.04 10:43 B C:\inetpub\wwwroot\administrator\components\com_admin\sql\updates\mysql\1.7.3-2011-11-10.sql --> ftp3.ftptoyoursite.com /web/content/SITE-TEST/administrator/components/com_admin/sql/updates/mysql 1.7.3-2011-11-10.sql
2012.09.04 10:43 B C:\inetpub\wwwroot\administrator\components\com_admin\sql\updates\mysql\1.7.4-2011-11-19.sql --> ftp3.ftptoyoursite.com /web/content/SITE-TEST/administrator/components/com_admin/sql/updates/mysql 1.7.4-2011-11-19.sql
2012.09.04 10:43 B C:\inetpub\wwwroot\administrator\components\com_admin\sql\updates\mysql\1.7.4-2011-11-23.sql --> ftp3.ftptoyoursite.com /web/content/SITE-TEST/administrator/components/com_admin/sql/updates/mysql 1.7.4-2011-11-23.sql
2012.09.04 10:43 B C:\inetpub\wwwroot\administrator\components\com_admin\sql\updates\mysql\1.7.4-2011-12-12.sql --> ftp3.ftptoyoursite.com /web/content/SITE-TEST/administrator/components/com_admin/sql/updates/mysql 1.7.4-2011-12-12.sql
2012.09.04 10:44 B C:\inetpub\wwwroot\administrator\components\com_admin\sql\updates\mysql\2.5.0-2011-12-06.sql --> ftp3.ftptoyoursite.com /web/content/SITE-TEST/administrator/components/com_admin/sql/updates/mysql 2.5.0-2011-12-06.sql
2012.09.04 10:44 B C:\inetpub\wwwroot\administrator\components\com_admin\sql\updates\mysql\2.5.0-2011-12-16.sql --> ftp3.ftptoyoursite.com /web/content/SITE-TEST/administrator/components/com_admin/sql/updates/mysql 2.5.0-2011-12-16.sql
2012.09.04 10:44 B C:\inetpub\wwwroot\administrator\components\com_admin\sql\updates\mysql\2.5.0-2011-12-19.sql --> ftp3.ftptoyoursite.com /web/content/SITE-TEST/administrator/components/com_admin/sql/updates/mysql 2.5.0-2011-12-19.sql
2012.09.04 10:44 B C:\inetpub\wwwroot\administrator\components\com_admin\sql\updates\mysql\2.5.0-2011-12-20.sql --> ftp3.ftptoyoursite.com /web/content/SITE-TEST/administrator/components/com_admin/sql/updates/mysql 2.5.0-2011-12-20.sql
2012.09.04 10:44 B C:\inetpub\wwwroot\administrator\components\com_admin\sql\updates\mysql\2.5.0-2011-12-21-1.sql --> ftp3.ftptoyoursite.com /web/content/SITE-TEST/administrator/components/com_admin/sql/updates/mysql 2.5.0-2011-12-21-1.sql
2012.09.04 10:44 B C:\inetpub\wwwroot\administrator\components\com_admin\sql\updates\mysql\2.5.0-2011-12-21-2.sql --> ftp3.ftptoyoursite.com /web/content/SITE-TEST/administrator/components/com_admin/sql/updates/mysql 2.5.0-2011-12-21-2.sql
2012.09.04 10:44 B C:\inetpub\wwwroot\administrator\components\com_admin\sql\updates\mysql\2.5.0-2011-12-22.sql --> ftp3.ftptoyoursite.com /web/content/SITE-TEST/administrator/components/com_admin/sql/updates/mysql 2.5.0-2011-12-22.sql
2012.09.04 10:44 B C:\inetpub\wwwroot\administrator\components\com_admin\sql\updates\mysql\2.5.0-2011-12-23.sql --> ftp3.ftptoyoursite.com /web/content/SITE-TEST/administrator/components/com_admin/sql/updates/mysql 2.5.0-2011-12-23.sql
2012.09.04 10:44 B C:\inetpub\wwwroot\administrator\components\com_admin\sql\updates\mysql\2.5.0-2011-12-24.sql --> ftp3.ftptoyoursite.com /web/content/SITE-TEST/administrator/components/com_admin/sql/updates/mysql 2.5.0-2011-12-24.sql
2012.09.04 10:44 B C:\inetpub\wwwroot\administrator\components\com_admin\sql\updates\mysql\2.5.0-2012-01-10.sql --> ftp3.ftptoyoursite.com /web/content/SITE-TEST/administrator/components/com_admin/sql/updates/mysql 2.5.0-2012-01-10.sql
2012.09.04 10:44 B C:\inetpub\wwwroot\administrator\components\com_admin\sql\updates\mysql\2.5.0-2012-01-14.sql --> ftp3.ftptoyoursite.com /web/content/SITE-TEST/administrator/components/com_admin/sql/updates/mysql 2.5.0-2012-01-14.sql
2012.09.04 10:44 B C:\inetpub\wwwroot\administrator\components\com_admin\sql\updates\mysql\2.5.1-2012-01-26.sql --> ftp3.ftptoyoursite.com /web/content/SITE-TEST/administrator/components/com_admin/sql/updates/mysql 2.5.1-2012-01-26.sql
2012.09.04 10:44 B C:\inetpub\wwwroot\administrator\components\com_admin\sql\updates\mysql\2.5.2-2012-03-05.sql --> ftp3.ftptoyoursite.com /web/content/SITE-TEST/administrator/components/com_admin/sql/updates/mysql 2.5.2-2012-03-05.sql
2012.09.04 10:44 B C:\inetpub\wwwroot\administrator\components\com_admin\sql\updates\mysql\2.5.3-2012-03-13.sql --> ftp3.ftptoyoursite.com /web/content/SITE-TEST/administrator/components/com_admin/sql/updates/mysql 2.5.3-2012-03-13.sql
2012.09.04 10:44 B C:\inetpub\wwwroot\administrator\components\com_admin\sql\updates\mysql\2.5.4-2012-03-18.sql --> ftp3.ftptoyoursite.com /web/content/SITE-TEST/administrator/components/com_admin/sql/updates/mysql 2.5.4-2012-03-18.sql
2012.09.04 10:44 B C:\inetpub\wwwroot\administrator\components\com_admin\sql\updates\mysql\2.5.4-2012-03-19.sql --> ftp3.ftptoyoursite.com /web/content/SITE-TEST/administrator/components/com_admin/sql/updates/mysql 2.5.4-2012-03-19.sql
2012.09.04 10:44 B C:\inetpub\wwwroot\administrator\components\com_admin\sql\updates\mysql\index.html --> ftp3.ftptoyoursite.com /web/content/SITE-TEST/administrator/components/com_admin/sql/updates/mysql index.html
2012.09.04 10:44 B C:\inetpub\wwwroot\administrator\components\com_admin\sql\updates\mysql\WS_FTP.LOG --> ftp3.ftptoyoursite.com /web/content/SITE-TEST/administrator/components/com_admin/sql/updates/mysql WS_FTP.LOG
2012.09.06 14:58 B C:\inetpub\wwwroot\administrator\components\com_admin\sql\updates\mysql\1.7.0-2011-06-06-2.sql --> ftp3.ftptoyoursite.com /web/content/SITEBACKUP_962012/administrator/components/com_admin/sql/updates/mysql 1.7.0-2011-06-06-2.sql
2012.09.06 14:58 B C:\inetpub\wwwroot\administrator\components\com_admin\sql\updates\mysql\1.7.0-2011-06-06.sql --> ftp3.ftptoyoursite.com /web/content/SITEBACKUP_962012/administrator/components/com_admin/sql/updates/mysql 1.7.0-2011-06-06.sql
2012.09.06 14:58 B C:\inetpub\wwwroot\administrator\components\com_admin\sql\updates\mysql\1.7.0.sql --> ftp3.ftptoyoursite.com /web/content/SITEBACKUP_962012/administrator/components/com_admin/sql/updates/mysql 1.7.0.sql
2012.09.06 14:58 B C:\inetpub\wwwroot\administrator\components\com_admin\sql\updates\mysql\1.7.1-2011-09-15-2.sql --> ftp3.ftptoyoursite.com /web/content/SITEBACKUP_962012/administrator/components/com_admin/sql/updates/mysql 1.7.1-2011-09-15-2.sql
2012.09.06 14:58 B C:\inetpub\wwwroot\administrator\components\com_admin\sql\updates\mysql\1.7.1-2011-09-15-3.sql --> ftp3.ftptoyoursite.com /web/content/SITEBACKUP_962012/administrator/components/com_admin/sql/updates/mysql 1.7.1-2011-09-15-3.sql
2012.09.06 14:58 B C:\inetpub\wwwroot\administrator\components\com_admin\sql\updates\mysql\1.7.1-2011-09-15-4.sql --> ftp3.ftptoyoursite.com /web/content/SITEBACKUP_962012/administrator/components/com_admin/sql/updates/mysql 1.7.1-2011-09-15-4.sql
2012.09.06 14:58 B C:\inetpub\wwwroot\administrator\components\com_admin\sql\updates\mysql\1.7.1-2011-09-15.sql --> ftp3.ftptoyoursite.com /web/content/SITEBACKUP_962012/administrator/components/com_admin/sql/updates/mysql 1.7.1-2011-09-15.sql
2012.09.06 14:58 B C:\inetpub\wwwroot\administrator\components\com_admin\sql\updates\mysql\1.7.1-2011-09-17.sql --> ftp3.ftptoyoursite.com /web/content/SITEBACKUP_962012/administrator/components/com_admin/sql/updates/mysql 1.7.1-2011-09-17.sql
2012.09.06 14:58 B C:\inetpub\wwwroot\administrator\components\com_admin\sql\updates\mysql\1.7.1-2011-09-20.sql --> ftp3.ftptoyoursite.com /web/content/SITEBACKUP_962012/administrator/components/com_admin/sql/updates/mysql 1.7.1-2011-09-20.sql
2012.09.06 14:58 B C:\inetpub\wwwroot\administrator\components\com_admin\sql\updates\mysql\1.7.3-2011-10-15.sql --> ftp3.ftptoyoursite.com /web/content/SITEBACKUP_962012/administrator/components/com_admin/sql/updates/mysql 1.7.3-2011-10-15.sql
2012.09.06 14:58 B C:\inetpub\wwwroot\administrator\components\com_admin\sql\updates\mysql\1.7.3-2011-10-19.sql --> ftp3.ftptoyoursite.com /web/content/SITEBACKUP_962012/administrator/components/com_admin/sql/updates/mysql 1.7.3-2011-10-19.sql
2012.09.06 14:58 B C:\inetpub\wwwroot\administrator\components\com_admin\sql\updates\mysql\1.7.3-2011-11-10.sql --> ftp3.ftptoyoursite.com /web/content/SITEBACKUP_962012/administrator/components/com_admin/sql/updates/mysql 1.7.3-2011-11-10.sql
2012.09.06 14:58 B C:\inetpub\wwwroot\administrator\components\com_admin\sql\updates\mysql\1.7.4-2011-11-19.sql --> ftp3.ftptoyoursite.com /web/content/SITEBACKUP_962012/administrator/components/com_admin/sql/updates/mysql 1.7.4-2011-11-19.sql
2012.09.06 14:58 B C:\inetpub\wwwroot\administrator\components\com_admin\sql\updates\mysql\1.7.4-2011-11-23.sql --> ftp3.ftptoyoursite.com /web/content/SITEBACKUP_962012/administrator/components/com_admin/sql/updates/mysql 1.7.4-2011-11-23.sql
2012.09.06 14:58 B C:\inetpub\wwwroot\administrator\components\com_admin\sql\updates\mysql\1.7.4-2011-12-12.sql --> ftp3.ftptoyoursite.com /web/content/SITEBACKUP_962012/administrator/components/com_admin/sql/updates/mysql 1.7.4-2011-12-12.sql
2012.09.06 14:58 B C:\inetpub\wwwroot\administrator\components\com_admin\sql\updates\mysql\2.5.0-2011-12-06.sql --> ftp3.ftptoyoursite.com /web/content/SITEBACKUP_962012/administrator/components/com_admin/sql/updates/mysql 2.5.0-2011-12-06.sql
2012.09.06 14:58 B C:\inetpub\wwwroot\administrator\components\com_admin\sql\updates\mysql\2.5.0-2011-12-16.sql --> ftp3.ftptoyoursite.com /web/content/SITEBACKUP_962012/administrator/components/com_admin/sql/updates/mysql 2.5.0-2011-12-16.sql
2012.09.06 14:58 B C:\inetpub\wwwroot\administrator\components\com_admin\sql\updates\mysql\2.5.0-2011-12-19.sql --> ftp3.ftptoyoursite.com /web/content/SITEBACKUP_962012/administrator/components/com_admin/sql/updates/mysql 2.5.0-2011-12-19.sql
2012.09.06 14:58 B C:\inetpub\wwwroot\administrator\components\com_admin\sql\updates\mysql\2.5.0-2011-12-20.sql --> ftp3.ftptoyoursite.com /web/content/SITEBACKUP_962012/administrator/components/com_admin/sql/updates/mysql 2.5.0-2011-12-20.sql
2012.09.06 14:58 B C:\inetpub\wwwroot\administrator\components\com_admin\sql\updates\mysql\2.5.0-2011-12-21-1.sql --> ftp3.ftptoyoursite.com /web/content/SITEBACKUP_962012/administrator/components/com_admin/sql/updates/mysql 2.5.0-2011-12-21-1.sql
2012.09.06 14:58 B C:\inetpub\wwwroot\administrator\components\com_admin\sql\updates\mysql\2.5.0-2011-12-21-2.sql --> ftp3.ftptoyoursite.com /web/content/SITEBACKUP_962012/administrator/components/com_admin/sql/updates/mysql 2.5.0-2011-12-21-2.sql
2012.09.06 14:58 B C:\inetpub\wwwroot\administrator\components\com_admin\sql\updates\mysql\2.5.0-2011-12-22.sql --> ftp3.ftptoyoursite.com /web/content/SITEBACKUP_962012/administrator/components/com_admin/sql/updates/mysql 2.5.0-2011-12-22.sql
2012.09.06 14:58 B C:\inetpub\wwwroot\administrator\components\com_admin\sql\updates\mysql\2.5.0-2011-12-23.sql --> ftp3.ftptoyoursite.com /web/content/SITEBACKUP_962012/administrator/components/com_admin/sql/updates/mysql 2.5.0-2011-12-23.sql
2012.09.06 14:58 B C:\inetpub\wwwroot\administrator\components\com_admin\sql\updates\mysql\2.5.0-2011-12-24.sql --> ftp3.ftptoyoursite.com /web/content/SITEBACKUP_962012/administrator/components/com_admin/sql/updates/mysql 2.5.0-2011-12-24.sql
2012.09.06 14:58 B C:\inetpub\wwwroot\administrator\components\com_admin\sql\updates\mysql\2.5.0-2012-01-10.sql --> ftp3.ftptoyoursite.com /web/content/SITEBACKUP_962012/administrator/components/com_admin/sql/updates/mysql 2.5.0-2012-01-10.sql
2012.09.06 14:58 B C:\inetpub\wwwroot\administrator\components\com_admin\sql\updates\mysql\2.5.0-2012-01-14.sql --> ftp3.ftptoyoursite.com /web/content/SITEBACKUP_962012/administrator/components/com_admin/sql/updates/mysql 2.5.0-2012-01-14.sql
2012.09.06 14:58 B C:\inetpub\wwwroot\administrator\components\com_admin\sql\updates\mysql\2.5.1-2012-01-26.sql --> ftp3.ftptoyoursite.com /web/content/SITEBACKUP_962012/administrator/components/com_admin/sql/updates/mysql 2.5.1-2012-01-26.sql
2012.09.06 14:58 B C:\inetpub\wwwroot\administrator\components\com_admin\sql\updates\mysql\2.5.2-2012-03-05.sql --> ftp3.ftptoyoursite.com /web/content/SITEBACKUP_962012/administrator/components/com_admin/sql/updates/mysql 2.5.2-2012-03-05.sql
2012.09.06 14:58 B C:\inetpub\wwwroot\administrator\components\com_admin\sql\updates\mysql\2.5.3-2012-03-13.sql --> ftp3.ftptoyoursite.com /web/content/SITEBACKUP_962012/administrator/components/com_admin/sql/updates/mysql 2.5.3-2012-03-13.sql
2012.09.06 14:58 B C:\inetpub\wwwroot\administrator\components\com_admin\sql\updates\mysql\2.5.4-2012-03-18.sql --> ftp3.ftptoyoursite.com /web/content/SITEBACKUP_962012/administrator/components/com_admin/sql/updates/mysql 2.5.4-2012-03-18.sql
2012.09.06 14:58 B C:\inetpub\wwwroot\administrator\components\com_admin\sql\updates\mysql\2.5.4-2012-03-19.sql --> ftp3.ftptoyoursite.com /web/content/SITEBACKUP_962012/administrator/components/com_admin/sql/updates/mysql 2.5.4-2012-03-19.sql
2012.09.06 14:58 B C:\inetpub\wwwroot\administrator\components\com_admin\sql\updates\mysql\index.html --> ftp3.ftptoyoursite.com /web/content/SITEBACKUP_962012/administrator/components/com_admin/sql/updates/mysql index.html
2012.09.06 14:58 B C:\inetpub\wwwroot\administrator\components\com_admin\sql\updates\mysql\WS_FTP.LOG --> ftp3.ftptoyoursite.com /web/content/SITEBACKUP_962012/administrator/components/com_admin/sql/updates/mysql WS_FTP.LOG
2012.09.06 15:20 B C:\inetpub\wwwroot\administrator\components\com_admin\sql\updates\mysql\1.7.0-2011-06-06-2.sql <-- Schubert Rackspace /web/content/administrator/components/com_admin/sql/updates/mysql 1.7.0-2011-06-06-2.sql
2012.09.06 15:20 B C:\inetpub\wwwroot\administrator\components\com_admin\sql\updates\mysql\1.7.0-2011-06-06.sql <-- Schubert Rackspace /web/content/administrator/components/com_admin/sql/updates/mysql 1.7.0-2011-06-06.sql
2012.09.06 15:20 B C:\inetpub\wwwroot\administrator\components\com_admin\sql\updates\mysql\1.7.1-2011-09-15-2.sql <-- Schubert Rackspace /web/content/administrator/components/com_admin/sql/updates/mysql 1.7.1-2011-09-15-2.sql
2012.09.06 15:20 B C:\inetpub\wwwroot\administrator\components\com_admin\sql\updates\mysql\1.7.1-2011-09-15-3.sql <-- Schubert Rackspace /web/content/administrator/components/com_admin/sql/updates/mysql 1.7.1-2011-09-15-3.sql
2012.09.06 15:20 B C:\inetpub\wwwroot\administrator\components\com_admin\sql\updates\mysql\1.7.1-2011-09-15-4.sql <-- Schubert Rackspace /web/content/administrator/components/com_admin/sql/updates/mysql 1.7.1-2011-09-15-4.sql
2012.09.06 15:20 B C:\inetpub\wwwroot\administrator\components\com_admin\sql\updates\mysql\1.7.1-2011-09-15.sql <-- Schubert Rackspace /web/content/administrator/components/com_admin/sql/updates/mysql 1.7.1-2011-09-15.sql
2012.09.06 15:20 B C:\inetpub\wwwroot\administrator\components\com_admin\sql\updates\mysql\1.7.1-2011-09-17.sql <-- Schubert Rackspace /web/content/administrator/components/com_admin/sql/updates/mysql 1.7.1-2011-09-17.sql
2012.09.06 15:20 B C:\inetpub\wwwroot\administrator\components\com_admin\sql\updates\mysql\1.7.1-2011-09-20.sql <-- Schubert Rackspace /web/content/administrator/components/com_admin/sql/updates/mysql 1.7.1-2011-09-20.sql
2012.09.06 15:20 B C:\inetpub\wwwroot\administrator\components\com_admin\sql\updates\mysql\1.7.3-2011-10-15.sql <-- Schubert Rackspace /web/content/administrator/components/com_admin/sql/updates/mysql 1.7.3-2011-10-15.sql
2012.09.06 15:20 B C:\inetpub\wwwroot\administrator\components\com_admin\sql\updates\mysql\1.7.3-2011-10-19.sql <-- Schubert Rackspace /web/content/administrator/components/com_admin/sql/updates/mysql 1.7.3-2011-10-19.sql
2012.09.06 15:20 B C:\inetpub\wwwroot\administrator\components\com_admin\sql\updates\mysql\1.7.3-2011-11-10.sql <-- Schubert Rackspace /web/content/administrator/components/com_admin/sql/updates/mysql 1.7.3-2011-11-10.sql
2012.09.06 15:20 B C:\inetpub\wwwroot\administrator\components\com_admin\sql\updates\mysql\1.7.4-2011-11-19.sql <-- Schubert Rackspace /web/content/administrator/components/com_admin/sql/updates/mysql 1.7.4-2011-11-19.sql
2012.09.06 15:20 B C:\inetpub\wwwroot\administrator\components\com_admin\sql\updates\mysql\1.7.4-2011-11-23.sql <-- Schubert Rackspace /web/content/administrator/components/com_admin/sql/updates/mysql 1.7.4-2011-11-23.sql
2012.09.06 15:20 B C:\inetpub\wwwroot\administrator\components\com_admin\sql\updates\mysql\1.7.4-2011-12-12.sql <-- Schubert Rackspace /web/content/administrator/components/com_admin/sql/updates/mysql 1.7.4-2011-12-12.sql
2012.09.06 15:20 B C:\inetpub\wwwroot\administrator\components\com_admin\sql\updates\mysql\2.5.0-2011-12-06.sql <-- Schubert Rackspace /web/content/administrator/components/com_admin/sql/updates/mysql 2.5.0-2011-12-06.sql
2012.09.06 15:20 B C:\inetpub\wwwroot\administrator\components\com_admin\sql\updates\mysql\2.5.0-2011-12-16.sql <-- Schubert Rackspace /web/content/administrator/components/com_admin/sql/updates/mysql 2.5.0-2011-12-16.sql
2012.09.06 15:20 B C:\inetpub\wwwroot\administrator\components\com_admin\sql\updates\mysql\2.5.0-2011-12-19.sql <-- Schubert Rackspace /web/content/administrator/components/com_admin/sql/updates/mysql 2.5.0-2011-12-19.sql
2012.09.06 15:20 B C:\inetpub\wwwroot\administrator\components\com_admin\sql\updates\mysql\2.5.0-2011-12-20.sql <-- Schubert Rackspace /web/content/administrator/components/com_admin/sql/updates/mysql 2.5.0-2011-12-20.sql
2012.09.06 15:20 B C:\inetpub\wwwroot\administrator\components\com_admin\sql\updates\mysql\2.5.0-2011-12-21-1.sql <-- Schubert Rackspace /web/content/administrator/components/com_admin/sql/updates/mysql 2.5.0-2011-12-21-1.sql
2012.09.06 15:20 B C:\inetpub\wwwroot\administrator\components\com_admin\sql\updates\mysql\2.5.0-2011-12-21-2.sql <-- Schubert Rackspace /web/content/administrator/components/com_admin/sql/updates/mysql 2.5.0-2011-12-21-2.sql
2012.09.06 15:20 B C:\inetpub\wwwroot\administrator\components\com_admin\sql\updates\mysql\2.5.0-2011-12-22.sql <-- Schubert Rackspace /web/content/administrator/components/com_admin/sql/updates/mysql 2.5.0-2011-12-22.sql
2012.09.06 15:20 B C:\inetpub\wwwroot\administrator\components\com_admin\sql\updates\mysql\2.5.0-2011-12-23.sql <-- Schubert Rackspace /web/content/administrator/components/com_admin/sql/updates/mysql 2.5.0-2011-12-23.sql
2012.09.06 15:20 B C:\inetpub\wwwroot\administrator\components\com_admin\sql\updates\mysql\2.5.0-2011-12-24.sql <-- Schubert Rackspace /web/content/administrator/components/com_admin/sql/updates/mysql 2.5.0-2011-12-24.sql
2012.09.06 15:20 B C:\inetpub\wwwroot\administrator\components\com_admin\sql\updates\mysql\2.5.0-2012-01-10.sql <-- Schubert Rackspace /web/content/administrator/components/com_admin/sql/updates/mysql 2.5.0-2012-01-10.sql
2012.09.06 15:20 B C:\inetpub\wwwroot\administrator\components\com_admin\sql\updates\mysql\2.5.0-2012-01-14.sql <-- Schubert Rackspace /web/content/administrator/components/com_admin/sql/updates/mysql 2.5.0-2012-01-14.sql
2012.09.06 15:20 B C:\inetpub\wwwroot\administrator\components\com_admin\sql\updates\mysql\2.5.1-2012-01-26.sql <-- Schubert Rackspace /web/content/administrator/components/com_admin/sql/updates/mysql 2.5.1-2012-01-26.sql
2012.09.06 15:20 B C:\inetpub\wwwroot\administrator\components\com_admin\sql\updates\mysql\2.5.2-2012-03-05.sql <-- Schubert Rackspace /web/content/administrator/components/com_admin/sql/updates/mysql 2.5.2-2012-03-05.sql
2012.09.06 15:20 B C:\inetpub\wwwroot\administrator\components\com_admin\sql\updates\mysql\2.5.3-2012-03-13.sql <-- Schubert Rackspace /web/content/administrator/components/com_admin/sql/updates/mysql 2.5.3-2012-03-13.sql
2012.09.06 15:20 B C:\inetpub\wwwroot\administrator\components\com_admin\sql\updates\mysql\2.5.4-2012-03-18.sql <-- Schubert Rackspace /web/content/administrator/components/com_admin/sql/updates/mysql 2.5.4-2012-03-18.sql
2012.09.06 15:20 B C:\inetpub\wwwroot\administrator\components\com_admin\sql\updates\mysql\2.5.4-2012-03-19.sql <-- Schubert Rackspace /web/content/administrator/components/com_admin/sql/updates/mysql 2.5.4-2012-03-19.sql
2012.09.06 15:20 B C:\inetpub\wwwroot\administrator\components\com_admin\sql\updates\mysql\2.5.5.sql <-- Schubert Rackspace /web/content/administrator/components/com_admin/sql/updates/mysql 2.5.5.sql
2012.09.06 15:20 B C:\inetpub\wwwroot\administrator\components\com_admin\sql\updates\mysql\2.5.6.sql <-- Schubert Rackspace /web/content/administrator/components/com_admin/sql/updates/mysql 2.5.6.sql
2012.09.06 15:20 B C:\inetpub\wwwroot\administrator\components\com_admin\sql\updates\mysql\index.html <-- Schubert Rackspace /web/content/administrator/components/com_admin/sql/updates/mysql index.html
2012.09.06 15:43 B C:\inetpub\wwwroot\administrator\components\com_admin\sql\updates\mysql\1.7.0-2011-06-06-2.sql <-- Schubert Rackspace /web/content/SITEBACKUP_962012/administrator/components/com_admin/sql/updates/mysql 1.7.0-2011-06-06-2.sql
2012.09.06 15:43 B C:\inetpub\wwwroot\administrator\components\com_admin\sql\updates\mysql\1.7.0-2011-06-06.sql <-- Schubert Rackspace /web/content/SITEBACKUP_962012/administrator/components/com_admin/sql/updates/mysql 1.7.0-2011-06-06.sql
2012.09.06 15:43 B C:\inetpub\wwwroot\administrator\components\com_admin\sql\updates\mysql\1.7.1-2011-09-15-2.sql <-- Schubert Rackspace /web/content/SITEBACKUP_962012/administrator/components/com_admin/sql/updates/mysql 1.7.1-2011-09-15-2.sql
2012.09.06 15:43 B C:\inetpub\wwwroot\administrator\components\com_admin\sql\updates\mysql\1.7.1-2011-09-15-3.sql <-- Schubert Rackspace /web/content/SITEBACKUP_962012/administrator/components/com_admin/sql/updates/mysql 1.7.1-2011-09-15-3.sql
2012.09.06 15:43 B C:\inetpub\wwwroot\administrator\components\com_admin\sql\updates\mysql\1.7.1-2011-09-15-4.sql <-- Schubert Rackspace /web/content/SITEBACKUP_962012/administrator/components/com_admin/sql/updates/mysql 1.7.1-2011-09-15-4.sql
2012.09.06 15:43 B C:\inetpub\wwwroot\administrator\components\com_admin\sql\updates\mysql\1.7.1-2011-09-15.sql <-- Schubert Rackspace /web/content/SITEBACKUP_962012/administrator/components/com_admin/sql/updates/mysql 1.7.1-2011-09-15.sql
2012.09.06 15:43 B C:\inetpub\wwwroot\administrator\components\com_admin\sql\updates\mysql\1.7.1-2011-09-17.sql <-- Schubert Rackspace /web/content/SITEBACKUP_962012/administrator/components/com_admin/sql/updates/mysql 1.7.1-2011-09-17.sql
2012.09.06 15:43 B C:\inetpub\wwwroot\administrator\components\com_admin\sql\updates\mysql\1.7.1-2011-09-20.sql <-- Schubert Rackspace /web/content/SITEBACKUP_962012/administrator/components/com_admin/sql/updates/mysql 1.7.1-2011-09-20.sql
2012.09.06 15:43 B C:\inetpub\wwwroot\administrator\components\com_admin\sql\updates\mysql\1.7.3-2011-10-15.sql <-- Schubert Rackspace /web/content/SITEBACKUP_962012/administrator/components/com_admin/sql/updates/mysql 1.7.3-2011-10-15.sql
2012.09.06 15:43 B C:\inetpub\wwwroot\administrator\components\com_admin\sql\updates\mysql\1.7.3-2011-10-19.sql <-- Schubert Rackspace /web/content/SITEBACKUP_962012/administrator/components/com_admin/sql/updates/mysql 1.7.3-2011-10-19.sql
2012.09.06 15:43 B C:\inetpub\wwwroot\administrator\components\com_admin\sql\updates\mysql\1.7.3-2011-11-10.sql <-- Schubert Rackspace /web/content/SITEBACKUP_962012/administrator/components/com_admin/sql/updates/mysql 1.7.3-2011-11-10.sql
2012.09.06 15:43 B C:\inetpub\wwwroot\administrator\components\com_admin\sql\updates\mysql\1.7.4-2011-11-19.sql <-- Schubert Rackspace /web/content/SITEBACKUP_962012/administrator/components/com_admin/sql/updates/mysql 1.7.4-2011-11-19.sql
2012.09.06 15:43 B C:\inetpub\wwwroot\administrator\components\com_admin\sql\updates\mysql\1.7.4-2011-11-23.sql <-- Schubert Rackspace /web/content/SITEBACKUP_962012/administrator/components/com_admin/sql/updates/mysql 1.7.4-2011-11-23.sql
2012.09.06 15:43 B C:\inetpub\wwwroot\administrator\components\com_admin\sql\updates\mysql\1.7.4-2011-12-12.sql <-- Schubert Rackspace /web/content/SITEBACKUP_962012/administrator/components/com_admin/sql/updates/mysql 1.7.4-2011-12-12.sql
2012.09.06 15:43 B C:\inetpub\wwwroot\administrator\components\com_admin\sql\updates\mysql\2.5.0-2011-12-06.sql <-- Schubert Rackspace /web/content/SITEBACKUP_962012/administrator/components/com_admin/sql/updates/mysql 2.5.0-2011-12-06.sql
2012.09.06 15:43 B C:\inetpub\wwwroot\administrator\components\com_admin\sql\updates\mysql\2.5.0-2011-12-16.sql <-- Schubert Rackspace /web/content/SITEBACKUP_962012/administrator/components/com_admin/sql/updates/mysql 2.5.0-2011-12-16.sql
2012.09.06 15:43 B C:\inetpub\wwwroot\administrator\components\com_admin\sql\updates\mysql\2.5.0-2011-12-19.sql <-- Schubert Rackspace /web/content/SITEBACKUP_962012/administrator/components/com_admin/sql/updates/mysql 2.5.0-2011-12-19.sql
2012.09.06 15:43 B C:\inetpub\wwwroot\administrator\components\com_admin\sql\updates\mysql\2.5.0-2011-12-20.sql <-- Schubert Rackspace /web/content/SITEBACKUP_962012/administrator/components/com_admin/sql/updates/mysql 2.5.0-2011-12-20.sql
2012.09.06 15:43 B C:\inetpub\wwwroot\administrator\components\com_admin\sql\updates\mysql\2.5.0-2011-12-21-1.sql <-- Schubert Rackspace /web/content/SITEBACKUP_962012/administrator/components/com_admin/sql/updates/mysql 2.5.0-2011-12-21-1.sql
2012.09.06 15:43 B C:\inetpub\wwwroot\administrator\components\com_admin\sql\updates\mysql\2.5.0-2011-12-21-2.sql <-- Schubert Rackspace /web/content/SITEBACKUP_962012/administrator/components/com_admin/sql/updates/mysql 2.5.0-2011-12-21-2.sql
2012.09.06 15:43 B C:\inetpub\wwwroot\administrator\components\com_admin\sql\updates\mysql\2.5.0-2011-12-22.sql <-- Schubert Rackspace /web/content/SITEBACKUP_962012/administrator/components/com_admin/sql/updates/mysql 2.5.0-2011-12-22.sql
2012.09.06 15:43 B C:\inetpub\wwwroot\administrator\components\com_admin\sql\updates\mysql\2.5.0-2011-12-23.sql <-- Schubert Rackspace /web/content/SITEBACKUP_962012/administrator/components/com_admin/sql/updates/mysql 2.5.0-2011-12-23.sql
2012.09.06 15:43 B C:\inetpub\wwwroot\administrator\components\com_admin\sql\updates\mysql\2.5.0-2011-12-24.sql <-- Schubert Rackspace /web/content/SITEBACKUP_962012/administrator/components/com_admin/sql/updates/mysql 2.5.0-2011-12-24.sql
2012.09.06 15:43 B C:\inetpub\wwwroot\administrator\components\com_admin\sql\updates\mysql\2.5.0-2012-01-10.sql <-- Schubert Rackspace /web/content/SITEBACKUP_962012/administrator/components/com_admin/sql/updates/mysql 2.5.0-2012-01-10.sql
2012.09.06 15:43 B C:\inetpub\wwwroot\administrator\components\com_admin\sql\updates\mysql\2.5.0-2012-01-14.sql <-- Schubert Rackspace /web/content/SITEBACKUP_962012/administrator/components/com_admin/sql/updates/mysql 2.5.0-2012-01-14.sql
2012.09.06 15:43 B C:\inetpub\wwwroot\administrator\components\com_admin\sql\updates\mysql\2.5.1-2012-01-26.sql <-- Schubert Rackspace /web/content/SITEBACKUP_962012/administrator/components/com_admin/sql/updates/mysql 2.5.1-2012-01-26.sql
2012.09.06 15:43 B C:\inetpub\wwwroot\administrator\components\com_admin\sql\updates\mysql\2.5.2-2012-03-05.sql <-- Schubert Rackspace /web/content/SITEBACKUP_962012/administrator/components/com_admin/sql/updates/mysql 2.5.2-2012-03-05.sql
2012.09.06 15:43 B C:\inetpub\wwwroot\administrator\components\com_admin\sql\updates\mysql\2.5.3-2012-03-13.sql <-- Schubert Rackspace /web/content/SITEBACKUP_962012/administrator/components/com_admin/sql/updates/mysql 2.5.3-2012-03-13.sql
2012.09.06 15:43 B C:\inetpub\wwwroot\administrator\components\com_admin\sql\updates\mysql\2.5.4-2012-03-18.sql <-- Schubert Rackspace /web/content/SITEBACKUP_962012/administrator/components/com_admin/sql/updates/mysql 2.5.4-2012-03-18.sql
2012.09.06 15:43 B C:\inetpub\wwwroot\administrator\components\com_admin\sql\updates\mysql\2.5.4-2012-03-19.sql <-- Schubert Rackspace /web/content/SITEBACKUP_962012/administrator/components/com_admin/sql/updates/mysql 2.5.4-2012-03-19.sql
2012.09.06 15:43 B C:\inetpub\wwwroot\administrator\components\com_admin\sql\updates\mysql\index.html <-- Schubert Rackspace /web/content/SITEBACKUP_962012/administrator/components/com_admin/sql/updates/mysql index.html
2012.10.23 09:03 B C:\inetpub\wwwroot\administrator\components\com_admin\sql\updates\mysql\1.7.0-2011-06-06-2.sql --> ftp3.ftptoyoursite.com /web/content/administrator/components/com_admin/sql/updates/mysql 1.7.0-2011-06-06-2.sql
2012.10.23 09:03 B C:\inetpub\wwwroot\administrator\components\com_admin\sql\updates\mysql\1.7.0-2011-06-06.sql --> ftp3.ftptoyoursite.com /web/content/administrator/components/com_admin/sql/updates/mysql 1.7.0-2011-06-06.sql
2012.10.23 09:03 B C:\inetpub\wwwroot\administrator\components\com_admin\sql\updates\mysql\1.7.0.sql --> ftp3.ftptoyoursite.com /web/content/administrator/components/com_admin/sql/updates/mysql 1.7.0.sql
2012.10.23 09:03 B C:\inetpub\wwwroot\administrator\components\com_admin\sql\updates\mysql\1.7.1-2011-09-15-2.sql --> ftp3.ftptoyoursite.com /web/content/administrator/components/com_admin/sql/updates/mysql 1.7.1-2011-09-15-2.sql
2012.10.23 09:03 B C:\inetpub\wwwroot\administrator\components\com_admin\sql\updates\mysql\1.7.1-2011-09-15-3.sql --> ftp3.ftptoyoursite.com /web/content/administrator/components/com_admin/sql/updates/mysql 1.7.1-2011-09-15-3.sql
2012.10.23 09:03 B C:\inetpub\wwwroot\administrator\components\com_admin\sql\updates\mysql\1.7.1-2011-09-15-4.sql --> ftp3.ftptoyoursite.com /web/content/administrator/components/com_admin/sql/updates/mysql 1.7.1-2011-09-15-4.sql
2012.10.23 09:03 B C:\inetpub\wwwroot\administrator\components\com_admin\sql\updates\mysql\1.7.1-2011-09-15.sql --> ftp3.ftptoyoursite.com /web/content/administrator/components/com_admin/sql/updates/mysql 1.7.1-2011-09-15.sql
2012.10.23 09:03 B C:\inetpub\wwwroot\administrator\components\com_admin\sql\updates\mysql\1.7.1-2011-09-17.sql --> ftp3.ftptoyoursite.com /web/content/administrator/components/com_admin/sql/updates/mysql 1.7.1-2011-09-17.sql
2012.10.23 09:03 B C:\inetpub\wwwroot\administrator\components\com_admin\sql\updates\mysql\1.7.1-2011-09-20.sql --> ftp3.ftptoyoursite.com /web/content/administrator/components/com_admin/sql/updates/mysql 1.7.1-2011-09-20.sql
2012.10.23 09:03 B C:\inetpub\wwwroot\administrator\components\com_admin\sql\updates\mysql\1.7.3-2011-10-15.sql --> ftp3.ftptoyoursite.com /web/content/administrator/components/com_admin/sql/updates/mysql 1.7.3-2011-10-15.sql
2012.10.23 09:03 B C:\inetpub\wwwroot\administrator\components\com_admin\sql\updates\mysql\1.7.3-2011-10-19.sql --> ftp3.ftptoyoursite.com /web/content/administrator/components/com_admin/sql/updates/mysql 1.7.3-2011-10-19.sql
2012.10.23 09:03 B C:\inetpub\wwwroot\administrator\components\com_admin\sql\updates\mysql\1.7.3-2011-11-10.sql --> ftp3.ftptoyoursite.com /web/content/administrator/components/com_admin/sql/updates/mysql 1.7.3-2011-11-10.sql
2012.10.23 09:03 B C:\inetpub\wwwroot\administrator\components\com_admin\sql\updates\mysql\1.7.4-2011-11-19.sql --> ftp3.ftptoyoursite.com /web/content/administrator/components/com_admin/sql/updates/mysql 1.7.4-2011-11-19.sql
2012.10.23 09:03 B C:\inetpub\wwwroot\administrator\components\com_admin\sql\updates\mysql\1.7.4-2011-11-23.sql --> ftp3.ftptoyoursite.com /web/content/administrator/components/com_admin/sql/updates/mysql 1.7.4-2011-11-23.sql
2012.10.23 09:03 B C:\inetpub\wwwroot\administrator\components\com_admin\sql\updates\mysql\1.7.4-2011-12-12.sql --> ftp3.ftptoyoursite.com /web/content/administrator/components/com_admin/sql/updates/mysql 1.7.4-2011-12-12.sql
2012.10.23 09:03 B C:\inetpub\wwwroot\administrator\components\com_admin\sql\updates\mysql\2.5.0-2011-12-06.sql --> ftp3.ftptoyoursite.com /web/content/administrator/components/com_admin/sql/updates/mysql 2.5.0-2011-12-06.sql
2012.10.23 09:03 B C:\inetpub\wwwroot\administrator\components\com_admin\sql\updates\mysql\2.5.0-2011-12-16.sql --> ftp3.ftptoyoursite.com /web/content/administrator/components/com_admin/sql/updates/mysql 2.5.0-2011-12-16.sql
2012.10.23 09:03 B C:\inetpub\wwwroot\administrator\components\com_admin\sql\updates\mysql\2.5.0-2011-12-19.sql --> ftp3.ftptoyoursite.com /web/content/administrator/components/com_admin/sql/updates/mysql 2.5.0-2011-12-19.sql
2012.10.23 09:03 B C:\inetpub\wwwroot\administrator\components\com_admin\sql\updates\mysql\2.5.0-2011-12-20.sql --> ftp3.ftptoyoursite.com /web/content/administrator/components/com_admin/sql/updates/mysql 2.5.0-2011-12-20.sql
2012.10.23 09:03 B C:\inetpub\wwwroot\administrator\components\com_admin\sql\updates\mysql\2.5.0-2011-12-21-1.sql --> ftp3.ftptoyoursite.com /web/content/administrator/components/com_admin/sql/updates/mysql 2.5.0-2011-12-21-1.sql
2012.10.23 09:03 B C:\inetpub\wwwroot\administrator\components\com_admin\sql\updates\mysql\2.5.0-2011-12-21-2.sql --> ftp3.ftptoyoursite.com /web/content/administrator/components/com_admin/sql/updates/mysql 2.5.0-2011-12-21-2.sql
2012.10.23 09:03 B C:\inetpub\wwwroot\administrator\components\com_admin\sql\updates\mysql\2.5.0-2011-12-22.sql --> ftp3.ftptoyoursite.com /web/content/administrator/components/com_admin/sql/updates/mysql 2.5.0-2011-12-22.sql
2012.10.23 09:03 B C:\inetpub\wwwroot\administrator\components\com_admin\sql\updates\mysql\2.5.0-2011-12-23.sql --> ftp3.ftptoyoursite.com /web/content/administrator/components/com_admin/sql/updates/mysql 2.5.0-2011-12-23.sql
2012.10.23 09:03 B C:\inetpub\wwwroot\administrator\components\com_admin\sql\updates\mysql\2.5.0-2011-12-24.sql --> ftp3.ftptoyoursite.com /web/content/administrator/components/com_admin/sql/updates/mysql 2.5.0-2011-12-24.sql
2012.10.23 09:03 B C:\inetpub\wwwroot\administrator\components\com_admin\sql\updates\mysql\2.5.0-2012-01-10.sql --> ftp3.ftptoyoursite.com /web/content/administrator/components/com_admin/sql/updates/mysql 2.5.0-2012-01-10.sql
2012.10.23 09:03 B C:\inetpub\wwwroot\administrator\components\com_admin\sql\updates\mysql\2.5.0-2012-01-14.sql --> ftp3.ftptoyoursite.com /web/content/administrator/components/com_admin/sql/updates/mysql 2.5.0-2012-01-14.sql
2012.10.23 09:03 B C:\inetpub\wwwroot\administrator\components\com_admin\sql\updates\mysql\2.5.1-2012-01-26.sql --> ftp3.ftptoyoursite.com /web/content/administrator/components/com_admin/sql/updates/mysql 2.5.1-2012-01-26.sql
2012.10.23 09:03 B C:\inetpub\wwwroot\administrator\components\com_admin\sql\updates\mysql\2.5.2-2012-03-05.sql --> ftp3.ftptoyoursite.com /web/content/administrator/components/com_admin/sql/updates/mysql 2.5.2-2012-03-05.sql
2012.10.23 09:03 B C:\inetpub\wwwroot\administrator\components\com_admin\sql\updates\mysql\2.5.3-2012-03-13.sql --> ftp3.ftptoyoursite.com /web/content/administrator/components/com_admin/sql/updates/mysql 2.5.3-2012-03-13.sql
2012.10.23 09:03 B C:\inetpub\wwwroot\administrator\components\com_admin\sql\updates\mysql\2.5.4-2012-03-18.sql --> ftp3.ftptoyoursite.com /web/content/administrator/components/com_admin/sql/updates/mysql 2.5.4-2012-03-18.sql
2012.10.23 09:03 B C:\inetpub\wwwroot\administrator\components\com_admin\sql\updates\mysql\2.5.4-2012-03-19.sql --> ftp3.ftptoyoursite.com /web/content/administrator/components/com_admin/sql/updates/mysql 2.5.4-2012-03-19.sql
2012.10.23 09:03 B C:\inetpub\wwwroot\administrator\components\com_admin\sql\updates\mysql\2.5.5.sql --> ftp3.ftptoyoursite.com /web/content/administrator/components/com_admin/sql/updates/mysql 2.5.5.sql
2012.10.23 09:03 B C:\inetpub\wwwroot\administrator\components\com_admin\sql\updates\mysql\2.5.6.sql --> ftp3.ftptoyoursite.com /web/content/administrator/components/com_admin/sql/updates/mysql 2.5.6.sql
2012.10.23 09:03 B C:\inetpub\wwwroot\administrator\components\com_admin\sql\updates\mysql\index.html --> ftp3.ftptoyoursite.com /web/content/administrator/components/com_admin/sql/updates/mysql index.html
2012.10.23 09:03 B C:\inetpub\wwwroot\administrator\components\com_admin\sql\updates\mysql\WS_FTP.LOG --> ftp3.ftptoyoursite.com /web/content/administrator/components/com_admin/sql/updates/mysql WS_FTP.LOG
2013.02.01 14:39 B C:\inetpub\wwwroot\administrator\components\com_admin\sql\updates\mysql\WS_FTP.LOG <-- Schubert Rackspace /web/content/administrator/components/com_admin/sql/updates/mysql WS_FTP.LOG
