2012.07.25 12:15 B C:\Users\COBRIEN\Desktop\Schubert\components\com_jce\editor\tiny_mce\plugins\imgmanager\editor_plugin.js <-- Schubert Rackspace /web/content/components/com_jce/editor/tiny_mce/plugins/imgmanager editor_plugin.js
2012.07.25 12:15 B C:\Users\COBRIEN\Desktop\Schubert\components\com_jce\editor\tiny_mce\plugins\imgmanager\imgmanager.php <-- Schubert Rackspace /web/content/components/com_jce/editor/tiny_mce/plugins/imgmanager imgmanager.php
2012.07.25 12:15 B C:\Users\COBRIEN\Desktop\Schubert\components\com_jce\editor\tiny_mce\plugins\imgmanager\imgmanager.xml <-- Schubert Rackspace /web/content/components/com_jce/editor/tiny_mce/plugins/imgmanager imgmanager.xml
2012.07.25 12:15 B C:\Users\COBRIEN\Desktop\Schubert\components\com_jce\editor\tiny_mce\plugins\imgmanager\index.html <-- Schubert Rackspace /web/content/components/com_jce/editor/tiny_mce/plugins/imgmanager index.html
2012.09.04 10:51 B C:\inetpub\wwwroot\components\com_jce\editor\tiny_mce\plugins\imgmanager\editor_plugin.js --> ftp3.ftptoyoursite.com /web/content/SITE-TEST/components/com_jce/editor/tiny_mce/plugins/imgmanager editor_plugin.js
2012.09.04 10:51 B C:\inetpub\wwwroot\components\com_jce\editor\tiny_mce\plugins\imgmanager\imgmanager.php --> ftp3.ftptoyoursite.com /web/content/SITE-TEST/components/com_jce/editor/tiny_mce/plugins/imgmanager imgmanager.php
2012.09.04 10:51 B C:\inetpub\wwwroot\components\com_jce\editor\tiny_mce\plugins\imgmanager\imgmanager.xml --> ftp3.ftptoyoursite.com /web/content/SITE-TEST/components/com_jce/editor/tiny_mce/plugins/imgmanager imgmanager.xml
2012.09.04 10:51 B C:\inetpub\wwwroot\components\com_jce\editor\tiny_mce\plugins\imgmanager\index.html --> ftp3.ftptoyoursite.com /web/content/SITE-TEST/components/com_jce/editor/tiny_mce/plugins/imgmanager index.html
2012.09.04 10:51 B C:\inetpub\wwwroot\components\com_jce\editor\tiny_mce\plugins\imgmanager\WS_FTP.LOG --> ftp3.ftptoyoursite.com /web/content/SITE-TEST/components/com_jce/editor/tiny_mce/plugins/imgmanager WS_FTP.LOG
2012.09.06 15:08 B C:\inetpub\wwwroot\components\com_jce\editor\tiny_mce\plugins\imgmanager\editor_plugin.js --> ftp3.ftptoyoursite.com /web/content/SITEBACKUP_962012/components/com_jce/editor/tiny_mce/plugins/imgmanager editor_plugin.js
2012.09.06 15:08 B C:\inetpub\wwwroot\components\com_jce\editor\tiny_mce\plugins\imgmanager\imgmanager.php --> ftp3.ftptoyoursite.com /web/content/SITEBACKUP_962012/components/com_jce/editor/tiny_mce/plugins/imgmanager imgmanager.php
2012.09.06 15:08 B C:\inetpub\wwwroot\components\com_jce\editor\tiny_mce\plugins\imgmanager\imgmanager.xml --> ftp3.ftptoyoursite.com /web/content/SITEBACKUP_962012/components/com_jce/editor/tiny_mce/plugins/imgmanager imgmanager.xml
2012.09.06 15:08 B C:\inetpub\wwwroot\components\com_jce\editor\tiny_mce\plugins\imgmanager\index.html --> ftp3.ftptoyoursite.com /web/content/SITEBACKUP_962012/components/com_jce/editor/tiny_mce/plugins/imgmanager index.html
2012.09.06 15:08 B C:\inetpub\wwwroot\components\com_jce\editor\tiny_mce\plugins\imgmanager\WS_FTP.LOG --> ftp3.ftptoyoursite.com /web/content/SITEBACKUP_962012/components/com_jce/editor/tiny_mce/plugins/imgmanager WS_FTP.LOG
2012.09.06 15:49 B C:\inetpub\wwwroot\components\com_jce\editor\tiny_mce\plugins\imgmanager\editor_plugin.js <-- Schubert Rackspace /web/content/SITEBACKUP_962012/components/com_jce/editor/tiny_mce/plugins/imgmanager editor_plugin.js
2012.09.06 15:49 B C:\inetpub\wwwroot\components\com_jce\editor\tiny_mce\plugins\imgmanager\imgmanager.php <-- Schubert Rackspace /web/content/SITEBACKUP_962012/components/com_jce/editor/tiny_mce/plugins/imgmanager imgmanager.php
2012.09.06 15:49 B C:\inetpub\wwwroot\components\com_jce\editor\tiny_mce\plugins\imgmanager\imgmanager.xml <-- Schubert Rackspace /web/content/SITEBACKUP_962012/components/com_jce/editor/tiny_mce/plugins/imgmanager imgmanager.xml
2012.09.06 15:49 B C:\inetpub\wwwroot\components\com_jce\editor\tiny_mce\plugins\imgmanager\index.html <-- Schubert Rackspace /web/content/SITEBACKUP_962012/components/com_jce/editor/tiny_mce/plugins/imgmanager index.html
2012.10.23 09:12 B C:\inetpub\wwwroot\components\com_jce\editor\tiny_mce\plugins\imgmanager\editor_plugin.js --> ftp3.ftptoyoursite.com /web/content/components/com_jce/editor/tiny_mce/plugins/imgmanager editor_plugin.js
2012.10.23 09:12 B C:\inetpub\wwwroot\components\com_jce\editor\tiny_mce\plugins\imgmanager\imgmanager.php --> ftp3.ftptoyoursite.com /web/content/components/com_jce/editor/tiny_mce/plugins/imgmanager imgmanager.php
2012.10.23 09:12 B C:\inetpub\wwwroot\components\com_jce\editor\tiny_mce\plugins\imgmanager\imgmanager.xml --> ftp3.ftptoyoursite.com /web/content/components/com_jce/editor/tiny_mce/plugins/imgmanager imgmanager.xml
2012.10.23 09:12 B C:\inetpub\wwwroot\components\com_jce\editor\tiny_mce\plugins\imgmanager\index.html --> ftp3.ftptoyoursite.com /web/content/components/com_jce/editor/tiny_mce/plugins/imgmanager index.html
2012.10.23 09:12 B C:\inetpub\wwwroot\components\com_jce\editor\tiny_mce\plugins\imgmanager\WS_FTP.LOG --> ftp3.ftptoyoursite.com /web/content/components/com_jce/editor/tiny_mce/plugins/imgmanager WS_FTP.LOG
2013.02.01 14:48 B C:\inetpub\wwwroot\components\com_jce\editor\tiny_mce\plugins\imgmanager\WS_FTP.LOG <-- Schubert Rackspace /web/content/components/com_jce/editor/tiny_mce/plugins/imgmanager WS_FTP.LOG
