2012.07.25 12:15 B C:\Users\COBRIEN\Desktop\Schubert\components\com_jce\editor\tiny_mce\themes\advanced\editor_template.js <-- Schubert Rackspace /web/content/components/com_jce/editor/tiny_mce/themes/advanced editor_template.js
2012.07.25 12:15 B C:\Users\COBRIEN\Desktop\Schubert\components\com_jce\editor\tiny_mce\themes\advanced\index.html <-- Schubert Rackspace /web/content/components/com_jce/editor/tiny_mce/themes/advanced index.html
2012.07.25 12:15 B C:\Users\COBRIEN\Desktop\Schubert\components\com_jce\editor\tiny_mce\themes\advanced\shortcuts.htm <-- Schubert Rackspace /web/content/components/com_jce/editor/tiny_mce/themes/advanced shortcuts.htm
2012.07.25 12:15 B C:\Users\COBRIEN\Desktop\Schubert\components\com_jce\editor\tiny_mce\themes\advanced\theme.php <-- Schubert Rackspace /web/content/components/com_jce/editor/tiny_mce/themes/advanced theme.php
2012.09.04 10:51 B C:\inetpub\wwwroot\components\com_jce\editor\tiny_mce\themes\advanced\editor_template.js --> ftp3.ftptoyoursite.com /web/content/SITE-TEST/components/com_jce/editor/tiny_mce/themes/advanced editor_template.js
2012.09.04 10:51 B C:\inetpub\wwwroot\components\com_jce\editor\tiny_mce\themes\advanced\index.html --> ftp3.ftptoyoursite.com /web/content/SITE-TEST/components/com_jce/editor/tiny_mce/themes/advanced index.html
2012.09.04 10:51 B C:\inetpub\wwwroot\components\com_jce\editor\tiny_mce\themes\advanced\shortcuts.htm --> ftp3.ftptoyoursite.com /web/content/SITE-TEST/components/com_jce/editor/tiny_mce/themes/advanced shortcuts.htm
2012.09.04 10:51 B C:\inetpub\wwwroot\components\com_jce\editor\tiny_mce\themes\advanced\theme.php --> ftp3.ftptoyoursite.com /web/content/SITE-TEST/components/com_jce/editor/tiny_mce/themes/advanced theme.php
2012.09.04 10:51 B C:\inetpub\wwwroot\components\com_jce\editor\tiny_mce\themes\advanced\WS_FTP.LOG --> ftp3.ftptoyoursite.com /web/content/SITE-TEST/components/com_jce/editor/tiny_mce/themes/advanced WS_FTP.LOG
2012.09.06 15:09 B C:\inetpub\wwwroot\components\com_jce\editor\tiny_mce\themes\advanced\editor_template.js --> ftp3.ftptoyoursite.com /web/content/SITEBACKUP_962012/components/com_jce/editor/tiny_mce/themes/advanced editor_template.js
2012.09.06 15:09 B C:\inetpub\wwwroot\components\com_jce\editor\tiny_mce\themes\advanced\index.html --> ftp3.ftptoyoursite.com /web/content/SITEBACKUP_962012/components/com_jce/editor/tiny_mce/themes/advanced index.html
2012.09.06 15:09 B C:\inetpub\wwwroot\components\com_jce\editor\tiny_mce\themes\advanced\shortcuts.htm --> ftp3.ftptoyoursite.com /web/content/SITEBACKUP_962012/components/com_jce/editor/tiny_mce/themes/advanced shortcuts.htm
2012.09.06 15:09 B C:\inetpub\wwwroot\components\com_jce\editor\tiny_mce\themes\advanced\theme.php --> ftp3.ftptoyoursite.com /web/content/SITEBACKUP_962012/components/com_jce/editor/tiny_mce/themes/advanced theme.php
2012.09.06 15:09 B C:\inetpub\wwwroot\components\com_jce\editor\tiny_mce\themes\advanced\WS_FTP.LOG --> ftp3.ftptoyoursite.com /web/content/SITEBACKUP_962012/components/com_jce/editor/tiny_mce/themes/advanced WS_FTP.LOG
2012.09.06 15:49 B C:\inetpub\wwwroot\components\com_jce\editor\tiny_mce\themes\advanced\editor_template.js <-- Schubert Rackspace /web/content/SITEBACKUP_962012/components/com_jce/editor/tiny_mce/themes/advanced editor_template.js
2012.09.06 15:49 B C:\inetpub\wwwroot\components\com_jce\editor\tiny_mce\themes\advanced\index.html <-- Schubert Rackspace /web/content/SITEBACKUP_962012/components/com_jce/editor/tiny_mce/themes/advanced index.html
2012.09.06 15:49 B C:\inetpub\wwwroot\components\com_jce\editor\tiny_mce\themes\advanced\shortcuts.htm <-- Schubert Rackspace /web/content/SITEBACKUP_962012/components/com_jce/editor/tiny_mce/themes/advanced shortcuts.htm
2012.09.06 15:49 B C:\inetpub\wwwroot\components\com_jce\editor\tiny_mce\themes\advanced\theme.php <-- Schubert Rackspace /web/content/SITEBACKUP_962012/components/com_jce/editor/tiny_mce/themes/advanced theme.php
2012.10.23 09:12 B C:\inetpub\wwwroot\components\com_jce\editor\tiny_mce\themes\advanced\editor_template.js --> ftp3.ftptoyoursite.com /web/content/components/com_jce/editor/tiny_mce/themes/advanced editor_template.js
2012.10.23 09:12 B C:\inetpub\wwwroot\components\com_jce\editor\tiny_mce\themes\advanced\index.html --> ftp3.ftptoyoursite.com /web/content/components/com_jce/editor/tiny_mce/themes/advanced index.html
2012.10.23 09:12 B C:\inetpub\wwwroot\components\com_jce\editor\tiny_mce\themes\advanced\shortcuts.htm --> ftp3.ftptoyoursite.com /web/content/components/com_jce/editor/tiny_mce/themes/advanced shortcuts.htm
2012.10.23 09:12 B C:\inetpub\wwwroot\components\com_jce\editor\tiny_mce\themes\advanced\theme.php --> ftp3.ftptoyoursite.com /web/content/components/com_jce/editor/tiny_mce/themes/advanced theme.php
2012.10.23 09:12 B C:\inetpub\wwwroot\components\com_jce\editor\tiny_mce\themes\advanced\WS_FTP.LOG --> ftp3.ftptoyoursite.com /web/content/components/com_jce/editor/tiny_mce/themes/advanced WS_FTP.LOG
2013.02.01 14:49 B C:\inetpub\wwwroot\components\com_jce\editor\tiny_mce\themes\advanced\WS_FTP.LOG <-- Schubert Rackspace /web/content/components/com_jce/editor/tiny_mce/themes/advanced WS_FTP.LOG
