2012.07.25 12:20 B C:\Users\COBRIEN\Desktop\Schubert\templates\templatename\fonts\Asap-Bold.otf <-- Schubert Rackspace /web/content/templates/templatename/fonts Asap-Bold.otf
2012.07.25 12:20 B C:\Users\COBRIEN\Desktop\Schubert\templates\templatename\fonts\Asap-BoldItalic.otf <-- Schubert Rackspace /web/content/templates/templatename/fonts Asap-BoldItalic.otf
2012.07.25 12:20 B C:\Users\COBRIEN\Desktop\Schubert\templates\templatename\fonts\Asap-Italic.otf <-- Schubert Rackspace /web/content/templates/templatename/fonts Asap-Italic.otf
2012.07.25 12:20 B C:\Users\COBRIEN\Desktop\Schubert\templates\templatename\fonts\Asap-Regular.otf <-- Schubert Rackspace /web/content/templates/templatename/fonts Asap-Regular.otf
2012.08.10 16:52 B C:\inetpub\wwwroot\templates\templatename\fonts\Asap-Bold.otf --> ftp3.ftptoyoursite.com /web/content/templates/templates/templatename/fonts Asap-Bold.otf
2012.08.10 16:52 B C:\inetpub\wwwroot\templates\templatename\fonts\Asap-BoldItalic.otf --> ftp3.ftptoyoursite.com /web/content/templates/templates/templatename/fonts Asap-BoldItalic.otf
2012.08.10 16:52 B C:\inetpub\wwwroot\templates\templatename\fonts\Asap-Italic.otf --> ftp3.ftptoyoursite.com /web/content/templates/templates/templatename/fonts Asap-Italic.otf
2012.08.10 16:52 B C:\inetpub\wwwroot\templates\templatename\fonts\Asap-Regular.otf --> ftp3.ftptoyoursite.com /web/content/templates/templates/templatename/fonts Asap-Regular.otf
2012.08.10 16:52 B C:\inetpub\wwwroot\templates\templatename\fonts\WS_FTP.LOG --> ftp3.ftptoyoursite.com /web/content/templates/templates/templatename/fonts WS_FTP.LOG
2012.09.04 10:58 B C:\inetpub\wwwroot\templates\templatename\fonts\Asap-Bold.otf --> ftp3.ftptoyoursite.com /web/content/SITE-TEST/templates/templatename/fonts Asap-Bold.otf
2012.09.04 10:58 B C:\inetpub\wwwroot\templates\templatename\fonts\Asap-BoldItalic.otf --> ftp3.ftptoyoursite.com /web/content/SITE-TEST/templates/templatename/fonts Asap-BoldItalic.otf
2012.09.04 10:58 B C:\inetpub\wwwroot\templates\templatename\fonts\Asap-Italic.otf --> ftp3.ftptoyoursite.com /web/content/SITE-TEST/templates/templatename/fonts Asap-Italic.otf
2012.09.04 10:58 B C:\inetpub\wwwroot\templates\templatename\fonts\Asap-Regular.otf --> ftp3.ftptoyoursite.com /web/content/SITE-TEST/templates/templatename/fonts Asap-Regular.otf
2012.09.04 10:58 B C:\inetpub\wwwroot\templates\templatename\fonts\WS_FTP.LOG --> ftp3.ftptoyoursite.com /web/content/SITE-TEST/templates/templatename/fonts WS_FTP.LOG
2012.09.06 15:16 B C:\inetpub\wwwroot\templates\templatename\fonts\Asap-Bold.otf --> ftp3.ftptoyoursite.com /web/content/SITEBACKUP_962012/templates/templatename/fonts Asap-Bold.otf
2012.09.06 15:16 B C:\inetpub\wwwroot\templates\templatename\fonts\Asap-BoldItalic.otf --> ftp3.ftptoyoursite.com /web/content/SITEBACKUP_962012/templates/templatename/fonts Asap-BoldItalic.otf
2012.09.06 15:16 B C:\inetpub\wwwroot\templates\templatename\fonts\Asap-Italic.otf --> ftp3.ftptoyoursite.com /web/content/SITEBACKUP_962012/templates/templatename/fonts Asap-Italic.otf
2012.09.06 15:16 B C:\inetpub\wwwroot\templates\templatename\fonts\Asap-Regular.otf --> ftp3.ftptoyoursite.com /web/content/SITEBACKUP_962012/templates/templatename/fonts Asap-Regular.otf
2012.09.06 15:16 B C:\inetpub\wwwroot\templates\templatename\fonts\WS_FTP.LOG --> ftp3.ftptoyoursite.com /web/content/SITEBACKUP_962012/templates/templatename/fonts WS_FTP.LOG
2012.10.23 09:19 B C:\inetpub\wwwroot\templates\templatename\fonts\Asap-Bold.otf --> ftp3.ftptoyoursite.com /web/content/templates/templatename/fonts Asap-Bold.otf
2012.10.23 09:19 B C:\inetpub\wwwroot\templates\templatename\fonts\Asap-BoldItalic.otf --> ftp3.ftptoyoursite.com /web/content/templates/templatename/fonts Asap-BoldItalic.otf
2012.10.23 09:19 B C:\inetpub\wwwroot\templates\templatename\fonts\Asap-Italic.otf --> ftp3.ftptoyoursite.com /web/content/templates/templatename/fonts Asap-Italic.otf
2012.10.23 09:19 B C:\inetpub\wwwroot\templates\templatename\fonts\Asap-Regular.otf --> ftp3.ftptoyoursite.com /web/content/templates/templatename/fonts Asap-Regular.otf
2012.10.23 09:19 B C:\inetpub\wwwroot\templates\templatename\fonts\WS_FTP.LOG --> ftp3.ftptoyoursite.com /web/content/templates/templatename/fonts WS_FTP.LOG
2013.02.01 15:04 B C:\inetpub\wwwroot\templates\templatename\fonts\WS_FTP.LOG <-- Schubert Rackspace /web/content/templates/templatename/fonts WS_FTP.LOG
