2012.07.25 12:17 B C:\Users\COBRIEN\Desktop\Schubert\language\nb-NO\index.html <-- Schubert Rackspace /web/content/language/nb-NO index.html
2012.07.25 12:17 B C:\Users\COBRIEN\Desktop\Schubert\language\nb-NO\install.xml <-- Schubert Rackspace /web/content/language/nb-NO install.xml
2012.07.25 12:17 B C:\Users\COBRIEN\Desktop\Schubert\language\nb-NO\nb-NO.com_contact.ini <-- Schubert Rackspace /web/content/language/nb-NO nb-NO.com_contact.ini
2012.07.25 12:17 B C:\Users\COBRIEN\Desktop\Schubert\language\nb-NO\nb-NO.com_content.ini <-- Schubert Rackspace /web/content/language/nb-NO nb-NO.com_content.ini
2012.07.25 12:17 B C:\Users\COBRIEN\Desktop\Schubert\language\nb-NO\nb-NO.com_finder.ini <-- Schubert Rackspace /web/content/language/nb-NO nb-NO.com_finder.ini
2012.07.25 12:17 B C:\Users\COBRIEN\Desktop\Schubert\language\nb-NO\nb-NO.com_mailto.ini <-- Schubert Rackspace /web/content/language/nb-NO nb-NO.com_mailto.ini
2012.07.25 12:17 B C:\Users\COBRIEN\Desktop\Schubert\language\nb-NO\nb-NO.com_media.ini <-- Schubert Rackspace /web/content/language/nb-NO nb-NO.com_media.ini
2012.07.25 12:17 B C:\Users\COBRIEN\Desktop\Schubert\language\nb-NO\nb-NO.com_messages.ini <-- Schubert Rackspace /web/content/language/nb-NO nb-NO.com_messages.ini
2012.07.25 12:17 B C:\Users\COBRIEN\Desktop\Schubert\language\nb-NO\nb-NO.com_newsfeeds.ini <-- Schubert Rackspace /web/content/language/nb-NO nb-NO.com_newsfeeds.ini
2012.07.25 12:17 B C:\Users\COBRIEN\Desktop\Schubert\language\nb-NO\nb-NO.com_search.ini <-- Schubert Rackspace /web/content/language/nb-NO nb-NO.com_search.ini
2012.07.25 12:17 B C:\Users\COBRIEN\Desktop\Schubert\language\nb-NO\nb-NO.com_users.ini <-- Schubert Rackspace /web/content/language/nb-NO nb-NO.com_users.ini
2012.07.25 12:17 B C:\Users\COBRIEN\Desktop\Schubert\language\nb-NO\nb-NO.com_weblinks.ini <-- Schubert Rackspace /web/content/language/nb-NO nb-NO.com_weblinks.ini
2012.07.25 12:17 B C:\Users\COBRIEN\Desktop\Schubert\language\nb-NO\nb-NO.com_wrapper.ini <-- Schubert Rackspace /web/content/language/nb-NO nb-NO.com_wrapper.ini
2012.07.25 12:17 B C:\Users\COBRIEN\Desktop\Schubert\language\nb-NO\nb-NO.files_joomla.sys.ini <-- Schubert Rackspace /web/content/language/nb-NO nb-NO.files_joomla.sys.ini
2012.07.25 12:17 B C:\Users\COBRIEN\Desktop\Schubert\language\nb-NO\nb-NO.finder_cli.ini <-- Schubert Rackspace /web/content/language/nb-NO nb-NO.finder_cli.ini
2012.07.25 12:17 B C:\Users\COBRIEN\Desktop\Schubert\language\nb-NO\nb-NO.ini <-- Schubert Rackspace /web/content/language/nb-NO nb-NO.ini
2012.07.25 12:17 B C:\Users\COBRIEN\Desktop\Schubert\language\nb-NO\nb-NO.lib_joomla.ini <-- Schubert Rackspace /web/content/language/nb-NO nb-NO.lib_joomla.ini
2012.07.25 12:17 B C:\Users\COBRIEN\Desktop\Schubert\language\nb-NO\nb-NO.lib_joomla.sys.ini <-- Schubert Rackspace /web/content/language/nb-NO nb-NO.lib_joomla.sys.ini
2012.07.25 12:17 B C:\Users\COBRIEN\Desktop\Schubert\language\nb-NO\nb-NO.lib_phpmailer.sys.ini <-- Schubert Rackspace /web/content/language/nb-NO nb-NO.lib_phpmailer.sys.ini
2012.07.25 12:17 B C:\Users\COBRIEN\Desktop\Schubert\language\nb-NO\nb-NO.lib_phputf8.sys.ini <-- Schubert Rackspace /web/content/language/nb-NO nb-NO.lib_phputf8.sys.ini
2012.07.25 12:17 B C:\Users\COBRIEN\Desktop\Schubert\language\nb-NO\nb-NO.lib_simplepie.sys.ini <-- Schubert Rackspace /web/content/language/nb-NO nb-NO.lib_simplepie.sys.ini
2012.07.25 12:17 B C:\Users\COBRIEN\Desktop\Schubert\language\nb-NO\nb-NO.localise.php <-- Schubert Rackspace /web/content/language/nb-NO nb-NO.localise.php
2012.07.25 12:17 B C:\Users\COBRIEN\Desktop\Schubert\language\nb-NO\nb-NO.mod_articles_archive.ini <-- Schubert Rackspace /web/content/language/nb-NO nb-NO.mod_articles_archive.ini
2012.07.25 12:17 B C:\Users\COBRIEN\Desktop\Schubert\language\nb-NO\nb-NO.mod_articles_archive.sys.ini <-- Schubert Rackspace /web/content/language/nb-NO nb-NO.mod_articles_archive.sys.ini
2012.07.25 12:17 B C:\Users\COBRIEN\Desktop\Schubert\language\nb-NO\nb-NO.mod_articles_categories.ini <-- Schubert Rackspace /web/content/language/nb-NO nb-NO.mod_articles_categories.ini
2012.07.25 12:17 B C:\Users\COBRIEN\Desktop\Schubert\language\nb-NO\nb-NO.mod_articles_categories.sys.ini <-- Schubert Rackspace /web/content/language/nb-NO nb-NO.mod_articles_categories.sys.ini
2012.07.25 12:17 B C:\Users\COBRIEN\Desktop\Schubert\language\nb-NO\nb-NO.mod_articles_category.ini <-- Schubert Rackspace /web/content/language/nb-NO nb-NO.mod_articles_category.ini
2012.07.25 12:17 B C:\Users\COBRIEN\Desktop\Schubert\language\nb-NO\nb-NO.mod_articles_category.sys.ini <-- Schubert Rackspace /web/content/language/nb-NO nb-NO.mod_articles_category.sys.ini
2012.07.25 12:17 B C:\Users\COBRIEN\Desktop\Schubert\language\nb-NO\nb-NO.mod_articles_latest.ini <-- Schubert Rackspace /web/content/language/nb-NO nb-NO.mod_articles_latest.ini
2012.07.25 12:17 B C:\Users\COBRIEN\Desktop\Schubert\language\nb-NO\nb-NO.mod_articles_latest.sys.ini <-- Schubert Rackspace /web/content/language/nb-NO nb-NO.mod_articles_latest.sys.ini
2012.07.25 12:17 B C:\Users\COBRIEN\Desktop\Schubert\language\nb-NO\nb-NO.mod_articles_news.ini <-- Schubert Rackspace /web/content/language/nb-NO nb-NO.mod_articles_news.ini
2012.07.25 12:17 B C:\Users\COBRIEN\Desktop\Schubert\language\nb-NO\nb-NO.mod_articles_news.sys.ini <-- Schubert Rackspace /web/content/language/nb-NO nb-NO.mod_articles_news.sys.ini
2012.07.25 12:17 B C:\Users\COBRIEN\Desktop\Schubert\language\nb-NO\nb-NO.mod_articles_popular.ini <-- Schubert Rackspace /web/content/language/nb-NO nb-NO.mod_articles_popular.ini
2012.07.25 12:17 B C:\Users\COBRIEN\Desktop\Schubert\language\nb-NO\nb-NO.mod_articles_popular.sys.ini <-- Schubert Rackspace /web/content/language/nb-NO nb-NO.mod_articles_popular.sys.ini
2012.07.25 12:17 B C:\Users\COBRIEN\Desktop\Schubert\language\nb-NO\nb-NO.mod_banners.ini <-- Schubert Rackspace /web/content/language/nb-NO nb-NO.mod_banners.ini
2012.07.25 12:17 B C:\Users\COBRIEN\Desktop\Schubert\language\nb-NO\nb-NO.mod_banners.sys.ini <-- Schubert Rackspace /web/content/language/nb-NO nb-NO.mod_banners.sys.ini
2012.07.25 12:17 B C:\Users\COBRIEN\Desktop\Schubert\language\nb-NO\nb-NO.mod_breadcrumbs.ini <-- Schubert Rackspace /web/content/language/nb-NO nb-NO.mod_breadcrumbs.ini
2012.07.25 12:17 B C:\Users\COBRIEN\Desktop\Schubert\language\nb-NO\nb-NO.mod_breadcrumbs.sys.ini <-- Schubert Rackspace /web/content/language/nb-NO nb-NO.mod_breadcrumbs.sys.ini
2012.07.25 12:17 B C:\Users\COBRIEN\Desktop\Schubert\language\nb-NO\nb-NO.mod_custom.ini <-- Schubert Rackspace /web/content/language/nb-NO nb-NO.mod_custom.ini
2012.07.25 12:17 B C:\Users\COBRIEN\Desktop\Schubert\language\nb-NO\nb-NO.mod_custom.sys.ini <-- Schubert Rackspace /web/content/language/nb-NO nb-NO.mod_custom.sys.ini
2012.07.25 12:17 B C:\Users\COBRIEN\Desktop\Schubert\language\nb-NO\nb-NO.mod_feed.ini <-- Schubert Rackspace /web/content/language/nb-NO nb-NO.mod_feed.ini
2012.07.25 12:17 B C:\Users\COBRIEN\Desktop\Schubert\language\nb-NO\nb-NO.mod_feed.sys.ini <-- Schubert Rackspace /web/content/language/nb-NO nb-NO.mod_feed.sys.ini
2012.07.25 12:17 B C:\Users\COBRIEN\Desktop\Schubert\language\nb-NO\nb-NO.mod_finder.ini <-- Schubert Rackspace /web/content/language/nb-NO nb-NO.mod_finder.ini
2012.07.25 12:17 B C:\Users\COBRIEN\Desktop\Schubert\language\nb-NO\nb-NO.mod_finder.sys.ini <-- Schubert Rackspace /web/content/language/nb-NO nb-NO.mod_finder.sys.ini
2012.07.25 12:17 B C:\Users\COBRIEN\Desktop\Schubert\language\nb-NO\nb-NO.mod_footer.ini <-- Schubert Rackspace /web/content/language/nb-NO nb-NO.mod_footer.ini
2012.07.25 12:17 B C:\Users\COBRIEN\Desktop\Schubert\language\nb-NO\nb-NO.mod_footer.sys.ini <-- Schubert Rackspace /web/content/language/nb-NO nb-NO.mod_footer.sys.ini
2012.07.25 12:17 B C:\Users\COBRIEN\Desktop\Schubert\language\nb-NO\nb-NO.mod_languages.ini <-- Schubert Rackspace /web/content/language/nb-NO nb-NO.mod_languages.ini
2012.07.25 12:17 B C:\Users\COBRIEN\Desktop\Schubert\language\nb-NO\nb-NO.mod_languages.sys.ini <-- Schubert Rackspace /web/content/language/nb-NO nb-NO.mod_languages.sys.ini
2012.07.25 12:17 B C:\Users\COBRIEN\Desktop\Schubert\language\nb-NO\nb-NO.mod_login.ini <-- Schubert Rackspace /web/content/language/nb-NO nb-NO.mod_login.ini
2012.07.25 12:17 B C:\Users\COBRIEN\Desktop\Schubert\language\nb-NO\nb-NO.mod_login.sys.ini <-- Schubert Rackspace /web/content/language/nb-NO nb-NO.mod_login.sys.ini
2012.07.25 12:17 B C:\Users\COBRIEN\Desktop\Schubert\language\nb-NO\nb-NO.mod_menu.ini <-- Schubert Rackspace /web/content/language/nb-NO nb-NO.mod_menu.ini
2012.07.25 12:17 B C:\Users\COBRIEN\Desktop\Schubert\language\nb-NO\nb-NO.mod_menu.sys.ini <-- Schubert Rackspace /web/content/language/nb-NO nb-NO.mod_menu.sys.ini
2012.07.25 12:17 B C:\Users\COBRIEN\Desktop\Schubert\language\nb-NO\nb-NO.mod_random_image.ini <-- Schubert Rackspace /web/content/language/nb-NO nb-NO.mod_random_image.ini
2012.07.25 12:17 B C:\Users\COBRIEN\Desktop\Schubert\language\nb-NO\nb-NO.mod_random_image.sys.ini <-- Schubert Rackspace /web/content/language/nb-NO nb-NO.mod_random_image.sys.ini
2012.07.25 12:17 B C:\Users\COBRIEN\Desktop\Schubert\language\nb-NO\nb-NO.mod_related_items.ini <-- Schubert Rackspace /web/content/language/nb-NO nb-NO.mod_related_items.ini
2012.07.25 12:17 B C:\Users\COBRIEN\Desktop\Schubert\language\nb-NO\nb-NO.mod_related_items.sys.ini <-- Schubert Rackspace /web/content/language/nb-NO nb-NO.mod_related_items.sys.ini
2012.07.25 12:17 B C:\Users\COBRIEN\Desktop\Schubert\language\nb-NO\nb-NO.mod_search.ini <-- Schubert Rackspace /web/content/language/nb-NO nb-NO.mod_search.ini
2012.07.25 12:17 B C:\Users\COBRIEN\Desktop\Schubert\language\nb-NO\nb-NO.mod_search.sys.ini <-- Schubert Rackspace /web/content/language/nb-NO nb-NO.mod_search.sys.ini
2012.07.25 12:17 B C:\Users\COBRIEN\Desktop\Schubert\language\nb-NO\nb-NO.mod_stats.ini <-- Schubert Rackspace /web/content/language/nb-NO nb-NO.mod_stats.ini
2012.07.25 12:17 B C:\Users\COBRIEN\Desktop\Schubert\language\nb-NO\nb-NO.mod_stats.sys.ini <-- Schubert Rackspace /web/content/language/nb-NO nb-NO.mod_stats.sys.ini
2012.07.25 12:17 B C:\Users\COBRIEN\Desktop\Schubert\language\nb-NO\nb-NO.mod_syndicate.ini <-- Schubert Rackspace /web/content/language/nb-NO nb-NO.mod_syndicate.ini
2012.07.25 12:17 B C:\Users\COBRIEN\Desktop\Schubert\language\nb-NO\nb-NO.mod_syndicate.sys.ini <-- Schubert Rackspace /web/content/language/nb-NO nb-NO.mod_syndicate.sys.ini
2012.07.25 12:17 B C:\Users\COBRIEN\Desktop\Schubert\language\nb-NO\nb-NO.mod_users_latest.ini <-- Schubert Rackspace /web/content/language/nb-NO nb-NO.mod_users_latest.ini
2012.07.25 12:17 B C:\Users\COBRIEN\Desktop\Schubert\language\nb-NO\nb-NO.mod_users_latest.sys.ini <-- Schubert Rackspace /web/content/language/nb-NO nb-NO.mod_users_latest.sys.ini
2012.07.25 12:17 B C:\Users\COBRIEN\Desktop\Schubert\language\nb-NO\nb-NO.mod_weblinks.ini <-- Schubert Rackspace /web/content/language/nb-NO nb-NO.mod_weblinks.ini
2012.07.25 12:17 B C:\Users\COBRIEN\Desktop\Schubert\language\nb-NO\nb-NO.mod_weblinks.sys.ini <-- Schubert Rackspace /web/content/language/nb-NO nb-NO.mod_weblinks.sys.ini
2012.07.25 12:17 B C:\Users\COBRIEN\Desktop\Schubert\language\nb-NO\nb-NO.mod_whosonline.ini <-- Schubert Rackspace /web/content/language/nb-NO nb-NO.mod_whosonline.ini
2012.07.25 12:17 B C:\Users\COBRIEN\Desktop\Schubert\language\nb-NO\nb-NO.mod_whosonline.sys.ini <-- Schubert Rackspace /web/content/language/nb-NO nb-NO.mod_whosonline.sys.ini
2012.07.25 12:17 B C:\Users\COBRIEN\Desktop\Schubert\language\nb-NO\nb-NO.mod_wrapper.ini <-- Schubert Rackspace /web/content/language/nb-NO nb-NO.mod_wrapper.ini
2012.07.25 12:17 B C:\Users\COBRIEN\Desktop\Schubert\language\nb-NO\nb-NO.mod_wrapper.sys.ini <-- Schubert Rackspace /web/content/language/nb-NO nb-NO.mod_wrapper.sys.ini
2012.07.25 12:17 B C:\Users\COBRIEN\Desktop\Schubert\language\nb-NO\nb-NO.pkg_joomla.sys.ini <-- Schubert Rackspace /web/content/language/nb-NO nb-NO.pkg_joomla.sys.ini
2012.07.25 12:17 B C:\Users\COBRIEN\Desktop\Schubert\language\nb-NO\nb-NO.tpl_atomic.ini <-- Schubert Rackspace /web/content/language/nb-NO nb-NO.tpl_atomic.ini
2012.07.25 12:17 B C:\Users\COBRIEN\Desktop\Schubert\language\nb-NO\nb-NO.tpl_atomic.sys.ini <-- Schubert Rackspace /web/content/language/nb-NO nb-NO.tpl_atomic.sys.ini
2012.07.25 12:17 B C:\Users\COBRIEN\Desktop\Schubert\language\nb-NO\nb-NO.tpl_beez5.ini <-- Schubert Rackspace /web/content/language/nb-NO nb-NO.tpl_beez5.ini
2012.07.25 12:17 B C:\Users\COBRIEN\Desktop\Schubert\language\nb-NO\nb-NO.tpl_beez5.sys.ini <-- Schubert Rackspace /web/content/language/nb-NO nb-NO.tpl_beez5.sys.ini
2012.07.25 12:17 B C:\Users\COBRIEN\Desktop\Schubert\language\nb-NO\nb-NO.tpl_beez_20.ini <-- Schubert Rackspace /web/content/language/nb-NO nb-NO.tpl_beez_20.ini
2012.07.25 12:17 B C:\Users\COBRIEN\Desktop\Schubert\language\nb-NO\nb-NO.tpl_beez_20.sys.ini <-- Schubert Rackspace /web/content/language/nb-NO nb-NO.tpl_beez_20.sys.ini
2012.07.25 12:17 B C:\Users\COBRIEN\Desktop\Schubert\language\nb-NO\nb-NO.xml <-- Schubert Rackspace /web/content/language/nb-NO nb-NO.xml
2012.09.04 10:53 B C:\inetpub\wwwroot\language\nb-NO\index.html --> ftp3.ftptoyoursite.com /web/content/SITE-TEST/language/nb-NO index.html
2012.09.04 10:53 B C:\inetpub\wwwroot\language\nb-NO\install.xml --> ftp3.ftptoyoursite.com /web/content/SITE-TEST/language/nb-NO install.xml
2012.09.04 10:53 B C:\inetpub\wwwroot\language\nb-NO\nb-NO.com_contact.ini --> ftp3.ftptoyoursite.com /web/content/SITE-TEST/language/nb-NO nb-NO.com_contact.ini
2012.09.04 10:53 B C:\inetpub\wwwroot\language\nb-NO\nb-NO.com_content.ini --> ftp3.ftptoyoursite.com /web/content/SITE-TEST/language/nb-NO nb-NO.com_content.ini
2012.09.04 10:53 B C:\inetpub\wwwroot\language\nb-NO\nb-NO.com_finder.ini --> ftp3.ftptoyoursite.com /web/content/SITE-TEST/language/nb-NO nb-NO.com_finder.ini
2012.09.04 10:53 B C:\inetpub\wwwroot\language\nb-NO\nb-NO.com_mailto.ini --> ftp3.ftptoyoursite.com /web/content/SITE-TEST/language/nb-NO nb-NO.com_mailto.ini
2012.09.04 10:53 B C:\inetpub\wwwroot\language\nb-NO\nb-NO.com_media.ini --> ftp3.ftptoyoursite.com /web/content/SITE-TEST/language/nb-NO nb-NO.com_media.ini
2012.09.04 10:53 B C:\inetpub\wwwroot\language\nb-NO\nb-NO.com_messages.ini --> ftp3.ftptoyoursite.com /web/content/SITE-TEST/language/nb-NO nb-NO.com_messages.ini
2012.09.04 10:53 B C:\inetpub\wwwroot\language\nb-NO\nb-NO.com_newsfeeds.ini --> ftp3.ftptoyoursite.com /web/content/SITE-TEST/language/nb-NO nb-NO.com_newsfeeds.ini
2012.09.04 10:53 B C:\inetpub\wwwroot\language\nb-NO\nb-NO.com_search.ini --> ftp3.ftptoyoursite.com /web/content/SITE-TEST/language/nb-NO nb-NO.com_search.ini
2012.09.04 10:53 B C:\inetpub\wwwroot\language\nb-NO\nb-NO.com_users.ini --> ftp3.ftptoyoursite.com /web/content/SITE-TEST/language/nb-NO nb-NO.com_users.ini
2012.09.04 10:53 B C:\inetpub\wwwroot\language\nb-NO\nb-NO.com_weblinks.ini --> ftp3.ftptoyoursite.com /web/content/SITE-TEST/language/nb-NO nb-NO.com_weblinks.ini
2012.09.04 10:53 B C:\inetpub\wwwroot\language\nb-NO\nb-NO.com_wrapper.ini --> ftp3.ftptoyoursite.com /web/content/SITE-TEST/language/nb-NO nb-NO.com_wrapper.ini
2012.09.04 10:53 B C:\inetpub\wwwroot\language\nb-NO\nb-NO.files_joomla.sys.ini --> ftp3.ftptoyoursite.com /web/content/SITE-TEST/language/nb-NO nb-NO.files_joomla.sys.ini
2012.09.04 10:53 B C:\inetpub\wwwroot\language\nb-NO\nb-NO.finder_cli.ini --> ftp3.ftptoyoursite.com /web/content/SITE-TEST/language/nb-NO nb-NO.finder_cli.ini
2012.09.04 10:53 B C:\inetpub\wwwroot\language\nb-NO\nb-NO.ini --> ftp3.ftptoyoursite.com /web/content/SITE-TEST/language/nb-NO nb-NO.ini
2012.09.04 10:53 B C:\inetpub\wwwroot\language\nb-NO\nb-NO.lib_joomla.ini --> ftp3.ftptoyoursite.com /web/content/SITE-TEST/language/nb-NO nb-NO.lib_joomla.ini
2012.09.04 10:53 B C:\inetpub\wwwroot\language\nb-NO\nb-NO.lib_joomla.sys.ini --> ftp3.ftptoyoursite.com /web/content/SITE-TEST/language/nb-NO nb-NO.lib_joomla.sys.ini
2012.09.04 10:53 B C:\inetpub\wwwroot\language\nb-NO\nb-NO.lib_phpmailer.sys.ini --> ftp3.ftptoyoursite.com /web/content/SITE-TEST/language/nb-NO nb-NO.lib_phpmailer.sys.ini
2012.09.04 10:53 B C:\inetpub\wwwroot\language\nb-NO\nb-NO.lib_phputf8.sys.ini --> ftp3.ftptoyoursite.com /web/content/SITE-TEST/language/nb-NO nb-NO.lib_phputf8.sys.ini
2012.09.04 10:53 B C:\inetpub\wwwroot\language\nb-NO\nb-NO.lib_simplepie.sys.ini --> ftp3.ftptoyoursite.com /web/content/SITE-TEST/language/nb-NO nb-NO.lib_simplepie.sys.ini
2012.09.04 10:53 B C:\inetpub\wwwroot\language\nb-NO\nb-NO.localise.php --> ftp3.ftptoyoursite.com /web/content/SITE-TEST/language/nb-NO nb-NO.localise.php
2012.09.04 10:53 B C:\inetpub\wwwroot\language\nb-NO\nb-NO.mod_articles_archive.ini --> ftp3.ftptoyoursite.com /web/content/SITE-TEST/language/nb-NO nb-NO.mod_articles_archive.ini
2012.09.04 10:53 B C:\inetpub\wwwroot\language\nb-NO\nb-NO.mod_articles_archive.sys.ini --> ftp3.ftptoyoursite.com /web/content/SITE-TEST/language/nb-NO nb-NO.mod_articles_archive.sys.ini
2012.09.04 10:53 B C:\inetpub\wwwroot\language\nb-NO\nb-NO.mod_articles_categories.ini --> ftp3.ftptoyoursite.com /web/content/SITE-TEST/language/nb-NO nb-NO.mod_articles_categories.ini
2012.09.04 10:53 B C:\inetpub\wwwroot\language\nb-NO\nb-NO.mod_articles_categories.sys.ini --> ftp3.ftptoyoursite.com /web/content/SITE-TEST/language/nb-NO nb-NO.mod_articles_categories.sys.ini
2012.09.04 10:53 B C:\inetpub\wwwroot\language\nb-NO\nb-NO.mod_articles_category.ini --> ftp3.ftptoyoursite.com /web/content/SITE-TEST/language/nb-NO nb-NO.mod_articles_category.ini
2012.09.04 10:53 B C:\inetpub\wwwroot\language\nb-NO\nb-NO.mod_articles_category.sys.ini --> ftp3.ftptoyoursite.com /web/content/SITE-TEST/language/nb-NO nb-NO.mod_articles_category.sys.ini
2012.09.04 10:53 B C:\inetpub\wwwroot\language\nb-NO\nb-NO.mod_articles_latest.ini --> ftp3.ftptoyoursite.com /web/content/SITE-TEST/language/nb-NO nb-NO.mod_articles_latest.ini
2012.09.04 10:53 B C:\inetpub\wwwroot\language\nb-NO\nb-NO.mod_articles_latest.sys.ini --> ftp3.ftptoyoursite.com /web/content/SITE-TEST/language/nb-NO nb-NO.mod_articles_latest.sys.ini
2012.09.04 10:53 B C:\inetpub\wwwroot\language\nb-NO\nb-NO.mod_articles_news.ini --> ftp3.ftptoyoursite.com /web/content/SITE-TEST/language/nb-NO nb-NO.mod_articles_news.ini
2012.09.04 10:53 B C:\inetpub\wwwroot\language\nb-NO\nb-NO.mod_articles_news.sys.ini --> ftp3.ftptoyoursite.com /web/content/SITE-TEST/language/nb-NO nb-NO.mod_articles_news.sys.ini
2012.09.04 10:53 B C:\inetpub\wwwroot\language\nb-NO\nb-NO.mod_articles_popular.ini --> ftp3.ftptoyoursite.com /web/content/SITE-TEST/language/nb-NO nb-NO.mod_articles_popular.ini
2012.09.04 10:53 B C:\inetpub\wwwroot\language\nb-NO\nb-NO.mod_articles_popular.sys.ini --> ftp3.ftptoyoursite.com /web/content/SITE-TEST/language/nb-NO nb-NO.mod_articles_popular.sys.ini
2012.09.04 10:53 B C:\inetpub\wwwroot\language\nb-NO\nb-NO.mod_banners.ini --> ftp3.ftptoyoursite.com /web/content/SITE-TEST/language/nb-NO nb-NO.mod_banners.ini
2012.09.04 10:53 B C:\inetpub\wwwroot\language\nb-NO\nb-NO.mod_banners.sys.ini --> ftp3.ftptoyoursite.com /web/content/SITE-TEST/language/nb-NO nb-NO.mod_banners.sys.ini
2012.09.04 10:53 B C:\inetpub\wwwroot\language\nb-NO\nb-NO.mod_breadcrumbs.ini --> ftp3.ftptoyoursite.com /web/content/SITE-TEST/language/nb-NO nb-NO.mod_breadcrumbs.ini
2012.09.04 10:53 B C:\inetpub\wwwroot\language\nb-NO\nb-NO.mod_breadcrumbs.sys.ini --> ftp3.ftptoyoursite.com /web/content/SITE-TEST/language/nb-NO nb-NO.mod_breadcrumbs.sys.ini
2012.09.04 10:53 B C:\inetpub\wwwroot\language\nb-NO\nb-NO.mod_custom.ini --> ftp3.ftptoyoursite.com /web/content/SITE-TEST/language/nb-NO nb-NO.mod_custom.ini
2012.09.04 10:53 B C:\inetpub\wwwroot\language\nb-NO\nb-NO.mod_custom.sys.ini --> ftp3.ftptoyoursite.com /web/content/SITE-TEST/language/nb-NO nb-NO.mod_custom.sys.ini
2012.09.04 10:53 B C:\inetpub\wwwroot\language\nb-NO\nb-NO.mod_feed.ini --> ftp3.ftptoyoursite.com /web/content/SITE-TEST/language/nb-NO nb-NO.mod_feed.ini
2012.09.04 10:53 B C:\inetpub\wwwroot\language\nb-NO\nb-NO.mod_feed.sys.ini --> ftp3.ftptoyoursite.com /web/content/SITE-TEST/language/nb-NO nb-NO.mod_feed.sys.ini
2012.09.04 10:53 B C:\inetpub\wwwroot\language\nb-NO\nb-NO.mod_finder.ini --> ftp3.ftptoyoursite.com /web/content/SITE-TEST/language/nb-NO nb-NO.mod_finder.ini
2012.09.04 10:53 B C:\inetpub\wwwroot\language\nb-NO\nb-NO.mod_finder.sys.ini --> ftp3.ftptoyoursite.com /web/content/SITE-TEST/language/nb-NO nb-NO.mod_finder.sys.ini
2012.09.04 10:53 B C:\inetpub\wwwroot\language\nb-NO\nb-NO.mod_footer.ini --> ftp3.ftptoyoursite.com /web/content/SITE-TEST/language/nb-NO nb-NO.mod_footer.ini
2012.09.04 10:53 B C:\inetpub\wwwroot\language\nb-NO\nb-NO.mod_footer.sys.ini --> ftp3.ftptoyoursite.com /web/content/SITE-TEST/language/nb-NO nb-NO.mod_footer.sys.ini
2012.09.04 10:53 B C:\inetpub\wwwroot\language\nb-NO\nb-NO.mod_languages.ini --> ftp3.ftptoyoursite.com /web/content/SITE-TEST/language/nb-NO nb-NO.mod_languages.ini
2012.09.04 10:53 B C:\inetpub\wwwroot\language\nb-NO\nb-NO.mod_languages.sys.ini --> ftp3.ftptoyoursite.com /web/content/SITE-TEST/language/nb-NO nb-NO.mod_languages.sys.ini
2012.09.04 10:53 B C:\inetpub\wwwroot\language\nb-NO\nb-NO.mod_login.ini --> ftp3.ftptoyoursite.com /web/content/SITE-TEST/language/nb-NO nb-NO.mod_login.ini
2012.09.04 10:53 B C:\inetpub\wwwroot\language\nb-NO\nb-NO.mod_login.sys.ini --> ftp3.ftptoyoursite.com /web/content/SITE-TEST/language/nb-NO nb-NO.mod_login.sys.ini
2012.09.04 10:53 B C:\inetpub\wwwroot\language\nb-NO\nb-NO.mod_menu.ini --> ftp3.ftptoyoursite.com /web/content/SITE-TEST/language/nb-NO nb-NO.mod_menu.ini
2012.09.04 10:53 B C:\inetpub\wwwroot\language\nb-NO\nb-NO.mod_menu.sys.ini --> ftp3.ftptoyoursite.com /web/content/SITE-TEST/language/nb-NO nb-NO.mod_menu.sys.ini
2012.09.04 10:53 B C:\inetpub\wwwroot\language\nb-NO\nb-NO.mod_random_image.ini --> ftp3.ftptoyoursite.com /web/content/SITE-TEST/language/nb-NO nb-NO.mod_random_image.ini
2012.09.04 10:53 B C:\inetpub\wwwroot\language\nb-NO\nb-NO.mod_random_image.sys.ini --> ftp3.ftptoyoursite.com /web/content/SITE-TEST/language/nb-NO nb-NO.mod_random_image.sys.ini
2012.09.04 10:53 B C:\inetpub\wwwroot\language\nb-NO\nb-NO.mod_related_items.ini --> ftp3.ftptoyoursite.com /web/content/SITE-TEST/language/nb-NO nb-NO.mod_related_items.ini
2012.09.04 10:53 B C:\inetpub\wwwroot\language\nb-NO\nb-NO.mod_related_items.sys.ini --> ftp3.ftptoyoursite.com /web/content/SITE-TEST/language/nb-NO nb-NO.mod_related_items.sys.ini
2012.09.04 10:53 B C:\inetpub\wwwroot\language\nb-NO\nb-NO.mod_search.ini --> ftp3.ftptoyoursite.com /web/content/SITE-TEST/language/nb-NO nb-NO.mod_search.ini
2012.09.04 10:53 B C:\inetpub\wwwroot\language\nb-NO\nb-NO.mod_search.sys.ini --> ftp3.ftptoyoursite.com /web/content/SITE-TEST/language/nb-NO nb-NO.mod_search.sys.ini
2012.09.04 10:53 B C:\inetpub\wwwroot\language\nb-NO\nb-NO.mod_stats.ini --> ftp3.ftptoyoursite.com /web/content/SITE-TEST/language/nb-NO nb-NO.mod_stats.ini
2012.09.04 10:53 B C:\inetpub\wwwroot\language\nb-NO\nb-NO.mod_stats.sys.ini --> ftp3.ftptoyoursite.com /web/content/SITE-TEST/language/nb-NO nb-NO.mod_stats.sys.ini
2012.09.04 10:53 B C:\inetpub\wwwroot\language\nb-NO\nb-NO.mod_syndicate.ini --> ftp3.ftptoyoursite.com /web/content/SITE-TEST/language/nb-NO nb-NO.mod_syndicate.ini
2012.09.04 10:53 B C:\inetpub\wwwroot\language\nb-NO\nb-NO.mod_syndicate.sys.ini --> ftp3.ftptoyoursite.com /web/content/SITE-TEST/language/nb-NO nb-NO.mod_syndicate.sys.ini
2012.09.04 10:53 B C:\inetpub\wwwroot\language\nb-NO\nb-NO.mod_users_latest.ini --> ftp3.ftptoyoursite.com /web/content/SITE-TEST/language/nb-NO nb-NO.mod_users_latest.ini
2012.09.04 10:53 B C:\inetpub\wwwroot\language\nb-NO\nb-NO.mod_users_latest.sys.ini --> ftp3.ftptoyoursite.com /web/content/SITE-TEST/language/nb-NO nb-NO.mod_users_latest.sys.ini
2012.09.04 10:53 B C:\inetpub\wwwroot\language\nb-NO\nb-NO.mod_weblinks.ini --> ftp3.ftptoyoursite.com /web/content/SITE-TEST/language/nb-NO nb-NO.mod_weblinks.ini
2012.09.04 10:53 B C:\inetpub\wwwroot\language\nb-NO\nb-NO.mod_weblinks.sys.ini --> ftp3.ftptoyoursite.com /web/content/SITE-TEST/language/nb-NO nb-NO.mod_weblinks.sys.ini
2012.09.04 10:53 B C:\inetpub\wwwroot\language\nb-NO\nb-NO.mod_whosonline.ini --> ftp3.ftptoyoursite.com /web/content/SITE-TEST/language/nb-NO nb-NO.mod_whosonline.ini
2012.09.04 10:53 B C:\inetpub\wwwroot\language\nb-NO\nb-NO.mod_whosonline.sys.ini --> ftp3.ftptoyoursite.com /web/content/SITE-TEST/language/nb-NO nb-NO.mod_whosonline.sys.ini
2012.09.04 10:53 B C:\inetpub\wwwroot\language\nb-NO\nb-NO.mod_wrapper.ini --> ftp3.ftptoyoursite.com /web/content/SITE-TEST/language/nb-NO nb-NO.mod_wrapper.ini
2012.09.04 10:53 B C:\inetpub\wwwroot\language\nb-NO\nb-NO.mod_wrapper.sys.ini --> ftp3.ftptoyoursite.com /web/content/SITE-TEST/language/nb-NO nb-NO.mod_wrapper.sys.ini
2012.09.04 10:53 B C:\inetpub\wwwroot\language\nb-NO\nb-NO.pkg_joomla.sys.ini --> ftp3.ftptoyoursite.com /web/content/SITE-TEST/language/nb-NO nb-NO.pkg_joomla.sys.ini
2012.09.04 10:53 B C:\inetpub\wwwroot\language\nb-NO\nb-NO.tpl_atomic.ini --> ftp3.ftptoyoursite.com /web/content/SITE-TEST/language/nb-NO nb-NO.tpl_atomic.ini
2012.09.04 10:53 B C:\inetpub\wwwroot\language\nb-NO\nb-NO.tpl_atomic.sys.ini --> ftp3.ftptoyoursite.com /web/content/SITE-TEST/language/nb-NO nb-NO.tpl_atomic.sys.ini
2012.09.04 10:53 B C:\inetpub\wwwroot\language\nb-NO\nb-NO.tpl_beez5.ini --> ftp3.ftptoyoursite.com /web/content/SITE-TEST/language/nb-NO nb-NO.tpl_beez5.ini
2012.09.04 10:53 B C:\inetpub\wwwroot\language\nb-NO\nb-NO.tpl_beez5.sys.ini --> ftp3.ftptoyoursite.com /web/content/SITE-TEST/language/nb-NO nb-NO.tpl_beez5.sys.ini
2012.09.04 10:53 B C:\inetpub\wwwroot\language\nb-NO\nb-NO.tpl_beez_20.ini --> ftp3.ftptoyoursite.com /web/content/SITE-TEST/language/nb-NO nb-NO.tpl_beez_20.ini
2012.09.04 10:53 B C:\inetpub\wwwroot\language\nb-NO\nb-NO.tpl_beez_20.sys.ini --> ftp3.ftptoyoursite.com /web/content/SITE-TEST/language/nb-NO nb-NO.tpl_beez_20.sys.ini
2012.09.04 10:53 B C:\inetpub\wwwroot\language\nb-NO\nb-NO.xml --> ftp3.ftptoyoursite.com /web/content/SITE-TEST/language/nb-NO nb-NO.xml
2012.09.04 10:53 B C:\inetpub\wwwroot\language\nb-NO\WS_FTP.LOG --> ftp3.ftptoyoursite.com /web/content/SITE-TEST/language/nb-NO WS_FTP.LOG
2012.09.06 15:12 B C:\inetpub\wwwroot\language\nb-NO\index.html --> ftp3.ftptoyoursite.com /web/content/SITEBACKUP_962012/language/nb-NO index.html
2012.09.06 15:12 B C:\inetpub\wwwroot\language\nb-NO\install.xml --> ftp3.ftptoyoursite.com /web/content/SITEBACKUP_962012/language/nb-NO install.xml
2012.09.06 15:12 B C:\inetpub\wwwroot\language\nb-NO\nb-NO.com_contact.ini --> ftp3.ftptoyoursite.com /web/content/SITEBACKUP_962012/language/nb-NO nb-NO.com_contact.ini
2012.09.06 15:12 B C:\inetpub\wwwroot\language\nb-NO\nb-NO.com_content.ini --> ftp3.ftptoyoursite.com /web/content/SITEBACKUP_962012/language/nb-NO nb-NO.com_content.ini
2012.09.06 15:12 B C:\inetpub\wwwroot\language\nb-NO\nb-NO.com_finder.ini --> ftp3.ftptoyoursite.com /web/content/SITEBACKUP_962012/language/nb-NO nb-NO.com_finder.ini
2012.09.06 15:12 B C:\inetpub\wwwroot\language\nb-NO\nb-NO.com_mailto.ini --> ftp3.ftptoyoursite.com /web/content/SITEBACKUP_962012/language/nb-NO nb-NO.com_mailto.ini
2012.09.06 15:12 B C:\inetpub\wwwroot\language\nb-NO\nb-NO.com_media.ini --> ftp3.ftptoyoursite.com /web/content/SITEBACKUP_962012/language/nb-NO nb-NO.com_media.ini
2012.09.06 15:12 B C:\inetpub\wwwroot\language\nb-NO\nb-NO.com_messages.ini --> ftp3.ftptoyoursite.com /web/content/SITEBACKUP_962012/language/nb-NO nb-NO.com_messages.ini
2012.09.06 15:12 B C:\inetpub\wwwroot\language\nb-NO\nb-NO.com_newsfeeds.ini --> ftp3.ftptoyoursite.com /web/content/SITEBACKUP_962012/language/nb-NO nb-NO.com_newsfeeds.ini
2012.09.06 15:12 B C:\inetpub\wwwroot\language\nb-NO\nb-NO.com_search.ini --> ftp3.ftptoyoursite.com /web/content/SITEBACKUP_962012/language/nb-NO nb-NO.com_search.ini
2012.09.06 15:12 B C:\inetpub\wwwroot\language\nb-NO\nb-NO.com_users.ini --> ftp3.ftptoyoursite.com /web/content/SITEBACKUP_962012/language/nb-NO nb-NO.com_users.ini
2012.09.06 15:12 B C:\inetpub\wwwroot\language\nb-NO\nb-NO.com_weblinks.ini --> ftp3.ftptoyoursite.com /web/content/SITEBACKUP_962012/language/nb-NO nb-NO.com_weblinks.ini
2012.09.06 15:12 B C:\inetpub\wwwroot\language\nb-NO\nb-NO.com_wrapper.ini --> ftp3.ftptoyoursite.com /web/content/SITEBACKUP_962012/language/nb-NO nb-NO.com_wrapper.ini
2012.09.06 15:12 B C:\inetpub\wwwroot\language\nb-NO\nb-NO.files_joomla.sys.ini --> ftp3.ftptoyoursite.com /web/content/SITEBACKUP_962012/language/nb-NO nb-NO.files_joomla.sys.ini
2012.09.06 15:12 B C:\inetpub\wwwroot\language\nb-NO\nb-NO.finder_cli.ini --> ftp3.ftptoyoursite.com /web/content/SITEBACKUP_962012/language/nb-NO nb-NO.finder_cli.ini
2012.09.06 15:12 B C:\inetpub\wwwroot\language\nb-NO\nb-NO.ini --> ftp3.ftptoyoursite.com /web/content/SITEBACKUP_962012/language/nb-NO nb-NO.ini
2012.09.06 15:12 B C:\inetpub\wwwroot\language\nb-NO\nb-NO.lib_joomla.ini --> ftp3.ftptoyoursite.com /web/content/SITEBACKUP_962012/language/nb-NO nb-NO.lib_joomla.ini
2012.09.06 15:12 B C:\inetpub\wwwroot\language\nb-NO\nb-NO.lib_joomla.sys.ini --> ftp3.ftptoyoursite.com /web/content/SITEBACKUP_962012/language/nb-NO nb-NO.lib_joomla.sys.ini
2012.09.06 15:12 B C:\inetpub\wwwroot\language\nb-NO\nb-NO.lib_phpmailer.sys.ini --> ftp3.ftptoyoursite.com /web/content/SITEBACKUP_962012/language/nb-NO nb-NO.lib_phpmailer.sys.ini
2012.09.06 15:12 B C:\inetpub\wwwroot\language\nb-NO\nb-NO.lib_phputf8.sys.ini --> ftp3.ftptoyoursite.com /web/content/SITEBACKUP_962012/language/nb-NO nb-NO.lib_phputf8.sys.ini
2012.09.06 15:12 B C:\inetpub\wwwroot\language\nb-NO\nb-NO.lib_simplepie.sys.ini --> ftp3.ftptoyoursite.com /web/content/SITEBACKUP_962012/language/nb-NO nb-NO.lib_simplepie.sys.ini
2012.09.06 15:12 B C:\inetpub\wwwroot\language\nb-NO\nb-NO.localise.php --> ftp3.ftptoyoursite.com /web/content/SITEBACKUP_962012/language/nb-NO nb-NO.localise.php
2012.09.06 15:12 B C:\inetpub\wwwroot\language\nb-NO\nb-NO.mod_articles_archive.ini --> ftp3.ftptoyoursite.com /web/content/SITEBACKUP_962012/language/nb-NO nb-NO.mod_articles_archive.ini
2012.09.06 15:12 B C:\inetpub\wwwroot\language\nb-NO\nb-NO.mod_articles_archive.sys.ini --> ftp3.ftptoyoursite.com /web/content/SITEBACKUP_962012/language/nb-NO nb-NO.mod_articles_archive.sys.ini
2012.09.06 15:12 B C:\inetpub\wwwroot\language\nb-NO\nb-NO.mod_articles_categories.ini --> ftp3.ftptoyoursite.com /web/content/SITEBACKUP_962012/language/nb-NO nb-NO.mod_articles_categories.ini
2012.09.06 15:12 B C:\inetpub\wwwroot\language\nb-NO\nb-NO.mod_articles_categories.sys.ini --> ftp3.ftptoyoursite.com /web/content/SITEBACKUP_962012/language/nb-NO nb-NO.mod_articles_categories.sys.ini
2012.09.06 15:12 B C:\inetpub\wwwroot\language\nb-NO\nb-NO.mod_articles_category.ini --> ftp3.ftptoyoursite.com /web/content/SITEBACKUP_962012/language/nb-NO nb-NO.mod_articles_category.ini
2012.09.06 15:12 B C:\inetpub\wwwroot\language\nb-NO\nb-NO.mod_articles_category.sys.ini --> ftp3.ftptoyoursite.com /web/content/SITEBACKUP_962012/language/nb-NO nb-NO.mod_articles_category.sys.ini
2012.09.06 15:12 B C:\inetpub\wwwroot\language\nb-NO\nb-NO.mod_articles_latest.ini --> ftp3.ftptoyoursite.com /web/content/SITEBACKUP_962012/language/nb-NO nb-NO.mod_articles_latest.ini
2012.09.06 15:12 B C:\inetpub\wwwroot\language\nb-NO\nb-NO.mod_articles_latest.sys.ini --> ftp3.ftptoyoursite.com /web/content/SITEBACKUP_962012/language/nb-NO nb-NO.mod_articles_latest.sys.ini
2012.09.06 15:12 B C:\inetpub\wwwroot\language\nb-NO\nb-NO.mod_articles_news.ini --> ftp3.ftptoyoursite.com /web/content/SITEBACKUP_962012/language/nb-NO nb-NO.mod_articles_news.ini
2012.09.06 15:12 B C:\inetpub\wwwroot\language\nb-NO\nb-NO.mod_articles_news.sys.ini --> ftp3.ftptoyoursite.com /web/content/SITEBACKUP_962012/language/nb-NO nb-NO.mod_articles_news.sys.ini
2012.09.06 15:12 B C:\inetpub\wwwroot\language\nb-NO\nb-NO.mod_articles_popular.ini --> ftp3.ftptoyoursite.com /web/content/SITEBACKUP_962012/language/nb-NO nb-NO.mod_articles_popular.ini
2012.09.06 15:12 B C:\inetpub\wwwroot\language\nb-NO\nb-NO.mod_articles_popular.sys.ini --> ftp3.ftptoyoursite.com /web/content/SITEBACKUP_962012/language/nb-NO nb-NO.mod_articles_popular.sys.ini
2012.09.06 15:12 B C:\inetpub\wwwroot\language\nb-NO\nb-NO.mod_banners.ini --> ftp3.ftptoyoursite.com /web/content/SITEBACKUP_962012/language/nb-NO nb-NO.mod_banners.ini
2012.09.06 15:12 B C:\inetpub\wwwroot\language\nb-NO\nb-NO.mod_banners.sys.ini --> ftp3.ftptoyoursite.com /web/content/SITEBACKUP_962012/language/nb-NO nb-NO.mod_banners.sys.ini
2012.09.06 15:12 B C:\inetpub\wwwroot\language\nb-NO\nb-NO.mod_breadcrumbs.ini --> ftp3.ftptoyoursite.com /web/content/SITEBACKUP_962012/language/nb-NO nb-NO.mod_breadcrumbs.ini
2012.09.06 15:12 B C:\inetpub\wwwroot\language\nb-NO\nb-NO.mod_breadcrumbs.sys.ini --> ftp3.ftptoyoursite.com /web/content/SITEBACKUP_962012/language/nb-NO nb-NO.mod_breadcrumbs.sys.ini
2012.09.06 15:12 B C:\inetpub\wwwroot\language\nb-NO\nb-NO.mod_custom.ini --> ftp3.ftptoyoursite.com /web/content/SITEBACKUP_962012/language/nb-NO nb-NO.mod_custom.ini
2012.09.06 15:12 B C:\inetpub\wwwroot\language\nb-NO\nb-NO.mod_custom.sys.ini --> ftp3.ftptoyoursite.com /web/content/SITEBACKUP_962012/language/nb-NO nb-NO.mod_custom.sys.ini
2012.09.06 15:12 B C:\inetpub\wwwroot\language\nb-NO\nb-NO.mod_feed.ini --> ftp3.ftptoyoursite.com /web/content/SITEBACKUP_962012/language/nb-NO nb-NO.mod_feed.ini
2012.09.06 15:12 B C:\inetpub\wwwroot\language\nb-NO\nb-NO.mod_feed.sys.ini --> ftp3.ftptoyoursite.com /web/content/SITEBACKUP_962012/language/nb-NO nb-NO.mod_feed.sys.ini
2012.09.06 15:12 B C:\inetpub\wwwroot\language\nb-NO\nb-NO.mod_finder.ini --> ftp3.ftptoyoursite.com /web/content/SITEBACKUP_962012/language/nb-NO nb-NO.mod_finder.ini
2012.09.06 15:12 B C:\inetpub\wwwroot\language\nb-NO\nb-NO.mod_finder.sys.ini --> ftp3.ftptoyoursite.com /web/content/SITEBACKUP_962012/language/nb-NO nb-NO.mod_finder.sys.ini
2012.09.06 15:12 B C:\inetpub\wwwroot\language\nb-NO\nb-NO.mod_footer.ini --> ftp3.ftptoyoursite.com /web/content/SITEBACKUP_962012/language/nb-NO nb-NO.mod_footer.ini
2012.09.06 15:12 B C:\inetpub\wwwroot\language\nb-NO\nb-NO.mod_footer.sys.ini --> ftp3.ftptoyoursite.com /web/content/SITEBACKUP_962012/language/nb-NO nb-NO.mod_footer.sys.ini
2012.09.06 15:12 B C:\inetpub\wwwroot\language\nb-NO\nb-NO.mod_languages.ini --> ftp3.ftptoyoursite.com /web/content/SITEBACKUP_962012/language/nb-NO nb-NO.mod_languages.ini
2012.09.06 15:12 B C:\inetpub\wwwroot\language\nb-NO\nb-NO.mod_languages.sys.ini --> ftp3.ftptoyoursite.com /web/content/SITEBACKUP_962012/language/nb-NO nb-NO.mod_languages.sys.ini
2012.09.06 15:12 B C:\inetpub\wwwroot\language\nb-NO\nb-NO.mod_login.ini --> ftp3.ftptoyoursite.com /web/content/SITEBACKUP_962012/language/nb-NO nb-NO.mod_login.ini
2012.09.06 15:12 B C:\inetpub\wwwroot\language\nb-NO\nb-NO.mod_login.sys.ini --> ftp3.ftptoyoursite.com /web/content/SITEBACKUP_962012/language/nb-NO nb-NO.mod_login.sys.ini
2012.09.06 15:12 B C:\inetpub\wwwroot\language\nb-NO\nb-NO.mod_menu.ini --> ftp3.ftptoyoursite.com /web/content/SITEBACKUP_962012/language/nb-NO nb-NO.mod_menu.ini
2012.09.06 15:12 B C:\inetpub\wwwroot\language\nb-NO\nb-NO.mod_menu.sys.ini --> ftp3.ftptoyoursite.com /web/content/SITEBACKUP_962012/language/nb-NO nb-NO.mod_menu.sys.ini
2012.09.06 15:12 B C:\inetpub\wwwroot\language\nb-NO\nb-NO.mod_random_image.ini --> ftp3.ftptoyoursite.com /web/content/SITEBACKUP_962012/language/nb-NO nb-NO.mod_random_image.ini
2012.09.06 15:12 B C:\inetpub\wwwroot\language\nb-NO\nb-NO.mod_random_image.sys.ini --> ftp3.ftptoyoursite.com /web/content/SITEBACKUP_962012/language/nb-NO nb-NO.mod_random_image.sys.ini
2012.09.06 15:12 B C:\inetpub\wwwroot\language\nb-NO\nb-NO.mod_related_items.ini --> ftp3.ftptoyoursite.com /web/content/SITEBACKUP_962012/language/nb-NO nb-NO.mod_related_items.ini
2012.09.06 15:12 B C:\inetpub\wwwroot\language\nb-NO\nb-NO.mod_related_items.sys.ini --> ftp3.ftptoyoursite.com /web/content/SITEBACKUP_962012/language/nb-NO nb-NO.mod_related_items.sys.ini
2012.09.06 15:12 B C:\inetpub\wwwroot\language\nb-NO\nb-NO.mod_search.ini --> ftp3.ftptoyoursite.com /web/content/SITEBACKUP_962012/language/nb-NO nb-NO.mod_search.ini
2012.09.06 15:12 B C:\inetpub\wwwroot\language\nb-NO\nb-NO.mod_search.sys.ini --> ftp3.ftptoyoursite.com /web/content/SITEBACKUP_962012/language/nb-NO nb-NO.mod_search.sys.ini
2012.09.06 15:12 B C:\inetpub\wwwroot\language\nb-NO\nb-NO.mod_stats.ini --> ftp3.ftptoyoursite.com /web/content/SITEBACKUP_962012/language/nb-NO nb-NO.mod_stats.ini
2012.09.06 15:12 B C:\inetpub\wwwroot\language\nb-NO\nb-NO.mod_stats.sys.ini --> ftp3.ftptoyoursite.com /web/content/SITEBACKUP_962012/language/nb-NO nb-NO.mod_stats.sys.ini
2012.09.06 15:12 B C:\inetpub\wwwroot\language\nb-NO\nb-NO.mod_syndicate.ini --> ftp3.ftptoyoursite.com /web/content/SITEBACKUP_962012/language/nb-NO nb-NO.mod_syndicate.ini
2012.09.06 15:12 B C:\inetpub\wwwroot\language\nb-NO\nb-NO.mod_syndicate.sys.ini --> ftp3.ftptoyoursite.com /web/content/SITEBACKUP_962012/language/nb-NO nb-NO.mod_syndicate.sys.ini
2012.09.06 15:12 B C:\inetpub\wwwroot\language\nb-NO\nb-NO.mod_users_latest.ini --> ftp3.ftptoyoursite.com /web/content/SITEBACKUP_962012/language/nb-NO nb-NO.mod_users_latest.ini
2012.09.06 15:12 B C:\inetpub\wwwroot\language\nb-NO\nb-NO.mod_users_latest.sys.ini --> ftp3.ftptoyoursite.com /web/content/SITEBACKUP_962012/language/nb-NO nb-NO.mod_users_latest.sys.ini
2012.09.06 15:12 B C:\inetpub\wwwroot\language\nb-NO\nb-NO.mod_weblinks.ini --> ftp3.ftptoyoursite.com /web/content/SITEBACKUP_962012/language/nb-NO nb-NO.mod_weblinks.ini
2012.09.06 15:12 B C:\inetpub\wwwroot\language\nb-NO\nb-NO.mod_weblinks.sys.ini --> ftp3.ftptoyoursite.com /web/content/SITEBACKUP_962012/language/nb-NO nb-NO.mod_weblinks.sys.ini
2012.09.06 15:12 B C:\inetpub\wwwroot\language\nb-NO\nb-NO.mod_whosonline.ini --> ftp3.ftptoyoursite.com /web/content/SITEBACKUP_962012/language/nb-NO nb-NO.mod_whosonline.ini
2012.09.06 15:12 B C:\inetpub\wwwroot\language\nb-NO\nb-NO.mod_whosonline.sys.ini --> ftp3.ftptoyoursite.com /web/content/SITEBACKUP_962012/language/nb-NO nb-NO.mod_whosonline.sys.ini
2012.09.06 15:12 B C:\inetpub\wwwroot\language\nb-NO\nb-NO.mod_wrapper.ini --> ftp3.ftptoyoursite.com /web/content/SITEBACKUP_962012/language/nb-NO nb-NO.mod_wrapper.ini
2012.09.06 15:12 B C:\inetpub\wwwroot\language\nb-NO\nb-NO.mod_wrapper.sys.ini --> ftp3.ftptoyoursite.com /web/content/SITEBACKUP_962012/language/nb-NO nb-NO.mod_wrapper.sys.ini
2012.09.06 15:12 B C:\inetpub\wwwroot\language\nb-NO\nb-NO.pkg_joomla.sys.ini --> ftp3.ftptoyoursite.com /web/content/SITEBACKUP_962012/language/nb-NO nb-NO.pkg_joomla.sys.ini
2012.09.06 15:12 B C:\inetpub\wwwroot\language\nb-NO\nb-NO.tpl_atomic.ini --> ftp3.ftptoyoursite.com /web/content/SITEBACKUP_962012/language/nb-NO nb-NO.tpl_atomic.ini
2012.09.06 15:12 B C:\inetpub\wwwroot\language\nb-NO\nb-NO.tpl_atomic.sys.ini --> ftp3.ftptoyoursite.com /web/content/SITEBACKUP_962012/language/nb-NO nb-NO.tpl_atomic.sys.ini
2012.09.06 15:12 B C:\inetpub\wwwroot\language\nb-NO\nb-NO.tpl_beez5.ini --> ftp3.ftptoyoursite.com /web/content/SITEBACKUP_962012/language/nb-NO nb-NO.tpl_beez5.ini
2012.09.06 15:12 B C:\inetpub\wwwroot\language\nb-NO\nb-NO.tpl_beez5.sys.ini --> ftp3.ftptoyoursite.com /web/content/SITEBACKUP_962012/language/nb-NO nb-NO.tpl_beez5.sys.ini
2012.09.06 15:12 B C:\inetpub\wwwroot\language\nb-NO\nb-NO.tpl_beez_20.ini --> ftp3.ftptoyoursite.com /web/content/SITEBACKUP_962012/language/nb-NO nb-NO.tpl_beez_20.ini
2012.09.06 15:12 B C:\inetpub\wwwroot\language\nb-NO\nb-NO.tpl_beez_20.sys.ini --> ftp3.ftptoyoursite.com /web/content/SITEBACKUP_962012/language/nb-NO nb-NO.tpl_beez_20.sys.ini
2012.09.06 15:12 B C:\inetpub\wwwroot\language\nb-NO\nb-NO.xml --> ftp3.ftptoyoursite.com /web/content/SITEBACKUP_962012/language/nb-NO nb-NO.xml
2012.09.06 15:12 B C:\inetpub\wwwroot\language\nb-NO\WS_FTP.LOG --> ftp3.ftptoyoursite.com /web/content/SITEBACKUP_962012/language/nb-NO WS_FTP.LOG
2012.10.23 09:14 B C:\inetpub\wwwroot\language\nb-NO\index.html --> ftp3.ftptoyoursite.com /web/content/language/nb-NO index.html
2012.10.23 09:14 B C:\inetpub\wwwroot\language\nb-NO\install.xml --> ftp3.ftptoyoursite.com /web/content/language/nb-NO install.xml
2012.10.23 09:14 B C:\inetpub\wwwroot\language\nb-NO\nb-NO.com_contact.ini --> ftp3.ftptoyoursite.com /web/content/language/nb-NO nb-NO.com_contact.ini
2012.10.23 09:14 B C:\inetpub\wwwroot\language\nb-NO\nb-NO.com_content.ini --> ftp3.ftptoyoursite.com /web/content/language/nb-NO nb-NO.com_content.ini
2012.10.23 09:14 B C:\inetpub\wwwroot\language\nb-NO\nb-NO.com_finder.ini --> ftp3.ftptoyoursite.com /web/content/language/nb-NO nb-NO.com_finder.ini
2012.10.23 09:14 B C:\inetpub\wwwroot\language\nb-NO\nb-NO.com_mailto.ini --> ftp3.ftptoyoursite.com /web/content/language/nb-NO nb-NO.com_mailto.ini
2012.10.23 09:14 B C:\inetpub\wwwroot\language\nb-NO\nb-NO.com_media.ini --> ftp3.ftptoyoursite.com /web/content/language/nb-NO nb-NO.com_media.ini
2012.10.23 09:14 B C:\inetpub\wwwroot\language\nb-NO\nb-NO.com_messages.ini --> ftp3.ftptoyoursite.com /web/content/language/nb-NO nb-NO.com_messages.ini
2012.10.23 09:14 B C:\inetpub\wwwroot\language\nb-NO\nb-NO.com_newsfeeds.ini --> ftp3.ftptoyoursite.com /web/content/language/nb-NO nb-NO.com_newsfeeds.ini
2012.10.23 09:14 B C:\inetpub\wwwroot\language\nb-NO\nb-NO.com_search.ini --> ftp3.ftptoyoursite.com /web/content/language/nb-NO nb-NO.com_search.ini
2012.10.23 09:14 B C:\inetpub\wwwroot\language\nb-NO\nb-NO.com_users.ini --> ftp3.ftptoyoursite.com /web/content/language/nb-NO nb-NO.com_users.ini
2012.10.23 09:14 B C:\inetpub\wwwroot\language\nb-NO\nb-NO.com_weblinks.ini --> ftp3.ftptoyoursite.com /web/content/language/nb-NO nb-NO.com_weblinks.ini
2012.10.23 09:14 B C:\inetpub\wwwroot\language\nb-NO\nb-NO.com_wrapper.ini --> ftp3.ftptoyoursite.com /web/content/language/nb-NO nb-NO.com_wrapper.ini
2012.10.23 09:14 B C:\inetpub\wwwroot\language\nb-NO\nb-NO.files_joomla.sys.ini --> ftp3.ftptoyoursite.com /web/content/language/nb-NO nb-NO.files_joomla.sys.ini
2012.10.23 09:14 B C:\inetpub\wwwroot\language\nb-NO\nb-NO.finder_cli.ini --> ftp3.ftptoyoursite.com /web/content/language/nb-NO nb-NO.finder_cli.ini
2012.10.23 09:14 B C:\inetpub\wwwroot\language\nb-NO\nb-NO.ini --> ftp3.ftptoyoursite.com /web/content/language/nb-NO nb-NO.ini
2012.10.23 09:14 B C:\inetpub\wwwroot\language\nb-NO\nb-NO.lib_joomla.ini --> ftp3.ftptoyoursite.com /web/content/language/nb-NO nb-NO.lib_joomla.ini
2012.10.23 09:14 B C:\inetpub\wwwroot\language\nb-NO\nb-NO.lib_joomla.sys.ini --> ftp3.ftptoyoursite.com /web/content/language/nb-NO nb-NO.lib_joomla.sys.ini
2012.10.23 09:14 B C:\inetpub\wwwroot\language\nb-NO\nb-NO.lib_phpmailer.sys.ini --> ftp3.ftptoyoursite.com /web/content/language/nb-NO nb-NO.lib_phpmailer.sys.ini
2012.10.23 09:14 B C:\inetpub\wwwroot\language\nb-NO\nb-NO.lib_phputf8.sys.ini --> ftp3.ftptoyoursite.com /web/content/language/nb-NO nb-NO.lib_phputf8.sys.ini
2012.10.23 09:14 B C:\inetpub\wwwroot\language\nb-NO\nb-NO.lib_simplepie.sys.ini --> ftp3.ftptoyoursite.com /web/content/language/nb-NO nb-NO.lib_simplepie.sys.ini
2012.10.23 09:14 B C:\inetpub\wwwroot\language\nb-NO\nb-NO.localise.php --> ftp3.ftptoyoursite.com /web/content/language/nb-NO nb-NO.localise.php
2012.10.23 09:14 B C:\inetpub\wwwroot\language\nb-NO\nb-NO.mod_articles_archive.ini --> ftp3.ftptoyoursite.com /web/content/language/nb-NO nb-NO.mod_articles_archive.ini
2012.10.23 09:14 B C:\inetpub\wwwroot\language\nb-NO\nb-NO.mod_articles_archive.sys.ini --> ftp3.ftptoyoursite.com /web/content/language/nb-NO nb-NO.mod_articles_archive.sys.ini
2012.10.23 09:14 B C:\inetpub\wwwroot\language\nb-NO\nb-NO.mod_articles_categories.ini --> ftp3.ftptoyoursite.com /web/content/language/nb-NO nb-NO.mod_articles_categories.ini
2012.10.23 09:14 B C:\inetpub\wwwroot\language\nb-NO\nb-NO.mod_articles_categories.sys.ini --> ftp3.ftptoyoursite.com /web/content/language/nb-NO nb-NO.mod_articles_categories.sys.ini
2012.10.23 09:14 B C:\inetpub\wwwroot\language\nb-NO\nb-NO.mod_articles_category.ini --> ftp3.ftptoyoursite.com /web/content/language/nb-NO nb-NO.mod_articles_category.ini
2012.10.23 09:14 B C:\inetpub\wwwroot\language\nb-NO\nb-NO.mod_articles_category.sys.ini --> ftp3.ftptoyoursite.com /web/content/language/nb-NO nb-NO.mod_articles_category.sys.ini
2012.10.23 09:14 B C:\inetpub\wwwroot\language\nb-NO\nb-NO.mod_articles_latest.ini --> ftp3.ftptoyoursite.com /web/content/language/nb-NO nb-NO.mod_articles_latest.ini
2012.10.23 09:14 B C:\inetpub\wwwroot\language\nb-NO\nb-NO.mod_articles_latest.sys.ini --> ftp3.ftptoyoursite.com /web/content/language/nb-NO nb-NO.mod_articles_latest.sys.ini
2012.10.23 09:14 B C:\inetpub\wwwroot\language\nb-NO\nb-NO.mod_articles_news.ini --> ftp3.ftptoyoursite.com /web/content/language/nb-NO nb-NO.mod_articles_news.ini
2012.10.23 09:14 B C:\inetpub\wwwroot\language\nb-NO\nb-NO.mod_articles_news.sys.ini --> ftp3.ftptoyoursite.com /web/content/language/nb-NO nb-NO.mod_articles_news.sys.ini
2012.10.23 09:14 B C:\inetpub\wwwroot\language\nb-NO\nb-NO.mod_articles_popular.ini --> ftp3.ftptoyoursite.com /web/content/language/nb-NO nb-NO.mod_articles_popular.ini
2012.10.23 09:14 B C:\inetpub\wwwroot\language\nb-NO\nb-NO.mod_articles_popular.sys.ini --> ftp3.ftptoyoursite.com /web/content/language/nb-NO nb-NO.mod_articles_popular.sys.ini
2012.10.23 09:14 B C:\inetpub\wwwroot\language\nb-NO\nb-NO.mod_banners.ini --> ftp3.ftptoyoursite.com /web/content/language/nb-NO nb-NO.mod_banners.ini
2012.10.23 09:14 B C:\inetpub\wwwroot\language\nb-NO\nb-NO.mod_banners.sys.ini --> ftp3.ftptoyoursite.com /web/content/language/nb-NO nb-NO.mod_banners.sys.ini
2012.10.23 09:14 B C:\inetpub\wwwroot\language\nb-NO\nb-NO.mod_breadcrumbs.ini --> ftp3.ftptoyoursite.com /web/content/language/nb-NO nb-NO.mod_breadcrumbs.ini
2012.10.23 09:14 B C:\inetpub\wwwroot\language\nb-NO\nb-NO.mod_breadcrumbs.sys.ini --> ftp3.ftptoyoursite.com /web/content/language/nb-NO nb-NO.mod_breadcrumbs.sys.ini
2012.10.23 09:14 B C:\inetpub\wwwroot\language\nb-NO\nb-NO.mod_custom.ini --> ftp3.ftptoyoursite.com /web/content/language/nb-NO nb-NO.mod_custom.ini
2012.10.23 09:14 B C:\inetpub\wwwroot\language\nb-NO\nb-NO.mod_custom.sys.ini --> ftp3.ftptoyoursite.com /web/content/language/nb-NO nb-NO.mod_custom.sys.ini
2012.10.23 09:14 B C:\inetpub\wwwroot\language\nb-NO\nb-NO.mod_feed.ini --> ftp3.ftptoyoursite.com /web/content/language/nb-NO nb-NO.mod_feed.ini
2012.10.23 09:14 B C:\inetpub\wwwroot\language\nb-NO\nb-NO.mod_feed.sys.ini --> ftp3.ftptoyoursite.com /web/content/language/nb-NO nb-NO.mod_feed.sys.ini
2012.10.23 09:14 B C:\inetpub\wwwroot\language\nb-NO\nb-NO.mod_finder.ini --> ftp3.ftptoyoursite.com /web/content/language/nb-NO nb-NO.mod_finder.ini
2012.10.23 09:14 B C:\inetpub\wwwroot\language\nb-NO\nb-NO.mod_finder.sys.ini --> ftp3.ftptoyoursite.com /web/content/language/nb-NO nb-NO.mod_finder.sys.ini
2012.10.23 09:14 B C:\inetpub\wwwroot\language\nb-NO\nb-NO.mod_footer.ini --> ftp3.ftptoyoursite.com /web/content/language/nb-NO nb-NO.mod_footer.ini
2012.10.23 09:14 B C:\inetpub\wwwroot\language\nb-NO\nb-NO.mod_footer.sys.ini --> ftp3.ftptoyoursite.com /web/content/language/nb-NO nb-NO.mod_footer.sys.ini
2012.10.23 09:14 B C:\inetpub\wwwroot\language\nb-NO\nb-NO.mod_languages.ini --> ftp3.ftptoyoursite.com /web/content/language/nb-NO nb-NO.mod_languages.ini
2012.10.23 09:14 B C:\inetpub\wwwroot\language\nb-NO\nb-NO.mod_languages.sys.ini --> ftp3.ftptoyoursite.com /web/content/language/nb-NO nb-NO.mod_languages.sys.ini
2012.10.23 09:14 B C:\inetpub\wwwroot\language\nb-NO\nb-NO.mod_login.ini --> ftp3.ftptoyoursite.com /web/content/language/nb-NO nb-NO.mod_login.ini
2012.10.23 09:14 B C:\inetpub\wwwroot\language\nb-NO\nb-NO.mod_login.sys.ini --> ftp3.ftptoyoursite.com /web/content/language/nb-NO nb-NO.mod_login.sys.ini
2012.10.23 09:14 B C:\inetpub\wwwroot\language\nb-NO\nb-NO.mod_menu.ini --> ftp3.ftptoyoursite.com /web/content/language/nb-NO nb-NO.mod_menu.ini
2012.10.23 09:14 B C:\inetpub\wwwroot\language\nb-NO\nb-NO.mod_menu.sys.ini --> ftp3.ftptoyoursite.com /web/content/language/nb-NO nb-NO.mod_menu.sys.ini
2012.10.23 09:14 B C:\inetpub\wwwroot\language\nb-NO\nb-NO.mod_random_image.ini --> ftp3.ftptoyoursite.com /web/content/language/nb-NO nb-NO.mod_random_image.ini
2012.10.23 09:14 B C:\inetpub\wwwroot\language\nb-NO\nb-NO.mod_random_image.sys.ini --> ftp3.ftptoyoursite.com /web/content/language/nb-NO nb-NO.mod_random_image.sys.ini
2012.10.23 09:14 B C:\inetpub\wwwroot\language\nb-NO\nb-NO.mod_related_items.ini --> ftp3.ftptoyoursite.com /web/content/language/nb-NO nb-NO.mod_related_items.ini
2012.10.23 09:14 B C:\inetpub\wwwroot\language\nb-NO\nb-NO.mod_related_items.sys.ini --> ftp3.ftptoyoursite.com /web/content/language/nb-NO nb-NO.mod_related_items.sys.ini
2012.10.23 09:14 B C:\inetpub\wwwroot\language\nb-NO\nb-NO.mod_search.ini --> ftp3.ftptoyoursite.com /web/content/language/nb-NO nb-NO.mod_search.ini
2012.10.23 09:14 B C:\inetpub\wwwroot\language\nb-NO\nb-NO.mod_search.sys.ini --> ftp3.ftptoyoursite.com /web/content/language/nb-NO nb-NO.mod_search.sys.ini
2012.10.23 09:14 B C:\inetpub\wwwroot\language\nb-NO\nb-NO.mod_stats.ini --> ftp3.ftptoyoursite.com /web/content/language/nb-NO nb-NO.mod_stats.ini
2012.10.23 09:14 B C:\inetpub\wwwroot\language\nb-NO\nb-NO.mod_stats.sys.ini --> ftp3.ftptoyoursite.com /web/content/language/nb-NO nb-NO.mod_stats.sys.ini
2012.10.23 09:14 B C:\inetpub\wwwroot\language\nb-NO\nb-NO.mod_syndicate.ini --> ftp3.ftptoyoursite.com /web/content/language/nb-NO nb-NO.mod_syndicate.ini
2012.10.23 09:14 B C:\inetpub\wwwroot\language\nb-NO\nb-NO.mod_syndicate.sys.ini --> ftp3.ftptoyoursite.com /web/content/language/nb-NO nb-NO.mod_syndicate.sys.ini
2012.10.23 09:14 B C:\inetpub\wwwroot\language\nb-NO\nb-NO.mod_users_latest.ini --> ftp3.ftptoyoursite.com /web/content/language/nb-NO nb-NO.mod_users_latest.ini
2012.10.23 09:14 B C:\inetpub\wwwroot\language\nb-NO\nb-NO.mod_users_latest.sys.ini --> ftp3.ftptoyoursite.com /web/content/language/nb-NO nb-NO.mod_users_latest.sys.ini
2012.10.23 09:14 B C:\inetpub\wwwroot\language\nb-NO\nb-NO.mod_weblinks.ini --> ftp3.ftptoyoursite.com /web/content/language/nb-NO nb-NO.mod_weblinks.ini
2012.10.23 09:14 B C:\inetpub\wwwroot\language\nb-NO\nb-NO.mod_weblinks.sys.ini --> ftp3.ftptoyoursite.com /web/content/language/nb-NO nb-NO.mod_weblinks.sys.ini
2012.10.23 09:14 B C:\inetpub\wwwroot\language\nb-NO\nb-NO.mod_whosonline.ini --> ftp3.ftptoyoursite.com /web/content/language/nb-NO nb-NO.mod_whosonline.ini
2012.10.23 09:14 B C:\inetpub\wwwroot\language\nb-NO\nb-NO.mod_whosonline.sys.ini --> ftp3.ftptoyoursite.com /web/content/language/nb-NO nb-NO.mod_whosonline.sys.ini
2012.10.23 09:14 B C:\inetpub\wwwroot\language\nb-NO\nb-NO.mod_wrapper.ini --> ftp3.ftptoyoursite.com /web/content/language/nb-NO nb-NO.mod_wrapper.ini
2012.10.23 09:14 B C:\inetpub\wwwroot\language\nb-NO\nb-NO.mod_wrapper.sys.ini --> ftp3.ftptoyoursite.com /web/content/language/nb-NO nb-NO.mod_wrapper.sys.ini
2012.10.23 09:14 B C:\inetpub\wwwroot\language\nb-NO\nb-NO.pkg_joomla.sys.ini --> ftp3.ftptoyoursite.com /web/content/language/nb-NO nb-NO.pkg_joomla.sys.ini
2012.10.23 09:14 B C:\inetpub\wwwroot\language\nb-NO\nb-NO.tpl_atomic.ini --> ftp3.ftptoyoursite.com /web/content/language/nb-NO nb-NO.tpl_atomic.ini
2012.10.23 09:14 B C:\inetpub\wwwroot\language\nb-NO\nb-NO.tpl_atomic.sys.ini --> ftp3.ftptoyoursite.com /web/content/language/nb-NO nb-NO.tpl_atomic.sys.ini
2012.10.23 09:14 B C:\inetpub\wwwroot\language\nb-NO\nb-NO.tpl_beez5.ini --> ftp3.ftptoyoursite.com /web/content/language/nb-NO nb-NO.tpl_beez5.ini
2012.10.23 09:14 B C:\inetpub\wwwroot\language\nb-NO\nb-NO.tpl_beez5.sys.ini --> ftp3.ftptoyoursite.com /web/content/language/nb-NO nb-NO.tpl_beez5.sys.ini
2012.10.23 09:14 B C:\inetpub\wwwroot\language\nb-NO\nb-NO.tpl_beez_20.ini --> ftp3.ftptoyoursite.com /web/content/language/nb-NO nb-NO.tpl_beez_20.ini
2012.10.23 09:14 B C:\inetpub\wwwroot\language\nb-NO\nb-NO.tpl_beez_20.sys.ini --> ftp3.ftptoyoursite.com /web/content/language/nb-NO nb-NO.tpl_beez_20.sys.ini
2012.10.23 09:14 B C:\inetpub\wwwroot\language\nb-NO\nb-NO.xml --> ftp3.ftptoyoursite.com /web/content/language/nb-NO nb-NO.xml
2012.10.23 09:14 B C:\inetpub\wwwroot\language\nb-NO\WS_FTP.LOG --> ftp3.ftptoyoursite.com /web/content/language/nb-NO WS_FTP.LOG
2013.02.01 14:53 B C:\inetpub\wwwroot\language\nb-NO\WS_FTP.LOG <-- Schubert Rackspace /web/content/language/nb-NO WS_FTP.LOG
