2012.07.25 12:18 B C:\Users\COBRIEN\Desktop\Schubert\libraries\joomla\string\index.html <-- Schubert Rackspace /web/content/libraries/joomla/string index.html
2012.07.25 12:18 B C:\Users\COBRIEN\Desktop\Schubert\libraries\joomla\string\normalise.php <-- Schubert Rackspace /web/content/libraries/joomla/string normalise.php
2012.07.25 12:18 B C:\Users\COBRIEN\Desktop\Schubert\libraries\joomla\string\string.php <-- Schubert Rackspace /web/content/libraries/joomla/string string.php
2012.07.25 12:18 B C:\Users\COBRIEN\Desktop\Schubert\libraries\joomla\string\stringnormalize.php <-- Schubert Rackspace /web/content/libraries/joomla/string stringnormalize.php
2012.09.04 10:54 B C:\inetpub\wwwroot\libraries\joomla\string\index.html --> ftp3.ftptoyoursite.com /web/content/SITE-TEST/libraries/joomla/string index.html
2012.09.04 10:54 B C:\inetpub\wwwroot\libraries\joomla\string\normalise.php --> ftp3.ftptoyoursite.com /web/content/SITE-TEST/libraries/joomla/string normalise.php
2012.09.04 10:54 B C:\inetpub\wwwroot\libraries\joomla\string\string.php --> ftp3.ftptoyoursite.com /web/content/SITE-TEST/libraries/joomla/string string.php
2012.09.04 10:54 B C:\inetpub\wwwroot\libraries\joomla\string\stringnormalize.php --> ftp3.ftptoyoursite.com /web/content/SITE-TEST/libraries/joomla/string stringnormalize.php
2012.09.04 10:54 B C:\inetpub\wwwroot\libraries\joomla\string\WS_FTP.LOG --> ftp3.ftptoyoursite.com /web/content/SITE-TEST/libraries/joomla/string WS_FTP.LOG
2012.09.06 15:13 B C:\inetpub\wwwroot\libraries\joomla\string\index.html --> ftp3.ftptoyoursite.com /web/content/SITEBACKUP_962012/libraries/joomla/string index.html
2012.09.06 15:13 B C:\inetpub\wwwroot\libraries\joomla\string\normalise.php --> ftp3.ftptoyoursite.com /web/content/SITEBACKUP_962012/libraries/joomla/string normalise.php
2012.09.06 15:13 B C:\inetpub\wwwroot\libraries\joomla\string\string.php --> ftp3.ftptoyoursite.com /web/content/SITEBACKUP_962012/libraries/joomla/string string.php
2012.09.06 15:13 B C:\inetpub\wwwroot\libraries\joomla\string\stringnormalize.php --> ftp3.ftptoyoursite.com /web/content/SITEBACKUP_962012/libraries/joomla/string stringnormalize.php
2012.09.06 15:13 B C:\inetpub\wwwroot\libraries\joomla\string\WS_FTP.LOG --> ftp3.ftptoyoursite.com /web/content/SITEBACKUP_962012/libraries/joomla/string WS_FTP.LOG
2012.10.23 09:15 B C:\inetpub\wwwroot\libraries\joomla\string\index.html --> ftp3.ftptoyoursite.com /web/content/libraries/joomla/string index.html
2012.10.23 09:15 B C:\inetpub\wwwroot\libraries\joomla\string\normalise.php --> ftp3.ftptoyoursite.com /web/content/libraries/joomla/string normalise.php
2012.10.23 09:15 B C:\inetpub\wwwroot\libraries\joomla\string\string.php --> ftp3.ftptoyoursite.com /web/content/libraries/joomla/string string.php
2012.10.23 09:15 B C:\inetpub\wwwroot\libraries\joomla\string\stringnormalize.php --> ftp3.ftptoyoursite.com /web/content/libraries/joomla/string stringnormalize.php
2012.10.23 09:15 B C:\inetpub\wwwroot\libraries\joomla\string\WS_FTP.LOG --> ftp3.ftptoyoursite.com /web/content/libraries/joomla/string WS_FTP.LOG
2013.02.01 14:54 B C:\inetpub\wwwroot\libraries\joomla\string\WS_FTP.LOG <-- Schubert Rackspace /web/content/libraries/joomla/string WS_FTP.LOG
