2012.07.25 12:16 B C:\Users\COBRIEN\Desktop\Schubert\components\com_users\models\index.html <-- Schubert Rackspace /web/content/components/com_users/models index.html
2012.07.25 12:16 B C:\Users\COBRIEN\Desktop\Schubert\components\com_users\models\login.php <-- Schubert Rackspace /web/content/components/com_users/models login.php
2012.07.25 12:16 B C:\Users\COBRIEN\Desktop\Schubert\components\com_users\models\profile.php <-- Schubert Rackspace /web/content/components/com_users/models profile.php
2012.07.25 12:16 B C:\Users\COBRIEN\Desktop\Schubert\components\com_users\models\registration.php <-- Schubert Rackspace /web/content/components/com_users/models registration.php
2012.07.25 12:16 B C:\Users\COBRIEN\Desktop\Schubert\components\com_users\models\remind.php <-- Schubert Rackspace /web/content/components/com_users/models remind.php
2012.07.25 12:16 B C:\Users\COBRIEN\Desktop\Schubert\components\com_users\models\reset.php <-- Schubert Rackspace /web/content/components/com_users/models reset.php
2012.09.04 10:52 B C:\inetpub\wwwroot\components\com_users\models\index.html --> ftp3.ftptoyoursite.com /web/content/SITE-TEST/components/com_users/models index.html
2012.09.04 10:52 B C:\inetpub\wwwroot\components\com_users\models\login.php --> ftp3.ftptoyoursite.com /web/content/SITE-TEST/components/com_users/models login.php
2012.09.04 10:52 B C:\inetpub\wwwroot\components\com_users\models\profile.php --> ftp3.ftptoyoursite.com /web/content/SITE-TEST/components/com_users/models profile.php
2012.09.04 10:52 B C:\inetpub\wwwroot\components\com_users\models\registration.php --> ftp3.ftptoyoursite.com /web/content/SITE-TEST/components/com_users/models registration.php
2012.09.04 10:52 B C:\inetpub\wwwroot\components\com_users\models\remind.php --> ftp3.ftptoyoursite.com /web/content/SITE-TEST/components/com_users/models remind.php
2012.09.04 10:52 B C:\inetpub\wwwroot\components\com_users\models\reset.php --> ftp3.ftptoyoursite.com /web/content/SITE-TEST/components/com_users/models reset.php
2012.09.04 10:52 B C:\inetpub\wwwroot\components\com_users\models\WS_FTP.LOG --> ftp3.ftptoyoursite.com /web/content/SITE-TEST/components/com_users/models WS_FTP.LOG
2012.09.06 15:09 B C:\inetpub\wwwroot\components\com_users\models\index.html --> ftp3.ftptoyoursite.com /web/content/SITEBACKUP_962012/components/com_users/models index.html
2012.09.06 15:09 B C:\inetpub\wwwroot\components\com_users\models\login.php --> ftp3.ftptoyoursite.com /web/content/SITEBACKUP_962012/components/com_users/models login.php
2012.09.06 15:09 B C:\inetpub\wwwroot\components\com_users\models\profile.php --> ftp3.ftptoyoursite.com /web/content/SITEBACKUP_962012/components/com_users/models profile.php
2012.09.06 15:09 B C:\inetpub\wwwroot\components\com_users\models\registration.php --> ftp3.ftptoyoursite.com /web/content/SITEBACKUP_962012/components/com_users/models registration.php
2012.09.06 15:09 B C:\inetpub\wwwroot\components\com_users\models\remind.php --> ftp3.ftptoyoursite.com /web/content/SITEBACKUP_962012/components/com_users/models remind.php
2012.09.06 15:09 B C:\inetpub\wwwroot\components\com_users\models\reset.php --> ftp3.ftptoyoursite.com /web/content/SITEBACKUP_962012/components/com_users/models reset.php
2012.09.06 15:09 B C:\inetpub\wwwroot\components\com_users\models\WS_FTP.LOG --> ftp3.ftptoyoursite.com /web/content/SITEBACKUP_962012/components/com_users/models WS_FTP.LOG
2012.09.06 15:49 B C:\inetpub\wwwroot\components\com_users\models\index.html <-- Schubert Rackspace /web/content/SITEBACKUP_962012/components/com_users/models index.html
2012.09.06 15:49 B C:\inetpub\wwwroot\components\com_users\models\login.php <-- Schubert Rackspace /web/content/SITEBACKUP_962012/components/com_users/models login.php
2012.09.06 15:49 B C:\inetpub\wwwroot\components\com_users\models\profile.php <-- Schubert Rackspace /web/content/SITEBACKUP_962012/components/com_users/models profile.php
2012.09.06 15:49 B C:\inetpub\wwwroot\components\com_users\models\registration.php <-- Schubert Rackspace /web/content/SITEBACKUP_962012/components/com_users/models registration.php
2012.09.06 15:49 B C:\inetpub\wwwroot\components\com_users\models\remind.php <-- Schubert Rackspace /web/content/SITEBACKUP_962012/components/com_users/models remind.php
2012.09.06 15:49 B C:\inetpub\wwwroot\components\com_users\models\reset.php <-- Schubert Rackspace /web/content/SITEBACKUP_962012/components/com_users/models reset.php
2012.10.23 09:12 B C:\inetpub\wwwroot\components\com_users\models\index.html --> ftp3.ftptoyoursite.com /web/content/components/com_users/models index.html
2012.10.23 09:12 B C:\inetpub\wwwroot\components\com_users\models\login.php --> ftp3.ftptoyoursite.com /web/content/components/com_users/models login.php
2012.10.23 09:12 B C:\inetpub\wwwroot\components\com_users\models\profile.php --> ftp3.ftptoyoursite.com /web/content/components/com_users/models profile.php
2012.10.23 09:12 B C:\inetpub\wwwroot\components\com_users\models\registration.php --> ftp3.ftptoyoursite.com /web/content/components/com_users/models registration.php
2012.10.23 09:12 B C:\inetpub\wwwroot\components\com_users\models\remind.php --> ftp3.ftptoyoursite.com /web/content/components/com_users/models remind.php
2012.10.23 09:12 B C:\inetpub\wwwroot\components\com_users\models\reset.php --> ftp3.ftptoyoursite.com /web/content/components/com_users/models reset.php
2013.02.01 14:50 B C:\inetpub\wwwroot\components\com_users\models\WS_FTP.LOG <-- Schubert Rackspace /web/content/components/com_users/models WS_FTP.LOG
