2012.07.25 12:11 B C:\Users\COBRIEN\Desktop\Schubert\administrator\components\com_media\views\medialist\tmpl\default.php <-- Schubert Rackspace /web/content/administrator/components/com_media/views/medialist/tmpl default.php
2012.07.25 12:11 B C:\Users\COBRIEN\Desktop\Schubert\administrator\components\com_media\views\medialist\tmpl\details.php <-- Schubert Rackspace /web/content/administrator/components/com_media/views/medialist/tmpl details.php
2012.07.25 12:11 B C:\Users\COBRIEN\Desktop\Schubert\administrator\components\com_media\views\medialist\tmpl\details_doc.php <-- Schubert Rackspace /web/content/administrator/components/com_media/views/medialist/tmpl details_doc.php
2012.07.25 12:11 B C:\Users\COBRIEN\Desktop\Schubert\administrator\components\com_media\views\medialist\tmpl\details_folder.php <-- Schubert Rackspace /web/content/administrator/components/com_media/views/medialist/tmpl details_folder.php
2012.07.25 12:11 B C:\Users\COBRIEN\Desktop\Schubert\administrator\components\com_media\views\medialist\tmpl\details_img.php <-- Schubert Rackspace /web/content/administrator/components/com_media/views/medialist/tmpl details_img.php
2012.07.25 12:11 B C:\Users\COBRIEN\Desktop\Schubert\administrator\components\com_media\views\medialist\tmpl\details_up.php <-- Schubert Rackspace /web/content/administrator/components/com_media/views/medialist/tmpl details_up.php
2012.07.25 12:11 B C:\Users\COBRIEN\Desktop\Schubert\administrator\components\com_media\views\medialist\tmpl\index.html <-- Schubert Rackspace /web/content/administrator/components/com_media/views/medialist/tmpl index.html
2012.07.25 12:11 B C:\Users\COBRIEN\Desktop\Schubert\administrator\components\com_media\views\medialist\tmpl\thumbs.php <-- Schubert Rackspace /web/content/administrator/components/com_media/views/medialist/tmpl thumbs.php
2012.07.25 12:11 B C:\Users\COBRIEN\Desktop\Schubert\administrator\components\com_media\views\medialist\tmpl\thumbs_doc.php <-- Schubert Rackspace /web/content/administrator/components/com_media/views/medialist/tmpl thumbs_doc.php
2012.07.25 12:11 B C:\Users\COBRIEN\Desktop\Schubert\administrator\components\com_media\views\medialist\tmpl\thumbs_folder.php <-- Schubert Rackspace /web/content/administrator/components/com_media/views/medialist/tmpl thumbs_folder.php
2012.07.25 12:11 B C:\Users\COBRIEN\Desktop\Schubert\administrator\components\com_media\views\medialist\tmpl\thumbs_img.php <-- Schubert Rackspace /web/content/administrator/components/com_media/views/medialist/tmpl thumbs_img.php
2012.07.25 12:11 B C:\Users\COBRIEN\Desktop\Schubert\administrator\components\com_media\views\medialist\tmpl\thumbs_up.php <-- Schubert Rackspace /web/content/administrator/components/com_media/views/medialist/tmpl thumbs_up.php
2012.09.04 10:45 B C:\inetpub\wwwroot\administrator\components\com_media\views\medialist\tmpl\default.php --> ftp3.ftptoyoursite.com /web/content/SITE-TEST/administrator/components/com_media/views/medialist/tmpl default.php
2012.09.04 10:45 B C:\inetpub\wwwroot\administrator\components\com_media\views\medialist\tmpl\details.php --> ftp3.ftptoyoursite.com /web/content/SITE-TEST/administrator/components/com_media/views/medialist/tmpl details.php
2012.09.04 10:45 B C:\inetpub\wwwroot\administrator\components\com_media\views\medialist\tmpl\details_doc.php --> ftp3.ftptoyoursite.com /web/content/SITE-TEST/administrator/components/com_media/views/medialist/tmpl details_doc.php
2012.09.04 10:45 B C:\inetpub\wwwroot\administrator\components\com_media\views\medialist\tmpl\details_folder.php --> ftp3.ftptoyoursite.com /web/content/SITE-TEST/administrator/components/com_media/views/medialist/tmpl details_folder.php
2012.09.04 10:45 B C:\inetpub\wwwroot\administrator\components\com_media\views\medialist\tmpl\details_img.php --> ftp3.ftptoyoursite.com /web/content/SITE-TEST/administrator/components/com_media/views/medialist/tmpl details_img.php
2012.09.04 10:45 B C:\inetpub\wwwroot\administrator\components\com_media\views\medialist\tmpl\details_up.php --> ftp3.ftptoyoursite.com /web/content/SITE-TEST/administrator/components/com_media/views/medialist/tmpl details_up.php
2012.09.04 10:45 B C:\inetpub\wwwroot\administrator\components\com_media\views\medialist\tmpl\index.html --> ftp3.ftptoyoursite.com /web/content/SITE-TEST/administrator/components/com_media/views/medialist/tmpl index.html
2012.09.04 10:45 B C:\inetpub\wwwroot\administrator\components\com_media\views\medialist\tmpl\thumbs.php --> ftp3.ftptoyoursite.com /web/content/SITE-TEST/administrator/components/com_media/views/medialist/tmpl thumbs.php
2012.09.04 10:45 B C:\inetpub\wwwroot\administrator\components\com_media\views\medialist\tmpl\thumbs_doc.php --> ftp3.ftptoyoursite.com /web/content/SITE-TEST/administrator/components/com_media/views/medialist/tmpl thumbs_doc.php
2012.09.04 10:45 B C:\inetpub\wwwroot\administrator\components\com_media\views\medialist\tmpl\thumbs_folder.php --> ftp3.ftptoyoursite.com /web/content/SITE-TEST/administrator/components/com_media/views/medialist/tmpl thumbs_folder.php
2012.09.04 10:45 B C:\inetpub\wwwroot\administrator\components\com_media\views\medialist\tmpl\thumbs_img.php --> ftp3.ftptoyoursite.com /web/content/SITE-TEST/administrator/components/com_media/views/medialist/tmpl thumbs_img.php
2012.09.04 10:45 B C:\inetpub\wwwroot\administrator\components\com_media\views\medialist\tmpl\thumbs_up.php --> ftp3.ftptoyoursite.com /web/content/SITE-TEST/administrator/components/com_media/views/medialist/tmpl thumbs_up.php
2012.09.04 10:45 B C:\inetpub\wwwroot\administrator\components\com_media\views\medialist\tmpl\WS_FTP.LOG --> ftp3.ftptoyoursite.com /web/content/SITE-TEST/administrator/components/com_media/views/medialist/tmpl WS_FTP.LOG
2012.09.06 15:00 B C:\inetpub\wwwroot\administrator\components\com_media\views\medialist\tmpl\default.php --> ftp3.ftptoyoursite.com /web/content/SITEBACKUP_962012/administrator/components/com_media/views/medialist/tmpl default.php
2012.09.06 15:00 B C:\inetpub\wwwroot\administrator\components\com_media\views\medialist\tmpl\details.php --> ftp3.ftptoyoursite.com /web/content/SITEBACKUP_962012/administrator/components/com_media/views/medialist/tmpl details.php
2012.09.06 15:00 B C:\inetpub\wwwroot\administrator\components\com_media\views\medialist\tmpl\details_doc.php --> ftp3.ftptoyoursite.com /web/content/SITEBACKUP_962012/administrator/components/com_media/views/medialist/tmpl details_doc.php
2012.09.06 15:00 B C:\inetpub\wwwroot\administrator\components\com_media\views\medialist\tmpl\details_folder.php --> ftp3.ftptoyoursite.com /web/content/SITEBACKUP_962012/administrator/components/com_media/views/medialist/tmpl details_folder.php
2012.09.06 15:00 B C:\inetpub\wwwroot\administrator\components\com_media\views\medialist\tmpl\details_img.php --> ftp3.ftptoyoursite.com /web/content/SITEBACKUP_962012/administrator/components/com_media/views/medialist/tmpl details_img.php
2012.09.06 15:00 B C:\inetpub\wwwroot\administrator\components\com_media\views\medialist\tmpl\details_up.php --> ftp3.ftptoyoursite.com /web/content/SITEBACKUP_962012/administrator/components/com_media/views/medialist/tmpl details_up.php
2012.09.06 15:00 B C:\inetpub\wwwroot\administrator\components\com_media\views\medialist\tmpl\index.html --> ftp3.ftptoyoursite.com /web/content/SITEBACKUP_962012/administrator/components/com_media/views/medialist/tmpl index.html
2012.09.06 15:00 B C:\inetpub\wwwroot\administrator\components\com_media\views\medialist\tmpl\thumbs.php --> ftp3.ftptoyoursite.com /web/content/SITEBACKUP_962012/administrator/components/com_media/views/medialist/tmpl thumbs.php
2012.09.06 15:00 B C:\inetpub\wwwroot\administrator\components\com_media\views\medialist\tmpl\thumbs_doc.php --> ftp3.ftptoyoursite.com /web/content/SITEBACKUP_962012/administrator/components/com_media/views/medialist/tmpl thumbs_doc.php
2012.09.06 15:00 B C:\inetpub\wwwroot\administrator\components\com_media\views\medialist\tmpl\thumbs_folder.php --> ftp3.ftptoyoursite.com /web/content/SITEBACKUP_962012/administrator/components/com_media/views/medialist/tmpl thumbs_folder.php
2012.09.06 15:00 B C:\inetpub\wwwroot\administrator\components\com_media\views\medialist\tmpl\thumbs_img.php --> ftp3.ftptoyoursite.com /web/content/SITEBACKUP_962012/administrator/components/com_media/views/medialist/tmpl thumbs_img.php
2012.09.06 15:00 B C:\inetpub\wwwroot\administrator\components\com_media\views\medialist\tmpl\thumbs_up.php --> ftp3.ftptoyoursite.com /web/content/SITEBACKUP_962012/administrator/components/com_media/views/medialist/tmpl thumbs_up.php
2012.09.06 15:00 B C:\inetpub\wwwroot\administrator\components\com_media\views\medialist\tmpl\WS_FTP.LOG --> ftp3.ftptoyoursite.com /web/content/SITEBACKUP_962012/administrator/components/com_media/views/medialist/tmpl WS_FTP.LOG
2012.09.06 15:21 B C:\inetpub\wwwroot\administrator\components\com_media\views\medialist\tmpl\default.php <-- Schubert Rackspace /web/content/administrator/components/com_media/views/medialist/tmpl default.php
2012.09.06 15:21 B C:\inetpub\wwwroot\administrator\components\com_media\views\medialist\tmpl\details.php <-- Schubert Rackspace /web/content/administrator/components/com_media/views/medialist/tmpl details.php
2012.09.06 15:21 B C:\inetpub\wwwroot\administrator\components\com_media\views\medialist\tmpl\details_doc.php <-- Schubert Rackspace /web/content/administrator/components/com_media/views/medialist/tmpl details_doc.php
2012.09.06 15:21 B C:\inetpub\wwwroot\administrator\components\com_media\views\medialist\tmpl\details_folder.php <-- Schubert Rackspace /web/content/administrator/components/com_media/views/medialist/tmpl details_folder.php
2012.09.06 15:21 B C:\inetpub\wwwroot\administrator\components\com_media\views\medialist\tmpl\details_img.php <-- Schubert Rackspace /web/content/administrator/components/com_media/views/medialist/tmpl details_img.php
2012.09.06 15:21 B C:\inetpub\wwwroot\administrator\components\com_media\views\medialist\tmpl\details_up.php <-- Schubert Rackspace /web/content/administrator/components/com_media/views/medialist/tmpl details_up.php
2012.09.06 15:21 B C:\inetpub\wwwroot\administrator\components\com_media\views\medialist\tmpl\index.html <-- Schubert Rackspace /web/content/administrator/components/com_media/views/medialist/tmpl index.html
2012.09.06 15:21 B C:\inetpub\wwwroot\administrator\components\com_media\views\medialist\tmpl\thumbs.php <-- Schubert Rackspace /web/content/administrator/components/com_media/views/medialist/tmpl thumbs.php
2012.09.06 15:21 B C:\inetpub\wwwroot\administrator\components\com_media\views\medialist\tmpl\thumbs_doc.php <-- Schubert Rackspace /web/content/administrator/components/com_media/views/medialist/tmpl thumbs_doc.php
2012.09.06 15:21 B C:\inetpub\wwwroot\administrator\components\com_media\views\medialist\tmpl\thumbs_folder.php <-- Schubert Rackspace /web/content/administrator/components/com_media/views/medialist/tmpl thumbs_folder.php
2012.09.06 15:21 B C:\inetpub\wwwroot\administrator\components\com_media\views\medialist\tmpl\thumbs_img.php <-- Schubert Rackspace /web/content/administrator/components/com_media/views/medialist/tmpl thumbs_img.php
2012.09.06 15:21 B C:\inetpub\wwwroot\administrator\components\com_media\views\medialist\tmpl\thumbs_up.php <-- Schubert Rackspace /web/content/administrator/components/com_media/views/medialist/tmpl thumbs_up.php
2012.09.06 15:44 B C:\inetpub\wwwroot\administrator\components\com_media\views\medialist\tmpl\default.php <-- Schubert Rackspace /web/content/SITEBACKUP_962012/administrator/components/com_media/views/medialist/tmpl default.php
2012.09.06 15:44 B C:\inetpub\wwwroot\administrator\components\com_media\views\medialist\tmpl\details.php <-- Schubert Rackspace /web/content/SITEBACKUP_962012/administrator/components/com_media/views/medialist/tmpl details.php
2012.09.06 15:44 B C:\inetpub\wwwroot\administrator\components\com_media\views\medialist\tmpl\details_doc.php <-- Schubert Rackspace /web/content/SITEBACKUP_962012/administrator/components/com_media/views/medialist/tmpl details_doc.php
2012.09.06 15:44 B C:\inetpub\wwwroot\administrator\components\com_media\views\medialist\tmpl\details_folder.php <-- Schubert Rackspace /web/content/SITEBACKUP_962012/administrator/components/com_media/views/medialist/tmpl details_folder.php
2012.09.06 15:44 B C:\inetpub\wwwroot\administrator\components\com_media\views\medialist\tmpl\details_img.php <-- Schubert Rackspace /web/content/SITEBACKUP_962012/administrator/components/com_media/views/medialist/tmpl details_img.php
2012.09.06 15:44 B C:\inetpub\wwwroot\administrator\components\com_media\views\medialist\tmpl\details_up.php <-- Schubert Rackspace /web/content/SITEBACKUP_962012/administrator/components/com_media/views/medialist/tmpl details_up.php
2012.09.06 15:44 B C:\inetpub\wwwroot\administrator\components\com_media\views\medialist\tmpl\index.html <-- Schubert Rackspace /web/content/SITEBACKUP_962012/administrator/components/com_media/views/medialist/tmpl index.html
2012.09.06 15:44 B C:\inetpub\wwwroot\administrator\components\com_media\views\medialist\tmpl\thumbs.php <-- Schubert Rackspace /web/content/SITEBACKUP_962012/administrator/components/com_media/views/medialist/tmpl thumbs.php
2012.09.06 15:44 B C:\inetpub\wwwroot\administrator\components\com_media\views\medialist\tmpl\thumbs_doc.php <-- Schubert Rackspace /web/content/SITEBACKUP_962012/administrator/components/com_media/views/medialist/tmpl thumbs_doc.php
2012.09.06 15:44 B C:\inetpub\wwwroot\administrator\components\com_media\views\medialist\tmpl\thumbs_folder.php <-- Schubert Rackspace /web/content/SITEBACKUP_962012/administrator/components/com_media/views/medialist/tmpl thumbs_folder.php
2012.09.06 15:44 B C:\inetpub\wwwroot\administrator\components\com_media\views\medialist\tmpl\thumbs_img.php <-- Schubert Rackspace /web/content/SITEBACKUP_962012/administrator/components/com_media/views/medialist/tmpl thumbs_img.php
2012.09.06 15:44 B C:\inetpub\wwwroot\administrator\components\com_media\views\medialist\tmpl\thumbs_up.php <-- Schubert Rackspace /web/content/SITEBACKUP_962012/administrator/components/com_media/views/medialist/tmpl thumbs_up.php
2012.10.23 09:05 B C:\inetpub\wwwroot\administrator\components\com_media\views\medialist\tmpl\default.php --> ftp3.ftptoyoursite.com /web/content/administrator/components/com_media/views/medialist/tmpl default.php
2012.10.23 09:05 B C:\inetpub\wwwroot\administrator\components\com_media\views\medialist\tmpl\details.php --> ftp3.ftptoyoursite.com /web/content/administrator/components/com_media/views/medialist/tmpl details.php
2012.10.23 09:05 B C:\inetpub\wwwroot\administrator\components\com_media\views\medialist\tmpl\details_doc.php --> ftp3.ftptoyoursite.com /web/content/administrator/components/com_media/views/medialist/tmpl details_doc.php
2012.10.23 09:05 B C:\inetpub\wwwroot\administrator\components\com_media\views\medialist\tmpl\details_folder.php --> ftp3.ftptoyoursite.com /web/content/administrator/components/com_media/views/medialist/tmpl details_folder.php
2012.10.23 09:05 B C:\inetpub\wwwroot\administrator\components\com_media\views\medialist\tmpl\details_img.php --> ftp3.ftptoyoursite.com /web/content/administrator/components/com_media/views/medialist/tmpl details_img.php
2012.10.23 09:05 B C:\inetpub\wwwroot\administrator\components\com_media\views\medialist\tmpl\details_up.php --> ftp3.ftptoyoursite.com /web/content/administrator/components/com_media/views/medialist/tmpl details_up.php
2012.10.23 09:05 B C:\inetpub\wwwroot\administrator\components\com_media\views\medialist\tmpl\index.html --> ftp3.ftptoyoursite.com /web/content/administrator/components/com_media/views/medialist/tmpl index.html
2012.10.23 09:05 B C:\inetpub\wwwroot\administrator\components\com_media\views\medialist\tmpl\thumbs.php --> ftp3.ftptoyoursite.com /web/content/administrator/components/com_media/views/medialist/tmpl thumbs.php
2012.10.23 09:05 B C:\inetpub\wwwroot\administrator\components\com_media\views\medialist\tmpl\thumbs_doc.php --> ftp3.ftptoyoursite.com /web/content/administrator/components/com_media/views/medialist/tmpl thumbs_doc.php
2012.10.23 09:05 B C:\inetpub\wwwroot\administrator\components\com_media\views\medialist\tmpl\thumbs_folder.php --> ftp3.ftptoyoursite.com /web/content/administrator/components/com_media/views/medialist/tmpl thumbs_folder.php
2012.10.23 09:05 B C:\inetpub\wwwroot\administrator\components\com_media\views\medialist\tmpl\thumbs_img.php --> ftp3.ftptoyoursite.com /web/content/administrator/components/com_media/views/medialist/tmpl thumbs_img.php
2012.10.23 09:05 B C:\inetpub\wwwroot\administrator\components\com_media\views\medialist\tmpl\thumbs_up.php --> ftp3.ftptoyoursite.com /web/content/administrator/components/com_media/views/medialist/tmpl thumbs_up.php
2012.10.23 09:05 B C:\inetpub\wwwroot\administrator\components\com_media\views\medialist\tmpl\WS_FTP.LOG --> ftp3.ftptoyoursite.com /web/content/administrator/components/com_media/views/medialist/tmpl WS_FTP.LOG
2013.02.01 14:42 B C:\inetpub\wwwroot\administrator\components\com_media\views\medialist\tmpl\WS_FTP.LOG <-- Schubert Rackspace /web/content/administrator/components/com_media/views/medialist/tmpl WS_FTP.LOG
