2012.07.25 12:11 B C:\Users\COBRIEN\Desktop\Schubert\administrator\components\com_jce\views\profiles\tmpl\default.php <-- Schubert Rackspace /web/content/administrator/components/com_jce/views/profiles/tmpl default.php
2012.07.25 12:11 B C:\Users\COBRIEN\Desktop\Schubert\administrator\components\com_jce\views\profiles\tmpl\form.php <-- Schubert Rackspace /web/content/administrator/components/com_jce/views/profiles/tmpl form.php
2012.07.25 12:11 B C:\Users\COBRIEN\Desktop\Schubert\administrator\components\com_jce\views\profiles\tmpl\form_editor.php <-- Schubert Rackspace /web/content/administrator/components/com_jce/views/profiles/tmpl form_editor.php
2012.07.25 12:11 B C:\Users\COBRIEN\Desktop\Schubert\administrator\components\com_jce\views\profiles\tmpl\form_features.php <-- Schubert Rackspace /web/content/administrator/components/com_jce/views/profiles/tmpl form_features.php
2012.07.25 12:11 B C:\Users\COBRIEN\Desktop\Schubert\administrator\components\com_jce\views\profiles\tmpl\form_plugin.php <-- Schubert Rackspace /web/content/administrator/components/com_jce/views/profiles/tmpl form_plugin.php
2012.07.25 12:11 B C:\Users\COBRIEN\Desktop\Schubert\administrator\components\com_jce\views\profiles\tmpl\form_setup.php <-- Schubert Rackspace /web/content/administrator/components/com_jce/views/profiles/tmpl form_setup.php
2012.07.25 12:11 B C:\Users\COBRIEN\Desktop\Schubert\administrator\components\com_jce\views\profiles\tmpl\index.html <-- Schubert Rackspace /web/content/administrator/components/com_jce/views/profiles/tmpl index.html
2012.09.04 10:45 B C:\inetpub\wwwroot\administrator\components\com_jce\views\profiles\tmpl\default.php --> ftp3.ftptoyoursite.com /web/content/SITE-TEST/administrator/components/com_jce/views/profiles/tmpl default.php
2012.09.04 10:45 B C:\inetpub\wwwroot\administrator\components\com_jce\views\profiles\tmpl\form.php --> ftp3.ftptoyoursite.com /web/content/SITE-TEST/administrator/components/com_jce/views/profiles/tmpl form.php
2012.09.04 10:45 B C:\inetpub\wwwroot\administrator\components\com_jce\views\profiles\tmpl\form_editor.php --> ftp3.ftptoyoursite.com /web/content/SITE-TEST/administrator/components/com_jce/views/profiles/tmpl form_editor.php
2012.09.04 10:45 B C:\inetpub\wwwroot\administrator\components\com_jce\views\profiles\tmpl\form_features.php --> ftp3.ftptoyoursite.com /web/content/SITE-TEST/administrator/components/com_jce/views/profiles/tmpl form_features.php
2012.09.04 10:45 B C:\inetpub\wwwroot\administrator\components\com_jce\views\profiles\tmpl\form_plugin.php --> ftp3.ftptoyoursite.com /web/content/SITE-TEST/administrator/components/com_jce/views/profiles/tmpl form_plugin.php
2012.09.04 10:45 B C:\inetpub\wwwroot\administrator\components\com_jce\views\profiles\tmpl\form_setup.php --> ftp3.ftptoyoursite.com /web/content/SITE-TEST/administrator/components/com_jce/views/profiles/tmpl form_setup.php
2012.09.04 10:45 B C:\inetpub\wwwroot\administrator\components\com_jce\views\profiles\tmpl\index.html --> ftp3.ftptoyoursite.com /web/content/SITE-TEST/administrator/components/com_jce/views/profiles/tmpl index.html
2012.09.04 10:45 B C:\inetpub\wwwroot\administrator\components\com_jce\views\profiles\tmpl\WS_FTP.LOG --> ftp3.ftptoyoursite.com /web/content/SITE-TEST/administrator/components/com_jce/views/profiles/tmpl WS_FTP.LOG
2012.09.06 14:59 B C:\inetpub\wwwroot\administrator\components\com_jce\views\profiles\tmpl\default.php --> ftp3.ftptoyoursite.com /web/content/SITEBACKUP_962012/administrator/components/com_jce/views/profiles/tmpl default.php
2012.09.06 14:59 B C:\inetpub\wwwroot\administrator\components\com_jce\views\profiles\tmpl\form.php --> ftp3.ftptoyoursite.com /web/content/SITEBACKUP_962012/administrator/components/com_jce/views/profiles/tmpl form.php
2012.09.06 14:59 B C:\inetpub\wwwroot\administrator\components\com_jce\views\profiles\tmpl\form_editor.php --> ftp3.ftptoyoursite.com /web/content/SITEBACKUP_962012/administrator/components/com_jce/views/profiles/tmpl form_editor.php
2012.09.06 14:59 B C:\inetpub\wwwroot\administrator\components\com_jce\views\profiles\tmpl\form_features.php --> ftp3.ftptoyoursite.com /web/content/SITEBACKUP_962012/administrator/components/com_jce/views/profiles/tmpl form_features.php
2012.09.06 14:59 B C:\inetpub\wwwroot\administrator\components\com_jce\views\profiles\tmpl\form_plugin.php --> ftp3.ftptoyoursite.com /web/content/SITEBACKUP_962012/administrator/components/com_jce/views/profiles/tmpl form_plugin.php
2012.09.06 14:59 B C:\inetpub\wwwroot\administrator\components\com_jce\views\profiles\tmpl\form_setup.php --> ftp3.ftptoyoursite.com /web/content/SITEBACKUP_962012/administrator/components/com_jce/views/profiles/tmpl form_setup.php
2012.09.06 14:59 B C:\inetpub\wwwroot\administrator\components\com_jce\views\profiles\tmpl\index.html --> ftp3.ftptoyoursite.com /web/content/SITEBACKUP_962012/administrator/components/com_jce/views/profiles/tmpl index.html
2012.09.06 14:59 B C:\inetpub\wwwroot\administrator\components\com_jce\views\profiles\tmpl\WS_FTP.LOG --> ftp3.ftptoyoursite.com /web/content/SITEBACKUP_962012/administrator/components/com_jce/views/profiles/tmpl WS_FTP.LOG
2012.09.06 15:21 B C:\inetpub\wwwroot\administrator\components\com_jce\views\profiles\tmpl\default.php <-- Schubert Rackspace /web/content/administrator/components/com_jce/views/profiles/tmpl default.php
2012.09.06 15:21 B C:\inetpub\wwwroot\administrator\components\com_jce\views\profiles\tmpl\form.php <-- Schubert Rackspace /web/content/administrator/components/com_jce/views/profiles/tmpl form.php
2012.09.06 15:21 B C:\inetpub\wwwroot\administrator\components\com_jce\views\profiles\tmpl\form_editor.php <-- Schubert Rackspace /web/content/administrator/components/com_jce/views/profiles/tmpl form_editor.php
2012.09.06 15:21 B C:\inetpub\wwwroot\administrator\components\com_jce\views\profiles\tmpl\form_features.php <-- Schubert Rackspace /web/content/administrator/components/com_jce/views/profiles/tmpl form_features.php
2012.09.06 15:21 B C:\inetpub\wwwroot\administrator\components\com_jce\views\profiles\tmpl\form_plugin.php <-- Schubert Rackspace /web/content/administrator/components/com_jce/views/profiles/tmpl form_plugin.php
2012.09.06 15:21 B C:\inetpub\wwwroot\administrator\components\com_jce\views\profiles\tmpl\form_setup.php <-- Schubert Rackspace /web/content/administrator/components/com_jce/views/profiles/tmpl form_setup.php
2012.09.06 15:21 B C:\inetpub\wwwroot\administrator\components\com_jce\views\profiles\tmpl\index.html <-- Schubert Rackspace /web/content/administrator/components/com_jce/views/profiles/tmpl index.html
2012.09.06 15:44 B C:\inetpub\wwwroot\administrator\components\com_jce\views\profiles\tmpl\default.php <-- Schubert Rackspace /web/content/SITEBACKUP_962012/administrator/components/com_jce/views/profiles/tmpl default.php
2012.09.06 15:44 B C:\inetpub\wwwroot\administrator\components\com_jce\views\profiles\tmpl\form.php <-- Schubert Rackspace /web/content/SITEBACKUP_962012/administrator/components/com_jce/views/profiles/tmpl form.php
2012.09.06 15:44 B C:\inetpub\wwwroot\administrator\components\com_jce\views\profiles\tmpl\form_editor.php <-- Schubert Rackspace /web/content/SITEBACKUP_962012/administrator/components/com_jce/views/profiles/tmpl form_editor.php
2012.09.06 15:44 B C:\inetpub\wwwroot\administrator\components\com_jce\views\profiles\tmpl\form_features.php <-- Schubert Rackspace /web/content/SITEBACKUP_962012/administrator/components/com_jce/views/profiles/tmpl form_features.php
2012.09.06 15:44 B C:\inetpub\wwwroot\administrator\components\com_jce\views\profiles\tmpl\form_plugin.php <-- Schubert Rackspace /web/content/SITEBACKUP_962012/administrator/components/com_jce/views/profiles/tmpl form_plugin.php
2012.09.06 15:44 B C:\inetpub\wwwroot\administrator\components\com_jce\views\profiles\tmpl\form_setup.php <-- Schubert Rackspace /web/content/SITEBACKUP_962012/administrator/components/com_jce/views/profiles/tmpl form_setup.php
2012.09.06 15:44 B C:\inetpub\wwwroot\administrator\components\com_jce\views\profiles\tmpl\index.html <-- Schubert Rackspace /web/content/SITEBACKUP_962012/administrator/components/com_jce/views/profiles/tmpl index.html
2012.10.23 09:05 B C:\inetpub\wwwroot\administrator\components\com_jce\views\profiles\tmpl\default.php --> ftp3.ftptoyoursite.com /web/content/administrator/components/com_jce/views/profiles/tmpl default.php
2012.10.23 09:05 B C:\inetpub\wwwroot\administrator\components\com_jce\views\profiles\tmpl\form.php --> ftp3.ftptoyoursite.com /web/content/administrator/components/com_jce/views/profiles/tmpl form.php
2012.10.23 09:05 B C:\inetpub\wwwroot\administrator\components\com_jce\views\profiles\tmpl\form_editor.php --> ftp3.ftptoyoursite.com /web/content/administrator/components/com_jce/views/profiles/tmpl form_editor.php
2012.10.23 09:05 B C:\inetpub\wwwroot\administrator\components\com_jce\views\profiles\tmpl\form_features.php --> ftp3.ftptoyoursite.com /web/content/administrator/components/com_jce/views/profiles/tmpl form_features.php
2012.10.23 09:05 B C:\inetpub\wwwroot\administrator\components\com_jce\views\profiles\tmpl\form_plugin.php --> ftp3.ftptoyoursite.com /web/content/administrator/components/com_jce/views/profiles/tmpl form_plugin.php
2012.10.23 09:05 B C:\inetpub\wwwroot\administrator\components\com_jce\views\profiles\tmpl\form_setup.php --> ftp3.ftptoyoursite.com /web/content/administrator/components/com_jce/views/profiles/tmpl form_setup.php
2012.10.23 09:05 B C:\inetpub\wwwroot\administrator\components\com_jce\views\profiles\tmpl\index.html --> ftp3.ftptoyoursite.com /web/content/administrator/components/com_jce/views/profiles/tmpl index.html
2012.10.23 09:05 B C:\inetpub\wwwroot\administrator\components\com_jce\views\profiles\tmpl\WS_FTP.LOG --> ftp3.ftptoyoursite.com /web/content/administrator/components/com_jce/views/profiles/tmpl WS_FTP.LOG
2013.02.01 14:41 B C:\inetpub\wwwroot\administrator\components\com_jce\views\profiles\tmpl\WS_FTP.LOG <-- Schubert Rackspace /web/content/administrator/components/com_jce/views/profiles/tmpl WS_FTP.LOG
