2012.07.25 12:18 B C:\Users\COBRIEN\Desktop\Schubert\media\editors\tinymce\jscripts\tiny_mce\plugins\xhtmlxtras\abbr.htm <-- Schubert Rackspace /web/content/media/editors/tinymce/jscripts/tiny_mce/plugins/xhtmlxtras abbr.htm
2012.07.25 12:18 B C:\Users\COBRIEN\Desktop\Schubert\media\editors\tinymce\jscripts\tiny_mce\plugins\xhtmlxtras\acronym.htm <-- Schubert Rackspace /web/content/media/editors/tinymce/jscripts/tiny_mce/plugins/xhtmlxtras acronym.htm
2012.07.25 12:18 B C:\Users\COBRIEN\Desktop\Schubert\media\editors\tinymce\jscripts\tiny_mce\plugins\xhtmlxtras\attributes.htm <-- Schubert Rackspace /web/content/media/editors/tinymce/jscripts/tiny_mce/plugins/xhtmlxtras attributes.htm
2012.07.25 12:18 B C:\Users\COBRIEN\Desktop\Schubert\media\editors\tinymce\jscripts\tiny_mce\plugins\xhtmlxtras\cite.htm <-- Schubert Rackspace /web/content/media/editors/tinymce/jscripts/tiny_mce/plugins/xhtmlxtras cite.htm
2012.07.25 12:18 B C:\Users\COBRIEN\Desktop\Schubert\media\editors\tinymce\jscripts\tiny_mce\plugins\xhtmlxtras\del.htm <-- Schubert Rackspace /web/content/media/editors/tinymce/jscripts/tiny_mce/plugins/xhtmlxtras del.htm
2012.07.25 12:18 B C:\Users\COBRIEN\Desktop\Schubert\media\editors\tinymce\jscripts\tiny_mce\plugins\xhtmlxtras\editor_plugin.js <-- Schubert Rackspace /web/content/media/editors/tinymce/jscripts/tiny_mce/plugins/xhtmlxtras editor_plugin.js
2012.07.25 12:18 B C:\Users\COBRIEN\Desktop\Schubert\media\editors\tinymce\jscripts\tiny_mce\plugins\xhtmlxtras\index.html <-- Schubert Rackspace /web/content/media/editors/tinymce/jscripts/tiny_mce/plugins/xhtmlxtras index.html
2012.07.25 12:18 B C:\Users\COBRIEN\Desktop\Schubert\media\editors\tinymce\jscripts\tiny_mce\plugins\xhtmlxtras\ins.htm <-- Schubert Rackspace /web/content/media/editors/tinymce/jscripts/tiny_mce/plugins/xhtmlxtras ins.htm
2012.09.04 10:55 B C:\inetpub\wwwroot\media\editors\tinymce\jscripts\tiny_mce\plugins\xhtmlxtras\abbr.htm --> ftp3.ftptoyoursite.com /web/content/SITE-TEST/media/editors/tinymce/jscripts/tiny_mce/plugins/xhtmlxtras abbr.htm
2012.09.04 10:55 B C:\inetpub\wwwroot\media\editors\tinymce\jscripts\tiny_mce\plugins\xhtmlxtras\acronym.htm --> ftp3.ftptoyoursite.com /web/content/SITE-TEST/media/editors/tinymce/jscripts/tiny_mce/plugins/xhtmlxtras acronym.htm
2012.09.04 10:55 B C:\inetpub\wwwroot\media\editors\tinymce\jscripts\tiny_mce\plugins\xhtmlxtras\attributes.htm --> ftp3.ftptoyoursite.com /web/content/SITE-TEST/media/editors/tinymce/jscripts/tiny_mce/plugins/xhtmlxtras attributes.htm
2012.09.04 10:55 B C:\inetpub\wwwroot\media\editors\tinymce\jscripts\tiny_mce\plugins\xhtmlxtras\cite.htm --> ftp3.ftptoyoursite.com /web/content/SITE-TEST/media/editors/tinymce/jscripts/tiny_mce/plugins/xhtmlxtras cite.htm
2012.09.04 10:55 B C:\inetpub\wwwroot\media\editors\tinymce\jscripts\tiny_mce\plugins\xhtmlxtras\del.htm --> ftp3.ftptoyoursite.com /web/content/SITE-TEST/media/editors/tinymce/jscripts/tiny_mce/plugins/xhtmlxtras del.htm
2012.09.04 10:55 B C:\inetpub\wwwroot\media\editors\tinymce\jscripts\tiny_mce\plugins\xhtmlxtras\editor_plugin.js --> ftp3.ftptoyoursite.com /web/content/SITE-TEST/media/editors/tinymce/jscripts/tiny_mce/plugins/xhtmlxtras editor_plugin.js
2012.09.04 10:55 B C:\inetpub\wwwroot\media\editors\tinymce\jscripts\tiny_mce\plugins\xhtmlxtras\index.html --> ftp3.ftptoyoursite.com /web/content/SITE-TEST/media/editors/tinymce/jscripts/tiny_mce/plugins/xhtmlxtras index.html
2012.09.04 10:55 B C:\inetpub\wwwroot\media\editors\tinymce\jscripts\tiny_mce\plugins\xhtmlxtras\ins.htm --> ftp3.ftptoyoursite.com /web/content/SITE-TEST/media/editors/tinymce/jscripts/tiny_mce/plugins/xhtmlxtras ins.htm
2012.09.04 10:55 B C:\inetpub\wwwroot\media\editors\tinymce\jscripts\tiny_mce\plugins\xhtmlxtras\WS_FTP.LOG --> ftp3.ftptoyoursite.com /web/content/SITE-TEST/media/editors/tinymce/jscripts/tiny_mce/plugins/xhtmlxtras WS_FTP.LOG
2012.09.06 15:13 B C:\inetpub\wwwroot\media\editors\tinymce\jscripts\tiny_mce\plugins\xhtmlxtras\abbr.htm --> ftp3.ftptoyoursite.com /web/content/SITEBACKUP_962012/media/editors/tinymce/jscripts/tiny_mce/plugins/xhtmlxtras abbr.htm
2012.09.06 15:13 B C:\inetpub\wwwroot\media\editors\tinymce\jscripts\tiny_mce\plugins\xhtmlxtras\acronym.htm --> ftp3.ftptoyoursite.com /web/content/SITEBACKUP_962012/media/editors/tinymce/jscripts/tiny_mce/plugins/xhtmlxtras acronym.htm
2012.09.06 15:13 B C:\inetpub\wwwroot\media\editors\tinymce\jscripts\tiny_mce\plugins\xhtmlxtras\attributes.htm --> ftp3.ftptoyoursite.com /web/content/SITEBACKUP_962012/media/editors/tinymce/jscripts/tiny_mce/plugins/xhtmlxtras attributes.htm
2012.09.06 15:13 B C:\inetpub\wwwroot\media\editors\tinymce\jscripts\tiny_mce\plugins\xhtmlxtras\cite.htm --> ftp3.ftptoyoursite.com /web/content/SITEBACKUP_962012/media/editors/tinymce/jscripts/tiny_mce/plugins/xhtmlxtras cite.htm
2012.09.06 15:13 B C:\inetpub\wwwroot\media\editors\tinymce\jscripts\tiny_mce\plugins\xhtmlxtras\del.htm --> ftp3.ftptoyoursite.com /web/content/SITEBACKUP_962012/media/editors/tinymce/jscripts/tiny_mce/plugins/xhtmlxtras del.htm
2012.09.06 15:13 B C:\inetpub\wwwroot\media\editors\tinymce\jscripts\tiny_mce\plugins\xhtmlxtras\editor_plugin.js --> ftp3.ftptoyoursite.com /web/content/SITEBACKUP_962012/media/editors/tinymce/jscripts/tiny_mce/plugins/xhtmlxtras editor_plugin.js
2012.09.06 15:13 B C:\inetpub\wwwroot\media\editors\tinymce\jscripts\tiny_mce\plugins\xhtmlxtras\index.html --> ftp3.ftptoyoursite.com /web/content/SITEBACKUP_962012/media/editors/tinymce/jscripts/tiny_mce/plugins/xhtmlxtras index.html
2012.09.06 15:13 B C:\inetpub\wwwroot\media\editors\tinymce\jscripts\tiny_mce\plugins\xhtmlxtras\ins.htm --> ftp3.ftptoyoursite.com /web/content/SITEBACKUP_962012/media/editors/tinymce/jscripts/tiny_mce/plugins/xhtmlxtras ins.htm
2012.09.06 15:13 B C:\inetpub\wwwroot\media\editors\tinymce\jscripts\tiny_mce\plugins\xhtmlxtras\WS_FTP.LOG --> ftp3.ftptoyoursite.com /web/content/SITEBACKUP_962012/media/editors/tinymce/jscripts/tiny_mce/plugins/xhtmlxtras WS_FTP.LOG
2012.10.23 09:16 B C:\inetpub\wwwroot\media\editors\tinymce\jscripts\tiny_mce\plugins\xhtmlxtras\abbr.htm --> ftp3.ftptoyoursite.com /web/content/media/editors/tinymce/jscripts/tiny_mce/plugins/xhtmlxtras abbr.htm
2012.10.23 09:16 B C:\inetpub\wwwroot\media\editors\tinymce\jscripts\tiny_mce\plugins\xhtmlxtras\acronym.htm --> ftp3.ftptoyoursite.com /web/content/media/editors/tinymce/jscripts/tiny_mce/plugins/xhtmlxtras acronym.htm
2012.10.23 09:16 B C:\inetpub\wwwroot\media\editors\tinymce\jscripts\tiny_mce\plugins\xhtmlxtras\attributes.htm --> ftp3.ftptoyoursite.com /web/content/media/editors/tinymce/jscripts/tiny_mce/plugins/xhtmlxtras attributes.htm
2012.10.23 09:16 B C:\inetpub\wwwroot\media\editors\tinymce\jscripts\tiny_mce\plugins\xhtmlxtras\cite.htm --> ftp3.ftptoyoursite.com /web/content/media/editors/tinymce/jscripts/tiny_mce/plugins/xhtmlxtras cite.htm
2012.10.23 09:16 B C:\inetpub\wwwroot\media\editors\tinymce\jscripts\tiny_mce\plugins\xhtmlxtras\del.htm --> ftp3.ftptoyoursite.com /web/content/media/editors/tinymce/jscripts/tiny_mce/plugins/xhtmlxtras del.htm
2012.10.23 09:16 B C:\inetpub\wwwroot\media\editors\tinymce\jscripts\tiny_mce\plugins\xhtmlxtras\editor_plugin.js --> ftp3.ftptoyoursite.com /web/content/media/editors/tinymce/jscripts/tiny_mce/plugins/xhtmlxtras editor_plugin.js
2012.10.23 09:16 B C:\inetpub\wwwroot\media\editors\tinymce\jscripts\tiny_mce\plugins\xhtmlxtras\index.html --> ftp3.ftptoyoursite.com /web/content/media/editors/tinymce/jscripts/tiny_mce/plugins/xhtmlxtras index.html
2012.10.23 09:16 B C:\inetpub\wwwroot\media\editors\tinymce\jscripts\tiny_mce\plugins\xhtmlxtras\ins.htm --> ftp3.ftptoyoursite.com /web/content/media/editors/tinymce/jscripts/tiny_mce/plugins/xhtmlxtras ins.htm
2012.10.23 09:16 B C:\inetpub\wwwroot\media\editors\tinymce\jscripts\tiny_mce\plugins\xhtmlxtras\WS_FTP.LOG --> ftp3.ftptoyoursite.com /web/content/media/editors/tinymce/jscripts/tiny_mce/plugins/xhtmlxtras WS_FTP.LOG
2013.02.01 14:55 B C:\inetpub\wwwroot\media\editors\tinymce\jscripts\tiny_mce\plugins\xhtmlxtras\WS_FTP.LOG <-- Schubert Rackspace /web/content/media/editors/tinymce/jscripts/tiny_mce/plugins/xhtmlxtras WS_FTP.LOG
