2012.07.25 12:19 B C:\Users\COBRIEN\Desktop\Schubert\modules\mod_arisexylightbox\includes\kernel\Utils\class.AppUtils.php <-- Schubert Rackspace /web/content/modules/mod_arisexylightbox/includes/kernel/Utils class.AppUtils.php
2012.07.25 12:19 B C:\Users\COBRIEN\Desktop\Schubert\modules\mod_arisexylightbox\includes\kernel\Utils\class.Utils.php <-- Schubert Rackspace /web/content/modules/mod_arisexylightbox/includes/kernel/Utils class.Utils.php
2012.07.25 12:19 B C:\Users\COBRIEN\Desktop\Schubert\modules\mod_arisexylightbox\includes\kernel\Utils\class.Utils2.php <-- Schubert Rackspace /web/content/modules/mod_arisexylightbox/includes/kernel/Utils class.Utils2.php
2012.07.25 12:19 B C:\Users\COBRIEN\Desktop\Schubert\modules\mod_arisexylightbox\includes\kernel\Utils\index.html <-- Schubert Rackspace /web/content/modules/mod_arisexylightbox/includes/kernel/Utils index.html
2012.09.04 10:56 B C:\inetpub\wwwroot\modules\mod_arisexylightbox\includes\kernel\Utils\class.AppUtils.php --> ftp3.ftptoyoursite.com /web/content/SITE-TEST/modules/mod_arisexylightbox/includes/kernel/Utils class.AppUtils.php
2012.09.04 10:56 B C:\inetpub\wwwroot\modules\mod_arisexylightbox\includes\kernel\Utils\class.Utils.php --> ftp3.ftptoyoursite.com /web/content/SITE-TEST/modules/mod_arisexylightbox/includes/kernel/Utils class.Utils.php
2012.09.04 10:56 B C:\inetpub\wwwroot\modules\mod_arisexylightbox\includes\kernel\Utils\class.Utils2.php --> ftp3.ftptoyoursite.com /web/content/SITE-TEST/modules/mod_arisexylightbox/includes/kernel/Utils class.Utils2.php
2012.09.04 10:56 B C:\inetpub\wwwroot\modules\mod_arisexylightbox\includes\kernel\Utils\index.html --> ftp3.ftptoyoursite.com /web/content/SITE-TEST/modules/mod_arisexylightbox/includes/kernel/Utils index.html
2012.09.04 10:56 B C:\inetpub\wwwroot\modules\mod_arisexylightbox\includes\kernel\Utils\WS_FTP.LOG --> ftp3.ftptoyoursite.com /web/content/SITE-TEST/modules/mod_arisexylightbox/includes/kernel/Utils WS_FTP.LOG
2012.09.06 15:14 B C:\inetpub\wwwroot\modules\mod_arisexylightbox\includes\kernel\Utils\class.AppUtils.php --> ftp3.ftptoyoursite.com /web/content/SITEBACKUP_962012/modules/mod_arisexylightbox/includes/kernel/Utils class.AppUtils.php
2012.09.06 15:14 B C:\inetpub\wwwroot\modules\mod_arisexylightbox\includes\kernel\Utils\class.Utils.php --> ftp3.ftptoyoursite.com /web/content/SITEBACKUP_962012/modules/mod_arisexylightbox/includes/kernel/Utils class.Utils.php
2012.09.06 15:14 B C:\inetpub\wwwroot\modules\mod_arisexylightbox\includes\kernel\Utils\class.Utils2.php --> ftp3.ftptoyoursite.com /web/content/SITEBACKUP_962012/modules/mod_arisexylightbox/includes/kernel/Utils class.Utils2.php
2012.09.06 15:14 B C:\inetpub\wwwroot\modules\mod_arisexylightbox\includes\kernel\Utils\index.html --> ftp3.ftptoyoursite.com /web/content/SITEBACKUP_962012/modules/mod_arisexylightbox/includes/kernel/Utils index.html
2012.09.06 15:14 B C:\inetpub\wwwroot\modules\mod_arisexylightbox\includes\kernel\Utils\WS_FTP.LOG --> ftp3.ftptoyoursite.com /web/content/SITEBACKUP_962012/modules/mod_arisexylightbox/includes/kernel/Utils WS_FTP.LOG
2012.10.23 09:16 B C:\inetpub\wwwroot\modules\mod_arisexylightbox\includes\kernel\Utils\class.AppUtils.php --> ftp3.ftptoyoursite.com /web/content/modules/mod_arisexylightbox/includes/kernel/Utils class.AppUtils.php
2012.10.23 09:16 B C:\inetpub\wwwroot\modules\mod_arisexylightbox\includes\kernel\Utils\class.Utils.php --> ftp3.ftptoyoursite.com /web/content/modules/mod_arisexylightbox/includes/kernel/Utils class.Utils.php
2012.10.23 09:16 B C:\inetpub\wwwroot\modules\mod_arisexylightbox\includes\kernel\Utils\class.Utils2.php --> ftp3.ftptoyoursite.com /web/content/modules/mod_arisexylightbox/includes/kernel/Utils class.Utils2.php
2012.10.23 09:16 B C:\inetpub\wwwroot\modules\mod_arisexylightbox\includes\kernel\Utils\index.html --> ftp3.ftptoyoursite.com /web/content/modules/mod_arisexylightbox/includes/kernel/Utils index.html
2012.10.23 09:16 B C:\inetpub\wwwroot\modules\mod_arisexylightbox\includes\kernel\Utils\WS_FTP.LOG --> ftp3.ftptoyoursite.com /web/content/modules/mod_arisexylightbox/includes/kernel/Utils WS_FTP.LOG
2013.02.01 15:02 B C:\inetpub\wwwroot\modules\mod_arisexylightbox\includes\kernel\Utils\WS_FTP.LOG <-- Schubert Rackspace /web/content/modules/mod_arisexylightbox/includes/kernel/Utils WS_FTP.LOG
