2012.07.25 12:12 B C:\Users\COBRIEN\Desktop\Schubert\administrator\help\en-GB\Components_Banners_Banners.html <-- Schubert Rackspace /web/content/administrator/help/en-GB Components_Banners_Banners.html
2012.07.25 12:12 B C:\Users\COBRIEN\Desktop\Schubert\administrator\help\en-GB\Components_Banners_Banners_Edit.html <-- Schubert Rackspace /web/content/administrator/help/en-GB Components_Banners_Banners_Edit.html
2012.07.25 12:12 B C:\Users\COBRIEN\Desktop\Schubert\administrator\help\en-GB\Components_Banners_Categories.html <-- Schubert Rackspace /web/content/administrator/help/en-GB Components_Banners_Categories.html
2012.07.25 12:12 B C:\Users\COBRIEN\Desktop\Schubert\administrator\help\en-GB\Components_Banners_Category_Edit.html <-- Schubert Rackspace /web/content/administrator/help/en-GB Components_Banners_Category_Edit.html
2012.07.25 12:12 B C:\Users\COBRIEN\Desktop\Schubert\administrator\help\en-GB\Components_Banners_Clients.html <-- Schubert Rackspace /web/content/administrator/help/en-GB Components_Banners_Clients.html
2012.07.25 12:12 B C:\Users\COBRIEN\Desktop\Schubert\administrator\help\en-GB\Components_Banners_Clients_Edit.html <-- Schubert Rackspace /web/content/administrator/help/en-GB Components_Banners_Clients_Edit.html
2012.07.25 12:12 B C:\Users\COBRIEN\Desktop\Schubert\administrator\help\en-GB\Components_Banners_Tracks.html <-- Schubert Rackspace /web/content/administrator/help/en-GB Components_Banners_Tracks.html
2012.07.25 12:12 B C:\Users\COBRIEN\Desktop\Schubert\administrator\help\en-GB\Components_Contact_Categories.html <-- Schubert Rackspace /web/content/administrator/help/en-GB Components_Contact_Categories.html
2012.07.25 12:12 B C:\Users\COBRIEN\Desktop\Schubert\administrator\help\en-GB\Components_Contact_Category_Edit.html <-- Schubert Rackspace /web/content/administrator/help/en-GB Components_Contact_Category_Edit.html
2012.07.25 12:12 B C:\Users\COBRIEN\Desktop\Schubert\administrator\help\en-GB\Components_Contacts_Contacts.html <-- Schubert Rackspace /web/content/administrator/help/en-GB Components_Contacts_Contacts.html
2012.07.25 12:12 B C:\Users\COBRIEN\Desktop\Schubert\administrator\help\en-GB\Components_Contacts_Contacts_Edit.html <-- Schubert Rackspace /web/content/administrator/help/en-GB Components_Contacts_Contacts_Edit.html
2012.07.25 12:12 B C:\Users\COBRIEN\Desktop\Schubert\administrator\help\en-GB\Components_Content_Categories.html <-- Schubert Rackspace /web/content/administrator/help/en-GB Components_Content_Categories.html
2012.07.25 12:12 B C:\Users\COBRIEN\Desktop\Schubert\administrator\help\en-GB\Components_Content_Category_Edit.html <-- Schubert Rackspace /web/content/administrator/help/en-GB Components_Content_Category_Edit.html
2012.07.25 12:12 B C:\Users\COBRIEN\Desktop\Schubert\administrator\help\en-GB\Components_Messaging_Inbox.html <-- Schubert Rackspace /web/content/administrator/help/en-GB Components_Messaging_Inbox.html
2012.07.25 12:12 B C:\Users\COBRIEN\Desktop\Schubert\administrator\help\en-GB\Components_Messaging_Read.html <-- Schubert Rackspace /web/content/administrator/help/en-GB Components_Messaging_Read.html
2012.07.25 12:12 B C:\Users\COBRIEN\Desktop\Schubert\administrator\help\en-GB\Components_Messaging_Write.html <-- Schubert Rackspace /web/content/administrator/help/en-GB Components_Messaging_Write.html
2012.07.25 12:12 B C:\Users\COBRIEN\Desktop\Schubert\administrator\help\en-GB\Components_Newsfeeds_Categories.html <-- Schubert Rackspace /web/content/administrator/help/en-GB Components_Newsfeeds_Categories.html
2012.07.25 12:12 B C:\Users\COBRIEN\Desktop\Schubert\administrator\help\en-GB\Components_Newsfeeds_Category_Edit.html <-- Schubert Rackspace /web/content/administrator/help/en-GB Components_Newsfeeds_Category_Edit.html
2012.07.25 12:12 B C:\Users\COBRIEN\Desktop\Schubert\administrator\help\en-GB\Components_Newsfeeds_Feeds.html <-- Schubert Rackspace /web/content/administrator/help/en-GB Components_Newsfeeds_Feeds.html
2012.07.25 12:12 B C:\Users\COBRIEN\Desktop\Schubert\administrator\help\en-GB\Components_Newsfeeds_Feeds_Edit.html <-- Schubert Rackspace /web/content/administrator/help/en-GB Components_Newsfeeds_Feeds_Edit.html
2012.07.25 12:12 B C:\Users\COBRIEN\Desktop\Schubert\administrator\help\en-GB\Components_Redirect_Manager.html <-- Schubert Rackspace /web/content/administrator/help/en-GB Components_Redirect_Manager.html
2012.07.25 12:12 B C:\Users\COBRIEN\Desktop\Schubert\administrator\help\en-GB\Components_Redirect_Manager_Edit.html <-- Schubert Rackspace /web/content/administrator/help/en-GB Components_Redirect_Manager_Edit.html
2012.07.25 12:12 B C:\Users\COBRIEN\Desktop\Schubert\administrator\help\en-GB\Components_Search.html <-- Schubert Rackspace /web/content/administrator/help/en-GB Components_Search.html
2012.07.25 12:12 B C:\Users\COBRIEN\Desktop\Schubert\administrator\help\en-GB\Components_Weblinks_Categories.html <-- Schubert Rackspace /web/content/administrator/help/en-GB Components_Weblinks_Categories.html
2012.07.25 12:12 B C:\Users\COBRIEN\Desktop\Schubert\administrator\help\en-GB\Components_Weblinks_Category_Edit.html <-- Schubert Rackspace /web/content/administrator/help/en-GB Components_Weblinks_Category_Edit.html
2012.07.25 12:12 B C:\Users\COBRIEN\Desktop\Schubert\administrator\help\en-GB\Components_Weblinks_Links.html <-- Schubert Rackspace /web/content/administrator/help/en-GB Components_Weblinks_Links.html
2012.07.25 12:12 B C:\Users\COBRIEN\Desktop\Schubert\administrator\help\en-GB\Components_Weblinks_Links_Edit.html <-- Schubert Rackspace /web/content/administrator/help/en-GB Components_Weblinks_Links_Edit.html
2012.07.25 12:12 B C:\Users\COBRIEN\Desktop\Schubert\administrator\help\en-GB\Content_Article_Manager.html <-- Schubert Rackspace /web/content/administrator/help/en-GB Content_Article_Manager.html
2012.07.25 12:12 B C:\Users\COBRIEN\Desktop\Schubert\administrator\help\en-GB\Content_Article_Manager_Edit.html <-- Schubert Rackspace /web/content/administrator/help/en-GB Content_Article_Manager_Edit.html
2012.07.25 12:12 B C:\Users\COBRIEN\Desktop\Schubert\administrator\help\en-GB\Content_Featured_Articles.html <-- Schubert Rackspace /web/content/administrator/help/en-GB Content_Featured_Articles.html
2012.07.25 12:12 B C:\Users\COBRIEN\Desktop\Schubert\administrator\help\en-GB\Content_Media_Manager.html <-- Schubert Rackspace /web/content/administrator/help/en-GB Content_Media_Manager.html
2012.07.25 12:12 B C:\Users\COBRIEN\Desktop\Schubert\administrator\help\en-GB\Extensions_Extension_Manager_Discover.html <-- Schubert Rackspace /web/content/administrator/help/en-GB Extensions_Extension_Manager_Discover.html
2012.07.25 12:12 B C:\Users\COBRIEN\Desktop\Schubert\administrator\help\en-GB\Extensions_Extension_Manager_Install.html <-- Schubert Rackspace /web/content/administrator/help/en-GB Extensions_Extension_Manager_Install.html
2012.07.25 12:12 B C:\Users\COBRIEN\Desktop\Schubert\administrator\help\en-GB\Extensions_Extension_Manager_Manage.html <-- Schubert Rackspace /web/content/administrator/help/en-GB Extensions_Extension_Manager_Manage.html
2012.07.25 12:12 B C:\Users\COBRIEN\Desktop\Schubert\administrator\help\en-GB\Extensions_Extension_Manager_Update.html <-- Schubert Rackspace /web/content/administrator/help/en-GB Extensions_Extension_Manager_Update.html
2012.07.25 12:12 B C:\Users\COBRIEN\Desktop\Schubert\administrator\help\en-GB\Extensions_Extension_Manager_Warnings.html <-- Schubert Rackspace /web/content/administrator/help/en-GB Extensions_Extension_Manager_Warnings.html
2012.07.25 12:12 B C:\Users\COBRIEN\Desktop\Schubert\administrator\help\en-GB\Extensions_Language_Manager_Content.html <-- Schubert Rackspace /web/content/administrator/help/en-GB Extensions_Language_Manager_Content.html
2012.07.25 12:12 B C:\Users\COBRIEN\Desktop\Schubert\administrator\help\en-GB\Extensions_Language_Manager_Edit.html <-- Schubert Rackspace /web/content/administrator/help/en-GB Extensions_Language_Manager_Edit.html
2012.07.25 12:12 B C:\Users\COBRIEN\Desktop\Schubert\administrator\help\en-GB\Extensions_Language_Manager_Installed.html <-- Schubert Rackspace /web/content/administrator/help/en-GB Extensions_Language_Manager_Installed.html
2012.07.25 12:12 B C:\Users\COBRIEN\Desktop\Schubert\administrator\help\en-GB\Extensions_Module_Manager.html <-- Schubert Rackspace /web/content/administrator/help/en-GB Extensions_Module_Manager.html
2012.07.25 12:12 B C:\Users\COBRIEN\Desktop\Schubert\administrator\help\en-GB\Extensions_Module_Manager_Edit.html <-- Schubert Rackspace /web/content/administrator/help/en-GB Extensions_Module_Manager_Edit.html
2012.07.25 12:12 B C:\Users\COBRIEN\Desktop\Schubert\administrator\help\en-GB\Extensions_Plugin_Manager.html <-- Schubert Rackspace /web/content/administrator/help/en-GB Extensions_Plugin_Manager.html
2012.07.25 12:12 B C:\Users\COBRIEN\Desktop\Schubert\administrator\help\en-GB\Extensions_Plugin_Manager_Edit.html <-- Schubert Rackspace /web/content/administrator/help/en-GB Extensions_Plugin_Manager_Edit.html
2012.07.25 12:12 B C:\Users\COBRIEN\Desktop\Schubert\administrator\help\en-GB\Extensions_Template_Manager_Styles.html <-- Schubert Rackspace /web/content/administrator/help/en-GB Extensions_Template_Manager_Styles.html
2012.07.25 12:12 B C:\Users\COBRIEN\Desktop\Schubert\administrator\help\en-GB\Extensions_Template_Manager_Styles_Edit.html <-- Schubert Rackspace /web/content/administrator/help/en-GB Extensions_Template_Manager_Styles_Edit.html
2012.07.25 12:12 B C:\Users\COBRIEN\Desktop\Schubert\administrator\help\en-GB\Extensions_Template_Manager_Templates.html <-- Schubert Rackspace /web/content/administrator/help/en-GB Extensions_Template_Manager_Templates.html
2012.07.25 12:12 B C:\Users\COBRIEN\Desktop\Schubert\administrator\help\en-GB\Extensions_Template_Manager_Templates_Edit.html <-- Schubert Rackspace /web/content/administrator/help/en-GB Extensions_Template_Manager_Templates_Edit.html
2012.07.25 12:12 B C:\Users\COBRIEN\Desktop\Schubert\administrator\help\en-GB\Extensions_Template_Manager_Templates_Edit_Source.html <-- Schubert Rackspace /web/content/administrator/help/en-GB Extensions_Template_Manager_Templates_Edit_Source.html
2012.07.25 12:12 B C:\Users\COBRIEN\Desktop\Schubert\administrator\help\en-GB\Glossary.html <-- Schubert Rackspace /web/content/administrator/help/en-GB Glossary.html
2012.07.25 12:12 B C:\Users\COBRIEN\Desktop\Schubert\administrator\help\en-GB\index.html <-- Schubert Rackspace /web/content/administrator/help/en-GB index.html
2012.07.25 12:12 B C:\Users\COBRIEN\Desktop\Schubert\administrator\help\en-GB\Menus_Menu_Item_Manager.html <-- Schubert Rackspace /web/content/administrator/help/en-GB Menus_Menu_Item_Manager.html
2012.07.25 12:12 B C:\Users\COBRIEN\Desktop\Schubert\administrator\help\en-GB\Menus_Menu_Item_Manager_Edit.html <-- Schubert Rackspace /web/content/administrator/help/en-GB Menus_Menu_Item_Manager_Edit.html
2012.07.25 12:12 B C:\Users\COBRIEN\Desktop\Schubert\administrator\help\en-GB\Menus_Menu_Manager.html <-- Schubert Rackspace /web/content/administrator/help/en-GB Menus_Menu_Manager.html
2012.07.25 12:12 B C:\Users\COBRIEN\Desktop\Schubert\administrator\help\en-GB\Menus_Menu_Manager_Edit.html <-- Schubert Rackspace /web/content/administrator/help/en-GB Menus_Menu_Manager_Edit.html
2012.07.25 12:12 B C:\Users\COBRIEN\Desktop\Schubert\administrator\help\en-GB\Site_Global_Configuration.html <-- Schubert Rackspace /web/content/administrator/help/en-GB Site_Global_Configuration.html
2012.07.25 12:12 B C:\Users\COBRIEN\Desktop\Schubert\administrator\help\en-GB\Site_Maintenance_Clear_Cache.html <-- Schubert Rackspace /web/content/administrator/help/en-GB Site_Maintenance_Clear_Cache.html
2012.07.25 12:12 B C:\Users\COBRIEN\Desktop\Schubert\administrator\help\en-GB\Site_Maintenance_Global_Check-in.html <-- Schubert Rackspace /web/content/administrator/help/en-GB Site_Maintenance_Global_Check-in.html
2012.07.25 12:12 B C:\Users\COBRIEN\Desktop\Schubert\administrator\help\en-GB\Site_Maintenance_Purge_Expired_Cache.html <-- Schubert Rackspace /web/content/administrator/help/en-GB Site_Maintenance_Purge_Expired_Cache.html
2012.07.25 12:12 B C:\Users\COBRIEN\Desktop\Schubert\administrator\help\en-GB\Site_System_Information.html <-- Schubert Rackspace /web/content/administrator/help/en-GB Site_System_Information.html
2012.07.25 12:12 B C:\Users\COBRIEN\Desktop\Schubert\administrator\help\en-GB\Start_Here.html <-- Schubert Rackspace /web/content/administrator/help/en-GB Start_Here.html
2012.07.25 12:12 B C:\Users\COBRIEN\Desktop\Schubert\administrator\help\en-GB\Users_Access_Levels.html <-- Schubert Rackspace /web/content/administrator/help/en-GB Users_Access_Levels.html
2012.07.25 12:12 B C:\Users\COBRIEN\Desktop\Schubert\administrator\help\en-GB\Users_Access_Levels_Edit.html <-- Schubert Rackspace /web/content/administrator/help/en-GB Users_Access_Levels_Edit.html
2012.07.25 12:12 B C:\Users\COBRIEN\Desktop\Schubert\administrator\help\en-GB\Users_Debug_Users.html <-- Schubert Rackspace /web/content/administrator/help/en-GB Users_Debug_Users.html
2012.07.25 12:12 B C:\Users\COBRIEN\Desktop\Schubert\administrator\help\en-GB\Users_Groups.html <-- Schubert Rackspace /web/content/administrator/help/en-GB Users_Groups.html
2012.07.25 12:12 B C:\Users\COBRIEN\Desktop\Schubert\administrator\help\en-GB\Users_Groups_Edit.html <-- Schubert Rackspace /web/content/administrator/help/en-GB Users_Groups_Edit.html
2012.07.25 12:12 B C:\Users\COBRIEN\Desktop\Schubert\administrator\help\en-GB\Users_Mass_Mail_Users.html <-- Schubert Rackspace /web/content/administrator/help/en-GB Users_Mass_Mail_Users.html
2012.07.25 12:12 B C:\Users\COBRIEN\Desktop\Schubert\administrator\help\en-GB\Users_User_Manager.html <-- Schubert Rackspace /web/content/administrator/help/en-GB Users_User_Manager.html
2012.07.25 12:12 B C:\Users\COBRIEN\Desktop\Schubert\administrator\help\en-GB\Users_User_Manager_Edit.html <-- Schubert Rackspace /web/content/administrator/help/en-GB Users_User_Manager_Edit.html
2012.09.04 10:46 B C:\inetpub\wwwroot\administrator\help\en-GB\Components_Banners_Banners.html --> ftp3.ftptoyoursite.com /web/content/SITE-TEST/administrator/help/en-GB Components_Banners_Banners.html
2012.09.04 10:46 B C:\inetpub\wwwroot\administrator\help\en-GB\Components_Banners_Banners_Edit.html --> ftp3.ftptoyoursite.com /web/content/SITE-TEST/administrator/help/en-GB Components_Banners_Banners_Edit.html
2012.09.04 10:46 B C:\inetpub\wwwroot\administrator\help\en-GB\Components_Banners_Categories.html --> ftp3.ftptoyoursite.com /web/content/SITE-TEST/administrator/help/en-GB Components_Banners_Categories.html
2012.09.04 10:46 B C:\inetpub\wwwroot\administrator\help\en-GB\Components_Banners_Category_Edit.html --> ftp3.ftptoyoursite.com /web/content/SITE-TEST/administrator/help/en-GB Components_Banners_Category_Edit.html
2012.09.04 10:46 B C:\inetpub\wwwroot\administrator\help\en-GB\Components_Banners_Clients.html --> ftp3.ftptoyoursite.com /web/content/SITE-TEST/administrator/help/en-GB Components_Banners_Clients.html
2012.09.04 10:46 B C:\inetpub\wwwroot\administrator\help\en-GB\Components_Banners_Clients_Edit.html --> ftp3.ftptoyoursite.com /web/content/SITE-TEST/administrator/help/en-GB Components_Banners_Clients_Edit.html
2012.09.04 10:46 B C:\inetpub\wwwroot\administrator\help\en-GB\Components_Banners_Tracks.html --> ftp3.ftptoyoursite.com /web/content/SITE-TEST/administrator/help/en-GB Components_Banners_Tracks.html
2012.09.04 10:46 B C:\inetpub\wwwroot\administrator\help\en-GB\Components_Contact_Categories.html --> ftp3.ftptoyoursite.com /web/content/SITE-TEST/administrator/help/en-GB Components_Contact_Categories.html
2012.09.04 10:46 B C:\inetpub\wwwroot\administrator\help\en-GB\Components_Contact_Category_Edit.html --> ftp3.ftptoyoursite.com /web/content/SITE-TEST/administrator/help/en-GB Components_Contact_Category_Edit.html
2012.09.04 10:46 B C:\inetpub\wwwroot\administrator\help\en-GB\Components_Contacts_Contacts.html --> ftp3.ftptoyoursite.com /web/content/SITE-TEST/administrator/help/en-GB Components_Contacts_Contacts.html
2012.09.04 10:46 B C:\inetpub\wwwroot\administrator\help\en-GB\Components_Contacts_Contacts_Edit.html --> ftp3.ftptoyoursite.com /web/content/SITE-TEST/administrator/help/en-GB Components_Contacts_Contacts_Edit.html
2012.09.04 10:46 B C:\inetpub\wwwroot\administrator\help\en-GB\Components_Content_Categories.html --> ftp3.ftptoyoursite.com /web/content/SITE-TEST/administrator/help/en-GB Components_Content_Categories.html
2012.09.04 10:46 B C:\inetpub\wwwroot\administrator\help\en-GB\Components_Content_Category_Edit.html --> ftp3.ftptoyoursite.com /web/content/SITE-TEST/administrator/help/en-GB Components_Content_Category_Edit.html
2012.09.04 10:46 B C:\inetpub\wwwroot\administrator\help\en-GB\Components_Messaging_Inbox.html --> ftp3.ftptoyoursite.com /web/content/SITE-TEST/administrator/help/en-GB Components_Messaging_Inbox.html
2012.09.04 10:46 B C:\inetpub\wwwroot\administrator\help\en-GB\Components_Messaging_Read.html --> ftp3.ftptoyoursite.com /web/content/SITE-TEST/administrator/help/en-GB Components_Messaging_Read.html
2012.09.04 10:46 B C:\inetpub\wwwroot\administrator\help\en-GB\Components_Messaging_Write.html --> ftp3.ftptoyoursite.com /web/content/SITE-TEST/administrator/help/en-GB Components_Messaging_Write.html
2012.09.04 10:46 B C:\inetpub\wwwroot\administrator\help\en-GB\Components_Newsfeeds_Categories.html --> ftp3.ftptoyoursite.com /web/content/SITE-TEST/administrator/help/en-GB Components_Newsfeeds_Categories.html
2012.09.04 10:46 B C:\inetpub\wwwroot\administrator\help\en-GB\Components_Newsfeeds_Category_Edit.html --> ftp3.ftptoyoursite.com /web/content/SITE-TEST/administrator/help/en-GB Components_Newsfeeds_Category_Edit.html
2012.09.04 10:46 B C:\inetpub\wwwroot\administrator\help\en-GB\Components_Newsfeeds_Feeds.html --> ftp3.ftptoyoursite.com /web/content/SITE-TEST/administrator/help/en-GB Components_Newsfeeds_Feeds.html
2012.09.04 10:46 B C:\inetpub\wwwroot\administrator\help\en-GB\Components_Newsfeeds_Feeds_Edit.html --> ftp3.ftptoyoursite.com /web/content/SITE-TEST/administrator/help/en-GB Components_Newsfeeds_Feeds_Edit.html
2012.09.04 10:46 B C:\inetpub\wwwroot\administrator\help\en-GB\Components_Redirect_Manager.html --> ftp3.ftptoyoursite.com /web/content/SITE-TEST/administrator/help/en-GB Components_Redirect_Manager.html
2012.09.04 10:46 B C:\inetpub\wwwroot\administrator\help\en-GB\Components_Redirect_Manager_Edit.html --> ftp3.ftptoyoursite.com /web/content/SITE-TEST/administrator/help/en-GB Components_Redirect_Manager_Edit.html
2012.09.04 10:46 B C:\inetpub\wwwroot\administrator\help\en-GB\Components_Search.html --> ftp3.ftptoyoursite.com /web/content/SITE-TEST/administrator/help/en-GB Components_Search.html
2012.09.04 10:46 B C:\inetpub\wwwroot\administrator\help\en-GB\Components_Weblinks_Categories.html --> ftp3.ftptoyoursite.com /web/content/SITE-TEST/administrator/help/en-GB Components_Weblinks_Categories.html
2012.09.04 10:46 B C:\inetpub\wwwroot\administrator\help\en-GB\Components_Weblinks_Category_Edit.html --> ftp3.ftptoyoursite.com /web/content/SITE-TEST/administrator/help/en-GB Components_Weblinks_Category_Edit.html
2012.09.04 10:46 B C:\inetpub\wwwroot\administrator\help\en-GB\Components_Weblinks_Links.html --> ftp3.ftptoyoursite.com /web/content/SITE-TEST/administrator/help/en-GB Components_Weblinks_Links.html
2012.09.04 10:46 B C:\inetpub\wwwroot\administrator\help\en-GB\Components_Weblinks_Links_Edit.html --> ftp3.ftptoyoursite.com /web/content/SITE-TEST/administrator/help/en-GB Components_Weblinks_Links_Edit.html
2012.09.04 10:46 B C:\inetpub\wwwroot\administrator\help\en-GB\Content_Article_Manager.html --> ftp3.ftptoyoursite.com /web/content/SITE-TEST/administrator/help/en-GB Content_Article_Manager.html
2012.09.04 10:46 B C:\inetpub\wwwroot\administrator\help\en-GB\Content_Article_Manager_Edit.html --> ftp3.ftptoyoursite.com /web/content/SITE-TEST/administrator/help/en-GB Content_Article_Manager_Edit.html
2012.09.04 10:46 B C:\inetpub\wwwroot\administrator\help\en-GB\Content_Featured_Articles.html --> ftp3.ftptoyoursite.com /web/content/SITE-TEST/administrator/help/en-GB Content_Featured_Articles.html
2012.09.04 10:46 B C:\inetpub\wwwroot\administrator\help\en-GB\Content_Media_Manager.html --> ftp3.ftptoyoursite.com /web/content/SITE-TEST/administrator/help/en-GB Content_Media_Manager.html
2012.09.04 10:46 B C:\inetpub\wwwroot\administrator\help\en-GB\Extensions_Extension_Manager_Discover.html --> ftp3.ftptoyoursite.com /web/content/SITE-TEST/administrator/help/en-GB Extensions_Extension_Manager_Discover.html
2012.09.04 10:46 B C:\inetpub\wwwroot\administrator\help\en-GB\Extensions_Extension_Manager_Install.html --> ftp3.ftptoyoursite.com /web/content/SITE-TEST/administrator/help/en-GB Extensions_Extension_Manager_Install.html
2012.09.04 10:46 B C:\inetpub\wwwroot\administrator\help\en-GB\Extensions_Extension_Manager_Manage.html --> ftp3.ftptoyoursite.com /web/content/SITE-TEST/administrator/help/en-GB Extensions_Extension_Manager_Manage.html
2012.09.04 10:46 B C:\inetpub\wwwroot\administrator\help\en-GB\Extensions_Extension_Manager_Update.html --> ftp3.ftptoyoursite.com /web/content/SITE-TEST/administrator/help/en-GB Extensions_Extension_Manager_Update.html
2012.09.04 10:46 B C:\inetpub\wwwroot\administrator\help\en-GB\Extensions_Extension_Manager_Warnings.html --> ftp3.ftptoyoursite.com /web/content/SITE-TEST/administrator/help/en-GB Extensions_Extension_Manager_Warnings.html
2012.09.04 10:46 B C:\inetpub\wwwroot\administrator\help\en-GB\Extensions_Language_Manager_Content.html --> ftp3.ftptoyoursite.com /web/content/SITE-TEST/administrator/help/en-GB Extensions_Language_Manager_Content.html
2012.09.04 10:46 B C:\inetpub\wwwroot\administrator\help\en-GB\Extensions_Language_Manager_Edit.html --> ftp3.ftptoyoursite.com /web/content/SITE-TEST/administrator/help/en-GB Extensions_Language_Manager_Edit.html
2012.09.04 10:46 B C:\inetpub\wwwroot\administrator\help\en-GB\Extensions_Language_Manager_Installed.html --> ftp3.ftptoyoursite.com /web/content/SITE-TEST/administrator/help/en-GB Extensions_Language_Manager_Installed.html
2012.09.04 10:46 B C:\inetpub\wwwroot\administrator\help\en-GB\Extensions_Module_Manager.html --> ftp3.ftptoyoursite.com /web/content/SITE-TEST/administrator/help/en-GB Extensions_Module_Manager.html
2012.09.04 10:46 B C:\inetpub\wwwroot\administrator\help\en-GB\Extensions_Module_Manager_Edit.html --> ftp3.ftptoyoursite.com /web/content/SITE-TEST/administrator/help/en-GB Extensions_Module_Manager_Edit.html
2012.09.04 10:46 B C:\inetpub\wwwroot\administrator\help\en-GB\Extensions_Plugin_Manager.html --> ftp3.ftptoyoursite.com /web/content/SITE-TEST/administrator/help/en-GB Extensions_Plugin_Manager.html
2012.09.04 10:46 B C:\inetpub\wwwroot\administrator\help\en-GB\Extensions_Plugin_Manager_Edit.html --> ftp3.ftptoyoursite.com /web/content/SITE-TEST/administrator/help/en-GB Extensions_Plugin_Manager_Edit.html
2012.09.04 10:46 B C:\inetpub\wwwroot\administrator\help\en-GB\Extensions_Template_Manager_Styles.html --> ftp3.ftptoyoursite.com /web/content/SITE-TEST/administrator/help/en-GB Extensions_Template_Manager_Styles.html
2012.09.04 10:46 B C:\inetpub\wwwroot\administrator\help\en-GB\Extensions_Template_Manager_Styles_Edit.html --> ftp3.ftptoyoursite.com /web/content/SITE-TEST/administrator/help/en-GB Extensions_Template_Manager_Styles_Edit.html
2012.09.04 10:46 B C:\inetpub\wwwroot\administrator\help\en-GB\Extensions_Template_Manager_Templates.html --> ftp3.ftptoyoursite.com /web/content/SITE-TEST/administrator/help/en-GB Extensions_Template_Manager_Templates.html
2012.09.04 10:46 B C:\inetpub\wwwroot\administrator\help\en-GB\Extensions_Template_Manager_Templates_Edit.html --> ftp3.ftptoyoursite.com /web/content/SITE-TEST/administrator/help/en-GB Extensions_Template_Manager_Templates_Edit.html
2012.09.04 10:46 B C:\inetpub\wwwroot\administrator\help\en-GB\Extensions_Template_Manager_Templates_Edit_Source.html --> ftp3.ftptoyoursite.com /web/content/SITE-TEST/administrator/help/en-GB Extensions_Template_Manager_Templates_Edit_Source.html
2012.09.04 10:46 B C:\inetpub\wwwroot\administrator\help\en-GB\Glossary.html --> ftp3.ftptoyoursite.com /web/content/SITE-TEST/administrator/help/en-GB Glossary.html
2012.09.04 10:46 B C:\inetpub\wwwroot\administrator\help\en-GB\index.html --> ftp3.ftptoyoursite.com /web/content/SITE-TEST/administrator/help/en-GB index.html
2012.09.04 10:46 B C:\inetpub\wwwroot\administrator\help\en-GB\Menus_Menu_Item_Manager.html --> ftp3.ftptoyoursite.com /web/content/SITE-TEST/administrator/help/en-GB Menus_Menu_Item_Manager.html
2012.09.04 10:46 B C:\inetpub\wwwroot\administrator\help\en-GB\Menus_Menu_Item_Manager_Edit.html --> ftp3.ftptoyoursite.com /web/content/SITE-TEST/administrator/help/en-GB Menus_Menu_Item_Manager_Edit.html
2012.09.04 10:46 B C:\inetpub\wwwroot\administrator\help\en-GB\Menus_Menu_Manager.html --> ftp3.ftptoyoursite.com /web/content/SITE-TEST/administrator/help/en-GB Menus_Menu_Manager.html
2012.09.04 10:46 B C:\inetpub\wwwroot\administrator\help\en-GB\Menus_Menu_Manager_Edit.html --> ftp3.ftptoyoursite.com /web/content/SITE-TEST/administrator/help/en-GB Menus_Menu_Manager_Edit.html
2012.09.04 10:46 B C:\inetpub\wwwroot\administrator\help\en-GB\Site_Global_Configuration.html --> ftp3.ftptoyoursite.com /web/content/SITE-TEST/administrator/help/en-GB Site_Global_Configuration.html
2012.09.04 10:46 B C:\inetpub\wwwroot\administrator\help\en-GB\Site_Maintenance_Clear_Cache.html --> ftp3.ftptoyoursite.com /web/content/SITE-TEST/administrator/help/en-GB Site_Maintenance_Clear_Cache.html
2012.09.04 10:46 B C:\inetpub\wwwroot\administrator\help\en-GB\Site_Maintenance_Global_Check-in.html --> ftp3.ftptoyoursite.com /web/content/SITE-TEST/administrator/help/en-GB Site_Maintenance_Global_Check-in.html
2012.09.04 10:46 B C:\inetpub\wwwroot\administrator\help\en-GB\Site_Maintenance_Purge_Expired_Cache.html --> ftp3.ftptoyoursite.com /web/content/SITE-TEST/administrator/help/en-GB Site_Maintenance_Purge_Expired_Cache.html
2012.09.04 10:46 B C:\inetpub\wwwroot\administrator\help\en-GB\Site_System_Information.html --> ftp3.ftptoyoursite.com /web/content/SITE-TEST/administrator/help/en-GB Site_System_Information.html
2012.09.04 10:46 B C:\inetpub\wwwroot\administrator\help\en-GB\Start_Here.html --> ftp3.ftptoyoursite.com /web/content/SITE-TEST/administrator/help/en-GB Start_Here.html
2012.09.04 10:46 B C:\inetpub\wwwroot\administrator\help\en-GB\Users_Access_Levels.html --> ftp3.ftptoyoursite.com /web/content/SITE-TEST/administrator/help/en-GB Users_Access_Levels.html
2012.09.04 10:46 B C:\inetpub\wwwroot\administrator\help\en-GB\Users_Access_Levels_Edit.html --> ftp3.ftptoyoursite.com /web/content/SITE-TEST/administrator/help/en-GB Users_Access_Levels_Edit.html
2012.09.04 10:46 B C:\inetpub\wwwroot\administrator\help\en-GB\Users_Debug_Users.html --> ftp3.ftptoyoursite.com /web/content/SITE-TEST/administrator/help/en-GB Users_Debug_Users.html
2012.09.04 10:46 B C:\inetpub\wwwroot\administrator\help\en-GB\Users_Groups.html --> ftp3.ftptoyoursite.com /web/content/SITE-TEST/administrator/help/en-GB Users_Groups.html
2012.09.04 10:46 B C:\inetpub\wwwroot\administrator\help\en-GB\Users_Groups_Edit.html --> ftp3.ftptoyoursite.com /web/content/SITE-TEST/administrator/help/en-GB Users_Groups_Edit.html
2012.09.04 10:46 B C:\inetpub\wwwroot\administrator\help\en-GB\Users_Mass_Mail_Users.html --> ftp3.ftptoyoursite.com /web/content/SITE-TEST/administrator/help/en-GB Users_Mass_Mail_Users.html
2012.09.04 10:46 B C:\inetpub\wwwroot\administrator\help\en-GB\Users_User_Manager.html --> ftp3.ftptoyoursite.com /web/content/SITE-TEST/administrator/help/en-GB Users_User_Manager.html
2012.09.04 10:46 B C:\inetpub\wwwroot\administrator\help\en-GB\Users_User_Manager_Edit.html --> ftp3.ftptoyoursite.com /web/content/SITE-TEST/administrator/help/en-GB Users_User_Manager_Edit.html
2012.09.04 10:46 B C:\inetpub\wwwroot\administrator\help\en-GB\WS_FTP.LOG --> ftp3.ftptoyoursite.com /web/content/SITE-TEST/administrator/help/en-GB WS_FTP.LOG
2012.09.06 15:04 B C:\inetpub\wwwroot\administrator\help\en-GB\Components_Banners_Banners.html --> ftp3.ftptoyoursite.com /web/content/SITEBACKUP_962012/administrator/help/en-GB Components_Banners_Banners.html
2012.09.06 15:04 B C:\inetpub\wwwroot\administrator\help\en-GB\Components_Banners_Banners_Edit.html --> ftp3.ftptoyoursite.com /web/content/SITEBACKUP_962012/administrator/help/en-GB Components_Banners_Banners_Edit.html
2012.09.06 15:04 B C:\inetpub\wwwroot\administrator\help\en-GB\Components_Banners_Categories.html --> ftp3.ftptoyoursite.com /web/content/SITEBACKUP_962012/administrator/help/en-GB Components_Banners_Categories.html
2012.09.06 15:04 B C:\inetpub\wwwroot\administrator\help\en-GB\Components_Banners_Category_Edit.html --> ftp3.ftptoyoursite.com /web/content/SITEBACKUP_962012/administrator/help/en-GB Components_Banners_Category_Edit.html
2012.09.06 15:04 B C:\inetpub\wwwroot\administrator\help\en-GB\Components_Banners_Clients.html --> ftp3.ftptoyoursite.com /web/content/SITEBACKUP_962012/administrator/help/en-GB Components_Banners_Clients.html
2012.09.06 15:04 B C:\inetpub\wwwroot\administrator\help\en-GB\Components_Banners_Clients_Edit.html --> ftp3.ftptoyoursite.com /web/content/SITEBACKUP_962012/administrator/help/en-GB Components_Banners_Clients_Edit.html
2012.09.06 15:04 B C:\inetpub\wwwroot\administrator\help\en-GB\Components_Banners_Tracks.html --> ftp3.ftptoyoursite.com /web/content/SITEBACKUP_962012/administrator/help/en-GB Components_Banners_Tracks.html
2012.09.06 15:04 B C:\inetpub\wwwroot\administrator\help\en-GB\Components_Contact_Categories.html --> ftp3.ftptoyoursite.com /web/content/SITEBACKUP_962012/administrator/help/en-GB Components_Contact_Categories.html
2012.09.06 15:04 B C:\inetpub\wwwroot\administrator\help\en-GB\Components_Contact_Category_Edit.html --> ftp3.ftptoyoursite.com /web/content/SITEBACKUP_962012/administrator/help/en-GB Components_Contact_Category_Edit.html
2012.09.06 15:04 B C:\inetpub\wwwroot\administrator\help\en-GB\Components_Contacts_Contacts.html --> ftp3.ftptoyoursite.com /web/content/SITEBACKUP_962012/administrator/help/en-GB Components_Contacts_Contacts.html
2012.09.06 15:04 B C:\inetpub\wwwroot\administrator\help\en-GB\Components_Contacts_Contacts_Edit.html --> ftp3.ftptoyoursite.com /web/content/SITEBACKUP_962012/administrator/help/en-GB Components_Contacts_Contacts_Edit.html
2012.09.06 15:04 B C:\inetpub\wwwroot\administrator\help\en-GB\Components_Content_Categories.html --> ftp3.ftptoyoursite.com /web/content/SITEBACKUP_962012/administrator/help/en-GB Components_Content_Categories.html
2012.09.06 15:04 B C:\inetpub\wwwroot\administrator\help\en-GB\Components_Content_Category_Edit.html --> ftp3.ftptoyoursite.com /web/content/SITEBACKUP_962012/administrator/help/en-GB Components_Content_Category_Edit.html
2012.09.06 15:04 B C:\inetpub\wwwroot\administrator\help\en-GB\Components_Messaging_Inbox.html --> ftp3.ftptoyoursite.com /web/content/SITEBACKUP_962012/administrator/help/en-GB Components_Messaging_Inbox.html
2012.09.06 15:04 B C:\inetpub\wwwroot\administrator\help\en-GB\Components_Messaging_Read.html --> ftp3.ftptoyoursite.com /web/content/SITEBACKUP_962012/administrator/help/en-GB Components_Messaging_Read.html
2012.09.06 15:04 B C:\inetpub\wwwroot\administrator\help\en-GB\Components_Messaging_Write.html --> ftp3.ftptoyoursite.com /web/content/SITEBACKUP_962012/administrator/help/en-GB Components_Messaging_Write.html
2012.09.06 15:04 B C:\inetpub\wwwroot\administrator\help\en-GB\Components_Newsfeeds_Categories.html --> ftp3.ftptoyoursite.com /web/content/SITEBACKUP_962012/administrator/help/en-GB Components_Newsfeeds_Categories.html
2012.09.06 15:04 B C:\inetpub\wwwroot\administrator\help\en-GB\Components_Newsfeeds_Category_Edit.html --> ftp3.ftptoyoursite.com /web/content/SITEBACKUP_962012/administrator/help/en-GB Components_Newsfeeds_Category_Edit.html
2012.09.06 15:04 B C:\inetpub\wwwroot\administrator\help\en-GB\Components_Newsfeeds_Feeds.html --> ftp3.ftptoyoursite.com /web/content/SITEBACKUP_962012/administrator/help/en-GB Components_Newsfeeds_Feeds.html
2012.09.06 15:04 B C:\inetpub\wwwroot\administrator\help\en-GB\Components_Newsfeeds_Feeds_Edit.html --> ftp3.ftptoyoursite.com /web/content/SITEBACKUP_962012/administrator/help/en-GB Components_Newsfeeds_Feeds_Edit.html
2012.09.06 15:04 B C:\inetpub\wwwroot\administrator\help\en-GB\Components_Redirect_Manager.html --> ftp3.ftptoyoursite.com /web/content/SITEBACKUP_962012/administrator/help/en-GB Components_Redirect_Manager.html
2012.09.06 15:04 B C:\inetpub\wwwroot\administrator\help\en-GB\Components_Redirect_Manager_Edit.html --> ftp3.ftptoyoursite.com /web/content/SITEBACKUP_962012/administrator/help/en-GB Components_Redirect_Manager_Edit.html
2012.09.06 15:04 B C:\inetpub\wwwroot\administrator\help\en-GB\Components_Search.html --> ftp3.ftptoyoursite.com /web/content/SITEBACKUP_962012/administrator/help/en-GB Components_Search.html
2012.09.06 15:04 B C:\inetpub\wwwroot\administrator\help\en-GB\Components_Weblinks_Categories.html --> ftp3.ftptoyoursite.com /web/content/SITEBACKUP_962012/administrator/help/en-GB Components_Weblinks_Categories.html
2012.09.06 15:04 B C:\inetpub\wwwroot\administrator\help\en-GB\Components_Weblinks_Category_Edit.html --> ftp3.ftptoyoursite.com /web/content/SITEBACKUP_962012/administrator/help/en-GB Components_Weblinks_Category_Edit.html
2012.09.06 15:04 B C:\inetpub\wwwroot\administrator\help\en-GB\Components_Weblinks_Links.html --> ftp3.ftptoyoursite.com /web/content/SITEBACKUP_962012/administrator/help/en-GB Components_Weblinks_Links.html
2012.09.06 15:04 B C:\inetpub\wwwroot\administrator\help\en-GB\Components_Weblinks_Links_Edit.html --> ftp3.ftptoyoursite.com /web/content/SITEBACKUP_962012/administrator/help/en-GB Components_Weblinks_Links_Edit.html
2012.09.06 15:04 B C:\inetpub\wwwroot\administrator\help\en-GB\Content_Article_Manager.html --> ftp3.ftptoyoursite.com /web/content/SITEBACKUP_962012/administrator/help/en-GB Content_Article_Manager.html
2012.09.06 15:04 B C:\inetpub\wwwroot\administrator\help\en-GB\Content_Article_Manager_Edit.html --> ftp3.ftptoyoursite.com /web/content/SITEBACKUP_962012/administrator/help/en-GB Content_Article_Manager_Edit.html
2012.09.06 15:04 B C:\inetpub\wwwroot\administrator\help\en-GB\Content_Featured_Articles.html --> ftp3.ftptoyoursite.com /web/content/SITEBACKUP_962012/administrator/help/en-GB Content_Featured_Articles.html
2012.09.06 15:04 B C:\inetpub\wwwroot\administrator\help\en-GB\Content_Media_Manager.html --> ftp3.ftptoyoursite.com /web/content/SITEBACKUP_962012/administrator/help/en-GB Content_Media_Manager.html
2012.09.06 15:04 B C:\inetpub\wwwroot\administrator\help\en-GB\Extensions_Extension_Manager_Discover.html --> ftp3.ftptoyoursite.com /web/content/SITEBACKUP_962012/administrator/help/en-GB Extensions_Extension_Manager_Discover.html
2012.09.06 15:04 B C:\inetpub\wwwroot\administrator\help\en-GB\Extensions_Extension_Manager_Install.html --> ftp3.ftptoyoursite.com /web/content/SITEBACKUP_962012/administrator/help/en-GB Extensions_Extension_Manager_Install.html
2012.09.06 15:04 B C:\inetpub\wwwroot\administrator\help\en-GB\Extensions_Extension_Manager_Manage.html --> ftp3.ftptoyoursite.com /web/content/SITEBACKUP_962012/administrator/help/en-GB Extensions_Extension_Manager_Manage.html
2012.09.06 15:04 B C:\inetpub\wwwroot\administrator\help\en-GB\Extensions_Extension_Manager_Update.html --> ftp3.ftptoyoursite.com /web/content/SITEBACKUP_962012/administrator/help/en-GB Extensions_Extension_Manager_Update.html
2012.09.06 15:04 B C:\inetpub\wwwroot\administrator\help\en-GB\Extensions_Extension_Manager_Warnings.html --> ftp3.ftptoyoursite.com /web/content/SITEBACKUP_962012/administrator/help/en-GB Extensions_Extension_Manager_Warnings.html
2012.09.06 15:04 B C:\inetpub\wwwroot\administrator\help\en-GB\Extensions_Language_Manager_Content.html --> ftp3.ftptoyoursite.com /web/content/SITEBACKUP_962012/administrator/help/en-GB Extensions_Language_Manager_Content.html
2012.09.06 15:04 B C:\inetpub\wwwroot\administrator\help\en-GB\Extensions_Language_Manager_Edit.html --> ftp3.ftptoyoursite.com /web/content/SITEBACKUP_962012/administrator/help/en-GB Extensions_Language_Manager_Edit.html
2012.09.06 15:04 B C:\inetpub\wwwroot\administrator\help\en-GB\Extensions_Language_Manager_Installed.html --> ftp3.ftptoyoursite.com /web/content/SITEBACKUP_962012/administrator/help/en-GB Extensions_Language_Manager_Installed.html
2012.09.06 15:04 B C:\inetpub\wwwroot\administrator\help\en-GB\Extensions_Module_Manager.html --> ftp3.ftptoyoursite.com /web/content/SITEBACKUP_962012/administrator/help/en-GB Extensions_Module_Manager.html
2012.09.06 15:04 B C:\inetpub\wwwroot\administrator\help\en-GB\Extensions_Module_Manager_Edit.html --> ftp3.ftptoyoursite.com /web/content/SITEBACKUP_962012/administrator/help/en-GB Extensions_Module_Manager_Edit.html
2012.09.06 15:04 B C:\inetpub\wwwroot\administrator\help\en-GB\Extensions_Plugin_Manager.html --> ftp3.ftptoyoursite.com /web/content/SITEBACKUP_962012/administrator/help/en-GB Extensions_Plugin_Manager.html
2012.09.06 15:04 B C:\inetpub\wwwroot\administrator\help\en-GB\Extensions_Plugin_Manager_Edit.html --> ftp3.ftptoyoursite.com /web/content/SITEBACKUP_962012/administrator/help/en-GB Extensions_Plugin_Manager_Edit.html
2012.09.06 15:04 B C:\inetpub\wwwroot\administrator\help\en-GB\Extensions_Template_Manager_Styles.html --> ftp3.ftptoyoursite.com /web/content/SITEBACKUP_962012/administrator/help/en-GB Extensions_Template_Manager_Styles.html
2012.09.06 15:04 B C:\inetpub\wwwroot\administrator\help\en-GB\Extensions_Template_Manager_Styles_Edit.html --> ftp3.ftptoyoursite.com /web/content/SITEBACKUP_962012/administrator/help/en-GB Extensions_Template_Manager_Styles_Edit.html
2012.09.06 15:04 B C:\inetpub\wwwroot\administrator\help\en-GB\Extensions_Template_Manager_Templates.html --> ftp3.ftptoyoursite.com /web/content/SITEBACKUP_962012/administrator/help/en-GB Extensions_Template_Manager_Templates.html
2012.09.06 15:04 B C:\inetpub\wwwroot\administrator\help\en-GB\Extensions_Template_Manager_Templates_Edit.html --> ftp3.ftptoyoursite.com /web/content/SITEBACKUP_962012/administrator/help/en-GB Extensions_Template_Manager_Templates_Edit.html
2012.09.06 15:04 B C:\inetpub\wwwroot\administrator\help\en-GB\Extensions_Template_Manager_Templates_Edit_Source.html --> ftp3.ftptoyoursite.com /web/content/SITEBACKUP_962012/administrator/help/en-GB Extensions_Template_Manager_Templates_Edit_Source.html
2012.09.06 15:04 B C:\inetpub\wwwroot\administrator\help\en-GB\Glossary.html --> ftp3.ftptoyoursite.com /web/content/SITEBACKUP_962012/administrator/help/en-GB Glossary.html
2012.09.06 15:04 B C:\inetpub\wwwroot\administrator\help\en-GB\index.html --> ftp3.ftptoyoursite.com /web/content/SITEBACKUP_962012/administrator/help/en-GB index.html
2012.09.06 15:04 B C:\inetpub\wwwroot\administrator\help\en-GB\Menus_Menu_Item_Manager.html --> ftp3.ftptoyoursite.com /web/content/SITEBACKUP_962012/administrator/help/en-GB Menus_Menu_Item_Manager.html
2012.09.06 15:04 B C:\inetpub\wwwroot\administrator\help\en-GB\Menus_Menu_Item_Manager_Edit.html --> ftp3.ftptoyoursite.com /web/content/SITEBACKUP_962012/administrator/help/en-GB Menus_Menu_Item_Manager_Edit.html
2012.09.06 15:04 B C:\inetpub\wwwroot\administrator\help\en-GB\Menus_Menu_Manager.html --> ftp3.ftptoyoursite.com /web/content/SITEBACKUP_962012/administrator/help/en-GB Menus_Menu_Manager.html
2012.09.06 15:04 B C:\inetpub\wwwroot\administrator\help\en-GB\Menus_Menu_Manager_Edit.html --> ftp3.ftptoyoursite.com /web/content/SITEBACKUP_962012/administrator/help/en-GB Menus_Menu_Manager_Edit.html
2012.09.06 15:04 B C:\inetpub\wwwroot\administrator\help\en-GB\Site_Global_Configuration.html --> ftp3.ftptoyoursite.com /web/content/SITEBACKUP_962012/administrator/help/en-GB Site_Global_Configuration.html
2012.09.06 15:04 B C:\inetpub\wwwroot\administrator\help\en-GB\Site_Maintenance_Clear_Cache.html --> ftp3.ftptoyoursite.com /web/content/SITEBACKUP_962012/administrator/help/en-GB Site_Maintenance_Clear_Cache.html
2012.09.06 15:04 B C:\inetpub\wwwroot\administrator\help\en-GB\Site_Maintenance_Global_Check-in.html --> ftp3.ftptoyoursite.com /web/content/SITEBACKUP_962012/administrator/help/en-GB Site_Maintenance_Global_Check-in.html
2012.09.06 15:04 B C:\inetpub\wwwroot\administrator\help\en-GB\Site_Maintenance_Purge_Expired_Cache.html --> ftp3.ftptoyoursite.com /web/content/SITEBACKUP_962012/administrator/help/en-GB Site_Maintenance_Purge_Expired_Cache.html
2012.09.06 15:04 B C:\inetpub\wwwroot\administrator\help\en-GB\Site_System_Information.html --> ftp3.ftptoyoursite.com /web/content/SITEBACKUP_962012/administrator/help/en-GB Site_System_Information.html
2012.09.06 15:04 B C:\inetpub\wwwroot\administrator\help\en-GB\Start_Here.html --> ftp3.ftptoyoursite.com /web/content/SITEBACKUP_962012/administrator/help/en-GB Start_Here.html
2012.09.06 15:04 B C:\inetpub\wwwroot\administrator\help\en-GB\Users_Access_Levels.html --> ftp3.ftptoyoursite.com /web/content/SITEBACKUP_962012/administrator/help/en-GB Users_Access_Levels.html
2012.09.06 15:04 B C:\inetpub\wwwroot\administrator\help\en-GB\Users_Access_Levels_Edit.html --> ftp3.ftptoyoursite.com /web/content/SITEBACKUP_962012/administrator/help/en-GB Users_Access_Levels_Edit.html
2012.09.06 15:04 B C:\inetpub\wwwroot\administrator\help\en-GB\Users_Debug_Users.html --> ftp3.ftptoyoursite.com /web/content/SITEBACKUP_962012/administrator/help/en-GB Users_Debug_Users.html
2012.09.06 15:04 B C:\inetpub\wwwroot\administrator\help\en-GB\Users_Groups.html --> ftp3.ftptoyoursite.com /web/content/SITEBACKUP_962012/administrator/help/en-GB Users_Groups.html
2012.09.06 15:04 B C:\inetpub\wwwroot\administrator\help\en-GB\Users_Groups_Edit.html --> ftp3.ftptoyoursite.com /web/content/SITEBACKUP_962012/administrator/help/en-GB Users_Groups_Edit.html
2012.09.06 15:04 B C:\inetpub\wwwroot\administrator\help\en-GB\Users_Mass_Mail_Users.html --> ftp3.ftptoyoursite.com /web/content/SITEBACKUP_962012/administrator/help/en-GB Users_Mass_Mail_Users.html
2012.09.06 15:04 B C:\inetpub\wwwroot\administrator\help\en-GB\Users_User_Manager.html --> ftp3.ftptoyoursite.com /web/content/SITEBACKUP_962012/administrator/help/en-GB Users_User_Manager.html
2012.09.06 15:04 B C:\inetpub\wwwroot\administrator\help\en-GB\Users_User_Manager_Edit.html --> ftp3.ftptoyoursite.com /web/content/SITEBACKUP_962012/administrator/help/en-GB Users_User_Manager_Edit.html
2012.09.06 15:04 B C:\inetpub\wwwroot\administrator\help\en-GB\WS_FTP.LOG --> ftp3.ftptoyoursite.com /web/content/SITEBACKUP_962012/administrator/help/en-GB WS_FTP.LOG
2012.09.06 15:45 B C:\inetpub\wwwroot\administrator\help\en-GB\Components_Banners_Banners.html <-- Schubert Rackspace /web/content/SITEBACKUP_962012/administrator/help/en-GB Components_Banners_Banners.html
2012.09.06 15:45 B C:\inetpub\wwwroot\administrator\help\en-GB\Components_Banners_Banners_Edit.html <-- Schubert Rackspace /web/content/SITEBACKUP_962012/administrator/help/en-GB Components_Banners_Banners_Edit.html
2012.09.06 15:45 B C:\inetpub\wwwroot\administrator\help\en-GB\Components_Banners_Categories.html <-- Schubert Rackspace /web/content/SITEBACKUP_962012/administrator/help/en-GB Components_Banners_Categories.html
2012.09.06 15:45 B C:\inetpub\wwwroot\administrator\help\en-GB\Components_Banners_Category_Edit.html <-- Schubert Rackspace /web/content/SITEBACKUP_962012/administrator/help/en-GB Components_Banners_Category_Edit.html
2012.09.06 15:45 B C:\inetpub\wwwroot\administrator\help\en-GB\Components_Banners_Clients.html <-- Schubert Rackspace /web/content/SITEBACKUP_962012/administrator/help/en-GB Components_Banners_Clients.html
2012.09.06 15:45 B C:\inetpub\wwwroot\administrator\help\en-GB\Components_Banners_Clients_Edit.html <-- Schubert Rackspace /web/content/SITEBACKUP_962012/administrator/help/en-GB Components_Banners_Clients_Edit.html
2012.09.06 15:45 B C:\inetpub\wwwroot\administrator\help\en-GB\Components_Banners_Tracks.html <-- Schubert Rackspace /web/content/SITEBACKUP_962012/administrator/help/en-GB Components_Banners_Tracks.html
2012.09.06 15:45 B C:\inetpub\wwwroot\administrator\help\en-GB\Components_Contact_Categories.html <-- Schubert Rackspace /web/content/SITEBACKUP_962012/administrator/help/en-GB Components_Contact_Categories.html
2012.09.06 15:45 B C:\inetpub\wwwroot\administrator\help\en-GB\Components_Contact_Category_Edit.html <-- Schubert Rackspace /web/content/SITEBACKUP_962012/administrator/help/en-GB Components_Contact_Category_Edit.html
2012.09.06 15:45 B C:\inetpub\wwwroot\administrator\help\en-GB\Components_Contacts_Contacts.html <-- Schubert Rackspace /web/content/SITEBACKUP_962012/administrator/help/en-GB Components_Contacts_Contacts.html
2012.09.06 15:45 B C:\inetpub\wwwroot\administrator\help\en-GB\Components_Contacts_Contacts_Edit.html <-- Schubert Rackspace /web/content/SITEBACKUP_962012/administrator/help/en-GB Components_Contacts_Contacts_Edit.html
2012.09.06 15:45 B C:\inetpub\wwwroot\administrator\help\en-GB\Components_Content_Categories.html <-- Schubert Rackspace /web/content/SITEBACKUP_962012/administrator/help/en-GB Components_Content_Categories.html
2012.09.06 15:45 B C:\inetpub\wwwroot\administrator\help\en-GB\Components_Content_Category_Edit.html <-- Schubert Rackspace /web/content/SITEBACKUP_962012/administrator/help/en-GB Components_Content_Category_Edit.html
2012.09.06 15:45 B C:\inetpub\wwwroot\administrator\help\en-GB\Components_Messaging_Inbox.html <-- Schubert Rackspace /web/content/SITEBACKUP_962012/administrator/help/en-GB Components_Messaging_Inbox.html
2012.09.06 15:45 B C:\inetpub\wwwroot\administrator\help\en-GB\Components_Messaging_Read.html <-- Schubert Rackspace /web/content/SITEBACKUP_962012/administrator/help/en-GB Components_Messaging_Read.html
2012.09.06 15:45 B C:\inetpub\wwwroot\administrator\help\en-GB\Components_Messaging_Write.html <-- Schubert Rackspace /web/content/SITEBACKUP_962012/administrator/help/en-GB Components_Messaging_Write.html
2012.09.06 15:45 B C:\inetpub\wwwroot\administrator\help\en-GB\Components_Newsfeeds_Categories.html <-- Schubert Rackspace /web/content/SITEBACKUP_962012/administrator/help/en-GB Components_Newsfeeds_Categories.html
2012.09.06 15:45 B C:\inetpub\wwwroot\administrator\help\en-GB\Components_Newsfeeds_Category_Edit.html <-- Schubert Rackspace /web/content/SITEBACKUP_962012/administrator/help/en-GB Components_Newsfeeds_Category_Edit.html
2012.09.06 15:45 B C:\inetpub\wwwroot\administrator\help\en-GB\Components_Newsfeeds_Feeds.html <-- Schubert Rackspace /web/content/SITEBACKUP_962012/administrator/help/en-GB Components_Newsfeeds_Feeds.html
2012.09.06 15:45 B C:\inetpub\wwwroot\administrator\help\en-GB\Components_Newsfeeds_Feeds_Edit.html <-- Schubert Rackspace /web/content/SITEBACKUP_962012/administrator/help/en-GB Components_Newsfeeds_Feeds_Edit.html
2012.09.06 15:45 B C:\inetpub\wwwroot\administrator\help\en-GB\Components_Redirect_Manager.html <-- Schubert Rackspace /web/content/SITEBACKUP_962012/administrator/help/en-GB Components_Redirect_Manager.html
2012.09.06 15:45 B C:\inetpub\wwwroot\administrator\help\en-GB\Components_Redirect_Manager_Edit.html <-- Schubert Rackspace /web/content/SITEBACKUP_962012/administrator/help/en-GB Components_Redirect_Manager_Edit.html
2012.09.06 15:45 B C:\inetpub\wwwroot\administrator\help\en-GB\Components_Search.html <-- Schubert Rackspace /web/content/SITEBACKUP_962012/administrator/help/en-GB Components_Search.html
2012.09.06 15:45 B C:\inetpub\wwwroot\administrator\help\en-GB\Components_Weblinks_Categories.html <-- Schubert Rackspace /web/content/SITEBACKUP_962012/administrator/help/en-GB Components_Weblinks_Categories.html
2012.09.06 15:45 B C:\inetpub\wwwroot\administrator\help\en-GB\Components_Weblinks_Category_Edit.html <-- Schubert Rackspace /web/content/SITEBACKUP_962012/administrator/help/en-GB Components_Weblinks_Category_Edit.html
2012.09.06 15:45 B C:\inetpub\wwwroot\administrator\help\en-GB\Components_Weblinks_Links.html <-- Schubert Rackspace /web/content/SITEBACKUP_962012/administrator/help/en-GB Components_Weblinks_Links.html
2012.09.06 15:45 B C:\inetpub\wwwroot\administrator\help\en-GB\Components_Weblinks_Links_Edit.html <-- Schubert Rackspace /web/content/SITEBACKUP_962012/administrator/help/en-GB Components_Weblinks_Links_Edit.html
2012.09.06 15:45 B C:\inetpub\wwwroot\administrator\help\en-GB\Content_Article_Manager.html <-- Schubert Rackspace /web/content/SITEBACKUP_962012/administrator/help/en-GB Content_Article_Manager.html
2012.09.06 15:45 B C:\inetpub\wwwroot\administrator\help\en-GB\Content_Article_Manager_Edit.html <-- Schubert Rackspace /web/content/SITEBACKUP_962012/administrator/help/en-GB Content_Article_Manager_Edit.html
2012.09.06 15:45 B C:\inetpub\wwwroot\administrator\help\en-GB\Content_Featured_Articles.html <-- Schubert Rackspace /web/content/SITEBACKUP_962012/administrator/help/en-GB Content_Featured_Articles.html
2012.09.06 15:45 B C:\inetpub\wwwroot\administrator\help\en-GB\Content_Media_Manager.html <-- Schubert Rackspace /web/content/SITEBACKUP_962012/administrator/help/en-GB Content_Media_Manager.html
2012.09.06 15:45 B C:\inetpub\wwwroot\administrator\help\en-GB\Extensions_Extension_Manager_Discover.html <-- Schubert Rackspace /web/content/SITEBACKUP_962012/administrator/help/en-GB Extensions_Extension_Manager_Discover.html
2012.09.06 15:45 B C:\inetpub\wwwroot\administrator\help\en-GB\Extensions_Extension_Manager_Install.html <-- Schubert Rackspace /web/content/SITEBACKUP_962012/administrator/help/en-GB Extensions_Extension_Manager_Install.html
2012.09.06 15:45 B C:\inetpub\wwwroot\administrator\help\en-GB\Extensions_Extension_Manager_Manage.html <-- Schubert Rackspace /web/content/SITEBACKUP_962012/administrator/help/en-GB Extensions_Extension_Manager_Manage.html
2012.09.06 15:45 B C:\inetpub\wwwroot\administrator\help\en-GB\Extensions_Extension_Manager_Update.html <-- Schubert Rackspace /web/content/SITEBACKUP_962012/administrator/help/en-GB Extensions_Extension_Manager_Update.html
2012.09.06 15:45 B C:\inetpub\wwwroot\administrator\help\en-GB\Extensions_Extension_Manager_Warnings.html <-- Schubert Rackspace /web/content/SITEBACKUP_962012/administrator/help/en-GB Extensions_Extension_Manager_Warnings.html
2012.09.06 15:45 B C:\inetpub\wwwroot\administrator\help\en-GB\Extensions_Language_Manager_Content.html <-- Schubert Rackspace /web/content/SITEBACKUP_962012/administrator/help/en-GB Extensions_Language_Manager_Content.html
2012.09.06 15:45 B C:\inetpub\wwwroot\administrator\help\en-GB\Extensions_Language_Manager_Edit.html <-- Schubert Rackspace /web/content/SITEBACKUP_962012/administrator/help/en-GB Extensions_Language_Manager_Edit.html
2012.09.06 15:45 B C:\inetpub\wwwroot\administrator\help\en-GB\Extensions_Language_Manager_Installed.html <-- Schubert Rackspace /web/content/SITEBACKUP_962012/administrator/help/en-GB Extensions_Language_Manager_Installed.html
2012.09.06 15:45 B C:\inetpub\wwwroot\administrator\help\en-GB\Extensions_Module_Manager.html <-- Schubert Rackspace /web/content/SITEBACKUP_962012/administrator/help/en-GB Extensions_Module_Manager.html
2012.09.06 15:45 B C:\inetpub\wwwroot\administrator\help\en-GB\Extensions_Module_Manager_Edit.html <-- Schubert Rackspace /web/content/SITEBACKUP_962012/administrator/help/en-GB Extensions_Module_Manager_Edit.html
2012.09.06 15:45 B C:\inetpub\wwwroot\administrator\help\en-GB\Extensions_Plugin_Manager.html <-- Schubert Rackspace /web/content/SITEBACKUP_962012/administrator/help/en-GB Extensions_Plugin_Manager.html
2012.09.06 15:45 B C:\inetpub\wwwroot\administrator\help\en-GB\Extensions_Plugin_Manager_Edit.html <-- Schubert Rackspace /web/content/SITEBACKUP_962012/administrator/help/en-GB Extensions_Plugin_Manager_Edit.html
2012.09.06 15:45 B C:\inetpub\wwwroot\administrator\help\en-GB\Extensions_Template_Manager_Styles.html <-- Schubert Rackspace /web/content/SITEBACKUP_962012/administrator/help/en-GB Extensions_Template_Manager_Styles.html
2012.09.06 15:46 B C:\inetpub\wwwroot\administrator\help\en-GB\Extensions_Template_Manager_Styles_Edit.html <-- Schubert Rackspace /web/content/SITEBACKUP_962012/administrator/help/en-GB Extensions_Template_Manager_Styles_Edit.html
2012.09.06 15:46 B C:\inetpub\wwwroot\administrator\help\en-GB\Extensions_Template_Manager_Templates.html <-- Schubert Rackspace /web/content/SITEBACKUP_962012/administrator/help/en-GB Extensions_Template_Manager_Templates.html
2012.09.06 15:46 B C:\inetpub\wwwroot\administrator\help\en-GB\Extensions_Template_Manager_Templates_Edit.html <-- Schubert Rackspace /web/content/SITEBACKUP_962012/administrator/help/en-GB Extensions_Template_Manager_Templates_Edit.html
2012.09.06 15:46 B C:\inetpub\wwwroot\administrator\help\en-GB\Extensions_Template_Manager_Templates_Edit_Source.html <-- Schubert Rackspace /web/content/SITEBACKUP_962012/administrator/help/en-GB Extensions_Template_Manager_Templates_Edit_Source.html
2012.09.06 15:46 B C:\inetpub\wwwroot\administrator\help\en-GB\Glossary.html <-- Schubert Rackspace /web/content/SITEBACKUP_962012/administrator/help/en-GB Glossary.html
2012.09.06 15:46 B C:\inetpub\wwwroot\administrator\help\en-GB\index.html <-- Schubert Rackspace /web/content/SITEBACKUP_962012/administrator/help/en-GB index.html
2012.09.06 15:46 B C:\inetpub\wwwroot\administrator\help\en-GB\Menus_Menu_Item_Manager.html <-- Schubert Rackspace /web/content/SITEBACKUP_962012/administrator/help/en-GB Menus_Menu_Item_Manager.html
2012.09.06 15:46 B C:\inetpub\wwwroot\administrator\help\en-GB\Menus_Menu_Item_Manager_Edit.html <-- Schubert Rackspace /web/content/SITEBACKUP_962012/administrator/help/en-GB Menus_Menu_Item_Manager_Edit.html
2012.09.06 15:46 B C:\inetpub\wwwroot\administrator\help\en-GB\Menus_Menu_Manager.html <-- Schubert Rackspace /web/content/SITEBACKUP_962012/administrator/help/en-GB Menus_Menu_Manager.html
2012.09.06 15:46 B C:\inetpub\wwwroot\administrator\help\en-GB\Menus_Menu_Manager_Edit.html <-- Schubert Rackspace /web/content/SITEBACKUP_962012/administrator/help/en-GB Menus_Menu_Manager_Edit.html
2012.09.06 15:46 B C:\inetpub\wwwroot\administrator\help\en-GB\Site_Global_Configuration.html <-- Schubert Rackspace /web/content/SITEBACKUP_962012/administrator/help/en-GB Site_Global_Configuration.html
2012.09.06 15:46 B C:\inetpub\wwwroot\administrator\help\en-GB\Site_Maintenance_Clear_Cache.html <-- Schubert Rackspace /web/content/SITEBACKUP_962012/administrator/help/en-GB Site_Maintenance_Clear_Cache.html
2012.09.06 15:46 B C:\inetpub\wwwroot\administrator\help\en-GB\Site_Maintenance_Global_Check-in.html <-- Schubert Rackspace /web/content/SITEBACKUP_962012/administrator/help/en-GB Site_Maintenance_Global_Check-in.html
2012.09.06 15:46 B C:\inetpub\wwwroot\administrator\help\en-GB\Site_Maintenance_Purge_Expired_Cache.html <-- Schubert Rackspace /web/content/SITEBACKUP_962012/administrator/help/en-GB Site_Maintenance_Purge_Expired_Cache.html
2012.09.06 15:46 B C:\inetpub\wwwroot\administrator\help\en-GB\Site_System_Information.html <-- Schubert Rackspace /web/content/SITEBACKUP_962012/administrator/help/en-GB Site_System_Information.html
2012.09.06 15:46 B C:\inetpub\wwwroot\administrator\help\en-GB\Start_Here.html <-- Schubert Rackspace /web/content/SITEBACKUP_962012/administrator/help/en-GB Start_Here.html
2012.09.06 15:46 B C:\inetpub\wwwroot\administrator\help\en-GB\Users_Access_Levels.html <-- Schubert Rackspace /web/content/SITEBACKUP_962012/administrator/help/en-GB Users_Access_Levels.html
2012.09.06 15:46 B C:\inetpub\wwwroot\administrator\help\en-GB\Users_Access_Levels_Edit.html <-- Schubert Rackspace /web/content/SITEBACKUP_962012/administrator/help/en-GB Users_Access_Levels_Edit.html
2012.09.06 15:46 B C:\inetpub\wwwroot\administrator\help\en-GB\Users_Debug_Users.html <-- Schubert Rackspace /web/content/SITEBACKUP_962012/administrator/help/en-GB Users_Debug_Users.html
2012.09.06 15:46 B C:\inetpub\wwwroot\administrator\help\en-GB\Users_Groups.html <-- Schubert Rackspace /web/content/SITEBACKUP_962012/administrator/help/en-GB Users_Groups.html
2012.09.06 15:46 B C:\inetpub\wwwroot\administrator\help\en-GB\Users_Groups_Edit.html <-- Schubert Rackspace /web/content/SITEBACKUP_962012/administrator/help/en-GB Users_Groups_Edit.html
2012.09.06 15:46 B C:\inetpub\wwwroot\administrator\help\en-GB\Users_Mass_Mail_Users.html <-- Schubert Rackspace /web/content/SITEBACKUP_962012/administrator/help/en-GB Users_Mass_Mail_Users.html
2012.09.06 15:46 B C:\inetpub\wwwroot\administrator\help\en-GB\Users_User_Manager.html <-- Schubert Rackspace /web/content/SITEBACKUP_962012/administrator/help/en-GB Users_User_Manager.html
2012.09.06 15:46 B C:\inetpub\wwwroot\administrator\help\en-GB\Users_User_Manager_Edit.html <-- Schubert Rackspace /web/content/SITEBACKUP_962012/administrator/help/en-GB Users_User_Manager_Edit.html
2012.10.23 09:07 B C:\inetpub\wwwroot\administrator\help\en-GB\Components_Banners_Banners.html --> ftp3.ftptoyoursite.com /web/content/administrator/help/en-GB Components_Banners_Banners.html
2012.10.23 09:07 B C:\inetpub\wwwroot\administrator\help\en-GB\Components_Banners_Banners_Edit.html --> ftp3.ftptoyoursite.com /web/content/administrator/help/en-GB Components_Banners_Banners_Edit.html
2012.10.23 09:07 B C:\inetpub\wwwroot\administrator\help\en-GB\Components_Banners_Categories.html --> ftp3.ftptoyoursite.com /web/content/administrator/help/en-GB Components_Banners_Categories.html
2012.10.23 09:07 B C:\inetpub\wwwroot\administrator\help\en-GB\Components_Banners_Category_Edit.html --> ftp3.ftptoyoursite.com /web/content/administrator/help/en-GB Components_Banners_Category_Edit.html
2012.10.23 09:07 B C:\inetpub\wwwroot\administrator\help\en-GB\Components_Banners_Clients.html --> ftp3.ftptoyoursite.com /web/content/administrator/help/en-GB Components_Banners_Clients.html
2012.10.23 09:07 B C:\inetpub\wwwroot\administrator\help\en-GB\Components_Banners_Clients_Edit.html --> ftp3.ftptoyoursite.com /web/content/administrator/help/en-GB Components_Banners_Clients_Edit.html
2012.10.23 09:07 B C:\inetpub\wwwroot\administrator\help\en-GB\Components_Banners_Tracks.html --> ftp3.ftptoyoursite.com /web/content/administrator/help/en-GB Components_Banners_Tracks.html
2012.10.23 09:07 B C:\inetpub\wwwroot\administrator\help\en-GB\Components_Contact_Categories.html --> ftp3.ftptoyoursite.com /web/content/administrator/help/en-GB Components_Contact_Categories.html
2012.10.23 09:07 B C:\inetpub\wwwroot\administrator\help\en-GB\Components_Contact_Category_Edit.html --> ftp3.ftptoyoursite.com /web/content/administrator/help/en-GB Components_Contact_Category_Edit.html
2012.10.23 09:07 B C:\inetpub\wwwroot\administrator\help\en-GB\Components_Contacts_Contacts.html --> ftp3.ftptoyoursite.com /web/content/administrator/help/en-GB Components_Contacts_Contacts.html
2012.10.23 09:07 B C:\inetpub\wwwroot\administrator\help\en-GB\Components_Contacts_Contacts_Edit.html --> ftp3.ftptoyoursite.com /web/content/administrator/help/en-GB Components_Contacts_Contacts_Edit.html
2012.10.23 09:07 B C:\inetpub\wwwroot\administrator\help\en-GB\Components_Content_Categories.html --> ftp3.ftptoyoursite.com /web/content/administrator/help/en-GB Components_Content_Categories.html
2012.10.23 09:07 B C:\inetpub\wwwroot\administrator\help\en-GB\Components_Content_Category_Edit.html --> ftp3.ftptoyoursite.com /web/content/administrator/help/en-GB Components_Content_Category_Edit.html
2012.10.23 09:07 B C:\inetpub\wwwroot\administrator\help\en-GB\Components_Messaging_Inbox.html --> ftp3.ftptoyoursite.com /web/content/administrator/help/en-GB Components_Messaging_Inbox.html
2012.10.23 09:07 B C:\inetpub\wwwroot\administrator\help\en-GB\Components_Messaging_Read.html --> ftp3.ftptoyoursite.com /web/content/administrator/help/en-GB Components_Messaging_Read.html
2012.10.23 09:07 B C:\inetpub\wwwroot\administrator\help\en-GB\Components_Messaging_Write.html --> ftp3.ftptoyoursite.com /web/content/administrator/help/en-GB Components_Messaging_Write.html
2012.10.23 09:07 B C:\inetpub\wwwroot\administrator\help\en-GB\Components_Newsfeeds_Categories.html --> ftp3.ftptoyoursite.com /web/content/administrator/help/en-GB Components_Newsfeeds_Categories.html
2012.10.23 09:07 B C:\inetpub\wwwroot\administrator\help\en-GB\Components_Newsfeeds_Category_Edit.html --> ftp3.ftptoyoursite.com /web/content/administrator/help/en-GB Components_Newsfeeds_Category_Edit.html
2012.10.23 09:07 B C:\inetpub\wwwroot\administrator\help\en-GB\Components_Newsfeeds_Feeds.html --> ftp3.ftptoyoursite.com /web/content/administrator/help/en-GB Components_Newsfeeds_Feeds.html
2012.10.23 09:07 B C:\inetpub\wwwroot\administrator\help\en-GB\Components_Newsfeeds_Feeds_Edit.html --> ftp3.ftptoyoursite.com /web/content/administrator/help/en-GB Components_Newsfeeds_Feeds_Edit.html
2012.10.23 09:07 B C:\inetpub\wwwroot\administrator\help\en-GB\Components_Redirect_Manager.html --> ftp3.ftptoyoursite.com /web/content/administrator/help/en-GB Components_Redirect_Manager.html
2012.10.23 09:07 B C:\inetpub\wwwroot\administrator\help\en-GB\Components_Redirect_Manager_Edit.html --> ftp3.ftptoyoursite.com /web/content/administrator/help/en-GB Components_Redirect_Manager_Edit.html
2012.10.23 09:07 B C:\inetpub\wwwroot\administrator\help\en-GB\Components_Search.html --> ftp3.ftptoyoursite.com /web/content/administrator/help/en-GB Components_Search.html
2012.10.23 09:07 B C:\inetpub\wwwroot\administrator\help\en-GB\Components_Weblinks_Categories.html --> ftp3.ftptoyoursite.com /web/content/administrator/help/en-GB Components_Weblinks_Categories.html
2012.10.23 09:07 B C:\inetpub\wwwroot\administrator\help\en-GB\Components_Weblinks_Category_Edit.html --> ftp3.ftptoyoursite.com /web/content/administrator/help/en-GB Components_Weblinks_Category_Edit.html
2012.10.23 09:07 B C:\inetpub\wwwroot\administrator\help\en-GB\Components_Weblinks_Links.html --> ftp3.ftptoyoursite.com /web/content/administrator/help/en-GB Components_Weblinks_Links.html
2012.10.23 09:07 B C:\inetpub\wwwroot\administrator\help\en-GB\Components_Weblinks_Links_Edit.html --> ftp3.ftptoyoursite.com /web/content/administrator/help/en-GB Components_Weblinks_Links_Edit.html
2012.10.23 09:07 B C:\inetpub\wwwroot\administrator\help\en-GB\Content_Article_Manager.html --> ftp3.ftptoyoursite.com /web/content/administrator/help/en-GB Content_Article_Manager.html
2012.10.23 09:07 B C:\inetpub\wwwroot\administrator\help\en-GB\Content_Article_Manager_Edit.html --> ftp3.ftptoyoursite.com /web/content/administrator/help/en-GB Content_Article_Manager_Edit.html
2012.10.23 09:07 B C:\inetpub\wwwroot\administrator\help\en-GB\Content_Featured_Articles.html --> ftp3.ftptoyoursite.com /web/content/administrator/help/en-GB Content_Featured_Articles.html
2012.10.23 09:07 B C:\inetpub\wwwroot\administrator\help\en-GB\Content_Media_Manager.html --> ftp3.ftptoyoursite.com /web/content/administrator/help/en-GB Content_Media_Manager.html
2012.10.23 09:07 B C:\inetpub\wwwroot\administrator\help\en-GB\Extensions_Extension_Manager_Discover.html --> ftp3.ftptoyoursite.com /web/content/administrator/help/en-GB Extensions_Extension_Manager_Discover.html
2012.10.23 09:07 B C:\inetpub\wwwroot\administrator\help\en-GB\Extensions_Extension_Manager_Install.html --> ftp3.ftptoyoursite.com /web/content/administrator/help/en-GB Extensions_Extension_Manager_Install.html
2012.10.23 09:07 B C:\inetpub\wwwroot\administrator\help\en-GB\Extensions_Extension_Manager_Manage.html --> ftp3.ftptoyoursite.com /web/content/administrator/help/en-GB Extensions_Extension_Manager_Manage.html
2012.10.23 09:07 B C:\inetpub\wwwroot\administrator\help\en-GB\Extensions_Extension_Manager_Update.html --> ftp3.ftptoyoursite.com /web/content/administrator/help/en-GB Extensions_Extension_Manager_Update.html
2012.10.23 09:07 B C:\inetpub\wwwroot\administrator\help\en-GB\Extensions_Extension_Manager_Warnings.html --> ftp3.ftptoyoursite.com /web/content/administrator/help/en-GB Extensions_Extension_Manager_Warnings.html
2012.10.23 09:07 B C:\inetpub\wwwroot\administrator\help\en-GB\Extensions_Language_Manager_Content.html --> ftp3.ftptoyoursite.com /web/content/administrator/help/en-GB Extensions_Language_Manager_Content.html
2012.10.23 09:07 B C:\inetpub\wwwroot\administrator\help\en-GB\Extensions_Language_Manager_Edit.html --> ftp3.ftptoyoursite.com /web/content/administrator/help/en-GB Extensions_Language_Manager_Edit.html
2012.10.23 09:07 B C:\inetpub\wwwroot\administrator\help\en-GB\Extensions_Language_Manager_Installed.html --> ftp3.ftptoyoursite.com /web/content/administrator/help/en-GB Extensions_Language_Manager_Installed.html
2012.10.23 09:07 B C:\inetpub\wwwroot\administrator\help\en-GB\Extensions_Module_Manager.html --> ftp3.ftptoyoursite.com /web/content/administrator/help/en-GB Extensions_Module_Manager.html
2012.10.23 09:07 B C:\inetpub\wwwroot\administrator\help\en-GB\Extensions_Module_Manager_Edit.html --> ftp3.ftptoyoursite.com /web/content/administrator/help/en-GB Extensions_Module_Manager_Edit.html
2012.10.23 09:07 B C:\inetpub\wwwroot\administrator\help\en-GB\Extensions_Plugin_Manager.html --> ftp3.ftptoyoursite.com /web/content/administrator/help/en-GB Extensions_Plugin_Manager.html
2012.10.23 09:07 B C:\inetpub\wwwroot\administrator\help\en-GB\Extensions_Plugin_Manager_Edit.html --> ftp3.ftptoyoursite.com /web/content/administrator/help/en-GB Extensions_Plugin_Manager_Edit.html
2012.10.23 09:07 B C:\inetpub\wwwroot\administrator\help\en-GB\Extensions_Template_Manager_Styles.html --> ftp3.ftptoyoursite.com /web/content/administrator/help/en-GB Extensions_Template_Manager_Styles.html
2012.10.23 09:07 B C:\inetpub\wwwroot\administrator\help\en-GB\Extensions_Template_Manager_Styles_Edit.html --> ftp3.ftptoyoursite.com /web/content/administrator/help/en-GB Extensions_Template_Manager_Styles_Edit.html
2012.10.23 09:07 B C:\inetpub\wwwroot\administrator\help\en-GB\Extensions_Template_Manager_Templates.html --> ftp3.ftptoyoursite.com /web/content/administrator/help/en-GB Extensions_Template_Manager_Templates.html
2012.10.23 09:07 B C:\inetpub\wwwroot\administrator\help\en-GB\Extensions_Template_Manager_Templates_Edit.html --> ftp3.ftptoyoursite.com /web/content/administrator/help/en-GB Extensions_Template_Manager_Templates_Edit.html
2012.10.23 09:07 B C:\inetpub\wwwroot\administrator\help\en-GB\Extensions_Template_Manager_Templates_Edit_Source.html --> ftp3.ftptoyoursite.com /web/content/administrator/help/en-GB Extensions_Template_Manager_Templates_Edit_Source.html
2012.10.23 09:07 B C:\inetpub\wwwroot\administrator\help\en-GB\Glossary.html --> ftp3.ftptoyoursite.com /web/content/administrator/help/en-GB Glossary.html
2012.10.23 09:07 B C:\inetpub\wwwroot\administrator\help\en-GB\index.html --> ftp3.ftptoyoursite.com /web/content/administrator/help/en-GB index.html
2012.10.23 09:07 B C:\inetpub\wwwroot\administrator\help\en-GB\Menus_Menu_Item_Manager.html --> ftp3.ftptoyoursite.com /web/content/administrator/help/en-GB Menus_Menu_Item_Manager.html
2012.10.23 09:07 B C:\inetpub\wwwroot\administrator\help\en-GB\Menus_Menu_Item_Manager_Edit.html --> ftp3.ftptoyoursite.com /web/content/administrator/help/en-GB Menus_Menu_Item_Manager_Edit.html
2012.10.23 09:07 B C:\inetpub\wwwroot\administrator\help\en-GB\Menus_Menu_Manager.html --> ftp3.ftptoyoursite.com /web/content/administrator/help/en-GB Menus_Menu_Manager.html
2012.10.23 09:07 B C:\inetpub\wwwroot\administrator\help\en-GB\Menus_Menu_Manager_Edit.html --> ftp3.ftptoyoursite.com /web/content/administrator/help/en-GB Menus_Menu_Manager_Edit.html
2012.10.23 09:07 B C:\inetpub\wwwroot\administrator\help\en-GB\Site_Global_Configuration.html --> ftp3.ftptoyoursite.com /web/content/administrator/help/en-GB Site_Global_Configuration.html
2012.10.23 09:07 B C:\inetpub\wwwroot\administrator\help\en-GB\Site_Maintenance_Clear_Cache.html --> ftp3.ftptoyoursite.com /web/content/administrator/help/en-GB Site_Maintenance_Clear_Cache.html
2012.10.23 09:07 B C:\inetpub\wwwroot\administrator\help\en-GB\Site_Maintenance_Global_Check-in.html --> ftp3.ftptoyoursite.com /web/content/administrator/help/en-GB Site_Maintenance_Global_Check-in.html
2012.10.23 09:07 B C:\inetpub\wwwroot\administrator\help\en-GB\Site_Maintenance_Purge_Expired_Cache.html --> ftp3.ftptoyoursite.com /web/content/administrator/help/en-GB Site_Maintenance_Purge_Expired_Cache.html
2012.10.23 09:07 B C:\inetpub\wwwroot\administrator\help\en-GB\Site_System_Information.html --> ftp3.ftptoyoursite.com /web/content/administrator/help/en-GB Site_System_Information.html
2012.10.23 09:07 B C:\inetpub\wwwroot\administrator\help\en-GB\Start_Here.html --> ftp3.ftptoyoursite.com /web/content/administrator/help/en-GB Start_Here.html
2012.10.23 09:07 B C:\inetpub\wwwroot\administrator\help\en-GB\Users_Access_Levels.html --> ftp3.ftptoyoursite.com /web/content/administrator/help/en-GB Users_Access_Levels.html
2012.10.23 09:07 B C:\inetpub\wwwroot\administrator\help\en-GB\Users_Access_Levels_Edit.html --> ftp3.ftptoyoursite.com /web/content/administrator/help/en-GB Users_Access_Levels_Edit.html
2012.10.23 09:07 B C:\inetpub\wwwroot\administrator\help\en-GB\Users_Debug_Users.html --> ftp3.ftptoyoursite.com /web/content/administrator/help/en-GB Users_Debug_Users.html
2012.10.23 09:07 B C:\inetpub\wwwroot\administrator\help\en-GB\Users_Groups.html --> ftp3.ftptoyoursite.com /web/content/administrator/help/en-GB Users_Groups.html
2012.10.23 09:07 B C:\inetpub\wwwroot\administrator\help\en-GB\Users_Groups_Edit.html --> ftp3.ftptoyoursite.com /web/content/administrator/help/en-GB Users_Groups_Edit.html
2012.10.23 09:07 B C:\inetpub\wwwroot\administrator\help\en-GB\Users_Mass_Mail_Users.html --> ftp3.ftptoyoursite.com /web/content/administrator/help/en-GB Users_Mass_Mail_Users.html
2012.10.23 09:07 B C:\inetpub\wwwroot\administrator\help\en-GB\Users_User_Manager.html --> ftp3.ftptoyoursite.com /web/content/administrator/help/en-GB Users_User_Manager.html
2012.10.23 09:07 B C:\inetpub\wwwroot\administrator\help\en-GB\Users_User_Manager_Edit.html --> ftp3.ftptoyoursite.com /web/content/administrator/help/en-GB Users_User_Manager_Edit.html
2013.02.01 14:44 B C:\inetpub\wwwroot\administrator\help\en-GB\WS_FTP.LOG <-- Schubert Rackspace /web/content/administrator/help/en-GB WS_FTP.LOG
