2012.07.25 12:16 B C:\Users\COBRIEN\Desktop\Schubert\components\com_users\models\forms\frontend.xml <-- Schubert Rackspace /web/content/components/com_users/models/forms frontend.xml
2012.07.25 12:16 B C:\Users\COBRIEN\Desktop\Schubert\components\com_users\models\forms\frontend_admin.xml <-- Schubert Rackspace /web/content/components/com_users/models/forms frontend_admin.xml
2012.07.25 12:16 B C:\Users\COBRIEN\Desktop\Schubert\components\com_users\models\forms\index.html <-- Schubert Rackspace /web/content/components/com_users/models/forms index.html
2012.07.25 12:16 B C:\Users\COBRIEN\Desktop\Schubert\components\com_users\models\forms\login.xml <-- Schubert Rackspace /web/content/components/com_users/models/forms login.xml
2012.07.25 12:16 B C:\Users\COBRIEN\Desktop\Schubert\components\com_users\models\forms\profile.xml <-- Schubert Rackspace /web/content/components/com_users/models/forms profile.xml
2012.07.25 12:16 B C:\Users\COBRIEN\Desktop\Schubert\components\com_users\models\forms\registration.xml <-- Schubert Rackspace /web/content/components/com_users/models/forms registration.xml
2012.07.25 12:16 B C:\Users\COBRIEN\Desktop\Schubert\components\com_users\models\forms\remind.xml <-- Schubert Rackspace /web/content/components/com_users/models/forms remind.xml
2012.07.25 12:16 B C:\Users\COBRIEN\Desktop\Schubert\components\com_users\models\forms\reset_complete.xml <-- Schubert Rackspace /web/content/components/com_users/models/forms reset_complete.xml
2012.07.25 12:16 B C:\Users\COBRIEN\Desktop\Schubert\components\com_users\models\forms\reset_confirm.xml <-- Schubert Rackspace /web/content/components/com_users/models/forms reset_confirm.xml
2012.07.25 12:16 B C:\Users\COBRIEN\Desktop\Schubert\components\com_users\models\forms\reset_request.xml <-- Schubert Rackspace /web/content/components/com_users/models/forms reset_request.xml
2012.07.25 12:16 B C:\Users\COBRIEN\Desktop\Schubert\components\com_users\models\forms\sitelang.xml <-- Schubert Rackspace /web/content/components/com_users/models/forms sitelang.xml
2012.09.04 10:52 B C:\inetpub\wwwroot\components\com_users\models\forms\frontend.xml --> ftp3.ftptoyoursite.com /web/content/SITE-TEST/components/com_users/models/forms frontend.xml
2012.09.04 10:52 B C:\inetpub\wwwroot\components\com_users\models\forms\frontend_admin.xml --> ftp3.ftptoyoursite.com /web/content/SITE-TEST/components/com_users/models/forms frontend_admin.xml
2012.09.04 10:52 B C:\inetpub\wwwroot\components\com_users\models\forms\index.html --> ftp3.ftptoyoursite.com /web/content/SITE-TEST/components/com_users/models/forms index.html
2012.09.04 10:52 B C:\inetpub\wwwroot\components\com_users\models\forms\login.xml --> ftp3.ftptoyoursite.com /web/content/SITE-TEST/components/com_users/models/forms login.xml
2012.09.04 10:52 B C:\inetpub\wwwroot\components\com_users\models\forms\profile.xml --> ftp3.ftptoyoursite.com /web/content/SITE-TEST/components/com_users/models/forms profile.xml
2012.09.04 10:52 B C:\inetpub\wwwroot\components\com_users\models\forms\registration.xml --> ftp3.ftptoyoursite.com /web/content/SITE-TEST/components/com_users/models/forms registration.xml
2012.09.04 10:52 B C:\inetpub\wwwroot\components\com_users\models\forms\remind.xml --> ftp3.ftptoyoursite.com /web/content/SITE-TEST/components/com_users/models/forms remind.xml
2012.09.04 10:52 B C:\inetpub\wwwroot\components\com_users\models\forms\reset_complete.xml --> ftp3.ftptoyoursite.com /web/content/SITE-TEST/components/com_users/models/forms reset_complete.xml
2012.09.04 10:52 B C:\inetpub\wwwroot\components\com_users\models\forms\reset_confirm.xml --> ftp3.ftptoyoursite.com /web/content/SITE-TEST/components/com_users/models/forms reset_confirm.xml
2012.09.04 10:52 B C:\inetpub\wwwroot\components\com_users\models\forms\reset_request.xml --> ftp3.ftptoyoursite.com /web/content/SITE-TEST/components/com_users/models/forms reset_request.xml
2012.09.04 10:52 B C:\inetpub\wwwroot\components\com_users\models\forms\sitelang.xml --> ftp3.ftptoyoursite.com /web/content/SITE-TEST/components/com_users/models/forms sitelang.xml
2012.09.04 10:52 B C:\inetpub\wwwroot\components\com_users\models\forms\WS_FTP.LOG --> ftp3.ftptoyoursite.com /web/content/SITE-TEST/components/com_users/models/forms WS_FTP.LOG
2012.09.06 15:09 B C:\inetpub\wwwroot\components\com_users\models\forms\frontend.xml --> ftp3.ftptoyoursite.com /web/content/SITEBACKUP_962012/components/com_users/models/forms frontend.xml
2012.09.06 15:09 B C:\inetpub\wwwroot\components\com_users\models\forms\frontend_admin.xml --> ftp3.ftptoyoursite.com /web/content/SITEBACKUP_962012/components/com_users/models/forms frontend_admin.xml
2012.09.06 15:09 B C:\inetpub\wwwroot\components\com_users\models\forms\index.html --> ftp3.ftptoyoursite.com /web/content/SITEBACKUP_962012/components/com_users/models/forms index.html
2012.09.06 15:09 B C:\inetpub\wwwroot\components\com_users\models\forms\login.xml --> ftp3.ftptoyoursite.com /web/content/SITEBACKUP_962012/components/com_users/models/forms login.xml
2012.09.06 15:09 B C:\inetpub\wwwroot\components\com_users\models\forms\profile.xml --> ftp3.ftptoyoursite.com /web/content/SITEBACKUP_962012/components/com_users/models/forms profile.xml
2012.09.06 15:09 B C:\inetpub\wwwroot\components\com_users\models\forms\registration.xml --> ftp3.ftptoyoursite.com /web/content/SITEBACKUP_962012/components/com_users/models/forms registration.xml
2012.09.06 15:09 B C:\inetpub\wwwroot\components\com_users\models\forms\remind.xml --> ftp3.ftptoyoursite.com /web/content/SITEBACKUP_962012/components/com_users/models/forms remind.xml
2012.09.06 15:09 B C:\inetpub\wwwroot\components\com_users\models\forms\reset_complete.xml --> ftp3.ftptoyoursite.com /web/content/SITEBACKUP_962012/components/com_users/models/forms reset_complete.xml
2012.09.06 15:09 B C:\inetpub\wwwroot\components\com_users\models\forms\reset_confirm.xml --> ftp3.ftptoyoursite.com /web/content/SITEBACKUP_962012/components/com_users/models/forms reset_confirm.xml
2012.09.06 15:09 B C:\inetpub\wwwroot\components\com_users\models\forms\reset_request.xml --> ftp3.ftptoyoursite.com /web/content/SITEBACKUP_962012/components/com_users/models/forms reset_request.xml
2012.09.06 15:09 B C:\inetpub\wwwroot\components\com_users\models\forms\sitelang.xml --> ftp3.ftptoyoursite.com /web/content/SITEBACKUP_962012/components/com_users/models/forms sitelang.xml
2012.09.06 15:09 B C:\inetpub\wwwroot\components\com_users\models\forms\WS_FTP.LOG --> ftp3.ftptoyoursite.com /web/content/SITEBACKUP_962012/components/com_users/models/forms WS_FTP.LOG
2012.09.06 15:49 B C:\inetpub\wwwroot\components\com_users\models\forms\frontend.xml <-- Schubert Rackspace /web/content/SITEBACKUP_962012/components/com_users/models/forms frontend.xml
2012.09.06 15:49 B C:\inetpub\wwwroot\components\com_users\models\forms\frontend_admin.xml <-- Schubert Rackspace /web/content/SITEBACKUP_962012/components/com_users/models/forms frontend_admin.xml
2012.09.06 15:49 B C:\inetpub\wwwroot\components\com_users\models\forms\index.html <-- Schubert Rackspace /web/content/SITEBACKUP_962012/components/com_users/models/forms index.html
2012.09.06 15:49 B C:\inetpub\wwwroot\components\com_users\models\forms\login.xml <-- Schubert Rackspace /web/content/SITEBACKUP_962012/components/com_users/models/forms login.xml
2012.09.06 15:49 B C:\inetpub\wwwroot\components\com_users\models\forms\profile.xml <-- Schubert Rackspace /web/content/SITEBACKUP_962012/components/com_users/models/forms profile.xml
2012.09.06 15:49 B C:\inetpub\wwwroot\components\com_users\models\forms\registration.xml <-- Schubert Rackspace /web/content/SITEBACKUP_962012/components/com_users/models/forms registration.xml
2012.09.06 15:49 B C:\inetpub\wwwroot\components\com_users\models\forms\remind.xml <-- Schubert Rackspace /web/content/SITEBACKUP_962012/components/com_users/models/forms remind.xml
2012.09.06 15:49 B C:\inetpub\wwwroot\components\com_users\models\forms\reset_complete.xml <-- Schubert Rackspace /web/content/SITEBACKUP_962012/components/com_users/models/forms reset_complete.xml
2012.09.06 15:49 B C:\inetpub\wwwroot\components\com_users\models\forms\reset_confirm.xml <-- Schubert Rackspace /web/content/SITEBACKUP_962012/components/com_users/models/forms reset_confirm.xml
2012.09.06 15:49 B C:\inetpub\wwwroot\components\com_users\models\forms\reset_request.xml <-- Schubert Rackspace /web/content/SITEBACKUP_962012/components/com_users/models/forms reset_request.xml
2012.09.06 15:49 B C:\inetpub\wwwroot\components\com_users\models\forms\sitelang.xml <-- Schubert Rackspace /web/content/SITEBACKUP_962012/components/com_users/models/forms sitelang.xml
2012.10.23 09:12 B C:\inetpub\wwwroot\components\com_users\models\forms\frontend.xml --> ftp3.ftptoyoursite.com /web/content/components/com_users/models/forms frontend.xml
2012.10.23 09:12 B C:\inetpub\wwwroot\components\com_users\models\forms\frontend_admin.xml --> ftp3.ftptoyoursite.com /web/content/components/com_users/models/forms frontend_admin.xml
2012.10.23 09:12 B C:\inetpub\wwwroot\components\com_users\models\forms\index.html --> ftp3.ftptoyoursite.com /web/content/components/com_users/models/forms index.html
2012.10.23 09:12 B C:\inetpub\wwwroot\components\com_users\models\forms\login.xml --> ftp3.ftptoyoursite.com /web/content/components/com_users/models/forms login.xml
2012.10.23 09:12 B C:\inetpub\wwwroot\components\com_users\models\forms\profile.xml --> ftp3.ftptoyoursite.com /web/content/components/com_users/models/forms profile.xml
2012.10.23 09:12 B C:\inetpub\wwwroot\components\com_users\models\forms\registration.xml --> ftp3.ftptoyoursite.com /web/content/components/com_users/models/forms registration.xml
2012.10.23 09:12 B C:\inetpub\wwwroot\components\com_users\models\forms\remind.xml --> ftp3.ftptoyoursite.com /web/content/components/com_users/models/forms remind.xml
2012.10.23 09:12 B C:\inetpub\wwwroot\components\com_users\models\forms\reset_complete.xml --> ftp3.ftptoyoursite.com /web/content/components/com_users/models/forms reset_complete.xml
2012.10.23 09:12 B C:\inetpub\wwwroot\components\com_users\models\forms\reset_confirm.xml --> ftp3.ftptoyoursite.com /web/content/components/com_users/models/forms reset_confirm.xml
2012.10.23 09:12 B C:\inetpub\wwwroot\components\com_users\models\forms\reset_request.xml --> ftp3.ftptoyoursite.com /web/content/components/com_users/models/forms reset_request.xml
2012.10.23 09:12 B C:\inetpub\wwwroot\components\com_users\models\forms\sitelang.xml --> ftp3.ftptoyoursite.com /web/content/components/com_users/models/forms sitelang.xml
2013.02.01 14:50 B C:\inetpub\wwwroot\components\com_users\models\forms\WS_FTP.LOG <-- Schubert Rackspace /web/content/components/com_users/models/forms WS_FTP.LOG
