2012.09.04 10:45 B C:\inetpub\wwwroot\administrator\components\com_jdownloads\assets\joomfish\index.html --> ftp3.ftptoyoursite.com /web/content/SITE-TEST/administrator/components/com_jdownloads/assets/joomfish index.html
2012.09.04 10:45 B C:\inetpub\wwwroot\administrator\components\com_jdownloads\assets\joomfish\jdownloads_cats.xml --> ftp3.ftptoyoursite.com /web/content/SITE-TEST/administrator/components/com_jdownloads/assets/joomfish jdownloads_cats.xml
2012.09.04 10:45 B C:\inetpub\wwwroot\administrator\components\com_jdownloads\assets\joomfish\jdownloads_config.xml --> ftp3.ftptoyoursite.com /web/content/SITE-TEST/administrator/components/com_jdownloads/assets/joomfish jdownloads_config.xml
2012.09.04 10:45 B C:\inetpub\wwwroot\administrator\components\com_jdownloads\assets\joomfish\jdownloads_files.xml --> ftp3.ftptoyoursite.com /web/content/SITE-TEST/administrator/components/com_jdownloads/assets/joomfish jdownloads_files.xml
2012.09.04 10:45 B C:\inetpub\wwwroot\administrator\components\com_jdownloads\assets\joomfish\jdownloads_templates.xml --> ftp3.ftptoyoursite.com /web/content/SITE-TEST/administrator/components/com_jdownloads/assets/joomfish jdownloads_templates.xml
2012.09.06 14:59 B C:\inetpub\wwwroot\administrator\components\com_jdownloads\assets\joomfish\index.html --> ftp3.ftptoyoursite.com /web/content/SITEBACKUP_962012/administrator/components/com_jdownloads/assets/joomfish index.html
2012.09.06 14:59 B C:\inetpub\wwwroot\administrator\components\com_jdownloads\assets\joomfish\jdownloads_cats.xml --> ftp3.ftptoyoursite.com /web/content/SITEBACKUP_962012/administrator/components/com_jdownloads/assets/joomfish jdownloads_cats.xml
2012.09.06 14:59 B C:\inetpub\wwwroot\administrator\components\com_jdownloads\assets\joomfish\jdownloads_config.xml --> ftp3.ftptoyoursite.com /web/content/SITEBACKUP_962012/administrator/components/com_jdownloads/assets/joomfish jdownloads_config.xml
2012.09.06 14:59 B C:\inetpub\wwwroot\administrator\components\com_jdownloads\assets\joomfish\jdownloads_files.xml --> ftp3.ftptoyoursite.com /web/content/SITEBACKUP_962012/administrator/components/com_jdownloads/assets/joomfish jdownloads_files.xml
2012.09.06 14:59 B C:\inetpub\wwwroot\administrator\components\com_jdownloads\assets\joomfish\jdownloads_templates.xml --> ftp3.ftptoyoursite.com /web/content/SITEBACKUP_962012/administrator/components/com_jdownloads/assets/joomfish jdownloads_templates.xml
2012.09.06 14:59 B C:\inetpub\wwwroot\administrator\components\com_jdownloads\assets\joomfish\WS_FTP.LOG --> ftp3.ftptoyoursite.com /web/content/SITEBACKUP_962012/administrator/components/com_jdownloads/assets/joomfish WS_FTP.LOG
2012.09.06 15:21 B C:\inetpub\wwwroot\administrator\components\com_jdownloads\assets\joomfish\index.html <-- Schubert Rackspace /web/content/administrator/components/com_jdownloads/assets/joomfish index.html
2012.09.06 15:21 B C:\inetpub\wwwroot\administrator\components\com_jdownloads\assets\joomfish\jdownloads_cats.xml <-- Schubert Rackspace /web/content/administrator/components/com_jdownloads/assets/joomfish jdownloads_cats.xml
2012.09.06 15:21 B C:\inetpub\wwwroot\administrator\components\com_jdownloads\assets\joomfish\jdownloads_config.xml <-- Schubert Rackspace /web/content/administrator/components/com_jdownloads/assets/joomfish jdownloads_config.xml
2012.09.06 15:21 B C:\inetpub\wwwroot\administrator\components\com_jdownloads\assets\joomfish\jdownloads_files.xml <-- Schubert Rackspace /web/content/administrator/components/com_jdownloads/assets/joomfish jdownloads_files.xml
2012.09.06 15:21 B C:\inetpub\wwwroot\administrator\components\com_jdownloads\assets\joomfish\jdownloads_templates.xml <-- Schubert Rackspace /web/content/administrator/components/com_jdownloads/assets/joomfish jdownloads_templates.xml
2012.09.06 15:44 B C:\inetpub\wwwroot\administrator\components\com_jdownloads\assets\joomfish\index.html <-- Schubert Rackspace /web/content/SITEBACKUP_962012/administrator/components/com_jdownloads/assets/joomfish index.html
2012.09.06 15:44 B C:\inetpub\wwwroot\administrator\components\com_jdownloads\assets\joomfish\jdownloads_cats.xml <-- Schubert Rackspace /web/content/SITEBACKUP_962012/administrator/components/com_jdownloads/assets/joomfish jdownloads_cats.xml
2012.09.06 15:44 B C:\inetpub\wwwroot\administrator\components\com_jdownloads\assets\joomfish\jdownloads_config.xml <-- Schubert Rackspace /web/content/SITEBACKUP_962012/administrator/components/com_jdownloads/assets/joomfish jdownloads_config.xml
2012.09.06 15:44 B C:\inetpub\wwwroot\administrator\components\com_jdownloads\assets\joomfish\jdownloads_files.xml <-- Schubert Rackspace /web/content/SITEBACKUP_962012/administrator/components/com_jdownloads/assets/joomfish jdownloads_files.xml
2012.09.06 15:44 B C:\inetpub\wwwroot\administrator\components\com_jdownloads\assets\joomfish\jdownloads_templates.xml <-- Schubert Rackspace /web/content/SITEBACKUP_962012/administrator/components/com_jdownloads/assets/joomfish jdownloads_templates.xml
2012.10.23 09:05 B C:\inetpub\wwwroot\administrator\components\com_jdownloads\assets\joomfish\index.html --> ftp3.ftptoyoursite.com /web/content/administrator/components/com_jdownloads/assets/joomfish index.html
2012.10.23 09:05 B C:\inetpub\wwwroot\administrator\components\com_jdownloads\assets\joomfish\jdownloads_cats.xml --> ftp3.ftptoyoursite.com /web/content/administrator/components/com_jdownloads/assets/joomfish jdownloads_cats.xml
2012.10.23 09:05 B C:\inetpub\wwwroot\administrator\components\com_jdownloads\assets\joomfish\jdownloads_config.xml --> ftp3.ftptoyoursite.com /web/content/administrator/components/com_jdownloads/assets/joomfish jdownloads_config.xml
2012.10.23 09:05 B C:\inetpub\wwwroot\administrator\components\com_jdownloads\assets\joomfish\jdownloads_files.xml --> ftp3.ftptoyoursite.com /web/content/administrator/components/com_jdownloads/assets/joomfish jdownloads_files.xml
2012.10.23 09:05 B C:\inetpub\wwwroot\administrator\components\com_jdownloads\assets\joomfish\jdownloads_templates.xml --> ftp3.ftptoyoursite.com /web/content/administrator/components/com_jdownloads/assets/joomfish jdownloads_templates.xml
2012.10.23 09:05 B C:\inetpub\wwwroot\administrator\components\com_jdownloads\assets\joomfish\WS_FTP.LOG --> ftp3.ftptoyoursite.com /web/content/administrator/components/com_jdownloads/assets/joomfish WS_FTP.LOG
2013.02.01 14:41 B C:\inetpub\wwwroot\administrator\components\com_jdownloads\assets\joomfish\WS_FTP.LOG <-- Schubert Rackspace /web/content/administrator/components/com_jdownloads/assets/joomfish WS_FTP.LOG
