2012.07.25 12:12 B C:\Users\COBRIEN\Desktop\Schubert\administrator\components\com_rsform\assets\images\add.png <-- Schubert Rackspace /web/content/administrator/components/com_rsform/assets/images add.png
2012.07.25 12:12 B C:\Users\COBRIEN\Desktop\Schubert\administrator\components\com_rsform\assets\images\backend-menu.png <-- Schubert Rackspace /web/content/administrator/components/com_rsform/assets/images backend-menu.png
2012.07.25 12:12 B C:\Users\COBRIEN\Desktop\Schubert\administrator\components\com_rsform\assets\images\backup.png <-- Schubert Rackspace /web/content/administrator/components/com_rsform/assets/images backup.png
2012.07.25 12:12 B C:\Users\COBRIEN\Desktop\Schubert\administrator\components\com_rsform\assets\images\box.jpg <-- Schubert Rackspace /web/content/administrator/components/com_rsform/assets/images box.jpg
2012.07.25 12:12 B C:\Users\COBRIEN\Desktop\Schubert\administrator\components\com_rsform\assets\images\btnbg.gif <-- Schubert Rackspace /web/content/administrator/components/com_rsform/assets/images btnbg.gif
2012.07.25 12:12 B C:\Users\COBRIEN\Desktop\Schubert\administrator\components\com_rsform\assets\images\btnbg2.gif <-- Schubert Rackspace /web/content/administrator/components/com_rsform/assets/images btnbg2.gif
2012.07.25 12:12 B C:\Users\COBRIEN\Desktop\Schubert\administrator\components\com_rsform\assets\images\buttonbg.gif <-- Schubert Rackspace /web/content/administrator/components/com_rsform/assets/images buttonbg.gif
2012.07.25 12:12 B C:\Users\COBRIEN\Desktop\Schubert\administrator\components\com_rsform\assets\images\buttonbg2.gif <-- Schubert Rackspace /web/content/administrator/components/com_rsform/assets/images buttonbg2.gif
2012.07.25 12:12 B C:\Users\COBRIEN\Desktop\Schubert\administrator\components\com_rsform\assets\images\buttonbg3.gif <-- Schubert Rackspace /web/content/administrator/components/com_rsform/assets/images buttonbg3.gif
2012.07.25 12:12 B C:\Users\COBRIEN\Desktop\Schubert\administrator\components\com_rsform\assets\images\buttonbg4.gif <-- Schubert Rackspace /web/content/administrator/components/com_rsform/assets/images buttonbg4.gif
2012.07.25 12:12 B C:\Users\COBRIEN\Desktop\Schubert\administrator\components\com_rsform\assets\images\close.png <-- Schubert Rackspace /web/content/administrator/components/com_rsform/assets/images close.png
2012.07.25 12:12 B C:\Users\COBRIEN\Desktop\Schubert\administrator\components\com_rsform\assets\images\config.png <-- Schubert Rackspace /web/content/administrator/components/com_rsform/assets/images config.png
2012.07.25 12:12 B C:\Users\COBRIEN\Desktop\Schubert\administrator\components\com_rsform\assets\images\file.gif <-- Schubert Rackspace /web/content/administrator/components/com_rsform/assets/images file.gif
2012.07.25 12:12 B C:\Users\COBRIEN\Desktop\Schubert\administrator\components\com_rsform\assets\images\folder.gif <-- Schubert Rackspace /web/content/administrator/components/com_rsform/assets/images folder.gif
2012.07.25 12:12 B C:\Users\COBRIEN\Desktop\Schubert\administrator\components\com_rsform\assets\images\forms.png <-- Schubert Rackspace /web/content/administrator/components/com_rsform/assets/images forms.png
2012.07.25 12:12 B C:\Users\COBRIEN\Desktop\Schubert\administrator\components\com_rsform\assets\images\icon-16-edit.png <-- Schubert Rackspace /web/content/administrator/components/com_rsform/assets/images icon-16-edit.png
2012.07.25 12:12 B C:\Users\COBRIEN\Desktop\Schubert\administrator\components\com_rsform\assets\images\icon-16-frontpage.png <-- Schubert Rackspace /web/content/administrator/components/com_rsform/assets/images icon-16-frontpage.png
2012.07.25 12:12 B C:\Users\COBRIEN\Desktop\Schubert\administrator\components\com_rsform\assets\images\icon-16-menu.png <-- Schubert Rackspace /web/content/administrator/components/com_rsform/assets/images icon-16-menu.png
2012.07.25 12:12 B C:\Users\COBRIEN\Desktop\Schubert\administrator\components\com_rsform\assets\images\icon-16-trash.png <-- Schubert Rackspace /web/content/administrator/components/com_rsform/assets/images icon-16-trash.png
2012.07.25 12:12 B C:\Users\COBRIEN\Desktop\Schubert\administrator\components\com_rsform\assets\images\icon-16-upload.png <-- Schubert Rackspace /web/content/administrator/components/com_rsform/assets/images icon-16-upload.png
2012.07.25 12:12 B C:\Users\COBRIEN\Desktop\Schubert\administrator\components\com_rsform\assets\images\icon-48-rsform.gif <-- Schubert Rackspace /web/content/administrator/components/com_rsform/assets/images icon-48-rsform.gif
2012.07.25 12:12 B C:\Users\COBRIEN\Desktop\Schubert\administrator\components\com_rsform\assets\images\index.html <-- Schubert Rackspace /web/content/administrator/components/com_rsform/assets/images index.html
2012.07.25 12:12 B C:\Users\COBRIEN\Desktop\Schubert\administrator\components\com_rsform\assets\images\load.gif <-- Schubert Rackspace /web/content/administrator/components/com_rsform/assets/images load.gif
2012.07.25 12:12 B C:\Users\COBRIEN\Desktop\Schubert\administrator\components\com_rsform\assets\images\loading.gif <-- Schubert Rackspace /web/content/administrator/components/com_rsform/assets/images loading.gif
2012.07.25 12:12 B C:\Users\COBRIEN\Desktop\Schubert\administrator\components\com_rsform\assets\images\mainmenu.png <-- Schubert Rackspace /web/content/administrator/components/com_rsform/assets/images mainmenu.png
2012.07.25 12:12 B C:\Users\COBRIEN\Desktop\Schubert\administrator\components\com_rsform\assets\images\native16.png <-- Schubert Rackspace /web/content/administrator/components/com_rsform/assets/images native16.png
2012.07.25 12:12 B C:\Users\COBRIEN\Desktop\Schubert\administrator\components\com_rsform\assets\images\restore.png <-- Schubert Rackspace /web/content/administrator/components/com_rsform/assets/images restore.png
2012.07.25 12:12 B C:\Users\COBRIEN\Desktop\Schubert\administrator\components\com_rsform\assets\images\rsfirewall-approved.gif <-- Schubert Rackspace /web/content/administrator/components/com_rsform/assets/images rsfirewall-approved.gif
2012.07.25 12:12 B C:\Users\COBRIEN\Desktop\Schubert\administrator\components\com_rsform\assets\images\rsformpro.gif <-- Schubert Rackspace /web/content/administrator/components/com_rsform/assets/images rsformpro.gif
2012.07.25 12:12 B C:\Users\COBRIEN\Desktop\Schubert\administrator\components\com_rsform\assets\images\rsformpro.png <-- Schubert Rackspace /web/content/administrator/components/com_rsform/assets/images rsformpro.png
2012.07.25 12:12 B C:\Users\COBRIEN\Desktop\Schubert\administrator\components\com_rsform\assets\images\salesforce.png <-- Schubert Rackspace /web/content/administrator/components/com_rsform/assets/images salesforce.png
2012.07.25 12:12 B C:\Users\COBRIEN\Desktop\Schubert\administrator\components\com_rsform\assets\images\samples.png <-- Schubert Rackspace /web/content/administrator/components/com_rsform/assets/images samples.png
2012.07.25 12:12 B C:\Users\COBRIEN\Desktop\Schubert\administrator\components\com_rsform\assets\images\submit-help.jpg <-- Schubert Rackspace /web/content/administrator/components/com_rsform/assets/images submit-help.jpg
2012.07.25 12:12 B C:\Users\COBRIEN\Desktop\Schubert\administrator\components\com_rsform\assets\images\support.png <-- Schubert Rackspace /web/content/administrator/components/com_rsform/assets/images support.png
2012.07.25 12:12 B C:\Users\COBRIEN\Desktop\Schubert\administrator\components\com_rsform\assets\images\systeminfo.png <-- Schubert Rackspace /web/content/administrator/components/com_rsform/assets/images systeminfo.png
2012.07.25 12:12 B C:\Users\COBRIEN\Desktop\Schubert\administrator\components\com_rsform\assets\images\titlebg.gif <-- Schubert Rackspace /web/content/administrator/components/com_rsform/assets/images titlebg.gif
2012.07.25 12:12 B C:\Users\COBRIEN\Desktop\Schubert\administrator\components\com_rsform\assets\images\translate.gif <-- Schubert Rackspace /web/content/administrator/components/com_rsform/assets/images translate.gif
2012.07.25 12:12 B C:\Users\COBRIEN\Desktop\Schubert\administrator\components\com_rsform\assets\images\up.gif <-- Schubert Rackspace /web/content/administrator/components/com_rsform/assets/images up.gif
2012.07.25 12:12 B C:\Users\COBRIEN\Desktop\Schubert\administrator\components\com_rsform\assets\images\viewdata.png <-- Schubert Rackspace /web/content/administrator/components/com_rsform/assets/images viewdata.png
2012.09.04 10:46 B C:\inetpub\wwwroot\administrator\components\com_rsform\assets\images\add.png --> ftp3.ftptoyoursite.com /web/content/SITE-TEST/administrator/components/com_rsform/assets/images add.png
2012.09.04 10:46 B C:\inetpub\wwwroot\administrator\components\com_rsform\assets\images\backend-menu.png --> ftp3.ftptoyoursite.com /web/content/SITE-TEST/administrator/components/com_rsform/assets/images backend-menu.png
2012.09.04 10:46 B C:\inetpub\wwwroot\administrator\components\com_rsform\assets\images\backup.png --> ftp3.ftptoyoursite.com /web/content/SITE-TEST/administrator/components/com_rsform/assets/images backup.png
2012.09.04 10:46 B C:\inetpub\wwwroot\administrator\components\com_rsform\assets\images\box.jpg --> ftp3.ftptoyoursite.com /web/content/SITE-TEST/administrator/components/com_rsform/assets/images box.jpg
2012.09.04 10:46 B C:\inetpub\wwwroot\administrator\components\com_rsform\assets\images\btnbg.gif --> ftp3.ftptoyoursite.com /web/content/SITE-TEST/administrator/components/com_rsform/assets/images btnbg.gif
2012.09.04 10:46 B C:\inetpub\wwwroot\administrator\components\com_rsform\assets\images\btnbg2.gif --> ftp3.ftptoyoursite.com /web/content/SITE-TEST/administrator/components/com_rsform/assets/images btnbg2.gif
2012.09.04 10:46 B C:\inetpub\wwwroot\administrator\components\com_rsform\assets\images\buttonbg.gif --> ftp3.ftptoyoursite.com /web/content/SITE-TEST/administrator/components/com_rsform/assets/images buttonbg.gif
2012.09.04 10:46 B C:\inetpub\wwwroot\administrator\components\com_rsform\assets\images\buttonbg2.gif --> ftp3.ftptoyoursite.com /web/content/SITE-TEST/administrator/components/com_rsform/assets/images buttonbg2.gif
2012.09.04 10:46 B C:\inetpub\wwwroot\administrator\components\com_rsform\assets\images\buttonbg3.gif --> ftp3.ftptoyoursite.com /web/content/SITE-TEST/administrator/components/com_rsform/assets/images buttonbg3.gif
2012.09.04 10:46 B C:\inetpub\wwwroot\administrator\components\com_rsform\assets\images\buttonbg4.gif --> ftp3.ftptoyoursite.com /web/content/SITE-TEST/administrator/components/com_rsform/assets/images buttonbg4.gif
2012.09.04 10:46 B C:\inetpub\wwwroot\administrator\components\com_rsform\assets\images\close.png --> ftp3.ftptoyoursite.com /web/content/SITE-TEST/administrator/components/com_rsform/assets/images close.png
2012.09.04 10:46 B C:\inetpub\wwwroot\administrator\components\com_rsform\assets\images\config.png --> ftp3.ftptoyoursite.com /web/content/SITE-TEST/administrator/components/com_rsform/assets/images config.png
2012.09.04 10:46 B C:\inetpub\wwwroot\administrator\components\com_rsform\assets\images\file.gif --> ftp3.ftptoyoursite.com /web/content/SITE-TEST/administrator/components/com_rsform/assets/images file.gif
2012.09.04 10:46 B C:\inetpub\wwwroot\administrator\components\com_rsform\assets\images\folder.gif --> ftp3.ftptoyoursite.com /web/content/SITE-TEST/administrator/components/com_rsform/assets/images folder.gif
2012.09.04 10:46 B C:\inetpub\wwwroot\administrator\components\com_rsform\assets\images\forms.png --> ftp3.ftptoyoursite.com /web/content/SITE-TEST/administrator/components/com_rsform/assets/images forms.png
2012.09.04 10:46 B C:\inetpub\wwwroot\administrator\components\com_rsform\assets\images\icon-16-edit.png --> ftp3.ftptoyoursite.com /web/content/SITE-TEST/administrator/components/com_rsform/assets/images icon-16-edit.png
2012.09.04 10:46 B C:\inetpub\wwwroot\administrator\components\com_rsform\assets\images\icon-16-frontpage.png --> ftp3.ftptoyoursite.com /web/content/SITE-TEST/administrator/components/com_rsform/assets/images icon-16-frontpage.png
2012.09.04 10:46 B C:\inetpub\wwwroot\administrator\components\com_rsform\assets\images\icon-16-menu.png --> ftp3.ftptoyoursite.com /web/content/SITE-TEST/administrator/components/com_rsform/assets/images icon-16-menu.png
2012.09.04 10:46 B C:\inetpub\wwwroot\administrator\components\com_rsform\assets\images\icon-16-trash.png --> ftp3.ftptoyoursite.com /web/content/SITE-TEST/administrator/components/com_rsform/assets/images icon-16-trash.png
2012.09.04 10:46 B C:\inetpub\wwwroot\administrator\components\com_rsform\assets\images\icon-16-upload.png --> ftp3.ftptoyoursite.com /web/content/SITE-TEST/administrator/components/com_rsform/assets/images icon-16-upload.png
2012.09.04 10:46 B C:\inetpub\wwwroot\administrator\components\com_rsform\assets\images\icon-48-rsform.gif --> ftp3.ftptoyoursite.com /web/content/SITE-TEST/administrator/components/com_rsform/assets/images icon-48-rsform.gif
2012.09.04 10:46 B C:\inetpub\wwwroot\administrator\components\com_rsform\assets\images\index.html --> ftp3.ftptoyoursite.com /web/content/SITE-TEST/administrator/components/com_rsform/assets/images index.html
2012.09.04 10:46 B C:\inetpub\wwwroot\administrator\components\com_rsform\assets\images\load.gif --> ftp3.ftptoyoursite.com /web/content/SITE-TEST/administrator/components/com_rsform/assets/images load.gif
2012.09.04 10:46 B C:\inetpub\wwwroot\administrator\components\com_rsform\assets\images\loading.gif --> ftp3.ftptoyoursite.com /web/content/SITE-TEST/administrator/components/com_rsform/assets/images loading.gif
2012.09.04 10:46 B C:\inetpub\wwwroot\administrator\components\com_rsform\assets\images\mainmenu.png --> ftp3.ftptoyoursite.com /web/content/SITE-TEST/administrator/components/com_rsform/assets/images mainmenu.png
2012.09.04 10:46 B C:\inetpub\wwwroot\administrator\components\com_rsform\assets\images\native16.png --> ftp3.ftptoyoursite.com /web/content/SITE-TEST/administrator/components/com_rsform/assets/images native16.png
2012.09.04 10:46 B C:\inetpub\wwwroot\administrator\components\com_rsform\assets\images\restore.png --> ftp3.ftptoyoursite.com /web/content/SITE-TEST/administrator/components/com_rsform/assets/images restore.png
2012.09.04 10:46 B C:\inetpub\wwwroot\administrator\components\com_rsform\assets\images\rsfirewall-approved.gif --> ftp3.ftptoyoursite.com /web/content/SITE-TEST/administrator/components/com_rsform/assets/images rsfirewall-approved.gif
2012.09.04 10:46 B C:\inetpub\wwwroot\administrator\components\com_rsform\assets\images\rsformpro.gif --> ftp3.ftptoyoursite.com /web/content/SITE-TEST/administrator/components/com_rsform/assets/images rsformpro.gif
2012.09.04 10:46 B C:\inetpub\wwwroot\administrator\components\com_rsform\assets\images\rsformpro.png --> ftp3.ftptoyoursite.com /web/content/SITE-TEST/administrator/components/com_rsform/assets/images rsformpro.png
2012.09.04 10:46 B C:\inetpub\wwwroot\administrator\components\com_rsform\assets\images\salesforce.png --> ftp3.ftptoyoursite.com /web/content/SITE-TEST/administrator/components/com_rsform/assets/images salesforce.png
2012.09.04 10:46 B C:\inetpub\wwwroot\administrator\components\com_rsform\assets\images\samples.png --> ftp3.ftptoyoursite.com /web/content/SITE-TEST/administrator/components/com_rsform/assets/images samples.png
2012.09.04 10:46 B C:\inetpub\wwwroot\administrator\components\com_rsform\assets\images\submit-help.jpg --> ftp3.ftptoyoursite.com /web/content/SITE-TEST/administrator/components/com_rsform/assets/images submit-help.jpg
2012.09.04 10:46 B C:\inetpub\wwwroot\administrator\components\com_rsform\assets\images\support.png --> ftp3.ftptoyoursite.com /web/content/SITE-TEST/administrator/components/com_rsform/assets/images support.png
2012.09.04 10:46 B C:\inetpub\wwwroot\administrator\components\com_rsform\assets\images\systeminfo.png --> ftp3.ftptoyoursite.com /web/content/SITE-TEST/administrator/components/com_rsform/assets/images systeminfo.png
2012.09.04 10:46 B C:\inetpub\wwwroot\administrator\components\com_rsform\assets\images\titlebg.gif --> ftp3.ftptoyoursite.com /web/content/SITE-TEST/administrator/components/com_rsform/assets/images titlebg.gif
2012.09.04 10:46 B C:\inetpub\wwwroot\administrator\components\com_rsform\assets\images\translate.gif --> ftp3.ftptoyoursite.com /web/content/SITE-TEST/administrator/components/com_rsform/assets/images translate.gif
2012.09.04 10:46 B C:\inetpub\wwwroot\administrator\components\com_rsform\assets\images\up.gif --> ftp3.ftptoyoursite.com /web/content/SITE-TEST/administrator/components/com_rsform/assets/images up.gif
2012.09.04 10:46 B C:\inetpub\wwwroot\administrator\components\com_rsform\assets\images\viewdata.png --> ftp3.ftptoyoursite.com /web/content/SITE-TEST/administrator/components/com_rsform/assets/images viewdata.png
2012.09.04 10:46 B C:\inetpub\wwwroot\administrator\components\com_rsform\assets\images\WS_FTP.LOG --> ftp3.ftptoyoursite.com /web/content/SITE-TEST/administrator/components/com_rsform/assets/images WS_FTP.LOG
2012.09.06 15:03 B C:\inetpub\wwwroot\administrator\components\com_rsform\assets\images\add.png --> ftp3.ftptoyoursite.com /web/content/SITEBACKUP_962012/administrator/components/com_rsform/assets/images add.png
2012.09.06 15:03 B C:\inetpub\wwwroot\administrator\components\com_rsform\assets\images\backend-menu.png --> ftp3.ftptoyoursite.com /web/content/SITEBACKUP_962012/administrator/components/com_rsform/assets/images backend-menu.png
2012.09.06 15:03 B C:\inetpub\wwwroot\administrator\components\com_rsform\assets\images\backup.png --> ftp3.ftptoyoursite.com /web/content/SITEBACKUP_962012/administrator/components/com_rsform/assets/images backup.png
2012.09.06 15:03 B C:\inetpub\wwwroot\administrator\components\com_rsform\assets\images\box.jpg --> ftp3.ftptoyoursite.com /web/content/SITEBACKUP_962012/administrator/components/com_rsform/assets/images box.jpg
2012.09.06 15:03 B C:\inetpub\wwwroot\administrator\components\com_rsform\assets\images\btnbg.gif --> ftp3.ftptoyoursite.com /web/content/SITEBACKUP_962012/administrator/components/com_rsform/assets/images btnbg.gif
2012.09.06 15:03 B C:\inetpub\wwwroot\administrator\components\com_rsform\assets\images\btnbg2.gif --> ftp3.ftptoyoursite.com /web/content/SITEBACKUP_962012/administrator/components/com_rsform/assets/images btnbg2.gif
2012.09.06 15:03 B C:\inetpub\wwwroot\administrator\components\com_rsform\assets\images\buttonbg.gif --> ftp3.ftptoyoursite.com /web/content/SITEBACKUP_962012/administrator/components/com_rsform/assets/images buttonbg.gif
2012.09.06 15:03 B C:\inetpub\wwwroot\administrator\components\com_rsform\assets\images\buttonbg2.gif --> ftp3.ftptoyoursite.com /web/content/SITEBACKUP_962012/administrator/components/com_rsform/assets/images buttonbg2.gif
2012.09.06 15:03 B C:\inetpub\wwwroot\administrator\components\com_rsform\assets\images\buttonbg3.gif --> ftp3.ftptoyoursite.com /web/content/SITEBACKUP_962012/administrator/components/com_rsform/assets/images buttonbg3.gif
2012.09.06 15:03 B C:\inetpub\wwwroot\administrator\components\com_rsform\assets\images\buttonbg4.gif --> ftp3.ftptoyoursite.com /web/content/SITEBACKUP_962012/administrator/components/com_rsform/assets/images buttonbg4.gif
2012.09.06 15:03 B C:\inetpub\wwwroot\administrator\components\com_rsform\assets\images\close.png --> ftp3.ftptoyoursite.com /web/content/SITEBACKUP_962012/administrator/components/com_rsform/assets/images close.png
2012.09.06 15:03 B C:\inetpub\wwwroot\administrator\components\com_rsform\assets\images\config.png --> ftp3.ftptoyoursite.com /web/content/SITEBACKUP_962012/administrator/components/com_rsform/assets/images config.png
2012.09.06 15:03 B C:\inetpub\wwwroot\administrator\components\com_rsform\assets\images\file.gif --> ftp3.ftptoyoursite.com /web/content/SITEBACKUP_962012/administrator/components/com_rsform/assets/images file.gif
2012.09.06 15:03 B C:\inetpub\wwwroot\administrator\components\com_rsform\assets\images\folder.gif --> ftp3.ftptoyoursite.com /web/content/SITEBACKUP_962012/administrator/components/com_rsform/assets/images folder.gif
2012.09.06 15:03 B C:\inetpub\wwwroot\administrator\components\com_rsform\assets\images\forms.png --> ftp3.ftptoyoursite.com /web/content/SITEBACKUP_962012/administrator/components/com_rsform/assets/images forms.png
2012.09.06 15:03 B C:\inetpub\wwwroot\administrator\components\com_rsform\assets\images\icon-16-edit.png --> ftp3.ftptoyoursite.com /web/content/SITEBACKUP_962012/administrator/components/com_rsform/assets/images icon-16-edit.png
2012.09.06 15:03 B C:\inetpub\wwwroot\administrator\components\com_rsform\assets\images\icon-16-frontpage.png --> ftp3.ftptoyoursite.com /web/content/SITEBACKUP_962012/administrator/components/com_rsform/assets/images icon-16-frontpage.png
2012.09.06 15:03 B C:\inetpub\wwwroot\administrator\components\com_rsform\assets\images\icon-16-menu.png --> ftp3.ftptoyoursite.com /web/content/SITEBACKUP_962012/administrator/components/com_rsform/assets/images icon-16-menu.png
2012.09.06 15:03 B C:\inetpub\wwwroot\administrator\components\com_rsform\assets\images\icon-16-trash.png --> ftp3.ftptoyoursite.com /web/content/SITEBACKUP_962012/administrator/components/com_rsform/assets/images icon-16-trash.png
2012.09.06 15:03 B C:\inetpub\wwwroot\administrator\components\com_rsform\assets\images\icon-16-upload.png --> ftp3.ftptoyoursite.com /web/content/SITEBACKUP_962012/administrator/components/com_rsform/assets/images icon-16-upload.png
2012.09.06 15:03 B C:\inetpub\wwwroot\administrator\components\com_rsform\assets\images\icon-48-rsform.gif --> ftp3.ftptoyoursite.com /web/content/SITEBACKUP_962012/administrator/components/com_rsform/assets/images icon-48-rsform.gif
2012.09.06 15:03 B C:\inetpub\wwwroot\administrator\components\com_rsform\assets\images\index.html --> ftp3.ftptoyoursite.com /web/content/SITEBACKUP_962012/administrator/components/com_rsform/assets/images index.html
2012.09.06 15:03 B C:\inetpub\wwwroot\administrator\components\com_rsform\assets\images\load.gif --> ftp3.ftptoyoursite.com /web/content/SITEBACKUP_962012/administrator/components/com_rsform/assets/images load.gif
2012.09.06 15:03 B C:\inetpub\wwwroot\administrator\components\com_rsform\assets\images\loading.gif --> ftp3.ftptoyoursite.com /web/content/SITEBACKUP_962012/administrator/components/com_rsform/assets/images loading.gif
2012.09.06 15:03 B C:\inetpub\wwwroot\administrator\components\com_rsform\assets\images\mainmenu.png --> ftp3.ftptoyoursite.com /web/content/SITEBACKUP_962012/administrator/components/com_rsform/assets/images mainmenu.png
2012.09.06 15:03 B C:\inetpub\wwwroot\administrator\components\com_rsform\assets\images\native16.png --> ftp3.ftptoyoursite.com /web/content/SITEBACKUP_962012/administrator/components/com_rsform/assets/images native16.png
2012.09.06 15:03 B C:\inetpub\wwwroot\administrator\components\com_rsform\assets\images\restore.png --> ftp3.ftptoyoursite.com /web/content/SITEBACKUP_962012/administrator/components/com_rsform/assets/images restore.png
2012.09.06 15:03 B C:\inetpub\wwwroot\administrator\components\com_rsform\assets\images\rsfirewall-approved.gif --> ftp3.ftptoyoursite.com /web/content/SITEBACKUP_962012/administrator/components/com_rsform/assets/images rsfirewall-approved.gif
2012.09.06 15:03 B C:\inetpub\wwwroot\administrator\components\com_rsform\assets\images\rsformpro.gif --> ftp3.ftptoyoursite.com /web/content/SITEBACKUP_962012/administrator/components/com_rsform/assets/images rsformpro.gif
2012.09.06 15:03 B C:\inetpub\wwwroot\administrator\components\com_rsform\assets\images\rsformpro.png --> ftp3.ftptoyoursite.com /web/content/SITEBACKUP_962012/administrator/components/com_rsform/assets/images rsformpro.png
2012.09.06 15:03 B C:\inetpub\wwwroot\administrator\components\com_rsform\assets\images\salesforce.png --> ftp3.ftptoyoursite.com /web/content/SITEBACKUP_962012/administrator/components/com_rsform/assets/images salesforce.png
2012.09.06 15:03 B C:\inetpub\wwwroot\administrator\components\com_rsform\assets\images\samples.png --> ftp3.ftptoyoursite.com /web/content/SITEBACKUP_962012/administrator/components/com_rsform/assets/images samples.png
2012.09.06 15:03 B C:\inetpub\wwwroot\administrator\components\com_rsform\assets\images\submit-help.jpg --> ftp3.ftptoyoursite.com /web/content/SITEBACKUP_962012/administrator/components/com_rsform/assets/images submit-help.jpg
2012.09.06 15:03 B C:\inetpub\wwwroot\administrator\components\com_rsform\assets\images\support.png --> ftp3.ftptoyoursite.com /web/content/SITEBACKUP_962012/administrator/components/com_rsform/assets/images support.png
2012.09.06 15:03 B C:\inetpub\wwwroot\administrator\components\com_rsform\assets\images\systeminfo.png --> ftp3.ftptoyoursite.com /web/content/SITEBACKUP_962012/administrator/components/com_rsform/assets/images systeminfo.png
2012.09.06 15:03 B C:\inetpub\wwwroot\administrator\components\com_rsform\assets\images\titlebg.gif --> ftp3.ftptoyoursite.com /web/content/SITEBACKUP_962012/administrator/components/com_rsform/assets/images titlebg.gif
2012.09.06 15:03 B C:\inetpub\wwwroot\administrator\components\com_rsform\assets\images\translate.gif --> ftp3.ftptoyoursite.com /web/content/SITEBACKUP_962012/administrator/components/com_rsform/assets/images translate.gif
2012.09.06 15:03 B C:\inetpub\wwwroot\administrator\components\com_rsform\assets\images\up.gif --> ftp3.ftptoyoursite.com /web/content/SITEBACKUP_962012/administrator/components/com_rsform/assets/images up.gif
2012.09.06 15:03 B C:\inetpub\wwwroot\administrator\components\com_rsform\assets\images\viewdata.png --> ftp3.ftptoyoursite.com /web/content/SITEBACKUP_962012/administrator/components/com_rsform/assets/images viewdata.png
2012.09.06 15:03 B C:\inetpub\wwwroot\administrator\components\com_rsform\assets\images\WS_FTP.LOG --> ftp3.ftptoyoursite.com /web/content/SITEBACKUP_962012/administrator/components/com_rsform/assets/images WS_FTP.LOG
2012.09.06 15:45 B C:\inetpub\wwwroot\administrator\components\com_rsform\assets\images\add.png <-- Schubert Rackspace /web/content/SITEBACKUP_962012/administrator/components/com_rsform/assets/images add.png
2012.09.06 15:45 B C:\inetpub\wwwroot\administrator\components\com_rsform\assets\images\backend-menu.png <-- Schubert Rackspace /web/content/SITEBACKUP_962012/administrator/components/com_rsform/assets/images backend-menu.png
2012.09.06 15:45 B C:\inetpub\wwwroot\administrator\components\com_rsform\assets\images\backup.png <-- Schubert Rackspace /web/content/SITEBACKUP_962012/administrator/components/com_rsform/assets/images backup.png
2012.09.06 15:45 B C:\inetpub\wwwroot\administrator\components\com_rsform\assets\images\box.jpg <-- Schubert Rackspace /web/content/SITEBACKUP_962012/administrator/components/com_rsform/assets/images box.jpg
2012.09.06 15:45 B C:\inetpub\wwwroot\administrator\components\com_rsform\assets\images\btnbg.gif <-- Schubert Rackspace /web/content/SITEBACKUP_962012/administrator/components/com_rsform/assets/images btnbg.gif
2012.09.06 15:45 B C:\inetpub\wwwroot\administrator\components\com_rsform\assets\images\btnbg2.gif <-- Schubert Rackspace /web/content/SITEBACKUP_962012/administrator/components/com_rsform/assets/images btnbg2.gif
2012.09.06 15:45 B C:\inetpub\wwwroot\administrator\components\com_rsform\assets\images\buttonbg.gif <-- Schubert Rackspace /web/content/SITEBACKUP_962012/administrator/components/com_rsform/assets/images buttonbg.gif
2012.09.06 15:45 B C:\inetpub\wwwroot\administrator\components\com_rsform\assets\images\buttonbg2.gif <-- Schubert Rackspace /web/content/SITEBACKUP_962012/administrator/components/com_rsform/assets/images buttonbg2.gif
2012.09.06 15:45 B C:\inetpub\wwwroot\administrator\components\com_rsform\assets\images\buttonbg3.gif <-- Schubert Rackspace /web/content/SITEBACKUP_962012/administrator/components/com_rsform/assets/images buttonbg3.gif
2012.09.06 15:45 B C:\inetpub\wwwroot\administrator\components\com_rsform\assets\images\buttonbg4.gif <-- Schubert Rackspace /web/content/SITEBACKUP_962012/administrator/components/com_rsform/assets/images buttonbg4.gif
2012.09.06 15:45 B C:\inetpub\wwwroot\administrator\components\com_rsform\assets\images\close.png <-- Schubert Rackspace /web/content/SITEBACKUP_962012/administrator/components/com_rsform/assets/images close.png
2012.09.06 15:45 B C:\inetpub\wwwroot\administrator\components\com_rsform\assets\images\config.png <-- Schubert Rackspace /web/content/SITEBACKUP_962012/administrator/components/com_rsform/assets/images config.png
2012.09.06 15:45 B C:\inetpub\wwwroot\administrator\components\com_rsform\assets\images\file.gif <-- Schubert Rackspace /web/content/SITEBACKUP_962012/administrator/components/com_rsform/assets/images file.gif
2012.09.06 15:45 B C:\inetpub\wwwroot\administrator\components\com_rsform\assets\images\folder.gif <-- Schubert Rackspace /web/content/SITEBACKUP_962012/administrator/components/com_rsform/assets/images folder.gif
2012.09.06 15:45 B C:\inetpub\wwwroot\administrator\components\com_rsform\assets\images\forms.png <-- Schubert Rackspace /web/content/SITEBACKUP_962012/administrator/components/com_rsform/assets/images forms.png
2012.09.06 15:45 B C:\inetpub\wwwroot\administrator\components\com_rsform\assets\images\icon-16-edit.png <-- Schubert Rackspace /web/content/SITEBACKUP_962012/administrator/components/com_rsform/assets/images icon-16-edit.png
2012.09.06 15:45 B C:\inetpub\wwwroot\administrator\components\com_rsform\assets\images\icon-16-frontpage.png <-- Schubert Rackspace /web/content/SITEBACKUP_962012/administrator/components/com_rsform/assets/images icon-16-frontpage.png
2012.09.06 15:45 B C:\inetpub\wwwroot\administrator\components\com_rsform\assets\images\icon-16-menu.png <-- Schubert Rackspace /web/content/SITEBACKUP_962012/administrator/components/com_rsform/assets/images icon-16-menu.png
2012.09.06 15:45 B C:\inetpub\wwwroot\administrator\components\com_rsform\assets\images\icon-16-trash.png <-- Schubert Rackspace /web/content/SITEBACKUP_962012/administrator/components/com_rsform/assets/images icon-16-trash.png
2012.09.06 15:45 B C:\inetpub\wwwroot\administrator\components\com_rsform\assets\images\icon-16-upload.png <-- Schubert Rackspace /web/content/SITEBACKUP_962012/administrator/components/com_rsform/assets/images icon-16-upload.png
2012.09.06 15:45 B C:\inetpub\wwwroot\administrator\components\com_rsform\assets\images\icon-48-rsform.gif <-- Schubert Rackspace /web/content/SITEBACKUP_962012/administrator/components/com_rsform/assets/images icon-48-rsform.gif
2012.09.06 15:45 B C:\inetpub\wwwroot\administrator\components\com_rsform\assets\images\index.html <-- Schubert Rackspace /web/content/SITEBACKUP_962012/administrator/components/com_rsform/assets/images index.html
2012.09.06 15:45 B C:\inetpub\wwwroot\administrator\components\com_rsform\assets\images\load.gif <-- Schubert Rackspace /web/content/SITEBACKUP_962012/administrator/components/com_rsform/assets/images load.gif
2012.09.06 15:45 B C:\inetpub\wwwroot\administrator\components\com_rsform\assets\images\loading.gif <-- Schubert Rackspace /web/content/SITEBACKUP_962012/administrator/components/com_rsform/assets/images loading.gif
2012.09.06 15:45 B C:\inetpub\wwwroot\administrator\components\com_rsform\assets\images\mainmenu.png <-- Schubert Rackspace /web/content/SITEBACKUP_962012/administrator/components/com_rsform/assets/images mainmenu.png
2012.09.06 15:45 B C:\inetpub\wwwroot\administrator\components\com_rsform\assets\images\native16.png <-- Schubert Rackspace /web/content/SITEBACKUP_962012/administrator/components/com_rsform/assets/images native16.png
2012.09.06 15:45 B C:\inetpub\wwwroot\administrator\components\com_rsform\assets\images\restore.png <-- Schubert Rackspace /web/content/SITEBACKUP_962012/administrator/components/com_rsform/assets/images restore.png
2012.09.06 15:45 B C:\inetpub\wwwroot\administrator\components\com_rsform\assets\images\rsfirewall-approved.gif <-- Schubert Rackspace /web/content/SITEBACKUP_962012/administrator/components/com_rsform/assets/images rsfirewall-approved.gif
2012.09.06 15:45 B C:\inetpub\wwwroot\administrator\components\com_rsform\assets\images\rsformpro.gif <-- Schubert Rackspace /web/content/SITEBACKUP_962012/administrator/components/com_rsform/assets/images rsformpro.gif
2012.09.06 15:45 B C:\inetpub\wwwroot\administrator\components\com_rsform\assets\images\rsformpro.png <-- Schubert Rackspace /web/content/SITEBACKUP_962012/administrator/components/com_rsform/assets/images rsformpro.png
2012.09.06 15:45 B C:\inetpub\wwwroot\administrator\components\com_rsform\assets\images\salesforce.png <-- Schubert Rackspace /web/content/SITEBACKUP_962012/administrator/components/com_rsform/assets/images salesforce.png
2012.09.06 15:45 B C:\inetpub\wwwroot\administrator\components\com_rsform\assets\images\samples.png <-- Schubert Rackspace /web/content/SITEBACKUP_962012/administrator/components/com_rsform/assets/images samples.png
2012.09.06 15:45 B C:\inetpub\wwwroot\administrator\components\com_rsform\assets\images\submit-help.jpg <-- Schubert Rackspace /web/content/SITEBACKUP_962012/administrator/components/com_rsform/assets/images submit-help.jpg
2012.09.06 15:45 B C:\inetpub\wwwroot\administrator\components\com_rsform\assets\images\support.png <-- Schubert Rackspace /web/content/SITEBACKUP_962012/administrator/components/com_rsform/assets/images support.png
2012.09.06 15:45 B C:\inetpub\wwwroot\administrator\components\com_rsform\assets\images\systeminfo.png <-- Schubert Rackspace /web/content/SITEBACKUP_962012/administrator/components/com_rsform/assets/images systeminfo.png
2012.09.06 15:45 B C:\inetpub\wwwroot\administrator\components\com_rsform\assets\images\titlebg.gif <-- Schubert Rackspace /web/content/SITEBACKUP_962012/administrator/components/com_rsform/assets/images titlebg.gif
2012.09.06 15:45 B C:\inetpub\wwwroot\administrator\components\com_rsform\assets\images\translate.gif <-- Schubert Rackspace /web/content/SITEBACKUP_962012/administrator/components/com_rsform/assets/images translate.gif
2012.09.06 15:45 B C:\inetpub\wwwroot\administrator\components\com_rsform\assets\images\up.gif <-- Schubert Rackspace /web/content/SITEBACKUP_962012/administrator/components/com_rsform/assets/images up.gif
2012.09.06 15:45 B C:\inetpub\wwwroot\administrator\components\com_rsform\assets\images\viewdata.png <-- Schubert Rackspace /web/content/SITEBACKUP_962012/administrator/components/com_rsform/assets/images viewdata.png
2012.10.23 09:06 B C:\inetpub\wwwroot\administrator\components\com_rsform\assets\images\add.png --> ftp3.ftptoyoursite.com /web/content/administrator/components/com_rsform/assets/images add.png
2012.10.23 09:06 B C:\inetpub\wwwroot\administrator\components\com_rsform\assets\images\backend-menu.png --> ftp3.ftptoyoursite.com /web/content/administrator/components/com_rsform/assets/images backend-menu.png
2012.10.23 09:06 B C:\inetpub\wwwroot\administrator\components\com_rsform\assets\images\backup.png --> ftp3.ftptoyoursite.com /web/content/administrator/components/com_rsform/assets/images backup.png
2012.10.23 09:06 B C:\inetpub\wwwroot\administrator\components\com_rsform\assets\images\box.jpg --> ftp3.ftptoyoursite.com /web/content/administrator/components/com_rsform/assets/images box.jpg
2012.10.23 09:06 B C:\inetpub\wwwroot\administrator\components\com_rsform\assets\images\btnbg.gif --> ftp3.ftptoyoursite.com /web/content/administrator/components/com_rsform/assets/images btnbg.gif
2012.10.23 09:06 B C:\inetpub\wwwroot\administrator\components\com_rsform\assets\images\btnbg2.gif --> ftp3.ftptoyoursite.com /web/content/administrator/components/com_rsform/assets/images btnbg2.gif
2012.10.23 09:06 B C:\inetpub\wwwroot\administrator\components\com_rsform\assets\images\buttonbg.gif --> ftp3.ftptoyoursite.com /web/content/administrator/components/com_rsform/assets/images buttonbg.gif
2012.10.23 09:06 B C:\inetpub\wwwroot\administrator\components\com_rsform\assets\images\buttonbg2.gif --> ftp3.ftptoyoursite.com /web/content/administrator/components/com_rsform/assets/images buttonbg2.gif
2012.10.23 09:07 B C:\inetpub\wwwroot\administrator\components\com_rsform\assets\images\buttonbg3.gif --> ftp3.ftptoyoursite.com /web/content/administrator/components/com_rsform/assets/images buttonbg3.gif
2012.10.23 09:07 B C:\inetpub\wwwroot\administrator\components\com_rsform\assets\images\buttonbg4.gif --> ftp3.ftptoyoursite.com /web/content/administrator/components/com_rsform/assets/images buttonbg4.gif
2012.10.23 09:07 B C:\inetpub\wwwroot\administrator\components\com_rsform\assets\images\close.png --> ftp3.ftptoyoursite.com /web/content/administrator/components/com_rsform/assets/images close.png
2012.10.23 09:07 B C:\inetpub\wwwroot\administrator\components\com_rsform\assets\images\config.png --> ftp3.ftptoyoursite.com /web/content/administrator/components/com_rsform/assets/images config.png
2012.10.23 09:07 B C:\inetpub\wwwroot\administrator\components\com_rsform\assets\images\file.gif --> ftp3.ftptoyoursite.com /web/content/administrator/components/com_rsform/assets/images file.gif
2012.10.23 09:07 B C:\inetpub\wwwroot\administrator\components\com_rsform\assets\images\folder.gif --> ftp3.ftptoyoursite.com /web/content/administrator/components/com_rsform/assets/images folder.gif
2012.10.23 09:07 B C:\inetpub\wwwroot\administrator\components\com_rsform\assets\images\forms.png --> ftp3.ftptoyoursite.com /web/content/administrator/components/com_rsform/assets/images forms.png
2012.10.23 09:07 B C:\inetpub\wwwroot\administrator\components\com_rsform\assets\images\icon-16-edit.png --> ftp3.ftptoyoursite.com /web/content/administrator/components/com_rsform/assets/images icon-16-edit.png
2012.10.23 09:07 B C:\inetpub\wwwroot\administrator\components\com_rsform\assets\images\icon-16-frontpage.png --> ftp3.ftptoyoursite.com /web/content/administrator/components/com_rsform/assets/images icon-16-frontpage.png
2012.10.23 09:07 B C:\inetpub\wwwroot\administrator\components\com_rsform\assets\images\icon-16-menu.png --> ftp3.ftptoyoursite.com /web/content/administrator/components/com_rsform/assets/images icon-16-menu.png
2012.10.23 09:07 B C:\inetpub\wwwroot\administrator\components\com_rsform\assets\images\icon-16-trash.png --> ftp3.ftptoyoursite.com /web/content/administrator/components/com_rsform/assets/images icon-16-trash.png
2012.10.23 09:07 B C:\inetpub\wwwroot\administrator\components\com_rsform\assets\images\icon-16-upload.png --> ftp3.ftptoyoursite.com /web/content/administrator/components/com_rsform/assets/images icon-16-upload.png
2012.10.23 09:07 B C:\inetpub\wwwroot\administrator\components\com_rsform\assets\images\icon-48-rsform.gif --> ftp3.ftptoyoursite.com /web/content/administrator/components/com_rsform/assets/images icon-48-rsform.gif
2012.10.23 09:07 B C:\inetpub\wwwroot\administrator\components\com_rsform\assets\images\index.html --> ftp3.ftptoyoursite.com /web/content/administrator/components/com_rsform/assets/images index.html
2012.10.23 09:07 B C:\inetpub\wwwroot\administrator\components\com_rsform\assets\images\load.gif --> ftp3.ftptoyoursite.com /web/content/administrator/components/com_rsform/assets/images load.gif
2012.10.23 09:07 B C:\inetpub\wwwroot\administrator\components\com_rsform\assets\images\loading.gif --> ftp3.ftptoyoursite.com /web/content/administrator/components/com_rsform/assets/images loading.gif
2012.10.23 09:07 B C:\inetpub\wwwroot\administrator\components\com_rsform\assets\images\mainmenu.png --> ftp3.ftptoyoursite.com /web/content/administrator/components/com_rsform/assets/images mainmenu.png
2012.10.23 09:07 B C:\inetpub\wwwroot\administrator\components\com_rsform\assets\images\native16.png --> ftp3.ftptoyoursite.com /web/content/administrator/components/com_rsform/assets/images native16.png
2012.10.23 09:07 B C:\inetpub\wwwroot\administrator\components\com_rsform\assets\images\restore.png --> ftp3.ftptoyoursite.com /web/content/administrator/components/com_rsform/assets/images restore.png
2012.10.23 09:07 B C:\inetpub\wwwroot\administrator\components\com_rsform\assets\images\rsfirewall-approved.gif --> ftp3.ftptoyoursite.com /web/content/administrator/components/com_rsform/assets/images rsfirewall-approved.gif
2012.10.23 09:07 B C:\inetpub\wwwroot\administrator\components\com_rsform\assets\images\rsformpro.gif --> ftp3.ftptoyoursite.com /web/content/administrator/components/com_rsform/assets/images rsformpro.gif
2012.10.23 09:07 B C:\inetpub\wwwroot\administrator\components\com_rsform\assets\images\rsformpro.png --> ftp3.ftptoyoursite.com /web/content/administrator/components/com_rsform/assets/images rsformpro.png
2012.10.23 09:07 B C:\inetpub\wwwroot\administrator\components\com_rsform\assets\images\salesforce.png --> ftp3.ftptoyoursite.com /web/content/administrator/components/com_rsform/assets/images salesforce.png
2012.10.23 09:07 B C:\inetpub\wwwroot\administrator\components\com_rsform\assets\images\samples.png --> ftp3.ftptoyoursite.com /web/content/administrator/components/com_rsform/assets/images samples.png
2012.10.23 09:07 B C:\inetpub\wwwroot\administrator\components\com_rsform\assets\images\submit-help.jpg --> ftp3.ftptoyoursite.com /web/content/administrator/components/com_rsform/assets/images submit-help.jpg
2012.10.23 09:07 B C:\inetpub\wwwroot\administrator\components\com_rsform\assets\images\support.png --> ftp3.ftptoyoursite.com /web/content/administrator/components/com_rsform/assets/images support.png
2012.10.23 09:07 B C:\inetpub\wwwroot\administrator\components\com_rsform\assets\images\systeminfo.png --> ftp3.ftptoyoursite.com /web/content/administrator/components/com_rsform/assets/images systeminfo.png
2012.10.23 09:07 B C:\inetpub\wwwroot\administrator\components\com_rsform\assets\images\titlebg.gif --> ftp3.ftptoyoursite.com /web/content/administrator/components/com_rsform/assets/images titlebg.gif
2012.10.23 09:07 B C:\inetpub\wwwroot\administrator\components\com_rsform\assets\images\translate.gif --> ftp3.ftptoyoursite.com /web/content/administrator/components/com_rsform/assets/images translate.gif
2012.10.23 09:07 B C:\inetpub\wwwroot\administrator\components\com_rsform\assets\images\up.gif --> ftp3.ftptoyoursite.com /web/content/administrator/components/com_rsform/assets/images up.gif
2012.10.23 09:07 B C:\inetpub\wwwroot\administrator\components\com_rsform\assets\images\viewdata.png --> ftp3.ftptoyoursite.com /web/content/administrator/components/com_rsform/assets/images viewdata.png
2012.10.23 09:07 B C:\inetpub\wwwroot\administrator\components\com_rsform\assets\images\WS_FTP.LOG --> ftp3.ftptoyoursite.com /web/content/administrator/components/com_rsform/assets/images WS_FTP.LOG
2013.02.01 14:43 B C:\inetpub\wwwroot\administrator\components\com_rsform\assets\images\WS_FTP.LOG <-- Schubert Rackspace /web/content/administrator/components/com_rsform/assets/images WS_FTP.LOG
