2012.07.25 12:12 B C:\Users\COBRIEN\Desktop\Schubert\administrator\components\com_plugins\config.xml <-- Schubert Rackspace /web/content/administrator/components/com_plugins config.xml
2012.07.25 12:12 B C:\Users\COBRIEN\Desktop\Schubert\administrator\components\com_plugins\controller.php <-- Schubert Rackspace /web/content/administrator/components/com_plugins controller.php
2012.07.25 12:12 B C:\Users\COBRIEN\Desktop\Schubert\administrator\components\com_plugins\index.html <-- Schubert Rackspace /web/content/administrator/components/com_plugins index.html
2012.07.25 12:12 B C:\Users\COBRIEN\Desktop\Schubert\administrator\components\com_plugins\plugins.php <-- Schubert Rackspace /web/content/administrator/components/com_plugins plugins.php
2012.07.25 12:12 B C:\Users\COBRIEN\Desktop\Schubert\administrator\components\com_plugins\plugins.xml <-- Schubert Rackspace /web/content/administrator/components/com_plugins plugins.xml
2012.09.04 10:45 B C:\inetpub\wwwroot\administrator\components\com_plugins\config.xml --> ftp3.ftptoyoursite.com /web/content/SITE-TEST/administrator/components/com_plugins config.xml
2012.09.04 10:45 B C:\inetpub\wwwroot\administrator\components\com_plugins\controller.php --> ftp3.ftptoyoursite.com /web/content/SITE-TEST/administrator/components/com_plugins controller.php
2012.09.04 10:45 B C:\inetpub\wwwroot\administrator\components\com_plugins\index.html --> ftp3.ftptoyoursite.com /web/content/SITE-TEST/administrator/components/com_plugins index.html
2012.09.04 10:45 B C:\inetpub\wwwroot\administrator\components\com_plugins\plugins.php --> ftp3.ftptoyoursite.com /web/content/SITE-TEST/administrator/components/com_plugins plugins.php
2012.09.04 10:45 B C:\inetpub\wwwroot\administrator\components\com_plugins\plugins.xml --> ftp3.ftptoyoursite.com /web/content/SITE-TEST/administrator/components/com_plugins plugins.xml
2012.09.04 10:45 B C:\inetpub\wwwroot\administrator\components\com_plugins\WS_FTP.LOG --> ftp3.ftptoyoursite.com /web/content/SITE-TEST/administrator/components/com_plugins WS_FTP.LOG
2012.09.06 15:02 B C:\inetpub\wwwroot\administrator\components\com_plugins\config.xml --> ftp3.ftptoyoursite.com /web/content/SITEBACKUP_962012/administrator/components/com_plugins config.xml
2012.09.06 15:02 B C:\inetpub\wwwroot\administrator\components\com_plugins\controller.php --> ftp3.ftptoyoursite.com /web/content/SITEBACKUP_962012/administrator/components/com_plugins controller.php
2012.09.06 15:02 B C:\inetpub\wwwroot\administrator\components\com_plugins\index.html --> ftp3.ftptoyoursite.com /web/content/SITEBACKUP_962012/administrator/components/com_plugins index.html
2012.09.06 15:02 B C:\inetpub\wwwroot\administrator\components\com_plugins\plugins.php --> ftp3.ftptoyoursite.com /web/content/SITEBACKUP_962012/administrator/components/com_plugins plugins.php
2012.09.06 15:02 B C:\inetpub\wwwroot\administrator\components\com_plugins\plugins.xml --> ftp3.ftptoyoursite.com /web/content/SITEBACKUP_962012/administrator/components/com_plugins plugins.xml
2012.09.06 15:02 B C:\inetpub\wwwroot\administrator\components\com_plugins\WS_FTP.LOG --> ftp3.ftptoyoursite.com /web/content/SITEBACKUP_962012/administrator/components/com_plugins WS_FTP.LOG
2012.09.06 15:45 B C:\inetpub\wwwroot\administrator\components\com_plugins\config.xml <-- Schubert Rackspace /web/content/SITEBACKUP_962012/administrator/components/com_plugins config.xml
2012.09.06 15:45 B C:\inetpub\wwwroot\administrator\components\com_plugins\controller.php <-- Schubert Rackspace /web/content/SITEBACKUP_962012/administrator/components/com_plugins controller.php
2012.09.06 15:45 B C:\inetpub\wwwroot\administrator\components\com_plugins\index.html <-- Schubert Rackspace /web/content/SITEBACKUP_962012/administrator/components/com_plugins index.html
2012.09.06 15:45 B C:\inetpub\wwwroot\administrator\components\com_plugins\plugins.php <-- Schubert Rackspace /web/content/SITEBACKUP_962012/administrator/components/com_plugins plugins.php
2012.09.06 15:45 B C:\inetpub\wwwroot\administrator\components\com_plugins\plugins.xml <-- Schubert Rackspace /web/content/SITEBACKUP_962012/administrator/components/com_plugins plugins.xml
2012.10.23 09:06 B C:\inetpub\wwwroot\administrator\components\com_plugins\config.xml --> ftp3.ftptoyoursite.com /web/content/administrator/components/com_plugins config.xml
2012.10.23 09:06 B C:\inetpub\wwwroot\administrator\components\com_plugins\controller.php --> ftp3.ftptoyoursite.com /web/content/administrator/components/com_plugins controller.php
2012.10.23 09:06 B C:\inetpub\wwwroot\administrator\components\com_plugins\index.html --> ftp3.ftptoyoursite.com /web/content/administrator/components/com_plugins index.html
2012.10.23 09:06 B C:\inetpub\wwwroot\administrator\components\com_plugins\plugins.php --> ftp3.ftptoyoursite.com /web/content/administrator/components/com_plugins plugins.php
2012.10.23 09:06 B C:\inetpub\wwwroot\administrator\components\com_plugins\plugins.xml --> ftp3.ftptoyoursite.com /web/content/administrator/components/com_plugins plugins.xml
2012.10.23 09:06 B C:\inetpub\wwwroot\administrator\components\com_plugins\WS_FTP.LOG --> ftp3.ftptoyoursite.com /web/content/administrator/components/com_plugins WS_FTP.LOG
2013.02.01 14:42 B C:\inetpub\wwwroot\administrator\components\com_plugins\WS_FTP.LOG <-- Schubert Rackspace /web/content/administrator/components/com_plugins WS_FTP.LOG
