2012.07.25 12:19 B C:\Users\COBRIEN\Desktop\Schubert\media\system\images\modal\bg_e.png <-- Schubert Rackspace /web/content/media/system/images/modal bg_e.png
2012.07.25 12:19 B C:\Users\COBRIEN\Desktop\Schubert\media\system\images\modal\bg_n.png <-- Schubert Rackspace /web/content/media/system/images/modal bg_n.png
2012.07.25 12:19 B C:\Users\COBRIEN\Desktop\Schubert\media\system\images\modal\bg_ne.png <-- Schubert Rackspace /web/content/media/system/images/modal bg_ne.png
2012.07.25 12:19 B C:\Users\COBRIEN\Desktop\Schubert\media\system\images\modal\bg_nw.png <-- Schubert Rackspace /web/content/media/system/images/modal bg_nw.png
2012.07.25 12:19 B C:\Users\COBRIEN\Desktop\Schubert\media\system\images\modal\bg_s.png <-- Schubert Rackspace /web/content/media/system/images/modal bg_s.png
2012.07.25 12:19 B C:\Users\COBRIEN\Desktop\Schubert\media\system\images\modal\bg_se.png <-- Schubert Rackspace /web/content/media/system/images/modal bg_se.png
2012.07.25 12:19 B C:\Users\COBRIEN\Desktop\Schubert\media\system\images\modal\bg_sw.png <-- Schubert Rackspace /web/content/media/system/images/modal bg_sw.png
2012.07.25 12:19 B C:\Users\COBRIEN\Desktop\Schubert\media\system\images\modal\bg_w.png <-- Schubert Rackspace /web/content/media/system/images/modal bg_w.png
2012.07.25 12:19 B C:\Users\COBRIEN\Desktop\Schubert\media\system\images\modal\closebox.png <-- Schubert Rackspace /web/content/media/system/images/modal closebox.png
2012.07.25 12:19 B C:\Users\COBRIEN\Desktop\Schubert\media\system\images\modal\index.html <-- Schubert Rackspace /web/content/media/system/images/modal index.html
2012.07.25 12:19 B C:\Users\COBRIEN\Desktop\Schubert\media\system\images\modal\spinner.gif <-- Schubert Rackspace /web/content/media/system/images/modal spinner.gif
2012.09.04 10:55 B C:\inetpub\wwwroot\media\system\images\modal\bg_e.png --> ftp3.ftptoyoursite.com /web/content/SITE-TEST/media/system/images/modal bg_e.png
2012.09.04 10:55 B C:\inetpub\wwwroot\media\system\images\modal\bg_n.png --> ftp3.ftptoyoursite.com /web/content/SITE-TEST/media/system/images/modal bg_n.png
2012.09.04 10:55 B C:\inetpub\wwwroot\media\system\images\modal\bg_ne.png --> ftp3.ftptoyoursite.com /web/content/SITE-TEST/media/system/images/modal bg_ne.png
2012.09.04 10:55 B C:\inetpub\wwwroot\media\system\images\modal\bg_nw.png --> ftp3.ftptoyoursite.com /web/content/SITE-TEST/media/system/images/modal bg_nw.png
2012.09.04 10:55 B C:\inetpub\wwwroot\media\system\images\modal\bg_s.png --> ftp3.ftptoyoursite.com /web/content/SITE-TEST/media/system/images/modal bg_s.png
2012.09.04 10:55 B C:\inetpub\wwwroot\media\system\images\modal\bg_se.png --> ftp3.ftptoyoursite.com /web/content/SITE-TEST/media/system/images/modal bg_se.png
2012.09.04 10:55 B C:\inetpub\wwwroot\media\system\images\modal\bg_sw.png --> ftp3.ftptoyoursite.com /web/content/SITE-TEST/media/system/images/modal bg_sw.png
2012.09.04 10:55 B C:\inetpub\wwwroot\media\system\images\modal\bg_w.png --> ftp3.ftptoyoursite.com /web/content/SITE-TEST/media/system/images/modal bg_w.png
2012.09.04 10:55 B C:\inetpub\wwwroot\media\system\images\modal\closebox.png --> ftp3.ftptoyoursite.com /web/content/SITE-TEST/media/system/images/modal closebox.png
2012.09.04 10:55 B C:\inetpub\wwwroot\media\system\images\modal\index.html --> ftp3.ftptoyoursite.com /web/content/SITE-TEST/media/system/images/modal index.html
2012.09.04 10:55 B C:\inetpub\wwwroot\media\system\images\modal\spinner.gif --> ftp3.ftptoyoursite.com /web/content/SITE-TEST/media/system/images/modal spinner.gif
2012.09.04 10:55 B C:\inetpub\wwwroot\media\system\images\modal\WS_FTP.LOG --> ftp3.ftptoyoursite.com /web/content/SITE-TEST/media/system/images/modal WS_FTP.LOG
2012.09.06 15:14 B C:\inetpub\wwwroot\media\system\images\modal\bg_e.png --> ftp3.ftptoyoursite.com /web/content/SITEBACKUP_962012/media/system/images/modal bg_e.png
2012.09.06 15:14 B C:\inetpub\wwwroot\media\system\images\modal\bg_n.png --> ftp3.ftptoyoursite.com /web/content/SITEBACKUP_962012/media/system/images/modal bg_n.png
2012.09.06 15:14 B C:\inetpub\wwwroot\media\system\images\modal\bg_ne.png --> ftp3.ftptoyoursite.com /web/content/SITEBACKUP_962012/media/system/images/modal bg_ne.png
2012.09.06 15:14 B C:\inetpub\wwwroot\media\system\images\modal\bg_nw.png --> ftp3.ftptoyoursite.com /web/content/SITEBACKUP_962012/media/system/images/modal bg_nw.png
2012.09.06 15:14 B C:\inetpub\wwwroot\media\system\images\modal\bg_s.png --> ftp3.ftptoyoursite.com /web/content/SITEBACKUP_962012/media/system/images/modal bg_s.png
2012.09.06 15:14 B C:\inetpub\wwwroot\media\system\images\modal\bg_se.png --> ftp3.ftptoyoursite.com /web/content/SITEBACKUP_962012/media/system/images/modal bg_se.png
2012.09.06 15:14 B C:\inetpub\wwwroot\media\system\images\modal\bg_sw.png --> ftp3.ftptoyoursite.com /web/content/SITEBACKUP_962012/media/system/images/modal bg_sw.png
2012.09.06 15:14 B C:\inetpub\wwwroot\media\system\images\modal\bg_w.png --> ftp3.ftptoyoursite.com /web/content/SITEBACKUP_962012/media/system/images/modal bg_w.png
2012.09.06 15:14 B C:\inetpub\wwwroot\media\system\images\modal\closebox.png --> ftp3.ftptoyoursite.com /web/content/SITEBACKUP_962012/media/system/images/modal closebox.png
2012.09.06 15:14 B C:\inetpub\wwwroot\media\system\images\modal\index.html --> ftp3.ftptoyoursite.com /web/content/SITEBACKUP_962012/media/system/images/modal index.html
2012.09.06 15:14 B C:\inetpub\wwwroot\media\system\images\modal\spinner.gif --> ftp3.ftptoyoursite.com /web/content/SITEBACKUP_962012/media/system/images/modal spinner.gif
2012.09.06 15:14 B C:\inetpub\wwwroot\media\system\images\modal\WS_FTP.LOG --> ftp3.ftptoyoursite.com /web/content/SITEBACKUP_962012/media/system/images/modal WS_FTP.LOG
2012.10.23 09:16 B C:\inetpub\wwwroot\media\system\images\modal\bg_e.png --> ftp3.ftptoyoursite.com /web/content/media/system/images/modal bg_e.png
2012.10.23 09:16 B C:\inetpub\wwwroot\media\system\images\modal\bg_n.png --> ftp3.ftptoyoursite.com /web/content/media/system/images/modal bg_n.png
2012.10.23 09:16 B C:\inetpub\wwwroot\media\system\images\modal\bg_ne.png --> ftp3.ftptoyoursite.com /web/content/media/system/images/modal bg_ne.png
2012.10.23 09:16 B C:\inetpub\wwwroot\media\system\images\modal\bg_nw.png --> ftp3.ftptoyoursite.com /web/content/media/system/images/modal bg_nw.png
2012.10.23 09:16 B C:\inetpub\wwwroot\media\system\images\modal\bg_s.png --> ftp3.ftptoyoursite.com /web/content/media/system/images/modal bg_s.png
2012.10.23 09:16 B C:\inetpub\wwwroot\media\system\images\modal\bg_se.png --> ftp3.ftptoyoursite.com /web/content/media/system/images/modal bg_se.png
2012.10.23 09:16 B C:\inetpub\wwwroot\media\system\images\modal\bg_sw.png --> ftp3.ftptoyoursite.com /web/content/media/system/images/modal bg_sw.png
2012.10.23 09:16 B C:\inetpub\wwwroot\media\system\images\modal\bg_w.png --> ftp3.ftptoyoursite.com /web/content/media/system/images/modal bg_w.png
2012.10.23 09:16 B C:\inetpub\wwwroot\media\system\images\modal\closebox.png --> ftp3.ftptoyoursite.com /web/content/media/system/images/modal closebox.png
2012.10.23 09:16 B C:\inetpub\wwwroot\media\system\images\modal\index.html --> ftp3.ftptoyoursite.com /web/content/media/system/images/modal index.html
2012.10.23 09:16 B C:\inetpub\wwwroot\media\system\images\modal\spinner.gif --> ftp3.ftptoyoursite.com /web/content/media/system/images/modal spinner.gif
2012.10.23 09:16 B C:\inetpub\wwwroot\media\system\images\modal\WS_FTP.LOG --> ftp3.ftptoyoursite.com /web/content/media/system/images/modal WS_FTP.LOG
2013.02.01 15:01 B C:\inetpub\wwwroot\media\system\images\modal\WS_FTP.LOG <-- Schubert Rackspace /web/content/media/system/images/modal WS_FTP.LOG
