2012.07.25 12:10 B C:\Users\COBRIEN\Desktop\Schubert\administrator\components\com_banners\controllers\banner.php <-- Schubert Rackspace /web/content/administrator/components/com_banners/controllers banner.php
2012.07.25 12:10 B C:\Users\COBRIEN\Desktop\Schubert\administrator\components\com_banners\controllers\banners.php <-- Schubert Rackspace /web/content/administrator/components/com_banners/controllers banners.php
2012.07.25 12:10 B C:\Users\COBRIEN\Desktop\Schubert\administrator\components\com_banners\controllers\client.php <-- Schubert Rackspace /web/content/administrator/components/com_banners/controllers client.php
2012.07.25 12:10 B C:\Users\COBRIEN\Desktop\Schubert\administrator\components\com_banners\controllers\clients.php <-- Schubert Rackspace /web/content/administrator/components/com_banners/controllers clients.php
2012.07.25 12:10 B C:\Users\COBRIEN\Desktop\Schubert\administrator\components\com_banners\controllers\index.html <-- Schubert Rackspace /web/content/administrator/components/com_banners/controllers index.html
2012.07.25 12:10 B C:\Users\COBRIEN\Desktop\Schubert\administrator\components\com_banners\controllers\tracks.php <-- Schubert Rackspace /web/content/administrator/components/com_banners/controllers tracks.php
2012.07.25 12:10 B C:\Users\COBRIEN\Desktop\Schubert\administrator\components\com_banners\controllers\tracks.raw.php <-- Schubert Rackspace /web/content/administrator/components/com_banners/controllers tracks.raw.php
2012.09.04 10:44 B C:\inetpub\wwwroot\administrator\components\com_banners\controllers\banner.php --> ftp3.ftptoyoursite.com /web/content/SITE-TEST/administrator/components/com_banners/controllers banner.php
2012.09.04 10:44 B C:\inetpub\wwwroot\administrator\components\com_banners\controllers\banners.php --> ftp3.ftptoyoursite.com /web/content/SITE-TEST/administrator/components/com_banners/controllers banners.php
2012.09.04 10:44 B C:\inetpub\wwwroot\administrator\components\com_banners\controllers\client.php --> ftp3.ftptoyoursite.com /web/content/SITE-TEST/administrator/components/com_banners/controllers client.php
2012.09.04 10:44 B C:\inetpub\wwwroot\administrator\components\com_banners\controllers\clients.php --> ftp3.ftptoyoursite.com /web/content/SITE-TEST/administrator/components/com_banners/controllers clients.php
2012.09.04 10:44 B C:\inetpub\wwwroot\administrator\components\com_banners\controllers\index.html --> ftp3.ftptoyoursite.com /web/content/SITE-TEST/administrator/components/com_banners/controllers index.html
2012.09.04 10:44 B C:\inetpub\wwwroot\administrator\components\com_banners\controllers\tracks.php --> ftp3.ftptoyoursite.com /web/content/SITE-TEST/administrator/components/com_banners/controllers tracks.php
2012.09.04 10:44 B C:\inetpub\wwwroot\administrator\components\com_banners\controllers\tracks.raw.php --> ftp3.ftptoyoursite.com /web/content/SITE-TEST/administrator/components/com_banners/controllers tracks.raw.php
2012.09.04 10:44 B C:\inetpub\wwwroot\administrator\components\com_banners\controllers\WS_FTP.LOG --> ftp3.ftptoyoursite.com /web/content/SITE-TEST/administrator/components/com_banners/controllers WS_FTP.LOG
2012.09.06 14:58 B C:\inetpub\wwwroot\administrator\components\com_banners\controllers\banner.php --> ftp3.ftptoyoursite.com /web/content/SITEBACKUP_962012/administrator/components/com_banners/controllers banner.php
2012.09.06 14:58 B C:\inetpub\wwwroot\administrator\components\com_banners\controllers\banners.php --> ftp3.ftptoyoursite.com /web/content/SITEBACKUP_962012/administrator/components/com_banners/controllers banners.php
2012.09.06 14:58 B C:\inetpub\wwwroot\administrator\components\com_banners\controllers\client.php --> ftp3.ftptoyoursite.com /web/content/SITEBACKUP_962012/administrator/components/com_banners/controllers client.php
2012.09.06 14:58 B C:\inetpub\wwwroot\administrator\components\com_banners\controllers\clients.php --> ftp3.ftptoyoursite.com /web/content/SITEBACKUP_962012/administrator/components/com_banners/controllers clients.php
2012.09.06 14:58 B C:\inetpub\wwwroot\administrator\components\com_banners\controllers\index.html --> ftp3.ftptoyoursite.com /web/content/SITEBACKUP_962012/administrator/components/com_banners/controllers index.html
2012.09.06 14:58 B C:\inetpub\wwwroot\administrator\components\com_banners\controllers\tracks.php --> ftp3.ftptoyoursite.com /web/content/SITEBACKUP_962012/administrator/components/com_banners/controllers tracks.php
2012.09.06 14:58 B C:\inetpub\wwwroot\administrator\components\com_banners\controllers\tracks.raw.php --> ftp3.ftptoyoursite.com /web/content/SITEBACKUP_962012/administrator/components/com_banners/controllers tracks.raw.php
2012.09.06 14:58 B C:\inetpub\wwwroot\administrator\components\com_banners\controllers\WS_FTP.LOG --> ftp3.ftptoyoursite.com /web/content/SITEBACKUP_962012/administrator/components/com_banners/controllers WS_FTP.LOG
2012.09.06 15:20 B C:\inetpub\wwwroot\administrator\components\com_banners\controllers\banner.php <-- Schubert Rackspace /web/content/administrator/components/com_banners/controllers banner.php
2012.09.06 15:20 B C:\inetpub\wwwroot\administrator\components\com_banners\controllers\banners.php <-- Schubert Rackspace /web/content/administrator/components/com_banners/controllers banners.php
2012.09.06 15:20 B C:\inetpub\wwwroot\administrator\components\com_banners\controllers\client.php <-- Schubert Rackspace /web/content/administrator/components/com_banners/controllers client.php
2012.09.06 15:20 B C:\inetpub\wwwroot\administrator\components\com_banners\controllers\clients.php <-- Schubert Rackspace /web/content/administrator/components/com_banners/controllers clients.php
2012.09.06 15:20 B C:\inetpub\wwwroot\administrator\components\com_banners\controllers\index.html <-- Schubert Rackspace /web/content/administrator/components/com_banners/controllers index.html
2012.09.06 15:20 B C:\inetpub\wwwroot\administrator\components\com_banners\controllers\tracks.php <-- Schubert Rackspace /web/content/administrator/components/com_banners/controllers tracks.php
2012.09.06 15:20 B C:\inetpub\wwwroot\administrator\components\com_banners\controllers\tracks.raw.php <-- Schubert Rackspace /web/content/administrator/components/com_banners/controllers tracks.raw.php
2012.09.06 15:43 B C:\inetpub\wwwroot\administrator\components\com_banners\controllers\banner.php <-- Schubert Rackspace /web/content/SITEBACKUP_962012/administrator/components/com_banners/controllers banner.php
2012.09.06 15:43 B C:\inetpub\wwwroot\administrator\components\com_banners\controllers\banners.php <-- Schubert Rackspace /web/content/SITEBACKUP_962012/administrator/components/com_banners/controllers banners.php
2012.09.06 15:43 B C:\inetpub\wwwroot\administrator\components\com_banners\controllers\client.php <-- Schubert Rackspace /web/content/SITEBACKUP_962012/administrator/components/com_banners/controllers client.php
2012.09.06 15:43 B C:\inetpub\wwwroot\administrator\components\com_banners\controllers\clients.php <-- Schubert Rackspace /web/content/SITEBACKUP_962012/administrator/components/com_banners/controllers clients.php
2012.09.06 15:43 B C:\inetpub\wwwroot\administrator\components\com_banners\controllers\index.html <-- Schubert Rackspace /web/content/SITEBACKUP_962012/administrator/components/com_banners/controllers index.html
2012.09.06 15:43 B C:\inetpub\wwwroot\administrator\components\com_banners\controllers\tracks.php <-- Schubert Rackspace /web/content/SITEBACKUP_962012/administrator/components/com_banners/controllers tracks.php
2012.09.06 15:43 B C:\inetpub\wwwroot\administrator\components\com_banners\controllers\tracks.raw.php <-- Schubert Rackspace /web/content/SITEBACKUP_962012/administrator/components/com_banners/controllers tracks.raw.php
2012.10.23 09:03 B C:\inetpub\wwwroot\administrator\components\com_banners\controllers\banner.php --> ftp3.ftptoyoursite.com /web/content/administrator/components/com_banners/controllers banner.php
2012.10.23 09:03 B C:\inetpub\wwwroot\administrator\components\com_banners\controllers\banners.php --> ftp3.ftptoyoursite.com /web/content/administrator/components/com_banners/controllers banners.php
2012.10.23 09:03 B C:\inetpub\wwwroot\administrator\components\com_banners\controllers\client.php --> ftp3.ftptoyoursite.com /web/content/administrator/components/com_banners/controllers client.php
2012.10.23 09:03 B C:\inetpub\wwwroot\administrator\components\com_banners\controllers\clients.php --> ftp3.ftptoyoursite.com /web/content/administrator/components/com_banners/controllers clients.php
2012.10.23 09:03 B C:\inetpub\wwwroot\administrator\components\com_banners\controllers\index.html --> ftp3.ftptoyoursite.com /web/content/administrator/components/com_banners/controllers index.html
2012.10.23 09:03 B C:\inetpub\wwwroot\administrator\components\com_banners\controllers\tracks.php --> ftp3.ftptoyoursite.com /web/content/administrator/components/com_banners/controllers tracks.php
2012.10.23 09:03 B C:\inetpub\wwwroot\administrator\components\com_banners\controllers\tracks.raw.php --> ftp3.ftptoyoursite.com /web/content/administrator/components/com_banners/controllers tracks.raw.php
2012.10.23 09:03 B C:\inetpub\wwwroot\administrator\components\com_banners\controllers\WS_FTP.LOG --> ftp3.ftptoyoursite.com /web/content/administrator/components/com_banners/controllers WS_FTP.LOG
2013.02.01 14:39 B C:\inetpub\wwwroot\administrator\components\com_banners\controllers\WS_FTP.LOG <-- Schubert Rackspace /web/content/administrator/components/com_banners/controllers WS_FTP.LOG
