2012.07.25 12:15 B C:\Users\COBRIEN\Desktop\Schubert\components\com_jce\editor\tiny_mce\themes\advanced\img\icons.gif <-- Schubert Rackspace /web/content/components/com_jce/editor/tiny_mce/themes/advanced/img icons.gif
2012.07.25 12:15 B C:\Users\COBRIEN\Desktop\Schubert\components\com_jce\editor\tiny_mce\themes\advanced\img\icons.png <-- Schubert Rackspace /web/content/components/com_jce/editor/tiny_mce/themes/advanced/img icons.png
2012.07.25 12:15 B C:\Users\COBRIEN\Desktop\Schubert\components\com_jce\editor\tiny_mce\themes\advanced\img\index.html <-- Schubert Rackspace /web/content/components/com_jce/editor/tiny_mce/themes/advanced/img index.html
2012.07.25 12:15 B C:\Users\COBRIEN\Desktop\Schubert\components\com_jce\editor\tiny_mce\themes\advanced\img\layout.png <-- Schubert Rackspace /web/content/components/com_jce/editor/tiny_mce/themes/advanced/img layout.png
2012.07.25 12:15 B C:\Users\COBRIEN\Desktop\Schubert\components\com_jce\editor\tiny_mce\themes\advanced\img\spacer.gif <-- Schubert Rackspace /web/content/components/com_jce/editor/tiny_mce/themes/advanced/img spacer.gif
2012.09.04 10:51 B C:\inetpub\wwwroot\components\com_jce\editor\tiny_mce\themes\advanced\img\icons.gif --> ftp3.ftptoyoursite.com /web/content/SITE-TEST/components/com_jce/editor/tiny_mce/themes/advanced/img icons.gif
2012.09.04 10:51 B C:\inetpub\wwwroot\components\com_jce\editor\tiny_mce\themes\advanced\img\icons.png --> ftp3.ftptoyoursite.com /web/content/SITE-TEST/components/com_jce/editor/tiny_mce/themes/advanced/img icons.png
2012.09.04 10:51 B C:\inetpub\wwwroot\components\com_jce\editor\tiny_mce\themes\advanced\img\index.html --> ftp3.ftptoyoursite.com /web/content/SITE-TEST/components/com_jce/editor/tiny_mce/themes/advanced/img index.html
2012.09.04 10:51 B C:\inetpub\wwwroot\components\com_jce\editor\tiny_mce\themes\advanced\img\layout.png --> ftp3.ftptoyoursite.com /web/content/SITE-TEST/components/com_jce/editor/tiny_mce/themes/advanced/img layout.png
2012.09.04 10:51 B C:\inetpub\wwwroot\components\com_jce\editor\tiny_mce\themes\advanced\img\spacer.gif --> ftp3.ftptoyoursite.com /web/content/SITE-TEST/components/com_jce/editor/tiny_mce/themes/advanced/img spacer.gif
2012.09.04 10:51 B C:\inetpub\wwwroot\components\com_jce\editor\tiny_mce\themes\advanced\img\WS_FTP.LOG --> ftp3.ftptoyoursite.com /web/content/SITE-TEST/components/com_jce/editor/tiny_mce/themes/advanced/img WS_FTP.LOG
2012.09.06 15:08 B C:\inetpub\wwwroot\components\com_jce\editor\tiny_mce\themes\advanced\img\icons.gif --> ftp3.ftptoyoursite.com /web/content/SITEBACKUP_962012/components/com_jce/editor/tiny_mce/themes/advanced/img icons.gif
2012.09.06 15:08 B C:\inetpub\wwwroot\components\com_jce\editor\tiny_mce\themes\advanced\img\icons.png --> ftp3.ftptoyoursite.com /web/content/SITEBACKUP_962012/components/com_jce/editor/tiny_mce/themes/advanced/img icons.png
2012.09.06 15:08 B C:\inetpub\wwwroot\components\com_jce\editor\tiny_mce\themes\advanced\img\index.html --> ftp3.ftptoyoursite.com /web/content/SITEBACKUP_962012/components/com_jce/editor/tiny_mce/themes/advanced/img index.html
2012.09.06 15:08 B C:\inetpub\wwwroot\components\com_jce\editor\tiny_mce\themes\advanced\img\layout.png --> ftp3.ftptoyoursite.com /web/content/SITEBACKUP_962012/components/com_jce/editor/tiny_mce/themes/advanced/img layout.png
2012.09.06 15:08 B C:\inetpub\wwwroot\components\com_jce\editor\tiny_mce\themes\advanced\img\spacer.gif --> ftp3.ftptoyoursite.com /web/content/SITEBACKUP_962012/components/com_jce/editor/tiny_mce/themes/advanced/img spacer.gif
2012.09.06 15:08 B C:\inetpub\wwwroot\components\com_jce\editor\tiny_mce\themes\advanced\img\WS_FTP.LOG --> ftp3.ftptoyoursite.com /web/content/SITEBACKUP_962012/components/com_jce/editor/tiny_mce/themes/advanced/img WS_FTP.LOG
2012.09.06 15:49 B C:\inetpub\wwwroot\components\com_jce\editor\tiny_mce\themes\advanced\img\icons.gif <-- Schubert Rackspace /web/content/SITEBACKUP_962012/components/com_jce/editor/tiny_mce/themes/advanced/img icons.gif
2012.09.06 15:49 B C:\inetpub\wwwroot\components\com_jce\editor\tiny_mce\themes\advanced\img\icons.png <-- Schubert Rackspace /web/content/SITEBACKUP_962012/components/com_jce/editor/tiny_mce/themes/advanced/img icons.png
2012.09.06 15:49 B C:\inetpub\wwwroot\components\com_jce\editor\tiny_mce\themes\advanced\img\index.html <-- Schubert Rackspace /web/content/SITEBACKUP_962012/components/com_jce/editor/tiny_mce/themes/advanced/img index.html
2012.09.06 15:49 B C:\inetpub\wwwroot\components\com_jce\editor\tiny_mce\themes\advanced\img\layout.png <-- Schubert Rackspace /web/content/SITEBACKUP_962012/components/com_jce/editor/tiny_mce/themes/advanced/img layout.png
2012.09.06 15:49 B C:\inetpub\wwwroot\components\com_jce\editor\tiny_mce\themes\advanced\img\spacer.gif <-- Schubert Rackspace /web/content/SITEBACKUP_962012/components/com_jce/editor/tiny_mce/themes/advanced/img spacer.gif
2012.10.23 09:12 B C:\inetpub\wwwroot\components\com_jce\editor\tiny_mce\themes\advanced\img\icons.gif --> ftp3.ftptoyoursite.com /web/content/components/com_jce/editor/tiny_mce/themes/advanced/img icons.gif
2012.10.23 09:12 B C:\inetpub\wwwroot\components\com_jce\editor\tiny_mce\themes\advanced\img\icons.png --> ftp3.ftptoyoursite.com /web/content/components/com_jce/editor/tiny_mce/themes/advanced/img icons.png
2012.10.23 09:12 B C:\inetpub\wwwroot\components\com_jce\editor\tiny_mce\themes\advanced\img\index.html --> ftp3.ftptoyoursite.com /web/content/components/com_jce/editor/tiny_mce/themes/advanced/img index.html
2012.10.23 09:12 B C:\inetpub\wwwroot\components\com_jce\editor\tiny_mce\themes\advanced\img\layout.png --> ftp3.ftptoyoursite.com /web/content/components/com_jce/editor/tiny_mce/themes/advanced/img layout.png
2012.10.23 09:12 B C:\inetpub\wwwroot\components\com_jce\editor\tiny_mce\themes\advanced\img\spacer.gif --> ftp3.ftptoyoursite.com /web/content/components/com_jce/editor/tiny_mce/themes/advanced/img spacer.gif
2012.10.23 09:12 B C:\inetpub\wwwroot\components\com_jce\editor\tiny_mce\themes\advanced\img\WS_FTP.LOG --> ftp3.ftptoyoursite.com /web/content/components/com_jce/editor/tiny_mce/themes/advanced/img WS_FTP.LOG
2013.02.01 14:49 B C:\inetpub\wwwroot\components\com_jce\editor\tiny_mce\themes\advanced\img\WS_FTP.LOG <-- Schubert Rackspace /web/content/components/com_jce/editor/tiny_mce/themes/advanced/img WS_FTP.LOG
