2012.07.25 12:11 B C:\Users\COBRIEN\Desktop\Schubert\administrator\components\com_installer\config.xml <-- Schubert Rackspace /web/content/administrator/components/com_installer config.xml
2012.07.25 12:11 B C:\Users\COBRIEN\Desktop\Schubert\administrator\components\com_installer\controller.php <-- Schubert Rackspace /web/content/administrator/components/com_installer controller.php
2012.07.25 12:11 B C:\Users\COBRIEN\Desktop\Schubert\administrator\components\com_installer\index.html <-- Schubert Rackspace /web/content/administrator/components/com_installer index.html
2012.07.25 12:11 B C:\Users\COBRIEN\Desktop\Schubert\administrator\components\com_installer\installer.php <-- Schubert Rackspace /web/content/administrator/components/com_installer installer.php
2012.07.25 12:11 B C:\Users\COBRIEN\Desktop\Schubert\administrator\components\com_installer\installer.xml <-- Schubert Rackspace /web/content/administrator/components/com_installer installer.xml
2012.09.04 10:44 B C:\inetpub\wwwroot\administrator\components\com_installer\config.xml --> ftp3.ftptoyoursite.com /web/content/SITE-TEST/administrator/components/com_installer config.xml
2012.09.04 10:44 B C:\inetpub\wwwroot\administrator\components\com_installer\controller.php --> ftp3.ftptoyoursite.com /web/content/SITE-TEST/administrator/components/com_installer controller.php
2012.09.04 10:44 B C:\inetpub\wwwroot\administrator\components\com_installer\index.html --> ftp3.ftptoyoursite.com /web/content/SITE-TEST/administrator/components/com_installer index.html
2012.09.04 10:44 B C:\inetpub\wwwroot\administrator\components\com_installer\installer.php --> ftp3.ftptoyoursite.com /web/content/SITE-TEST/administrator/components/com_installer installer.php
2012.09.04 10:44 B C:\inetpub\wwwroot\administrator\components\com_installer\installer.xml --> ftp3.ftptoyoursite.com /web/content/SITE-TEST/administrator/components/com_installer installer.xml
2012.09.04 10:44 B C:\inetpub\wwwroot\administrator\components\com_installer\WS_FTP.LOG --> ftp3.ftptoyoursite.com /web/content/SITE-TEST/administrator/components/com_installer WS_FTP.LOG
2012.09.06 14:59 B C:\inetpub\wwwroot\administrator\components\com_installer\config.xml --> ftp3.ftptoyoursite.com /web/content/SITEBACKUP_962012/administrator/components/com_installer config.xml
2012.09.06 14:59 B C:\inetpub\wwwroot\administrator\components\com_installer\controller.php --> ftp3.ftptoyoursite.com /web/content/SITEBACKUP_962012/administrator/components/com_installer controller.php
2012.09.06 14:59 B C:\inetpub\wwwroot\administrator\components\com_installer\index.html --> ftp3.ftptoyoursite.com /web/content/SITEBACKUP_962012/administrator/components/com_installer index.html
2012.09.06 14:59 B C:\inetpub\wwwroot\administrator\components\com_installer\installer.php --> ftp3.ftptoyoursite.com /web/content/SITEBACKUP_962012/administrator/components/com_installer installer.php
2012.09.06 14:59 B C:\inetpub\wwwroot\administrator\components\com_installer\installer.xml --> ftp3.ftptoyoursite.com /web/content/SITEBACKUP_962012/administrator/components/com_installer installer.xml
2012.09.06 14:59 B C:\inetpub\wwwroot\administrator\components\com_installer\WS_FTP.LOG --> ftp3.ftptoyoursite.com /web/content/SITEBACKUP_962012/administrator/components/com_installer WS_FTP.LOG
2012.09.06 15:20 B C:\inetpub\wwwroot\administrator\components\com_installer\access.xml <-- Schubert Rackspace /web/content/administrator/components/com_installer access.xml
2012.09.06 15:20 B C:\inetpub\wwwroot\administrator\components\com_installer\config.xml <-- Schubert Rackspace /web/content/administrator/components/com_installer config.xml
2012.09.06 15:20 B C:\inetpub\wwwroot\administrator\components\com_installer\controller.php <-- Schubert Rackspace /web/content/administrator/components/com_installer controller.php
2012.09.06 15:20 B C:\inetpub\wwwroot\administrator\components\com_installer\index.html <-- Schubert Rackspace /web/content/administrator/components/com_installer index.html
2012.09.06 15:20 B C:\inetpub\wwwroot\administrator\components\com_installer\installer.php <-- Schubert Rackspace /web/content/administrator/components/com_installer installer.php
2012.09.06 15:20 B C:\inetpub\wwwroot\administrator\components\com_installer\installer.xml <-- Schubert Rackspace /web/content/administrator/components/com_installer installer.xml
2012.09.06 15:44 B C:\inetpub\wwwroot\administrator\components\com_installer\config.xml <-- Schubert Rackspace /web/content/SITEBACKUP_962012/administrator/components/com_installer config.xml
2012.09.06 15:44 B C:\inetpub\wwwroot\administrator\components\com_installer\controller.php <-- Schubert Rackspace /web/content/SITEBACKUP_962012/administrator/components/com_installer controller.php
2012.09.06 15:44 B C:\inetpub\wwwroot\administrator\components\com_installer\index.html <-- Schubert Rackspace /web/content/SITEBACKUP_962012/administrator/components/com_installer index.html
2012.09.06 15:44 B C:\inetpub\wwwroot\administrator\components\com_installer\installer.php <-- Schubert Rackspace /web/content/SITEBACKUP_962012/administrator/components/com_installer installer.php
2012.09.06 15:44 B C:\inetpub\wwwroot\administrator\components\com_installer\installer.xml <-- Schubert Rackspace /web/content/SITEBACKUP_962012/administrator/components/com_installer installer.xml
2012.10.23 09:04 B C:\inetpub\wwwroot\administrator\components\com_installer\access.xml --> ftp3.ftptoyoursite.com /web/content/administrator/components/com_installer access.xml
2012.10.23 09:04 B C:\inetpub\wwwroot\administrator\components\com_installer\config.xml --> ftp3.ftptoyoursite.com /web/content/administrator/components/com_installer config.xml
2012.10.23 09:04 B C:\inetpub\wwwroot\administrator\components\com_installer\controller.php --> ftp3.ftptoyoursite.com /web/content/administrator/components/com_installer controller.php
2012.10.23 09:04 B C:\inetpub\wwwroot\administrator\components\com_installer\index.html --> ftp3.ftptoyoursite.com /web/content/administrator/components/com_installer index.html
2012.10.23 09:04 B C:\inetpub\wwwroot\administrator\components\com_installer\installer.php --> ftp3.ftptoyoursite.com /web/content/administrator/components/com_installer installer.php
2012.10.23 09:04 B C:\inetpub\wwwroot\administrator\components\com_installer\installer.xml --> ftp3.ftptoyoursite.com /web/content/administrator/components/com_installer installer.xml
2012.10.23 09:04 B C:\inetpub\wwwroot\administrator\components\com_installer\WS_FTP.LOG --> ftp3.ftptoyoursite.com /web/content/administrator/components/com_installer WS_FTP.LOG
2013.02.01 14:40 B C:\inetpub\wwwroot\administrator\components\com_installer\WS_FTP.LOG <-- Schubert Rackspace /web/content/administrator/components/com_installer WS_FTP.LOG
