2012.07.25 12:18 B C:\Users\COBRIEN\Desktop\Schubert\media\editors\tinymce\templates\index.html <-- Schubert Rackspace /web/content/media/editors/tinymce/templates index.html
2012.07.25 12:18 B C:\Users\COBRIEN\Desktop\Schubert\media\editors\tinymce\templates\layout1.html <-- Schubert Rackspace /web/content/media/editors/tinymce/templates layout1.html
2012.07.25 12:18 B C:\Users\COBRIEN\Desktop\Schubert\media\editors\tinymce\templates\snippet1.html <-- Schubert Rackspace /web/content/media/editors/tinymce/templates snippet1.html
2012.07.25 12:18 B C:\Users\COBRIEN\Desktop\Schubert\media\editors\tinymce\templates\template_list.js <-- Schubert Rackspace /web/content/media/editors/tinymce/templates template_list.js
2012.09.04 10:55 B C:\inetpub\wwwroot\media\editors\tinymce\templates\index.html --> ftp3.ftptoyoursite.com /web/content/SITE-TEST/media/editors/tinymce/templates index.html
2012.09.04 10:55 B C:\inetpub\wwwroot\media\editors\tinymce\templates\layout1.html --> ftp3.ftptoyoursite.com /web/content/SITE-TEST/media/editors/tinymce/templates layout1.html
2012.09.04 10:55 B C:\inetpub\wwwroot\media\editors\tinymce\templates\snippet1.html --> ftp3.ftptoyoursite.com /web/content/SITE-TEST/media/editors/tinymce/templates snippet1.html
2012.09.04 10:55 B C:\inetpub\wwwroot\media\editors\tinymce\templates\template_list.js --> ftp3.ftptoyoursite.com /web/content/SITE-TEST/media/editors/tinymce/templates template_list.js
2012.09.04 10:55 B C:\inetpub\wwwroot\media\editors\tinymce\templates\WS_FTP.LOG --> ftp3.ftptoyoursite.com /web/content/SITE-TEST/media/editors/tinymce/templates WS_FTP.LOG
2012.09.06 15:14 B C:\inetpub\wwwroot\media\editors\tinymce\templates\index.html --> ftp3.ftptoyoursite.com /web/content/SITEBACKUP_962012/media/editors/tinymce/templates index.html
2012.09.06 15:14 B C:\inetpub\wwwroot\media\editors\tinymce\templates\layout1.html --> ftp3.ftptoyoursite.com /web/content/SITEBACKUP_962012/media/editors/tinymce/templates layout1.html
2012.09.06 15:14 B C:\inetpub\wwwroot\media\editors\tinymce\templates\snippet1.html --> ftp3.ftptoyoursite.com /web/content/SITEBACKUP_962012/media/editors/tinymce/templates snippet1.html
2012.09.06 15:14 B C:\inetpub\wwwroot\media\editors\tinymce\templates\template_list.js --> ftp3.ftptoyoursite.com /web/content/SITEBACKUP_962012/media/editors/tinymce/templates template_list.js
2012.09.06 15:14 B C:\inetpub\wwwroot\media\editors\tinymce\templates\WS_FTP.LOG --> ftp3.ftptoyoursite.com /web/content/SITEBACKUP_962012/media/editors/tinymce/templates WS_FTP.LOG
2012.10.23 09:16 B C:\inetpub\wwwroot\media\editors\tinymce\templates\index.html --> ftp3.ftptoyoursite.com /web/content/media/editors/tinymce/templates index.html
2012.10.23 09:16 B C:\inetpub\wwwroot\media\editors\tinymce\templates\layout1.html --> ftp3.ftptoyoursite.com /web/content/media/editors/tinymce/templates layout1.html
2012.10.23 09:16 B C:\inetpub\wwwroot\media\editors\tinymce\templates\snippet1.html --> ftp3.ftptoyoursite.com /web/content/media/editors/tinymce/templates snippet1.html
2012.10.23 09:16 B C:\inetpub\wwwroot\media\editors\tinymce\templates\template_list.js --> ftp3.ftptoyoursite.com /web/content/media/editors/tinymce/templates template_list.js
2012.10.23 09:16 B C:\inetpub\wwwroot\media\editors\tinymce\templates\WS_FTP.LOG --> ftp3.ftptoyoursite.com /web/content/media/editors/tinymce/templates WS_FTP.LOG
2013.02.01 14:55 B C:\inetpub\wwwroot\media\editors\tinymce\templates\WS_FTP.LOG <-- Schubert Rackspace /web/content/media/editors/tinymce/templates WS_FTP.LOG
