2012.07.25 12:14 B C:\Users\COBRIEN\Desktop\Schubert\components\com_content\models\archive.php <-- Schubert Rackspace /web/content/components/com_content/models archive.php
2012.07.25 12:14 B C:\Users\COBRIEN\Desktop\Schubert\components\com_content\models\article.php <-- Schubert Rackspace /web/content/components/com_content/models article.php
2012.07.25 12:14 B C:\Users\COBRIEN\Desktop\Schubert\components\com_content\models\articles.php <-- Schubert Rackspace /web/content/components/com_content/models articles.php
2012.07.25 12:14 B C:\Users\COBRIEN\Desktop\Schubert\components\com_content\models\categories.php <-- Schubert Rackspace /web/content/components/com_content/models categories.php
2012.07.25 12:14 B C:\Users\COBRIEN\Desktop\Schubert\components\com_content\models\category.php <-- Schubert Rackspace /web/content/components/com_content/models category.php
2012.07.25 12:14 B C:\Users\COBRIEN\Desktop\Schubert\components\com_content\models\featured.php <-- Schubert Rackspace /web/content/components/com_content/models featured.php
2012.07.25 12:14 B C:\Users\COBRIEN\Desktop\Schubert\components\com_content\models\form.php <-- Schubert Rackspace /web/content/components/com_content/models form.php
2012.07.25 12:14 B C:\Users\COBRIEN\Desktop\Schubert\components\com_content\models\index.html <-- Schubert Rackspace /web/content/components/com_content/models index.html
2012.09.04 10:50 B C:\inetpub\wwwroot\components\com_content\models\archive.php --> ftp3.ftptoyoursite.com /web/content/SITE-TEST/components/com_content/models archive.php
2012.09.04 10:50 B C:\inetpub\wwwroot\components\com_content\models\article.php --> ftp3.ftptoyoursite.com /web/content/SITE-TEST/components/com_content/models article.php
2012.09.04 10:50 B C:\inetpub\wwwroot\components\com_content\models\articles.php --> ftp3.ftptoyoursite.com /web/content/SITE-TEST/components/com_content/models articles.php
2012.09.04 10:50 B C:\inetpub\wwwroot\components\com_content\models\categories.php --> ftp3.ftptoyoursite.com /web/content/SITE-TEST/components/com_content/models categories.php
2012.09.04 10:50 B C:\inetpub\wwwroot\components\com_content\models\category.php --> ftp3.ftptoyoursite.com /web/content/SITE-TEST/components/com_content/models category.php
2012.09.04 10:50 B C:\inetpub\wwwroot\components\com_content\models\featured.php --> ftp3.ftptoyoursite.com /web/content/SITE-TEST/components/com_content/models featured.php
2012.09.04 10:50 B C:\inetpub\wwwroot\components\com_content\models\form.php --> ftp3.ftptoyoursite.com /web/content/SITE-TEST/components/com_content/models form.php
2012.09.04 10:50 B C:\inetpub\wwwroot\components\com_content\models\index.html --> ftp3.ftptoyoursite.com /web/content/SITE-TEST/components/com_content/models index.html
2012.09.04 10:50 B C:\inetpub\wwwroot\components\com_content\models\WS_FTP.LOG --> ftp3.ftptoyoursite.com /web/content/SITE-TEST/components/com_content/models WS_FTP.LOG
2012.09.06 15:07 B C:\inetpub\wwwroot\components\com_content\models\archive.php --> ftp3.ftptoyoursite.com /web/content/SITEBACKUP_962012/components/com_content/models archive.php
2012.09.06 15:07 B C:\inetpub\wwwroot\components\com_content\models\article.php --> ftp3.ftptoyoursite.com /web/content/SITEBACKUP_962012/components/com_content/models article.php
2012.09.06 15:07 B C:\inetpub\wwwroot\components\com_content\models\articles.php --> ftp3.ftptoyoursite.com /web/content/SITEBACKUP_962012/components/com_content/models articles.php
2012.09.06 15:07 B C:\inetpub\wwwroot\components\com_content\models\categories.php --> ftp3.ftptoyoursite.com /web/content/SITEBACKUP_962012/components/com_content/models categories.php
2012.09.06 15:07 B C:\inetpub\wwwroot\components\com_content\models\category.php --> ftp3.ftptoyoursite.com /web/content/SITEBACKUP_962012/components/com_content/models category.php
2012.09.06 15:07 B C:\inetpub\wwwroot\components\com_content\models\featured.php --> ftp3.ftptoyoursite.com /web/content/SITEBACKUP_962012/components/com_content/models featured.php
2012.09.06 15:07 B C:\inetpub\wwwroot\components\com_content\models\form.php --> ftp3.ftptoyoursite.com /web/content/SITEBACKUP_962012/components/com_content/models form.php
2012.09.06 15:07 B C:\inetpub\wwwroot\components\com_content\models\index.html --> ftp3.ftptoyoursite.com /web/content/SITEBACKUP_962012/components/com_content/models index.html
2012.09.06 15:07 B C:\inetpub\wwwroot\components\com_content\models\WS_FTP.LOG --> ftp3.ftptoyoursite.com /web/content/SITEBACKUP_962012/components/com_content/models WS_FTP.LOG
2012.09.06 15:48 B C:\inetpub\wwwroot\components\com_content\models\archive.php <-- Schubert Rackspace /web/content/SITEBACKUP_962012/components/com_content/models archive.php
2012.09.06 15:48 B C:\inetpub\wwwroot\components\com_content\models\article.php <-- Schubert Rackspace /web/content/SITEBACKUP_962012/components/com_content/models article.php
2012.09.06 15:48 B C:\inetpub\wwwroot\components\com_content\models\articles.php <-- Schubert Rackspace /web/content/SITEBACKUP_962012/components/com_content/models articles.php
2012.09.06 15:48 B C:\inetpub\wwwroot\components\com_content\models\categories.php <-- Schubert Rackspace /web/content/SITEBACKUP_962012/components/com_content/models categories.php
2012.09.06 15:48 B C:\inetpub\wwwroot\components\com_content\models\category.php <-- Schubert Rackspace /web/content/SITEBACKUP_962012/components/com_content/models category.php
2012.09.06 15:48 B C:\inetpub\wwwroot\components\com_content\models\featured.php <-- Schubert Rackspace /web/content/SITEBACKUP_962012/components/com_content/models featured.php
2012.09.06 15:48 B C:\inetpub\wwwroot\components\com_content\models\form.php <-- Schubert Rackspace /web/content/SITEBACKUP_962012/components/com_content/models form.php
2012.09.06 15:48 B C:\inetpub\wwwroot\components\com_content\models\index.html <-- Schubert Rackspace /web/content/SITEBACKUP_962012/components/com_content/models index.html
2012.10.23 09:11 B C:\inetpub\wwwroot\components\com_content\models\archive.php --> ftp3.ftptoyoursite.com /web/content/components/com_content/models archive.php
2012.10.23 09:11 B C:\inetpub\wwwroot\components\com_content\models\article.php --> ftp3.ftptoyoursite.com /web/content/components/com_content/models article.php
2012.10.23 09:11 B C:\inetpub\wwwroot\components\com_content\models\articles.php --> ftp3.ftptoyoursite.com /web/content/components/com_content/models articles.php
2012.10.23 09:11 B C:\inetpub\wwwroot\components\com_content\models\categories.php --> ftp3.ftptoyoursite.com /web/content/components/com_content/models categories.php
2012.10.23 09:11 B C:\inetpub\wwwroot\components\com_content\models\category.php --> ftp3.ftptoyoursite.com /web/content/components/com_content/models category.php
2012.10.23 09:11 B C:\inetpub\wwwroot\components\com_content\models\featured.php --> ftp3.ftptoyoursite.com /web/content/components/com_content/models featured.php
2012.10.23 09:11 B C:\inetpub\wwwroot\components\com_content\models\form.php --> ftp3.ftptoyoursite.com /web/content/components/com_content/models form.php
2012.10.23 09:11 B C:\inetpub\wwwroot\components\com_content\models\index.html --> ftp3.ftptoyoursite.com /web/content/components/com_content/models index.html
2012.10.23 09:11 B C:\inetpub\wwwroot\components\com_content\models\WS_FTP.LOG --> ftp3.ftptoyoursite.com /web/content/components/com_content/models WS_FTP.LOG
2013.02.01 14:47 B C:\inetpub\wwwroot\components\com_content\models\WS_FTP.LOG <-- Schubert Rackspace /web/content/components/com_content/models WS_FTP.LOG
