2012.07.25 12:18 B C:\Users\COBRIEN\Desktop\Schubert\media\editors\codemirror\js\basefiles-uncompressed.js <-- Schubert Rackspace /web/content/media/editors/codemirror/js basefiles-uncompressed.js
2012.07.25 12:18 B C:\Users\COBRIEN\Desktop\Schubert\media\editors\codemirror\js\basefiles.js <-- Schubert Rackspace /web/content/media/editors/codemirror/js basefiles.js
2012.07.25 12:18 B C:\Users\COBRIEN\Desktop\Schubert\media\editors\codemirror\js\codemirror-uncompressed.js <-- Schubert Rackspace /web/content/media/editors/codemirror/js codemirror-uncompressed.js
2012.07.25 12:18 B C:\Users\COBRIEN\Desktop\Schubert\media\editors\codemirror\js\codemirror.js <-- Schubert Rackspace /web/content/media/editors/codemirror/js codemirror.js
2012.07.25 12:18 B C:\Users\COBRIEN\Desktop\Schubert\media\editors\codemirror\js\editor.js <-- Schubert Rackspace /web/content/media/editors/codemirror/js editor.js
2012.07.25 12:18 B C:\Users\COBRIEN\Desktop\Schubert\media\editors\codemirror\js\highlight.js <-- Schubert Rackspace /web/content/media/editors/codemirror/js highlight.js
2012.07.25 12:18 B C:\Users\COBRIEN\Desktop\Schubert\media\editors\codemirror\js\index.html <-- Schubert Rackspace /web/content/media/editors/codemirror/js index.html
2012.07.25 12:18 B C:\Users\COBRIEN\Desktop\Schubert\media\editors\codemirror\js\mirrorframe.js <-- Schubert Rackspace /web/content/media/editors/codemirror/js mirrorframe.js
2012.07.25 12:18 B C:\Users\COBRIEN\Desktop\Schubert\media\editors\codemirror\js\parsecss.js <-- Schubert Rackspace /web/content/media/editors/codemirror/js parsecss.js
2012.07.25 12:18 B C:\Users\COBRIEN\Desktop\Schubert\media\editors\codemirror\js\parsedummy.js <-- Schubert Rackspace /web/content/media/editors/codemirror/js parsedummy.js
2012.07.25 12:18 B C:\Users\COBRIEN\Desktop\Schubert\media\editors\codemirror\js\parsehtmlmixed.js <-- Schubert Rackspace /web/content/media/editors/codemirror/js parsehtmlmixed.js
2012.07.25 12:18 B C:\Users\COBRIEN\Desktop\Schubert\media\editors\codemirror\js\parsejavascript.js <-- Schubert Rackspace /web/content/media/editors/codemirror/js parsejavascript.js
2012.07.25 12:18 B C:\Users\COBRIEN\Desktop\Schubert\media\editors\codemirror\js\parsephp.js <-- Schubert Rackspace /web/content/media/editors/codemirror/js parsephp.js
2012.07.25 12:18 B C:\Users\COBRIEN\Desktop\Schubert\media\editors\codemirror\js\parsephphtmlmixed.js <-- Schubert Rackspace /web/content/media/editors/codemirror/js parsephphtmlmixed.js
2012.07.25 12:18 B C:\Users\COBRIEN\Desktop\Schubert\media\editors\codemirror\js\parsesparql.js <-- Schubert Rackspace /web/content/media/editors/codemirror/js parsesparql.js
2012.07.25 12:18 B C:\Users\COBRIEN\Desktop\Schubert\media\editors\codemirror\js\parsexml.js <-- Schubert Rackspace /web/content/media/editors/codemirror/js parsexml.js
2012.07.25 12:18 B C:\Users\COBRIEN\Desktop\Schubert\media\editors\codemirror\js\select.js <-- Schubert Rackspace /web/content/media/editors/codemirror/js select.js
2012.07.25 12:18 B C:\Users\COBRIEN\Desktop\Schubert\media\editors\codemirror\js\stringstream.js <-- Schubert Rackspace /web/content/media/editors/codemirror/js stringstream.js
2012.07.25 12:18 B C:\Users\COBRIEN\Desktop\Schubert\media\editors\codemirror\js\tokenize.js <-- Schubert Rackspace /web/content/media/editors/codemirror/js tokenize.js
2012.07.25 12:18 B C:\Users\COBRIEN\Desktop\Schubert\media\editors\codemirror\js\tokenizejavascript.js <-- Schubert Rackspace /web/content/media/editors/codemirror/js tokenizejavascript.js
2012.07.25 12:18 B C:\Users\COBRIEN\Desktop\Schubert\media\editors\codemirror\js\tokenizephp.js <-- Schubert Rackspace /web/content/media/editors/codemirror/js tokenizephp.js
2012.07.25 12:18 B C:\Users\COBRIEN\Desktop\Schubert\media\editors\codemirror\js\undo.js <-- Schubert Rackspace /web/content/media/editors/codemirror/js undo.js
2012.07.25 12:18 B C:\Users\COBRIEN\Desktop\Schubert\media\editors\codemirror\js\util.js <-- Schubert Rackspace /web/content/media/editors/codemirror/js util.js
2012.09.04 10:54 B C:\inetpub\wwwroot\media\editors\codemirror\js\basefiles-uncompressed.js --> ftp3.ftptoyoursite.com /web/content/SITE-TEST/media/editors/codemirror/js basefiles-uncompressed.js
2012.09.04 10:54 B C:\inetpub\wwwroot\media\editors\codemirror\js\basefiles.js --> ftp3.ftptoyoursite.com /web/content/SITE-TEST/media/editors/codemirror/js basefiles.js
2012.09.04 10:54 B C:\inetpub\wwwroot\media\editors\codemirror\js\codemirror-uncompressed.js --> ftp3.ftptoyoursite.com /web/content/SITE-TEST/media/editors/codemirror/js codemirror-uncompressed.js
2012.09.04 10:54 B C:\inetpub\wwwroot\media\editors\codemirror\js\codemirror.js --> ftp3.ftptoyoursite.com /web/content/SITE-TEST/media/editors/codemirror/js codemirror.js
2012.09.04 10:54 B C:\inetpub\wwwroot\media\editors\codemirror\js\editor.js --> ftp3.ftptoyoursite.com /web/content/SITE-TEST/media/editors/codemirror/js editor.js
2012.09.04 10:54 B C:\inetpub\wwwroot\media\editors\codemirror\js\highlight.js --> ftp3.ftptoyoursite.com /web/content/SITE-TEST/media/editors/codemirror/js highlight.js
2012.09.04 10:54 B C:\inetpub\wwwroot\media\editors\codemirror\js\index.html --> ftp3.ftptoyoursite.com /web/content/SITE-TEST/media/editors/codemirror/js index.html
2012.09.04 10:54 B C:\inetpub\wwwroot\media\editors\codemirror\js\mirrorframe.js --> ftp3.ftptoyoursite.com /web/content/SITE-TEST/media/editors/codemirror/js mirrorframe.js
2012.09.04 10:54 B C:\inetpub\wwwroot\media\editors\codemirror\js\parsecss.js --> ftp3.ftptoyoursite.com /web/content/SITE-TEST/media/editors/codemirror/js parsecss.js
2012.09.04 10:54 B C:\inetpub\wwwroot\media\editors\codemirror\js\parsedummy.js --> ftp3.ftptoyoursite.com /web/content/SITE-TEST/media/editors/codemirror/js parsedummy.js
2012.09.04 10:54 B C:\inetpub\wwwroot\media\editors\codemirror\js\parsehtmlmixed.js --> ftp3.ftptoyoursite.com /web/content/SITE-TEST/media/editors/codemirror/js parsehtmlmixed.js
2012.09.04 10:54 B C:\inetpub\wwwroot\media\editors\codemirror\js\parsejavascript.js --> ftp3.ftptoyoursite.com /web/content/SITE-TEST/media/editors/codemirror/js parsejavascript.js
2012.09.04 10:54 B C:\inetpub\wwwroot\media\editors\codemirror\js\parsephp.js --> ftp3.ftptoyoursite.com /web/content/SITE-TEST/media/editors/codemirror/js parsephp.js
2012.09.04 10:54 B C:\inetpub\wwwroot\media\editors\codemirror\js\parsephphtmlmixed.js --> ftp3.ftptoyoursite.com /web/content/SITE-TEST/media/editors/codemirror/js parsephphtmlmixed.js
2012.09.04 10:54 B C:\inetpub\wwwroot\media\editors\codemirror\js\parsesparql.js --> ftp3.ftptoyoursite.com /web/content/SITE-TEST/media/editors/codemirror/js parsesparql.js
2012.09.04 10:54 B C:\inetpub\wwwroot\media\editors\codemirror\js\parsexml.js --> ftp3.ftptoyoursite.com /web/content/SITE-TEST/media/editors/codemirror/js parsexml.js
2012.09.04 10:54 B C:\inetpub\wwwroot\media\editors\codemirror\js\select.js --> ftp3.ftptoyoursite.com /web/content/SITE-TEST/media/editors/codemirror/js select.js
2012.09.04 10:54 B C:\inetpub\wwwroot\media\editors\codemirror\js\stringstream.js --> ftp3.ftptoyoursite.com /web/content/SITE-TEST/media/editors/codemirror/js stringstream.js
2012.09.04 10:54 B C:\inetpub\wwwroot\media\editors\codemirror\js\tokenize.js --> ftp3.ftptoyoursite.com /web/content/SITE-TEST/media/editors/codemirror/js tokenize.js
2012.09.04 10:54 B C:\inetpub\wwwroot\media\editors\codemirror\js\tokenizejavascript.js --> ftp3.ftptoyoursite.com /web/content/SITE-TEST/media/editors/codemirror/js tokenizejavascript.js
2012.09.04 10:54 B C:\inetpub\wwwroot\media\editors\codemirror\js\tokenizephp.js --> ftp3.ftptoyoursite.com /web/content/SITE-TEST/media/editors/codemirror/js tokenizephp.js
2012.09.04 10:54 B C:\inetpub\wwwroot\media\editors\codemirror\js\undo.js --> ftp3.ftptoyoursite.com /web/content/SITE-TEST/media/editors/codemirror/js undo.js
2012.09.04 10:54 B C:\inetpub\wwwroot\media\editors\codemirror\js\util.js --> ftp3.ftptoyoursite.com /web/content/SITE-TEST/media/editors/codemirror/js util.js
2012.09.04 10:54 B C:\inetpub\wwwroot\media\editors\codemirror\js\WS_FTP.LOG --> ftp3.ftptoyoursite.com /web/content/SITE-TEST/media/editors/codemirror/js WS_FTP.LOG
2012.09.06 15:13 B C:\inetpub\wwwroot\media\editors\codemirror\js\basefiles-uncompressed.js --> ftp3.ftptoyoursite.com /web/content/SITEBACKUP_962012/media/editors/codemirror/js basefiles-uncompressed.js
2012.09.06 15:13 B C:\inetpub\wwwroot\media\editors\codemirror\js\basefiles.js --> ftp3.ftptoyoursite.com /web/content/SITEBACKUP_962012/media/editors/codemirror/js basefiles.js
2012.09.06 15:13 B C:\inetpub\wwwroot\media\editors\codemirror\js\codemirror-uncompressed.js --> ftp3.ftptoyoursite.com /web/content/SITEBACKUP_962012/media/editors/codemirror/js codemirror-uncompressed.js
2012.09.06 15:13 B C:\inetpub\wwwroot\media\editors\codemirror\js\codemirror.js --> ftp3.ftptoyoursite.com /web/content/SITEBACKUP_962012/media/editors/codemirror/js codemirror.js
2012.09.06 15:13 B C:\inetpub\wwwroot\media\editors\codemirror\js\editor.js --> ftp3.ftptoyoursite.com /web/content/SITEBACKUP_962012/media/editors/codemirror/js editor.js
2012.09.06 15:13 B C:\inetpub\wwwroot\media\editors\codemirror\js\highlight.js --> ftp3.ftptoyoursite.com /web/content/SITEBACKUP_962012/media/editors/codemirror/js highlight.js
2012.09.06 15:13 B C:\inetpub\wwwroot\media\editors\codemirror\js\index.html --> ftp3.ftptoyoursite.com /web/content/SITEBACKUP_962012/media/editors/codemirror/js index.html
2012.09.06 15:13 B C:\inetpub\wwwroot\media\editors\codemirror\js\mirrorframe.js --> ftp3.ftptoyoursite.com /web/content/SITEBACKUP_962012/media/editors/codemirror/js mirrorframe.js
2012.09.06 15:13 B C:\inetpub\wwwroot\media\editors\codemirror\js\parsecss.js --> ftp3.ftptoyoursite.com /web/content/SITEBACKUP_962012/media/editors/codemirror/js parsecss.js
2012.09.06 15:13 B C:\inetpub\wwwroot\media\editors\codemirror\js\parsedummy.js --> ftp3.ftptoyoursite.com /web/content/SITEBACKUP_962012/media/editors/codemirror/js parsedummy.js
2012.09.06 15:13 B C:\inetpub\wwwroot\media\editors\codemirror\js\parsehtmlmixed.js --> ftp3.ftptoyoursite.com /web/content/SITEBACKUP_962012/media/editors/codemirror/js parsehtmlmixed.js
2012.09.06 15:13 B C:\inetpub\wwwroot\media\editors\codemirror\js\parsejavascript.js --> ftp3.ftptoyoursite.com /web/content/SITEBACKUP_962012/media/editors/codemirror/js parsejavascript.js
2012.09.06 15:13 B C:\inetpub\wwwroot\media\editors\codemirror\js\parsephp.js --> ftp3.ftptoyoursite.com /web/content/SITEBACKUP_962012/media/editors/codemirror/js parsephp.js
2012.09.06 15:13 B C:\inetpub\wwwroot\media\editors\codemirror\js\parsephphtmlmixed.js --> ftp3.ftptoyoursite.com /web/content/SITEBACKUP_962012/media/editors/codemirror/js parsephphtmlmixed.js
2012.09.06 15:13 B C:\inetpub\wwwroot\media\editors\codemirror\js\parsesparql.js --> ftp3.ftptoyoursite.com /web/content/SITEBACKUP_962012/media/editors/codemirror/js parsesparql.js
2012.09.06 15:13 B C:\inetpub\wwwroot\media\editors\codemirror\js\parsexml.js --> ftp3.ftptoyoursite.com /web/content/SITEBACKUP_962012/media/editors/codemirror/js parsexml.js
2012.09.06 15:13 B C:\inetpub\wwwroot\media\editors\codemirror\js\select.js --> ftp3.ftptoyoursite.com /web/content/SITEBACKUP_962012/media/editors/codemirror/js select.js
2012.09.06 15:13 B C:\inetpub\wwwroot\media\editors\codemirror\js\stringstream.js --> ftp3.ftptoyoursite.com /web/content/SITEBACKUP_962012/media/editors/codemirror/js stringstream.js
2012.09.06 15:13 B C:\inetpub\wwwroot\media\editors\codemirror\js\tokenize.js --> ftp3.ftptoyoursite.com /web/content/SITEBACKUP_962012/media/editors/codemirror/js tokenize.js
2012.09.06 15:13 B C:\inetpub\wwwroot\media\editors\codemirror\js\tokenizejavascript.js --> ftp3.ftptoyoursite.com /web/content/SITEBACKUP_962012/media/editors/codemirror/js tokenizejavascript.js
2012.09.06 15:13 B C:\inetpub\wwwroot\media\editors\codemirror\js\tokenizephp.js --> ftp3.ftptoyoursite.com /web/content/SITEBACKUP_962012/media/editors/codemirror/js tokenizephp.js
2012.09.06 15:13 B C:\inetpub\wwwroot\media\editors\codemirror\js\undo.js --> ftp3.ftptoyoursite.com /web/content/SITEBACKUP_962012/media/editors/codemirror/js undo.js
2012.09.06 15:13 B C:\inetpub\wwwroot\media\editors\codemirror\js\util.js --> ftp3.ftptoyoursite.com /web/content/SITEBACKUP_962012/media/editors/codemirror/js util.js
2012.09.06 15:13 B C:\inetpub\wwwroot\media\editors\codemirror\js\WS_FTP.LOG --> ftp3.ftptoyoursite.com /web/content/SITEBACKUP_962012/media/editors/codemirror/js WS_FTP.LOG
2012.10.23 09:15 B C:\inetpub\wwwroot\media\editors\codemirror\js\basefiles-uncompressed.js --> ftp3.ftptoyoursite.com /web/content/media/editors/codemirror/js basefiles-uncompressed.js
2012.10.23 09:15 B C:\inetpub\wwwroot\media\editors\codemirror\js\basefiles.js --> ftp3.ftptoyoursite.com /web/content/media/editors/codemirror/js basefiles.js
2012.10.23 09:15 B C:\inetpub\wwwroot\media\editors\codemirror\js\codemirror-uncompressed.js --> ftp3.ftptoyoursite.com /web/content/media/editors/codemirror/js codemirror-uncompressed.js
2012.10.23 09:15 B C:\inetpub\wwwroot\media\editors\codemirror\js\codemirror.js --> ftp3.ftptoyoursite.com /web/content/media/editors/codemirror/js codemirror.js
2012.10.23 09:15 B C:\inetpub\wwwroot\media\editors\codemirror\js\editor.js --> ftp3.ftptoyoursite.com /web/content/media/editors/codemirror/js editor.js
2012.10.23 09:15 B C:\inetpub\wwwroot\media\editors\codemirror\js\highlight.js --> ftp3.ftptoyoursite.com /web/content/media/editors/codemirror/js highlight.js
2012.10.23 09:15 B C:\inetpub\wwwroot\media\editors\codemirror\js\index.html --> ftp3.ftptoyoursite.com /web/content/media/editors/codemirror/js index.html
2012.10.23 09:15 B C:\inetpub\wwwroot\media\editors\codemirror\js\mirrorframe.js --> ftp3.ftptoyoursite.com /web/content/media/editors/codemirror/js mirrorframe.js
2012.10.23 09:15 B C:\inetpub\wwwroot\media\editors\codemirror\js\parsecss.js --> ftp3.ftptoyoursite.com /web/content/media/editors/codemirror/js parsecss.js
2012.10.23 09:15 B C:\inetpub\wwwroot\media\editors\codemirror\js\parsedummy.js --> ftp3.ftptoyoursite.com /web/content/media/editors/codemirror/js parsedummy.js
2012.10.23 09:15 B C:\inetpub\wwwroot\media\editors\codemirror\js\parsehtmlmixed.js --> ftp3.ftptoyoursite.com /web/content/media/editors/codemirror/js parsehtmlmixed.js
2012.10.23 09:15 B C:\inetpub\wwwroot\media\editors\codemirror\js\parsejavascript.js --> ftp3.ftptoyoursite.com /web/content/media/editors/codemirror/js parsejavascript.js
2012.10.23 09:15 B C:\inetpub\wwwroot\media\editors\codemirror\js\parsephp.js --> ftp3.ftptoyoursite.com /web/content/media/editors/codemirror/js parsephp.js
2012.10.23 09:15 B C:\inetpub\wwwroot\media\editors\codemirror\js\parsephphtmlmixed.js --> ftp3.ftptoyoursite.com /web/content/media/editors/codemirror/js parsephphtmlmixed.js
2012.10.23 09:15 B C:\inetpub\wwwroot\media\editors\codemirror\js\parsesparql.js --> ftp3.ftptoyoursite.com /web/content/media/editors/codemirror/js parsesparql.js
2012.10.23 09:15 B C:\inetpub\wwwroot\media\editors\codemirror\js\parsexml.js --> ftp3.ftptoyoursite.com /web/content/media/editors/codemirror/js parsexml.js
2012.10.23 09:15 B C:\inetpub\wwwroot\media\editors\codemirror\js\select.js --> ftp3.ftptoyoursite.com /web/content/media/editors/codemirror/js select.js
2012.10.23 09:15 B C:\inetpub\wwwroot\media\editors\codemirror\js\stringstream.js --> ftp3.ftptoyoursite.com /web/content/media/editors/codemirror/js stringstream.js
2012.10.23 09:15 B C:\inetpub\wwwroot\media\editors\codemirror\js\tokenize.js --> ftp3.ftptoyoursite.com /web/content/media/editors/codemirror/js tokenize.js
2012.10.23 09:15 B C:\inetpub\wwwroot\media\editors\codemirror\js\tokenizejavascript.js --> ftp3.ftptoyoursite.com /web/content/media/editors/codemirror/js tokenizejavascript.js
2012.10.23 09:15 B C:\inetpub\wwwroot\media\editors\codemirror\js\tokenizephp.js --> ftp3.ftptoyoursite.com /web/content/media/editors/codemirror/js tokenizephp.js
2012.10.23 09:15 B C:\inetpub\wwwroot\media\editors\codemirror\js\undo.js --> ftp3.ftptoyoursite.com /web/content/media/editors/codemirror/js undo.js
2012.10.23 09:15 B C:\inetpub\wwwroot\media\editors\codemirror\js\util.js --> ftp3.ftptoyoursite.com /web/content/media/editors/codemirror/js util.js
2012.10.23 09:15 B C:\inetpub\wwwroot\media\editors\codemirror\js\WS_FTP.LOG --> ftp3.ftptoyoursite.com /web/content/media/editors/codemirror/js WS_FTP.LOG
2013.02.01 14:55 B C:\inetpub\wwwroot\media\editors\codemirror\js\WS_FTP.LOG <-- Schubert Rackspace /web/content/media/editors/codemirror/js WS_FTP.LOG
