2012.09.04 10:47 B C:\inetpub\wwwroot\administrator\language\es-ES\es-ES.com_admin.ini --> ftp3.ftptoyoursite.com /web/content/SITE-TEST/administrator/language/es-ES es-ES.com_admin.ini
2012.09.04 10:47 B C:\inetpub\wwwroot\administrator\language\es-ES\es-ES.com_banners.ini --> ftp3.ftptoyoursite.com /web/content/SITE-TEST/administrator/language/es-ES es-ES.com_banners.ini
2012.09.04 10:47 B C:\inetpub\wwwroot\administrator\language\es-ES\es-ES.com_banners.menu.ini --> ftp3.ftptoyoursite.com /web/content/SITE-TEST/administrator/language/es-ES es-ES.com_banners.menu.ini
2012.09.04 10:47 B C:\inetpub\wwwroot\administrator\language\es-ES\es-ES.com_cache.ini --> ftp3.ftptoyoursite.com /web/content/SITE-TEST/administrator/language/es-ES es-ES.com_cache.ini
2012.09.04 10:47 B C:\inetpub\wwwroot\administrator\language\es-ES\es-ES.com_categories.ini --> ftp3.ftptoyoursite.com /web/content/SITE-TEST/administrator/language/es-ES es-ES.com_categories.ini
2012.09.04 10:47 B C:\inetpub\wwwroot\administrator\language\es-ES\es-ES.com_checkin.ini --> ftp3.ftptoyoursite.com /web/content/SITE-TEST/administrator/language/es-ES es-ES.com_checkin.ini
2012.09.04 10:47 B C:\inetpub\wwwroot\administrator\language\es-ES\es-ES.com_config.ini --> ftp3.ftptoyoursite.com /web/content/SITE-TEST/administrator/language/es-ES es-ES.com_config.ini
2012.09.04 10:47 B C:\inetpub\wwwroot\administrator\language\es-ES\es-ES.com_contact.ini --> ftp3.ftptoyoursite.com /web/content/SITE-TEST/administrator/language/es-ES es-ES.com_contact.ini
2012.09.04 10:47 B C:\inetpub\wwwroot\administrator\language\es-ES\es-ES.com_contact.menu.ini --> ftp3.ftptoyoursite.com /web/content/SITE-TEST/administrator/language/es-ES es-ES.com_contact.menu.ini
2012.09.04 10:47 B C:\inetpub\wwwroot\administrator\language\es-ES\es-ES.com_content.ini --> ftp3.ftptoyoursite.com /web/content/SITE-TEST/administrator/language/es-ES es-ES.com_content.ini
2012.09.04 10:47 B C:\inetpub\wwwroot\administrator\language\es-ES\es-ES.com_cpanel.ini --> ftp3.ftptoyoursite.com /web/content/SITE-TEST/administrator/language/es-ES es-ES.com_cpanel.ini
2012.09.04 10:47 B C:\inetpub\wwwroot\administrator\language\es-ES\es-ES.com_frontpage.ini --> ftp3.ftptoyoursite.com /web/content/SITE-TEST/administrator/language/es-ES es-ES.com_frontpage.ini
2012.09.04 10:47 B C:\inetpub\wwwroot\administrator\language\es-ES\es-ES.com_installer.ini --> ftp3.ftptoyoursite.com /web/content/SITE-TEST/administrator/language/es-ES es-ES.com_installer.ini
2012.09.04 10:47 B C:\inetpub\wwwroot\administrator\language\es-ES\es-ES.com_languages.ini --> ftp3.ftptoyoursite.com /web/content/SITE-TEST/administrator/language/es-ES es-ES.com_languages.ini
2012.09.04 10:47 B C:\inetpub\wwwroot\administrator\language\es-ES\es-ES.com_login.ini --> ftp3.ftptoyoursite.com /web/content/SITE-TEST/administrator/language/es-ES es-ES.com_login.ini
2012.09.04 10:47 B C:\inetpub\wwwroot\administrator\language\es-ES\es-ES.com_massmail.ini --> ftp3.ftptoyoursite.com /web/content/SITE-TEST/administrator/language/es-ES es-ES.com_massmail.ini
2012.09.04 10:47 B C:\inetpub\wwwroot\administrator\language\es-ES\es-ES.com_media.ini --> ftp3.ftptoyoursite.com /web/content/SITE-TEST/administrator/language/es-ES es-ES.com_media.ini
2012.09.04 10:47 B C:\inetpub\wwwroot\administrator\language\es-ES\es-ES.com_menus.ini --> ftp3.ftptoyoursite.com /web/content/SITE-TEST/administrator/language/es-ES es-ES.com_menus.ini
2012.09.04 10:47 B C:\inetpub\wwwroot\administrator\language\es-ES\es-ES.com_menus.menu.ini --> ftp3.ftptoyoursite.com /web/content/SITE-TEST/administrator/language/es-ES es-ES.com_menus.menu.ini
2012.09.04 10:47 B C:\inetpub\wwwroot\administrator\language\es-ES\es-ES.com_messages.ini --> ftp3.ftptoyoursite.com /web/content/SITE-TEST/administrator/language/es-ES es-ES.com_messages.ini
2012.09.04 10:47 B C:\inetpub\wwwroot\administrator\language\es-ES\es-ES.com_modules.ini --> ftp3.ftptoyoursite.com /web/content/SITE-TEST/administrator/language/es-ES es-ES.com_modules.ini
2012.09.04 10:47 B C:\inetpub\wwwroot\administrator\language\es-ES\es-ES.com_newsfeeds.ini --> ftp3.ftptoyoursite.com /web/content/SITE-TEST/administrator/language/es-ES es-ES.com_newsfeeds.ini
2012.09.04 10:47 B C:\inetpub\wwwroot\administrator\language\es-ES\es-ES.com_newsfeeds.menu.ini --> ftp3.ftptoyoursite.com /web/content/SITE-TEST/administrator/language/es-ES es-ES.com_newsfeeds.menu.ini
2012.09.04 10:47 B C:\inetpub\wwwroot\administrator\language\es-ES\es-ES.com_plugins.ini --> ftp3.ftptoyoursite.com /web/content/SITE-TEST/administrator/language/es-ES es-ES.com_plugins.ini
2012.09.04 10:47 B C:\inetpub\wwwroot\administrator\language\es-ES\es-ES.com_poll.ini --> ftp3.ftptoyoursite.com /web/content/SITE-TEST/administrator/language/es-ES es-ES.com_poll.ini
2012.09.04 10:47 B C:\inetpub\wwwroot\administrator\language\es-ES\es-ES.com_poll.menu.ini --> ftp3.ftptoyoursite.com /web/content/SITE-TEST/administrator/language/es-ES es-ES.com_poll.menu.ini
2012.09.04 10:47 B C:\inetpub\wwwroot\administrator\language\es-ES\es-ES.com_search.ini --> ftp3.ftptoyoursite.com /web/content/SITE-TEST/administrator/language/es-ES es-ES.com_search.ini
2012.09.04 10:47 B C:\inetpub\wwwroot\administrator\language\es-ES\es-ES.com_search.menu.ini --> ftp3.ftptoyoursite.com /web/content/SITE-TEST/administrator/language/es-ES es-ES.com_search.menu.ini
2012.09.04 10:47 B C:\inetpub\wwwroot\administrator\language\es-ES\es-ES.com_sections.ini --> ftp3.ftptoyoursite.com /web/content/SITE-TEST/administrator/language/es-ES es-ES.com_sections.ini
2012.09.04 10:47 B C:\inetpub\wwwroot\administrator\language\es-ES\es-ES.com_templates.ini --> ftp3.ftptoyoursite.com /web/content/SITE-TEST/administrator/language/es-ES es-ES.com_templates.ini
2012.09.04 10:47 B C:\inetpub\wwwroot\administrator\language\es-ES\es-ES.com_trash.ini --> ftp3.ftptoyoursite.com /web/content/SITE-TEST/administrator/language/es-ES es-ES.com_trash.ini
2012.09.04 10:47 B C:\inetpub\wwwroot\administrator\language\es-ES\es-ES.com_user.ini --> ftp3.ftptoyoursite.com /web/content/SITE-TEST/administrator/language/es-ES es-ES.com_user.ini
2012.09.04 10:47 B C:\inetpub\wwwroot\administrator\language\es-ES\es-ES.com_users.ini --> ftp3.ftptoyoursite.com /web/content/SITE-TEST/administrator/language/es-ES es-ES.com_users.ini
2012.09.04 10:47 B C:\inetpub\wwwroot\administrator\language\es-ES\es-ES.com_weblinks.ini --> ftp3.ftptoyoursite.com /web/content/SITE-TEST/administrator/language/es-ES es-ES.com_weblinks.ini
2012.09.04 10:47 B C:\inetpub\wwwroot\administrator\language\es-ES\es-ES.com_weblinks.menu.ini --> ftp3.ftptoyoursite.com /web/content/SITE-TEST/administrator/language/es-ES es-ES.com_weblinks.menu.ini
2012.09.04 10:47 B C:\inetpub\wwwroot\administrator\language\es-ES\es-ES.com_wrapper.ini --> ftp3.ftptoyoursite.com /web/content/SITE-TEST/administrator/language/es-ES es-ES.com_wrapper.ini
2012.09.04 10:47 B C:\inetpub\wwwroot\administrator\language\es-ES\es-ES.ini --> ftp3.ftptoyoursite.com /web/content/SITE-TEST/administrator/language/es-ES es-ES.ini
2012.09.04 10:47 B C:\inetpub\wwwroot\administrator\language\es-ES\es-ES.mod_components.ini --> ftp3.ftptoyoursite.com /web/content/SITE-TEST/administrator/language/es-ES es-ES.mod_components.ini
2012.09.04 10:47 B C:\inetpub\wwwroot\administrator\language\es-ES\es-ES.mod_custom.ini --> ftp3.ftptoyoursite.com /web/content/SITE-TEST/administrator/language/es-ES es-ES.mod_custom.ini
2012.09.04 10:47 B C:\inetpub\wwwroot\administrator\language\es-ES\es-ES.mod_feed.ini --> ftp3.ftptoyoursite.com /web/content/SITE-TEST/administrator/language/es-ES es-ES.mod_feed.ini
2012.09.04 10:47 B C:\inetpub\wwwroot\administrator\language\es-ES\es-ES.mod_footer.ini --> ftp3.ftptoyoursite.com /web/content/SITE-TEST/administrator/language/es-ES es-ES.mod_footer.ini
2012.09.04 10:47 B C:\inetpub\wwwroot\administrator\language\es-ES\es-ES.mod_latest.ini --> ftp3.ftptoyoursite.com /web/content/SITE-TEST/administrator/language/es-ES es-ES.mod_latest.ini
2012.09.04 10:47 B C:\inetpub\wwwroot\administrator\language\es-ES\es-ES.mod_logged.ini --> ftp3.ftptoyoursite.com /web/content/SITE-TEST/administrator/language/es-ES es-ES.mod_logged.ini
2012.09.04 10:47 B C:\inetpub\wwwroot\administrator\language\es-ES\es-ES.mod_login.ini --> ftp3.ftptoyoursite.com /web/content/SITE-TEST/administrator/language/es-ES es-ES.mod_login.ini
2012.09.04 10:47 B C:\inetpub\wwwroot\administrator\language\es-ES\es-ES.mod_menu.ini --> ftp3.ftptoyoursite.com /web/content/SITE-TEST/administrator/language/es-ES es-ES.mod_menu.ini
2012.09.04 10:47 B C:\inetpub\wwwroot\administrator\language\es-ES\es-ES.mod_online.ini --> ftp3.ftptoyoursite.com /web/content/SITE-TEST/administrator/language/es-ES es-ES.mod_online.ini
2012.09.04 10:47 B C:\inetpub\wwwroot\administrator\language\es-ES\es-ES.mod_popular.ini --> ftp3.ftptoyoursite.com /web/content/SITE-TEST/administrator/language/es-ES es-ES.mod_popular.ini
2012.09.04 10:47 B C:\inetpub\wwwroot\administrator\language\es-ES\es-ES.mod_quickicon.ini --> ftp3.ftptoyoursite.com /web/content/SITE-TEST/administrator/language/es-ES es-ES.mod_quickicon.ini
2012.09.04 10:47 B C:\inetpub\wwwroot\administrator\language\es-ES\es-ES.mod_stats.ini --> ftp3.ftptoyoursite.com /web/content/SITE-TEST/administrator/language/es-ES es-ES.mod_stats.ini
2012.09.04 10:47 B C:\inetpub\wwwroot\administrator\language\es-ES\es-ES.mod_status.ini --> ftp3.ftptoyoursite.com /web/content/SITE-TEST/administrator/language/es-ES es-ES.mod_status.ini
2012.09.04 10:47 B C:\inetpub\wwwroot\administrator\language\es-ES\es-ES.mod_submenu.ini --> ftp3.ftptoyoursite.com /web/content/SITE-TEST/administrator/language/es-ES es-ES.mod_submenu.ini
2012.09.04 10:47 B C:\inetpub\wwwroot\administrator\language\es-ES\es-ES.mod_title.ini --> ftp3.ftptoyoursite.com /web/content/SITE-TEST/administrator/language/es-ES es-ES.mod_title.ini
2012.09.04 10:47 B C:\inetpub\wwwroot\administrator\language\es-ES\es-ES.mod_toolbar.ini --> ftp3.ftptoyoursite.com /web/content/SITE-TEST/administrator/language/es-ES es-ES.mod_toolbar.ini
2012.09.04 10:47 B C:\inetpub\wwwroot\administrator\language\es-ES\es-ES.mod_unread.ini --> ftp3.ftptoyoursite.com /web/content/SITE-TEST/administrator/language/es-ES es-ES.mod_unread.ini
2012.09.04 10:47 B C:\inetpub\wwwroot\administrator\language\es-ES\es-ES.plg_authentication_example.ini --> ftp3.ftptoyoursite.com /web/content/SITE-TEST/administrator/language/es-ES es-ES.plg_authentication_example.ini
2012.09.04 10:47 B C:\inetpub\wwwroot\administrator\language\es-ES\es-ES.plg_authentication_gmail.ini --> ftp3.ftptoyoursite.com /web/content/SITE-TEST/administrator/language/es-ES es-ES.plg_authentication_gmail.ini
2012.09.04 10:47 B C:\inetpub\wwwroot\administrator\language\es-ES\es-ES.plg_authentication_joomla.ini --> ftp3.ftptoyoursite.com /web/content/SITE-TEST/administrator/language/es-ES es-ES.plg_authentication_joomla.ini
2012.09.04 10:47 B C:\inetpub\wwwroot\administrator\language\es-ES\es-ES.plg_authentication_ldap.ini --> ftp3.ftptoyoursite.com /web/content/SITE-TEST/administrator/language/es-ES es-ES.plg_authentication_ldap.ini
2012.09.04 10:47 B C:\inetpub\wwwroot\administrator\language\es-ES\es-ES.plg_authentication_openid.ini --> ftp3.ftptoyoursite.com /web/content/SITE-TEST/administrator/language/es-ES es-ES.plg_authentication_openid.ini
2012.09.04 10:47 B C:\inetpub\wwwroot\administrator\language\es-ES\es-ES.plg_content_code.ini --> ftp3.ftptoyoursite.com /web/content/SITE-TEST/administrator/language/es-ES es-ES.plg_content_code.ini
2012.09.04 10:47 B C:\inetpub\wwwroot\administrator\language\es-ES\es-ES.plg_content_emailcloak.ini --> ftp3.ftptoyoursite.com /web/content/SITE-TEST/administrator/language/es-ES es-ES.plg_content_emailcloak.ini
2012.09.04 10:47 B C:\inetpub\wwwroot\administrator\language\es-ES\es-ES.plg_content_geshi.ini --> ftp3.ftptoyoursite.com /web/content/SITE-TEST/administrator/language/es-ES es-ES.plg_content_geshi.ini
2012.09.04 10:47 B C:\inetpub\wwwroot\administrator\language\es-ES\es-ES.plg_content_image.ini --> ftp3.ftptoyoursite.com /web/content/SITE-TEST/administrator/language/es-ES es-ES.plg_content_image.ini
2012.09.04 10:47 B C:\inetpub\wwwroot\administrator\language\es-ES\es-ES.plg_content_loadmodule.ini --> ftp3.ftptoyoursite.com /web/content/SITE-TEST/administrator/language/es-ES es-ES.plg_content_loadmodule.ini
2012.09.04 10:47 B C:\inetpub\wwwroot\administrator\language\es-ES\es-ES.plg_content_pagebreak.ini --> ftp3.ftptoyoursite.com /web/content/SITE-TEST/administrator/language/es-ES es-ES.plg_content_pagebreak.ini
2012.09.04 10:47 B C:\inetpub\wwwroot\administrator\language\es-ES\es-ES.plg_content_pagenavigation.ini --> ftp3.ftptoyoursite.com /web/content/SITE-TEST/administrator/language/es-ES es-ES.plg_content_pagenavigation.ini
2012.09.04 10:47 B C:\inetpub\wwwroot\administrator\language\es-ES\es-ES.plg_content_vote.ini --> ftp3.ftptoyoursite.com /web/content/SITE-TEST/administrator/language/es-ES es-ES.plg_content_vote.ini
2012.09.04 10:47 B C:\inetpub\wwwroot\administrator\language\es-ES\es-ES.plg_editors-xtd_image.ini --> ftp3.ftptoyoursite.com /web/content/SITE-TEST/administrator/language/es-ES es-ES.plg_editors-xtd_image.ini
2012.09.04 10:47 B C:\inetpub\wwwroot\administrator\language\es-ES\es-ES.plg_editors-xtd_pagebreak.ini --> ftp3.ftptoyoursite.com /web/content/SITE-TEST/administrator/language/es-ES es-ES.plg_editors-xtd_pagebreak.ini
2012.09.04 10:47 B C:\inetpub\wwwroot\administrator\language\es-ES\es-ES.plg_editors-xtd_readmore.ini --> ftp3.ftptoyoursite.com /web/content/SITE-TEST/administrator/language/es-ES es-ES.plg_editors-xtd_readmore.ini
2012.09.04 10:47 B C:\inetpub\wwwroot\administrator\language\es-ES\es-ES.plg_editors_none.ini --> ftp3.ftptoyoursite.com /web/content/SITE-TEST/administrator/language/es-ES es-ES.plg_editors_none.ini
2012.09.04 10:47 B C:\inetpub\wwwroot\administrator\language\es-ES\es-ES.plg_editors_tinymce.ini --> ftp3.ftptoyoursite.com /web/content/SITE-TEST/administrator/language/es-ES es-ES.plg_editors_tinymce.ini
2012.09.04 10:47 B C:\inetpub\wwwroot\administrator\language\es-ES\es-ES.plg_editors_xstandard.ini --> ftp3.ftptoyoursite.com /web/content/SITE-TEST/administrator/language/es-ES es-ES.plg_editors_xstandard.ini
2012.09.04 10:47 B C:\inetpub\wwwroot\administrator\language\es-ES\es-ES.plg_search_categories.ini --> ftp3.ftptoyoursite.com /web/content/SITE-TEST/administrator/language/es-ES es-ES.plg_search_categories.ini
2012.09.04 10:47 B C:\inetpub\wwwroot\administrator\language\es-ES\es-ES.plg_search_contacts.ini --> ftp3.ftptoyoursite.com /web/content/SITE-TEST/administrator/language/es-ES es-ES.plg_search_contacts.ini
2012.09.04 10:47 B C:\inetpub\wwwroot\administrator\language\es-ES\es-ES.plg_search_content.ini --> ftp3.ftptoyoursite.com /web/content/SITE-TEST/administrator/language/es-ES es-ES.plg_search_content.ini
2012.09.04 10:47 B C:\inetpub\wwwroot\administrator\language\es-ES\es-ES.plg_search_newsfeeds.ini --> ftp3.ftptoyoursite.com /web/content/SITE-TEST/administrator/language/es-ES es-ES.plg_search_newsfeeds.ini
2012.09.04 10:47 B C:\inetpub\wwwroot\administrator\language\es-ES\es-ES.plg_search_sections.ini --> ftp3.ftptoyoursite.com /web/content/SITE-TEST/administrator/language/es-ES es-ES.plg_search_sections.ini
2012.09.04 10:47 B C:\inetpub\wwwroot\administrator\language\es-ES\es-ES.plg_search_weblinks.ini --> ftp3.ftptoyoursite.com /web/content/SITE-TEST/administrator/language/es-ES es-ES.plg_search_weblinks.ini
2012.09.04 10:47 B C:\inetpub\wwwroot\administrator\language\es-ES\es-ES.plg_system_backlink.ini --> ftp3.ftptoyoursite.com /web/content/SITE-TEST/administrator/language/es-ES es-ES.plg_system_backlink.ini
2012.09.04 10:47 B C:\inetpub\wwwroot\administrator\language\es-ES\es-ES.plg_system_cache.ini --> ftp3.ftptoyoursite.com /web/content/SITE-TEST/administrator/language/es-ES es-ES.plg_system_cache.ini
2012.09.04 10:47 B C:\inetpub\wwwroot\administrator\language\es-ES\es-ES.plg_system_debug.ini --> ftp3.ftptoyoursite.com /web/content/SITE-TEST/administrator/language/es-ES es-ES.plg_system_debug.ini
2012.09.04 10:47 B C:\inetpub\wwwroot\administrator\language\es-ES\es-ES.plg_system_legacy.ini --> ftp3.ftptoyoursite.com /web/content/SITE-TEST/administrator/language/es-ES es-ES.plg_system_legacy.ini
2012.09.04 10:47 B C:\inetpub\wwwroot\administrator\language\es-ES\es-ES.plg_system_sef.ini --> ftp3.ftptoyoursite.com /web/content/SITE-TEST/administrator/language/es-ES es-ES.plg_system_sef.ini
2012.09.04 10:47 B C:\inetpub\wwwroot\administrator\language\es-ES\es-ES.plg_user_joomla.ini --> ftp3.ftptoyoursite.com /web/content/SITE-TEST/administrator/language/es-ES es-ES.plg_user_joomla.ini
2012.09.04 10:47 B C:\inetpub\wwwroot\administrator\language\es-ES\es-ES.plg_xmlrpc_blogger.ini --> ftp3.ftptoyoursite.com /web/content/SITE-TEST/administrator/language/es-ES es-ES.plg_xmlrpc_blogger.ini
2012.09.04 10:47 B C:\inetpub\wwwroot\administrator\language\es-ES\es-ES.plg_xmlrpc_joomla.ini --> ftp3.ftptoyoursite.com /web/content/SITE-TEST/administrator/language/es-ES es-ES.plg_xmlrpc_joomla.ini
2012.09.04 10:47 B C:\inetpub\wwwroot\administrator\language\es-ES\es-ES.tpl_beez.ini --> ftp3.ftptoyoursite.com /web/content/SITE-TEST/administrator/language/es-ES es-ES.tpl_beez.ini
2012.09.04 10:47 B C:\inetpub\wwwroot\administrator\language\es-ES\es-ES.tpl_ja_purity.ini --> ftp3.ftptoyoursite.com /web/content/SITE-TEST/administrator/language/es-ES es-ES.tpl_ja_purity.ini
2012.09.04 10:47 B C:\inetpub\wwwroot\administrator\language\es-ES\es-ES.tpl_khepri.ini --> ftp3.ftptoyoursite.com /web/content/SITE-TEST/administrator/language/es-ES es-ES.tpl_khepri.ini
2012.09.04 10:47 B C:\inetpub\wwwroot\administrator\language\es-ES\es-ES.tpl_rhuk_milkyway.ini --> ftp3.ftptoyoursite.com /web/content/SITE-TEST/administrator/language/es-ES es-ES.tpl_rhuk_milkyway.ini
2012.09.04 10:47 B C:\inetpub\wwwroot\administrator\language\es-ES\es-ES.xml --> ftp3.ftptoyoursite.com /web/content/SITE-TEST/administrator/language/es-ES es-ES.xml
2012.09.04 10:47 B C:\inetpub\wwwroot\administrator\language\es-ES\index.html --> ftp3.ftptoyoursite.com /web/content/SITE-TEST/administrator/language/es-ES index.html
2012.09.06 15:04 B C:\inetpub\wwwroot\administrator\language\es-ES\es-ES.com_admin.ini --> ftp3.ftptoyoursite.com /web/content/SITEBACKUP_962012/administrator/language/es-ES es-ES.com_admin.ini
2012.09.06 15:04 B C:\inetpub\wwwroot\administrator\language\es-ES\es-ES.com_banners.ini --> ftp3.ftptoyoursite.com /web/content/SITEBACKUP_962012/administrator/language/es-ES es-ES.com_banners.ini
2012.09.06 15:04 B C:\inetpub\wwwroot\administrator\language\es-ES\es-ES.com_banners.menu.ini --> ftp3.ftptoyoursite.com /web/content/SITEBACKUP_962012/administrator/language/es-ES es-ES.com_banners.menu.ini
2012.09.06 15:04 B C:\inetpub\wwwroot\administrator\language\es-ES\es-ES.com_cache.ini --> ftp3.ftptoyoursite.com /web/content/SITEBACKUP_962012/administrator/language/es-ES es-ES.com_cache.ini
2012.09.06 15:04 B C:\inetpub\wwwroot\administrator\language\es-ES\es-ES.com_categories.ini --> ftp3.ftptoyoursite.com /web/content/SITEBACKUP_962012/administrator/language/es-ES es-ES.com_categories.ini
2012.09.06 15:04 B C:\inetpub\wwwroot\administrator\language\es-ES\es-ES.com_checkin.ini --> ftp3.ftptoyoursite.com /web/content/SITEBACKUP_962012/administrator/language/es-ES es-ES.com_checkin.ini
2012.09.06 15:04 B C:\inetpub\wwwroot\administrator\language\es-ES\es-ES.com_config.ini --> ftp3.ftptoyoursite.com /web/content/SITEBACKUP_962012/administrator/language/es-ES es-ES.com_config.ini
2012.09.06 15:04 B C:\inetpub\wwwroot\administrator\language\es-ES\es-ES.com_contact.ini --> ftp3.ftptoyoursite.com /web/content/SITEBACKUP_962012/administrator/language/es-ES es-ES.com_contact.ini
2012.09.06 15:04 B C:\inetpub\wwwroot\administrator\language\es-ES\es-ES.com_contact.menu.ini --> ftp3.ftptoyoursite.com /web/content/SITEBACKUP_962012/administrator/language/es-ES es-ES.com_contact.menu.ini
2012.09.06 15:04 B C:\inetpub\wwwroot\administrator\language\es-ES\es-ES.com_content.ini --> ftp3.ftptoyoursite.com /web/content/SITEBACKUP_962012/administrator/language/es-ES es-ES.com_content.ini
2012.09.06 15:04 B C:\inetpub\wwwroot\administrator\language\es-ES\es-ES.com_cpanel.ini --> ftp3.ftptoyoursite.com /web/content/SITEBACKUP_962012/administrator/language/es-ES es-ES.com_cpanel.ini
2012.09.06 15:04 B C:\inetpub\wwwroot\administrator\language\es-ES\es-ES.com_frontpage.ini --> ftp3.ftptoyoursite.com /web/content/SITEBACKUP_962012/administrator/language/es-ES es-ES.com_frontpage.ini
2012.09.06 15:04 B C:\inetpub\wwwroot\administrator\language\es-ES\es-ES.com_installer.ini --> ftp3.ftptoyoursite.com /web/content/SITEBACKUP_962012/administrator/language/es-ES es-ES.com_installer.ini
2012.09.06 15:04 B C:\inetpub\wwwroot\administrator\language\es-ES\es-ES.com_languages.ini --> ftp3.ftptoyoursite.com /web/content/SITEBACKUP_962012/administrator/language/es-ES es-ES.com_languages.ini
2012.09.06 15:04 B C:\inetpub\wwwroot\administrator\language\es-ES\es-ES.com_login.ini --> ftp3.ftptoyoursite.com /web/content/SITEBACKUP_962012/administrator/language/es-ES es-ES.com_login.ini
2012.09.06 15:04 B C:\inetpub\wwwroot\administrator\language\es-ES\es-ES.com_massmail.ini --> ftp3.ftptoyoursite.com /web/content/SITEBACKUP_962012/administrator/language/es-ES es-ES.com_massmail.ini
2012.09.06 15:04 B C:\inetpub\wwwroot\administrator\language\es-ES\es-ES.com_media.ini --> ftp3.ftptoyoursite.com /web/content/SITEBACKUP_962012/administrator/language/es-ES es-ES.com_media.ini
2012.09.06 15:04 B C:\inetpub\wwwroot\administrator\language\es-ES\es-ES.com_menus.ini --> ftp3.ftptoyoursite.com /web/content/SITEBACKUP_962012/administrator/language/es-ES es-ES.com_menus.ini
2012.09.06 15:04 B C:\inetpub\wwwroot\administrator\language\es-ES\es-ES.com_menus.menu.ini --> ftp3.ftptoyoursite.com /web/content/SITEBACKUP_962012/administrator/language/es-ES es-ES.com_menus.menu.ini
2012.09.06 15:04 B C:\inetpub\wwwroot\administrator\language\es-ES\es-ES.com_messages.ini --> ftp3.ftptoyoursite.com /web/content/SITEBACKUP_962012/administrator/language/es-ES es-ES.com_messages.ini
2012.09.06 15:04 B C:\inetpub\wwwroot\administrator\language\es-ES\es-ES.com_modules.ini --> ftp3.ftptoyoursite.com /web/content/SITEBACKUP_962012/administrator/language/es-ES es-ES.com_modules.ini
2012.09.06 15:04 B C:\inetpub\wwwroot\administrator\language\es-ES\es-ES.com_newsfeeds.ini --> ftp3.ftptoyoursite.com /web/content/SITEBACKUP_962012/administrator/language/es-ES es-ES.com_newsfeeds.ini
2012.09.06 15:04 B C:\inetpub\wwwroot\administrator\language\es-ES\es-ES.com_newsfeeds.menu.ini --> ftp3.ftptoyoursite.com /web/content/SITEBACKUP_962012/administrator/language/es-ES es-ES.com_newsfeeds.menu.ini
2012.09.06 15:04 B C:\inetpub\wwwroot\administrator\language\es-ES\es-ES.com_plugins.ini --> ftp3.ftptoyoursite.com /web/content/SITEBACKUP_962012/administrator/language/es-ES es-ES.com_plugins.ini
2012.09.06 15:04 B C:\inetpub\wwwroot\administrator\language\es-ES\es-ES.com_poll.ini --> ftp3.ftptoyoursite.com /web/content/SITEBACKUP_962012/administrator/language/es-ES es-ES.com_poll.ini
2012.09.06 15:04 B C:\inetpub\wwwroot\administrator\language\es-ES\es-ES.com_poll.menu.ini --> ftp3.ftptoyoursite.com /web/content/SITEBACKUP_962012/administrator/language/es-ES es-ES.com_poll.menu.ini
2012.09.06 15:04 B C:\inetpub\wwwroot\administrator\language\es-ES\es-ES.com_search.ini --> ftp3.ftptoyoursite.com /web/content/SITEBACKUP_962012/administrator/language/es-ES es-ES.com_search.ini
2012.09.06 15:04 B C:\inetpub\wwwroot\administrator\language\es-ES\es-ES.com_search.menu.ini --> ftp3.ftptoyoursite.com /web/content/SITEBACKUP_962012/administrator/language/es-ES es-ES.com_search.menu.ini
2012.09.06 15:04 B C:\inetpub\wwwroot\administrator\language\es-ES\es-ES.com_sections.ini --> ftp3.ftptoyoursite.com /web/content/SITEBACKUP_962012/administrator/language/es-ES es-ES.com_sections.ini
2012.09.06 15:04 B C:\inetpub\wwwroot\administrator\language\es-ES\es-ES.com_templates.ini --> ftp3.ftptoyoursite.com /web/content/SITEBACKUP_962012/administrator/language/es-ES es-ES.com_templates.ini
2012.09.06 15:04 B C:\inetpub\wwwroot\administrator\language\es-ES\es-ES.com_trash.ini --> ftp3.ftptoyoursite.com /web/content/SITEBACKUP_962012/administrator/language/es-ES es-ES.com_trash.ini
2012.09.06 15:04 B C:\inetpub\wwwroot\administrator\language\es-ES\es-ES.com_user.ini --> ftp3.ftptoyoursite.com /web/content/SITEBACKUP_962012/administrator/language/es-ES es-ES.com_user.ini
2012.09.06 15:04 B C:\inetpub\wwwroot\administrator\language\es-ES\es-ES.com_users.ini --> ftp3.ftptoyoursite.com /web/content/SITEBACKUP_962012/administrator/language/es-ES es-ES.com_users.ini
2012.09.06 15:04 B C:\inetpub\wwwroot\administrator\language\es-ES\es-ES.com_weblinks.ini --> ftp3.ftptoyoursite.com /web/content/SITEBACKUP_962012/administrator/language/es-ES es-ES.com_weblinks.ini
2012.09.06 15:04 B C:\inetpub\wwwroot\administrator\language\es-ES\es-ES.com_weblinks.menu.ini --> ftp3.ftptoyoursite.com /web/content/SITEBACKUP_962012/administrator/language/es-ES es-ES.com_weblinks.menu.ini
2012.09.06 15:04 B C:\inetpub\wwwroot\administrator\language\es-ES\es-ES.com_wrapper.ini --> ftp3.ftptoyoursite.com /web/content/SITEBACKUP_962012/administrator/language/es-ES es-ES.com_wrapper.ini
2012.09.06 15:04 B C:\inetpub\wwwroot\administrator\language\es-ES\es-ES.ini --> ftp3.ftptoyoursite.com /web/content/SITEBACKUP_962012/administrator/language/es-ES es-ES.ini
2012.09.06 15:04 B C:\inetpub\wwwroot\administrator\language\es-ES\es-ES.mod_components.ini --> ftp3.ftptoyoursite.com /web/content/SITEBACKUP_962012/administrator/language/es-ES es-ES.mod_components.ini
2012.09.06 15:04 B C:\inetpub\wwwroot\administrator\language\es-ES\es-ES.mod_custom.ini --> ftp3.ftptoyoursite.com /web/content/SITEBACKUP_962012/administrator/language/es-ES es-ES.mod_custom.ini
2012.09.06 15:04 B C:\inetpub\wwwroot\administrator\language\es-ES\es-ES.mod_feed.ini --> ftp3.ftptoyoursite.com /web/content/SITEBACKUP_962012/administrator/language/es-ES es-ES.mod_feed.ini
2012.09.06 15:04 B C:\inetpub\wwwroot\administrator\language\es-ES\es-ES.mod_footer.ini --> ftp3.ftptoyoursite.com /web/content/SITEBACKUP_962012/administrator/language/es-ES es-ES.mod_footer.ini
2012.09.06 15:04 B C:\inetpub\wwwroot\administrator\language\es-ES\es-ES.mod_latest.ini --> ftp3.ftptoyoursite.com /web/content/SITEBACKUP_962012/administrator/language/es-ES es-ES.mod_latest.ini
2012.09.06 15:04 B C:\inetpub\wwwroot\administrator\language\es-ES\es-ES.mod_logged.ini --> ftp3.ftptoyoursite.com /web/content/SITEBACKUP_962012/administrator/language/es-ES es-ES.mod_logged.ini
2012.09.06 15:04 B C:\inetpub\wwwroot\administrator\language\es-ES\es-ES.mod_login.ini --> ftp3.ftptoyoursite.com /web/content/SITEBACKUP_962012/administrator/language/es-ES es-ES.mod_login.ini
2012.09.06 15:04 B C:\inetpub\wwwroot\administrator\language\es-ES\es-ES.mod_menu.ini --> ftp3.ftptoyoursite.com /web/content/SITEBACKUP_962012/administrator/language/es-ES es-ES.mod_menu.ini
2012.09.06 15:04 B C:\inetpub\wwwroot\administrator\language\es-ES\es-ES.mod_online.ini --> ftp3.ftptoyoursite.com /web/content/SITEBACKUP_962012/administrator/language/es-ES es-ES.mod_online.ini
2012.09.06 15:04 B C:\inetpub\wwwroot\administrator\language\es-ES\es-ES.mod_popular.ini --> ftp3.ftptoyoursite.com /web/content/SITEBACKUP_962012/administrator/language/es-ES es-ES.mod_popular.ini
2012.09.06 15:04 B C:\inetpub\wwwroot\administrator\language\es-ES\es-ES.mod_quickicon.ini --> ftp3.ftptoyoursite.com /web/content/SITEBACKUP_962012/administrator/language/es-ES es-ES.mod_quickicon.ini
2012.09.06 15:04 B C:\inetpub\wwwroot\administrator\language\es-ES\es-ES.mod_stats.ini --> ftp3.ftptoyoursite.com /web/content/SITEBACKUP_962012/administrator/language/es-ES es-ES.mod_stats.ini
2012.09.06 15:04 B C:\inetpub\wwwroot\administrator\language\es-ES\es-ES.mod_status.ini --> ftp3.ftptoyoursite.com /web/content/SITEBACKUP_962012/administrator/language/es-ES es-ES.mod_status.ini
2012.09.06 15:04 B C:\inetpub\wwwroot\administrator\language\es-ES\es-ES.mod_submenu.ini --> ftp3.ftptoyoursite.com /web/content/SITEBACKUP_962012/administrator/language/es-ES es-ES.mod_submenu.ini
2012.09.06 15:04 B C:\inetpub\wwwroot\administrator\language\es-ES\es-ES.mod_title.ini --> ftp3.ftptoyoursite.com /web/content/SITEBACKUP_962012/administrator/language/es-ES es-ES.mod_title.ini
2012.09.06 15:04 B C:\inetpub\wwwroot\administrator\language\es-ES\es-ES.mod_toolbar.ini --> ftp3.ftptoyoursite.com /web/content/SITEBACKUP_962012/administrator/language/es-ES es-ES.mod_toolbar.ini
2012.09.06 15:04 B C:\inetpub\wwwroot\administrator\language\es-ES\es-ES.mod_unread.ini --> ftp3.ftptoyoursite.com /web/content/SITEBACKUP_962012/administrator/language/es-ES es-ES.mod_unread.ini
2012.09.06 15:04 B C:\inetpub\wwwroot\administrator\language\es-ES\es-ES.plg_authentication_example.ini --> ftp3.ftptoyoursite.com /web/content/SITEBACKUP_962012/administrator/language/es-ES es-ES.plg_authentication_example.ini
2012.09.06 15:04 B C:\inetpub\wwwroot\administrator\language\es-ES\es-ES.plg_authentication_gmail.ini --> ftp3.ftptoyoursite.com /web/content/SITEBACKUP_962012/administrator/language/es-ES es-ES.plg_authentication_gmail.ini
2012.09.06 15:04 B C:\inetpub\wwwroot\administrator\language\es-ES\es-ES.plg_authentication_joomla.ini --> ftp3.ftptoyoursite.com /web/content/SITEBACKUP_962012/administrator/language/es-ES es-ES.plg_authentication_joomla.ini
2012.09.06 15:04 B C:\inetpub\wwwroot\administrator\language\es-ES\es-ES.plg_authentication_ldap.ini --> ftp3.ftptoyoursite.com /web/content/SITEBACKUP_962012/administrator/language/es-ES es-ES.plg_authentication_ldap.ini
2012.09.06 15:04 B C:\inetpub\wwwroot\administrator\language\es-ES\es-ES.plg_authentication_openid.ini --> ftp3.ftptoyoursite.com /web/content/SITEBACKUP_962012/administrator/language/es-ES es-ES.plg_authentication_openid.ini
2012.09.06 15:04 B C:\inetpub\wwwroot\administrator\language\es-ES\es-ES.plg_content_code.ini --> ftp3.ftptoyoursite.com /web/content/SITEBACKUP_962012/administrator/language/es-ES es-ES.plg_content_code.ini
2012.09.06 15:04 B C:\inetpub\wwwroot\administrator\language\es-ES\es-ES.plg_content_emailcloak.ini --> ftp3.ftptoyoursite.com /web/content/SITEBACKUP_962012/administrator/language/es-ES es-ES.plg_content_emailcloak.ini
2012.09.06 15:04 B C:\inetpub\wwwroot\administrator\language\es-ES\es-ES.plg_content_geshi.ini --> ftp3.ftptoyoursite.com /web/content/SITEBACKUP_962012/administrator/language/es-ES es-ES.plg_content_geshi.ini
2012.09.06 15:04 B C:\inetpub\wwwroot\administrator\language\es-ES\es-ES.plg_content_image.ini --> ftp3.ftptoyoursite.com /web/content/SITEBACKUP_962012/administrator/language/es-ES es-ES.plg_content_image.ini
2012.09.06 15:04 B C:\inetpub\wwwroot\administrator\language\es-ES\es-ES.plg_content_loadmodule.ini --> ftp3.ftptoyoursite.com /web/content/SITEBACKUP_962012/administrator/language/es-ES es-ES.plg_content_loadmodule.ini
2012.09.06 15:04 B C:\inetpub\wwwroot\administrator\language\es-ES\es-ES.plg_content_pagebreak.ini --> ftp3.ftptoyoursite.com /web/content/SITEBACKUP_962012/administrator/language/es-ES es-ES.plg_content_pagebreak.ini
2012.09.06 15:04 B C:\inetpub\wwwroot\administrator\language\es-ES\es-ES.plg_content_pagenavigation.ini --> ftp3.ftptoyoursite.com /web/content/SITEBACKUP_962012/administrator/language/es-ES es-ES.plg_content_pagenavigation.ini
2012.09.06 15:04 B C:\inetpub\wwwroot\administrator\language\es-ES\es-ES.plg_content_vote.ini --> ftp3.ftptoyoursite.com /web/content/SITEBACKUP_962012/administrator/language/es-ES es-ES.plg_content_vote.ini
2012.09.06 15:04 B C:\inetpub\wwwroot\administrator\language\es-ES\es-ES.plg_editors-xtd_image.ini --> ftp3.ftptoyoursite.com /web/content/SITEBACKUP_962012/administrator/language/es-ES es-ES.plg_editors-xtd_image.ini
2012.09.06 15:04 B C:\inetpub\wwwroot\administrator\language\es-ES\es-ES.plg_editors-xtd_pagebreak.ini --> ftp3.ftptoyoursite.com /web/content/SITEBACKUP_962012/administrator/language/es-ES es-ES.plg_editors-xtd_pagebreak.ini
2012.09.06 15:04 B C:\inetpub\wwwroot\administrator\language\es-ES\es-ES.plg_editors-xtd_readmore.ini --> ftp3.ftptoyoursite.com /web/content/SITEBACKUP_962012/administrator/language/es-ES es-ES.plg_editors-xtd_readmore.ini
2012.09.06 15:04 B C:\inetpub\wwwroot\administrator\language\es-ES\es-ES.plg_editors-xtd_slider.ini --> ftp3.ftptoyoursite.com /web/content/SITEBACKUP_962012/administrator/language/es-ES es-ES.plg_editors-xtd_slider.ini
2012.09.06 15:04 B C:\inetpub\wwwroot\administrator\language\es-ES\es-ES.plg_editors-xtd_slider.sys.ini --> ftp3.ftptoyoursite.com /web/content/SITEBACKUP_962012/administrator/language/es-ES es-ES.plg_editors-xtd_slider.sys.ini
2012.09.06 15:04 B C:\inetpub\wwwroot\administrator\language\es-ES\es-ES.plg_editors_none.ini --> ftp3.ftptoyoursite.com /web/content/SITEBACKUP_962012/administrator/language/es-ES es-ES.plg_editors_none.ini
2012.09.06 15:04 B C:\inetpub\wwwroot\administrator\language\es-ES\es-ES.plg_editors_tinymce.ini --> ftp3.ftptoyoursite.com /web/content/SITEBACKUP_962012/administrator/language/es-ES es-ES.plg_editors_tinymce.ini
2012.09.06 15:04 B C:\inetpub\wwwroot\administrator\language\es-ES\es-ES.plg_editors_xstandard.ini --> ftp3.ftptoyoursite.com /web/content/SITEBACKUP_962012/administrator/language/es-ES es-ES.plg_editors_xstandard.ini
2012.09.06 15:04 B C:\inetpub\wwwroot\administrator\language\es-ES\es-ES.plg_search_categories.ini --> ftp3.ftptoyoursite.com /web/content/SITEBACKUP_962012/administrator/language/es-ES es-ES.plg_search_categories.ini
2012.09.06 15:04 B C:\inetpub\wwwroot\administrator\language\es-ES\es-ES.plg_search_contacts.ini --> ftp3.ftptoyoursite.com /web/content/SITEBACKUP_962012/administrator/language/es-ES es-ES.plg_search_contacts.ini
2012.09.06 15:04 B C:\inetpub\wwwroot\administrator\language\es-ES\es-ES.plg_search_content.ini --> ftp3.ftptoyoursite.com /web/content/SITEBACKUP_962012/administrator/language/es-ES es-ES.plg_search_content.ini
2012.09.06 15:04 B C:\inetpub\wwwroot\administrator\language\es-ES\es-ES.plg_search_newsfeeds.ini --> ftp3.ftptoyoursite.com /web/content/SITEBACKUP_962012/administrator/language/es-ES es-ES.plg_search_newsfeeds.ini
2012.09.06 15:04 B C:\inetpub\wwwroot\administrator\language\es-ES\es-ES.plg_search_sections.ini --> ftp3.ftptoyoursite.com /web/content/SITEBACKUP_962012/administrator/language/es-ES es-ES.plg_search_sections.ini
2012.09.06 15:04 B C:\inetpub\wwwroot\administrator\language\es-ES\es-ES.plg_search_weblinks.ini --> ftp3.ftptoyoursite.com /web/content/SITEBACKUP_962012/administrator/language/es-ES es-ES.plg_search_weblinks.ini
2012.09.06 15:04 B C:\inetpub\wwwroot\administrator\language\es-ES\es-ES.plg_system_backlink.ini --> ftp3.ftptoyoursite.com /web/content/SITEBACKUP_962012/administrator/language/es-ES es-ES.plg_system_backlink.ini
2012.09.06 15:04 B C:\inetpub\wwwroot\administrator\language\es-ES\es-ES.plg_system_cache.ini --> ftp3.ftptoyoursite.com /web/content/SITEBACKUP_962012/administrator/language/es-ES es-ES.plg_system_cache.ini
2012.09.06 15:04 B C:\inetpub\wwwroot\administrator\language\es-ES\es-ES.plg_system_debug.ini --> ftp3.ftptoyoursite.com /web/content/SITEBACKUP_962012/administrator/language/es-ES es-ES.plg_system_debug.ini
2012.09.06 15:04 B C:\inetpub\wwwroot\administrator\language\es-ES\es-ES.plg_system_legacy.ini --> ftp3.ftptoyoursite.com /web/content/SITEBACKUP_962012/administrator/language/es-ES es-ES.plg_system_legacy.ini
2012.09.06 15:04 B C:\inetpub\wwwroot\administrator\language\es-ES\es-ES.plg_system_nnframework.ini --> ftp3.ftptoyoursite.com /web/content/SITEBACKUP_962012/administrator/language/es-ES es-ES.plg_system_nnframework.ini
2012.09.06 15:04 B C:\inetpub\wwwroot\administrator\language\es-ES\es-ES.plg_system_nnframework.sys.ini --> ftp3.ftptoyoursite.com /web/content/SITEBACKUP_962012/administrator/language/es-ES es-ES.plg_system_nnframework.sys.ini
2012.09.06 15:04 B C:\inetpub\wwwroot\administrator\language\es-ES\es-ES.plg_system_sef.ini --> ftp3.ftptoyoursite.com /web/content/SITEBACKUP_962012/administrator/language/es-ES es-ES.plg_system_sef.ini
2012.09.06 15:04 B C:\inetpub\wwwroot\administrator\language\es-ES\es-ES.plg_system_slider.ini --> ftp3.ftptoyoursite.com /web/content/SITEBACKUP_962012/administrator/language/es-ES es-ES.plg_system_slider.ini
2012.09.06 15:04 B C:\inetpub\wwwroot\administrator\language\es-ES\es-ES.plg_system_slider.sys.ini --> ftp3.ftptoyoursite.com /web/content/SITEBACKUP_962012/administrator/language/es-ES es-ES.plg_system_slider.sys.ini
2012.09.06 15:04 B C:\inetpub\wwwroot\administrator\language\es-ES\es-ES.plg_user_joomla.ini --> ftp3.ftptoyoursite.com /web/content/SITEBACKUP_962012/administrator/language/es-ES es-ES.plg_user_joomla.ini
2012.09.06 15:04 B C:\inetpub\wwwroot\administrator\language\es-ES\es-ES.plg_xmlrpc_blogger.ini --> ftp3.ftptoyoursite.com /web/content/SITEBACKUP_962012/administrator/language/es-ES es-ES.plg_xmlrpc_blogger.ini
2012.09.06 15:04 B C:\inetpub\wwwroot\administrator\language\es-ES\es-ES.plg_xmlrpc_joomla.ini --> ftp3.ftptoyoursite.com /web/content/SITEBACKUP_962012/administrator/language/es-ES es-ES.plg_xmlrpc_joomla.ini
2012.09.06 15:04 B C:\inetpub\wwwroot\administrator\language\es-ES\es-ES.tpl_beez.ini --> ftp3.ftptoyoursite.com /web/content/SITEBACKUP_962012/administrator/language/es-ES es-ES.tpl_beez.ini
2012.09.06 15:04 B C:\inetpub\wwwroot\administrator\language\es-ES\es-ES.tpl_ja_purity.ini --> ftp3.ftptoyoursite.com /web/content/SITEBACKUP_962012/administrator/language/es-ES es-ES.tpl_ja_purity.ini
2012.09.06 15:04 B C:\inetpub\wwwroot\administrator\language\es-ES\es-ES.tpl_khepri.ini --> ftp3.ftptoyoursite.com /web/content/SITEBACKUP_962012/administrator/language/es-ES es-ES.tpl_khepri.ini
2012.09.06 15:04 B C:\inetpub\wwwroot\administrator\language\es-ES\es-ES.tpl_rhuk_milkyway.ini --> ftp3.ftptoyoursite.com /web/content/SITEBACKUP_962012/administrator/language/es-ES es-ES.tpl_rhuk_milkyway.ini
2012.09.06 15:04 B C:\inetpub\wwwroot\administrator\language\es-ES\es-ES.xml --> ftp3.ftptoyoursite.com /web/content/SITEBACKUP_962012/administrator/language/es-ES es-ES.xml
2012.09.06 15:04 B C:\inetpub\wwwroot\administrator\language\es-ES\index.html --> ftp3.ftptoyoursite.com /web/content/SITEBACKUP_962012/administrator/language/es-ES index.html
2012.09.06 15:04 B C:\inetpub\wwwroot\administrator\language\es-ES\WS_FTP.LOG --> ftp3.ftptoyoursite.com /web/content/SITEBACKUP_962012/administrator/language/es-ES WS_FTP.LOG
2012.09.06 15:46 B C:\inetpub\wwwroot\administrator\language\es-ES\es-ES.com_admin.ini <-- Schubert Rackspace /web/content/SITEBACKUP_962012/administrator/language/es-ES es-ES.com_admin.ini
2012.09.06 15:46 B C:\inetpub\wwwroot\administrator\language\es-ES\es-ES.com_banners.ini <-- Schubert Rackspace /web/content/SITEBACKUP_962012/administrator/language/es-ES es-ES.com_banners.ini
2012.09.06 15:46 B C:\inetpub\wwwroot\administrator\language\es-ES\es-ES.com_banners.menu.ini <-- Schubert Rackspace /web/content/SITEBACKUP_962012/administrator/language/es-ES es-ES.com_banners.menu.ini
2012.09.06 15:46 B C:\inetpub\wwwroot\administrator\language\es-ES\es-ES.com_cache.ini <-- Schubert Rackspace /web/content/SITEBACKUP_962012/administrator/language/es-ES es-ES.com_cache.ini
2012.09.06 15:46 B C:\inetpub\wwwroot\administrator\language\es-ES\es-ES.com_categories.ini <-- Schubert Rackspace /web/content/SITEBACKUP_962012/administrator/language/es-ES es-ES.com_categories.ini
2012.09.06 15:46 B C:\inetpub\wwwroot\administrator\language\es-ES\es-ES.com_checkin.ini <-- Schubert Rackspace /web/content/SITEBACKUP_962012/administrator/language/es-ES es-ES.com_checkin.ini
2012.09.06 15:46 B C:\inetpub\wwwroot\administrator\language\es-ES\es-ES.com_config.ini <-- Schubert Rackspace /web/content/SITEBACKUP_962012/administrator/language/es-ES es-ES.com_config.ini
2012.09.06 15:46 B C:\inetpub\wwwroot\administrator\language\es-ES\es-ES.com_contact.ini <-- Schubert Rackspace /web/content/SITEBACKUP_962012/administrator/language/es-ES es-ES.com_contact.ini
2012.09.06 15:46 B C:\inetpub\wwwroot\administrator\language\es-ES\es-ES.com_contact.menu.ini <-- Schubert Rackspace /web/content/SITEBACKUP_962012/administrator/language/es-ES es-ES.com_contact.menu.ini
2012.09.06 15:46 B C:\inetpub\wwwroot\administrator\language\es-ES\es-ES.com_content.ini <-- Schubert Rackspace /web/content/SITEBACKUP_962012/administrator/language/es-ES es-ES.com_content.ini
2012.09.06 15:46 B C:\inetpub\wwwroot\administrator\language\es-ES\es-ES.com_cpanel.ini <-- Schubert Rackspace /web/content/SITEBACKUP_962012/administrator/language/es-ES es-ES.com_cpanel.ini
2012.09.06 15:46 B C:\inetpub\wwwroot\administrator\language\es-ES\es-ES.com_frontpage.ini <-- Schubert Rackspace /web/content/SITEBACKUP_962012/administrator/language/es-ES es-ES.com_frontpage.ini
2012.09.06 15:46 B C:\inetpub\wwwroot\administrator\language\es-ES\es-ES.com_installer.ini <-- Schubert Rackspace /web/content/SITEBACKUP_962012/administrator/language/es-ES es-ES.com_installer.ini
2012.09.06 15:46 B C:\inetpub\wwwroot\administrator\language\es-ES\es-ES.com_languages.ini <-- Schubert Rackspace /web/content/SITEBACKUP_962012/administrator/language/es-ES es-ES.com_languages.ini
2012.09.06 15:46 B C:\inetpub\wwwroot\administrator\language\es-ES\es-ES.com_login.ini <-- Schubert Rackspace /web/content/SITEBACKUP_962012/administrator/language/es-ES es-ES.com_login.ini
2012.09.06 15:46 B C:\inetpub\wwwroot\administrator\language\es-ES\es-ES.com_massmail.ini <-- Schubert Rackspace /web/content/SITEBACKUP_962012/administrator/language/es-ES es-ES.com_massmail.ini
2012.09.06 15:46 B C:\inetpub\wwwroot\administrator\language\es-ES\es-ES.com_media.ini <-- Schubert Rackspace /web/content/SITEBACKUP_962012/administrator/language/es-ES es-ES.com_media.ini
2012.09.06 15:46 B C:\inetpub\wwwroot\administrator\language\es-ES\es-ES.com_menus.ini <-- Schubert Rackspace /web/content/SITEBACKUP_962012/administrator/language/es-ES es-ES.com_menus.ini
2012.09.06 15:46 B C:\inetpub\wwwroot\administrator\language\es-ES\es-ES.com_menus.menu.ini <-- Schubert Rackspace /web/content/SITEBACKUP_962012/administrator/language/es-ES es-ES.com_menus.menu.ini
2012.09.06 15:46 B C:\inetpub\wwwroot\administrator\language\es-ES\es-ES.com_messages.ini <-- Schubert Rackspace /web/content/SITEBACKUP_962012/administrator/language/es-ES es-ES.com_messages.ini
2012.09.06 15:46 B C:\inetpub\wwwroot\administrator\language\es-ES\es-ES.com_modules.ini <-- Schubert Rackspace /web/content/SITEBACKUP_962012/administrator/language/es-ES es-ES.com_modules.ini
2012.09.06 15:46 B C:\inetpub\wwwroot\administrator\language\es-ES\es-ES.com_newsfeeds.ini <-- Schubert Rackspace /web/content/SITEBACKUP_962012/administrator/language/es-ES es-ES.com_newsfeeds.ini
2012.09.06 15:46 B C:\inetpub\wwwroot\administrator\language\es-ES\es-ES.com_newsfeeds.menu.ini <-- Schubert Rackspace /web/content/SITEBACKUP_962012/administrator/language/es-ES es-ES.com_newsfeeds.menu.ini
2012.09.06 15:46 B C:\inetpub\wwwroot\administrator\language\es-ES\es-ES.com_plugins.ini <-- Schubert Rackspace /web/content/SITEBACKUP_962012/administrator/language/es-ES es-ES.com_plugins.ini
2012.09.06 15:46 B C:\inetpub\wwwroot\administrator\language\es-ES\es-ES.com_poll.ini <-- Schubert Rackspace /web/content/SITEBACKUP_962012/administrator/language/es-ES es-ES.com_poll.ini
2012.09.06 15:46 B C:\inetpub\wwwroot\administrator\language\es-ES\es-ES.com_poll.menu.ini <-- Schubert Rackspace /web/content/SITEBACKUP_962012/administrator/language/es-ES es-ES.com_poll.menu.ini
2012.09.06 15:46 B C:\inetpub\wwwroot\administrator\language\es-ES\es-ES.com_search.ini <-- Schubert Rackspace /web/content/SITEBACKUP_962012/administrator/language/es-ES es-ES.com_search.ini
2012.09.06 15:46 B C:\inetpub\wwwroot\administrator\language\es-ES\es-ES.com_search.menu.ini <-- Schubert Rackspace /web/content/SITEBACKUP_962012/administrator/language/es-ES es-ES.com_search.menu.ini
2012.09.06 15:46 B C:\inetpub\wwwroot\administrator\language\es-ES\es-ES.com_sections.ini <-- Schubert Rackspace /web/content/SITEBACKUP_962012/administrator/language/es-ES es-ES.com_sections.ini
2012.09.06 15:46 B C:\inetpub\wwwroot\administrator\language\es-ES\es-ES.com_templates.ini <-- Schubert Rackspace /web/content/SITEBACKUP_962012/administrator/language/es-ES es-ES.com_templates.ini
2012.09.06 15:46 B C:\inetpub\wwwroot\administrator\language\es-ES\es-ES.com_trash.ini <-- Schubert Rackspace /web/content/SITEBACKUP_962012/administrator/language/es-ES es-ES.com_trash.ini
2012.09.06 15:46 B C:\inetpub\wwwroot\administrator\language\es-ES\es-ES.com_user.ini <-- Schubert Rackspace /web/content/SITEBACKUP_962012/administrator/language/es-ES es-ES.com_user.ini
2012.09.06 15:46 B C:\inetpub\wwwroot\administrator\language\es-ES\es-ES.com_users.ini <-- Schubert Rackspace /web/content/SITEBACKUP_962012/administrator/language/es-ES es-ES.com_users.ini
2012.09.06 15:46 B C:\inetpub\wwwroot\administrator\language\es-ES\es-ES.com_weblinks.ini <-- Schubert Rackspace /web/content/SITEBACKUP_962012/administrator/language/es-ES es-ES.com_weblinks.ini
2012.09.06 15:46 B C:\inetpub\wwwroot\administrator\language\es-ES\es-ES.com_weblinks.menu.ini <-- Schubert Rackspace /web/content/SITEBACKUP_962012/administrator/language/es-ES es-ES.com_weblinks.menu.ini
2012.09.06 15:46 B C:\inetpub\wwwroot\administrator\language\es-ES\es-ES.com_wrapper.ini <-- Schubert Rackspace /web/content/SITEBACKUP_962012/administrator/language/es-ES es-ES.com_wrapper.ini
2012.09.06 15:46 B C:\inetpub\wwwroot\administrator\language\es-ES\es-ES.ini <-- Schubert Rackspace /web/content/SITEBACKUP_962012/administrator/language/es-ES es-ES.ini
2012.09.06 15:46 B C:\inetpub\wwwroot\administrator\language\es-ES\es-ES.mod_components.ini <-- Schubert Rackspace /web/content/SITEBACKUP_962012/administrator/language/es-ES es-ES.mod_components.ini
2012.09.06 15:46 B C:\inetpub\wwwroot\administrator\language\es-ES\es-ES.mod_custom.ini <-- Schubert Rackspace /web/content/SITEBACKUP_962012/administrator/language/es-ES es-ES.mod_custom.ini
2012.09.06 15:46 B C:\inetpub\wwwroot\administrator\language\es-ES\es-ES.mod_feed.ini <-- Schubert Rackspace /web/content/SITEBACKUP_962012/administrator/language/es-ES es-ES.mod_feed.ini
2012.09.06 15:46 B C:\inetpub\wwwroot\administrator\language\es-ES\es-ES.mod_footer.ini <-- Schubert Rackspace /web/content/SITEBACKUP_962012/administrator/language/es-ES es-ES.mod_footer.ini
2012.09.06 15:46 B C:\inetpub\wwwroot\administrator\language\es-ES\es-ES.mod_latest.ini <-- Schubert Rackspace /web/content/SITEBACKUP_962012/administrator/language/es-ES es-ES.mod_latest.ini
2012.09.06 15:46 B C:\inetpub\wwwroot\administrator\language\es-ES\es-ES.mod_logged.ini <-- Schubert Rackspace /web/content/SITEBACKUP_962012/administrator/language/es-ES es-ES.mod_logged.ini
2012.09.06 15:46 B C:\inetpub\wwwroot\administrator\language\es-ES\es-ES.mod_login.ini <-- Schubert Rackspace /web/content/SITEBACKUP_962012/administrator/language/es-ES es-ES.mod_login.ini
2012.09.06 15:46 B C:\inetpub\wwwroot\administrator\language\es-ES\es-ES.mod_menu.ini <-- Schubert Rackspace /web/content/SITEBACKUP_962012/administrator/language/es-ES es-ES.mod_menu.ini
2012.09.06 15:46 B C:\inetpub\wwwroot\administrator\language\es-ES\es-ES.mod_online.ini <-- Schubert Rackspace /web/content/SITEBACKUP_962012/administrator/language/es-ES es-ES.mod_online.ini
2012.09.06 15:46 B C:\inetpub\wwwroot\administrator\language\es-ES\es-ES.mod_popular.ini <-- Schubert Rackspace /web/content/SITEBACKUP_962012/administrator/language/es-ES es-ES.mod_popular.ini
2012.09.06 15:46 B C:\inetpub\wwwroot\administrator\language\es-ES\es-ES.mod_quickicon.ini <-- Schubert Rackspace /web/content/SITEBACKUP_962012/administrator/language/es-ES es-ES.mod_quickicon.ini
2012.09.06 15:46 B C:\inetpub\wwwroot\administrator\language\es-ES\es-ES.mod_stats.ini <-- Schubert Rackspace /web/content/SITEBACKUP_962012/administrator/language/es-ES es-ES.mod_stats.ini
2012.09.06 15:46 B C:\inetpub\wwwroot\administrator\language\es-ES\es-ES.mod_status.ini <-- Schubert Rackspace /web/content/SITEBACKUP_962012/administrator/language/es-ES es-ES.mod_status.ini
2012.09.06 15:46 B C:\inetpub\wwwroot\administrator\language\es-ES\es-ES.mod_submenu.ini <-- Schubert Rackspace /web/content/SITEBACKUP_962012/administrator/language/es-ES es-ES.mod_submenu.ini
2012.09.06 15:46 B C:\inetpub\wwwroot\administrator\language\es-ES\es-ES.mod_title.ini <-- Schubert Rackspace /web/content/SITEBACKUP_962012/administrator/language/es-ES es-ES.mod_title.ini
2012.09.06 15:46 B C:\inetpub\wwwroot\administrator\language\es-ES\es-ES.mod_toolbar.ini <-- Schubert Rackspace /web/content/SITEBACKUP_962012/administrator/language/es-ES es-ES.mod_toolbar.ini
2012.09.06 15:46 B C:\inetpub\wwwroot\administrator\language\es-ES\es-ES.mod_unread.ini <-- Schubert Rackspace /web/content/SITEBACKUP_962012/administrator/language/es-ES es-ES.mod_unread.ini
2012.09.06 15:46 B C:\inetpub\wwwroot\administrator\language\es-ES\es-ES.plg_authentication_example.ini <-- Schubert Rackspace /web/content/SITEBACKUP_962012/administrator/language/es-ES es-ES.plg_authentication_example.ini
2012.09.06 15:46 B C:\inetpub\wwwroot\administrator\language\es-ES\es-ES.plg_authentication_gmail.ini <-- Schubert Rackspace /web/content/SITEBACKUP_962012/administrator/language/es-ES es-ES.plg_authentication_gmail.ini
2012.09.06 15:46 B C:\inetpub\wwwroot\administrator\language\es-ES\es-ES.plg_authentication_joomla.ini <-- Schubert Rackspace /web/content/SITEBACKUP_962012/administrator/language/es-ES es-ES.plg_authentication_joomla.ini
2012.09.06 15:46 B C:\inetpub\wwwroot\administrator\language\es-ES\es-ES.plg_authentication_ldap.ini <-- Schubert Rackspace /web/content/SITEBACKUP_962012/administrator/language/es-ES es-ES.plg_authentication_ldap.ini
2012.09.06 15:46 B C:\inetpub\wwwroot\administrator\language\es-ES\es-ES.plg_authentication_openid.ini <-- Schubert Rackspace /web/content/SITEBACKUP_962012/administrator/language/es-ES es-ES.plg_authentication_openid.ini
2012.09.06 15:46 B C:\inetpub\wwwroot\administrator\language\es-ES\es-ES.plg_content_code.ini <-- Schubert Rackspace /web/content/SITEBACKUP_962012/administrator/language/es-ES es-ES.plg_content_code.ini
2012.09.06 15:46 B C:\inetpub\wwwroot\administrator\language\es-ES\es-ES.plg_content_emailcloak.ini <-- Schubert Rackspace /web/content/SITEBACKUP_962012/administrator/language/es-ES es-ES.plg_content_emailcloak.ini
2012.09.06 15:46 B C:\inetpub\wwwroot\administrator\language\es-ES\es-ES.plg_content_geshi.ini <-- Schubert Rackspace /web/content/SITEBACKUP_962012/administrator/language/es-ES es-ES.plg_content_geshi.ini
2012.09.06 15:46 B C:\inetpub\wwwroot\administrator\language\es-ES\es-ES.plg_content_image.ini <-- Schubert Rackspace /web/content/SITEBACKUP_962012/administrator/language/es-ES es-ES.plg_content_image.ini
2012.09.06 15:46 B C:\inetpub\wwwroot\administrator\language\es-ES\es-ES.plg_content_loadmodule.ini <-- Schubert Rackspace /web/content/SITEBACKUP_962012/administrator/language/es-ES es-ES.plg_content_loadmodule.ini
2012.09.06 15:46 B C:\inetpub\wwwroot\administrator\language\es-ES\es-ES.plg_content_pagebreak.ini <-- Schubert Rackspace /web/content/SITEBACKUP_962012/administrator/language/es-ES es-ES.plg_content_pagebreak.ini
2012.09.06 15:46 B C:\inetpub\wwwroot\administrator\language\es-ES\es-ES.plg_content_pagenavigation.ini <-- Schubert Rackspace /web/content/SITEBACKUP_962012/administrator/language/es-ES es-ES.plg_content_pagenavigation.ini
2012.09.06 15:46 B C:\inetpub\wwwroot\administrator\language\es-ES\es-ES.plg_content_vote.ini <-- Schubert Rackspace /web/content/SITEBACKUP_962012/administrator/language/es-ES es-ES.plg_content_vote.ini
2012.09.06 15:46 B C:\inetpub\wwwroot\administrator\language\es-ES\es-ES.plg_editors-xtd_image.ini <-- Schubert Rackspace /web/content/SITEBACKUP_962012/administrator/language/es-ES es-ES.plg_editors-xtd_image.ini
2012.09.06 15:46 B C:\inetpub\wwwroot\administrator\language\es-ES\es-ES.plg_editors-xtd_pagebreak.ini <-- Schubert Rackspace /web/content/SITEBACKUP_962012/administrator/language/es-ES es-ES.plg_editors-xtd_pagebreak.ini
2012.09.06 15:46 B C:\inetpub\wwwroot\administrator\language\es-ES\es-ES.plg_editors-xtd_readmore.ini <-- Schubert Rackspace /web/content/SITEBACKUP_962012/administrator/language/es-ES es-ES.plg_editors-xtd_readmore.ini
2012.09.06 15:46 B C:\inetpub\wwwroot\administrator\language\es-ES\es-ES.plg_editors-xtd_slider.ini <-- Schubert Rackspace /web/content/SITEBACKUP_962012/administrator/language/es-ES es-ES.plg_editors-xtd_slider.ini
2012.09.06 15:46 B C:\inetpub\wwwroot\administrator\language\es-ES\es-ES.plg_editors-xtd_slider.sys.ini <-- Schubert Rackspace /web/content/SITEBACKUP_962012/administrator/language/es-ES es-ES.plg_editors-xtd_slider.sys.ini
2012.09.06 15:46 B C:\inetpub\wwwroot\administrator\language\es-ES\es-ES.plg_editors_none.ini <-- Schubert Rackspace /web/content/SITEBACKUP_962012/administrator/language/es-ES es-ES.plg_editors_none.ini
2012.09.06 15:46 B C:\inetpub\wwwroot\administrator\language\es-ES\es-ES.plg_editors_tinymce.ini <-- Schubert Rackspace /web/content/SITEBACKUP_962012/administrator/language/es-ES es-ES.plg_editors_tinymce.ini
2012.09.06 15:46 B C:\inetpub\wwwroot\administrator\language\es-ES\es-ES.plg_editors_xstandard.ini <-- Schubert Rackspace /web/content/SITEBACKUP_962012/administrator/language/es-ES es-ES.plg_editors_xstandard.ini
2012.09.06 15:46 B C:\inetpub\wwwroot\administrator\language\es-ES\es-ES.plg_search_categories.ini <-- Schubert Rackspace /web/content/SITEBACKUP_962012/administrator/language/es-ES es-ES.plg_search_categories.ini
2012.09.06 15:46 B C:\inetpub\wwwroot\administrator\language\es-ES\es-ES.plg_search_contacts.ini <-- Schubert Rackspace /web/content/SITEBACKUP_962012/administrator/language/es-ES es-ES.plg_search_contacts.ini
2012.09.06 15:46 B C:\inetpub\wwwroot\administrator\language\es-ES\es-ES.plg_search_content.ini <-- Schubert Rackspace /web/content/SITEBACKUP_962012/administrator/language/es-ES es-ES.plg_search_content.ini
2012.09.06 15:46 B C:\inetpub\wwwroot\administrator\language\es-ES\es-ES.plg_search_newsfeeds.ini <-- Schubert Rackspace /web/content/SITEBACKUP_962012/administrator/language/es-ES es-ES.plg_search_newsfeeds.ini
2012.09.06 15:46 B C:\inetpub\wwwroot\administrator\language\es-ES\es-ES.plg_search_sections.ini <-- Schubert Rackspace /web/content/SITEBACKUP_962012/administrator/language/es-ES es-ES.plg_search_sections.ini
2012.09.06 15:46 B C:\inetpub\wwwroot\administrator\language\es-ES\es-ES.plg_search_weblinks.ini <-- Schubert Rackspace /web/content/SITEBACKUP_962012/administrator/language/es-ES es-ES.plg_search_weblinks.ini
2012.09.06 15:46 B C:\inetpub\wwwroot\administrator\language\es-ES\es-ES.plg_system_backlink.ini <-- Schubert Rackspace /web/content/SITEBACKUP_962012/administrator/language/es-ES es-ES.plg_system_backlink.ini
2012.09.06 15:46 B C:\inetpub\wwwroot\administrator\language\es-ES\es-ES.plg_system_cache.ini <-- Schubert Rackspace /web/content/SITEBACKUP_962012/administrator/language/es-ES es-ES.plg_system_cache.ini
2012.09.06 15:46 B C:\inetpub\wwwroot\administrator\language\es-ES\es-ES.plg_system_debug.ini <-- Schubert Rackspace /web/content/SITEBACKUP_962012/administrator/language/es-ES es-ES.plg_system_debug.ini
2012.09.06 15:46 B C:\inetpub\wwwroot\administrator\language\es-ES\es-ES.plg_system_legacy.ini <-- Schubert Rackspace /web/content/SITEBACKUP_962012/administrator/language/es-ES es-ES.plg_system_legacy.ini
2012.09.06 15:46 B C:\inetpub\wwwroot\administrator\language\es-ES\es-ES.plg_system_nnframework.ini <-- Schubert Rackspace /web/content/SITEBACKUP_962012/administrator/language/es-ES es-ES.plg_system_nnframework.ini
2012.09.06 15:46 B C:\inetpub\wwwroot\administrator\language\es-ES\es-ES.plg_system_nnframework.sys.ini <-- Schubert Rackspace /web/content/SITEBACKUP_962012/administrator/language/es-ES es-ES.plg_system_nnframework.sys.ini
2012.09.06 15:46 B C:\inetpub\wwwroot\administrator\language\es-ES\es-ES.plg_system_sef.ini <-- Schubert Rackspace /web/content/SITEBACKUP_962012/administrator/language/es-ES es-ES.plg_system_sef.ini
2012.09.06 15:46 B C:\inetpub\wwwroot\administrator\language\es-ES\es-ES.plg_system_slider.ini <-- Schubert Rackspace /web/content/SITEBACKUP_962012/administrator/language/es-ES es-ES.plg_system_slider.ini
2012.09.06 15:46 B C:\inetpub\wwwroot\administrator\language\es-ES\es-ES.plg_system_slider.sys.ini <-- Schubert Rackspace /web/content/SITEBACKUP_962012/administrator/language/es-ES es-ES.plg_system_slider.sys.ini
2012.09.06 15:46 B C:\inetpub\wwwroot\administrator\language\es-ES\es-ES.plg_user_joomla.ini <-- Schubert Rackspace /web/content/SITEBACKUP_962012/administrator/language/es-ES es-ES.plg_user_joomla.ini
2012.09.06 15:46 B C:\inetpub\wwwroot\administrator\language\es-ES\es-ES.plg_xmlrpc_blogger.ini <-- Schubert Rackspace /web/content/SITEBACKUP_962012/administrator/language/es-ES es-ES.plg_xmlrpc_blogger.ini
2012.09.06 15:46 B C:\inetpub\wwwroot\administrator\language\es-ES\es-ES.plg_xmlrpc_joomla.ini <-- Schubert Rackspace /web/content/SITEBACKUP_962012/administrator/language/es-ES es-ES.plg_xmlrpc_joomla.ini
2012.09.06 15:46 B C:\inetpub\wwwroot\administrator\language\es-ES\es-ES.tpl_beez.ini <-- Schubert Rackspace /web/content/SITEBACKUP_962012/administrator/language/es-ES es-ES.tpl_beez.ini
2012.09.06 15:46 B C:\inetpub\wwwroot\administrator\language\es-ES\es-ES.tpl_ja_purity.ini <-- Schubert Rackspace /web/content/SITEBACKUP_962012/administrator/language/es-ES es-ES.tpl_ja_purity.ini
2012.09.06 15:46 B C:\inetpub\wwwroot\administrator\language\es-ES\es-ES.tpl_khepri.ini <-- Schubert Rackspace /web/content/SITEBACKUP_962012/administrator/language/es-ES es-ES.tpl_khepri.ini
2012.09.06 15:46 B C:\inetpub\wwwroot\administrator\language\es-ES\es-ES.tpl_rhuk_milkyway.ini <-- Schubert Rackspace /web/content/SITEBACKUP_962012/administrator/language/es-ES es-ES.tpl_rhuk_milkyway.ini
2012.09.06 15:46 B C:\inetpub\wwwroot\administrator\language\es-ES\es-ES.xml <-- Schubert Rackspace /web/content/SITEBACKUP_962012/administrator/language/es-ES es-ES.xml
2012.09.06 15:46 B C:\inetpub\wwwroot\administrator\language\es-ES\index.html <-- Schubert Rackspace /web/content/SITEBACKUP_962012/administrator/language/es-ES index.html
2012.10.23 09:08 B C:\inetpub\wwwroot\administrator\language\es-ES\es-ES.com_admin.ini --> ftp3.ftptoyoursite.com /web/content/administrator/language/es-ES es-ES.com_admin.ini
2012.10.23 09:08 B C:\inetpub\wwwroot\administrator\language\es-ES\es-ES.com_banners.ini --> ftp3.ftptoyoursite.com /web/content/administrator/language/es-ES es-ES.com_banners.ini
2012.10.23 09:08 B C:\inetpub\wwwroot\administrator\language\es-ES\es-ES.com_banners.menu.ini --> ftp3.ftptoyoursite.com /web/content/administrator/language/es-ES es-ES.com_banners.menu.ini
2012.10.23 09:08 B C:\inetpub\wwwroot\administrator\language\es-ES\es-ES.com_cache.ini --> ftp3.ftptoyoursite.com /web/content/administrator/language/es-ES es-ES.com_cache.ini
2012.10.23 09:08 B C:\inetpub\wwwroot\administrator\language\es-ES\es-ES.com_categories.ini --> ftp3.ftptoyoursite.com /web/content/administrator/language/es-ES es-ES.com_categories.ini
2012.10.23 09:08 B C:\inetpub\wwwroot\administrator\language\es-ES\es-ES.com_checkin.ini --> ftp3.ftptoyoursite.com /web/content/administrator/language/es-ES es-ES.com_checkin.ini
2012.10.23 09:08 B C:\inetpub\wwwroot\administrator\language\es-ES\es-ES.com_config.ini --> ftp3.ftptoyoursite.com /web/content/administrator/language/es-ES es-ES.com_config.ini
2012.10.23 09:08 B C:\inetpub\wwwroot\administrator\language\es-ES\es-ES.com_contact.ini --> ftp3.ftptoyoursite.com /web/content/administrator/language/es-ES es-ES.com_contact.ini
2012.10.23 09:08 B C:\inetpub\wwwroot\administrator\language\es-ES\es-ES.com_contact.menu.ini --> ftp3.ftptoyoursite.com /web/content/administrator/language/es-ES es-ES.com_contact.menu.ini
2012.10.23 09:08 B C:\inetpub\wwwroot\administrator\language\es-ES\es-ES.com_content.ini --> ftp3.ftptoyoursite.com /web/content/administrator/language/es-ES es-ES.com_content.ini
2012.10.23 09:08 B C:\inetpub\wwwroot\administrator\language\es-ES\es-ES.com_cpanel.ini --> ftp3.ftptoyoursite.com /web/content/administrator/language/es-ES es-ES.com_cpanel.ini
2012.10.23 09:08 B C:\inetpub\wwwroot\administrator\language\es-ES\es-ES.com_frontpage.ini --> ftp3.ftptoyoursite.com /web/content/administrator/language/es-ES es-ES.com_frontpage.ini
2012.10.23 09:08 B C:\inetpub\wwwroot\administrator\language\es-ES\es-ES.com_installer.ini --> ftp3.ftptoyoursite.com /web/content/administrator/language/es-ES es-ES.com_installer.ini
2012.10.23 09:08 B C:\inetpub\wwwroot\administrator\language\es-ES\es-ES.com_languages.ini --> ftp3.ftptoyoursite.com /web/content/administrator/language/es-ES es-ES.com_languages.ini
2012.10.23 09:08 B C:\inetpub\wwwroot\administrator\language\es-ES\es-ES.com_login.ini --> ftp3.ftptoyoursite.com /web/content/administrator/language/es-ES es-ES.com_login.ini
2012.10.23 09:08 B C:\inetpub\wwwroot\administrator\language\es-ES\es-ES.com_massmail.ini --> ftp3.ftptoyoursite.com /web/content/administrator/language/es-ES es-ES.com_massmail.ini
2012.10.23 09:08 B C:\inetpub\wwwroot\administrator\language\es-ES\es-ES.com_media.ini --> ftp3.ftptoyoursite.com /web/content/administrator/language/es-ES es-ES.com_media.ini
2012.10.23 09:08 B C:\inetpub\wwwroot\administrator\language\es-ES\es-ES.com_menus.ini --> ftp3.ftptoyoursite.com /web/content/administrator/language/es-ES es-ES.com_menus.ini
2012.10.23 09:08 B C:\inetpub\wwwroot\administrator\language\es-ES\es-ES.com_menus.menu.ini --> ftp3.ftptoyoursite.com /web/content/administrator/language/es-ES es-ES.com_menus.menu.ini
2012.10.23 09:08 B C:\inetpub\wwwroot\administrator\language\es-ES\es-ES.com_messages.ini --> ftp3.ftptoyoursite.com /web/content/administrator/language/es-ES es-ES.com_messages.ini
2012.10.23 09:08 B C:\inetpub\wwwroot\administrator\language\es-ES\es-ES.com_modules.ini --> ftp3.ftptoyoursite.com /web/content/administrator/language/es-ES es-ES.com_modules.ini
2012.10.23 09:08 B C:\inetpub\wwwroot\administrator\language\es-ES\es-ES.com_newsfeeds.ini --> ftp3.ftptoyoursite.com /web/content/administrator/language/es-ES es-ES.com_newsfeeds.ini
2012.10.23 09:08 B C:\inetpub\wwwroot\administrator\language\es-ES\es-ES.com_newsfeeds.menu.ini --> ftp3.ftptoyoursite.com /web/content/administrator/language/es-ES es-ES.com_newsfeeds.menu.ini
2012.10.23 09:08 B C:\inetpub\wwwroot\administrator\language\es-ES\es-ES.com_plugins.ini --> ftp3.ftptoyoursite.com /web/content/administrator/language/es-ES es-ES.com_plugins.ini
2012.10.23 09:08 B C:\inetpub\wwwroot\administrator\language\es-ES\es-ES.com_poll.ini --> ftp3.ftptoyoursite.com /web/content/administrator/language/es-ES es-ES.com_poll.ini
2012.10.23 09:08 B C:\inetpub\wwwroot\administrator\language\es-ES\es-ES.com_poll.menu.ini --> ftp3.ftptoyoursite.com /web/content/administrator/language/es-ES es-ES.com_poll.menu.ini
2012.10.23 09:08 B C:\inetpub\wwwroot\administrator\language\es-ES\es-ES.com_search.ini --> ftp3.ftptoyoursite.com /web/content/administrator/language/es-ES es-ES.com_search.ini
2012.10.23 09:08 B C:\inetpub\wwwroot\administrator\language\es-ES\es-ES.com_search.menu.ini --> ftp3.ftptoyoursite.com /web/content/administrator/language/es-ES es-ES.com_search.menu.ini
2012.10.23 09:08 B C:\inetpub\wwwroot\administrator\language\es-ES\es-ES.com_sections.ini --> ftp3.ftptoyoursite.com /web/content/administrator/language/es-ES es-ES.com_sections.ini
2012.10.23 09:08 B C:\inetpub\wwwroot\administrator\language\es-ES\es-ES.com_templates.ini --> ftp3.ftptoyoursite.com /web/content/administrator/language/es-ES es-ES.com_templates.ini
2012.10.23 09:08 B C:\inetpub\wwwroot\administrator\language\es-ES\es-ES.com_trash.ini --> ftp3.ftptoyoursite.com /web/content/administrator/language/es-ES es-ES.com_trash.ini
2012.10.23 09:08 B C:\inetpub\wwwroot\administrator\language\es-ES\es-ES.com_user.ini --> ftp3.ftptoyoursite.com /web/content/administrator/language/es-ES es-ES.com_user.ini
2012.10.23 09:08 B C:\inetpub\wwwroot\administrator\language\es-ES\es-ES.com_users.ini --> ftp3.ftptoyoursite.com /web/content/administrator/language/es-ES es-ES.com_users.ini
2012.10.23 09:08 B C:\inetpub\wwwroot\administrator\language\es-ES\es-ES.com_weblinks.ini --> ftp3.ftptoyoursite.com /web/content/administrator/language/es-ES es-ES.com_weblinks.ini
2012.10.23 09:08 B C:\inetpub\wwwroot\administrator\language\es-ES\es-ES.com_weblinks.menu.ini --> ftp3.ftptoyoursite.com /web/content/administrator/language/es-ES es-ES.com_weblinks.menu.ini
2012.10.23 09:08 B C:\inetpub\wwwroot\administrator\language\es-ES\es-ES.com_wrapper.ini --> ftp3.ftptoyoursite.com /web/content/administrator/language/es-ES es-ES.com_wrapper.ini
2012.10.23 09:08 B C:\inetpub\wwwroot\administrator\language\es-ES\es-ES.ini --> ftp3.ftptoyoursite.com /web/content/administrator/language/es-ES es-ES.ini
2012.10.23 09:08 B C:\inetpub\wwwroot\administrator\language\es-ES\es-ES.mod_components.ini --> ftp3.ftptoyoursite.com /web/content/administrator/language/es-ES es-ES.mod_components.ini
2012.10.23 09:08 B C:\inetpub\wwwroot\administrator\language\es-ES\es-ES.mod_custom.ini --> ftp3.ftptoyoursite.com /web/content/administrator/language/es-ES es-ES.mod_custom.ini
2012.10.23 09:08 B C:\inetpub\wwwroot\administrator\language\es-ES\es-ES.mod_feed.ini --> ftp3.ftptoyoursite.com /web/content/administrator/language/es-ES es-ES.mod_feed.ini
2012.10.23 09:08 B C:\inetpub\wwwroot\administrator\language\es-ES\es-ES.mod_footer.ini --> ftp3.ftptoyoursite.com /web/content/administrator/language/es-ES es-ES.mod_footer.ini
2012.10.23 09:08 B C:\inetpub\wwwroot\administrator\language\es-ES\es-ES.mod_latest.ini --> ftp3.ftptoyoursite.com /web/content/administrator/language/es-ES es-ES.mod_latest.ini
2012.10.23 09:08 B C:\inetpub\wwwroot\administrator\language\es-ES\es-ES.mod_logged.ini --> ftp3.ftptoyoursite.com /web/content/administrator/language/es-ES es-ES.mod_logged.ini
2012.10.23 09:08 B C:\inetpub\wwwroot\administrator\language\es-ES\es-ES.mod_login.ini --> ftp3.ftptoyoursite.com /web/content/administrator/language/es-ES es-ES.mod_login.ini
2012.10.23 09:08 B C:\inetpub\wwwroot\administrator\language\es-ES\es-ES.mod_menu.ini --> ftp3.ftptoyoursite.com /web/content/administrator/language/es-ES es-ES.mod_menu.ini
2012.10.23 09:08 B C:\inetpub\wwwroot\administrator\language\es-ES\es-ES.mod_online.ini --> ftp3.ftptoyoursite.com /web/content/administrator/language/es-ES es-ES.mod_online.ini
2012.10.23 09:08 B C:\inetpub\wwwroot\administrator\language\es-ES\es-ES.mod_popular.ini --> ftp3.ftptoyoursite.com /web/content/administrator/language/es-ES es-ES.mod_popular.ini
2012.10.23 09:08 B C:\inetpub\wwwroot\administrator\language\es-ES\es-ES.mod_quickicon.ini --> ftp3.ftptoyoursite.com /web/content/administrator/language/es-ES es-ES.mod_quickicon.ini
2012.10.23 09:08 B C:\inetpub\wwwroot\administrator\language\es-ES\es-ES.mod_stats.ini --> ftp3.ftptoyoursite.com /web/content/administrator/language/es-ES es-ES.mod_stats.ini
2012.10.23 09:08 B C:\inetpub\wwwroot\administrator\language\es-ES\es-ES.mod_status.ini --> ftp3.ftptoyoursite.com /web/content/administrator/language/es-ES es-ES.mod_status.ini
2012.10.23 09:08 B C:\inetpub\wwwroot\administrator\language\es-ES\es-ES.mod_submenu.ini --> ftp3.ftptoyoursite.com /web/content/administrator/language/es-ES es-ES.mod_submenu.ini
2012.10.23 09:08 B C:\inetpub\wwwroot\administrator\language\es-ES\es-ES.mod_title.ini --> ftp3.ftptoyoursite.com /web/content/administrator/language/es-ES es-ES.mod_title.ini
2012.10.23 09:08 B C:\inetpub\wwwroot\administrator\language\es-ES\es-ES.mod_toolbar.ini --> ftp3.ftptoyoursite.com /web/content/administrator/language/es-ES es-ES.mod_toolbar.ini
2012.10.23 09:08 B C:\inetpub\wwwroot\administrator\language\es-ES\es-ES.mod_unread.ini --> ftp3.ftptoyoursite.com /web/content/administrator/language/es-ES es-ES.mod_unread.ini
2012.10.23 09:08 B C:\inetpub\wwwroot\administrator\language\es-ES\es-ES.plg_authentication_example.ini --> ftp3.ftptoyoursite.com /web/content/administrator/language/es-ES es-ES.plg_authentication_example.ini
2012.10.23 09:08 B C:\inetpub\wwwroot\administrator\language\es-ES\es-ES.plg_authentication_gmail.ini --> ftp3.ftptoyoursite.com /web/content/administrator/language/es-ES es-ES.plg_authentication_gmail.ini
2012.10.23 09:08 B C:\inetpub\wwwroot\administrator\language\es-ES\es-ES.plg_authentication_joomla.ini --> ftp3.ftptoyoursite.com /web/content/administrator/language/es-ES es-ES.plg_authentication_joomla.ini
2012.10.23 09:08 B C:\inetpub\wwwroot\administrator\language\es-ES\es-ES.plg_authentication_ldap.ini --> ftp3.ftptoyoursite.com /web/content/administrator/language/es-ES es-ES.plg_authentication_ldap.ini
2012.10.23 09:08 B C:\inetpub\wwwroot\administrator\language\es-ES\es-ES.plg_authentication_openid.ini --> ftp3.ftptoyoursite.com /web/content/administrator/language/es-ES es-ES.plg_authentication_openid.ini
2012.10.23 09:08 B C:\inetpub\wwwroot\administrator\language\es-ES\es-ES.plg_content_code.ini --> ftp3.ftptoyoursite.com /web/content/administrator/language/es-ES es-ES.plg_content_code.ini
2012.10.23 09:08 B C:\inetpub\wwwroot\administrator\language\es-ES\es-ES.plg_content_emailcloak.ini --> ftp3.ftptoyoursite.com /web/content/administrator/language/es-ES es-ES.plg_content_emailcloak.ini
2012.10.23 09:08 B C:\inetpub\wwwroot\administrator\language\es-ES\es-ES.plg_content_geshi.ini --> ftp3.ftptoyoursite.com /web/content/administrator/language/es-ES es-ES.plg_content_geshi.ini
2012.10.23 09:08 B C:\inetpub\wwwroot\administrator\language\es-ES\es-ES.plg_content_image.ini --> ftp3.ftptoyoursite.com /web/content/administrator/language/es-ES es-ES.plg_content_image.ini
2012.10.23 09:08 B C:\inetpub\wwwroot\administrator\language\es-ES\es-ES.plg_content_loadmodule.ini --> ftp3.ftptoyoursite.com /web/content/administrator/language/es-ES es-ES.plg_content_loadmodule.ini
2012.10.23 09:08 B C:\inetpub\wwwroot\administrator\language\es-ES\es-ES.plg_content_pagebreak.ini --> ftp3.ftptoyoursite.com /web/content/administrator/language/es-ES es-ES.plg_content_pagebreak.ini
2012.10.23 09:08 B C:\inetpub\wwwroot\administrator\language\es-ES\es-ES.plg_content_pagenavigation.ini --> ftp3.ftptoyoursite.com /web/content/administrator/language/es-ES es-ES.plg_content_pagenavigation.ini
2012.10.23 09:08 B C:\inetpub\wwwroot\administrator\language\es-ES\es-ES.plg_content_vote.ini --> ftp3.ftptoyoursite.com /web/content/administrator/language/es-ES es-ES.plg_content_vote.ini
2012.10.23 09:08 B C:\inetpub\wwwroot\administrator\language\es-ES\es-ES.plg_editors-xtd_image.ini --> ftp3.ftptoyoursite.com /web/content/administrator/language/es-ES es-ES.plg_editors-xtd_image.ini
2012.10.23 09:08 B C:\inetpub\wwwroot\administrator\language\es-ES\es-ES.plg_editors-xtd_pagebreak.ini --> ftp3.ftptoyoursite.com /web/content/administrator/language/es-ES es-ES.plg_editors-xtd_pagebreak.ini
2012.10.23 09:08 B C:\inetpub\wwwroot\administrator\language\es-ES\es-ES.plg_editors-xtd_readmore.ini --> ftp3.ftptoyoursite.com /web/content/administrator/language/es-ES es-ES.plg_editors-xtd_readmore.ini
2012.10.23 09:08 B C:\inetpub\wwwroot\administrator\language\es-ES\es-ES.plg_editors-xtd_slider.ini --> ftp3.ftptoyoursite.com /web/content/administrator/language/es-ES es-ES.plg_editors-xtd_slider.ini
2012.10.23 09:08 B C:\inetpub\wwwroot\administrator\language\es-ES\es-ES.plg_editors-xtd_slider.sys.ini --> ftp3.ftptoyoursite.com /web/content/administrator/language/es-ES es-ES.plg_editors-xtd_slider.sys.ini
2012.10.23 09:08 B C:\inetpub\wwwroot\administrator\language\es-ES\es-ES.plg_editors_none.ini --> ftp3.ftptoyoursite.com /web/content/administrator/language/es-ES es-ES.plg_editors_none.ini
2012.10.23 09:08 B C:\inetpub\wwwroot\administrator\language\es-ES\es-ES.plg_editors_tinymce.ini --> ftp3.ftptoyoursite.com /web/content/administrator/language/es-ES es-ES.plg_editors_tinymce.ini
2012.10.23 09:08 B C:\inetpub\wwwroot\administrator\language\es-ES\es-ES.plg_editors_xstandard.ini --> ftp3.ftptoyoursite.com /web/content/administrator/language/es-ES es-ES.plg_editors_xstandard.ini
2012.10.23 09:08 B C:\inetpub\wwwroot\administrator\language\es-ES\es-ES.plg_search_categories.ini --> ftp3.ftptoyoursite.com /web/content/administrator/language/es-ES es-ES.plg_search_categories.ini
2012.10.23 09:08 B C:\inetpub\wwwroot\administrator\language\es-ES\es-ES.plg_search_contacts.ini --> ftp3.ftptoyoursite.com /web/content/administrator/language/es-ES es-ES.plg_search_contacts.ini
2012.10.23 09:08 B C:\inetpub\wwwroot\administrator\language\es-ES\es-ES.plg_search_content.ini --> ftp3.ftptoyoursite.com /web/content/administrator/language/es-ES es-ES.plg_search_content.ini
2012.10.23 09:08 B C:\inetpub\wwwroot\administrator\language\es-ES\es-ES.plg_search_newsfeeds.ini --> ftp3.ftptoyoursite.com /web/content/administrator/language/es-ES es-ES.plg_search_newsfeeds.ini
2012.10.23 09:08 B C:\inetpub\wwwroot\administrator\language\es-ES\es-ES.plg_search_sections.ini --> ftp3.ftptoyoursite.com /web/content/administrator/language/es-ES es-ES.plg_search_sections.ini
2012.10.23 09:08 B C:\inetpub\wwwroot\administrator\language\es-ES\es-ES.plg_search_weblinks.ini --> ftp3.ftptoyoursite.com /web/content/administrator/language/es-ES es-ES.plg_search_weblinks.ini
2012.10.23 09:08 B C:\inetpub\wwwroot\administrator\language\es-ES\es-ES.plg_system_backlink.ini --> ftp3.ftptoyoursite.com /web/content/administrator/language/es-ES es-ES.plg_system_backlink.ini
2012.10.23 09:08 B C:\inetpub\wwwroot\administrator\language\es-ES\es-ES.plg_system_cache.ini --> ftp3.ftptoyoursite.com /web/content/administrator/language/es-ES es-ES.plg_system_cache.ini
2012.10.23 09:08 B C:\inetpub\wwwroot\administrator\language\es-ES\es-ES.plg_system_debug.ini --> ftp3.ftptoyoursite.com /web/content/administrator/language/es-ES es-ES.plg_system_debug.ini
2012.10.23 09:08 B C:\inetpub\wwwroot\administrator\language\es-ES\es-ES.plg_system_legacy.ini --> ftp3.ftptoyoursite.com /web/content/administrator/language/es-ES es-ES.plg_system_legacy.ini
2012.10.23 09:08 B C:\inetpub\wwwroot\administrator\language\es-ES\es-ES.plg_system_nnframework.ini --> ftp3.ftptoyoursite.com /web/content/administrator/language/es-ES es-ES.plg_system_nnframework.ini
2012.10.23 09:08 B C:\inetpub\wwwroot\administrator\language\es-ES\es-ES.plg_system_nnframework.sys.ini --> ftp3.ftptoyoursite.com /web/content/administrator/language/es-ES es-ES.plg_system_nnframework.sys.ini
2012.10.23 09:08 B C:\inetpub\wwwroot\administrator\language\es-ES\es-ES.plg_system_sef.ini --> ftp3.ftptoyoursite.com /web/content/administrator/language/es-ES es-ES.plg_system_sef.ini
2012.10.23 09:08 B C:\inetpub\wwwroot\administrator\language\es-ES\es-ES.plg_system_slider.ini --> ftp3.ftptoyoursite.com /web/content/administrator/language/es-ES es-ES.plg_system_slider.ini
2012.10.23 09:08 B C:\inetpub\wwwroot\administrator\language\es-ES\es-ES.plg_system_slider.sys.ini --> ftp3.ftptoyoursite.com /web/content/administrator/language/es-ES es-ES.plg_system_slider.sys.ini
2012.10.23 09:08 B C:\inetpub\wwwroot\administrator\language\es-ES\es-ES.plg_user_joomla.ini --> ftp3.ftptoyoursite.com /web/content/administrator/language/es-ES es-ES.plg_user_joomla.ini
2012.10.23 09:08 B C:\inetpub\wwwroot\administrator\language\es-ES\es-ES.plg_xmlrpc_blogger.ini --> ftp3.ftptoyoursite.com /web/content/administrator/language/es-ES es-ES.plg_xmlrpc_blogger.ini
2012.10.23 09:08 B C:\inetpub\wwwroot\administrator\language\es-ES\es-ES.plg_xmlrpc_joomla.ini --> ftp3.ftptoyoursite.com /web/content/administrator/language/es-ES es-ES.plg_xmlrpc_joomla.ini
2012.10.23 09:08 B C:\inetpub\wwwroot\administrator\language\es-ES\es-ES.tpl_beez.ini --> ftp3.ftptoyoursite.com /web/content/administrator/language/es-ES es-ES.tpl_beez.ini
2012.10.23 09:08 B C:\inetpub\wwwroot\administrator\language\es-ES\es-ES.tpl_ja_purity.ini --> ftp3.ftptoyoursite.com /web/content/administrator/language/es-ES es-ES.tpl_ja_purity.ini
2012.10.23 09:08 B C:\inetpub\wwwroot\administrator\language\es-ES\es-ES.tpl_khepri.ini --> ftp3.ftptoyoursite.com /web/content/administrator/language/es-ES es-ES.tpl_khepri.ini
2012.10.23 09:08 B C:\inetpub\wwwroot\administrator\language\es-ES\es-ES.tpl_rhuk_milkyway.ini --> ftp3.ftptoyoursite.com /web/content/administrator/language/es-ES es-ES.tpl_rhuk_milkyway.ini
2012.10.23 09:08 B C:\inetpub\wwwroot\administrator\language\es-ES\es-ES.xml --> ftp3.ftptoyoursite.com /web/content/administrator/language/es-ES es-ES.xml
2012.10.23 09:08 B C:\inetpub\wwwroot\administrator\language\es-ES\index.html --> ftp3.ftptoyoursite.com /web/content/administrator/language/es-ES index.html
2012.10.23 09:08 B C:\inetpub\wwwroot\administrator\language\es-ES\WS_FTP.LOG --> ftp3.ftptoyoursite.com /web/content/administrator/language/es-ES WS_FTP.LOG
2013.02.01 14:44 B C:\inetpub\wwwroot\administrator\language\es-ES\WS_FTP.LOG <-- Schubert Rackspace /web/content/administrator/language/es-ES WS_FTP.LOG
