2012.07.25 12:11 B C:\Users\COBRIEN\Desktop\Schubert\administrator\components\com_media\config.xml <-- Schubert Rackspace /web/content/administrator/components/com_media config.xml
2012.07.25 12:11 B C:\Users\COBRIEN\Desktop\Schubert\administrator\components\com_media\controller.php <-- Schubert Rackspace /web/content/administrator/components/com_media controller.php
2012.07.25 12:11 B C:\Users\COBRIEN\Desktop\Schubert\administrator\components\com_media\index.html <-- Schubert Rackspace /web/content/administrator/components/com_media index.html
2012.07.25 12:11 B C:\Users\COBRIEN\Desktop\Schubert\administrator\components\com_media\media.php <-- Schubert Rackspace /web/content/administrator/components/com_media media.php
2012.07.25 12:11 B C:\Users\COBRIEN\Desktop\Schubert\administrator\components\com_media\media.xml <-- Schubert Rackspace /web/content/administrator/components/com_media media.xml
2012.09.04 10:45 B C:\inetpub\wwwroot\administrator\components\com_media\config.xml --> ftp3.ftptoyoursite.com /web/content/SITE-TEST/administrator/components/com_media config.xml
2012.09.04 10:45 B C:\inetpub\wwwroot\administrator\components\com_media\controller.php --> ftp3.ftptoyoursite.com /web/content/SITE-TEST/administrator/components/com_media controller.php
2012.09.04 10:45 B C:\inetpub\wwwroot\administrator\components\com_media\index.html --> ftp3.ftptoyoursite.com /web/content/SITE-TEST/administrator/components/com_media index.html
2012.09.04 10:45 B C:\inetpub\wwwroot\administrator\components\com_media\media.php --> ftp3.ftptoyoursite.com /web/content/SITE-TEST/administrator/components/com_media media.php
2012.09.04 10:45 B C:\inetpub\wwwroot\administrator\components\com_media\media.xml --> ftp3.ftptoyoursite.com /web/content/SITE-TEST/administrator/components/com_media media.xml
2012.09.04 10:45 B C:\inetpub\wwwroot\administrator\components\com_media\WS_FTP.LOG --> ftp3.ftptoyoursite.com /web/content/SITE-TEST/administrator/components/com_media WS_FTP.LOG
2012.09.06 15:00 B C:\inetpub\wwwroot\administrator\components\com_media\config.xml --> ftp3.ftptoyoursite.com /web/content/SITEBACKUP_962012/administrator/components/com_media config.xml
2012.09.06 15:00 B C:\inetpub\wwwroot\administrator\components\com_media\controller.php --> ftp3.ftptoyoursite.com /web/content/SITEBACKUP_962012/administrator/components/com_media controller.php
2012.09.06 15:00 B C:\inetpub\wwwroot\administrator\components\com_media\index.html --> ftp3.ftptoyoursite.com /web/content/SITEBACKUP_962012/administrator/components/com_media index.html
2012.09.06 15:00 B C:\inetpub\wwwroot\administrator\components\com_media\media.php --> ftp3.ftptoyoursite.com /web/content/SITEBACKUP_962012/administrator/components/com_media media.php
2012.09.06 15:00 B C:\inetpub\wwwroot\administrator\components\com_media\media.xml --> ftp3.ftptoyoursite.com /web/content/SITEBACKUP_962012/administrator/components/com_media media.xml
2012.09.06 15:00 B C:\inetpub\wwwroot\administrator\components\com_media\WS_FTP.LOG --> ftp3.ftptoyoursite.com /web/content/SITEBACKUP_962012/administrator/components/com_media WS_FTP.LOG
2012.09.06 15:21 B C:\inetpub\wwwroot\administrator\components\com_media\access.xml <-- Schubert Rackspace /web/content/administrator/components/com_media access.xml
2012.09.06 15:21 B C:\inetpub\wwwroot\administrator\components\com_media\config.xml <-- Schubert Rackspace /web/content/administrator/components/com_media config.xml
2012.09.06 15:21 B C:\inetpub\wwwroot\administrator\components\com_media\controller.php <-- Schubert Rackspace /web/content/administrator/components/com_media controller.php
2012.09.06 15:21 B C:\inetpub\wwwroot\administrator\components\com_media\index.html <-- Schubert Rackspace /web/content/administrator/components/com_media index.html
2012.09.06 15:21 B C:\inetpub\wwwroot\administrator\components\com_media\media.php <-- Schubert Rackspace /web/content/administrator/components/com_media media.php
2012.09.06 15:21 B C:\inetpub\wwwroot\administrator\components\com_media\media.xml <-- Schubert Rackspace /web/content/administrator/components/com_media media.xml
2012.09.06 15:44 B C:\inetpub\wwwroot\administrator\components\com_media\config.xml <-- Schubert Rackspace /web/content/SITEBACKUP_962012/administrator/components/com_media config.xml
2012.09.06 15:44 B C:\inetpub\wwwroot\administrator\components\com_media\controller.php <-- Schubert Rackspace /web/content/SITEBACKUP_962012/administrator/components/com_media controller.php
2012.09.06 15:44 B C:\inetpub\wwwroot\administrator\components\com_media\index.html <-- Schubert Rackspace /web/content/SITEBACKUP_962012/administrator/components/com_media index.html
2012.09.06 15:44 B C:\inetpub\wwwroot\administrator\components\com_media\media.php <-- Schubert Rackspace /web/content/SITEBACKUP_962012/administrator/components/com_media media.php
2012.09.06 15:44 B C:\inetpub\wwwroot\administrator\components\com_media\media.xml <-- Schubert Rackspace /web/content/SITEBACKUP_962012/administrator/components/com_media media.xml
2012.10.23 09:05 B C:\inetpub\wwwroot\administrator\components\com_media\access.xml --> ftp3.ftptoyoursite.com /web/content/administrator/components/com_media access.xml
2012.10.23 09:05 B C:\inetpub\wwwroot\administrator\components\com_media\config.xml --> ftp3.ftptoyoursite.com /web/content/administrator/components/com_media config.xml
2012.10.23 09:05 B C:\inetpub\wwwroot\administrator\components\com_media\controller.php --> ftp3.ftptoyoursite.com /web/content/administrator/components/com_media controller.php
2012.10.23 09:05 B C:\inetpub\wwwroot\administrator\components\com_media\index.html --> ftp3.ftptoyoursite.com /web/content/administrator/components/com_media index.html
2012.10.23 09:05 B C:\inetpub\wwwroot\administrator\components\com_media\media.php --> ftp3.ftptoyoursite.com /web/content/administrator/components/com_media media.php
2012.10.23 09:05 B C:\inetpub\wwwroot\administrator\components\com_media\media.xml --> ftp3.ftptoyoursite.com /web/content/administrator/components/com_media media.xml
2012.10.23 09:05 B C:\inetpub\wwwroot\administrator\components\com_media\WS_FTP.LOG --> ftp3.ftptoyoursite.com /web/content/administrator/components/com_media WS_FTP.LOG
2013.02.01 14:42 B C:\inetpub\wwwroot\administrator\components\com_media\WS_FTP.LOG <-- Schubert Rackspace /web/content/administrator/components/com_media WS_FTP.LOG
