2012.07.25 12:15 B C:\Users\COBRIEN\Desktop\Schubert\components\com_jce\editor\tiny_mce\themes\advanced\skins\o2k7\content.css <-- Schubert Rackspace /web/content/components/com_jce/editor/tiny_mce/themes/advanced/skins/o2k7 content.css
2012.07.25 12:15 B C:\Users\COBRIEN\Desktop\Schubert\components\com_jce\editor\tiny_mce\themes\advanced\skins\o2k7\index.html <-- Schubert Rackspace /web/content/components/com_jce/editor/tiny_mce/themes/advanced/skins/o2k7 index.html
2012.07.25 12:15 B C:\Users\COBRIEN\Desktop\Schubert\components\com_jce\editor\tiny_mce\themes\advanced\skins\o2k7\ui.css <-- Schubert Rackspace /web/content/components/com_jce/editor/tiny_mce/themes/advanced/skins/o2k7 ui.css
2012.07.25 12:15 B C:\Users\COBRIEN\Desktop\Schubert\components\com_jce\editor\tiny_mce\themes\advanced\skins\o2k7\ui_black.css <-- Schubert Rackspace /web/content/components/com_jce/editor/tiny_mce/themes/advanced/skins/o2k7 ui_black.css
2012.07.25 12:15 B C:\Users\COBRIEN\Desktop\Schubert\components\com_jce\editor\tiny_mce\themes\advanced\skins\o2k7\ui_silver.css <-- Schubert Rackspace /web/content/components/com_jce/editor/tiny_mce/themes/advanced/skins/o2k7 ui_silver.css
2012.09.04 10:51 B C:\inetpub\wwwroot\components\com_jce\editor\tiny_mce\themes\advanced\skins\o2k7\content.css --> ftp3.ftptoyoursite.com /web/content/SITE-TEST/components/com_jce/editor/tiny_mce/themes/advanced/skins/o2k7 content.css
2012.09.04 10:51 B C:\inetpub\wwwroot\components\com_jce\editor\tiny_mce\themes\advanced\skins\o2k7\index.html --> ftp3.ftptoyoursite.com /web/content/SITE-TEST/components/com_jce/editor/tiny_mce/themes/advanced/skins/o2k7 index.html
2012.09.04 10:51 B C:\inetpub\wwwroot\components\com_jce\editor\tiny_mce\themes\advanced\skins\o2k7\ui.css --> ftp3.ftptoyoursite.com /web/content/SITE-TEST/components/com_jce/editor/tiny_mce/themes/advanced/skins/o2k7 ui.css
2012.09.04 10:51 B C:\inetpub\wwwroot\components\com_jce\editor\tiny_mce\themes\advanced\skins\o2k7\ui_black.css --> ftp3.ftptoyoursite.com /web/content/SITE-TEST/components/com_jce/editor/tiny_mce/themes/advanced/skins/o2k7 ui_black.css
2012.09.04 10:51 B C:\inetpub\wwwroot\components\com_jce\editor\tiny_mce\themes\advanced\skins\o2k7\ui_silver.css --> ftp3.ftptoyoursite.com /web/content/SITE-TEST/components/com_jce/editor/tiny_mce/themes/advanced/skins/o2k7 ui_silver.css
2012.09.04 10:51 B C:\inetpub\wwwroot\components\com_jce\editor\tiny_mce\themes\advanced\skins\o2k7\WS_FTP.LOG --> ftp3.ftptoyoursite.com /web/content/SITE-TEST/components/com_jce/editor/tiny_mce/themes/advanced/skins/o2k7 WS_FTP.LOG
2012.09.06 15:08 B C:\inetpub\wwwroot\components\com_jce\editor\tiny_mce\themes\advanced\skins\o2k7\content.css --> ftp3.ftptoyoursite.com /web/content/SITEBACKUP_962012/components/com_jce/editor/tiny_mce/themes/advanced/skins/o2k7 content.css
2012.09.06 15:08 B C:\inetpub\wwwroot\components\com_jce\editor\tiny_mce\themes\advanced\skins\o2k7\index.html --> ftp3.ftptoyoursite.com /web/content/SITEBACKUP_962012/components/com_jce/editor/tiny_mce/themes/advanced/skins/o2k7 index.html
2012.09.06 15:08 B C:\inetpub\wwwroot\components\com_jce\editor\tiny_mce\themes\advanced\skins\o2k7\ui.css --> ftp3.ftptoyoursite.com /web/content/SITEBACKUP_962012/components/com_jce/editor/tiny_mce/themes/advanced/skins/o2k7 ui.css
2012.09.06 15:08 B C:\inetpub\wwwroot\components\com_jce\editor\tiny_mce\themes\advanced\skins\o2k7\ui_black.css --> ftp3.ftptoyoursite.com /web/content/SITEBACKUP_962012/components/com_jce/editor/tiny_mce/themes/advanced/skins/o2k7 ui_black.css
2012.09.06 15:08 B C:\inetpub\wwwroot\components\com_jce\editor\tiny_mce\themes\advanced\skins\o2k7\ui_silver.css --> ftp3.ftptoyoursite.com /web/content/SITEBACKUP_962012/components/com_jce/editor/tiny_mce/themes/advanced/skins/o2k7 ui_silver.css
2012.09.06 15:08 B C:\inetpub\wwwroot\components\com_jce\editor\tiny_mce\themes\advanced\skins\o2k7\WS_FTP.LOG --> ftp3.ftptoyoursite.com /web/content/SITEBACKUP_962012/components/com_jce/editor/tiny_mce/themes/advanced/skins/o2k7 WS_FTP.LOG
2012.09.06 15:49 B C:\inetpub\wwwroot\components\com_jce\editor\tiny_mce\themes\advanced\skins\o2k7\content.css <-- Schubert Rackspace /web/content/SITEBACKUP_962012/components/com_jce/editor/tiny_mce/themes/advanced/skins/o2k7 content.css
2012.09.06 15:49 B C:\inetpub\wwwroot\components\com_jce\editor\tiny_mce\themes\advanced\skins\o2k7\index.html <-- Schubert Rackspace /web/content/SITEBACKUP_962012/components/com_jce/editor/tiny_mce/themes/advanced/skins/o2k7 index.html
2012.09.06 15:49 B C:\inetpub\wwwroot\components\com_jce\editor\tiny_mce\themes\advanced\skins\o2k7\ui.css <-- Schubert Rackspace /web/content/SITEBACKUP_962012/components/com_jce/editor/tiny_mce/themes/advanced/skins/o2k7 ui.css
2012.09.06 15:49 B C:\inetpub\wwwroot\components\com_jce\editor\tiny_mce\themes\advanced\skins\o2k7\ui_black.css <-- Schubert Rackspace /web/content/SITEBACKUP_962012/components/com_jce/editor/tiny_mce/themes/advanced/skins/o2k7 ui_black.css
2012.09.06 15:49 B C:\inetpub\wwwroot\components\com_jce\editor\tiny_mce\themes\advanced\skins\o2k7\ui_silver.css <-- Schubert Rackspace /web/content/SITEBACKUP_962012/components/com_jce/editor/tiny_mce/themes/advanced/skins/o2k7 ui_silver.css
2012.10.23 09:12 B C:\inetpub\wwwroot\components\com_jce\editor\tiny_mce\themes\advanced\skins\o2k7\content.css --> ftp3.ftptoyoursite.com /web/content/components/com_jce/editor/tiny_mce/themes/advanced/skins/o2k7 content.css
2012.10.23 09:12 B C:\inetpub\wwwroot\components\com_jce\editor\tiny_mce\themes\advanced\skins\o2k7\index.html --> ftp3.ftptoyoursite.com /web/content/components/com_jce/editor/tiny_mce/themes/advanced/skins/o2k7 index.html
2012.10.23 09:12 B C:\inetpub\wwwroot\components\com_jce\editor\tiny_mce\themes\advanced\skins\o2k7\ui.css --> ftp3.ftptoyoursite.com /web/content/components/com_jce/editor/tiny_mce/themes/advanced/skins/o2k7 ui.css
2012.10.23 09:12 B C:\inetpub\wwwroot\components\com_jce\editor\tiny_mce\themes\advanced\skins\o2k7\ui_black.css --> ftp3.ftptoyoursite.com /web/content/components/com_jce/editor/tiny_mce/themes/advanced/skins/o2k7 ui_black.css
2012.10.23 09:12 B C:\inetpub\wwwroot\components\com_jce\editor\tiny_mce\themes\advanced\skins\o2k7\ui_silver.css --> ftp3.ftptoyoursite.com /web/content/components/com_jce/editor/tiny_mce/themes/advanced/skins/o2k7 ui_silver.css
2012.10.23 09:12 B C:\inetpub\wwwroot\components\com_jce\editor\tiny_mce\themes\advanced\skins\o2k7\WS_FTP.LOG --> ftp3.ftptoyoursite.com /web/content/components/com_jce/editor/tiny_mce/themes/advanced/skins/o2k7 WS_FTP.LOG
2013.02.01 14:49 B C:\inetpub\wwwroot\components\com_jce\editor\tiny_mce\themes\advanced\skins\o2k7\WS_FTP.LOG <-- Schubert Rackspace /web/content/components/com_jce/editor/tiny_mce/themes/advanced/skins/o2k7 WS_FTP.LOG
