2012.07.25 12:17 B C:\Users\COBRIEN\Desktop\Schubert\libraries\joomla\filesystem\archive.php <-- Schubert Rackspace /web/content/libraries/joomla/filesystem archive.php
2012.07.25 12:17 B C:\Users\COBRIEN\Desktop\Schubert\libraries\joomla\filesystem\file.php <-- Schubert Rackspace /web/content/libraries/joomla/filesystem file.php
2012.07.25 12:17 B C:\Users\COBRIEN\Desktop\Schubert\libraries\joomla\filesystem\folder.php <-- Schubert Rackspace /web/content/libraries/joomla/filesystem folder.php
2012.07.25 12:17 B C:\Users\COBRIEN\Desktop\Schubert\libraries\joomla\filesystem\helper.php <-- Schubert Rackspace /web/content/libraries/joomla/filesystem helper.php
2012.07.25 12:17 B C:\Users\COBRIEN\Desktop\Schubert\libraries\joomla\filesystem\index.html <-- Schubert Rackspace /web/content/libraries/joomla/filesystem index.html
2012.07.25 12:17 B C:\Users\COBRIEN\Desktop\Schubert\libraries\joomla\filesystem\path.php <-- Schubert Rackspace /web/content/libraries/joomla/filesystem path.php
2012.07.25 12:17 B C:\Users\COBRIEN\Desktop\Schubert\libraries\joomla\filesystem\stream.php <-- Schubert Rackspace /web/content/libraries/joomla/filesystem stream.php
2012.09.04 10:54 B C:\inetpub\wwwroot\libraries\joomla\filesystem\archive.php --> ftp3.ftptoyoursite.com /web/content/SITE-TEST/libraries/joomla/filesystem archive.php
2012.09.04 10:54 B C:\inetpub\wwwroot\libraries\joomla\filesystem\file.php --> ftp3.ftptoyoursite.com /web/content/SITE-TEST/libraries/joomla/filesystem file.php
2012.09.04 10:54 B C:\inetpub\wwwroot\libraries\joomla\filesystem\folder.php --> ftp3.ftptoyoursite.com /web/content/SITE-TEST/libraries/joomla/filesystem folder.php
2012.09.04 10:54 B C:\inetpub\wwwroot\libraries\joomla\filesystem\helper.php --> ftp3.ftptoyoursite.com /web/content/SITE-TEST/libraries/joomla/filesystem helper.php
2012.09.04 10:54 B C:\inetpub\wwwroot\libraries\joomla\filesystem\index.html --> ftp3.ftptoyoursite.com /web/content/SITE-TEST/libraries/joomla/filesystem index.html
2012.09.04 10:54 B C:\inetpub\wwwroot\libraries\joomla\filesystem\path.php --> ftp3.ftptoyoursite.com /web/content/SITE-TEST/libraries/joomla/filesystem path.php
2012.09.04 10:54 B C:\inetpub\wwwroot\libraries\joomla\filesystem\stream.php --> ftp3.ftptoyoursite.com /web/content/SITE-TEST/libraries/joomla/filesystem stream.php
2012.09.04 10:54 B C:\inetpub\wwwroot\libraries\joomla\filesystem\WS_FTP.LOG --> ftp3.ftptoyoursite.com /web/content/SITE-TEST/libraries/joomla/filesystem WS_FTP.LOG
2012.09.06 15:12 B C:\inetpub\wwwroot\libraries\joomla\filesystem\archive.php --> ftp3.ftptoyoursite.com /web/content/SITEBACKUP_962012/libraries/joomla/filesystem archive.php
2012.09.06 15:12 B C:\inetpub\wwwroot\libraries\joomla\filesystem\file.php --> ftp3.ftptoyoursite.com /web/content/SITEBACKUP_962012/libraries/joomla/filesystem file.php
2012.09.06 15:12 B C:\inetpub\wwwroot\libraries\joomla\filesystem\folder.php --> ftp3.ftptoyoursite.com /web/content/SITEBACKUP_962012/libraries/joomla/filesystem folder.php
2012.09.06 15:12 B C:\inetpub\wwwroot\libraries\joomla\filesystem\helper.php --> ftp3.ftptoyoursite.com /web/content/SITEBACKUP_962012/libraries/joomla/filesystem helper.php
2012.09.06 15:12 B C:\inetpub\wwwroot\libraries\joomla\filesystem\index.html --> ftp3.ftptoyoursite.com /web/content/SITEBACKUP_962012/libraries/joomla/filesystem index.html
2012.09.06 15:12 B C:\inetpub\wwwroot\libraries\joomla\filesystem\path.php --> ftp3.ftptoyoursite.com /web/content/SITEBACKUP_962012/libraries/joomla/filesystem path.php
2012.09.06 15:12 B C:\inetpub\wwwroot\libraries\joomla\filesystem\stream.php --> ftp3.ftptoyoursite.com /web/content/SITEBACKUP_962012/libraries/joomla/filesystem stream.php
2012.09.06 15:12 B C:\inetpub\wwwroot\libraries\joomla\filesystem\WS_FTP.LOG --> ftp3.ftptoyoursite.com /web/content/SITEBACKUP_962012/libraries/joomla/filesystem WS_FTP.LOG
2012.10.23 09:15 B C:\inetpub\wwwroot\libraries\joomla\filesystem\archive.php --> ftp3.ftptoyoursite.com /web/content/libraries/joomla/filesystem archive.php
2012.10.23 09:15 B C:\inetpub\wwwroot\libraries\joomla\filesystem\file.php --> ftp3.ftptoyoursite.com /web/content/libraries/joomla/filesystem file.php
2012.10.23 09:15 B C:\inetpub\wwwroot\libraries\joomla\filesystem\folder.php --> ftp3.ftptoyoursite.com /web/content/libraries/joomla/filesystem folder.php
2012.10.23 09:15 B C:\inetpub\wwwroot\libraries\joomla\filesystem\helper.php --> ftp3.ftptoyoursite.com /web/content/libraries/joomla/filesystem helper.php
2012.10.23 09:15 B C:\inetpub\wwwroot\libraries\joomla\filesystem\index.html --> ftp3.ftptoyoursite.com /web/content/libraries/joomla/filesystem index.html
2012.10.23 09:15 B C:\inetpub\wwwroot\libraries\joomla\filesystem\path.php --> ftp3.ftptoyoursite.com /web/content/libraries/joomla/filesystem path.php
2012.10.23 09:15 B C:\inetpub\wwwroot\libraries\joomla\filesystem\stream.php --> ftp3.ftptoyoursite.com /web/content/libraries/joomla/filesystem stream.php
2012.10.23 09:15 B C:\inetpub\wwwroot\libraries\joomla\filesystem\WS_FTP.LOG --> ftp3.ftptoyoursite.com /web/content/libraries/joomla/filesystem WS_FTP.LOG
2013.02.01 14:54 B C:\inetpub\wwwroot\libraries\joomla\filesystem\WS_FTP.LOG <-- Schubert Rackspace /web/content/libraries/joomla/filesystem WS_FTP.LOG
