2012.07.25 12:10 B C:\Users\COBRIEN\Desktop\Schubert\administrator\components\com_config\views\application\tmpl\default.php <-- Schubert Rackspace /web/content/administrator/components/com_config/views/application/tmpl default.php
2012.07.25 12:10 B C:\Users\COBRIEN\Desktop\Schubert\administrator\components\com_config\views\application\tmpl\default_cache.php <-- Schubert Rackspace /web/content/administrator/components/com_config/views/application/tmpl default_cache.php
2012.07.25 12:10 B C:\Users\COBRIEN\Desktop\Schubert\administrator\components\com_config\views\application\tmpl\default_cookie.php <-- Schubert Rackspace /web/content/administrator/components/com_config/views/application/tmpl default_cookie.php
2012.07.25 12:10 B C:\Users\COBRIEN\Desktop\Schubert\administrator\components\com_config\views\application\tmpl\default_database.php <-- Schubert Rackspace /web/content/administrator/components/com_config/views/application/tmpl default_database.php
2012.07.25 12:10 B C:\Users\COBRIEN\Desktop\Schubert\administrator\components\com_config\views\application\tmpl\default_debug.php <-- Schubert Rackspace /web/content/administrator/components/com_config/views/application/tmpl default_debug.php
2012.07.25 12:10 B C:\Users\COBRIEN\Desktop\Schubert\administrator\components\com_config\views\application\tmpl\default_filters.php <-- Schubert Rackspace /web/content/administrator/components/com_config/views/application/tmpl default_filters.php
2012.07.25 12:10 B C:\Users\COBRIEN\Desktop\Schubert\administrator\components\com_config\views\application\tmpl\default_ftp.php <-- Schubert Rackspace /web/content/administrator/components/com_config/views/application/tmpl default_ftp.php
2012.07.25 12:10 B C:\Users\COBRIEN\Desktop\Schubert\administrator\components\com_config\views\application\tmpl\default_ftplogin.php <-- Schubert Rackspace /web/content/administrator/components/com_config/views/application/tmpl default_ftplogin.php
2012.07.25 12:10 B C:\Users\COBRIEN\Desktop\Schubert\administrator\components\com_config\views\application\tmpl\default_locale.php <-- Schubert Rackspace /web/content/administrator/components/com_config/views/application/tmpl default_locale.php
2012.07.25 12:10 B C:\Users\COBRIEN\Desktop\Schubert\administrator\components\com_config\views\application\tmpl\default_mail.php <-- Schubert Rackspace /web/content/administrator/components/com_config/views/application/tmpl default_mail.php
2012.07.25 12:10 B C:\Users\COBRIEN\Desktop\Schubert\administrator\components\com_config\views\application\tmpl\default_metadata.php <-- Schubert Rackspace /web/content/administrator/components/com_config/views/application/tmpl default_metadata.php
2012.07.25 12:10 B C:\Users\COBRIEN\Desktop\Schubert\administrator\components\com_config\views\application\tmpl\default_navigation.php <-- Schubert Rackspace /web/content/administrator/components/com_config/views/application/tmpl default_navigation.php
2012.07.25 12:10 B C:\Users\COBRIEN\Desktop\Schubert\administrator\components\com_config\views\application\tmpl\default_permissions.php <-- Schubert Rackspace /web/content/administrator/components/com_config/views/application/tmpl default_permissions.php
2012.07.25 12:10 B C:\Users\COBRIEN\Desktop\Schubert\administrator\components\com_config\views\application\tmpl\default_seo.php <-- Schubert Rackspace /web/content/administrator/components/com_config/views/application/tmpl default_seo.php
2012.07.25 12:10 B C:\Users\COBRIEN\Desktop\Schubert\administrator\components\com_config\views\application\tmpl\default_server.php <-- Schubert Rackspace /web/content/administrator/components/com_config/views/application/tmpl default_server.php
2012.07.25 12:10 B C:\Users\COBRIEN\Desktop\Schubert\administrator\components\com_config\views\application\tmpl\default_session.php <-- Schubert Rackspace /web/content/administrator/components/com_config/views/application/tmpl default_session.php
2012.07.25 12:10 B C:\Users\COBRIEN\Desktop\Schubert\administrator\components\com_config\views\application\tmpl\default_site.php <-- Schubert Rackspace /web/content/administrator/components/com_config/views/application/tmpl default_site.php
2012.07.25 12:10 B C:\Users\COBRIEN\Desktop\Schubert\administrator\components\com_config\views\application\tmpl\default_system.php <-- Schubert Rackspace /web/content/administrator/components/com_config/views/application/tmpl default_system.php
2012.07.25 12:10 B C:\Users\COBRIEN\Desktop\Schubert\administrator\components\com_config\views\application\tmpl\index.html <-- Schubert Rackspace /web/content/administrator/components/com_config/views/application/tmpl index.html
2012.09.04 10:44 B C:\inetpub\wwwroot\administrator\components\com_config\views\application\tmpl\default.php --> ftp3.ftptoyoursite.com /web/content/SITE-TEST/administrator/components/com_config/views/application/tmpl default.php
2012.09.04 10:44 B C:\inetpub\wwwroot\administrator\components\com_config\views\application\tmpl\default_cache.php --> ftp3.ftptoyoursite.com /web/content/SITE-TEST/administrator/components/com_config/views/application/tmpl default_cache.php
2012.09.04 10:44 B C:\inetpub\wwwroot\administrator\components\com_config\views\application\tmpl\default_cookie.php --> ftp3.ftptoyoursite.com /web/content/SITE-TEST/administrator/components/com_config/views/application/tmpl default_cookie.php
2012.09.04 10:44 B C:\inetpub\wwwroot\administrator\components\com_config\views\application\tmpl\default_database.php --> ftp3.ftptoyoursite.com /web/content/SITE-TEST/administrator/components/com_config/views/application/tmpl default_database.php
2012.09.04 10:44 B C:\inetpub\wwwroot\administrator\components\com_config\views\application\tmpl\default_debug.php --> ftp3.ftptoyoursite.com /web/content/SITE-TEST/administrator/components/com_config/views/application/tmpl default_debug.php
2012.09.04 10:44 B C:\inetpub\wwwroot\administrator\components\com_config\views\application\tmpl\default_filters.php --> ftp3.ftptoyoursite.com /web/content/SITE-TEST/administrator/components/com_config/views/application/tmpl default_filters.php
2012.09.04 10:44 B C:\inetpub\wwwroot\administrator\components\com_config\views\application\tmpl\default_ftp.php --> ftp3.ftptoyoursite.com /web/content/SITE-TEST/administrator/components/com_config/views/application/tmpl default_ftp.php
2012.09.04 10:44 B C:\inetpub\wwwroot\administrator\components\com_config\views\application\tmpl\default_ftplogin.php --> ftp3.ftptoyoursite.com /web/content/SITE-TEST/administrator/components/com_config/views/application/tmpl default_ftplogin.php
2012.09.04 10:44 B C:\inetpub\wwwroot\administrator\components\com_config\views\application\tmpl\default_locale.php --> ftp3.ftptoyoursite.com /web/content/SITE-TEST/administrator/components/com_config/views/application/tmpl default_locale.php
2012.09.04 10:44 B C:\inetpub\wwwroot\administrator\components\com_config\views\application\tmpl\default_mail.php --> ftp3.ftptoyoursite.com /web/content/SITE-TEST/administrator/components/com_config/views/application/tmpl default_mail.php
2012.09.04 10:44 B C:\inetpub\wwwroot\administrator\components\com_config\views\application\tmpl\default_metadata.php --> ftp3.ftptoyoursite.com /web/content/SITE-TEST/administrator/components/com_config/views/application/tmpl default_metadata.php
2012.09.04 10:44 B C:\inetpub\wwwroot\administrator\components\com_config\views\application\tmpl\default_navigation.php --> ftp3.ftptoyoursite.com /web/content/SITE-TEST/administrator/components/com_config/views/application/tmpl default_navigation.php
2012.09.04 10:44 B C:\inetpub\wwwroot\administrator\components\com_config\views\application\tmpl\default_permissions.php --> ftp3.ftptoyoursite.com /web/content/SITE-TEST/administrator/components/com_config/views/application/tmpl default_permissions.php
2012.09.04 10:44 B C:\inetpub\wwwroot\administrator\components\com_config\views\application\tmpl\default_seo.php --> ftp3.ftptoyoursite.com /web/content/SITE-TEST/administrator/components/com_config/views/application/tmpl default_seo.php
2012.09.04 10:44 B C:\inetpub\wwwroot\administrator\components\com_config\views\application\tmpl\default_server.php --> ftp3.ftptoyoursite.com /web/content/SITE-TEST/administrator/components/com_config/views/application/tmpl default_server.php
2012.09.04 10:44 B C:\inetpub\wwwroot\administrator\components\com_config\views\application\tmpl\default_session.php --> ftp3.ftptoyoursite.com /web/content/SITE-TEST/administrator/components/com_config/views/application/tmpl default_session.php
2012.09.04 10:44 B C:\inetpub\wwwroot\administrator\components\com_config\views\application\tmpl\default_site.php --> ftp3.ftptoyoursite.com /web/content/SITE-TEST/administrator/components/com_config/views/application/tmpl default_site.php
2012.09.04 10:44 B C:\inetpub\wwwroot\administrator\components\com_config\views\application\tmpl\default_system.php --> ftp3.ftptoyoursite.com /web/content/SITE-TEST/administrator/components/com_config/views/application/tmpl default_system.php
2012.09.04 10:44 B C:\inetpub\wwwroot\administrator\components\com_config\views\application\tmpl\index.html --> ftp3.ftptoyoursite.com /web/content/SITE-TEST/administrator/components/com_config/views/application/tmpl index.html
2012.09.04 10:44 B C:\inetpub\wwwroot\administrator\components\com_config\views\application\tmpl\WS_FTP.LOG --> ftp3.ftptoyoursite.com /web/content/SITE-TEST/administrator/components/com_config/views/application/tmpl WS_FTP.LOG
2012.09.06 14:58 B C:\inetpub\wwwroot\administrator\components\com_config\views\application\tmpl\default.php --> ftp3.ftptoyoursite.com /web/content/SITEBACKUP_962012/administrator/components/com_config/views/application/tmpl default.php
2012.09.06 14:58 B C:\inetpub\wwwroot\administrator\components\com_config\views\application\tmpl\default_cache.php --> ftp3.ftptoyoursite.com /web/content/SITEBACKUP_962012/administrator/components/com_config/views/application/tmpl default_cache.php
2012.09.06 14:58 B C:\inetpub\wwwroot\administrator\components\com_config\views\application\tmpl\default_cookie.php --> ftp3.ftptoyoursite.com /web/content/SITEBACKUP_962012/administrator/components/com_config/views/application/tmpl default_cookie.php
2012.09.06 14:58 B C:\inetpub\wwwroot\administrator\components\com_config\views\application\tmpl\default_database.php --> ftp3.ftptoyoursite.com /web/content/SITEBACKUP_962012/administrator/components/com_config/views/application/tmpl default_database.php
2012.09.06 14:58 B C:\inetpub\wwwroot\administrator\components\com_config\views\application\tmpl\default_debug.php --> ftp3.ftptoyoursite.com /web/content/SITEBACKUP_962012/administrator/components/com_config/views/application/tmpl default_debug.php
2012.09.06 14:58 B C:\inetpub\wwwroot\administrator\components\com_config\views\application\tmpl\default_filters.php --> ftp3.ftptoyoursite.com /web/content/SITEBACKUP_962012/administrator/components/com_config/views/application/tmpl default_filters.php
2012.09.06 14:58 B C:\inetpub\wwwroot\administrator\components\com_config\views\application\tmpl\default_ftp.php --> ftp3.ftptoyoursite.com /web/content/SITEBACKUP_962012/administrator/components/com_config/views/application/tmpl default_ftp.php
2012.09.06 14:58 B C:\inetpub\wwwroot\administrator\components\com_config\views\application\tmpl\default_ftplogin.php --> ftp3.ftptoyoursite.com /web/content/SITEBACKUP_962012/administrator/components/com_config/views/application/tmpl default_ftplogin.php
2012.09.06 14:58 B C:\inetpub\wwwroot\administrator\components\com_config\views\application\tmpl\default_locale.php --> ftp3.ftptoyoursite.com /web/content/SITEBACKUP_962012/administrator/components/com_config/views/application/tmpl default_locale.php
2012.09.06 14:58 B C:\inetpub\wwwroot\administrator\components\com_config\views\application\tmpl\default_mail.php --> ftp3.ftptoyoursite.com /web/content/SITEBACKUP_962012/administrator/components/com_config/views/application/tmpl default_mail.php
2012.09.06 14:58 B C:\inetpub\wwwroot\administrator\components\com_config\views\application\tmpl\default_metadata.php --> ftp3.ftptoyoursite.com /web/content/SITEBACKUP_962012/administrator/components/com_config/views/application/tmpl default_metadata.php
2012.09.06 14:58 B C:\inetpub\wwwroot\administrator\components\com_config\views\application\tmpl\default_navigation.php --> ftp3.ftptoyoursite.com /web/content/SITEBACKUP_962012/administrator/components/com_config/views/application/tmpl default_navigation.php
2012.09.06 14:58 B C:\inetpub\wwwroot\administrator\components\com_config\views\application\tmpl\default_permissions.php --> ftp3.ftptoyoursite.com /web/content/SITEBACKUP_962012/administrator/components/com_config/views/application/tmpl default_permissions.php
2012.09.06 14:58 B C:\inetpub\wwwroot\administrator\components\com_config\views\application\tmpl\default_seo.php --> ftp3.ftptoyoursite.com /web/content/SITEBACKUP_962012/administrator/components/com_config/views/application/tmpl default_seo.php
2012.09.06 14:58 B C:\inetpub\wwwroot\administrator\components\com_config\views\application\tmpl\default_server.php --> ftp3.ftptoyoursite.com /web/content/SITEBACKUP_962012/administrator/components/com_config/views/application/tmpl default_server.php
2012.09.06 14:58 B C:\inetpub\wwwroot\administrator\components\com_config\views\application\tmpl\default_session.php --> ftp3.ftptoyoursite.com /web/content/SITEBACKUP_962012/administrator/components/com_config/views/application/tmpl default_session.php
2012.09.06 14:58 B C:\inetpub\wwwroot\administrator\components\com_config\views\application\tmpl\default_site.php --> ftp3.ftptoyoursite.com /web/content/SITEBACKUP_962012/administrator/components/com_config/views/application/tmpl default_site.php
2012.09.06 14:58 B C:\inetpub\wwwroot\administrator\components\com_config\views\application\tmpl\default_system.php --> ftp3.ftptoyoursite.com /web/content/SITEBACKUP_962012/administrator/components/com_config/views/application/tmpl default_system.php
2012.09.06 14:58 B C:\inetpub\wwwroot\administrator\components\com_config\views\application\tmpl\index.html --> ftp3.ftptoyoursite.com /web/content/SITEBACKUP_962012/administrator/components/com_config/views/application/tmpl index.html
2012.09.06 14:58 B C:\inetpub\wwwroot\administrator\components\com_config\views\application\tmpl\WS_FTP.LOG --> ftp3.ftptoyoursite.com /web/content/SITEBACKUP_962012/administrator/components/com_config/views/application/tmpl WS_FTP.LOG
2012.09.06 15:20 B C:\inetpub\wwwroot\administrator\components\com_config\views\application\tmpl\default.php <-- Schubert Rackspace /web/content/administrator/components/com_config/views/application/tmpl default.php
2012.09.06 15:20 B C:\inetpub\wwwroot\administrator\components\com_config\views\application\tmpl\default_cache.php <-- Schubert Rackspace /web/content/administrator/components/com_config/views/application/tmpl default_cache.php
2012.09.06 15:20 B C:\inetpub\wwwroot\administrator\components\com_config\views\application\tmpl\default_cookie.php <-- Schubert Rackspace /web/content/administrator/components/com_config/views/application/tmpl default_cookie.php
2012.09.06 15:20 B C:\inetpub\wwwroot\administrator\components\com_config\views\application\tmpl\default_database.php <-- Schubert Rackspace /web/content/administrator/components/com_config/views/application/tmpl default_database.php
2012.09.06 15:20 B C:\inetpub\wwwroot\administrator\components\com_config\views\application\tmpl\default_debug.php <-- Schubert Rackspace /web/content/administrator/components/com_config/views/application/tmpl default_debug.php
2012.09.06 15:20 B C:\inetpub\wwwroot\administrator\components\com_config\views\application\tmpl\default_filters.php <-- Schubert Rackspace /web/content/administrator/components/com_config/views/application/tmpl default_filters.php
2012.09.06 15:20 B C:\inetpub\wwwroot\administrator\components\com_config\views\application\tmpl\default_ftp.php <-- Schubert Rackspace /web/content/administrator/components/com_config/views/application/tmpl default_ftp.php
2012.09.06 15:20 B C:\inetpub\wwwroot\administrator\components\com_config\views\application\tmpl\default_ftplogin.php <-- Schubert Rackspace /web/content/administrator/components/com_config/views/application/tmpl default_ftplogin.php
2012.09.06 15:20 B C:\inetpub\wwwroot\administrator\components\com_config\views\application\tmpl\default_locale.php <-- Schubert Rackspace /web/content/administrator/components/com_config/views/application/tmpl default_locale.php
2012.09.06 15:20 B C:\inetpub\wwwroot\administrator\components\com_config\views\application\tmpl\default_mail.php <-- Schubert Rackspace /web/content/administrator/components/com_config/views/application/tmpl default_mail.php
2012.09.06 15:20 B C:\inetpub\wwwroot\administrator\components\com_config\views\application\tmpl\default_metadata.php <-- Schubert Rackspace /web/content/administrator/components/com_config/views/application/tmpl default_metadata.php
2012.09.06 15:20 B C:\inetpub\wwwroot\administrator\components\com_config\views\application\tmpl\default_navigation.php <-- Schubert Rackspace /web/content/administrator/components/com_config/views/application/tmpl default_navigation.php
2012.09.06 15:20 B C:\inetpub\wwwroot\administrator\components\com_config\views\application\tmpl\default_permissions.php <-- Schubert Rackspace /web/content/administrator/components/com_config/views/application/tmpl default_permissions.php
2012.09.06 15:20 B C:\inetpub\wwwroot\administrator\components\com_config\views\application\tmpl\default_seo.php <-- Schubert Rackspace /web/content/administrator/components/com_config/views/application/tmpl default_seo.php
2012.09.06 15:20 B C:\inetpub\wwwroot\administrator\components\com_config\views\application\tmpl\default_server.php <-- Schubert Rackspace /web/content/administrator/components/com_config/views/application/tmpl default_server.php
2012.09.06 15:20 B C:\inetpub\wwwroot\administrator\components\com_config\views\application\tmpl\default_session.php <-- Schubert Rackspace /web/content/administrator/components/com_config/views/application/tmpl default_session.php
2012.09.06 15:20 B C:\inetpub\wwwroot\administrator\components\com_config\views\application\tmpl\default_site.php <-- Schubert Rackspace /web/content/administrator/components/com_config/views/application/tmpl default_site.php
2012.09.06 15:20 B C:\inetpub\wwwroot\administrator\components\com_config\views\application\tmpl\default_system.php <-- Schubert Rackspace /web/content/administrator/components/com_config/views/application/tmpl default_system.php
2012.09.06 15:20 B C:\inetpub\wwwroot\administrator\components\com_config\views\application\tmpl\index.html <-- Schubert Rackspace /web/content/administrator/components/com_config/views/application/tmpl index.html
2012.09.06 15:43 B C:\inetpub\wwwroot\administrator\components\com_config\views\application\tmpl\default.php <-- Schubert Rackspace /web/content/SITEBACKUP_962012/administrator/components/com_config/views/application/tmpl default.php
2012.09.06 15:43 B C:\inetpub\wwwroot\administrator\components\com_config\views\application\tmpl\default_cache.php <-- Schubert Rackspace /web/content/SITEBACKUP_962012/administrator/components/com_config/views/application/tmpl default_cache.php
2012.09.06 15:43 B C:\inetpub\wwwroot\administrator\components\com_config\views\application\tmpl\default_cookie.php <-- Schubert Rackspace /web/content/SITEBACKUP_962012/administrator/components/com_config/views/application/tmpl default_cookie.php
2012.09.06 15:43 B C:\inetpub\wwwroot\administrator\components\com_config\views\application\tmpl\default_database.php <-- Schubert Rackspace /web/content/SITEBACKUP_962012/administrator/components/com_config/views/application/tmpl default_database.php
2012.09.06 15:43 B C:\inetpub\wwwroot\administrator\components\com_config\views\application\tmpl\default_debug.php <-- Schubert Rackspace /web/content/SITEBACKUP_962012/administrator/components/com_config/views/application/tmpl default_debug.php
2012.09.06 15:43 B C:\inetpub\wwwroot\administrator\components\com_config\views\application\tmpl\default_filters.php <-- Schubert Rackspace /web/content/SITEBACKUP_962012/administrator/components/com_config/views/application/tmpl default_filters.php
2012.09.06 15:43 B C:\inetpub\wwwroot\administrator\components\com_config\views\application\tmpl\default_ftp.php <-- Schubert Rackspace /web/content/SITEBACKUP_962012/administrator/components/com_config/views/application/tmpl default_ftp.php
2012.09.06 15:43 B C:\inetpub\wwwroot\administrator\components\com_config\views\application\tmpl\default_ftplogin.php <-- Schubert Rackspace /web/content/SITEBACKUP_962012/administrator/components/com_config/views/application/tmpl default_ftplogin.php
2012.09.06 15:43 B C:\inetpub\wwwroot\administrator\components\com_config\views\application\tmpl\default_locale.php <-- Schubert Rackspace /web/content/SITEBACKUP_962012/administrator/components/com_config/views/application/tmpl default_locale.php
2012.09.06 15:43 B C:\inetpub\wwwroot\administrator\components\com_config\views\application\tmpl\default_mail.php <-- Schubert Rackspace /web/content/SITEBACKUP_962012/administrator/components/com_config/views/application/tmpl default_mail.php
2012.09.06 15:43 B C:\inetpub\wwwroot\administrator\components\com_config\views\application\tmpl\default_metadata.php <-- Schubert Rackspace /web/content/SITEBACKUP_962012/administrator/components/com_config/views/application/tmpl default_metadata.php
2012.09.06 15:43 B C:\inetpub\wwwroot\administrator\components\com_config\views\application\tmpl\default_navigation.php <-- Schubert Rackspace /web/content/SITEBACKUP_962012/administrator/components/com_config/views/application/tmpl default_navigation.php
2012.09.06 15:43 B C:\inetpub\wwwroot\administrator\components\com_config\views\application\tmpl\default_permissions.php <-- Schubert Rackspace /web/content/SITEBACKUP_962012/administrator/components/com_config/views/application/tmpl default_permissions.php
2012.09.06 15:43 B C:\inetpub\wwwroot\administrator\components\com_config\views\application\tmpl\default_seo.php <-- Schubert Rackspace /web/content/SITEBACKUP_962012/administrator/components/com_config/views/application/tmpl default_seo.php
2012.09.06 15:43 B C:\inetpub\wwwroot\administrator\components\com_config\views\application\tmpl\default_server.php <-- Schubert Rackspace /web/content/SITEBACKUP_962012/administrator/components/com_config/views/application/tmpl default_server.php
2012.09.06 15:43 B C:\inetpub\wwwroot\administrator\components\com_config\views\application\tmpl\default_session.php <-- Schubert Rackspace /web/content/SITEBACKUP_962012/administrator/components/com_config/views/application/tmpl default_session.php
2012.09.06 15:43 B C:\inetpub\wwwroot\administrator\components\com_config\views\application\tmpl\default_site.php <-- Schubert Rackspace /web/content/SITEBACKUP_962012/administrator/components/com_config/views/application/tmpl default_site.php
2012.09.06 15:43 B C:\inetpub\wwwroot\administrator\components\com_config\views\application\tmpl\default_system.php <-- Schubert Rackspace /web/content/SITEBACKUP_962012/administrator/components/com_config/views/application/tmpl default_system.php
2012.09.06 15:43 B C:\inetpub\wwwroot\administrator\components\com_config\views\application\tmpl\index.html <-- Schubert Rackspace /web/content/SITEBACKUP_962012/administrator/components/com_config/views/application/tmpl index.html
2012.10.23 09:03 B C:\inetpub\wwwroot\administrator\components\com_config\views\application\tmpl\default.php --> ftp3.ftptoyoursite.com /web/content/administrator/components/com_config/views/application/tmpl default.php
2012.10.23 09:03 B C:\inetpub\wwwroot\administrator\components\com_config\views\application\tmpl\default_cache.php --> ftp3.ftptoyoursite.com /web/content/administrator/components/com_config/views/application/tmpl default_cache.php
2012.10.23 09:03 B C:\inetpub\wwwroot\administrator\components\com_config\views\application\tmpl\default_cookie.php --> ftp3.ftptoyoursite.com /web/content/administrator/components/com_config/views/application/tmpl default_cookie.php
2012.10.23 09:03 B C:\inetpub\wwwroot\administrator\components\com_config\views\application\tmpl\default_database.php --> ftp3.ftptoyoursite.com /web/content/administrator/components/com_config/views/application/tmpl default_database.php
2012.10.23 09:03 B C:\inetpub\wwwroot\administrator\components\com_config\views\application\tmpl\default_debug.php --> ftp3.ftptoyoursite.com /web/content/administrator/components/com_config/views/application/tmpl default_debug.php
2012.10.23 09:03 B C:\inetpub\wwwroot\administrator\components\com_config\views\application\tmpl\default_filters.php --> ftp3.ftptoyoursite.com /web/content/administrator/components/com_config/views/application/tmpl default_filters.php
2012.10.23 09:03 B C:\inetpub\wwwroot\administrator\components\com_config\views\application\tmpl\default_ftp.php --> ftp3.ftptoyoursite.com /web/content/administrator/components/com_config/views/application/tmpl default_ftp.php
2012.10.23 09:03 B C:\inetpub\wwwroot\administrator\components\com_config\views\application\tmpl\default_ftplogin.php --> ftp3.ftptoyoursite.com /web/content/administrator/components/com_config/views/application/tmpl default_ftplogin.php
2012.10.23 09:03 B C:\inetpub\wwwroot\administrator\components\com_config\views\application\tmpl\default_locale.php --> ftp3.ftptoyoursite.com /web/content/administrator/components/com_config/views/application/tmpl default_locale.php
2012.10.23 09:03 B C:\inetpub\wwwroot\administrator\components\com_config\views\application\tmpl\default_mail.php --> ftp3.ftptoyoursite.com /web/content/administrator/components/com_config/views/application/tmpl default_mail.php
2012.10.23 09:03 B C:\inetpub\wwwroot\administrator\components\com_config\views\application\tmpl\default_metadata.php --> ftp3.ftptoyoursite.com /web/content/administrator/components/com_config/views/application/tmpl default_metadata.php
2012.10.23 09:03 B C:\inetpub\wwwroot\administrator\components\com_config\views\application\tmpl\default_navigation.php --> ftp3.ftptoyoursite.com /web/content/administrator/components/com_config/views/application/tmpl default_navigation.php
2012.10.23 09:03 B C:\inetpub\wwwroot\administrator\components\com_config\views\application\tmpl\default_permissions.php --> ftp3.ftptoyoursite.com /web/content/administrator/components/com_config/views/application/tmpl default_permissions.php
2012.10.23 09:03 B C:\inetpub\wwwroot\administrator\components\com_config\views\application\tmpl\default_seo.php --> ftp3.ftptoyoursite.com /web/content/administrator/components/com_config/views/application/tmpl default_seo.php
2012.10.23 09:03 B C:\inetpub\wwwroot\administrator\components\com_config\views\application\tmpl\default_server.php --> ftp3.ftptoyoursite.com /web/content/administrator/components/com_config/views/application/tmpl default_server.php
2012.10.23 09:03 B C:\inetpub\wwwroot\administrator\components\com_config\views\application\tmpl\default_session.php --> ftp3.ftptoyoursite.com /web/content/administrator/components/com_config/views/application/tmpl default_session.php
2012.10.23 09:03 B C:\inetpub\wwwroot\administrator\components\com_config\views\application\tmpl\default_site.php --> ftp3.ftptoyoursite.com /web/content/administrator/components/com_config/views/application/tmpl default_site.php
2012.10.23 09:03 B C:\inetpub\wwwroot\administrator\components\com_config\views\application\tmpl\default_system.php --> ftp3.ftptoyoursite.com /web/content/administrator/components/com_config/views/application/tmpl default_system.php
2012.10.23 09:03 B C:\inetpub\wwwroot\administrator\components\com_config\views\application\tmpl\index.html --> ftp3.ftptoyoursite.com /web/content/administrator/components/com_config/views/application/tmpl index.html
2012.10.23 09:03 B C:\inetpub\wwwroot\administrator\components\com_config\views\application\tmpl\WS_FTP.LOG --> ftp3.ftptoyoursite.com /web/content/administrator/components/com_config/views/application/tmpl WS_FTP.LOG
2013.02.01 14:40 B C:\inetpub\wwwroot\administrator\components\com_config\views\application\tmpl\WS_FTP.LOG <-- Schubert Rackspace /web/content/administrator/components/com_config/views/application/tmpl WS_FTP.LOG
