2012.07.25 12:10 B C:\Users\COBRIEN\Desktop\Schubert\administrator\components\com_acesearch\library\elements\acesearchfilters.php <-- Schubert Rackspace /web/content/administrator/components/com_acesearch/library/elements acesearchfilters.php
2012.07.25 12:10 B C:\Users\COBRIEN\Desktop\Schubert\administrator\components\com_acesearch\library\elements\componentlist.php <-- Schubert Rackspace /web/content/administrator/components/com_acesearch/library/elements componentlist.php
2012.07.25 12:10 B C:\Users\COBRIEN\Desktop\Schubert\administrator\components\com_acesearch\library\elements\fieldlist.php <-- Schubert Rackspace /web/content/administrator/components/com_acesearch/library/elements fieldlist.php
2012.07.25 12:10 B C:\Users\COBRIEN\Desktop\Schubert\administrator\components\com_acesearch\library\elements\handlerlist.php <-- Schubert Rackspace /web/content/administrator/components/com_acesearch/library/elements handlerlist.php
2012.07.25 12:10 B C:\Users\COBRIEN\Desktop\Schubert\administrator\components\com_acesearch\library\elements\multiselectsql.php <-- Schubert Rackspace /web/content/administrator/components/com_acesearch/library/elements multiselectsql.php
2012.09.04 10:43 B C:\inetpub\wwwroot\administrator\components\com_acesearch\library\elements\acesearchfilters.php --> ftp3.ftptoyoursite.com /web/content/SITE-TEST/administrator/components/com_acesearch/library/elements acesearchfilters.php
2012.09.04 10:43 B C:\inetpub\wwwroot\administrator\components\com_acesearch\library\elements\componentlist.php --> ftp3.ftptoyoursite.com /web/content/SITE-TEST/administrator/components/com_acesearch/library/elements componentlist.php
2012.09.04 10:43 B C:\inetpub\wwwroot\administrator\components\com_acesearch\library\elements\fieldlist.php --> ftp3.ftptoyoursite.com /web/content/SITE-TEST/administrator/components/com_acesearch/library/elements fieldlist.php
2012.09.04 10:43 B C:\inetpub\wwwroot\administrator\components\com_acesearch\library\elements\handlerlist.php --> ftp3.ftptoyoursite.com /web/content/SITE-TEST/administrator/components/com_acesearch/library/elements handlerlist.php
2012.09.04 10:43 B C:\inetpub\wwwroot\administrator\components\com_acesearch\library\elements\multiselectsql.php --> ftp3.ftptoyoursite.com /web/content/SITE-TEST/administrator/components/com_acesearch/library/elements multiselectsql.php
2012.09.04 10:43 B C:\inetpub\wwwroot\administrator\components\com_acesearch\library\elements\WS_FTP.LOG --> ftp3.ftptoyoursite.com /web/content/SITE-TEST/administrator/components/com_acesearch/library/elements WS_FTP.LOG
2012.09.06 14:57 B C:\inetpub\wwwroot\administrator\components\com_acesearch\library\elements\acesearchfilters.php --> ftp3.ftptoyoursite.com /web/content/SITEBACKUP_962012/administrator/components/com_acesearch/library/elements acesearchfilters.php
2012.09.06 14:57 B C:\inetpub\wwwroot\administrator\components\com_acesearch\library\elements\componentlist.php --> ftp3.ftptoyoursite.com /web/content/SITEBACKUP_962012/administrator/components/com_acesearch/library/elements componentlist.php
2012.09.06 14:57 B C:\inetpub\wwwroot\administrator\components\com_acesearch\library\elements\fieldlist.php --> ftp3.ftptoyoursite.com /web/content/SITEBACKUP_962012/administrator/components/com_acesearch/library/elements fieldlist.php
2012.09.06 14:57 B C:\inetpub\wwwroot\administrator\components\com_acesearch\library\elements\handlerlist.php --> ftp3.ftptoyoursite.com /web/content/SITEBACKUP_962012/administrator/components/com_acesearch/library/elements handlerlist.php
2012.09.06 14:57 B C:\inetpub\wwwroot\administrator\components\com_acesearch\library\elements\multiselectsql.php --> ftp3.ftptoyoursite.com /web/content/SITEBACKUP_962012/administrator/components/com_acesearch/library/elements multiselectsql.php
2012.09.06 14:57 B C:\inetpub\wwwroot\administrator\components\com_acesearch\library\elements\WS_FTP.LOG --> ftp3.ftptoyoursite.com /web/content/SITEBACKUP_962012/administrator/components/com_acesearch/library/elements WS_FTP.LOG
2012.09.06 15:20 B C:\inetpub\wwwroot\administrator\components\com_acesearch\library\elements\acesearchfilters.php <-- Schubert Rackspace /web/content/administrator/components/com_acesearch/library/elements acesearchfilters.php
2012.09.06 15:20 B C:\inetpub\wwwroot\administrator\components\com_acesearch\library\elements\componentlist.php <-- Schubert Rackspace /web/content/administrator/components/com_acesearch/library/elements componentlist.php
2012.09.06 15:20 B C:\inetpub\wwwroot\administrator\components\com_acesearch\library\elements\fieldlist.php <-- Schubert Rackspace /web/content/administrator/components/com_acesearch/library/elements fieldlist.php
2012.09.06 15:20 B C:\inetpub\wwwroot\administrator\components\com_acesearch\library\elements\handlerlist.php <-- Schubert Rackspace /web/content/administrator/components/com_acesearch/library/elements handlerlist.php
2012.09.06 15:20 B C:\inetpub\wwwroot\administrator\components\com_acesearch\library\elements\multiselectsql.php <-- Schubert Rackspace /web/content/administrator/components/com_acesearch/library/elements multiselectsql.php
2012.09.06 15:43 B C:\inetpub\wwwroot\administrator\components\com_acesearch\library\elements\acesearchfilters.php <-- Schubert Rackspace /web/content/SITEBACKUP_962012/administrator/components/com_acesearch/library/elements acesearchfilters.php
2012.09.06 15:43 B C:\inetpub\wwwroot\administrator\components\com_acesearch\library\elements\componentlist.php <-- Schubert Rackspace /web/content/SITEBACKUP_962012/administrator/components/com_acesearch/library/elements componentlist.php
2012.09.06 15:43 B C:\inetpub\wwwroot\administrator\components\com_acesearch\library\elements\fieldlist.php <-- Schubert Rackspace /web/content/SITEBACKUP_962012/administrator/components/com_acesearch/library/elements fieldlist.php
2012.09.06 15:43 B C:\inetpub\wwwroot\administrator\components\com_acesearch\library\elements\handlerlist.php <-- Schubert Rackspace /web/content/SITEBACKUP_962012/administrator/components/com_acesearch/library/elements handlerlist.php
2012.09.06 15:43 B C:\inetpub\wwwroot\administrator\components\com_acesearch\library\elements\multiselectsql.php <-- Schubert Rackspace /web/content/SITEBACKUP_962012/administrator/components/com_acesearch/library/elements multiselectsql.php
2012.10.23 09:03 B C:\inetpub\wwwroot\administrator\components\com_acesearch\library\elements\acesearchfilters.php --> ftp3.ftptoyoursite.com /web/content/administrator/components/com_acesearch/library/elements acesearchfilters.php
2012.10.23 09:03 B C:\inetpub\wwwroot\administrator\components\com_acesearch\library\elements\componentlist.php --> ftp3.ftptoyoursite.com /web/content/administrator/components/com_acesearch/library/elements componentlist.php
2012.10.23 09:03 B C:\inetpub\wwwroot\administrator\components\com_acesearch\library\elements\fieldlist.php --> ftp3.ftptoyoursite.com /web/content/administrator/components/com_acesearch/library/elements fieldlist.php
2012.10.23 09:03 B C:\inetpub\wwwroot\administrator\components\com_acesearch\library\elements\handlerlist.php --> ftp3.ftptoyoursite.com /web/content/administrator/components/com_acesearch/library/elements handlerlist.php
2012.10.23 09:03 B C:\inetpub\wwwroot\administrator\components\com_acesearch\library\elements\multiselectsql.php --> ftp3.ftptoyoursite.com /web/content/administrator/components/com_acesearch/library/elements multiselectsql.php
2012.10.23 09:03 B C:\inetpub\wwwroot\administrator\components\com_acesearch\library\elements\WS_FTP.LOG --> ftp3.ftptoyoursite.com /web/content/administrator/components/com_acesearch/library/elements WS_FTP.LOG
2013.02.01 14:39 B C:\inetpub\wwwroot\administrator\components\com_acesearch\library\elements\WS_FTP.LOG <-- Schubert Rackspace /web/content/administrator/components/com_acesearch/library/elements WS_FTP.LOG
