2012.07.25 12:18 B C:\Users\COBRIEN\Desktop\Schubert\media\editors\tinymce\jscripts\tiny_mce\index.html <-- Schubert Rackspace /web/content/media/editors/tinymce/jscripts/tiny_mce index.html
2012.07.25 12:18 B C:\Users\COBRIEN\Desktop\Schubert\media\editors\tinymce\jscripts\tiny_mce\license.txt <-- Schubert Rackspace /web/content/media/editors/tinymce/jscripts/tiny_mce license.txt
2012.07.25 12:18 B C:\Users\COBRIEN\Desktop\Schubert\media\editors\tinymce\jscripts\tiny_mce\tiny_mce.js <-- Schubert Rackspace /web/content/media/editors/tinymce/jscripts/tiny_mce tiny_mce.js
2012.07.25 12:18 B C:\Users\COBRIEN\Desktop\Schubert\media\editors\tinymce\jscripts\tiny_mce\tiny_mce_popup.js <-- Schubert Rackspace /web/content/media/editors/tinymce/jscripts/tiny_mce tiny_mce_popup.js
2012.09.04 10:55 B C:\inetpub\wwwroot\media\editors\tinymce\jscripts\tiny_mce\index.html --> ftp3.ftptoyoursite.com /web/content/SITE-TEST/media/editors/tinymce/jscripts/tiny_mce index.html
2012.09.04 10:55 B C:\inetpub\wwwroot\media\editors\tinymce\jscripts\tiny_mce\license.txt --> ftp3.ftptoyoursite.com /web/content/SITE-TEST/media/editors/tinymce/jscripts/tiny_mce license.txt
2012.09.04 10:55 B C:\inetpub\wwwroot\media\editors\tinymce\jscripts\tiny_mce\tiny_mce.js --> ftp3.ftptoyoursite.com /web/content/SITE-TEST/media/editors/tinymce/jscripts/tiny_mce tiny_mce.js
2012.09.04 10:55 B C:\inetpub\wwwroot\media\editors\tinymce\jscripts\tiny_mce\tiny_mce_popup.js --> ftp3.ftptoyoursite.com /web/content/SITE-TEST/media/editors/tinymce/jscripts/tiny_mce tiny_mce_popup.js
2012.09.04 10:55 B C:\inetpub\wwwroot\media\editors\tinymce\jscripts\tiny_mce\WS_FTP.LOG --> ftp3.ftptoyoursite.com /web/content/SITE-TEST/media/editors/tinymce/jscripts/tiny_mce WS_FTP.LOG
2012.09.06 15:14 B C:\inetpub\wwwroot\media\editors\tinymce\jscripts\tiny_mce\index.html --> ftp3.ftptoyoursite.com /web/content/SITEBACKUP_962012/media/editors/tinymce/jscripts/tiny_mce index.html
2012.09.06 15:14 B C:\inetpub\wwwroot\media\editors\tinymce\jscripts\tiny_mce\license.txt --> ftp3.ftptoyoursite.com /web/content/SITEBACKUP_962012/media/editors/tinymce/jscripts/tiny_mce license.txt
2012.09.06 15:14 B C:\inetpub\wwwroot\media\editors\tinymce\jscripts\tiny_mce\tiny_mce.js --> ftp3.ftptoyoursite.com /web/content/SITEBACKUP_962012/media/editors/tinymce/jscripts/tiny_mce tiny_mce.js
2012.09.06 15:14 B C:\inetpub\wwwroot\media\editors\tinymce\jscripts\tiny_mce\tiny_mce_popup.js --> ftp3.ftptoyoursite.com /web/content/SITEBACKUP_962012/media/editors/tinymce/jscripts/tiny_mce tiny_mce_popup.js
2012.09.06 15:14 B C:\inetpub\wwwroot\media\editors\tinymce\jscripts\tiny_mce\WS_FTP.LOG --> ftp3.ftptoyoursite.com /web/content/SITEBACKUP_962012/media/editors/tinymce/jscripts/tiny_mce WS_FTP.LOG
2012.10.23 09:16 B C:\inetpub\wwwroot\media\editors\tinymce\jscripts\tiny_mce\index.html --> ftp3.ftptoyoursite.com /web/content/media/editors/tinymce/jscripts/tiny_mce index.html
2012.10.23 09:16 B C:\inetpub\wwwroot\media\editors\tinymce\jscripts\tiny_mce\license.txt --> ftp3.ftptoyoursite.com /web/content/media/editors/tinymce/jscripts/tiny_mce license.txt
2012.10.23 09:16 B C:\inetpub\wwwroot\media\editors\tinymce\jscripts\tiny_mce\tiny_mce.js --> ftp3.ftptoyoursite.com /web/content/media/editors/tinymce/jscripts/tiny_mce tiny_mce.js
2012.10.23 09:16 B C:\inetpub\wwwroot\media\editors\tinymce\jscripts\tiny_mce\tiny_mce_popup.js --> ftp3.ftptoyoursite.com /web/content/media/editors/tinymce/jscripts/tiny_mce tiny_mce_popup.js
2012.10.23 09:16 B C:\inetpub\wwwroot\media\editors\tinymce\jscripts\tiny_mce\WS_FTP.LOG --> ftp3.ftptoyoursite.com /web/content/media/editors/tinymce/jscripts/tiny_mce WS_FTP.LOG
2013.02.01 14:55 B C:\inetpub\wwwroot\media\editors\tinymce\jscripts\tiny_mce\WS_FTP.LOG <-- Schubert Rackspace /web/content/media/editors/tinymce/jscripts/tiny_mce WS_FTP.LOG
