2012.07.25 12:11 B C:\Users\COBRIEN\Desktop\Schubert\administrator\components\com_jce\media\img\menu\index.html <-- Schubert Rackspace /web/content/administrator/components/com_jce/media/img/menu index.html
2012.07.25 12:11 B C:\Users\COBRIEN\Desktop\Schubert\administrator\components\com_jce\media\img\menu\jce-config.png <-- Schubert Rackspace /web/content/administrator/components/com_jce/media/img/menu jce-config.png
2012.07.25 12:11 B C:\Users\COBRIEN\Desktop\Schubert\administrator\components\com_jce\media\img\menu\jce-cpanel.png <-- Schubert Rackspace /web/content/administrator/components/com_jce/media/img/menu jce-cpanel.png
2012.07.25 12:11 B C:\Users\COBRIEN\Desktop\Schubert\administrator\components\com_jce\media\img\menu\jce-install.png <-- Schubert Rackspace /web/content/administrator/components/com_jce/media/img/menu jce-install.png
2012.07.25 12:11 B C:\Users\COBRIEN\Desktop\Schubert\administrator\components\com_jce\media\img\menu\jce-profiles.png <-- Schubert Rackspace /web/content/administrator/components/com_jce/media/img/menu jce-profiles.png
2012.07.25 12:11 B C:\Users\COBRIEN\Desktop\Schubert\administrator\components\com_jce\media\img\menu\logo.png <-- Schubert Rackspace /web/content/administrator/components/com_jce/media/img/menu logo.png
2012.09.04 10:44 B C:\inetpub\wwwroot\administrator\components\com_jce\media\img\menu\index.html --> ftp3.ftptoyoursite.com /web/content/SITE-TEST/administrator/components/com_jce/media/img/menu index.html
2012.09.04 10:44 B C:\inetpub\wwwroot\administrator\components\com_jce\media\img\menu\jce-config.png --> ftp3.ftptoyoursite.com /web/content/SITE-TEST/administrator/components/com_jce/media/img/menu jce-config.png
2012.09.04 10:44 B C:\inetpub\wwwroot\administrator\components\com_jce\media\img\menu\jce-cpanel.png --> ftp3.ftptoyoursite.com /web/content/SITE-TEST/administrator/components/com_jce/media/img/menu jce-cpanel.png
2012.09.04 10:44 B C:\inetpub\wwwroot\administrator\components\com_jce\media\img\menu\jce-install.png --> ftp3.ftptoyoursite.com /web/content/SITE-TEST/administrator/components/com_jce/media/img/menu jce-install.png
2012.09.04 10:44 B C:\inetpub\wwwroot\administrator\components\com_jce\media\img\menu\jce-profiles.png --> ftp3.ftptoyoursite.com /web/content/SITE-TEST/administrator/components/com_jce/media/img/menu jce-profiles.png
2012.09.04 10:44 B C:\inetpub\wwwroot\administrator\components\com_jce\media\img\menu\logo.png --> ftp3.ftptoyoursite.com /web/content/SITE-TEST/administrator/components/com_jce/media/img/menu logo.png
2012.09.04 10:44 B C:\inetpub\wwwroot\administrator\components\com_jce\media\img\menu\WS_FTP.LOG --> ftp3.ftptoyoursite.com /web/content/SITE-TEST/administrator/components/com_jce/media/img/menu WS_FTP.LOG
2012.09.06 14:59 B C:\inetpub\wwwroot\administrator\components\com_jce\media\img\menu\index.html --> ftp3.ftptoyoursite.com /web/content/SITEBACKUP_962012/administrator/components/com_jce/media/img/menu index.html
2012.09.06 14:59 B C:\inetpub\wwwroot\administrator\components\com_jce\media\img\menu\jce-config.png --> ftp3.ftptoyoursite.com /web/content/SITEBACKUP_962012/administrator/components/com_jce/media/img/menu jce-config.png
2012.09.06 14:59 B C:\inetpub\wwwroot\administrator\components\com_jce\media\img\menu\jce-cpanel.png --> ftp3.ftptoyoursite.com /web/content/SITEBACKUP_962012/administrator/components/com_jce/media/img/menu jce-cpanel.png
2012.09.06 14:59 B C:\inetpub\wwwroot\administrator\components\com_jce\media\img\menu\jce-install.png --> ftp3.ftptoyoursite.com /web/content/SITEBACKUP_962012/administrator/components/com_jce/media/img/menu jce-install.png
2012.09.06 14:59 B C:\inetpub\wwwroot\administrator\components\com_jce\media\img\menu\jce-profiles.png --> ftp3.ftptoyoursite.com /web/content/SITEBACKUP_962012/administrator/components/com_jce/media/img/menu jce-profiles.png
2012.09.06 14:59 B C:\inetpub\wwwroot\administrator\components\com_jce\media\img\menu\logo.png --> ftp3.ftptoyoursite.com /web/content/SITEBACKUP_962012/administrator/components/com_jce/media/img/menu logo.png
2012.09.06 14:59 B C:\inetpub\wwwroot\administrator\components\com_jce\media\img\menu\WS_FTP.LOG --> ftp3.ftptoyoursite.com /web/content/SITEBACKUP_962012/administrator/components/com_jce/media/img/menu WS_FTP.LOG
2012.09.06 15:20 B C:\inetpub\wwwroot\administrator\components\com_jce\media\img\menu\index.html <-- Schubert Rackspace /web/content/administrator/components/com_jce/media/img/menu index.html
2012.09.06 15:20 B C:\inetpub\wwwroot\administrator\components\com_jce\media\img\menu\jce-config.png <-- Schubert Rackspace /web/content/administrator/components/com_jce/media/img/menu jce-config.png
2012.09.06 15:20 B C:\inetpub\wwwroot\administrator\components\com_jce\media\img\menu\jce-cpanel.png <-- Schubert Rackspace /web/content/administrator/components/com_jce/media/img/menu jce-cpanel.png
2012.09.06 15:20 B C:\inetpub\wwwroot\administrator\components\com_jce\media\img\menu\jce-install.png <-- Schubert Rackspace /web/content/administrator/components/com_jce/media/img/menu jce-install.png
2012.09.06 15:20 B C:\inetpub\wwwroot\administrator\components\com_jce\media\img\menu\jce-profiles.png <-- Schubert Rackspace /web/content/administrator/components/com_jce/media/img/menu jce-profiles.png
2012.09.06 15:20 B C:\inetpub\wwwroot\administrator\components\com_jce\media\img\menu\logo.png <-- Schubert Rackspace /web/content/administrator/components/com_jce/media/img/menu logo.png
2012.09.06 15:44 B C:\inetpub\wwwroot\administrator\components\com_jce\media\img\menu\index.html <-- Schubert Rackspace /web/content/SITEBACKUP_962012/administrator/components/com_jce/media/img/menu index.html
2012.09.06 15:44 B C:\inetpub\wwwroot\administrator\components\com_jce\media\img\menu\jce-config.png <-- Schubert Rackspace /web/content/SITEBACKUP_962012/administrator/components/com_jce/media/img/menu jce-config.png
2012.09.06 15:44 B C:\inetpub\wwwroot\administrator\components\com_jce\media\img\menu\jce-cpanel.png <-- Schubert Rackspace /web/content/SITEBACKUP_962012/administrator/components/com_jce/media/img/menu jce-cpanel.png
2012.09.06 15:44 B C:\inetpub\wwwroot\administrator\components\com_jce\media\img\menu\jce-install.png <-- Schubert Rackspace /web/content/SITEBACKUP_962012/administrator/components/com_jce/media/img/menu jce-install.png
2012.09.06 15:44 B C:\inetpub\wwwroot\administrator\components\com_jce\media\img\menu\jce-profiles.png <-- Schubert Rackspace /web/content/SITEBACKUP_962012/administrator/components/com_jce/media/img/menu jce-profiles.png
2012.09.06 15:44 B C:\inetpub\wwwroot\administrator\components\com_jce\media\img\menu\logo.png <-- Schubert Rackspace /web/content/SITEBACKUP_962012/administrator/components/com_jce/media/img/menu logo.png
2012.10.23 09:04 B C:\inetpub\wwwroot\administrator\components\com_jce\media\img\menu\index.html --> ftp3.ftptoyoursite.com /web/content/administrator/components/com_jce/media/img/menu index.html
2012.10.23 09:04 B C:\inetpub\wwwroot\administrator\components\com_jce\media\img\menu\jce-config.png --> ftp3.ftptoyoursite.com /web/content/administrator/components/com_jce/media/img/menu jce-config.png
2012.10.23 09:04 B C:\inetpub\wwwroot\administrator\components\com_jce\media\img\menu\jce-cpanel.png --> ftp3.ftptoyoursite.com /web/content/administrator/components/com_jce/media/img/menu jce-cpanel.png
2012.10.23 09:04 B C:\inetpub\wwwroot\administrator\components\com_jce\media\img\menu\jce-install.png --> ftp3.ftptoyoursite.com /web/content/administrator/components/com_jce/media/img/menu jce-install.png
2012.10.23 09:04 B C:\inetpub\wwwroot\administrator\components\com_jce\media\img\menu\jce-profiles.png --> ftp3.ftptoyoursite.com /web/content/administrator/components/com_jce/media/img/menu jce-profiles.png
2012.10.23 09:04 B C:\inetpub\wwwroot\administrator\components\com_jce\media\img\menu\logo.png --> ftp3.ftptoyoursite.com /web/content/administrator/components/com_jce/media/img/menu logo.png
2012.10.23 09:04 B C:\inetpub\wwwroot\administrator\components\com_jce\media\img\menu\WS_FTP.LOG --> ftp3.ftptoyoursite.com /web/content/administrator/components/com_jce/media/img/menu WS_FTP.LOG
2013.02.01 14:41 B C:\inetpub\wwwroot\administrator\components\com_jce\media\img\menu\WS_FTP.LOG <-- Schubert Rackspace /web/content/administrator/components/com_jce/media/img/menu WS_FTP.LOG
