2012.07.25 12:19 B C:\Users\COBRIEN\Desktop\Schubert\modules\mod_arisexylightbox\includes\js\sexyimages\blanco\404.png <-- Schubert Rackspace /web/content/modules/mod_arisexylightbox/includes/js/sexyimages/blanco 404.png
2012.07.25 12:19 B C:\Users\COBRIEN\Desktop\Schubert\modules\mod_arisexylightbox\includes\js\sexyimages\blanco\404html.png <-- Schubert Rackspace /web/content/modules/mod_arisexylightbox/includes/js/sexyimages/blanco 404html.png
2012.07.25 12:19 B C:\Users\COBRIEN\Desktop\Schubert\modules\mod_arisexylightbox\includes\js\sexyimages\blanco\bgSexy.gif <-- Schubert Rackspace /web/content/modules/mod_arisexylightbox/includes/js/sexyimages/blanco bgSexy.gif
2012.07.25 12:19 B C:\Users\COBRIEN\Desktop\Schubert\modules\mod_arisexylightbox\includes\js\sexyimages\blanco\bgSexy.png <-- Schubert Rackspace /web/content/modules/mod_arisexylightbox/includes/js/sexyimages/blanco bgSexy.png
2012.07.25 12:19 B C:\Users\COBRIEN\Desktop\Schubert\modules\mod_arisexylightbox\includes\js\sexyimages\blanco\buttons.png <-- Schubert Rackspace /web/content/modules/mod_arisexylightbox/includes/js/sexyimages/blanco buttons.png
2012.07.25 12:19 B C:\Users\COBRIEN\Desktop\Schubert\modules\mod_arisexylightbox\includes\js\sexyimages\blanco\index.html <-- Schubert Rackspace /web/content/modules/mod_arisexylightbox/includes/js/sexyimages/blanco index.html
2012.07.25 12:19 B C:\Users\COBRIEN\Desktop\Schubert\modules\mod_arisexylightbox\includes\js\sexyimages\blanco\loading.gif <-- Schubert Rackspace /web/content/modules/mod_arisexylightbox/includes/js/sexyimages/blanco loading.gif
2012.09.04 10:55 B C:\inetpub\wwwroot\modules\mod_arisexylightbox\includes\js\sexyimages\blanco\404.png --> ftp3.ftptoyoursite.com /web/content/SITE-TEST/modules/mod_arisexylightbox/includes/js/sexyimages/blanco 404.png
2012.09.04 10:55 B C:\inetpub\wwwroot\modules\mod_arisexylightbox\includes\js\sexyimages\blanco\404html.png --> ftp3.ftptoyoursite.com /web/content/SITE-TEST/modules/mod_arisexylightbox/includes/js/sexyimages/blanco 404html.png
2012.09.04 10:55 B C:\inetpub\wwwroot\modules\mod_arisexylightbox\includes\js\sexyimages\blanco\bgSexy.gif --> ftp3.ftptoyoursite.com /web/content/SITE-TEST/modules/mod_arisexylightbox/includes/js/sexyimages/blanco bgSexy.gif
2012.09.04 10:55 B C:\inetpub\wwwroot\modules\mod_arisexylightbox\includes\js\sexyimages\blanco\bgSexy.png --> ftp3.ftptoyoursite.com /web/content/SITE-TEST/modules/mod_arisexylightbox/includes/js/sexyimages/blanco bgSexy.png
2012.09.04 10:55 B C:\inetpub\wwwroot\modules\mod_arisexylightbox\includes\js\sexyimages\blanco\buttons.png --> ftp3.ftptoyoursite.com /web/content/SITE-TEST/modules/mod_arisexylightbox/includes/js/sexyimages/blanco buttons.png
2012.09.04 10:55 B C:\inetpub\wwwroot\modules\mod_arisexylightbox\includes\js\sexyimages\blanco\index.html --> ftp3.ftptoyoursite.com /web/content/SITE-TEST/modules/mod_arisexylightbox/includes/js/sexyimages/blanco index.html
2012.09.04 10:55 B C:\inetpub\wwwroot\modules\mod_arisexylightbox\includes\js\sexyimages\blanco\loading.gif --> ftp3.ftptoyoursite.com /web/content/SITE-TEST/modules/mod_arisexylightbox/includes/js/sexyimages/blanco loading.gif
2012.09.04 10:55 B C:\inetpub\wwwroot\modules\mod_arisexylightbox\includes\js\sexyimages\blanco\WS_FTP.LOG --> ftp3.ftptoyoursite.com /web/content/SITE-TEST/modules/mod_arisexylightbox/includes/js/sexyimages/blanco WS_FTP.LOG
2012.09.06 15:14 B C:\inetpub\wwwroot\modules\mod_arisexylightbox\includes\js\sexyimages\blanco\404.png --> ftp3.ftptoyoursite.com /web/content/SITEBACKUP_962012/modules/mod_arisexylightbox/includes/js/sexyimages/blanco 404.png
2012.09.06 15:14 B C:\inetpub\wwwroot\modules\mod_arisexylightbox\includes\js\sexyimages\blanco\404html.png --> ftp3.ftptoyoursite.com /web/content/SITEBACKUP_962012/modules/mod_arisexylightbox/includes/js/sexyimages/blanco 404html.png
2012.09.06 15:14 B C:\inetpub\wwwroot\modules\mod_arisexylightbox\includes\js\sexyimages\blanco\bgSexy.gif --> ftp3.ftptoyoursite.com /web/content/SITEBACKUP_962012/modules/mod_arisexylightbox/includes/js/sexyimages/blanco bgSexy.gif
2012.09.06 15:14 B C:\inetpub\wwwroot\modules\mod_arisexylightbox\includes\js\sexyimages\blanco\bgSexy.png --> ftp3.ftptoyoursite.com /web/content/SITEBACKUP_962012/modules/mod_arisexylightbox/includes/js/sexyimages/blanco bgSexy.png
2012.09.06 15:14 B C:\inetpub\wwwroot\modules\mod_arisexylightbox\includes\js\sexyimages\blanco\buttons.png --> ftp3.ftptoyoursite.com /web/content/SITEBACKUP_962012/modules/mod_arisexylightbox/includes/js/sexyimages/blanco buttons.png
2012.09.06 15:14 B C:\inetpub\wwwroot\modules\mod_arisexylightbox\includes\js\sexyimages\blanco\index.html --> ftp3.ftptoyoursite.com /web/content/SITEBACKUP_962012/modules/mod_arisexylightbox/includes/js/sexyimages/blanco index.html
2012.09.06 15:14 B C:\inetpub\wwwroot\modules\mod_arisexylightbox\includes\js\sexyimages\blanco\loading.gif --> ftp3.ftptoyoursite.com /web/content/SITEBACKUP_962012/modules/mod_arisexylightbox/includes/js/sexyimages/blanco loading.gif
2012.09.06 15:14 B C:\inetpub\wwwroot\modules\mod_arisexylightbox\includes\js\sexyimages\blanco\WS_FTP.LOG --> ftp3.ftptoyoursite.com /web/content/SITEBACKUP_962012/modules/mod_arisexylightbox/includes/js/sexyimages/blanco WS_FTP.LOG
2012.10.23 09:16 B C:\inetpub\wwwroot\modules\mod_arisexylightbox\includes\js\sexyimages\blanco\404.png --> ftp3.ftptoyoursite.com /web/content/modules/mod_arisexylightbox/includes/js/sexyimages/blanco 404.png
2012.10.23 09:16 B C:\inetpub\wwwroot\modules\mod_arisexylightbox\includes\js\sexyimages\blanco\404html.png --> ftp3.ftptoyoursite.com /web/content/modules/mod_arisexylightbox/includes/js/sexyimages/blanco 404html.png
2012.10.23 09:16 B C:\inetpub\wwwroot\modules\mod_arisexylightbox\includes\js\sexyimages\blanco\bgSexy.gif --> ftp3.ftptoyoursite.com /web/content/modules/mod_arisexylightbox/includes/js/sexyimages/blanco bgSexy.gif
2012.10.23 09:16 B C:\inetpub\wwwroot\modules\mod_arisexylightbox\includes\js\sexyimages\blanco\bgSexy.png --> ftp3.ftptoyoursite.com /web/content/modules/mod_arisexylightbox/includes/js/sexyimages/blanco bgSexy.png
2012.10.23 09:16 B C:\inetpub\wwwroot\modules\mod_arisexylightbox\includes\js\sexyimages\blanco\buttons.png --> ftp3.ftptoyoursite.com /web/content/modules/mod_arisexylightbox/includes/js/sexyimages/blanco buttons.png
2012.10.23 09:16 B C:\inetpub\wwwroot\modules\mod_arisexylightbox\includes\js\sexyimages\blanco\index.html --> ftp3.ftptoyoursite.com /web/content/modules/mod_arisexylightbox/includes/js/sexyimages/blanco index.html
2012.10.23 09:16 B C:\inetpub\wwwroot\modules\mod_arisexylightbox\includes\js\sexyimages\blanco\loading.gif --> ftp3.ftptoyoursite.com /web/content/modules/mod_arisexylightbox/includes/js/sexyimages/blanco loading.gif
2012.10.23 09:16 B C:\inetpub\wwwroot\modules\mod_arisexylightbox\includes\js\sexyimages\blanco\WS_FTP.LOG --> ftp3.ftptoyoursite.com /web/content/modules/mod_arisexylightbox/includes/js/sexyimages/blanco WS_FTP.LOG
2013.02.01 15:02 B C:\inetpub\wwwroot\modules\mod_arisexylightbox\includes\js\sexyimages\blanco\WS_FTP.LOG <-- Schubert Rackspace /web/content/modules/mod_arisexylightbox/includes/js/sexyimages/blanco WS_FTP.LOG
